<!DOCTYPE html>
<html>
<head>
<meta http-equiv="Content-Type" content="text/html; charset=utf-8"/>
<meta http-equiv="x-ua-compatible" content="IE=edge"/>
<title>Test results - Class com.dotcms.publishing.PublisherAPIImplTest</title>
<link href="../css/base-style.css" rel="stylesheet" type="text/css"/>
<link href="../css/style.css" rel="stylesheet" type="text/css"/>
<script src="../js/report.js" type="text/javascript"></script>
</head>
<body>
<div id="content">
<h1>Class com.dotcms.publishing.PublisherAPIImplTest</h1>
<div class="breadcrumbs">
<a href="../index.html">all</a> &gt; 
<a href="../packages/com.dotcms.publishing.html">com.dotcms.publishing</a> &gt; PublisherAPIImplTest</div>
<div id="summary">
<table>
<tr>
<td>
<div class="summaryGroup">
<table>
<tr>
<td>
<div class="infoBox" id="tests">
<div class="counter">18</div>
<p>tests</p>
</div>
</td>
<td>
<div class="infoBox" id="failures">
<div class="counter">12</div>
<p>failures</p>
</div>
</td>
<td>
<div class="infoBox" id="ignored">
<div class="counter">0</div>
<p>ignored</p>
</div>
</td>
<td>
<div class="infoBox" id="duration">
<div class="counter">2.289s</div>
<p>duration</p>
</div>
</td>
</tr>
</table>
</div>
</td>
<td>
<div class="infoBox failures" id="successRate">
<div class="percent">33%</div>
<p>successful</p>
</div>
</td>
</tr>
</table>
</div>
<div id="tabs">
<ul class="tabLinks">
<li>
<a href="#tab0">Failed tests</a>
</li>
<li>
<a href="#tab1">Tests</a>
</li>
<li>
<a href="#tab2">Standard output</a>
</li>
</ul>
<div id="tab0" class="tab">
<h2>Failed tests</h2>
<div class="test">
<a name="publish[0: com.dotcms.publishing.PublisherAPIImplTest$TestCase@73e86e4f]"></a>
<h3 class="failures">publish[0: com.dotcms.publishing.PublisherAPIImplTest$TestCase@73e86e4f]</h3>
<span class="code">
<pre>java.lang.AssertionError: Fail for Category:
Asset -&gt; com.dotmarketing.portlets.categories.model.Category@2a571461[categoryName=CategoryName1614982126821,description=&lt;null&gt;,key=CategoryKey1614982126821,sortOrder=1,active=true,keywords=&lt;null&gt;,categoryVelocityVarName=VelocityVarName1614982126821] 
difference -&gt; inode&gt;76268c0d-0f80-40c7-8ebc-ad905af06b6a&lt;/inode&gt;&lt;categoryName&gt;CategoryName1614982126821&lt;/categoryName&gt;&lt;key&gt;CategoryKey1614982126821&lt;/key&gt;&lt;sortOrder&gt;1&lt;/sortOrder&gt;&lt;active&gt;true&lt;/active&gt;&lt;categoryVelocityVarName&gt;VelocityVarName1614982126821&lt;/categoryVelocityVarName&gt;&lt;/category&gt;&lt;children/&gt;&lt;operation&gt;PUBLISH&lt;/operation&gt;&lt;/com.dotcms.publisher.pusher.wrapper.CategoryWrapper&gt;
expected -&gt; &lt;com.dotcms.publisher.pusher.wrapper.CategoryWrapper&gt;&lt;topLevel&gt;true&lt;/topLevel&gt;&lt;category&gt;&lt;type&gt;category&lt;/type&gt;&lt;owner&gt;&lt;/owner&gt;&lt;inode&gt;76268c0d-0f80-40c7-8ebc-ad905af06b6a&lt;/inode&gt;&lt;categoryName&gt;CategoryName1614982126821&lt;/categoryName&gt;&lt;key&gt;CategoryKey1614982126821&lt;/key&gt;&lt;sortOrder&gt;1&lt;/sortOrder&gt;&lt;active&gt;true&lt;/active&gt;&lt;categoryVelocityVarName&gt;VelocityVarName1614982126821&lt;/categoryVelocityVarName&gt;&lt;/category&gt;&lt;children/&gt;&lt;operation&gt;PUBLISH&lt;/operation&gt;&lt;/com.dotcms.publisher.pusher.wrapper.CategoryWrapper&gt;
real -&gt; &lt;com.dotcms.publisher.pusher.wrapper.CategoryWrapper&gt;&lt;topLevel&gt;true&lt;/topLevel&gt;&lt;category&gt;&lt;type&gt;category&lt;/type&gt;&lt;inode&gt;76268c0d-0f80-40c7-8ebc-ad905af06b6a&lt;/inode&gt;&lt;categoryName&gt;CategoryName1614982126821&lt;/categoryName&gt;&lt;key&gt;CategoryKey1614982126821&lt;/key&gt;&lt;sortOrder&gt;1&lt;/sortOrder&gt;&lt;active&gt;true&lt;/active&gt;&lt;categoryVelocityVarName&gt;VelocityVarName1614982126821&lt;/categoryVelocityVarName&gt;&lt;/category&gt;&lt;children/&gt;&lt;operation&gt;PUBLISH&lt;/operation&gt;&lt;/com.dotcms.publisher.pusher.wrapper.CategoryWrapper&gt;

	at org.jgroups.util.Util.assertEquals(Util.java:185)
	at com.dotcms.test.util.FileTestUtil.assertBundleFile(FileTestUtil.java:254)
	at com.dotcms.test.util.FileTestUtil.assertBundleFile(FileTestUtil.java:151)
	at com.dotcms.publishing.PublisherAPIImplTest.publish(PublisherAPIImplTest.java:383)
	at sun.reflect.NativeMethodAccessorImpl.invoke0(Native Method)
	at sun.reflect.NativeMethodAccessorImpl.invoke(NativeMethodAccessorImpl.java:62)
	at sun.reflect.DelegatingMethodAccessorImpl.invoke(DelegatingMethodAccessorImpl.java:43)
	at java.lang.reflect.Method.invoke(Method.java:498)
	at org.junit.runners.model.FrameworkMethod$1.runReflectiveCall(FrameworkMethod.java:50)
	at org.junit.internal.runners.model.ReflectiveCallable.run(ReflectiveCallable.java:12)
	at org.junit.runners.model.FrameworkMethod.invokeExplosively(FrameworkMethod.java:47)
	at com.tngtech.java.junit.dataprovider.DataProviderFrameworkMethod.invokeExplosively(DataProviderFrameworkMethod.java:119)
	at org.junit.internal.runners.statements.InvokeMethod.evaluate(InvokeMethod.java:17)
	at org.junit.rules.TestWatcher$1.evaluate(TestWatcher.java:55)
	at org.junit.rules.RunRules.evaluate(RunRules.java:20)
	at org.junit.runners.ParentRunner.runLeaf(ParentRunner.java:325)
	at com.dotcms.junit.CustomDataProviderRunner.runChild(CustomDataProviderRunner.java:28)
	at com.dotcms.junit.CustomDataProviderRunner.runChild(CustomDataProviderRunner.java:13)
	at org.junit.runners.ParentRunner$3.run(ParentRunner.java:290)
	at org.junit.runners.ParentRunner$1.schedule(ParentRunner.java:71)
	at org.junit.runners.ParentRunner.runChildren(ParentRunner.java:288)
	at org.junit.runners.ParentRunner.access$000(ParentRunner.java:58)
	at org.junit.runners.ParentRunner$2.evaluate(ParentRunner.java:268)
	at org.junit.internal.runners.statements.RunBefores.evaluate(RunBefores.java:26)
	at org.junit.internal.runners.statements.RunAfters.evaluate(RunAfters.java:27)
	at org.junit.runners.ParentRunner.run(ParentRunner.java:363)
	at org.junit.runners.Suite.runChild(Suite.java:128)
	at org.junit.runners.Suite.runChild(Suite.java:27)
	at org.junit.runners.ParentRunner$3.run(ParentRunner.java:290)
	at org.junit.runners.ParentRunner$1.schedule(ParentRunner.java:71)
	at org.junit.runners.ParentRunner.runChildren(ParentRunner.java:288)
	at org.junit.runners.ParentRunner.access$000(ParentRunner.java:58)
	at org.junit.runners.ParentRunner$2.evaluate(ParentRunner.java:268)
	at org.junit.runners.ParentRunner.run(ParentRunner.java:363)
	at org.gradle.api.internal.tasks.testing.junit.JUnitTestClassExecutor.runTestClass(JUnitTestClassExecutor.java:106)
	at org.gradle.api.internal.tasks.testing.junit.JUnitTestClassExecutor.execute(JUnitTestClassExecutor.java:58)
	at org.gradle.api.internal.tasks.testing.junit.JUnitTestClassExecutor.execute(JUnitTestClassExecutor.java:38)
	at org.gradle.api.internal.tasks.testing.junit.AbstractJUnitTestClassProcessor.processTestClass(AbstractJUnitTestClassProcessor.java:66)
	at org.gradle.api.internal.tasks.testing.SuiteTestClassProcessor.processTestClass(SuiteTestClassProcessor.java:51)
	at sun.reflect.NativeMethodAccessorImpl.invoke0(Native Method)
	at sun.reflect.NativeMethodAccessorImpl.invoke(NativeMethodAccessorImpl.java:62)
	at sun.reflect.DelegatingMethodAccessorImpl.invoke(DelegatingMethodAccessorImpl.java:43)
	at java.lang.reflect.Method.invoke(Method.java:498)
	at org.gradle.internal.dispatch.ReflectionDispatch.dispatch(ReflectionDispatch.java:35)
	at org.gradle.internal.dispatch.ReflectionDispatch.dispatch(ReflectionDispatch.java:24)
	at org.gradle.internal.dispatch.ContextClassLoaderDispatch.dispatch(ContextClassLoaderDispatch.java:32)
	at org.gradle.internal.dispatch.ProxyDispatchAdapter$DispatchingInvocationHandler.invoke(ProxyDispatchAdapter.java:93)
	at com.sun.proxy.$Proxy2.processTestClass(Unknown Source)
	at org.gradle.api.internal.tasks.testing.worker.TestWorker.processTestClass(TestWorker.java:117)
	at sun.reflect.NativeMethodAccessorImpl.invoke0(Native Method)
	at sun.reflect.NativeMethodAccessorImpl.invoke(NativeMethodAccessorImpl.java:62)
	at sun.reflect.DelegatingMethodAccessorImpl.invoke(DelegatingMethodAccessorImpl.java:43)
	at java.lang.reflect.Method.invoke(Method.java:498)
	at org.gradle.internal.dispatch.ReflectionDispatch.dispatch(ReflectionDispatch.java:35)
	at org.gradle.internal.dispatch.ReflectionDispatch.dispatch(ReflectionDispatch.java:24)
	at org.gradle.internal.remote.internal.hub.MessageHubBackedObjectConnection$DispatchWrapper.dispatch(MessageHubBackedObjectConnection.java:155)
	at org.gradle.internal.remote.internal.hub.MessageHubBackedObjectConnection$DispatchWrapper.dispatch(MessageHubBackedObjectConnection.java:137)
	at org.gradle.internal.remote.internal.hub.MessageHub$Handler.run(MessageHub.java:404)
	at org.gradle.internal.concurrent.ExecutorPolicy$CatchAndRecordFailures.onExecute(ExecutorPolicy.java:63)
	at org.gradle.internal.concurrent.ManagedExecutorImpl$1.run(ManagedExecutorImpl.java:46)
	at java.util.concurrent.ThreadPoolExecutor.runWorker(ThreadPoolExecutor.java:1149)
	at java.util.concurrent.ThreadPoolExecutor$Worker.run(ThreadPoolExecutor.java:624)
	at org.gradle.internal.concurrent.ThreadFactoryImpl$ManagedThreadRunnable.run(ThreadFactoryImpl.java:55)
	at java.lang.Thread.run(Thread.java:748)
</pre>
</span>
</div>
<div class="test">
<a name="publish[10: com.dotcms.publishing.PublisherAPIImplTest$TestCase@6a0f745]"></a>
<h3 class="failures">publish[10: com.dotcms.publishing.PublisherAPIImplTest$TestCase@6a0f745]</h3>
<span class="code">
<pre>java.lang.AssertionError: Fail for Container:
Asset -&gt; com.dotmarketing.portlets.containers.model.Container@756f3358[code=&lt;null&gt;,maxContentlets=5,useDiv=true,sortContentletsBy=&lt;null&gt;,preLoop=&lt;div&gt;,postLoop=&lt;/div&gt;,staticify=true,luceneQuery=&lt;null&gt;,notes=testNotes1614982127898,source=DB,title=testTitle1614982127898,friendlyName=testFriendlyName1614982127898,modDate=Fri Mar 05 22:08:47 GMT 2021,modUser=system,sortOrder=0,showOnMenu=false,iDate=Fri Mar 05 22:08:47 GMT 2021,type=containers,owner=system,inode=9cc0406a-e553-44bc-afa1-2b9bcd6b6f2b,identifier=cf4f8872-10c5-4c6f-a651-887f8d494635] 
difference -&gt; /com.dotmarketing.beans.ContainerStructure&gt;&lt;/elements&gt;&lt;/csList&gt;&lt;/com.dotcms.publisher.pusher.wrapper.ContainerWrapper&gt;
expected -&gt; &lt;com.dotcms.publisher.pusher.wrapper.ContainerWrapper&gt;&lt;containerId&gt;&lt;id&gt;cf4f8872-10c5-4c6f-a651-887f8d494635&lt;/id&gt;&lt;assetName&gt;cf4f8872-10c5-4c6f-a651-887f8d494635.containers&lt;/assetName&gt;&lt;assetType&gt;containers&lt;/assetType&gt;&lt;parentPath&gt;/&lt;/parentPath&gt;&lt;hostId&gt;7fe4e557-a1df-4d76-8db5-d4d0711c5024&lt;/hostId&gt;&lt;inode&gt;9cc0406a-e553-44bc-afa1-2b9bcd6b6f2b&lt;/inode&gt;&lt;identifier&gt;cf4f8872-10c5-4c6f-a651-887f8d494635&lt;/identifier&gt;&lt;source&gt;DB&lt;/source&gt;&lt;title&gt;testTitle1614982127898&lt;/title&gt;&lt;friendlyName&gt;testFriendlyName1614982127898&lt;/friendlyName&gt;&lt;modUser&gt;system&lt;/modUser&gt;&lt;sortOrder&gt;0&lt;/sortOrder&gt;&lt;showOnMenu&gt;false&lt;/showOnMenu&gt;&lt;maxContentlets&gt;5&lt;/maxContentlets&gt;&lt;useDiv&gt;true&lt;/useDiv&gt;&lt;preLoop&gt;&amp;lt;div&amp;gt;&lt;/preLoop&gt;&lt;postLoop&gt;&amp;lt;/div&amp;gt;&lt;/postLoop&gt;&lt;staticify&gt;true&lt;/staticify&gt;&lt;notes&gt;testNotes1614982127898&lt;/notes&gt;&lt;/container&gt;&lt;cvi class=&quot;com.dotmarketing.portlets.containers.model.ContainerVersionInfo&quot;&gt;&lt;identifier&gt;cf4f8872-10c5-4c6f-a651-887f8d494635&lt;/identifier&gt;&lt;workingInode&gt;9cc0406a-e553-44bc-afa1-2b9bcd6b6f2b&lt;/workingInode&gt;&lt;deleted&gt;false&lt;/deleted&gt;&lt;/cvi&gt;&lt;operation&gt;PUBLISH&lt;/operation&gt;&lt;csList class=&quot;com.google.common.collect.RegularImmutableList&quot; resolves-to=&quot;com.google.common.collect.ImmutableList$SerializedForm&quot;&gt;&lt;elements&gt;&lt;com.dotmarketing.beans.ContainerStructure&gt;&lt;id&gt;3d968e60-7cc3-4bc6-84ae-fad7c9bd222b&lt;/id&gt;&lt;structureId&gt;b5a27a92-e18d-47d8-a2d7-7b68c7868502&lt;/structureId&gt;&lt;containerInode&gt;9cc0406a-e553-44bc-afa1-2b9bcd6b6f2b&lt;/containerInode&gt;&lt;containerId&gt;cf4f8872-10c5-4c6f-a651-887f8d494635&lt;/containerId&gt;&lt;code&gt;__code__&lt;/code&gt;&lt;/com.dotmarketing.beans.ContainerStructure&gt;&lt;/elements&gt;&lt;/csList&gt;&lt;/com.dotcms.publisher.pusher.wrapper.ContainerWrapper&gt;
real -&gt; &lt;com.dotcms.publisher.pusher.wrapper.ContainerWrapper&gt;&lt;containerId&gt;&lt;id&gt;cf4f8872-10c5-4c6f-a651-887f8d494635&lt;/id&gt;&lt;assetName&gt;cf4f8872-10c5-4c6f-a651-887f8d494635.containers&lt;/assetName&gt;&lt;assetType&gt;containers&lt;/assetType&gt;&lt;parentPath&gt;/&lt;/parentPath&gt;&lt;hostId&gt;7fe4e557-a1df-4d76-8db5-d4d0711c5024&lt;/hostId&gt;&lt;inode&gt;9cc0406a-e553-44bc-afa1-2b9bcd6b6f2b&lt;/inode&gt;&lt;identifier&gt;cf4f8872-10c5-4c6f-a651-887f8d494635&lt;/identifier&gt;&lt;source&gt;DB&lt;/source&gt;&lt;title&gt;testTitle1614982127898&lt;/title&gt;&lt;friendlyName&gt;testFriendlyName1614982127898&lt;/friendlyName&gt;&lt;modUser&gt;system&lt;/modUser&gt;&lt;sortOrder&gt;0&lt;/sortOrder&gt;&lt;showOnMenu&gt;false&lt;/showOnMenu&gt;&lt;maxContentlets&gt;5&lt;/maxContentlets&gt;&lt;useDiv&gt;true&lt;/useDiv&gt;&lt;preLoop&gt;&amp;lt;div&amp;gt;&lt;/preLoop&gt;&lt;postLoop&gt;&amp;lt;/div&amp;gt;&lt;/postLoop&gt;&lt;staticify&gt;true&lt;/staticify&gt;&lt;notes&gt;testNotes1614982127898&lt;/notes&gt;&lt;/container&gt;&lt;cvi class=&quot;com.dotmarketing.portlets.containers.model.ContainerVersionInfo&quot;&gt;&lt;identifier&gt;cf4f8872-10c5-4c6f-a651-887f8d494635&lt;/identifier&gt;&lt;workingInode&gt;9cc0406a-e553-44bc-afa1-2b9bcd6b6f2b&lt;/workingInode&gt;&lt;deleted&gt;false&lt;/deleted&gt;&lt;/cvi&gt;&lt;operation&gt;PUBLISH&lt;/operation&gt;&lt;csList class=&quot;com.google.common.collect.RegularImmutableList&quot; resolves-to=&quot;com.google.common.collect.ImmutableList$SerializedForm&quot;&gt;&lt;elements&gt;&lt;com.dotmarketing.beans.ContainerStructure&gt;&lt;id&gt;3d968e60-7cc3-4bc6-84ae-fad7c9bd222b&lt;/id&gt;&lt;structureId&gt;b5a27a92-e18d-47d8-a2d7-7b68c7868502&lt;/structureId&gt;&lt;containerInode&gt;9cc0406a-e553-44bc-afa1-2b9bcd6b6f2b&lt;/containerInode&gt;&lt;containerId&gt;cf4f8872-10c5-4c6f-a651-887f8d494635&lt;/containerId&gt;&lt;/com.dotmarketing.beans.ContainerStructure&gt;&lt;/elements&gt;&lt;/csList&gt;&lt;/com.dotcms.publisher.pusher.wrapper.ContainerWrapper&gt;

	at org.jgroups.util.Util.assertEquals(Util.java:185)
	at com.dotcms.test.util.FileTestUtil.assertBundleFile(FileTestUtil.java:254)
	at com.dotcms.test.util.FileTestUtil.assertBundleFile(FileTestUtil.java:151)
	at com.dotcms.publishing.PublisherAPIImplTest.publish(PublisherAPIImplTest.java:383)
	at sun.reflect.NativeMethodAccessorImpl.invoke0(Native Method)
	at sun.reflect.NativeMethodAccessorImpl.invoke(NativeMethodAccessorImpl.java:62)
	at sun.reflect.DelegatingMethodAccessorImpl.invoke(DelegatingMethodAccessorImpl.java:43)
	at java.lang.reflect.Method.invoke(Method.java:498)
	at org.junit.runners.model.FrameworkMethod$1.runReflectiveCall(FrameworkMethod.java:50)
	at org.junit.internal.runners.model.ReflectiveCallable.run(ReflectiveCallable.java:12)
	at org.junit.runners.model.FrameworkMethod.invokeExplosively(FrameworkMethod.java:47)
	at com.tngtech.java.junit.dataprovider.DataProviderFrameworkMethod.invokeExplosively(DataProviderFrameworkMethod.java:119)
	at org.junit.internal.runners.statements.InvokeMethod.evaluate(InvokeMethod.java:17)
	at org.junit.rules.TestWatcher$1.evaluate(TestWatcher.java:55)
	at org.junit.rules.RunRules.evaluate(RunRules.java:20)
	at org.junit.runners.ParentRunner.runLeaf(ParentRunner.java:325)
	at com.dotcms.junit.CustomDataProviderRunner.runChild(CustomDataProviderRunner.java:28)
	at com.dotcms.junit.CustomDataProviderRunner.runChild(CustomDataProviderRunner.java:13)
	at org.junit.runners.ParentRunner$3.run(ParentRunner.java:290)
	at org.junit.runners.ParentRunner$1.schedule(ParentRunner.java:71)
	at org.junit.runners.ParentRunner.runChildren(ParentRunner.java:288)
	at org.junit.runners.ParentRunner.access$000(ParentRunner.java:58)
	at org.junit.runners.ParentRunner$2.evaluate(ParentRunner.java:268)
	at org.junit.internal.runners.statements.RunBefores.evaluate(RunBefores.java:26)
	at org.junit.internal.runners.statements.RunAfters.evaluate(RunAfters.java:27)
	at org.junit.runners.ParentRunner.run(ParentRunner.java:363)
	at org.junit.runners.Suite.runChild(Suite.java:128)
	at org.junit.runners.Suite.runChild(Suite.java:27)
	at org.junit.runners.ParentRunner$3.run(ParentRunner.java:290)
	at org.junit.runners.ParentRunner$1.schedule(ParentRunner.java:71)
	at org.junit.runners.ParentRunner.runChildren(ParentRunner.java:288)
	at org.junit.runners.ParentRunner.access$000(ParentRunner.java:58)
	at org.junit.runners.ParentRunner$2.evaluate(ParentRunner.java:268)
	at org.junit.runners.ParentRunner.run(ParentRunner.java:363)
	at org.gradle.api.internal.tasks.testing.junit.JUnitTestClassExecutor.runTestClass(JUnitTestClassExecutor.java:106)
	at org.gradle.api.internal.tasks.testing.junit.JUnitTestClassExecutor.execute(JUnitTestClassExecutor.java:58)
	at org.gradle.api.internal.tasks.testing.junit.JUnitTestClassExecutor.execute(JUnitTestClassExecutor.java:38)
	at org.gradle.api.internal.tasks.testing.junit.AbstractJUnitTestClassProcessor.processTestClass(AbstractJUnitTestClassProcessor.java:66)
	at org.gradle.api.internal.tasks.testing.SuiteTestClassProcessor.processTestClass(SuiteTestClassProcessor.java:51)
	at sun.reflect.NativeMethodAccessorImpl.invoke0(Native Method)
	at sun.reflect.NativeMethodAccessorImpl.invoke(NativeMethodAccessorImpl.java:62)
	at sun.reflect.DelegatingMethodAccessorImpl.invoke(DelegatingMethodAccessorImpl.java:43)
	at java.lang.reflect.Method.invoke(Method.java:498)
	at org.gradle.internal.dispatch.ReflectionDispatch.dispatch(ReflectionDispatch.java:35)
	at org.gradle.internal.dispatch.ReflectionDispatch.dispatch(ReflectionDispatch.java:24)
	at org.gradle.internal.dispatch.ContextClassLoaderDispatch.dispatch(ContextClassLoaderDispatch.java:32)
	at org.gradle.internal.dispatch.ProxyDispatchAdapter$DispatchingInvocationHandler.invoke(ProxyDispatchAdapter.java:93)
	at com.sun.proxy.$Proxy2.processTestClass(Unknown Source)
	at org.gradle.api.internal.tasks.testing.worker.TestWorker.processTestClass(TestWorker.java:117)
	at sun.reflect.NativeMethodAccessorImpl.invoke0(Native Method)
	at sun.reflect.NativeMethodAccessorImpl.invoke(NativeMethodAccessorImpl.java:62)
	at sun.reflect.DelegatingMethodAccessorImpl.invoke(DelegatingMethodAccessorImpl.java:43)
	at java.lang.reflect.Method.invoke(Method.java:498)
	at org.gradle.internal.dispatch.ReflectionDispatch.dispatch(ReflectionDispatch.java:35)
	at org.gradle.internal.dispatch.ReflectionDispatch.dispatch(ReflectionDispatch.java:24)
	at org.gradle.internal.remote.internal.hub.MessageHubBackedObjectConnection$DispatchWrapper.dispatch(MessageHubBackedObjectConnection.java:155)
	at org.gradle.internal.remote.internal.hub.MessageHubBackedObjectConnection$DispatchWrapper.dispatch(MessageHubBackedObjectConnection.java:137)
	at org.gradle.internal.remote.internal.hub.MessageHub$Handler.run(MessageHub.java:404)
	at org.gradle.internal.concurrent.ExecutorPolicy$CatchAndRecordFailures.onExecute(ExecutorPolicy.java:63)
	at org.gradle.internal.concurrent.ManagedExecutorImpl$1.run(ManagedExecutorImpl.java:46)
	at java.util.concurrent.ThreadPoolExecutor.runWorker(ThreadPoolExecutor.java:1149)
	at java.util.concurrent.ThreadPoolExecutor$Worker.run(ThreadPoolExecutor.java:624)
	at org.gradle.internal.concurrent.ThreadFactoryImpl$ManagedThreadRunnable.run(ThreadFactoryImpl.java:55)
	at java.lang.Thread.run(Thread.java:748)
</pre>
</span>
</div>
<div class="test">
<a name="publish[11: com.dotcms.publishing.PublisherAPIImplTest$TestCase@50b3fcb5]"></a>
<h3 class="failures">publish[11: com.dotcms.publishing.PublisherAPIImplTest$TestCase@50b3fcb5]</h3>
<span class="code">
<pre>java.lang.AssertionError: Fail for Container:
Asset -&gt; com.dotmarketing.portlets.containers.model.Container@44918836[code=&lt;null&gt;,maxContentlets=5,useDiv=true,sortContentletsBy=&lt;null&gt;,preLoop=&lt;div&gt;,postLoop=&lt;/div&gt;,staticify=true,luceneQuery=&lt;null&gt;,notes=testNotes1614982128927,source=DB,title=testTitle1614982128927,friendlyName=testFriendlyName1614982128927,modDate=Fri Mar 05 22:08:48 GMT 2021,modUser=system,sortOrder=0,showOnMenu=false,iDate=Fri Mar 05 22:08:48 GMT 2021,type=containers,owner=system,inode=441807e8-c7b0-42ab-bb15-3de041c7dbb7,identifier=6e75b305-75cd-43d0-94bb-1f1b5de9b3a6] 
difference -&gt; /com.dotmarketing.beans.ContainerStructure&gt;&lt;/elements&gt;&lt;/csList&gt;&lt;/com.dotcms.publisher.pusher.wrapper.ContainerWrapper&gt;
expected -&gt; &lt;com.dotcms.publisher.pusher.wrapper.ContainerWrapper&gt;&lt;containerId&gt;&lt;id&gt;6e75b305-75cd-43d0-94bb-1f1b5de9b3a6&lt;/id&gt;&lt;assetName&gt;6e75b305-75cd-43d0-94bb-1f1b5de9b3a6.containers&lt;/assetName&gt;&lt;assetType&gt;containers&lt;/assetType&gt;&lt;parentPath&gt;/&lt;/parentPath&gt;&lt;hostId&gt;a3d72064-158b-4f5c-8e6c-c8db8ab564a9&lt;/hostId&gt;&lt;inode&gt;441807e8-c7b0-42ab-bb15-3de041c7dbb7&lt;/inode&gt;&lt;identifier&gt;6e75b305-75cd-43d0-94bb-1f1b5de9b3a6&lt;/identifier&gt;&lt;source&gt;DB&lt;/source&gt;&lt;title&gt;testTitle1614982128927&lt;/title&gt;&lt;friendlyName&gt;testFriendlyName1614982128927&lt;/friendlyName&gt;&lt;modUser&gt;system&lt;/modUser&gt;&lt;sortOrder&gt;0&lt;/sortOrder&gt;&lt;showOnMenu&gt;false&lt;/showOnMenu&gt;&lt;maxContentlets&gt;5&lt;/maxContentlets&gt;&lt;useDiv&gt;true&lt;/useDiv&gt;&lt;preLoop&gt;&amp;lt;div&amp;gt;&lt;/preLoop&gt;&lt;postLoop&gt;&amp;lt;/div&amp;gt;&lt;/postLoop&gt;&lt;staticify&gt;true&lt;/staticify&gt;&lt;notes&gt;testNotes1614982128927&lt;/notes&gt;&lt;/container&gt;&lt;cvi class=&quot;com.dotmarketing.portlets.containers.model.ContainerVersionInfo&quot;&gt;&lt;identifier&gt;6e75b305-75cd-43d0-94bb-1f1b5de9b3a6&lt;/identifier&gt;&lt;workingInode&gt;441807e8-c7b0-42ab-bb15-3de041c7dbb7&lt;/workingInode&gt;&lt;deleted&gt;false&lt;/deleted&gt;&lt;/cvi&gt;&lt;operation&gt;PUBLISH&lt;/operation&gt;&lt;csList class=&quot;com.google.common.collect.RegularImmutableList&quot; resolves-to=&quot;com.google.common.collect.ImmutableList$SerializedForm&quot;&gt;&lt;elements&gt;&lt;com.dotmarketing.beans.ContainerStructure&gt;&lt;id&gt;adbc7c69-5f33-4f4a-ac39-d6450aa3a6fa&lt;/id&gt;&lt;structureId&gt;cbd3d7e5-d225-4d55-b600-ac7e3b2810d0&lt;/structureId&gt;&lt;containerInode&gt;441807e8-c7b0-42ab-bb15-3de041c7dbb7&lt;/containerInode&gt;&lt;containerId&gt;6e75b305-75cd-43d0-94bb-1f1b5de9b3a6&lt;/containerId&gt;&lt;code&gt;__code__&lt;/code&gt;&lt;/com.dotmarketing.beans.ContainerStructure&gt;&lt;/elements&gt;&lt;/csList&gt;&lt;/com.dotcms.publisher.pusher.wrapper.ContainerWrapper&gt;
real -&gt; &lt;com.dotcms.publisher.pusher.wrapper.ContainerWrapper&gt;&lt;containerId&gt;&lt;id&gt;6e75b305-75cd-43d0-94bb-1f1b5de9b3a6&lt;/id&gt;&lt;assetName&gt;6e75b305-75cd-43d0-94bb-1f1b5de9b3a6.containers&lt;/assetName&gt;&lt;assetType&gt;containers&lt;/assetType&gt;&lt;parentPath&gt;/&lt;/parentPath&gt;&lt;hostId&gt;a3d72064-158b-4f5c-8e6c-c8db8ab564a9&lt;/hostId&gt;&lt;inode&gt;441807e8-c7b0-42ab-bb15-3de041c7dbb7&lt;/inode&gt;&lt;identifier&gt;6e75b305-75cd-43d0-94bb-1f1b5de9b3a6&lt;/identifier&gt;&lt;source&gt;DB&lt;/source&gt;&lt;title&gt;testTitle1614982128927&lt;/title&gt;&lt;friendlyName&gt;testFriendlyName1614982128927&lt;/friendlyName&gt;&lt;modUser&gt;system&lt;/modUser&gt;&lt;sortOrder&gt;0&lt;/sortOrder&gt;&lt;showOnMenu&gt;false&lt;/showOnMenu&gt;&lt;maxContentlets&gt;5&lt;/maxContentlets&gt;&lt;useDiv&gt;true&lt;/useDiv&gt;&lt;preLoop&gt;&amp;lt;div&amp;gt;&lt;/preLoop&gt;&lt;postLoop&gt;&amp;lt;/div&amp;gt;&lt;/postLoop&gt;&lt;staticify&gt;true&lt;/staticify&gt;&lt;notes&gt;testNotes1614982128927&lt;/notes&gt;&lt;/container&gt;&lt;cvi class=&quot;com.dotmarketing.portlets.containers.model.ContainerVersionInfo&quot;&gt;&lt;identifier&gt;6e75b305-75cd-43d0-94bb-1f1b5de9b3a6&lt;/identifier&gt;&lt;workingInode&gt;441807e8-c7b0-42ab-bb15-3de041c7dbb7&lt;/workingInode&gt;&lt;deleted&gt;false&lt;/deleted&gt;&lt;/cvi&gt;&lt;operation&gt;PUBLISH&lt;/operation&gt;&lt;csList class=&quot;com.google.common.collect.RegularImmutableList&quot; resolves-to=&quot;com.google.common.collect.ImmutableList$SerializedForm&quot;&gt;&lt;elements&gt;&lt;com.dotmarketing.beans.ContainerStructure&gt;&lt;id&gt;adbc7c69-5f33-4f4a-ac39-d6450aa3a6fa&lt;/id&gt;&lt;structureId&gt;cbd3d7e5-d225-4d55-b600-ac7e3b2810d0&lt;/structureId&gt;&lt;containerInode&gt;441807e8-c7b0-42ab-bb15-3de041c7dbb7&lt;/containerInode&gt;&lt;containerId&gt;6e75b305-75cd-43d0-94bb-1f1b5de9b3a6&lt;/containerId&gt;&lt;/com.dotmarketing.beans.ContainerStructure&gt;&lt;/elements&gt;&lt;/csList&gt;&lt;/com.dotcms.publisher.pusher.wrapper.ContainerWrapper&gt;

	at org.jgroups.util.Util.assertEquals(Util.java:185)
	at com.dotcms.test.util.FileTestUtil.assertBundleFile(FileTestUtil.java:254)
	at com.dotcms.test.util.FileTestUtil.assertBundleFile(FileTestUtil.java:191)
	at com.dotcms.publishing.PublisherAPIImplTest.publish(PublisherAPIImplTest.java:379)
	at sun.reflect.NativeMethodAccessorImpl.invoke0(Native Method)
	at sun.reflect.NativeMethodAccessorImpl.invoke(NativeMethodAccessorImpl.java:62)
	at sun.reflect.DelegatingMethodAccessorImpl.invoke(DelegatingMethodAccessorImpl.java:43)
	at java.lang.reflect.Method.invoke(Method.java:498)
	at org.junit.runners.model.FrameworkMethod$1.runReflectiveCall(FrameworkMethod.java:50)
	at org.junit.internal.runners.model.ReflectiveCallable.run(ReflectiveCallable.java:12)
	at org.junit.runners.model.FrameworkMethod.invokeExplosively(FrameworkMethod.java:47)
	at com.tngtech.java.junit.dataprovider.DataProviderFrameworkMethod.invokeExplosively(DataProviderFrameworkMethod.java:119)
	at org.junit.internal.runners.statements.InvokeMethod.evaluate(InvokeMethod.java:17)
	at org.junit.rules.TestWatcher$1.evaluate(TestWatcher.java:55)
	at org.junit.rules.RunRules.evaluate(RunRules.java:20)
	at org.junit.runners.ParentRunner.runLeaf(ParentRunner.java:325)
	at com.dotcms.junit.CustomDataProviderRunner.runChild(CustomDataProviderRunner.java:28)
	at com.dotcms.junit.CustomDataProviderRunner.runChild(CustomDataProviderRunner.java:13)
	at org.junit.runners.ParentRunner$3.run(ParentRunner.java:290)
	at org.junit.runners.ParentRunner$1.schedule(ParentRunner.java:71)
	at org.junit.runners.ParentRunner.runChildren(ParentRunner.java:288)
	at org.junit.runners.ParentRunner.access$000(ParentRunner.java:58)
	at org.junit.runners.ParentRunner$2.evaluate(ParentRunner.java:268)
	at org.junit.internal.runners.statements.RunBefores.evaluate(RunBefores.java:26)
	at org.junit.internal.runners.statements.RunAfters.evaluate(RunAfters.java:27)
	at org.junit.runners.ParentRunner.run(ParentRunner.java:363)
	at org.junit.runners.Suite.runChild(Suite.java:128)
	at org.junit.runners.Suite.runChild(Suite.java:27)
	at org.junit.runners.ParentRunner$3.run(ParentRunner.java:290)
	at org.junit.runners.ParentRunner$1.schedule(ParentRunner.java:71)
	at org.junit.runners.ParentRunner.runChildren(ParentRunner.java:288)
	at org.junit.runners.ParentRunner.access$000(ParentRunner.java:58)
	at org.junit.runners.ParentRunner$2.evaluate(ParentRunner.java:268)
	at org.junit.runners.ParentRunner.run(ParentRunner.java:363)
	at org.gradle.api.internal.tasks.testing.junit.JUnitTestClassExecutor.runTestClass(JUnitTestClassExecutor.java:106)
	at org.gradle.api.internal.tasks.testing.junit.JUnitTestClassExecutor.execute(JUnitTestClassExecutor.java:58)
	at org.gradle.api.internal.tasks.testing.junit.JUnitTestClassExecutor.execute(JUnitTestClassExecutor.java:38)
	at org.gradle.api.internal.tasks.testing.junit.AbstractJUnitTestClassProcessor.processTestClass(AbstractJUnitTestClassProcessor.java:66)
	at org.gradle.api.internal.tasks.testing.SuiteTestClassProcessor.processTestClass(SuiteTestClassProcessor.java:51)
	at sun.reflect.NativeMethodAccessorImpl.invoke0(Native Method)
	at sun.reflect.NativeMethodAccessorImpl.invoke(NativeMethodAccessorImpl.java:62)
	at sun.reflect.DelegatingMethodAccessorImpl.invoke(DelegatingMethodAccessorImpl.java:43)
	at java.lang.reflect.Method.invoke(Method.java:498)
	at org.gradle.internal.dispatch.ReflectionDispatch.dispatch(ReflectionDispatch.java:35)
	at org.gradle.internal.dispatch.ReflectionDispatch.dispatch(ReflectionDispatch.java:24)
	at org.gradle.internal.dispatch.ContextClassLoaderDispatch.dispatch(ContextClassLoaderDispatch.java:32)
	at org.gradle.internal.dispatch.ProxyDispatchAdapter$DispatchingInvocationHandler.invoke(ProxyDispatchAdapter.java:93)
	at com.sun.proxy.$Proxy2.processTestClass(Unknown Source)
	at org.gradle.api.internal.tasks.testing.worker.TestWorker.processTestClass(TestWorker.java:117)
	at sun.reflect.NativeMethodAccessorImpl.invoke0(Native Method)
	at sun.reflect.NativeMethodAccessorImpl.invoke(NativeMethodAccessorImpl.java:62)
	at sun.reflect.DelegatingMethodAccessorImpl.invoke(DelegatingMethodAccessorImpl.java:43)
	at java.lang.reflect.Method.invoke(Method.java:498)
	at org.gradle.internal.dispatch.ReflectionDispatch.dispatch(ReflectionDispatch.java:35)
	at org.gradle.internal.dispatch.ReflectionDispatch.dispatch(ReflectionDispatch.java:24)
	at org.gradle.internal.remote.internal.hub.MessageHubBackedObjectConnection$DispatchWrapper.dispatch(MessageHubBackedObjectConnection.java:155)
	at org.gradle.internal.remote.internal.hub.MessageHubBackedObjectConnection$DispatchWrapper.dispatch(MessageHubBackedObjectConnection.java:137)
	at org.gradle.internal.remote.internal.hub.MessageHub$Handler.run(MessageHub.java:404)
	at org.gradle.internal.concurrent.ExecutorPolicy$CatchAndRecordFailures.onExecute(ExecutorPolicy.java:63)
	at org.gradle.internal.concurrent.ManagedExecutorImpl$1.run(ManagedExecutorImpl.java:46)
	at java.util.concurrent.ThreadPoolExecutor.runWorker(ThreadPoolExecutor.java:1149)
	at java.util.concurrent.ThreadPoolExecutor$Worker.run(ThreadPoolExecutor.java:624)
	at org.gradle.internal.concurrent.ThreadFactoryImpl$ManagedThreadRunnable.run(ThreadFactoryImpl.java:55)
	at java.lang.Thread.run(Thread.java:748)
</pre>
</span>
</div>
<div class="test">
<a name="publish[12: com.dotcms.publishing.PublisherAPIImplTest$TestCase@6e6793d7]"></a>
<h3 class="failures">publish[12: com.dotcms.publishing.PublisherAPIImplTest$TestCase@6e6793d7]</h3>
<span class="code">
<pre>java.lang.AssertionError: Fail for Folder:
Asset -&gt; com.dotmarketing.portlets.folders.model.Folder@6a66f10c[name=testName1614982129900,sortOrder=0,showOnMenu=false,hostId=b8760dde-07f8-48a2-89bc-fa1038d8f313,title=testTitle1614982129900,filesMasks=&lt;null&gt;,defaultFileType=33888b6f-7a8e-4069-b1b6-5c1aa9d0a48d,modDate=2021-03-05 22:08:49.0,iDate=2021-03-05 22:08:49.0,type=folder,owner=&lt;null&gt;,inode=6617e27b-f20f-42be-afcf-d8214082f942,identifier=b579c08e-1e9d-4183-9120-dd8ba5ef9cfe] 
difference -&gt; inode&gt;6617e27b-f20f-42be-afcf-d8214082f942&lt;/inode&gt;&lt;identifier&gt;b579c08e-1e9d-4183-9120-dd8ba5ef9cfe&lt;/identifier&gt;&lt;name&gt;testName1614982129900&lt;/name&gt;&lt;sortOrder&gt;0&lt;/sortOrder&gt;&lt;showOnMenu&gt;false&lt;/showOnMenu&gt;&lt;hostId&gt;b8760dde-07f8-48a2-89bc-fa1038d8f313&lt;/hostId&gt;&lt;title&gt;testTitle1614982129900&lt;/title&gt;&lt;defaultFileType&gt;33888b6f-7a8e-4069-b1b6-5c1aa9d0a48d&lt;/defaultFileType&gt;&lt;/folder&gt;&lt;folderId&gt;&lt;id&gt;b579c08e-1e9d-4183-9120-dd8ba5ef9cfe&lt;/id&gt;&lt;assetName&gt;testName1614982129900&lt;/assetName&gt;&lt;assetType&gt;folder&lt;/assetType&gt;&lt;hostId&gt;b8760dde-07f8-48a2-89bc-fa1038d8f313&lt;/hostId&gt;&lt;assetSubType&gt;Host&lt;/assetSubType&gt;&lt;/hostId&gt;&lt;operation&gt;PUBLISH&lt;/operation&gt;&lt;/com.dotcms.publisher.pusher.wrapper.FolderWrapper&gt;
expected -&gt; &lt;com.dotcms.publisher.pusher.wrapper.FolderWrapper&gt;&lt;folder&gt;&lt;type&gt;folder&lt;/type&gt;&lt;assetSubType&gt;Host&lt;/assetSubType&gt;&lt;/hostId&gt;&lt;operation&gt;PUBLISH&lt;/operation&gt;&lt;/com.dotcms.publisher.pusher.wrapper.FolderWrapper&gt;
real -&gt; &lt;com.dotcms.publisher.pusher.wrapper.FolderWrapper&gt;&lt;folder&gt;&lt;type&gt;folder&lt;/type&gt;&lt;inode&gt;6617e27b-f20f-42be-afcf-d8214082f942&lt;/inode&gt;&lt;identifier&gt;b579c08e-1e9d-4183-9120-dd8ba5ef9cfe&lt;/identifier&gt;&lt;name&gt;testName1614982129900&lt;/name&gt;&lt;sortOrder&gt;0&lt;/sortOrder&gt;&lt;showOnMenu&gt;false&lt;/showOnMenu&gt;&lt;hostId&gt;b8760dde-07f8-48a2-89bc-fa1038d8f313&lt;/hostId&gt;&lt;title&gt;testTitle1614982129900&lt;/title&gt;&lt;defaultFileType&gt;33888b6f-7a8e-4069-b1b6-5c1aa9d0a48d&lt;/defaultFileType&gt;&lt;/folder&gt;&lt;folderId&gt;&lt;id&gt;b579c08e-1e9d-4183-9120-dd8ba5ef9cfe&lt;/id&gt;&lt;assetName&gt;testName1614982129900&lt;/assetName&gt;&lt;assetType&gt;folder&lt;/assetType&gt;&lt;hostId&gt;b8760dde-07f8-48a2-89bc-fa1038d8f313&lt;/hostId&gt;&lt;assetSubType&gt;Host&lt;/assetSubType&gt;&lt;/hostId&gt;&lt;operation&gt;PUBLISH&lt;/operation&gt;&lt;/com.dotcms.publisher.pusher.wrapper.FolderWrapper&gt;

	at org.jgroups.util.Util.assertEquals(Util.java:185)
	at com.dotcms.test.util.FileTestUtil.assertBundleFile(FileTestUtil.java:254)
	at com.dotcms.test.util.FileTestUtil.assertBundleFile(FileTestUtil.java:191)
	at com.dotcms.publishing.PublisherAPIImplTest.publish(PublisherAPIImplTest.java:379)
	at sun.reflect.NativeMethodAccessorImpl.invoke0(Native Method)
	at sun.reflect.NativeMethodAccessorImpl.invoke(NativeMethodAccessorImpl.java:62)
	at sun.reflect.DelegatingMethodAccessorImpl.invoke(DelegatingMethodAccessorImpl.java:43)
	at java.lang.reflect.Method.invoke(Method.java:498)
	at org.junit.runners.model.FrameworkMethod$1.runReflectiveCall(FrameworkMethod.java:50)
	at org.junit.internal.runners.model.ReflectiveCallable.run(ReflectiveCallable.java:12)
	at org.junit.runners.model.FrameworkMethod.invokeExplosively(FrameworkMethod.java:47)
	at com.tngtech.java.junit.dataprovider.DataProviderFrameworkMethod.invokeExplosively(DataProviderFrameworkMethod.java:119)
	at org.junit.internal.runners.statements.InvokeMethod.evaluate(InvokeMethod.java:17)
	at org.junit.rules.TestWatcher$1.evaluate(TestWatcher.java:55)
	at org.junit.rules.RunRules.evaluate(RunRules.java:20)
	at org.junit.runners.ParentRunner.runLeaf(ParentRunner.java:325)
	at com.dotcms.junit.CustomDataProviderRunner.runChild(CustomDataProviderRunner.java:28)
	at com.dotcms.junit.CustomDataProviderRunner.runChild(CustomDataProviderRunner.java:13)
	at org.junit.runners.ParentRunner$3.run(ParentRunner.java:290)
	at org.junit.runners.ParentRunner$1.schedule(ParentRunner.java:71)
	at org.junit.runners.ParentRunner.runChildren(ParentRunner.java:288)
	at org.junit.runners.ParentRunner.access$000(ParentRunner.java:58)
	at org.junit.runners.ParentRunner$2.evaluate(ParentRunner.java:268)
	at org.junit.internal.runners.statements.RunBefores.evaluate(RunBefores.java:26)
	at org.junit.internal.runners.statements.RunAfters.evaluate(RunAfters.java:27)
	at org.junit.runners.ParentRunner.run(ParentRunner.java:363)
	at org.junit.runners.Suite.runChild(Suite.java:128)
	at org.junit.runners.Suite.runChild(Suite.java:27)
	at org.junit.runners.ParentRunner$3.run(ParentRunner.java:290)
	at org.junit.runners.ParentRunner$1.schedule(ParentRunner.java:71)
	at org.junit.runners.ParentRunner.runChildren(ParentRunner.java:288)
	at org.junit.runners.ParentRunner.access$000(ParentRunner.java:58)
	at org.junit.runners.ParentRunner$2.evaluate(ParentRunner.java:268)
	at org.junit.runners.ParentRunner.run(ParentRunner.java:363)
	at org.gradle.api.internal.tasks.testing.junit.JUnitTestClassExecutor.runTestClass(JUnitTestClassExecutor.java:106)
	at org.gradle.api.internal.tasks.testing.junit.JUnitTestClassExecutor.execute(JUnitTestClassExecutor.java:58)
	at org.gradle.api.internal.tasks.testing.junit.JUnitTestClassExecutor.execute(JUnitTestClassExecutor.java:38)
	at org.gradle.api.internal.tasks.testing.junit.AbstractJUnitTestClassProcessor.processTestClass(AbstractJUnitTestClassProcessor.java:66)
	at org.gradle.api.internal.tasks.testing.SuiteTestClassProcessor.processTestClass(SuiteTestClassProcessor.java:51)
	at sun.reflect.NativeMethodAccessorImpl.invoke0(Native Method)
	at sun.reflect.NativeMethodAccessorImpl.invoke(NativeMethodAccessorImpl.java:62)
	at sun.reflect.DelegatingMethodAccessorImpl.invoke(DelegatingMethodAccessorImpl.java:43)
	at java.lang.reflect.Method.invoke(Method.java:498)
	at org.gradle.internal.dispatch.ReflectionDispatch.dispatch(ReflectionDispatch.java:35)
	at org.gradle.internal.dispatch.ReflectionDispatch.dispatch(ReflectionDispatch.java:24)
	at org.gradle.internal.dispatch.ContextClassLoaderDispatch.dispatch(ContextClassLoaderDispatch.java:32)
	at org.gradle.internal.dispatch.ProxyDispatchAdapter$DispatchingInvocationHandler.invoke(ProxyDispatchAdapter.java:93)
	at com.sun.proxy.$Proxy2.processTestClass(Unknown Source)
	at org.gradle.api.internal.tasks.testing.worker.TestWorker.processTestClass(TestWorker.java:117)
	at sun.reflect.NativeMethodAccessorImpl.invoke0(Native Method)
	at sun.reflect.NativeMethodAccessorImpl.invoke(NativeMethodAccessorImpl.java:62)
	at sun.reflect.DelegatingMethodAccessorImpl.invoke(DelegatingMethodAccessorImpl.java:43)
	at java.lang.reflect.Method.invoke(Method.java:498)
	at org.gradle.internal.dispatch.ReflectionDispatch.dispatch(ReflectionDispatch.java:35)
	at org.gradle.internal.dispatch.ReflectionDispatch.dispatch(ReflectionDispatch.java:24)
	at org.gradle.internal.remote.internal.hub.MessageHubBackedObjectConnection$DispatchWrapper.dispatch(MessageHubBackedObjectConnection.java:155)
	at org.gradle.internal.remote.internal.hub.MessageHubBackedObjectConnection$DispatchWrapper.dispatch(MessageHubBackedObjectConnection.java:137)
	at org.gradle.internal.remote.internal.hub.MessageHub$Handler.run(MessageHub.java:404)
	at org.gradle.internal.concurrent.ExecutorPolicy$CatchAndRecordFailures.onExecute(ExecutorPolicy.java:63)
	at org.gradle.internal.concurrent.ManagedExecutorImpl$1.run(ManagedExecutorImpl.java:46)
	at java.util.concurrent.ThreadPoolExecutor.runWorker(ThreadPoolExecutor.java:1149)
	at java.util.concurrent.ThreadPoolExecutor$Worker.run(ThreadPoolExecutor.java:624)
	at org.gradle.internal.concurrent.ThreadFactoryImpl$ManagedThreadRunnable.run(ThreadFactoryImpl.java:55)
	at java.lang.Thread.run(Thread.java:748)
</pre>
</span>
</div>
<div class="test">
<a name="publish[13: com.dotcms.publishing.PublisherAPIImplTest$TestCase@78eccdd1]"></a>
<h3 class="failures">publish[13: com.dotcms.publishing.PublisherAPIImplTest$TestCase@78eccdd1]</h3>
<span class="code">
<pre>java.lang.AssertionError: Fail for Container:
Asset -&gt; com.dotmarketing.portlets.containers.model.Container@70f2fc14[code=&lt;null&gt;,maxContentlets=5,useDiv=true,sortContentletsBy=&lt;null&gt;,preLoop=&lt;div&gt;,postLoop=&lt;/div&gt;,staticify=true,luceneQuery=&lt;null&gt;,notes=testNotes1614982130961,source=DB,title=testTitle1614982130961,friendlyName=testFriendlyName1614982130961,modDate=Fri Mar 05 22:08:50 GMT 2021,modUser=system,sortOrder=0,showOnMenu=false,iDate=Fri Mar 05 22:08:50 GMT 2021,type=containers,owner=system,inode=7b454b4c-0e46-4d96-acbf-f9be7fe16f1b,identifier=75c6a999-36d8-42b4-ae1e-37ab2c61bdb3] 
difference -&gt; /com.dotmarketing.beans.ContainerStructure&gt;&lt;/elements&gt;&lt;/csList&gt;&lt;/com.dotcms.publisher.pusher.wrapper.ContainerWrapper&gt;
expected -&gt; &lt;com.dotcms.publisher.pusher.wrapper.ContainerWrapper&gt;&lt;containerId&gt;&lt;id&gt;75c6a999-36d8-42b4-ae1e-37ab2c61bdb3&lt;/id&gt;&lt;assetName&gt;75c6a999-36d8-42b4-ae1e-37ab2c61bdb3.containers&lt;/assetName&gt;&lt;assetType&gt;containers&lt;/assetType&gt;&lt;parentPath&gt;/&lt;/parentPath&gt;&lt;hostId&gt;21371606-ea34-4800-b068-fd155383face&lt;/hostId&gt;&lt;inode&gt;7b454b4c-0e46-4d96-acbf-f9be7fe16f1b&lt;/inode&gt;&lt;identifier&gt;75c6a999-36d8-42b4-ae1e-37ab2c61bdb3&lt;/identifier&gt;&lt;source&gt;DB&lt;/source&gt;&lt;title&gt;testTitle1614982130961&lt;/title&gt;&lt;friendlyName&gt;testFriendlyName1614982130961&lt;/friendlyName&gt;&lt;modUser&gt;system&lt;/modUser&gt;&lt;sortOrder&gt;0&lt;/sortOrder&gt;&lt;showOnMenu&gt;false&lt;/showOnMenu&gt;&lt;maxContentlets&gt;5&lt;/maxContentlets&gt;&lt;useDiv&gt;true&lt;/useDiv&gt;&lt;preLoop&gt;&amp;lt;div&amp;gt;&lt;/preLoop&gt;&lt;postLoop&gt;&amp;lt;/div&amp;gt;&lt;/postLoop&gt;&lt;staticify&gt;true&lt;/staticify&gt;&lt;notes&gt;testNotes1614982130961&lt;/notes&gt;&lt;/container&gt;&lt;cvi class=&quot;com.dotmarketing.portlets.containers.model.ContainerVersionInfo&quot;&gt;&lt;identifier&gt;75c6a999-36d8-42b4-ae1e-37ab2c61bdb3&lt;/identifier&gt;&lt;workingInode&gt;7b454b4c-0e46-4d96-acbf-f9be7fe16f1b&lt;/workingInode&gt;&lt;deleted&gt;false&lt;/deleted&gt;&lt;/cvi&gt;&lt;operation&gt;PUBLISH&lt;/operation&gt;&lt;csList class=&quot;com.google.common.collect.RegularImmutableList&quot; resolves-to=&quot;com.google.common.collect.ImmutableList$SerializedForm&quot;&gt;&lt;elements&gt;&lt;com.dotmarketing.beans.ContainerStructure&gt;&lt;id&gt;07a0da21-626a-47d9-a320-f9d201488882&lt;/id&gt;&lt;structureId&gt;67531952-4896-4fa3-986a-83427d41eab8&lt;/structureId&gt;&lt;containerInode&gt;7b454b4c-0e46-4d96-acbf-f9be7fe16f1b&lt;/containerInode&gt;&lt;containerId&gt;75c6a999-36d8-42b4-ae1e-37ab2c61bdb3&lt;/containerId&gt;&lt;code&gt;__code__&lt;/code&gt;&lt;/com.dotmarketing.beans.ContainerStructure&gt;&lt;/elements&gt;&lt;/csList&gt;&lt;/com.dotcms.publisher.pusher.wrapper.ContainerWrapper&gt;
real -&gt; &lt;com.dotcms.publisher.pusher.wrapper.ContainerWrapper&gt;&lt;containerId&gt;&lt;id&gt;75c6a999-36d8-42b4-ae1e-37ab2c61bdb3&lt;/id&gt;&lt;assetName&gt;75c6a999-36d8-42b4-ae1e-37ab2c61bdb3.containers&lt;/assetName&gt;&lt;assetType&gt;containers&lt;/assetType&gt;&lt;parentPath&gt;/&lt;/parentPath&gt;&lt;hostId&gt;21371606-ea34-4800-b068-fd155383face&lt;/hostId&gt;&lt;inode&gt;7b454b4c-0e46-4d96-acbf-f9be7fe16f1b&lt;/inode&gt;&lt;identifier&gt;75c6a999-36d8-42b4-ae1e-37ab2c61bdb3&lt;/identifier&gt;&lt;source&gt;DB&lt;/source&gt;&lt;title&gt;testTitle1614982130961&lt;/title&gt;&lt;friendlyName&gt;testFriendlyName1614982130961&lt;/friendlyName&gt;&lt;modUser&gt;system&lt;/modUser&gt;&lt;sortOrder&gt;0&lt;/sortOrder&gt;&lt;showOnMenu&gt;false&lt;/showOnMenu&gt;&lt;maxContentlets&gt;5&lt;/maxContentlets&gt;&lt;useDiv&gt;true&lt;/useDiv&gt;&lt;preLoop&gt;&amp;lt;div&amp;gt;&lt;/preLoop&gt;&lt;postLoop&gt;&amp;lt;/div&amp;gt;&lt;/postLoop&gt;&lt;staticify&gt;true&lt;/staticify&gt;&lt;notes&gt;testNotes1614982130961&lt;/notes&gt;&lt;/container&gt;&lt;cvi class=&quot;com.dotmarketing.portlets.containers.model.ContainerVersionInfo&quot;&gt;&lt;identifier&gt;75c6a999-36d8-42b4-ae1e-37ab2c61bdb3&lt;/identifier&gt;&lt;workingInode&gt;7b454b4c-0e46-4d96-acbf-f9be7fe16f1b&lt;/workingInode&gt;&lt;deleted&gt;false&lt;/deleted&gt;&lt;/cvi&gt;&lt;operation&gt;PUBLISH&lt;/operation&gt;&lt;csList class=&quot;com.google.common.collect.RegularImmutableList&quot; resolves-to=&quot;com.google.common.collect.ImmutableList$SerializedForm&quot;&gt;&lt;elements&gt;&lt;com.dotmarketing.beans.ContainerStructure&gt;&lt;id&gt;07a0da21-626a-47d9-a320-f9d201488882&lt;/id&gt;&lt;structureId&gt;67531952-4896-4fa3-986a-83427d41eab8&lt;/structureId&gt;&lt;containerInode&gt;7b454b4c-0e46-4d96-acbf-f9be7fe16f1b&lt;/containerInode&gt;&lt;containerId&gt;75c6a999-36d8-42b4-ae1e-37ab2c61bdb3&lt;/containerId&gt;&lt;/com.dotmarketing.beans.ContainerStructure&gt;&lt;/elements&gt;&lt;/csList&gt;&lt;/com.dotcms.publisher.pusher.wrapper.ContainerWrapper&gt;

	at org.jgroups.util.Util.assertEquals(Util.java:185)
	at com.dotcms.test.util.FileTestUtil.assertBundleFile(FileTestUtil.java:254)
	at com.dotcms.test.util.FileTestUtil.assertBundleFile(FileTestUtil.java:151)
	at com.dotcms.publishing.PublisherAPIImplTest.publish(PublisherAPIImplTest.java:383)
	at sun.reflect.NativeMethodAccessorImpl.invoke0(Native Method)
	at sun.reflect.NativeMethodAccessorImpl.invoke(NativeMethodAccessorImpl.java:62)
	at sun.reflect.DelegatingMethodAccessorImpl.invoke(DelegatingMethodAccessorImpl.java:43)
	at java.lang.reflect.Method.invoke(Method.java:498)
	at org.junit.runners.model.FrameworkMethod$1.runReflectiveCall(FrameworkMethod.java:50)
	at org.junit.internal.runners.model.ReflectiveCallable.run(ReflectiveCallable.java:12)
	at org.junit.runners.model.FrameworkMethod.invokeExplosively(FrameworkMethod.java:47)
	at com.tngtech.java.junit.dataprovider.DataProviderFrameworkMethod.invokeExplosively(DataProviderFrameworkMethod.java:119)
	at org.junit.internal.runners.statements.InvokeMethod.evaluate(InvokeMethod.java:17)
	at org.junit.rules.TestWatcher$1.evaluate(TestWatcher.java:55)
	at org.junit.rules.RunRules.evaluate(RunRules.java:20)
	at org.junit.runners.ParentRunner.runLeaf(ParentRunner.java:325)
	at com.dotcms.junit.CustomDataProviderRunner.runChild(CustomDataProviderRunner.java:28)
	at com.dotcms.junit.CustomDataProviderRunner.runChild(CustomDataProviderRunner.java:13)
	at org.junit.runners.ParentRunner$3.run(ParentRunner.java:290)
	at org.junit.runners.ParentRunner$1.schedule(ParentRunner.java:71)
	at org.junit.runners.ParentRunner.runChildren(ParentRunner.java:288)
	at org.junit.runners.ParentRunner.access$000(ParentRunner.java:58)
	at org.junit.runners.ParentRunner$2.evaluate(ParentRunner.java:268)
	at org.junit.internal.runners.statements.RunBefores.evaluate(RunBefores.java:26)
	at org.junit.internal.runners.statements.RunAfters.evaluate(RunAfters.java:27)
	at org.junit.runners.ParentRunner.run(ParentRunner.java:363)
	at org.junit.runners.Suite.runChild(Suite.java:128)
	at org.junit.runners.Suite.runChild(Suite.java:27)
	at org.junit.runners.ParentRunner$3.run(ParentRunner.java:290)
	at org.junit.runners.ParentRunner$1.schedule(ParentRunner.java:71)
	at org.junit.runners.ParentRunner.runChildren(ParentRunner.java:288)
	at org.junit.runners.ParentRunner.access$000(ParentRunner.java:58)
	at org.junit.runners.ParentRunner$2.evaluate(ParentRunner.java:268)
	at org.junit.runners.ParentRunner.run(ParentRunner.java:363)
	at org.gradle.api.internal.tasks.testing.junit.JUnitTestClassExecutor.runTestClass(JUnitTestClassExecutor.java:106)
	at org.gradle.api.internal.tasks.testing.junit.JUnitTestClassExecutor.execute(JUnitTestClassExecutor.java:58)
	at org.gradle.api.internal.tasks.testing.junit.JUnitTestClassExecutor.execute(JUnitTestClassExecutor.java:38)
	at org.gradle.api.internal.tasks.testing.junit.AbstractJUnitTestClassProcessor.processTestClass(AbstractJUnitTestClassProcessor.java:66)
	at org.gradle.api.internal.tasks.testing.SuiteTestClassProcessor.processTestClass(SuiteTestClassProcessor.java:51)
	at sun.reflect.NativeMethodAccessorImpl.invoke0(Native Method)
	at sun.reflect.NativeMethodAccessorImpl.invoke(NativeMethodAccessorImpl.java:62)
	at sun.reflect.DelegatingMethodAccessorImpl.invoke(DelegatingMethodAccessorImpl.java:43)
	at java.lang.reflect.Method.invoke(Method.java:498)
	at org.gradle.internal.dispatch.ReflectionDispatch.dispatch(ReflectionDispatch.java:35)
	at org.gradle.internal.dispatch.ReflectionDispatch.dispatch(ReflectionDispatch.java:24)
	at org.gradle.internal.dispatch.ContextClassLoaderDispatch.dispatch(ContextClassLoaderDispatch.java:32)
	at org.gradle.internal.dispatch.ProxyDispatchAdapter$DispatchingInvocationHandler.invoke(ProxyDispatchAdapter.java:93)
	at com.sun.proxy.$Proxy2.processTestClass(Unknown Source)
	at org.gradle.api.internal.tasks.testing.worker.TestWorker.processTestClass(TestWorker.java:117)
	at sun.reflect.NativeMethodAccessorImpl.invoke0(Native Method)
	at sun.reflect.NativeMethodAccessorImpl.invoke(NativeMethodAccessorImpl.java:62)
	at sun.reflect.DelegatingMethodAccessorImpl.invoke(DelegatingMethodAccessorImpl.java:43)
	at java.lang.reflect.Method.invoke(Method.java:498)
	at org.gradle.internal.dispatch.ReflectionDispatch.dispatch(ReflectionDispatch.java:35)
	at org.gradle.internal.dispatch.ReflectionDispatch.dispatch(ReflectionDispatch.java:24)
	at org.gradle.internal.remote.internal.hub.MessageHubBackedObjectConnection$DispatchWrapper.dispatch(MessageHubBackedObjectConnection.java:155)
	at org.gradle.internal.remote.internal.hub.MessageHubBackedObjectConnection$DispatchWrapper.dispatch(MessageHubBackedObjectConnection.java:137)
	at org.gradle.internal.remote.internal.hub.MessageHub$Handler.run(MessageHub.java:404)
	at org.gradle.internal.concurrent.ExecutorPolicy$CatchAndRecordFailures.onExecute(ExecutorPolicy.java:63)
	at org.gradle.internal.concurrent.ManagedExecutorImpl$1.run(ManagedExecutorImpl.java:46)
	at java.util.concurrent.ThreadPoolExecutor.runWorker(ThreadPoolExecutor.java:1149)
	at java.util.concurrent.ThreadPoolExecutor$Worker.run(ThreadPoolExecutor.java:624)
	at org.gradle.internal.concurrent.ThreadFactoryImpl$ManagedThreadRunnable.run(ThreadFactoryImpl.java:55)
	at java.lang.Thread.run(Thread.java:748)
</pre>
</span>
</div>
<div class="test">
<a name="publish[14: com.dotcms.publishing.PublisherAPIImplTest$TestCase@79f71756]"></a>
<h3 class="failures">publish[14: com.dotcms.publishing.PublisherAPIImplTest$TestCase@79f71756]</h3>
<span class="code">
<pre>java.lang.AssertionError: Fail for Link:
Asset -&gt; com.dotmarketing.portlets.links.model.Link@23fbe1b4 
difference -&gt; linkType&gt;EXTERNAL&lt;/linkType&gt;&lt;hostId&gt;4b4402f7-39e9-4a0d-9b62-5f528e6cc341&lt;/hostId&gt;&lt;/com.dotmarketing.portlets.links.model.Link&gt;&lt;/links&gt;&lt;vi class=&quot;com.dotmarketing.portlets.links.model.LinkVersionInfo&quot;&gt;&lt;identifier&gt;6cf9848d-c0bf-4b0b-aed5-cff7dfdca57f&lt;/identifier&gt;&lt;workingInode&gt;671fb37b-7e8b-4308-a5cc-e78491f8400c&lt;/workingInode&gt;&lt;deleted&gt;false&lt;/deleted&gt;&lt;/vi&gt;&lt;operation&gt;PUBLISH&lt;/operation&gt;&lt;/com.dotcms.publisher.pusher.wrapper.LinkWrapper&gt;
expected -&gt; &lt;com.dotcms.publisher.pusher.wrapper.LinkWrapper&gt;&lt;linkId&gt;&lt;id&gt;6cf9848d-c0bf-4b0b-aed5-cff7dfdca57f&lt;/id&gt;&lt;assetName&gt;671fb37b-7e8b-4308-a5cc-e78491f8400c&lt;/assetName&gt;&lt;assetType&gt;links&lt;/assetType&gt;&lt;parentPath&gt;/testName1614982131963/&lt;/parentPath&gt;&lt;hostId&gt;4b4402f7-39e9-4a0d-9b62-5f528e6cc341&lt;/hostId&gt;&lt;inode&gt;671fb37b-7e8b-4308-a5cc-e78491f8400c&lt;/inode&gt;&lt;identifier&gt;6cf9848d-c0bf-4b0b-aed5-cff7dfdca57f&lt;/identifier&gt;&lt;source&gt;DB&lt;/source&gt;&lt;title&gt;LinkTitle1614982131970&lt;/title&gt;&lt;friendlyName&gt;LinkTitle1614982131970&lt;/friendlyName&gt;&lt;modUser&gt;system&lt;/modUser&gt;&lt;sortOrder&gt;0&lt;/sortOrder&gt;&lt;showOnMenu&gt;false&lt;/showOnMenu&gt;&lt;parent&gt;/testName1614982131963/&lt;/parent&gt;&lt;protocal&gt;https://&lt;/protocal&gt;&lt;url&gt;www.google.com&lt;/url&gt;&lt;target&gt;_blank&lt;/target&gt;&lt;internalLinkIdentifier&gt;&lt;/internalLinkIdentifier&gt;&lt;linkType&gt;EXTERNAL&lt;/linkType&gt;&lt;linkCode&gt;&lt;/linkCode&gt;&lt;hostId&gt;4b4402f7-39e9-4a0d-9b62-5f528e6cc341&lt;/hostId&gt;&lt;/com.dotmarketing.portlets.links.model.Link&gt;&lt;/links&gt;&lt;vi class=&quot;com.dotmarketing.portlets.links.model.LinkVersionInfo&quot;&gt;&lt;identifier&gt;6cf9848d-c0bf-4b0b-aed5-cff7dfdca57f&lt;/identifier&gt;&lt;workingInode&gt;671fb37b-7e8b-4308-a5cc-e78491f8400c&lt;/workingInode&gt;&lt;deleted&gt;false&lt;/deleted&gt;&lt;/vi&gt;&lt;operation&gt;PUBLISH&lt;/operation&gt;&lt;/com.dotcms.publisher.pusher.wrapper.LinkWrapper&gt;
real -&gt; &lt;com.dotcms.publisher.pusher.wrapper.LinkWrapper&gt;&lt;linkId&gt;&lt;id&gt;6cf9848d-c0bf-4b0b-aed5-cff7dfdca57f&lt;/id&gt;&lt;assetName&gt;671fb37b-7e8b-4308-a5cc-e78491f8400c&lt;/assetName&gt;&lt;assetType&gt;links&lt;/assetType&gt;&lt;parentPath&gt;/testName1614982131963/&lt;/parentPath&gt;&lt;hostId&gt;4b4402f7-39e9-4a0d-9b62-5f528e6cc341&lt;/hostId&gt;&lt;inode&gt;671fb37b-7e8b-4308-a5cc-e78491f8400c&lt;/inode&gt;&lt;identifier&gt;6cf9848d-c0bf-4b0b-aed5-cff7dfdca57f&lt;/identifier&gt;&lt;source&gt;DB&lt;/source&gt;&lt;title&gt;LinkTitle1614982131970&lt;/title&gt;&lt;friendlyName&gt;LinkTitle1614982131970&lt;/friendlyName&gt;&lt;modUser&gt;system&lt;/modUser&gt;&lt;sortOrder&gt;0&lt;/sortOrder&gt;&lt;showOnMenu&gt;false&lt;/showOnMenu&gt;&lt;parent&gt;/testName1614982131963/&lt;/parent&gt;&lt;protocal&gt;https://&lt;/protocal&gt;&lt;url&gt;www.google.com&lt;/url&gt;&lt;target&gt;_blank&lt;/target&gt;&lt;linkType&gt;EXTERNAL&lt;/linkType&gt;&lt;hostId&gt;4b4402f7-39e9-4a0d-9b62-5f528e6cc341&lt;/hostId&gt;&lt;/com.dotmarketing.portlets.links.model.Link&gt;&lt;/links&gt;&lt;vi class=&quot;com.dotmarketing.portlets.links.model.LinkVersionInfo&quot;&gt;&lt;identifier&gt;6cf9848d-c0bf-4b0b-aed5-cff7dfdca57f&lt;/identifier&gt;&lt;workingInode&gt;671fb37b-7e8b-4308-a5cc-e78491f8400c&lt;/workingInode&gt;&lt;deleted&gt;false&lt;/deleted&gt;&lt;/vi&gt;&lt;operation&gt;PUBLISH&lt;/operation&gt;&lt;/com.dotcms.publisher.pusher.wrapper.LinkWrapper&gt;

	at org.jgroups.util.Util.assertEquals(Util.java:185)
	at com.dotcms.test.util.FileTestUtil.assertBundleFile(FileTestUtil.java:254)
	at com.dotcms.test.util.FileTestUtil.assertBundleFile(FileTestUtil.java:191)
	at com.dotcms.publishing.PublisherAPIImplTest.publish(PublisherAPIImplTest.java:379)
	at sun.reflect.NativeMethodAccessorImpl.invoke0(Native Method)
	at sun.reflect.NativeMethodAccessorImpl.invoke(NativeMethodAccessorImpl.java:62)
	at sun.reflect.DelegatingMethodAccessorImpl.invoke(DelegatingMethodAccessorImpl.java:43)
	at java.lang.reflect.Method.invoke(Method.java:498)
	at org.junit.runners.model.FrameworkMethod$1.runReflectiveCall(FrameworkMethod.java:50)
	at org.junit.internal.runners.model.ReflectiveCallable.run(ReflectiveCallable.java:12)
	at org.junit.runners.model.FrameworkMethod.invokeExplosively(FrameworkMethod.java:47)
	at com.tngtech.java.junit.dataprovider.DataProviderFrameworkMethod.invokeExplosively(DataProviderFrameworkMethod.java:119)
	at org.junit.internal.runners.statements.InvokeMethod.evaluate(InvokeMethod.java:17)
	at org.junit.rules.TestWatcher$1.evaluate(TestWatcher.java:55)
	at org.junit.rules.RunRules.evaluate(RunRules.java:20)
	at org.junit.runners.ParentRunner.runLeaf(ParentRunner.java:325)
	at com.dotcms.junit.CustomDataProviderRunner.runChild(CustomDataProviderRunner.java:28)
	at com.dotcms.junit.CustomDataProviderRunner.runChild(CustomDataProviderRunner.java:13)
	at org.junit.runners.ParentRunner$3.run(ParentRunner.java:290)
	at org.junit.runners.ParentRunner$1.schedule(ParentRunner.java:71)
	at org.junit.runners.ParentRunner.runChildren(ParentRunner.java:288)
	at org.junit.runners.ParentRunner.access$000(ParentRunner.java:58)
	at org.junit.runners.ParentRunner$2.evaluate(ParentRunner.java:268)
	at org.junit.internal.runners.statements.RunBefores.evaluate(RunBefores.java:26)
	at org.junit.internal.runners.statements.RunAfters.evaluate(RunAfters.java:27)
	at org.junit.runners.ParentRunner.run(ParentRunner.java:363)
	at org.junit.runners.Suite.runChild(Suite.java:128)
	at org.junit.runners.Suite.runChild(Suite.java:27)
	at org.junit.runners.ParentRunner$3.run(ParentRunner.java:290)
	at org.junit.runners.ParentRunner$1.schedule(ParentRunner.java:71)
	at org.junit.runners.ParentRunner.runChildren(ParentRunner.java:288)
	at org.junit.runners.ParentRunner.access$000(ParentRunner.java:58)
	at org.junit.runners.ParentRunner$2.evaluate(ParentRunner.java:268)
	at org.junit.runners.ParentRunner.run(ParentRunner.java:363)
	at org.gradle.api.internal.tasks.testing.junit.JUnitTestClassExecutor.runTestClass(JUnitTestClassExecutor.java:106)
	at org.gradle.api.internal.tasks.testing.junit.JUnitTestClassExecutor.execute(JUnitTestClassExecutor.java:58)
	at org.gradle.api.internal.tasks.testing.junit.JUnitTestClassExecutor.execute(JUnitTestClassExecutor.java:38)
	at org.gradle.api.internal.tasks.testing.junit.AbstractJUnitTestClassProcessor.processTestClass(AbstractJUnitTestClassProcessor.java:66)
	at org.gradle.api.internal.tasks.testing.SuiteTestClassProcessor.processTestClass(SuiteTestClassProcessor.java:51)
	at sun.reflect.NativeMethodAccessorImpl.invoke0(Native Method)
	at sun.reflect.NativeMethodAccessorImpl.invoke(NativeMethodAccessorImpl.java:62)
	at sun.reflect.DelegatingMethodAccessorImpl.invoke(DelegatingMethodAccessorImpl.java:43)
	at java.lang.reflect.Method.invoke(Method.java:498)
	at org.gradle.internal.dispatch.ReflectionDispatch.dispatch(ReflectionDispatch.java:35)
	at org.gradle.internal.dispatch.ReflectionDispatch.dispatch(ReflectionDispatch.java:24)
	at org.gradle.internal.dispatch.ContextClassLoaderDispatch.dispatch(ContextClassLoaderDispatch.java:32)
	at org.gradle.internal.dispatch.ProxyDispatchAdapter$DispatchingInvocationHandler.invoke(ProxyDispatchAdapter.java:93)
	at com.sun.proxy.$Proxy2.processTestClass(Unknown Source)
	at org.gradle.api.internal.tasks.testing.worker.TestWorker.processTestClass(TestWorker.java:117)
	at sun.reflect.NativeMethodAccessorImpl.invoke0(Native Method)
	at sun.reflect.NativeMethodAccessorImpl.invoke(NativeMethodAccessorImpl.java:62)
	at sun.reflect.DelegatingMethodAccessorImpl.invoke(DelegatingMethodAccessorImpl.java:43)
	at java.lang.reflect.Method.invoke(Method.java:498)
	at org.gradle.internal.dispatch.ReflectionDispatch.dispatch(ReflectionDispatch.java:35)
	at org.gradle.internal.dispatch.ReflectionDispatch.dispatch(ReflectionDispatch.java:24)
	at org.gradle.internal.remote.internal.hub.MessageHubBackedObjectConnection$DispatchWrapper.dispatch(MessageHubBackedObjectConnection.java:155)
	at org.gradle.internal.remote.internal.hub.MessageHubBackedObjectConnection$DispatchWrapper.dispatch(MessageHubBackedObjectConnection.java:137)
	at org.gradle.internal.remote.internal.hub.MessageHub$Handler.run(MessageHub.java:404)
	at org.gradle.internal.concurrent.ExecutorPolicy$CatchAndRecordFailures.onExecute(ExecutorPolicy.java:63)
	at org.gradle.internal.concurrent.ManagedExecutorImpl$1.run(ManagedExecutorImpl.java:46)
	at java.util.concurrent.ThreadPoolExecutor.runWorker(ThreadPoolExecutor.java:1149)
	at java.util.concurrent.ThreadPoolExecutor$Worker.run(ThreadPoolExecutor.java:624)
	at org.gradle.internal.concurrent.ThreadFactoryImpl$ManagedThreadRunnable.run(ThreadFactoryImpl.java:55)
	at java.lang.Thread.run(Thread.java:748)
</pre>
</span>
</div>
<div class="test">
<a name="publish[1: com.dotcms.publishing.PublisherAPIImplTest$TestCase@676e59c7]"></a>
<h3 class="failures">publish[1: com.dotcms.publishing.PublisherAPIImplTest$TestCase@676e59c7]</h3>
<span class="code">
<pre>java.lang.AssertionError: Fail for Container:
Asset -&gt; com.dotmarketing.portlets.containers.model.Container@756f3358[code=&lt;null&gt;,maxContentlets=5,useDiv=true,sortContentletsBy=&lt;null&gt;,preLoop=&lt;div&gt;,postLoop=&lt;/div&gt;,staticify=true,luceneQuery=&lt;null&gt;,notes=testNotes1614982127898,source=DB,title=testTitle1614982127898,friendlyName=testFriendlyName1614982127898,modDate=Fri Mar 05 22:08:47 GMT 2021,modUser=system,sortOrder=0,showOnMenu=false,iDate=Fri Mar 05 22:08:47 GMT 2021,type=containers,owner=system,inode=9cc0406a-e553-44bc-afa1-2b9bcd6b6f2b,identifier=cf4f8872-10c5-4c6f-a651-887f8d494635] 
difference -&gt; /com.dotmarketing.beans.ContainerStructure&gt;&lt;/elements&gt;&lt;/csList&gt;&lt;/com.dotcms.publisher.pusher.wrapper.ContainerWrapper&gt;
expected -&gt; &lt;com.dotcms.publisher.pusher.wrapper.ContainerWrapper&gt;&lt;containerId&gt;&lt;id&gt;cf4f8872-10c5-4c6f-a651-887f8d494635&lt;/id&gt;&lt;assetName&gt;cf4f8872-10c5-4c6f-a651-887f8d494635.containers&lt;/assetName&gt;&lt;assetType&gt;containers&lt;/assetType&gt;&lt;parentPath&gt;/&lt;/parentPath&gt;&lt;hostId&gt;7fe4e557-a1df-4d76-8db5-d4d0711c5024&lt;/hostId&gt;&lt;inode&gt;9cc0406a-e553-44bc-afa1-2b9bcd6b6f2b&lt;/inode&gt;&lt;identifier&gt;cf4f8872-10c5-4c6f-a651-887f8d494635&lt;/identifier&gt;&lt;source&gt;DB&lt;/source&gt;&lt;title&gt;testTitle1614982127898&lt;/title&gt;&lt;friendlyName&gt;testFriendlyName1614982127898&lt;/friendlyName&gt;&lt;modUser&gt;system&lt;/modUser&gt;&lt;sortOrder&gt;0&lt;/sortOrder&gt;&lt;showOnMenu&gt;false&lt;/showOnMenu&gt;&lt;maxContentlets&gt;5&lt;/maxContentlets&gt;&lt;useDiv&gt;true&lt;/useDiv&gt;&lt;preLoop&gt;&amp;lt;div&amp;gt;&lt;/preLoop&gt;&lt;postLoop&gt;&amp;lt;/div&amp;gt;&lt;/postLoop&gt;&lt;staticify&gt;true&lt;/staticify&gt;&lt;notes&gt;testNotes1614982127898&lt;/notes&gt;&lt;/container&gt;&lt;cvi class=&quot;com.dotmarketing.portlets.containers.model.ContainerVersionInfo&quot;&gt;&lt;identifier&gt;cf4f8872-10c5-4c6f-a651-887f8d494635&lt;/identifier&gt;&lt;workingInode&gt;9cc0406a-e553-44bc-afa1-2b9bcd6b6f2b&lt;/workingInode&gt;&lt;deleted&gt;false&lt;/deleted&gt;&lt;/cvi&gt;&lt;operation&gt;PUBLISH&lt;/operation&gt;&lt;csList class=&quot;com.google.common.collect.RegularImmutableList&quot; resolves-to=&quot;com.google.common.collect.ImmutableList$SerializedForm&quot;&gt;&lt;elements&gt;&lt;com.dotmarketing.beans.ContainerStructure&gt;&lt;id&gt;3d968e60-7cc3-4bc6-84ae-fad7c9bd222b&lt;/id&gt;&lt;structureId&gt;b5a27a92-e18d-47d8-a2d7-7b68c7868502&lt;/structureId&gt;&lt;containerInode&gt;9cc0406a-e553-44bc-afa1-2b9bcd6b6f2b&lt;/containerInode&gt;&lt;containerId&gt;cf4f8872-10c5-4c6f-a651-887f8d494635&lt;/containerId&gt;&lt;code&gt;__code__&lt;/code&gt;&lt;/com.dotmarketing.beans.ContainerStructure&gt;&lt;/elements&gt;&lt;/csList&gt;&lt;/com.dotcms.publisher.pusher.wrapper.ContainerWrapper&gt;
real -&gt; &lt;com.dotcms.publisher.pusher.wrapper.ContainerWrapper&gt;&lt;containerId&gt;&lt;id&gt;cf4f8872-10c5-4c6f-a651-887f8d494635&lt;/id&gt;&lt;assetName&gt;cf4f8872-10c5-4c6f-a651-887f8d494635.containers&lt;/assetName&gt;&lt;assetType&gt;containers&lt;/assetType&gt;&lt;parentPath&gt;/&lt;/parentPath&gt;&lt;hostId&gt;7fe4e557-a1df-4d76-8db5-d4d0711c5024&lt;/hostId&gt;&lt;inode&gt;9cc0406a-e553-44bc-afa1-2b9bcd6b6f2b&lt;/inode&gt;&lt;identifier&gt;cf4f8872-10c5-4c6f-a651-887f8d494635&lt;/identifier&gt;&lt;source&gt;DB&lt;/source&gt;&lt;title&gt;testTitle1614982127898&lt;/title&gt;&lt;friendlyName&gt;testFriendlyName1614982127898&lt;/friendlyName&gt;&lt;modUser&gt;system&lt;/modUser&gt;&lt;sortOrder&gt;0&lt;/sortOrder&gt;&lt;showOnMenu&gt;false&lt;/showOnMenu&gt;&lt;maxContentlets&gt;5&lt;/maxContentlets&gt;&lt;useDiv&gt;true&lt;/useDiv&gt;&lt;preLoop&gt;&amp;lt;div&amp;gt;&lt;/preLoop&gt;&lt;postLoop&gt;&amp;lt;/div&amp;gt;&lt;/postLoop&gt;&lt;staticify&gt;true&lt;/staticify&gt;&lt;notes&gt;testNotes1614982127898&lt;/notes&gt;&lt;/container&gt;&lt;cvi class=&quot;com.dotmarketing.portlets.containers.model.ContainerVersionInfo&quot;&gt;&lt;identifier&gt;cf4f8872-10c5-4c6f-a651-887f8d494635&lt;/identifier&gt;&lt;workingInode&gt;9cc0406a-e553-44bc-afa1-2b9bcd6b6f2b&lt;/workingInode&gt;&lt;deleted&gt;false&lt;/deleted&gt;&lt;/cvi&gt;&lt;operation&gt;PUBLISH&lt;/operation&gt;&lt;csList class=&quot;com.google.common.collect.RegularImmutableList&quot; resolves-to=&quot;com.google.common.collect.ImmutableList$SerializedForm&quot;&gt;&lt;elements&gt;&lt;com.dotmarketing.beans.ContainerStructure&gt;&lt;id&gt;3d968e60-7cc3-4bc6-84ae-fad7c9bd222b&lt;/id&gt;&lt;structureId&gt;b5a27a92-e18d-47d8-a2d7-7b68c7868502&lt;/structureId&gt;&lt;containerInode&gt;9cc0406a-e553-44bc-afa1-2b9bcd6b6f2b&lt;/containerInode&gt;&lt;containerId&gt;cf4f8872-10c5-4c6f-a651-887f8d494635&lt;/containerId&gt;&lt;/com.dotmarketing.beans.ContainerStructure&gt;&lt;/elements&gt;&lt;/csList&gt;&lt;/com.dotcms.publisher.pusher.wrapper.ContainerWrapper&gt;

	at org.jgroups.util.Util.assertEquals(Util.java:185)
	at com.dotcms.test.util.FileTestUtil.assertBundleFile(FileTestUtil.java:254)
	at com.dotcms.test.util.FileTestUtil.assertBundleFile(FileTestUtil.java:151)
	at com.dotcms.publishing.PublisherAPIImplTest.publish(PublisherAPIImplTest.java:383)
	at sun.reflect.NativeMethodAccessorImpl.invoke0(Native Method)
	at sun.reflect.NativeMethodAccessorImpl.invoke(NativeMethodAccessorImpl.java:62)
	at sun.reflect.DelegatingMethodAccessorImpl.invoke(DelegatingMethodAccessorImpl.java:43)
	at java.lang.reflect.Method.invoke(Method.java:498)
	at org.junit.runners.model.FrameworkMethod$1.runReflectiveCall(FrameworkMethod.java:50)
	at org.junit.internal.runners.model.ReflectiveCallable.run(ReflectiveCallable.java:12)
	at org.junit.runners.model.FrameworkMethod.invokeExplosively(FrameworkMethod.java:47)
	at com.tngtech.java.junit.dataprovider.DataProviderFrameworkMethod.invokeExplosively(DataProviderFrameworkMethod.java:119)
	at org.junit.internal.runners.statements.InvokeMethod.evaluate(InvokeMethod.java:17)
	at org.junit.rules.TestWatcher$1.evaluate(TestWatcher.java:55)
	at org.junit.rules.RunRules.evaluate(RunRules.java:20)
	at org.junit.runners.ParentRunner.runLeaf(ParentRunner.java:325)
	at com.dotcms.junit.CustomDataProviderRunner.runChild(CustomDataProviderRunner.java:28)
	at com.dotcms.junit.CustomDataProviderRunner.runChild(CustomDataProviderRunner.java:13)
	at org.junit.runners.ParentRunner$3.run(ParentRunner.java:290)
	at org.junit.runners.ParentRunner$1.schedule(ParentRunner.java:71)
	at org.junit.runners.ParentRunner.runChildren(ParentRunner.java:288)
	at org.junit.runners.ParentRunner.access$000(ParentRunner.java:58)
	at org.junit.runners.ParentRunner$2.evaluate(ParentRunner.java:268)
	at org.junit.internal.runners.statements.RunBefores.evaluate(RunBefores.java:26)
	at org.junit.internal.runners.statements.RunAfters.evaluate(RunAfters.java:27)
	at org.junit.runners.ParentRunner.run(ParentRunner.java:363)
	at org.junit.runners.Suite.runChild(Suite.java:128)
	at org.junit.runners.Suite.runChild(Suite.java:27)
	at org.junit.runners.ParentRunner$3.run(ParentRunner.java:290)
	at org.junit.runners.ParentRunner$1.schedule(ParentRunner.java:71)
	at org.junit.runners.ParentRunner.runChildren(ParentRunner.java:288)
	at org.junit.runners.ParentRunner.access$000(ParentRunner.java:58)
	at org.junit.runners.ParentRunner$2.evaluate(ParentRunner.java:268)
	at org.junit.runners.ParentRunner.run(ParentRunner.java:363)
	at org.gradle.api.internal.tasks.testing.junit.JUnitTestClassExecutor.runTestClass(JUnitTestClassExecutor.java:106)
	at org.gradle.api.internal.tasks.testing.junit.JUnitTestClassExecutor.execute(JUnitTestClassExecutor.java:58)
	at org.gradle.api.internal.tasks.testing.junit.JUnitTestClassExecutor.execute(JUnitTestClassExecutor.java:38)
	at org.gradle.api.internal.tasks.testing.junit.AbstractJUnitTestClassProcessor.processTestClass(AbstractJUnitTestClassProcessor.java:66)
	at org.gradle.api.internal.tasks.testing.SuiteTestClassProcessor.processTestClass(SuiteTestClassProcessor.java:51)
	at sun.reflect.NativeMethodAccessorImpl.invoke0(Native Method)
	at sun.reflect.NativeMethodAccessorImpl.invoke(NativeMethodAccessorImpl.java:62)
	at sun.reflect.DelegatingMethodAccessorImpl.invoke(DelegatingMethodAccessorImpl.java:43)
	at java.lang.reflect.Method.invoke(Method.java:498)
	at org.gradle.internal.dispatch.ReflectionDispatch.dispatch(ReflectionDispatch.java:35)
	at org.gradle.internal.dispatch.ReflectionDispatch.dispatch(ReflectionDispatch.java:24)
	at org.gradle.internal.dispatch.ContextClassLoaderDispatch.dispatch(ContextClassLoaderDispatch.java:32)
	at org.gradle.internal.dispatch.ProxyDispatchAdapter$DispatchingInvocationHandler.invoke(ProxyDispatchAdapter.java:93)
	at com.sun.proxy.$Proxy2.processTestClass(Unknown Source)
	at org.gradle.api.internal.tasks.testing.worker.TestWorker.processTestClass(TestWorker.java:117)
	at sun.reflect.NativeMethodAccessorImpl.invoke0(Native Method)
	at sun.reflect.NativeMethodAccessorImpl.invoke(NativeMethodAccessorImpl.java:62)
	at sun.reflect.DelegatingMethodAccessorImpl.invoke(DelegatingMethodAccessorImpl.java:43)
	at java.lang.reflect.Method.invoke(Method.java:498)
	at org.gradle.internal.dispatch.ReflectionDispatch.dispatch(ReflectionDispatch.java:35)
	at org.gradle.internal.dispatch.ReflectionDispatch.dispatch(ReflectionDispatch.java:24)
	at org.gradle.internal.remote.internal.hub.MessageHubBackedObjectConnection$DispatchWrapper.dispatch(MessageHubBackedObjectConnection.java:155)
	at org.gradle.internal.remote.internal.hub.MessageHubBackedObjectConnection$DispatchWrapper.dispatch(MessageHubBackedObjectConnection.java:137)
	at org.gradle.internal.remote.internal.hub.MessageHub$Handler.run(MessageHub.java:404)
	at org.gradle.internal.concurrent.ExecutorPolicy$CatchAndRecordFailures.onExecute(ExecutorPolicy.java:63)
	at org.gradle.internal.concurrent.ManagedExecutorImpl$1.run(ManagedExecutorImpl.java:46)
	at java.util.concurrent.ThreadPoolExecutor.runWorker(ThreadPoolExecutor.java:1149)
	at java.util.concurrent.ThreadPoolExecutor$Worker.run(ThreadPoolExecutor.java:624)
	at org.gradle.internal.concurrent.ThreadFactoryImpl$ManagedThreadRunnable.run(ThreadFactoryImpl.java:55)
	at java.lang.Thread.run(Thread.java:748)
</pre>
</span>
</div>
<div class="test">
<a name="publish[2: com.dotcms.publishing.PublisherAPIImplTest$TestCase@2673f3ec]"></a>
<h3 class="failures">publish[2: com.dotcms.publishing.PublisherAPIImplTest$TestCase@2673f3ec]</h3>
<span class="code">
<pre>java.lang.AssertionError: Fail for Container:
Asset -&gt; com.dotmarketing.portlets.containers.model.Container@44918836[code=&lt;null&gt;,maxContentlets=5,useDiv=true,sortContentletsBy=&lt;null&gt;,preLoop=&lt;div&gt;,postLoop=&lt;/div&gt;,staticify=true,luceneQuery=&lt;null&gt;,notes=testNotes1614982128927,source=DB,title=testTitle1614982128927,friendlyName=testFriendlyName1614982128927,modDate=Fri Mar 05 22:08:48 GMT 2021,modUser=system,sortOrder=0,showOnMenu=false,iDate=Fri Mar 05 22:08:48 GMT 2021,type=containers,owner=system,inode=441807e8-c7b0-42ab-bb15-3de041c7dbb7,identifier=6e75b305-75cd-43d0-94bb-1f1b5de9b3a6] 
difference -&gt; /com.dotmarketing.beans.ContainerStructure&gt;&lt;/elements&gt;&lt;/csList&gt;&lt;/com.dotcms.publisher.pusher.wrapper.ContainerWrapper&gt;
expected -&gt; &lt;com.dotcms.publisher.pusher.wrapper.ContainerWrapper&gt;&lt;containerId&gt;&lt;id&gt;6e75b305-75cd-43d0-94bb-1f1b5de9b3a6&lt;/id&gt;&lt;assetName&gt;6e75b305-75cd-43d0-94bb-1f1b5de9b3a6.containers&lt;/assetName&gt;&lt;assetType&gt;containers&lt;/assetType&gt;&lt;parentPath&gt;/&lt;/parentPath&gt;&lt;hostId&gt;a3d72064-158b-4f5c-8e6c-c8db8ab564a9&lt;/hostId&gt;&lt;inode&gt;441807e8-c7b0-42ab-bb15-3de041c7dbb7&lt;/inode&gt;&lt;identifier&gt;6e75b305-75cd-43d0-94bb-1f1b5de9b3a6&lt;/identifier&gt;&lt;source&gt;DB&lt;/source&gt;&lt;title&gt;testTitle1614982128927&lt;/title&gt;&lt;friendlyName&gt;testFriendlyName1614982128927&lt;/friendlyName&gt;&lt;modUser&gt;system&lt;/modUser&gt;&lt;sortOrder&gt;0&lt;/sortOrder&gt;&lt;showOnMenu&gt;false&lt;/showOnMenu&gt;&lt;maxContentlets&gt;5&lt;/maxContentlets&gt;&lt;useDiv&gt;true&lt;/useDiv&gt;&lt;preLoop&gt;&amp;lt;div&amp;gt;&lt;/preLoop&gt;&lt;postLoop&gt;&amp;lt;/div&amp;gt;&lt;/postLoop&gt;&lt;staticify&gt;true&lt;/staticify&gt;&lt;notes&gt;testNotes1614982128927&lt;/notes&gt;&lt;/container&gt;&lt;cvi class=&quot;com.dotmarketing.portlets.containers.model.ContainerVersionInfo&quot;&gt;&lt;identifier&gt;6e75b305-75cd-43d0-94bb-1f1b5de9b3a6&lt;/identifier&gt;&lt;workingInode&gt;441807e8-c7b0-42ab-bb15-3de041c7dbb7&lt;/workingInode&gt;&lt;deleted&gt;false&lt;/deleted&gt;&lt;/cvi&gt;&lt;operation&gt;PUBLISH&lt;/operation&gt;&lt;csList class=&quot;com.google.common.collect.RegularImmutableList&quot; resolves-to=&quot;com.google.common.collect.ImmutableList$SerializedForm&quot;&gt;&lt;elements&gt;&lt;com.dotmarketing.beans.ContainerStructure&gt;&lt;id&gt;adbc7c69-5f33-4f4a-ac39-d6450aa3a6fa&lt;/id&gt;&lt;structureId&gt;cbd3d7e5-d225-4d55-b600-ac7e3b2810d0&lt;/structureId&gt;&lt;containerInode&gt;441807e8-c7b0-42ab-bb15-3de041c7dbb7&lt;/containerInode&gt;&lt;containerId&gt;6e75b305-75cd-43d0-94bb-1f1b5de9b3a6&lt;/containerId&gt;&lt;code&gt;__code__&lt;/code&gt;&lt;/com.dotmarketing.beans.ContainerStructure&gt;&lt;/elements&gt;&lt;/csList&gt;&lt;/com.dotcms.publisher.pusher.wrapper.ContainerWrapper&gt;
real -&gt; &lt;com.dotcms.publisher.pusher.wrapper.ContainerWrapper&gt;&lt;containerId&gt;&lt;id&gt;6e75b305-75cd-43d0-94bb-1f1b5de9b3a6&lt;/id&gt;&lt;assetName&gt;6e75b305-75cd-43d0-94bb-1f1b5de9b3a6.containers&lt;/assetName&gt;&lt;assetType&gt;containers&lt;/assetType&gt;&lt;parentPath&gt;/&lt;/parentPath&gt;&lt;hostId&gt;a3d72064-158b-4f5c-8e6c-c8db8ab564a9&lt;/hostId&gt;&lt;inode&gt;441807e8-c7b0-42ab-bb15-3de041c7dbb7&lt;/inode&gt;&lt;identifier&gt;6e75b305-75cd-43d0-94bb-1f1b5de9b3a6&lt;/identifier&gt;&lt;source&gt;DB&lt;/source&gt;&lt;title&gt;testTitle1614982128927&lt;/title&gt;&lt;friendlyName&gt;testFriendlyName1614982128927&lt;/friendlyName&gt;&lt;modUser&gt;system&lt;/modUser&gt;&lt;sortOrder&gt;0&lt;/sortOrder&gt;&lt;showOnMenu&gt;false&lt;/showOnMenu&gt;&lt;maxContentlets&gt;5&lt;/maxContentlets&gt;&lt;useDiv&gt;true&lt;/useDiv&gt;&lt;preLoop&gt;&amp;lt;div&amp;gt;&lt;/preLoop&gt;&lt;postLoop&gt;&amp;lt;/div&amp;gt;&lt;/postLoop&gt;&lt;staticify&gt;true&lt;/staticify&gt;&lt;notes&gt;testNotes1614982128927&lt;/notes&gt;&lt;/container&gt;&lt;cvi class=&quot;com.dotmarketing.portlets.containers.model.ContainerVersionInfo&quot;&gt;&lt;identifier&gt;6e75b305-75cd-43d0-94bb-1f1b5de9b3a6&lt;/identifier&gt;&lt;workingInode&gt;441807e8-c7b0-42ab-bb15-3de041c7dbb7&lt;/workingInode&gt;&lt;deleted&gt;false&lt;/deleted&gt;&lt;/cvi&gt;&lt;operation&gt;PUBLISH&lt;/operation&gt;&lt;csList class=&quot;com.google.common.collect.RegularImmutableList&quot; resolves-to=&quot;com.google.common.collect.ImmutableList$SerializedForm&quot;&gt;&lt;elements&gt;&lt;com.dotmarketing.beans.ContainerStructure&gt;&lt;id&gt;adbc7c69-5f33-4f4a-ac39-d6450aa3a6fa&lt;/id&gt;&lt;structureId&gt;cbd3d7e5-d225-4d55-b600-ac7e3b2810d0&lt;/structureId&gt;&lt;containerInode&gt;441807e8-c7b0-42ab-bb15-3de041c7dbb7&lt;/containerInode&gt;&lt;containerId&gt;6e75b305-75cd-43d0-94bb-1f1b5de9b3a6&lt;/containerId&gt;&lt;/com.dotmarketing.beans.ContainerStructure&gt;&lt;/elements&gt;&lt;/csList&gt;&lt;/com.dotcms.publisher.pusher.wrapper.ContainerWrapper&gt;

	at org.jgroups.util.Util.assertEquals(Util.java:185)
	at com.dotcms.test.util.FileTestUtil.assertBundleFile(FileTestUtil.java:254)
	at com.dotcms.test.util.FileTestUtil.assertBundleFile(FileTestUtil.java:191)
	at com.dotcms.publishing.PublisherAPIImplTest.publish(PublisherAPIImplTest.java:379)
	at sun.reflect.NativeMethodAccessorImpl.invoke0(Native Method)
	at sun.reflect.NativeMethodAccessorImpl.invoke(NativeMethodAccessorImpl.java:62)
	at sun.reflect.DelegatingMethodAccessorImpl.invoke(DelegatingMethodAccessorImpl.java:43)
	at java.lang.reflect.Method.invoke(Method.java:498)
	at org.junit.runners.model.FrameworkMethod$1.runReflectiveCall(FrameworkMethod.java:50)
	at org.junit.internal.runners.model.ReflectiveCallable.run(ReflectiveCallable.java:12)
	at org.junit.runners.model.FrameworkMethod.invokeExplosively(FrameworkMethod.java:47)
	at com.tngtech.java.junit.dataprovider.DataProviderFrameworkMethod.invokeExplosively(DataProviderFrameworkMethod.java:119)
	at org.junit.internal.runners.statements.InvokeMethod.evaluate(InvokeMethod.java:17)
	at org.junit.rules.TestWatcher$1.evaluate(TestWatcher.java:55)
	at org.junit.rules.RunRules.evaluate(RunRules.java:20)
	at org.junit.runners.ParentRunner.runLeaf(ParentRunner.java:325)
	at com.dotcms.junit.CustomDataProviderRunner.runChild(CustomDataProviderRunner.java:28)
	at com.dotcms.junit.CustomDataProviderRunner.runChild(CustomDataProviderRunner.java:13)
	at org.junit.runners.ParentRunner$3.run(ParentRunner.java:290)
	at org.junit.runners.ParentRunner$1.schedule(ParentRunner.java:71)
	at org.junit.runners.ParentRunner.runChildren(ParentRunner.java:288)
	at org.junit.runners.ParentRunner.access$000(ParentRunner.java:58)
	at org.junit.runners.ParentRunner$2.evaluate(ParentRunner.java:268)
	at org.junit.internal.runners.statements.RunBefores.evaluate(RunBefores.java:26)
	at org.junit.internal.runners.statements.RunAfters.evaluate(RunAfters.java:27)
	at org.junit.runners.ParentRunner.run(ParentRunner.java:363)
	at org.junit.runners.Suite.runChild(Suite.java:128)
	at org.junit.runners.Suite.runChild(Suite.java:27)
	at org.junit.runners.ParentRunner$3.run(ParentRunner.java:290)
	at org.junit.runners.ParentRunner$1.schedule(ParentRunner.java:71)
	at org.junit.runners.ParentRunner.runChildren(ParentRunner.java:288)
	at org.junit.runners.ParentRunner.access$000(ParentRunner.java:58)
	at org.junit.runners.ParentRunner$2.evaluate(ParentRunner.java:268)
	at org.junit.runners.ParentRunner.run(ParentRunner.java:363)
	at org.gradle.api.internal.tasks.testing.junit.JUnitTestClassExecutor.runTestClass(JUnitTestClassExecutor.java:106)
	at org.gradle.api.internal.tasks.testing.junit.JUnitTestClassExecutor.execute(JUnitTestClassExecutor.java:58)
	at org.gradle.api.internal.tasks.testing.junit.JUnitTestClassExecutor.execute(JUnitTestClassExecutor.java:38)
	at org.gradle.api.internal.tasks.testing.junit.AbstractJUnitTestClassProcessor.processTestClass(AbstractJUnitTestClassProcessor.java:66)
	at org.gradle.api.internal.tasks.testing.SuiteTestClassProcessor.processTestClass(SuiteTestClassProcessor.java:51)
	at sun.reflect.NativeMethodAccessorImpl.invoke0(Native Method)
	at sun.reflect.NativeMethodAccessorImpl.invoke(NativeMethodAccessorImpl.java:62)
	at sun.reflect.DelegatingMethodAccessorImpl.invoke(DelegatingMethodAccessorImpl.java:43)
	at java.lang.reflect.Method.invoke(Method.java:498)
	at org.gradle.internal.dispatch.ReflectionDispatch.dispatch(ReflectionDispatch.java:35)
	at org.gradle.internal.dispatch.ReflectionDispatch.dispatch(ReflectionDispatch.java:24)
	at org.gradle.internal.dispatch.ContextClassLoaderDispatch.dispatch(ContextClassLoaderDispatch.java:32)
	at org.gradle.internal.dispatch.ProxyDispatchAdapter$DispatchingInvocationHandler.invoke(ProxyDispatchAdapter.java:93)
	at com.sun.proxy.$Proxy2.processTestClass(Unknown Source)
	at org.gradle.api.internal.tasks.testing.worker.TestWorker.processTestClass(TestWorker.java:117)
	at sun.reflect.NativeMethodAccessorImpl.invoke0(Native Method)
	at sun.reflect.NativeMethodAccessorImpl.invoke(NativeMethodAccessorImpl.java:62)
	at sun.reflect.DelegatingMethodAccessorImpl.invoke(DelegatingMethodAccessorImpl.java:43)
	at java.lang.reflect.Method.invoke(Method.java:498)
	at org.gradle.internal.dispatch.ReflectionDispatch.dispatch(ReflectionDispatch.java:35)
	at org.gradle.internal.dispatch.ReflectionDispatch.dispatch(ReflectionDispatch.java:24)
	at org.gradle.internal.remote.internal.hub.MessageHubBackedObjectConnection$DispatchWrapper.dispatch(MessageHubBackedObjectConnection.java:155)
	at org.gradle.internal.remote.internal.hub.MessageHubBackedObjectConnection$DispatchWrapper.dispatch(MessageHubBackedObjectConnection.java:137)
	at org.gradle.internal.remote.internal.hub.MessageHub$Handler.run(MessageHub.java:404)
	at org.gradle.internal.concurrent.ExecutorPolicy$CatchAndRecordFailures.onExecute(ExecutorPolicy.java:63)
	at org.gradle.internal.concurrent.ManagedExecutorImpl$1.run(ManagedExecutorImpl.java:46)
	at java.util.concurrent.ThreadPoolExecutor.runWorker(ThreadPoolExecutor.java:1149)
	at java.util.concurrent.ThreadPoolExecutor$Worker.run(ThreadPoolExecutor.java:624)
	at org.gradle.internal.concurrent.ThreadFactoryImpl$ManagedThreadRunnable.run(ThreadFactoryImpl.java:55)
	at java.lang.Thread.run(Thread.java:748)
</pre>
</span>
</div>
<div class="test">
<a name="publish[3: com.dotcms.publishing.PublisherAPIImplTest$TestCase@6c5f5d51]"></a>
<h3 class="failures">publish[3: com.dotcms.publishing.PublisherAPIImplTest$TestCase@6c5f5d51]</h3>
<span class="code">
<pre>java.lang.AssertionError: Fail for Folder:
Asset -&gt; com.dotmarketing.portlets.folders.model.Folder@6a66f10c[name=testName1614982129900,sortOrder=0,showOnMenu=false,hostId=b8760dde-07f8-48a2-89bc-fa1038d8f313,title=testTitle1614982129900,filesMasks=&lt;null&gt;,defaultFileType=33888b6f-7a8e-4069-b1b6-5c1aa9d0a48d,modDate=2021-03-05 22:08:49.0,iDate=2021-03-05 22:08:49.0,type=folder,owner=&lt;null&gt;,inode=6617e27b-f20f-42be-afcf-d8214082f942,identifier=b579c08e-1e9d-4183-9120-dd8ba5ef9cfe] 
difference -&gt; inode&gt;6617e27b-f20f-42be-afcf-d8214082f942&lt;/inode&gt;&lt;identifier&gt;b579c08e-1e9d-4183-9120-dd8ba5ef9cfe&lt;/identifier&gt;&lt;name&gt;testName1614982129900&lt;/name&gt;&lt;sortOrder&gt;0&lt;/sortOrder&gt;&lt;showOnMenu&gt;false&lt;/showOnMenu&gt;&lt;hostId&gt;b8760dde-07f8-48a2-89bc-fa1038d8f313&lt;/hostId&gt;&lt;title&gt;testTitle1614982129900&lt;/title&gt;&lt;defaultFileType&gt;33888b6f-7a8e-4069-b1b6-5c1aa9d0a48d&lt;/defaultFileType&gt;&lt;/folder&gt;&lt;folderId&gt;&lt;id&gt;b579c08e-1e9d-4183-9120-dd8ba5ef9cfe&lt;/id&gt;&lt;assetName&gt;testName1614982129900&lt;/assetName&gt;&lt;assetType&gt;folder&lt;/assetType&gt;&lt;hostId&gt;b8760dde-07f8-48a2-89bc-fa1038d8f313&lt;/hostId&gt;&lt;assetSubType&gt;Host&lt;/assetSubType&gt;&lt;/hostId&gt;&lt;operation&gt;PUBLISH&lt;/operation&gt;&lt;/com.dotcms.publisher.pusher.wrapper.FolderWrapper&gt;
expected -&gt; &lt;com.dotcms.publisher.pusher.wrapper.FolderWrapper&gt;&lt;folder&gt;&lt;type&gt;folder&lt;/type&gt;&lt;assetSubType&gt;Host&lt;/assetSubType&gt;&lt;/hostId&gt;&lt;operation&gt;PUBLISH&lt;/operation&gt;&lt;/com.dotcms.publisher.pusher.wrapper.FolderWrapper&gt;
real -&gt; &lt;com.dotcms.publisher.pusher.wrapper.FolderWrapper&gt;&lt;folder&gt;&lt;type&gt;folder&lt;/type&gt;&lt;inode&gt;6617e27b-f20f-42be-afcf-d8214082f942&lt;/inode&gt;&lt;identifier&gt;b579c08e-1e9d-4183-9120-dd8ba5ef9cfe&lt;/identifier&gt;&lt;name&gt;testName1614982129900&lt;/name&gt;&lt;sortOrder&gt;0&lt;/sortOrder&gt;&lt;showOnMenu&gt;false&lt;/showOnMenu&gt;&lt;hostId&gt;b8760dde-07f8-48a2-89bc-fa1038d8f313&lt;/hostId&gt;&lt;title&gt;testTitle1614982129900&lt;/title&gt;&lt;defaultFileType&gt;33888b6f-7a8e-4069-b1b6-5c1aa9d0a48d&lt;/defaultFileType&gt;&lt;/folder&gt;&lt;folderId&gt;&lt;id&gt;b579c08e-1e9d-4183-9120-dd8ba5ef9cfe&lt;/id&gt;&lt;assetName&gt;testName1614982129900&lt;/assetName&gt;&lt;assetType&gt;folder&lt;/assetType&gt;&lt;hostId&gt;b8760dde-07f8-48a2-89bc-fa1038d8f313&lt;/hostId&gt;&lt;assetSubType&gt;Host&lt;/assetSubType&gt;&lt;/hostId&gt;&lt;operation&gt;PUBLISH&lt;/operation&gt;&lt;/com.dotcms.publisher.pusher.wrapper.FolderWrapper&gt;

	at org.jgroups.util.Util.assertEquals(Util.java:185)
	at com.dotcms.test.util.FileTestUtil.assertBundleFile(FileTestUtil.java:254)
	at com.dotcms.test.util.FileTestUtil.assertBundleFile(FileTestUtil.java:191)
	at com.dotcms.publishing.PublisherAPIImplTest.publish(PublisherAPIImplTest.java:379)
	at sun.reflect.NativeMethodAccessorImpl.invoke0(Native Method)
	at sun.reflect.NativeMethodAccessorImpl.invoke(NativeMethodAccessorImpl.java:62)
	at sun.reflect.DelegatingMethodAccessorImpl.invoke(DelegatingMethodAccessorImpl.java:43)
	at java.lang.reflect.Method.invoke(Method.java:498)
	at org.junit.runners.model.FrameworkMethod$1.runReflectiveCall(FrameworkMethod.java:50)
	at org.junit.internal.runners.model.ReflectiveCallable.run(ReflectiveCallable.java:12)
	at org.junit.runners.model.FrameworkMethod.invokeExplosively(FrameworkMethod.java:47)
	at com.tngtech.java.junit.dataprovider.DataProviderFrameworkMethod.invokeExplosively(DataProviderFrameworkMethod.java:119)
	at org.junit.internal.runners.statements.InvokeMethod.evaluate(InvokeMethod.java:17)
	at org.junit.rules.TestWatcher$1.evaluate(TestWatcher.java:55)
	at org.junit.rules.RunRules.evaluate(RunRules.java:20)
	at org.junit.runners.ParentRunner.runLeaf(ParentRunner.java:325)
	at com.dotcms.junit.CustomDataProviderRunner.runChild(CustomDataProviderRunner.java:28)
	at com.dotcms.junit.CustomDataProviderRunner.runChild(CustomDataProviderRunner.java:13)
	at org.junit.runners.ParentRunner$3.run(ParentRunner.java:290)
	at org.junit.runners.ParentRunner$1.schedule(ParentRunner.java:71)
	at org.junit.runners.ParentRunner.runChildren(ParentRunner.java:288)
	at org.junit.runners.ParentRunner.access$000(ParentRunner.java:58)
	at org.junit.runners.ParentRunner$2.evaluate(ParentRunner.java:268)
	at org.junit.internal.runners.statements.RunBefores.evaluate(RunBefores.java:26)
	at org.junit.internal.runners.statements.RunAfters.evaluate(RunAfters.java:27)
	at org.junit.runners.ParentRunner.run(ParentRunner.java:363)
	at org.junit.runners.Suite.runChild(Suite.java:128)
	at org.junit.runners.Suite.runChild(Suite.java:27)
	at org.junit.runners.ParentRunner$3.run(ParentRunner.java:290)
	at org.junit.runners.ParentRunner$1.schedule(ParentRunner.java:71)
	at org.junit.runners.ParentRunner.runChildren(ParentRunner.java:288)
	at org.junit.runners.ParentRunner.access$000(ParentRunner.java:58)
	at org.junit.runners.ParentRunner$2.evaluate(ParentRunner.java:268)
	at org.junit.runners.ParentRunner.run(ParentRunner.java:363)
	at org.gradle.api.internal.tasks.testing.junit.JUnitTestClassExecutor.runTestClass(JUnitTestClassExecutor.java:106)
	at org.gradle.api.internal.tasks.testing.junit.JUnitTestClassExecutor.execute(JUnitTestClassExecutor.java:58)
	at org.gradle.api.internal.tasks.testing.junit.JUnitTestClassExecutor.execute(JUnitTestClassExecutor.java:38)
	at org.gradle.api.internal.tasks.testing.junit.AbstractJUnitTestClassProcessor.processTestClass(AbstractJUnitTestClassProcessor.java:66)
	at org.gradle.api.internal.tasks.testing.SuiteTestClassProcessor.processTestClass(SuiteTestClassProcessor.java:51)
	at sun.reflect.NativeMethodAccessorImpl.invoke0(Native Method)
	at sun.reflect.NativeMethodAccessorImpl.invoke(NativeMethodAccessorImpl.java:62)
	at sun.reflect.DelegatingMethodAccessorImpl.invoke(DelegatingMethodAccessorImpl.java:43)
	at java.lang.reflect.Method.invoke(Method.java:498)
	at org.gradle.internal.dispatch.ReflectionDispatch.dispatch(ReflectionDispatch.java:35)
	at org.gradle.internal.dispatch.ReflectionDispatch.dispatch(ReflectionDispatch.java:24)
	at org.gradle.internal.dispatch.ContextClassLoaderDispatch.dispatch(ContextClassLoaderDispatch.java:32)
	at org.gradle.internal.dispatch.ProxyDispatchAdapter$DispatchingInvocationHandler.invoke(ProxyDispatchAdapter.java:93)
	at com.sun.proxy.$Proxy2.processTestClass(Unknown Source)
	at org.gradle.api.internal.tasks.testing.worker.TestWorker.processTestClass(TestWorker.java:117)
	at sun.reflect.NativeMethodAccessorImpl.invoke0(Native Method)
	at sun.reflect.NativeMethodAccessorImpl.invoke(NativeMethodAccessorImpl.java:62)
	at sun.reflect.DelegatingMethodAccessorImpl.invoke(DelegatingMethodAccessorImpl.java:43)
	at java.lang.reflect.Method.invoke(Method.java:498)
	at org.gradle.internal.dispatch.ReflectionDispatch.dispatch(ReflectionDispatch.java:35)
	at org.gradle.internal.dispatch.ReflectionDispatch.dispatch(ReflectionDispatch.java:24)
	at org.gradle.internal.remote.internal.hub.MessageHubBackedObjectConnection$DispatchWrapper.dispatch(MessageHubBackedObjectConnection.java:155)
	at org.gradle.internal.remote.internal.hub.MessageHubBackedObjectConnection$DispatchWrapper.dispatch(MessageHubBackedObjectConnection.java:137)
	at org.gradle.internal.remote.internal.hub.MessageHub$Handler.run(MessageHub.java:404)
	at org.gradle.internal.concurrent.ExecutorPolicy$CatchAndRecordFailures.onExecute(ExecutorPolicy.java:63)
	at org.gradle.internal.concurrent.ManagedExecutorImpl$1.run(ManagedExecutorImpl.java:46)
	at java.util.concurrent.ThreadPoolExecutor.runWorker(ThreadPoolExecutor.java:1149)
	at java.util.concurrent.ThreadPoolExecutor$Worker.run(ThreadPoolExecutor.java:624)
	at org.gradle.internal.concurrent.ThreadFactoryImpl$ManagedThreadRunnable.run(ThreadFactoryImpl.java:55)
	at java.lang.Thread.run(Thread.java:748)
</pre>
</span>
</div>
<div class="test">
<a name="publish[4: com.dotcms.publishing.PublisherAPIImplTest$TestCase@5c75dc83]"></a>
<h3 class="failures">publish[4: com.dotcms.publishing.PublisherAPIImplTest$TestCase@5c75dc83]</h3>
<span class="code">
<pre>java.lang.AssertionError: Fail for Container:
Asset -&gt; com.dotmarketing.portlets.containers.model.Container@70f2fc14[code=&lt;null&gt;,maxContentlets=5,useDiv=true,sortContentletsBy=&lt;null&gt;,preLoop=&lt;div&gt;,postLoop=&lt;/div&gt;,staticify=true,luceneQuery=&lt;null&gt;,notes=testNotes1614982130961,source=DB,title=testTitle1614982130961,friendlyName=testFriendlyName1614982130961,modDate=Fri Mar 05 22:08:50 GMT 2021,modUser=system,sortOrder=0,showOnMenu=false,iDate=Fri Mar 05 22:08:50 GMT 2021,type=containers,owner=system,inode=7b454b4c-0e46-4d96-acbf-f9be7fe16f1b,identifier=75c6a999-36d8-42b4-ae1e-37ab2c61bdb3] 
difference -&gt; /com.dotmarketing.beans.ContainerStructure&gt;&lt;/elements&gt;&lt;/csList&gt;&lt;/com.dotcms.publisher.pusher.wrapper.ContainerWrapper&gt;
expected -&gt; &lt;com.dotcms.publisher.pusher.wrapper.ContainerWrapper&gt;&lt;containerId&gt;&lt;id&gt;75c6a999-36d8-42b4-ae1e-37ab2c61bdb3&lt;/id&gt;&lt;assetName&gt;75c6a999-36d8-42b4-ae1e-37ab2c61bdb3.containers&lt;/assetName&gt;&lt;assetType&gt;containers&lt;/assetType&gt;&lt;parentPath&gt;/&lt;/parentPath&gt;&lt;hostId&gt;21371606-ea34-4800-b068-fd155383face&lt;/hostId&gt;&lt;inode&gt;7b454b4c-0e46-4d96-acbf-f9be7fe16f1b&lt;/inode&gt;&lt;identifier&gt;75c6a999-36d8-42b4-ae1e-37ab2c61bdb3&lt;/identifier&gt;&lt;source&gt;DB&lt;/source&gt;&lt;title&gt;testTitle1614982130961&lt;/title&gt;&lt;friendlyName&gt;testFriendlyName1614982130961&lt;/friendlyName&gt;&lt;modUser&gt;system&lt;/modUser&gt;&lt;sortOrder&gt;0&lt;/sortOrder&gt;&lt;showOnMenu&gt;false&lt;/showOnMenu&gt;&lt;maxContentlets&gt;5&lt;/maxContentlets&gt;&lt;useDiv&gt;true&lt;/useDiv&gt;&lt;preLoop&gt;&amp;lt;div&amp;gt;&lt;/preLoop&gt;&lt;postLoop&gt;&amp;lt;/div&amp;gt;&lt;/postLoop&gt;&lt;staticify&gt;true&lt;/staticify&gt;&lt;notes&gt;testNotes1614982130961&lt;/notes&gt;&lt;/container&gt;&lt;cvi class=&quot;com.dotmarketing.portlets.containers.model.ContainerVersionInfo&quot;&gt;&lt;identifier&gt;75c6a999-36d8-42b4-ae1e-37ab2c61bdb3&lt;/identifier&gt;&lt;workingInode&gt;7b454b4c-0e46-4d96-acbf-f9be7fe16f1b&lt;/workingInode&gt;&lt;deleted&gt;false&lt;/deleted&gt;&lt;/cvi&gt;&lt;operation&gt;PUBLISH&lt;/operation&gt;&lt;csList class=&quot;com.google.common.collect.RegularImmutableList&quot; resolves-to=&quot;com.google.common.collect.ImmutableList$SerializedForm&quot;&gt;&lt;elements&gt;&lt;com.dotmarketing.beans.ContainerStructure&gt;&lt;id&gt;07a0da21-626a-47d9-a320-f9d201488882&lt;/id&gt;&lt;structureId&gt;67531952-4896-4fa3-986a-83427d41eab8&lt;/structureId&gt;&lt;containerInode&gt;7b454b4c-0e46-4d96-acbf-f9be7fe16f1b&lt;/containerInode&gt;&lt;containerId&gt;75c6a999-36d8-42b4-ae1e-37ab2c61bdb3&lt;/containerId&gt;&lt;code&gt;__code__&lt;/code&gt;&lt;/com.dotmarketing.beans.ContainerStructure&gt;&lt;/elements&gt;&lt;/csList&gt;&lt;/com.dotcms.publisher.pusher.wrapper.ContainerWrapper&gt;
real -&gt; &lt;com.dotcms.publisher.pusher.wrapper.ContainerWrapper&gt;&lt;containerId&gt;&lt;id&gt;75c6a999-36d8-42b4-ae1e-37ab2c61bdb3&lt;/id&gt;&lt;assetName&gt;75c6a999-36d8-42b4-ae1e-37ab2c61bdb3.containers&lt;/assetName&gt;&lt;assetType&gt;containers&lt;/assetType&gt;&lt;parentPath&gt;/&lt;/parentPath&gt;&lt;hostId&gt;21371606-ea34-4800-b068-fd155383face&lt;/hostId&gt;&lt;inode&gt;7b454b4c-0e46-4d96-acbf-f9be7fe16f1b&lt;/inode&gt;&lt;identifier&gt;75c6a999-36d8-42b4-ae1e-37ab2c61bdb3&lt;/identifier&gt;&lt;source&gt;DB&lt;/source&gt;&lt;title&gt;testTitle1614982130961&lt;/title&gt;&lt;friendlyName&gt;testFriendlyName1614982130961&lt;/friendlyName&gt;&lt;modUser&gt;system&lt;/modUser&gt;&lt;sortOrder&gt;0&lt;/sortOrder&gt;&lt;showOnMenu&gt;false&lt;/showOnMenu&gt;&lt;maxContentlets&gt;5&lt;/maxContentlets&gt;&lt;useDiv&gt;true&lt;/useDiv&gt;&lt;preLoop&gt;&amp;lt;div&amp;gt;&lt;/preLoop&gt;&lt;postLoop&gt;&amp;lt;/div&amp;gt;&lt;/postLoop&gt;&lt;staticify&gt;true&lt;/staticify&gt;&lt;notes&gt;testNotes1614982130961&lt;/notes&gt;&lt;/container&gt;&lt;cvi class=&quot;com.dotmarketing.portlets.containers.model.ContainerVersionInfo&quot;&gt;&lt;identifier&gt;75c6a999-36d8-42b4-ae1e-37ab2c61bdb3&lt;/identifier&gt;&lt;workingInode&gt;7b454b4c-0e46-4d96-acbf-f9be7fe16f1b&lt;/workingInode&gt;&lt;deleted&gt;false&lt;/deleted&gt;&lt;/cvi&gt;&lt;operation&gt;PUBLISH&lt;/operation&gt;&lt;csList class=&quot;com.google.common.collect.RegularImmutableList&quot; resolves-to=&quot;com.google.common.collect.ImmutableList$SerializedForm&quot;&gt;&lt;elements&gt;&lt;com.dotmarketing.beans.ContainerStructure&gt;&lt;id&gt;07a0da21-626a-47d9-a320-f9d201488882&lt;/id&gt;&lt;structureId&gt;67531952-4896-4fa3-986a-83427d41eab8&lt;/structureId&gt;&lt;containerInode&gt;7b454b4c-0e46-4d96-acbf-f9be7fe16f1b&lt;/containerInode&gt;&lt;containerId&gt;75c6a999-36d8-42b4-ae1e-37ab2c61bdb3&lt;/containerId&gt;&lt;/com.dotmarketing.beans.ContainerStructure&gt;&lt;/elements&gt;&lt;/csList&gt;&lt;/com.dotcms.publisher.pusher.wrapper.ContainerWrapper&gt;

	at org.jgroups.util.Util.assertEquals(Util.java:185)
	at com.dotcms.test.util.FileTestUtil.assertBundleFile(FileTestUtil.java:254)
	at com.dotcms.test.util.FileTestUtil.assertBundleFile(FileTestUtil.java:151)
	at com.dotcms.publishing.PublisherAPIImplTest.publish(PublisherAPIImplTest.java:383)
	at sun.reflect.NativeMethodAccessorImpl.invoke0(Native Method)
	at sun.reflect.NativeMethodAccessorImpl.invoke(NativeMethodAccessorImpl.java:62)
	at sun.reflect.DelegatingMethodAccessorImpl.invoke(DelegatingMethodAccessorImpl.java:43)
	at java.lang.reflect.Method.invoke(Method.java:498)
	at org.junit.runners.model.FrameworkMethod$1.runReflectiveCall(FrameworkMethod.java:50)
	at org.junit.internal.runners.model.ReflectiveCallable.run(ReflectiveCallable.java:12)
	at org.junit.runners.model.FrameworkMethod.invokeExplosively(FrameworkMethod.java:47)
	at com.tngtech.java.junit.dataprovider.DataProviderFrameworkMethod.invokeExplosively(DataProviderFrameworkMethod.java:119)
	at org.junit.internal.runners.statements.InvokeMethod.evaluate(InvokeMethod.java:17)
	at org.junit.rules.TestWatcher$1.evaluate(TestWatcher.java:55)
	at org.junit.rules.RunRules.evaluate(RunRules.java:20)
	at org.junit.runners.ParentRunner.runLeaf(ParentRunner.java:325)
	at com.dotcms.junit.CustomDataProviderRunner.runChild(CustomDataProviderRunner.java:28)
	at com.dotcms.junit.CustomDataProviderRunner.runChild(CustomDataProviderRunner.java:13)
	at org.junit.runners.ParentRunner$3.run(ParentRunner.java:290)
	at org.junit.runners.ParentRunner$1.schedule(ParentRunner.java:71)
	at org.junit.runners.ParentRunner.runChildren(ParentRunner.java:288)
	at org.junit.runners.ParentRunner.access$000(ParentRunner.java:58)
	at org.junit.runners.ParentRunner$2.evaluate(ParentRunner.java:268)
	at org.junit.internal.runners.statements.RunBefores.evaluate(RunBefores.java:26)
	at org.junit.internal.runners.statements.RunAfters.evaluate(RunAfters.java:27)
	at org.junit.runners.ParentRunner.run(ParentRunner.java:363)
	at org.junit.runners.Suite.runChild(Suite.java:128)
	at org.junit.runners.Suite.runChild(Suite.java:27)
	at org.junit.runners.ParentRunner$3.run(ParentRunner.java:290)
	at org.junit.runners.ParentRunner$1.schedule(ParentRunner.java:71)
	at org.junit.runners.ParentRunner.runChildren(ParentRunner.java:288)
	at org.junit.runners.ParentRunner.access$000(ParentRunner.java:58)
	at org.junit.runners.ParentRunner$2.evaluate(ParentRunner.java:268)
	at org.junit.runners.ParentRunner.run(ParentRunner.java:363)
	at org.gradle.api.internal.tasks.testing.junit.JUnitTestClassExecutor.runTestClass(JUnitTestClassExecutor.java:106)
	at org.gradle.api.internal.tasks.testing.junit.JUnitTestClassExecutor.execute(JUnitTestClassExecutor.java:58)
	at org.gradle.api.internal.tasks.testing.junit.JUnitTestClassExecutor.execute(JUnitTestClassExecutor.java:38)
	at org.gradle.api.internal.tasks.testing.junit.AbstractJUnitTestClassProcessor.processTestClass(AbstractJUnitTestClassProcessor.java:66)
	at org.gradle.api.internal.tasks.testing.SuiteTestClassProcessor.processTestClass(SuiteTestClassProcessor.java:51)
	at sun.reflect.NativeMethodAccessorImpl.invoke0(Native Method)
	at sun.reflect.NativeMethodAccessorImpl.invoke(NativeMethodAccessorImpl.java:62)
	at sun.reflect.DelegatingMethodAccessorImpl.invoke(DelegatingMethodAccessorImpl.java:43)
	at java.lang.reflect.Method.invoke(Method.java:498)
	at org.gradle.internal.dispatch.ReflectionDispatch.dispatch(ReflectionDispatch.java:35)
	at org.gradle.internal.dispatch.ReflectionDispatch.dispatch(ReflectionDispatch.java:24)
	at org.gradle.internal.dispatch.ContextClassLoaderDispatch.dispatch(ContextClassLoaderDispatch.java:32)
	at org.gradle.internal.dispatch.ProxyDispatchAdapter$DispatchingInvocationHandler.invoke(ProxyDispatchAdapter.java:93)
	at com.sun.proxy.$Proxy2.processTestClass(Unknown Source)
	at org.gradle.api.internal.tasks.testing.worker.TestWorker.processTestClass(TestWorker.java:117)
	at sun.reflect.NativeMethodAccessorImpl.invoke0(Native Method)
	at sun.reflect.NativeMethodAccessorImpl.invoke(NativeMethodAccessorImpl.java:62)
	at sun.reflect.DelegatingMethodAccessorImpl.invoke(DelegatingMethodAccessorImpl.java:43)
	at java.lang.reflect.Method.invoke(Method.java:498)
	at org.gradle.internal.dispatch.ReflectionDispatch.dispatch(ReflectionDispatch.java:35)
	at org.gradle.internal.dispatch.ReflectionDispatch.dispatch(ReflectionDispatch.java:24)
	at org.gradle.internal.remote.internal.hub.MessageHubBackedObjectConnection$DispatchWrapper.dispatch(MessageHubBackedObjectConnection.java:155)
	at org.gradle.internal.remote.internal.hub.MessageHubBackedObjectConnection$DispatchWrapper.dispatch(MessageHubBackedObjectConnection.java:137)
	at org.gradle.internal.remote.internal.hub.MessageHub$Handler.run(MessageHub.java:404)
	at org.gradle.internal.concurrent.ExecutorPolicy$CatchAndRecordFailures.onExecute(ExecutorPolicy.java:63)
	at org.gradle.internal.concurrent.ManagedExecutorImpl$1.run(ManagedExecutorImpl.java:46)
	at java.util.concurrent.ThreadPoolExecutor.runWorker(ThreadPoolExecutor.java:1149)
	at java.util.concurrent.ThreadPoolExecutor$Worker.run(ThreadPoolExecutor.java:624)
	at org.gradle.internal.concurrent.ThreadFactoryImpl$ManagedThreadRunnable.run(ThreadFactoryImpl.java:55)
	at java.lang.Thread.run(Thread.java:748)
</pre>
</span>
</div>
<div class="test">
<a name="publish[5: com.dotcms.publishing.PublisherAPIImplTest$TestCase@494006ab]"></a>
<h3 class="failures">publish[5: com.dotcms.publishing.PublisherAPIImplTest$TestCase@494006ab]</h3>
<span class="code">
<pre>java.lang.AssertionError: Fail for Link:
Asset -&gt; com.dotmarketing.portlets.links.model.Link@23fbe1b4 
difference -&gt; linkType&gt;EXTERNAL&lt;/linkType&gt;&lt;hostId&gt;4b4402f7-39e9-4a0d-9b62-5f528e6cc341&lt;/hostId&gt;&lt;/com.dotmarketing.portlets.links.model.Link&gt;&lt;/links&gt;&lt;vi class=&quot;com.dotmarketing.portlets.links.model.LinkVersionInfo&quot;&gt;&lt;identifier&gt;6cf9848d-c0bf-4b0b-aed5-cff7dfdca57f&lt;/identifier&gt;&lt;workingInode&gt;671fb37b-7e8b-4308-a5cc-e78491f8400c&lt;/workingInode&gt;&lt;deleted&gt;false&lt;/deleted&gt;&lt;/vi&gt;&lt;operation&gt;PUBLISH&lt;/operation&gt;&lt;/com.dotcms.publisher.pusher.wrapper.LinkWrapper&gt;
expected -&gt; &lt;com.dotcms.publisher.pusher.wrapper.LinkWrapper&gt;&lt;linkId&gt;&lt;id&gt;6cf9848d-c0bf-4b0b-aed5-cff7dfdca57f&lt;/id&gt;&lt;assetName&gt;671fb37b-7e8b-4308-a5cc-e78491f8400c&lt;/assetName&gt;&lt;assetType&gt;links&lt;/assetType&gt;&lt;parentPath&gt;/testName1614982131963/&lt;/parentPath&gt;&lt;hostId&gt;4b4402f7-39e9-4a0d-9b62-5f528e6cc341&lt;/hostId&gt;&lt;inode&gt;671fb37b-7e8b-4308-a5cc-e78491f8400c&lt;/inode&gt;&lt;identifier&gt;6cf9848d-c0bf-4b0b-aed5-cff7dfdca57f&lt;/identifier&gt;&lt;source&gt;DB&lt;/source&gt;&lt;title&gt;LinkTitle1614982131970&lt;/title&gt;&lt;friendlyName&gt;LinkTitle1614982131970&lt;/friendlyName&gt;&lt;modUser&gt;system&lt;/modUser&gt;&lt;sortOrder&gt;0&lt;/sortOrder&gt;&lt;showOnMenu&gt;false&lt;/showOnMenu&gt;&lt;parent&gt;/testName1614982131963/&lt;/parent&gt;&lt;protocal&gt;https://&lt;/protocal&gt;&lt;url&gt;www.google.com&lt;/url&gt;&lt;target&gt;_blank&lt;/target&gt;&lt;internalLinkIdentifier&gt;&lt;/internalLinkIdentifier&gt;&lt;linkType&gt;EXTERNAL&lt;/linkType&gt;&lt;linkCode&gt;&lt;/linkCode&gt;&lt;hostId&gt;4b4402f7-39e9-4a0d-9b62-5f528e6cc341&lt;/hostId&gt;&lt;/com.dotmarketing.portlets.links.model.Link&gt;&lt;/links&gt;&lt;vi class=&quot;com.dotmarketing.portlets.links.model.LinkVersionInfo&quot;&gt;&lt;identifier&gt;6cf9848d-c0bf-4b0b-aed5-cff7dfdca57f&lt;/identifier&gt;&lt;workingInode&gt;671fb37b-7e8b-4308-a5cc-e78491f8400c&lt;/workingInode&gt;&lt;deleted&gt;false&lt;/deleted&gt;&lt;/vi&gt;&lt;operation&gt;PUBLISH&lt;/operation&gt;&lt;/com.dotcms.publisher.pusher.wrapper.LinkWrapper&gt;
real -&gt; &lt;com.dotcms.publisher.pusher.wrapper.LinkWrapper&gt;&lt;linkId&gt;&lt;id&gt;6cf9848d-c0bf-4b0b-aed5-cff7dfdca57f&lt;/id&gt;&lt;assetName&gt;671fb37b-7e8b-4308-a5cc-e78491f8400c&lt;/assetName&gt;&lt;assetType&gt;links&lt;/assetType&gt;&lt;parentPath&gt;/testName1614982131963/&lt;/parentPath&gt;&lt;hostId&gt;4b4402f7-39e9-4a0d-9b62-5f528e6cc341&lt;/hostId&gt;&lt;inode&gt;671fb37b-7e8b-4308-a5cc-e78491f8400c&lt;/inode&gt;&lt;identifier&gt;6cf9848d-c0bf-4b0b-aed5-cff7dfdca57f&lt;/identifier&gt;&lt;source&gt;DB&lt;/source&gt;&lt;title&gt;LinkTitle1614982131970&lt;/title&gt;&lt;friendlyName&gt;LinkTitle1614982131970&lt;/friendlyName&gt;&lt;modUser&gt;system&lt;/modUser&gt;&lt;sortOrder&gt;0&lt;/sortOrder&gt;&lt;showOnMenu&gt;false&lt;/showOnMenu&gt;&lt;parent&gt;/testName1614982131963/&lt;/parent&gt;&lt;protocal&gt;https://&lt;/protocal&gt;&lt;url&gt;www.google.com&lt;/url&gt;&lt;target&gt;_blank&lt;/target&gt;&lt;linkType&gt;EXTERNAL&lt;/linkType&gt;&lt;hostId&gt;4b4402f7-39e9-4a0d-9b62-5f528e6cc341&lt;/hostId&gt;&lt;/com.dotmarketing.portlets.links.model.Link&gt;&lt;/links&gt;&lt;vi class=&quot;com.dotmarketing.portlets.links.model.LinkVersionInfo&quot;&gt;&lt;identifier&gt;6cf9848d-c0bf-4b0b-aed5-cff7dfdca57f&lt;/identifier&gt;&lt;workingInode&gt;671fb37b-7e8b-4308-a5cc-e78491f8400c&lt;/workingInode&gt;&lt;deleted&gt;false&lt;/deleted&gt;&lt;/vi&gt;&lt;operation&gt;PUBLISH&lt;/operation&gt;&lt;/com.dotcms.publisher.pusher.wrapper.LinkWrapper&gt;

	at org.jgroups.util.Util.assertEquals(Util.java:185)
	at com.dotcms.test.util.FileTestUtil.assertBundleFile(FileTestUtil.java:254)
	at com.dotcms.test.util.FileTestUtil.assertBundleFile(FileTestUtil.java:191)
	at com.dotcms.publishing.PublisherAPIImplTest.publish(PublisherAPIImplTest.java:379)
	at sun.reflect.NativeMethodAccessorImpl.invoke0(Native Method)
	at sun.reflect.NativeMethodAccessorImpl.invoke(NativeMethodAccessorImpl.java:62)
	at sun.reflect.DelegatingMethodAccessorImpl.invoke(DelegatingMethodAccessorImpl.java:43)
	at java.lang.reflect.Method.invoke(Method.java:498)
	at org.junit.runners.model.FrameworkMethod$1.runReflectiveCall(FrameworkMethod.java:50)
	at org.junit.internal.runners.model.ReflectiveCallable.run(ReflectiveCallable.java:12)
	at org.junit.runners.model.FrameworkMethod.invokeExplosively(FrameworkMethod.java:47)
	at com.tngtech.java.junit.dataprovider.DataProviderFrameworkMethod.invokeExplosively(DataProviderFrameworkMethod.java:119)
	at org.junit.internal.runners.statements.InvokeMethod.evaluate(InvokeMethod.java:17)
	at org.junit.rules.TestWatcher$1.evaluate(TestWatcher.java:55)
	at org.junit.rules.RunRules.evaluate(RunRules.java:20)
	at org.junit.runners.ParentRunner.runLeaf(ParentRunner.java:325)
	at com.dotcms.junit.CustomDataProviderRunner.runChild(CustomDataProviderRunner.java:28)
	at com.dotcms.junit.CustomDataProviderRunner.runChild(CustomDataProviderRunner.java:13)
	at org.junit.runners.ParentRunner$3.run(ParentRunner.java:290)
	at org.junit.runners.ParentRunner$1.schedule(ParentRunner.java:71)
	at org.junit.runners.ParentRunner.runChildren(ParentRunner.java:288)
	at org.junit.runners.ParentRunner.access$000(ParentRunner.java:58)
	at org.junit.runners.ParentRunner$2.evaluate(ParentRunner.java:268)
	at org.junit.internal.runners.statements.RunBefores.evaluate(RunBefores.java:26)
	at org.junit.internal.runners.statements.RunAfters.evaluate(RunAfters.java:27)
	at org.junit.runners.ParentRunner.run(ParentRunner.java:363)
	at org.junit.runners.Suite.runChild(Suite.java:128)
	at org.junit.runners.Suite.runChild(Suite.java:27)
	at org.junit.runners.ParentRunner$3.run(ParentRunner.java:290)
	at org.junit.runners.ParentRunner$1.schedule(ParentRunner.java:71)
	at org.junit.runners.ParentRunner.runChildren(ParentRunner.java:288)
	at org.junit.runners.ParentRunner.access$000(ParentRunner.java:58)
	at org.junit.runners.ParentRunner$2.evaluate(ParentRunner.java:268)
	at org.junit.runners.ParentRunner.run(ParentRunner.java:363)
	at org.gradle.api.internal.tasks.testing.junit.JUnitTestClassExecutor.runTestClass(JUnitTestClassExecutor.java:106)
	at org.gradle.api.internal.tasks.testing.junit.JUnitTestClassExecutor.execute(JUnitTestClassExecutor.java:58)
	at org.gradle.api.internal.tasks.testing.junit.JUnitTestClassExecutor.execute(JUnitTestClassExecutor.java:38)
	at org.gradle.api.internal.tasks.testing.junit.AbstractJUnitTestClassProcessor.processTestClass(AbstractJUnitTestClassProcessor.java:66)
	at org.gradle.api.internal.tasks.testing.SuiteTestClassProcessor.processTestClass(SuiteTestClassProcessor.java:51)
	at sun.reflect.NativeMethodAccessorImpl.invoke0(Native Method)
	at sun.reflect.NativeMethodAccessorImpl.invoke(NativeMethodAccessorImpl.java:62)
	at sun.reflect.DelegatingMethodAccessorImpl.invoke(DelegatingMethodAccessorImpl.java:43)
	at java.lang.reflect.Method.invoke(Method.java:498)
	at org.gradle.internal.dispatch.ReflectionDispatch.dispatch(ReflectionDispatch.java:35)
	at org.gradle.internal.dispatch.ReflectionDispatch.dispatch(ReflectionDispatch.java:24)
	at org.gradle.internal.dispatch.ContextClassLoaderDispatch.dispatch(ContextClassLoaderDispatch.java:32)
	at org.gradle.internal.dispatch.ProxyDispatchAdapter$DispatchingInvocationHandler.invoke(ProxyDispatchAdapter.java:93)
	at com.sun.proxy.$Proxy2.processTestClass(Unknown Source)
	at org.gradle.api.internal.tasks.testing.worker.TestWorker.processTestClass(TestWorker.java:117)
	at sun.reflect.NativeMethodAccessorImpl.invoke0(Native Method)
	at sun.reflect.NativeMethodAccessorImpl.invoke(NativeMethodAccessorImpl.java:62)
	at sun.reflect.DelegatingMethodAccessorImpl.invoke(DelegatingMethodAccessorImpl.java:43)
	at java.lang.reflect.Method.invoke(Method.java:498)
	at org.gradle.internal.dispatch.ReflectionDispatch.dispatch(ReflectionDispatch.java:35)
	at org.gradle.internal.dispatch.ReflectionDispatch.dispatch(ReflectionDispatch.java:24)
	at org.gradle.internal.remote.internal.hub.MessageHubBackedObjectConnection$DispatchWrapper.dispatch(MessageHubBackedObjectConnection.java:155)
	at org.gradle.internal.remote.internal.hub.MessageHubBackedObjectConnection$DispatchWrapper.dispatch(MessageHubBackedObjectConnection.java:137)
	at org.gradle.internal.remote.internal.hub.MessageHub$Handler.run(MessageHub.java:404)
	at org.gradle.internal.concurrent.ExecutorPolicy$CatchAndRecordFailures.onExecute(ExecutorPolicy.java:63)
	at org.gradle.internal.concurrent.ManagedExecutorImpl$1.run(ManagedExecutorImpl.java:46)
	at java.util.concurrent.ThreadPoolExecutor.runWorker(ThreadPoolExecutor.java:1149)
	at java.util.concurrent.ThreadPoolExecutor$Worker.run(ThreadPoolExecutor.java:624)
	at org.gradle.internal.concurrent.ThreadFactoryImpl$ManagedThreadRunnable.run(ThreadFactoryImpl.java:55)
	at java.lang.Thread.run(Thread.java:748)
</pre>
</span>
</div>
<div class="test">
<a name="publish[9: com.dotcms.publishing.PublisherAPIImplTest$TestCase@5d696e84]"></a>
<h3 class="failures">publish[9: com.dotcms.publishing.PublisherAPIImplTest$TestCase@5d696e84]</h3>
<span class="code">
<pre>java.lang.AssertionError: Fail for Category:
Asset -&gt; com.dotmarketing.portlets.categories.model.Category@2a571461[categoryName=CategoryName1614982126821,description=&lt;null&gt;,key=CategoryKey1614982126821,sortOrder=1,active=true,keywords=&lt;null&gt;,categoryVelocityVarName=VelocityVarName1614982126821] 
difference -&gt; inode&gt;76268c0d-0f80-40c7-8ebc-ad905af06b6a&lt;/inode&gt;&lt;categoryName&gt;CategoryName1614982126821&lt;/categoryName&gt;&lt;key&gt;CategoryKey1614982126821&lt;/key&gt;&lt;sortOrder&gt;1&lt;/sortOrder&gt;&lt;active&gt;true&lt;/active&gt;&lt;categoryVelocityVarName&gt;VelocityVarName1614982126821&lt;/categoryVelocityVarName&gt;&lt;/category&gt;&lt;children/&gt;&lt;operation&gt;PUBLISH&lt;/operation&gt;&lt;/com.dotcms.publisher.pusher.wrapper.CategoryWrapper&gt;
expected -&gt; &lt;com.dotcms.publisher.pusher.wrapper.CategoryWrapper&gt;&lt;topLevel&gt;true&lt;/topLevel&gt;&lt;category&gt;&lt;type&gt;category&lt;/type&gt;&lt;owner&gt;&lt;/owner&gt;&lt;inode&gt;76268c0d-0f80-40c7-8ebc-ad905af06b6a&lt;/inode&gt;&lt;categoryName&gt;CategoryName1614982126821&lt;/categoryName&gt;&lt;key&gt;CategoryKey1614982126821&lt;/key&gt;&lt;sortOrder&gt;1&lt;/sortOrder&gt;&lt;active&gt;true&lt;/active&gt;&lt;categoryVelocityVarName&gt;VelocityVarName1614982126821&lt;/categoryVelocityVarName&gt;&lt;/category&gt;&lt;children/&gt;&lt;operation&gt;PUBLISH&lt;/operation&gt;&lt;/com.dotcms.publisher.pusher.wrapper.CategoryWrapper&gt;
real -&gt; &lt;com.dotcms.publisher.pusher.wrapper.CategoryWrapper&gt;&lt;topLevel&gt;true&lt;/topLevel&gt;&lt;category&gt;&lt;type&gt;category&lt;/type&gt;&lt;inode&gt;76268c0d-0f80-40c7-8ebc-ad905af06b6a&lt;/inode&gt;&lt;categoryName&gt;CategoryName1614982126821&lt;/categoryName&gt;&lt;key&gt;CategoryKey1614982126821&lt;/key&gt;&lt;sortOrder&gt;1&lt;/sortOrder&gt;&lt;active&gt;true&lt;/active&gt;&lt;categoryVelocityVarName&gt;VelocityVarName1614982126821&lt;/categoryVelocityVarName&gt;&lt;/category&gt;&lt;children/&gt;&lt;operation&gt;PUBLISH&lt;/operation&gt;&lt;/com.dotcms.publisher.pusher.wrapper.CategoryWrapper&gt;

	at org.jgroups.util.Util.assertEquals(Util.java:185)
	at com.dotcms.test.util.FileTestUtil.assertBundleFile(FileTestUtil.java:254)
	at com.dotcms.test.util.FileTestUtil.assertBundleFile(FileTestUtil.java:151)
	at com.dotcms.publishing.PublisherAPIImplTest.publish(PublisherAPIImplTest.java:383)
	at sun.reflect.NativeMethodAccessorImpl.invoke0(Native Method)
	at sun.reflect.NativeMethodAccessorImpl.invoke(NativeMethodAccessorImpl.java:62)
	at sun.reflect.DelegatingMethodAccessorImpl.invoke(DelegatingMethodAccessorImpl.java:43)
	at java.lang.reflect.Method.invoke(Method.java:498)
	at org.junit.runners.model.FrameworkMethod$1.runReflectiveCall(FrameworkMethod.java:50)
	at org.junit.internal.runners.model.ReflectiveCallable.run(ReflectiveCallable.java:12)
	at org.junit.runners.model.FrameworkMethod.invokeExplosively(FrameworkMethod.java:47)
	at com.tngtech.java.junit.dataprovider.DataProviderFrameworkMethod.invokeExplosively(DataProviderFrameworkMethod.java:119)
	at org.junit.internal.runners.statements.InvokeMethod.evaluate(InvokeMethod.java:17)
	at org.junit.rules.TestWatcher$1.evaluate(TestWatcher.java:55)
	at org.junit.rules.RunRules.evaluate(RunRules.java:20)
	at org.junit.runners.ParentRunner.runLeaf(ParentRunner.java:325)
	at com.dotcms.junit.CustomDataProviderRunner.runChild(CustomDataProviderRunner.java:28)
	at com.dotcms.junit.CustomDataProviderRunner.runChild(CustomDataProviderRunner.java:13)
	at org.junit.runners.ParentRunner$3.run(ParentRunner.java:290)
	at org.junit.runners.ParentRunner$1.schedule(ParentRunner.java:71)
	at org.junit.runners.ParentRunner.runChildren(ParentRunner.java:288)
	at org.junit.runners.ParentRunner.access$000(ParentRunner.java:58)
	at org.junit.runners.ParentRunner$2.evaluate(ParentRunner.java:268)
	at org.junit.internal.runners.statements.RunBefores.evaluate(RunBefores.java:26)
	at org.junit.internal.runners.statements.RunAfters.evaluate(RunAfters.java:27)
	at org.junit.runners.ParentRunner.run(ParentRunner.java:363)
	at org.junit.runners.Suite.runChild(Suite.java:128)
	at org.junit.runners.Suite.runChild(Suite.java:27)
	at org.junit.runners.ParentRunner$3.run(ParentRunner.java:290)
	at org.junit.runners.ParentRunner$1.schedule(ParentRunner.java:71)
	at org.junit.runners.ParentRunner.runChildren(ParentRunner.java:288)
	at org.junit.runners.ParentRunner.access$000(ParentRunner.java:58)
	at org.junit.runners.ParentRunner$2.evaluate(ParentRunner.java:268)
	at org.junit.runners.ParentRunner.run(ParentRunner.java:363)
	at org.gradle.api.internal.tasks.testing.junit.JUnitTestClassExecutor.runTestClass(JUnitTestClassExecutor.java:106)
	at org.gradle.api.internal.tasks.testing.junit.JUnitTestClassExecutor.execute(JUnitTestClassExecutor.java:58)
	at org.gradle.api.internal.tasks.testing.junit.JUnitTestClassExecutor.execute(JUnitTestClassExecutor.java:38)
	at org.gradle.api.internal.tasks.testing.junit.AbstractJUnitTestClassProcessor.processTestClass(AbstractJUnitTestClassProcessor.java:66)
	at org.gradle.api.internal.tasks.testing.SuiteTestClassProcessor.processTestClass(SuiteTestClassProcessor.java:51)
	at sun.reflect.NativeMethodAccessorImpl.invoke0(Native Method)
	at sun.reflect.NativeMethodAccessorImpl.invoke(NativeMethodAccessorImpl.java:62)
	at sun.reflect.DelegatingMethodAccessorImpl.invoke(DelegatingMethodAccessorImpl.java:43)
	at java.lang.reflect.Method.invoke(Method.java:498)
	at org.gradle.internal.dispatch.ReflectionDispatch.dispatch(ReflectionDispatch.java:35)
	at org.gradle.internal.dispatch.ReflectionDispatch.dispatch(ReflectionDispatch.java:24)
	at org.gradle.internal.dispatch.ContextClassLoaderDispatch.dispatch(ContextClassLoaderDispatch.java:32)
	at org.gradle.internal.dispatch.ProxyDispatchAdapter$DispatchingInvocationHandler.invoke(ProxyDispatchAdapter.java:93)
	at com.sun.proxy.$Proxy2.processTestClass(Unknown Source)
	at org.gradle.api.internal.tasks.testing.worker.TestWorker.processTestClass(TestWorker.java:117)
	at sun.reflect.NativeMethodAccessorImpl.invoke0(Native Method)
	at sun.reflect.NativeMethodAccessorImpl.invoke(NativeMethodAccessorImpl.java:62)
	at sun.reflect.DelegatingMethodAccessorImpl.invoke(DelegatingMethodAccessorImpl.java:43)
	at java.lang.reflect.Method.invoke(Method.java:498)
	at org.gradle.internal.dispatch.ReflectionDispatch.dispatch(ReflectionDispatch.java:35)
	at org.gradle.internal.dispatch.ReflectionDispatch.dispatch(ReflectionDispatch.java:24)
	at org.gradle.internal.remote.internal.hub.MessageHubBackedObjectConnection$DispatchWrapper.dispatch(MessageHubBackedObjectConnection.java:155)
	at org.gradle.internal.remote.internal.hub.MessageHubBackedObjectConnection$DispatchWrapper.dispatch(MessageHubBackedObjectConnection.java:137)
	at org.gradle.internal.remote.internal.hub.MessageHub$Handler.run(MessageHub.java:404)
	at org.gradle.internal.concurrent.ExecutorPolicy$CatchAndRecordFailures.onExecute(ExecutorPolicy.java:63)
	at org.gradle.internal.concurrent.ManagedExecutorImpl$1.run(ManagedExecutorImpl.java:46)
	at java.util.concurrent.ThreadPoolExecutor.runWorker(ThreadPoolExecutor.java:1149)
	at java.util.concurrent.ThreadPoolExecutor$Worker.run(ThreadPoolExecutor.java:624)
	at org.gradle.internal.concurrent.ThreadFactoryImpl$ManagedThreadRunnable.run(ThreadFactoryImpl.java:55)
	at java.lang.Thread.run(Thread.java:748)
</pre>
</span>
</div>
</div>
<div id="tab1" class="tab">
<h2>Tests</h2>
<table>
<thead>
<tr>
<th>Test</th>
<th>Duration</th>
<th>Result</th>
</tr>
</thead>
<tr>
<td class="failures">publish[0: com.dotcms.publishing.PublisherAPIImplTest$TestCase@73e86e4f]</td>
<td class="failures">0.193s</td>
<td class="failures">failed</td>
</tr>
<tr>
<td class="failures">publish[10: com.dotcms.publishing.PublisherAPIImplTest$TestCase@6a0f745]</td>
<td class="failures">0.100s</td>
<td class="failures">failed</td>
</tr>
<tr>
<td class="failures">publish[11: com.dotcms.publishing.PublisherAPIImplTest$TestCase@50b3fcb5]</td>
<td class="failures">0.097s</td>
<td class="failures">failed</td>
</tr>
<tr>
<td class="failures">publish[12: com.dotcms.publishing.PublisherAPIImplTest$TestCase@6e6793d7]</td>
<td class="failures">0.159s</td>
<td class="failures">failed</td>
</tr>
<tr>
<td class="failures">publish[13: com.dotcms.publishing.PublisherAPIImplTest$TestCase@78eccdd1]</td>
<td class="failures">0.128s</td>
<td class="failures">failed</td>
</tr>
<tr>
<td class="failures">publish[14: com.dotcms.publishing.PublisherAPIImplTest$TestCase@79f71756]</td>
<td class="failures">0.116s</td>
<td class="failures">failed</td>
</tr>
<tr>
<td class="success">publish[15: com.dotcms.publishing.PublisherAPIImplTest$TestCase@366e0a89]</td>
<td class="success">0.081s</td>
<td class="success">passed</td>
</tr>
<tr>
<td class="success">publish[16: com.dotcms.publishing.PublisherAPIImplTest$TestCase@64c5deb8]</td>
<td class="success">0.076s</td>
<td class="success">passed</td>
</tr>
<tr>
<td class="success">publish[17: com.dotcms.publishing.PublisherAPIImplTest$TestCase@7ad915b4]</td>
<td class="success">0.042s</td>
<td class="success">passed</td>
</tr>
<tr>
<td class="failures">publish[1: com.dotcms.publishing.PublisherAPIImplTest$TestCase@676e59c7]</td>
<td class="failures">0.117s</td>
<td class="failures">failed</td>
</tr>
<tr>
<td class="failures">publish[2: com.dotcms.publishing.PublisherAPIImplTest$TestCase@2673f3ec]</td>
<td class="failures">0.138s</td>
<td class="failures">failed</td>
</tr>
<tr>
<td class="failures">publish[3: com.dotcms.publishing.PublisherAPIImplTest$TestCase@6c5f5d51]</td>
<td class="failures">0.316s</td>
<td class="failures">failed</td>
</tr>
<tr>
<td class="failures">publish[4: com.dotcms.publishing.PublisherAPIImplTest$TestCase@5c75dc83]</td>
<td class="failures">0.269s</td>
<td class="failures">failed</td>
</tr>
<tr>
<td class="failures">publish[5: com.dotcms.publishing.PublisherAPIImplTest$TestCase@494006ab]</td>
<td class="failures">0.127s</td>
<td class="failures">failed</td>
</tr>
<tr>
<td class="success">publish[6: com.dotcms.publishing.PublisherAPIImplTest$TestCase@709570fc]</td>
<td class="success">0.090s</td>
<td class="success">passed</td>
</tr>
<tr>
<td class="success">publish[7: com.dotcms.publishing.PublisherAPIImplTest$TestCase@66b61e6a]</td>
<td class="success">0.095s</td>
<td class="success">passed</td>
</tr>
<tr>
<td class="success">publish[8: com.dotcms.publishing.PublisherAPIImplTest$TestCase@145557fb]</td>
<td class="success">0.051s</td>
<td class="success">passed</td>
</tr>
<tr>
<td class="failures">publish[9: com.dotcms.publishing.PublisherAPIImplTest$TestCase@5d696e84]</td>
<td class="failures">0.094s</td>
<td class="failures">failed</td>
</tr>
</table>
</div>
<div id="tab2" class="tab">
<h2>Standard output</h2>
<span class="code">
<pre>

















</pre>
</span>
</div>
</div>
<div id="footer">
<p>
<div>
<label class="hidden" id="label-for-line-wrapping-toggle" for="line-wrapping-toggle">Wrap lines
<input id="line-wrapping-toggle" type="checkbox" autocomplete="off"/>
</label>
</div>Generated by 
<a href="http://www.gradle.org">Gradle 4.10.2</a> at Mar 5, 2021 11:37:21 PM</p>
</div>
</div>
</body>
</html>
