<!DOCTYPE html>
<html>
<head>
<meta http-equiv="Content-Type" content="text/html; charset=utf-8"/>
<meta http-equiv="x-ua-compatible" content="IE=edge"/>
<title>Test results - Class com.dotcms.enterprise.publishing.remote.bundler.FolderBundlerTest</title>
<link href="../css/base-style.css" rel="stylesheet" type="text/css"/>
<link href="../css/style.css" rel="stylesheet" type="text/css"/>
<script src="../js/report.js" type="text/javascript"></script>
</head>
<body>
<div id="content">
<h1>Class com.dotcms.enterprise.publishing.remote.bundler.FolderBundlerTest</h1>
<div class="breadcrumbs">
<a href="../index.html">all</a> &gt; 
<a href="../packages/com.dotcms.enterprise.publishing.remote.bundler.html">com.dotcms.enterprise.publishing.remote.bundler</a> &gt; FolderBundlerTest</div>
<div id="summary">
<table>
<tr>
<td>
<div class="summaryGroup">
<table>
<tr>
<td>
<div class="infoBox" id="tests">
<div class="counter">3</div>
<p>tests</p>
</div>
</td>
<td>
<div class="infoBox" id="failures">
<div class="counter">3</div>
<p>failures</p>
</div>
</td>
<td>
<div class="infoBox" id="ignored">
<div class="counter">0</div>
<p>ignored</p>
</div>
</td>
<td>
<div class="infoBox" id="duration">
<div class="counter">0.018s</div>
<p>duration</p>
</div>
</td>
</tr>
</table>
</div>
</td>
<td>
<div class="infoBox failures" id="successRate">
<div class="percent">0%</div>
<p>successful</p>
</div>
</td>
</tr>
</table>
</div>
<div id="tabs">
<ul class="tabLinks">
<li>
<a href="#tab0">Failed tests</a>
</li>
<li>
<a href="#tab1">Tests</a>
</li>
</ul>
<div id="tab0" class="tab">
<h2>Failed tests</h2>
<div class="test">
<a name="addFolderInBundle[0: com.dotcms.enterprise.publishing.remote.bundler.FolderBundlerTest$TestCase@4dd82a75]"></a>
<h3 class="failures">addFolderInBundle[0: com.dotcms.enterprise.publishing.remote.bundler.FolderBundlerTest$TestCase@4dd82a75]</h3>
<span class="code">
<pre>java.lang.AssertionError: Fail for Folder:
Asset -&gt; com.dotmarketing.portlets.folders.model.Folder@14d2272b[name=testName1614613577351,sortOrder=0,showOnMenu=false,hostId=9a968713-ccd5-42f2-b5f1-4a9bb6efb534,title=testTitle1614613577351,filesMasks=&lt;null&gt;,defaultFileType=33888b6f-7a8e-4069-b1b6-5c1aa9d0a48d,modDate=2021-03-01 15:46:17.0,iDate=2021-03-01 15:46:17.0,type=folder,owner=&lt;null&gt;,inode=7443b024-1d49-4450-be48-4b97f12316ac,identifier=cb4b42dc-3e06-45cf-9256-bd8e5c531b05] 
difference -&gt; inode&gt;7443b024-1d49-4450-be48-4b97f12316ac&lt;/inode&gt;&lt;identifier&gt;cb4b42dc-3e06-45cf-9256-bd8e5c531b05&lt;/identifier&gt;&lt;name&gt;testName1614613577351&lt;/name&gt;&lt;sortOrder&gt;0&lt;/sortOrder&gt;&lt;showOnMenu&gt;false&lt;/showOnMenu&gt;&lt;hostId&gt;9a968713-ccd5-42f2-b5f1-4a9bb6efb534&lt;/hostId&gt;&lt;title&gt;testTitle1614613577351&lt;/title&gt;&lt;defaultFileType&gt;33888b6f-7a8e-4069-b1b6-5c1aa9d0a48d&lt;/defaultFileType&gt;&lt;/folder&gt;&lt;folderId&gt;&lt;id&gt;cb4b42dc-3e06-45cf-9256-bd8e5c531b05&lt;/id&gt;&lt;assetName&gt;testName1614613577351&lt;/assetName&gt;&lt;assetType&gt;folder&lt;/assetType&gt;&lt;hostId&gt;SYSTEM_HOST&lt;/hostId&gt;&lt;assetSubType&gt;Host&lt;/assetSubType&gt;&lt;/hostId&gt;&lt;operation&gt;PUBLISH&lt;/operation&gt;&lt;/com.dotcms.publisher.pusher.wrapper.FolderWrapper&gt;
expected -&gt; &lt;com.dotcms.publisher.pusher.wrapper.FolderWrapper&gt;&lt;folder&gt;&lt;type&gt;folder&lt;/type&gt;&lt;assetSubType&gt;Host&lt;/assetSubType&gt;&lt;/hostId&gt;&lt;operation&gt;PUBLISH&lt;/operation&gt;&lt;/com.dotcms.publisher.pusher.wrapper.FolderWrapper&gt;
real -&gt; &lt;com.dotcms.publisher.pusher.wrapper.FolderWrapper&gt;&lt;folder&gt;&lt;type&gt;folder&lt;/type&gt;&lt;inode&gt;7443b024-1d49-4450-be48-4b97f12316ac&lt;/inode&gt;&lt;identifier&gt;cb4b42dc-3e06-45cf-9256-bd8e5c531b05&lt;/identifier&gt;&lt;name&gt;testName1614613577351&lt;/name&gt;&lt;sortOrder&gt;0&lt;/sortOrder&gt;&lt;showOnMenu&gt;false&lt;/showOnMenu&gt;&lt;hostId&gt;9a968713-ccd5-42f2-b5f1-4a9bb6efb534&lt;/hostId&gt;&lt;title&gt;testTitle1614613577351&lt;/title&gt;&lt;defaultFileType&gt;33888b6f-7a8e-4069-b1b6-5c1aa9d0a48d&lt;/defaultFileType&gt;&lt;/folder&gt;&lt;folderId&gt;&lt;id&gt;cb4b42dc-3e06-45cf-9256-bd8e5c531b05&lt;/id&gt;&lt;assetName&gt;testName1614613577351&lt;/assetName&gt;&lt;assetType&gt;folder&lt;/assetType&gt;&lt;hostId&gt;SYSTEM_HOST&lt;/hostId&gt;&lt;assetSubType&gt;Host&lt;/assetSubType&gt;&lt;/hostId&gt;&lt;operation&gt;PUBLISH&lt;/operation&gt;&lt;/com.dotcms.publisher.pusher.wrapper.FolderWrapper&gt;

	at org.jgroups.util.Util.assertEquals(Util.java:185)
	at com.dotcms.test.util.FileTestUtil.assertBundleFile(FileTestUtil.java:254)
	at com.dotcms.test.util.FileTestUtil.assertBundleFile(FileTestUtil.java:191)
	at com.dotcms.enterprise.publishing.remote.bundler.FolderBundlerTest.addFolderInBundle(FolderBundlerTest.java:103)
	at sun.reflect.NativeMethodAccessorImpl.invoke0(Native Method)
	at sun.reflect.NativeMethodAccessorImpl.invoke(NativeMethodAccessorImpl.java:62)
	at sun.reflect.DelegatingMethodAccessorImpl.invoke(DelegatingMethodAccessorImpl.java:43)
	at java.lang.reflect.Method.invoke(Method.java:498)
	at org.junit.runners.model.FrameworkMethod$1.runReflectiveCall(FrameworkMethod.java:50)
	at org.junit.internal.runners.model.ReflectiveCallable.run(ReflectiveCallable.java:12)
	at org.junit.runners.model.FrameworkMethod.invokeExplosively(FrameworkMethod.java:47)
	at com.tngtech.java.junit.dataprovider.DataProviderFrameworkMethod.invokeExplosively(DataProviderFrameworkMethod.java:119)
	at org.junit.internal.runners.statements.InvokeMethod.evaluate(InvokeMethod.java:17)
	at org.junit.rules.TestWatcher$1.evaluate(TestWatcher.java:55)
	at org.junit.rules.RunRules.evaluate(RunRules.java:20)
	at org.junit.runners.ParentRunner.runLeaf(ParentRunner.java:325)
	at com.dotcms.junit.CustomDataProviderRunner.runChild(CustomDataProviderRunner.java:28)
	at com.dotcms.junit.CustomDataProviderRunner.runChild(CustomDataProviderRunner.java:13)
	at org.junit.runners.ParentRunner$3.run(ParentRunner.java:290)
	at org.junit.runners.ParentRunner$1.schedule(ParentRunner.java:71)
	at org.junit.runners.ParentRunner.runChildren(ParentRunner.java:288)
	at org.junit.runners.ParentRunner.access$000(ParentRunner.java:58)
	at org.junit.runners.ParentRunner$2.evaluate(ParentRunner.java:268)
	at org.junit.runners.ParentRunner.run(ParentRunner.java:363)
	at org.junit.runners.Suite.runChild(Suite.java:128)
	at org.junit.runners.Suite.runChild(Suite.java:27)
	at org.junit.runners.ParentRunner$3.run(ParentRunner.java:290)
	at org.junit.runners.ParentRunner$1.schedule(ParentRunner.java:71)
	at org.junit.runners.ParentRunner.runChildren(ParentRunner.java:288)
	at org.junit.runners.ParentRunner.access$000(ParentRunner.java:58)
	at org.junit.runners.ParentRunner$2.evaluate(ParentRunner.java:268)
	at org.junit.runners.ParentRunner.run(ParentRunner.java:363)
	at org.gradle.api.internal.tasks.testing.junit.JUnitTestClassExecutor.runTestClass(JUnitTestClassExecutor.java:106)
	at org.gradle.api.internal.tasks.testing.junit.JUnitTestClassExecutor.execute(JUnitTestClassExecutor.java:58)
	at org.gradle.api.internal.tasks.testing.junit.JUnitTestClassExecutor.execute(JUnitTestClassExecutor.java:38)
	at org.gradle.api.internal.tasks.testing.junit.AbstractJUnitTestClassProcessor.processTestClass(AbstractJUnitTestClassProcessor.java:66)
	at org.gradle.api.internal.tasks.testing.SuiteTestClassProcessor.processTestClass(SuiteTestClassProcessor.java:51)
	at sun.reflect.NativeMethodAccessorImpl.invoke0(Native Method)
	at sun.reflect.NativeMethodAccessorImpl.invoke(NativeMethodAccessorImpl.java:62)
	at sun.reflect.DelegatingMethodAccessorImpl.invoke(DelegatingMethodAccessorImpl.java:43)
	at java.lang.reflect.Method.invoke(Method.java:498)
	at org.gradle.internal.dispatch.ReflectionDispatch.dispatch(ReflectionDispatch.java:35)
	at org.gradle.internal.dispatch.ReflectionDispatch.dispatch(ReflectionDispatch.java:24)
	at org.gradle.internal.dispatch.ContextClassLoaderDispatch.dispatch(ContextClassLoaderDispatch.java:32)
	at org.gradle.internal.dispatch.ProxyDispatchAdapter$DispatchingInvocationHandler.invoke(ProxyDispatchAdapter.java:93)
	at com.sun.proxy.$Proxy2.processTestClass(Unknown Source)
	at org.gradle.api.internal.tasks.testing.worker.TestWorker.processTestClass(TestWorker.java:117)
	at sun.reflect.NativeMethodAccessorImpl.invoke0(Native Method)
	at sun.reflect.NativeMethodAccessorImpl.invoke(NativeMethodAccessorImpl.java:62)
	at sun.reflect.DelegatingMethodAccessorImpl.invoke(DelegatingMethodAccessorImpl.java:43)
	at java.lang.reflect.Method.invoke(Method.java:498)
	at org.gradle.internal.dispatch.ReflectionDispatch.dispatch(ReflectionDispatch.java:35)
	at org.gradle.internal.dispatch.ReflectionDispatch.dispatch(ReflectionDispatch.java:24)
	at org.gradle.internal.remote.internal.hub.MessageHubBackedObjectConnection$DispatchWrapper.dispatch(MessageHubBackedObjectConnection.java:155)
	at org.gradle.internal.remote.internal.hub.MessageHubBackedObjectConnection$DispatchWrapper.dispatch(MessageHubBackedObjectConnection.java:137)
	at org.gradle.internal.remote.internal.hub.MessageHub$Handler.run(MessageHub.java:404)
	at org.gradle.internal.concurrent.ExecutorPolicy$CatchAndRecordFailures.onExecute(ExecutorPolicy.java:63)
	at org.gradle.internal.concurrent.ManagedExecutorImpl$1.run(ManagedExecutorImpl.java:46)
	at java.util.concurrent.ThreadPoolExecutor.runWorker(ThreadPoolExecutor.java:1149)
	at java.util.concurrent.ThreadPoolExecutor$Worker.run(ThreadPoolExecutor.java:624)
	at org.gradle.internal.concurrent.ThreadFactoryImpl$ManagedThreadRunnable.run(ThreadFactoryImpl.java:55)
	at java.lang.Thread.run(Thread.java:748)
</pre>
</span>
</div>
<div class="test">
<a name="addFolderInBundle[1: com.dotcms.enterprise.publishing.remote.bundler.FolderBundlerTest$TestCase@767e5901]"></a>
<h3 class="failures">addFolderInBundle[1: com.dotcms.enterprise.publishing.remote.bundler.FolderBundlerTest$TestCase@767e5901]</h3>
<span class="code">
<pre>java.lang.AssertionError: Fail for Folder:
Asset -&gt; com.dotmarketing.portlets.folders.model.Folder@5e950bb4[name=testName1614613577364,sortOrder=0,showOnMenu=false,hostId=9a968713-ccd5-42f2-b5f1-4a9bb6efb534,title=testTitle1614613577364,filesMasks=&lt;null&gt;,defaultFileType=33888b6f-7a8e-4069-b1b6-5c1aa9d0a48d,modDate=2021-03-01 15:46:17.0,iDate=2021-03-01 15:46:17.0,type=folder,owner=&lt;null&gt;,inode=bf81af03-29cb-43a7-9a3c-2066c96ae722,identifier=75c6346a-7797-4986-a4c8-c5b379ef9e73] 
difference -&gt; inode&gt;bf81af03-29cb-43a7-9a3c-2066c96ae722&lt;/inode&gt;&lt;identifier&gt;75c6346a-7797-4986-a4c8-c5b379ef9e73&lt;/identifier&gt;&lt;name&gt;testName1614613577364&lt;/name&gt;&lt;sortOrder&gt;0&lt;/sortOrder&gt;&lt;showOnMenu&gt;false&lt;/showOnMenu&gt;&lt;hostId&gt;9a968713-ccd5-42f2-b5f1-4a9bb6efb534&lt;/hostId&gt;&lt;title&gt;testTitle1614613577364&lt;/title&gt;&lt;defaultFileType&gt;33888b6f-7a8e-4069-b1b6-5c1aa9d0a48d&lt;/defaultFileType&gt;&lt;/folder&gt;&lt;folderId&gt;&lt;id&gt;75c6346a-7797-4986-a4c8-c5b379ef9e73&lt;/id&gt;&lt;assetName&gt;testName1614613577364&lt;/assetName&gt;&lt;assetType&gt;folder&lt;/assetType&gt;&lt;hostId&gt;SYSTEM_HOST&lt;/hostId&gt;&lt;assetSubType&gt;Host&lt;/assetSubType&gt;&lt;/hostId&gt;&lt;operation&gt;PUBLISH&lt;/operation&gt;&lt;/com.dotcms.publisher.pusher.wrapper.FolderWrapper&gt;
expected -&gt; &lt;com.dotcms.publisher.pusher.wrapper.FolderWrapper&gt;&lt;folder&gt;&lt;type&gt;folder&lt;/type&gt;&lt;assetSubType&gt;Host&lt;/assetSubType&gt;&lt;/hostId&gt;&lt;operation&gt;PUBLISH&lt;/operation&gt;&lt;/com.dotcms.publisher.pusher.wrapper.FolderWrapper&gt;
real -&gt; &lt;com.dotcms.publisher.pusher.wrapper.FolderWrapper&gt;&lt;folder&gt;&lt;type&gt;folder&lt;/type&gt;&lt;inode&gt;bf81af03-29cb-43a7-9a3c-2066c96ae722&lt;/inode&gt;&lt;identifier&gt;75c6346a-7797-4986-a4c8-c5b379ef9e73&lt;/identifier&gt;&lt;name&gt;testName1614613577364&lt;/name&gt;&lt;sortOrder&gt;0&lt;/sortOrder&gt;&lt;showOnMenu&gt;false&lt;/showOnMenu&gt;&lt;hostId&gt;9a968713-ccd5-42f2-b5f1-4a9bb6efb534&lt;/hostId&gt;&lt;title&gt;testTitle1614613577364&lt;/title&gt;&lt;defaultFileType&gt;33888b6f-7a8e-4069-b1b6-5c1aa9d0a48d&lt;/defaultFileType&gt;&lt;/folder&gt;&lt;folderId&gt;&lt;id&gt;75c6346a-7797-4986-a4c8-c5b379ef9e73&lt;/id&gt;&lt;assetName&gt;testName1614613577364&lt;/assetName&gt;&lt;assetType&gt;folder&lt;/assetType&gt;&lt;hostId&gt;SYSTEM_HOST&lt;/hostId&gt;&lt;assetSubType&gt;Host&lt;/assetSubType&gt;&lt;/hostId&gt;&lt;operation&gt;PUBLISH&lt;/operation&gt;&lt;/com.dotcms.publisher.pusher.wrapper.FolderWrapper&gt;

	at org.jgroups.util.Util.assertEquals(Util.java:185)
	at com.dotcms.test.util.FileTestUtil.assertBundleFile(FileTestUtil.java:254)
	at com.dotcms.test.util.FileTestUtil.assertBundleFile(FileTestUtil.java:191)
	at com.dotcms.enterprise.publishing.remote.bundler.FolderBundlerTest.addFolderInBundle(FolderBundlerTest.java:103)
	at sun.reflect.NativeMethodAccessorImpl.invoke0(Native Method)
	at sun.reflect.NativeMethodAccessorImpl.invoke(NativeMethodAccessorImpl.java:62)
	at sun.reflect.DelegatingMethodAccessorImpl.invoke(DelegatingMethodAccessorImpl.java:43)
	at java.lang.reflect.Method.invoke(Method.java:498)
	at org.junit.runners.model.FrameworkMethod$1.runReflectiveCall(FrameworkMethod.java:50)
	at org.junit.internal.runners.model.ReflectiveCallable.run(ReflectiveCallable.java:12)
	at org.junit.runners.model.FrameworkMethod.invokeExplosively(FrameworkMethod.java:47)
	at com.tngtech.java.junit.dataprovider.DataProviderFrameworkMethod.invokeExplosively(DataProviderFrameworkMethod.java:119)
	at org.junit.internal.runners.statements.InvokeMethod.evaluate(InvokeMethod.java:17)
	at org.junit.rules.TestWatcher$1.evaluate(TestWatcher.java:55)
	at org.junit.rules.RunRules.evaluate(RunRules.java:20)
	at org.junit.runners.ParentRunner.runLeaf(ParentRunner.java:325)
	at com.dotcms.junit.CustomDataProviderRunner.runChild(CustomDataProviderRunner.java:28)
	at com.dotcms.junit.CustomDataProviderRunner.runChild(CustomDataProviderRunner.java:13)
	at org.junit.runners.ParentRunner$3.run(ParentRunner.java:290)
	at org.junit.runners.ParentRunner$1.schedule(ParentRunner.java:71)
	at org.junit.runners.ParentRunner.runChildren(ParentRunner.java:288)
	at org.junit.runners.ParentRunner.access$000(ParentRunner.java:58)
	at org.junit.runners.ParentRunner$2.evaluate(ParentRunner.java:268)
	at org.junit.runners.ParentRunner.run(ParentRunner.java:363)
	at org.junit.runners.Suite.runChild(Suite.java:128)
	at org.junit.runners.Suite.runChild(Suite.java:27)
	at org.junit.runners.ParentRunner$3.run(ParentRunner.java:290)
	at org.junit.runners.ParentRunner$1.schedule(ParentRunner.java:71)
	at org.junit.runners.ParentRunner.runChildren(ParentRunner.java:288)
	at org.junit.runners.ParentRunner.access$000(ParentRunner.java:58)
	at org.junit.runners.ParentRunner$2.evaluate(ParentRunner.java:268)
	at org.junit.runners.ParentRunner.run(ParentRunner.java:363)
	at org.gradle.api.internal.tasks.testing.junit.JUnitTestClassExecutor.runTestClass(JUnitTestClassExecutor.java:106)
	at org.gradle.api.internal.tasks.testing.junit.JUnitTestClassExecutor.execute(JUnitTestClassExecutor.java:58)
	at org.gradle.api.internal.tasks.testing.junit.JUnitTestClassExecutor.execute(JUnitTestClassExecutor.java:38)
	at org.gradle.api.internal.tasks.testing.junit.AbstractJUnitTestClassProcessor.processTestClass(AbstractJUnitTestClassProcessor.java:66)
	at org.gradle.api.internal.tasks.testing.SuiteTestClassProcessor.processTestClass(SuiteTestClassProcessor.java:51)
	at sun.reflect.NativeMethodAccessorImpl.invoke0(Native Method)
	at sun.reflect.NativeMethodAccessorImpl.invoke(NativeMethodAccessorImpl.java:62)
	at sun.reflect.DelegatingMethodAccessorImpl.invoke(DelegatingMethodAccessorImpl.java:43)
	at java.lang.reflect.Method.invoke(Method.java:498)
	at org.gradle.internal.dispatch.ReflectionDispatch.dispatch(ReflectionDispatch.java:35)
	at org.gradle.internal.dispatch.ReflectionDispatch.dispatch(ReflectionDispatch.java:24)
	at org.gradle.internal.dispatch.ContextClassLoaderDispatch.dispatch(ContextClassLoaderDispatch.java:32)
	at org.gradle.internal.dispatch.ProxyDispatchAdapter$DispatchingInvocationHandler.invoke(ProxyDispatchAdapter.java:93)
	at com.sun.proxy.$Proxy2.processTestClass(Unknown Source)
	at org.gradle.api.internal.tasks.testing.worker.TestWorker.processTestClass(TestWorker.java:117)
	at sun.reflect.NativeMethodAccessorImpl.invoke0(Native Method)
	at sun.reflect.NativeMethodAccessorImpl.invoke(NativeMethodAccessorImpl.java:62)
	at sun.reflect.DelegatingMethodAccessorImpl.invoke(DelegatingMethodAccessorImpl.java:43)
	at java.lang.reflect.Method.invoke(Method.java:498)
	at org.gradle.internal.dispatch.ReflectionDispatch.dispatch(ReflectionDispatch.java:35)
	at org.gradle.internal.dispatch.ReflectionDispatch.dispatch(ReflectionDispatch.java:24)
	at org.gradle.internal.remote.internal.hub.MessageHubBackedObjectConnection$DispatchWrapper.dispatch(MessageHubBackedObjectConnection.java:155)
	at org.gradle.internal.remote.internal.hub.MessageHubBackedObjectConnection$DispatchWrapper.dispatch(MessageHubBackedObjectConnection.java:137)
	at org.gradle.internal.remote.internal.hub.MessageHub$Handler.run(MessageHub.java:404)
	at org.gradle.internal.concurrent.ExecutorPolicy$CatchAndRecordFailures.onExecute(ExecutorPolicy.java:63)
	at org.gradle.internal.concurrent.ManagedExecutorImpl$1.run(ManagedExecutorImpl.java:46)
	at java.util.concurrent.ThreadPoolExecutor.runWorker(ThreadPoolExecutor.java:1149)
	at java.util.concurrent.ThreadPoolExecutor$Worker.run(ThreadPoolExecutor.java:624)
	at org.gradle.internal.concurrent.ThreadFactoryImpl$ManagedThreadRunnable.run(ThreadFactoryImpl.java:55)
	at java.lang.Thread.run(Thread.java:748)
</pre>
</span>
</div>
<div class="test">
<a name="addFolderInBundle[2: com.dotcms.enterprise.publishing.remote.bundler.FolderBundlerTest$TestCase@1c140e52]"></a>
<h3 class="failures">addFolderInBundle[2: com.dotcms.enterprise.publishing.remote.bundler.FolderBundlerTest$TestCase@1c140e52]</h3>
<span class="code">
<pre>java.lang.AssertionError: Fail for Folder:
Asset -&gt; com.dotmarketing.portlets.folders.model.Folder@5ecc302a[name=testName1614613577370,sortOrder=0,showOnMenu=false,hostId=9a968713-ccd5-42f2-b5f1-4a9bb6efb534,title=testTitle1614613577370,filesMasks=&lt;null&gt;,defaultFileType=33888b6f-7a8e-4069-b1b6-5c1aa9d0a48d,modDate=2021-03-01 15:46:17.0,iDate=2021-03-01 15:46:17.0,type=folder,owner=&lt;null&gt;,inode=7e094503-7c9d-4d62-b4bc-6318bbfa9746,identifier=235acc9c-ac9d-4ca8-a28a-c8df0d72da47] 
difference -&gt; inode&gt;7e094503-7c9d-4d62-b4bc-6318bbfa9746&lt;/inode&gt;&lt;identifier&gt;235acc9c-ac9d-4ca8-a28a-c8df0d72da47&lt;/identifier&gt;&lt;name&gt;testName1614613577370&lt;/name&gt;&lt;sortOrder&gt;0&lt;/sortOrder&gt;&lt;showOnMenu&gt;false&lt;/showOnMenu&gt;&lt;hostId&gt;9a968713-ccd5-42f2-b5f1-4a9bb6efb534&lt;/hostId&gt;&lt;title&gt;testTitle1614613577370&lt;/title&gt;&lt;defaultFileType&gt;33888b6f-7a8e-4069-b1b6-5c1aa9d0a48d&lt;/defaultFileType&gt;&lt;/folder&gt;&lt;folderId&gt;&lt;id&gt;235acc9c-ac9d-4ca8-a28a-c8df0d72da47&lt;/id&gt;&lt;assetName&gt;testName1614613577370&lt;/assetName&gt;&lt;assetType&gt;folder&lt;/assetType&gt;&lt;hostId&gt;SYSTEM_HOST&lt;/hostId&gt;&lt;assetSubType&gt;Host&lt;/assetSubType&gt;&lt;/hostId&gt;&lt;operation&gt;PUBLISH&lt;/operation&gt;&lt;/com.dotcms.publisher.pusher.wrapper.FolderWrapper&gt;
expected -&gt; &lt;com.dotcms.publisher.pusher.wrapper.FolderWrapper&gt;&lt;folder&gt;&lt;type&gt;folder&lt;/type&gt;&lt;assetSubType&gt;Host&lt;/assetSubType&gt;&lt;/hostId&gt;&lt;operation&gt;PUBLISH&lt;/operation&gt;&lt;/com.dotcms.publisher.pusher.wrapper.FolderWrapper&gt;
real -&gt; &lt;com.dotcms.publisher.pusher.wrapper.FolderWrapper&gt;&lt;folder&gt;&lt;type&gt;folder&lt;/type&gt;&lt;inode&gt;7e094503-7c9d-4d62-b4bc-6318bbfa9746&lt;/inode&gt;&lt;identifier&gt;235acc9c-ac9d-4ca8-a28a-c8df0d72da47&lt;/identifier&gt;&lt;name&gt;testName1614613577370&lt;/name&gt;&lt;sortOrder&gt;0&lt;/sortOrder&gt;&lt;showOnMenu&gt;false&lt;/showOnMenu&gt;&lt;hostId&gt;9a968713-ccd5-42f2-b5f1-4a9bb6efb534&lt;/hostId&gt;&lt;title&gt;testTitle1614613577370&lt;/title&gt;&lt;defaultFileType&gt;33888b6f-7a8e-4069-b1b6-5c1aa9d0a48d&lt;/defaultFileType&gt;&lt;/folder&gt;&lt;folderId&gt;&lt;id&gt;235acc9c-ac9d-4ca8-a28a-c8df0d72da47&lt;/id&gt;&lt;assetName&gt;testName1614613577370&lt;/assetName&gt;&lt;assetType&gt;folder&lt;/assetType&gt;&lt;hostId&gt;SYSTEM_HOST&lt;/hostId&gt;&lt;assetSubType&gt;Host&lt;/assetSubType&gt;&lt;/hostId&gt;&lt;operation&gt;PUBLISH&lt;/operation&gt;&lt;/com.dotcms.publisher.pusher.wrapper.FolderWrapper&gt;

	at org.jgroups.util.Util.assertEquals(Util.java:185)
	at com.dotcms.test.util.FileTestUtil.assertBundleFile(FileTestUtil.java:254)
	at com.dotcms.test.util.FileTestUtil.assertBundleFile(FileTestUtil.java:191)
	at com.dotcms.enterprise.publishing.remote.bundler.FolderBundlerTest.addFolderInBundle(FolderBundlerTest.java:103)
	at sun.reflect.NativeMethodAccessorImpl.invoke0(Native Method)
	at sun.reflect.NativeMethodAccessorImpl.invoke(NativeMethodAccessorImpl.java:62)
	at sun.reflect.DelegatingMethodAccessorImpl.invoke(DelegatingMethodAccessorImpl.java:43)
	at java.lang.reflect.Method.invoke(Method.java:498)
	at org.junit.runners.model.FrameworkMethod$1.runReflectiveCall(FrameworkMethod.java:50)
	at org.junit.internal.runners.model.ReflectiveCallable.run(ReflectiveCallable.java:12)
	at org.junit.runners.model.FrameworkMethod.invokeExplosively(FrameworkMethod.java:47)
	at com.tngtech.java.junit.dataprovider.DataProviderFrameworkMethod.invokeExplosively(DataProviderFrameworkMethod.java:119)
	at org.junit.internal.runners.statements.InvokeMethod.evaluate(InvokeMethod.java:17)
	at org.junit.rules.TestWatcher$1.evaluate(TestWatcher.java:55)
	at org.junit.rules.RunRules.evaluate(RunRules.java:20)
	at org.junit.runners.ParentRunner.runLeaf(ParentRunner.java:325)
	at com.dotcms.junit.CustomDataProviderRunner.runChild(CustomDataProviderRunner.java:28)
	at com.dotcms.junit.CustomDataProviderRunner.runChild(CustomDataProviderRunner.java:13)
	at org.junit.runners.ParentRunner$3.run(ParentRunner.java:290)
	at org.junit.runners.ParentRunner$1.schedule(ParentRunner.java:71)
	at org.junit.runners.ParentRunner.runChildren(ParentRunner.java:288)
	at org.junit.runners.ParentRunner.access$000(ParentRunner.java:58)
	at org.junit.runners.ParentRunner$2.evaluate(ParentRunner.java:268)
	at org.junit.runners.ParentRunner.run(ParentRunner.java:363)
	at org.junit.runners.Suite.runChild(Suite.java:128)
	at org.junit.runners.Suite.runChild(Suite.java:27)
	at org.junit.runners.ParentRunner$3.run(ParentRunner.java:290)
	at org.junit.runners.ParentRunner$1.schedule(ParentRunner.java:71)
	at org.junit.runners.ParentRunner.runChildren(ParentRunner.java:288)
	at org.junit.runners.ParentRunner.access$000(ParentRunner.java:58)
	at org.junit.runners.ParentRunner$2.evaluate(ParentRunner.java:268)
	at org.junit.runners.ParentRunner.run(ParentRunner.java:363)
	at org.gradle.api.internal.tasks.testing.junit.JUnitTestClassExecutor.runTestClass(JUnitTestClassExecutor.java:106)
	at org.gradle.api.internal.tasks.testing.junit.JUnitTestClassExecutor.execute(JUnitTestClassExecutor.java:58)
	at org.gradle.api.internal.tasks.testing.junit.JUnitTestClassExecutor.execute(JUnitTestClassExecutor.java:38)
	at org.gradle.api.internal.tasks.testing.junit.AbstractJUnitTestClassProcessor.processTestClass(AbstractJUnitTestClassProcessor.java:66)
	at org.gradle.api.internal.tasks.testing.SuiteTestClassProcessor.processTestClass(SuiteTestClassProcessor.java:51)
	at sun.reflect.NativeMethodAccessorImpl.invoke0(Native Method)
	at sun.reflect.NativeMethodAccessorImpl.invoke(NativeMethodAccessorImpl.java:62)
	at sun.reflect.DelegatingMethodAccessorImpl.invoke(DelegatingMethodAccessorImpl.java:43)
	at java.lang.reflect.Method.invoke(Method.java:498)
	at org.gradle.internal.dispatch.ReflectionDispatch.dispatch(ReflectionDispatch.java:35)
	at org.gradle.internal.dispatch.ReflectionDispatch.dispatch(ReflectionDispatch.java:24)
	at org.gradle.internal.dispatch.ContextClassLoaderDispatch.dispatch(ContextClassLoaderDispatch.java:32)
	at org.gradle.internal.dispatch.ProxyDispatchAdapter$DispatchingInvocationHandler.invoke(ProxyDispatchAdapter.java:93)
	at com.sun.proxy.$Proxy2.processTestClass(Unknown Source)
	at org.gradle.api.internal.tasks.testing.worker.TestWorker.processTestClass(TestWorker.java:117)
	at sun.reflect.NativeMethodAccessorImpl.invoke0(Native Method)
	at sun.reflect.NativeMethodAccessorImpl.invoke(NativeMethodAccessorImpl.java:62)
	at sun.reflect.DelegatingMethodAccessorImpl.invoke(DelegatingMethodAccessorImpl.java:43)
	at java.lang.reflect.Method.invoke(Method.java:498)
	at org.gradle.internal.dispatch.ReflectionDispatch.dispatch(ReflectionDispatch.java:35)
	at org.gradle.internal.dispatch.ReflectionDispatch.dispatch(ReflectionDispatch.java:24)
	at org.gradle.internal.remote.internal.hub.MessageHubBackedObjectConnection$DispatchWrapper.dispatch(MessageHubBackedObjectConnection.java:155)
	at org.gradle.internal.remote.internal.hub.MessageHubBackedObjectConnection$DispatchWrapper.dispatch(MessageHubBackedObjectConnection.java:137)
	at org.gradle.internal.remote.internal.hub.MessageHub$Handler.run(MessageHub.java:404)
	at org.gradle.internal.concurrent.ExecutorPolicy$CatchAndRecordFailures.onExecute(ExecutorPolicy.java:63)
	at org.gradle.internal.concurrent.ManagedExecutorImpl$1.run(ManagedExecutorImpl.java:46)
	at java.util.concurrent.ThreadPoolExecutor.runWorker(ThreadPoolExecutor.java:1149)
	at java.util.concurrent.ThreadPoolExecutor$Worker.run(ThreadPoolExecutor.java:624)
	at org.gradle.internal.concurrent.ThreadFactoryImpl$ManagedThreadRunnable.run(ThreadFactoryImpl.java:55)
	at java.lang.Thread.run(Thread.java:748)
</pre>
</span>
</div>
</div>
<div id="tab1" class="tab">
<h2>Tests</h2>
<table>
<thead>
<tr>
<th>Test</th>
<th>Duration</th>
<th>Result</th>
</tr>
</thead>
<tr>
<td class="failures">addFolderInBundle[0: com.dotcms.enterprise.publishing.remote.bundler.FolderBundlerTest$TestCase@4dd82a75]</td>
<td class="failures">0.006s</td>
<td class="failures">failed</td>
</tr>
<tr>
<td class="failures">addFolderInBundle[1: com.dotcms.enterprise.publishing.remote.bundler.FolderBundlerTest$TestCase@767e5901]</td>
<td class="failures">0.006s</td>
<td class="failures">failed</td>
</tr>
<tr>
<td class="failures">addFolderInBundle[2: com.dotcms.enterprise.publishing.remote.bundler.FolderBundlerTest$TestCase@1c140e52]</td>
<td class="failures">0.006s</td>
<td class="failures">failed</td>
</tr>
</table>
</div>
</div>
<div id="footer">
<p>
<div>
<label class="hidden" id="label-for-line-wrapping-toggle" for="line-wrapping-toggle">Wrap lines
<input id="line-wrapping-toggle" type="checkbox" autocomplete="off"/>
</label>
</div>Generated by 
<a href="http://www.gradle.org">Gradle 4.10.2</a> at Mar 1, 2021 5:12:16 PM</p>
</div>
</div>
</body>
</html>
