<?xml version="1.0" encoding="UTF-8"?>
<testsuite name="com.dotcms.rest.api.v3.contenttype.FieldResourceTest" tests="25" skipped="0" failures="0" errors="0" timestamp="2023-06-18T03:53:17" hostname="fv-az437-833" time="24.217">
  <properties/>
  <testcase name="shouldDeleteFieldsAndFixMaxColumnsPerRowRules" classname="com.dotcms.rest.api.v3.contenttype.FieldResourceTest" time="1.25"/>
  <testcase name="shouldUpdateFieldsInLegacyContentType" classname="com.dotcms.rest.api.v3.contenttype.FieldResourceTest" time="0.856"/>
  <testcase name="shouldUpdateFieldAndIgnoreSortOrderEvenWhenItSent" classname="com.dotcms.rest.api.v3.contenttype.FieldResourceTest" time="0.841"/>
  <testcase name="shouldMoveAndFixLegacyLayout" classname="com.dotcms.rest.api.v3.contenttype.FieldResourceTest" time="1.632"/>
  <testcase name="shouldFixLayout" classname="com.dotcms.rest.api.v3.contenttype.FieldResourceTest" time="0.804"/>
  <testcase name="shouldThrowExceptionWhenMoveFieldWithMaxColumnsRule" classname="com.dotcms.rest.api.v3.contenttype.FieldResourceTest" time="1.002"/>
  <testcase name="shouldThrowExceptionWhenContentTypeDoesNotExists" classname="com.dotcms.rest.api.v3.contenttype.FieldResourceTest" time="0.789"/>
  <testcase name="shouldRemoveEmptyRows" classname="com.dotcms.rest.api.v3.contenttype.FieldResourceTest" time="0.845"/>
  <testcase name="shouldThrowExceptionAndNotDeleteAny" classname="com.dotcms.rest.api.v3.contenttype.FieldResourceTest" time="0.819"/>
  <testcase name="shouldUpdateField" classname="com.dotcms.rest.api.v3.contenttype.FieldResourceTest" time="0.832"/>
  <testcase name="shouldThrowExceptionWhenDeleteFieldWithMaxColumnsRule" classname="com.dotcms.rest.api.v3.contenttype.FieldResourceTest" time="0.977"/>
  <testcase name="shouldDeleteFieldsInContentTypesWithWrongLayout" classname="com.dotcms.rest.api.v3.contenttype.FieldResourceTest" time="0.896"/>
  <testcase name="shouldUpdateFieldAndIgnoreSortOrderEvenWhenItIsSentWhenContentTypeHasWrongLayout" classname="com.dotcms.rest.api.v3.contenttype.FieldResourceTest" time="0.876"/>
  <testcase name="shouldUpdateFieldAndIgnoreSortOrder" classname="com.dotcms.rest.api.v3.contenttype.FieldResourceTest" time="0.829"/>
  <testcase name="shouldCreateFieldWithMoveEndPoint" classname="com.dotcms.rest.api.v3.contenttype.FieldResourceTest" time="0.887"/>
  <testcase name="shouldUpdateFieldAndIgnoreSortOrderWhenContentTypeHasWrongLayout" classname="com.dotcms.rest.api.v3.contenttype.FieldResourceTest" time="0.847"/>
  <testcase name="shouldDeleteFields" classname="com.dotcms.rest.api.v3.contenttype.FieldResourceTest" time="0.906"/>
  <testcase name="shouldThrowErrorWhenContentTypeDoesNotExists" classname="com.dotcms.rest.api.v3.contenttype.FieldResourceTest" time="0.81"/>
  <testcase name="shouldFixMaxColumnsPerRowRules" classname="com.dotcms.rest.api.v3.contenttype.FieldResourceTest" time="0.953"/>
  <testcase name="shouldMoveFields" classname="com.dotcms.rest.api.v3.contenttype.FieldResourceTest" time="0.854"/>
  <testcase name="shouldThrowErrorWhenFieldDoesNotExists" classname="com.dotcms.rest.api.v3.contenttype.FieldResourceTest" time="0.827"/>
  <testcase name="shouldCreateFieldAndRelationshipWithMoveEndPoint" classname="com.dotcms.rest.api.v3.contenttype.FieldResourceTest" time="1.175"/>
  <testcase name="shouldMoveAndFixMaxColumnsInRowRules" classname="com.dotcms.rest.api.v3.contenttype.FieldResourceTest" time="1.978"/>
  <testcase name="shouldCreateTabDividerWithMoveEndPoint" classname="com.dotcms.rest.api.v3.contenttype.FieldResourceTest" time="0.913"/>
  <testcase name="shouldGetAllContentTypesFields" classname="com.dotcms.rest.api.v3.contenttype.FieldResourceTest" time="0.817"/>
  <system-out><![CDATA[]]></system-out>
  <system-err><![CDATA[]]></system-err>
</testsuite>
