<?xml version="1.0" encoding="UTF-8"?>
<testsuite name="com.dotcms.auth.providers.jwt.factories.SecretKeySpecFactoryTest" tests="1" skipped="0" failures="0" errors="0" timestamp="2023-04-25T18:03:25" hostname="fv-az361-717" time="0.702">
  <properties/>
  <testcase name="readAndPrepareSecret" classname="com.dotcms.auth.providers.jwt.factories.SecretKeySpecFactoryTest" time="0.702"/>
  <system-out><![CDATA[a50686120a6ef45a6addef884c7f74f801f919bcd009fb5c837763b75e3f4e3134d949f499d0c23f5cfa17775d8112ecf94a46a6f9e7bd13f48796652757a7a7
MySecretKey2
MySecretKey3
MySecretKey3
cfc9e8b55c8581790dd3c80335a577e0336c6fb25ad036b2d50b3e90fa228389ad5fd47d6a1ad9330c4ba2e1bf87fee71e4d7b19c1693592d5f56c13b8dccf03
46bbb38813764440aac61173a0a3e931cf30283e0df5601d5c43de67efa39d9d80083db5b75978f8af6048d13438d360d94e851fa1700cf25c6f614a87ec5ffe
7af66a97c8ca9e51c498e030fdc810ae3537e5975de36ef6a0a7dab2045e1b6b6fd00a04fbf26ed274b73d8e837817def35ca7bd704e62279d36ce37fbdab74d
]]></system-out>
  <system-err><![CDATA[]]></system-err>
</testsuite>
