<?xml version="1.0" encoding="UTF-8"?>
<testsuite name="com.dotcms.util.pagination.SiteViewPaginatorUnitTest" tests="2" skipped="0" failures="0" errors="0" timestamp="2023-04-10T15:53:05" hostname="fv-az397-830" time="0.173">
  <properties/>
  <testcase name="Test_Get_Items_Sorted_Pages" classname="com.dotcms.util.pagination.SiteViewPaginatorUnitTest" time="0.099"/>
  <testcase name="Test_Get_Items_Page_Size" classname="com.dotcms.util.pagination.SiteViewPaginatorUnitTest" time="0.074"/>
  <system-out><![CDATA[SYSTEM_HOST
0
1
2
3
6
7
8
]]></system-out>
  <system-err><![CDATA[]]></system-err>
</testsuite>
