<!DOCTYPE html>
<html>
<head>
<meta http-equiv="Content-Type" content="text/html; charset=utf-8"/>
<meta http-equiv="x-ua-compatible" content="IE=edge"/>
<title>Test results - Class com.dotcms.publishing.PublisherAPIImplTest</title>
<link href="../css/base-style.css" rel="stylesheet" type="text/css"/>
<link href="../css/style.css" rel="stylesheet" type="text/css"/>
<script src="../js/report.js" type="text/javascript"></script>
</head>
<body>
<div id="content">
<h1>Class com.dotcms.publishing.PublisherAPIImplTest</h1>
<div class="breadcrumbs">
<a href="../index.html">all</a> &gt; 
<a href="../packages/com.dotcms.publishing.html">com.dotcms.publishing</a> &gt; PublisherAPIImplTest</div>
<div id="summary">
<table>
<tr>
<td>
<div class="summaryGroup">
<table>
<tr>
<td>
<div class="infoBox" id="tests">
<div class="counter">18</div>
<p>tests</p>
</div>
</td>
<td>
<div class="infoBox" id="failures">
<div class="counter">18</div>
<p>failures</p>
</div>
</td>
<td>
<div class="infoBox" id="ignored">
<div class="counter">0</div>
<p>ignored</p>
</div>
</td>
<td>
<div class="infoBox" id="duration">
<div class="counter">2.431s</div>
<p>duration</p>
</div>
</td>
</tr>
</table>
</div>
</td>
<td>
<div class="infoBox failures" id="successRate">
<div class="percent">0%</div>
<p>successful</p>
</div>
</td>
</tr>
</table>
</div>
<div id="tabs">
<ul class="tabLinks">
<li>
<a href="#tab0">Failed tests</a>
</li>
<li>
<a href="#tab1">Tests</a>
</li>
<li>
<a href="#tab2">Standard output</a>
</li>
</ul>
<div id="tab0" class="tab">
<h2>Failed tests</h2>
<div class="test">
<a name="publish[0: com.dotcms.publishing.PublisherAPIImplTest$TestCase@4255b105]"></a>
<h3 class="failures">publish[0: com.dotcms.publishing.PublisherAPIImplTest$TestCase@4255b105]</h3>
<span class="code">
<pre>java.lang.AssertionError: Expected 24 but get 26 in /custom/assets/bundles/01EZQXY2G3N3Q3S5VJS5R6SFBH
Expected [/custom/assets/bundles/01EZQXY2G3N3Q3S5VJS5R6SFBH/live/System Host/1/2-content.49305bcb-8731-496d-9259-14e1081a55a2.content.xml, /custom/assets/bundles/01EZQXY2G3N3Q3S5VJS5R6SFBH/live/System Host/1/274cb2b4-a8c1-4b1e-98b1-0a4c09e0b75a.contentworkflow.xml, /custom/assets/bundles/01EZQXY2G3N3Q3S5VJS5R6SFBH/working/System Host/1/content.ff462f88-d9e1-4d31-b084-b73cb61976d3.host.xml, /custom/assets/bundles/01EZQXY2G3N3Q3S5VJS5R6SFBH/live/default/1614634228466/d564fe35-7116-4f16-bfa9-b1b6e1963247.contentworkflow.xml, /custom/assets/bundles/01EZQXY2G3N3Q3S5VJS5R6SFBH/f661a31d-db40-436b-98d7-219e600e840b.workflow.xml, /custom/assets/bundles/01EZQXY2G3N3Q3S5VJS5R6SFBH/live/System Host/1614634228466properties, /custom/assets/bundles/01EZQXY2G3N3Q3S5VJS5R6SFBH/live/System Host/1/content.ff462f88-d9e1-4d31-b084-b73cb61976d3.host.xml, /custom/assets/bundles/01EZQXY2G3N3Q3S5VJS5R6SFBH/live/default/4ef752b0-459e-4e73-a2fa-a80bb81ef83d.rule.xml, /custom/assets/bundles/01EZQXY2G3N3Q3S5VJS5R6SFBH/live/default/1614634228466/0-content.a4b987eb-fe15-495a-8a09-7146d5cb8f5e.content.xml, /custom/assets/bundles/01EZQXY2G3N3Q3S5VJS5R6SFBH/live/System Host/1/1-content.91b935b3-7bba-4331-9c2d-9d7a36c94a34.content.xml, /custom/assets/bundles/01EZQXY2G3N3Q3S5VJS5R6SFBH/working/System Host/6a50864d-6142-42b1-82a5-b03e4bcd9487.category.dpc.xml, /custom/assets/bundles/01EZQXY2G3N3Q3S5VJS5R6SFBH/live/System Host/1/652cd35e-9d0a-4d29-a244-dfbee9c51c1e.contentworkflow.xml, /custom/assets/bundles/01EZQXY2G3N3Q3S5VJS5R6SFBH/working/System Host/1/274cb2b4-a8c1-4b1e-98b1-0a4c09e0b75a.contentworkflow.xml, /custom/assets/bundles/01EZQXY2G3N3Q3S5VJS5R6SFBH/live/System Host/th_TF.language.xml, /custom/assets/bundles/01EZQXY2G3N3Q3S5VJS5R6SFBH/working/System Host/1/3-content.49305bcb-8731-496d-9259-14e1081a55a2.content.xml, /custom/assets/bundles/01EZQXY2G3N3Q3S5VJS5R6SFBH/working/test1614631903360.dotcms.com/78a907a0-846d-44e9-baec-e2db68111381.contentType.json, /custom/assets/bundles/01EZQXY2G3N3Q3S5VJS5R6SFBH/live/System Host/1/content.be5aa566-e323-4995-b97b-199b4be68c8c.host.xml, /custom/assets/bundles/01EZQXY2G3N3Q3S5VJS5R6SFBH/live/System Host/1properties, /custom/assets/bundles/01EZQXY2G3N3Q3S5VJS5R6SFBH/live/System Host/en_US.language.xml, /custom/assets/bundles/01EZQXY2G3N3Q3S5VJS5R6SFBH/d61a59e1-a49c-46f2-a929-db2b4bfa88b2.workflow.xml, /custom/assets/bundles/01EZQXY2G3N3Q3S5VJS5R6SFBH/working/test1614631903360.dotcms.com/d7f760c6-0307-46e4-b42f-e055428e595a.contentType.json, /custom/assets/bundles/01EZQXY2G3N3Q3S5VJS5R6SFBH/working/System Host/f4d7c1b8-2c88-4071-abf1-a5328977b07d.contentType.json, /custom/assets/bundles/01EZQXY2G3N3Q3S5VJS5R6SFBH/working/test1614631903360.dotcms.com/e2f87c38-984b-43ba-9241-9742a14d1bb5.relationship.xml]
Existing [/custom/assets/bundles/01EZQXY2G3N3Q3S5VJS5R6SFBH/ROOT/bc9a1d37-dd2d-4d49-a29d-0c9be740bfaf.folder.xml, /custom/assets/bundles/01EZQXY2G3N3Q3S5VJS5R6SFBH/bundle.xml, /custom/assets/bundles/01EZQXY2G3N3Q3S5VJS5R6SFBH/d61a59e1-a49c-46f2-a929-db2b4bfa88b2.workflow.xml, /custom/assets/bundles/01EZQXY2G3N3Q3S5VJS5R6SFBH/f661a31d-db40-436b-98d7-219e600e840b.workflow.xml, /custom/assets/bundles/01EZQXY2G3N3Q3S5VJS5R6SFBH/live/System Host/1/1-content.91b935b3-7bba-4331-9c2d-9d7a36c94a34.content.xml, /custom/assets/bundles/01EZQXY2G3N3Q3S5VJS5R6SFBH/live/System Host/1/2-content.49305bcb-8731-496d-9259-14e1081a55a2.content.xml, /custom/assets/bundles/01EZQXY2G3N3Q3S5VJS5R6SFBH/live/System Host/1/274cb2b4-a8c1-4b1e-98b1-0a4c09e0b75a.contentworkflow.xml, /custom/assets/bundles/01EZQXY2G3N3Q3S5VJS5R6SFBH/live/System Host/1/652cd35e-9d0a-4d29-a244-dfbee9c51c1e.contentworkflow.xml, /custom/assets/bundles/01EZQXY2G3N3Q3S5VJS5R6SFBH/live/System Host/1/content.be5aa566-e323-4995-b97b-199b4be68c8c.host.xml, /custom/assets/bundles/01EZQXY2G3N3Q3S5VJS5R6SFBH/live/System Host/1/content.ff462f88-d9e1-4d31-b084-b73cb61976d3.host.xml, /custom/assets/bundles/01EZQXY2G3N3Q3S5VJS5R6SFBH/live/System Host/1/system host.host.xml, /custom/assets/bundles/01EZQXY2G3N3Q3S5VJS5R6SFBH/live/System Host/1614634228466properties, /custom/assets/bundles/01EZQXY2G3N3Q3S5VJS5R6SFBH/live/System Host/1properties, /custom/assets/bundles/01EZQXY2G3N3Q3S5VJS5R6SFBH/live/System Host/en_US.language.xml, /custom/assets/bundles/01EZQXY2G3N3Q3S5VJS5R6SFBH/live/System Host/th_TF.language.xml, /custom/assets/bundles/01EZQXY2G3N3Q3S5VJS5R6SFBH/live/default/1614634228466/0-content.a4b987eb-fe15-495a-8a09-7146d5cb8f5e.content.xml, /custom/assets/bundles/01EZQXY2G3N3Q3S5VJS5R6SFBH/live/default/1614634228466/d564fe35-7116-4f16-bfa9-b1b6e1963247.contentworkflow.xml, /custom/assets/bundles/01EZQXY2G3N3Q3S5VJS5R6SFBH/live/default/4ef752b0-459e-4e73-a2fa-a80bb81ef83d.rule.xml, /custom/assets/bundles/01EZQXY2G3N3Q3S5VJS5R6SFBH/working/System Host/1/274cb2b4-a8c1-4b1e-98b1-0a4c09e0b75a.contentworkflow.xml, /custom/assets/bundles/01EZQXY2G3N3Q3S5VJS5R6SFBH/working/System Host/1/3-content.49305bcb-8731-496d-9259-14e1081a55a2.content.xml, /custom/assets/bundles/01EZQXY2G3N3Q3S5VJS5R6SFBH/working/System Host/1/content.ff462f88-d9e1-4d31-b084-b73cb61976d3.host.xml, /custom/assets/bundles/01EZQXY2G3N3Q3S5VJS5R6SFBH/working/System Host/6a50864d-6142-42b1-82a5-b03e4bcd9487.category.dpc.xml, /custom/assets/bundles/01EZQXY2G3N3Q3S5VJS5R6SFBH/working/System Host/f4d7c1b8-2c88-4071-abf1-a5328977b07d.contentType.json, /custom/assets/bundles/01EZQXY2G3N3Q3S5VJS5R6SFBH/working/test1614631903360.dotcms.com/78a907a0-846d-44e9-baec-e2db68111381.contentType.json, /custom/assets/bundles/01EZQXY2G3N3Q3S5VJS5R6SFBH/working/test1614631903360.dotcms.com/d7f760c6-0307-46e4-b42f-e055428e595a.contentType.json, /custom/assets/bundles/01EZQXY2G3N3Q3S5VJS5R6SFBH/working/test1614631903360.dotcms.com/e2f87c38-984b-43ba-9241-9742a14d1bb5.relationship.xml]
difference [/custom/assets/bundles/01EZQXY2G3N3Q3S5VJS5R6SFBH/ROOT/bc9a1d37-dd2d-4d49-a29d-0c9be740bfaf.folder.xml, /custom/assets/bundles/01EZQXY2G3N3Q3S5VJS5R6SFBH/bundle.xml, /custom/assets/bundles/01EZQXY2G3N3Q3S5VJS5R6SFBH/live/System Host/1/system host.host.xml]

	at org.jgroups.util.Util.assertEquals(Util.java:185)
	at com.dotcms.publishing.PublisherAPIImplTest.publish(PublisherAPIImplTest.java:407)
	at sun.reflect.NativeMethodAccessorImpl.invoke0(Native Method)
	at sun.reflect.NativeMethodAccessorImpl.invoke(NativeMethodAccessorImpl.java:62)
	at sun.reflect.DelegatingMethodAccessorImpl.invoke(DelegatingMethodAccessorImpl.java:43)
	at java.lang.reflect.Method.invoke(Method.java:498)
	at org.junit.runners.model.FrameworkMethod$1.runReflectiveCall(FrameworkMethod.java:50)
	at org.junit.internal.runners.model.ReflectiveCallable.run(ReflectiveCallable.java:12)
	at org.junit.runners.model.FrameworkMethod.invokeExplosively(FrameworkMethod.java:47)
	at com.tngtech.java.junit.dataprovider.DataProviderFrameworkMethod.invokeExplosively(DataProviderFrameworkMethod.java:119)
	at org.junit.internal.runners.statements.InvokeMethod.evaluate(InvokeMethod.java:17)
	at org.junit.rules.TestWatcher$1.evaluate(TestWatcher.java:55)
	at org.junit.rules.RunRules.evaluate(RunRules.java:20)
	at org.junit.runners.ParentRunner.runLeaf(ParentRunner.java:325)
	at com.dotcms.junit.CustomDataProviderRunner.runChild(CustomDataProviderRunner.java:28)
	at com.dotcms.junit.CustomDataProviderRunner.runChild(CustomDataProviderRunner.java:13)
	at org.junit.runners.ParentRunner$3.run(ParentRunner.java:290)
	at org.junit.runners.ParentRunner$1.schedule(ParentRunner.java:71)
	at org.junit.runners.ParentRunner.runChildren(ParentRunner.java:288)
	at org.junit.runners.ParentRunner.access$000(ParentRunner.java:58)
	at org.junit.runners.ParentRunner$2.evaluate(ParentRunner.java:268)
	at org.junit.internal.runners.statements.RunBefores.evaluate(RunBefores.java:26)
	at org.junit.internal.runners.statements.RunAfters.evaluate(RunAfters.java:27)
	at org.junit.runners.ParentRunner.run(ParentRunner.java:363)
	at org.junit.runners.Suite.runChild(Suite.java:128)
	at org.junit.runners.Suite.runChild(Suite.java:27)
	at org.junit.runners.ParentRunner$3.run(ParentRunner.java:290)
	at org.junit.runners.ParentRunner$1.schedule(ParentRunner.java:71)
	at org.junit.runners.ParentRunner.runChildren(ParentRunner.java:288)
	at org.junit.runners.ParentRunner.access$000(ParentRunner.java:58)
	at org.junit.runners.ParentRunner$2.evaluate(ParentRunner.java:268)
	at org.junit.runners.ParentRunner.run(ParentRunner.java:363)
	at org.gradle.api.internal.tasks.testing.junit.JUnitTestClassExecutor.runTestClass(JUnitTestClassExecutor.java:106)
	at org.gradle.api.internal.tasks.testing.junit.JUnitTestClassExecutor.execute(JUnitTestClassExecutor.java:58)
	at org.gradle.api.internal.tasks.testing.junit.JUnitTestClassExecutor.execute(JUnitTestClassExecutor.java:38)
	at org.gradle.api.internal.tasks.testing.junit.AbstractJUnitTestClassProcessor.processTestClass(AbstractJUnitTestClassProcessor.java:66)
	at org.gradle.api.internal.tasks.testing.SuiteTestClassProcessor.processTestClass(SuiteTestClassProcessor.java:51)
	at sun.reflect.NativeMethodAccessorImpl.invoke0(Native Method)
	at sun.reflect.NativeMethodAccessorImpl.invoke(NativeMethodAccessorImpl.java:62)
	at sun.reflect.DelegatingMethodAccessorImpl.invoke(DelegatingMethodAccessorImpl.java:43)
	at java.lang.reflect.Method.invoke(Method.java:498)
	at org.gradle.internal.dispatch.ReflectionDispatch.dispatch(ReflectionDispatch.java:35)
	at org.gradle.internal.dispatch.ReflectionDispatch.dispatch(ReflectionDispatch.java:24)
	at org.gradle.internal.dispatch.ContextClassLoaderDispatch.dispatch(ContextClassLoaderDispatch.java:32)
	at org.gradle.internal.dispatch.ProxyDispatchAdapter$DispatchingInvocationHandler.invoke(ProxyDispatchAdapter.java:93)
	at com.sun.proxy.$Proxy2.processTestClass(Unknown Source)
	at org.gradle.api.internal.tasks.testing.worker.TestWorker.processTestClass(TestWorker.java:117)
	at sun.reflect.NativeMethodAccessorImpl.invoke0(Native Method)
	at sun.reflect.NativeMethodAccessorImpl.invoke(NativeMethodAccessorImpl.java:62)
	at sun.reflect.DelegatingMethodAccessorImpl.invoke(DelegatingMethodAccessorImpl.java:43)
	at java.lang.reflect.Method.invoke(Method.java:498)
	at org.gradle.internal.dispatch.ReflectionDispatch.dispatch(ReflectionDispatch.java:35)
	at org.gradle.internal.dispatch.ReflectionDispatch.dispatch(ReflectionDispatch.java:24)
	at org.gradle.internal.remote.internal.hub.MessageHubBackedObjectConnection$DispatchWrapper.dispatch(MessageHubBackedObjectConnection.java:155)
	at org.gradle.internal.remote.internal.hub.MessageHubBackedObjectConnection$DispatchWrapper.dispatch(MessageHubBackedObjectConnection.java:137)
	at org.gradle.internal.remote.internal.hub.MessageHub$Handler.run(MessageHub.java:404)
	at org.gradle.internal.concurrent.ExecutorPolicy$CatchAndRecordFailures.onExecute(ExecutorPolicy.java:63)
	at org.gradle.internal.concurrent.ManagedExecutorImpl$1.run(ManagedExecutorImpl.java:46)
	at java.util.concurrent.ThreadPoolExecutor.runWorker(ThreadPoolExecutor.java:1149)
	at java.util.concurrent.ThreadPoolExecutor$Worker.run(ThreadPoolExecutor.java:624)
	at org.gradle.internal.concurrent.ThreadFactoryImpl$ManagedThreadRunnable.run(ThreadFactoryImpl.java:55)
	at java.lang.Thread.run(Thread.java:748)
</pre>
</span>
</div>
<div class="test">
<a name="publish[10: com.dotcms.publishing.PublisherAPIImplTest$TestCase@4e4940b3]"></a>
<h3 class="failures">publish[10: com.dotcms.publishing.PublisherAPIImplTest$TestCase@4e4940b3]</h3>
<span class="code">
<pre>java.lang.AssertionError: Expected 23 but get 25 in /custom/assets/bundles/01EZQXY3ZTX91CRHXJ72Z23TVX
Expected [/custom/assets/bundles/01EZQXY3ZTX91CRHXJ72Z23TVX/live/default/4ef752b0-459e-4e73-a2fa-a80bb81ef83d.rule.xml, /custom/assets/bundles/01EZQXY3ZTX91CRHXJ72Z23TVX/live/System Host/1properties, /custom/assets/bundles/01EZQXY3ZTX91CRHXJ72Z23TVX/live/default/1614634228466/d564fe35-7116-4f16-bfa9-b1b6e1963247.contentworkflow.xml, /custom/assets/bundles/01EZQXY3ZTX91CRHXJ72Z23TVX/live/System Host/1/274cb2b4-a8c1-4b1e-98b1-0a4c09e0b75a.contentworkflow.xml, /custom/assets/bundles/01EZQXY3ZTX91CRHXJ72Z23TVX/working/test1614631904383.dotcms.com/beba95b2-5962-4486-b5c3-203a455bb038.contentType.json, /custom/assets/bundles/01EZQXY3ZTX91CRHXJ72Z23TVX/d61a59e1-a49c-46f2-a929-db2b4bfa88b2.workflow.xml, /custom/assets/bundles/01EZQXY3ZTX91CRHXJ72Z23TVX/live/System Host/1/2-content.49305bcb-8731-496d-9259-14e1081a55a2.content.xml, /custom/assets/bundles/01EZQXY3ZTX91CRHXJ72Z23TVX/working/test1614631904383.dotcms.com/0ac43c59-a10b-4f51-9caf-8942dc79e4cf.containers.container.xml, /custom/assets/bundles/01EZQXY3ZTX91CRHXJ72Z23TVX/working/System Host/1/3-content.49305bcb-8731-496d-9259-14e1081a55a2.content.xml, /custom/assets/bundles/01EZQXY3ZTX91CRHXJ72Z23TVX/working/System Host/f4d7c1b8-2c88-4071-abf1-a5328977b07d.contentType.json, /custom/assets/bundles/01EZQXY3ZTX91CRHXJ72Z23TVX/working/test1614631904383.dotcms.com/4c29368f-d23a-4494-b0d6-0a55fd8108ee.containers.container.xml, /custom/assets/bundles/01EZQXY3ZTX91CRHXJ72Z23TVX/live/System Host/1614634228466properties, /custom/assets/bundles/01EZQXY3ZTX91CRHXJ72Z23TVX/live/test1614631904383.dotcms.com/07862080-a8aa-47ac-b22c-18f757357671.template.template.xml, /custom/assets/bundles/01EZQXY3ZTX91CRHXJ72Z23TVX/live/System Host/th_TF.language.xml, /custom/assets/bundles/01EZQXY3ZTX91CRHXJ72Z23TVX/live/System Host/en_US.language.xml, /custom/assets/bundles/01EZQXY3ZTX91CRHXJ72Z23TVX/working/System Host/1/274cb2b4-a8c1-4b1e-98b1-0a4c09e0b75a.contentworkflow.xml, /custom/assets/bundles/01EZQXY3ZTX91CRHXJ72Z23TVX/live/System Host/1/content.aca53376-3675-4b68-81c1-c9c1e2de34da.host.xml, /custom/assets/bundles/01EZQXY3ZTX91CRHXJ72Z23TVX/live/System Host/1/1-content.91b935b3-7bba-4331-9c2d-9d7a36c94a34.content.xml, /custom/assets/bundles/01EZQXY3ZTX91CRHXJ72Z23TVX/live/System Host/1/content.ff462f88-d9e1-4d31-b084-b73cb61976d3.host.xml, /custom/assets/bundles/01EZQXY3ZTX91CRHXJ72Z23TVX/live/System Host/1/652cd35e-9d0a-4d29-a244-dfbee9c51c1e.contentworkflow.xml, /custom/assets/bundles/01EZQXY3ZTX91CRHXJ72Z23TVX/working/System Host/1/content.ff462f88-d9e1-4d31-b084-b73cb61976d3.host.xml, /custom/assets/bundles/01EZQXY3ZTX91CRHXJ72Z23TVX/live/default/1614634228466/0-content.a4b987eb-fe15-495a-8a09-7146d5cb8f5e.content.xml]
Existing [/custom/assets/bundles/01EZQXY3ZTX91CRHXJ72Z23TVX/ROOT/bc9a1d37-dd2d-4d49-a29d-0c9be740bfaf.folder.xml, /custom/assets/bundles/01EZQXY3ZTX91CRHXJ72Z23TVX/bundle.xml, /custom/assets/bundles/01EZQXY3ZTX91CRHXJ72Z23TVX/d61a59e1-a49c-46f2-a929-db2b4bfa88b2.workflow.xml, /custom/assets/bundles/01EZQXY3ZTX91CRHXJ72Z23TVX/live/System Host/1/1-content.91b935b3-7bba-4331-9c2d-9d7a36c94a34.content.xml, /custom/assets/bundles/01EZQXY3ZTX91CRHXJ72Z23TVX/live/System Host/1/2-content.49305bcb-8731-496d-9259-14e1081a55a2.content.xml, /custom/assets/bundles/01EZQXY3ZTX91CRHXJ72Z23TVX/live/System Host/1/274cb2b4-a8c1-4b1e-98b1-0a4c09e0b75a.contentworkflow.xml, /custom/assets/bundles/01EZQXY3ZTX91CRHXJ72Z23TVX/live/System Host/1/652cd35e-9d0a-4d29-a244-dfbee9c51c1e.contentworkflow.xml, /custom/assets/bundles/01EZQXY3ZTX91CRHXJ72Z23TVX/live/System Host/1/content.aca53376-3675-4b68-81c1-c9c1e2de34da.host.xml, /custom/assets/bundles/01EZQXY3ZTX91CRHXJ72Z23TVX/live/System Host/1/content.ff462f88-d9e1-4d31-b084-b73cb61976d3.host.xml, /custom/assets/bundles/01EZQXY3ZTX91CRHXJ72Z23TVX/live/System Host/1/system host.host.xml, /custom/assets/bundles/01EZQXY3ZTX91CRHXJ72Z23TVX/live/System Host/1614634228466properties, /custom/assets/bundles/01EZQXY3ZTX91CRHXJ72Z23TVX/live/System Host/1properties, /custom/assets/bundles/01EZQXY3ZTX91CRHXJ72Z23TVX/live/System Host/en_US.language.xml, /custom/assets/bundles/01EZQXY3ZTX91CRHXJ72Z23TVX/live/System Host/th_TF.language.xml, /custom/assets/bundles/01EZQXY3ZTX91CRHXJ72Z23TVX/live/default/1614634228466/0-content.a4b987eb-fe15-495a-8a09-7146d5cb8f5e.content.xml, /custom/assets/bundles/01EZQXY3ZTX91CRHXJ72Z23TVX/live/default/1614634228466/d564fe35-7116-4f16-bfa9-b1b6e1963247.contentworkflow.xml, /custom/assets/bundles/01EZQXY3ZTX91CRHXJ72Z23TVX/live/default/4ef752b0-459e-4e73-a2fa-a80bb81ef83d.rule.xml, /custom/assets/bundles/01EZQXY3ZTX91CRHXJ72Z23TVX/live/test1614631904383.dotcms.com/07862080-a8aa-47ac-b22c-18f757357671.template.template.xml, /custom/assets/bundles/01EZQXY3ZTX91CRHXJ72Z23TVX/working/System Host/1/274cb2b4-a8c1-4b1e-98b1-0a4c09e0b75a.contentworkflow.xml, /custom/assets/bundles/01EZQXY3ZTX91CRHXJ72Z23TVX/working/System Host/1/3-content.49305bcb-8731-496d-9259-14e1081a55a2.content.xml, /custom/assets/bundles/01EZQXY3ZTX91CRHXJ72Z23TVX/working/System Host/1/content.ff462f88-d9e1-4d31-b084-b73cb61976d3.host.xml, /custom/assets/bundles/01EZQXY3ZTX91CRHXJ72Z23TVX/working/System Host/f4d7c1b8-2c88-4071-abf1-a5328977b07d.contentType.json, /custom/assets/bundles/01EZQXY3ZTX91CRHXJ72Z23TVX/working/test1614631904383.dotcms.com/0ac43c59-a10b-4f51-9caf-8942dc79e4cf.containers.container.xml, /custom/assets/bundles/01EZQXY3ZTX91CRHXJ72Z23TVX/working/test1614631904383.dotcms.com/4c29368f-d23a-4494-b0d6-0a55fd8108ee.containers.container.xml, /custom/assets/bundles/01EZQXY3ZTX91CRHXJ72Z23TVX/working/test1614631904383.dotcms.com/beba95b2-5962-4486-b5c3-203a455bb038.contentType.json]
difference [/custom/assets/bundles/01EZQXY3ZTX91CRHXJ72Z23TVX/ROOT/bc9a1d37-dd2d-4d49-a29d-0c9be740bfaf.folder.xml, /custom/assets/bundles/01EZQXY3ZTX91CRHXJ72Z23TVX/bundle.xml, /custom/assets/bundles/01EZQXY3ZTX91CRHXJ72Z23TVX/live/System Host/1/system host.host.xml]

	at org.jgroups.util.Util.assertEquals(Util.java:185)
	at com.dotcms.publishing.PublisherAPIImplTest.publish(PublisherAPIImplTest.java:407)
	at sun.reflect.NativeMethodAccessorImpl.invoke0(Native Method)
	at sun.reflect.NativeMethodAccessorImpl.invoke(NativeMethodAccessorImpl.java:62)
	at sun.reflect.DelegatingMethodAccessorImpl.invoke(DelegatingMethodAccessorImpl.java:43)
	at java.lang.reflect.Method.invoke(Method.java:498)
	at org.junit.runners.model.FrameworkMethod$1.runReflectiveCall(FrameworkMethod.java:50)
	at org.junit.internal.runners.model.ReflectiveCallable.run(ReflectiveCallable.java:12)
	at org.junit.runners.model.FrameworkMethod.invokeExplosively(FrameworkMethod.java:47)
	at com.tngtech.java.junit.dataprovider.DataProviderFrameworkMethod.invokeExplosively(DataProviderFrameworkMethod.java:119)
	at org.junit.internal.runners.statements.InvokeMethod.evaluate(InvokeMethod.java:17)
	at org.junit.rules.TestWatcher$1.evaluate(TestWatcher.java:55)
	at org.junit.rules.RunRules.evaluate(RunRules.java:20)
	at org.junit.runners.ParentRunner.runLeaf(ParentRunner.java:325)
	at com.dotcms.junit.CustomDataProviderRunner.runChild(CustomDataProviderRunner.java:28)
	at com.dotcms.junit.CustomDataProviderRunner.runChild(CustomDataProviderRunner.java:13)
	at org.junit.runners.ParentRunner$3.run(ParentRunner.java:290)
	at org.junit.runners.ParentRunner$1.schedule(ParentRunner.java:71)
	at org.junit.runners.ParentRunner.runChildren(ParentRunner.java:288)
	at org.junit.runners.ParentRunner.access$000(ParentRunner.java:58)
	at org.junit.runners.ParentRunner$2.evaluate(ParentRunner.java:268)
	at org.junit.internal.runners.statements.RunBefores.evaluate(RunBefores.java:26)
	at org.junit.internal.runners.statements.RunAfters.evaluate(RunAfters.java:27)
	at org.junit.runners.ParentRunner.run(ParentRunner.java:363)
	at org.junit.runners.Suite.runChild(Suite.java:128)
	at org.junit.runners.Suite.runChild(Suite.java:27)
	at org.junit.runners.ParentRunner$3.run(ParentRunner.java:290)
	at org.junit.runners.ParentRunner$1.schedule(ParentRunner.java:71)
	at org.junit.runners.ParentRunner.runChildren(ParentRunner.java:288)
	at org.junit.runners.ParentRunner.access$000(ParentRunner.java:58)
	at org.junit.runners.ParentRunner$2.evaluate(ParentRunner.java:268)
	at org.junit.runners.ParentRunner.run(ParentRunner.java:363)
	at org.gradle.api.internal.tasks.testing.junit.JUnitTestClassExecutor.runTestClass(JUnitTestClassExecutor.java:106)
	at org.gradle.api.internal.tasks.testing.junit.JUnitTestClassExecutor.execute(JUnitTestClassExecutor.java:58)
	at org.gradle.api.internal.tasks.testing.junit.JUnitTestClassExecutor.execute(JUnitTestClassExecutor.java:38)
	at org.gradle.api.internal.tasks.testing.junit.AbstractJUnitTestClassProcessor.processTestClass(AbstractJUnitTestClassProcessor.java:66)
	at org.gradle.api.internal.tasks.testing.SuiteTestClassProcessor.processTestClass(SuiteTestClassProcessor.java:51)
	at sun.reflect.NativeMethodAccessorImpl.invoke0(Native Method)
	at sun.reflect.NativeMethodAccessorImpl.invoke(NativeMethodAccessorImpl.java:62)
	at sun.reflect.DelegatingMethodAccessorImpl.invoke(DelegatingMethodAccessorImpl.java:43)
	at java.lang.reflect.Method.invoke(Method.java:498)
	at org.gradle.internal.dispatch.ReflectionDispatch.dispatch(ReflectionDispatch.java:35)
	at org.gradle.internal.dispatch.ReflectionDispatch.dispatch(ReflectionDispatch.java:24)
	at org.gradle.internal.dispatch.ContextClassLoaderDispatch.dispatch(ContextClassLoaderDispatch.java:32)
	at org.gradle.internal.dispatch.ProxyDispatchAdapter$DispatchingInvocationHandler.invoke(ProxyDispatchAdapter.java:93)
	at com.sun.proxy.$Proxy2.processTestClass(Unknown Source)
	at org.gradle.api.internal.tasks.testing.worker.TestWorker.processTestClass(TestWorker.java:117)
	at sun.reflect.NativeMethodAccessorImpl.invoke0(Native Method)
	at sun.reflect.NativeMethodAccessorImpl.invoke(NativeMethodAccessorImpl.java:62)
	at sun.reflect.DelegatingMethodAccessorImpl.invoke(DelegatingMethodAccessorImpl.java:43)
	at java.lang.reflect.Method.invoke(Method.java:498)
	at org.gradle.internal.dispatch.ReflectionDispatch.dispatch(ReflectionDispatch.java:35)
	at org.gradle.internal.dispatch.ReflectionDispatch.dispatch(ReflectionDispatch.java:24)
	at org.gradle.internal.remote.internal.hub.MessageHubBackedObjectConnection$DispatchWrapper.dispatch(MessageHubBackedObjectConnection.java:155)
	at org.gradle.internal.remote.internal.hub.MessageHubBackedObjectConnection$DispatchWrapper.dispatch(MessageHubBackedObjectConnection.java:137)
	at org.gradle.internal.remote.internal.hub.MessageHub$Handler.run(MessageHub.java:404)
	at org.gradle.internal.concurrent.ExecutorPolicy$CatchAndRecordFailures.onExecute(ExecutorPolicy.java:63)
	at org.gradle.internal.concurrent.ManagedExecutorImpl$1.run(ManagedExecutorImpl.java:46)
	at java.util.concurrent.ThreadPoolExecutor.runWorker(ThreadPoolExecutor.java:1149)
	at java.util.concurrent.ThreadPoolExecutor$Worker.run(ThreadPoolExecutor.java:624)
	at org.gradle.internal.concurrent.ThreadFactoryImpl$ManagedThreadRunnable.run(ThreadFactoryImpl.java:55)
	at java.lang.Thread.run(Thread.java:748)
</pre>
</span>
</div>
<div class="test">
<a name="publish[11: com.dotcms.publishing.PublisherAPIImplTest$TestCase@320ac80e]"></a>
<h3 class="failures">publish[11: com.dotcms.publishing.PublisherAPIImplTest$TestCase@320ac80e]</h3>
<span class="code">
<pre>java.lang.AssertionError: Expected 21 but get 23 in /custom/assets/bundles/01EZQXY43515NF47KE55SAYX4B
Expected [/custom/assets/bundles/01EZQXY43515NF47KE55SAYX4B/working/test1614631905530.dotcms.com/02743618-43a6-43c5-82bc-e0e13c8902b8.contentType.json, /custom/assets/bundles/01EZQXY43515NF47KE55SAYX4B/live/System Host/1properties, /custom/assets/bundles/01EZQXY43515NF47KE55SAYX4B/live/System Host/en_US.language.xml, /custom/assets/bundles/01EZQXY43515NF47KE55SAYX4B/live/System Host/1/1-content.91b935b3-7bba-4331-9c2d-9d7a36c94a34.content.xml, /custom/assets/bundles/01EZQXY43515NF47KE55SAYX4B/live/System Host/1/652cd35e-9d0a-4d29-a244-dfbee9c51c1e.contentworkflow.xml, /custom/assets/bundles/01EZQXY43515NF47KE55SAYX4B/live/System Host/th_TF.language.xml, /custom/assets/bundles/01EZQXY43515NF47KE55SAYX4B/live/System Host/1/2-content.49305bcb-8731-496d-9259-14e1081a55a2.content.xml, /custom/assets/bundles/01EZQXY43515NF47KE55SAYX4B/live/System Host/1/content.ff462f88-d9e1-4d31-b084-b73cb61976d3.host.xml, /custom/assets/bundles/01EZQXY43515NF47KE55SAYX4B/live/System Host/1/content.18f43abd-728a-4ff6-b332-b278d2ff0f80.host.xml, /custom/assets/bundles/01EZQXY43515NF47KE55SAYX4B/d61a59e1-a49c-46f2-a929-db2b4bfa88b2.workflow.xml, /custom/assets/bundles/01EZQXY43515NF47KE55SAYX4B/working/System Host/1/274cb2b4-a8c1-4b1e-98b1-0a4c09e0b75a.contentworkflow.xml, /custom/assets/bundles/01EZQXY43515NF47KE55SAYX4B/working/test1614631905530.dotcms.com/f3aa138e-845c-462e-a9e7-24864b5efcf5.containers.container.xml, /custom/assets/bundles/01EZQXY43515NF47KE55SAYX4B/live/System Host/1614634228466properties, /custom/assets/bundles/01EZQXY43515NF47KE55SAYX4B/working/System Host/1/3-content.49305bcb-8731-496d-9259-14e1081a55a2.content.xml, /custom/assets/bundles/01EZQXY43515NF47KE55SAYX4B/live/default/1614634228466/0-content.a4b987eb-fe15-495a-8a09-7146d5cb8f5e.content.xml, /custom/assets/bundles/01EZQXY43515NF47KE55SAYX4B/working/System Host/1/content.ff462f88-d9e1-4d31-b084-b73cb61976d3.host.xml, /custom/assets/bundles/01EZQXY43515NF47KE55SAYX4B/live/System Host/1/274cb2b4-a8c1-4b1e-98b1-0a4c09e0b75a.contentworkflow.xml, /custom/assets/bundles/01EZQXY43515NF47KE55SAYX4B/live/default/1614634228466/d564fe35-7116-4f16-bfa9-b1b6e1963247.contentworkflow.xml, /custom/assets/bundles/01EZQXY43515NF47KE55SAYX4B/live/default/4ef752b0-459e-4e73-a2fa-a80bb81ef83d.rule.xml, /custom/assets/bundles/01EZQXY43515NF47KE55SAYX4B/working/System Host/f4d7c1b8-2c88-4071-abf1-a5328977b07d.contentType.json]
Existing [/custom/assets/bundles/01EZQXY43515NF47KE55SAYX4B/ROOT/bc9a1d37-dd2d-4d49-a29d-0c9be740bfaf.folder.xml, /custom/assets/bundles/01EZQXY43515NF47KE55SAYX4B/bundle.xml, /custom/assets/bundles/01EZQXY43515NF47KE55SAYX4B/d61a59e1-a49c-46f2-a929-db2b4bfa88b2.workflow.xml, /custom/assets/bundles/01EZQXY43515NF47KE55SAYX4B/live/System Host/1/1-content.91b935b3-7bba-4331-9c2d-9d7a36c94a34.content.xml, /custom/assets/bundles/01EZQXY43515NF47KE55SAYX4B/live/System Host/1/2-content.49305bcb-8731-496d-9259-14e1081a55a2.content.xml, /custom/assets/bundles/01EZQXY43515NF47KE55SAYX4B/live/System Host/1/274cb2b4-a8c1-4b1e-98b1-0a4c09e0b75a.contentworkflow.xml, /custom/assets/bundles/01EZQXY43515NF47KE55SAYX4B/live/System Host/1/652cd35e-9d0a-4d29-a244-dfbee9c51c1e.contentworkflow.xml, /custom/assets/bundles/01EZQXY43515NF47KE55SAYX4B/live/System Host/1/content.18f43abd-728a-4ff6-b332-b278d2ff0f80.host.xml, /custom/assets/bundles/01EZQXY43515NF47KE55SAYX4B/live/System Host/1/content.ff462f88-d9e1-4d31-b084-b73cb61976d3.host.xml, /custom/assets/bundles/01EZQXY43515NF47KE55SAYX4B/live/System Host/1/system host.host.xml, /custom/assets/bundles/01EZQXY43515NF47KE55SAYX4B/live/System Host/1614634228466properties, /custom/assets/bundles/01EZQXY43515NF47KE55SAYX4B/live/System Host/1properties, /custom/assets/bundles/01EZQXY43515NF47KE55SAYX4B/live/System Host/en_US.language.xml, /custom/assets/bundles/01EZQXY43515NF47KE55SAYX4B/live/System Host/th_TF.language.xml, /custom/assets/bundles/01EZQXY43515NF47KE55SAYX4B/live/default/1614634228466/0-content.a4b987eb-fe15-495a-8a09-7146d5cb8f5e.content.xml, /custom/assets/bundles/01EZQXY43515NF47KE55SAYX4B/live/default/1614634228466/d564fe35-7116-4f16-bfa9-b1b6e1963247.contentworkflow.xml, /custom/assets/bundles/01EZQXY43515NF47KE55SAYX4B/live/default/4ef752b0-459e-4e73-a2fa-a80bb81ef83d.rule.xml, /custom/assets/bundles/01EZQXY43515NF47KE55SAYX4B/working/System Host/1/274cb2b4-a8c1-4b1e-98b1-0a4c09e0b75a.contentworkflow.xml, /custom/assets/bundles/01EZQXY43515NF47KE55SAYX4B/working/System Host/1/3-content.49305bcb-8731-496d-9259-14e1081a55a2.content.xml, /custom/assets/bundles/01EZQXY43515NF47KE55SAYX4B/working/System Host/1/content.ff462f88-d9e1-4d31-b084-b73cb61976d3.host.xml, /custom/assets/bundles/01EZQXY43515NF47KE55SAYX4B/working/System Host/f4d7c1b8-2c88-4071-abf1-a5328977b07d.contentType.json, /custom/assets/bundles/01EZQXY43515NF47KE55SAYX4B/working/test1614631905530.dotcms.com/02743618-43a6-43c5-82bc-e0e13c8902b8.contentType.json, /custom/assets/bundles/01EZQXY43515NF47KE55SAYX4B/working/test1614631905530.dotcms.com/f3aa138e-845c-462e-a9e7-24864b5efcf5.containers.container.xml]
difference [/custom/assets/bundles/01EZQXY43515NF47KE55SAYX4B/ROOT/bc9a1d37-dd2d-4d49-a29d-0c9be740bfaf.folder.xml, /custom/assets/bundles/01EZQXY43515NF47KE55SAYX4B/bundle.xml, /custom/assets/bundles/01EZQXY43515NF47KE55SAYX4B/live/System Host/1/system host.host.xml]

	at org.jgroups.util.Util.assertEquals(Util.java:185)
	at com.dotcms.publishing.PublisherAPIImplTest.publish(PublisherAPIImplTest.java:407)
	at sun.reflect.NativeMethodAccessorImpl.invoke0(Native Method)
	at sun.reflect.NativeMethodAccessorImpl.invoke(NativeMethodAccessorImpl.java:62)
	at sun.reflect.DelegatingMethodAccessorImpl.invoke(DelegatingMethodAccessorImpl.java:43)
	at java.lang.reflect.Method.invoke(Method.java:498)
	at org.junit.runners.model.FrameworkMethod$1.runReflectiveCall(FrameworkMethod.java:50)
	at org.junit.internal.runners.model.ReflectiveCallable.run(ReflectiveCallable.java:12)
	at org.junit.runners.model.FrameworkMethod.invokeExplosively(FrameworkMethod.java:47)
	at com.tngtech.java.junit.dataprovider.DataProviderFrameworkMethod.invokeExplosively(DataProviderFrameworkMethod.java:119)
	at org.junit.internal.runners.statements.InvokeMethod.evaluate(InvokeMethod.java:17)
	at org.junit.rules.TestWatcher$1.evaluate(TestWatcher.java:55)
	at org.junit.rules.RunRules.evaluate(RunRules.java:20)
	at org.junit.runners.ParentRunner.runLeaf(ParentRunner.java:325)
	at com.dotcms.junit.CustomDataProviderRunner.runChild(CustomDataProviderRunner.java:28)
	at com.dotcms.junit.CustomDataProviderRunner.runChild(CustomDataProviderRunner.java:13)
	at org.junit.runners.ParentRunner$3.run(ParentRunner.java:290)
	at org.junit.runners.ParentRunner$1.schedule(ParentRunner.java:71)
	at org.junit.runners.ParentRunner.runChildren(ParentRunner.java:288)
	at org.junit.runners.ParentRunner.access$000(ParentRunner.java:58)
	at org.junit.runners.ParentRunner$2.evaluate(ParentRunner.java:268)
	at org.junit.internal.runners.statements.RunBefores.evaluate(RunBefores.java:26)
	at org.junit.internal.runners.statements.RunAfters.evaluate(RunAfters.java:27)
	at org.junit.runners.ParentRunner.run(ParentRunner.java:363)
	at org.junit.runners.Suite.runChild(Suite.java:128)
	at org.junit.runners.Suite.runChild(Suite.java:27)
	at org.junit.runners.ParentRunner$3.run(ParentRunner.java:290)
	at org.junit.runners.ParentRunner$1.schedule(ParentRunner.java:71)
	at org.junit.runners.ParentRunner.runChildren(ParentRunner.java:288)
	at org.junit.runners.ParentRunner.access$000(ParentRunner.java:58)
	at org.junit.runners.ParentRunner$2.evaluate(ParentRunner.java:268)
	at org.junit.runners.ParentRunner.run(ParentRunner.java:363)
	at org.gradle.api.internal.tasks.testing.junit.JUnitTestClassExecutor.runTestClass(JUnitTestClassExecutor.java:106)
	at org.gradle.api.internal.tasks.testing.junit.JUnitTestClassExecutor.execute(JUnitTestClassExecutor.java:58)
	at org.gradle.api.internal.tasks.testing.junit.JUnitTestClassExecutor.execute(JUnitTestClassExecutor.java:38)
	at org.gradle.api.internal.tasks.testing.junit.AbstractJUnitTestClassProcessor.processTestClass(AbstractJUnitTestClassProcessor.java:66)
	at org.gradle.api.internal.tasks.testing.SuiteTestClassProcessor.processTestClass(SuiteTestClassProcessor.java:51)
	at sun.reflect.NativeMethodAccessorImpl.invoke0(Native Method)
	at sun.reflect.NativeMethodAccessorImpl.invoke(NativeMethodAccessorImpl.java:62)
	at sun.reflect.DelegatingMethodAccessorImpl.invoke(DelegatingMethodAccessorImpl.java:43)
	at java.lang.reflect.Method.invoke(Method.java:498)
	at org.gradle.internal.dispatch.ReflectionDispatch.dispatch(ReflectionDispatch.java:35)
	at org.gradle.internal.dispatch.ReflectionDispatch.dispatch(ReflectionDispatch.java:24)
	at org.gradle.internal.dispatch.ContextClassLoaderDispatch.dispatch(ContextClassLoaderDispatch.java:32)
	at org.gradle.internal.dispatch.ProxyDispatchAdapter$DispatchingInvocationHandler.invoke(ProxyDispatchAdapter.java:93)
	at com.sun.proxy.$Proxy2.processTestClass(Unknown Source)
	at org.gradle.api.internal.tasks.testing.worker.TestWorker.processTestClass(TestWorker.java:117)
	at sun.reflect.NativeMethodAccessorImpl.invoke0(Native Method)
	at sun.reflect.NativeMethodAccessorImpl.invoke(NativeMethodAccessorImpl.java:62)
	at sun.reflect.DelegatingMethodAccessorImpl.invoke(DelegatingMethodAccessorImpl.java:43)
	at java.lang.reflect.Method.invoke(Method.java:498)
	at org.gradle.internal.dispatch.ReflectionDispatch.dispatch(ReflectionDispatch.java:35)
	at org.gradle.internal.dispatch.ReflectionDispatch.dispatch(ReflectionDispatch.java:24)
	at org.gradle.internal.remote.internal.hub.MessageHubBackedObjectConnection$DispatchWrapper.dispatch(MessageHubBackedObjectConnection.java:155)
	at org.gradle.internal.remote.internal.hub.MessageHubBackedObjectConnection$DispatchWrapper.dispatch(MessageHubBackedObjectConnection.java:137)
	at org.gradle.internal.remote.internal.hub.MessageHub$Handler.run(MessageHub.java:404)
	at org.gradle.internal.concurrent.ExecutorPolicy$CatchAndRecordFailures.onExecute(ExecutorPolicy.java:63)
	at org.gradle.internal.concurrent.ManagedExecutorImpl$1.run(ManagedExecutorImpl.java:46)
	at java.util.concurrent.ThreadPoolExecutor.runWorker(ThreadPoolExecutor.java:1149)
	at java.util.concurrent.ThreadPoolExecutor$Worker.run(ThreadPoolExecutor.java:624)
	at org.gradle.internal.concurrent.ThreadFactoryImpl$ManagedThreadRunnable.run(ThreadFactoryImpl.java:55)
	at java.lang.Thread.run(Thread.java:748)
</pre>
</span>
</div>
<div class="test">
<a name="publish[12: com.dotcms.publishing.PublisherAPIImplTest$TestCase@f66c9e]"></a>
<h3 class="failures">publish[12: com.dotcms.publishing.PublisherAPIImplTest$TestCase@f66c9e]</h3>
<span class="code">
<pre>java.lang.AssertionError: Expected 31 but get 33 in /custom/assets/bundles/01EZQXY46A4EA1GPVHMQKZXSHQ
Expected [/custom/assets/bundles/01EZQXY46A4EA1GPVHMQKZXSHQ/d61a59e1-a49c-46f2-a929-db2b4bfa88b2.workflow.xml, /custom/assets/bundles/01EZQXY46A4EA1GPVHMQKZXSHQ/working/test1614631906335.dotcms.com/1/1e5dba36-cbed-4bff-8d29-df47badaef64.contentworkflow.xml, /custom/assets/bundles/01EZQXY46A4EA1GPVHMQKZXSHQ/working/test1614631906335.dotcms.com/testName1614631907392/testName1614631907403/e7409f86-4236-45af-b8cd-f12413b01459.link.xml, /custom/assets/bundles/01EZQXY46A4EA1GPVHMQKZXSHQ/working/test1614631906335.dotcms.com/1/083b360d-1e5a-41ee-a500-43e794430253.contentworkflow.xml, /custom/assets/bundles/01EZQXY46A4EA1GPVHMQKZXSHQ/live/System Host/1/652cd35e-9d0a-4d29-a244-dfbee9c51c1e.contentworkflow.xml, /custom/assets/bundles/01EZQXY46A4EA1GPVHMQKZXSHQ/working/System Host/33888b6f-7a8e-4069-b1b6-5c1aa9d0a48d.contentType.json, /custom/assets/bundles/01EZQXY46A4EA1GPVHMQKZXSHQ/working/test1614631906335.dotcms.com/e8b460d4-e0e7-4bd4-a9a6-56a72b611bdf.contentType.json, /custom/assets/bundles/01EZQXY46A4EA1GPVHMQKZXSHQ/live/System Host/en_US.language.xml, /custom/assets/bundles/01EZQXY46A4EA1GPVHMQKZXSHQ/working/System Host/f4d7c1b8-2c88-4071-abf1-a5328977b07d.contentType.json, /custom/assets/bundles/01EZQXY46A4EA1GPVHMQKZXSHQ/working/test1614631906335.dotcms.com/1/2-bfee7be5-fc9f-473a-a9bb-28fa7bc26427.content.xml, /custom/assets/bundles/01EZQXY46A4EA1GPVHMQKZXSHQ/live/System Host/1/274cb2b4-a8c1-4b1e-98b1-0a4c09e0b75a.contentworkflow.xml, /custom/assets/bundles/01EZQXY46A4EA1GPVHMQKZXSHQ/ROOT/a332114f-bab8-4d14-91fd-3f28e5ea3092.folder.xml, /custom/assets/bundles/01EZQXY46A4EA1GPVHMQKZXSHQ/working/System Host/1/4-content.49305bcb-8731-496d-9259-14e1081a55a2.content.xml, /custom/assets/bundles/01EZQXY46A4EA1GPVHMQKZXSHQ/live/default/4ef752b0-459e-4e73-a2fa-a80bb81ef83d.rule.xml, /custom/assets/bundles/01EZQXY46A4EA1GPVHMQKZXSHQ/live/default/1614634228466/d564fe35-7116-4f16-bfa9-b1b6e1963247.contentworkflow.xml, /custom/assets/bundles/01EZQXY46A4EA1GPVHMQKZXSHQ/live/System Host/1614634228466properties, /custom/assets/bundles/01EZQXY46A4EA1GPVHMQKZXSHQ/ROOT/testName1614631907392/testName1614631907403/d3332782-c890-4ac9-b9c3-2a6d5ae59785.folder.xml, /custom/assets/bundles/01EZQXY46A4EA1GPVHMQKZXSHQ/live/System Host/1/1-content.91b935b3-7bba-4331-9c2d-9d7a36c94a34.content.xml, /custom/assets/bundles/01EZQXY46A4EA1GPVHMQKZXSHQ/live/System Host/1/content.ff462f88-d9e1-4d31-b084-b73cb61976d3.host.xml, /custom/assets/bundles/01EZQXY46A4EA1GPVHMQKZXSHQ/live/System Host/1/content.d9cdb4ec-4fbd-4ca5-849c-fb958537ecf6.host.xml, /custom/assets/bundles/01EZQXY46A4EA1GPVHMQKZXSHQ/live/default/1614634228466/0-content.a4b987eb-fe15-495a-8a09-7146d5cb8f5e.content.xml, /custom/assets/bundles/01EZQXY46A4EA1GPVHMQKZXSHQ/working/test1614631906335.dotcms.com/1/5-69771de0-1bcb-4c34-8e75-73e3bf438c0a.content.xml, /custom/assets/bundles/01EZQXY46A4EA1GPVHMQKZXSHQ/working/System Host/1/274cb2b4-a8c1-4b1e-98b1-0a4c09e0b75a.contentworkflow.xml, /custom/assets/bundles/01EZQXY46A4EA1GPVHMQKZXSHQ/assets/b/f/bfee7be5-fc9f-473a-a9bb-28fa7bc26427/fileAsset/test.jpg, /custom/assets/bundles/01EZQXY46A4EA1GPVHMQKZXSHQ/working/System Host/1/content.ff462f88-d9e1-4d31-b084-b73cb61976d3.host.xml, /custom/assets/bundles/01EZQXY46A4EA1GPVHMQKZXSHQ/assets/6/9/69771de0-1bcb-4c34-8e75-73e3bf438c0a/fileAsset/test.jpg, /custom/assets/bundles/01EZQXY46A4EA1GPVHMQKZXSHQ/live/System Host/th_TF.language.xml, /custom/assets/bundles/01EZQXY46A4EA1GPVHMQKZXSHQ/live/System Host/1/3-content.49305bcb-8731-496d-9259-14e1081a55a2.content.xml, /custom/assets/bundles/01EZQXY46A4EA1GPVHMQKZXSHQ/ROOT/testName1614631907392/08ad011b-3aad-4b7e-a615-5a34f6397620.folder.xml, /custom/assets/bundles/01EZQXY46A4EA1GPVHMQKZXSHQ/live/System Host/1properties]
Existing [/custom/assets/bundles/01EZQXY46A4EA1GPVHMQKZXSHQ/ROOT/a332114f-bab8-4d14-91fd-3f28e5ea3092.folder.xml, /custom/assets/bundles/01EZQXY46A4EA1GPVHMQKZXSHQ/ROOT/bc9a1d37-dd2d-4d49-a29d-0c9be740bfaf.folder.xml, /custom/assets/bundles/01EZQXY46A4EA1GPVHMQKZXSHQ/ROOT/testName1614631907392/08ad011b-3aad-4b7e-a615-5a34f6397620.folder.xml, /custom/assets/bundles/01EZQXY46A4EA1GPVHMQKZXSHQ/ROOT/testName1614631907392/testName1614631907403/d3332782-c890-4ac9-b9c3-2a6d5ae59785.folder.xml, /custom/assets/bundles/01EZQXY46A4EA1GPVHMQKZXSHQ/assets/6/9/69771de0-1bcb-4c34-8e75-73e3bf438c0a/fileAsset/test.jpg, /custom/assets/bundles/01EZQXY46A4EA1GPVHMQKZXSHQ/assets/b/f/bfee7be5-fc9f-473a-a9bb-28fa7bc26427/fileAsset/test.jpg, /custom/assets/bundles/01EZQXY46A4EA1GPVHMQKZXSHQ/bundle.xml, /custom/assets/bundles/01EZQXY46A4EA1GPVHMQKZXSHQ/d61a59e1-a49c-46f2-a929-db2b4bfa88b2.workflow.xml, /custom/assets/bundles/01EZQXY46A4EA1GPVHMQKZXSHQ/live/System Host/1/1-content.91b935b3-7bba-4331-9c2d-9d7a36c94a34.content.xml, /custom/assets/bundles/01EZQXY46A4EA1GPVHMQKZXSHQ/live/System Host/1/274cb2b4-a8c1-4b1e-98b1-0a4c09e0b75a.contentworkflow.xml, /custom/assets/bundles/01EZQXY46A4EA1GPVHMQKZXSHQ/live/System Host/1/3-content.49305bcb-8731-496d-9259-14e1081a55a2.content.xml, /custom/assets/bundles/01EZQXY46A4EA1GPVHMQKZXSHQ/live/System Host/1/652cd35e-9d0a-4d29-a244-dfbee9c51c1e.contentworkflow.xml, /custom/assets/bundles/01EZQXY46A4EA1GPVHMQKZXSHQ/live/System Host/1/content.d9cdb4ec-4fbd-4ca5-849c-fb958537ecf6.host.xml, /custom/assets/bundles/01EZQXY46A4EA1GPVHMQKZXSHQ/live/System Host/1/content.ff462f88-d9e1-4d31-b084-b73cb61976d3.host.xml, /custom/assets/bundles/01EZQXY46A4EA1GPVHMQKZXSHQ/live/System Host/1/system host.host.xml, /custom/assets/bundles/01EZQXY46A4EA1GPVHMQKZXSHQ/live/System Host/1614634228466properties, /custom/assets/bundles/01EZQXY46A4EA1GPVHMQKZXSHQ/live/System Host/1properties, /custom/assets/bundles/01EZQXY46A4EA1GPVHMQKZXSHQ/live/System Host/en_US.language.xml, /custom/assets/bundles/01EZQXY46A4EA1GPVHMQKZXSHQ/live/System Host/th_TF.language.xml, /custom/assets/bundles/01EZQXY46A4EA1GPVHMQKZXSHQ/live/default/1614634228466/0-content.a4b987eb-fe15-495a-8a09-7146d5cb8f5e.content.xml, /custom/assets/bundles/01EZQXY46A4EA1GPVHMQKZXSHQ/live/default/1614634228466/d564fe35-7116-4f16-bfa9-b1b6e1963247.contentworkflow.xml, /custom/assets/bundles/01EZQXY46A4EA1GPVHMQKZXSHQ/live/default/4ef752b0-459e-4e73-a2fa-a80bb81ef83d.rule.xml, /custom/assets/bundles/01EZQXY46A4EA1GPVHMQKZXSHQ/working/System Host/1/274cb2b4-a8c1-4b1e-98b1-0a4c09e0b75a.contentworkflow.xml, /custom/assets/bundles/01EZQXY46A4EA1GPVHMQKZXSHQ/working/System Host/1/4-content.49305bcb-8731-496d-9259-14e1081a55a2.content.xml, /custom/assets/bundles/01EZQXY46A4EA1GPVHMQKZXSHQ/working/System Host/1/content.ff462f88-d9e1-4d31-b084-b73cb61976d3.host.xml, /custom/assets/bundles/01EZQXY46A4EA1GPVHMQKZXSHQ/working/System Host/33888b6f-7a8e-4069-b1b6-5c1aa9d0a48d.contentType.json, /custom/assets/bundles/01EZQXY46A4EA1GPVHMQKZXSHQ/working/System Host/f4d7c1b8-2c88-4071-abf1-a5328977b07d.contentType.json, /custom/assets/bundles/01EZQXY46A4EA1GPVHMQKZXSHQ/working/test1614631906335.dotcms.com/1/083b360d-1e5a-41ee-a500-43e794430253.contentworkflow.xml, /custom/assets/bundles/01EZQXY46A4EA1GPVHMQKZXSHQ/working/test1614631906335.dotcms.com/1/1e5dba36-cbed-4bff-8d29-df47badaef64.contentworkflow.xml, /custom/assets/bundles/01EZQXY46A4EA1GPVHMQKZXSHQ/working/test1614631906335.dotcms.com/1/2-bfee7be5-fc9f-473a-a9bb-28fa7bc26427.content.xml, /custom/assets/bundles/01EZQXY46A4EA1GPVHMQKZXSHQ/working/test1614631906335.dotcms.com/1/5-69771de0-1bcb-4c34-8e75-73e3bf438c0a.content.xml, /custom/assets/bundles/01EZQXY46A4EA1GPVHMQKZXSHQ/working/test1614631906335.dotcms.com/e8b460d4-e0e7-4bd4-a9a6-56a72b611bdf.contentType.json, /custom/assets/bundles/01EZQXY46A4EA1GPVHMQKZXSHQ/working/test1614631906335.dotcms.com/testName1614631907392/testName1614631907403/e7409f86-4236-45af-b8cd-f12413b01459.link.xml]
difference [/custom/assets/bundles/01EZQXY46A4EA1GPVHMQKZXSHQ/ROOT/bc9a1d37-dd2d-4d49-a29d-0c9be740bfaf.folder.xml, /custom/assets/bundles/01EZQXY46A4EA1GPVHMQKZXSHQ/bundle.xml, /custom/assets/bundles/01EZQXY46A4EA1GPVHMQKZXSHQ/live/System Host/1/system host.host.xml]

	at org.jgroups.util.Util.assertEquals(Util.java:185)
	at com.dotcms.publishing.PublisherAPIImplTest.publish(PublisherAPIImplTest.java:407)
	at sun.reflect.NativeMethodAccessorImpl.invoke0(Native Method)
	at sun.reflect.NativeMethodAccessorImpl.invoke(NativeMethodAccessorImpl.java:62)
	at sun.reflect.DelegatingMethodAccessorImpl.invoke(DelegatingMethodAccessorImpl.java:43)
	at java.lang.reflect.Method.invoke(Method.java:498)
	at org.junit.runners.model.FrameworkMethod$1.runReflectiveCall(FrameworkMethod.java:50)
	at org.junit.internal.runners.model.ReflectiveCallable.run(ReflectiveCallable.java:12)
	at org.junit.runners.model.FrameworkMethod.invokeExplosively(FrameworkMethod.java:47)
	at com.tngtech.java.junit.dataprovider.DataProviderFrameworkMethod.invokeExplosively(DataProviderFrameworkMethod.java:119)
	at org.junit.internal.runners.statements.InvokeMethod.evaluate(InvokeMethod.java:17)
	at org.junit.rules.TestWatcher$1.evaluate(TestWatcher.java:55)
	at org.junit.rules.RunRules.evaluate(RunRules.java:20)
	at org.junit.runners.ParentRunner.runLeaf(ParentRunner.java:325)
	at com.dotcms.junit.CustomDataProviderRunner.runChild(CustomDataProviderRunner.java:28)
	at com.dotcms.junit.CustomDataProviderRunner.runChild(CustomDataProviderRunner.java:13)
	at org.junit.runners.ParentRunner$3.run(ParentRunner.java:290)
	at org.junit.runners.ParentRunner$1.schedule(ParentRunner.java:71)
	at org.junit.runners.ParentRunner.runChildren(ParentRunner.java:288)
	at org.junit.runners.ParentRunner.access$000(ParentRunner.java:58)
	at org.junit.runners.ParentRunner$2.evaluate(ParentRunner.java:268)
	at org.junit.internal.runners.statements.RunBefores.evaluate(RunBefores.java:26)
	at org.junit.internal.runners.statements.RunAfters.evaluate(RunAfters.java:27)
	at org.junit.runners.ParentRunner.run(ParentRunner.java:363)
	at org.junit.runners.Suite.runChild(Suite.java:128)
	at org.junit.runners.Suite.runChild(Suite.java:27)
	at org.junit.runners.ParentRunner$3.run(ParentRunner.java:290)
	at org.junit.runners.ParentRunner$1.schedule(ParentRunner.java:71)
	at org.junit.runners.ParentRunner.runChildren(ParentRunner.java:288)
	at org.junit.runners.ParentRunner.access$000(ParentRunner.java:58)
	at org.junit.runners.ParentRunner$2.evaluate(ParentRunner.java:268)
	at org.junit.runners.ParentRunner.run(ParentRunner.java:363)
	at org.gradle.api.internal.tasks.testing.junit.JUnitTestClassExecutor.runTestClass(JUnitTestClassExecutor.java:106)
	at org.gradle.api.internal.tasks.testing.junit.JUnitTestClassExecutor.execute(JUnitTestClassExecutor.java:58)
	at org.gradle.api.internal.tasks.testing.junit.JUnitTestClassExecutor.execute(JUnitTestClassExecutor.java:38)
	at org.gradle.api.internal.tasks.testing.junit.AbstractJUnitTestClassProcessor.processTestClass(AbstractJUnitTestClassProcessor.java:66)
	at org.gradle.api.internal.tasks.testing.SuiteTestClassProcessor.processTestClass(SuiteTestClassProcessor.java:51)
	at sun.reflect.NativeMethodAccessorImpl.invoke0(Native Method)
	at sun.reflect.NativeMethodAccessorImpl.invoke(NativeMethodAccessorImpl.java:62)
	at sun.reflect.DelegatingMethodAccessorImpl.invoke(DelegatingMethodAccessorImpl.java:43)
	at java.lang.reflect.Method.invoke(Method.java:498)
	at org.gradle.internal.dispatch.ReflectionDispatch.dispatch(ReflectionDispatch.java:35)
	at org.gradle.internal.dispatch.ReflectionDispatch.dispatch(ReflectionDispatch.java:24)
	at org.gradle.internal.dispatch.ContextClassLoaderDispatch.dispatch(ContextClassLoaderDispatch.java:32)
	at org.gradle.internal.dispatch.ProxyDispatchAdapter$DispatchingInvocationHandler.invoke(ProxyDispatchAdapter.java:93)
	at com.sun.proxy.$Proxy2.processTestClass(Unknown Source)
	at org.gradle.api.internal.tasks.testing.worker.TestWorker.processTestClass(TestWorker.java:117)
	at sun.reflect.NativeMethodAccessorImpl.invoke0(Native Method)
	at sun.reflect.NativeMethodAccessorImpl.invoke(NativeMethodAccessorImpl.java:62)
	at sun.reflect.DelegatingMethodAccessorImpl.invoke(DelegatingMethodAccessorImpl.java:43)
	at java.lang.reflect.Method.invoke(Method.java:498)
	at org.gradle.internal.dispatch.ReflectionDispatch.dispatch(ReflectionDispatch.java:35)
	at org.gradle.internal.dispatch.ReflectionDispatch.dispatch(ReflectionDispatch.java:24)
	at org.gradle.internal.remote.internal.hub.MessageHubBackedObjectConnection$DispatchWrapper.dispatch(MessageHubBackedObjectConnection.java:155)
	at org.gradle.internal.remote.internal.hub.MessageHubBackedObjectConnection$DispatchWrapper.dispatch(MessageHubBackedObjectConnection.java:137)
	at org.gradle.internal.remote.internal.hub.MessageHub$Handler.run(MessageHub.java:404)
	at org.gradle.internal.concurrent.ExecutorPolicy$CatchAndRecordFailures.onExecute(ExecutorPolicy.java:63)
	at org.gradle.internal.concurrent.ManagedExecutorImpl$1.run(ManagedExecutorImpl.java:46)
	at java.util.concurrent.ThreadPoolExecutor.runWorker(ThreadPoolExecutor.java:1149)
	at java.util.concurrent.ThreadPoolExecutor$Worker.run(ThreadPoolExecutor.java:624)
	at org.gradle.internal.concurrent.ThreadFactoryImpl$ManagedThreadRunnable.run(ThreadFactoryImpl.java:55)
	at java.lang.Thread.run(Thread.java:748)
</pre>
</span>
</div>
<div class="test">
<a name="publish[13: com.dotcms.publishing.PublisherAPIImplTest$TestCase@63dd04ee]"></a>
<h3 class="failures">publish[13: com.dotcms.publishing.PublisherAPIImplTest$TestCase@63dd04ee]</h3>
<span class="code">
<pre>java.lang.AssertionError: Expected 28 but get 30 in /custom/assets/bundles/01EZQXY4D0B8YCJZ9HC6BCYMD7
Expected [/custom/assets/bundles/01EZQXY4D0B8YCJZ9HC6BCYMD7/working/test1614631907743.dotcms.com/5a1382c4-35f6-49f3-8c3a-5e13d40b5f20.contentType.json, /custom/assets/bundles/01EZQXY4D0B8YCJZ9HC6BCYMD7/live/test1614631907743.dotcms.com/454d9d6c-3858-426e-a5bf-41e68c573fb9.rule.xml, /custom/assets/bundles/01EZQXY4D0B8YCJZ9HC6BCYMD7/working/System Host/33888b6f-7a8e-4069-b1b6-5c1aa9d0a48d.contentType.json, /custom/assets/bundles/01EZQXY4D0B8YCJZ9HC6BCYMD7/live/System Host/1/274cb2b4-a8c1-4b1e-98b1-0a4c09e0b75a.contentworkflow.xml, /custom/assets/bundles/01EZQXY4D0B8YCJZ9HC6BCYMD7/live/default/4ef752b0-459e-4e73-a2fa-a80bb81ef83d.rule.xml, /custom/assets/bundles/01EZQXY4D0B8YCJZ9HC6BCYMD7/live/System Host/1/652cd35e-9d0a-4d29-a244-dfbee9c51c1e.contentworkflow.xml, /custom/assets/bundles/01EZQXY4D0B8YCJZ9HC6BCYMD7/working/test1614631907743.dotcms.com/0cdc74a6-7513-4a12-aa5b-08b85197f62d.contentType.json, /custom/assets/bundles/01EZQXY4D0B8YCJZ9HC6BCYMD7/live/System Host/1/2-content.49305bcb-8731-496d-9259-14e1081a55a2.content.xml, /custom/assets/bundles/01EZQXY4D0B8YCJZ9HC6BCYMD7/ROOT/50aaa3fe-a09b-469b-a4c4-64ffa613789e.folder.xml, /custom/assets/bundles/01EZQXY4D0B8YCJZ9HC6BCYMD7/working/test1614631907743.dotcms.com/2e2eaf6c-b471-40fa-b726-c1cfe1908b47.containers.container.xml, /custom/assets/bundles/01EZQXY4D0B8YCJZ9HC6BCYMD7/live/System Host/th_TF.language.xml, /custom/assets/bundles/01EZQXY4D0B8YCJZ9HC6BCYMD7/live/test1614631907743.dotcms.com/32507627-12d8-41ca-a711-2d5cf9b21b5d.template.template.xml, /custom/assets/bundles/01EZQXY4D0B8YCJZ9HC6BCYMD7/working/System Host/f4d7c1b8-2c88-4071-abf1-a5328977b07d.contentType.json, /custom/assets/bundles/01EZQXY4D0B8YCJZ9HC6BCYMD7/live/System Host/1/content.10c97176-e706-48cc-9fc8-f8a52b9c6f71.host.xml, /custom/assets/bundles/01EZQXY4D0B8YCJZ9HC6BCYMD7/working/System Host/1/274cb2b4-a8c1-4b1e-98b1-0a4c09e0b75a.contentworkflow.xml, /custom/assets/bundles/01EZQXY4D0B8YCJZ9HC6BCYMD7/live/System Host/1/1-content.91b935b3-7bba-4331-9c2d-9d7a36c94a34.content.xml, /custom/assets/bundles/01EZQXY4D0B8YCJZ9HC6BCYMD7/working/System Host/1/content.ff462f88-d9e1-4d31-b084-b73cb61976d3.host.xml, /custom/assets/bundles/01EZQXY4D0B8YCJZ9HC6BCYMD7/live/System Host/1properties, /custom/assets/bundles/01EZQXY4D0B8YCJZ9HC6BCYMD7/live/default/1614634228466/d564fe35-7116-4f16-bfa9-b1b6e1963247.contentworkflow.xml, /custom/assets/bundles/01EZQXY4D0B8YCJZ9HC6BCYMD7/working/test1614631907743.dotcms.com/1/f4016210-6e99-49d2-915b-0ae9ac9807a2.contentworkflow.xml, /custom/assets/bundles/01EZQXY4D0B8YCJZ9HC6BCYMD7/working/System Host/1/3-content.49305bcb-8731-496d-9259-14e1081a55a2.content.xml, /custom/assets/bundles/01EZQXY4D0B8YCJZ9HC6BCYMD7/live/default/1614634228466/0-content.a4b987eb-fe15-495a-8a09-7146d5cb8f5e.content.xml, /custom/assets/bundles/01EZQXY4D0B8YCJZ9HC6BCYMD7/working/test1614631907743.dotcms.com/1/4-content.33e54b5a-8b1a-4bb3-b1a3-9c3c8e49531e.content.xml, /custom/assets/bundles/01EZQXY4D0B8YCJZ9HC6BCYMD7/live/System Host/en_US.language.xml, /custom/assets/bundles/01EZQXY4D0B8YCJZ9HC6BCYMD7/live/System Host/1614634228466properties, /custom/assets/bundles/01EZQXY4D0B8YCJZ9HC6BCYMD7/d61a59e1-a49c-46f2-a929-db2b4bfa88b2.workflow.xml, /custom/assets/bundles/01EZQXY4D0B8YCJZ9HC6BCYMD7/live/System Host/1/content.ff462f88-d9e1-4d31-b084-b73cb61976d3.host.xml]
Existing [/custom/assets/bundles/01EZQXY4D0B8YCJZ9HC6BCYMD7/ROOT/50aaa3fe-a09b-469b-a4c4-64ffa613789e.folder.xml, /custom/assets/bundles/01EZQXY4D0B8YCJZ9HC6BCYMD7/ROOT/bc9a1d37-dd2d-4d49-a29d-0c9be740bfaf.folder.xml, /custom/assets/bundles/01EZQXY4D0B8YCJZ9HC6BCYMD7/bundle.xml, /custom/assets/bundles/01EZQXY4D0B8YCJZ9HC6BCYMD7/d61a59e1-a49c-46f2-a929-db2b4bfa88b2.workflow.xml, /custom/assets/bundles/01EZQXY4D0B8YCJZ9HC6BCYMD7/live/System Host/1/1-content.91b935b3-7bba-4331-9c2d-9d7a36c94a34.content.xml, /custom/assets/bundles/01EZQXY4D0B8YCJZ9HC6BCYMD7/live/System Host/1/2-content.49305bcb-8731-496d-9259-14e1081a55a2.content.xml, /custom/assets/bundles/01EZQXY4D0B8YCJZ9HC6BCYMD7/live/System Host/1/274cb2b4-a8c1-4b1e-98b1-0a4c09e0b75a.contentworkflow.xml, /custom/assets/bundles/01EZQXY4D0B8YCJZ9HC6BCYMD7/live/System Host/1/652cd35e-9d0a-4d29-a244-dfbee9c51c1e.contentworkflow.xml, /custom/assets/bundles/01EZQXY4D0B8YCJZ9HC6BCYMD7/live/System Host/1/content.10c97176-e706-48cc-9fc8-f8a52b9c6f71.host.xml, /custom/assets/bundles/01EZQXY4D0B8YCJZ9HC6BCYMD7/live/System Host/1/content.ff462f88-d9e1-4d31-b084-b73cb61976d3.host.xml, /custom/assets/bundles/01EZQXY4D0B8YCJZ9HC6BCYMD7/live/System Host/1/system host.host.xml, /custom/assets/bundles/01EZQXY4D0B8YCJZ9HC6BCYMD7/live/System Host/1614634228466properties, /custom/assets/bundles/01EZQXY4D0B8YCJZ9HC6BCYMD7/live/System Host/1properties, /custom/assets/bundles/01EZQXY4D0B8YCJZ9HC6BCYMD7/live/System Host/en_US.language.xml, /custom/assets/bundles/01EZQXY4D0B8YCJZ9HC6BCYMD7/live/System Host/th_TF.language.xml, /custom/assets/bundles/01EZQXY4D0B8YCJZ9HC6BCYMD7/live/default/1614634228466/0-content.a4b987eb-fe15-495a-8a09-7146d5cb8f5e.content.xml, /custom/assets/bundles/01EZQXY4D0B8YCJZ9HC6BCYMD7/live/default/1614634228466/d564fe35-7116-4f16-bfa9-b1b6e1963247.contentworkflow.xml, /custom/assets/bundles/01EZQXY4D0B8YCJZ9HC6BCYMD7/live/default/4ef752b0-459e-4e73-a2fa-a80bb81ef83d.rule.xml, /custom/assets/bundles/01EZQXY4D0B8YCJZ9HC6BCYMD7/live/test1614631907743.dotcms.com/32507627-12d8-41ca-a711-2d5cf9b21b5d.template.template.xml, /custom/assets/bundles/01EZQXY4D0B8YCJZ9HC6BCYMD7/live/test1614631907743.dotcms.com/454d9d6c-3858-426e-a5bf-41e68c573fb9.rule.xml, /custom/assets/bundles/01EZQXY4D0B8YCJZ9HC6BCYMD7/working/System Host/1/274cb2b4-a8c1-4b1e-98b1-0a4c09e0b75a.contentworkflow.xml, /custom/assets/bundles/01EZQXY4D0B8YCJZ9HC6BCYMD7/working/System Host/1/3-content.49305bcb-8731-496d-9259-14e1081a55a2.content.xml, /custom/assets/bundles/01EZQXY4D0B8YCJZ9HC6BCYMD7/working/System Host/1/content.ff462f88-d9e1-4d31-b084-b73cb61976d3.host.xml, /custom/assets/bundles/01EZQXY4D0B8YCJZ9HC6BCYMD7/working/System Host/33888b6f-7a8e-4069-b1b6-5c1aa9d0a48d.contentType.json, /custom/assets/bundles/01EZQXY4D0B8YCJZ9HC6BCYMD7/working/System Host/f4d7c1b8-2c88-4071-abf1-a5328977b07d.contentType.json, /custom/assets/bundles/01EZQXY4D0B8YCJZ9HC6BCYMD7/working/test1614631907743.dotcms.com/0cdc74a6-7513-4a12-aa5b-08b85197f62d.contentType.json, /custom/assets/bundles/01EZQXY4D0B8YCJZ9HC6BCYMD7/working/test1614631907743.dotcms.com/1/4-content.33e54b5a-8b1a-4bb3-b1a3-9c3c8e49531e.content.xml, /custom/assets/bundles/01EZQXY4D0B8YCJZ9HC6BCYMD7/working/test1614631907743.dotcms.com/1/f4016210-6e99-49d2-915b-0ae9ac9807a2.contentworkflow.xml, /custom/assets/bundles/01EZQXY4D0B8YCJZ9HC6BCYMD7/working/test1614631907743.dotcms.com/2e2eaf6c-b471-40fa-b726-c1cfe1908b47.containers.container.xml, /custom/assets/bundles/01EZQXY4D0B8YCJZ9HC6BCYMD7/working/test1614631907743.dotcms.com/5a1382c4-35f6-49f3-8c3a-5e13d40b5f20.contentType.json]
difference [/custom/assets/bundles/01EZQXY4D0B8YCJZ9HC6BCYMD7/ROOT/bc9a1d37-dd2d-4d49-a29d-0c9be740bfaf.folder.xml, /custom/assets/bundles/01EZQXY4D0B8YCJZ9HC6BCYMD7/bundle.xml, /custom/assets/bundles/01EZQXY4D0B8YCJZ9HC6BCYMD7/live/System Host/1/system host.host.xml]

	at org.jgroups.util.Util.assertEquals(Util.java:185)
	at com.dotcms.publishing.PublisherAPIImplTest.publish(PublisherAPIImplTest.java:407)
	at sun.reflect.NativeMethodAccessorImpl.invoke0(Native Method)
	at sun.reflect.NativeMethodAccessorImpl.invoke(NativeMethodAccessorImpl.java:62)
	at sun.reflect.DelegatingMethodAccessorImpl.invoke(DelegatingMethodAccessorImpl.java:43)
	at java.lang.reflect.Method.invoke(Method.java:498)
	at org.junit.runners.model.FrameworkMethod$1.runReflectiveCall(FrameworkMethod.java:50)
	at org.junit.internal.runners.model.ReflectiveCallable.run(ReflectiveCallable.java:12)
	at org.junit.runners.model.FrameworkMethod.invokeExplosively(FrameworkMethod.java:47)
	at com.tngtech.java.junit.dataprovider.DataProviderFrameworkMethod.invokeExplosively(DataProviderFrameworkMethod.java:119)
	at org.junit.internal.runners.statements.InvokeMethod.evaluate(InvokeMethod.java:17)
	at org.junit.rules.TestWatcher$1.evaluate(TestWatcher.java:55)
	at org.junit.rules.RunRules.evaluate(RunRules.java:20)
	at org.junit.runners.ParentRunner.runLeaf(ParentRunner.java:325)
	at com.dotcms.junit.CustomDataProviderRunner.runChild(CustomDataProviderRunner.java:28)
	at com.dotcms.junit.CustomDataProviderRunner.runChild(CustomDataProviderRunner.java:13)
	at org.junit.runners.ParentRunner$3.run(ParentRunner.java:290)
	at org.junit.runners.ParentRunner$1.schedule(ParentRunner.java:71)
	at org.junit.runners.ParentRunner.runChildren(ParentRunner.java:288)
	at org.junit.runners.ParentRunner.access$000(ParentRunner.java:58)
	at org.junit.runners.ParentRunner$2.evaluate(ParentRunner.java:268)
	at org.junit.internal.runners.statements.RunBefores.evaluate(RunBefores.java:26)
	at org.junit.internal.runners.statements.RunAfters.evaluate(RunAfters.java:27)
	at org.junit.runners.ParentRunner.run(ParentRunner.java:363)
	at org.junit.runners.Suite.runChild(Suite.java:128)
	at org.junit.runners.Suite.runChild(Suite.java:27)
	at org.junit.runners.ParentRunner$3.run(ParentRunner.java:290)
	at org.junit.runners.ParentRunner$1.schedule(ParentRunner.java:71)
	at org.junit.runners.ParentRunner.runChildren(ParentRunner.java:288)
	at org.junit.runners.ParentRunner.access$000(ParentRunner.java:58)
	at org.junit.runners.ParentRunner$2.evaluate(ParentRunner.java:268)
	at org.junit.runners.ParentRunner.run(ParentRunner.java:363)
	at org.gradle.api.internal.tasks.testing.junit.JUnitTestClassExecutor.runTestClass(JUnitTestClassExecutor.java:106)
	at org.gradle.api.internal.tasks.testing.junit.JUnitTestClassExecutor.execute(JUnitTestClassExecutor.java:58)
	at org.gradle.api.internal.tasks.testing.junit.JUnitTestClassExecutor.execute(JUnitTestClassExecutor.java:38)
	at org.gradle.api.internal.tasks.testing.junit.AbstractJUnitTestClassProcessor.processTestClass(AbstractJUnitTestClassProcessor.java:66)
	at org.gradle.api.internal.tasks.testing.SuiteTestClassProcessor.processTestClass(SuiteTestClassProcessor.java:51)
	at sun.reflect.NativeMethodAccessorImpl.invoke0(Native Method)
	at sun.reflect.NativeMethodAccessorImpl.invoke(NativeMethodAccessorImpl.java:62)
	at sun.reflect.DelegatingMethodAccessorImpl.invoke(DelegatingMethodAccessorImpl.java:43)
	at java.lang.reflect.Method.invoke(Method.java:498)
	at org.gradle.internal.dispatch.ReflectionDispatch.dispatch(ReflectionDispatch.java:35)
	at org.gradle.internal.dispatch.ReflectionDispatch.dispatch(ReflectionDispatch.java:24)
	at org.gradle.internal.dispatch.ContextClassLoaderDispatch.dispatch(ContextClassLoaderDispatch.java:32)
	at org.gradle.internal.dispatch.ProxyDispatchAdapter$DispatchingInvocationHandler.invoke(ProxyDispatchAdapter.java:93)
	at com.sun.proxy.$Proxy2.processTestClass(Unknown Source)
	at org.gradle.api.internal.tasks.testing.worker.TestWorker.processTestClass(TestWorker.java:117)
	at sun.reflect.NativeMethodAccessorImpl.invoke0(Native Method)
	at sun.reflect.NativeMethodAccessorImpl.invoke(NativeMethodAccessorImpl.java:62)
	at sun.reflect.DelegatingMethodAccessorImpl.invoke(DelegatingMethodAccessorImpl.java:43)
	at java.lang.reflect.Method.invoke(Method.java:498)
	at org.gradle.internal.dispatch.ReflectionDispatch.dispatch(ReflectionDispatch.java:35)
	at org.gradle.internal.dispatch.ReflectionDispatch.dispatch(ReflectionDispatch.java:24)
	at org.gradle.internal.remote.internal.hub.MessageHubBackedObjectConnection$DispatchWrapper.dispatch(MessageHubBackedObjectConnection.java:155)
	at org.gradle.internal.remote.internal.hub.MessageHubBackedObjectConnection$DispatchWrapper.dispatch(MessageHubBackedObjectConnection.java:137)
	at org.gradle.internal.remote.internal.hub.MessageHub$Handler.run(MessageHub.java:404)
	at org.gradle.internal.concurrent.ExecutorPolicy$CatchAndRecordFailures.onExecute(ExecutorPolicy.java:63)
	at org.gradle.internal.concurrent.ManagedExecutorImpl$1.run(ManagedExecutorImpl.java:46)
	at java.util.concurrent.ThreadPoolExecutor.runWorker(ThreadPoolExecutor.java:1149)
	at java.util.concurrent.ThreadPoolExecutor$Worker.run(ThreadPoolExecutor.java:624)
	at org.gradle.internal.concurrent.ThreadFactoryImpl$ManagedThreadRunnable.run(ThreadFactoryImpl.java:55)
	at java.lang.Thread.run(Thread.java:748)
</pre>
</span>
</div>
<div class="test">
<a name="publish[14: com.dotcms.publishing.PublisherAPIImplTest$TestCase@67959cfe]"></a>
<h3 class="failures">publish[14: com.dotcms.publishing.PublisherAPIImplTest$TestCase@67959cfe]</h3>
<span class="code">
<pre>java.lang.AssertionError: Expected 21 but get 23 in /custom/assets/bundles/01EZQXY4HD5PKX7A4D0DPV9NJZ
Expected [/custom/assets/bundles/01EZQXY4HD5PKX7A4D0DPV9NJZ/working/System Host/f4d7c1b8-2c88-4071-abf1-a5328977b07d.contentType.json, /custom/assets/bundles/01EZQXY4HD5PKX7A4D0DPV9NJZ/live/default/4ef752b0-459e-4e73-a2fa-a80bb81ef83d.rule.xml, /custom/assets/bundles/01EZQXY4HD5PKX7A4D0DPV9NJZ/ROOT/861e6f7f-bad2-41ce-ad2e-25cf912f6f26.folder.xml, /custom/assets/bundles/01EZQXY4HD5PKX7A4D0DPV9NJZ/live/System Host/1/652cd35e-9d0a-4d29-a244-dfbee9c51c1e.contentworkflow.xml, /custom/assets/bundles/01EZQXY4HD5PKX7A4D0DPV9NJZ/working/System Host/1/content.ff462f88-d9e1-4d31-b084-b73cb61976d3.host.xml, /custom/assets/bundles/01EZQXY4HD5PKX7A4D0DPV9NJZ/live/System Host/en_US.language.xml, /custom/assets/bundles/01EZQXY4HD5PKX7A4D0DPV9NJZ/live/System Host/1/2-content.49305bcb-8731-496d-9259-14e1081a55a2.content.xml, /custom/assets/bundles/01EZQXY4HD5PKX7A4D0DPV9NJZ/working/test1614631908608.dotcms.com/testName1614631909405/f9c7411e-893b-4c92-a834-f7f6005a8e3b.link.xml, /custom/assets/bundles/01EZQXY4HD5PKX7A4D0DPV9NJZ/live/System Host/1/274cb2b4-a8c1-4b1e-98b1-0a4c09e0b75a.contentworkflow.xml, /custom/assets/bundles/01EZQXY4HD5PKX7A4D0DPV9NJZ/live/default/1614634228466/d564fe35-7116-4f16-bfa9-b1b6e1963247.contentworkflow.xml, /custom/assets/bundles/01EZQXY4HD5PKX7A4D0DPV9NJZ/live/default/1614634228466/0-content.a4b987eb-fe15-495a-8a09-7146d5cb8f5e.content.xml, /custom/assets/bundles/01EZQXY4HD5PKX7A4D0DPV9NJZ/live/System Host/1614634228466properties, /custom/assets/bundles/01EZQXY4HD5PKX7A4D0DPV9NJZ/live/System Host/1/content.ff462f88-d9e1-4d31-b084-b73cb61976d3.host.xml, /custom/assets/bundles/01EZQXY4HD5PKX7A4D0DPV9NJZ/working/System Host/1/274cb2b4-a8c1-4b1e-98b1-0a4c09e0b75a.contentworkflow.xml, /custom/assets/bundles/01EZQXY4HD5PKX7A4D0DPV9NJZ/live/System Host/1/content.c506812c-9aa1-499c-90c6-0cfdafd74d3d.host.xml, /custom/assets/bundles/01EZQXY4HD5PKX7A4D0DPV9NJZ/live/System Host/1properties, /custom/assets/bundles/01EZQXY4HD5PKX7A4D0DPV9NJZ/working/System Host/1/3-content.49305bcb-8731-496d-9259-14e1081a55a2.content.xml, /custom/assets/bundles/01EZQXY4HD5PKX7A4D0DPV9NJZ/live/System Host/1/1-content.91b935b3-7bba-4331-9c2d-9d7a36c94a34.content.xml, /custom/assets/bundles/01EZQXY4HD5PKX7A4D0DPV9NJZ/d61a59e1-a49c-46f2-a929-db2b4bfa88b2.workflow.xml, /custom/assets/bundles/01EZQXY4HD5PKX7A4D0DPV9NJZ/live/System Host/th_TF.language.xml]
Existing [/custom/assets/bundles/01EZQXY4HD5PKX7A4D0DPV9NJZ/ROOT/861e6f7f-bad2-41ce-ad2e-25cf912f6f26.folder.xml, /custom/assets/bundles/01EZQXY4HD5PKX7A4D0DPV9NJZ/ROOT/bc9a1d37-dd2d-4d49-a29d-0c9be740bfaf.folder.xml, /custom/assets/bundles/01EZQXY4HD5PKX7A4D0DPV9NJZ/bundle.xml, /custom/assets/bundles/01EZQXY4HD5PKX7A4D0DPV9NJZ/d61a59e1-a49c-46f2-a929-db2b4bfa88b2.workflow.xml, /custom/assets/bundles/01EZQXY4HD5PKX7A4D0DPV9NJZ/live/System Host/1/1-content.91b935b3-7bba-4331-9c2d-9d7a36c94a34.content.xml, /custom/assets/bundles/01EZQXY4HD5PKX7A4D0DPV9NJZ/live/System Host/1/2-content.49305bcb-8731-496d-9259-14e1081a55a2.content.xml, /custom/assets/bundles/01EZQXY4HD5PKX7A4D0DPV9NJZ/live/System Host/1/274cb2b4-a8c1-4b1e-98b1-0a4c09e0b75a.contentworkflow.xml, /custom/assets/bundles/01EZQXY4HD5PKX7A4D0DPV9NJZ/live/System Host/1/652cd35e-9d0a-4d29-a244-dfbee9c51c1e.contentworkflow.xml, /custom/assets/bundles/01EZQXY4HD5PKX7A4D0DPV9NJZ/live/System Host/1/content.c506812c-9aa1-499c-90c6-0cfdafd74d3d.host.xml, /custom/assets/bundles/01EZQXY4HD5PKX7A4D0DPV9NJZ/live/System Host/1/content.ff462f88-d9e1-4d31-b084-b73cb61976d3.host.xml, /custom/assets/bundles/01EZQXY4HD5PKX7A4D0DPV9NJZ/live/System Host/1/system host.host.xml, /custom/assets/bundles/01EZQXY4HD5PKX7A4D0DPV9NJZ/live/System Host/1614634228466properties, /custom/assets/bundles/01EZQXY4HD5PKX7A4D0DPV9NJZ/live/System Host/1properties, /custom/assets/bundles/01EZQXY4HD5PKX7A4D0DPV9NJZ/live/System Host/en_US.language.xml, /custom/assets/bundles/01EZQXY4HD5PKX7A4D0DPV9NJZ/live/System Host/th_TF.language.xml, /custom/assets/bundles/01EZQXY4HD5PKX7A4D0DPV9NJZ/live/default/1614634228466/0-content.a4b987eb-fe15-495a-8a09-7146d5cb8f5e.content.xml, /custom/assets/bundles/01EZQXY4HD5PKX7A4D0DPV9NJZ/live/default/1614634228466/d564fe35-7116-4f16-bfa9-b1b6e1963247.contentworkflow.xml, /custom/assets/bundles/01EZQXY4HD5PKX7A4D0DPV9NJZ/live/default/4ef752b0-459e-4e73-a2fa-a80bb81ef83d.rule.xml, /custom/assets/bundles/01EZQXY4HD5PKX7A4D0DPV9NJZ/working/System Host/1/274cb2b4-a8c1-4b1e-98b1-0a4c09e0b75a.contentworkflow.xml, /custom/assets/bundles/01EZQXY4HD5PKX7A4D0DPV9NJZ/working/System Host/1/3-content.49305bcb-8731-496d-9259-14e1081a55a2.content.xml, /custom/assets/bundles/01EZQXY4HD5PKX7A4D0DPV9NJZ/working/System Host/1/content.ff462f88-d9e1-4d31-b084-b73cb61976d3.host.xml, /custom/assets/bundles/01EZQXY4HD5PKX7A4D0DPV9NJZ/working/System Host/f4d7c1b8-2c88-4071-abf1-a5328977b07d.contentType.json, /custom/assets/bundles/01EZQXY4HD5PKX7A4D0DPV9NJZ/working/test1614631908608.dotcms.com/testName1614631909405/f9c7411e-893b-4c92-a834-f7f6005a8e3b.link.xml]
difference [/custom/assets/bundles/01EZQXY4HD5PKX7A4D0DPV9NJZ/ROOT/bc9a1d37-dd2d-4d49-a29d-0c9be740bfaf.folder.xml, /custom/assets/bundles/01EZQXY4HD5PKX7A4D0DPV9NJZ/bundle.xml, /custom/assets/bundles/01EZQXY4HD5PKX7A4D0DPV9NJZ/live/System Host/1/system host.host.xml]

	at org.jgroups.util.Util.assertEquals(Util.java:185)
	at com.dotcms.publishing.PublisherAPIImplTest.publish(PublisherAPIImplTest.java:407)
	at sun.reflect.NativeMethodAccessorImpl.invoke0(Native Method)
	at sun.reflect.NativeMethodAccessorImpl.invoke(NativeMethodAccessorImpl.java:62)
	at sun.reflect.DelegatingMethodAccessorImpl.invoke(DelegatingMethodAccessorImpl.java:43)
	at java.lang.reflect.Method.invoke(Method.java:498)
	at org.junit.runners.model.FrameworkMethod$1.runReflectiveCall(FrameworkMethod.java:50)
	at org.junit.internal.runners.model.ReflectiveCallable.run(ReflectiveCallable.java:12)
	at org.junit.runners.model.FrameworkMethod.invokeExplosively(FrameworkMethod.java:47)
	at com.tngtech.java.junit.dataprovider.DataProviderFrameworkMethod.invokeExplosively(DataProviderFrameworkMethod.java:119)
	at org.junit.internal.runners.statements.InvokeMethod.evaluate(InvokeMethod.java:17)
	at org.junit.rules.TestWatcher$1.evaluate(TestWatcher.java:55)
	at org.junit.rules.RunRules.evaluate(RunRules.java:20)
	at org.junit.runners.ParentRunner.runLeaf(ParentRunner.java:325)
	at com.dotcms.junit.CustomDataProviderRunner.runChild(CustomDataProviderRunner.java:28)
	at com.dotcms.junit.CustomDataProviderRunner.runChild(CustomDataProviderRunner.java:13)
	at org.junit.runners.ParentRunner$3.run(ParentRunner.java:290)
	at org.junit.runners.ParentRunner$1.schedule(ParentRunner.java:71)
	at org.junit.runners.ParentRunner.runChildren(ParentRunner.java:288)
	at org.junit.runners.ParentRunner.access$000(ParentRunner.java:58)
	at org.junit.runners.ParentRunner$2.evaluate(ParentRunner.java:268)
	at org.junit.internal.runners.statements.RunBefores.evaluate(RunBefores.java:26)
	at org.junit.internal.runners.statements.RunAfters.evaluate(RunAfters.java:27)
	at org.junit.runners.ParentRunner.run(ParentRunner.java:363)
	at org.junit.runners.Suite.runChild(Suite.java:128)
	at org.junit.runners.Suite.runChild(Suite.java:27)
	at org.junit.runners.ParentRunner$3.run(ParentRunner.java:290)
	at org.junit.runners.ParentRunner$1.schedule(ParentRunner.java:71)
	at org.junit.runners.ParentRunner.runChildren(ParentRunner.java:288)
	at org.junit.runners.ParentRunner.access$000(ParentRunner.java:58)
	at org.junit.runners.ParentRunner$2.evaluate(ParentRunner.java:268)
	at org.junit.runners.ParentRunner.run(ParentRunner.java:363)
	at org.gradle.api.internal.tasks.testing.junit.JUnitTestClassExecutor.runTestClass(JUnitTestClassExecutor.java:106)
	at org.gradle.api.internal.tasks.testing.junit.JUnitTestClassExecutor.execute(JUnitTestClassExecutor.java:58)
	at org.gradle.api.internal.tasks.testing.junit.JUnitTestClassExecutor.execute(JUnitTestClassExecutor.java:38)
	at org.gradle.api.internal.tasks.testing.junit.AbstractJUnitTestClassProcessor.processTestClass(AbstractJUnitTestClassProcessor.java:66)
	at org.gradle.api.internal.tasks.testing.SuiteTestClassProcessor.processTestClass(SuiteTestClassProcessor.java:51)
	at sun.reflect.NativeMethodAccessorImpl.invoke0(Native Method)
	at sun.reflect.NativeMethodAccessorImpl.invoke(NativeMethodAccessorImpl.java:62)
	at sun.reflect.DelegatingMethodAccessorImpl.invoke(DelegatingMethodAccessorImpl.java:43)
	at java.lang.reflect.Method.invoke(Method.java:498)
	at org.gradle.internal.dispatch.ReflectionDispatch.dispatch(ReflectionDispatch.java:35)
	at org.gradle.internal.dispatch.ReflectionDispatch.dispatch(ReflectionDispatch.java:24)
	at org.gradle.internal.dispatch.ContextClassLoaderDispatch.dispatch(ContextClassLoaderDispatch.java:32)
	at org.gradle.internal.dispatch.ProxyDispatchAdapter$DispatchingInvocationHandler.invoke(ProxyDispatchAdapter.java:93)
	at com.sun.proxy.$Proxy2.processTestClass(Unknown Source)
	at org.gradle.api.internal.tasks.testing.worker.TestWorker.processTestClass(TestWorker.java:117)
	at sun.reflect.NativeMethodAccessorImpl.invoke0(Native Method)
	at sun.reflect.NativeMethodAccessorImpl.invoke(NativeMethodAccessorImpl.java:62)
	at sun.reflect.DelegatingMethodAccessorImpl.invoke(DelegatingMethodAccessorImpl.java:43)
	at java.lang.reflect.Method.invoke(Method.java:498)
	at org.gradle.internal.dispatch.ReflectionDispatch.dispatch(ReflectionDispatch.java:35)
	at org.gradle.internal.dispatch.ReflectionDispatch.dispatch(ReflectionDispatch.java:24)
	at org.gradle.internal.remote.internal.hub.MessageHubBackedObjectConnection$DispatchWrapper.dispatch(MessageHubBackedObjectConnection.java:155)
	at org.gradle.internal.remote.internal.hub.MessageHubBackedObjectConnection$DispatchWrapper.dispatch(MessageHubBackedObjectConnection.java:137)
	at org.gradle.internal.remote.internal.hub.MessageHub$Handler.run(MessageHub.java:404)
	at org.gradle.internal.concurrent.ExecutorPolicy$CatchAndRecordFailures.onExecute(ExecutorPolicy.java:63)
	at org.gradle.internal.concurrent.ManagedExecutorImpl$1.run(ManagedExecutorImpl.java:46)
	at java.util.concurrent.ThreadPoolExecutor.runWorker(ThreadPoolExecutor.java:1149)
	at java.util.concurrent.ThreadPoolExecutor$Worker.run(ThreadPoolExecutor.java:624)
	at org.gradle.internal.concurrent.ThreadFactoryImpl$ManagedThreadRunnable.run(ThreadFactoryImpl.java:55)
	at java.lang.Thread.run(Thread.java:748)
</pre>
</span>
</div>
<div class="test">
<a name="publish[15: com.dotcms.publishing.PublisherAPIImplTest$TestCase@3bb62ba]"></a>
<h3 class="failures">publish[15: com.dotcms.publishing.PublisherAPIImplTest$TestCase@3bb62ba]</h3>
<span class="code">
<pre>java.lang.AssertionError: Expected 19 but get 21 in /custom/assets/bundles/01EZQXY4MD16WSYE5WDXT1XQKM
Expected [/custom/assets/bundles/01EZQXY4MD16WSYE5WDXT1XQKM/working/System Host/1/content.ff462f88-d9e1-4d31-b084-b73cb61976d3.host.xml, /custom/assets/bundles/01EZQXY4MD16WSYE5WDXT1XQKM/live/default/4ef752b0-459e-4e73-a2fa-a80bb81ef83d.rule.xml, /custom/assets/bundles/01EZQXY4MD16WSYE5WDXT1XQKM/working/System Host/f4d7c1b8-2c88-4071-abf1-a5328977b07d.contentType.json, /custom/assets/bundles/01EZQXY4MD16WSYE5WDXT1XQKM/live/System Host/1/content.ff462f88-d9e1-4d31-b084-b73cb61976d3.host.xml, /custom/assets/bundles/01EZQXY4MD16WSYE5WDXT1XQKM/live/System Host/th_TF.language.xml, /custom/assets/bundles/01EZQXY4MD16WSYE5WDXT1XQKM/live/System Host/1/274cb2b4-a8c1-4b1e-98b1-0a4c09e0b75a.contentworkflow.xml, /custom/assets/bundles/01EZQXY4MD16WSYE5WDXT1XQKM/live/System Host/1properties, /custom/assets/bundles/01EZQXY4MD16WSYE5WDXT1XQKM/live/System Host/1/2-content.49305bcb-8731-496d-9259-14e1081a55a2.content.xml, /custom/assets/bundles/01EZQXY4MD16WSYE5WDXT1XQKM/live/default/1614634228466/d564fe35-7116-4f16-bfa9-b1b6e1963247.contentworkflow.xml, /custom/assets/bundles/01EZQXY4MD16WSYE5WDXT1XQKM/live/default/1614634228466/0-content.a4b987eb-fe15-495a-8a09-7146d5cb8f5e.content.xml, /custom/assets/bundles/01EZQXY4MD16WSYE5WDXT1XQKM/live/System Host/1/652cd35e-9d0a-4d29-a244-dfbee9c51c1e.contentworkflow.xml, /custom/assets/bundles/01EZQXY4MD16WSYE5WDXT1XQKM/working/System Host/1/3-content.49305bcb-8731-496d-9259-14e1081a55a2.content.xml, /custom/assets/bundles/01EZQXY4MD16WSYE5WDXT1XQKM/9019170e-3428-413d-8df0-e4841aedd356.workflow.xml, /custom/assets/bundles/01EZQXY4MD16WSYE5WDXT1XQKM/working/System Host/1/274cb2b4-a8c1-4b1e-98b1-0a4c09e0b75a.contentworkflow.xml, /custom/assets/bundles/01EZQXY4MD16WSYE5WDXT1XQKM/d61a59e1-a49c-46f2-a929-db2b4bfa88b2.workflow.xml, /custom/assets/bundles/01EZQXY4MD16WSYE5WDXT1XQKM/live/System Host/1/1-content.91b935b3-7bba-4331-9c2d-9d7a36c94a34.content.xml, /custom/assets/bundles/01EZQXY4MD16WSYE5WDXT1XQKM/live/System Host/1614634228466properties, /custom/assets/bundles/01EZQXY4MD16WSYE5WDXT1XQKM/live/System Host/en_US.language.xml]
Existing [/custom/assets/bundles/01EZQXY4MD16WSYE5WDXT1XQKM/9019170e-3428-413d-8df0-e4841aedd356.workflow.xml, /custom/assets/bundles/01EZQXY4MD16WSYE5WDXT1XQKM/ROOT/bc9a1d37-dd2d-4d49-a29d-0c9be740bfaf.folder.xml, /custom/assets/bundles/01EZQXY4MD16WSYE5WDXT1XQKM/bundle.xml, /custom/assets/bundles/01EZQXY4MD16WSYE5WDXT1XQKM/d61a59e1-a49c-46f2-a929-db2b4bfa88b2.workflow.xml, /custom/assets/bundles/01EZQXY4MD16WSYE5WDXT1XQKM/live/System Host/1/1-content.91b935b3-7bba-4331-9c2d-9d7a36c94a34.content.xml, /custom/assets/bundles/01EZQXY4MD16WSYE5WDXT1XQKM/live/System Host/1/2-content.49305bcb-8731-496d-9259-14e1081a55a2.content.xml, /custom/assets/bundles/01EZQXY4MD16WSYE5WDXT1XQKM/live/System Host/1/274cb2b4-a8c1-4b1e-98b1-0a4c09e0b75a.contentworkflow.xml, /custom/assets/bundles/01EZQXY4MD16WSYE5WDXT1XQKM/live/System Host/1/652cd35e-9d0a-4d29-a244-dfbee9c51c1e.contentworkflow.xml, /custom/assets/bundles/01EZQXY4MD16WSYE5WDXT1XQKM/live/System Host/1/content.ff462f88-d9e1-4d31-b084-b73cb61976d3.host.xml, /custom/assets/bundles/01EZQXY4MD16WSYE5WDXT1XQKM/live/System Host/1/system host.host.xml, /custom/assets/bundles/01EZQXY4MD16WSYE5WDXT1XQKM/live/System Host/1614634228466properties, /custom/assets/bundles/01EZQXY4MD16WSYE5WDXT1XQKM/live/System Host/1properties, /custom/assets/bundles/01EZQXY4MD16WSYE5WDXT1XQKM/live/System Host/en_US.language.xml, /custom/assets/bundles/01EZQXY4MD16WSYE5WDXT1XQKM/live/System Host/th_TF.language.xml, /custom/assets/bundles/01EZQXY4MD16WSYE5WDXT1XQKM/live/default/1614634228466/0-content.a4b987eb-fe15-495a-8a09-7146d5cb8f5e.content.xml, /custom/assets/bundles/01EZQXY4MD16WSYE5WDXT1XQKM/live/default/1614634228466/d564fe35-7116-4f16-bfa9-b1b6e1963247.contentworkflow.xml, /custom/assets/bundles/01EZQXY4MD16WSYE5WDXT1XQKM/live/default/4ef752b0-459e-4e73-a2fa-a80bb81ef83d.rule.xml, /custom/assets/bundles/01EZQXY4MD16WSYE5WDXT1XQKM/working/System Host/1/274cb2b4-a8c1-4b1e-98b1-0a4c09e0b75a.contentworkflow.xml, /custom/assets/bundles/01EZQXY4MD16WSYE5WDXT1XQKM/working/System Host/1/3-content.49305bcb-8731-496d-9259-14e1081a55a2.content.xml, /custom/assets/bundles/01EZQXY4MD16WSYE5WDXT1XQKM/working/System Host/1/content.ff462f88-d9e1-4d31-b084-b73cb61976d3.host.xml, /custom/assets/bundles/01EZQXY4MD16WSYE5WDXT1XQKM/working/System Host/f4d7c1b8-2c88-4071-abf1-a5328977b07d.contentType.json]
difference [/custom/assets/bundles/01EZQXY4MD16WSYE5WDXT1XQKM/ROOT/bc9a1d37-dd2d-4d49-a29d-0c9be740bfaf.folder.xml, /custom/assets/bundles/01EZQXY4MD16WSYE5WDXT1XQKM/bundle.xml, /custom/assets/bundles/01EZQXY4MD16WSYE5WDXT1XQKM/live/System Host/1/system host.host.xml]

	at org.jgroups.util.Util.assertEquals(Util.java:185)
	at com.dotcms.publishing.PublisherAPIImplTest.publish(PublisherAPIImplTest.java:407)
	at sun.reflect.NativeMethodAccessorImpl.invoke0(Native Method)
	at sun.reflect.NativeMethodAccessorImpl.invoke(NativeMethodAccessorImpl.java:62)
	at sun.reflect.DelegatingMethodAccessorImpl.invoke(DelegatingMethodAccessorImpl.java:43)
	at java.lang.reflect.Method.invoke(Method.java:498)
	at org.junit.runners.model.FrameworkMethod$1.runReflectiveCall(FrameworkMethod.java:50)
	at org.junit.internal.runners.model.ReflectiveCallable.run(ReflectiveCallable.java:12)
	at org.junit.runners.model.FrameworkMethod.invokeExplosively(FrameworkMethod.java:47)
	at com.tngtech.java.junit.dataprovider.DataProviderFrameworkMethod.invokeExplosively(DataProviderFrameworkMethod.java:119)
	at org.junit.internal.runners.statements.InvokeMethod.evaluate(InvokeMethod.java:17)
	at org.junit.rules.TestWatcher$1.evaluate(TestWatcher.java:55)
	at org.junit.rules.RunRules.evaluate(RunRules.java:20)
	at org.junit.runners.ParentRunner.runLeaf(ParentRunner.java:325)
	at com.dotcms.junit.CustomDataProviderRunner.runChild(CustomDataProviderRunner.java:28)
	at com.dotcms.junit.CustomDataProviderRunner.runChild(CustomDataProviderRunner.java:13)
	at org.junit.runners.ParentRunner$3.run(ParentRunner.java:290)
	at org.junit.runners.ParentRunner$1.schedule(ParentRunner.java:71)
	at org.junit.runners.ParentRunner.runChildren(ParentRunner.java:288)
	at org.junit.runners.ParentRunner.access$000(ParentRunner.java:58)
	at org.junit.runners.ParentRunner$2.evaluate(ParentRunner.java:268)
	at org.junit.internal.runners.statements.RunBefores.evaluate(RunBefores.java:26)
	at org.junit.internal.runners.statements.RunAfters.evaluate(RunAfters.java:27)
	at org.junit.runners.ParentRunner.run(ParentRunner.java:363)
	at org.junit.runners.Suite.runChild(Suite.java:128)
	at org.junit.runners.Suite.runChild(Suite.java:27)
	at org.junit.runners.ParentRunner$3.run(ParentRunner.java:290)
	at org.junit.runners.ParentRunner$1.schedule(ParentRunner.java:71)
	at org.junit.runners.ParentRunner.runChildren(ParentRunner.java:288)
	at org.junit.runners.ParentRunner.access$000(ParentRunner.java:58)
	at org.junit.runners.ParentRunner$2.evaluate(ParentRunner.java:268)
	at org.junit.runners.ParentRunner.run(ParentRunner.java:363)
	at org.gradle.api.internal.tasks.testing.junit.JUnitTestClassExecutor.runTestClass(JUnitTestClassExecutor.java:106)
	at org.gradle.api.internal.tasks.testing.junit.JUnitTestClassExecutor.execute(JUnitTestClassExecutor.java:58)
	at org.gradle.api.internal.tasks.testing.junit.JUnitTestClassExecutor.execute(JUnitTestClassExecutor.java:38)
	at org.gradle.api.internal.tasks.testing.junit.AbstractJUnitTestClassProcessor.processTestClass(AbstractJUnitTestClassProcessor.java:66)
	at org.gradle.api.internal.tasks.testing.SuiteTestClassProcessor.processTestClass(SuiteTestClassProcessor.java:51)
	at sun.reflect.NativeMethodAccessorImpl.invoke0(Native Method)
	at sun.reflect.NativeMethodAccessorImpl.invoke(NativeMethodAccessorImpl.java:62)
	at sun.reflect.DelegatingMethodAccessorImpl.invoke(DelegatingMethodAccessorImpl.java:43)
	at java.lang.reflect.Method.invoke(Method.java:498)
	at org.gradle.internal.dispatch.ReflectionDispatch.dispatch(ReflectionDispatch.java:35)
	at org.gradle.internal.dispatch.ReflectionDispatch.dispatch(ReflectionDispatch.java:24)
	at org.gradle.internal.dispatch.ContextClassLoaderDispatch.dispatch(ContextClassLoaderDispatch.java:32)
	at org.gradle.internal.dispatch.ProxyDispatchAdapter$DispatchingInvocationHandler.invoke(ProxyDispatchAdapter.java:93)
	at com.sun.proxy.$Proxy2.processTestClass(Unknown Source)
	at org.gradle.api.internal.tasks.testing.worker.TestWorker.processTestClass(TestWorker.java:117)
	at sun.reflect.NativeMethodAccessorImpl.invoke0(Native Method)
	at sun.reflect.NativeMethodAccessorImpl.invoke(NativeMethodAccessorImpl.java:62)
	at sun.reflect.DelegatingMethodAccessorImpl.invoke(DelegatingMethodAccessorImpl.java:43)
	at java.lang.reflect.Method.invoke(Method.java:498)
	at org.gradle.internal.dispatch.ReflectionDispatch.dispatch(ReflectionDispatch.java:35)
	at org.gradle.internal.dispatch.ReflectionDispatch.dispatch(ReflectionDispatch.java:24)
	at org.gradle.internal.remote.internal.hub.MessageHubBackedObjectConnection$DispatchWrapper.dispatch(MessageHubBackedObjectConnection.java:155)
	at org.gradle.internal.remote.internal.hub.MessageHubBackedObjectConnection$DispatchWrapper.dispatch(MessageHubBackedObjectConnection.java:137)
	at org.gradle.internal.remote.internal.hub.MessageHub$Handler.run(MessageHub.java:404)
	at org.gradle.internal.concurrent.ExecutorPolicy$CatchAndRecordFailures.onExecute(ExecutorPolicy.java:63)
	at org.gradle.internal.concurrent.ManagedExecutorImpl$1.run(ManagedExecutorImpl.java:46)
	at java.util.concurrent.ThreadPoolExecutor.runWorker(ThreadPoolExecutor.java:1149)
	at java.util.concurrent.ThreadPoolExecutor$Worker.run(ThreadPoolExecutor.java:624)
	at org.gradle.internal.concurrent.ThreadFactoryImpl$ManagedThreadRunnable.run(ThreadFactoryImpl.java:55)
	at java.lang.Thread.run(Thread.java:748)
</pre>
</span>
</div>
<div class="test">
<a name="publish[16: com.dotcms.publishing.PublisherAPIImplTest$TestCase@309a6ccf]"></a>
<h3 class="failures">publish[16: com.dotcms.publishing.PublisherAPIImplTest$TestCase@309a6ccf]</h3>
<span class="code">
<pre>java.lang.AssertionError: Expected 20 but get 22 in /custom/assets/bundles/01EZQXY4QW45XWVYAQNZGF4JJ9
Expected [/custom/assets/bundles/01EZQXY4QW45XWVYAQNZGF4JJ9/live/System Host/1properties, /custom/assets/bundles/01EZQXY4QW45XWVYAQNZGF4JJ9/live/default/4ef752b0-459e-4e73-a2fa-a80bb81ef83d.rule.xml, /custom/assets/bundles/01EZQXY4QW45XWVYAQNZGF4JJ9/live/System Host/en_US.language.xml, /custom/assets/bundles/01EZQXY4QW45XWVYAQNZGF4JJ9/live/System Host/1/274cb2b4-a8c1-4b1e-98b1-0a4c09e0b75a.contentworkflow.xml, /custom/assets/bundles/01EZQXY4QW45XWVYAQNZGF4JJ9/live/System Host/lzc1k_TESTCOUNTRYCODE1614631909436.language.xml, /custom/assets/bundles/01EZQXY4QW45XWVYAQNZGF4JJ9/d61a59e1-a49c-46f2-a929-db2b4bfa88b2.workflow.xml, /custom/assets/bundles/01EZQXY4QW45XWVYAQNZGF4JJ9/live/System Host/th_TF.language.xml, /custom/assets/bundles/01EZQXY4QW45XWVYAQNZGF4JJ9/live/System Host/1/2-content.49305bcb-8731-496d-9259-14e1081a55a2.content.xml, /custom/assets/bundles/01EZQXY4QW45XWVYAQNZGF4JJ9/live/System Host/1/content.ff462f88-d9e1-4d31-b084-b73cb61976d3.host.xml, /custom/assets/bundles/01EZQXY4QW45XWVYAQNZGF4JJ9/working/System Host/1/274cb2b4-a8c1-4b1e-98b1-0a4c09e0b75a.contentworkflow.xml, /custom/assets/bundles/01EZQXY4QW45XWVYAQNZGF4JJ9/live/System Host/1614631909436properties, /custom/assets/bundles/01EZQXY4QW45XWVYAQNZGF4JJ9/live/default/1614634228466/0-content.a4b987eb-fe15-495a-8a09-7146d5cb8f5e.content.xml, /custom/assets/bundles/01EZQXY4QW45XWVYAQNZGF4JJ9/live/System Host/1614634228466properties, /custom/assets/bundles/01EZQXY4QW45XWVYAQNZGF4JJ9/working/System Host/1/3-content.49305bcb-8731-496d-9259-14e1081a55a2.content.xml, /custom/assets/bundles/01EZQXY4QW45XWVYAQNZGF4JJ9/live/System Host/1/1-content.91b935b3-7bba-4331-9c2d-9d7a36c94a34.content.xml, /custom/assets/bundles/01EZQXY4QW45XWVYAQNZGF4JJ9/working/System Host/f4d7c1b8-2c88-4071-abf1-a5328977b07d.contentType.json, /custom/assets/bundles/01EZQXY4QW45XWVYAQNZGF4JJ9/live/default/1614634228466/d564fe35-7116-4f16-bfa9-b1b6e1963247.contentworkflow.xml, /custom/assets/bundles/01EZQXY4QW45XWVYAQNZGF4JJ9/working/System Host/1/content.ff462f88-d9e1-4d31-b084-b73cb61976d3.host.xml, /custom/assets/bundles/01EZQXY4QW45XWVYAQNZGF4JJ9/live/System Host/1/652cd35e-9d0a-4d29-a244-dfbee9c51c1e.contentworkflow.xml]
Existing [/custom/assets/bundles/01EZQXY4QW45XWVYAQNZGF4JJ9/ROOT/bc9a1d37-dd2d-4d49-a29d-0c9be740bfaf.folder.xml, /custom/assets/bundles/01EZQXY4QW45XWVYAQNZGF4JJ9/bundle.xml, /custom/assets/bundles/01EZQXY4QW45XWVYAQNZGF4JJ9/d61a59e1-a49c-46f2-a929-db2b4bfa88b2.workflow.xml, /custom/assets/bundles/01EZQXY4QW45XWVYAQNZGF4JJ9/live/System Host/1/1-content.91b935b3-7bba-4331-9c2d-9d7a36c94a34.content.xml, /custom/assets/bundles/01EZQXY4QW45XWVYAQNZGF4JJ9/live/System Host/1/2-content.49305bcb-8731-496d-9259-14e1081a55a2.content.xml, /custom/assets/bundles/01EZQXY4QW45XWVYAQNZGF4JJ9/live/System Host/1/274cb2b4-a8c1-4b1e-98b1-0a4c09e0b75a.contentworkflow.xml, /custom/assets/bundles/01EZQXY4QW45XWVYAQNZGF4JJ9/live/System Host/1/652cd35e-9d0a-4d29-a244-dfbee9c51c1e.contentworkflow.xml, /custom/assets/bundles/01EZQXY4QW45XWVYAQNZGF4JJ9/live/System Host/1/content.ff462f88-d9e1-4d31-b084-b73cb61976d3.host.xml, /custom/assets/bundles/01EZQXY4QW45XWVYAQNZGF4JJ9/live/System Host/1/system host.host.xml, /custom/assets/bundles/01EZQXY4QW45XWVYAQNZGF4JJ9/live/System Host/1614631909436properties, /custom/assets/bundles/01EZQXY4QW45XWVYAQNZGF4JJ9/live/System Host/1614634228466properties, /custom/assets/bundles/01EZQXY4QW45XWVYAQNZGF4JJ9/live/System Host/1properties, /custom/assets/bundles/01EZQXY4QW45XWVYAQNZGF4JJ9/live/System Host/en_US.language.xml, /custom/assets/bundles/01EZQXY4QW45XWVYAQNZGF4JJ9/live/System Host/lzc1k_TESTCOUNTRYCODE1614631909436.language.xml, /custom/assets/bundles/01EZQXY4QW45XWVYAQNZGF4JJ9/live/System Host/th_TF.language.xml, /custom/assets/bundles/01EZQXY4QW45XWVYAQNZGF4JJ9/live/default/1614634228466/0-content.a4b987eb-fe15-495a-8a09-7146d5cb8f5e.content.xml, /custom/assets/bundles/01EZQXY4QW45XWVYAQNZGF4JJ9/live/default/1614634228466/d564fe35-7116-4f16-bfa9-b1b6e1963247.contentworkflow.xml, /custom/assets/bundles/01EZQXY4QW45XWVYAQNZGF4JJ9/live/default/4ef752b0-459e-4e73-a2fa-a80bb81ef83d.rule.xml, /custom/assets/bundles/01EZQXY4QW45XWVYAQNZGF4JJ9/working/System Host/1/274cb2b4-a8c1-4b1e-98b1-0a4c09e0b75a.contentworkflow.xml, /custom/assets/bundles/01EZQXY4QW45XWVYAQNZGF4JJ9/working/System Host/1/3-content.49305bcb-8731-496d-9259-14e1081a55a2.content.xml, /custom/assets/bundles/01EZQXY4QW45XWVYAQNZGF4JJ9/working/System Host/1/content.ff462f88-d9e1-4d31-b084-b73cb61976d3.host.xml, /custom/assets/bundles/01EZQXY4QW45XWVYAQNZGF4JJ9/working/System Host/f4d7c1b8-2c88-4071-abf1-a5328977b07d.contentType.json]
difference [/custom/assets/bundles/01EZQXY4QW45XWVYAQNZGF4JJ9/ROOT/bc9a1d37-dd2d-4d49-a29d-0c9be740bfaf.folder.xml, /custom/assets/bundles/01EZQXY4QW45XWVYAQNZGF4JJ9/bundle.xml, /custom/assets/bundles/01EZQXY4QW45XWVYAQNZGF4JJ9/live/System Host/1/system host.host.xml]

	at org.jgroups.util.Util.assertEquals(Util.java:185)
	at com.dotcms.publishing.PublisherAPIImplTest.publish(PublisherAPIImplTest.java:407)
	at sun.reflect.GeneratedMethodAccessor1526.invoke(Unknown Source)
	at sun.reflect.DelegatingMethodAccessorImpl.invoke(DelegatingMethodAccessorImpl.java:43)
	at java.lang.reflect.Method.invoke(Method.java:498)
	at org.junit.runners.model.FrameworkMethod$1.runReflectiveCall(FrameworkMethod.java:50)
	at org.junit.internal.runners.model.ReflectiveCallable.run(ReflectiveCallable.java:12)
	at org.junit.runners.model.FrameworkMethod.invokeExplosively(FrameworkMethod.java:47)
	at com.tngtech.java.junit.dataprovider.DataProviderFrameworkMethod.invokeExplosively(DataProviderFrameworkMethod.java:119)
	at org.junit.internal.runners.statements.InvokeMethod.evaluate(InvokeMethod.java:17)
	at org.junit.rules.TestWatcher$1.evaluate(TestWatcher.java:55)
	at org.junit.rules.RunRules.evaluate(RunRules.java:20)
	at org.junit.runners.ParentRunner.runLeaf(ParentRunner.java:325)
	at com.dotcms.junit.CustomDataProviderRunner.runChild(CustomDataProviderRunner.java:28)
	at com.dotcms.junit.CustomDataProviderRunner.runChild(CustomDataProviderRunner.java:13)
	at org.junit.runners.ParentRunner$3.run(ParentRunner.java:290)
	at org.junit.runners.ParentRunner$1.schedule(ParentRunner.java:71)
	at org.junit.runners.ParentRunner.runChildren(ParentRunner.java:288)
	at org.junit.runners.ParentRunner.access$000(ParentRunner.java:58)
	at org.junit.runners.ParentRunner$2.evaluate(ParentRunner.java:268)
	at org.junit.internal.runners.statements.RunBefores.evaluate(RunBefores.java:26)
	at org.junit.internal.runners.statements.RunAfters.evaluate(RunAfters.java:27)
	at org.junit.runners.ParentRunner.run(ParentRunner.java:363)
	at org.junit.runners.Suite.runChild(Suite.java:128)
	at org.junit.runners.Suite.runChild(Suite.java:27)
	at org.junit.runners.ParentRunner$3.run(ParentRunner.java:290)
	at org.junit.runners.ParentRunner$1.schedule(ParentRunner.java:71)
	at org.junit.runners.ParentRunner.runChildren(ParentRunner.java:288)
	at org.junit.runners.ParentRunner.access$000(ParentRunner.java:58)
	at org.junit.runners.ParentRunner$2.evaluate(ParentRunner.java:268)
	at org.junit.runners.ParentRunner.run(ParentRunner.java:363)
	at org.gradle.api.internal.tasks.testing.junit.JUnitTestClassExecutor.runTestClass(JUnitTestClassExecutor.java:106)
	at org.gradle.api.internal.tasks.testing.junit.JUnitTestClassExecutor.execute(JUnitTestClassExecutor.java:58)
	at org.gradle.api.internal.tasks.testing.junit.JUnitTestClassExecutor.execute(JUnitTestClassExecutor.java:38)
	at org.gradle.api.internal.tasks.testing.junit.AbstractJUnitTestClassProcessor.processTestClass(AbstractJUnitTestClassProcessor.java:66)
	at org.gradle.api.internal.tasks.testing.SuiteTestClassProcessor.processTestClass(SuiteTestClassProcessor.java:51)
	at sun.reflect.NativeMethodAccessorImpl.invoke0(Native Method)
	at sun.reflect.NativeMethodAccessorImpl.invoke(NativeMethodAccessorImpl.java:62)
	at sun.reflect.DelegatingMethodAccessorImpl.invoke(DelegatingMethodAccessorImpl.java:43)
	at java.lang.reflect.Method.invoke(Method.java:498)
	at org.gradle.internal.dispatch.ReflectionDispatch.dispatch(ReflectionDispatch.java:35)
	at org.gradle.internal.dispatch.ReflectionDispatch.dispatch(ReflectionDispatch.java:24)
	at org.gradle.internal.dispatch.ContextClassLoaderDispatch.dispatch(ContextClassLoaderDispatch.java:32)
	at org.gradle.internal.dispatch.ProxyDispatchAdapter$DispatchingInvocationHandler.invoke(ProxyDispatchAdapter.java:93)
	at com.sun.proxy.$Proxy2.processTestClass(Unknown Source)
	at org.gradle.api.internal.tasks.testing.worker.TestWorker.processTestClass(TestWorker.java:117)
	at sun.reflect.NativeMethodAccessorImpl.invoke0(Native Method)
	at sun.reflect.NativeMethodAccessorImpl.invoke(NativeMethodAccessorImpl.java:62)
	at sun.reflect.DelegatingMethodAccessorImpl.invoke(DelegatingMethodAccessorImpl.java:43)
	at java.lang.reflect.Method.invoke(Method.java:498)
	at org.gradle.internal.dispatch.ReflectionDispatch.dispatch(ReflectionDispatch.java:35)
	at org.gradle.internal.dispatch.ReflectionDispatch.dispatch(ReflectionDispatch.java:24)
	at org.gradle.internal.remote.internal.hub.MessageHubBackedObjectConnection$DispatchWrapper.dispatch(MessageHubBackedObjectConnection.java:155)
	at org.gradle.internal.remote.internal.hub.MessageHubBackedObjectConnection$DispatchWrapper.dispatch(MessageHubBackedObjectConnection.java:137)
	at org.gradle.internal.remote.internal.hub.MessageHub$Handler.run(MessageHub.java:404)
	at org.gradle.internal.concurrent.ExecutorPolicy$CatchAndRecordFailures.onExecute(ExecutorPolicy.java:63)
	at org.gradle.internal.concurrent.ManagedExecutorImpl$1.run(ManagedExecutorImpl.java:46)
	at java.util.concurrent.ThreadPoolExecutor.runWorker(ThreadPoolExecutor.java:1149)
	at java.util.concurrent.ThreadPoolExecutor$Worker.run(ThreadPoolExecutor.java:624)
	at org.gradle.internal.concurrent.ThreadFactoryImpl$ManagedThreadRunnable.run(ThreadFactoryImpl.java:55)
	at java.lang.Thread.run(Thread.java:748)
</pre>
</span>
</div>
<div class="test">
<a name="publish[17: com.dotcms.publishing.PublisherAPIImplTest$TestCase@3bebf446]"></a>
<h3 class="failures">publish[17: com.dotcms.publishing.PublisherAPIImplTest$TestCase@3bebf446]</h3>
<span class="code">
<pre>java.lang.AssertionError: Expected 5 but get 6 in /custom/assets/bundles/01EZQXY4V3XZ7E8G0RYQP6Z030
Expected [/custom/assets/bundles/01EZQXY4V3XZ7E8G0RYQP6Z030/live/default/4ef752b0-459e-4e73-a2fa-a80bb81ef83d.rule.xml, /custom/assets/bundles/01EZQXY4V3XZ7E8G0RYQP6Z030/live/System Host/1/content.ff462f88-d9e1-4d31-b084-b73cb61976d3.host.xml, /custom/assets/bundles/01EZQXY4V3XZ7E8G0RYQP6Z030/live/test1614631909437.dotcms.com/20435bf6-1940-45a3-8d2d-f5416bcffba7.rule.xml, /custom/assets/bundles/01EZQXY4V3XZ7E8G0RYQP6Z030/working/System Host/1/content.ff462f88-d9e1-4d31-b084-b73cb61976d3.host.xml]
Existing [/custom/assets/bundles/01EZQXY4V3XZ7E8G0RYQP6Z030/bundle.xml, /custom/assets/bundles/01EZQXY4V3XZ7E8G0RYQP6Z030/live/System Host/1/content.ff462f88-d9e1-4d31-b084-b73cb61976d3.host.xml, /custom/assets/bundles/01EZQXY4V3XZ7E8G0RYQP6Z030/live/System Host/1/system host.host.xml, /custom/assets/bundles/01EZQXY4V3XZ7E8G0RYQP6Z030/live/default/4ef752b0-459e-4e73-a2fa-a80bb81ef83d.rule.xml, /custom/assets/bundles/01EZQXY4V3XZ7E8G0RYQP6Z030/live/test1614631909437.dotcms.com/20435bf6-1940-45a3-8d2d-f5416bcffba7.rule.xml, /custom/assets/bundles/01EZQXY4V3XZ7E8G0RYQP6Z030/working/System Host/1/content.ff462f88-d9e1-4d31-b084-b73cb61976d3.host.xml]
difference [/custom/assets/bundles/01EZQXY4V3XZ7E8G0RYQP6Z030/bundle.xml, /custom/assets/bundles/01EZQXY4V3XZ7E8G0RYQP6Z030/live/System Host/1/system host.host.xml]

	at org.jgroups.util.Util.assertEquals(Util.java:185)
	at com.dotcms.publishing.PublisherAPIImplTest.publish(PublisherAPIImplTest.java:407)
	at sun.reflect.GeneratedMethodAccessor1526.invoke(Unknown Source)
	at sun.reflect.DelegatingMethodAccessorImpl.invoke(DelegatingMethodAccessorImpl.java:43)
	at java.lang.reflect.Method.invoke(Method.java:498)
	at org.junit.runners.model.FrameworkMethod$1.runReflectiveCall(FrameworkMethod.java:50)
	at org.junit.internal.runners.model.ReflectiveCallable.run(ReflectiveCallable.java:12)
	at org.junit.runners.model.FrameworkMethod.invokeExplosively(FrameworkMethod.java:47)
	at com.tngtech.java.junit.dataprovider.DataProviderFrameworkMethod.invokeExplosively(DataProviderFrameworkMethod.java:119)
	at org.junit.internal.runners.statements.InvokeMethod.evaluate(InvokeMethod.java:17)
	at org.junit.rules.TestWatcher$1.evaluate(TestWatcher.java:55)
	at org.junit.rules.RunRules.evaluate(RunRules.java:20)
	at org.junit.runners.ParentRunner.runLeaf(ParentRunner.java:325)
	at com.dotcms.junit.CustomDataProviderRunner.runChild(CustomDataProviderRunner.java:28)
	at com.dotcms.junit.CustomDataProviderRunner.runChild(CustomDataProviderRunner.java:13)
	at org.junit.runners.ParentRunner$3.run(ParentRunner.java:290)
	at org.junit.runners.ParentRunner$1.schedule(ParentRunner.java:71)
	at org.junit.runners.ParentRunner.runChildren(ParentRunner.java:288)
	at org.junit.runners.ParentRunner.access$000(ParentRunner.java:58)
	at org.junit.runners.ParentRunner$2.evaluate(ParentRunner.java:268)
	at org.junit.internal.runners.statements.RunBefores.evaluate(RunBefores.java:26)
	at org.junit.internal.runners.statements.RunAfters.evaluate(RunAfters.java:27)
	at org.junit.runners.ParentRunner.run(ParentRunner.java:363)
	at org.junit.runners.Suite.runChild(Suite.java:128)
	at org.junit.runners.Suite.runChild(Suite.java:27)
	at org.junit.runners.ParentRunner$3.run(ParentRunner.java:290)
	at org.junit.runners.ParentRunner$1.schedule(ParentRunner.java:71)
	at org.junit.runners.ParentRunner.runChildren(ParentRunner.java:288)
	at org.junit.runners.ParentRunner.access$000(ParentRunner.java:58)
	at org.junit.runners.ParentRunner$2.evaluate(ParentRunner.java:268)
	at org.junit.runners.ParentRunner.run(ParentRunner.java:363)
	at org.gradle.api.internal.tasks.testing.junit.JUnitTestClassExecutor.runTestClass(JUnitTestClassExecutor.java:106)
	at org.gradle.api.internal.tasks.testing.junit.JUnitTestClassExecutor.execute(JUnitTestClassExecutor.java:58)
	at org.gradle.api.internal.tasks.testing.junit.JUnitTestClassExecutor.execute(JUnitTestClassExecutor.java:38)
	at org.gradle.api.internal.tasks.testing.junit.AbstractJUnitTestClassProcessor.processTestClass(AbstractJUnitTestClassProcessor.java:66)
	at org.gradle.api.internal.tasks.testing.SuiteTestClassProcessor.processTestClass(SuiteTestClassProcessor.java:51)
	at sun.reflect.NativeMethodAccessorImpl.invoke0(Native Method)
	at sun.reflect.NativeMethodAccessorImpl.invoke(NativeMethodAccessorImpl.java:62)
	at sun.reflect.DelegatingMethodAccessorImpl.invoke(DelegatingMethodAccessorImpl.java:43)
	at java.lang.reflect.Method.invoke(Method.java:498)
	at org.gradle.internal.dispatch.ReflectionDispatch.dispatch(ReflectionDispatch.java:35)
	at org.gradle.internal.dispatch.ReflectionDispatch.dispatch(ReflectionDispatch.java:24)
	at org.gradle.internal.dispatch.ContextClassLoaderDispatch.dispatch(ContextClassLoaderDispatch.java:32)
	at org.gradle.internal.dispatch.ProxyDispatchAdapter$DispatchingInvocationHandler.invoke(ProxyDispatchAdapter.java:93)
	at com.sun.proxy.$Proxy2.processTestClass(Unknown Source)
	at org.gradle.api.internal.tasks.testing.worker.TestWorker.processTestClass(TestWorker.java:117)
	at sun.reflect.NativeMethodAccessorImpl.invoke0(Native Method)
	at sun.reflect.NativeMethodAccessorImpl.invoke(NativeMethodAccessorImpl.java:62)
	at sun.reflect.DelegatingMethodAccessorImpl.invoke(DelegatingMethodAccessorImpl.java:43)
	at java.lang.reflect.Method.invoke(Method.java:498)
	at org.gradle.internal.dispatch.ReflectionDispatch.dispatch(ReflectionDispatch.java:35)
	at org.gradle.internal.dispatch.ReflectionDispatch.dispatch(ReflectionDispatch.java:24)
	at org.gradle.internal.remote.internal.hub.MessageHubBackedObjectConnection$DispatchWrapper.dispatch(MessageHubBackedObjectConnection.java:155)
	at org.gradle.internal.remote.internal.hub.MessageHubBackedObjectConnection$DispatchWrapper.dispatch(MessageHubBackedObjectConnection.java:137)
	at org.gradle.internal.remote.internal.hub.MessageHub$Handler.run(MessageHub.java:404)
	at org.gradle.internal.concurrent.ExecutorPolicy$CatchAndRecordFailures.onExecute(ExecutorPolicy.java:63)
	at org.gradle.internal.concurrent.ManagedExecutorImpl$1.run(ManagedExecutorImpl.java:46)
	at java.util.concurrent.ThreadPoolExecutor.runWorker(ThreadPoolExecutor.java:1149)
	at java.util.concurrent.ThreadPoolExecutor$Worker.run(ThreadPoolExecutor.java:624)
	at org.gradle.internal.concurrent.ThreadFactoryImpl$ManagedThreadRunnable.run(ThreadFactoryImpl.java:55)
	at java.lang.Thread.run(Thread.java:748)
</pre>
</span>
</div>
<div class="test">
<a name="publish[1: com.dotcms.publishing.PublisherAPIImplTest$TestCase@e508f77]"></a>
<h3 class="failures">publish[1: com.dotcms.publishing.PublisherAPIImplTest$TestCase@e508f77]</h3>
<span class="code">
<pre>java.lang.AssertionError: Expected 23 but get 25 in /custom/assets/bundles/01EZQXY2Q0X6FMP0D85XD9X3M4
Expected [/custom/assets/bundles/01EZQXY2Q0X6FMP0D85XD9X3M4/live/default/4ef752b0-459e-4e73-a2fa-a80bb81ef83d.rule.xml, /custom/assets/bundles/01EZQXY2Q0X6FMP0D85XD9X3M4/working/test1614631904383.dotcms.com/beba95b2-5962-4486-b5c3-203a455bb038.contentType.json, /custom/assets/bundles/01EZQXY2Q0X6FMP0D85XD9X3M4/live/System Host/1614634228466properties, /custom/assets/bundles/01EZQXY2Q0X6FMP0D85XD9X3M4/live/default/1614634228466/d564fe35-7116-4f16-bfa9-b1b6e1963247.contentworkflow.xml, /custom/assets/bundles/01EZQXY2Q0X6FMP0D85XD9X3M4/working/System Host/1/content.ff462f88-d9e1-4d31-b084-b73cb61976d3.host.xml, /custom/assets/bundles/01EZQXY2Q0X6FMP0D85XD9X3M4/live/System Host/en_US.language.xml, /custom/assets/bundles/01EZQXY2Q0X6FMP0D85XD9X3M4/live/test1614631904383.dotcms.com/07862080-a8aa-47ac-b22c-18f757357671.template.template.xml, /custom/assets/bundles/01EZQXY2Q0X6FMP0D85XD9X3M4/live/System Host/1/1-content.91b935b3-7bba-4331-9c2d-9d7a36c94a34.content.xml, /custom/assets/bundles/01EZQXY2Q0X6FMP0D85XD9X3M4/working/System Host/1/3-content.49305bcb-8731-496d-9259-14e1081a55a2.content.xml, /custom/assets/bundles/01EZQXY2Q0X6FMP0D85XD9X3M4/live/System Host/th_TF.language.xml, /custom/assets/bundles/01EZQXY2Q0X6FMP0D85XD9X3M4/working/test1614631904383.dotcms.com/0ac43c59-a10b-4f51-9caf-8942dc79e4cf.containers.container.xml, /custom/assets/bundles/01EZQXY2Q0X6FMP0D85XD9X3M4/live/System Host/1/274cb2b4-a8c1-4b1e-98b1-0a4c09e0b75a.contentworkflow.xml, /custom/assets/bundles/01EZQXY2Q0X6FMP0D85XD9X3M4/d61a59e1-a49c-46f2-a929-db2b4bfa88b2.workflow.xml, /custom/assets/bundles/01EZQXY2Q0X6FMP0D85XD9X3M4/working/System Host/1/274cb2b4-a8c1-4b1e-98b1-0a4c09e0b75a.contentworkflow.xml, /custom/assets/bundles/01EZQXY2Q0X6FMP0D85XD9X3M4/live/System Host/1properties, /custom/assets/bundles/01EZQXY2Q0X6FMP0D85XD9X3M4/live/default/1614634228466/0-content.a4b987eb-fe15-495a-8a09-7146d5cb8f5e.content.xml, /custom/assets/bundles/01EZQXY2Q0X6FMP0D85XD9X3M4/live/System Host/1/652cd35e-9d0a-4d29-a244-dfbee9c51c1e.contentworkflow.xml, /custom/assets/bundles/01EZQXY2Q0X6FMP0D85XD9X3M4/live/System Host/1/2-content.49305bcb-8731-496d-9259-14e1081a55a2.content.xml, /custom/assets/bundles/01EZQXY2Q0X6FMP0D85XD9X3M4/live/System Host/1/content.ff462f88-d9e1-4d31-b084-b73cb61976d3.host.xml, /custom/assets/bundles/01EZQXY2Q0X6FMP0D85XD9X3M4/working/test1614631904383.dotcms.com/4c29368f-d23a-4494-b0d6-0a55fd8108ee.containers.container.xml, /custom/assets/bundles/01EZQXY2Q0X6FMP0D85XD9X3M4/live/System Host/1/content.aca53376-3675-4b68-81c1-c9c1e2de34da.host.xml, /custom/assets/bundles/01EZQXY2Q0X6FMP0D85XD9X3M4/working/System Host/f4d7c1b8-2c88-4071-abf1-a5328977b07d.contentType.json]
Existing [/custom/assets/bundles/01EZQXY2Q0X6FMP0D85XD9X3M4/ROOT/bc9a1d37-dd2d-4d49-a29d-0c9be740bfaf.folder.xml, /custom/assets/bundles/01EZQXY2Q0X6FMP0D85XD9X3M4/bundle.xml, /custom/assets/bundles/01EZQXY2Q0X6FMP0D85XD9X3M4/d61a59e1-a49c-46f2-a929-db2b4bfa88b2.workflow.xml, /custom/assets/bundles/01EZQXY2Q0X6FMP0D85XD9X3M4/live/System Host/1/1-content.91b935b3-7bba-4331-9c2d-9d7a36c94a34.content.xml, /custom/assets/bundles/01EZQXY2Q0X6FMP0D85XD9X3M4/live/System Host/1/2-content.49305bcb-8731-496d-9259-14e1081a55a2.content.xml, /custom/assets/bundles/01EZQXY2Q0X6FMP0D85XD9X3M4/live/System Host/1/274cb2b4-a8c1-4b1e-98b1-0a4c09e0b75a.contentworkflow.xml, /custom/assets/bundles/01EZQXY2Q0X6FMP0D85XD9X3M4/live/System Host/1/652cd35e-9d0a-4d29-a244-dfbee9c51c1e.contentworkflow.xml, /custom/assets/bundles/01EZQXY2Q0X6FMP0D85XD9X3M4/live/System Host/1/content.aca53376-3675-4b68-81c1-c9c1e2de34da.host.xml, /custom/assets/bundles/01EZQXY2Q0X6FMP0D85XD9X3M4/live/System Host/1/content.ff462f88-d9e1-4d31-b084-b73cb61976d3.host.xml, /custom/assets/bundles/01EZQXY2Q0X6FMP0D85XD9X3M4/live/System Host/1/system host.host.xml, /custom/assets/bundles/01EZQXY2Q0X6FMP0D85XD9X3M4/live/System Host/1614634228466properties, /custom/assets/bundles/01EZQXY2Q0X6FMP0D85XD9X3M4/live/System Host/1properties, /custom/assets/bundles/01EZQXY2Q0X6FMP0D85XD9X3M4/live/System Host/en_US.language.xml, /custom/assets/bundles/01EZQXY2Q0X6FMP0D85XD9X3M4/live/System Host/th_TF.language.xml, /custom/assets/bundles/01EZQXY2Q0X6FMP0D85XD9X3M4/live/default/1614634228466/0-content.a4b987eb-fe15-495a-8a09-7146d5cb8f5e.content.xml, /custom/assets/bundles/01EZQXY2Q0X6FMP0D85XD9X3M4/live/default/1614634228466/d564fe35-7116-4f16-bfa9-b1b6e1963247.contentworkflow.xml, /custom/assets/bundles/01EZQXY2Q0X6FMP0D85XD9X3M4/live/default/4ef752b0-459e-4e73-a2fa-a80bb81ef83d.rule.xml, /custom/assets/bundles/01EZQXY2Q0X6FMP0D85XD9X3M4/live/test1614631904383.dotcms.com/07862080-a8aa-47ac-b22c-18f757357671.template.template.xml, /custom/assets/bundles/01EZQXY2Q0X6FMP0D85XD9X3M4/working/System Host/1/274cb2b4-a8c1-4b1e-98b1-0a4c09e0b75a.contentworkflow.xml, /custom/assets/bundles/01EZQXY2Q0X6FMP0D85XD9X3M4/working/System Host/1/3-content.49305bcb-8731-496d-9259-14e1081a55a2.content.xml, /custom/assets/bundles/01EZQXY2Q0X6FMP0D85XD9X3M4/working/System Host/1/content.ff462f88-d9e1-4d31-b084-b73cb61976d3.host.xml, /custom/assets/bundles/01EZQXY2Q0X6FMP0D85XD9X3M4/working/System Host/f4d7c1b8-2c88-4071-abf1-a5328977b07d.contentType.json, /custom/assets/bundles/01EZQXY2Q0X6FMP0D85XD9X3M4/working/test1614631904383.dotcms.com/0ac43c59-a10b-4f51-9caf-8942dc79e4cf.containers.container.xml, /custom/assets/bundles/01EZQXY2Q0X6FMP0D85XD9X3M4/working/test1614631904383.dotcms.com/4c29368f-d23a-4494-b0d6-0a55fd8108ee.containers.container.xml, /custom/assets/bundles/01EZQXY2Q0X6FMP0D85XD9X3M4/working/test1614631904383.dotcms.com/beba95b2-5962-4486-b5c3-203a455bb038.contentType.json]
difference [/custom/assets/bundles/01EZQXY2Q0X6FMP0D85XD9X3M4/ROOT/bc9a1d37-dd2d-4d49-a29d-0c9be740bfaf.folder.xml, /custom/assets/bundles/01EZQXY2Q0X6FMP0D85XD9X3M4/bundle.xml, /custom/assets/bundles/01EZQXY2Q0X6FMP0D85XD9X3M4/live/System Host/1/system host.host.xml]

	at org.jgroups.util.Util.assertEquals(Util.java:185)
	at com.dotcms.publishing.PublisherAPIImplTest.publish(PublisherAPIImplTest.java:407)
	at sun.reflect.NativeMethodAccessorImpl.invoke0(Native Method)
	at sun.reflect.NativeMethodAccessorImpl.invoke(NativeMethodAccessorImpl.java:62)
	at sun.reflect.DelegatingMethodAccessorImpl.invoke(DelegatingMethodAccessorImpl.java:43)
	at java.lang.reflect.Method.invoke(Method.java:498)
	at org.junit.runners.model.FrameworkMethod$1.runReflectiveCall(FrameworkMethod.java:50)
	at org.junit.internal.runners.model.ReflectiveCallable.run(ReflectiveCallable.java:12)
	at org.junit.runners.model.FrameworkMethod.invokeExplosively(FrameworkMethod.java:47)
	at com.tngtech.java.junit.dataprovider.DataProviderFrameworkMethod.invokeExplosively(DataProviderFrameworkMethod.java:119)
	at org.junit.internal.runners.statements.InvokeMethod.evaluate(InvokeMethod.java:17)
	at org.junit.rules.TestWatcher$1.evaluate(TestWatcher.java:55)
	at org.junit.rules.RunRules.evaluate(RunRules.java:20)
	at org.junit.runners.ParentRunner.runLeaf(ParentRunner.java:325)
	at com.dotcms.junit.CustomDataProviderRunner.runChild(CustomDataProviderRunner.java:28)
	at com.dotcms.junit.CustomDataProviderRunner.runChild(CustomDataProviderRunner.java:13)
	at org.junit.runners.ParentRunner$3.run(ParentRunner.java:290)
	at org.junit.runners.ParentRunner$1.schedule(ParentRunner.java:71)
	at org.junit.runners.ParentRunner.runChildren(ParentRunner.java:288)
	at org.junit.runners.ParentRunner.access$000(ParentRunner.java:58)
	at org.junit.runners.ParentRunner$2.evaluate(ParentRunner.java:268)
	at org.junit.internal.runners.statements.RunBefores.evaluate(RunBefores.java:26)
	at org.junit.internal.runners.statements.RunAfters.evaluate(RunAfters.java:27)
	at org.junit.runners.ParentRunner.run(ParentRunner.java:363)
	at org.junit.runners.Suite.runChild(Suite.java:128)
	at org.junit.runners.Suite.runChild(Suite.java:27)
	at org.junit.runners.ParentRunner$3.run(ParentRunner.java:290)
	at org.junit.runners.ParentRunner$1.schedule(ParentRunner.java:71)
	at org.junit.runners.ParentRunner.runChildren(ParentRunner.java:288)
	at org.junit.runners.ParentRunner.access$000(ParentRunner.java:58)
	at org.junit.runners.ParentRunner$2.evaluate(ParentRunner.java:268)
	at org.junit.runners.ParentRunner.run(ParentRunner.java:363)
	at org.gradle.api.internal.tasks.testing.junit.JUnitTestClassExecutor.runTestClass(JUnitTestClassExecutor.java:106)
	at org.gradle.api.internal.tasks.testing.junit.JUnitTestClassExecutor.execute(JUnitTestClassExecutor.java:58)
	at org.gradle.api.internal.tasks.testing.junit.JUnitTestClassExecutor.execute(JUnitTestClassExecutor.java:38)
	at org.gradle.api.internal.tasks.testing.junit.AbstractJUnitTestClassProcessor.processTestClass(AbstractJUnitTestClassProcessor.java:66)
	at org.gradle.api.internal.tasks.testing.SuiteTestClassProcessor.processTestClass(SuiteTestClassProcessor.java:51)
	at sun.reflect.NativeMethodAccessorImpl.invoke0(Native Method)
	at sun.reflect.NativeMethodAccessorImpl.invoke(NativeMethodAccessorImpl.java:62)
	at sun.reflect.DelegatingMethodAccessorImpl.invoke(DelegatingMethodAccessorImpl.java:43)
	at java.lang.reflect.Method.invoke(Method.java:498)
	at org.gradle.internal.dispatch.ReflectionDispatch.dispatch(ReflectionDispatch.java:35)
	at org.gradle.internal.dispatch.ReflectionDispatch.dispatch(ReflectionDispatch.java:24)
	at org.gradle.internal.dispatch.ContextClassLoaderDispatch.dispatch(ContextClassLoaderDispatch.java:32)
	at org.gradle.internal.dispatch.ProxyDispatchAdapter$DispatchingInvocationHandler.invoke(ProxyDispatchAdapter.java:93)
	at com.sun.proxy.$Proxy2.processTestClass(Unknown Source)
	at org.gradle.api.internal.tasks.testing.worker.TestWorker.processTestClass(TestWorker.java:117)
	at sun.reflect.NativeMethodAccessorImpl.invoke0(Native Method)
	at sun.reflect.NativeMethodAccessorImpl.invoke(NativeMethodAccessorImpl.java:62)
	at sun.reflect.DelegatingMethodAccessorImpl.invoke(DelegatingMethodAccessorImpl.java:43)
	at java.lang.reflect.Method.invoke(Method.java:498)
	at org.gradle.internal.dispatch.ReflectionDispatch.dispatch(ReflectionDispatch.java:35)
	at org.gradle.internal.dispatch.ReflectionDispatch.dispatch(ReflectionDispatch.java:24)
	at org.gradle.internal.remote.internal.hub.MessageHubBackedObjectConnection$DispatchWrapper.dispatch(MessageHubBackedObjectConnection.java:155)
	at org.gradle.internal.remote.internal.hub.MessageHubBackedObjectConnection$DispatchWrapper.dispatch(MessageHubBackedObjectConnection.java:137)
	at org.gradle.internal.remote.internal.hub.MessageHub$Handler.run(MessageHub.java:404)
	at org.gradle.internal.concurrent.ExecutorPolicy$CatchAndRecordFailures.onExecute(ExecutorPolicy.java:63)
	at org.gradle.internal.concurrent.ManagedExecutorImpl$1.run(ManagedExecutorImpl.java:46)
	at java.util.concurrent.ThreadPoolExecutor.runWorker(ThreadPoolExecutor.java:1149)
	at java.util.concurrent.ThreadPoolExecutor$Worker.run(ThreadPoolExecutor.java:624)
	at org.gradle.internal.concurrent.ThreadFactoryImpl$ManagedThreadRunnable.run(ThreadFactoryImpl.java:55)
	at java.lang.Thread.run(Thread.java:748)
</pre>
</span>
</div>
<div class="test">
<a name="publish[2: com.dotcms.publishing.PublisherAPIImplTest$TestCase@50f170af]"></a>
<h3 class="failures">publish[2: com.dotcms.publishing.PublisherAPIImplTest$TestCase@50f170af]</h3>
<span class="code">
<pre>java.lang.AssertionError: Expected 21 but get 23 in /custom/assets/bundles/01EZQXY2W06FCJYYMHX016XE7H
Expected [/custom/assets/bundles/01EZQXY2W06FCJYYMHX016XE7H/working/test1614631905530.dotcms.com/f3aa138e-845c-462e-a9e7-24864b5efcf5.containers.container.xml, /custom/assets/bundles/01EZQXY2W06FCJYYMHX016XE7H/working/System Host/1/274cb2b4-a8c1-4b1e-98b1-0a4c09e0b75a.contentworkflow.xml, /custom/assets/bundles/01EZQXY2W06FCJYYMHX016XE7H/live/System Host/1/content.ff462f88-d9e1-4d31-b084-b73cb61976d3.host.xml, /custom/assets/bundles/01EZQXY2W06FCJYYMHX016XE7H/working/System Host/f4d7c1b8-2c88-4071-abf1-a5328977b07d.contentType.json, /custom/assets/bundles/01EZQXY2W06FCJYYMHX016XE7H/live/System Host/1/1-content.91b935b3-7bba-4331-9c2d-9d7a36c94a34.content.xml, /custom/assets/bundles/01EZQXY2W06FCJYYMHX016XE7H/live/System Host/1614634228466properties, /custom/assets/bundles/01EZQXY2W06FCJYYMHX016XE7H/live/System Host/en_US.language.xml, /custom/assets/bundles/01EZQXY2W06FCJYYMHX016XE7H/live/default/4ef752b0-459e-4e73-a2fa-a80bb81ef83d.rule.xml, /custom/assets/bundles/01EZQXY2W06FCJYYMHX016XE7H/live/System Host/1/content.18f43abd-728a-4ff6-b332-b278d2ff0f80.host.xml, /custom/assets/bundles/01EZQXY2W06FCJYYMHX016XE7H/live/System Host/1properties, /custom/assets/bundles/01EZQXY2W06FCJYYMHX016XE7H/live/System Host/1/274cb2b4-a8c1-4b1e-98b1-0a4c09e0b75a.contentworkflow.xml, /custom/assets/bundles/01EZQXY2W06FCJYYMHX016XE7H/live/default/1614634228466/0-content.a4b987eb-fe15-495a-8a09-7146d5cb8f5e.content.xml, /custom/assets/bundles/01EZQXY2W06FCJYYMHX016XE7H/d61a59e1-a49c-46f2-a929-db2b4bfa88b2.workflow.xml, /custom/assets/bundles/01EZQXY2W06FCJYYMHX016XE7H/live/default/1614634228466/d564fe35-7116-4f16-bfa9-b1b6e1963247.contentworkflow.xml, /custom/assets/bundles/01EZQXY2W06FCJYYMHX016XE7H/live/System Host/th_TF.language.xml, /custom/assets/bundles/01EZQXY2W06FCJYYMHX016XE7H/live/System Host/1/2-content.49305bcb-8731-496d-9259-14e1081a55a2.content.xml, /custom/assets/bundles/01EZQXY2W06FCJYYMHX016XE7H/working/test1614631905530.dotcms.com/02743618-43a6-43c5-82bc-e0e13c8902b8.contentType.json, /custom/assets/bundles/01EZQXY2W06FCJYYMHX016XE7H/live/System Host/1/652cd35e-9d0a-4d29-a244-dfbee9c51c1e.contentworkflow.xml, /custom/assets/bundles/01EZQXY2W06FCJYYMHX016XE7H/working/System Host/1/content.ff462f88-d9e1-4d31-b084-b73cb61976d3.host.xml, /custom/assets/bundles/01EZQXY2W06FCJYYMHX016XE7H/working/System Host/1/3-content.49305bcb-8731-496d-9259-14e1081a55a2.content.xml]
Existing [/custom/assets/bundles/01EZQXY2W06FCJYYMHX016XE7H/ROOT/bc9a1d37-dd2d-4d49-a29d-0c9be740bfaf.folder.xml, /custom/assets/bundles/01EZQXY2W06FCJYYMHX016XE7H/bundle.xml, /custom/assets/bundles/01EZQXY2W06FCJYYMHX016XE7H/d61a59e1-a49c-46f2-a929-db2b4bfa88b2.workflow.xml, /custom/assets/bundles/01EZQXY2W06FCJYYMHX016XE7H/live/System Host/1/1-content.91b935b3-7bba-4331-9c2d-9d7a36c94a34.content.xml, /custom/assets/bundles/01EZQXY2W06FCJYYMHX016XE7H/live/System Host/1/2-content.49305bcb-8731-496d-9259-14e1081a55a2.content.xml, /custom/assets/bundles/01EZQXY2W06FCJYYMHX016XE7H/live/System Host/1/274cb2b4-a8c1-4b1e-98b1-0a4c09e0b75a.contentworkflow.xml, /custom/assets/bundles/01EZQXY2W06FCJYYMHX016XE7H/live/System Host/1/652cd35e-9d0a-4d29-a244-dfbee9c51c1e.contentworkflow.xml, /custom/assets/bundles/01EZQXY2W06FCJYYMHX016XE7H/live/System Host/1/content.18f43abd-728a-4ff6-b332-b278d2ff0f80.host.xml, /custom/assets/bundles/01EZQXY2W06FCJYYMHX016XE7H/live/System Host/1/content.ff462f88-d9e1-4d31-b084-b73cb61976d3.host.xml, /custom/assets/bundles/01EZQXY2W06FCJYYMHX016XE7H/live/System Host/1/system host.host.xml, /custom/assets/bundles/01EZQXY2W06FCJYYMHX016XE7H/live/System Host/1614634228466properties, /custom/assets/bundles/01EZQXY2W06FCJYYMHX016XE7H/live/System Host/1properties, /custom/assets/bundles/01EZQXY2W06FCJYYMHX016XE7H/live/System Host/en_US.language.xml, /custom/assets/bundles/01EZQXY2W06FCJYYMHX016XE7H/live/System Host/th_TF.language.xml, /custom/assets/bundles/01EZQXY2W06FCJYYMHX016XE7H/live/default/1614634228466/0-content.a4b987eb-fe15-495a-8a09-7146d5cb8f5e.content.xml, /custom/assets/bundles/01EZQXY2W06FCJYYMHX016XE7H/live/default/1614634228466/d564fe35-7116-4f16-bfa9-b1b6e1963247.contentworkflow.xml, /custom/assets/bundles/01EZQXY2W06FCJYYMHX016XE7H/live/default/4ef752b0-459e-4e73-a2fa-a80bb81ef83d.rule.xml, /custom/assets/bundles/01EZQXY2W06FCJYYMHX016XE7H/working/System Host/1/274cb2b4-a8c1-4b1e-98b1-0a4c09e0b75a.contentworkflow.xml, /custom/assets/bundles/01EZQXY2W06FCJYYMHX016XE7H/working/System Host/1/3-content.49305bcb-8731-496d-9259-14e1081a55a2.content.xml, /custom/assets/bundles/01EZQXY2W06FCJYYMHX016XE7H/working/System Host/1/content.ff462f88-d9e1-4d31-b084-b73cb61976d3.host.xml, /custom/assets/bundles/01EZQXY2W06FCJYYMHX016XE7H/working/System Host/f4d7c1b8-2c88-4071-abf1-a5328977b07d.contentType.json, /custom/assets/bundles/01EZQXY2W06FCJYYMHX016XE7H/working/test1614631905530.dotcms.com/02743618-43a6-43c5-82bc-e0e13c8902b8.contentType.json, /custom/assets/bundles/01EZQXY2W06FCJYYMHX016XE7H/working/test1614631905530.dotcms.com/f3aa138e-845c-462e-a9e7-24864b5efcf5.containers.container.xml]
difference [/custom/assets/bundles/01EZQXY2W06FCJYYMHX016XE7H/ROOT/bc9a1d37-dd2d-4d49-a29d-0c9be740bfaf.folder.xml, /custom/assets/bundles/01EZQXY2W06FCJYYMHX016XE7H/bundle.xml, /custom/assets/bundles/01EZQXY2W06FCJYYMHX016XE7H/live/System Host/1/system host.host.xml]

	at org.jgroups.util.Util.assertEquals(Util.java:185)
	at com.dotcms.publishing.PublisherAPIImplTest.publish(PublisherAPIImplTest.java:407)
	at sun.reflect.NativeMethodAccessorImpl.invoke0(Native Method)
	at sun.reflect.NativeMethodAccessorImpl.invoke(NativeMethodAccessorImpl.java:62)
	at sun.reflect.DelegatingMethodAccessorImpl.invoke(DelegatingMethodAccessorImpl.java:43)
	at java.lang.reflect.Method.invoke(Method.java:498)
	at org.junit.runners.model.FrameworkMethod$1.runReflectiveCall(FrameworkMethod.java:50)
	at org.junit.internal.runners.model.ReflectiveCallable.run(ReflectiveCallable.java:12)
	at org.junit.runners.model.FrameworkMethod.invokeExplosively(FrameworkMethod.java:47)
	at com.tngtech.java.junit.dataprovider.DataProviderFrameworkMethod.invokeExplosively(DataProviderFrameworkMethod.java:119)
	at org.junit.internal.runners.statements.InvokeMethod.evaluate(InvokeMethod.java:17)
	at org.junit.rules.TestWatcher$1.evaluate(TestWatcher.java:55)
	at org.junit.rules.RunRules.evaluate(RunRules.java:20)
	at org.junit.runners.ParentRunner.runLeaf(ParentRunner.java:325)
	at com.dotcms.junit.CustomDataProviderRunner.runChild(CustomDataProviderRunner.java:28)
	at com.dotcms.junit.CustomDataProviderRunner.runChild(CustomDataProviderRunner.java:13)
	at org.junit.runners.ParentRunner$3.run(ParentRunner.java:290)
	at org.junit.runners.ParentRunner$1.schedule(ParentRunner.java:71)
	at org.junit.runners.ParentRunner.runChildren(ParentRunner.java:288)
	at org.junit.runners.ParentRunner.access$000(ParentRunner.java:58)
	at org.junit.runners.ParentRunner$2.evaluate(ParentRunner.java:268)
	at org.junit.internal.runners.statements.RunBefores.evaluate(RunBefores.java:26)
	at org.junit.internal.runners.statements.RunAfters.evaluate(RunAfters.java:27)
	at org.junit.runners.ParentRunner.run(ParentRunner.java:363)
	at org.junit.runners.Suite.runChild(Suite.java:128)
	at org.junit.runners.Suite.runChild(Suite.java:27)
	at org.junit.runners.ParentRunner$3.run(ParentRunner.java:290)
	at org.junit.runners.ParentRunner$1.schedule(ParentRunner.java:71)
	at org.junit.runners.ParentRunner.runChildren(ParentRunner.java:288)
	at org.junit.runners.ParentRunner.access$000(ParentRunner.java:58)
	at org.junit.runners.ParentRunner$2.evaluate(ParentRunner.java:268)
	at org.junit.runners.ParentRunner.run(ParentRunner.java:363)
	at org.gradle.api.internal.tasks.testing.junit.JUnitTestClassExecutor.runTestClass(JUnitTestClassExecutor.java:106)
	at org.gradle.api.internal.tasks.testing.junit.JUnitTestClassExecutor.execute(JUnitTestClassExecutor.java:58)
	at org.gradle.api.internal.tasks.testing.junit.JUnitTestClassExecutor.execute(JUnitTestClassExecutor.java:38)
	at org.gradle.api.internal.tasks.testing.junit.AbstractJUnitTestClassProcessor.processTestClass(AbstractJUnitTestClassProcessor.java:66)
	at org.gradle.api.internal.tasks.testing.SuiteTestClassProcessor.processTestClass(SuiteTestClassProcessor.java:51)
	at sun.reflect.NativeMethodAccessorImpl.invoke0(Native Method)
	at sun.reflect.NativeMethodAccessorImpl.invoke(NativeMethodAccessorImpl.java:62)
	at sun.reflect.DelegatingMethodAccessorImpl.invoke(DelegatingMethodAccessorImpl.java:43)
	at java.lang.reflect.Method.invoke(Method.java:498)
	at org.gradle.internal.dispatch.ReflectionDispatch.dispatch(ReflectionDispatch.java:35)
	at org.gradle.internal.dispatch.ReflectionDispatch.dispatch(ReflectionDispatch.java:24)
	at org.gradle.internal.dispatch.ContextClassLoaderDispatch.dispatch(ContextClassLoaderDispatch.java:32)
	at org.gradle.internal.dispatch.ProxyDispatchAdapter$DispatchingInvocationHandler.invoke(ProxyDispatchAdapter.java:93)
	at com.sun.proxy.$Proxy2.processTestClass(Unknown Source)
	at org.gradle.api.internal.tasks.testing.worker.TestWorker.processTestClass(TestWorker.java:117)
	at sun.reflect.NativeMethodAccessorImpl.invoke0(Native Method)
	at sun.reflect.NativeMethodAccessorImpl.invoke(NativeMethodAccessorImpl.java:62)
	at sun.reflect.DelegatingMethodAccessorImpl.invoke(DelegatingMethodAccessorImpl.java:43)
	at java.lang.reflect.Method.invoke(Method.java:498)
	at org.gradle.internal.dispatch.ReflectionDispatch.dispatch(ReflectionDispatch.java:35)
	at org.gradle.internal.dispatch.ReflectionDispatch.dispatch(ReflectionDispatch.java:24)
	at org.gradle.internal.remote.internal.hub.MessageHubBackedObjectConnection$DispatchWrapper.dispatch(MessageHubBackedObjectConnection.java:155)
	at org.gradle.internal.remote.internal.hub.MessageHubBackedObjectConnection$DispatchWrapper.dispatch(MessageHubBackedObjectConnection.java:137)
	at org.gradle.internal.remote.internal.hub.MessageHub$Handler.run(MessageHub.java:404)
	at org.gradle.internal.concurrent.ExecutorPolicy$CatchAndRecordFailures.onExecute(ExecutorPolicy.java:63)
	at org.gradle.internal.concurrent.ManagedExecutorImpl$1.run(ManagedExecutorImpl.java:46)
	at java.util.concurrent.ThreadPoolExecutor.runWorker(ThreadPoolExecutor.java:1149)
	at java.util.concurrent.ThreadPoolExecutor$Worker.run(ThreadPoolExecutor.java:624)
	at org.gradle.internal.concurrent.ThreadFactoryImpl$ManagedThreadRunnable.run(ThreadFactoryImpl.java:55)
	at java.lang.Thread.run(Thread.java:748)
</pre>
</span>
</div>
<div class="test">
<a name="publish[3: com.dotcms.publishing.PublisherAPIImplTest$TestCase@2d11aab3]"></a>
<h3 class="failures">publish[3: com.dotcms.publishing.PublisherAPIImplTest$TestCase@2d11aab3]</h3>
<span class="code">
<pre>java.lang.AssertionError: Expected 31 but get 33 in /custom/assets/bundles/01EZQXY30A688P4ABXBDE6KEA2
Expected [/custom/assets/bundles/01EZQXY30A688P4ABXBDE6KEA2/live/System Host/1/content.d9cdb4ec-4fbd-4ca5-849c-fb958537ecf6.host.xml, /custom/assets/bundles/01EZQXY30A688P4ABXBDE6KEA2/working/System Host/33888b6f-7a8e-4069-b1b6-5c1aa9d0a48d.contentType.json, /custom/assets/bundles/01EZQXY30A688P4ABXBDE6KEA2/working/System Host/f4d7c1b8-2c88-4071-abf1-a5328977b07d.contentType.json, /custom/assets/bundles/01EZQXY30A688P4ABXBDE6KEA2/ROOT/testName1614631907392/testName1614631907403/d3332782-c890-4ac9-b9c3-2a6d5ae59785.folder.xml, /custom/assets/bundles/01EZQXY30A688P4ABXBDE6KEA2/live/System Host/1/content.ff462f88-d9e1-4d31-b084-b73cb61976d3.host.xml, /custom/assets/bundles/01EZQXY30A688P4ABXBDE6KEA2/working/System Host/1/content.ff462f88-d9e1-4d31-b084-b73cb61976d3.host.xml, /custom/assets/bundles/01EZQXY30A688P4ABXBDE6KEA2/ROOT/testName1614631907392/08ad011b-3aad-4b7e-a615-5a34f6397620.folder.xml, /custom/assets/bundles/01EZQXY30A688P4ABXBDE6KEA2/live/default/1614634228466/d564fe35-7116-4f16-bfa9-b1b6e1963247.contentworkflow.xml, /custom/assets/bundles/01EZQXY30A688P4ABXBDE6KEA2/assets/b/f/bfee7be5-fc9f-473a-a9bb-28fa7bc26427/fileAsset/test.jpg, /custom/assets/bundles/01EZQXY30A688P4ABXBDE6KEA2/assets/6/9/69771de0-1bcb-4c34-8e75-73e3bf438c0a/fileAsset/test.jpg, /custom/assets/bundles/01EZQXY30A688P4ABXBDE6KEA2/ROOT/a332114f-bab8-4d14-91fd-3f28e5ea3092.folder.xml, /custom/assets/bundles/01EZQXY30A688P4ABXBDE6KEA2/live/default/1614634228466/0-content.a4b987eb-fe15-495a-8a09-7146d5cb8f5e.content.xml, /custom/assets/bundles/01EZQXY30A688P4ABXBDE6KEA2/working/System Host/1/274cb2b4-a8c1-4b1e-98b1-0a4c09e0b75a.contentworkflow.xml, /custom/assets/bundles/01EZQXY30A688P4ABXBDE6KEA2/live/System Host/1/652cd35e-9d0a-4d29-a244-dfbee9c51c1e.contentworkflow.xml, /custom/assets/bundles/01EZQXY30A688P4ABXBDE6KEA2/live/System Host/en_US.language.xml, /custom/assets/bundles/01EZQXY30A688P4ABXBDE6KEA2/d61a59e1-a49c-46f2-a929-db2b4bfa88b2.workflow.xml, /custom/assets/bundles/01EZQXY30A688P4ABXBDE6KEA2/live/default/4ef752b0-459e-4e73-a2fa-a80bb81ef83d.rule.xml, /custom/assets/bundles/01EZQXY30A688P4ABXBDE6KEA2/live/System Host/1properties, /custom/assets/bundles/01EZQXY30A688P4ABXBDE6KEA2/working/test1614631906335.dotcms.com/1/1e5dba36-cbed-4bff-8d29-df47badaef64.contentworkflow.xml, /custom/assets/bundles/01EZQXY30A688P4ABXBDE6KEA2/working/test1614631906335.dotcms.com/1/5-69771de0-1bcb-4c34-8e75-73e3bf438c0a.content.xml, /custom/assets/bundles/01EZQXY30A688P4ABXBDE6KEA2/working/System Host/1/4-content.49305bcb-8731-496d-9259-14e1081a55a2.content.xml, /custom/assets/bundles/01EZQXY30A688P4ABXBDE6KEA2/live/System Host/1/3-content.49305bcb-8731-496d-9259-14e1081a55a2.content.xml, /custom/assets/bundles/01EZQXY30A688P4ABXBDE6KEA2/working/test1614631906335.dotcms.com/1/083b360d-1e5a-41ee-a500-43e794430253.contentworkflow.xml, /custom/assets/bundles/01EZQXY30A688P4ABXBDE6KEA2/live/System Host/1/1-content.91b935b3-7bba-4331-9c2d-9d7a36c94a34.content.xml, /custom/assets/bundles/01EZQXY30A688P4ABXBDE6KEA2/working/test1614631906335.dotcms.com/1/2-bfee7be5-fc9f-473a-a9bb-28fa7bc26427.content.xml, /custom/assets/bundles/01EZQXY30A688P4ABXBDE6KEA2/live/System Host/th_TF.language.xml, /custom/assets/bundles/01EZQXY30A688P4ABXBDE6KEA2/working/test1614631906335.dotcms.com/e8b460d4-e0e7-4bd4-a9a6-56a72b611bdf.contentType.json, /custom/assets/bundles/01EZQXY30A688P4ABXBDE6KEA2/live/System Host/1/274cb2b4-a8c1-4b1e-98b1-0a4c09e0b75a.contentworkflow.xml, /custom/assets/bundles/01EZQXY30A688P4ABXBDE6KEA2/live/System Host/1614634228466properties, /custom/assets/bundles/01EZQXY30A688P4ABXBDE6KEA2/working/test1614631906335.dotcms.com/testName1614631907392/testName1614631907403/e7409f86-4236-45af-b8cd-f12413b01459.link.xml]
Existing [/custom/assets/bundles/01EZQXY30A688P4ABXBDE6KEA2/ROOT/a332114f-bab8-4d14-91fd-3f28e5ea3092.folder.xml, /custom/assets/bundles/01EZQXY30A688P4ABXBDE6KEA2/ROOT/bc9a1d37-dd2d-4d49-a29d-0c9be740bfaf.folder.xml, /custom/assets/bundles/01EZQXY30A688P4ABXBDE6KEA2/ROOT/testName1614631907392/08ad011b-3aad-4b7e-a615-5a34f6397620.folder.xml, /custom/assets/bundles/01EZQXY30A688P4ABXBDE6KEA2/ROOT/testName1614631907392/testName1614631907403/d3332782-c890-4ac9-b9c3-2a6d5ae59785.folder.xml, /custom/assets/bundles/01EZQXY30A688P4ABXBDE6KEA2/assets/6/9/69771de0-1bcb-4c34-8e75-73e3bf438c0a/fileAsset/test.jpg, /custom/assets/bundles/01EZQXY30A688P4ABXBDE6KEA2/assets/b/f/bfee7be5-fc9f-473a-a9bb-28fa7bc26427/fileAsset/test.jpg, /custom/assets/bundles/01EZQXY30A688P4ABXBDE6KEA2/bundle.xml, /custom/assets/bundles/01EZQXY30A688P4ABXBDE6KEA2/d61a59e1-a49c-46f2-a929-db2b4bfa88b2.workflow.xml, /custom/assets/bundles/01EZQXY30A688P4ABXBDE6KEA2/live/System Host/1/1-content.91b935b3-7bba-4331-9c2d-9d7a36c94a34.content.xml, /custom/assets/bundles/01EZQXY30A688P4ABXBDE6KEA2/live/System Host/1/274cb2b4-a8c1-4b1e-98b1-0a4c09e0b75a.contentworkflow.xml, /custom/assets/bundles/01EZQXY30A688P4ABXBDE6KEA2/live/System Host/1/3-content.49305bcb-8731-496d-9259-14e1081a55a2.content.xml, /custom/assets/bundles/01EZQXY30A688P4ABXBDE6KEA2/live/System Host/1/652cd35e-9d0a-4d29-a244-dfbee9c51c1e.contentworkflow.xml, /custom/assets/bundles/01EZQXY30A688P4ABXBDE6KEA2/live/System Host/1/content.d9cdb4ec-4fbd-4ca5-849c-fb958537ecf6.host.xml, /custom/assets/bundles/01EZQXY30A688P4ABXBDE6KEA2/live/System Host/1/content.ff462f88-d9e1-4d31-b084-b73cb61976d3.host.xml, /custom/assets/bundles/01EZQXY30A688P4ABXBDE6KEA2/live/System Host/1/system host.host.xml, /custom/assets/bundles/01EZQXY30A688P4ABXBDE6KEA2/live/System Host/1614634228466properties, /custom/assets/bundles/01EZQXY30A688P4ABXBDE6KEA2/live/System Host/1properties, /custom/assets/bundles/01EZQXY30A688P4ABXBDE6KEA2/live/System Host/en_US.language.xml, /custom/assets/bundles/01EZQXY30A688P4ABXBDE6KEA2/live/System Host/th_TF.language.xml, /custom/assets/bundles/01EZQXY30A688P4ABXBDE6KEA2/live/default/1614634228466/0-content.a4b987eb-fe15-495a-8a09-7146d5cb8f5e.content.xml, /custom/assets/bundles/01EZQXY30A688P4ABXBDE6KEA2/live/default/1614634228466/d564fe35-7116-4f16-bfa9-b1b6e1963247.contentworkflow.xml, /custom/assets/bundles/01EZQXY30A688P4ABXBDE6KEA2/live/default/4ef752b0-459e-4e73-a2fa-a80bb81ef83d.rule.xml, /custom/assets/bundles/01EZQXY30A688P4ABXBDE6KEA2/working/System Host/1/274cb2b4-a8c1-4b1e-98b1-0a4c09e0b75a.contentworkflow.xml, /custom/assets/bundles/01EZQXY30A688P4ABXBDE6KEA2/working/System Host/1/4-content.49305bcb-8731-496d-9259-14e1081a55a2.content.xml, /custom/assets/bundles/01EZQXY30A688P4ABXBDE6KEA2/working/System Host/1/content.ff462f88-d9e1-4d31-b084-b73cb61976d3.host.xml, /custom/assets/bundles/01EZQXY30A688P4ABXBDE6KEA2/working/System Host/33888b6f-7a8e-4069-b1b6-5c1aa9d0a48d.contentType.json, /custom/assets/bundles/01EZQXY30A688P4ABXBDE6KEA2/working/System Host/f4d7c1b8-2c88-4071-abf1-a5328977b07d.contentType.json, /custom/assets/bundles/01EZQXY30A688P4ABXBDE6KEA2/working/test1614631906335.dotcms.com/1/083b360d-1e5a-41ee-a500-43e794430253.contentworkflow.xml, /custom/assets/bundles/01EZQXY30A688P4ABXBDE6KEA2/working/test1614631906335.dotcms.com/1/1e5dba36-cbed-4bff-8d29-df47badaef64.contentworkflow.xml, /custom/assets/bundles/01EZQXY30A688P4ABXBDE6KEA2/working/test1614631906335.dotcms.com/1/2-bfee7be5-fc9f-473a-a9bb-28fa7bc26427.content.xml, /custom/assets/bundles/01EZQXY30A688P4ABXBDE6KEA2/working/test1614631906335.dotcms.com/1/5-69771de0-1bcb-4c34-8e75-73e3bf438c0a.content.xml, /custom/assets/bundles/01EZQXY30A688P4ABXBDE6KEA2/working/test1614631906335.dotcms.com/e8b460d4-e0e7-4bd4-a9a6-56a72b611bdf.contentType.json, /custom/assets/bundles/01EZQXY30A688P4ABXBDE6KEA2/working/test1614631906335.dotcms.com/testName1614631907392/testName1614631907403/e7409f86-4236-45af-b8cd-f12413b01459.link.xml]
difference [/custom/assets/bundles/01EZQXY30A688P4ABXBDE6KEA2/ROOT/bc9a1d37-dd2d-4d49-a29d-0c9be740bfaf.folder.xml, /custom/assets/bundles/01EZQXY30A688P4ABXBDE6KEA2/bundle.xml, /custom/assets/bundles/01EZQXY30A688P4ABXBDE6KEA2/live/System Host/1/system host.host.xml]

	at org.jgroups.util.Util.assertEquals(Util.java:185)
	at com.dotcms.publishing.PublisherAPIImplTest.publish(PublisherAPIImplTest.java:407)
	at sun.reflect.NativeMethodAccessorImpl.invoke0(Native Method)
	at sun.reflect.NativeMethodAccessorImpl.invoke(NativeMethodAccessorImpl.java:62)
	at sun.reflect.DelegatingMethodAccessorImpl.invoke(DelegatingMethodAccessorImpl.java:43)
	at java.lang.reflect.Method.invoke(Method.java:498)
	at org.junit.runners.model.FrameworkMethod$1.runReflectiveCall(FrameworkMethod.java:50)
	at org.junit.internal.runners.model.ReflectiveCallable.run(ReflectiveCallable.java:12)
	at org.junit.runners.model.FrameworkMethod.invokeExplosively(FrameworkMethod.java:47)
	at com.tngtech.java.junit.dataprovider.DataProviderFrameworkMethod.invokeExplosively(DataProviderFrameworkMethod.java:119)
	at org.junit.internal.runners.statements.InvokeMethod.evaluate(InvokeMethod.java:17)
	at org.junit.rules.TestWatcher$1.evaluate(TestWatcher.java:55)
	at org.junit.rules.RunRules.evaluate(RunRules.java:20)
	at org.junit.runners.ParentRunner.runLeaf(ParentRunner.java:325)
	at com.dotcms.junit.CustomDataProviderRunner.runChild(CustomDataProviderRunner.java:28)
	at com.dotcms.junit.CustomDataProviderRunner.runChild(CustomDataProviderRunner.java:13)
	at org.junit.runners.ParentRunner$3.run(ParentRunner.java:290)
	at org.junit.runners.ParentRunner$1.schedule(ParentRunner.java:71)
	at org.junit.runners.ParentRunner.runChildren(ParentRunner.java:288)
	at org.junit.runners.ParentRunner.access$000(ParentRunner.java:58)
	at org.junit.runners.ParentRunner$2.evaluate(ParentRunner.java:268)
	at org.junit.internal.runners.statements.RunBefores.evaluate(RunBefores.java:26)
	at org.junit.internal.runners.statements.RunAfters.evaluate(RunAfters.java:27)
	at org.junit.runners.ParentRunner.run(ParentRunner.java:363)
	at org.junit.runners.Suite.runChild(Suite.java:128)
	at org.junit.runners.Suite.runChild(Suite.java:27)
	at org.junit.runners.ParentRunner$3.run(ParentRunner.java:290)
	at org.junit.runners.ParentRunner$1.schedule(ParentRunner.java:71)
	at org.junit.runners.ParentRunner.runChildren(ParentRunner.java:288)
	at org.junit.runners.ParentRunner.access$000(ParentRunner.java:58)
	at org.junit.runners.ParentRunner$2.evaluate(ParentRunner.java:268)
	at org.junit.runners.ParentRunner.run(ParentRunner.java:363)
	at org.gradle.api.internal.tasks.testing.junit.JUnitTestClassExecutor.runTestClass(JUnitTestClassExecutor.java:106)
	at org.gradle.api.internal.tasks.testing.junit.JUnitTestClassExecutor.execute(JUnitTestClassExecutor.java:58)
	at org.gradle.api.internal.tasks.testing.junit.JUnitTestClassExecutor.execute(JUnitTestClassExecutor.java:38)
	at org.gradle.api.internal.tasks.testing.junit.AbstractJUnitTestClassProcessor.processTestClass(AbstractJUnitTestClassProcessor.java:66)
	at org.gradle.api.internal.tasks.testing.SuiteTestClassProcessor.processTestClass(SuiteTestClassProcessor.java:51)
	at sun.reflect.NativeMethodAccessorImpl.invoke0(Native Method)
	at sun.reflect.NativeMethodAccessorImpl.invoke(NativeMethodAccessorImpl.java:62)
	at sun.reflect.DelegatingMethodAccessorImpl.invoke(DelegatingMethodAccessorImpl.java:43)
	at java.lang.reflect.Method.invoke(Method.java:498)
	at org.gradle.internal.dispatch.ReflectionDispatch.dispatch(ReflectionDispatch.java:35)
	at org.gradle.internal.dispatch.ReflectionDispatch.dispatch(ReflectionDispatch.java:24)
	at org.gradle.internal.dispatch.ContextClassLoaderDispatch.dispatch(ContextClassLoaderDispatch.java:32)
	at org.gradle.internal.dispatch.ProxyDispatchAdapter$DispatchingInvocationHandler.invoke(ProxyDispatchAdapter.java:93)
	at com.sun.proxy.$Proxy2.processTestClass(Unknown Source)
	at org.gradle.api.internal.tasks.testing.worker.TestWorker.processTestClass(TestWorker.java:117)
	at sun.reflect.NativeMethodAccessorImpl.invoke0(Native Method)
	at sun.reflect.NativeMethodAccessorImpl.invoke(NativeMethodAccessorImpl.java:62)
	at sun.reflect.DelegatingMethodAccessorImpl.invoke(DelegatingMethodAccessorImpl.java:43)
	at java.lang.reflect.Method.invoke(Method.java:498)
	at org.gradle.internal.dispatch.ReflectionDispatch.dispatch(ReflectionDispatch.java:35)
	at org.gradle.internal.dispatch.ReflectionDispatch.dispatch(ReflectionDispatch.java:24)
	at org.gradle.internal.remote.internal.hub.MessageHubBackedObjectConnection$DispatchWrapper.dispatch(MessageHubBackedObjectConnection.java:155)
	at org.gradle.internal.remote.internal.hub.MessageHubBackedObjectConnection$DispatchWrapper.dispatch(MessageHubBackedObjectConnection.java:137)
	at org.gradle.internal.remote.internal.hub.MessageHub$Handler.run(MessageHub.java:404)
	at org.gradle.internal.concurrent.ExecutorPolicy$CatchAndRecordFailures.onExecute(ExecutorPolicy.java:63)
	at org.gradle.internal.concurrent.ManagedExecutorImpl$1.run(ManagedExecutorImpl.java:46)
	at java.util.concurrent.ThreadPoolExecutor.runWorker(ThreadPoolExecutor.java:1149)
	at java.util.concurrent.ThreadPoolExecutor$Worker.run(ThreadPoolExecutor.java:624)
	at org.gradle.internal.concurrent.ThreadFactoryImpl$ManagedThreadRunnable.run(ThreadFactoryImpl.java:55)
	at java.lang.Thread.run(Thread.java:748)
</pre>
</span>
</div>
<div class="test">
<a name="publish[4: com.dotcms.publishing.PublisherAPIImplTest$TestCase@4223fb8d]"></a>
<h3 class="failures">publish[4: com.dotcms.publishing.PublisherAPIImplTest$TestCase@4223fb8d]</h3>
<span class="code">
<pre>java.lang.AssertionError: Expected 28 but get 30 in /custom/assets/bundles/01EZQXY37Z3AQR3FPZW598GTHQ
Expected [/custom/assets/bundles/01EZQXY37Z3AQR3FPZW598GTHQ/live/test1614631907743.dotcms.com/32507627-12d8-41ca-a711-2d5cf9b21b5d.template.template.xml, /custom/assets/bundles/01EZQXY37Z3AQR3FPZW598GTHQ/live/default/1614634228466/0-content.a4b987eb-fe15-495a-8a09-7146d5cb8f5e.content.xml, /custom/assets/bundles/01EZQXY37Z3AQR3FPZW598GTHQ/working/test1614631907743.dotcms.com/2e2eaf6c-b471-40fa-b726-c1cfe1908b47.containers.container.xml, /custom/assets/bundles/01EZQXY37Z3AQR3FPZW598GTHQ/live/System Host/1/content.10c97176-e706-48cc-9fc8-f8a52b9c6f71.host.xml, /custom/assets/bundles/01EZQXY37Z3AQR3FPZW598GTHQ/live/default/1614634228466/d564fe35-7116-4f16-bfa9-b1b6e1963247.contentworkflow.xml, /custom/assets/bundles/01EZQXY37Z3AQR3FPZW598GTHQ/live/System Host/1/652cd35e-9d0a-4d29-a244-dfbee9c51c1e.contentworkflow.xml, /custom/assets/bundles/01EZQXY37Z3AQR3FPZW598GTHQ/d61a59e1-a49c-46f2-a929-db2b4bfa88b2.workflow.xml, /custom/assets/bundles/01EZQXY37Z3AQR3FPZW598GTHQ/live/System Host/1/1-content.91b935b3-7bba-4331-9c2d-9d7a36c94a34.content.xml, /custom/assets/bundles/01EZQXY37Z3AQR3FPZW598GTHQ/working/test1614631907743.dotcms.com/5a1382c4-35f6-49f3-8c3a-5e13d40b5f20.contentType.json, /custom/assets/bundles/01EZQXY37Z3AQR3FPZW598GTHQ/live/default/4ef752b0-459e-4e73-a2fa-a80bb81ef83d.rule.xml, /custom/assets/bundles/01EZQXY37Z3AQR3FPZW598GTHQ/working/test1614631907743.dotcms.com/0cdc74a6-7513-4a12-aa5b-08b85197f62d.contentType.json, /custom/assets/bundles/01EZQXY37Z3AQR3FPZW598GTHQ/ROOT/50aaa3fe-a09b-469b-a4c4-64ffa613789e.folder.xml, /custom/assets/bundles/01EZQXY37Z3AQR3FPZW598GTHQ/working/System Host/1/3-content.49305bcb-8731-496d-9259-14e1081a55a2.content.xml, /custom/assets/bundles/01EZQXY37Z3AQR3FPZW598GTHQ/live/System Host/1614634228466properties, /custom/assets/bundles/01EZQXY37Z3AQR3FPZW598GTHQ/live/System Host/1/274cb2b4-a8c1-4b1e-98b1-0a4c09e0b75a.contentworkflow.xml, /custom/assets/bundles/01EZQXY37Z3AQR3FPZW598GTHQ/working/System Host/1/274cb2b4-a8c1-4b1e-98b1-0a4c09e0b75a.contentworkflow.xml, /custom/assets/bundles/01EZQXY37Z3AQR3FPZW598GTHQ/working/System Host/33888b6f-7a8e-4069-b1b6-5c1aa9d0a48d.contentType.json, /custom/assets/bundles/01EZQXY37Z3AQR3FPZW598GTHQ/live/System Host/1properties, /custom/assets/bundles/01EZQXY37Z3AQR3FPZW598GTHQ/live/test1614631907743.dotcms.com/454d9d6c-3858-426e-a5bf-41e68c573fb9.rule.xml, /custom/assets/bundles/01EZQXY37Z3AQR3FPZW598GTHQ/live/System Host/1/content.ff462f88-d9e1-4d31-b084-b73cb61976d3.host.xml, /custom/assets/bundles/01EZQXY37Z3AQR3FPZW598GTHQ/working/System Host/1/content.ff462f88-d9e1-4d31-b084-b73cb61976d3.host.xml, /custom/assets/bundles/01EZQXY37Z3AQR3FPZW598GTHQ/live/System Host/en_US.language.xml, /custom/assets/bundles/01EZQXY37Z3AQR3FPZW598GTHQ/live/System Host/1/2-content.49305bcb-8731-496d-9259-14e1081a55a2.content.xml, /custom/assets/bundles/01EZQXY37Z3AQR3FPZW598GTHQ/live/System Host/th_TF.language.xml, /custom/assets/bundles/01EZQXY37Z3AQR3FPZW598GTHQ/working/test1614631907743.dotcms.com/1/4-content.33e54b5a-8b1a-4bb3-b1a3-9c3c8e49531e.content.xml, /custom/assets/bundles/01EZQXY37Z3AQR3FPZW598GTHQ/working/test1614631907743.dotcms.com/1/f4016210-6e99-49d2-915b-0ae9ac9807a2.contentworkflow.xml, /custom/assets/bundles/01EZQXY37Z3AQR3FPZW598GTHQ/working/System Host/f4d7c1b8-2c88-4071-abf1-a5328977b07d.contentType.json]
Existing [/custom/assets/bundles/01EZQXY37Z3AQR3FPZW598GTHQ/ROOT/50aaa3fe-a09b-469b-a4c4-64ffa613789e.folder.xml, /custom/assets/bundles/01EZQXY37Z3AQR3FPZW598GTHQ/ROOT/bc9a1d37-dd2d-4d49-a29d-0c9be740bfaf.folder.xml, /custom/assets/bundles/01EZQXY37Z3AQR3FPZW598GTHQ/bundle.xml, /custom/assets/bundles/01EZQXY37Z3AQR3FPZW598GTHQ/d61a59e1-a49c-46f2-a929-db2b4bfa88b2.workflow.xml, /custom/assets/bundles/01EZQXY37Z3AQR3FPZW598GTHQ/live/System Host/1/1-content.91b935b3-7bba-4331-9c2d-9d7a36c94a34.content.xml, /custom/assets/bundles/01EZQXY37Z3AQR3FPZW598GTHQ/live/System Host/1/2-content.49305bcb-8731-496d-9259-14e1081a55a2.content.xml, /custom/assets/bundles/01EZQXY37Z3AQR3FPZW598GTHQ/live/System Host/1/274cb2b4-a8c1-4b1e-98b1-0a4c09e0b75a.contentworkflow.xml, /custom/assets/bundles/01EZQXY37Z3AQR3FPZW598GTHQ/live/System Host/1/652cd35e-9d0a-4d29-a244-dfbee9c51c1e.contentworkflow.xml, /custom/assets/bundles/01EZQXY37Z3AQR3FPZW598GTHQ/live/System Host/1/content.10c97176-e706-48cc-9fc8-f8a52b9c6f71.host.xml, /custom/assets/bundles/01EZQXY37Z3AQR3FPZW598GTHQ/live/System Host/1/content.ff462f88-d9e1-4d31-b084-b73cb61976d3.host.xml, /custom/assets/bundles/01EZQXY37Z3AQR3FPZW598GTHQ/live/System Host/1/system host.host.xml, /custom/assets/bundles/01EZQXY37Z3AQR3FPZW598GTHQ/live/System Host/1614634228466properties, /custom/assets/bundles/01EZQXY37Z3AQR3FPZW598GTHQ/live/System Host/1properties, /custom/assets/bundles/01EZQXY37Z3AQR3FPZW598GTHQ/live/System Host/en_US.language.xml, /custom/assets/bundles/01EZQXY37Z3AQR3FPZW598GTHQ/live/System Host/th_TF.language.xml, /custom/assets/bundles/01EZQXY37Z3AQR3FPZW598GTHQ/live/default/1614634228466/0-content.a4b987eb-fe15-495a-8a09-7146d5cb8f5e.content.xml, /custom/assets/bundles/01EZQXY37Z3AQR3FPZW598GTHQ/live/default/1614634228466/d564fe35-7116-4f16-bfa9-b1b6e1963247.contentworkflow.xml, /custom/assets/bundles/01EZQXY37Z3AQR3FPZW598GTHQ/live/default/4ef752b0-459e-4e73-a2fa-a80bb81ef83d.rule.xml, /custom/assets/bundles/01EZQXY37Z3AQR3FPZW598GTHQ/live/test1614631907743.dotcms.com/32507627-12d8-41ca-a711-2d5cf9b21b5d.template.template.xml, /custom/assets/bundles/01EZQXY37Z3AQR3FPZW598GTHQ/live/test1614631907743.dotcms.com/454d9d6c-3858-426e-a5bf-41e68c573fb9.rule.xml, /custom/assets/bundles/01EZQXY37Z3AQR3FPZW598GTHQ/working/System Host/1/274cb2b4-a8c1-4b1e-98b1-0a4c09e0b75a.contentworkflow.xml, /custom/assets/bundles/01EZQXY37Z3AQR3FPZW598GTHQ/working/System Host/1/3-content.49305bcb-8731-496d-9259-14e1081a55a2.content.xml, /custom/assets/bundles/01EZQXY37Z3AQR3FPZW598GTHQ/working/System Host/1/content.ff462f88-d9e1-4d31-b084-b73cb61976d3.host.xml, /custom/assets/bundles/01EZQXY37Z3AQR3FPZW598GTHQ/working/System Host/33888b6f-7a8e-4069-b1b6-5c1aa9d0a48d.contentType.json, /custom/assets/bundles/01EZQXY37Z3AQR3FPZW598GTHQ/working/System Host/f4d7c1b8-2c88-4071-abf1-a5328977b07d.contentType.json, /custom/assets/bundles/01EZQXY37Z3AQR3FPZW598GTHQ/working/test1614631907743.dotcms.com/0cdc74a6-7513-4a12-aa5b-08b85197f62d.contentType.json, /custom/assets/bundles/01EZQXY37Z3AQR3FPZW598GTHQ/working/test1614631907743.dotcms.com/1/4-content.33e54b5a-8b1a-4bb3-b1a3-9c3c8e49531e.content.xml, /custom/assets/bundles/01EZQXY37Z3AQR3FPZW598GTHQ/working/test1614631907743.dotcms.com/1/f4016210-6e99-49d2-915b-0ae9ac9807a2.contentworkflow.xml, /custom/assets/bundles/01EZQXY37Z3AQR3FPZW598GTHQ/working/test1614631907743.dotcms.com/2e2eaf6c-b471-40fa-b726-c1cfe1908b47.containers.container.xml, /custom/assets/bundles/01EZQXY37Z3AQR3FPZW598GTHQ/working/test1614631907743.dotcms.com/5a1382c4-35f6-49f3-8c3a-5e13d40b5f20.contentType.json]
difference [/custom/assets/bundles/01EZQXY37Z3AQR3FPZW598GTHQ/ROOT/bc9a1d37-dd2d-4d49-a29d-0c9be740bfaf.folder.xml, /custom/assets/bundles/01EZQXY37Z3AQR3FPZW598GTHQ/bundle.xml, /custom/assets/bundles/01EZQXY37Z3AQR3FPZW598GTHQ/live/System Host/1/system host.host.xml]

	at org.jgroups.util.Util.assertEquals(Util.java:185)
	at com.dotcms.publishing.PublisherAPIImplTest.publish(PublisherAPIImplTest.java:407)
	at sun.reflect.NativeMethodAccessorImpl.invoke0(Native Method)
	at sun.reflect.NativeMethodAccessorImpl.invoke(NativeMethodAccessorImpl.java:62)
	at sun.reflect.DelegatingMethodAccessorImpl.invoke(DelegatingMethodAccessorImpl.java:43)
	at java.lang.reflect.Method.invoke(Method.java:498)
	at org.junit.runners.model.FrameworkMethod$1.runReflectiveCall(FrameworkMethod.java:50)
	at org.junit.internal.runners.model.ReflectiveCallable.run(ReflectiveCallable.java:12)
	at org.junit.runners.model.FrameworkMethod.invokeExplosively(FrameworkMethod.java:47)
	at com.tngtech.java.junit.dataprovider.DataProviderFrameworkMethod.invokeExplosively(DataProviderFrameworkMethod.java:119)
	at org.junit.internal.runners.statements.InvokeMethod.evaluate(InvokeMethod.java:17)
	at org.junit.rules.TestWatcher$1.evaluate(TestWatcher.java:55)
	at org.junit.rules.RunRules.evaluate(RunRules.java:20)
	at org.junit.runners.ParentRunner.runLeaf(ParentRunner.java:325)
	at com.dotcms.junit.CustomDataProviderRunner.runChild(CustomDataProviderRunner.java:28)
	at com.dotcms.junit.CustomDataProviderRunner.runChild(CustomDataProviderRunner.java:13)
	at org.junit.runners.ParentRunner$3.run(ParentRunner.java:290)
	at org.junit.runners.ParentRunner$1.schedule(ParentRunner.java:71)
	at org.junit.runners.ParentRunner.runChildren(ParentRunner.java:288)
	at org.junit.runners.ParentRunner.access$000(ParentRunner.java:58)
	at org.junit.runners.ParentRunner$2.evaluate(ParentRunner.java:268)
	at org.junit.internal.runners.statements.RunBefores.evaluate(RunBefores.java:26)
	at org.junit.internal.runners.statements.RunAfters.evaluate(RunAfters.java:27)
	at org.junit.runners.ParentRunner.run(ParentRunner.java:363)
	at org.junit.runners.Suite.runChild(Suite.java:128)
	at org.junit.runners.Suite.runChild(Suite.java:27)
	at org.junit.runners.ParentRunner$3.run(ParentRunner.java:290)
	at org.junit.runners.ParentRunner$1.schedule(ParentRunner.java:71)
	at org.junit.runners.ParentRunner.runChildren(ParentRunner.java:288)
	at org.junit.runners.ParentRunner.access$000(ParentRunner.java:58)
	at org.junit.runners.ParentRunner$2.evaluate(ParentRunner.java:268)
	at org.junit.runners.ParentRunner.run(ParentRunner.java:363)
	at org.gradle.api.internal.tasks.testing.junit.JUnitTestClassExecutor.runTestClass(JUnitTestClassExecutor.java:106)
	at org.gradle.api.internal.tasks.testing.junit.JUnitTestClassExecutor.execute(JUnitTestClassExecutor.java:58)
	at org.gradle.api.internal.tasks.testing.junit.JUnitTestClassExecutor.execute(JUnitTestClassExecutor.java:38)
	at org.gradle.api.internal.tasks.testing.junit.AbstractJUnitTestClassProcessor.processTestClass(AbstractJUnitTestClassProcessor.java:66)
	at org.gradle.api.internal.tasks.testing.SuiteTestClassProcessor.processTestClass(SuiteTestClassProcessor.java:51)
	at sun.reflect.NativeMethodAccessorImpl.invoke0(Native Method)
	at sun.reflect.NativeMethodAccessorImpl.invoke(NativeMethodAccessorImpl.java:62)
	at sun.reflect.DelegatingMethodAccessorImpl.invoke(DelegatingMethodAccessorImpl.java:43)
	at java.lang.reflect.Method.invoke(Method.java:498)
	at org.gradle.internal.dispatch.ReflectionDispatch.dispatch(ReflectionDispatch.java:35)
	at org.gradle.internal.dispatch.ReflectionDispatch.dispatch(ReflectionDispatch.java:24)
	at org.gradle.internal.dispatch.ContextClassLoaderDispatch.dispatch(ContextClassLoaderDispatch.java:32)
	at org.gradle.internal.dispatch.ProxyDispatchAdapter$DispatchingInvocationHandler.invoke(ProxyDispatchAdapter.java:93)
	at com.sun.proxy.$Proxy2.processTestClass(Unknown Source)
	at org.gradle.api.internal.tasks.testing.worker.TestWorker.processTestClass(TestWorker.java:117)
	at sun.reflect.NativeMethodAccessorImpl.invoke0(Native Method)
	at sun.reflect.NativeMethodAccessorImpl.invoke(NativeMethodAccessorImpl.java:62)
	at sun.reflect.DelegatingMethodAccessorImpl.invoke(DelegatingMethodAccessorImpl.java:43)
	at java.lang.reflect.Method.invoke(Method.java:498)
	at org.gradle.internal.dispatch.ReflectionDispatch.dispatch(ReflectionDispatch.java:35)
	at org.gradle.internal.dispatch.ReflectionDispatch.dispatch(ReflectionDispatch.java:24)
	at org.gradle.internal.remote.internal.hub.MessageHubBackedObjectConnection$DispatchWrapper.dispatch(MessageHubBackedObjectConnection.java:155)
	at org.gradle.internal.remote.internal.hub.MessageHubBackedObjectConnection$DispatchWrapper.dispatch(MessageHubBackedObjectConnection.java:137)
	at org.gradle.internal.remote.internal.hub.MessageHub$Handler.run(MessageHub.java:404)
	at org.gradle.internal.concurrent.ExecutorPolicy$CatchAndRecordFailures.onExecute(ExecutorPolicy.java:63)
	at org.gradle.internal.concurrent.ManagedExecutorImpl$1.run(ManagedExecutorImpl.java:46)
	at java.util.concurrent.ThreadPoolExecutor.runWorker(ThreadPoolExecutor.java:1149)
	at java.util.concurrent.ThreadPoolExecutor$Worker.run(ThreadPoolExecutor.java:624)
	at org.gradle.internal.concurrent.ThreadFactoryImpl$ManagedThreadRunnable.run(ThreadFactoryImpl.java:55)
	at java.lang.Thread.run(Thread.java:748)
</pre>
</span>
</div>
<div class="test">
<a name="publish[5: com.dotcms.publishing.PublisherAPIImplTest$TestCase@4802ef89]"></a>
<h3 class="failures">publish[5: com.dotcms.publishing.PublisherAPIImplTest$TestCase@4802ef89]</h3>
<span class="code">
<pre>java.lang.AssertionError: Expected 21 but get 23 in /custom/assets/bundles/01EZQXY3EFA99KWJXPSMN932TR
Expected [/custom/assets/bundles/01EZQXY3EFA99KWJXPSMN932TR/live/default/1614634228466/0-content.a4b987eb-fe15-495a-8a09-7146d5cb8f5e.content.xml, /custom/assets/bundles/01EZQXY3EFA99KWJXPSMN932TR/live/System Host/1properties, /custom/assets/bundles/01EZQXY3EFA99KWJXPSMN932TR/live/System Host/1/content.c506812c-9aa1-499c-90c6-0cfdafd74d3d.host.xml, /custom/assets/bundles/01EZQXY3EFA99KWJXPSMN932TR/live/default/4ef752b0-459e-4e73-a2fa-a80bb81ef83d.rule.xml, /custom/assets/bundles/01EZQXY3EFA99KWJXPSMN932TR/ROOT/861e6f7f-bad2-41ce-ad2e-25cf912f6f26.folder.xml, /custom/assets/bundles/01EZQXY3EFA99KWJXPSMN932TR/working/System Host/f4d7c1b8-2c88-4071-abf1-a5328977b07d.contentType.json, /custom/assets/bundles/01EZQXY3EFA99KWJXPSMN932TR/working/System Host/1/content.ff462f88-d9e1-4d31-b084-b73cb61976d3.host.xml, /custom/assets/bundles/01EZQXY3EFA99KWJXPSMN932TR/live/System Host/1/274cb2b4-a8c1-4b1e-98b1-0a4c09e0b75a.contentworkflow.xml, /custom/assets/bundles/01EZQXY3EFA99KWJXPSMN932TR/live/System Host/en_US.language.xml, /custom/assets/bundles/01EZQXY3EFA99KWJXPSMN932TR/working/System Host/1/3-content.49305bcb-8731-496d-9259-14e1081a55a2.content.xml, /custom/assets/bundles/01EZQXY3EFA99KWJXPSMN932TR/live/System Host/1/1-content.91b935b3-7bba-4331-9c2d-9d7a36c94a34.content.xml, /custom/assets/bundles/01EZQXY3EFA99KWJXPSMN932TR/d61a59e1-a49c-46f2-a929-db2b4bfa88b2.workflow.xml, /custom/assets/bundles/01EZQXY3EFA99KWJXPSMN932TR/live/System Host/1/2-content.49305bcb-8731-496d-9259-14e1081a55a2.content.xml, /custom/assets/bundles/01EZQXY3EFA99KWJXPSMN932TR/working/System Host/1/274cb2b4-a8c1-4b1e-98b1-0a4c09e0b75a.contentworkflow.xml, /custom/assets/bundles/01EZQXY3EFA99KWJXPSMN932TR/live/System Host/1/652cd35e-9d0a-4d29-a244-dfbee9c51c1e.contentworkflow.xml, /custom/assets/bundles/01EZQXY3EFA99KWJXPSMN932TR/live/System Host/th_TF.language.xml, /custom/assets/bundles/01EZQXY3EFA99KWJXPSMN932TR/live/System Host/1/content.ff462f88-d9e1-4d31-b084-b73cb61976d3.host.xml, /custom/assets/bundles/01EZQXY3EFA99KWJXPSMN932TR/live/default/1614634228466/d564fe35-7116-4f16-bfa9-b1b6e1963247.contentworkflow.xml, /custom/assets/bundles/01EZQXY3EFA99KWJXPSMN932TR/working/test1614631908608.dotcms.com/testName1614631909405/f9c7411e-893b-4c92-a834-f7f6005a8e3b.link.xml, /custom/assets/bundles/01EZQXY3EFA99KWJXPSMN932TR/live/System Host/1614634228466properties]
Existing [/custom/assets/bundles/01EZQXY3EFA99KWJXPSMN932TR/ROOT/861e6f7f-bad2-41ce-ad2e-25cf912f6f26.folder.xml, /custom/assets/bundles/01EZQXY3EFA99KWJXPSMN932TR/ROOT/bc9a1d37-dd2d-4d49-a29d-0c9be740bfaf.folder.xml, /custom/assets/bundles/01EZQXY3EFA99KWJXPSMN932TR/bundle.xml, /custom/assets/bundles/01EZQXY3EFA99KWJXPSMN932TR/d61a59e1-a49c-46f2-a929-db2b4bfa88b2.workflow.xml, /custom/assets/bundles/01EZQXY3EFA99KWJXPSMN932TR/live/System Host/1/1-content.91b935b3-7bba-4331-9c2d-9d7a36c94a34.content.xml, /custom/assets/bundles/01EZQXY3EFA99KWJXPSMN932TR/live/System Host/1/2-content.49305bcb-8731-496d-9259-14e1081a55a2.content.xml, /custom/assets/bundles/01EZQXY3EFA99KWJXPSMN932TR/live/System Host/1/274cb2b4-a8c1-4b1e-98b1-0a4c09e0b75a.contentworkflow.xml, /custom/assets/bundles/01EZQXY3EFA99KWJXPSMN932TR/live/System Host/1/652cd35e-9d0a-4d29-a244-dfbee9c51c1e.contentworkflow.xml, /custom/assets/bundles/01EZQXY3EFA99KWJXPSMN932TR/live/System Host/1/content.c506812c-9aa1-499c-90c6-0cfdafd74d3d.host.xml, /custom/assets/bundles/01EZQXY3EFA99KWJXPSMN932TR/live/System Host/1/content.ff462f88-d9e1-4d31-b084-b73cb61976d3.host.xml, /custom/assets/bundles/01EZQXY3EFA99KWJXPSMN932TR/live/System Host/1/system host.host.xml, /custom/assets/bundles/01EZQXY3EFA99KWJXPSMN932TR/live/System Host/1614634228466properties, /custom/assets/bundles/01EZQXY3EFA99KWJXPSMN932TR/live/System Host/1properties, /custom/assets/bundles/01EZQXY3EFA99KWJXPSMN932TR/live/System Host/en_US.language.xml, /custom/assets/bundles/01EZQXY3EFA99KWJXPSMN932TR/live/System Host/th_TF.language.xml, /custom/assets/bundles/01EZQXY3EFA99KWJXPSMN932TR/live/default/1614634228466/0-content.a4b987eb-fe15-495a-8a09-7146d5cb8f5e.content.xml, /custom/assets/bundles/01EZQXY3EFA99KWJXPSMN932TR/live/default/1614634228466/d564fe35-7116-4f16-bfa9-b1b6e1963247.contentworkflow.xml, /custom/assets/bundles/01EZQXY3EFA99KWJXPSMN932TR/live/default/4ef752b0-459e-4e73-a2fa-a80bb81ef83d.rule.xml, /custom/assets/bundles/01EZQXY3EFA99KWJXPSMN932TR/working/System Host/1/274cb2b4-a8c1-4b1e-98b1-0a4c09e0b75a.contentworkflow.xml, /custom/assets/bundles/01EZQXY3EFA99KWJXPSMN932TR/working/System Host/1/3-content.49305bcb-8731-496d-9259-14e1081a55a2.content.xml, /custom/assets/bundles/01EZQXY3EFA99KWJXPSMN932TR/working/System Host/1/content.ff462f88-d9e1-4d31-b084-b73cb61976d3.host.xml, /custom/assets/bundles/01EZQXY3EFA99KWJXPSMN932TR/working/System Host/f4d7c1b8-2c88-4071-abf1-a5328977b07d.contentType.json, /custom/assets/bundles/01EZQXY3EFA99KWJXPSMN932TR/working/test1614631908608.dotcms.com/testName1614631909405/f9c7411e-893b-4c92-a834-f7f6005a8e3b.link.xml]
difference [/custom/assets/bundles/01EZQXY3EFA99KWJXPSMN932TR/ROOT/bc9a1d37-dd2d-4d49-a29d-0c9be740bfaf.folder.xml, /custom/assets/bundles/01EZQXY3EFA99KWJXPSMN932TR/bundle.xml, /custom/assets/bundles/01EZQXY3EFA99KWJXPSMN932TR/live/System Host/1/system host.host.xml]

	at org.jgroups.util.Util.assertEquals(Util.java:185)
	at com.dotcms.publishing.PublisherAPIImplTest.publish(PublisherAPIImplTest.java:407)
	at sun.reflect.NativeMethodAccessorImpl.invoke0(Native Method)
	at sun.reflect.NativeMethodAccessorImpl.invoke(NativeMethodAccessorImpl.java:62)
	at sun.reflect.DelegatingMethodAccessorImpl.invoke(DelegatingMethodAccessorImpl.java:43)
	at java.lang.reflect.Method.invoke(Method.java:498)
	at org.junit.runners.model.FrameworkMethod$1.runReflectiveCall(FrameworkMethod.java:50)
	at org.junit.internal.runners.model.ReflectiveCallable.run(ReflectiveCallable.java:12)
	at org.junit.runners.model.FrameworkMethod.invokeExplosively(FrameworkMethod.java:47)
	at com.tngtech.java.junit.dataprovider.DataProviderFrameworkMethod.invokeExplosively(DataProviderFrameworkMethod.java:119)
	at org.junit.internal.runners.statements.InvokeMethod.evaluate(InvokeMethod.java:17)
	at org.junit.rules.TestWatcher$1.evaluate(TestWatcher.java:55)
	at org.junit.rules.RunRules.evaluate(RunRules.java:20)
	at org.junit.runners.ParentRunner.runLeaf(ParentRunner.java:325)
	at com.dotcms.junit.CustomDataProviderRunner.runChild(CustomDataProviderRunner.java:28)
	at com.dotcms.junit.CustomDataProviderRunner.runChild(CustomDataProviderRunner.java:13)
	at org.junit.runners.ParentRunner$3.run(ParentRunner.java:290)
	at org.junit.runners.ParentRunner$1.schedule(ParentRunner.java:71)
	at org.junit.runners.ParentRunner.runChildren(ParentRunner.java:288)
	at org.junit.runners.ParentRunner.access$000(ParentRunner.java:58)
	at org.junit.runners.ParentRunner$2.evaluate(ParentRunner.java:268)
	at org.junit.internal.runners.statements.RunBefores.evaluate(RunBefores.java:26)
	at org.junit.internal.runners.statements.RunAfters.evaluate(RunAfters.java:27)
	at org.junit.runners.ParentRunner.run(ParentRunner.java:363)
	at org.junit.runners.Suite.runChild(Suite.java:128)
	at org.junit.runners.Suite.runChild(Suite.java:27)
	at org.junit.runners.ParentRunner$3.run(ParentRunner.java:290)
	at org.junit.runners.ParentRunner$1.schedule(ParentRunner.java:71)
	at org.junit.runners.ParentRunner.runChildren(ParentRunner.java:288)
	at org.junit.runners.ParentRunner.access$000(ParentRunner.java:58)
	at org.junit.runners.ParentRunner$2.evaluate(ParentRunner.java:268)
	at org.junit.runners.ParentRunner.run(ParentRunner.java:363)
	at org.gradle.api.internal.tasks.testing.junit.JUnitTestClassExecutor.runTestClass(JUnitTestClassExecutor.java:106)
	at org.gradle.api.internal.tasks.testing.junit.JUnitTestClassExecutor.execute(JUnitTestClassExecutor.java:58)
	at org.gradle.api.internal.tasks.testing.junit.JUnitTestClassExecutor.execute(JUnitTestClassExecutor.java:38)
	at org.gradle.api.internal.tasks.testing.junit.AbstractJUnitTestClassProcessor.processTestClass(AbstractJUnitTestClassProcessor.java:66)
	at org.gradle.api.internal.tasks.testing.SuiteTestClassProcessor.processTestClass(SuiteTestClassProcessor.java:51)
	at sun.reflect.NativeMethodAccessorImpl.invoke0(Native Method)
	at sun.reflect.NativeMethodAccessorImpl.invoke(NativeMethodAccessorImpl.java:62)
	at sun.reflect.DelegatingMethodAccessorImpl.invoke(DelegatingMethodAccessorImpl.java:43)
	at java.lang.reflect.Method.invoke(Method.java:498)
	at org.gradle.internal.dispatch.ReflectionDispatch.dispatch(ReflectionDispatch.java:35)
	at org.gradle.internal.dispatch.ReflectionDispatch.dispatch(ReflectionDispatch.java:24)
	at org.gradle.internal.dispatch.ContextClassLoaderDispatch.dispatch(ContextClassLoaderDispatch.java:32)
	at org.gradle.internal.dispatch.ProxyDispatchAdapter$DispatchingInvocationHandler.invoke(ProxyDispatchAdapter.java:93)
	at com.sun.proxy.$Proxy2.processTestClass(Unknown Source)
	at org.gradle.api.internal.tasks.testing.worker.TestWorker.processTestClass(TestWorker.java:117)
	at sun.reflect.NativeMethodAccessorImpl.invoke0(Native Method)
	at sun.reflect.NativeMethodAccessorImpl.invoke(NativeMethodAccessorImpl.java:62)
	at sun.reflect.DelegatingMethodAccessorImpl.invoke(DelegatingMethodAccessorImpl.java:43)
	at java.lang.reflect.Method.invoke(Method.java:498)
	at org.gradle.internal.dispatch.ReflectionDispatch.dispatch(ReflectionDispatch.java:35)
	at org.gradle.internal.dispatch.ReflectionDispatch.dispatch(ReflectionDispatch.java:24)
	at org.gradle.internal.remote.internal.hub.MessageHubBackedObjectConnection$DispatchWrapper.dispatch(MessageHubBackedObjectConnection.java:155)
	at org.gradle.internal.remote.internal.hub.MessageHubBackedObjectConnection$DispatchWrapper.dispatch(MessageHubBackedObjectConnection.java:137)
	at org.gradle.internal.remote.internal.hub.MessageHub$Handler.run(MessageHub.java:404)
	at org.gradle.internal.concurrent.ExecutorPolicy$CatchAndRecordFailures.onExecute(ExecutorPolicy.java:63)
	at org.gradle.internal.concurrent.ManagedExecutorImpl$1.run(ManagedExecutorImpl.java:46)
	at java.util.concurrent.ThreadPoolExecutor.runWorker(ThreadPoolExecutor.java:1149)
	at java.util.concurrent.ThreadPoolExecutor$Worker.run(ThreadPoolExecutor.java:624)
	at org.gradle.internal.concurrent.ThreadFactoryImpl$ManagedThreadRunnable.run(ThreadFactoryImpl.java:55)
	at java.lang.Thread.run(Thread.java:748)
</pre>
</span>
</div>
<div class="test">
<a name="publish[6: com.dotcms.publishing.PublisherAPIImplTest$TestCase@132d9a2e]"></a>
<h3 class="failures">publish[6: com.dotcms.publishing.PublisherAPIImplTest$TestCase@132d9a2e]</h3>
<span class="code">
<pre>java.lang.AssertionError: Expected 19 but get 21 in /custom/assets/bundles/01EZQXY3JSHWYHW22ETRBDVFFC
Expected [/custom/assets/bundles/01EZQXY3JSHWYHW22ETRBDVFFC/live/System Host/1/2-content.49305bcb-8731-496d-9259-14e1081a55a2.content.xml, /custom/assets/bundles/01EZQXY3JSHWYHW22ETRBDVFFC/live/default/4ef752b0-459e-4e73-a2fa-a80bb81ef83d.rule.xml, /custom/assets/bundles/01EZQXY3JSHWYHW22ETRBDVFFC/live/System Host/1/1-content.91b935b3-7bba-4331-9c2d-9d7a36c94a34.content.xml, /custom/assets/bundles/01EZQXY3JSHWYHW22ETRBDVFFC/working/System Host/1/274cb2b4-a8c1-4b1e-98b1-0a4c09e0b75a.contentworkflow.xml, /custom/assets/bundles/01EZQXY3JSHWYHW22ETRBDVFFC/live/System Host/1614634228466properties, /custom/assets/bundles/01EZQXY3JSHWYHW22ETRBDVFFC/live/System Host/th_TF.language.xml, /custom/assets/bundles/01EZQXY3JSHWYHW22ETRBDVFFC/live/System Host/1properties, /custom/assets/bundles/01EZQXY3JSHWYHW22ETRBDVFFC/live/System Host/1/652cd35e-9d0a-4d29-a244-dfbee9c51c1e.contentworkflow.xml, /custom/assets/bundles/01EZQXY3JSHWYHW22ETRBDVFFC/working/System Host/f4d7c1b8-2c88-4071-abf1-a5328977b07d.contentType.json, /custom/assets/bundles/01EZQXY3JSHWYHW22ETRBDVFFC/d61a59e1-a49c-46f2-a929-db2b4bfa88b2.workflow.xml, /custom/assets/bundles/01EZQXY3JSHWYHW22ETRBDVFFC/live/System Host/1/content.ff462f88-d9e1-4d31-b084-b73cb61976d3.host.xml, /custom/assets/bundles/01EZQXY3JSHWYHW22ETRBDVFFC/9019170e-3428-413d-8df0-e4841aedd356.workflow.xml, /custom/assets/bundles/01EZQXY3JSHWYHW22ETRBDVFFC/working/System Host/1/3-content.49305bcb-8731-496d-9259-14e1081a55a2.content.xml, /custom/assets/bundles/01EZQXY3JSHWYHW22ETRBDVFFC/working/System Host/1/content.ff462f88-d9e1-4d31-b084-b73cb61976d3.host.xml, /custom/assets/bundles/01EZQXY3JSHWYHW22ETRBDVFFC/live/default/1614634228466/0-content.a4b987eb-fe15-495a-8a09-7146d5cb8f5e.content.xml, /custom/assets/bundles/01EZQXY3JSHWYHW22ETRBDVFFC/live/default/1614634228466/d564fe35-7116-4f16-bfa9-b1b6e1963247.contentworkflow.xml, /custom/assets/bundles/01EZQXY3JSHWYHW22ETRBDVFFC/live/System Host/en_US.language.xml, /custom/assets/bundles/01EZQXY3JSHWYHW22ETRBDVFFC/live/System Host/1/274cb2b4-a8c1-4b1e-98b1-0a4c09e0b75a.contentworkflow.xml]
Existing [/custom/assets/bundles/01EZQXY3JSHWYHW22ETRBDVFFC/9019170e-3428-413d-8df0-e4841aedd356.workflow.xml, /custom/assets/bundles/01EZQXY3JSHWYHW22ETRBDVFFC/ROOT/bc9a1d37-dd2d-4d49-a29d-0c9be740bfaf.folder.xml, /custom/assets/bundles/01EZQXY3JSHWYHW22ETRBDVFFC/bundle.xml, /custom/assets/bundles/01EZQXY3JSHWYHW22ETRBDVFFC/d61a59e1-a49c-46f2-a929-db2b4bfa88b2.workflow.xml, /custom/assets/bundles/01EZQXY3JSHWYHW22ETRBDVFFC/live/System Host/1/1-content.91b935b3-7bba-4331-9c2d-9d7a36c94a34.content.xml, /custom/assets/bundles/01EZQXY3JSHWYHW22ETRBDVFFC/live/System Host/1/2-content.49305bcb-8731-496d-9259-14e1081a55a2.content.xml, /custom/assets/bundles/01EZQXY3JSHWYHW22ETRBDVFFC/live/System Host/1/274cb2b4-a8c1-4b1e-98b1-0a4c09e0b75a.contentworkflow.xml, /custom/assets/bundles/01EZQXY3JSHWYHW22ETRBDVFFC/live/System Host/1/652cd35e-9d0a-4d29-a244-dfbee9c51c1e.contentworkflow.xml, /custom/assets/bundles/01EZQXY3JSHWYHW22ETRBDVFFC/live/System Host/1/content.ff462f88-d9e1-4d31-b084-b73cb61976d3.host.xml, /custom/assets/bundles/01EZQXY3JSHWYHW22ETRBDVFFC/live/System Host/1/system host.host.xml, /custom/assets/bundles/01EZQXY3JSHWYHW22ETRBDVFFC/live/System Host/1614634228466properties, /custom/assets/bundles/01EZQXY3JSHWYHW22ETRBDVFFC/live/System Host/1properties, /custom/assets/bundles/01EZQXY3JSHWYHW22ETRBDVFFC/live/System Host/en_US.language.xml, /custom/assets/bundles/01EZQXY3JSHWYHW22ETRBDVFFC/live/System Host/th_TF.language.xml, /custom/assets/bundles/01EZQXY3JSHWYHW22ETRBDVFFC/live/default/1614634228466/0-content.a4b987eb-fe15-495a-8a09-7146d5cb8f5e.content.xml, /custom/assets/bundles/01EZQXY3JSHWYHW22ETRBDVFFC/live/default/1614634228466/d564fe35-7116-4f16-bfa9-b1b6e1963247.contentworkflow.xml, /custom/assets/bundles/01EZQXY3JSHWYHW22ETRBDVFFC/live/default/4ef752b0-459e-4e73-a2fa-a80bb81ef83d.rule.xml, /custom/assets/bundles/01EZQXY3JSHWYHW22ETRBDVFFC/working/System Host/1/274cb2b4-a8c1-4b1e-98b1-0a4c09e0b75a.contentworkflow.xml, /custom/assets/bundles/01EZQXY3JSHWYHW22ETRBDVFFC/working/System Host/1/3-content.49305bcb-8731-496d-9259-14e1081a55a2.content.xml, /custom/assets/bundles/01EZQXY3JSHWYHW22ETRBDVFFC/working/System Host/1/content.ff462f88-d9e1-4d31-b084-b73cb61976d3.host.xml, /custom/assets/bundles/01EZQXY3JSHWYHW22ETRBDVFFC/working/System Host/f4d7c1b8-2c88-4071-abf1-a5328977b07d.contentType.json]
difference [/custom/assets/bundles/01EZQXY3JSHWYHW22ETRBDVFFC/ROOT/bc9a1d37-dd2d-4d49-a29d-0c9be740bfaf.folder.xml, /custom/assets/bundles/01EZQXY3JSHWYHW22ETRBDVFFC/bundle.xml, /custom/assets/bundles/01EZQXY3JSHWYHW22ETRBDVFFC/live/System Host/1/system host.host.xml]

	at org.jgroups.util.Util.assertEquals(Util.java:185)
	at com.dotcms.publishing.PublisherAPIImplTest.publish(PublisherAPIImplTest.java:407)
	at sun.reflect.NativeMethodAccessorImpl.invoke0(Native Method)
	at sun.reflect.NativeMethodAccessorImpl.invoke(NativeMethodAccessorImpl.java:62)
	at sun.reflect.DelegatingMethodAccessorImpl.invoke(DelegatingMethodAccessorImpl.java:43)
	at java.lang.reflect.Method.invoke(Method.java:498)
	at org.junit.runners.model.FrameworkMethod$1.runReflectiveCall(FrameworkMethod.java:50)
	at org.junit.internal.runners.model.ReflectiveCallable.run(ReflectiveCallable.java:12)
	at org.junit.runners.model.FrameworkMethod.invokeExplosively(FrameworkMethod.java:47)
	at com.tngtech.java.junit.dataprovider.DataProviderFrameworkMethod.invokeExplosively(DataProviderFrameworkMethod.java:119)
	at org.junit.internal.runners.statements.InvokeMethod.evaluate(InvokeMethod.java:17)
	at org.junit.rules.TestWatcher$1.evaluate(TestWatcher.java:55)
	at org.junit.rules.RunRules.evaluate(RunRules.java:20)
	at org.junit.runners.ParentRunner.runLeaf(ParentRunner.java:325)
	at com.dotcms.junit.CustomDataProviderRunner.runChild(CustomDataProviderRunner.java:28)
	at com.dotcms.junit.CustomDataProviderRunner.runChild(CustomDataProviderRunner.java:13)
	at org.junit.runners.ParentRunner$3.run(ParentRunner.java:290)
	at org.junit.runners.ParentRunner$1.schedule(ParentRunner.java:71)
	at org.junit.runners.ParentRunner.runChildren(ParentRunner.java:288)
	at org.junit.runners.ParentRunner.access$000(ParentRunner.java:58)
	at org.junit.runners.ParentRunner$2.evaluate(ParentRunner.java:268)
	at org.junit.internal.runners.statements.RunBefores.evaluate(RunBefores.java:26)
	at org.junit.internal.runners.statements.RunAfters.evaluate(RunAfters.java:27)
	at org.junit.runners.ParentRunner.run(ParentRunner.java:363)
	at org.junit.runners.Suite.runChild(Suite.java:128)
	at org.junit.runners.Suite.runChild(Suite.java:27)
	at org.junit.runners.ParentRunner$3.run(ParentRunner.java:290)
	at org.junit.runners.ParentRunner$1.schedule(ParentRunner.java:71)
	at org.junit.runners.ParentRunner.runChildren(ParentRunner.java:288)
	at org.junit.runners.ParentRunner.access$000(ParentRunner.java:58)
	at org.junit.runners.ParentRunner$2.evaluate(ParentRunner.java:268)
	at org.junit.runners.ParentRunner.run(ParentRunner.java:363)
	at org.gradle.api.internal.tasks.testing.junit.JUnitTestClassExecutor.runTestClass(JUnitTestClassExecutor.java:106)
	at org.gradle.api.internal.tasks.testing.junit.JUnitTestClassExecutor.execute(JUnitTestClassExecutor.java:58)
	at org.gradle.api.internal.tasks.testing.junit.JUnitTestClassExecutor.execute(JUnitTestClassExecutor.java:38)
	at org.gradle.api.internal.tasks.testing.junit.AbstractJUnitTestClassProcessor.processTestClass(AbstractJUnitTestClassProcessor.java:66)
	at org.gradle.api.internal.tasks.testing.SuiteTestClassProcessor.processTestClass(SuiteTestClassProcessor.java:51)
	at sun.reflect.NativeMethodAccessorImpl.invoke0(Native Method)
	at sun.reflect.NativeMethodAccessorImpl.invoke(NativeMethodAccessorImpl.java:62)
	at sun.reflect.DelegatingMethodAccessorImpl.invoke(DelegatingMethodAccessorImpl.java:43)
	at java.lang.reflect.Method.invoke(Method.java:498)
	at org.gradle.internal.dispatch.ReflectionDispatch.dispatch(ReflectionDispatch.java:35)
	at org.gradle.internal.dispatch.ReflectionDispatch.dispatch(ReflectionDispatch.java:24)
	at org.gradle.internal.dispatch.ContextClassLoaderDispatch.dispatch(ContextClassLoaderDispatch.java:32)
	at org.gradle.internal.dispatch.ProxyDispatchAdapter$DispatchingInvocationHandler.invoke(ProxyDispatchAdapter.java:93)
	at com.sun.proxy.$Proxy2.processTestClass(Unknown Source)
	at org.gradle.api.internal.tasks.testing.worker.TestWorker.processTestClass(TestWorker.java:117)
	at sun.reflect.NativeMethodAccessorImpl.invoke0(Native Method)
	at sun.reflect.NativeMethodAccessorImpl.invoke(NativeMethodAccessorImpl.java:62)
	at sun.reflect.DelegatingMethodAccessorImpl.invoke(DelegatingMethodAccessorImpl.java:43)
	at java.lang.reflect.Method.invoke(Method.java:498)
	at org.gradle.internal.dispatch.ReflectionDispatch.dispatch(ReflectionDispatch.java:35)
	at org.gradle.internal.dispatch.ReflectionDispatch.dispatch(ReflectionDispatch.java:24)
	at org.gradle.internal.remote.internal.hub.MessageHubBackedObjectConnection$DispatchWrapper.dispatch(MessageHubBackedObjectConnection.java:155)
	at org.gradle.internal.remote.internal.hub.MessageHubBackedObjectConnection$DispatchWrapper.dispatch(MessageHubBackedObjectConnection.java:137)
	at org.gradle.internal.remote.internal.hub.MessageHub$Handler.run(MessageHub.java:404)
	at org.gradle.internal.concurrent.ExecutorPolicy$CatchAndRecordFailures.onExecute(ExecutorPolicy.java:63)
	at org.gradle.internal.concurrent.ManagedExecutorImpl$1.run(ManagedExecutorImpl.java:46)
	at java.util.concurrent.ThreadPoolExecutor.runWorker(ThreadPoolExecutor.java:1149)
	at java.util.concurrent.ThreadPoolExecutor$Worker.run(ThreadPoolExecutor.java:624)
	at org.gradle.internal.concurrent.ThreadFactoryImpl$ManagedThreadRunnable.run(ThreadFactoryImpl.java:55)
	at java.lang.Thread.run(Thread.java:748)
</pre>
</span>
</div>
<div class="test">
<a name="publish[7: com.dotcms.publishing.PublisherAPIImplTest$TestCase@3349eeca]"></a>
<h3 class="failures">publish[7: com.dotcms.publishing.PublisherAPIImplTest$TestCase@3349eeca]</h3>
<span class="code">
<pre>java.lang.AssertionError: Expected 20 but get 22 in /custom/assets/bundles/01EZQXY3NT3X8JM83HYG3QMM2M
Expected [/custom/assets/bundles/01EZQXY3NT3X8JM83HYG3QMM2M/working/System Host/1/274cb2b4-a8c1-4b1e-98b1-0a4c09e0b75a.contentworkflow.xml, /custom/assets/bundles/01EZQXY3NT3X8JM83HYG3QMM2M/live/System Host/lzc1k_TESTCOUNTRYCODE1614631909436.language.xml, /custom/assets/bundles/01EZQXY3NT3X8JM83HYG3QMM2M/live/System Host/1/1-content.91b935b3-7bba-4331-9c2d-9d7a36c94a34.content.xml, /custom/assets/bundles/01EZQXY3NT3X8JM83HYG3QMM2M/live/default/4ef752b0-459e-4e73-a2fa-a80bb81ef83d.rule.xml, /custom/assets/bundles/01EZQXY3NT3X8JM83HYG3QMM2M/live/System Host/1/content.ff462f88-d9e1-4d31-b084-b73cb61976d3.host.xml, /custom/assets/bundles/01EZQXY3NT3X8JM83HYG3QMM2M/live/System Host/1properties, /custom/assets/bundles/01EZQXY3NT3X8JM83HYG3QMM2M/live/System Host/th_TF.language.xml, /custom/assets/bundles/01EZQXY3NT3X8JM83HYG3QMM2M/live/System Host/1614634228466properties, /custom/assets/bundles/01EZQXY3NT3X8JM83HYG3QMM2M/working/System Host/1/3-content.49305bcb-8731-496d-9259-14e1081a55a2.content.xml, /custom/assets/bundles/01EZQXY3NT3X8JM83HYG3QMM2M/d61a59e1-a49c-46f2-a929-db2b4bfa88b2.workflow.xml, /custom/assets/bundles/01EZQXY3NT3X8JM83HYG3QMM2M/live/System Host/en_US.language.xml, /custom/assets/bundles/01EZQXY3NT3X8JM83HYG3QMM2M/working/System Host/f4d7c1b8-2c88-4071-abf1-a5328977b07d.contentType.json, /custom/assets/bundles/01EZQXY3NT3X8JM83HYG3QMM2M/live/System Host/1614631909436properties, /custom/assets/bundles/01EZQXY3NT3X8JM83HYG3QMM2M/working/System Host/1/content.ff462f88-d9e1-4d31-b084-b73cb61976d3.host.xml, /custom/assets/bundles/01EZQXY3NT3X8JM83HYG3QMM2M/live/System Host/1/274cb2b4-a8c1-4b1e-98b1-0a4c09e0b75a.contentworkflow.xml, /custom/assets/bundles/01EZQXY3NT3X8JM83HYG3QMM2M/live/default/1614634228466/d564fe35-7116-4f16-bfa9-b1b6e1963247.contentworkflow.xml, /custom/assets/bundles/01EZQXY3NT3X8JM83HYG3QMM2M/live/default/1614634228466/0-content.a4b987eb-fe15-495a-8a09-7146d5cb8f5e.content.xml, /custom/assets/bundles/01EZQXY3NT3X8JM83HYG3QMM2M/live/System Host/1/652cd35e-9d0a-4d29-a244-dfbee9c51c1e.contentworkflow.xml, /custom/assets/bundles/01EZQXY3NT3X8JM83HYG3QMM2M/live/System Host/1/2-content.49305bcb-8731-496d-9259-14e1081a55a2.content.xml]
Existing [/custom/assets/bundles/01EZQXY3NT3X8JM83HYG3QMM2M/ROOT/bc9a1d37-dd2d-4d49-a29d-0c9be740bfaf.folder.xml, /custom/assets/bundles/01EZQXY3NT3X8JM83HYG3QMM2M/bundle.xml, /custom/assets/bundles/01EZQXY3NT3X8JM83HYG3QMM2M/d61a59e1-a49c-46f2-a929-db2b4bfa88b2.workflow.xml, /custom/assets/bundles/01EZQXY3NT3X8JM83HYG3QMM2M/live/System Host/1/1-content.91b935b3-7bba-4331-9c2d-9d7a36c94a34.content.xml, /custom/assets/bundles/01EZQXY3NT3X8JM83HYG3QMM2M/live/System Host/1/2-content.49305bcb-8731-496d-9259-14e1081a55a2.content.xml, /custom/assets/bundles/01EZQXY3NT3X8JM83HYG3QMM2M/live/System Host/1/274cb2b4-a8c1-4b1e-98b1-0a4c09e0b75a.contentworkflow.xml, /custom/assets/bundles/01EZQXY3NT3X8JM83HYG3QMM2M/live/System Host/1/652cd35e-9d0a-4d29-a244-dfbee9c51c1e.contentworkflow.xml, /custom/assets/bundles/01EZQXY3NT3X8JM83HYG3QMM2M/live/System Host/1/content.ff462f88-d9e1-4d31-b084-b73cb61976d3.host.xml, /custom/assets/bundles/01EZQXY3NT3X8JM83HYG3QMM2M/live/System Host/1/system host.host.xml, /custom/assets/bundles/01EZQXY3NT3X8JM83HYG3QMM2M/live/System Host/1614631909436properties, /custom/assets/bundles/01EZQXY3NT3X8JM83HYG3QMM2M/live/System Host/1614634228466properties, /custom/assets/bundles/01EZQXY3NT3X8JM83HYG3QMM2M/live/System Host/1properties, /custom/assets/bundles/01EZQXY3NT3X8JM83HYG3QMM2M/live/System Host/en_US.language.xml, /custom/assets/bundles/01EZQXY3NT3X8JM83HYG3QMM2M/live/System Host/lzc1k_TESTCOUNTRYCODE1614631909436.language.xml, /custom/assets/bundles/01EZQXY3NT3X8JM83HYG3QMM2M/live/System Host/th_TF.language.xml, /custom/assets/bundles/01EZQXY3NT3X8JM83HYG3QMM2M/live/default/1614634228466/0-content.a4b987eb-fe15-495a-8a09-7146d5cb8f5e.content.xml, /custom/assets/bundles/01EZQXY3NT3X8JM83HYG3QMM2M/live/default/1614634228466/d564fe35-7116-4f16-bfa9-b1b6e1963247.contentworkflow.xml, /custom/assets/bundles/01EZQXY3NT3X8JM83HYG3QMM2M/live/default/4ef752b0-459e-4e73-a2fa-a80bb81ef83d.rule.xml, /custom/assets/bundles/01EZQXY3NT3X8JM83HYG3QMM2M/working/System Host/1/274cb2b4-a8c1-4b1e-98b1-0a4c09e0b75a.contentworkflow.xml, /custom/assets/bundles/01EZQXY3NT3X8JM83HYG3QMM2M/working/System Host/1/3-content.49305bcb-8731-496d-9259-14e1081a55a2.content.xml, /custom/assets/bundles/01EZQXY3NT3X8JM83HYG3QMM2M/working/System Host/1/content.ff462f88-d9e1-4d31-b084-b73cb61976d3.host.xml, /custom/assets/bundles/01EZQXY3NT3X8JM83HYG3QMM2M/working/System Host/f4d7c1b8-2c88-4071-abf1-a5328977b07d.contentType.json]
difference [/custom/assets/bundles/01EZQXY3NT3X8JM83HYG3QMM2M/ROOT/bc9a1d37-dd2d-4d49-a29d-0c9be740bfaf.folder.xml, /custom/assets/bundles/01EZQXY3NT3X8JM83HYG3QMM2M/bundle.xml, /custom/assets/bundles/01EZQXY3NT3X8JM83HYG3QMM2M/live/System Host/1/system host.host.xml]

	at org.jgroups.util.Util.assertEquals(Util.java:185)
	at com.dotcms.publishing.PublisherAPIImplTest.publish(PublisherAPIImplTest.java:407)
	at sun.reflect.NativeMethodAccessorImpl.invoke0(Native Method)
	at sun.reflect.NativeMethodAccessorImpl.invoke(NativeMethodAccessorImpl.java:62)
	at sun.reflect.DelegatingMethodAccessorImpl.invoke(DelegatingMethodAccessorImpl.java:43)
	at java.lang.reflect.Method.invoke(Method.java:498)
	at org.junit.runners.model.FrameworkMethod$1.runReflectiveCall(FrameworkMethod.java:50)
	at org.junit.internal.runners.model.ReflectiveCallable.run(ReflectiveCallable.java:12)
	at org.junit.runners.model.FrameworkMethod.invokeExplosively(FrameworkMethod.java:47)
	at com.tngtech.java.junit.dataprovider.DataProviderFrameworkMethod.invokeExplosively(DataProviderFrameworkMethod.java:119)
	at org.junit.internal.runners.statements.InvokeMethod.evaluate(InvokeMethod.java:17)
	at org.junit.rules.TestWatcher$1.evaluate(TestWatcher.java:55)
	at org.junit.rules.RunRules.evaluate(RunRules.java:20)
	at org.junit.runners.ParentRunner.runLeaf(ParentRunner.java:325)
	at com.dotcms.junit.CustomDataProviderRunner.runChild(CustomDataProviderRunner.java:28)
	at com.dotcms.junit.CustomDataProviderRunner.runChild(CustomDataProviderRunner.java:13)
	at org.junit.runners.ParentRunner$3.run(ParentRunner.java:290)
	at org.junit.runners.ParentRunner$1.schedule(ParentRunner.java:71)
	at org.junit.runners.ParentRunner.runChildren(ParentRunner.java:288)
	at org.junit.runners.ParentRunner.access$000(ParentRunner.java:58)
	at org.junit.runners.ParentRunner$2.evaluate(ParentRunner.java:268)
	at org.junit.internal.runners.statements.RunBefores.evaluate(RunBefores.java:26)
	at org.junit.internal.runners.statements.RunAfters.evaluate(RunAfters.java:27)
	at org.junit.runners.ParentRunner.run(ParentRunner.java:363)
	at org.junit.runners.Suite.runChild(Suite.java:128)
	at org.junit.runners.Suite.runChild(Suite.java:27)
	at org.junit.runners.ParentRunner$3.run(ParentRunner.java:290)
	at org.junit.runners.ParentRunner$1.schedule(ParentRunner.java:71)
	at org.junit.runners.ParentRunner.runChildren(ParentRunner.java:288)
	at org.junit.runners.ParentRunner.access$000(ParentRunner.java:58)
	at org.junit.runners.ParentRunner$2.evaluate(ParentRunner.java:268)
	at org.junit.runners.ParentRunner.run(ParentRunner.java:363)
	at org.gradle.api.internal.tasks.testing.junit.JUnitTestClassExecutor.runTestClass(JUnitTestClassExecutor.java:106)
	at org.gradle.api.internal.tasks.testing.junit.JUnitTestClassExecutor.execute(JUnitTestClassExecutor.java:58)
	at org.gradle.api.internal.tasks.testing.junit.JUnitTestClassExecutor.execute(JUnitTestClassExecutor.java:38)
	at org.gradle.api.internal.tasks.testing.junit.AbstractJUnitTestClassProcessor.processTestClass(AbstractJUnitTestClassProcessor.java:66)
	at org.gradle.api.internal.tasks.testing.SuiteTestClassProcessor.processTestClass(SuiteTestClassProcessor.java:51)
	at sun.reflect.NativeMethodAccessorImpl.invoke0(Native Method)
	at sun.reflect.NativeMethodAccessorImpl.invoke(NativeMethodAccessorImpl.java:62)
	at sun.reflect.DelegatingMethodAccessorImpl.invoke(DelegatingMethodAccessorImpl.java:43)
	at java.lang.reflect.Method.invoke(Method.java:498)
	at org.gradle.internal.dispatch.ReflectionDispatch.dispatch(ReflectionDispatch.java:35)
	at org.gradle.internal.dispatch.ReflectionDispatch.dispatch(ReflectionDispatch.java:24)
	at org.gradle.internal.dispatch.ContextClassLoaderDispatch.dispatch(ContextClassLoaderDispatch.java:32)
	at org.gradle.internal.dispatch.ProxyDispatchAdapter$DispatchingInvocationHandler.invoke(ProxyDispatchAdapter.java:93)
	at com.sun.proxy.$Proxy2.processTestClass(Unknown Source)
	at org.gradle.api.internal.tasks.testing.worker.TestWorker.processTestClass(TestWorker.java:117)
	at sun.reflect.NativeMethodAccessorImpl.invoke0(Native Method)
	at sun.reflect.NativeMethodAccessorImpl.invoke(NativeMethodAccessorImpl.java:62)
	at sun.reflect.DelegatingMethodAccessorImpl.invoke(DelegatingMethodAccessorImpl.java:43)
	at java.lang.reflect.Method.invoke(Method.java:498)
	at org.gradle.internal.dispatch.ReflectionDispatch.dispatch(ReflectionDispatch.java:35)
	at org.gradle.internal.dispatch.ReflectionDispatch.dispatch(ReflectionDispatch.java:24)
	at org.gradle.internal.remote.internal.hub.MessageHubBackedObjectConnection$DispatchWrapper.dispatch(MessageHubBackedObjectConnection.java:155)
	at org.gradle.internal.remote.internal.hub.MessageHubBackedObjectConnection$DispatchWrapper.dispatch(MessageHubBackedObjectConnection.java:137)
	at org.gradle.internal.remote.internal.hub.MessageHub$Handler.run(MessageHub.java:404)
	at org.gradle.internal.concurrent.ExecutorPolicy$CatchAndRecordFailures.onExecute(ExecutorPolicy.java:63)
	at org.gradle.internal.concurrent.ManagedExecutorImpl$1.run(ManagedExecutorImpl.java:46)
	at java.util.concurrent.ThreadPoolExecutor.runWorker(ThreadPoolExecutor.java:1149)
	at java.util.concurrent.ThreadPoolExecutor$Worker.run(ThreadPoolExecutor.java:624)
	at org.gradle.internal.concurrent.ThreadFactoryImpl$ManagedThreadRunnable.run(ThreadFactoryImpl.java:55)
	at java.lang.Thread.run(Thread.java:748)
</pre>
</span>
</div>
<div class="test">
<a name="publish[8: com.dotcms.publishing.PublisherAPIImplTest$TestCase@6eeb84bd]"></a>
<h3 class="failures">publish[8: com.dotcms.publishing.PublisherAPIImplTest$TestCase@6eeb84bd]</h3>
<span class="code">
<pre>java.lang.AssertionError: Expected 5 but get 6 in /custom/assets/bundles/01EZQXY3RV55YPWMT4H3ME15X8
Expected [/custom/assets/bundles/01EZQXY3RV55YPWMT4H3ME15X8/working/System Host/1/content.ff462f88-d9e1-4d31-b084-b73cb61976d3.host.xml, /custom/assets/bundles/01EZQXY3RV55YPWMT4H3ME15X8/live/System Host/1/content.ff462f88-d9e1-4d31-b084-b73cb61976d3.host.xml, /custom/assets/bundles/01EZQXY3RV55YPWMT4H3ME15X8/live/default/4ef752b0-459e-4e73-a2fa-a80bb81ef83d.rule.xml, /custom/assets/bundles/01EZQXY3RV55YPWMT4H3ME15X8/live/test1614631909437.dotcms.com/20435bf6-1940-45a3-8d2d-f5416bcffba7.rule.xml]
Existing [/custom/assets/bundles/01EZQXY3RV55YPWMT4H3ME15X8/bundle.xml, /custom/assets/bundles/01EZQXY3RV55YPWMT4H3ME15X8/live/System Host/1/content.ff462f88-d9e1-4d31-b084-b73cb61976d3.host.xml, /custom/assets/bundles/01EZQXY3RV55YPWMT4H3ME15X8/live/System Host/1/system host.host.xml, /custom/assets/bundles/01EZQXY3RV55YPWMT4H3ME15X8/live/default/4ef752b0-459e-4e73-a2fa-a80bb81ef83d.rule.xml, /custom/assets/bundles/01EZQXY3RV55YPWMT4H3ME15X8/live/test1614631909437.dotcms.com/20435bf6-1940-45a3-8d2d-f5416bcffba7.rule.xml, /custom/assets/bundles/01EZQXY3RV55YPWMT4H3ME15X8/working/System Host/1/content.ff462f88-d9e1-4d31-b084-b73cb61976d3.host.xml]
difference [/custom/assets/bundles/01EZQXY3RV55YPWMT4H3ME15X8/bundle.xml, /custom/assets/bundles/01EZQXY3RV55YPWMT4H3ME15X8/live/System Host/1/system host.host.xml]

	at org.jgroups.util.Util.assertEquals(Util.java:185)
	at com.dotcms.publishing.PublisherAPIImplTest.publish(PublisherAPIImplTest.java:407)
	at sun.reflect.NativeMethodAccessorImpl.invoke0(Native Method)
	at sun.reflect.NativeMethodAccessorImpl.invoke(NativeMethodAccessorImpl.java:62)
	at sun.reflect.DelegatingMethodAccessorImpl.invoke(DelegatingMethodAccessorImpl.java:43)
	at java.lang.reflect.Method.invoke(Method.java:498)
	at org.junit.runners.model.FrameworkMethod$1.runReflectiveCall(FrameworkMethod.java:50)
	at org.junit.internal.runners.model.ReflectiveCallable.run(ReflectiveCallable.java:12)
	at org.junit.runners.model.FrameworkMethod.invokeExplosively(FrameworkMethod.java:47)
	at com.tngtech.java.junit.dataprovider.DataProviderFrameworkMethod.invokeExplosively(DataProviderFrameworkMethod.java:119)
	at org.junit.internal.runners.statements.InvokeMethod.evaluate(InvokeMethod.java:17)
	at org.junit.rules.TestWatcher$1.evaluate(TestWatcher.java:55)
	at org.junit.rules.RunRules.evaluate(RunRules.java:20)
	at org.junit.runners.ParentRunner.runLeaf(ParentRunner.java:325)
	at com.dotcms.junit.CustomDataProviderRunner.runChild(CustomDataProviderRunner.java:28)
	at com.dotcms.junit.CustomDataProviderRunner.runChild(CustomDataProviderRunner.java:13)
	at org.junit.runners.ParentRunner$3.run(ParentRunner.java:290)
	at org.junit.runners.ParentRunner$1.schedule(ParentRunner.java:71)
	at org.junit.runners.ParentRunner.runChildren(ParentRunner.java:288)
	at org.junit.runners.ParentRunner.access$000(ParentRunner.java:58)
	at org.junit.runners.ParentRunner$2.evaluate(ParentRunner.java:268)
	at org.junit.internal.runners.statements.RunBefores.evaluate(RunBefores.java:26)
	at org.junit.internal.runners.statements.RunAfters.evaluate(RunAfters.java:27)
	at org.junit.runners.ParentRunner.run(ParentRunner.java:363)
	at org.junit.runners.Suite.runChild(Suite.java:128)
	at org.junit.runners.Suite.runChild(Suite.java:27)
	at org.junit.runners.ParentRunner$3.run(ParentRunner.java:290)
	at org.junit.runners.ParentRunner$1.schedule(ParentRunner.java:71)
	at org.junit.runners.ParentRunner.runChildren(ParentRunner.java:288)
	at org.junit.runners.ParentRunner.access$000(ParentRunner.java:58)
	at org.junit.runners.ParentRunner$2.evaluate(ParentRunner.java:268)
	at org.junit.runners.ParentRunner.run(ParentRunner.java:363)
	at org.gradle.api.internal.tasks.testing.junit.JUnitTestClassExecutor.runTestClass(JUnitTestClassExecutor.java:106)
	at org.gradle.api.internal.tasks.testing.junit.JUnitTestClassExecutor.execute(JUnitTestClassExecutor.java:58)
	at org.gradle.api.internal.tasks.testing.junit.JUnitTestClassExecutor.execute(JUnitTestClassExecutor.java:38)
	at org.gradle.api.internal.tasks.testing.junit.AbstractJUnitTestClassProcessor.processTestClass(AbstractJUnitTestClassProcessor.java:66)
	at org.gradle.api.internal.tasks.testing.SuiteTestClassProcessor.processTestClass(SuiteTestClassProcessor.java:51)
	at sun.reflect.NativeMethodAccessorImpl.invoke0(Native Method)
	at sun.reflect.NativeMethodAccessorImpl.invoke(NativeMethodAccessorImpl.java:62)
	at sun.reflect.DelegatingMethodAccessorImpl.invoke(DelegatingMethodAccessorImpl.java:43)
	at java.lang.reflect.Method.invoke(Method.java:498)
	at org.gradle.internal.dispatch.ReflectionDispatch.dispatch(ReflectionDispatch.java:35)
	at org.gradle.internal.dispatch.ReflectionDispatch.dispatch(ReflectionDispatch.java:24)
	at org.gradle.internal.dispatch.ContextClassLoaderDispatch.dispatch(ContextClassLoaderDispatch.java:32)
	at org.gradle.internal.dispatch.ProxyDispatchAdapter$DispatchingInvocationHandler.invoke(ProxyDispatchAdapter.java:93)
	at com.sun.proxy.$Proxy2.processTestClass(Unknown Source)
	at org.gradle.api.internal.tasks.testing.worker.TestWorker.processTestClass(TestWorker.java:117)
	at sun.reflect.NativeMethodAccessorImpl.invoke0(Native Method)
	at sun.reflect.NativeMethodAccessorImpl.invoke(NativeMethodAccessorImpl.java:62)
	at sun.reflect.DelegatingMethodAccessorImpl.invoke(DelegatingMethodAccessorImpl.java:43)
	at java.lang.reflect.Method.invoke(Method.java:498)
	at org.gradle.internal.dispatch.ReflectionDispatch.dispatch(ReflectionDispatch.java:35)
	at org.gradle.internal.dispatch.ReflectionDispatch.dispatch(ReflectionDispatch.java:24)
	at org.gradle.internal.remote.internal.hub.MessageHubBackedObjectConnection$DispatchWrapper.dispatch(MessageHubBackedObjectConnection.java:155)
	at org.gradle.internal.remote.internal.hub.MessageHubBackedObjectConnection$DispatchWrapper.dispatch(MessageHubBackedObjectConnection.java:137)
	at org.gradle.internal.remote.internal.hub.MessageHub$Handler.run(MessageHub.java:404)
	at org.gradle.internal.concurrent.ExecutorPolicy$CatchAndRecordFailures.onExecute(ExecutorPolicy.java:63)
	at org.gradle.internal.concurrent.ManagedExecutorImpl$1.run(ManagedExecutorImpl.java:46)
	at java.util.concurrent.ThreadPoolExecutor.runWorker(ThreadPoolExecutor.java:1149)
	at java.util.concurrent.ThreadPoolExecutor$Worker.run(ThreadPoolExecutor.java:624)
	at org.gradle.internal.concurrent.ThreadFactoryImpl$ManagedThreadRunnable.run(ThreadFactoryImpl.java:55)
	at java.lang.Thread.run(Thread.java:748)
</pre>
</span>
</div>
<div class="test">
<a name="publish[9: com.dotcms.publishing.PublisherAPIImplTest$TestCase@31ca504e]"></a>
<h3 class="failures">publish[9: com.dotcms.publishing.PublisherAPIImplTest$TestCase@31ca504e]</h3>
<span class="code">
<pre>java.lang.AssertionError: Expected 24 but get 26 in /custom/assets/bundles/01EZQXY3V5FVV5ZE53NVSH7QMF
Expected [/custom/assets/bundles/01EZQXY3V5FVV5ZE53NVSH7QMF/live/default/4ef752b0-459e-4e73-a2fa-a80bb81ef83d.rule.xml, /custom/assets/bundles/01EZQXY3V5FVV5ZE53NVSH7QMF/working/System Host/1/274cb2b4-a8c1-4b1e-98b1-0a4c09e0b75a.contentworkflow.xml, /custom/assets/bundles/01EZQXY3V5FVV5ZE53NVSH7QMF/live/System Host/th_TF.language.xml, /custom/assets/bundles/01EZQXY3V5FVV5ZE53NVSH7QMF/working/test1614631903360.dotcms.com/e2f87c38-984b-43ba-9241-9742a14d1bb5.relationship.xml, /custom/assets/bundles/01EZQXY3V5FVV5ZE53NVSH7QMF/working/System Host/6a50864d-6142-42b1-82a5-b03e4bcd9487.category.dpc.xml, /custom/assets/bundles/01EZQXY3V5FVV5ZE53NVSH7QMF/working/test1614631903360.dotcms.com/78a907a0-846d-44e9-baec-e2db68111381.contentType.json, /custom/assets/bundles/01EZQXY3V5FVV5ZE53NVSH7QMF/live/default/1614634228466/d564fe35-7116-4f16-bfa9-b1b6e1963247.contentworkflow.xml, /custom/assets/bundles/01EZQXY3V5FVV5ZE53NVSH7QMF/working/System Host/1/content.ff462f88-d9e1-4d31-b084-b73cb61976d3.host.xml, /custom/assets/bundles/01EZQXY3V5FVV5ZE53NVSH7QMF/working/System Host/f4d7c1b8-2c88-4071-abf1-a5328977b07d.contentType.json, /custom/assets/bundles/01EZQXY3V5FVV5ZE53NVSH7QMF/f661a31d-db40-436b-98d7-219e600e840b.workflow.xml, /custom/assets/bundles/01EZQXY3V5FVV5ZE53NVSH7QMF/working/test1614631903360.dotcms.com/d7f760c6-0307-46e4-b42f-e055428e595a.contentType.json, /custom/assets/bundles/01EZQXY3V5FVV5ZE53NVSH7QMF/live/System Host/1/content.ff462f88-d9e1-4d31-b084-b73cb61976d3.host.xml, /custom/assets/bundles/01EZQXY3V5FVV5ZE53NVSH7QMF/working/System Host/1/3-content.49305bcb-8731-496d-9259-14e1081a55a2.content.xml, /custom/assets/bundles/01EZQXY3V5FVV5ZE53NVSH7QMF/live/System Host/1/274cb2b4-a8c1-4b1e-98b1-0a4c09e0b75a.contentworkflow.xml, /custom/assets/bundles/01EZQXY3V5FVV5ZE53NVSH7QMF/live/System Host/1/1-content.91b935b3-7bba-4331-9c2d-9d7a36c94a34.content.xml, /custom/assets/bundles/01EZQXY3V5FVV5ZE53NVSH7QMF/live/System Host/1614634228466properties, /custom/assets/bundles/01EZQXY3V5FVV5ZE53NVSH7QMF/live/System Host/1/2-content.49305bcb-8731-496d-9259-14e1081a55a2.content.xml, /custom/assets/bundles/01EZQXY3V5FVV5ZE53NVSH7QMF/live/System Host/1properties, /custom/assets/bundles/01EZQXY3V5FVV5ZE53NVSH7QMF/d61a59e1-a49c-46f2-a929-db2b4bfa88b2.workflow.xml, /custom/assets/bundles/01EZQXY3V5FVV5ZE53NVSH7QMF/live/System Host/1/652cd35e-9d0a-4d29-a244-dfbee9c51c1e.contentworkflow.xml, /custom/assets/bundles/01EZQXY3V5FVV5ZE53NVSH7QMF/live/System Host/1/content.be5aa566-e323-4995-b97b-199b4be68c8c.host.xml, /custom/assets/bundles/01EZQXY3V5FVV5ZE53NVSH7QMF/live/default/1614634228466/0-content.a4b987eb-fe15-495a-8a09-7146d5cb8f5e.content.xml, /custom/assets/bundles/01EZQXY3V5FVV5ZE53NVSH7QMF/live/System Host/en_US.language.xml]
Existing [/custom/assets/bundles/01EZQXY3V5FVV5ZE53NVSH7QMF/ROOT/bc9a1d37-dd2d-4d49-a29d-0c9be740bfaf.folder.xml, /custom/assets/bundles/01EZQXY3V5FVV5ZE53NVSH7QMF/bundle.xml, /custom/assets/bundles/01EZQXY3V5FVV5ZE53NVSH7QMF/d61a59e1-a49c-46f2-a929-db2b4bfa88b2.workflow.xml, /custom/assets/bundles/01EZQXY3V5FVV5ZE53NVSH7QMF/f661a31d-db40-436b-98d7-219e600e840b.workflow.xml, /custom/assets/bundles/01EZQXY3V5FVV5ZE53NVSH7QMF/live/System Host/1/1-content.91b935b3-7bba-4331-9c2d-9d7a36c94a34.content.xml, /custom/assets/bundles/01EZQXY3V5FVV5ZE53NVSH7QMF/live/System Host/1/2-content.49305bcb-8731-496d-9259-14e1081a55a2.content.xml, /custom/assets/bundles/01EZQXY3V5FVV5ZE53NVSH7QMF/live/System Host/1/274cb2b4-a8c1-4b1e-98b1-0a4c09e0b75a.contentworkflow.xml, /custom/assets/bundles/01EZQXY3V5FVV5ZE53NVSH7QMF/live/System Host/1/652cd35e-9d0a-4d29-a244-dfbee9c51c1e.contentworkflow.xml, /custom/assets/bundles/01EZQXY3V5FVV5ZE53NVSH7QMF/live/System Host/1/content.be5aa566-e323-4995-b97b-199b4be68c8c.host.xml, /custom/assets/bundles/01EZQXY3V5FVV5ZE53NVSH7QMF/live/System Host/1/content.ff462f88-d9e1-4d31-b084-b73cb61976d3.host.xml, /custom/assets/bundles/01EZQXY3V5FVV5ZE53NVSH7QMF/live/System Host/1/system host.host.xml, /custom/assets/bundles/01EZQXY3V5FVV5ZE53NVSH7QMF/live/System Host/1614634228466properties, /custom/assets/bundles/01EZQXY3V5FVV5ZE53NVSH7QMF/live/System Host/1properties, /custom/assets/bundles/01EZQXY3V5FVV5ZE53NVSH7QMF/live/System Host/en_US.language.xml, /custom/assets/bundles/01EZQXY3V5FVV5ZE53NVSH7QMF/live/System Host/th_TF.language.xml, /custom/assets/bundles/01EZQXY3V5FVV5ZE53NVSH7QMF/live/default/1614634228466/0-content.a4b987eb-fe15-495a-8a09-7146d5cb8f5e.content.xml, /custom/assets/bundles/01EZQXY3V5FVV5ZE53NVSH7QMF/live/default/1614634228466/d564fe35-7116-4f16-bfa9-b1b6e1963247.contentworkflow.xml, /custom/assets/bundles/01EZQXY3V5FVV5ZE53NVSH7QMF/live/default/4ef752b0-459e-4e73-a2fa-a80bb81ef83d.rule.xml, /custom/assets/bundles/01EZQXY3V5FVV5ZE53NVSH7QMF/working/System Host/1/274cb2b4-a8c1-4b1e-98b1-0a4c09e0b75a.contentworkflow.xml, /custom/assets/bundles/01EZQXY3V5FVV5ZE53NVSH7QMF/working/System Host/1/3-content.49305bcb-8731-496d-9259-14e1081a55a2.content.xml, /custom/assets/bundles/01EZQXY3V5FVV5ZE53NVSH7QMF/working/System Host/1/content.ff462f88-d9e1-4d31-b084-b73cb61976d3.host.xml, /custom/assets/bundles/01EZQXY3V5FVV5ZE53NVSH7QMF/working/System Host/6a50864d-6142-42b1-82a5-b03e4bcd9487.category.dpc.xml, /custom/assets/bundles/01EZQXY3V5FVV5ZE53NVSH7QMF/working/System Host/f4d7c1b8-2c88-4071-abf1-a5328977b07d.contentType.json, /custom/assets/bundles/01EZQXY3V5FVV5ZE53NVSH7QMF/working/test1614631903360.dotcms.com/78a907a0-846d-44e9-baec-e2db68111381.contentType.json, /custom/assets/bundles/01EZQXY3V5FVV5ZE53NVSH7QMF/working/test1614631903360.dotcms.com/d7f760c6-0307-46e4-b42f-e055428e595a.contentType.json, /custom/assets/bundles/01EZQXY3V5FVV5ZE53NVSH7QMF/working/test1614631903360.dotcms.com/e2f87c38-984b-43ba-9241-9742a14d1bb5.relationship.xml]
difference [/custom/assets/bundles/01EZQXY3V5FVV5ZE53NVSH7QMF/ROOT/bc9a1d37-dd2d-4d49-a29d-0c9be740bfaf.folder.xml, /custom/assets/bundles/01EZQXY3V5FVV5ZE53NVSH7QMF/bundle.xml, /custom/assets/bundles/01EZQXY3V5FVV5ZE53NVSH7QMF/live/System Host/1/system host.host.xml]

	at org.jgroups.util.Util.assertEquals(Util.java:185)
	at com.dotcms.publishing.PublisherAPIImplTest.publish(PublisherAPIImplTest.java:407)
	at sun.reflect.NativeMethodAccessorImpl.invoke0(Native Method)
	at sun.reflect.NativeMethodAccessorImpl.invoke(NativeMethodAccessorImpl.java:62)
	at sun.reflect.DelegatingMethodAccessorImpl.invoke(DelegatingMethodAccessorImpl.java:43)
	at java.lang.reflect.Method.invoke(Method.java:498)
	at org.junit.runners.model.FrameworkMethod$1.runReflectiveCall(FrameworkMethod.java:50)
	at org.junit.internal.runners.model.ReflectiveCallable.run(ReflectiveCallable.java:12)
	at org.junit.runners.model.FrameworkMethod.invokeExplosively(FrameworkMethod.java:47)
	at com.tngtech.java.junit.dataprovider.DataProviderFrameworkMethod.invokeExplosively(DataProviderFrameworkMethod.java:119)
	at org.junit.internal.runners.statements.InvokeMethod.evaluate(InvokeMethod.java:17)
	at org.junit.rules.TestWatcher$1.evaluate(TestWatcher.java:55)
	at org.junit.rules.RunRules.evaluate(RunRules.java:20)
	at org.junit.runners.ParentRunner.runLeaf(ParentRunner.java:325)
	at com.dotcms.junit.CustomDataProviderRunner.runChild(CustomDataProviderRunner.java:28)
	at com.dotcms.junit.CustomDataProviderRunner.runChild(CustomDataProviderRunner.java:13)
	at org.junit.runners.ParentRunner$3.run(ParentRunner.java:290)
	at org.junit.runners.ParentRunner$1.schedule(ParentRunner.java:71)
	at org.junit.runners.ParentRunner.runChildren(ParentRunner.java:288)
	at org.junit.runners.ParentRunner.access$000(ParentRunner.java:58)
	at org.junit.runners.ParentRunner$2.evaluate(ParentRunner.java:268)
	at org.junit.internal.runners.statements.RunBefores.evaluate(RunBefores.java:26)
	at org.junit.internal.runners.statements.RunAfters.evaluate(RunAfters.java:27)
	at org.junit.runners.ParentRunner.run(ParentRunner.java:363)
	at org.junit.runners.Suite.runChild(Suite.java:128)
	at org.junit.runners.Suite.runChild(Suite.java:27)
	at org.junit.runners.ParentRunner$3.run(ParentRunner.java:290)
	at org.junit.runners.ParentRunner$1.schedule(ParentRunner.java:71)
	at org.junit.runners.ParentRunner.runChildren(ParentRunner.java:288)
	at org.junit.runners.ParentRunner.access$000(ParentRunner.java:58)
	at org.junit.runners.ParentRunner$2.evaluate(ParentRunner.java:268)
	at org.junit.runners.ParentRunner.run(ParentRunner.java:363)
	at org.gradle.api.internal.tasks.testing.junit.JUnitTestClassExecutor.runTestClass(JUnitTestClassExecutor.java:106)
	at org.gradle.api.internal.tasks.testing.junit.JUnitTestClassExecutor.execute(JUnitTestClassExecutor.java:58)
	at org.gradle.api.internal.tasks.testing.junit.JUnitTestClassExecutor.execute(JUnitTestClassExecutor.java:38)
	at org.gradle.api.internal.tasks.testing.junit.AbstractJUnitTestClassProcessor.processTestClass(AbstractJUnitTestClassProcessor.java:66)
	at org.gradle.api.internal.tasks.testing.SuiteTestClassProcessor.processTestClass(SuiteTestClassProcessor.java:51)
	at sun.reflect.NativeMethodAccessorImpl.invoke0(Native Method)
	at sun.reflect.NativeMethodAccessorImpl.invoke(NativeMethodAccessorImpl.java:62)
	at sun.reflect.DelegatingMethodAccessorImpl.invoke(DelegatingMethodAccessorImpl.java:43)
	at java.lang.reflect.Method.invoke(Method.java:498)
	at org.gradle.internal.dispatch.ReflectionDispatch.dispatch(ReflectionDispatch.java:35)
	at org.gradle.internal.dispatch.ReflectionDispatch.dispatch(ReflectionDispatch.java:24)
	at org.gradle.internal.dispatch.ContextClassLoaderDispatch.dispatch(ContextClassLoaderDispatch.java:32)
	at org.gradle.internal.dispatch.ProxyDispatchAdapter$DispatchingInvocationHandler.invoke(ProxyDispatchAdapter.java:93)
	at com.sun.proxy.$Proxy2.processTestClass(Unknown Source)
	at org.gradle.api.internal.tasks.testing.worker.TestWorker.processTestClass(TestWorker.java:117)
	at sun.reflect.NativeMethodAccessorImpl.invoke0(Native Method)
	at sun.reflect.NativeMethodAccessorImpl.invoke(NativeMethodAccessorImpl.java:62)
	at sun.reflect.DelegatingMethodAccessorImpl.invoke(DelegatingMethodAccessorImpl.java:43)
	at java.lang.reflect.Method.invoke(Method.java:498)
	at org.gradle.internal.dispatch.ReflectionDispatch.dispatch(ReflectionDispatch.java:35)
	at org.gradle.internal.dispatch.ReflectionDispatch.dispatch(ReflectionDispatch.java:24)
	at org.gradle.internal.remote.internal.hub.MessageHubBackedObjectConnection$DispatchWrapper.dispatch(MessageHubBackedObjectConnection.java:155)
	at org.gradle.internal.remote.internal.hub.MessageHubBackedObjectConnection$DispatchWrapper.dispatch(MessageHubBackedObjectConnection.java:137)
	at org.gradle.internal.remote.internal.hub.MessageHub$Handler.run(MessageHub.java:404)
	at org.gradle.internal.concurrent.ExecutorPolicy$CatchAndRecordFailures.onExecute(ExecutorPolicy.java:63)
	at org.gradle.internal.concurrent.ManagedExecutorImpl$1.run(ManagedExecutorImpl.java:46)
	at java.util.concurrent.ThreadPoolExecutor.runWorker(ThreadPoolExecutor.java:1149)
	at java.util.concurrent.ThreadPoolExecutor$Worker.run(ThreadPoolExecutor.java:624)
	at org.gradle.internal.concurrent.ThreadFactoryImpl$ManagedThreadRunnable.run(ThreadFactoryImpl.java:55)
	at java.lang.Thread.run(Thread.java:748)
</pre>
</span>
</div>
</div>
<div id="tab1" class="tab">
<h2>Tests</h2>
<table>
<thead>
<tr>
<th>Test</th>
<th>Duration</th>
<th>Result</th>
</tr>
</thead>
<tr>
<td class="failures">publish[0: com.dotcms.publishing.PublisherAPIImplTest$TestCase@4255b105]</td>
<td class="failures">0.223s</td>
<td class="failures">failed</td>
</tr>
<tr>
<td class="failures">publish[10: com.dotcms.publishing.PublisherAPIImplTest$TestCase@4e4940b3]</td>
<td class="failures">0.107s</td>
<td class="failures">failed</td>
</tr>
<tr>
<td class="failures">publish[11: com.dotcms.publishing.PublisherAPIImplTest$TestCase@320ac80e]</td>
<td class="failures">0.101s</td>
<td class="failures">failed</td>
</tr>
<tr>
<td class="failures">publish[12: com.dotcms.publishing.PublisherAPIImplTest$TestCase@f66c9e]</td>
<td class="failures">0.208s</td>
<td class="failures">failed</td>
</tr>
<tr>
<td class="failures">publish[13: com.dotcms.publishing.PublisherAPIImplTest$TestCase@63dd04ee]</td>
<td class="failures">0.146s</td>
<td class="failures">failed</td>
</tr>
<tr>
<td class="failures">publish[14: com.dotcms.publishing.PublisherAPIImplTest$TestCase@67959cfe]</td>
<td class="failures">0.096s</td>
<td class="failures">failed</td>
</tr>
<tr>
<td class="failures">publish[15: com.dotcms.publishing.PublisherAPIImplTest$TestCase@3bb62ba]</td>
<td class="failures">0.096s</td>
<td class="failures">failed</td>
</tr>
<tr>
<td class="failures">publish[16: com.dotcms.publishing.PublisherAPIImplTest$TestCase@309a6ccf]</td>
<td class="failures">0.111s</td>
<td class="failures">failed</td>
</tr>
<tr>
<td class="failures">publish[17: com.dotcms.publishing.PublisherAPIImplTest$TestCase@3bebf446]</td>
<td class="failures">0.046s</td>
<td class="failures">failed</td>
</tr>
<tr>
<td class="failures">publish[1: com.dotcms.publishing.PublisherAPIImplTest$TestCase@e508f77]</td>
<td class="failures">0.160s</td>
<td class="failures">failed</td>
</tr>
<tr>
<td class="failures">publish[2: com.dotcms.publishing.PublisherAPIImplTest$TestCase@50f170af]</td>
<td class="failures">0.131s</td>
<td class="failures">failed</td>
</tr>
<tr>
<td class="failures">publish[3: com.dotcms.publishing.PublisherAPIImplTest$TestCase@2d11aab3]</td>
<td class="failures">0.253s</td>
<td class="failures">failed</td>
</tr>
<tr>
<td class="failures">publish[4: com.dotcms.publishing.PublisherAPIImplTest$TestCase@4223fb8d]</td>
<td class="failures">0.205s</td>
<td class="failures">failed</td>
</tr>
<tr>
<td class="failures">publish[5: com.dotcms.publishing.PublisherAPIImplTest$TestCase@4802ef89]</td>
<td class="failures">0.138s</td>
<td class="failures">failed</td>
</tr>
<tr>
<td class="failures">publish[6: com.dotcms.publishing.PublisherAPIImplTest$TestCase@132d9a2e]</td>
<td class="failures">0.097s</td>
<td class="failures">failed</td>
</tr>
<tr>
<td class="failures">publish[7: com.dotcms.publishing.PublisherAPIImplTest$TestCase@3349eeca]</td>
<td class="failures">0.089s</td>
<td class="failures">failed</td>
</tr>
<tr>
<td class="failures">publish[8: com.dotcms.publishing.PublisherAPIImplTest$TestCase@6eeb84bd]</td>
<td class="failures">0.075s</td>
<td class="failures">failed</td>
</tr>
<tr>
<td class="failures">publish[9: com.dotcms.publishing.PublisherAPIImplTest$TestCase@31ca504e]</td>
<td class="failures">0.149s</td>
<td class="failures">failed</td>
</tr>
</table>
</div>
<div id="tab2" class="tab">
<h2>Standard output</h2>
<span class="code">
<pre>

















</pre>
</span>
</div>
</div>
<div id="footer">
<p>
<div>
<label class="hidden" id="label-for-line-wrapping-toggle" for="line-wrapping-toggle">Wrap lines
<input id="line-wrapping-toggle" type="checkbox" autocomplete="off"/>
</label>
</div>Generated by 
<a href="http://www.gradle.org">Gradle 4.10.2</a> at Mar 1, 2021 10:18:31 PM</p>
</div>
</div>
</body>
</html>
