<!DOCTYPE html>
<html>
<head>
<meta http-equiv="Content-Type" content="text/html; charset=utf-8"/>
<meta http-equiv="x-ua-compatible" content="IE=edge"/>
<title>Test results - Class com.dotcms.publishing.PublisherAPIImplTest</title>
<link href="../css/base-style.css" rel="stylesheet" type="text/css"/>
<link href="../css/style.css" rel="stylesheet" type="text/css"/>
<script src="../js/report.js" type="text/javascript"></script>
</head>
<body>
<div id="content">
<h1>Class com.dotcms.publishing.PublisherAPIImplTest</h1>
<div class="breadcrumbs">
<a href="../index.html">all</a> &gt; 
<a href="../packages/com.dotcms.publishing.html">com.dotcms.publishing</a> &gt; PublisherAPIImplTest</div>
<div id="summary">
<table>
<tr>
<td>
<div class="summaryGroup">
<table>
<tr>
<td>
<div class="infoBox" id="tests">
<div class="counter">18</div>
<p>tests</p>
</div>
</td>
<td>
<div class="infoBox" id="failures">
<div class="counter">18</div>
<p>failures</p>
</div>
</td>
<td>
<div class="infoBox" id="ignored">
<div class="counter">0</div>
<p>ignored</p>
</div>
</td>
<td>
<div class="infoBox" id="duration">
<div class="counter">2.101s</div>
<p>duration</p>
</div>
</td>
</tr>
</table>
</div>
</td>
<td>
<div class="infoBox failures" id="successRate">
<div class="percent">0%</div>
<p>successful</p>
</div>
</td>
</tr>
</table>
</div>
<div id="tabs">
<ul class="tabLinks">
<li>
<a href="#tab0">Failed tests</a>
</li>
<li>
<a href="#tab1">Tests</a>
</li>
<li>
<a href="#tab2">Standard output</a>
</li>
</ul>
<div id="tab0" class="tab">
<h2>Failed tests</h2>
<div class="test">
<a name="publish[0: com.dotcms.publishing.PublisherAPIImplTest$TestCase@4a950fc1]"></a>
<h3 class="failures">publish[0: com.dotcms.publishing.PublisherAPIImplTest$TestCase@4a950fc1]</h3>
<span class="code">
<pre>java.lang.AssertionError: File /custom/assets/bundles/01EZK3M5G9ASSMFQQ37CE2BZ4J/working/test1614470720674.dotcms.com/d40c6387-2cb9-4ce2-b351-7842c7a09146.contentType.json, not exists
	at org.jgroups.util.Util.assertTrue(Util.java:166)
	at com.dotcms.test.util.FileTestUtil.assertBundleFile(FileTestUtil.java:234)
	at com.dotcms.test.util.FileTestUtil.assertBundleFile(FileTestUtil.java:151)
	at com.dotcms.publishing.PublisherAPIImplTest.publish(PublisherAPIImplTest.java:383)
	at sun.reflect.NativeMethodAccessorImpl.invoke0(Native Method)
	at sun.reflect.NativeMethodAccessorImpl.invoke(NativeMethodAccessorImpl.java:62)
	at sun.reflect.DelegatingMethodAccessorImpl.invoke(DelegatingMethodAccessorImpl.java:43)
	at java.lang.reflect.Method.invoke(Method.java:498)
	at org.junit.runners.model.FrameworkMethod$1.runReflectiveCall(FrameworkMethod.java:50)
	at org.junit.internal.runners.model.ReflectiveCallable.run(ReflectiveCallable.java:12)
	at org.junit.runners.model.FrameworkMethod.invokeExplosively(FrameworkMethod.java:47)
	at com.tngtech.java.junit.dataprovider.DataProviderFrameworkMethod.invokeExplosively(DataProviderFrameworkMethod.java:119)
	at org.junit.internal.runners.statements.InvokeMethod.evaluate(InvokeMethod.java:17)
	at org.junit.rules.TestWatcher$1.evaluate(TestWatcher.java:55)
	at org.junit.rules.RunRules.evaluate(RunRules.java:20)
	at org.junit.runners.ParentRunner.runLeaf(ParentRunner.java:325)
	at com.dotcms.junit.CustomDataProviderRunner.runChild(CustomDataProviderRunner.java:28)
	at com.dotcms.junit.CustomDataProviderRunner.runChild(CustomDataProviderRunner.java:13)
	at org.junit.runners.ParentRunner$3.run(ParentRunner.java:290)
	at org.junit.runners.ParentRunner$1.schedule(ParentRunner.java:71)
	at org.junit.runners.ParentRunner.runChildren(ParentRunner.java:288)
	at org.junit.runners.ParentRunner.access$000(ParentRunner.java:58)
	at org.junit.runners.ParentRunner$2.evaluate(ParentRunner.java:268)
	at org.junit.internal.runners.statements.RunBefores.evaluate(RunBefores.java:26)
	at org.junit.internal.runners.statements.RunAfters.evaluate(RunAfters.java:27)
	at org.junit.runners.ParentRunner.run(ParentRunner.java:363)
	at org.junit.runners.Suite.runChild(Suite.java:128)
	at org.junit.runners.Suite.runChild(Suite.java:27)
	at org.junit.runners.ParentRunner$3.run(ParentRunner.java:290)
	at org.junit.runners.ParentRunner$1.schedule(ParentRunner.java:71)
	at org.junit.runners.ParentRunner.runChildren(ParentRunner.java:288)
	at org.junit.runners.ParentRunner.access$000(ParentRunner.java:58)
	at org.junit.runners.ParentRunner$2.evaluate(ParentRunner.java:268)
	at org.junit.runners.ParentRunner.run(ParentRunner.java:363)
	at org.gradle.api.internal.tasks.testing.junit.JUnitTestClassExecutor.runTestClass(JUnitTestClassExecutor.java:106)
	at org.gradle.api.internal.tasks.testing.junit.JUnitTestClassExecutor.execute(JUnitTestClassExecutor.java:58)
	at org.gradle.api.internal.tasks.testing.junit.JUnitTestClassExecutor.execute(JUnitTestClassExecutor.java:38)
	at org.gradle.api.internal.tasks.testing.junit.AbstractJUnitTestClassProcessor.processTestClass(AbstractJUnitTestClassProcessor.java:66)
	at org.gradle.api.internal.tasks.testing.SuiteTestClassProcessor.processTestClass(SuiteTestClassProcessor.java:51)
	at sun.reflect.NativeMethodAccessorImpl.invoke0(Native Method)
	at sun.reflect.NativeMethodAccessorImpl.invoke(NativeMethodAccessorImpl.java:62)
	at sun.reflect.DelegatingMethodAccessorImpl.invoke(DelegatingMethodAccessorImpl.java:43)
	at java.lang.reflect.Method.invoke(Method.java:498)
	at org.gradle.internal.dispatch.ReflectionDispatch.dispatch(ReflectionDispatch.java:35)
	at org.gradle.internal.dispatch.ReflectionDispatch.dispatch(ReflectionDispatch.java:24)
	at org.gradle.internal.dispatch.ContextClassLoaderDispatch.dispatch(ContextClassLoaderDispatch.java:32)
	at org.gradle.internal.dispatch.ProxyDispatchAdapter$DispatchingInvocationHandler.invoke(ProxyDispatchAdapter.java:93)
	at com.sun.proxy.$Proxy2.processTestClass(Unknown Source)
	at org.gradle.api.internal.tasks.testing.worker.TestWorker.processTestClass(TestWorker.java:117)
	at sun.reflect.NativeMethodAccessorImpl.invoke0(Native Method)
	at sun.reflect.NativeMethodAccessorImpl.invoke(NativeMethodAccessorImpl.java:62)
	at sun.reflect.DelegatingMethodAccessorImpl.invoke(DelegatingMethodAccessorImpl.java:43)
	at java.lang.reflect.Method.invoke(Method.java:498)
	at org.gradle.internal.dispatch.ReflectionDispatch.dispatch(ReflectionDispatch.java:35)
	at org.gradle.internal.dispatch.ReflectionDispatch.dispatch(ReflectionDispatch.java:24)
	at org.gradle.internal.remote.internal.hub.MessageHubBackedObjectConnection$DispatchWrapper.dispatch(MessageHubBackedObjectConnection.java:155)
	at org.gradle.internal.remote.internal.hub.MessageHubBackedObjectConnection$DispatchWrapper.dispatch(MessageHubBackedObjectConnection.java:137)
	at org.gradle.internal.remote.internal.hub.MessageHub$Handler.run(MessageHub.java:404)
	at org.gradle.internal.concurrent.ExecutorPolicy$CatchAndRecordFailures.onExecute(ExecutorPolicy.java:63)
	at org.gradle.internal.concurrent.ManagedExecutorImpl$1.run(ManagedExecutorImpl.java:46)
	at java.util.concurrent.ThreadPoolExecutor.runWorker(ThreadPoolExecutor.java:1149)
	at java.util.concurrent.ThreadPoolExecutor$Worker.run(ThreadPoolExecutor.java:624)
	at org.gradle.internal.concurrent.ThreadFactoryImpl$ManagedThreadRunnable.run(ThreadFactoryImpl.java:55)
	at java.lang.Thread.run(Thread.java:748)
</pre>
</span>
</div>
<div class="test">
<a name="publish[10: com.dotcms.publishing.PublisherAPIImplTest$TestCase@bce19fb]"></a>
<h3 class="failures">publish[10: com.dotcms.publishing.PublisherAPIImplTest$TestCase@bce19fb]</h3>
<span class="code">
<pre>java.lang.AssertionError: Expected 23 but get 25 in /custom/assets/bundles/01EZK3M6REMPAT2RRKA9GVHBR7
Expected [/custom/assets/bundles/01EZK3M6REMPAT2RRKA9GVHBR7/live/System Host/vi_AF.language.xml, /custom/assets/bundles/01EZK3M6REMPAT2RRKA9GVHBR7/working/System Host/1/2-content.2a2a287e-8807-4efc-a6a1-d943f738f8e9.content.xml, /custom/assets/bundles/01EZK3M6REMPAT2RRKA9GVHBR7/working/System Host/1/aac2b1a1-ed79-4894-a0f1-9fbca4dd8007.contentworkflow.xml, /custom/assets/bundles/01EZK3M6REMPAT2RRKA9GVHBR7/live/default/1614472915402/ab167fec-541d-4700-94f9-aa33f8ab2d60.contentworkflow.xml, /custom/assets/bundles/01EZK3M6REMPAT2RRKA9GVHBR7/live/default/1614472915402/3-content.c4360da7-75b0-4a31-9d2f-637d972d6d3f.content.xml, /custom/assets/bundles/01EZK3M6REMPAT2RRKA9GVHBR7/live/System Host/1/content.ff462f88-d9e1-4d31-b084-b73cb61976d3.host.xml, /custom/assets/bundles/01EZK3M6REMPAT2RRKA9GVHBR7/live/System Host/1/1-content.b40c4a27-df30-49d3-b6dc-3238230a7f37.content.xml, /custom/assets/bundles/01EZK3M6REMPAT2RRKA9GVHBR7/live/System Host/1properties, /custom/assets/bundles/01EZK3M6REMPAT2RRKA9GVHBR7/working/test1614470721757.dotcms.com/ec70ae9f-c346-43fc-bb0c-76e2d4f7010c.containers.container.xml, /custom/assets/bundles/01EZK3M6REMPAT2RRKA9GVHBR7/live/default/93a60e28-8be6-4fcc-b11c-8401e3efadf1.rule.xml, /custom/assets/bundles/01EZK3M6REMPAT2RRKA9GVHBR7/live/System Host/1/content.8d99c946-697b-487d-8f3b-7b8dec92f816.host.xml, /custom/assets/bundles/01EZK3M6REMPAT2RRKA9GVHBR7/live/System Host/1/0-content.2a2a287e-8807-4efc-a6a1-d943f738f8e9.content.xml, /custom/assets/bundles/01EZK3M6REMPAT2RRKA9GVHBR7/working/test1614470721757.dotcms.com/a1f6f87a-3384-4d91-accb-23f364312d7a.containers.container.xml, /custom/assets/bundles/01EZK3M6REMPAT2RRKA9GVHBR7/live/System Host/1614472915402properties, /custom/assets/bundles/01EZK3M6REMPAT2RRKA9GVHBR7/live/System Host/1/aac2b1a1-ed79-4894-a0f1-9fbca4dd8007.contentworkflow.xml, /custom/assets/bundles/01EZK3M6REMPAT2RRKA9GVHBR7/live/System Host/1/b7f1dd39-4530-4632-80b1-2c2bf250cffd.contentworkflow.xml, /custom/assets/bundles/01EZK3M6REMPAT2RRKA9GVHBR7/live/System Host/en_US.language.xml, /custom/assets/bundles/01EZK3M6REMPAT2RRKA9GVHBR7/d61a59e1-a49c-46f2-a929-db2b4bfa88b2.workflow.xml, /custom/assets/bundles/01EZK3M6REMPAT2RRKA9GVHBR7/working/test1614470721757.dotcms.com/477ba6a2-20ef-4c57-b6ec-bde13119dd3d.contentType.json, /custom/assets/bundles/01EZK3M6REMPAT2RRKA9GVHBR7/live/test1614470721757.dotcms.com/b0ef584c-4cb7-4ca6-a586-1985e2b49355.template.template.xml, /custom/assets/bundles/01EZK3M6REMPAT2RRKA9GVHBR7/working/System Host/1/content.ff462f88-d9e1-4d31-b084-b73cb61976d3.host.xml, /custom/assets/bundles/01EZK3M6REMPAT2RRKA9GVHBR7/working/System Host/f4d7c1b8-2c88-4071-abf1-a5328977b07d.contentType.json]
Existing [/custom/assets/bundles/01EZK3M6REMPAT2RRKA9GVHBR7/ROOT/bc9a1d37-dd2d-4d49-a29d-0c9be740bfaf.folder.xml, /custom/assets/bundles/01EZK3M6REMPAT2RRKA9GVHBR7/bundle.xml, /custom/assets/bundles/01EZK3M6REMPAT2RRKA9GVHBR7/d61a59e1-a49c-46f2-a929-db2b4bfa88b2.workflow.xml, /custom/assets/bundles/01EZK3M6REMPAT2RRKA9GVHBR7/live/System Host/1/0-content.2a2a287e-8807-4efc-a6a1-d943f738f8e9.content.xml, /custom/assets/bundles/01EZK3M6REMPAT2RRKA9GVHBR7/live/System Host/1/1-content.b40c4a27-df30-49d3-b6dc-3238230a7f37.content.xml, /custom/assets/bundles/01EZK3M6REMPAT2RRKA9GVHBR7/live/System Host/1/aac2b1a1-ed79-4894-a0f1-9fbca4dd8007.contentworkflow.xml, /custom/assets/bundles/01EZK3M6REMPAT2RRKA9GVHBR7/live/System Host/1/b7f1dd39-4530-4632-80b1-2c2bf250cffd.contentworkflow.xml, /custom/assets/bundles/01EZK3M6REMPAT2RRKA9GVHBR7/live/System Host/1/content.8d99c946-697b-487d-8f3b-7b8dec92f816.host.xml, /custom/assets/bundles/01EZK3M6REMPAT2RRKA9GVHBR7/live/System Host/1/content.ff462f88-d9e1-4d31-b084-b73cb61976d3.host.xml, /custom/assets/bundles/01EZK3M6REMPAT2RRKA9GVHBR7/live/System Host/1/system host.host.xml, /custom/assets/bundles/01EZK3M6REMPAT2RRKA9GVHBR7/live/System Host/1614472915402properties, /custom/assets/bundles/01EZK3M6REMPAT2RRKA9GVHBR7/live/System Host/1properties, /custom/assets/bundles/01EZK3M6REMPAT2RRKA9GVHBR7/live/System Host/en_US.language.xml, /custom/assets/bundles/01EZK3M6REMPAT2RRKA9GVHBR7/live/System Host/vi_AF.language.xml, /custom/assets/bundles/01EZK3M6REMPAT2RRKA9GVHBR7/live/default/1614472915402/3-content.c4360da7-75b0-4a31-9d2f-637d972d6d3f.content.xml, /custom/assets/bundles/01EZK3M6REMPAT2RRKA9GVHBR7/live/default/1614472915402/ab167fec-541d-4700-94f9-aa33f8ab2d60.contentworkflow.xml, /custom/assets/bundles/01EZK3M6REMPAT2RRKA9GVHBR7/live/default/93a60e28-8be6-4fcc-b11c-8401e3efadf1.rule.xml, /custom/assets/bundles/01EZK3M6REMPAT2RRKA9GVHBR7/live/test1614470721757.dotcms.com/b0ef584c-4cb7-4ca6-a586-1985e2b49355.template.template.xml, /custom/assets/bundles/01EZK3M6REMPAT2RRKA9GVHBR7/working/System Host/1/2-content.2a2a287e-8807-4efc-a6a1-d943f738f8e9.content.xml, /custom/assets/bundles/01EZK3M6REMPAT2RRKA9GVHBR7/working/System Host/1/aac2b1a1-ed79-4894-a0f1-9fbca4dd8007.contentworkflow.xml, /custom/assets/bundles/01EZK3M6REMPAT2RRKA9GVHBR7/working/System Host/1/content.ff462f88-d9e1-4d31-b084-b73cb61976d3.host.xml, /custom/assets/bundles/01EZK3M6REMPAT2RRKA9GVHBR7/working/System Host/f4d7c1b8-2c88-4071-abf1-a5328977b07d.contentType.json, /custom/assets/bundles/01EZK3M6REMPAT2RRKA9GVHBR7/working/test1614470721757.dotcms.com/477ba6a2-20ef-4c57-b6ec-bde13119dd3d.contentType.json, /custom/assets/bundles/01EZK3M6REMPAT2RRKA9GVHBR7/working/test1614470721757.dotcms.com/a1f6f87a-3384-4d91-accb-23f364312d7a.containers.container.xml, /custom/assets/bundles/01EZK3M6REMPAT2RRKA9GVHBR7/working/test1614470721757.dotcms.com/ec70ae9f-c346-43fc-bb0c-76e2d4f7010c.containers.container.xml]
difference [/custom/assets/bundles/01EZK3M6REMPAT2RRKA9GVHBR7/ROOT/bc9a1d37-dd2d-4d49-a29d-0c9be740bfaf.folder.xml, /custom/assets/bundles/01EZK3M6REMPAT2RRKA9GVHBR7/bundle.xml, /custom/assets/bundles/01EZK3M6REMPAT2RRKA9GVHBR7/live/System Host/1/system host.host.xml]

	at org.jgroups.util.Util.assertEquals(Util.java:185)
	at com.dotcms.publishing.PublisherAPIImplTest.publish(PublisherAPIImplTest.java:407)
	at sun.reflect.NativeMethodAccessorImpl.invoke0(Native Method)
	at sun.reflect.NativeMethodAccessorImpl.invoke(NativeMethodAccessorImpl.java:62)
	at sun.reflect.DelegatingMethodAccessorImpl.invoke(DelegatingMethodAccessorImpl.java:43)
	at java.lang.reflect.Method.invoke(Method.java:498)
	at org.junit.runners.model.FrameworkMethod$1.runReflectiveCall(FrameworkMethod.java:50)
	at org.junit.internal.runners.model.ReflectiveCallable.run(ReflectiveCallable.java:12)
	at org.junit.runners.model.FrameworkMethod.invokeExplosively(FrameworkMethod.java:47)
	at com.tngtech.java.junit.dataprovider.DataProviderFrameworkMethod.invokeExplosively(DataProviderFrameworkMethod.java:119)
	at org.junit.internal.runners.statements.InvokeMethod.evaluate(InvokeMethod.java:17)
	at org.junit.rules.TestWatcher$1.evaluate(TestWatcher.java:55)
	at org.junit.rules.RunRules.evaluate(RunRules.java:20)
	at org.junit.runners.ParentRunner.runLeaf(ParentRunner.java:325)
	at com.dotcms.junit.CustomDataProviderRunner.runChild(CustomDataProviderRunner.java:28)
	at com.dotcms.junit.CustomDataProviderRunner.runChild(CustomDataProviderRunner.java:13)
	at org.junit.runners.ParentRunner$3.run(ParentRunner.java:290)
	at org.junit.runners.ParentRunner$1.schedule(ParentRunner.java:71)
	at org.junit.runners.ParentRunner.runChildren(ParentRunner.java:288)
	at org.junit.runners.ParentRunner.access$000(ParentRunner.java:58)
	at org.junit.runners.ParentRunner$2.evaluate(ParentRunner.java:268)
	at org.junit.internal.runners.statements.RunBefores.evaluate(RunBefores.java:26)
	at org.junit.internal.runners.statements.RunAfters.evaluate(RunAfters.java:27)
	at org.junit.runners.ParentRunner.run(ParentRunner.java:363)
	at org.junit.runners.Suite.runChild(Suite.java:128)
	at org.junit.runners.Suite.runChild(Suite.java:27)
	at org.junit.runners.ParentRunner$3.run(ParentRunner.java:290)
	at org.junit.runners.ParentRunner$1.schedule(ParentRunner.java:71)
	at org.junit.runners.ParentRunner.runChildren(ParentRunner.java:288)
	at org.junit.runners.ParentRunner.access$000(ParentRunner.java:58)
	at org.junit.runners.ParentRunner$2.evaluate(ParentRunner.java:268)
	at org.junit.runners.ParentRunner.run(ParentRunner.java:363)
	at org.gradle.api.internal.tasks.testing.junit.JUnitTestClassExecutor.runTestClass(JUnitTestClassExecutor.java:106)
	at org.gradle.api.internal.tasks.testing.junit.JUnitTestClassExecutor.execute(JUnitTestClassExecutor.java:58)
	at org.gradle.api.internal.tasks.testing.junit.JUnitTestClassExecutor.execute(JUnitTestClassExecutor.java:38)
	at org.gradle.api.internal.tasks.testing.junit.AbstractJUnitTestClassProcessor.processTestClass(AbstractJUnitTestClassProcessor.java:66)
	at org.gradle.api.internal.tasks.testing.SuiteTestClassProcessor.processTestClass(SuiteTestClassProcessor.java:51)
	at sun.reflect.NativeMethodAccessorImpl.invoke0(Native Method)
	at sun.reflect.NativeMethodAccessorImpl.invoke(NativeMethodAccessorImpl.java:62)
	at sun.reflect.DelegatingMethodAccessorImpl.invoke(DelegatingMethodAccessorImpl.java:43)
	at java.lang.reflect.Method.invoke(Method.java:498)
	at org.gradle.internal.dispatch.ReflectionDispatch.dispatch(ReflectionDispatch.java:35)
	at org.gradle.internal.dispatch.ReflectionDispatch.dispatch(ReflectionDispatch.java:24)
	at org.gradle.internal.dispatch.ContextClassLoaderDispatch.dispatch(ContextClassLoaderDispatch.java:32)
	at org.gradle.internal.dispatch.ProxyDispatchAdapter$DispatchingInvocationHandler.invoke(ProxyDispatchAdapter.java:93)
	at com.sun.proxy.$Proxy2.processTestClass(Unknown Source)
	at org.gradle.api.internal.tasks.testing.worker.TestWorker.processTestClass(TestWorker.java:117)
	at sun.reflect.NativeMethodAccessorImpl.invoke0(Native Method)
	at sun.reflect.NativeMethodAccessorImpl.invoke(NativeMethodAccessorImpl.java:62)
	at sun.reflect.DelegatingMethodAccessorImpl.invoke(DelegatingMethodAccessorImpl.java:43)
	at java.lang.reflect.Method.invoke(Method.java:498)
	at org.gradle.internal.dispatch.ReflectionDispatch.dispatch(ReflectionDispatch.java:35)
	at org.gradle.internal.dispatch.ReflectionDispatch.dispatch(ReflectionDispatch.java:24)
	at org.gradle.internal.remote.internal.hub.MessageHubBackedObjectConnection$DispatchWrapper.dispatch(MessageHubBackedObjectConnection.java:155)
	at org.gradle.internal.remote.internal.hub.MessageHubBackedObjectConnection$DispatchWrapper.dispatch(MessageHubBackedObjectConnection.java:137)
	at org.gradle.internal.remote.internal.hub.MessageHub$Handler.run(MessageHub.java:404)
	at org.gradle.internal.concurrent.ExecutorPolicy$CatchAndRecordFailures.onExecute(ExecutorPolicy.java:63)
	at org.gradle.internal.concurrent.ManagedExecutorImpl$1.run(ManagedExecutorImpl.java:46)
	at java.util.concurrent.ThreadPoolExecutor.runWorker(ThreadPoolExecutor.java:1149)
	at java.util.concurrent.ThreadPoolExecutor$Worker.run(ThreadPoolExecutor.java:624)
	at org.gradle.internal.concurrent.ThreadFactoryImpl$ManagedThreadRunnable.run(ThreadFactoryImpl.java:55)
	at java.lang.Thread.run(Thread.java:748)
</pre>
</span>
</div>
<div class="test">
<a name="publish[11: com.dotcms.publishing.PublisherAPIImplTest$TestCase@1dcd04a6]"></a>
<h3 class="failures">publish[11: com.dotcms.publishing.PublisherAPIImplTest$TestCase@1dcd04a6]</h3>
<span class="code">
<pre>java.lang.AssertionError: Expected 21 but get 23 in /custom/assets/bundles/01EZK3M6TX9PS2BW9Y3Q2R0WXS
Expected [/custom/assets/bundles/01EZK3M6TX9PS2BW9Y3Q2R0WXS/live/System Host/1/1-content.b40c4a27-df30-49d3-b6dc-3238230a7f37.content.xml, /custom/assets/bundles/01EZK3M6TX9PS2BW9Y3Q2R0WXS/working/System Host/1/aac2b1a1-ed79-4894-a0f1-9fbca4dd8007.contentworkflow.xml, /custom/assets/bundles/01EZK3M6TX9PS2BW9Y3Q2R0WXS/working/System Host/f4d7c1b8-2c88-4071-abf1-a5328977b07d.contentType.json, /custom/assets/bundles/01EZK3M6TX9PS2BW9Y3Q2R0WXS/live/System Host/1/aac2b1a1-ed79-4894-a0f1-9fbca4dd8007.contentworkflow.xml, /custom/assets/bundles/01EZK3M6TX9PS2BW9Y3Q2R0WXS/working/test1614470722780.dotcms.com/7ad62da8-3af3-4c73-bd67-5f993767977f.contentType.json, /custom/assets/bundles/01EZK3M6TX9PS2BW9Y3Q2R0WXS/working/test1614470722780.dotcms.com/bb79e730-01a6-41e1-8567-25aa3d20c81e.containers.container.xml, /custom/assets/bundles/01EZK3M6TX9PS2BW9Y3Q2R0WXS/live/default/93a60e28-8be6-4fcc-b11c-8401e3efadf1.rule.xml, /custom/assets/bundles/01EZK3M6TX9PS2BW9Y3Q2R0WXS/live/System Host/1/b7f1dd39-4530-4632-80b1-2c2bf250cffd.contentworkflow.xml, /custom/assets/bundles/01EZK3M6TX9PS2BW9Y3Q2R0WXS/d61a59e1-a49c-46f2-a929-db2b4bfa88b2.workflow.xml, /custom/assets/bundles/01EZK3M6TX9PS2BW9Y3Q2R0WXS/live/default/1614472915402/3-content.c4360da7-75b0-4a31-9d2f-637d972d6d3f.content.xml, /custom/assets/bundles/01EZK3M6TX9PS2BW9Y3Q2R0WXS/working/System Host/1/2-content.2a2a287e-8807-4efc-a6a1-d943f738f8e9.content.xml, /custom/assets/bundles/01EZK3M6TX9PS2BW9Y3Q2R0WXS/live/System Host/1/content.ff462f88-d9e1-4d31-b084-b73cb61976d3.host.xml, /custom/assets/bundles/01EZK3M6TX9PS2BW9Y3Q2R0WXS/live/System Host/1/content.bed0c31c-ad99-45ed-8d6e-55667d0db9d6.host.xml, /custom/assets/bundles/01EZK3M6TX9PS2BW9Y3Q2R0WXS/live/System Host/1614472915402properties, /custom/assets/bundles/01EZK3M6TX9PS2BW9Y3Q2R0WXS/live/System Host/vi_AF.language.xml, /custom/assets/bundles/01EZK3M6TX9PS2BW9Y3Q2R0WXS/live/System Host/en_US.language.xml, /custom/assets/bundles/01EZK3M6TX9PS2BW9Y3Q2R0WXS/live/System Host/1/0-content.2a2a287e-8807-4efc-a6a1-d943f738f8e9.content.xml, /custom/assets/bundles/01EZK3M6TX9PS2BW9Y3Q2R0WXS/live/System Host/1properties, /custom/assets/bundles/01EZK3M6TX9PS2BW9Y3Q2R0WXS/working/System Host/1/content.ff462f88-d9e1-4d31-b084-b73cb61976d3.host.xml, /custom/assets/bundles/01EZK3M6TX9PS2BW9Y3Q2R0WXS/live/default/1614472915402/ab167fec-541d-4700-94f9-aa33f8ab2d60.contentworkflow.xml]
Existing [/custom/assets/bundles/01EZK3M6TX9PS2BW9Y3Q2R0WXS/ROOT/bc9a1d37-dd2d-4d49-a29d-0c9be740bfaf.folder.xml, /custom/assets/bundles/01EZK3M6TX9PS2BW9Y3Q2R0WXS/bundle.xml, /custom/assets/bundles/01EZK3M6TX9PS2BW9Y3Q2R0WXS/d61a59e1-a49c-46f2-a929-db2b4bfa88b2.workflow.xml, /custom/assets/bundles/01EZK3M6TX9PS2BW9Y3Q2R0WXS/live/System Host/1/0-content.2a2a287e-8807-4efc-a6a1-d943f738f8e9.content.xml, /custom/assets/bundles/01EZK3M6TX9PS2BW9Y3Q2R0WXS/live/System Host/1/1-content.b40c4a27-df30-49d3-b6dc-3238230a7f37.content.xml, /custom/assets/bundles/01EZK3M6TX9PS2BW9Y3Q2R0WXS/live/System Host/1/aac2b1a1-ed79-4894-a0f1-9fbca4dd8007.contentworkflow.xml, /custom/assets/bundles/01EZK3M6TX9PS2BW9Y3Q2R0WXS/live/System Host/1/b7f1dd39-4530-4632-80b1-2c2bf250cffd.contentworkflow.xml, /custom/assets/bundles/01EZK3M6TX9PS2BW9Y3Q2R0WXS/live/System Host/1/content.bed0c31c-ad99-45ed-8d6e-55667d0db9d6.host.xml, /custom/assets/bundles/01EZK3M6TX9PS2BW9Y3Q2R0WXS/live/System Host/1/content.ff462f88-d9e1-4d31-b084-b73cb61976d3.host.xml, /custom/assets/bundles/01EZK3M6TX9PS2BW9Y3Q2R0WXS/live/System Host/1/system host.host.xml, /custom/assets/bundles/01EZK3M6TX9PS2BW9Y3Q2R0WXS/live/System Host/1614472915402properties, /custom/assets/bundles/01EZK3M6TX9PS2BW9Y3Q2R0WXS/live/System Host/1properties, /custom/assets/bundles/01EZK3M6TX9PS2BW9Y3Q2R0WXS/live/System Host/en_US.language.xml, /custom/assets/bundles/01EZK3M6TX9PS2BW9Y3Q2R0WXS/live/System Host/vi_AF.language.xml, /custom/assets/bundles/01EZK3M6TX9PS2BW9Y3Q2R0WXS/live/default/1614472915402/3-content.c4360da7-75b0-4a31-9d2f-637d972d6d3f.content.xml, /custom/assets/bundles/01EZK3M6TX9PS2BW9Y3Q2R0WXS/live/default/1614472915402/ab167fec-541d-4700-94f9-aa33f8ab2d60.contentworkflow.xml, /custom/assets/bundles/01EZK3M6TX9PS2BW9Y3Q2R0WXS/live/default/93a60e28-8be6-4fcc-b11c-8401e3efadf1.rule.xml, /custom/assets/bundles/01EZK3M6TX9PS2BW9Y3Q2R0WXS/working/System Host/1/2-content.2a2a287e-8807-4efc-a6a1-d943f738f8e9.content.xml, /custom/assets/bundles/01EZK3M6TX9PS2BW9Y3Q2R0WXS/working/System Host/1/aac2b1a1-ed79-4894-a0f1-9fbca4dd8007.contentworkflow.xml, /custom/assets/bundles/01EZK3M6TX9PS2BW9Y3Q2R0WXS/working/System Host/1/content.ff462f88-d9e1-4d31-b084-b73cb61976d3.host.xml, /custom/assets/bundles/01EZK3M6TX9PS2BW9Y3Q2R0WXS/working/System Host/f4d7c1b8-2c88-4071-abf1-a5328977b07d.contentType.json, /custom/assets/bundles/01EZK3M6TX9PS2BW9Y3Q2R0WXS/working/test1614470722780.dotcms.com/7ad62da8-3af3-4c73-bd67-5f993767977f.contentType.json, /custom/assets/bundles/01EZK3M6TX9PS2BW9Y3Q2R0WXS/working/test1614470722780.dotcms.com/bb79e730-01a6-41e1-8567-25aa3d20c81e.containers.container.xml]
difference [/custom/assets/bundles/01EZK3M6TX9PS2BW9Y3Q2R0WXS/ROOT/bc9a1d37-dd2d-4d49-a29d-0c9be740bfaf.folder.xml, /custom/assets/bundles/01EZK3M6TX9PS2BW9Y3Q2R0WXS/bundle.xml, /custom/assets/bundles/01EZK3M6TX9PS2BW9Y3Q2R0WXS/live/System Host/1/system host.host.xml]

	at org.jgroups.util.Util.assertEquals(Util.java:185)
	at com.dotcms.publishing.PublisherAPIImplTest.publish(PublisherAPIImplTest.java:407)
	at sun.reflect.NativeMethodAccessorImpl.invoke0(Native Method)
	at sun.reflect.NativeMethodAccessorImpl.invoke(NativeMethodAccessorImpl.java:62)
	at sun.reflect.DelegatingMethodAccessorImpl.invoke(DelegatingMethodAccessorImpl.java:43)
	at java.lang.reflect.Method.invoke(Method.java:498)
	at org.junit.runners.model.FrameworkMethod$1.runReflectiveCall(FrameworkMethod.java:50)
	at org.junit.internal.runners.model.ReflectiveCallable.run(ReflectiveCallable.java:12)
	at org.junit.runners.model.FrameworkMethod.invokeExplosively(FrameworkMethod.java:47)
	at com.tngtech.java.junit.dataprovider.DataProviderFrameworkMethod.invokeExplosively(DataProviderFrameworkMethod.java:119)
	at org.junit.internal.runners.statements.InvokeMethod.evaluate(InvokeMethod.java:17)
	at org.junit.rules.TestWatcher$1.evaluate(TestWatcher.java:55)
	at org.junit.rules.RunRules.evaluate(RunRules.java:20)
	at org.junit.runners.ParentRunner.runLeaf(ParentRunner.java:325)
	at com.dotcms.junit.CustomDataProviderRunner.runChild(CustomDataProviderRunner.java:28)
	at com.dotcms.junit.CustomDataProviderRunner.runChild(CustomDataProviderRunner.java:13)
	at org.junit.runners.ParentRunner$3.run(ParentRunner.java:290)
	at org.junit.runners.ParentRunner$1.schedule(ParentRunner.java:71)
	at org.junit.runners.ParentRunner.runChildren(ParentRunner.java:288)
	at org.junit.runners.ParentRunner.access$000(ParentRunner.java:58)
	at org.junit.runners.ParentRunner$2.evaluate(ParentRunner.java:268)
	at org.junit.internal.runners.statements.RunBefores.evaluate(RunBefores.java:26)
	at org.junit.internal.runners.statements.RunAfters.evaluate(RunAfters.java:27)
	at org.junit.runners.ParentRunner.run(ParentRunner.java:363)
	at org.junit.runners.Suite.runChild(Suite.java:128)
	at org.junit.runners.Suite.runChild(Suite.java:27)
	at org.junit.runners.ParentRunner$3.run(ParentRunner.java:290)
	at org.junit.runners.ParentRunner$1.schedule(ParentRunner.java:71)
	at org.junit.runners.ParentRunner.runChildren(ParentRunner.java:288)
	at org.junit.runners.ParentRunner.access$000(ParentRunner.java:58)
	at org.junit.runners.ParentRunner$2.evaluate(ParentRunner.java:268)
	at org.junit.runners.ParentRunner.run(ParentRunner.java:363)
	at org.gradle.api.internal.tasks.testing.junit.JUnitTestClassExecutor.runTestClass(JUnitTestClassExecutor.java:106)
	at org.gradle.api.internal.tasks.testing.junit.JUnitTestClassExecutor.execute(JUnitTestClassExecutor.java:58)
	at org.gradle.api.internal.tasks.testing.junit.JUnitTestClassExecutor.execute(JUnitTestClassExecutor.java:38)
	at org.gradle.api.internal.tasks.testing.junit.AbstractJUnitTestClassProcessor.processTestClass(AbstractJUnitTestClassProcessor.java:66)
	at org.gradle.api.internal.tasks.testing.SuiteTestClassProcessor.processTestClass(SuiteTestClassProcessor.java:51)
	at sun.reflect.NativeMethodAccessorImpl.invoke0(Native Method)
	at sun.reflect.NativeMethodAccessorImpl.invoke(NativeMethodAccessorImpl.java:62)
	at sun.reflect.DelegatingMethodAccessorImpl.invoke(DelegatingMethodAccessorImpl.java:43)
	at java.lang.reflect.Method.invoke(Method.java:498)
	at org.gradle.internal.dispatch.ReflectionDispatch.dispatch(ReflectionDispatch.java:35)
	at org.gradle.internal.dispatch.ReflectionDispatch.dispatch(ReflectionDispatch.java:24)
	at org.gradle.internal.dispatch.ContextClassLoaderDispatch.dispatch(ContextClassLoaderDispatch.java:32)
	at org.gradle.internal.dispatch.ProxyDispatchAdapter$DispatchingInvocationHandler.invoke(ProxyDispatchAdapter.java:93)
	at com.sun.proxy.$Proxy2.processTestClass(Unknown Source)
	at org.gradle.api.internal.tasks.testing.worker.TestWorker.processTestClass(TestWorker.java:117)
	at sun.reflect.NativeMethodAccessorImpl.invoke0(Native Method)
	at sun.reflect.NativeMethodAccessorImpl.invoke(NativeMethodAccessorImpl.java:62)
	at sun.reflect.DelegatingMethodAccessorImpl.invoke(DelegatingMethodAccessorImpl.java:43)
	at java.lang.reflect.Method.invoke(Method.java:498)
	at org.gradle.internal.dispatch.ReflectionDispatch.dispatch(ReflectionDispatch.java:35)
	at org.gradle.internal.dispatch.ReflectionDispatch.dispatch(ReflectionDispatch.java:24)
	at org.gradle.internal.remote.internal.hub.MessageHubBackedObjectConnection$DispatchWrapper.dispatch(MessageHubBackedObjectConnection.java:155)
	at org.gradle.internal.remote.internal.hub.MessageHubBackedObjectConnection$DispatchWrapper.dispatch(MessageHubBackedObjectConnection.java:137)
	at org.gradle.internal.remote.internal.hub.MessageHub$Handler.run(MessageHub.java:404)
	at org.gradle.internal.concurrent.ExecutorPolicy$CatchAndRecordFailures.onExecute(ExecutorPolicy.java:63)
	at org.gradle.internal.concurrent.ManagedExecutorImpl$1.run(ManagedExecutorImpl.java:46)
	at java.util.concurrent.ThreadPoolExecutor.runWorker(ThreadPoolExecutor.java:1149)
	at java.util.concurrent.ThreadPoolExecutor$Worker.run(ThreadPoolExecutor.java:624)
	at org.gradle.internal.concurrent.ThreadFactoryImpl$ManagedThreadRunnable.run(ThreadFactoryImpl.java:55)
	at java.lang.Thread.run(Thread.java:748)
</pre>
</span>
</div>
<div class="test">
<a name="publish[12: com.dotcms.publishing.PublisherAPIImplTest$TestCase@75f2654d]"></a>
<h3 class="failures">publish[12: com.dotcms.publishing.PublisherAPIImplTest$TestCase@75f2654d]</h3>
<span class="code">
<pre>java.lang.AssertionError: Expected 31 but get 33 in /custom/assets/bundles/01EZK3M6XWG4NKZ83V2N9MCSWJ
Expected [/custom/assets/bundles/01EZK3M6XWG4NKZ83V2N9MCSWJ/live/System Host/1/content.87b2869c-c271-4cf5-a949-e32921cecf32.host.xml, /custom/assets/bundles/01EZK3M6XWG4NKZ83V2N9MCSWJ/live/default/1614472915402/ab167fec-541d-4700-94f9-aa33f8ab2d60.contentworkflow.xml, /custom/assets/bundles/01EZK3M6XWG4NKZ83V2N9MCSWJ/live/System Host/1/1-content.b40c4a27-df30-49d3-b6dc-3238230a7f37.content.xml, /custom/assets/bundles/01EZK3M6XWG4NKZ83V2N9MCSWJ/working/test1614470723650.dotcms.com/testName1614470724649/testName1614470724654/c328bc36-9110-4d2d-b335-3db38abf614b.link.xml, /custom/assets/bundles/01EZK3M6XWG4NKZ83V2N9MCSWJ/working/test1614470723650.dotcms.com/1/2-0097aa4a-7105-4730-8f67-1458aa3f2933.content.xml, /custom/assets/bundles/01EZK3M6XWG4NKZ83V2N9MCSWJ/ROOT/6f0b47f8-2e56-49f2-bd4a-6254ccb38c7f.folder.xml, /custom/assets/bundles/01EZK3M6XWG4NKZ83V2N9MCSWJ/live/System Host/1/b7f1dd39-4530-4632-80b1-2c2bf250cffd.contentworkflow.xml, /custom/assets/bundles/01EZK3M6XWG4NKZ83V2N9MCSWJ/working/System Host/1/aac2b1a1-ed79-4894-a0f1-9fbca4dd8007.contentworkflow.xml, /custom/assets/bundles/01EZK3M6XWG4NKZ83V2N9MCSWJ/working/System Host/f4d7c1b8-2c88-4071-abf1-a5328977b07d.contentType.json, /custom/assets/bundles/01EZK3M6XWG4NKZ83V2N9MCSWJ/live/System Host/en_US.language.xml, /custom/assets/bundles/01EZK3M6XWG4NKZ83V2N9MCSWJ/live/default/93a60e28-8be6-4fcc-b11c-8401e3efadf1.rule.xml, /custom/assets/bundles/01EZK3M6XWG4NKZ83V2N9MCSWJ/d61a59e1-a49c-46f2-a929-db2b4bfa88b2.workflow.xml, /custom/assets/bundles/01EZK3M6XWG4NKZ83V2N9MCSWJ/live/System Host/1614472915402properties, /custom/assets/bundles/01EZK3M6XWG4NKZ83V2N9MCSWJ/ROOT/testName1614470724649/5295a729-0f83-4ca8-91b9-b759cbecc154.folder.xml, /custom/assets/bundles/01EZK3M6XWG4NKZ83V2N9MCSWJ/live/System Host/1/aac2b1a1-ed79-4894-a0f1-9fbca4dd8007.contentworkflow.xml, /custom/assets/bundles/01EZK3M6XWG4NKZ83V2N9MCSWJ/working/test1614470723650.dotcms.com/1/d39c2936-e7e7-4c32-9bf4-ceaa941ff25a.contentworkflow.xml, /custom/assets/bundles/01EZK3M6XWG4NKZ83V2N9MCSWJ/working/test1614470723650.dotcms.com/1/c543490f-dd7e-4d17-b7fb-65219bf930b6.contentworkflow.xml, /custom/assets/bundles/01EZK3M6XWG4NKZ83V2N9MCSWJ/working/System Host/33888b6f-7a8e-4069-b1b6-5c1aa9d0a48d.contentType.json, /custom/assets/bundles/01EZK3M6XWG4NKZ83V2N9MCSWJ/working/test1614470723650.dotcms.com/0251870e-96d7-4929-9a1b-cd41c0f672ec.contentType.json, /custom/assets/bundles/01EZK3M6XWG4NKZ83V2N9MCSWJ/live/System Host/vi_AF.language.xml, /custom/assets/bundles/01EZK3M6XWG4NKZ83V2N9MCSWJ/working/test1614470723650.dotcms.com/1/4-bcbeac0e-50d9-42ba-bb9e-53542cfdb65a.content.xml, /custom/assets/bundles/01EZK3M6XWG4NKZ83V2N9MCSWJ/live/System Host/1/content.ff462f88-d9e1-4d31-b084-b73cb61976d3.host.xml, /custom/assets/bundles/01EZK3M6XWG4NKZ83V2N9MCSWJ/ROOT/testName1614470724649/testName1614470724654/b0dd6f60-438b-4ac7-9965-b27569ad4f50.folder.xml, /custom/assets/bundles/01EZK3M6XWG4NKZ83V2N9MCSWJ/live/System Host/1properties, /custom/assets/bundles/01EZK3M6XWG4NKZ83V2N9MCSWJ/live/default/1614472915402/5-content.c4360da7-75b0-4a31-9d2f-637d972d6d3f.content.xml, /custom/assets/bundles/01EZK3M6XWG4NKZ83V2N9MCSWJ/live/System Host/1/0-content.2a2a287e-8807-4efc-a6a1-d943f738f8e9.content.xml, /custom/assets/bundles/01EZK3M6XWG4NKZ83V2N9MCSWJ/assets/b/c/bcbeac0e-50d9-42ba-bb9e-53542cfdb65a/fileAsset/test.jpg, /custom/assets/bundles/01EZK3M6XWG4NKZ83V2N9MCSWJ/working/System Host/1/3-content.2a2a287e-8807-4efc-a6a1-d943f738f8e9.content.xml, /custom/assets/bundles/01EZK3M6XWG4NKZ83V2N9MCSWJ/working/System Host/1/content.ff462f88-d9e1-4d31-b084-b73cb61976d3.host.xml, /custom/assets/bundles/01EZK3M6XWG4NKZ83V2N9MCSWJ/assets/0/0/0097aa4a-7105-4730-8f67-1458aa3f2933/fileAsset/test.jpg]
Existing [/custom/assets/bundles/01EZK3M6XWG4NKZ83V2N9MCSWJ/ROOT/6f0b47f8-2e56-49f2-bd4a-6254ccb38c7f.folder.xml, /custom/assets/bundles/01EZK3M6XWG4NKZ83V2N9MCSWJ/ROOT/bc9a1d37-dd2d-4d49-a29d-0c9be740bfaf.folder.xml, /custom/assets/bundles/01EZK3M6XWG4NKZ83V2N9MCSWJ/ROOT/testName1614470724649/5295a729-0f83-4ca8-91b9-b759cbecc154.folder.xml, /custom/assets/bundles/01EZK3M6XWG4NKZ83V2N9MCSWJ/ROOT/testName1614470724649/testName1614470724654/b0dd6f60-438b-4ac7-9965-b27569ad4f50.folder.xml, /custom/assets/bundles/01EZK3M6XWG4NKZ83V2N9MCSWJ/assets/0/0/0097aa4a-7105-4730-8f67-1458aa3f2933/fileAsset/test.jpg, /custom/assets/bundles/01EZK3M6XWG4NKZ83V2N9MCSWJ/assets/b/c/bcbeac0e-50d9-42ba-bb9e-53542cfdb65a/fileAsset/test.jpg, /custom/assets/bundles/01EZK3M6XWG4NKZ83V2N9MCSWJ/bundle.xml, /custom/assets/bundles/01EZK3M6XWG4NKZ83V2N9MCSWJ/d61a59e1-a49c-46f2-a929-db2b4bfa88b2.workflow.xml, /custom/assets/bundles/01EZK3M6XWG4NKZ83V2N9MCSWJ/live/System Host/1/0-content.2a2a287e-8807-4efc-a6a1-d943f738f8e9.content.xml, /custom/assets/bundles/01EZK3M6XWG4NKZ83V2N9MCSWJ/live/System Host/1/1-content.b40c4a27-df30-49d3-b6dc-3238230a7f37.content.xml, /custom/assets/bundles/01EZK3M6XWG4NKZ83V2N9MCSWJ/live/System Host/1/aac2b1a1-ed79-4894-a0f1-9fbca4dd8007.contentworkflow.xml, /custom/assets/bundles/01EZK3M6XWG4NKZ83V2N9MCSWJ/live/System Host/1/b7f1dd39-4530-4632-80b1-2c2bf250cffd.contentworkflow.xml, /custom/assets/bundles/01EZK3M6XWG4NKZ83V2N9MCSWJ/live/System Host/1/content.87b2869c-c271-4cf5-a949-e32921cecf32.host.xml, /custom/assets/bundles/01EZK3M6XWG4NKZ83V2N9MCSWJ/live/System Host/1/content.ff462f88-d9e1-4d31-b084-b73cb61976d3.host.xml, /custom/assets/bundles/01EZK3M6XWG4NKZ83V2N9MCSWJ/live/System Host/1/system host.host.xml, /custom/assets/bundles/01EZK3M6XWG4NKZ83V2N9MCSWJ/live/System Host/1614472915402properties, /custom/assets/bundles/01EZK3M6XWG4NKZ83V2N9MCSWJ/live/System Host/1properties, /custom/assets/bundles/01EZK3M6XWG4NKZ83V2N9MCSWJ/live/System Host/en_US.language.xml, /custom/assets/bundles/01EZK3M6XWG4NKZ83V2N9MCSWJ/live/System Host/vi_AF.language.xml, /custom/assets/bundles/01EZK3M6XWG4NKZ83V2N9MCSWJ/live/default/1614472915402/5-content.c4360da7-75b0-4a31-9d2f-637d972d6d3f.content.xml, /custom/assets/bundles/01EZK3M6XWG4NKZ83V2N9MCSWJ/live/default/1614472915402/ab167fec-541d-4700-94f9-aa33f8ab2d60.contentworkflow.xml, /custom/assets/bundles/01EZK3M6XWG4NKZ83V2N9MCSWJ/live/default/93a60e28-8be6-4fcc-b11c-8401e3efadf1.rule.xml, /custom/assets/bundles/01EZK3M6XWG4NKZ83V2N9MCSWJ/working/System Host/1/3-content.2a2a287e-8807-4efc-a6a1-d943f738f8e9.content.xml, /custom/assets/bundles/01EZK3M6XWG4NKZ83V2N9MCSWJ/working/System Host/1/aac2b1a1-ed79-4894-a0f1-9fbca4dd8007.contentworkflow.xml, /custom/assets/bundles/01EZK3M6XWG4NKZ83V2N9MCSWJ/working/System Host/1/content.ff462f88-d9e1-4d31-b084-b73cb61976d3.host.xml, /custom/assets/bundles/01EZK3M6XWG4NKZ83V2N9MCSWJ/working/System Host/33888b6f-7a8e-4069-b1b6-5c1aa9d0a48d.contentType.json, /custom/assets/bundles/01EZK3M6XWG4NKZ83V2N9MCSWJ/working/System Host/f4d7c1b8-2c88-4071-abf1-a5328977b07d.contentType.json, /custom/assets/bundles/01EZK3M6XWG4NKZ83V2N9MCSWJ/working/test1614470723650.dotcms.com/0251870e-96d7-4929-9a1b-cd41c0f672ec.contentType.json, /custom/assets/bundles/01EZK3M6XWG4NKZ83V2N9MCSWJ/working/test1614470723650.dotcms.com/1/2-0097aa4a-7105-4730-8f67-1458aa3f2933.content.xml, /custom/assets/bundles/01EZK3M6XWG4NKZ83V2N9MCSWJ/working/test1614470723650.dotcms.com/1/4-bcbeac0e-50d9-42ba-bb9e-53542cfdb65a.content.xml, /custom/assets/bundles/01EZK3M6XWG4NKZ83V2N9MCSWJ/working/test1614470723650.dotcms.com/1/c543490f-dd7e-4d17-b7fb-65219bf930b6.contentworkflow.xml, /custom/assets/bundles/01EZK3M6XWG4NKZ83V2N9MCSWJ/working/test1614470723650.dotcms.com/1/d39c2936-e7e7-4c32-9bf4-ceaa941ff25a.contentworkflow.xml, /custom/assets/bundles/01EZK3M6XWG4NKZ83V2N9MCSWJ/working/test1614470723650.dotcms.com/testName1614470724649/testName1614470724654/c328bc36-9110-4d2d-b335-3db38abf614b.link.xml]
difference [/custom/assets/bundles/01EZK3M6XWG4NKZ83V2N9MCSWJ/ROOT/bc9a1d37-dd2d-4d49-a29d-0c9be740bfaf.folder.xml, /custom/assets/bundles/01EZK3M6XWG4NKZ83V2N9MCSWJ/bundle.xml, /custom/assets/bundles/01EZK3M6XWG4NKZ83V2N9MCSWJ/live/System Host/1/system host.host.xml]

	at org.jgroups.util.Util.assertEquals(Util.java:185)
	at com.dotcms.publishing.PublisherAPIImplTest.publish(PublisherAPIImplTest.java:407)
	at sun.reflect.NativeMethodAccessorImpl.invoke0(Native Method)
	at sun.reflect.NativeMethodAccessorImpl.invoke(NativeMethodAccessorImpl.java:62)
	at sun.reflect.DelegatingMethodAccessorImpl.invoke(DelegatingMethodAccessorImpl.java:43)
	at java.lang.reflect.Method.invoke(Method.java:498)
	at org.junit.runners.model.FrameworkMethod$1.runReflectiveCall(FrameworkMethod.java:50)
	at org.junit.internal.runners.model.ReflectiveCallable.run(ReflectiveCallable.java:12)
	at org.junit.runners.model.FrameworkMethod.invokeExplosively(FrameworkMethod.java:47)
	at com.tngtech.java.junit.dataprovider.DataProviderFrameworkMethod.invokeExplosively(DataProviderFrameworkMethod.java:119)
	at org.junit.internal.runners.statements.InvokeMethod.evaluate(InvokeMethod.java:17)
	at org.junit.rules.TestWatcher$1.evaluate(TestWatcher.java:55)
	at org.junit.rules.RunRules.evaluate(RunRules.java:20)
	at org.junit.runners.ParentRunner.runLeaf(ParentRunner.java:325)
	at com.dotcms.junit.CustomDataProviderRunner.runChild(CustomDataProviderRunner.java:28)
	at com.dotcms.junit.CustomDataProviderRunner.runChild(CustomDataProviderRunner.java:13)
	at org.junit.runners.ParentRunner$3.run(ParentRunner.java:290)
	at org.junit.runners.ParentRunner$1.schedule(ParentRunner.java:71)
	at org.junit.runners.ParentRunner.runChildren(ParentRunner.java:288)
	at org.junit.runners.ParentRunner.access$000(ParentRunner.java:58)
	at org.junit.runners.ParentRunner$2.evaluate(ParentRunner.java:268)
	at org.junit.internal.runners.statements.RunBefores.evaluate(RunBefores.java:26)
	at org.junit.internal.runners.statements.RunAfters.evaluate(RunAfters.java:27)
	at org.junit.runners.ParentRunner.run(ParentRunner.java:363)
	at org.junit.runners.Suite.runChild(Suite.java:128)
	at org.junit.runners.Suite.runChild(Suite.java:27)
	at org.junit.runners.ParentRunner$3.run(ParentRunner.java:290)
	at org.junit.runners.ParentRunner$1.schedule(ParentRunner.java:71)
	at org.junit.runners.ParentRunner.runChildren(ParentRunner.java:288)
	at org.junit.runners.ParentRunner.access$000(ParentRunner.java:58)
	at org.junit.runners.ParentRunner$2.evaluate(ParentRunner.java:268)
	at org.junit.runners.ParentRunner.run(ParentRunner.java:363)
	at org.gradle.api.internal.tasks.testing.junit.JUnitTestClassExecutor.runTestClass(JUnitTestClassExecutor.java:106)
	at org.gradle.api.internal.tasks.testing.junit.JUnitTestClassExecutor.execute(JUnitTestClassExecutor.java:58)
	at org.gradle.api.internal.tasks.testing.junit.JUnitTestClassExecutor.execute(JUnitTestClassExecutor.java:38)
	at org.gradle.api.internal.tasks.testing.junit.AbstractJUnitTestClassProcessor.processTestClass(AbstractJUnitTestClassProcessor.java:66)
	at org.gradle.api.internal.tasks.testing.SuiteTestClassProcessor.processTestClass(SuiteTestClassProcessor.java:51)
	at sun.reflect.NativeMethodAccessorImpl.invoke0(Native Method)
	at sun.reflect.NativeMethodAccessorImpl.invoke(NativeMethodAccessorImpl.java:62)
	at sun.reflect.DelegatingMethodAccessorImpl.invoke(DelegatingMethodAccessorImpl.java:43)
	at java.lang.reflect.Method.invoke(Method.java:498)
	at org.gradle.internal.dispatch.ReflectionDispatch.dispatch(ReflectionDispatch.java:35)
	at org.gradle.internal.dispatch.ReflectionDispatch.dispatch(ReflectionDispatch.java:24)
	at org.gradle.internal.dispatch.ContextClassLoaderDispatch.dispatch(ContextClassLoaderDispatch.java:32)
	at org.gradle.internal.dispatch.ProxyDispatchAdapter$DispatchingInvocationHandler.invoke(ProxyDispatchAdapter.java:93)
	at com.sun.proxy.$Proxy2.processTestClass(Unknown Source)
	at org.gradle.api.internal.tasks.testing.worker.TestWorker.processTestClass(TestWorker.java:117)
	at sun.reflect.NativeMethodAccessorImpl.invoke0(Native Method)
	at sun.reflect.NativeMethodAccessorImpl.invoke(NativeMethodAccessorImpl.java:62)
	at sun.reflect.DelegatingMethodAccessorImpl.invoke(DelegatingMethodAccessorImpl.java:43)
	at java.lang.reflect.Method.invoke(Method.java:498)
	at org.gradle.internal.dispatch.ReflectionDispatch.dispatch(ReflectionDispatch.java:35)
	at org.gradle.internal.dispatch.ReflectionDispatch.dispatch(ReflectionDispatch.java:24)
	at org.gradle.internal.remote.internal.hub.MessageHubBackedObjectConnection$DispatchWrapper.dispatch(MessageHubBackedObjectConnection.java:155)
	at org.gradle.internal.remote.internal.hub.MessageHubBackedObjectConnection$DispatchWrapper.dispatch(MessageHubBackedObjectConnection.java:137)
	at org.gradle.internal.remote.internal.hub.MessageHub$Handler.run(MessageHub.java:404)
	at org.gradle.internal.concurrent.ExecutorPolicy$CatchAndRecordFailures.onExecute(ExecutorPolicy.java:63)
	at org.gradle.internal.concurrent.ManagedExecutorImpl$1.run(ManagedExecutorImpl.java:46)
	at java.util.concurrent.ThreadPoolExecutor.runWorker(ThreadPoolExecutor.java:1149)
	at java.util.concurrent.ThreadPoolExecutor$Worker.run(ThreadPoolExecutor.java:624)
	at org.gradle.internal.concurrent.ThreadFactoryImpl$ManagedThreadRunnable.run(ThreadFactoryImpl.java:55)
	at java.lang.Thread.run(Thread.java:748)
</pre>
</span>
</div>
<div class="test">
<a name="publish[13: com.dotcms.publishing.PublisherAPIImplTest$TestCase@6a7d5d15]"></a>
<h3 class="failures">publish[13: com.dotcms.publishing.PublisherAPIImplTest$TestCase@6a7d5d15]</h3>
<span class="code">
<pre>java.lang.AssertionError: Expected 28 but get 30 in /custom/assets/bundles/01EZK3M72C0EMNVF36WQZJE50R
Expected [/custom/assets/bundles/01EZK3M72C0EMNVF36WQZJE50R/live/System Host/1properties, /custom/assets/bundles/01EZK3M72C0EMNVF36WQZJE50R/live/System Host/1/1-content.b40c4a27-df30-49d3-b6dc-3238230a7f37.content.xml, /custom/assets/bundles/01EZK3M72C0EMNVF36WQZJE50R/live/System Host/1/content.ff462f88-d9e1-4d31-b084-b73cb61976d3.host.xml, /custom/assets/bundles/01EZK3M72C0EMNVF36WQZJE50R/working/test1614470724889.dotcms.com/bedcebfc-d0cc-46aa-8c6a-a92a2371d137.containers.container.xml, /custom/assets/bundles/01EZK3M72C0EMNVF36WQZJE50R/live/System Host/1/0-content.2a2a287e-8807-4efc-a6a1-d943f738f8e9.content.xml, /custom/assets/bundles/01EZK3M72C0EMNVF36WQZJE50R/working/System Host/1/aac2b1a1-ed79-4894-a0f1-9fbca4dd8007.contentworkflow.xml, /custom/assets/bundles/01EZK3M72C0EMNVF36WQZJE50R/working/test1614470724889.dotcms.com/1/73f4e833-2042-46ab-bb96-47f22f323ee4.contentworkflow.xml, /custom/assets/bundles/01EZK3M72C0EMNVF36WQZJE50R/live/test1614470724889.dotcms.com/30b6c4fe-9337-46ec-941a-bcb2ba3cb67d.template.template.xml, /custom/assets/bundles/01EZK3M72C0EMNVF36WQZJE50R/working/test1614470724889.dotcms.com/c1ab83f4-839b-43f3-b287-dd3cbff5eea0.contentType.json, /custom/assets/bundles/01EZK3M72C0EMNVF36WQZJE50R/live/default/1614472915402/ab167fec-541d-4700-94f9-aa33f8ab2d60.contentworkflow.xml, /custom/assets/bundles/01EZK3M72C0EMNVF36WQZJE50R/live/default/93a60e28-8be6-4fcc-b11c-8401e3efadf1.rule.xml, /custom/assets/bundles/01EZK3M72C0EMNVF36WQZJE50R/working/System Host/1/2-content.2a2a287e-8807-4efc-a6a1-d943f738f8e9.content.xml, /custom/assets/bundles/01EZK3M72C0EMNVF36WQZJE50R/working/System Host/33888b6f-7a8e-4069-b1b6-5c1aa9d0a48d.contentType.json, /custom/assets/bundles/01EZK3M72C0EMNVF36WQZJE50R/live/System Host/en_US.language.xml, /custom/assets/bundles/01EZK3M72C0EMNVF36WQZJE50R/live/test1614470724889.dotcms.com/1eb3fce1-9c45-4c39-84b4-e68d97bf4c90.rule.xml, /custom/assets/bundles/01EZK3M72C0EMNVF36WQZJE50R/live/System Host/1/b7f1dd39-4530-4632-80b1-2c2bf250cffd.contentworkflow.xml, /custom/assets/bundles/01EZK3M72C0EMNVF36WQZJE50R/live/System Host/1/content.154f4473-8ff9-40bf-ad57-484426c9b142.host.xml, /custom/assets/bundles/01EZK3M72C0EMNVF36WQZJE50R/ROOT/72fa9cf7-41df-44f5-aeae-9bf636a1044e.folder.xml, /custom/assets/bundles/01EZK3M72C0EMNVF36WQZJE50R/working/test1614470724889.dotcms.com/1/3-content.406cb0c0-a363-4ca1-b722-e80b0a016fc1.content.xml, /custom/assets/bundles/01EZK3M72C0EMNVF36WQZJE50R/d61a59e1-a49c-46f2-a929-db2b4bfa88b2.workflow.xml, /custom/assets/bundles/01EZK3M72C0EMNVF36WQZJE50R/working/System Host/f4d7c1b8-2c88-4071-abf1-a5328977b07d.contentType.json, /custom/assets/bundles/01EZK3M72C0EMNVF36WQZJE50R/working/System Host/1/content.ff462f88-d9e1-4d31-b084-b73cb61976d3.host.xml, /custom/assets/bundles/01EZK3M72C0EMNVF36WQZJE50R/working/test1614470724889.dotcms.com/e24b3c73-c745-4860-a95a-dcda57d71417.contentType.json, /custom/assets/bundles/01EZK3M72C0EMNVF36WQZJE50R/live/System Host/vi_AF.language.xml, /custom/assets/bundles/01EZK3M72C0EMNVF36WQZJE50R/live/System Host/1614472915402properties, /custom/assets/bundles/01EZK3M72C0EMNVF36WQZJE50R/live/System Host/1/aac2b1a1-ed79-4894-a0f1-9fbca4dd8007.contentworkflow.xml, /custom/assets/bundles/01EZK3M72C0EMNVF36WQZJE50R/live/default/1614472915402/4-content.c4360da7-75b0-4a31-9d2f-637d972d6d3f.content.xml]
Existing [/custom/assets/bundles/01EZK3M72C0EMNVF36WQZJE50R/ROOT/72fa9cf7-41df-44f5-aeae-9bf636a1044e.folder.xml, /custom/assets/bundles/01EZK3M72C0EMNVF36WQZJE50R/ROOT/bc9a1d37-dd2d-4d49-a29d-0c9be740bfaf.folder.xml, /custom/assets/bundles/01EZK3M72C0EMNVF36WQZJE50R/bundle.xml, /custom/assets/bundles/01EZK3M72C0EMNVF36WQZJE50R/d61a59e1-a49c-46f2-a929-db2b4bfa88b2.workflow.xml, /custom/assets/bundles/01EZK3M72C0EMNVF36WQZJE50R/live/System Host/1/0-content.2a2a287e-8807-4efc-a6a1-d943f738f8e9.content.xml, /custom/assets/bundles/01EZK3M72C0EMNVF36WQZJE50R/live/System Host/1/1-content.b40c4a27-df30-49d3-b6dc-3238230a7f37.content.xml, /custom/assets/bundles/01EZK3M72C0EMNVF36WQZJE50R/live/System Host/1/aac2b1a1-ed79-4894-a0f1-9fbca4dd8007.contentworkflow.xml, /custom/assets/bundles/01EZK3M72C0EMNVF36WQZJE50R/live/System Host/1/b7f1dd39-4530-4632-80b1-2c2bf250cffd.contentworkflow.xml, /custom/assets/bundles/01EZK3M72C0EMNVF36WQZJE50R/live/System Host/1/content.154f4473-8ff9-40bf-ad57-484426c9b142.host.xml, /custom/assets/bundles/01EZK3M72C0EMNVF36WQZJE50R/live/System Host/1/content.ff462f88-d9e1-4d31-b084-b73cb61976d3.host.xml, /custom/assets/bundles/01EZK3M72C0EMNVF36WQZJE50R/live/System Host/1/system host.host.xml, /custom/assets/bundles/01EZK3M72C0EMNVF36WQZJE50R/live/System Host/1614472915402properties, /custom/assets/bundles/01EZK3M72C0EMNVF36WQZJE50R/live/System Host/1properties, /custom/assets/bundles/01EZK3M72C0EMNVF36WQZJE50R/live/System Host/en_US.language.xml, /custom/assets/bundles/01EZK3M72C0EMNVF36WQZJE50R/live/System Host/vi_AF.language.xml, /custom/assets/bundles/01EZK3M72C0EMNVF36WQZJE50R/live/default/1614472915402/4-content.c4360da7-75b0-4a31-9d2f-637d972d6d3f.content.xml, /custom/assets/bundles/01EZK3M72C0EMNVF36WQZJE50R/live/default/1614472915402/ab167fec-541d-4700-94f9-aa33f8ab2d60.contentworkflow.xml, /custom/assets/bundles/01EZK3M72C0EMNVF36WQZJE50R/live/default/93a60e28-8be6-4fcc-b11c-8401e3efadf1.rule.xml, /custom/assets/bundles/01EZK3M72C0EMNVF36WQZJE50R/live/test1614470724889.dotcms.com/1eb3fce1-9c45-4c39-84b4-e68d97bf4c90.rule.xml, /custom/assets/bundles/01EZK3M72C0EMNVF36WQZJE50R/live/test1614470724889.dotcms.com/30b6c4fe-9337-46ec-941a-bcb2ba3cb67d.template.template.xml, /custom/assets/bundles/01EZK3M72C0EMNVF36WQZJE50R/working/System Host/1/2-content.2a2a287e-8807-4efc-a6a1-d943f738f8e9.content.xml, /custom/assets/bundles/01EZK3M72C0EMNVF36WQZJE50R/working/System Host/1/aac2b1a1-ed79-4894-a0f1-9fbca4dd8007.contentworkflow.xml, /custom/assets/bundles/01EZK3M72C0EMNVF36WQZJE50R/working/System Host/1/content.ff462f88-d9e1-4d31-b084-b73cb61976d3.host.xml, /custom/assets/bundles/01EZK3M72C0EMNVF36WQZJE50R/working/System Host/33888b6f-7a8e-4069-b1b6-5c1aa9d0a48d.contentType.json, /custom/assets/bundles/01EZK3M72C0EMNVF36WQZJE50R/working/System Host/f4d7c1b8-2c88-4071-abf1-a5328977b07d.contentType.json, /custom/assets/bundles/01EZK3M72C0EMNVF36WQZJE50R/working/test1614470724889.dotcms.com/1/3-content.406cb0c0-a363-4ca1-b722-e80b0a016fc1.content.xml, /custom/assets/bundles/01EZK3M72C0EMNVF36WQZJE50R/working/test1614470724889.dotcms.com/1/73f4e833-2042-46ab-bb96-47f22f323ee4.contentworkflow.xml, /custom/assets/bundles/01EZK3M72C0EMNVF36WQZJE50R/working/test1614470724889.dotcms.com/bedcebfc-d0cc-46aa-8c6a-a92a2371d137.containers.container.xml, /custom/assets/bundles/01EZK3M72C0EMNVF36WQZJE50R/working/test1614470724889.dotcms.com/c1ab83f4-839b-43f3-b287-dd3cbff5eea0.contentType.json, /custom/assets/bundles/01EZK3M72C0EMNVF36WQZJE50R/working/test1614470724889.dotcms.com/e24b3c73-c745-4860-a95a-dcda57d71417.contentType.json]
difference [/custom/assets/bundles/01EZK3M72C0EMNVF36WQZJE50R/ROOT/bc9a1d37-dd2d-4d49-a29d-0c9be740bfaf.folder.xml, /custom/assets/bundles/01EZK3M72C0EMNVF36WQZJE50R/bundle.xml, /custom/assets/bundles/01EZK3M72C0EMNVF36WQZJE50R/live/System Host/1/system host.host.xml]

	at org.jgroups.util.Util.assertEquals(Util.java:185)
	at com.dotcms.publishing.PublisherAPIImplTest.publish(PublisherAPIImplTest.java:407)
	at sun.reflect.NativeMethodAccessorImpl.invoke0(Native Method)
	at sun.reflect.NativeMethodAccessorImpl.invoke(NativeMethodAccessorImpl.java:62)
	at sun.reflect.DelegatingMethodAccessorImpl.invoke(DelegatingMethodAccessorImpl.java:43)
	at java.lang.reflect.Method.invoke(Method.java:498)
	at org.junit.runners.model.FrameworkMethod$1.runReflectiveCall(FrameworkMethod.java:50)
	at org.junit.internal.runners.model.ReflectiveCallable.run(ReflectiveCallable.java:12)
	at org.junit.runners.model.FrameworkMethod.invokeExplosively(FrameworkMethod.java:47)
	at com.tngtech.java.junit.dataprovider.DataProviderFrameworkMethod.invokeExplosively(DataProviderFrameworkMethod.java:119)
	at org.junit.internal.runners.statements.InvokeMethod.evaluate(InvokeMethod.java:17)
	at org.junit.rules.TestWatcher$1.evaluate(TestWatcher.java:55)
	at org.junit.rules.RunRules.evaluate(RunRules.java:20)
	at org.junit.runners.ParentRunner.runLeaf(ParentRunner.java:325)
	at com.dotcms.junit.CustomDataProviderRunner.runChild(CustomDataProviderRunner.java:28)
	at com.dotcms.junit.CustomDataProviderRunner.runChild(CustomDataProviderRunner.java:13)
	at org.junit.runners.ParentRunner$3.run(ParentRunner.java:290)
	at org.junit.runners.ParentRunner$1.schedule(ParentRunner.java:71)
	at org.junit.runners.ParentRunner.runChildren(ParentRunner.java:288)
	at org.junit.runners.ParentRunner.access$000(ParentRunner.java:58)
	at org.junit.runners.ParentRunner$2.evaluate(ParentRunner.java:268)
	at org.junit.internal.runners.statements.RunBefores.evaluate(RunBefores.java:26)
	at org.junit.internal.runners.statements.RunAfters.evaluate(RunAfters.java:27)
	at org.junit.runners.ParentRunner.run(ParentRunner.java:363)
	at org.junit.runners.Suite.runChild(Suite.java:128)
	at org.junit.runners.Suite.runChild(Suite.java:27)
	at org.junit.runners.ParentRunner$3.run(ParentRunner.java:290)
	at org.junit.runners.ParentRunner$1.schedule(ParentRunner.java:71)
	at org.junit.runners.ParentRunner.runChildren(ParentRunner.java:288)
	at org.junit.runners.ParentRunner.access$000(ParentRunner.java:58)
	at org.junit.runners.ParentRunner$2.evaluate(ParentRunner.java:268)
	at org.junit.runners.ParentRunner.run(ParentRunner.java:363)
	at org.gradle.api.internal.tasks.testing.junit.JUnitTestClassExecutor.runTestClass(JUnitTestClassExecutor.java:106)
	at org.gradle.api.internal.tasks.testing.junit.JUnitTestClassExecutor.execute(JUnitTestClassExecutor.java:58)
	at org.gradle.api.internal.tasks.testing.junit.JUnitTestClassExecutor.execute(JUnitTestClassExecutor.java:38)
	at org.gradle.api.internal.tasks.testing.junit.AbstractJUnitTestClassProcessor.processTestClass(AbstractJUnitTestClassProcessor.java:66)
	at org.gradle.api.internal.tasks.testing.SuiteTestClassProcessor.processTestClass(SuiteTestClassProcessor.java:51)
	at sun.reflect.NativeMethodAccessorImpl.invoke0(Native Method)
	at sun.reflect.NativeMethodAccessorImpl.invoke(NativeMethodAccessorImpl.java:62)
	at sun.reflect.DelegatingMethodAccessorImpl.invoke(DelegatingMethodAccessorImpl.java:43)
	at java.lang.reflect.Method.invoke(Method.java:498)
	at org.gradle.internal.dispatch.ReflectionDispatch.dispatch(ReflectionDispatch.java:35)
	at org.gradle.internal.dispatch.ReflectionDispatch.dispatch(ReflectionDispatch.java:24)
	at org.gradle.internal.dispatch.ContextClassLoaderDispatch.dispatch(ContextClassLoaderDispatch.java:32)
	at org.gradle.internal.dispatch.ProxyDispatchAdapter$DispatchingInvocationHandler.invoke(ProxyDispatchAdapter.java:93)
	at com.sun.proxy.$Proxy2.processTestClass(Unknown Source)
	at org.gradle.api.internal.tasks.testing.worker.TestWorker.processTestClass(TestWorker.java:117)
	at sun.reflect.NativeMethodAccessorImpl.invoke0(Native Method)
	at sun.reflect.NativeMethodAccessorImpl.invoke(NativeMethodAccessorImpl.java:62)
	at sun.reflect.DelegatingMethodAccessorImpl.invoke(DelegatingMethodAccessorImpl.java:43)
	at java.lang.reflect.Method.invoke(Method.java:498)
	at org.gradle.internal.dispatch.ReflectionDispatch.dispatch(ReflectionDispatch.java:35)
	at org.gradle.internal.dispatch.ReflectionDispatch.dispatch(ReflectionDispatch.java:24)
	at org.gradle.internal.remote.internal.hub.MessageHubBackedObjectConnection$DispatchWrapper.dispatch(MessageHubBackedObjectConnection.java:155)
	at org.gradle.internal.remote.internal.hub.MessageHubBackedObjectConnection$DispatchWrapper.dispatch(MessageHubBackedObjectConnection.java:137)
	at org.gradle.internal.remote.internal.hub.MessageHub$Handler.run(MessageHub.java:404)
	at org.gradle.internal.concurrent.ExecutorPolicy$CatchAndRecordFailures.onExecute(ExecutorPolicy.java:63)
	at org.gradle.internal.concurrent.ManagedExecutorImpl$1.run(ManagedExecutorImpl.java:46)
	at java.util.concurrent.ThreadPoolExecutor.runWorker(ThreadPoolExecutor.java:1149)
	at java.util.concurrent.ThreadPoolExecutor$Worker.run(ThreadPoolExecutor.java:624)
	at org.gradle.internal.concurrent.ThreadFactoryImpl$ManagedThreadRunnable.run(ThreadFactoryImpl.java:55)
	at java.lang.Thread.run(Thread.java:748)
</pre>
</span>
</div>
<div class="test">
<a name="publish[14: com.dotcms.publishing.PublisherAPIImplTest$TestCase@11078060]"></a>
<h3 class="failures">publish[14: com.dotcms.publishing.PublisherAPIImplTest$TestCase@11078060]</h3>
<span class="code">
<pre>java.lang.AssertionError: Expected 21 but get 23 in /custom/assets/bundles/01EZK3M76CE876AWQZ9S4VZEMW
Expected [/custom/assets/bundles/01EZK3M76CE876AWQZ9S4VZEMW/working/System Host/f4d7c1b8-2c88-4071-abf1-a5328977b07d.contentType.json, /custom/assets/bundles/01EZK3M76CE876AWQZ9S4VZEMW/live/System Host/1properties, /custom/assets/bundles/01EZK3M76CE876AWQZ9S4VZEMW/live/System Host/1/content.35343698-0778-4b1a-9b01-1d600da894a3.host.xml, /custom/assets/bundles/01EZK3M76CE876AWQZ9S4VZEMW/live/System Host/en_US.language.xml, /custom/assets/bundles/01EZK3M76CE876AWQZ9S4VZEMW/live/default/93a60e28-8be6-4fcc-b11c-8401e3efadf1.rule.xml, /custom/assets/bundles/01EZK3M76CE876AWQZ9S4VZEMW/live/System Host/1614472915402properties, /custom/assets/bundles/01EZK3M76CE876AWQZ9S4VZEMW/live/System Host/1/content.ff462f88-d9e1-4d31-b084-b73cb61976d3.host.xml, /custom/assets/bundles/01EZK3M76CE876AWQZ9S4VZEMW/d61a59e1-a49c-46f2-a929-db2b4bfa88b2.workflow.xml, /custom/assets/bundles/01EZK3M76CE876AWQZ9S4VZEMW/working/System Host/1/2-content.2a2a287e-8807-4efc-a6a1-d943f738f8e9.content.xml, /custom/assets/bundles/01EZK3M76CE876AWQZ9S4VZEMW/working/System Host/1/content.ff462f88-d9e1-4d31-b084-b73cb61976d3.host.xml, /custom/assets/bundles/01EZK3M76CE876AWQZ9S4VZEMW/ROOT/22932c19-8226-4026-b85d-34d046d65125.folder.xml, /custom/assets/bundles/01EZK3M76CE876AWQZ9S4VZEMW/working/test1614470725825.dotcms.com/testName1614470726726/60e4bc66-3d7f-4aa4-ace5-5161e590aba6.link.xml, /custom/assets/bundles/01EZK3M76CE876AWQZ9S4VZEMW/live/System Host/1/b7f1dd39-4530-4632-80b1-2c2bf250cffd.contentworkflow.xml, /custom/assets/bundles/01EZK3M76CE876AWQZ9S4VZEMW/live/default/1614472915402/ab167fec-541d-4700-94f9-aa33f8ab2d60.contentworkflow.xml, /custom/assets/bundles/01EZK3M76CE876AWQZ9S4VZEMW/live/default/1614472915402/3-content.c4360da7-75b0-4a31-9d2f-637d972d6d3f.content.xml, /custom/assets/bundles/01EZK3M76CE876AWQZ9S4VZEMW/live/System Host/1/0-content.2a2a287e-8807-4efc-a6a1-d943f738f8e9.content.xml, /custom/assets/bundles/01EZK3M76CE876AWQZ9S4VZEMW/live/System Host/1/aac2b1a1-ed79-4894-a0f1-9fbca4dd8007.contentworkflow.xml, /custom/assets/bundles/01EZK3M76CE876AWQZ9S4VZEMW/live/System Host/vi_AF.language.xml, /custom/assets/bundles/01EZK3M76CE876AWQZ9S4VZEMW/live/System Host/1/1-content.b40c4a27-df30-49d3-b6dc-3238230a7f37.content.xml, /custom/assets/bundles/01EZK3M76CE876AWQZ9S4VZEMW/working/System Host/1/aac2b1a1-ed79-4894-a0f1-9fbca4dd8007.contentworkflow.xml]
Existing [/custom/assets/bundles/01EZK3M76CE876AWQZ9S4VZEMW/ROOT/22932c19-8226-4026-b85d-34d046d65125.folder.xml, /custom/assets/bundles/01EZK3M76CE876AWQZ9S4VZEMW/ROOT/bc9a1d37-dd2d-4d49-a29d-0c9be740bfaf.folder.xml, /custom/assets/bundles/01EZK3M76CE876AWQZ9S4VZEMW/bundle.xml, /custom/assets/bundles/01EZK3M76CE876AWQZ9S4VZEMW/d61a59e1-a49c-46f2-a929-db2b4bfa88b2.workflow.xml, /custom/assets/bundles/01EZK3M76CE876AWQZ9S4VZEMW/live/System Host/1/0-content.2a2a287e-8807-4efc-a6a1-d943f738f8e9.content.xml, /custom/assets/bundles/01EZK3M76CE876AWQZ9S4VZEMW/live/System Host/1/1-content.b40c4a27-df30-49d3-b6dc-3238230a7f37.content.xml, /custom/assets/bundles/01EZK3M76CE876AWQZ9S4VZEMW/live/System Host/1/aac2b1a1-ed79-4894-a0f1-9fbca4dd8007.contentworkflow.xml, /custom/assets/bundles/01EZK3M76CE876AWQZ9S4VZEMW/live/System Host/1/b7f1dd39-4530-4632-80b1-2c2bf250cffd.contentworkflow.xml, /custom/assets/bundles/01EZK3M76CE876AWQZ9S4VZEMW/live/System Host/1/content.35343698-0778-4b1a-9b01-1d600da894a3.host.xml, /custom/assets/bundles/01EZK3M76CE876AWQZ9S4VZEMW/live/System Host/1/content.ff462f88-d9e1-4d31-b084-b73cb61976d3.host.xml, /custom/assets/bundles/01EZK3M76CE876AWQZ9S4VZEMW/live/System Host/1/system host.host.xml, /custom/assets/bundles/01EZK3M76CE876AWQZ9S4VZEMW/live/System Host/1614472915402properties, /custom/assets/bundles/01EZK3M76CE876AWQZ9S4VZEMW/live/System Host/1properties, /custom/assets/bundles/01EZK3M76CE876AWQZ9S4VZEMW/live/System Host/en_US.language.xml, /custom/assets/bundles/01EZK3M76CE876AWQZ9S4VZEMW/live/System Host/vi_AF.language.xml, /custom/assets/bundles/01EZK3M76CE876AWQZ9S4VZEMW/live/default/1614472915402/3-content.c4360da7-75b0-4a31-9d2f-637d972d6d3f.content.xml, /custom/assets/bundles/01EZK3M76CE876AWQZ9S4VZEMW/live/default/1614472915402/ab167fec-541d-4700-94f9-aa33f8ab2d60.contentworkflow.xml, /custom/assets/bundles/01EZK3M76CE876AWQZ9S4VZEMW/live/default/93a60e28-8be6-4fcc-b11c-8401e3efadf1.rule.xml, /custom/assets/bundles/01EZK3M76CE876AWQZ9S4VZEMW/working/System Host/1/2-content.2a2a287e-8807-4efc-a6a1-d943f738f8e9.content.xml, /custom/assets/bundles/01EZK3M76CE876AWQZ9S4VZEMW/working/System Host/1/aac2b1a1-ed79-4894-a0f1-9fbca4dd8007.contentworkflow.xml, /custom/assets/bundles/01EZK3M76CE876AWQZ9S4VZEMW/working/System Host/1/content.ff462f88-d9e1-4d31-b084-b73cb61976d3.host.xml, /custom/assets/bundles/01EZK3M76CE876AWQZ9S4VZEMW/working/System Host/f4d7c1b8-2c88-4071-abf1-a5328977b07d.contentType.json, /custom/assets/bundles/01EZK3M76CE876AWQZ9S4VZEMW/working/test1614470725825.dotcms.com/testName1614470726726/60e4bc66-3d7f-4aa4-ace5-5161e590aba6.link.xml]
difference [/custom/assets/bundles/01EZK3M76CE876AWQZ9S4VZEMW/ROOT/bc9a1d37-dd2d-4d49-a29d-0c9be740bfaf.folder.xml, /custom/assets/bundles/01EZK3M76CE876AWQZ9S4VZEMW/bundle.xml, /custom/assets/bundles/01EZK3M76CE876AWQZ9S4VZEMW/live/System Host/1/system host.host.xml]

	at org.jgroups.util.Util.assertEquals(Util.java:185)
	at com.dotcms.publishing.PublisherAPIImplTest.publish(PublisherAPIImplTest.java:407)
	at sun.reflect.NativeMethodAccessorImpl.invoke0(Native Method)
	at sun.reflect.NativeMethodAccessorImpl.invoke(NativeMethodAccessorImpl.java:62)
	at sun.reflect.DelegatingMethodAccessorImpl.invoke(DelegatingMethodAccessorImpl.java:43)
	at java.lang.reflect.Method.invoke(Method.java:498)
	at org.junit.runners.model.FrameworkMethod$1.runReflectiveCall(FrameworkMethod.java:50)
	at org.junit.internal.runners.model.ReflectiveCallable.run(ReflectiveCallable.java:12)
	at org.junit.runners.model.FrameworkMethod.invokeExplosively(FrameworkMethod.java:47)
	at com.tngtech.java.junit.dataprovider.DataProviderFrameworkMethod.invokeExplosively(DataProviderFrameworkMethod.java:119)
	at org.junit.internal.runners.statements.InvokeMethod.evaluate(InvokeMethod.java:17)
	at org.junit.rules.TestWatcher$1.evaluate(TestWatcher.java:55)
	at org.junit.rules.RunRules.evaluate(RunRules.java:20)
	at org.junit.runners.ParentRunner.runLeaf(ParentRunner.java:325)
	at com.dotcms.junit.CustomDataProviderRunner.runChild(CustomDataProviderRunner.java:28)
	at com.dotcms.junit.CustomDataProviderRunner.runChild(CustomDataProviderRunner.java:13)
	at org.junit.runners.ParentRunner$3.run(ParentRunner.java:290)
	at org.junit.runners.ParentRunner$1.schedule(ParentRunner.java:71)
	at org.junit.runners.ParentRunner.runChildren(ParentRunner.java:288)
	at org.junit.runners.ParentRunner.access$000(ParentRunner.java:58)
	at org.junit.runners.ParentRunner$2.evaluate(ParentRunner.java:268)
	at org.junit.internal.runners.statements.RunBefores.evaluate(RunBefores.java:26)
	at org.junit.internal.runners.statements.RunAfters.evaluate(RunAfters.java:27)
	at org.junit.runners.ParentRunner.run(ParentRunner.java:363)
	at org.junit.runners.Suite.runChild(Suite.java:128)
	at org.junit.runners.Suite.runChild(Suite.java:27)
	at org.junit.runners.ParentRunner$3.run(ParentRunner.java:290)
	at org.junit.runners.ParentRunner$1.schedule(ParentRunner.java:71)
	at org.junit.runners.ParentRunner.runChildren(ParentRunner.java:288)
	at org.junit.runners.ParentRunner.access$000(ParentRunner.java:58)
	at org.junit.runners.ParentRunner$2.evaluate(ParentRunner.java:268)
	at org.junit.runners.ParentRunner.run(ParentRunner.java:363)
	at org.gradle.api.internal.tasks.testing.junit.JUnitTestClassExecutor.runTestClass(JUnitTestClassExecutor.java:106)
	at org.gradle.api.internal.tasks.testing.junit.JUnitTestClassExecutor.execute(JUnitTestClassExecutor.java:58)
	at org.gradle.api.internal.tasks.testing.junit.JUnitTestClassExecutor.execute(JUnitTestClassExecutor.java:38)
	at org.gradle.api.internal.tasks.testing.junit.AbstractJUnitTestClassProcessor.processTestClass(AbstractJUnitTestClassProcessor.java:66)
	at org.gradle.api.internal.tasks.testing.SuiteTestClassProcessor.processTestClass(SuiteTestClassProcessor.java:51)
	at sun.reflect.NativeMethodAccessorImpl.invoke0(Native Method)
	at sun.reflect.NativeMethodAccessorImpl.invoke(NativeMethodAccessorImpl.java:62)
	at sun.reflect.DelegatingMethodAccessorImpl.invoke(DelegatingMethodAccessorImpl.java:43)
	at java.lang.reflect.Method.invoke(Method.java:498)
	at org.gradle.internal.dispatch.ReflectionDispatch.dispatch(ReflectionDispatch.java:35)
	at org.gradle.internal.dispatch.ReflectionDispatch.dispatch(ReflectionDispatch.java:24)
	at org.gradle.internal.dispatch.ContextClassLoaderDispatch.dispatch(ContextClassLoaderDispatch.java:32)
	at org.gradle.internal.dispatch.ProxyDispatchAdapter$DispatchingInvocationHandler.invoke(ProxyDispatchAdapter.java:93)
	at com.sun.proxy.$Proxy2.processTestClass(Unknown Source)
	at org.gradle.api.internal.tasks.testing.worker.TestWorker.processTestClass(TestWorker.java:117)
	at sun.reflect.NativeMethodAccessorImpl.invoke0(Native Method)
	at sun.reflect.NativeMethodAccessorImpl.invoke(NativeMethodAccessorImpl.java:62)
	at sun.reflect.DelegatingMethodAccessorImpl.invoke(DelegatingMethodAccessorImpl.java:43)
	at java.lang.reflect.Method.invoke(Method.java:498)
	at org.gradle.internal.dispatch.ReflectionDispatch.dispatch(ReflectionDispatch.java:35)
	at org.gradle.internal.dispatch.ReflectionDispatch.dispatch(ReflectionDispatch.java:24)
	at org.gradle.internal.remote.internal.hub.MessageHubBackedObjectConnection$DispatchWrapper.dispatch(MessageHubBackedObjectConnection.java:155)
	at org.gradle.internal.remote.internal.hub.MessageHubBackedObjectConnection$DispatchWrapper.dispatch(MessageHubBackedObjectConnection.java:137)
	at org.gradle.internal.remote.internal.hub.MessageHub$Handler.run(MessageHub.java:404)
	at org.gradle.internal.concurrent.ExecutorPolicy$CatchAndRecordFailures.onExecute(ExecutorPolicy.java:63)
	at org.gradle.internal.concurrent.ManagedExecutorImpl$1.run(ManagedExecutorImpl.java:46)
	at java.util.concurrent.ThreadPoolExecutor.runWorker(ThreadPoolExecutor.java:1149)
	at java.util.concurrent.ThreadPoolExecutor$Worker.run(ThreadPoolExecutor.java:624)
	at org.gradle.internal.concurrent.ThreadFactoryImpl$ManagedThreadRunnable.run(ThreadFactoryImpl.java:55)
	at java.lang.Thread.run(Thread.java:748)
</pre>
</span>
</div>
<div class="test">
<a name="publish[15: com.dotcms.publishing.PublisherAPIImplTest$TestCase@641a4ed2]"></a>
<h3 class="failures">publish[15: com.dotcms.publishing.PublisherAPIImplTest$TestCase@641a4ed2]</h3>
<span class="code">
<pre>java.lang.AssertionError: Expected 19 but get 21 in /custom/assets/bundles/01EZK3M7A54Y3E14TZSB7C1961
Expected [/custom/assets/bundles/01EZK3M7A54Y3E14TZSB7C1961/live/System Host/en_US.language.xml, /custom/assets/bundles/01EZK3M7A54Y3E14TZSB7C1961/5380bd74-7f64-47c6-8c85-207159c4c928.workflow.xml, /custom/assets/bundles/01EZK3M7A54Y3E14TZSB7C1961/live/System Host/1614472915402properties, /custom/assets/bundles/01EZK3M7A54Y3E14TZSB7C1961/working/System Host/1/2-content.2a2a287e-8807-4efc-a6a1-d943f738f8e9.content.xml, /custom/assets/bundles/01EZK3M7A54Y3E14TZSB7C1961/live/System Host/1/aac2b1a1-ed79-4894-a0f1-9fbca4dd8007.contentworkflow.xml, /custom/assets/bundles/01EZK3M7A54Y3E14TZSB7C1961/working/System Host/f4d7c1b8-2c88-4071-abf1-a5328977b07d.contentType.json, /custom/assets/bundles/01EZK3M7A54Y3E14TZSB7C1961/live/System Host/1/1-content.b40c4a27-df30-49d3-b6dc-3238230a7f37.content.xml, /custom/assets/bundles/01EZK3M7A54Y3E14TZSB7C1961/live/System Host/1/0-content.2a2a287e-8807-4efc-a6a1-d943f738f8e9.content.xml, /custom/assets/bundles/01EZK3M7A54Y3E14TZSB7C1961/working/System Host/1/content.ff462f88-d9e1-4d31-b084-b73cb61976d3.host.xml, /custom/assets/bundles/01EZK3M7A54Y3E14TZSB7C1961/live/System Host/1properties, /custom/assets/bundles/01EZK3M7A54Y3E14TZSB7C1961/live/System Host/vi_AF.language.xml, /custom/assets/bundles/01EZK3M7A54Y3E14TZSB7C1961/d61a59e1-a49c-46f2-a929-db2b4bfa88b2.workflow.xml, /custom/assets/bundles/01EZK3M7A54Y3E14TZSB7C1961/working/System Host/1/aac2b1a1-ed79-4894-a0f1-9fbca4dd8007.contentworkflow.xml, /custom/assets/bundles/01EZK3M7A54Y3E14TZSB7C1961/live/default/1614472915402/3-content.c4360da7-75b0-4a31-9d2f-637d972d6d3f.content.xml, /custom/assets/bundles/01EZK3M7A54Y3E14TZSB7C1961/live/default/93a60e28-8be6-4fcc-b11c-8401e3efadf1.rule.xml, /custom/assets/bundles/01EZK3M7A54Y3E14TZSB7C1961/live/System Host/1/content.ff462f88-d9e1-4d31-b084-b73cb61976d3.host.xml, /custom/assets/bundles/01EZK3M7A54Y3E14TZSB7C1961/live/default/1614472915402/ab167fec-541d-4700-94f9-aa33f8ab2d60.contentworkflow.xml, /custom/assets/bundles/01EZK3M7A54Y3E14TZSB7C1961/live/System Host/1/b7f1dd39-4530-4632-80b1-2c2bf250cffd.contentworkflow.xml]
Existing [/custom/assets/bundles/01EZK3M7A54Y3E14TZSB7C1961/5380bd74-7f64-47c6-8c85-207159c4c928.workflow.xml, /custom/assets/bundles/01EZK3M7A54Y3E14TZSB7C1961/ROOT/bc9a1d37-dd2d-4d49-a29d-0c9be740bfaf.folder.xml, /custom/assets/bundles/01EZK3M7A54Y3E14TZSB7C1961/bundle.xml, /custom/assets/bundles/01EZK3M7A54Y3E14TZSB7C1961/d61a59e1-a49c-46f2-a929-db2b4bfa88b2.workflow.xml, /custom/assets/bundles/01EZK3M7A54Y3E14TZSB7C1961/live/System Host/1/0-content.2a2a287e-8807-4efc-a6a1-d943f738f8e9.content.xml, /custom/assets/bundles/01EZK3M7A54Y3E14TZSB7C1961/live/System Host/1/1-content.b40c4a27-df30-49d3-b6dc-3238230a7f37.content.xml, /custom/assets/bundles/01EZK3M7A54Y3E14TZSB7C1961/live/System Host/1/aac2b1a1-ed79-4894-a0f1-9fbca4dd8007.contentworkflow.xml, /custom/assets/bundles/01EZK3M7A54Y3E14TZSB7C1961/live/System Host/1/b7f1dd39-4530-4632-80b1-2c2bf250cffd.contentworkflow.xml, /custom/assets/bundles/01EZK3M7A54Y3E14TZSB7C1961/live/System Host/1/content.ff462f88-d9e1-4d31-b084-b73cb61976d3.host.xml, /custom/assets/bundles/01EZK3M7A54Y3E14TZSB7C1961/live/System Host/1/system host.host.xml, /custom/assets/bundles/01EZK3M7A54Y3E14TZSB7C1961/live/System Host/1614472915402properties, /custom/assets/bundles/01EZK3M7A54Y3E14TZSB7C1961/live/System Host/1properties, /custom/assets/bundles/01EZK3M7A54Y3E14TZSB7C1961/live/System Host/en_US.language.xml, /custom/assets/bundles/01EZK3M7A54Y3E14TZSB7C1961/live/System Host/vi_AF.language.xml, /custom/assets/bundles/01EZK3M7A54Y3E14TZSB7C1961/live/default/1614472915402/3-content.c4360da7-75b0-4a31-9d2f-637d972d6d3f.content.xml, /custom/assets/bundles/01EZK3M7A54Y3E14TZSB7C1961/live/default/1614472915402/ab167fec-541d-4700-94f9-aa33f8ab2d60.contentworkflow.xml, /custom/assets/bundles/01EZK3M7A54Y3E14TZSB7C1961/live/default/93a60e28-8be6-4fcc-b11c-8401e3efadf1.rule.xml, /custom/assets/bundles/01EZK3M7A54Y3E14TZSB7C1961/working/System Host/1/2-content.2a2a287e-8807-4efc-a6a1-d943f738f8e9.content.xml, /custom/assets/bundles/01EZK3M7A54Y3E14TZSB7C1961/working/System Host/1/aac2b1a1-ed79-4894-a0f1-9fbca4dd8007.contentworkflow.xml, /custom/assets/bundles/01EZK3M7A54Y3E14TZSB7C1961/working/System Host/1/content.ff462f88-d9e1-4d31-b084-b73cb61976d3.host.xml, /custom/assets/bundles/01EZK3M7A54Y3E14TZSB7C1961/working/System Host/f4d7c1b8-2c88-4071-abf1-a5328977b07d.contentType.json]
difference [/custom/assets/bundles/01EZK3M7A54Y3E14TZSB7C1961/ROOT/bc9a1d37-dd2d-4d49-a29d-0c9be740bfaf.folder.xml, /custom/assets/bundles/01EZK3M7A54Y3E14TZSB7C1961/bundle.xml, /custom/assets/bundles/01EZK3M7A54Y3E14TZSB7C1961/live/System Host/1/system host.host.xml]

	at org.jgroups.util.Util.assertEquals(Util.java:185)
	at com.dotcms.publishing.PublisherAPIImplTest.publish(PublisherAPIImplTest.java:407)
	at sun.reflect.NativeMethodAccessorImpl.invoke0(Native Method)
	at sun.reflect.NativeMethodAccessorImpl.invoke(NativeMethodAccessorImpl.java:62)
	at sun.reflect.DelegatingMethodAccessorImpl.invoke(DelegatingMethodAccessorImpl.java:43)
	at java.lang.reflect.Method.invoke(Method.java:498)
	at org.junit.runners.model.FrameworkMethod$1.runReflectiveCall(FrameworkMethod.java:50)
	at org.junit.internal.runners.model.ReflectiveCallable.run(ReflectiveCallable.java:12)
	at org.junit.runners.model.FrameworkMethod.invokeExplosively(FrameworkMethod.java:47)
	at com.tngtech.java.junit.dataprovider.DataProviderFrameworkMethod.invokeExplosively(DataProviderFrameworkMethod.java:119)
	at org.junit.internal.runners.statements.InvokeMethod.evaluate(InvokeMethod.java:17)
	at org.junit.rules.TestWatcher$1.evaluate(TestWatcher.java:55)
	at org.junit.rules.RunRules.evaluate(RunRules.java:20)
	at org.junit.runners.ParentRunner.runLeaf(ParentRunner.java:325)
	at com.dotcms.junit.CustomDataProviderRunner.runChild(CustomDataProviderRunner.java:28)
	at com.dotcms.junit.CustomDataProviderRunner.runChild(CustomDataProviderRunner.java:13)
	at org.junit.runners.ParentRunner$3.run(ParentRunner.java:290)
	at org.junit.runners.ParentRunner$1.schedule(ParentRunner.java:71)
	at org.junit.runners.ParentRunner.runChildren(ParentRunner.java:288)
	at org.junit.runners.ParentRunner.access$000(ParentRunner.java:58)
	at org.junit.runners.ParentRunner$2.evaluate(ParentRunner.java:268)
	at org.junit.internal.runners.statements.RunBefores.evaluate(RunBefores.java:26)
	at org.junit.internal.runners.statements.RunAfters.evaluate(RunAfters.java:27)
	at org.junit.runners.ParentRunner.run(ParentRunner.java:363)
	at org.junit.runners.Suite.runChild(Suite.java:128)
	at org.junit.runners.Suite.runChild(Suite.java:27)
	at org.junit.runners.ParentRunner$3.run(ParentRunner.java:290)
	at org.junit.runners.ParentRunner$1.schedule(ParentRunner.java:71)
	at org.junit.runners.ParentRunner.runChildren(ParentRunner.java:288)
	at org.junit.runners.ParentRunner.access$000(ParentRunner.java:58)
	at org.junit.runners.ParentRunner$2.evaluate(ParentRunner.java:268)
	at org.junit.runners.ParentRunner.run(ParentRunner.java:363)
	at org.gradle.api.internal.tasks.testing.junit.JUnitTestClassExecutor.runTestClass(JUnitTestClassExecutor.java:106)
	at org.gradle.api.internal.tasks.testing.junit.JUnitTestClassExecutor.execute(JUnitTestClassExecutor.java:58)
	at org.gradle.api.internal.tasks.testing.junit.JUnitTestClassExecutor.execute(JUnitTestClassExecutor.java:38)
	at org.gradle.api.internal.tasks.testing.junit.AbstractJUnitTestClassProcessor.processTestClass(AbstractJUnitTestClassProcessor.java:66)
	at org.gradle.api.internal.tasks.testing.SuiteTestClassProcessor.processTestClass(SuiteTestClassProcessor.java:51)
	at sun.reflect.NativeMethodAccessorImpl.invoke0(Native Method)
	at sun.reflect.NativeMethodAccessorImpl.invoke(NativeMethodAccessorImpl.java:62)
	at sun.reflect.DelegatingMethodAccessorImpl.invoke(DelegatingMethodAccessorImpl.java:43)
	at java.lang.reflect.Method.invoke(Method.java:498)
	at org.gradle.internal.dispatch.ReflectionDispatch.dispatch(ReflectionDispatch.java:35)
	at org.gradle.internal.dispatch.ReflectionDispatch.dispatch(ReflectionDispatch.java:24)
	at org.gradle.internal.dispatch.ContextClassLoaderDispatch.dispatch(ContextClassLoaderDispatch.java:32)
	at org.gradle.internal.dispatch.ProxyDispatchAdapter$DispatchingInvocationHandler.invoke(ProxyDispatchAdapter.java:93)
	at com.sun.proxy.$Proxy2.processTestClass(Unknown Source)
	at org.gradle.api.internal.tasks.testing.worker.TestWorker.processTestClass(TestWorker.java:117)
	at sun.reflect.NativeMethodAccessorImpl.invoke0(Native Method)
	at sun.reflect.NativeMethodAccessorImpl.invoke(NativeMethodAccessorImpl.java:62)
	at sun.reflect.DelegatingMethodAccessorImpl.invoke(DelegatingMethodAccessorImpl.java:43)
	at java.lang.reflect.Method.invoke(Method.java:498)
	at org.gradle.internal.dispatch.ReflectionDispatch.dispatch(ReflectionDispatch.java:35)
	at org.gradle.internal.dispatch.ReflectionDispatch.dispatch(ReflectionDispatch.java:24)
	at org.gradle.internal.remote.internal.hub.MessageHubBackedObjectConnection$DispatchWrapper.dispatch(MessageHubBackedObjectConnection.java:155)
	at org.gradle.internal.remote.internal.hub.MessageHubBackedObjectConnection$DispatchWrapper.dispatch(MessageHubBackedObjectConnection.java:137)
	at org.gradle.internal.remote.internal.hub.MessageHub$Handler.run(MessageHub.java:404)
	at org.gradle.internal.concurrent.ExecutorPolicy$CatchAndRecordFailures.onExecute(ExecutorPolicy.java:63)
	at org.gradle.internal.concurrent.ManagedExecutorImpl$1.run(ManagedExecutorImpl.java:46)
	at java.util.concurrent.ThreadPoolExecutor.runWorker(ThreadPoolExecutor.java:1149)
	at java.util.concurrent.ThreadPoolExecutor$Worker.run(ThreadPoolExecutor.java:624)
	at org.gradle.internal.concurrent.ThreadFactoryImpl$ManagedThreadRunnable.run(ThreadFactoryImpl.java:55)
	at java.lang.Thread.run(Thread.java:748)
</pre>
</span>
</div>
<div class="test">
<a name="publish[16: com.dotcms.publishing.PublisherAPIImplTest$TestCase@2a49711]"></a>
<h3 class="failures">publish[16: com.dotcms.publishing.PublisherAPIImplTest$TestCase@2a49711]</h3>
<span class="code">
<pre>java.lang.AssertionError: Expected 20 but get 22 in /custom/assets/bundles/01EZK3M7CM9CV0PFY7SZKGWW63
Expected [/custom/assets/bundles/01EZK3M7CM9CV0PFY7SZKGWW63/d61a59e1-a49c-46f2-a929-db2b4bfa88b2.workflow.xml, /custom/assets/bundles/01EZK3M7CM9CV0PFY7SZKGWW63/working/System Host/f4d7c1b8-2c88-4071-abf1-a5328977b07d.contentType.json, /custom/assets/bundles/01EZK3M7CM9CV0PFY7SZKGWW63/live/default/1614472915402/3-content.c4360da7-75b0-4a31-9d2f-637d972d6d3f.content.xml, /custom/assets/bundles/01EZK3M7CM9CV0PFY7SZKGWW63/live/System Host/1/aac2b1a1-ed79-4894-a0f1-9fbca4dd8007.contentworkflow.xml, /custom/assets/bundles/01EZK3M7CM9CV0PFY7SZKGWW63/working/System Host/1/content.ff462f88-d9e1-4d31-b084-b73cb61976d3.host.xml, /custom/assets/bundles/01EZK3M7CM9CV0PFY7SZKGWW63/working/System Host/1/aac2b1a1-ed79-4894-a0f1-9fbca4dd8007.contentworkflow.xml, /custom/assets/bundles/01EZK3M7CM9CV0PFY7SZKGWW63/live/System Host/en_US.language.xml, /custom/assets/bundles/01EZK3M7CM9CV0PFY7SZKGWW63/live/System Host/1/0-content.2a2a287e-8807-4efc-a6a1-d943f738f8e9.content.xml, /custom/assets/bundles/01EZK3M7CM9CV0PFY7SZKGWW63/live/System Host/1properties, /custom/assets/bundles/01EZK3M7CM9CV0PFY7SZKGWW63/live/default/93a60e28-8be6-4fcc-b11c-8401e3efadf1.rule.xml, /custom/assets/bundles/01EZK3M7CM9CV0PFY7SZKGWW63/live/System Host/1614470726756properties, /custom/assets/bundles/01EZK3M7CM9CV0PFY7SZKGWW63/live/System Host/1/b7f1dd39-4530-4632-80b1-2c2bf250cffd.contentworkflow.xml, /custom/assets/bundles/01EZK3M7CM9CV0PFY7SZKGWW63/live/System Host/vi_AF.language.xml, /custom/assets/bundles/01EZK3M7CM9CV0PFY7SZKGWW63/live/System Host/1/content.ff462f88-d9e1-4d31-b084-b73cb61976d3.host.xml, /custom/assets/bundles/01EZK3M7CM9CV0PFY7SZKGWW63/working/System Host/1/2-content.2a2a287e-8807-4efc-a6a1-d943f738f8e9.content.xml, /custom/assets/bundles/01EZK3M7CM9CV0PFY7SZKGWW63/live/default/1614472915402/ab167fec-541d-4700-94f9-aa33f8ab2d60.contentworkflow.xml, /custom/assets/bundles/01EZK3M7CM9CV0PFY7SZKGWW63/live/System Host/1614472915402properties, /custom/assets/bundles/01EZK3M7CM9CV0PFY7SZKGWW63/live/System Host/1/1-content.b40c4a27-df30-49d3-b6dc-3238230a7f37.content.xml, /custom/assets/bundles/01EZK3M7CM9CV0PFY7SZKGWW63/live/System Host/n52n3_TESTCOUNTRYCODE1614470726755.language.xml]
Existing [/custom/assets/bundles/01EZK3M7CM9CV0PFY7SZKGWW63/ROOT/bc9a1d37-dd2d-4d49-a29d-0c9be740bfaf.folder.xml, /custom/assets/bundles/01EZK3M7CM9CV0PFY7SZKGWW63/bundle.xml, /custom/assets/bundles/01EZK3M7CM9CV0PFY7SZKGWW63/d61a59e1-a49c-46f2-a929-db2b4bfa88b2.workflow.xml, /custom/assets/bundles/01EZK3M7CM9CV0PFY7SZKGWW63/live/System Host/1/0-content.2a2a287e-8807-4efc-a6a1-d943f738f8e9.content.xml, /custom/assets/bundles/01EZK3M7CM9CV0PFY7SZKGWW63/live/System Host/1/1-content.b40c4a27-df30-49d3-b6dc-3238230a7f37.content.xml, /custom/assets/bundles/01EZK3M7CM9CV0PFY7SZKGWW63/live/System Host/1/aac2b1a1-ed79-4894-a0f1-9fbca4dd8007.contentworkflow.xml, /custom/assets/bundles/01EZK3M7CM9CV0PFY7SZKGWW63/live/System Host/1/b7f1dd39-4530-4632-80b1-2c2bf250cffd.contentworkflow.xml, /custom/assets/bundles/01EZK3M7CM9CV0PFY7SZKGWW63/live/System Host/1/content.ff462f88-d9e1-4d31-b084-b73cb61976d3.host.xml, /custom/assets/bundles/01EZK3M7CM9CV0PFY7SZKGWW63/live/System Host/1/system host.host.xml, /custom/assets/bundles/01EZK3M7CM9CV0PFY7SZKGWW63/live/System Host/1614470726756properties, /custom/assets/bundles/01EZK3M7CM9CV0PFY7SZKGWW63/live/System Host/1614472915402properties, /custom/assets/bundles/01EZK3M7CM9CV0PFY7SZKGWW63/live/System Host/1properties, /custom/assets/bundles/01EZK3M7CM9CV0PFY7SZKGWW63/live/System Host/en_US.language.xml, /custom/assets/bundles/01EZK3M7CM9CV0PFY7SZKGWW63/live/System Host/n52n3_TESTCOUNTRYCODE1614470726755.language.xml, /custom/assets/bundles/01EZK3M7CM9CV0PFY7SZKGWW63/live/System Host/vi_AF.language.xml, /custom/assets/bundles/01EZK3M7CM9CV0PFY7SZKGWW63/live/default/1614472915402/3-content.c4360da7-75b0-4a31-9d2f-637d972d6d3f.content.xml, /custom/assets/bundles/01EZK3M7CM9CV0PFY7SZKGWW63/live/default/1614472915402/ab167fec-541d-4700-94f9-aa33f8ab2d60.contentworkflow.xml, /custom/assets/bundles/01EZK3M7CM9CV0PFY7SZKGWW63/live/default/93a60e28-8be6-4fcc-b11c-8401e3efadf1.rule.xml, /custom/assets/bundles/01EZK3M7CM9CV0PFY7SZKGWW63/working/System Host/1/2-content.2a2a287e-8807-4efc-a6a1-d943f738f8e9.content.xml, /custom/assets/bundles/01EZK3M7CM9CV0PFY7SZKGWW63/working/System Host/1/aac2b1a1-ed79-4894-a0f1-9fbca4dd8007.contentworkflow.xml, /custom/assets/bundles/01EZK3M7CM9CV0PFY7SZKGWW63/working/System Host/1/content.ff462f88-d9e1-4d31-b084-b73cb61976d3.host.xml, /custom/assets/bundles/01EZK3M7CM9CV0PFY7SZKGWW63/working/System Host/f4d7c1b8-2c88-4071-abf1-a5328977b07d.contentType.json]
difference [/custom/assets/bundles/01EZK3M7CM9CV0PFY7SZKGWW63/ROOT/bc9a1d37-dd2d-4d49-a29d-0c9be740bfaf.folder.xml, /custom/assets/bundles/01EZK3M7CM9CV0PFY7SZKGWW63/bundle.xml, /custom/assets/bundles/01EZK3M7CM9CV0PFY7SZKGWW63/live/System Host/1/system host.host.xml]

	at org.jgroups.util.Util.assertEquals(Util.java:185)
	at com.dotcms.publishing.PublisherAPIImplTest.publish(PublisherAPIImplTest.java:407)
	at sun.reflect.GeneratedMethodAccessor1517.invoke(Unknown Source)
	at sun.reflect.DelegatingMethodAccessorImpl.invoke(DelegatingMethodAccessorImpl.java:43)
	at java.lang.reflect.Method.invoke(Method.java:498)
	at org.junit.runners.model.FrameworkMethod$1.runReflectiveCall(FrameworkMethod.java:50)
	at org.junit.internal.runners.model.ReflectiveCallable.run(ReflectiveCallable.java:12)
	at org.junit.runners.model.FrameworkMethod.invokeExplosively(FrameworkMethod.java:47)
	at com.tngtech.java.junit.dataprovider.DataProviderFrameworkMethod.invokeExplosively(DataProviderFrameworkMethod.java:119)
	at org.junit.internal.runners.statements.InvokeMethod.evaluate(InvokeMethod.java:17)
	at org.junit.rules.TestWatcher$1.evaluate(TestWatcher.java:55)
	at org.junit.rules.RunRules.evaluate(RunRules.java:20)
	at org.junit.runners.ParentRunner.runLeaf(ParentRunner.java:325)
	at com.dotcms.junit.CustomDataProviderRunner.runChild(CustomDataProviderRunner.java:28)
	at com.dotcms.junit.CustomDataProviderRunner.runChild(CustomDataProviderRunner.java:13)
	at org.junit.runners.ParentRunner$3.run(ParentRunner.java:290)
	at org.junit.runners.ParentRunner$1.schedule(ParentRunner.java:71)
	at org.junit.runners.ParentRunner.runChildren(ParentRunner.java:288)
	at org.junit.runners.ParentRunner.access$000(ParentRunner.java:58)
	at org.junit.runners.ParentRunner$2.evaluate(ParentRunner.java:268)
	at org.junit.internal.runners.statements.RunBefores.evaluate(RunBefores.java:26)
	at org.junit.internal.runners.statements.RunAfters.evaluate(RunAfters.java:27)
	at org.junit.runners.ParentRunner.run(ParentRunner.java:363)
	at org.junit.runners.Suite.runChild(Suite.java:128)
	at org.junit.runners.Suite.runChild(Suite.java:27)
	at org.junit.runners.ParentRunner$3.run(ParentRunner.java:290)
	at org.junit.runners.ParentRunner$1.schedule(ParentRunner.java:71)
	at org.junit.runners.ParentRunner.runChildren(ParentRunner.java:288)
	at org.junit.runners.ParentRunner.access$000(ParentRunner.java:58)
	at org.junit.runners.ParentRunner$2.evaluate(ParentRunner.java:268)
	at org.junit.runners.ParentRunner.run(ParentRunner.java:363)
	at org.gradle.api.internal.tasks.testing.junit.JUnitTestClassExecutor.runTestClass(JUnitTestClassExecutor.java:106)
	at org.gradle.api.internal.tasks.testing.junit.JUnitTestClassExecutor.execute(JUnitTestClassExecutor.java:58)
	at org.gradle.api.internal.tasks.testing.junit.JUnitTestClassExecutor.execute(JUnitTestClassExecutor.java:38)
	at org.gradle.api.internal.tasks.testing.junit.AbstractJUnitTestClassProcessor.processTestClass(AbstractJUnitTestClassProcessor.java:66)
	at org.gradle.api.internal.tasks.testing.SuiteTestClassProcessor.processTestClass(SuiteTestClassProcessor.java:51)
	at sun.reflect.NativeMethodAccessorImpl.invoke0(Native Method)
	at sun.reflect.NativeMethodAccessorImpl.invoke(NativeMethodAccessorImpl.java:62)
	at sun.reflect.DelegatingMethodAccessorImpl.invoke(DelegatingMethodAccessorImpl.java:43)
	at java.lang.reflect.Method.invoke(Method.java:498)
	at org.gradle.internal.dispatch.ReflectionDispatch.dispatch(ReflectionDispatch.java:35)
	at org.gradle.internal.dispatch.ReflectionDispatch.dispatch(ReflectionDispatch.java:24)
	at org.gradle.internal.dispatch.ContextClassLoaderDispatch.dispatch(ContextClassLoaderDispatch.java:32)
	at org.gradle.internal.dispatch.ProxyDispatchAdapter$DispatchingInvocationHandler.invoke(ProxyDispatchAdapter.java:93)
	at com.sun.proxy.$Proxy2.processTestClass(Unknown Source)
	at org.gradle.api.internal.tasks.testing.worker.TestWorker.processTestClass(TestWorker.java:117)
	at sun.reflect.NativeMethodAccessorImpl.invoke0(Native Method)
	at sun.reflect.NativeMethodAccessorImpl.invoke(NativeMethodAccessorImpl.java:62)
	at sun.reflect.DelegatingMethodAccessorImpl.invoke(DelegatingMethodAccessorImpl.java:43)
	at java.lang.reflect.Method.invoke(Method.java:498)
	at org.gradle.internal.dispatch.ReflectionDispatch.dispatch(ReflectionDispatch.java:35)
	at org.gradle.internal.dispatch.ReflectionDispatch.dispatch(ReflectionDispatch.java:24)
	at org.gradle.internal.remote.internal.hub.MessageHubBackedObjectConnection$DispatchWrapper.dispatch(MessageHubBackedObjectConnection.java:155)
	at org.gradle.internal.remote.internal.hub.MessageHubBackedObjectConnection$DispatchWrapper.dispatch(MessageHubBackedObjectConnection.java:137)
	at org.gradle.internal.remote.internal.hub.MessageHub$Handler.run(MessageHub.java:404)
	at org.gradle.internal.concurrent.ExecutorPolicy$CatchAndRecordFailures.onExecute(ExecutorPolicy.java:63)
	at org.gradle.internal.concurrent.ManagedExecutorImpl$1.run(ManagedExecutorImpl.java:46)
	at java.util.concurrent.ThreadPoolExecutor.runWorker(ThreadPoolExecutor.java:1149)
	at java.util.concurrent.ThreadPoolExecutor$Worker.run(ThreadPoolExecutor.java:624)
	at org.gradle.internal.concurrent.ThreadFactoryImpl$ManagedThreadRunnable.run(ThreadFactoryImpl.java:55)
	at java.lang.Thread.run(Thread.java:748)
</pre>
</span>
</div>
<div class="test">
<a name="publish[17: com.dotcms.publishing.PublisherAPIImplTest$TestCase@231f7a5]"></a>
<h3 class="failures">publish[17: com.dotcms.publishing.PublisherAPIImplTest$TestCase@231f7a5]</h3>
<span class="code">
<pre>java.lang.AssertionError: Expected 5 but get 6 in /custom/assets/bundles/01EZK3M7G9QAKCCBB1FJKFRN2S
Expected [/custom/assets/bundles/01EZK3M7G9QAKCCBB1FJKFRN2S/live/test1614470726757.dotcms.com/8187c93b-f603-4ffd-bc4b-9b26466a5721.rule.xml, /custom/assets/bundles/01EZK3M7G9QAKCCBB1FJKFRN2S/live/default/93a60e28-8be6-4fcc-b11c-8401e3efadf1.rule.xml, /custom/assets/bundles/01EZK3M7G9QAKCCBB1FJKFRN2S/live/System Host/1/content.ff462f88-d9e1-4d31-b084-b73cb61976d3.host.xml, /custom/assets/bundles/01EZK3M7G9QAKCCBB1FJKFRN2S/working/System Host/1/content.ff462f88-d9e1-4d31-b084-b73cb61976d3.host.xml]
Existing [/custom/assets/bundles/01EZK3M7G9QAKCCBB1FJKFRN2S/bundle.xml, /custom/assets/bundles/01EZK3M7G9QAKCCBB1FJKFRN2S/live/System Host/1/content.ff462f88-d9e1-4d31-b084-b73cb61976d3.host.xml, /custom/assets/bundles/01EZK3M7G9QAKCCBB1FJKFRN2S/live/System Host/1/system host.host.xml, /custom/assets/bundles/01EZK3M7G9QAKCCBB1FJKFRN2S/live/default/93a60e28-8be6-4fcc-b11c-8401e3efadf1.rule.xml, /custom/assets/bundles/01EZK3M7G9QAKCCBB1FJKFRN2S/live/test1614470726757.dotcms.com/8187c93b-f603-4ffd-bc4b-9b26466a5721.rule.xml, /custom/assets/bundles/01EZK3M7G9QAKCCBB1FJKFRN2S/working/System Host/1/content.ff462f88-d9e1-4d31-b084-b73cb61976d3.host.xml]
difference [/custom/assets/bundles/01EZK3M7G9QAKCCBB1FJKFRN2S/bundle.xml, /custom/assets/bundles/01EZK3M7G9QAKCCBB1FJKFRN2S/live/System Host/1/system host.host.xml]

	at org.jgroups.util.Util.assertEquals(Util.java:185)
	at com.dotcms.publishing.PublisherAPIImplTest.publish(PublisherAPIImplTest.java:407)
	at sun.reflect.GeneratedMethodAccessor1517.invoke(Unknown Source)
	at sun.reflect.DelegatingMethodAccessorImpl.invoke(DelegatingMethodAccessorImpl.java:43)
	at java.lang.reflect.Method.invoke(Method.java:498)
	at org.junit.runners.model.FrameworkMethod$1.runReflectiveCall(FrameworkMethod.java:50)
	at org.junit.internal.runners.model.ReflectiveCallable.run(ReflectiveCallable.java:12)
	at org.junit.runners.model.FrameworkMethod.invokeExplosively(FrameworkMethod.java:47)
	at com.tngtech.java.junit.dataprovider.DataProviderFrameworkMethod.invokeExplosively(DataProviderFrameworkMethod.java:119)
	at org.junit.internal.runners.statements.InvokeMethod.evaluate(InvokeMethod.java:17)
	at org.junit.rules.TestWatcher$1.evaluate(TestWatcher.java:55)
	at org.junit.rules.RunRules.evaluate(RunRules.java:20)
	at org.junit.runners.ParentRunner.runLeaf(ParentRunner.java:325)
	at com.dotcms.junit.CustomDataProviderRunner.runChild(CustomDataProviderRunner.java:28)
	at com.dotcms.junit.CustomDataProviderRunner.runChild(CustomDataProviderRunner.java:13)
	at org.junit.runners.ParentRunner$3.run(ParentRunner.java:290)
	at org.junit.runners.ParentRunner$1.schedule(ParentRunner.java:71)
	at org.junit.runners.ParentRunner.runChildren(ParentRunner.java:288)
	at org.junit.runners.ParentRunner.access$000(ParentRunner.java:58)
	at org.junit.runners.ParentRunner$2.evaluate(ParentRunner.java:268)
	at org.junit.internal.runners.statements.RunBefores.evaluate(RunBefores.java:26)
	at org.junit.internal.runners.statements.RunAfters.evaluate(RunAfters.java:27)
	at org.junit.runners.ParentRunner.run(ParentRunner.java:363)
	at org.junit.runners.Suite.runChild(Suite.java:128)
	at org.junit.runners.Suite.runChild(Suite.java:27)
	at org.junit.runners.ParentRunner$3.run(ParentRunner.java:290)
	at org.junit.runners.ParentRunner$1.schedule(ParentRunner.java:71)
	at org.junit.runners.ParentRunner.runChildren(ParentRunner.java:288)
	at org.junit.runners.ParentRunner.access$000(ParentRunner.java:58)
	at org.junit.runners.ParentRunner$2.evaluate(ParentRunner.java:268)
	at org.junit.runners.ParentRunner.run(ParentRunner.java:363)
	at org.gradle.api.internal.tasks.testing.junit.JUnitTestClassExecutor.runTestClass(JUnitTestClassExecutor.java:106)
	at org.gradle.api.internal.tasks.testing.junit.JUnitTestClassExecutor.execute(JUnitTestClassExecutor.java:58)
	at org.gradle.api.internal.tasks.testing.junit.JUnitTestClassExecutor.execute(JUnitTestClassExecutor.java:38)
	at org.gradle.api.internal.tasks.testing.junit.AbstractJUnitTestClassProcessor.processTestClass(AbstractJUnitTestClassProcessor.java:66)
	at org.gradle.api.internal.tasks.testing.SuiteTestClassProcessor.processTestClass(SuiteTestClassProcessor.java:51)
	at sun.reflect.NativeMethodAccessorImpl.invoke0(Native Method)
	at sun.reflect.NativeMethodAccessorImpl.invoke(NativeMethodAccessorImpl.java:62)
	at sun.reflect.DelegatingMethodAccessorImpl.invoke(DelegatingMethodAccessorImpl.java:43)
	at java.lang.reflect.Method.invoke(Method.java:498)
	at org.gradle.internal.dispatch.ReflectionDispatch.dispatch(ReflectionDispatch.java:35)
	at org.gradle.internal.dispatch.ReflectionDispatch.dispatch(ReflectionDispatch.java:24)
	at org.gradle.internal.dispatch.ContextClassLoaderDispatch.dispatch(ContextClassLoaderDispatch.java:32)
	at org.gradle.internal.dispatch.ProxyDispatchAdapter$DispatchingInvocationHandler.invoke(ProxyDispatchAdapter.java:93)
	at com.sun.proxy.$Proxy2.processTestClass(Unknown Source)
	at org.gradle.api.internal.tasks.testing.worker.TestWorker.processTestClass(TestWorker.java:117)
	at sun.reflect.NativeMethodAccessorImpl.invoke0(Native Method)
	at sun.reflect.NativeMethodAccessorImpl.invoke(NativeMethodAccessorImpl.java:62)
	at sun.reflect.DelegatingMethodAccessorImpl.invoke(DelegatingMethodAccessorImpl.java:43)
	at java.lang.reflect.Method.invoke(Method.java:498)
	at org.gradle.internal.dispatch.ReflectionDispatch.dispatch(ReflectionDispatch.java:35)
	at org.gradle.internal.dispatch.ReflectionDispatch.dispatch(ReflectionDispatch.java:24)
	at org.gradle.internal.remote.internal.hub.MessageHubBackedObjectConnection$DispatchWrapper.dispatch(MessageHubBackedObjectConnection.java:155)
	at org.gradle.internal.remote.internal.hub.MessageHubBackedObjectConnection$DispatchWrapper.dispatch(MessageHubBackedObjectConnection.java:137)
	at org.gradle.internal.remote.internal.hub.MessageHub$Handler.run(MessageHub.java:404)
	at org.gradle.internal.concurrent.ExecutorPolicy$CatchAndRecordFailures.onExecute(ExecutorPolicy.java:63)
	at org.gradle.internal.concurrent.ManagedExecutorImpl$1.run(ManagedExecutorImpl.java:46)
	at java.util.concurrent.ThreadPoolExecutor.runWorker(ThreadPoolExecutor.java:1149)
	at java.util.concurrent.ThreadPoolExecutor$Worker.run(ThreadPoolExecutor.java:624)
	at org.gradle.internal.concurrent.ThreadFactoryImpl$ManagedThreadRunnable.run(ThreadFactoryImpl.java:55)
	at java.lang.Thread.run(Thread.java:748)
</pre>
</span>
</div>
<div class="test">
<a name="publish[1: com.dotcms.publishing.PublisherAPIImplTest$TestCase@1a261444]"></a>
<h3 class="failures">publish[1: com.dotcms.publishing.PublisherAPIImplTest$TestCase@1a261444]</h3>
<span class="code">
<pre>java.lang.AssertionError: Expected 23 but get 25 in /custom/assets/bundles/01EZK3M5PK0E6ZP386G8F01FTG
Expected [/custom/assets/bundles/01EZK3M5PK0E6ZP386G8F01FTG/live/System Host/1/1-content.b40c4a27-df30-49d3-b6dc-3238230a7f37.content.xml, /custom/assets/bundles/01EZK3M5PK0E6ZP386G8F01FTG/live/test1614470721757.dotcms.com/b0ef584c-4cb7-4ca6-a586-1985e2b49355.template.template.xml, /custom/assets/bundles/01EZK3M5PK0E6ZP386G8F01FTG/working/test1614470721757.dotcms.com/a1f6f87a-3384-4d91-accb-23f364312d7a.containers.container.xml, /custom/assets/bundles/01EZK3M5PK0E6ZP386G8F01FTG/live/System Host/vi_AF.language.xml, /custom/assets/bundles/01EZK3M5PK0E6ZP386G8F01FTG/live/System Host/1/content.8d99c946-697b-487d-8f3b-7b8dec92f816.host.xml, /custom/assets/bundles/01EZK3M5PK0E6ZP386G8F01FTG/working/System Host/1/content.ff462f88-d9e1-4d31-b084-b73cb61976d3.host.xml, /custom/assets/bundles/01EZK3M5PK0E6ZP386G8F01FTG/d61a59e1-a49c-46f2-a929-db2b4bfa88b2.workflow.xml, /custom/assets/bundles/01EZK3M5PK0E6ZP386G8F01FTG/working/System Host/1/2-content.2a2a287e-8807-4efc-a6a1-d943f738f8e9.content.xml, /custom/assets/bundles/01EZK3M5PK0E6ZP386G8F01FTG/live/System Host/1/0-content.2a2a287e-8807-4efc-a6a1-d943f738f8e9.content.xml, /custom/assets/bundles/01EZK3M5PK0E6ZP386G8F01FTG/live/System Host/1614472915402properties, /custom/assets/bundles/01EZK3M5PK0E6ZP386G8F01FTG/working/test1614470721757.dotcms.com/477ba6a2-20ef-4c57-b6ec-bde13119dd3d.contentType.json, /custom/assets/bundles/01EZK3M5PK0E6ZP386G8F01FTG/live/System Host/1/aac2b1a1-ed79-4894-a0f1-9fbca4dd8007.contentworkflow.xml, /custom/assets/bundles/01EZK3M5PK0E6ZP386G8F01FTG/live/System Host/en_US.language.xml, /custom/assets/bundles/01EZK3M5PK0E6ZP386G8F01FTG/live/System Host/1/b7f1dd39-4530-4632-80b1-2c2bf250cffd.contentworkflow.xml, /custom/assets/bundles/01EZK3M5PK0E6ZP386G8F01FTG/live/default/93a60e28-8be6-4fcc-b11c-8401e3efadf1.rule.xml, /custom/assets/bundles/01EZK3M5PK0E6ZP386G8F01FTG/working/test1614470721757.dotcms.com/ec70ae9f-c346-43fc-bb0c-76e2d4f7010c.containers.container.xml, /custom/assets/bundles/01EZK3M5PK0E6ZP386G8F01FTG/live/System Host/1properties, /custom/assets/bundles/01EZK3M5PK0E6ZP386G8F01FTG/working/System Host/f4d7c1b8-2c88-4071-abf1-a5328977b07d.contentType.json, /custom/assets/bundles/01EZK3M5PK0E6ZP386G8F01FTG/live/System Host/1/content.ff462f88-d9e1-4d31-b084-b73cb61976d3.host.xml, /custom/assets/bundles/01EZK3M5PK0E6ZP386G8F01FTG/live/default/1614472915402/3-content.c4360da7-75b0-4a31-9d2f-637d972d6d3f.content.xml, /custom/assets/bundles/01EZK3M5PK0E6ZP386G8F01FTG/live/default/1614472915402/ab167fec-541d-4700-94f9-aa33f8ab2d60.contentworkflow.xml, /custom/assets/bundles/01EZK3M5PK0E6ZP386G8F01FTG/working/System Host/1/aac2b1a1-ed79-4894-a0f1-9fbca4dd8007.contentworkflow.xml]
Existing [/custom/assets/bundles/01EZK3M5PK0E6ZP386G8F01FTG/ROOT/bc9a1d37-dd2d-4d49-a29d-0c9be740bfaf.folder.xml, /custom/assets/bundles/01EZK3M5PK0E6ZP386G8F01FTG/bundle.xml, /custom/assets/bundles/01EZK3M5PK0E6ZP386G8F01FTG/d61a59e1-a49c-46f2-a929-db2b4bfa88b2.workflow.xml, /custom/assets/bundles/01EZK3M5PK0E6ZP386G8F01FTG/live/System Host/1/0-content.2a2a287e-8807-4efc-a6a1-d943f738f8e9.content.xml, /custom/assets/bundles/01EZK3M5PK0E6ZP386G8F01FTG/live/System Host/1/1-content.b40c4a27-df30-49d3-b6dc-3238230a7f37.content.xml, /custom/assets/bundles/01EZK3M5PK0E6ZP386G8F01FTG/live/System Host/1/aac2b1a1-ed79-4894-a0f1-9fbca4dd8007.contentworkflow.xml, /custom/assets/bundles/01EZK3M5PK0E6ZP386G8F01FTG/live/System Host/1/b7f1dd39-4530-4632-80b1-2c2bf250cffd.contentworkflow.xml, /custom/assets/bundles/01EZK3M5PK0E6ZP386G8F01FTG/live/System Host/1/content.8d99c946-697b-487d-8f3b-7b8dec92f816.host.xml, /custom/assets/bundles/01EZK3M5PK0E6ZP386G8F01FTG/live/System Host/1/content.ff462f88-d9e1-4d31-b084-b73cb61976d3.host.xml, /custom/assets/bundles/01EZK3M5PK0E6ZP386G8F01FTG/live/System Host/1/system host.host.xml, /custom/assets/bundles/01EZK3M5PK0E6ZP386G8F01FTG/live/System Host/1614472915402properties, /custom/assets/bundles/01EZK3M5PK0E6ZP386G8F01FTG/live/System Host/1properties, /custom/assets/bundles/01EZK3M5PK0E6ZP386G8F01FTG/live/System Host/en_US.language.xml, /custom/assets/bundles/01EZK3M5PK0E6ZP386G8F01FTG/live/System Host/vi_AF.language.xml, /custom/assets/bundles/01EZK3M5PK0E6ZP386G8F01FTG/live/default/1614472915402/3-content.c4360da7-75b0-4a31-9d2f-637d972d6d3f.content.xml, /custom/assets/bundles/01EZK3M5PK0E6ZP386G8F01FTG/live/default/1614472915402/ab167fec-541d-4700-94f9-aa33f8ab2d60.contentworkflow.xml, /custom/assets/bundles/01EZK3M5PK0E6ZP386G8F01FTG/live/default/93a60e28-8be6-4fcc-b11c-8401e3efadf1.rule.xml, /custom/assets/bundles/01EZK3M5PK0E6ZP386G8F01FTG/live/test1614470721757.dotcms.com/b0ef584c-4cb7-4ca6-a586-1985e2b49355.template.template.xml, /custom/assets/bundles/01EZK3M5PK0E6ZP386G8F01FTG/working/System Host/1/2-content.2a2a287e-8807-4efc-a6a1-d943f738f8e9.content.xml, /custom/assets/bundles/01EZK3M5PK0E6ZP386G8F01FTG/working/System Host/1/aac2b1a1-ed79-4894-a0f1-9fbca4dd8007.contentworkflow.xml, /custom/assets/bundles/01EZK3M5PK0E6ZP386G8F01FTG/working/System Host/1/content.ff462f88-d9e1-4d31-b084-b73cb61976d3.host.xml, /custom/assets/bundles/01EZK3M5PK0E6ZP386G8F01FTG/working/System Host/f4d7c1b8-2c88-4071-abf1-a5328977b07d.contentType.json, /custom/assets/bundles/01EZK3M5PK0E6ZP386G8F01FTG/working/test1614470721757.dotcms.com/477ba6a2-20ef-4c57-b6ec-bde13119dd3d.contentType.json, /custom/assets/bundles/01EZK3M5PK0E6ZP386G8F01FTG/working/test1614470721757.dotcms.com/a1f6f87a-3384-4d91-accb-23f364312d7a.containers.container.xml, /custom/assets/bundles/01EZK3M5PK0E6ZP386G8F01FTG/working/test1614470721757.dotcms.com/ec70ae9f-c346-43fc-bb0c-76e2d4f7010c.containers.container.xml]
difference [/custom/assets/bundles/01EZK3M5PK0E6ZP386G8F01FTG/ROOT/bc9a1d37-dd2d-4d49-a29d-0c9be740bfaf.folder.xml, /custom/assets/bundles/01EZK3M5PK0E6ZP386G8F01FTG/bundle.xml, /custom/assets/bundles/01EZK3M5PK0E6ZP386G8F01FTG/live/System Host/1/system host.host.xml]

	at org.jgroups.util.Util.assertEquals(Util.java:185)
	at com.dotcms.publishing.PublisherAPIImplTest.publish(PublisherAPIImplTest.java:407)
	at sun.reflect.NativeMethodAccessorImpl.invoke0(Native Method)
	at sun.reflect.NativeMethodAccessorImpl.invoke(NativeMethodAccessorImpl.java:62)
	at sun.reflect.DelegatingMethodAccessorImpl.invoke(DelegatingMethodAccessorImpl.java:43)
	at java.lang.reflect.Method.invoke(Method.java:498)
	at org.junit.runners.model.FrameworkMethod$1.runReflectiveCall(FrameworkMethod.java:50)
	at org.junit.internal.runners.model.ReflectiveCallable.run(ReflectiveCallable.java:12)
	at org.junit.runners.model.FrameworkMethod.invokeExplosively(FrameworkMethod.java:47)
	at com.tngtech.java.junit.dataprovider.DataProviderFrameworkMethod.invokeExplosively(DataProviderFrameworkMethod.java:119)
	at org.junit.internal.runners.statements.InvokeMethod.evaluate(InvokeMethod.java:17)
	at org.junit.rules.TestWatcher$1.evaluate(TestWatcher.java:55)
	at org.junit.rules.RunRules.evaluate(RunRules.java:20)
	at org.junit.runners.ParentRunner.runLeaf(ParentRunner.java:325)
	at com.dotcms.junit.CustomDataProviderRunner.runChild(CustomDataProviderRunner.java:28)
	at com.dotcms.junit.CustomDataProviderRunner.runChild(CustomDataProviderRunner.java:13)
	at org.junit.runners.ParentRunner$3.run(ParentRunner.java:290)
	at org.junit.runners.ParentRunner$1.schedule(ParentRunner.java:71)
	at org.junit.runners.ParentRunner.runChildren(ParentRunner.java:288)
	at org.junit.runners.ParentRunner.access$000(ParentRunner.java:58)
	at org.junit.runners.ParentRunner$2.evaluate(ParentRunner.java:268)
	at org.junit.internal.runners.statements.RunBefores.evaluate(RunBefores.java:26)
	at org.junit.internal.runners.statements.RunAfters.evaluate(RunAfters.java:27)
	at org.junit.runners.ParentRunner.run(ParentRunner.java:363)
	at org.junit.runners.Suite.runChild(Suite.java:128)
	at org.junit.runners.Suite.runChild(Suite.java:27)
	at org.junit.runners.ParentRunner$3.run(ParentRunner.java:290)
	at org.junit.runners.ParentRunner$1.schedule(ParentRunner.java:71)
	at org.junit.runners.ParentRunner.runChildren(ParentRunner.java:288)
	at org.junit.runners.ParentRunner.access$000(ParentRunner.java:58)
	at org.junit.runners.ParentRunner$2.evaluate(ParentRunner.java:268)
	at org.junit.runners.ParentRunner.run(ParentRunner.java:363)
	at org.gradle.api.internal.tasks.testing.junit.JUnitTestClassExecutor.runTestClass(JUnitTestClassExecutor.java:106)
	at org.gradle.api.internal.tasks.testing.junit.JUnitTestClassExecutor.execute(JUnitTestClassExecutor.java:58)
	at org.gradle.api.internal.tasks.testing.junit.JUnitTestClassExecutor.execute(JUnitTestClassExecutor.java:38)
	at org.gradle.api.internal.tasks.testing.junit.AbstractJUnitTestClassProcessor.processTestClass(AbstractJUnitTestClassProcessor.java:66)
	at org.gradle.api.internal.tasks.testing.SuiteTestClassProcessor.processTestClass(SuiteTestClassProcessor.java:51)
	at sun.reflect.NativeMethodAccessorImpl.invoke0(Native Method)
	at sun.reflect.NativeMethodAccessorImpl.invoke(NativeMethodAccessorImpl.java:62)
	at sun.reflect.DelegatingMethodAccessorImpl.invoke(DelegatingMethodAccessorImpl.java:43)
	at java.lang.reflect.Method.invoke(Method.java:498)
	at org.gradle.internal.dispatch.ReflectionDispatch.dispatch(ReflectionDispatch.java:35)
	at org.gradle.internal.dispatch.ReflectionDispatch.dispatch(ReflectionDispatch.java:24)
	at org.gradle.internal.dispatch.ContextClassLoaderDispatch.dispatch(ContextClassLoaderDispatch.java:32)
	at org.gradle.internal.dispatch.ProxyDispatchAdapter$DispatchingInvocationHandler.invoke(ProxyDispatchAdapter.java:93)
	at com.sun.proxy.$Proxy2.processTestClass(Unknown Source)
	at org.gradle.api.internal.tasks.testing.worker.TestWorker.processTestClass(TestWorker.java:117)
	at sun.reflect.NativeMethodAccessorImpl.invoke0(Native Method)
	at sun.reflect.NativeMethodAccessorImpl.invoke(NativeMethodAccessorImpl.java:62)
	at sun.reflect.DelegatingMethodAccessorImpl.invoke(DelegatingMethodAccessorImpl.java:43)
	at java.lang.reflect.Method.invoke(Method.java:498)
	at org.gradle.internal.dispatch.ReflectionDispatch.dispatch(ReflectionDispatch.java:35)
	at org.gradle.internal.dispatch.ReflectionDispatch.dispatch(ReflectionDispatch.java:24)
	at org.gradle.internal.remote.internal.hub.MessageHubBackedObjectConnection$DispatchWrapper.dispatch(MessageHubBackedObjectConnection.java:155)
	at org.gradle.internal.remote.internal.hub.MessageHubBackedObjectConnection$DispatchWrapper.dispatch(MessageHubBackedObjectConnection.java:137)
	at org.gradle.internal.remote.internal.hub.MessageHub$Handler.run(MessageHub.java:404)
	at org.gradle.internal.concurrent.ExecutorPolicy$CatchAndRecordFailures.onExecute(ExecutorPolicy.java:63)
	at org.gradle.internal.concurrent.ManagedExecutorImpl$1.run(ManagedExecutorImpl.java:46)
	at java.util.concurrent.ThreadPoolExecutor.runWorker(ThreadPoolExecutor.java:1149)
	at java.util.concurrent.ThreadPoolExecutor$Worker.run(ThreadPoolExecutor.java:624)
	at org.gradle.internal.concurrent.ThreadFactoryImpl$ManagedThreadRunnable.run(ThreadFactoryImpl.java:55)
	at java.lang.Thread.run(Thread.java:748)
</pre>
</span>
</div>
<div class="test">
<a name="publish[2: com.dotcms.publishing.PublisherAPIImplTest$TestCase@9c95e5d]"></a>
<h3 class="failures">publish[2: com.dotcms.publishing.PublisherAPIImplTest$TestCase@9c95e5d]</h3>
<span class="code">
<pre>java.lang.AssertionError: Expected 21 but get 23 in /custom/assets/bundles/01EZK3M5T5F5QFRHB0NGJVRHAA
Expected [/custom/assets/bundles/01EZK3M5T5F5QFRHB0NGJVRHAA/working/System Host/f4d7c1b8-2c88-4071-abf1-a5328977b07d.contentType.json, /custom/assets/bundles/01EZK3M5T5F5QFRHB0NGJVRHAA/working/System Host/1/aac2b1a1-ed79-4894-a0f1-9fbca4dd8007.contentworkflow.xml, /custom/assets/bundles/01EZK3M5T5F5QFRHB0NGJVRHAA/live/System Host/vi_AF.language.xml, /custom/assets/bundles/01EZK3M5T5F5QFRHB0NGJVRHAA/live/System Host/1properties, /custom/assets/bundles/01EZK3M5T5F5QFRHB0NGJVRHAA/live/System Host/1/content.ff462f88-d9e1-4d31-b084-b73cb61976d3.host.xml, /custom/assets/bundles/01EZK3M5T5F5QFRHB0NGJVRHAA/live/default/93a60e28-8be6-4fcc-b11c-8401e3efadf1.rule.xml, /custom/assets/bundles/01EZK3M5T5F5QFRHB0NGJVRHAA/live/System Host/1/aac2b1a1-ed79-4894-a0f1-9fbca4dd8007.contentworkflow.xml, /custom/assets/bundles/01EZK3M5T5F5QFRHB0NGJVRHAA/working/System Host/1/content.ff462f88-d9e1-4d31-b084-b73cb61976d3.host.xml, /custom/assets/bundles/01EZK3M5T5F5QFRHB0NGJVRHAA/live/default/1614472915402/ab167fec-541d-4700-94f9-aa33f8ab2d60.contentworkflow.xml, /custom/assets/bundles/01EZK3M5T5F5QFRHB0NGJVRHAA/live/System Host/1/content.bed0c31c-ad99-45ed-8d6e-55667d0db9d6.host.xml, /custom/assets/bundles/01EZK3M5T5F5QFRHB0NGJVRHAA/d61a59e1-a49c-46f2-a929-db2b4bfa88b2.workflow.xml, /custom/assets/bundles/01EZK3M5T5F5QFRHB0NGJVRHAA/working/test1614470722780.dotcms.com/7ad62da8-3af3-4c73-bd67-5f993767977f.contentType.json, /custom/assets/bundles/01EZK3M5T5F5QFRHB0NGJVRHAA/live/System Host/1/b7f1dd39-4530-4632-80b1-2c2bf250cffd.contentworkflow.xml, /custom/assets/bundles/01EZK3M5T5F5QFRHB0NGJVRHAA/working/test1614470722780.dotcms.com/bb79e730-01a6-41e1-8567-25aa3d20c81e.containers.container.xml, /custom/assets/bundles/01EZK3M5T5F5QFRHB0NGJVRHAA/live/System Host/1/1-content.b40c4a27-df30-49d3-b6dc-3238230a7f37.content.xml, /custom/assets/bundles/01EZK3M5T5F5QFRHB0NGJVRHAA/live/System Host/1/0-content.2a2a287e-8807-4efc-a6a1-d943f738f8e9.content.xml, /custom/assets/bundles/01EZK3M5T5F5QFRHB0NGJVRHAA/working/System Host/1/2-content.2a2a287e-8807-4efc-a6a1-d943f738f8e9.content.xml, /custom/assets/bundles/01EZK3M5T5F5QFRHB0NGJVRHAA/live/System Host/1614472915402properties, /custom/assets/bundles/01EZK3M5T5F5QFRHB0NGJVRHAA/live/default/1614472915402/3-content.c4360da7-75b0-4a31-9d2f-637d972d6d3f.content.xml, /custom/assets/bundles/01EZK3M5T5F5QFRHB0NGJVRHAA/live/System Host/en_US.language.xml]
Existing [/custom/assets/bundles/01EZK3M5T5F5QFRHB0NGJVRHAA/ROOT/bc9a1d37-dd2d-4d49-a29d-0c9be740bfaf.folder.xml, /custom/assets/bundles/01EZK3M5T5F5QFRHB0NGJVRHAA/bundle.xml, /custom/assets/bundles/01EZK3M5T5F5QFRHB0NGJVRHAA/d61a59e1-a49c-46f2-a929-db2b4bfa88b2.workflow.xml, /custom/assets/bundles/01EZK3M5T5F5QFRHB0NGJVRHAA/live/System Host/1/0-content.2a2a287e-8807-4efc-a6a1-d943f738f8e9.content.xml, /custom/assets/bundles/01EZK3M5T5F5QFRHB0NGJVRHAA/live/System Host/1/1-content.b40c4a27-df30-49d3-b6dc-3238230a7f37.content.xml, /custom/assets/bundles/01EZK3M5T5F5QFRHB0NGJVRHAA/live/System Host/1/aac2b1a1-ed79-4894-a0f1-9fbca4dd8007.contentworkflow.xml, /custom/assets/bundles/01EZK3M5T5F5QFRHB0NGJVRHAA/live/System Host/1/b7f1dd39-4530-4632-80b1-2c2bf250cffd.contentworkflow.xml, /custom/assets/bundles/01EZK3M5T5F5QFRHB0NGJVRHAA/live/System Host/1/content.bed0c31c-ad99-45ed-8d6e-55667d0db9d6.host.xml, /custom/assets/bundles/01EZK3M5T5F5QFRHB0NGJVRHAA/live/System Host/1/content.ff462f88-d9e1-4d31-b084-b73cb61976d3.host.xml, /custom/assets/bundles/01EZK3M5T5F5QFRHB0NGJVRHAA/live/System Host/1/system host.host.xml, /custom/assets/bundles/01EZK3M5T5F5QFRHB0NGJVRHAA/live/System Host/1614472915402properties, /custom/assets/bundles/01EZK3M5T5F5QFRHB0NGJVRHAA/live/System Host/1properties, /custom/assets/bundles/01EZK3M5T5F5QFRHB0NGJVRHAA/live/System Host/en_US.language.xml, /custom/assets/bundles/01EZK3M5T5F5QFRHB0NGJVRHAA/live/System Host/vi_AF.language.xml, /custom/assets/bundles/01EZK3M5T5F5QFRHB0NGJVRHAA/live/default/1614472915402/3-content.c4360da7-75b0-4a31-9d2f-637d972d6d3f.content.xml, /custom/assets/bundles/01EZK3M5T5F5QFRHB0NGJVRHAA/live/default/1614472915402/ab167fec-541d-4700-94f9-aa33f8ab2d60.contentworkflow.xml, /custom/assets/bundles/01EZK3M5T5F5QFRHB0NGJVRHAA/live/default/93a60e28-8be6-4fcc-b11c-8401e3efadf1.rule.xml, /custom/assets/bundles/01EZK3M5T5F5QFRHB0NGJVRHAA/working/System Host/1/2-content.2a2a287e-8807-4efc-a6a1-d943f738f8e9.content.xml, /custom/assets/bundles/01EZK3M5T5F5QFRHB0NGJVRHAA/working/System Host/1/aac2b1a1-ed79-4894-a0f1-9fbca4dd8007.contentworkflow.xml, /custom/assets/bundles/01EZK3M5T5F5QFRHB0NGJVRHAA/working/System Host/1/content.ff462f88-d9e1-4d31-b084-b73cb61976d3.host.xml, /custom/assets/bundles/01EZK3M5T5F5QFRHB0NGJVRHAA/working/System Host/f4d7c1b8-2c88-4071-abf1-a5328977b07d.contentType.json, /custom/assets/bundles/01EZK3M5T5F5QFRHB0NGJVRHAA/working/test1614470722780.dotcms.com/7ad62da8-3af3-4c73-bd67-5f993767977f.contentType.json, /custom/assets/bundles/01EZK3M5T5F5QFRHB0NGJVRHAA/working/test1614470722780.dotcms.com/bb79e730-01a6-41e1-8567-25aa3d20c81e.containers.container.xml]
difference [/custom/assets/bundles/01EZK3M5T5F5QFRHB0NGJVRHAA/ROOT/bc9a1d37-dd2d-4d49-a29d-0c9be740bfaf.folder.xml, /custom/assets/bundles/01EZK3M5T5F5QFRHB0NGJVRHAA/bundle.xml, /custom/assets/bundles/01EZK3M5T5F5QFRHB0NGJVRHAA/live/System Host/1/system host.host.xml]

	at org.jgroups.util.Util.assertEquals(Util.java:185)
	at com.dotcms.publishing.PublisherAPIImplTest.publish(PublisherAPIImplTest.java:407)
	at sun.reflect.NativeMethodAccessorImpl.invoke0(Native Method)
	at sun.reflect.NativeMethodAccessorImpl.invoke(NativeMethodAccessorImpl.java:62)
	at sun.reflect.DelegatingMethodAccessorImpl.invoke(DelegatingMethodAccessorImpl.java:43)
	at java.lang.reflect.Method.invoke(Method.java:498)
	at org.junit.runners.model.FrameworkMethod$1.runReflectiveCall(FrameworkMethod.java:50)
	at org.junit.internal.runners.model.ReflectiveCallable.run(ReflectiveCallable.java:12)
	at org.junit.runners.model.FrameworkMethod.invokeExplosively(FrameworkMethod.java:47)
	at com.tngtech.java.junit.dataprovider.DataProviderFrameworkMethod.invokeExplosively(DataProviderFrameworkMethod.java:119)
	at org.junit.internal.runners.statements.InvokeMethod.evaluate(InvokeMethod.java:17)
	at org.junit.rules.TestWatcher$1.evaluate(TestWatcher.java:55)
	at org.junit.rules.RunRules.evaluate(RunRules.java:20)
	at org.junit.runners.ParentRunner.runLeaf(ParentRunner.java:325)
	at com.dotcms.junit.CustomDataProviderRunner.runChild(CustomDataProviderRunner.java:28)
	at com.dotcms.junit.CustomDataProviderRunner.runChild(CustomDataProviderRunner.java:13)
	at org.junit.runners.ParentRunner$3.run(ParentRunner.java:290)
	at org.junit.runners.ParentRunner$1.schedule(ParentRunner.java:71)
	at org.junit.runners.ParentRunner.runChildren(ParentRunner.java:288)
	at org.junit.runners.ParentRunner.access$000(ParentRunner.java:58)
	at org.junit.runners.ParentRunner$2.evaluate(ParentRunner.java:268)
	at org.junit.internal.runners.statements.RunBefores.evaluate(RunBefores.java:26)
	at org.junit.internal.runners.statements.RunAfters.evaluate(RunAfters.java:27)
	at org.junit.runners.ParentRunner.run(ParentRunner.java:363)
	at org.junit.runners.Suite.runChild(Suite.java:128)
	at org.junit.runners.Suite.runChild(Suite.java:27)
	at org.junit.runners.ParentRunner$3.run(ParentRunner.java:290)
	at org.junit.runners.ParentRunner$1.schedule(ParentRunner.java:71)
	at org.junit.runners.ParentRunner.runChildren(ParentRunner.java:288)
	at org.junit.runners.ParentRunner.access$000(ParentRunner.java:58)
	at org.junit.runners.ParentRunner$2.evaluate(ParentRunner.java:268)
	at org.junit.runners.ParentRunner.run(ParentRunner.java:363)
	at org.gradle.api.internal.tasks.testing.junit.JUnitTestClassExecutor.runTestClass(JUnitTestClassExecutor.java:106)
	at org.gradle.api.internal.tasks.testing.junit.JUnitTestClassExecutor.execute(JUnitTestClassExecutor.java:58)
	at org.gradle.api.internal.tasks.testing.junit.JUnitTestClassExecutor.execute(JUnitTestClassExecutor.java:38)
	at org.gradle.api.internal.tasks.testing.junit.AbstractJUnitTestClassProcessor.processTestClass(AbstractJUnitTestClassProcessor.java:66)
	at org.gradle.api.internal.tasks.testing.SuiteTestClassProcessor.processTestClass(SuiteTestClassProcessor.java:51)
	at sun.reflect.NativeMethodAccessorImpl.invoke0(Native Method)
	at sun.reflect.NativeMethodAccessorImpl.invoke(NativeMethodAccessorImpl.java:62)
	at sun.reflect.DelegatingMethodAccessorImpl.invoke(DelegatingMethodAccessorImpl.java:43)
	at java.lang.reflect.Method.invoke(Method.java:498)
	at org.gradle.internal.dispatch.ReflectionDispatch.dispatch(ReflectionDispatch.java:35)
	at org.gradle.internal.dispatch.ReflectionDispatch.dispatch(ReflectionDispatch.java:24)
	at org.gradle.internal.dispatch.ContextClassLoaderDispatch.dispatch(ContextClassLoaderDispatch.java:32)
	at org.gradle.internal.dispatch.ProxyDispatchAdapter$DispatchingInvocationHandler.invoke(ProxyDispatchAdapter.java:93)
	at com.sun.proxy.$Proxy2.processTestClass(Unknown Source)
	at org.gradle.api.internal.tasks.testing.worker.TestWorker.processTestClass(TestWorker.java:117)
	at sun.reflect.NativeMethodAccessorImpl.invoke0(Native Method)
	at sun.reflect.NativeMethodAccessorImpl.invoke(NativeMethodAccessorImpl.java:62)
	at sun.reflect.DelegatingMethodAccessorImpl.invoke(DelegatingMethodAccessorImpl.java:43)
	at java.lang.reflect.Method.invoke(Method.java:498)
	at org.gradle.internal.dispatch.ReflectionDispatch.dispatch(ReflectionDispatch.java:35)
	at org.gradle.internal.dispatch.ReflectionDispatch.dispatch(ReflectionDispatch.java:24)
	at org.gradle.internal.remote.internal.hub.MessageHubBackedObjectConnection$DispatchWrapper.dispatch(MessageHubBackedObjectConnection.java:155)
	at org.gradle.internal.remote.internal.hub.MessageHubBackedObjectConnection$DispatchWrapper.dispatch(MessageHubBackedObjectConnection.java:137)
	at org.gradle.internal.remote.internal.hub.MessageHub$Handler.run(MessageHub.java:404)
	at org.gradle.internal.concurrent.ExecutorPolicy$CatchAndRecordFailures.onExecute(ExecutorPolicy.java:63)
	at org.gradle.internal.concurrent.ManagedExecutorImpl$1.run(ManagedExecutorImpl.java:46)
	at java.util.concurrent.ThreadPoolExecutor.runWorker(ThreadPoolExecutor.java:1149)
	at java.util.concurrent.ThreadPoolExecutor$Worker.run(ThreadPoolExecutor.java:624)
	at org.gradle.internal.concurrent.ThreadFactoryImpl$ManagedThreadRunnable.run(ThreadFactoryImpl.java:55)
	at java.lang.Thread.run(Thread.java:748)
</pre>
</span>
</div>
<div class="test">
<a name="publish[3: com.dotcms.publishing.PublisherAPIImplTest$TestCase@2a8b46f1]"></a>
<h3 class="failures">publish[3: com.dotcms.publishing.PublisherAPIImplTest$TestCase@2a8b46f1]</h3>
<span class="code">
<pre>java.lang.AssertionError: Expected 31 but get 33 in /custom/assets/bundles/01EZK3M5XEX7FMKD98YZJDVY7E
Expected [/custom/assets/bundles/01EZK3M5XEX7FMKD98YZJDVY7E/working/test1614470723650.dotcms.com/1/d39c2936-e7e7-4c32-9bf4-ceaa941ff25a.contentworkflow.xml, /custom/assets/bundles/01EZK3M5XEX7FMKD98YZJDVY7E/working/System Host/1/content.ff462f88-d9e1-4d31-b084-b73cb61976d3.host.xml, /custom/assets/bundles/01EZK3M5XEX7FMKD98YZJDVY7E/working/test1614470723650.dotcms.com/1/c543490f-dd7e-4d17-b7fb-65219bf930b6.contentworkflow.xml, /custom/assets/bundles/01EZK3M5XEX7FMKD98YZJDVY7E/live/default/1614472915402/ab167fec-541d-4700-94f9-aa33f8ab2d60.contentworkflow.xml, /custom/assets/bundles/01EZK3M5XEX7FMKD98YZJDVY7E/working/test1614470723650.dotcms.com/testName1614470724649/testName1614470724654/c328bc36-9110-4d2d-b335-3db38abf614b.link.xml, /custom/assets/bundles/01EZK3M5XEX7FMKD98YZJDVY7E/live/System Host/1/content.ff462f88-d9e1-4d31-b084-b73cb61976d3.host.xml, /custom/assets/bundles/01EZK3M5XEX7FMKD98YZJDVY7E/ROOT/6f0b47f8-2e56-49f2-bd4a-6254ccb38c7f.folder.xml, /custom/assets/bundles/01EZK3M5XEX7FMKD98YZJDVY7E/ROOT/testName1614470724649/5295a729-0f83-4ca8-91b9-b759cbecc154.folder.xml, /custom/assets/bundles/01EZK3M5XEX7FMKD98YZJDVY7E/live/System Host/1/0-content.2a2a287e-8807-4efc-a6a1-d943f738f8e9.content.xml, /custom/assets/bundles/01EZK3M5XEX7FMKD98YZJDVY7E/working/System Host/33888b6f-7a8e-4069-b1b6-5c1aa9d0a48d.contentType.json, /custom/assets/bundles/01EZK3M5XEX7FMKD98YZJDVY7E/working/test1614470723650.dotcms.com/1/2-0097aa4a-7105-4730-8f67-1458aa3f2933.content.xml, /custom/assets/bundles/01EZK3M5XEX7FMKD98YZJDVY7E/live/default/93a60e28-8be6-4fcc-b11c-8401e3efadf1.rule.xml, /custom/assets/bundles/01EZK3M5XEX7FMKD98YZJDVY7E/live/System Host/en_US.language.xml, /custom/assets/bundles/01EZK3M5XEX7FMKD98YZJDVY7E/live/default/1614472915402/5-content.c4360da7-75b0-4a31-9d2f-637d972d6d3f.content.xml, /custom/assets/bundles/01EZK3M5XEX7FMKD98YZJDVY7E/live/System Host/1614472915402properties, /custom/assets/bundles/01EZK3M5XEX7FMKD98YZJDVY7E/live/System Host/1properties, /custom/assets/bundles/01EZK3M5XEX7FMKD98YZJDVY7E/ROOT/testName1614470724649/testName1614470724654/b0dd6f60-438b-4ac7-9965-b27569ad4f50.folder.xml, /custom/assets/bundles/01EZK3M5XEX7FMKD98YZJDVY7E/working/test1614470723650.dotcms.com/1/4-bcbeac0e-50d9-42ba-bb9e-53542cfdb65a.content.xml, /custom/assets/bundles/01EZK3M5XEX7FMKD98YZJDVY7E/working/System Host/1/3-content.2a2a287e-8807-4efc-a6a1-d943f738f8e9.content.xml, /custom/assets/bundles/01EZK3M5XEX7FMKD98YZJDVY7E/live/System Host/1/aac2b1a1-ed79-4894-a0f1-9fbca4dd8007.contentworkflow.xml, /custom/assets/bundles/01EZK3M5XEX7FMKD98YZJDVY7E/assets/b/c/bcbeac0e-50d9-42ba-bb9e-53542cfdb65a/fileAsset/test.jpg, /custom/assets/bundles/01EZK3M5XEX7FMKD98YZJDVY7E/live/System Host/1/b7f1dd39-4530-4632-80b1-2c2bf250cffd.contentworkflow.xml, /custom/assets/bundles/01EZK3M5XEX7FMKD98YZJDVY7E/working/test1614470723650.dotcms.com/0251870e-96d7-4929-9a1b-cd41c0f672ec.contentType.json, /custom/assets/bundles/01EZK3M5XEX7FMKD98YZJDVY7E/live/System Host/1/content.87b2869c-c271-4cf5-a949-e32921cecf32.host.xml, /custom/assets/bundles/01EZK3M5XEX7FMKD98YZJDVY7E/assets/0/0/0097aa4a-7105-4730-8f67-1458aa3f2933/fileAsset/test.jpg, /custom/assets/bundles/01EZK3M5XEX7FMKD98YZJDVY7E/working/System Host/1/aac2b1a1-ed79-4894-a0f1-9fbca4dd8007.contentworkflow.xml, /custom/assets/bundles/01EZK3M5XEX7FMKD98YZJDVY7E/d61a59e1-a49c-46f2-a929-db2b4bfa88b2.workflow.xml, /custom/assets/bundles/01EZK3M5XEX7FMKD98YZJDVY7E/live/System Host/1/1-content.b40c4a27-df30-49d3-b6dc-3238230a7f37.content.xml, /custom/assets/bundles/01EZK3M5XEX7FMKD98YZJDVY7E/live/System Host/vi_AF.language.xml, /custom/assets/bundles/01EZK3M5XEX7FMKD98YZJDVY7E/working/System Host/f4d7c1b8-2c88-4071-abf1-a5328977b07d.contentType.json]
Existing [/custom/assets/bundles/01EZK3M5XEX7FMKD98YZJDVY7E/ROOT/6f0b47f8-2e56-49f2-bd4a-6254ccb38c7f.folder.xml, /custom/assets/bundles/01EZK3M5XEX7FMKD98YZJDVY7E/ROOT/bc9a1d37-dd2d-4d49-a29d-0c9be740bfaf.folder.xml, /custom/assets/bundles/01EZK3M5XEX7FMKD98YZJDVY7E/ROOT/testName1614470724649/5295a729-0f83-4ca8-91b9-b759cbecc154.folder.xml, /custom/assets/bundles/01EZK3M5XEX7FMKD98YZJDVY7E/ROOT/testName1614470724649/testName1614470724654/b0dd6f60-438b-4ac7-9965-b27569ad4f50.folder.xml, /custom/assets/bundles/01EZK3M5XEX7FMKD98YZJDVY7E/assets/0/0/0097aa4a-7105-4730-8f67-1458aa3f2933/fileAsset/test.jpg, /custom/assets/bundles/01EZK3M5XEX7FMKD98YZJDVY7E/assets/b/c/bcbeac0e-50d9-42ba-bb9e-53542cfdb65a/fileAsset/test.jpg, /custom/assets/bundles/01EZK3M5XEX7FMKD98YZJDVY7E/bundle.xml, /custom/assets/bundles/01EZK3M5XEX7FMKD98YZJDVY7E/d61a59e1-a49c-46f2-a929-db2b4bfa88b2.workflow.xml, /custom/assets/bundles/01EZK3M5XEX7FMKD98YZJDVY7E/live/System Host/1/0-content.2a2a287e-8807-4efc-a6a1-d943f738f8e9.content.xml, /custom/assets/bundles/01EZK3M5XEX7FMKD98YZJDVY7E/live/System Host/1/1-content.b40c4a27-df30-49d3-b6dc-3238230a7f37.content.xml, /custom/assets/bundles/01EZK3M5XEX7FMKD98YZJDVY7E/live/System Host/1/aac2b1a1-ed79-4894-a0f1-9fbca4dd8007.contentworkflow.xml, /custom/assets/bundles/01EZK3M5XEX7FMKD98YZJDVY7E/live/System Host/1/b7f1dd39-4530-4632-80b1-2c2bf250cffd.contentworkflow.xml, /custom/assets/bundles/01EZK3M5XEX7FMKD98YZJDVY7E/live/System Host/1/content.87b2869c-c271-4cf5-a949-e32921cecf32.host.xml, /custom/assets/bundles/01EZK3M5XEX7FMKD98YZJDVY7E/live/System Host/1/content.ff462f88-d9e1-4d31-b084-b73cb61976d3.host.xml, /custom/assets/bundles/01EZK3M5XEX7FMKD98YZJDVY7E/live/System Host/1/system host.host.xml, /custom/assets/bundles/01EZK3M5XEX7FMKD98YZJDVY7E/live/System Host/1614472915402properties, /custom/assets/bundles/01EZK3M5XEX7FMKD98YZJDVY7E/live/System Host/1properties, /custom/assets/bundles/01EZK3M5XEX7FMKD98YZJDVY7E/live/System Host/en_US.language.xml, /custom/assets/bundles/01EZK3M5XEX7FMKD98YZJDVY7E/live/System Host/vi_AF.language.xml, /custom/assets/bundles/01EZK3M5XEX7FMKD98YZJDVY7E/live/default/1614472915402/5-content.c4360da7-75b0-4a31-9d2f-637d972d6d3f.content.xml, /custom/assets/bundles/01EZK3M5XEX7FMKD98YZJDVY7E/live/default/1614472915402/ab167fec-541d-4700-94f9-aa33f8ab2d60.contentworkflow.xml, /custom/assets/bundles/01EZK3M5XEX7FMKD98YZJDVY7E/live/default/93a60e28-8be6-4fcc-b11c-8401e3efadf1.rule.xml, /custom/assets/bundles/01EZK3M5XEX7FMKD98YZJDVY7E/working/System Host/1/3-content.2a2a287e-8807-4efc-a6a1-d943f738f8e9.content.xml, /custom/assets/bundles/01EZK3M5XEX7FMKD98YZJDVY7E/working/System Host/1/aac2b1a1-ed79-4894-a0f1-9fbca4dd8007.contentworkflow.xml, /custom/assets/bundles/01EZK3M5XEX7FMKD98YZJDVY7E/working/System Host/1/content.ff462f88-d9e1-4d31-b084-b73cb61976d3.host.xml, /custom/assets/bundles/01EZK3M5XEX7FMKD98YZJDVY7E/working/System Host/33888b6f-7a8e-4069-b1b6-5c1aa9d0a48d.contentType.json, /custom/assets/bundles/01EZK3M5XEX7FMKD98YZJDVY7E/working/System Host/f4d7c1b8-2c88-4071-abf1-a5328977b07d.contentType.json, /custom/assets/bundles/01EZK3M5XEX7FMKD98YZJDVY7E/working/test1614470723650.dotcms.com/0251870e-96d7-4929-9a1b-cd41c0f672ec.contentType.json, /custom/assets/bundles/01EZK3M5XEX7FMKD98YZJDVY7E/working/test1614470723650.dotcms.com/1/2-0097aa4a-7105-4730-8f67-1458aa3f2933.content.xml, /custom/assets/bundles/01EZK3M5XEX7FMKD98YZJDVY7E/working/test1614470723650.dotcms.com/1/4-bcbeac0e-50d9-42ba-bb9e-53542cfdb65a.content.xml, /custom/assets/bundles/01EZK3M5XEX7FMKD98YZJDVY7E/working/test1614470723650.dotcms.com/1/c543490f-dd7e-4d17-b7fb-65219bf930b6.contentworkflow.xml, /custom/assets/bundles/01EZK3M5XEX7FMKD98YZJDVY7E/working/test1614470723650.dotcms.com/1/d39c2936-e7e7-4c32-9bf4-ceaa941ff25a.contentworkflow.xml, /custom/assets/bundles/01EZK3M5XEX7FMKD98YZJDVY7E/working/test1614470723650.dotcms.com/testName1614470724649/testName1614470724654/c328bc36-9110-4d2d-b335-3db38abf614b.link.xml]
difference [/custom/assets/bundles/01EZK3M5XEX7FMKD98YZJDVY7E/ROOT/bc9a1d37-dd2d-4d49-a29d-0c9be740bfaf.folder.xml, /custom/assets/bundles/01EZK3M5XEX7FMKD98YZJDVY7E/bundle.xml, /custom/assets/bundles/01EZK3M5XEX7FMKD98YZJDVY7E/live/System Host/1/system host.host.xml]

	at org.jgroups.util.Util.assertEquals(Util.java:185)
	at com.dotcms.publishing.PublisherAPIImplTest.publish(PublisherAPIImplTest.java:407)
	at sun.reflect.NativeMethodAccessorImpl.invoke0(Native Method)
	at sun.reflect.NativeMethodAccessorImpl.invoke(NativeMethodAccessorImpl.java:62)
	at sun.reflect.DelegatingMethodAccessorImpl.invoke(DelegatingMethodAccessorImpl.java:43)
	at java.lang.reflect.Method.invoke(Method.java:498)
	at org.junit.runners.model.FrameworkMethod$1.runReflectiveCall(FrameworkMethod.java:50)
	at org.junit.internal.runners.model.ReflectiveCallable.run(ReflectiveCallable.java:12)
	at org.junit.runners.model.FrameworkMethod.invokeExplosively(FrameworkMethod.java:47)
	at com.tngtech.java.junit.dataprovider.DataProviderFrameworkMethod.invokeExplosively(DataProviderFrameworkMethod.java:119)
	at org.junit.internal.runners.statements.InvokeMethod.evaluate(InvokeMethod.java:17)
	at org.junit.rules.TestWatcher$1.evaluate(TestWatcher.java:55)
	at org.junit.rules.RunRules.evaluate(RunRules.java:20)
	at org.junit.runners.ParentRunner.runLeaf(ParentRunner.java:325)
	at com.dotcms.junit.CustomDataProviderRunner.runChild(CustomDataProviderRunner.java:28)
	at com.dotcms.junit.CustomDataProviderRunner.runChild(CustomDataProviderRunner.java:13)
	at org.junit.runners.ParentRunner$3.run(ParentRunner.java:290)
	at org.junit.runners.ParentRunner$1.schedule(ParentRunner.java:71)
	at org.junit.runners.ParentRunner.runChildren(ParentRunner.java:288)
	at org.junit.runners.ParentRunner.access$000(ParentRunner.java:58)
	at org.junit.runners.ParentRunner$2.evaluate(ParentRunner.java:268)
	at org.junit.internal.runners.statements.RunBefores.evaluate(RunBefores.java:26)
	at org.junit.internal.runners.statements.RunAfters.evaluate(RunAfters.java:27)
	at org.junit.runners.ParentRunner.run(ParentRunner.java:363)
	at org.junit.runners.Suite.runChild(Suite.java:128)
	at org.junit.runners.Suite.runChild(Suite.java:27)
	at org.junit.runners.ParentRunner$3.run(ParentRunner.java:290)
	at org.junit.runners.ParentRunner$1.schedule(ParentRunner.java:71)
	at org.junit.runners.ParentRunner.runChildren(ParentRunner.java:288)
	at org.junit.runners.ParentRunner.access$000(ParentRunner.java:58)
	at org.junit.runners.ParentRunner$2.evaluate(ParentRunner.java:268)
	at org.junit.runners.ParentRunner.run(ParentRunner.java:363)
	at org.gradle.api.internal.tasks.testing.junit.JUnitTestClassExecutor.runTestClass(JUnitTestClassExecutor.java:106)
	at org.gradle.api.internal.tasks.testing.junit.JUnitTestClassExecutor.execute(JUnitTestClassExecutor.java:58)
	at org.gradle.api.internal.tasks.testing.junit.JUnitTestClassExecutor.execute(JUnitTestClassExecutor.java:38)
	at org.gradle.api.internal.tasks.testing.junit.AbstractJUnitTestClassProcessor.processTestClass(AbstractJUnitTestClassProcessor.java:66)
	at org.gradle.api.internal.tasks.testing.SuiteTestClassProcessor.processTestClass(SuiteTestClassProcessor.java:51)
	at sun.reflect.NativeMethodAccessorImpl.invoke0(Native Method)
	at sun.reflect.NativeMethodAccessorImpl.invoke(NativeMethodAccessorImpl.java:62)
	at sun.reflect.DelegatingMethodAccessorImpl.invoke(DelegatingMethodAccessorImpl.java:43)
	at java.lang.reflect.Method.invoke(Method.java:498)
	at org.gradle.internal.dispatch.ReflectionDispatch.dispatch(ReflectionDispatch.java:35)
	at org.gradle.internal.dispatch.ReflectionDispatch.dispatch(ReflectionDispatch.java:24)
	at org.gradle.internal.dispatch.ContextClassLoaderDispatch.dispatch(ContextClassLoaderDispatch.java:32)
	at org.gradle.internal.dispatch.ProxyDispatchAdapter$DispatchingInvocationHandler.invoke(ProxyDispatchAdapter.java:93)
	at com.sun.proxy.$Proxy2.processTestClass(Unknown Source)
	at org.gradle.api.internal.tasks.testing.worker.TestWorker.processTestClass(TestWorker.java:117)
	at sun.reflect.NativeMethodAccessorImpl.invoke0(Native Method)
	at sun.reflect.NativeMethodAccessorImpl.invoke(NativeMethodAccessorImpl.java:62)
	at sun.reflect.DelegatingMethodAccessorImpl.invoke(DelegatingMethodAccessorImpl.java:43)
	at java.lang.reflect.Method.invoke(Method.java:498)
	at org.gradle.internal.dispatch.ReflectionDispatch.dispatch(ReflectionDispatch.java:35)
	at org.gradle.internal.dispatch.ReflectionDispatch.dispatch(ReflectionDispatch.java:24)
	at org.gradle.internal.remote.internal.hub.MessageHubBackedObjectConnection$DispatchWrapper.dispatch(MessageHubBackedObjectConnection.java:155)
	at org.gradle.internal.remote.internal.hub.MessageHubBackedObjectConnection$DispatchWrapper.dispatch(MessageHubBackedObjectConnection.java:137)
	at org.gradle.internal.remote.internal.hub.MessageHub$Handler.run(MessageHub.java:404)
	at org.gradle.internal.concurrent.ExecutorPolicy$CatchAndRecordFailures.onExecute(ExecutorPolicy.java:63)
	at org.gradle.internal.concurrent.ManagedExecutorImpl$1.run(ManagedExecutorImpl.java:46)
	at java.util.concurrent.ThreadPoolExecutor.runWorker(ThreadPoolExecutor.java:1149)
	at java.util.concurrent.ThreadPoolExecutor$Worker.run(ThreadPoolExecutor.java:624)
	at org.gradle.internal.concurrent.ThreadFactoryImpl$ManagedThreadRunnable.run(ThreadFactoryImpl.java:55)
	at java.lang.Thread.run(Thread.java:748)
</pre>
</span>
</div>
<div class="test">
<a name="publish[4: com.dotcms.publishing.PublisherAPIImplTest$TestCase@4802bf66]"></a>
<h3 class="failures">publish[4: com.dotcms.publishing.PublisherAPIImplTest$TestCase@4802bf66]</h3>
<span class="code">
<pre>java.lang.AssertionError: Expected 28 but get 30 in /custom/assets/bundles/01EZK3M65FMQ3AN23CFCA97SR2
Expected [/custom/assets/bundles/01EZK3M65FMQ3AN23CFCA97SR2/ROOT/72fa9cf7-41df-44f5-aeae-9bf636a1044e.folder.xml, /custom/assets/bundles/01EZK3M65FMQ3AN23CFCA97SR2/live/System Host/1/b7f1dd39-4530-4632-80b1-2c2bf250cffd.contentworkflow.xml, /custom/assets/bundles/01EZK3M65FMQ3AN23CFCA97SR2/working/System Host/f4d7c1b8-2c88-4071-abf1-a5328977b07d.contentType.json, /custom/assets/bundles/01EZK3M65FMQ3AN23CFCA97SR2/live/System Host/vi_AF.language.xml, /custom/assets/bundles/01EZK3M65FMQ3AN23CFCA97SR2/live/System Host/1properties, /custom/assets/bundles/01EZK3M65FMQ3AN23CFCA97SR2/working/System Host/33888b6f-7a8e-4069-b1b6-5c1aa9d0a48d.contentType.json, /custom/assets/bundles/01EZK3M65FMQ3AN23CFCA97SR2/live/System Host/1/content.154f4473-8ff9-40bf-ad57-484426c9b142.host.xml, /custom/assets/bundles/01EZK3M65FMQ3AN23CFCA97SR2/working/test1614470724889.dotcms.com/1/3-content.406cb0c0-a363-4ca1-b722-e80b0a016fc1.content.xml, /custom/assets/bundles/01EZK3M65FMQ3AN23CFCA97SR2/working/System Host/1/content.ff462f88-d9e1-4d31-b084-b73cb61976d3.host.xml, /custom/assets/bundles/01EZK3M65FMQ3AN23CFCA97SR2/working/test1614470724889.dotcms.com/1/73f4e833-2042-46ab-bb96-47f22f323ee4.contentworkflow.xml, /custom/assets/bundles/01EZK3M65FMQ3AN23CFCA97SR2/working/test1614470724889.dotcms.com/e24b3c73-c745-4860-a95a-dcda57d71417.contentType.json, /custom/assets/bundles/01EZK3M65FMQ3AN23CFCA97SR2/working/System Host/1/2-content.2a2a287e-8807-4efc-a6a1-d943f738f8e9.content.xml, /custom/assets/bundles/01EZK3M65FMQ3AN23CFCA97SR2/live/System Host/1/content.ff462f88-d9e1-4d31-b084-b73cb61976d3.host.xml, /custom/assets/bundles/01EZK3M65FMQ3AN23CFCA97SR2/live/System Host/1/0-content.2a2a287e-8807-4efc-a6a1-d943f738f8e9.content.xml, /custom/assets/bundles/01EZK3M65FMQ3AN23CFCA97SR2/live/System Host/1614472915402properties, /custom/assets/bundles/01EZK3M65FMQ3AN23CFCA97SR2/live/default/1614472915402/ab167fec-541d-4700-94f9-aa33f8ab2d60.contentworkflow.xml, /custom/assets/bundles/01EZK3M65FMQ3AN23CFCA97SR2/live/test1614470724889.dotcms.com/30b6c4fe-9337-46ec-941a-bcb2ba3cb67d.template.template.xml, /custom/assets/bundles/01EZK3M65FMQ3AN23CFCA97SR2/working/test1614470724889.dotcms.com/bedcebfc-d0cc-46aa-8c6a-a92a2371d137.containers.container.xml, /custom/assets/bundles/01EZK3M65FMQ3AN23CFCA97SR2/d61a59e1-a49c-46f2-a929-db2b4bfa88b2.workflow.xml, /custom/assets/bundles/01EZK3M65FMQ3AN23CFCA97SR2/live/System Host/en_US.language.xml, /custom/assets/bundles/01EZK3M65FMQ3AN23CFCA97SR2/working/System Host/1/aac2b1a1-ed79-4894-a0f1-9fbca4dd8007.contentworkflow.xml, /custom/assets/bundles/01EZK3M65FMQ3AN23CFCA97SR2/working/test1614470724889.dotcms.com/c1ab83f4-839b-43f3-b287-dd3cbff5eea0.contentType.json, /custom/assets/bundles/01EZK3M65FMQ3AN23CFCA97SR2/live/default/1614472915402/4-content.c4360da7-75b0-4a31-9d2f-637d972d6d3f.content.xml, /custom/assets/bundles/01EZK3M65FMQ3AN23CFCA97SR2/live/System Host/1/aac2b1a1-ed79-4894-a0f1-9fbca4dd8007.contentworkflow.xml, /custom/assets/bundles/01EZK3M65FMQ3AN23CFCA97SR2/live/test1614470724889.dotcms.com/1eb3fce1-9c45-4c39-84b4-e68d97bf4c90.rule.xml, /custom/assets/bundles/01EZK3M65FMQ3AN23CFCA97SR2/live/default/93a60e28-8be6-4fcc-b11c-8401e3efadf1.rule.xml, /custom/assets/bundles/01EZK3M65FMQ3AN23CFCA97SR2/live/System Host/1/1-content.b40c4a27-df30-49d3-b6dc-3238230a7f37.content.xml]
Existing [/custom/assets/bundles/01EZK3M65FMQ3AN23CFCA97SR2/ROOT/72fa9cf7-41df-44f5-aeae-9bf636a1044e.folder.xml, /custom/assets/bundles/01EZK3M65FMQ3AN23CFCA97SR2/ROOT/bc9a1d37-dd2d-4d49-a29d-0c9be740bfaf.folder.xml, /custom/assets/bundles/01EZK3M65FMQ3AN23CFCA97SR2/bundle.xml, /custom/assets/bundles/01EZK3M65FMQ3AN23CFCA97SR2/d61a59e1-a49c-46f2-a929-db2b4bfa88b2.workflow.xml, /custom/assets/bundles/01EZK3M65FMQ3AN23CFCA97SR2/live/System Host/1/0-content.2a2a287e-8807-4efc-a6a1-d943f738f8e9.content.xml, /custom/assets/bundles/01EZK3M65FMQ3AN23CFCA97SR2/live/System Host/1/1-content.b40c4a27-df30-49d3-b6dc-3238230a7f37.content.xml, /custom/assets/bundles/01EZK3M65FMQ3AN23CFCA97SR2/live/System Host/1/aac2b1a1-ed79-4894-a0f1-9fbca4dd8007.contentworkflow.xml, /custom/assets/bundles/01EZK3M65FMQ3AN23CFCA97SR2/live/System Host/1/b7f1dd39-4530-4632-80b1-2c2bf250cffd.contentworkflow.xml, /custom/assets/bundles/01EZK3M65FMQ3AN23CFCA97SR2/live/System Host/1/content.154f4473-8ff9-40bf-ad57-484426c9b142.host.xml, /custom/assets/bundles/01EZK3M65FMQ3AN23CFCA97SR2/live/System Host/1/content.ff462f88-d9e1-4d31-b084-b73cb61976d3.host.xml, /custom/assets/bundles/01EZK3M65FMQ3AN23CFCA97SR2/live/System Host/1/system host.host.xml, /custom/assets/bundles/01EZK3M65FMQ3AN23CFCA97SR2/live/System Host/1614472915402properties, /custom/assets/bundles/01EZK3M65FMQ3AN23CFCA97SR2/live/System Host/1properties, /custom/assets/bundles/01EZK3M65FMQ3AN23CFCA97SR2/live/System Host/en_US.language.xml, /custom/assets/bundles/01EZK3M65FMQ3AN23CFCA97SR2/live/System Host/vi_AF.language.xml, /custom/assets/bundles/01EZK3M65FMQ3AN23CFCA97SR2/live/default/1614472915402/4-content.c4360da7-75b0-4a31-9d2f-637d972d6d3f.content.xml, /custom/assets/bundles/01EZK3M65FMQ3AN23CFCA97SR2/live/default/1614472915402/ab167fec-541d-4700-94f9-aa33f8ab2d60.contentworkflow.xml, /custom/assets/bundles/01EZK3M65FMQ3AN23CFCA97SR2/live/default/93a60e28-8be6-4fcc-b11c-8401e3efadf1.rule.xml, /custom/assets/bundles/01EZK3M65FMQ3AN23CFCA97SR2/live/test1614470724889.dotcms.com/1eb3fce1-9c45-4c39-84b4-e68d97bf4c90.rule.xml, /custom/assets/bundles/01EZK3M65FMQ3AN23CFCA97SR2/live/test1614470724889.dotcms.com/30b6c4fe-9337-46ec-941a-bcb2ba3cb67d.template.template.xml, /custom/assets/bundles/01EZK3M65FMQ3AN23CFCA97SR2/working/System Host/1/2-content.2a2a287e-8807-4efc-a6a1-d943f738f8e9.content.xml, /custom/assets/bundles/01EZK3M65FMQ3AN23CFCA97SR2/working/System Host/1/aac2b1a1-ed79-4894-a0f1-9fbca4dd8007.contentworkflow.xml, /custom/assets/bundles/01EZK3M65FMQ3AN23CFCA97SR2/working/System Host/1/content.ff462f88-d9e1-4d31-b084-b73cb61976d3.host.xml, /custom/assets/bundles/01EZK3M65FMQ3AN23CFCA97SR2/working/System Host/33888b6f-7a8e-4069-b1b6-5c1aa9d0a48d.contentType.json, /custom/assets/bundles/01EZK3M65FMQ3AN23CFCA97SR2/working/System Host/f4d7c1b8-2c88-4071-abf1-a5328977b07d.contentType.json, /custom/assets/bundles/01EZK3M65FMQ3AN23CFCA97SR2/working/test1614470724889.dotcms.com/1/3-content.406cb0c0-a363-4ca1-b722-e80b0a016fc1.content.xml, /custom/assets/bundles/01EZK3M65FMQ3AN23CFCA97SR2/working/test1614470724889.dotcms.com/1/73f4e833-2042-46ab-bb96-47f22f323ee4.contentworkflow.xml, /custom/assets/bundles/01EZK3M65FMQ3AN23CFCA97SR2/working/test1614470724889.dotcms.com/bedcebfc-d0cc-46aa-8c6a-a92a2371d137.containers.container.xml, /custom/assets/bundles/01EZK3M65FMQ3AN23CFCA97SR2/working/test1614470724889.dotcms.com/c1ab83f4-839b-43f3-b287-dd3cbff5eea0.contentType.json, /custom/assets/bundles/01EZK3M65FMQ3AN23CFCA97SR2/working/test1614470724889.dotcms.com/e24b3c73-c745-4860-a95a-dcda57d71417.contentType.json]
difference [/custom/assets/bundles/01EZK3M65FMQ3AN23CFCA97SR2/ROOT/bc9a1d37-dd2d-4d49-a29d-0c9be740bfaf.folder.xml, /custom/assets/bundles/01EZK3M65FMQ3AN23CFCA97SR2/bundle.xml, /custom/assets/bundles/01EZK3M65FMQ3AN23CFCA97SR2/live/System Host/1/system host.host.xml]

	at org.jgroups.util.Util.assertEquals(Util.java:185)
	at com.dotcms.publishing.PublisherAPIImplTest.publish(PublisherAPIImplTest.java:407)
	at sun.reflect.NativeMethodAccessorImpl.invoke0(Native Method)
	at sun.reflect.NativeMethodAccessorImpl.invoke(NativeMethodAccessorImpl.java:62)
	at sun.reflect.DelegatingMethodAccessorImpl.invoke(DelegatingMethodAccessorImpl.java:43)
	at java.lang.reflect.Method.invoke(Method.java:498)
	at org.junit.runners.model.FrameworkMethod$1.runReflectiveCall(FrameworkMethod.java:50)
	at org.junit.internal.runners.model.ReflectiveCallable.run(ReflectiveCallable.java:12)
	at org.junit.runners.model.FrameworkMethod.invokeExplosively(FrameworkMethod.java:47)
	at com.tngtech.java.junit.dataprovider.DataProviderFrameworkMethod.invokeExplosively(DataProviderFrameworkMethod.java:119)
	at org.junit.internal.runners.statements.InvokeMethod.evaluate(InvokeMethod.java:17)
	at org.junit.rules.TestWatcher$1.evaluate(TestWatcher.java:55)
	at org.junit.rules.RunRules.evaluate(RunRules.java:20)
	at org.junit.runners.ParentRunner.runLeaf(ParentRunner.java:325)
	at com.dotcms.junit.CustomDataProviderRunner.runChild(CustomDataProviderRunner.java:28)
	at com.dotcms.junit.CustomDataProviderRunner.runChild(CustomDataProviderRunner.java:13)
	at org.junit.runners.ParentRunner$3.run(ParentRunner.java:290)
	at org.junit.runners.ParentRunner$1.schedule(ParentRunner.java:71)
	at org.junit.runners.ParentRunner.runChildren(ParentRunner.java:288)
	at org.junit.runners.ParentRunner.access$000(ParentRunner.java:58)
	at org.junit.runners.ParentRunner$2.evaluate(ParentRunner.java:268)
	at org.junit.internal.runners.statements.RunBefores.evaluate(RunBefores.java:26)
	at org.junit.internal.runners.statements.RunAfters.evaluate(RunAfters.java:27)
	at org.junit.runners.ParentRunner.run(ParentRunner.java:363)
	at org.junit.runners.Suite.runChild(Suite.java:128)
	at org.junit.runners.Suite.runChild(Suite.java:27)
	at org.junit.runners.ParentRunner$3.run(ParentRunner.java:290)
	at org.junit.runners.ParentRunner$1.schedule(ParentRunner.java:71)
	at org.junit.runners.ParentRunner.runChildren(ParentRunner.java:288)
	at org.junit.runners.ParentRunner.access$000(ParentRunner.java:58)
	at org.junit.runners.ParentRunner$2.evaluate(ParentRunner.java:268)
	at org.junit.runners.ParentRunner.run(ParentRunner.java:363)
	at org.gradle.api.internal.tasks.testing.junit.JUnitTestClassExecutor.runTestClass(JUnitTestClassExecutor.java:106)
	at org.gradle.api.internal.tasks.testing.junit.JUnitTestClassExecutor.execute(JUnitTestClassExecutor.java:58)
	at org.gradle.api.internal.tasks.testing.junit.JUnitTestClassExecutor.execute(JUnitTestClassExecutor.java:38)
	at org.gradle.api.internal.tasks.testing.junit.AbstractJUnitTestClassProcessor.processTestClass(AbstractJUnitTestClassProcessor.java:66)
	at org.gradle.api.internal.tasks.testing.SuiteTestClassProcessor.processTestClass(SuiteTestClassProcessor.java:51)
	at sun.reflect.NativeMethodAccessorImpl.invoke0(Native Method)
	at sun.reflect.NativeMethodAccessorImpl.invoke(NativeMethodAccessorImpl.java:62)
	at sun.reflect.DelegatingMethodAccessorImpl.invoke(DelegatingMethodAccessorImpl.java:43)
	at java.lang.reflect.Method.invoke(Method.java:498)
	at org.gradle.internal.dispatch.ReflectionDispatch.dispatch(ReflectionDispatch.java:35)
	at org.gradle.internal.dispatch.ReflectionDispatch.dispatch(ReflectionDispatch.java:24)
	at org.gradle.internal.dispatch.ContextClassLoaderDispatch.dispatch(ContextClassLoaderDispatch.java:32)
	at org.gradle.internal.dispatch.ProxyDispatchAdapter$DispatchingInvocationHandler.invoke(ProxyDispatchAdapter.java:93)
	at com.sun.proxy.$Proxy2.processTestClass(Unknown Source)
	at org.gradle.api.internal.tasks.testing.worker.TestWorker.processTestClass(TestWorker.java:117)
	at sun.reflect.NativeMethodAccessorImpl.invoke0(Native Method)
	at sun.reflect.NativeMethodAccessorImpl.invoke(NativeMethodAccessorImpl.java:62)
	at sun.reflect.DelegatingMethodAccessorImpl.invoke(DelegatingMethodAccessorImpl.java:43)
	at java.lang.reflect.Method.invoke(Method.java:498)
	at org.gradle.internal.dispatch.ReflectionDispatch.dispatch(ReflectionDispatch.java:35)
	at org.gradle.internal.dispatch.ReflectionDispatch.dispatch(ReflectionDispatch.java:24)
	at org.gradle.internal.remote.internal.hub.MessageHubBackedObjectConnection$DispatchWrapper.dispatch(MessageHubBackedObjectConnection.java:155)
	at org.gradle.internal.remote.internal.hub.MessageHubBackedObjectConnection$DispatchWrapper.dispatch(MessageHubBackedObjectConnection.java:137)
	at org.gradle.internal.remote.internal.hub.MessageHub$Handler.run(MessageHub.java:404)
	at org.gradle.internal.concurrent.ExecutorPolicy$CatchAndRecordFailures.onExecute(ExecutorPolicy.java:63)
	at org.gradle.internal.concurrent.ManagedExecutorImpl$1.run(ManagedExecutorImpl.java:46)
	at java.util.concurrent.ThreadPoolExecutor.runWorker(ThreadPoolExecutor.java:1149)
	at java.util.concurrent.ThreadPoolExecutor$Worker.run(ThreadPoolExecutor.java:624)
	at org.gradle.internal.concurrent.ThreadFactoryImpl$ManagedThreadRunnable.run(ThreadFactoryImpl.java:55)
	at java.lang.Thread.run(Thread.java:748)
</pre>
</span>
</div>
<div class="test">
<a name="publish[5: com.dotcms.publishing.PublisherAPIImplTest$TestCase@62ac1616]"></a>
<h3 class="failures">publish[5: com.dotcms.publishing.PublisherAPIImplTest$TestCase@62ac1616]</h3>
<span class="code">
<pre>java.lang.AssertionError: Expected 21 but get 23 in /custom/assets/bundles/01EZK3M6ARSYK73DVFCQRDJH2M
Expected [/custom/assets/bundles/01EZK3M6ARSYK73DVFCQRDJH2M/live/System Host/1/1-content.b40c4a27-df30-49d3-b6dc-3238230a7f37.content.xml, /custom/assets/bundles/01EZK3M6ARSYK73DVFCQRDJH2M/working/System Host/1/2-content.2a2a287e-8807-4efc-a6a1-d943f738f8e9.content.xml, /custom/assets/bundles/01EZK3M6ARSYK73DVFCQRDJH2M/live/System Host/en_US.language.xml, /custom/assets/bundles/01EZK3M6ARSYK73DVFCQRDJH2M/live/System Host/1/b7f1dd39-4530-4632-80b1-2c2bf250cffd.contentworkflow.xml, /custom/assets/bundles/01EZK3M6ARSYK73DVFCQRDJH2M/live/System Host/1/content.ff462f88-d9e1-4d31-b084-b73cb61976d3.host.xml, /custom/assets/bundles/01EZK3M6ARSYK73DVFCQRDJH2M/working/System Host/f4d7c1b8-2c88-4071-abf1-a5328977b07d.contentType.json, /custom/assets/bundles/01EZK3M6ARSYK73DVFCQRDJH2M/ROOT/22932c19-8226-4026-b85d-34d046d65125.folder.xml, /custom/assets/bundles/01EZK3M6ARSYK73DVFCQRDJH2M/live/System Host/1/content.35343698-0778-4b1a-9b01-1d600da894a3.host.xml, /custom/assets/bundles/01EZK3M6ARSYK73DVFCQRDJH2M/live/System Host/1properties, /custom/assets/bundles/01EZK3M6ARSYK73DVFCQRDJH2M/live/System Host/1614472915402properties, /custom/assets/bundles/01EZK3M6ARSYK73DVFCQRDJH2M/live/System Host/1/aac2b1a1-ed79-4894-a0f1-9fbca4dd8007.contentworkflow.xml, /custom/assets/bundles/01EZK3M6ARSYK73DVFCQRDJH2M/live/default/1614472915402/ab167fec-541d-4700-94f9-aa33f8ab2d60.contentworkflow.xml, /custom/assets/bundles/01EZK3M6ARSYK73DVFCQRDJH2M/live/default/1614472915402/3-content.c4360da7-75b0-4a31-9d2f-637d972d6d3f.content.xml, /custom/assets/bundles/01EZK3M6ARSYK73DVFCQRDJH2M/working/System Host/1/content.ff462f88-d9e1-4d31-b084-b73cb61976d3.host.xml, /custom/assets/bundles/01EZK3M6ARSYK73DVFCQRDJH2M/live/System Host/vi_AF.language.xml, /custom/assets/bundles/01EZK3M6ARSYK73DVFCQRDJH2M/working/System Host/1/aac2b1a1-ed79-4894-a0f1-9fbca4dd8007.contentworkflow.xml, /custom/assets/bundles/01EZK3M6ARSYK73DVFCQRDJH2M/live/default/93a60e28-8be6-4fcc-b11c-8401e3efadf1.rule.xml, /custom/assets/bundles/01EZK3M6ARSYK73DVFCQRDJH2M/live/System Host/1/0-content.2a2a287e-8807-4efc-a6a1-d943f738f8e9.content.xml, /custom/assets/bundles/01EZK3M6ARSYK73DVFCQRDJH2M/working/test1614470725825.dotcms.com/testName1614470726726/60e4bc66-3d7f-4aa4-ace5-5161e590aba6.link.xml, /custom/assets/bundles/01EZK3M6ARSYK73DVFCQRDJH2M/d61a59e1-a49c-46f2-a929-db2b4bfa88b2.workflow.xml]
Existing [/custom/assets/bundles/01EZK3M6ARSYK73DVFCQRDJH2M/ROOT/22932c19-8226-4026-b85d-34d046d65125.folder.xml, /custom/assets/bundles/01EZK3M6ARSYK73DVFCQRDJH2M/ROOT/bc9a1d37-dd2d-4d49-a29d-0c9be740bfaf.folder.xml, /custom/assets/bundles/01EZK3M6ARSYK73DVFCQRDJH2M/bundle.xml, /custom/assets/bundles/01EZK3M6ARSYK73DVFCQRDJH2M/d61a59e1-a49c-46f2-a929-db2b4bfa88b2.workflow.xml, /custom/assets/bundles/01EZK3M6ARSYK73DVFCQRDJH2M/live/System Host/1/0-content.2a2a287e-8807-4efc-a6a1-d943f738f8e9.content.xml, /custom/assets/bundles/01EZK3M6ARSYK73DVFCQRDJH2M/live/System Host/1/1-content.b40c4a27-df30-49d3-b6dc-3238230a7f37.content.xml, /custom/assets/bundles/01EZK3M6ARSYK73DVFCQRDJH2M/live/System Host/1/aac2b1a1-ed79-4894-a0f1-9fbca4dd8007.contentworkflow.xml, /custom/assets/bundles/01EZK3M6ARSYK73DVFCQRDJH2M/live/System Host/1/b7f1dd39-4530-4632-80b1-2c2bf250cffd.contentworkflow.xml, /custom/assets/bundles/01EZK3M6ARSYK73DVFCQRDJH2M/live/System Host/1/content.35343698-0778-4b1a-9b01-1d600da894a3.host.xml, /custom/assets/bundles/01EZK3M6ARSYK73DVFCQRDJH2M/live/System Host/1/content.ff462f88-d9e1-4d31-b084-b73cb61976d3.host.xml, /custom/assets/bundles/01EZK3M6ARSYK73DVFCQRDJH2M/live/System Host/1/system host.host.xml, /custom/assets/bundles/01EZK3M6ARSYK73DVFCQRDJH2M/live/System Host/1614472915402properties, /custom/assets/bundles/01EZK3M6ARSYK73DVFCQRDJH2M/live/System Host/1properties, /custom/assets/bundles/01EZK3M6ARSYK73DVFCQRDJH2M/live/System Host/en_US.language.xml, /custom/assets/bundles/01EZK3M6ARSYK73DVFCQRDJH2M/live/System Host/vi_AF.language.xml, /custom/assets/bundles/01EZK3M6ARSYK73DVFCQRDJH2M/live/default/1614472915402/3-content.c4360da7-75b0-4a31-9d2f-637d972d6d3f.content.xml, /custom/assets/bundles/01EZK3M6ARSYK73DVFCQRDJH2M/live/default/1614472915402/ab167fec-541d-4700-94f9-aa33f8ab2d60.contentworkflow.xml, /custom/assets/bundles/01EZK3M6ARSYK73DVFCQRDJH2M/live/default/93a60e28-8be6-4fcc-b11c-8401e3efadf1.rule.xml, /custom/assets/bundles/01EZK3M6ARSYK73DVFCQRDJH2M/working/System Host/1/2-content.2a2a287e-8807-4efc-a6a1-d943f738f8e9.content.xml, /custom/assets/bundles/01EZK3M6ARSYK73DVFCQRDJH2M/working/System Host/1/aac2b1a1-ed79-4894-a0f1-9fbca4dd8007.contentworkflow.xml, /custom/assets/bundles/01EZK3M6ARSYK73DVFCQRDJH2M/working/System Host/1/content.ff462f88-d9e1-4d31-b084-b73cb61976d3.host.xml, /custom/assets/bundles/01EZK3M6ARSYK73DVFCQRDJH2M/working/System Host/f4d7c1b8-2c88-4071-abf1-a5328977b07d.contentType.json, /custom/assets/bundles/01EZK3M6ARSYK73DVFCQRDJH2M/working/test1614470725825.dotcms.com/testName1614470726726/60e4bc66-3d7f-4aa4-ace5-5161e590aba6.link.xml]
difference [/custom/assets/bundles/01EZK3M6ARSYK73DVFCQRDJH2M/ROOT/bc9a1d37-dd2d-4d49-a29d-0c9be740bfaf.folder.xml, /custom/assets/bundles/01EZK3M6ARSYK73DVFCQRDJH2M/bundle.xml, /custom/assets/bundles/01EZK3M6ARSYK73DVFCQRDJH2M/live/System Host/1/system host.host.xml]

	at org.jgroups.util.Util.assertEquals(Util.java:185)
	at com.dotcms.publishing.PublisherAPIImplTest.publish(PublisherAPIImplTest.java:407)
	at sun.reflect.NativeMethodAccessorImpl.invoke0(Native Method)
	at sun.reflect.NativeMethodAccessorImpl.invoke(NativeMethodAccessorImpl.java:62)
	at sun.reflect.DelegatingMethodAccessorImpl.invoke(DelegatingMethodAccessorImpl.java:43)
	at java.lang.reflect.Method.invoke(Method.java:498)
	at org.junit.runners.model.FrameworkMethod$1.runReflectiveCall(FrameworkMethod.java:50)
	at org.junit.internal.runners.model.ReflectiveCallable.run(ReflectiveCallable.java:12)
	at org.junit.runners.model.FrameworkMethod.invokeExplosively(FrameworkMethod.java:47)
	at com.tngtech.java.junit.dataprovider.DataProviderFrameworkMethod.invokeExplosively(DataProviderFrameworkMethod.java:119)
	at org.junit.internal.runners.statements.InvokeMethod.evaluate(InvokeMethod.java:17)
	at org.junit.rules.TestWatcher$1.evaluate(TestWatcher.java:55)
	at org.junit.rules.RunRules.evaluate(RunRules.java:20)
	at org.junit.runners.ParentRunner.runLeaf(ParentRunner.java:325)
	at com.dotcms.junit.CustomDataProviderRunner.runChild(CustomDataProviderRunner.java:28)
	at com.dotcms.junit.CustomDataProviderRunner.runChild(CustomDataProviderRunner.java:13)
	at org.junit.runners.ParentRunner$3.run(ParentRunner.java:290)
	at org.junit.runners.ParentRunner$1.schedule(ParentRunner.java:71)
	at org.junit.runners.ParentRunner.runChildren(ParentRunner.java:288)
	at org.junit.runners.ParentRunner.access$000(ParentRunner.java:58)
	at org.junit.runners.ParentRunner$2.evaluate(ParentRunner.java:268)
	at org.junit.internal.runners.statements.RunBefores.evaluate(RunBefores.java:26)
	at org.junit.internal.runners.statements.RunAfters.evaluate(RunAfters.java:27)
	at org.junit.runners.ParentRunner.run(ParentRunner.java:363)
	at org.junit.runners.Suite.runChild(Suite.java:128)
	at org.junit.runners.Suite.runChild(Suite.java:27)
	at org.junit.runners.ParentRunner$3.run(ParentRunner.java:290)
	at org.junit.runners.ParentRunner$1.schedule(ParentRunner.java:71)
	at org.junit.runners.ParentRunner.runChildren(ParentRunner.java:288)
	at org.junit.runners.ParentRunner.access$000(ParentRunner.java:58)
	at org.junit.runners.ParentRunner$2.evaluate(ParentRunner.java:268)
	at org.junit.runners.ParentRunner.run(ParentRunner.java:363)
	at org.gradle.api.internal.tasks.testing.junit.JUnitTestClassExecutor.runTestClass(JUnitTestClassExecutor.java:106)
	at org.gradle.api.internal.tasks.testing.junit.JUnitTestClassExecutor.execute(JUnitTestClassExecutor.java:58)
	at org.gradle.api.internal.tasks.testing.junit.JUnitTestClassExecutor.execute(JUnitTestClassExecutor.java:38)
	at org.gradle.api.internal.tasks.testing.junit.AbstractJUnitTestClassProcessor.processTestClass(AbstractJUnitTestClassProcessor.java:66)
	at org.gradle.api.internal.tasks.testing.SuiteTestClassProcessor.processTestClass(SuiteTestClassProcessor.java:51)
	at sun.reflect.NativeMethodAccessorImpl.invoke0(Native Method)
	at sun.reflect.NativeMethodAccessorImpl.invoke(NativeMethodAccessorImpl.java:62)
	at sun.reflect.DelegatingMethodAccessorImpl.invoke(DelegatingMethodAccessorImpl.java:43)
	at java.lang.reflect.Method.invoke(Method.java:498)
	at org.gradle.internal.dispatch.ReflectionDispatch.dispatch(ReflectionDispatch.java:35)
	at org.gradle.internal.dispatch.ReflectionDispatch.dispatch(ReflectionDispatch.java:24)
	at org.gradle.internal.dispatch.ContextClassLoaderDispatch.dispatch(ContextClassLoaderDispatch.java:32)
	at org.gradle.internal.dispatch.ProxyDispatchAdapter$DispatchingInvocationHandler.invoke(ProxyDispatchAdapter.java:93)
	at com.sun.proxy.$Proxy2.processTestClass(Unknown Source)
	at org.gradle.api.internal.tasks.testing.worker.TestWorker.processTestClass(TestWorker.java:117)
	at sun.reflect.NativeMethodAccessorImpl.invoke0(Native Method)
	at sun.reflect.NativeMethodAccessorImpl.invoke(NativeMethodAccessorImpl.java:62)
	at sun.reflect.DelegatingMethodAccessorImpl.invoke(DelegatingMethodAccessorImpl.java:43)
	at java.lang.reflect.Method.invoke(Method.java:498)
	at org.gradle.internal.dispatch.ReflectionDispatch.dispatch(ReflectionDispatch.java:35)
	at org.gradle.internal.dispatch.ReflectionDispatch.dispatch(ReflectionDispatch.java:24)
	at org.gradle.internal.remote.internal.hub.MessageHubBackedObjectConnection$DispatchWrapper.dispatch(MessageHubBackedObjectConnection.java:155)
	at org.gradle.internal.remote.internal.hub.MessageHubBackedObjectConnection$DispatchWrapper.dispatch(MessageHubBackedObjectConnection.java:137)
	at org.gradle.internal.remote.internal.hub.MessageHub$Handler.run(MessageHub.java:404)
	at org.gradle.internal.concurrent.ExecutorPolicy$CatchAndRecordFailures.onExecute(ExecutorPolicy.java:63)
	at org.gradle.internal.concurrent.ManagedExecutorImpl$1.run(ManagedExecutorImpl.java:46)
	at java.util.concurrent.ThreadPoolExecutor.runWorker(ThreadPoolExecutor.java:1149)
	at java.util.concurrent.ThreadPoolExecutor$Worker.run(ThreadPoolExecutor.java:624)
	at org.gradle.internal.concurrent.ThreadFactoryImpl$ManagedThreadRunnable.run(ThreadFactoryImpl.java:55)
	at java.lang.Thread.run(Thread.java:748)
</pre>
</span>
</div>
<div class="test">
<a name="publish[6: com.dotcms.publishing.PublisherAPIImplTest$TestCase@21d487a8]"></a>
<h3 class="failures">publish[6: com.dotcms.publishing.PublisherAPIImplTest$TestCase@21d487a8]</h3>
<span class="code">
<pre>java.lang.AssertionError: Expected 19 but get 21 in /custom/assets/bundles/01EZK3M6EKPST695T9SPVBERGN
Expected [/custom/assets/bundles/01EZK3M6EKPST695T9SPVBERGN/working/System Host/1/aac2b1a1-ed79-4894-a0f1-9fbca4dd8007.contentworkflow.xml, /custom/assets/bundles/01EZK3M6EKPST695T9SPVBERGN/live/System Host/1/b7f1dd39-4530-4632-80b1-2c2bf250cffd.contentworkflow.xml, /custom/assets/bundles/01EZK3M6EKPST695T9SPVBERGN/live/System Host/1/content.ff462f88-d9e1-4d31-b084-b73cb61976d3.host.xml, /custom/assets/bundles/01EZK3M6EKPST695T9SPVBERGN/live/System Host/en_US.language.xml, /custom/assets/bundles/01EZK3M6EKPST695T9SPVBERGN/working/System Host/1/content.ff462f88-d9e1-4d31-b084-b73cb61976d3.host.xml, /custom/assets/bundles/01EZK3M6EKPST695T9SPVBERGN/live/default/1614472915402/ab167fec-541d-4700-94f9-aa33f8ab2d60.contentworkflow.xml, /custom/assets/bundles/01EZK3M6EKPST695T9SPVBERGN/d61a59e1-a49c-46f2-a929-db2b4bfa88b2.workflow.xml, /custom/assets/bundles/01EZK3M6EKPST695T9SPVBERGN/working/System Host/1/2-content.2a2a287e-8807-4efc-a6a1-d943f738f8e9.content.xml, /custom/assets/bundles/01EZK3M6EKPST695T9SPVBERGN/live/default/93a60e28-8be6-4fcc-b11c-8401e3efadf1.rule.xml, /custom/assets/bundles/01EZK3M6EKPST695T9SPVBERGN/live/System Host/1/aac2b1a1-ed79-4894-a0f1-9fbca4dd8007.contentworkflow.xml, /custom/assets/bundles/01EZK3M6EKPST695T9SPVBERGN/working/System Host/f4d7c1b8-2c88-4071-abf1-a5328977b07d.contentType.json, /custom/assets/bundles/01EZK3M6EKPST695T9SPVBERGN/live/default/1614472915402/3-content.c4360da7-75b0-4a31-9d2f-637d972d6d3f.content.xml, /custom/assets/bundles/01EZK3M6EKPST695T9SPVBERGN/live/System Host/1properties, /custom/assets/bundles/01EZK3M6EKPST695T9SPVBERGN/5380bd74-7f64-47c6-8c85-207159c4c928.workflow.xml, /custom/assets/bundles/01EZK3M6EKPST695T9SPVBERGN/live/System Host/vi_AF.language.xml, /custom/assets/bundles/01EZK3M6EKPST695T9SPVBERGN/live/System Host/1/0-content.2a2a287e-8807-4efc-a6a1-d943f738f8e9.content.xml, /custom/assets/bundles/01EZK3M6EKPST695T9SPVBERGN/live/System Host/1/1-content.b40c4a27-df30-49d3-b6dc-3238230a7f37.content.xml, /custom/assets/bundles/01EZK3M6EKPST695T9SPVBERGN/live/System Host/1614472915402properties]
Existing [/custom/assets/bundles/01EZK3M6EKPST695T9SPVBERGN/5380bd74-7f64-47c6-8c85-207159c4c928.workflow.xml, /custom/assets/bundles/01EZK3M6EKPST695T9SPVBERGN/ROOT/bc9a1d37-dd2d-4d49-a29d-0c9be740bfaf.folder.xml, /custom/assets/bundles/01EZK3M6EKPST695T9SPVBERGN/bundle.xml, /custom/assets/bundles/01EZK3M6EKPST695T9SPVBERGN/d61a59e1-a49c-46f2-a929-db2b4bfa88b2.workflow.xml, /custom/assets/bundles/01EZK3M6EKPST695T9SPVBERGN/live/System Host/1/0-content.2a2a287e-8807-4efc-a6a1-d943f738f8e9.content.xml, /custom/assets/bundles/01EZK3M6EKPST695T9SPVBERGN/live/System Host/1/1-content.b40c4a27-df30-49d3-b6dc-3238230a7f37.content.xml, /custom/assets/bundles/01EZK3M6EKPST695T9SPVBERGN/live/System Host/1/aac2b1a1-ed79-4894-a0f1-9fbca4dd8007.contentworkflow.xml, /custom/assets/bundles/01EZK3M6EKPST695T9SPVBERGN/live/System Host/1/b7f1dd39-4530-4632-80b1-2c2bf250cffd.contentworkflow.xml, /custom/assets/bundles/01EZK3M6EKPST695T9SPVBERGN/live/System Host/1/content.ff462f88-d9e1-4d31-b084-b73cb61976d3.host.xml, /custom/assets/bundles/01EZK3M6EKPST695T9SPVBERGN/live/System Host/1/system host.host.xml, /custom/assets/bundles/01EZK3M6EKPST695T9SPVBERGN/live/System Host/1614472915402properties, /custom/assets/bundles/01EZK3M6EKPST695T9SPVBERGN/live/System Host/1properties, /custom/assets/bundles/01EZK3M6EKPST695T9SPVBERGN/live/System Host/en_US.language.xml, /custom/assets/bundles/01EZK3M6EKPST695T9SPVBERGN/live/System Host/vi_AF.language.xml, /custom/assets/bundles/01EZK3M6EKPST695T9SPVBERGN/live/default/1614472915402/3-content.c4360da7-75b0-4a31-9d2f-637d972d6d3f.content.xml, /custom/assets/bundles/01EZK3M6EKPST695T9SPVBERGN/live/default/1614472915402/ab167fec-541d-4700-94f9-aa33f8ab2d60.contentworkflow.xml, /custom/assets/bundles/01EZK3M6EKPST695T9SPVBERGN/live/default/93a60e28-8be6-4fcc-b11c-8401e3efadf1.rule.xml, /custom/assets/bundles/01EZK3M6EKPST695T9SPVBERGN/working/System Host/1/2-content.2a2a287e-8807-4efc-a6a1-d943f738f8e9.content.xml, /custom/assets/bundles/01EZK3M6EKPST695T9SPVBERGN/working/System Host/1/aac2b1a1-ed79-4894-a0f1-9fbca4dd8007.contentworkflow.xml, /custom/assets/bundles/01EZK3M6EKPST695T9SPVBERGN/working/System Host/1/content.ff462f88-d9e1-4d31-b084-b73cb61976d3.host.xml, /custom/assets/bundles/01EZK3M6EKPST695T9SPVBERGN/working/System Host/f4d7c1b8-2c88-4071-abf1-a5328977b07d.contentType.json]
difference [/custom/assets/bundles/01EZK3M6EKPST695T9SPVBERGN/ROOT/bc9a1d37-dd2d-4d49-a29d-0c9be740bfaf.folder.xml, /custom/assets/bundles/01EZK3M6EKPST695T9SPVBERGN/bundle.xml, /custom/assets/bundles/01EZK3M6EKPST695T9SPVBERGN/live/System Host/1/system host.host.xml]

	at org.jgroups.util.Util.assertEquals(Util.java:185)
	at com.dotcms.publishing.PublisherAPIImplTest.publish(PublisherAPIImplTest.java:407)
	at sun.reflect.NativeMethodAccessorImpl.invoke0(Native Method)
	at sun.reflect.NativeMethodAccessorImpl.invoke(NativeMethodAccessorImpl.java:62)
	at sun.reflect.DelegatingMethodAccessorImpl.invoke(DelegatingMethodAccessorImpl.java:43)
	at java.lang.reflect.Method.invoke(Method.java:498)
	at org.junit.runners.model.FrameworkMethod$1.runReflectiveCall(FrameworkMethod.java:50)
	at org.junit.internal.runners.model.ReflectiveCallable.run(ReflectiveCallable.java:12)
	at org.junit.runners.model.FrameworkMethod.invokeExplosively(FrameworkMethod.java:47)
	at com.tngtech.java.junit.dataprovider.DataProviderFrameworkMethod.invokeExplosively(DataProviderFrameworkMethod.java:119)
	at org.junit.internal.runners.statements.InvokeMethod.evaluate(InvokeMethod.java:17)
	at org.junit.rules.TestWatcher$1.evaluate(TestWatcher.java:55)
	at org.junit.rules.RunRules.evaluate(RunRules.java:20)
	at org.junit.runners.ParentRunner.runLeaf(ParentRunner.java:325)
	at com.dotcms.junit.CustomDataProviderRunner.runChild(CustomDataProviderRunner.java:28)
	at com.dotcms.junit.CustomDataProviderRunner.runChild(CustomDataProviderRunner.java:13)
	at org.junit.runners.ParentRunner$3.run(ParentRunner.java:290)
	at org.junit.runners.ParentRunner$1.schedule(ParentRunner.java:71)
	at org.junit.runners.ParentRunner.runChildren(ParentRunner.java:288)
	at org.junit.runners.ParentRunner.access$000(ParentRunner.java:58)
	at org.junit.runners.ParentRunner$2.evaluate(ParentRunner.java:268)
	at org.junit.internal.runners.statements.RunBefores.evaluate(RunBefores.java:26)
	at org.junit.internal.runners.statements.RunAfters.evaluate(RunAfters.java:27)
	at org.junit.runners.ParentRunner.run(ParentRunner.java:363)
	at org.junit.runners.Suite.runChild(Suite.java:128)
	at org.junit.runners.Suite.runChild(Suite.java:27)
	at org.junit.runners.ParentRunner$3.run(ParentRunner.java:290)
	at org.junit.runners.ParentRunner$1.schedule(ParentRunner.java:71)
	at org.junit.runners.ParentRunner.runChildren(ParentRunner.java:288)
	at org.junit.runners.ParentRunner.access$000(ParentRunner.java:58)
	at org.junit.runners.ParentRunner$2.evaluate(ParentRunner.java:268)
	at org.junit.runners.ParentRunner.run(ParentRunner.java:363)
	at org.gradle.api.internal.tasks.testing.junit.JUnitTestClassExecutor.runTestClass(JUnitTestClassExecutor.java:106)
	at org.gradle.api.internal.tasks.testing.junit.JUnitTestClassExecutor.execute(JUnitTestClassExecutor.java:58)
	at org.gradle.api.internal.tasks.testing.junit.JUnitTestClassExecutor.execute(JUnitTestClassExecutor.java:38)
	at org.gradle.api.internal.tasks.testing.junit.AbstractJUnitTestClassProcessor.processTestClass(AbstractJUnitTestClassProcessor.java:66)
	at org.gradle.api.internal.tasks.testing.SuiteTestClassProcessor.processTestClass(SuiteTestClassProcessor.java:51)
	at sun.reflect.NativeMethodAccessorImpl.invoke0(Native Method)
	at sun.reflect.NativeMethodAccessorImpl.invoke(NativeMethodAccessorImpl.java:62)
	at sun.reflect.DelegatingMethodAccessorImpl.invoke(DelegatingMethodAccessorImpl.java:43)
	at java.lang.reflect.Method.invoke(Method.java:498)
	at org.gradle.internal.dispatch.ReflectionDispatch.dispatch(ReflectionDispatch.java:35)
	at org.gradle.internal.dispatch.ReflectionDispatch.dispatch(ReflectionDispatch.java:24)
	at org.gradle.internal.dispatch.ContextClassLoaderDispatch.dispatch(ContextClassLoaderDispatch.java:32)
	at org.gradle.internal.dispatch.ProxyDispatchAdapter$DispatchingInvocationHandler.invoke(ProxyDispatchAdapter.java:93)
	at com.sun.proxy.$Proxy2.processTestClass(Unknown Source)
	at org.gradle.api.internal.tasks.testing.worker.TestWorker.processTestClass(TestWorker.java:117)
	at sun.reflect.NativeMethodAccessorImpl.invoke0(Native Method)
	at sun.reflect.NativeMethodAccessorImpl.invoke(NativeMethodAccessorImpl.java:62)
	at sun.reflect.DelegatingMethodAccessorImpl.invoke(DelegatingMethodAccessorImpl.java:43)
	at java.lang.reflect.Method.invoke(Method.java:498)
	at org.gradle.internal.dispatch.ReflectionDispatch.dispatch(ReflectionDispatch.java:35)
	at org.gradle.internal.dispatch.ReflectionDispatch.dispatch(ReflectionDispatch.java:24)
	at org.gradle.internal.remote.internal.hub.MessageHubBackedObjectConnection$DispatchWrapper.dispatch(MessageHubBackedObjectConnection.java:155)
	at org.gradle.internal.remote.internal.hub.MessageHubBackedObjectConnection$DispatchWrapper.dispatch(MessageHubBackedObjectConnection.java:137)
	at org.gradle.internal.remote.internal.hub.MessageHub$Handler.run(MessageHub.java:404)
	at org.gradle.internal.concurrent.ExecutorPolicy$CatchAndRecordFailures.onExecute(ExecutorPolicy.java:63)
	at org.gradle.internal.concurrent.ManagedExecutorImpl$1.run(ManagedExecutorImpl.java:46)
	at java.util.concurrent.ThreadPoolExecutor.runWorker(ThreadPoolExecutor.java:1149)
	at java.util.concurrent.ThreadPoolExecutor$Worker.run(ThreadPoolExecutor.java:624)
	at org.gradle.internal.concurrent.ThreadFactoryImpl$ManagedThreadRunnable.run(ThreadFactoryImpl.java:55)
	at java.lang.Thread.run(Thread.java:748)
</pre>
</span>
</div>
<div class="test">
<a name="publish[7: com.dotcms.publishing.PublisherAPIImplTest$TestCase@5198e1ad]"></a>
<h3 class="failures">publish[7: com.dotcms.publishing.PublisherAPIImplTest$TestCase@5198e1ad]</h3>
<span class="code">
<pre>java.lang.AssertionError: Expected 20 but get 22 in /custom/assets/bundles/01EZK3M6HMREHE11K11XXJWRJZ
Expected [/custom/assets/bundles/01EZK3M6HMREHE11K11XXJWRJZ/live/System Host/vi_AF.language.xml, /custom/assets/bundles/01EZK3M6HMREHE11K11XXJWRJZ/live/System Host/1properties, /custom/assets/bundles/01EZK3M6HMREHE11K11XXJWRJZ/d61a59e1-a49c-46f2-a929-db2b4bfa88b2.workflow.xml, /custom/assets/bundles/01EZK3M6HMREHE11K11XXJWRJZ/live/default/1614472915402/ab167fec-541d-4700-94f9-aa33f8ab2d60.contentworkflow.xml, /custom/assets/bundles/01EZK3M6HMREHE11K11XXJWRJZ/working/System Host/1/aac2b1a1-ed79-4894-a0f1-9fbca4dd8007.contentworkflow.xml, /custom/assets/bundles/01EZK3M6HMREHE11K11XXJWRJZ/live/default/93a60e28-8be6-4fcc-b11c-8401e3efadf1.rule.xml, /custom/assets/bundles/01EZK3M6HMREHE11K11XXJWRJZ/live/System Host/1/aac2b1a1-ed79-4894-a0f1-9fbca4dd8007.contentworkflow.xml, /custom/assets/bundles/01EZK3M6HMREHE11K11XXJWRJZ/working/System Host/1/content.ff462f88-d9e1-4d31-b084-b73cb61976d3.host.xml, /custom/assets/bundles/01EZK3M6HMREHE11K11XXJWRJZ/working/System Host/1/2-content.2a2a287e-8807-4efc-a6a1-d943f738f8e9.content.xml, /custom/assets/bundles/01EZK3M6HMREHE11K11XXJWRJZ/live/System Host/1/content.ff462f88-d9e1-4d31-b084-b73cb61976d3.host.xml, /custom/assets/bundles/01EZK3M6HMREHE11K11XXJWRJZ/live/System Host/1/0-content.2a2a287e-8807-4efc-a6a1-d943f738f8e9.content.xml, /custom/assets/bundles/01EZK3M6HMREHE11K11XXJWRJZ/live/System Host/1614472915402properties, /custom/assets/bundles/01EZK3M6HMREHE11K11XXJWRJZ/live/System Host/1/1-content.b40c4a27-df30-49d3-b6dc-3238230a7f37.content.xml, /custom/assets/bundles/01EZK3M6HMREHE11K11XXJWRJZ/live/System Host/1614470726756properties, /custom/assets/bundles/01EZK3M6HMREHE11K11XXJWRJZ/live/System Host/1/b7f1dd39-4530-4632-80b1-2c2bf250cffd.contentworkflow.xml, /custom/assets/bundles/01EZK3M6HMREHE11K11XXJWRJZ/working/System Host/f4d7c1b8-2c88-4071-abf1-a5328977b07d.contentType.json, /custom/assets/bundles/01EZK3M6HMREHE11K11XXJWRJZ/live/System Host/en_US.language.xml, /custom/assets/bundles/01EZK3M6HMREHE11K11XXJWRJZ/live/default/1614472915402/3-content.c4360da7-75b0-4a31-9d2f-637d972d6d3f.content.xml, /custom/assets/bundles/01EZK3M6HMREHE11K11XXJWRJZ/live/System Host/n52n3_TESTCOUNTRYCODE1614470726755.language.xml]
Existing [/custom/assets/bundles/01EZK3M6HMREHE11K11XXJWRJZ/ROOT/bc9a1d37-dd2d-4d49-a29d-0c9be740bfaf.folder.xml, /custom/assets/bundles/01EZK3M6HMREHE11K11XXJWRJZ/bundle.xml, /custom/assets/bundles/01EZK3M6HMREHE11K11XXJWRJZ/d61a59e1-a49c-46f2-a929-db2b4bfa88b2.workflow.xml, /custom/assets/bundles/01EZK3M6HMREHE11K11XXJWRJZ/live/System Host/1/0-content.2a2a287e-8807-4efc-a6a1-d943f738f8e9.content.xml, /custom/assets/bundles/01EZK3M6HMREHE11K11XXJWRJZ/live/System Host/1/1-content.b40c4a27-df30-49d3-b6dc-3238230a7f37.content.xml, /custom/assets/bundles/01EZK3M6HMREHE11K11XXJWRJZ/live/System Host/1/aac2b1a1-ed79-4894-a0f1-9fbca4dd8007.contentworkflow.xml, /custom/assets/bundles/01EZK3M6HMREHE11K11XXJWRJZ/live/System Host/1/b7f1dd39-4530-4632-80b1-2c2bf250cffd.contentworkflow.xml, /custom/assets/bundles/01EZK3M6HMREHE11K11XXJWRJZ/live/System Host/1/content.ff462f88-d9e1-4d31-b084-b73cb61976d3.host.xml, /custom/assets/bundles/01EZK3M6HMREHE11K11XXJWRJZ/live/System Host/1/system host.host.xml, /custom/assets/bundles/01EZK3M6HMREHE11K11XXJWRJZ/live/System Host/1614470726756properties, /custom/assets/bundles/01EZK3M6HMREHE11K11XXJWRJZ/live/System Host/1614472915402properties, /custom/assets/bundles/01EZK3M6HMREHE11K11XXJWRJZ/live/System Host/1properties, /custom/assets/bundles/01EZK3M6HMREHE11K11XXJWRJZ/live/System Host/en_US.language.xml, /custom/assets/bundles/01EZK3M6HMREHE11K11XXJWRJZ/live/System Host/n52n3_TESTCOUNTRYCODE1614470726755.language.xml, /custom/assets/bundles/01EZK3M6HMREHE11K11XXJWRJZ/live/System Host/vi_AF.language.xml, /custom/assets/bundles/01EZK3M6HMREHE11K11XXJWRJZ/live/default/1614472915402/3-content.c4360da7-75b0-4a31-9d2f-637d972d6d3f.content.xml, /custom/assets/bundles/01EZK3M6HMREHE11K11XXJWRJZ/live/default/1614472915402/ab167fec-541d-4700-94f9-aa33f8ab2d60.contentworkflow.xml, /custom/assets/bundles/01EZK3M6HMREHE11K11XXJWRJZ/live/default/93a60e28-8be6-4fcc-b11c-8401e3efadf1.rule.xml, /custom/assets/bundles/01EZK3M6HMREHE11K11XXJWRJZ/working/System Host/1/2-content.2a2a287e-8807-4efc-a6a1-d943f738f8e9.content.xml, /custom/assets/bundles/01EZK3M6HMREHE11K11XXJWRJZ/working/System Host/1/aac2b1a1-ed79-4894-a0f1-9fbca4dd8007.contentworkflow.xml, /custom/assets/bundles/01EZK3M6HMREHE11K11XXJWRJZ/working/System Host/1/content.ff462f88-d9e1-4d31-b084-b73cb61976d3.host.xml, /custom/assets/bundles/01EZK3M6HMREHE11K11XXJWRJZ/working/System Host/f4d7c1b8-2c88-4071-abf1-a5328977b07d.contentType.json]
difference [/custom/assets/bundles/01EZK3M6HMREHE11K11XXJWRJZ/ROOT/bc9a1d37-dd2d-4d49-a29d-0c9be740bfaf.folder.xml, /custom/assets/bundles/01EZK3M6HMREHE11K11XXJWRJZ/bundle.xml, /custom/assets/bundles/01EZK3M6HMREHE11K11XXJWRJZ/live/System Host/1/system host.host.xml]

	at org.jgroups.util.Util.assertEquals(Util.java:185)
	at com.dotcms.publishing.PublisherAPIImplTest.publish(PublisherAPIImplTest.java:407)
	at sun.reflect.NativeMethodAccessorImpl.invoke0(Native Method)
	at sun.reflect.NativeMethodAccessorImpl.invoke(NativeMethodAccessorImpl.java:62)
	at sun.reflect.DelegatingMethodAccessorImpl.invoke(DelegatingMethodAccessorImpl.java:43)
	at java.lang.reflect.Method.invoke(Method.java:498)
	at org.junit.runners.model.FrameworkMethod$1.runReflectiveCall(FrameworkMethod.java:50)
	at org.junit.internal.runners.model.ReflectiveCallable.run(ReflectiveCallable.java:12)
	at org.junit.runners.model.FrameworkMethod.invokeExplosively(FrameworkMethod.java:47)
	at com.tngtech.java.junit.dataprovider.DataProviderFrameworkMethod.invokeExplosively(DataProviderFrameworkMethod.java:119)
	at org.junit.internal.runners.statements.InvokeMethod.evaluate(InvokeMethod.java:17)
	at org.junit.rules.TestWatcher$1.evaluate(TestWatcher.java:55)
	at org.junit.rules.RunRules.evaluate(RunRules.java:20)
	at org.junit.runners.ParentRunner.runLeaf(ParentRunner.java:325)
	at com.dotcms.junit.CustomDataProviderRunner.runChild(CustomDataProviderRunner.java:28)
	at com.dotcms.junit.CustomDataProviderRunner.runChild(CustomDataProviderRunner.java:13)
	at org.junit.runners.ParentRunner$3.run(ParentRunner.java:290)
	at org.junit.runners.ParentRunner$1.schedule(ParentRunner.java:71)
	at org.junit.runners.ParentRunner.runChildren(ParentRunner.java:288)
	at org.junit.runners.ParentRunner.access$000(ParentRunner.java:58)
	at org.junit.runners.ParentRunner$2.evaluate(ParentRunner.java:268)
	at org.junit.internal.runners.statements.RunBefores.evaluate(RunBefores.java:26)
	at org.junit.internal.runners.statements.RunAfters.evaluate(RunAfters.java:27)
	at org.junit.runners.ParentRunner.run(ParentRunner.java:363)
	at org.junit.runners.Suite.runChild(Suite.java:128)
	at org.junit.runners.Suite.runChild(Suite.java:27)
	at org.junit.runners.ParentRunner$3.run(ParentRunner.java:290)
	at org.junit.runners.ParentRunner$1.schedule(ParentRunner.java:71)
	at org.junit.runners.ParentRunner.runChildren(ParentRunner.java:288)
	at org.junit.runners.ParentRunner.access$000(ParentRunner.java:58)
	at org.junit.runners.ParentRunner$2.evaluate(ParentRunner.java:268)
	at org.junit.runners.ParentRunner.run(ParentRunner.java:363)
	at org.gradle.api.internal.tasks.testing.junit.JUnitTestClassExecutor.runTestClass(JUnitTestClassExecutor.java:106)
	at org.gradle.api.internal.tasks.testing.junit.JUnitTestClassExecutor.execute(JUnitTestClassExecutor.java:58)
	at org.gradle.api.internal.tasks.testing.junit.JUnitTestClassExecutor.execute(JUnitTestClassExecutor.java:38)
	at org.gradle.api.internal.tasks.testing.junit.AbstractJUnitTestClassProcessor.processTestClass(AbstractJUnitTestClassProcessor.java:66)
	at org.gradle.api.internal.tasks.testing.SuiteTestClassProcessor.processTestClass(SuiteTestClassProcessor.java:51)
	at sun.reflect.NativeMethodAccessorImpl.invoke0(Native Method)
	at sun.reflect.NativeMethodAccessorImpl.invoke(NativeMethodAccessorImpl.java:62)
	at sun.reflect.DelegatingMethodAccessorImpl.invoke(DelegatingMethodAccessorImpl.java:43)
	at java.lang.reflect.Method.invoke(Method.java:498)
	at org.gradle.internal.dispatch.ReflectionDispatch.dispatch(ReflectionDispatch.java:35)
	at org.gradle.internal.dispatch.ReflectionDispatch.dispatch(ReflectionDispatch.java:24)
	at org.gradle.internal.dispatch.ContextClassLoaderDispatch.dispatch(ContextClassLoaderDispatch.java:32)
	at org.gradle.internal.dispatch.ProxyDispatchAdapter$DispatchingInvocationHandler.invoke(ProxyDispatchAdapter.java:93)
	at com.sun.proxy.$Proxy2.processTestClass(Unknown Source)
	at org.gradle.api.internal.tasks.testing.worker.TestWorker.processTestClass(TestWorker.java:117)
	at sun.reflect.NativeMethodAccessorImpl.invoke0(Native Method)
	at sun.reflect.NativeMethodAccessorImpl.invoke(NativeMethodAccessorImpl.java:62)
	at sun.reflect.DelegatingMethodAccessorImpl.invoke(DelegatingMethodAccessorImpl.java:43)
	at java.lang.reflect.Method.invoke(Method.java:498)
	at org.gradle.internal.dispatch.ReflectionDispatch.dispatch(ReflectionDispatch.java:35)
	at org.gradle.internal.dispatch.ReflectionDispatch.dispatch(ReflectionDispatch.java:24)
	at org.gradle.internal.remote.internal.hub.MessageHubBackedObjectConnection$DispatchWrapper.dispatch(MessageHubBackedObjectConnection.java:155)
	at org.gradle.internal.remote.internal.hub.MessageHubBackedObjectConnection$DispatchWrapper.dispatch(MessageHubBackedObjectConnection.java:137)
	at org.gradle.internal.remote.internal.hub.MessageHub$Handler.run(MessageHub.java:404)
	at org.gradle.internal.concurrent.ExecutorPolicy$CatchAndRecordFailures.onExecute(ExecutorPolicy.java:63)
	at org.gradle.internal.concurrent.ManagedExecutorImpl$1.run(ManagedExecutorImpl.java:46)
	at java.util.concurrent.ThreadPoolExecutor.runWorker(ThreadPoolExecutor.java:1149)
	at java.util.concurrent.ThreadPoolExecutor$Worker.run(ThreadPoolExecutor.java:624)
	at org.gradle.internal.concurrent.ThreadFactoryImpl$ManagedThreadRunnable.run(ThreadFactoryImpl.java:55)
	at java.lang.Thread.run(Thread.java:748)
</pre>
</span>
</div>
<div class="test">
<a name="publish[8: com.dotcms.publishing.PublisherAPIImplTest$TestCase@cbc9d77]"></a>
<h3 class="failures">publish[8: com.dotcms.publishing.PublisherAPIImplTest$TestCase@cbc9d77]</h3>
<span class="code">
<pre>java.lang.AssertionError: Expected 5 but get 6 in /custom/assets/bundles/01EZK3M6MB6NJN9PN73BG2G110
Expected [/custom/assets/bundles/01EZK3M6MB6NJN9PN73BG2G110/live/default/93a60e28-8be6-4fcc-b11c-8401e3efadf1.rule.xml, /custom/assets/bundles/01EZK3M6MB6NJN9PN73BG2G110/live/test1614470726757.dotcms.com/8187c93b-f603-4ffd-bc4b-9b26466a5721.rule.xml, /custom/assets/bundles/01EZK3M6MB6NJN9PN73BG2G110/live/System Host/1/content.ff462f88-d9e1-4d31-b084-b73cb61976d3.host.xml, /custom/assets/bundles/01EZK3M6MB6NJN9PN73BG2G110/working/System Host/1/content.ff462f88-d9e1-4d31-b084-b73cb61976d3.host.xml]
Existing [/custom/assets/bundles/01EZK3M6MB6NJN9PN73BG2G110/bundle.xml, /custom/assets/bundles/01EZK3M6MB6NJN9PN73BG2G110/live/System Host/1/content.ff462f88-d9e1-4d31-b084-b73cb61976d3.host.xml, /custom/assets/bundles/01EZK3M6MB6NJN9PN73BG2G110/live/System Host/1/system host.host.xml, /custom/assets/bundles/01EZK3M6MB6NJN9PN73BG2G110/live/default/93a60e28-8be6-4fcc-b11c-8401e3efadf1.rule.xml, /custom/assets/bundles/01EZK3M6MB6NJN9PN73BG2G110/live/test1614470726757.dotcms.com/8187c93b-f603-4ffd-bc4b-9b26466a5721.rule.xml, /custom/assets/bundles/01EZK3M6MB6NJN9PN73BG2G110/working/System Host/1/content.ff462f88-d9e1-4d31-b084-b73cb61976d3.host.xml]
difference [/custom/assets/bundles/01EZK3M6MB6NJN9PN73BG2G110/bundle.xml, /custom/assets/bundles/01EZK3M6MB6NJN9PN73BG2G110/live/System Host/1/system host.host.xml]

	at org.jgroups.util.Util.assertEquals(Util.java:185)
	at com.dotcms.publishing.PublisherAPIImplTest.publish(PublisherAPIImplTest.java:407)
	at sun.reflect.NativeMethodAccessorImpl.invoke0(Native Method)
	at sun.reflect.NativeMethodAccessorImpl.invoke(NativeMethodAccessorImpl.java:62)
	at sun.reflect.DelegatingMethodAccessorImpl.invoke(DelegatingMethodAccessorImpl.java:43)
	at java.lang.reflect.Method.invoke(Method.java:498)
	at org.junit.runners.model.FrameworkMethod$1.runReflectiveCall(FrameworkMethod.java:50)
	at org.junit.internal.runners.model.ReflectiveCallable.run(ReflectiveCallable.java:12)
	at org.junit.runners.model.FrameworkMethod.invokeExplosively(FrameworkMethod.java:47)
	at com.tngtech.java.junit.dataprovider.DataProviderFrameworkMethod.invokeExplosively(DataProviderFrameworkMethod.java:119)
	at org.junit.internal.runners.statements.InvokeMethod.evaluate(InvokeMethod.java:17)
	at org.junit.rules.TestWatcher$1.evaluate(TestWatcher.java:55)
	at org.junit.rules.RunRules.evaluate(RunRules.java:20)
	at org.junit.runners.ParentRunner.runLeaf(ParentRunner.java:325)
	at com.dotcms.junit.CustomDataProviderRunner.runChild(CustomDataProviderRunner.java:28)
	at com.dotcms.junit.CustomDataProviderRunner.runChild(CustomDataProviderRunner.java:13)
	at org.junit.runners.ParentRunner$3.run(ParentRunner.java:290)
	at org.junit.runners.ParentRunner$1.schedule(ParentRunner.java:71)
	at org.junit.runners.ParentRunner.runChildren(ParentRunner.java:288)
	at org.junit.runners.ParentRunner.access$000(ParentRunner.java:58)
	at org.junit.runners.ParentRunner$2.evaluate(ParentRunner.java:268)
	at org.junit.internal.runners.statements.RunBefores.evaluate(RunBefores.java:26)
	at org.junit.internal.runners.statements.RunAfters.evaluate(RunAfters.java:27)
	at org.junit.runners.ParentRunner.run(ParentRunner.java:363)
	at org.junit.runners.Suite.runChild(Suite.java:128)
	at org.junit.runners.Suite.runChild(Suite.java:27)
	at org.junit.runners.ParentRunner$3.run(ParentRunner.java:290)
	at org.junit.runners.ParentRunner$1.schedule(ParentRunner.java:71)
	at org.junit.runners.ParentRunner.runChildren(ParentRunner.java:288)
	at org.junit.runners.ParentRunner.access$000(ParentRunner.java:58)
	at org.junit.runners.ParentRunner$2.evaluate(ParentRunner.java:268)
	at org.junit.runners.ParentRunner.run(ParentRunner.java:363)
	at org.gradle.api.internal.tasks.testing.junit.JUnitTestClassExecutor.runTestClass(JUnitTestClassExecutor.java:106)
	at org.gradle.api.internal.tasks.testing.junit.JUnitTestClassExecutor.execute(JUnitTestClassExecutor.java:58)
	at org.gradle.api.internal.tasks.testing.junit.JUnitTestClassExecutor.execute(JUnitTestClassExecutor.java:38)
	at org.gradle.api.internal.tasks.testing.junit.AbstractJUnitTestClassProcessor.processTestClass(AbstractJUnitTestClassProcessor.java:66)
	at org.gradle.api.internal.tasks.testing.SuiteTestClassProcessor.processTestClass(SuiteTestClassProcessor.java:51)
	at sun.reflect.NativeMethodAccessorImpl.invoke0(Native Method)
	at sun.reflect.NativeMethodAccessorImpl.invoke(NativeMethodAccessorImpl.java:62)
	at sun.reflect.DelegatingMethodAccessorImpl.invoke(DelegatingMethodAccessorImpl.java:43)
	at java.lang.reflect.Method.invoke(Method.java:498)
	at org.gradle.internal.dispatch.ReflectionDispatch.dispatch(ReflectionDispatch.java:35)
	at org.gradle.internal.dispatch.ReflectionDispatch.dispatch(ReflectionDispatch.java:24)
	at org.gradle.internal.dispatch.ContextClassLoaderDispatch.dispatch(ContextClassLoaderDispatch.java:32)
	at org.gradle.internal.dispatch.ProxyDispatchAdapter$DispatchingInvocationHandler.invoke(ProxyDispatchAdapter.java:93)
	at com.sun.proxy.$Proxy2.processTestClass(Unknown Source)
	at org.gradle.api.internal.tasks.testing.worker.TestWorker.processTestClass(TestWorker.java:117)
	at sun.reflect.NativeMethodAccessorImpl.invoke0(Native Method)
	at sun.reflect.NativeMethodAccessorImpl.invoke(NativeMethodAccessorImpl.java:62)
	at sun.reflect.DelegatingMethodAccessorImpl.invoke(DelegatingMethodAccessorImpl.java:43)
	at java.lang.reflect.Method.invoke(Method.java:498)
	at org.gradle.internal.dispatch.ReflectionDispatch.dispatch(ReflectionDispatch.java:35)
	at org.gradle.internal.dispatch.ReflectionDispatch.dispatch(ReflectionDispatch.java:24)
	at org.gradle.internal.remote.internal.hub.MessageHubBackedObjectConnection$DispatchWrapper.dispatch(MessageHubBackedObjectConnection.java:155)
	at org.gradle.internal.remote.internal.hub.MessageHubBackedObjectConnection$DispatchWrapper.dispatch(MessageHubBackedObjectConnection.java:137)
	at org.gradle.internal.remote.internal.hub.MessageHub$Handler.run(MessageHub.java:404)
	at org.gradle.internal.concurrent.ExecutorPolicy$CatchAndRecordFailures.onExecute(ExecutorPolicy.java:63)
	at org.gradle.internal.concurrent.ManagedExecutorImpl$1.run(ManagedExecutorImpl.java:46)
	at java.util.concurrent.ThreadPoolExecutor.runWorker(ThreadPoolExecutor.java:1149)
	at java.util.concurrent.ThreadPoolExecutor$Worker.run(ThreadPoolExecutor.java:624)
	at org.gradle.internal.concurrent.ThreadFactoryImpl$ManagedThreadRunnable.run(ThreadFactoryImpl.java:55)
	at java.lang.Thread.run(Thread.java:748)
</pre>
</span>
</div>
<div class="test">
<a name="publish[9: com.dotcms.publishing.PublisherAPIImplTest$TestCase@e223650]"></a>
<h3 class="failures">publish[9: com.dotcms.publishing.PublisherAPIImplTest$TestCase@e223650]</h3>
<span class="code">
<pre>java.lang.AssertionError: File /custom/assets/bundles/01EZK3M6P74N75CBZH89CEC0QR/working/test1614470720674.dotcms.com/d40c6387-2cb9-4ce2-b351-7842c7a09146.contentType.json, not exists
	at org.jgroups.util.Util.assertTrue(Util.java:166)
	at com.dotcms.test.util.FileTestUtil.assertBundleFile(FileTestUtil.java:234)
	at com.dotcms.test.util.FileTestUtil.assertBundleFile(FileTestUtil.java:151)
	at com.dotcms.publishing.PublisherAPIImplTest.publish(PublisherAPIImplTest.java:383)
	at sun.reflect.NativeMethodAccessorImpl.invoke0(Native Method)
	at sun.reflect.NativeMethodAccessorImpl.invoke(NativeMethodAccessorImpl.java:62)
	at sun.reflect.DelegatingMethodAccessorImpl.invoke(DelegatingMethodAccessorImpl.java:43)
	at java.lang.reflect.Method.invoke(Method.java:498)
	at org.junit.runners.model.FrameworkMethod$1.runReflectiveCall(FrameworkMethod.java:50)
	at org.junit.internal.runners.model.ReflectiveCallable.run(ReflectiveCallable.java:12)
	at org.junit.runners.model.FrameworkMethod.invokeExplosively(FrameworkMethod.java:47)
	at com.tngtech.java.junit.dataprovider.DataProviderFrameworkMethod.invokeExplosively(DataProviderFrameworkMethod.java:119)
	at org.junit.internal.runners.statements.InvokeMethod.evaluate(InvokeMethod.java:17)
	at org.junit.rules.TestWatcher$1.evaluate(TestWatcher.java:55)
	at org.junit.rules.RunRules.evaluate(RunRules.java:20)
	at org.junit.runners.ParentRunner.runLeaf(ParentRunner.java:325)
	at com.dotcms.junit.CustomDataProviderRunner.runChild(CustomDataProviderRunner.java:28)
	at com.dotcms.junit.CustomDataProviderRunner.runChild(CustomDataProviderRunner.java:13)
	at org.junit.runners.ParentRunner$3.run(ParentRunner.java:290)
	at org.junit.runners.ParentRunner$1.schedule(ParentRunner.java:71)
	at org.junit.runners.ParentRunner.runChildren(ParentRunner.java:288)
	at org.junit.runners.ParentRunner.access$000(ParentRunner.java:58)
	at org.junit.runners.ParentRunner$2.evaluate(ParentRunner.java:268)
	at org.junit.internal.runners.statements.RunBefores.evaluate(RunBefores.java:26)
	at org.junit.internal.runners.statements.RunAfters.evaluate(RunAfters.java:27)
	at org.junit.runners.ParentRunner.run(ParentRunner.java:363)
	at org.junit.runners.Suite.runChild(Suite.java:128)
	at org.junit.runners.Suite.runChild(Suite.java:27)
	at org.junit.runners.ParentRunner$3.run(ParentRunner.java:290)
	at org.junit.runners.ParentRunner$1.schedule(ParentRunner.java:71)
	at org.junit.runners.ParentRunner.runChildren(ParentRunner.java:288)
	at org.junit.runners.ParentRunner.access$000(ParentRunner.java:58)
	at org.junit.runners.ParentRunner$2.evaluate(ParentRunner.java:268)
	at org.junit.runners.ParentRunner.run(ParentRunner.java:363)
	at org.gradle.api.internal.tasks.testing.junit.JUnitTestClassExecutor.runTestClass(JUnitTestClassExecutor.java:106)
	at org.gradle.api.internal.tasks.testing.junit.JUnitTestClassExecutor.execute(JUnitTestClassExecutor.java:58)
	at org.gradle.api.internal.tasks.testing.junit.JUnitTestClassExecutor.execute(JUnitTestClassExecutor.java:38)
	at org.gradle.api.internal.tasks.testing.junit.AbstractJUnitTestClassProcessor.processTestClass(AbstractJUnitTestClassProcessor.java:66)
	at org.gradle.api.internal.tasks.testing.SuiteTestClassProcessor.processTestClass(SuiteTestClassProcessor.java:51)
	at sun.reflect.NativeMethodAccessorImpl.invoke0(Native Method)
	at sun.reflect.NativeMethodAccessorImpl.invoke(NativeMethodAccessorImpl.java:62)
	at sun.reflect.DelegatingMethodAccessorImpl.invoke(DelegatingMethodAccessorImpl.java:43)
	at java.lang.reflect.Method.invoke(Method.java:498)
	at org.gradle.internal.dispatch.ReflectionDispatch.dispatch(ReflectionDispatch.java:35)
	at org.gradle.internal.dispatch.ReflectionDispatch.dispatch(ReflectionDispatch.java:24)
	at org.gradle.internal.dispatch.ContextClassLoaderDispatch.dispatch(ContextClassLoaderDispatch.java:32)
	at org.gradle.internal.dispatch.ProxyDispatchAdapter$DispatchingInvocationHandler.invoke(ProxyDispatchAdapter.java:93)
	at com.sun.proxy.$Proxy2.processTestClass(Unknown Source)
	at org.gradle.api.internal.tasks.testing.worker.TestWorker.processTestClass(TestWorker.java:117)
	at sun.reflect.NativeMethodAccessorImpl.invoke0(Native Method)
	at sun.reflect.NativeMethodAccessorImpl.invoke(NativeMethodAccessorImpl.java:62)
	at sun.reflect.DelegatingMethodAccessorImpl.invoke(DelegatingMethodAccessorImpl.java:43)
	at java.lang.reflect.Method.invoke(Method.java:498)
	at org.gradle.internal.dispatch.ReflectionDispatch.dispatch(ReflectionDispatch.java:35)
	at org.gradle.internal.dispatch.ReflectionDispatch.dispatch(ReflectionDispatch.java:24)
	at org.gradle.internal.remote.internal.hub.MessageHubBackedObjectConnection$DispatchWrapper.dispatch(MessageHubBackedObjectConnection.java:155)
	at org.gradle.internal.remote.internal.hub.MessageHubBackedObjectConnection$DispatchWrapper.dispatch(MessageHubBackedObjectConnection.java:137)
	at org.gradle.internal.remote.internal.hub.MessageHub$Handler.run(MessageHub.java:404)
	at org.gradle.internal.concurrent.ExecutorPolicy$CatchAndRecordFailures.onExecute(ExecutorPolicy.java:63)
	at org.gradle.internal.concurrent.ManagedExecutorImpl$1.run(ManagedExecutorImpl.java:46)
	at java.util.concurrent.ThreadPoolExecutor.runWorker(ThreadPoolExecutor.java:1149)
	at java.util.concurrent.ThreadPoolExecutor$Worker.run(ThreadPoolExecutor.java:624)
	at org.gradle.internal.concurrent.ThreadFactoryImpl$ManagedThreadRunnable.run(ThreadFactoryImpl.java:55)
	at java.lang.Thread.run(Thread.java:748)
</pre>
</span>
</div>
</div>
<div id="tab1" class="tab">
<h2>Tests</h2>
<table>
<thead>
<tr>
<th>Test</th>
<th>Duration</th>
<th>Result</th>
</tr>
</thead>
<tr>
<td class="failures">publish[0: com.dotcms.publishing.PublisherAPIImplTest$TestCase@4a950fc1]</td>
<td class="failures">0.194s</td>
<td class="failures">failed</td>
</tr>
<tr>
<td class="failures">publish[10: com.dotcms.publishing.PublisherAPIImplTest$TestCase@bce19fb]</td>
<td class="failures">0.078s</td>
<td class="failures">failed</td>
</tr>
<tr>
<td class="failures">publish[11: com.dotcms.publishing.PublisherAPIImplTest$TestCase@1dcd04a6]</td>
<td class="failures">0.092s</td>
<td class="failures">failed</td>
</tr>
<tr>
<td class="failures">publish[12: com.dotcms.publishing.PublisherAPIImplTest$TestCase@75f2654d]</td>
<td class="failures">0.143s</td>
<td class="failures">failed</td>
</tr>
<tr>
<td class="failures">publish[13: com.dotcms.publishing.PublisherAPIImplTest$TestCase@6a7d5d15]</td>
<td class="failures">0.133s</td>
<td class="failures">failed</td>
</tr>
<tr>
<td class="failures">publish[14: com.dotcms.publishing.PublisherAPIImplTest$TestCase@11078060]</td>
<td class="failures">0.119s</td>
<td class="failures">failed</td>
</tr>
<tr>
<td class="failures">publish[15: com.dotcms.publishing.PublisherAPIImplTest$TestCase@641a4ed2]</td>
<td class="failures">0.077s</td>
<td class="failures">failed</td>
</tr>
<tr>
<td class="failures">publish[16: com.dotcms.publishing.PublisherAPIImplTest$TestCase@2a49711]</td>
<td class="failures">0.117s</td>
<td class="failures">failed</td>
</tr>
<tr>
<td class="failures">publish[17: com.dotcms.publishing.PublisherAPIImplTest$TestCase@231f7a5]</td>
<td class="failures">0.065s</td>
<td class="failures">failed</td>
</tr>
<tr>
<td class="failures">publish[1: com.dotcms.publishing.PublisherAPIImplTest$TestCase@1a261444]</td>
<td class="failures">0.117s</td>
<td class="failures">failed</td>
</tr>
<tr>
<td class="failures">publish[2: com.dotcms.publishing.PublisherAPIImplTest$TestCase@9c95e5d]</td>
<td class="failures">0.097s</td>
<td class="failures">failed</td>
</tr>
<tr>
<td class="failures">publish[3: com.dotcms.publishing.PublisherAPIImplTest$TestCase@2a8b46f1]</td>
<td class="failures">0.264s</td>
<td class="failures">failed</td>
</tr>
<tr>
<td class="failures">publish[4: com.dotcms.publishing.PublisherAPIImplTest$TestCase@4802bf66]</td>
<td class="failures">0.168s</td>
<td class="failures">failed</td>
</tr>
<tr>
<td class="failures">publish[5: com.dotcms.publishing.PublisherAPIImplTest$TestCase@62ac1616]</td>
<td class="failures">0.121s</td>
<td class="failures">failed</td>
</tr>
<tr>
<td class="failures">publish[6: com.dotcms.publishing.PublisherAPIImplTest$TestCase@21d487a8]</td>
<td class="failures">0.098s</td>
<td class="failures">failed</td>
</tr>
<tr>
<td class="failures">publish[7: com.dotcms.publishing.PublisherAPIImplTest$TestCase@5198e1ad]</td>
<td class="failures">0.081s</td>
<td class="failures">failed</td>
</tr>
<tr>
<td class="failures">publish[8: com.dotcms.publishing.PublisherAPIImplTest$TestCase@cbc9d77]</td>
<td class="failures">0.062s</td>
<td class="failures">failed</td>
</tr>
<tr>
<td class="failures">publish[9: com.dotcms.publishing.PublisherAPIImplTest$TestCase@e223650]</td>
<td class="failures">0.075s</td>
<td class="failures">failed</td>
</tr>
</table>
</div>
<div id="tab2" class="tab">
<h2>Standard output</h2>
<span class="code">
<pre>

















</pre>
</span>
</div>
</div>
<div id="footer">
<p>
<div>
<label class="hidden" id="label-for-line-wrapping-toggle" for="line-wrapping-toggle">Wrap lines
<input id="line-wrapping-toggle" type="checkbox" autocomplete="off"/>
</label>
</div>Generated by 
<a href="http://www.gradle.org">Gradle 4.10.2</a> at Feb 28, 2021 1:21:45 AM</p>
</div>
</div>
</body>
</html>
