<!DOCTYPE html>
<html>
<head>
<meta http-equiv="Content-Type" content="text/html; charset=utf-8"/>
<meta http-equiv="x-ua-compatible" content="IE=edge"/>
<title>Test results - Class com.dotcms.rendering.velocity.services.HTMLPageAssetRenderedTest</title>
<link href="../css/base-style.css" rel="stylesheet" type="text/css"/>
<link href="../css/style.css" rel="stylesheet" type="text/css"/>
<script src="../js/report.js" type="text/javascript"></script>
</head>
<body>
<div id="content">
<h1>Class com.dotcms.rendering.velocity.services.HTMLPageAssetRenderedTest</h1>
<div class="breadcrumbs">
<a href="../index.html">all</a> &gt; 
<a href="../packages/com.dotcms.rendering.velocity.services.html">com.dotcms.rendering.velocity.services</a> &gt; HTMLPageAssetRenderedTest</div>
<div id="summary">
<table>
<tr>
<td>
<div class="summaryGroup">
<table>
<tr>
<td>
<div class="infoBox" id="tests">
<div class="counter">48</div>
<p>tests</p>
</div>
</td>
<td>
<div class="infoBox" id="failures">
<div class="counter">13</div>
<p>failures</p>
</div>
</td>
<td>
<div class="infoBox" id="ignored">
<div class="counter">0</div>
<p>ignored</p>
</div>
</td>
<td>
<div class="infoBox" id="duration">
<div class="counter">2m51.48s</div>
<p>duration</p>
</div>
</td>
</tr>
</table>
</div>
</td>
<td>
<div class="infoBox failures" id="successRate">
<div class="percent">72%</div>
<p>successful</p>
</div>
</td>
</tr>
</table>
</div>
<div id="tabs">
<ul class="tabLinks">
<li>
<a href="#tab0">Failed tests</a>
</li>
<li>
<a href="#tab1">Tests</a>
</li>
</ul>
<div id="tab0" class="tab">
<h2>Failed tests</h2>
<div class="test">
<a name="containerTwiceIntoPageAndTemplateLayout"></a>
<h3 class="failures">containerTwiceIntoPageAndTemplateLayout</h3>
<span class="code">
<pre>java.lang.RuntimeException: com.dotmarketing.exception.DotDataException: Invalid theme: e80f07da-6aef-41b0-9d47-8a4f5560b05b
	at com.dotcms.datagen.TemplateDataGen.persist(TemplateDataGen.java:304)
	at com.dotcms.datagen.TemplateDataGen.persist(TemplateDataGen.java:34)
	at com.dotcms.datagen.DataGen.nextPersisted(DataGen.java:25)
	at com.dotcms.rendering.velocity.services.HTMLPageAssetRenderedTest.containerTwiceIntoPageAndTemplateLayout(HTMLPageAssetRenderedTest.java:1580)
	at sun.reflect.NativeMethodAccessorImpl.invoke0(Native Method)
	at sun.reflect.NativeMethodAccessorImpl.invoke(NativeMethodAccessorImpl.java:62)
	at sun.reflect.DelegatingMethodAccessorImpl.invoke(DelegatingMethodAccessorImpl.java:43)
	at java.lang.reflect.Method.invoke(Method.java:498)
	at org.junit.runners.model.FrameworkMethod$1.runReflectiveCall(FrameworkMethod.java:50)
	at org.junit.internal.runners.model.ReflectiveCallable.run(ReflectiveCallable.java:12)
	at org.junit.runners.model.FrameworkMethod.invokeExplosively(FrameworkMethod.java:47)
	at org.junit.internal.runners.statements.InvokeMethod.evaluate(InvokeMethod.java:17)
	at org.junit.rules.TestWatcher$1.evaluate(TestWatcher.java:55)
	at org.junit.rules.RunRules.evaluate(RunRules.java:20)
	at org.junit.runners.ParentRunner.runLeaf(ParentRunner.java:325)
	at com.dotcms.junit.CustomDataProviderRunner.runChild(CustomDataProviderRunner.java:28)
	at com.dotcms.junit.CustomDataProviderRunner.runChild(CustomDataProviderRunner.java:13)
	at org.junit.runners.ParentRunner$3.run(ParentRunner.java:290)
	at org.junit.runners.ParentRunner$1.schedule(ParentRunner.java:71)
	at org.junit.runners.ParentRunner.runChildren(ParentRunner.java:288)
	at org.junit.runners.ParentRunner.access$000(ParentRunner.java:58)
	at org.junit.runners.ParentRunner$2.evaluate(ParentRunner.java:268)
	at org.junit.internal.runners.statements.RunBefores.evaluate(RunBefores.java:26)
	at org.junit.internal.runners.statements.RunAfters.evaluate(RunAfters.java:27)
	at org.junit.runners.ParentRunner.run(ParentRunner.java:363)
	at org.junit.runners.Suite.runChild(Suite.java:128)
	at org.junit.runners.Suite.runChild(Suite.java:27)
	at org.junit.runners.ParentRunner$3.run(ParentRunner.java:290)
	at org.junit.runners.ParentRunner$1.schedule(ParentRunner.java:71)
	at org.junit.runners.ParentRunner.runChildren(ParentRunner.java:288)
	at org.junit.runners.ParentRunner.access$000(ParentRunner.java:58)
	at org.junit.runners.ParentRunner$2.evaluate(ParentRunner.java:268)
	at org.junit.runners.ParentRunner.run(ParentRunner.java:363)
	at org.gradle.api.internal.tasks.testing.junit.JUnitTestClassExecutor.runTestClass(JUnitTestClassExecutor.java:106)
	at org.gradle.api.internal.tasks.testing.junit.JUnitTestClassExecutor.execute(JUnitTestClassExecutor.java:58)
	at org.gradle.api.internal.tasks.testing.junit.JUnitTestClassExecutor.execute(JUnitTestClassExecutor.java:38)
	at org.gradle.api.internal.tasks.testing.junit.AbstractJUnitTestClassProcessor.processTestClass(AbstractJUnitTestClassProcessor.java:66)
	at org.gradle.api.internal.tasks.testing.SuiteTestClassProcessor.processTestClass(SuiteTestClassProcessor.java:51)
	at sun.reflect.NativeMethodAccessorImpl.invoke0(Native Method)
	at sun.reflect.NativeMethodAccessorImpl.invoke(NativeMethodAccessorImpl.java:62)
	at sun.reflect.DelegatingMethodAccessorImpl.invoke(DelegatingMethodAccessorImpl.java:43)
	at java.lang.reflect.Method.invoke(Method.java:498)
	at org.gradle.internal.dispatch.ReflectionDispatch.dispatch(ReflectionDispatch.java:35)
	at org.gradle.internal.dispatch.ReflectionDispatch.dispatch(ReflectionDispatch.java:24)
	at org.gradle.internal.dispatch.ContextClassLoaderDispatch.dispatch(ContextClassLoaderDispatch.java:32)
	at org.gradle.internal.dispatch.ProxyDispatchAdapter$DispatchingInvocationHandler.invoke(ProxyDispatchAdapter.java:93)
	at com.sun.proxy.$Proxy2.processTestClass(Unknown Source)
	at org.gradle.api.internal.tasks.testing.worker.TestWorker.processTestClass(TestWorker.java:117)
	at sun.reflect.NativeMethodAccessorImpl.invoke0(Native Method)
	at sun.reflect.NativeMethodAccessorImpl.invoke(NativeMethodAccessorImpl.java:62)
	at sun.reflect.DelegatingMethodAccessorImpl.invoke(DelegatingMethodAccessorImpl.java:43)
	at java.lang.reflect.Method.invoke(Method.java:498)
	at org.gradle.internal.dispatch.ReflectionDispatch.dispatch(ReflectionDispatch.java:35)
	at org.gradle.internal.dispatch.ReflectionDispatch.dispatch(ReflectionDispatch.java:24)
	at org.gradle.internal.remote.internal.hub.MessageHubBackedObjectConnection$DispatchWrapper.dispatch(MessageHubBackedObjectConnection.java:155)
	at org.gradle.internal.remote.internal.hub.MessageHubBackedObjectConnection$DispatchWrapper.dispatch(MessageHubBackedObjectConnection.java:137)
	at org.gradle.internal.remote.internal.hub.MessageHub$Handler.run(MessageHub.java:404)
	at org.gradle.internal.concurrent.ExecutorPolicy$CatchAndRecordFailures.onExecute(ExecutorPolicy.java:63)
	at org.gradle.internal.concurrent.ManagedExecutorImpl$1.run(ManagedExecutorImpl.java:46)
	at java.util.concurrent.ThreadPoolExecutor.runWorker(ThreadPoolExecutor.java:1149)
	at java.util.concurrent.ThreadPoolExecutor$Worker.run(ThreadPoolExecutor.java:624)
	at org.gradle.internal.concurrent.ThreadFactoryImpl$ManagedThreadRunnable.run(ThreadFactoryImpl.java:55)
	at java.lang.Thread.run(Thread.java:748)
Caused by: com.dotmarketing.exception.DotDataException: Invalid theme: e80f07da-6aef-41b0-9d47-8a4f5560b05b
	at com.dotmarketing.portlets.templates.business.TemplateAPIImpl.saveTemplate_aroundBody24(TemplateAPIImpl.java:470)
	at com.dotmarketing.portlets.templates.business.TemplateAPIImpl$AjcClosure25.run(TemplateAPIImpl.java:1)
	at org.aspectj.runtime.reflect.JoinPointImpl.proceed(JoinPointImpl.java:149)
	at com.dotcms.aspects.aspectj.AspectJDelegateMethodInvocation.proceed(AspectJDelegateMethodInvocation.java:42)
	at com.dotmarketing.db.LocalTransaction.wrapReturnWithListeners(LocalTransaction.java:59)
	at com.dotcms.aspects.interceptors.WrapInTransactionMethodInterceptor.invoke(WrapInTransactionMethodInterceptor.java:23)
	at com.dotcms.aspects.aspectj.WrapInTransactionAspect.invoke(WrapInTransactionAspect.java:41)
	at com.dotmarketing.portlets.templates.business.TemplateAPIImpl.saveTemplate(TemplateAPIImpl.java:421)
	at com.dotcms.datagen.TemplateDataGen.save(TemplateDataGen.java:309)
	at com.dotcms.datagen.TemplateDataGen.persist(TemplateDataGen.java:299)
	... 62 more
</pre>
</span>
</div>
<div class="test">
<a name="pageWithMultiplePersona"></a>
<h3 class="failures">pageWithMultiplePersona</h3>
<span class="code">
<pre>java.lang.RuntimeException: com.dotmarketing.exception.DotDataException: Invalid theme: fdfc2fd2-85c3-4ea5-b363-ae81d26ae264
	at com.dotcms.datagen.TemplateDataGen.persist(TemplateDataGen.java:304)
	at com.dotcms.datagen.TemplateDataGen.persist(TemplateDataGen.java:34)
	at com.dotcms.datagen.DataGen.nextPersisted(DataGen.java:25)
	at com.dotcms.rendering.velocity.services.HTMLPageAssetRenderedTest.pageWithMultiplePersona(HTMLPageAssetRenderedTest.java:1680)
	at sun.reflect.NativeMethodAccessorImpl.invoke0(Native Method)
	at sun.reflect.NativeMethodAccessorImpl.invoke(NativeMethodAccessorImpl.java:62)
	at sun.reflect.DelegatingMethodAccessorImpl.invoke(DelegatingMethodAccessorImpl.java:43)
	at java.lang.reflect.Method.invoke(Method.java:498)
	at org.junit.runners.model.FrameworkMethod$1.runReflectiveCall(FrameworkMethod.java:50)
	at org.junit.internal.runners.model.ReflectiveCallable.run(ReflectiveCallable.java:12)
	at org.junit.runners.model.FrameworkMethod.invokeExplosively(FrameworkMethod.java:47)
	at org.junit.internal.runners.statements.InvokeMethod.evaluate(InvokeMethod.java:17)
	at org.junit.rules.TestWatcher$1.evaluate(TestWatcher.java:55)
	at org.junit.rules.RunRules.evaluate(RunRules.java:20)
	at org.junit.runners.ParentRunner.runLeaf(ParentRunner.java:325)
	at com.dotcms.junit.CustomDataProviderRunner.runChild(CustomDataProviderRunner.java:28)
	at com.dotcms.junit.CustomDataProviderRunner.runChild(CustomDataProviderRunner.java:13)
	at org.junit.runners.ParentRunner$3.run(ParentRunner.java:290)
	at org.junit.runners.ParentRunner$1.schedule(ParentRunner.java:71)
	at org.junit.runners.ParentRunner.runChildren(ParentRunner.java:288)
	at org.junit.runners.ParentRunner.access$000(ParentRunner.java:58)
	at org.junit.runners.ParentRunner$2.evaluate(ParentRunner.java:268)
	at org.junit.internal.runners.statements.RunBefores.evaluate(RunBefores.java:26)
	at org.junit.internal.runners.statements.RunAfters.evaluate(RunAfters.java:27)
	at org.junit.runners.ParentRunner.run(ParentRunner.java:363)
	at org.junit.runners.Suite.runChild(Suite.java:128)
	at org.junit.runners.Suite.runChild(Suite.java:27)
	at org.junit.runners.ParentRunner$3.run(ParentRunner.java:290)
	at org.junit.runners.ParentRunner$1.schedule(ParentRunner.java:71)
	at org.junit.runners.ParentRunner.runChildren(ParentRunner.java:288)
	at org.junit.runners.ParentRunner.access$000(ParentRunner.java:58)
	at org.junit.runners.ParentRunner$2.evaluate(ParentRunner.java:268)
	at org.junit.runners.ParentRunner.run(ParentRunner.java:363)
	at org.gradle.api.internal.tasks.testing.junit.JUnitTestClassExecutor.runTestClass(JUnitTestClassExecutor.java:106)
	at org.gradle.api.internal.tasks.testing.junit.JUnitTestClassExecutor.execute(JUnitTestClassExecutor.java:58)
	at org.gradle.api.internal.tasks.testing.junit.JUnitTestClassExecutor.execute(JUnitTestClassExecutor.java:38)
	at org.gradle.api.internal.tasks.testing.junit.AbstractJUnitTestClassProcessor.processTestClass(AbstractJUnitTestClassProcessor.java:66)
	at org.gradle.api.internal.tasks.testing.SuiteTestClassProcessor.processTestClass(SuiteTestClassProcessor.java:51)
	at sun.reflect.NativeMethodAccessorImpl.invoke0(Native Method)
	at sun.reflect.NativeMethodAccessorImpl.invoke(NativeMethodAccessorImpl.java:62)
	at sun.reflect.DelegatingMethodAccessorImpl.invoke(DelegatingMethodAccessorImpl.java:43)
	at java.lang.reflect.Method.invoke(Method.java:498)
	at org.gradle.internal.dispatch.ReflectionDispatch.dispatch(ReflectionDispatch.java:35)
	at org.gradle.internal.dispatch.ReflectionDispatch.dispatch(ReflectionDispatch.java:24)
	at org.gradle.internal.dispatch.ContextClassLoaderDispatch.dispatch(ContextClassLoaderDispatch.java:32)
	at org.gradle.internal.dispatch.ProxyDispatchAdapter$DispatchingInvocationHandler.invoke(ProxyDispatchAdapter.java:93)
	at com.sun.proxy.$Proxy2.processTestClass(Unknown Source)
	at org.gradle.api.internal.tasks.testing.worker.TestWorker.processTestClass(TestWorker.java:117)
	at sun.reflect.NativeMethodAccessorImpl.invoke0(Native Method)
	at sun.reflect.NativeMethodAccessorImpl.invoke(NativeMethodAccessorImpl.java:62)
	at sun.reflect.DelegatingMethodAccessorImpl.invoke(DelegatingMethodAccessorImpl.java:43)
	at java.lang.reflect.Method.invoke(Method.java:498)
	at org.gradle.internal.dispatch.ReflectionDispatch.dispatch(ReflectionDispatch.java:35)
	at org.gradle.internal.dispatch.ReflectionDispatch.dispatch(ReflectionDispatch.java:24)
	at org.gradle.internal.remote.internal.hub.MessageHubBackedObjectConnection$DispatchWrapper.dispatch(MessageHubBackedObjectConnection.java:155)
	at org.gradle.internal.remote.internal.hub.MessageHubBackedObjectConnection$DispatchWrapper.dispatch(MessageHubBackedObjectConnection.java:137)
	at org.gradle.internal.remote.internal.hub.MessageHub$Handler.run(MessageHub.java:404)
	at org.gradle.internal.concurrent.ExecutorPolicy$CatchAndRecordFailures.onExecute(ExecutorPolicy.java:63)
	at org.gradle.internal.concurrent.ManagedExecutorImpl$1.run(ManagedExecutorImpl.java:46)
	at java.util.concurrent.ThreadPoolExecutor.runWorker(ThreadPoolExecutor.java:1149)
	at java.util.concurrent.ThreadPoolExecutor$Worker.run(ThreadPoolExecutor.java:624)
	at org.gradle.internal.concurrent.ThreadFactoryImpl$ManagedThreadRunnable.run(ThreadFactoryImpl.java:55)
	at java.lang.Thread.run(Thread.java:748)
Caused by: com.dotmarketing.exception.DotDataException: Invalid theme: fdfc2fd2-85c3-4ea5-b363-ae81d26ae264
	at com.dotmarketing.portlets.templates.business.TemplateAPIImpl.saveTemplate_aroundBody24(TemplateAPIImpl.java:470)
	at com.dotmarketing.portlets.templates.business.TemplateAPIImpl$AjcClosure25.run(TemplateAPIImpl.java:1)
	at org.aspectj.runtime.reflect.JoinPointImpl.proceed(JoinPointImpl.java:149)
	at com.dotcms.aspects.aspectj.AspectJDelegateMethodInvocation.proceed(AspectJDelegateMethodInvocation.java:42)
	at com.dotmarketing.db.LocalTransaction.wrapReturnWithListeners(LocalTransaction.java:59)
	at com.dotcms.aspects.interceptors.WrapInTransactionMethodInterceptor.invoke(WrapInTransactionMethodInterceptor.java:23)
	at com.dotcms.aspects.aspectj.WrapInTransactionAspect.invoke(WrapInTransactionAspect.java:41)
	at com.dotmarketing.portlets.templates.business.TemplateAPIImpl.saveTemplate(TemplateAPIImpl.java:421)
	at com.dotcms.datagen.TemplateDataGen.save(TemplateDataGen.java:309)
	at com.dotcms.datagen.TemplateDataGen.persist(TemplateDataGen.java:299)
	... 62 more
</pre>
</span>
</div>
<div class="test">
<a name="pageWithSidebarShouldRender"></a>
<h3 class="failures">pageWithSidebarShouldRender</h3>
<span class="code">
<pre>java.lang.RuntimeException: com.dotmarketing.exception.DotDataException: Invalid theme: c8b45f24-abd2-4433-9e35-6a614338b5d5
	at com.dotcms.datagen.TemplateDataGen.persist(TemplateDataGen.java:304)
	at com.dotcms.datagen.TemplateDataGen.persist(TemplateDataGen.java:34)
	at com.dotcms.datagen.DataGen.nextPersisted(DataGen.java:25)
	at com.dotcms.rendering.velocity.services.HTMLPageAssetRenderedTest.pageWithSidebarShouldRender(HTMLPageAssetRenderedTest.java:1628)
	at sun.reflect.NativeMethodAccessorImpl.invoke0(Native Method)
	at sun.reflect.NativeMethodAccessorImpl.invoke(NativeMethodAccessorImpl.java:62)
	at sun.reflect.DelegatingMethodAccessorImpl.invoke(DelegatingMethodAccessorImpl.java:43)
	at java.lang.reflect.Method.invoke(Method.java:498)
	at org.junit.runners.model.FrameworkMethod$1.runReflectiveCall(FrameworkMethod.java:50)
	at org.junit.internal.runners.model.ReflectiveCallable.run(ReflectiveCallable.java:12)
	at org.junit.runners.model.FrameworkMethod.invokeExplosively(FrameworkMethod.java:47)
	at org.junit.internal.runners.statements.InvokeMethod.evaluate(InvokeMethod.java:17)
	at org.junit.rules.TestWatcher$1.evaluate(TestWatcher.java:55)
	at org.junit.rules.RunRules.evaluate(RunRules.java:20)
	at org.junit.runners.ParentRunner.runLeaf(ParentRunner.java:325)
	at com.dotcms.junit.CustomDataProviderRunner.runChild(CustomDataProviderRunner.java:28)
	at com.dotcms.junit.CustomDataProviderRunner.runChild(CustomDataProviderRunner.java:13)
	at org.junit.runners.ParentRunner$3.run(ParentRunner.java:290)
	at org.junit.runners.ParentRunner$1.schedule(ParentRunner.java:71)
	at org.junit.runners.ParentRunner.runChildren(ParentRunner.java:288)
	at org.junit.runners.ParentRunner.access$000(ParentRunner.java:58)
	at org.junit.runners.ParentRunner$2.evaluate(ParentRunner.java:268)
	at org.junit.internal.runners.statements.RunBefores.evaluate(RunBefores.java:26)
	at org.junit.internal.runners.statements.RunAfters.evaluate(RunAfters.java:27)
	at org.junit.runners.ParentRunner.run(ParentRunner.java:363)
	at org.junit.runners.Suite.runChild(Suite.java:128)
	at org.junit.runners.Suite.runChild(Suite.java:27)
	at org.junit.runners.ParentRunner$3.run(ParentRunner.java:290)
	at org.junit.runners.ParentRunner$1.schedule(ParentRunner.java:71)
	at org.junit.runners.ParentRunner.runChildren(ParentRunner.java:288)
	at org.junit.runners.ParentRunner.access$000(ParentRunner.java:58)
	at org.junit.runners.ParentRunner$2.evaluate(ParentRunner.java:268)
	at org.junit.runners.ParentRunner.run(ParentRunner.java:363)
	at org.gradle.api.internal.tasks.testing.junit.JUnitTestClassExecutor.runTestClass(JUnitTestClassExecutor.java:106)
	at org.gradle.api.internal.tasks.testing.junit.JUnitTestClassExecutor.execute(JUnitTestClassExecutor.java:58)
	at org.gradle.api.internal.tasks.testing.junit.JUnitTestClassExecutor.execute(JUnitTestClassExecutor.java:38)
	at org.gradle.api.internal.tasks.testing.junit.AbstractJUnitTestClassProcessor.processTestClass(AbstractJUnitTestClassProcessor.java:66)
	at org.gradle.api.internal.tasks.testing.SuiteTestClassProcessor.processTestClass(SuiteTestClassProcessor.java:51)
	at sun.reflect.NativeMethodAccessorImpl.invoke0(Native Method)
	at sun.reflect.NativeMethodAccessorImpl.invoke(NativeMethodAccessorImpl.java:62)
	at sun.reflect.DelegatingMethodAccessorImpl.invoke(DelegatingMethodAccessorImpl.java:43)
	at java.lang.reflect.Method.invoke(Method.java:498)
	at org.gradle.internal.dispatch.ReflectionDispatch.dispatch(ReflectionDispatch.java:35)
	at org.gradle.internal.dispatch.ReflectionDispatch.dispatch(ReflectionDispatch.java:24)
	at org.gradle.internal.dispatch.ContextClassLoaderDispatch.dispatch(ContextClassLoaderDispatch.java:32)
	at org.gradle.internal.dispatch.ProxyDispatchAdapter$DispatchingInvocationHandler.invoke(ProxyDispatchAdapter.java:93)
	at com.sun.proxy.$Proxy2.processTestClass(Unknown Source)
	at org.gradle.api.internal.tasks.testing.worker.TestWorker.processTestClass(TestWorker.java:117)
	at sun.reflect.NativeMethodAccessorImpl.invoke0(Native Method)
	at sun.reflect.NativeMethodAccessorImpl.invoke(NativeMethodAccessorImpl.java:62)
	at sun.reflect.DelegatingMethodAccessorImpl.invoke(DelegatingMethodAccessorImpl.java:43)
	at java.lang.reflect.Method.invoke(Method.java:498)
	at org.gradle.internal.dispatch.ReflectionDispatch.dispatch(ReflectionDispatch.java:35)
	at org.gradle.internal.dispatch.ReflectionDispatch.dispatch(ReflectionDispatch.java:24)
	at org.gradle.internal.remote.internal.hub.MessageHubBackedObjectConnection$DispatchWrapper.dispatch(MessageHubBackedObjectConnection.java:155)
	at org.gradle.internal.remote.internal.hub.MessageHubBackedObjectConnection$DispatchWrapper.dispatch(MessageHubBackedObjectConnection.java:137)
	at org.gradle.internal.remote.internal.hub.MessageHub$Handler.run(MessageHub.java:404)
	at org.gradle.internal.concurrent.ExecutorPolicy$CatchAndRecordFailures.onExecute(ExecutorPolicy.java:63)
	at org.gradle.internal.concurrent.ManagedExecutorImpl$1.run(ManagedExecutorImpl.java:46)
	at java.util.concurrent.ThreadPoolExecutor.runWorker(ThreadPoolExecutor.java:1149)
	at java.util.concurrent.ThreadPoolExecutor$Worker.run(ThreadPoolExecutor.java:624)
	at org.gradle.internal.concurrent.ThreadFactoryImpl$ManagedThreadRunnable.run(ThreadFactoryImpl.java:55)
	at java.lang.Thread.run(Thread.java:748)
Caused by: com.dotmarketing.exception.DotDataException: Invalid theme: c8b45f24-abd2-4433-9e35-6a614338b5d5
	at com.dotmarketing.portlets.templates.business.TemplateAPIImpl.saveTemplate_aroundBody24(TemplateAPIImpl.java:470)
	at com.dotmarketing.portlets.templates.business.TemplateAPIImpl$AjcClosure25.run(TemplateAPIImpl.java:1)
	at org.aspectj.runtime.reflect.JoinPointImpl.proceed(JoinPointImpl.java:149)
	at com.dotcms.aspects.aspectj.AspectJDelegateMethodInvocation.proceed(AspectJDelegateMethodInvocation.java:42)
	at com.dotmarketing.db.LocalTransaction.wrapReturnWithListeners(LocalTransaction.java:59)
	at com.dotcms.aspects.interceptors.WrapInTransactionMethodInterceptor.invoke(WrapInTransactionMethodInterceptor.java:23)
	at com.dotcms.aspects.aspectj.WrapInTransactionAspect.invoke(WrapInTransactionAspect.java:41)
	at com.dotmarketing.portlets.templates.business.TemplateAPIImpl.saveTemplate(TemplateAPIImpl.java:421)
	at com.dotcms.datagen.TemplateDataGen.save(TemplateDataGen.java:309)
	at com.dotcms.datagen.TemplateDataGen.persist(TemplateDataGen.java:299)
	... 62 more
</pre>
</span>
</div>
<div class="test">
<a name="shouldRenderTemplateAndContainers page Host: test1615317122526.dotcms.com Template Host: test1615317122526.dotcms.com Container Host: default"></a>
<h3 class="failures">shouldRenderTemplateAndContainers page Host: test1615317122526.dotcms.com Template Host: test1615317122526.dotcms.com Container Host: default</h3>
<span class="code">
<pre>java.lang.RuntimeException: com.dotmarketing.exception.DotDataException: Invalid theme: f730b492-acc0-40e7-9bb7-3a4e95462911
	at com.dotcms.datagen.TemplateDataGen.persist(TemplateDataGen.java:304)
	at com.dotcms.datagen.TemplateDataGen.persist(TemplateDataGen.java:34)
	at com.dotcms.datagen.DataGen.nextPersisted(DataGen.java:25)
	at com.dotcms.rendering.velocity.services.HTMLPageAssetRenderedTest.createDrawedTemplate(HTMLPageAssetRenderedTest.java:1421)
	at com.dotcms.rendering.velocity.services.HTMLPageAssetRenderedTest.lambda$fileContainerCases$924078fe$1(HTMLPageAssetRenderedTest.java:1301)
	at com.dotcms.rendering.velocity.services.HTMLPageAssetRenderedTest.shouldRenderTemplateAndContainers(HTMLPageAssetRenderedTest.java:1361)
	at sun.reflect.NativeMethodAccessorImpl.invoke0(Native Method)
	at sun.reflect.NativeMethodAccessorImpl.invoke(NativeMethodAccessorImpl.java:62)
	at sun.reflect.DelegatingMethodAccessorImpl.invoke(DelegatingMethodAccessorImpl.java:43)
	at java.lang.reflect.Method.invoke(Method.java:498)
	at org.junit.runners.model.FrameworkMethod$1.runReflectiveCall(FrameworkMethod.java:50)
	at org.junit.internal.runners.model.ReflectiveCallable.run(ReflectiveCallable.java:12)
	at org.junit.runners.model.FrameworkMethod.invokeExplosively(FrameworkMethod.java:47)
	at com.tngtech.java.junit.dataprovider.DataProviderFrameworkMethod.invokeExplosively(DataProviderFrameworkMethod.java:119)
	at org.junit.internal.runners.statements.InvokeMethod.evaluate(InvokeMethod.java:17)
	at org.junit.rules.TestWatcher$1.evaluate(TestWatcher.java:55)
	at org.junit.rules.RunRules.evaluate(RunRules.java:20)
	at org.junit.runners.ParentRunner.runLeaf(ParentRunner.java:325)
	at com.dotcms.junit.CustomDataProviderRunner.runChild(CustomDataProviderRunner.java:28)
	at com.dotcms.junit.CustomDataProviderRunner.runChild(CustomDataProviderRunner.java:13)
	at org.junit.runners.ParentRunner$3.run(ParentRunner.java:290)
	at org.junit.runners.ParentRunner$1.schedule(ParentRunner.java:71)
	at org.junit.runners.ParentRunner.runChildren(ParentRunner.java:288)
	at org.junit.runners.ParentRunner.access$000(ParentRunner.java:58)
	at org.junit.runners.ParentRunner$2.evaluate(ParentRunner.java:268)
	at org.junit.internal.runners.statements.RunBefores.evaluate(RunBefores.java:26)
	at org.junit.internal.runners.statements.RunAfters.evaluate(RunAfters.java:27)
	at org.junit.runners.ParentRunner.run(ParentRunner.java:363)
	at org.junit.runners.Suite.runChild(Suite.java:128)
	at org.junit.runners.Suite.runChild(Suite.java:27)
	at org.junit.runners.ParentRunner$3.run(ParentRunner.java:290)
	at org.junit.runners.ParentRunner$1.schedule(ParentRunner.java:71)
	at org.junit.runners.ParentRunner.runChildren(ParentRunner.java:288)
	at org.junit.runners.ParentRunner.access$000(ParentRunner.java:58)
	at org.junit.runners.ParentRunner$2.evaluate(ParentRunner.java:268)
	at org.junit.runners.ParentRunner.run(ParentRunner.java:363)
	at org.gradle.api.internal.tasks.testing.junit.JUnitTestClassExecutor.runTestClass(JUnitTestClassExecutor.java:106)
	at org.gradle.api.internal.tasks.testing.junit.JUnitTestClassExecutor.execute(JUnitTestClassExecutor.java:58)
	at org.gradle.api.internal.tasks.testing.junit.JUnitTestClassExecutor.execute(JUnitTestClassExecutor.java:38)
	at org.gradle.api.internal.tasks.testing.junit.AbstractJUnitTestClassProcessor.processTestClass(AbstractJUnitTestClassProcessor.java:66)
	at org.gradle.api.internal.tasks.testing.SuiteTestClassProcessor.processTestClass(SuiteTestClassProcessor.java:51)
	at sun.reflect.NativeMethodAccessorImpl.invoke0(Native Method)
	at sun.reflect.NativeMethodAccessorImpl.invoke(NativeMethodAccessorImpl.java:62)
	at sun.reflect.DelegatingMethodAccessorImpl.invoke(DelegatingMethodAccessorImpl.java:43)
	at java.lang.reflect.Method.invoke(Method.java:498)
	at org.gradle.internal.dispatch.ReflectionDispatch.dispatch(ReflectionDispatch.java:35)
	at org.gradle.internal.dispatch.ReflectionDispatch.dispatch(ReflectionDispatch.java:24)
	at org.gradle.internal.dispatch.ContextClassLoaderDispatch.dispatch(ContextClassLoaderDispatch.java:32)
	at org.gradle.internal.dispatch.ProxyDispatchAdapter$DispatchingInvocationHandler.invoke(ProxyDispatchAdapter.java:93)
	at com.sun.proxy.$Proxy2.processTestClass(Unknown Source)
	at org.gradle.api.internal.tasks.testing.worker.TestWorker.processTestClass(TestWorker.java:117)
	at sun.reflect.NativeMethodAccessorImpl.invoke0(Native Method)
	at sun.reflect.NativeMethodAccessorImpl.invoke(NativeMethodAccessorImpl.java:62)
	at sun.reflect.DelegatingMethodAccessorImpl.invoke(DelegatingMethodAccessorImpl.java:43)
	at java.lang.reflect.Method.invoke(Method.java:498)
	at org.gradle.internal.dispatch.ReflectionDispatch.dispatch(ReflectionDispatch.java:35)
	at org.gradle.internal.dispatch.ReflectionDispatch.dispatch(ReflectionDispatch.java:24)
	at org.gradle.internal.remote.internal.hub.MessageHubBackedObjectConnection$DispatchWrapper.dispatch(MessageHubBackedObjectConnection.java:155)
	at org.gradle.internal.remote.internal.hub.MessageHubBackedObjectConnection$DispatchWrapper.dispatch(MessageHubBackedObjectConnection.java:137)
	at org.gradle.internal.remote.internal.hub.MessageHub$Handler.run(MessageHub.java:404)
	at org.gradle.internal.concurrent.ExecutorPolicy$CatchAndRecordFailures.onExecute(ExecutorPolicy.java:63)
	at org.gradle.internal.concurrent.ManagedExecutorImpl$1.run(ManagedExecutorImpl.java:46)
	at java.util.concurrent.ThreadPoolExecutor.runWorker(ThreadPoolExecutor.java:1149)
	at java.util.concurrent.ThreadPoolExecutor$Worker.run(ThreadPoolExecutor.java:624)
	at org.gradle.internal.concurrent.ThreadFactoryImpl$ManagedThreadRunnable.run(ThreadFactoryImpl.java:55)
	at java.lang.Thread.run(Thread.java:748)
Caused by: com.dotmarketing.exception.DotDataException: Invalid theme: f730b492-acc0-40e7-9bb7-3a4e95462911
	at com.dotmarketing.portlets.templates.business.TemplateAPIImpl.saveTemplate_aroundBody24(TemplateAPIImpl.java:470)
	at com.dotmarketing.portlets.templates.business.TemplateAPIImpl$AjcClosure25.run(TemplateAPIImpl.java:1)
	at org.aspectj.runtime.reflect.JoinPointImpl.proceed(JoinPointImpl.java:149)
	at com.dotcms.aspects.aspectj.AspectJDelegateMethodInvocation.proceed(AspectJDelegateMethodInvocation.java:42)
	at com.dotmarketing.db.LocalTransaction.wrapReturnWithListeners(LocalTransaction.java:59)
	at com.dotcms.aspects.interceptors.WrapInTransactionMethodInterceptor.invoke(WrapInTransactionMethodInterceptor.java:23)
	at com.dotcms.aspects.aspectj.WrapInTransactionAspect.invoke(WrapInTransactionAspect.java:41)
	at com.dotmarketing.portlets.templates.business.TemplateAPIImpl.saveTemplate(TemplateAPIImpl.java:421)
	at com.dotcms.datagen.TemplateDataGen.save(TemplateDataGen.java:309)
	at com.dotcms.datagen.TemplateDataGen.persist(TemplateDataGen.java:299)
	... 65 more
</pre>
</span>
</div>
<div class="test">
<a name="shouldRenderTemplateAndContainers page Host: test1615317122526.dotcms.com Template Host: test1615317122526.dotcms.com Container Host: default"></a>
<h3 class="failures">shouldRenderTemplateAndContainers page Host: test1615317122526.dotcms.com Template Host: test1615317122526.dotcms.com Container Host: default</h3>
<span class="code">
<pre>java.lang.RuntimeException: com.dotmarketing.exception.DotDataException: Invalid theme: 5f49db7b-0817-42eb-b295-3cddd98fe024
	at com.dotcms.datagen.TemplateDataGen.persist(TemplateDataGen.java:304)
	at com.dotcms.datagen.TemplateDataGen.persist(TemplateDataGen.java:34)
	at com.dotcms.datagen.DataGen.nextPersisted(DataGen.java:25)
	at com.dotcms.rendering.velocity.services.HTMLPageAssetRenderedTest.createDrawedTemplate(HTMLPageAssetRenderedTest.java:1421)
	at com.dotcms.rendering.velocity.services.HTMLPageAssetRenderedTest.lambda$fileContainerCases$924078fe$1(HTMLPageAssetRenderedTest.java:1301)
	at com.dotcms.rendering.velocity.services.HTMLPageAssetRenderedTest.shouldRenderTemplateAndContainers(HTMLPageAssetRenderedTest.java:1361)
	at sun.reflect.GeneratedMethodAccessor1232.invoke(Unknown Source)
	at sun.reflect.DelegatingMethodAccessorImpl.invoke(DelegatingMethodAccessorImpl.java:43)
	at java.lang.reflect.Method.invoke(Method.java:498)
	at org.junit.runners.model.FrameworkMethod$1.runReflectiveCall(FrameworkMethod.java:50)
	at org.junit.internal.runners.model.ReflectiveCallable.run(ReflectiveCallable.java:12)
	at org.junit.runners.model.FrameworkMethod.invokeExplosively(FrameworkMethod.java:47)
	at com.tngtech.java.junit.dataprovider.DataProviderFrameworkMethod.invokeExplosively(DataProviderFrameworkMethod.java:119)
	at org.junit.internal.runners.statements.InvokeMethod.evaluate(InvokeMethod.java:17)
	at org.junit.rules.TestWatcher$1.evaluate(TestWatcher.java:55)
	at org.junit.rules.RunRules.evaluate(RunRules.java:20)
	at org.junit.runners.ParentRunner.runLeaf(ParentRunner.java:325)
	at com.dotcms.junit.CustomDataProviderRunner.runChild(CustomDataProviderRunner.java:28)
	at com.dotcms.junit.CustomDataProviderRunner.runChild(CustomDataProviderRunner.java:13)
	at org.junit.runners.ParentRunner$3.run(ParentRunner.java:290)
	at org.junit.runners.ParentRunner$1.schedule(ParentRunner.java:71)
	at org.junit.runners.ParentRunner.runChildren(ParentRunner.java:288)
	at org.junit.runners.ParentRunner.access$000(ParentRunner.java:58)
	at org.junit.runners.ParentRunner$2.evaluate(ParentRunner.java:268)
	at org.junit.internal.runners.statements.RunBefores.evaluate(RunBefores.java:26)
	at org.junit.internal.runners.statements.RunAfters.evaluate(RunAfters.java:27)
	at org.junit.runners.ParentRunner.run(ParentRunner.java:363)
	at org.junit.runners.Suite.runChild(Suite.java:128)
	at org.junit.runners.Suite.runChild(Suite.java:27)
	at org.junit.runners.ParentRunner$3.run(ParentRunner.java:290)
	at org.junit.runners.ParentRunner$1.schedule(ParentRunner.java:71)
	at org.junit.runners.ParentRunner.runChildren(ParentRunner.java:288)
	at org.junit.runners.ParentRunner.access$000(ParentRunner.java:58)
	at org.junit.runners.ParentRunner$2.evaluate(ParentRunner.java:268)
	at org.junit.runners.ParentRunner.run(ParentRunner.java:363)
	at org.gradle.api.internal.tasks.testing.junit.JUnitTestClassExecutor.runTestClass(JUnitTestClassExecutor.java:106)
	at org.gradle.api.internal.tasks.testing.junit.JUnitTestClassExecutor.execute(JUnitTestClassExecutor.java:58)
	at org.gradle.api.internal.tasks.testing.junit.JUnitTestClassExecutor.execute(JUnitTestClassExecutor.java:38)
	at org.gradle.api.internal.tasks.testing.junit.AbstractJUnitTestClassProcessor.processTestClass(AbstractJUnitTestClassProcessor.java:66)
	at org.gradle.api.internal.tasks.testing.SuiteTestClassProcessor.processTestClass(SuiteTestClassProcessor.java:51)
	at sun.reflect.NativeMethodAccessorImpl.invoke0(Native Method)
	at sun.reflect.NativeMethodAccessorImpl.invoke(NativeMethodAccessorImpl.java:62)
	at sun.reflect.DelegatingMethodAccessorImpl.invoke(DelegatingMethodAccessorImpl.java:43)
	at java.lang.reflect.Method.invoke(Method.java:498)
	at org.gradle.internal.dispatch.ReflectionDispatch.dispatch(ReflectionDispatch.java:35)
	at org.gradle.internal.dispatch.ReflectionDispatch.dispatch(ReflectionDispatch.java:24)
	at org.gradle.internal.dispatch.ContextClassLoaderDispatch.dispatch(ContextClassLoaderDispatch.java:32)
	at org.gradle.internal.dispatch.ProxyDispatchAdapter$DispatchingInvocationHandler.invoke(ProxyDispatchAdapter.java:93)
	at com.sun.proxy.$Proxy2.processTestClass(Unknown Source)
	at org.gradle.api.internal.tasks.testing.worker.TestWorker.processTestClass(TestWorker.java:117)
	at sun.reflect.NativeMethodAccessorImpl.invoke0(Native Method)
	at sun.reflect.NativeMethodAccessorImpl.invoke(NativeMethodAccessorImpl.java:62)
	at sun.reflect.DelegatingMethodAccessorImpl.invoke(DelegatingMethodAccessorImpl.java:43)
	at java.lang.reflect.Method.invoke(Method.java:498)
	at org.gradle.internal.dispatch.ReflectionDispatch.dispatch(ReflectionDispatch.java:35)
	at org.gradle.internal.dispatch.ReflectionDispatch.dispatch(ReflectionDispatch.java:24)
	at org.gradle.internal.remote.internal.hub.MessageHubBackedObjectConnection$DispatchWrapper.dispatch(MessageHubBackedObjectConnection.java:155)
	at org.gradle.internal.remote.internal.hub.MessageHubBackedObjectConnection$DispatchWrapper.dispatch(MessageHubBackedObjectConnection.java:137)
	at org.gradle.internal.remote.internal.hub.MessageHub$Handler.run(MessageHub.java:404)
	at org.gradle.internal.concurrent.ExecutorPolicy$CatchAndRecordFailures.onExecute(ExecutorPolicy.java:63)
	at org.gradle.internal.concurrent.ManagedExecutorImpl$1.run(ManagedExecutorImpl.java:46)
	at java.util.concurrent.ThreadPoolExecutor.runWorker(ThreadPoolExecutor.java:1149)
	at java.util.concurrent.ThreadPoolExecutor$Worker.run(ThreadPoolExecutor.java:624)
	at org.gradle.internal.concurrent.ThreadFactoryImpl$ManagedThreadRunnable.run(ThreadFactoryImpl.java:55)
	at java.lang.Thread.run(Thread.java:748)
Caused by: com.dotmarketing.exception.DotDataException: Invalid theme: 5f49db7b-0817-42eb-b295-3cddd98fe024
	at com.dotmarketing.portlets.templates.business.TemplateAPIImpl.saveTemplate_aroundBody24(TemplateAPIImpl.java:470)
	at com.dotmarketing.portlets.templates.business.TemplateAPIImpl$AjcClosure25.run(TemplateAPIImpl.java:1)
	at org.aspectj.runtime.reflect.JoinPointImpl.proceed(JoinPointImpl.java:149)
	at com.dotcms.aspects.aspectj.AspectJDelegateMethodInvocation.proceed(AspectJDelegateMethodInvocation.java:42)
	at com.dotmarketing.db.LocalTransaction.wrapReturnWithListeners(LocalTransaction.java:59)
	at com.dotcms.aspects.interceptors.WrapInTransactionMethodInterceptor.invoke(WrapInTransactionMethodInterceptor.java:23)
	at com.dotcms.aspects.aspectj.WrapInTransactionAspect.invoke(WrapInTransactionAspect.java:41)
	at com.dotmarketing.portlets.templates.business.TemplateAPIImpl.saveTemplate(TemplateAPIImpl.java:421)
	at com.dotcms.datagen.TemplateDataGen.save(TemplateDataGen.java:309)
	at com.dotcms.datagen.TemplateDataGen.persist(TemplateDataGen.java:299)
	... 64 more
</pre>
</span>
</div>
<div class="test">
<a name="shouldRenderTemplateAndContainers page Host: test1615317122526.dotcms.com Template Host: test1615317122526.dotcms.com Container Host: test1615317122526.dotcms.com"></a>
<h3 class="failures">shouldRenderTemplateAndContainers page Host: test1615317122526.dotcms.com Template Host: test1615317122526.dotcms.com Container Host: test1615317122526.dotcms.com</h3>
<span class="code">
<pre>java.lang.RuntimeException: com.dotmarketing.exception.DotDataException: Invalid theme: 30371f8a-5add-45e0-a5f2-671ea203d6f8
	at com.dotcms.datagen.TemplateDataGen.persist(TemplateDataGen.java:304)
	at com.dotcms.datagen.TemplateDataGen.persist(TemplateDataGen.java:34)
	at com.dotcms.datagen.DataGen.nextPersisted(DataGen.java:25)
	at com.dotcms.rendering.velocity.services.HTMLPageAssetRenderedTest.createDrawedTemplate(HTMLPageAssetRenderedTest.java:1421)
	at com.dotcms.rendering.velocity.services.HTMLPageAssetRenderedTest.lambda$fileContainerCases$924078fe$1(HTMLPageAssetRenderedTest.java:1301)
	at com.dotcms.rendering.velocity.services.HTMLPageAssetRenderedTest.shouldRenderTemplateAndContainers(HTMLPageAssetRenderedTest.java:1361)
	at sun.reflect.NativeMethodAccessorImpl.invoke0(Native Method)
	at sun.reflect.NativeMethodAccessorImpl.invoke(NativeMethodAccessorImpl.java:62)
	at sun.reflect.DelegatingMethodAccessorImpl.invoke(DelegatingMethodAccessorImpl.java:43)
	at java.lang.reflect.Method.invoke(Method.java:498)
	at org.junit.runners.model.FrameworkMethod$1.runReflectiveCall(FrameworkMethod.java:50)
	at org.junit.internal.runners.model.ReflectiveCallable.run(ReflectiveCallable.java:12)
	at org.junit.runners.model.FrameworkMethod.invokeExplosively(FrameworkMethod.java:47)
	at com.tngtech.java.junit.dataprovider.DataProviderFrameworkMethod.invokeExplosively(DataProviderFrameworkMethod.java:119)
	at org.junit.internal.runners.statements.InvokeMethod.evaluate(InvokeMethod.java:17)
	at org.junit.rules.TestWatcher$1.evaluate(TestWatcher.java:55)
	at org.junit.rules.RunRules.evaluate(RunRules.java:20)
	at org.junit.runners.ParentRunner.runLeaf(ParentRunner.java:325)
	at com.dotcms.junit.CustomDataProviderRunner.runChild(CustomDataProviderRunner.java:28)
	at com.dotcms.junit.CustomDataProviderRunner.runChild(CustomDataProviderRunner.java:13)
	at org.junit.runners.ParentRunner$3.run(ParentRunner.java:290)
	at org.junit.runners.ParentRunner$1.schedule(ParentRunner.java:71)
	at org.junit.runners.ParentRunner.runChildren(ParentRunner.java:288)
	at org.junit.runners.ParentRunner.access$000(ParentRunner.java:58)
	at org.junit.runners.ParentRunner$2.evaluate(ParentRunner.java:268)
	at org.junit.internal.runners.statements.RunBefores.evaluate(RunBefores.java:26)
	at org.junit.internal.runners.statements.RunAfters.evaluate(RunAfters.java:27)
	at org.junit.runners.ParentRunner.run(ParentRunner.java:363)
	at org.junit.runners.Suite.runChild(Suite.java:128)
	at org.junit.runners.Suite.runChild(Suite.java:27)
	at org.junit.runners.ParentRunner$3.run(ParentRunner.java:290)
	at org.junit.runners.ParentRunner$1.schedule(ParentRunner.java:71)
	at org.junit.runners.ParentRunner.runChildren(ParentRunner.java:288)
	at org.junit.runners.ParentRunner.access$000(ParentRunner.java:58)
	at org.junit.runners.ParentRunner$2.evaluate(ParentRunner.java:268)
	at org.junit.runners.ParentRunner.run(ParentRunner.java:363)
	at org.gradle.api.internal.tasks.testing.junit.JUnitTestClassExecutor.runTestClass(JUnitTestClassExecutor.java:106)
	at org.gradle.api.internal.tasks.testing.junit.JUnitTestClassExecutor.execute(JUnitTestClassExecutor.java:58)
	at org.gradle.api.internal.tasks.testing.junit.JUnitTestClassExecutor.execute(JUnitTestClassExecutor.java:38)
	at org.gradle.api.internal.tasks.testing.junit.AbstractJUnitTestClassProcessor.processTestClass(AbstractJUnitTestClassProcessor.java:66)
	at org.gradle.api.internal.tasks.testing.SuiteTestClassProcessor.processTestClass(SuiteTestClassProcessor.java:51)
	at sun.reflect.NativeMethodAccessorImpl.invoke0(Native Method)
	at sun.reflect.NativeMethodAccessorImpl.invoke(NativeMethodAccessorImpl.java:62)
	at sun.reflect.DelegatingMethodAccessorImpl.invoke(DelegatingMethodAccessorImpl.java:43)
	at java.lang.reflect.Method.invoke(Method.java:498)
	at org.gradle.internal.dispatch.ReflectionDispatch.dispatch(ReflectionDispatch.java:35)
	at org.gradle.internal.dispatch.ReflectionDispatch.dispatch(ReflectionDispatch.java:24)
	at org.gradle.internal.dispatch.ContextClassLoaderDispatch.dispatch(ContextClassLoaderDispatch.java:32)
	at org.gradle.internal.dispatch.ProxyDispatchAdapter$DispatchingInvocationHandler.invoke(ProxyDispatchAdapter.java:93)
	at com.sun.proxy.$Proxy2.processTestClass(Unknown Source)
	at org.gradle.api.internal.tasks.testing.worker.TestWorker.processTestClass(TestWorker.java:117)
	at sun.reflect.NativeMethodAccessorImpl.invoke0(Native Method)
	at sun.reflect.NativeMethodAccessorImpl.invoke(NativeMethodAccessorImpl.java:62)
	at sun.reflect.DelegatingMethodAccessorImpl.invoke(DelegatingMethodAccessorImpl.java:43)
	at java.lang.reflect.Method.invoke(Method.java:498)
	at org.gradle.internal.dispatch.ReflectionDispatch.dispatch(ReflectionDispatch.java:35)
	at org.gradle.internal.dispatch.ReflectionDispatch.dispatch(ReflectionDispatch.java:24)
	at org.gradle.internal.remote.internal.hub.MessageHubBackedObjectConnection$DispatchWrapper.dispatch(MessageHubBackedObjectConnection.java:155)
	at org.gradle.internal.remote.internal.hub.MessageHubBackedObjectConnection$DispatchWrapper.dispatch(MessageHubBackedObjectConnection.java:137)
	at org.gradle.internal.remote.internal.hub.MessageHub$Handler.run(MessageHub.java:404)
	at org.gradle.internal.concurrent.ExecutorPolicy$CatchAndRecordFailures.onExecute(ExecutorPolicy.java:63)
	at org.gradle.internal.concurrent.ManagedExecutorImpl$1.run(ManagedExecutorImpl.java:46)
	at java.util.concurrent.ThreadPoolExecutor.runWorker(ThreadPoolExecutor.java:1149)
	at java.util.concurrent.ThreadPoolExecutor$Worker.run(ThreadPoolExecutor.java:624)
	at org.gradle.internal.concurrent.ThreadFactoryImpl$ManagedThreadRunnable.run(ThreadFactoryImpl.java:55)
	at java.lang.Thread.run(Thread.java:748)
Caused by: com.dotmarketing.exception.DotDataException: Invalid theme: 30371f8a-5add-45e0-a5f2-671ea203d6f8
	at com.dotmarketing.portlets.templates.business.TemplateAPIImpl.saveTemplate_aroundBody24(TemplateAPIImpl.java:470)
	at com.dotmarketing.portlets.templates.business.TemplateAPIImpl$AjcClosure25.run(TemplateAPIImpl.java:1)
	at org.aspectj.runtime.reflect.JoinPointImpl.proceed(JoinPointImpl.java:149)
	at com.dotcms.aspects.aspectj.AspectJDelegateMethodInvocation.proceed(AspectJDelegateMethodInvocation.java:42)
	at com.dotmarketing.db.LocalTransaction.wrapReturnWithListeners(LocalTransaction.java:59)
	at com.dotcms.aspects.interceptors.WrapInTransactionMethodInterceptor.invoke(WrapInTransactionMethodInterceptor.java:23)
	at com.dotcms.aspects.aspectj.WrapInTransactionAspect.invoke(WrapInTransactionAspect.java:41)
	at com.dotmarketing.portlets.templates.business.TemplateAPIImpl.saveTemplate(TemplateAPIImpl.java:421)
	at com.dotcms.datagen.TemplateDataGen.save(TemplateDataGen.java:309)
	at com.dotcms.datagen.TemplateDataGen.persist(TemplateDataGen.java:299)
	... 65 more
</pre>
</span>
</div>
<div class="test">
<a name="shouldRenderTemplateAndContainers page Host: test1615317122526.dotcms.com Template Host: test1615317122526.dotcms.com Container Host: test1615317122526.dotcms.com"></a>
<h3 class="failures">shouldRenderTemplateAndContainers page Host: test1615317122526.dotcms.com Template Host: test1615317122526.dotcms.com Container Host: test1615317122526.dotcms.com</h3>
<span class="code">
<pre>java.lang.RuntimeException: com.dotmarketing.exception.DotDataException: Invalid theme: a7c13332-e1ec-4c94-bfc1-ee2f1fcbaf59
	at com.dotcms.datagen.TemplateDataGen.persist(TemplateDataGen.java:304)
	at com.dotcms.datagen.TemplateDataGen.persist(TemplateDataGen.java:34)
	at com.dotcms.datagen.DataGen.nextPersisted(DataGen.java:25)
	at com.dotcms.rendering.velocity.services.HTMLPageAssetRenderedTest.createDrawedTemplate(HTMLPageAssetRenderedTest.java:1421)
	at com.dotcms.rendering.velocity.services.HTMLPageAssetRenderedTest.lambda$fileContainerCases$924078fe$1(HTMLPageAssetRenderedTest.java:1301)
	at com.dotcms.rendering.velocity.services.HTMLPageAssetRenderedTest.shouldRenderTemplateAndContainers(HTMLPageAssetRenderedTest.java:1361)
	at sun.reflect.NativeMethodAccessorImpl.invoke0(Native Method)
	at sun.reflect.NativeMethodAccessorImpl.invoke(NativeMethodAccessorImpl.java:62)
	at sun.reflect.DelegatingMethodAccessorImpl.invoke(DelegatingMethodAccessorImpl.java:43)
	at java.lang.reflect.Method.invoke(Method.java:498)
	at org.junit.runners.model.FrameworkMethod$1.runReflectiveCall(FrameworkMethod.java:50)
	at org.junit.internal.runners.model.ReflectiveCallable.run(ReflectiveCallable.java:12)
	at org.junit.runners.model.FrameworkMethod.invokeExplosively(FrameworkMethod.java:47)
	at com.tngtech.java.junit.dataprovider.DataProviderFrameworkMethod.invokeExplosively(DataProviderFrameworkMethod.java:119)
	at org.junit.internal.runners.statements.InvokeMethod.evaluate(InvokeMethod.java:17)
	at org.junit.rules.TestWatcher$1.evaluate(TestWatcher.java:55)
	at org.junit.rules.RunRules.evaluate(RunRules.java:20)
	at org.junit.runners.ParentRunner.runLeaf(ParentRunner.java:325)
	at com.dotcms.junit.CustomDataProviderRunner.runChild(CustomDataProviderRunner.java:28)
	at com.dotcms.junit.CustomDataProviderRunner.runChild(CustomDataProviderRunner.java:13)
	at org.junit.runners.ParentRunner$3.run(ParentRunner.java:290)
	at org.junit.runners.ParentRunner$1.schedule(ParentRunner.java:71)
	at org.junit.runners.ParentRunner.runChildren(ParentRunner.java:288)
	at org.junit.runners.ParentRunner.access$000(ParentRunner.java:58)
	at org.junit.runners.ParentRunner$2.evaluate(ParentRunner.java:268)
	at org.junit.internal.runners.statements.RunBefores.evaluate(RunBefores.java:26)
	at org.junit.internal.runners.statements.RunAfters.evaluate(RunAfters.java:27)
	at org.junit.runners.ParentRunner.run(ParentRunner.java:363)
	at org.junit.runners.Suite.runChild(Suite.java:128)
	at org.junit.runners.Suite.runChild(Suite.java:27)
	at org.junit.runners.ParentRunner$3.run(ParentRunner.java:290)
	at org.junit.runners.ParentRunner$1.schedule(ParentRunner.java:71)
	at org.junit.runners.ParentRunner.runChildren(ParentRunner.java:288)
	at org.junit.runners.ParentRunner.access$000(ParentRunner.java:58)
	at org.junit.runners.ParentRunner$2.evaluate(ParentRunner.java:268)
	at org.junit.runners.ParentRunner.run(ParentRunner.java:363)
	at org.gradle.api.internal.tasks.testing.junit.JUnitTestClassExecutor.runTestClass(JUnitTestClassExecutor.java:106)
	at org.gradle.api.internal.tasks.testing.junit.JUnitTestClassExecutor.execute(JUnitTestClassExecutor.java:58)
	at org.gradle.api.internal.tasks.testing.junit.JUnitTestClassExecutor.execute(JUnitTestClassExecutor.java:38)
	at org.gradle.api.internal.tasks.testing.junit.AbstractJUnitTestClassProcessor.processTestClass(AbstractJUnitTestClassProcessor.java:66)
	at org.gradle.api.internal.tasks.testing.SuiteTestClassProcessor.processTestClass(SuiteTestClassProcessor.java:51)
	at sun.reflect.NativeMethodAccessorImpl.invoke0(Native Method)
	at sun.reflect.NativeMethodAccessorImpl.invoke(NativeMethodAccessorImpl.java:62)
	at sun.reflect.DelegatingMethodAccessorImpl.invoke(DelegatingMethodAccessorImpl.java:43)
	at java.lang.reflect.Method.invoke(Method.java:498)
	at org.gradle.internal.dispatch.ReflectionDispatch.dispatch(ReflectionDispatch.java:35)
	at org.gradle.internal.dispatch.ReflectionDispatch.dispatch(ReflectionDispatch.java:24)
	at org.gradle.internal.dispatch.ContextClassLoaderDispatch.dispatch(ContextClassLoaderDispatch.java:32)
	at org.gradle.internal.dispatch.ProxyDispatchAdapter$DispatchingInvocationHandler.invoke(ProxyDispatchAdapter.java:93)
	at com.sun.proxy.$Proxy2.processTestClass(Unknown Source)
	at org.gradle.api.internal.tasks.testing.worker.TestWorker.processTestClass(TestWorker.java:117)
	at sun.reflect.NativeMethodAccessorImpl.invoke0(Native Method)
	at sun.reflect.NativeMethodAccessorImpl.invoke(NativeMethodAccessorImpl.java:62)
	at sun.reflect.DelegatingMethodAccessorImpl.invoke(DelegatingMethodAccessorImpl.java:43)
	at java.lang.reflect.Method.invoke(Method.java:498)
	at org.gradle.internal.dispatch.ReflectionDispatch.dispatch(ReflectionDispatch.java:35)
	at org.gradle.internal.dispatch.ReflectionDispatch.dispatch(ReflectionDispatch.java:24)
	at org.gradle.internal.remote.internal.hub.MessageHubBackedObjectConnection$DispatchWrapper.dispatch(MessageHubBackedObjectConnection.java:155)
	at org.gradle.internal.remote.internal.hub.MessageHubBackedObjectConnection$DispatchWrapper.dispatch(MessageHubBackedObjectConnection.java:137)
	at org.gradle.internal.remote.internal.hub.MessageHub$Handler.run(MessageHub.java:404)
	at org.gradle.internal.concurrent.ExecutorPolicy$CatchAndRecordFailures.onExecute(ExecutorPolicy.java:63)
	at org.gradle.internal.concurrent.ManagedExecutorImpl$1.run(ManagedExecutorImpl.java:46)
	at java.util.concurrent.ThreadPoolExecutor.runWorker(ThreadPoolExecutor.java:1149)
	at java.util.concurrent.ThreadPoolExecutor$Worker.run(ThreadPoolExecutor.java:624)
	at org.gradle.internal.concurrent.ThreadFactoryImpl$ManagedThreadRunnable.run(ThreadFactoryImpl.java:55)
	at java.lang.Thread.run(Thread.java:748)
Caused by: com.dotmarketing.exception.DotDataException: Invalid theme: a7c13332-e1ec-4c94-bfc1-ee2f1fcbaf59
	at com.dotmarketing.portlets.templates.business.TemplateAPIImpl.saveTemplate_aroundBody24(TemplateAPIImpl.java:470)
	at com.dotmarketing.portlets.templates.business.TemplateAPIImpl$AjcClosure25.run(TemplateAPIImpl.java:1)
	at org.aspectj.runtime.reflect.JoinPointImpl.proceed(JoinPointImpl.java:149)
	at com.dotcms.aspects.aspectj.AspectJDelegateMethodInvocation.proceed(AspectJDelegateMethodInvocation.java:42)
	at com.dotmarketing.db.LocalTransaction.wrapReturnWithListeners(LocalTransaction.java:59)
	at com.dotcms.aspects.interceptors.WrapInTransactionMethodInterceptor.invoke(WrapInTransactionMethodInterceptor.java:23)
	at com.dotcms.aspects.aspectj.WrapInTransactionAspect.invoke(WrapInTransactionAspect.java:41)
	at com.dotmarketing.portlets.templates.business.TemplateAPIImpl.saveTemplate(TemplateAPIImpl.java:421)
	at com.dotcms.datagen.TemplateDataGen.save(TemplateDataGen.java:309)
	at com.dotcms.datagen.TemplateDataGen.persist(TemplateDataGen.java:299)
	... 65 more
</pre>
</span>
</div>
<div class="test">
<a name="shouldRenderTemplateAndContainers page Host: test1615317122526.dotcms.com Template Host: test1615317122526.dotcms.com Container Host: test1615317137446.dotcms.com"></a>
<h3 class="failures">shouldRenderTemplateAndContainers page Host: test1615317122526.dotcms.com Template Host: test1615317122526.dotcms.com Container Host: test1615317137446.dotcms.com</h3>
<span class="code">
<pre>java.lang.RuntimeException: com.dotmarketing.exception.DotDataException: Invalid theme: 4d57aacc-cf72-4656-a420-dc908d5ca4ef
	at com.dotcms.datagen.TemplateDataGen.persist(TemplateDataGen.java:304)
	at com.dotcms.datagen.TemplateDataGen.persist(TemplateDataGen.java:34)
	at com.dotcms.datagen.DataGen.nextPersisted(DataGen.java:25)
	at com.dotcms.rendering.velocity.services.HTMLPageAssetRenderedTest.createDrawedTemplate(HTMLPageAssetRenderedTest.java:1421)
	at com.dotcms.rendering.velocity.services.HTMLPageAssetRenderedTest.lambda$fileContainerCases$924078fe$1(HTMLPageAssetRenderedTest.java:1301)
	at com.dotcms.rendering.velocity.services.HTMLPageAssetRenderedTest.shouldRenderTemplateAndContainers(HTMLPageAssetRenderedTest.java:1361)
	at sun.reflect.GeneratedMethodAccessor1232.invoke(Unknown Source)
	at sun.reflect.DelegatingMethodAccessorImpl.invoke(DelegatingMethodAccessorImpl.java:43)
	at java.lang.reflect.Method.invoke(Method.java:498)
	at org.junit.runners.model.FrameworkMethod$1.runReflectiveCall(FrameworkMethod.java:50)
	at org.junit.internal.runners.model.ReflectiveCallable.run(ReflectiveCallable.java:12)
	at org.junit.runners.model.FrameworkMethod.invokeExplosively(FrameworkMethod.java:47)
	at com.tngtech.java.junit.dataprovider.DataProviderFrameworkMethod.invokeExplosively(DataProviderFrameworkMethod.java:119)
	at org.junit.internal.runners.statements.InvokeMethod.evaluate(InvokeMethod.java:17)
	at org.junit.rules.TestWatcher$1.evaluate(TestWatcher.java:55)
	at org.junit.rules.RunRules.evaluate(RunRules.java:20)
	at org.junit.runners.ParentRunner.runLeaf(ParentRunner.java:325)
	at com.dotcms.junit.CustomDataProviderRunner.runChild(CustomDataProviderRunner.java:28)
	at com.dotcms.junit.CustomDataProviderRunner.runChild(CustomDataProviderRunner.java:13)
	at org.junit.runners.ParentRunner$3.run(ParentRunner.java:290)
	at org.junit.runners.ParentRunner$1.schedule(ParentRunner.java:71)
	at org.junit.runners.ParentRunner.runChildren(ParentRunner.java:288)
	at org.junit.runners.ParentRunner.access$000(ParentRunner.java:58)
	at org.junit.runners.ParentRunner$2.evaluate(ParentRunner.java:268)
	at org.junit.internal.runners.statements.RunBefores.evaluate(RunBefores.java:26)
	at org.junit.internal.runners.statements.RunAfters.evaluate(RunAfters.java:27)
	at org.junit.runners.ParentRunner.run(ParentRunner.java:363)
	at org.junit.runners.Suite.runChild(Suite.java:128)
	at org.junit.runners.Suite.runChild(Suite.java:27)
	at org.junit.runners.ParentRunner$3.run(ParentRunner.java:290)
	at org.junit.runners.ParentRunner$1.schedule(ParentRunner.java:71)
	at org.junit.runners.ParentRunner.runChildren(ParentRunner.java:288)
	at org.junit.runners.ParentRunner.access$000(ParentRunner.java:58)
	at org.junit.runners.ParentRunner$2.evaluate(ParentRunner.java:268)
	at org.junit.runners.ParentRunner.run(ParentRunner.java:363)
	at org.gradle.api.internal.tasks.testing.junit.JUnitTestClassExecutor.runTestClass(JUnitTestClassExecutor.java:106)
	at org.gradle.api.internal.tasks.testing.junit.JUnitTestClassExecutor.execute(JUnitTestClassExecutor.java:58)
	at org.gradle.api.internal.tasks.testing.junit.JUnitTestClassExecutor.execute(JUnitTestClassExecutor.java:38)
	at org.gradle.api.internal.tasks.testing.junit.AbstractJUnitTestClassProcessor.processTestClass(AbstractJUnitTestClassProcessor.java:66)
	at org.gradle.api.internal.tasks.testing.SuiteTestClassProcessor.processTestClass(SuiteTestClassProcessor.java:51)
	at sun.reflect.NativeMethodAccessorImpl.invoke0(Native Method)
	at sun.reflect.NativeMethodAccessorImpl.invoke(NativeMethodAccessorImpl.java:62)
	at sun.reflect.DelegatingMethodAccessorImpl.invoke(DelegatingMethodAccessorImpl.java:43)
	at java.lang.reflect.Method.invoke(Method.java:498)
	at org.gradle.internal.dispatch.ReflectionDispatch.dispatch(ReflectionDispatch.java:35)
	at org.gradle.internal.dispatch.ReflectionDispatch.dispatch(ReflectionDispatch.java:24)
	at org.gradle.internal.dispatch.ContextClassLoaderDispatch.dispatch(ContextClassLoaderDispatch.java:32)
	at org.gradle.internal.dispatch.ProxyDispatchAdapter$DispatchingInvocationHandler.invoke(ProxyDispatchAdapter.java:93)
	at com.sun.proxy.$Proxy2.processTestClass(Unknown Source)
	at org.gradle.api.internal.tasks.testing.worker.TestWorker.processTestClass(TestWorker.java:117)
	at sun.reflect.NativeMethodAccessorImpl.invoke0(Native Method)
	at sun.reflect.NativeMethodAccessorImpl.invoke(NativeMethodAccessorImpl.java:62)
	at sun.reflect.DelegatingMethodAccessorImpl.invoke(DelegatingMethodAccessorImpl.java:43)
	at java.lang.reflect.Method.invoke(Method.java:498)
	at org.gradle.internal.dispatch.ReflectionDispatch.dispatch(ReflectionDispatch.java:35)
	at org.gradle.internal.dispatch.ReflectionDispatch.dispatch(ReflectionDispatch.java:24)
	at org.gradle.internal.remote.internal.hub.MessageHubBackedObjectConnection$DispatchWrapper.dispatch(MessageHubBackedObjectConnection.java:155)
	at org.gradle.internal.remote.internal.hub.MessageHubBackedObjectConnection$DispatchWrapper.dispatch(MessageHubBackedObjectConnection.java:137)
	at org.gradle.internal.remote.internal.hub.MessageHub$Handler.run(MessageHub.java:404)
	at org.gradle.internal.concurrent.ExecutorPolicy$CatchAndRecordFailures.onExecute(ExecutorPolicy.java:63)
	at org.gradle.internal.concurrent.ManagedExecutorImpl$1.run(ManagedExecutorImpl.java:46)
	at java.util.concurrent.ThreadPoolExecutor.runWorker(ThreadPoolExecutor.java:1149)
	at java.util.concurrent.ThreadPoolExecutor$Worker.run(ThreadPoolExecutor.java:624)
	at org.gradle.internal.concurrent.ThreadFactoryImpl$ManagedThreadRunnable.run(ThreadFactoryImpl.java:55)
	at java.lang.Thread.run(Thread.java:748)
Caused by: com.dotmarketing.exception.DotDataException: Invalid theme: 4d57aacc-cf72-4656-a420-dc908d5ca4ef
	at com.dotmarketing.portlets.templates.business.TemplateAPIImpl.saveTemplate_aroundBody24(TemplateAPIImpl.java:470)
	at com.dotmarketing.portlets.templates.business.TemplateAPIImpl$AjcClosure25.run(TemplateAPIImpl.java:1)
	at org.aspectj.runtime.reflect.JoinPointImpl.proceed(JoinPointImpl.java:149)
	at com.dotcms.aspects.aspectj.AspectJDelegateMethodInvocation.proceed(AspectJDelegateMethodInvocation.java:42)
	at com.dotmarketing.db.LocalTransaction.wrapReturnWithListeners(LocalTransaction.java:59)
	at com.dotcms.aspects.interceptors.WrapInTransactionMethodInterceptor.invoke(WrapInTransactionMethodInterceptor.java:23)
	at com.dotcms.aspects.aspectj.WrapInTransactionAspect.invoke(WrapInTransactionAspect.java:41)
	at com.dotmarketing.portlets.templates.business.TemplateAPIImpl.saveTemplate(TemplateAPIImpl.java:421)
	at com.dotcms.datagen.TemplateDataGen.save(TemplateDataGen.java:309)
	at com.dotcms.datagen.TemplateDataGen.persist(TemplateDataGen.java:299)
	... 64 more
</pre>
</span>
</div>
<div class="test">
<a name="shouldRenderTemplateAndContainers page Host: test1615317122526.dotcms.com Template Host: test1615317122526.dotcms.com Container Host: test1615317137446.dotcms.com"></a>
<h3 class="failures">shouldRenderTemplateAndContainers page Host: test1615317122526.dotcms.com Template Host: test1615317122526.dotcms.com Container Host: test1615317137446.dotcms.com</h3>
<span class="code">
<pre>java.lang.RuntimeException: com.dotmarketing.exception.DotDataException: Invalid theme: 6ae2ac34-0410-4f76-a3b3-7a5a1d57104c
	at com.dotcms.datagen.TemplateDataGen.persist(TemplateDataGen.java:304)
	at com.dotcms.datagen.TemplateDataGen.persist(TemplateDataGen.java:34)
	at com.dotcms.datagen.DataGen.nextPersisted(DataGen.java:25)
	at com.dotcms.rendering.velocity.services.HTMLPageAssetRenderedTest.createDrawedTemplate(HTMLPageAssetRenderedTest.java:1421)
	at com.dotcms.rendering.velocity.services.HTMLPageAssetRenderedTest.lambda$fileContainerCases$924078fe$1(HTMLPageAssetRenderedTest.java:1301)
	at com.dotcms.rendering.velocity.services.HTMLPageAssetRenderedTest.shouldRenderTemplateAndContainers(HTMLPageAssetRenderedTest.java:1361)
	at sun.reflect.NativeMethodAccessorImpl.invoke0(Native Method)
	at sun.reflect.NativeMethodAccessorImpl.invoke(NativeMethodAccessorImpl.java:62)
	at sun.reflect.DelegatingMethodAccessorImpl.invoke(DelegatingMethodAccessorImpl.java:43)
	at java.lang.reflect.Method.invoke(Method.java:498)
	at org.junit.runners.model.FrameworkMethod$1.runReflectiveCall(FrameworkMethod.java:50)
	at org.junit.internal.runners.model.ReflectiveCallable.run(ReflectiveCallable.java:12)
	at org.junit.runners.model.FrameworkMethod.invokeExplosively(FrameworkMethod.java:47)
	at com.tngtech.java.junit.dataprovider.DataProviderFrameworkMethod.invokeExplosively(DataProviderFrameworkMethod.java:119)
	at org.junit.internal.runners.statements.InvokeMethod.evaluate(InvokeMethod.java:17)
	at org.junit.rules.TestWatcher$1.evaluate(TestWatcher.java:55)
	at org.junit.rules.RunRules.evaluate(RunRules.java:20)
	at org.junit.runners.ParentRunner.runLeaf(ParentRunner.java:325)
	at com.dotcms.junit.CustomDataProviderRunner.runChild(CustomDataProviderRunner.java:28)
	at com.dotcms.junit.CustomDataProviderRunner.runChild(CustomDataProviderRunner.java:13)
	at org.junit.runners.ParentRunner$3.run(ParentRunner.java:290)
	at org.junit.runners.ParentRunner$1.schedule(ParentRunner.java:71)
	at org.junit.runners.ParentRunner.runChildren(ParentRunner.java:288)
	at org.junit.runners.ParentRunner.access$000(ParentRunner.java:58)
	at org.junit.runners.ParentRunner$2.evaluate(ParentRunner.java:268)
	at org.junit.internal.runners.statements.RunBefores.evaluate(RunBefores.java:26)
	at org.junit.internal.runners.statements.RunAfters.evaluate(RunAfters.java:27)
	at org.junit.runners.ParentRunner.run(ParentRunner.java:363)
	at org.junit.runners.Suite.runChild(Suite.java:128)
	at org.junit.runners.Suite.runChild(Suite.java:27)
	at org.junit.runners.ParentRunner$3.run(ParentRunner.java:290)
	at org.junit.runners.ParentRunner$1.schedule(ParentRunner.java:71)
	at org.junit.runners.ParentRunner.runChildren(ParentRunner.java:288)
	at org.junit.runners.ParentRunner.access$000(ParentRunner.java:58)
	at org.junit.runners.ParentRunner$2.evaluate(ParentRunner.java:268)
	at org.junit.runners.ParentRunner.run(ParentRunner.java:363)
	at org.gradle.api.internal.tasks.testing.junit.JUnitTestClassExecutor.runTestClass(JUnitTestClassExecutor.java:106)
	at org.gradle.api.internal.tasks.testing.junit.JUnitTestClassExecutor.execute(JUnitTestClassExecutor.java:58)
	at org.gradle.api.internal.tasks.testing.junit.JUnitTestClassExecutor.execute(JUnitTestClassExecutor.java:38)
	at org.gradle.api.internal.tasks.testing.junit.AbstractJUnitTestClassProcessor.processTestClass(AbstractJUnitTestClassProcessor.java:66)
	at org.gradle.api.internal.tasks.testing.SuiteTestClassProcessor.processTestClass(SuiteTestClassProcessor.java:51)
	at sun.reflect.NativeMethodAccessorImpl.invoke0(Native Method)
	at sun.reflect.NativeMethodAccessorImpl.invoke(NativeMethodAccessorImpl.java:62)
	at sun.reflect.DelegatingMethodAccessorImpl.invoke(DelegatingMethodAccessorImpl.java:43)
	at java.lang.reflect.Method.invoke(Method.java:498)
	at org.gradle.internal.dispatch.ReflectionDispatch.dispatch(ReflectionDispatch.java:35)
	at org.gradle.internal.dispatch.ReflectionDispatch.dispatch(ReflectionDispatch.java:24)
	at org.gradle.internal.dispatch.ContextClassLoaderDispatch.dispatch(ContextClassLoaderDispatch.java:32)
	at org.gradle.internal.dispatch.ProxyDispatchAdapter$DispatchingInvocationHandler.invoke(ProxyDispatchAdapter.java:93)
	at com.sun.proxy.$Proxy2.processTestClass(Unknown Source)
	at org.gradle.api.internal.tasks.testing.worker.TestWorker.processTestClass(TestWorker.java:117)
	at sun.reflect.NativeMethodAccessorImpl.invoke0(Native Method)
	at sun.reflect.NativeMethodAccessorImpl.invoke(NativeMethodAccessorImpl.java:62)
	at sun.reflect.DelegatingMethodAccessorImpl.invoke(DelegatingMethodAccessorImpl.java:43)
	at java.lang.reflect.Method.invoke(Method.java:498)
	at org.gradle.internal.dispatch.ReflectionDispatch.dispatch(ReflectionDispatch.java:35)
	at org.gradle.internal.dispatch.ReflectionDispatch.dispatch(ReflectionDispatch.java:24)
	at org.gradle.internal.remote.internal.hub.MessageHubBackedObjectConnection$DispatchWrapper.dispatch(MessageHubBackedObjectConnection.java:155)
	at org.gradle.internal.remote.internal.hub.MessageHubBackedObjectConnection$DispatchWrapper.dispatch(MessageHubBackedObjectConnection.java:137)
	at org.gradle.internal.remote.internal.hub.MessageHub$Handler.run(MessageHub.java:404)
	at org.gradle.internal.concurrent.ExecutorPolicy$CatchAndRecordFailures.onExecute(ExecutorPolicy.java:63)
	at org.gradle.internal.concurrent.ManagedExecutorImpl$1.run(ManagedExecutorImpl.java:46)
	at java.util.concurrent.ThreadPoolExecutor.runWorker(ThreadPoolExecutor.java:1149)
	at java.util.concurrent.ThreadPoolExecutor$Worker.run(ThreadPoolExecutor.java:624)
	at org.gradle.internal.concurrent.ThreadFactoryImpl$ManagedThreadRunnable.run(ThreadFactoryImpl.java:55)
	at java.lang.Thread.run(Thread.java:748)
Caused by: com.dotmarketing.exception.DotDataException: Invalid theme: 6ae2ac34-0410-4f76-a3b3-7a5a1d57104c
	at com.dotmarketing.portlets.templates.business.TemplateAPIImpl.saveTemplate_aroundBody24(TemplateAPIImpl.java:470)
	at com.dotmarketing.portlets.templates.business.TemplateAPIImpl$AjcClosure25.run(TemplateAPIImpl.java:1)
	at org.aspectj.runtime.reflect.JoinPointImpl.proceed(JoinPointImpl.java:149)
	at com.dotcms.aspects.aspectj.AspectJDelegateMethodInvocation.proceed(AspectJDelegateMethodInvocation.java:42)
	at com.dotmarketing.db.LocalTransaction.wrapReturnWithListeners(LocalTransaction.java:59)
	at com.dotcms.aspects.interceptors.WrapInTransactionMethodInterceptor.invoke(WrapInTransactionMethodInterceptor.java:23)
	at com.dotcms.aspects.aspectj.WrapInTransactionAspect.invoke(WrapInTransactionAspect.java:41)
	at com.dotmarketing.portlets.templates.business.TemplateAPIImpl.saveTemplate(TemplateAPIImpl.java:421)
	at com.dotcms.datagen.TemplateDataGen.save(TemplateDataGen.java:309)
	at com.dotcms.datagen.TemplateDataGen.persist(TemplateDataGen.java:299)
	... 65 more
</pre>
</span>
</div>
<div class="test">
<a name="shouldRenderTemplateAndContainers page Host: test1615317122526.dotcms.com Template Host: test1615317137446.dotcms.com Container Host: default"></a>
<h3 class="failures">shouldRenderTemplateAndContainers page Host: test1615317122526.dotcms.com Template Host: test1615317137446.dotcms.com Container Host: default</h3>
<span class="code">
<pre>java.lang.RuntimeException: com.dotmarketing.exception.DotDataException: Invalid theme: ea23e497-936d-45dd-a1a7-fcf8e5db34d5
	at com.dotcms.datagen.TemplateDataGen.persist(TemplateDataGen.java:304)
	at com.dotcms.datagen.TemplateDataGen.persist(TemplateDataGen.java:34)
	at com.dotcms.datagen.DataGen.nextPersisted(DataGen.java:25)
	at com.dotcms.rendering.velocity.services.HTMLPageAssetRenderedTest.createDrawedTemplate(HTMLPageAssetRenderedTest.java:1421)
	at com.dotcms.rendering.velocity.services.HTMLPageAssetRenderedTest.lambda$fileContainerCases$924078fe$1(HTMLPageAssetRenderedTest.java:1301)
	at com.dotcms.rendering.velocity.services.HTMLPageAssetRenderedTest.shouldRenderTemplateAndContainers(HTMLPageAssetRenderedTest.java:1361)
	at sun.reflect.NativeMethodAccessorImpl.invoke0(Native Method)
	at sun.reflect.NativeMethodAccessorImpl.invoke(NativeMethodAccessorImpl.java:62)
	at sun.reflect.DelegatingMethodAccessorImpl.invoke(DelegatingMethodAccessorImpl.java:43)
	at java.lang.reflect.Method.invoke(Method.java:498)
	at org.junit.runners.model.FrameworkMethod$1.runReflectiveCall(FrameworkMethod.java:50)
	at org.junit.internal.runners.model.ReflectiveCallable.run(ReflectiveCallable.java:12)
	at org.junit.runners.model.FrameworkMethod.invokeExplosively(FrameworkMethod.java:47)
	at com.tngtech.java.junit.dataprovider.DataProviderFrameworkMethod.invokeExplosively(DataProviderFrameworkMethod.java:119)
	at org.junit.internal.runners.statements.InvokeMethod.evaluate(InvokeMethod.java:17)
	at org.junit.rules.TestWatcher$1.evaluate(TestWatcher.java:55)
	at org.junit.rules.RunRules.evaluate(RunRules.java:20)
	at org.junit.runners.ParentRunner.runLeaf(ParentRunner.java:325)
	at com.dotcms.junit.CustomDataProviderRunner.runChild(CustomDataProviderRunner.java:28)
	at com.dotcms.junit.CustomDataProviderRunner.runChild(CustomDataProviderRunner.java:13)
	at org.junit.runners.ParentRunner$3.run(ParentRunner.java:290)
	at org.junit.runners.ParentRunner$1.schedule(ParentRunner.java:71)
	at org.junit.runners.ParentRunner.runChildren(ParentRunner.java:288)
	at org.junit.runners.ParentRunner.access$000(ParentRunner.java:58)
	at org.junit.runners.ParentRunner$2.evaluate(ParentRunner.java:268)
	at org.junit.internal.runners.statements.RunBefores.evaluate(RunBefores.java:26)
	at org.junit.internal.runners.statements.RunAfters.evaluate(RunAfters.java:27)
	at org.junit.runners.ParentRunner.run(ParentRunner.java:363)
	at org.junit.runners.Suite.runChild(Suite.java:128)
	at org.junit.runners.Suite.runChild(Suite.java:27)
	at org.junit.runners.ParentRunner$3.run(ParentRunner.java:290)
	at org.junit.runners.ParentRunner$1.schedule(ParentRunner.java:71)
	at org.junit.runners.ParentRunner.runChildren(ParentRunner.java:288)
	at org.junit.runners.ParentRunner.access$000(ParentRunner.java:58)
	at org.junit.runners.ParentRunner$2.evaluate(ParentRunner.java:268)
	at org.junit.runners.ParentRunner.run(ParentRunner.java:363)
	at org.gradle.api.internal.tasks.testing.junit.JUnitTestClassExecutor.runTestClass(JUnitTestClassExecutor.java:106)
	at org.gradle.api.internal.tasks.testing.junit.JUnitTestClassExecutor.execute(JUnitTestClassExecutor.java:58)
	at org.gradle.api.internal.tasks.testing.junit.JUnitTestClassExecutor.execute(JUnitTestClassExecutor.java:38)
	at org.gradle.api.internal.tasks.testing.junit.AbstractJUnitTestClassProcessor.processTestClass(AbstractJUnitTestClassProcessor.java:66)
	at org.gradle.api.internal.tasks.testing.SuiteTestClassProcessor.processTestClass(SuiteTestClassProcessor.java:51)
	at sun.reflect.NativeMethodAccessorImpl.invoke0(Native Method)
	at sun.reflect.NativeMethodAccessorImpl.invoke(NativeMethodAccessorImpl.java:62)
	at sun.reflect.DelegatingMethodAccessorImpl.invoke(DelegatingMethodAccessorImpl.java:43)
	at java.lang.reflect.Method.invoke(Method.java:498)
	at org.gradle.internal.dispatch.ReflectionDispatch.dispatch(ReflectionDispatch.java:35)
	at org.gradle.internal.dispatch.ReflectionDispatch.dispatch(ReflectionDispatch.java:24)
	at org.gradle.internal.dispatch.ContextClassLoaderDispatch.dispatch(ContextClassLoaderDispatch.java:32)
	at org.gradle.internal.dispatch.ProxyDispatchAdapter$DispatchingInvocationHandler.invoke(ProxyDispatchAdapter.java:93)
	at com.sun.proxy.$Proxy2.processTestClass(Unknown Source)
	at org.gradle.api.internal.tasks.testing.worker.TestWorker.processTestClass(TestWorker.java:117)
	at sun.reflect.NativeMethodAccessorImpl.invoke0(Native Method)
	at sun.reflect.NativeMethodAccessorImpl.invoke(NativeMethodAccessorImpl.java:62)
	at sun.reflect.DelegatingMethodAccessorImpl.invoke(DelegatingMethodAccessorImpl.java:43)
	at java.lang.reflect.Method.invoke(Method.java:498)
	at org.gradle.internal.dispatch.ReflectionDispatch.dispatch(ReflectionDispatch.java:35)
	at org.gradle.internal.dispatch.ReflectionDispatch.dispatch(ReflectionDispatch.java:24)
	at org.gradle.internal.remote.internal.hub.MessageHubBackedObjectConnection$DispatchWrapper.dispatch(MessageHubBackedObjectConnection.java:155)
	at org.gradle.internal.remote.internal.hub.MessageHubBackedObjectConnection$DispatchWrapper.dispatch(MessageHubBackedObjectConnection.java:137)
	at org.gradle.internal.remote.internal.hub.MessageHub$Handler.run(MessageHub.java:404)
	at org.gradle.internal.concurrent.ExecutorPolicy$CatchAndRecordFailures.onExecute(ExecutorPolicy.java:63)
	at org.gradle.internal.concurrent.ManagedExecutorImpl$1.run(ManagedExecutorImpl.java:46)
	at java.util.concurrent.ThreadPoolExecutor.runWorker(ThreadPoolExecutor.java:1149)
	at java.util.concurrent.ThreadPoolExecutor$Worker.run(ThreadPoolExecutor.java:624)
	at org.gradle.internal.concurrent.ThreadFactoryImpl$ManagedThreadRunnable.run(ThreadFactoryImpl.java:55)
	at java.lang.Thread.run(Thread.java:748)
Caused by: com.dotmarketing.exception.DotDataException: Invalid theme: ea23e497-936d-45dd-a1a7-fcf8e5db34d5
	at com.dotmarketing.portlets.templates.business.TemplateAPIImpl.saveTemplate_aroundBody24(TemplateAPIImpl.java:470)
	at com.dotmarketing.portlets.templates.business.TemplateAPIImpl$AjcClosure25.run(TemplateAPIImpl.java:1)
	at org.aspectj.runtime.reflect.JoinPointImpl.proceed(JoinPointImpl.java:149)
	at com.dotcms.aspects.aspectj.AspectJDelegateMethodInvocation.proceed(AspectJDelegateMethodInvocation.java:42)
	at com.dotmarketing.db.LocalTransaction.wrapReturnWithListeners(LocalTransaction.java:59)
	at com.dotcms.aspects.interceptors.WrapInTransactionMethodInterceptor.invoke(WrapInTransactionMethodInterceptor.java:23)
	at com.dotcms.aspects.aspectj.WrapInTransactionAspect.invoke(WrapInTransactionAspect.java:41)
	at com.dotmarketing.portlets.templates.business.TemplateAPIImpl.saveTemplate(TemplateAPIImpl.java:421)
	at com.dotcms.datagen.TemplateDataGen.save(TemplateDataGen.java:309)
	at com.dotcms.datagen.TemplateDataGen.persist(TemplateDataGen.java:299)
	... 65 more
</pre>
</span>
</div>
<div class="test">
<a name="shouldRenderTemplateAndContainers page Host: test1615317122526.dotcms.com Template Host: test1615317137446.dotcms.com Container Host: default"></a>
<h3 class="failures">shouldRenderTemplateAndContainers page Host: test1615317122526.dotcms.com Template Host: test1615317137446.dotcms.com Container Host: default</h3>
<span class="code">
<pre>java.lang.RuntimeException: com.dotmarketing.exception.DotDataException: Invalid theme: d666ed0b-69cf-4131-bc1f-413d0252927b
	at com.dotcms.datagen.TemplateDataGen.persist(TemplateDataGen.java:304)
	at com.dotcms.datagen.TemplateDataGen.persist(TemplateDataGen.java:34)
	at com.dotcms.datagen.DataGen.nextPersisted(DataGen.java:25)
	at com.dotcms.rendering.velocity.services.HTMLPageAssetRenderedTest.createDrawedTemplate(HTMLPageAssetRenderedTest.java:1421)
	at com.dotcms.rendering.velocity.services.HTMLPageAssetRenderedTest.lambda$fileContainerCases$924078fe$1(HTMLPageAssetRenderedTest.java:1301)
	at com.dotcms.rendering.velocity.services.HTMLPageAssetRenderedTest.shouldRenderTemplateAndContainers(HTMLPageAssetRenderedTest.java:1361)
	at sun.reflect.GeneratedMethodAccessor1232.invoke(Unknown Source)
	at sun.reflect.DelegatingMethodAccessorImpl.invoke(DelegatingMethodAccessorImpl.java:43)
	at java.lang.reflect.Method.invoke(Method.java:498)
	at org.junit.runners.model.FrameworkMethod$1.runReflectiveCall(FrameworkMethod.java:50)
	at org.junit.internal.runners.model.ReflectiveCallable.run(ReflectiveCallable.java:12)
	at org.junit.runners.model.FrameworkMethod.invokeExplosively(FrameworkMethod.java:47)
	at com.tngtech.java.junit.dataprovider.DataProviderFrameworkMethod.invokeExplosively(DataProviderFrameworkMethod.java:119)
	at org.junit.internal.runners.statements.InvokeMethod.evaluate(InvokeMethod.java:17)
	at org.junit.rules.TestWatcher$1.evaluate(TestWatcher.java:55)
	at org.junit.rules.RunRules.evaluate(RunRules.java:20)
	at org.junit.runners.ParentRunner.runLeaf(ParentRunner.java:325)
	at com.dotcms.junit.CustomDataProviderRunner.runChild(CustomDataProviderRunner.java:28)
	at com.dotcms.junit.CustomDataProviderRunner.runChild(CustomDataProviderRunner.java:13)
	at org.junit.runners.ParentRunner$3.run(ParentRunner.java:290)
	at org.junit.runners.ParentRunner$1.schedule(ParentRunner.java:71)
	at org.junit.runners.ParentRunner.runChildren(ParentRunner.java:288)
	at org.junit.runners.ParentRunner.access$000(ParentRunner.java:58)
	at org.junit.runners.ParentRunner$2.evaluate(ParentRunner.java:268)
	at org.junit.internal.runners.statements.RunBefores.evaluate(RunBefores.java:26)
	at org.junit.internal.runners.statements.RunAfters.evaluate(RunAfters.java:27)
	at org.junit.runners.ParentRunner.run(ParentRunner.java:363)
	at org.junit.runners.Suite.runChild(Suite.java:128)
	at org.junit.runners.Suite.runChild(Suite.java:27)
	at org.junit.runners.ParentRunner$3.run(ParentRunner.java:290)
	at org.junit.runners.ParentRunner$1.schedule(ParentRunner.java:71)
	at org.junit.runners.ParentRunner.runChildren(ParentRunner.java:288)
	at org.junit.runners.ParentRunner.access$000(ParentRunner.java:58)
	at org.junit.runners.ParentRunner$2.evaluate(ParentRunner.java:268)
	at org.junit.runners.ParentRunner.run(ParentRunner.java:363)
	at org.gradle.api.internal.tasks.testing.junit.JUnitTestClassExecutor.runTestClass(JUnitTestClassExecutor.java:106)
	at org.gradle.api.internal.tasks.testing.junit.JUnitTestClassExecutor.execute(JUnitTestClassExecutor.java:58)
	at org.gradle.api.internal.tasks.testing.junit.JUnitTestClassExecutor.execute(JUnitTestClassExecutor.java:38)
	at org.gradle.api.internal.tasks.testing.junit.AbstractJUnitTestClassProcessor.processTestClass(AbstractJUnitTestClassProcessor.java:66)
	at org.gradle.api.internal.tasks.testing.SuiteTestClassProcessor.processTestClass(SuiteTestClassProcessor.java:51)
	at sun.reflect.NativeMethodAccessorImpl.invoke0(Native Method)
	at sun.reflect.NativeMethodAccessorImpl.invoke(NativeMethodAccessorImpl.java:62)
	at sun.reflect.DelegatingMethodAccessorImpl.invoke(DelegatingMethodAccessorImpl.java:43)
	at java.lang.reflect.Method.invoke(Method.java:498)
	at org.gradle.internal.dispatch.ReflectionDispatch.dispatch(ReflectionDispatch.java:35)
	at org.gradle.internal.dispatch.ReflectionDispatch.dispatch(ReflectionDispatch.java:24)
	at org.gradle.internal.dispatch.ContextClassLoaderDispatch.dispatch(ContextClassLoaderDispatch.java:32)
	at org.gradle.internal.dispatch.ProxyDispatchAdapter$DispatchingInvocationHandler.invoke(ProxyDispatchAdapter.java:93)
	at com.sun.proxy.$Proxy2.processTestClass(Unknown Source)
	at org.gradle.api.internal.tasks.testing.worker.TestWorker.processTestClass(TestWorker.java:117)
	at sun.reflect.NativeMethodAccessorImpl.invoke0(Native Method)
	at sun.reflect.NativeMethodAccessorImpl.invoke(NativeMethodAccessorImpl.java:62)
	at sun.reflect.DelegatingMethodAccessorImpl.invoke(DelegatingMethodAccessorImpl.java:43)
	at java.lang.reflect.Method.invoke(Method.java:498)
	at org.gradle.internal.dispatch.ReflectionDispatch.dispatch(ReflectionDispatch.java:35)
	at org.gradle.internal.dispatch.ReflectionDispatch.dispatch(ReflectionDispatch.java:24)
	at org.gradle.internal.remote.internal.hub.MessageHubBackedObjectConnection$DispatchWrapper.dispatch(MessageHubBackedObjectConnection.java:155)
	at org.gradle.internal.remote.internal.hub.MessageHubBackedObjectConnection$DispatchWrapper.dispatch(MessageHubBackedObjectConnection.java:137)
	at org.gradle.internal.remote.internal.hub.MessageHub$Handler.run(MessageHub.java:404)
	at org.gradle.internal.concurrent.ExecutorPolicy$CatchAndRecordFailures.onExecute(ExecutorPolicy.java:63)
	at org.gradle.internal.concurrent.ManagedExecutorImpl$1.run(ManagedExecutorImpl.java:46)
	at java.util.concurrent.ThreadPoolExecutor.runWorker(ThreadPoolExecutor.java:1149)
	at java.util.concurrent.ThreadPoolExecutor$Worker.run(ThreadPoolExecutor.java:624)
	at org.gradle.internal.concurrent.ThreadFactoryImpl$ManagedThreadRunnable.run(ThreadFactoryImpl.java:55)
	at java.lang.Thread.run(Thread.java:748)
Caused by: com.dotmarketing.exception.DotDataException: Invalid theme: d666ed0b-69cf-4131-bc1f-413d0252927b
	at com.dotmarketing.portlets.templates.business.TemplateAPIImpl.saveTemplate_aroundBody24(TemplateAPIImpl.java:470)
	at com.dotmarketing.portlets.templates.business.TemplateAPIImpl$AjcClosure25.run(TemplateAPIImpl.java:1)
	at org.aspectj.runtime.reflect.JoinPointImpl.proceed(JoinPointImpl.java:149)
	at com.dotcms.aspects.aspectj.AspectJDelegateMethodInvocation.proceed(AspectJDelegateMethodInvocation.java:42)
	at com.dotmarketing.db.LocalTransaction.wrapReturnWithListeners(LocalTransaction.java:59)
	at com.dotcms.aspects.interceptors.WrapInTransactionMethodInterceptor.invoke(WrapInTransactionMethodInterceptor.java:23)
	at com.dotcms.aspects.aspectj.WrapInTransactionAspect.invoke(WrapInTransactionAspect.java:41)
	at com.dotmarketing.portlets.templates.business.TemplateAPIImpl.saveTemplate(TemplateAPIImpl.java:421)
	at com.dotcms.datagen.TemplateDataGen.save(TemplateDataGen.java:309)
	at com.dotcms.datagen.TemplateDataGen.persist(TemplateDataGen.java:299)
	... 64 more
</pre>
</span>
</div>
<div class="test">
<a name="shouldRenderTemplateAndContainers page Host: test1615317122526.dotcms.com Template Host: test1615317137446.dotcms.com Container Host: test1615317137446.dotcms.com"></a>
<h3 class="failures">shouldRenderTemplateAndContainers page Host: test1615317122526.dotcms.com Template Host: test1615317137446.dotcms.com Container Host: test1615317137446.dotcms.com</h3>
<span class="code">
<pre>java.lang.RuntimeException: com.dotmarketing.exception.DotDataException: Invalid theme: 79801114-1d33-47d2-a669-31732ae3eec4
	at com.dotcms.datagen.TemplateDataGen.persist(TemplateDataGen.java:304)
	at com.dotcms.datagen.TemplateDataGen.persist(TemplateDataGen.java:34)
	at com.dotcms.datagen.DataGen.nextPersisted(DataGen.java:25)
	at com.dotcms.rendering.velocity.services.HTMLPageAssetRenderedTest.createDrawedTemplate(HTMLPageAssetRenderedTest.java:1421)
	at com.dotcms.rendering.velocity.services.HTMLPageAssetRenderedTest.lambda$fileContainerCases$924078fe$1(HTMLPageAssetRenderedTest.java:1301)
	at com.dotcms.rendering.velocity.services.HTMLPageAssetRenderedTest.shouldRenderTemplateAndContainers(HTMLPageAssetRenderedTest.java:1361)
	at sun.reflect.GeneratedMethodAccessor1232.invoke(Unknown Source)
	at sun.reflect.DelegatingMethodAccessorImpl.invoke(DelegatingMethodAccessorImpl.java:43)
	at java.lang.reflect.Method.invoke(Method.java:498)
	at org.junit.runners.model.FrameworkMethod$1.runReflectiveCall(FrameworkMethod.java:50)
	at org.junit.internal.runners.model.ReflectiveCallable.run(ReflectiveCallable.java:12)
	at org.junit.runners.model.FrameworkMethod.invokeExplosively(FrameworkMethod.java:47)
	at com.tngtech.java.junit.dataprovider.DataProviderFrameworkMethod.invokeExplosively(DataProviderFrameworkMethod.java:119)
	at org.junit.internal.runners.statements.InvokeMethod.evaluate(InvokeMethod.java:17)
	at org.junit.rules.TestWatcher$1.evaluate(TestWatcher.java:55)
	at org.junit.rules.RunRules.evaluate(RunRules.java:20)
	at org.junit.runners.ParentRunner.runLeaf(ParentRunner.java:325)
	at com.dotcms.junit.CustomDataProviderRunner.runChild(CustomDataProviderRunner.java:28)
	at com.dotcms.junit.CustomDataProviderRunner.runChild(CustomDataProviderRunner.java:13)
	at org.junit.runners.ParentRunner$3.run(ParentRunner.java:290)
	at org.junit.runners.ParentRunner$1.schedule(ParentRunner.java:71)
	at org.junit.runners.ParentRunner.runChildren(ParentRunner.java:288)
	at org.junit.runners.ParentRunner.access$000(ParentRunner.java:58)
	at org.junit.runners.ParentRunner$2.evaluate(ParentRunner.java:268)
	at org.junit.internal.runners.statements.RunBefores.evaluate(RunBefores.java:26)
	at org.junit.internal.runners.statements.RunAfters.evaluate(RunAfters.java:27)
	at org.junit.runners.ParentRunner.run(ParentRunner.java:363)
	at org.junit.runners.Suite.runChild(Suite.java:128)
	at org.junit.runners.Suite.runChild(Suite.java:27)
	at org.junit.runners.ParentRunner$3.run(ParentRunner.java:290)
	at org.junit.runners.ParentRunner$1.schedule(ParentRunner.java:71)
	at org.junit.runners.ParentRunner.runChildren(ParentRunner.java:288)
	at org.junit.runners.ParentRunner.access$000(ParentRunner.java:58)
	at org.junit.runners.ParentRunner$2.evaluate(ParentRunner.java:268)
	at org.junit.runners.ParentRunner.run(ParentRunner.java:363)
	at org.gradle.api.internal.tasks.testing.junit.JUnitTestClassExecutor.runTestClass(JUnitTestClassExecutor.java:106)
	at org.gradle.api.internal.tasks.testing.junit.JUnitTestClassExecutor.execute(JUnitTestClassExecutor.java:58)
	at org.gradle.api.internal.tasks.testing.junit.JUnitTestClassExecutor.execute(JUnitTestClassExecutor.java:38)
	at org.gradle.api.internal.tasks.testing.junit.AbstractJUnitTestClassProcessor.processTestClass(AbstractJUnitTestClassProcessor.java:66)
	at org.gradle.api.internal.tasks.testing.SuiteTestClassProcessor.processTestClass(SuiteTestClassProcessor.java:51)
	at sun.reflect.NativeMethodAccessorImpl.invoke0(Native Method)
	at sun.reflect.NativeMethodAccessorImpl.invoke(NativeMethodAccessorImpl.java:62)
	at sun.reflect.DelegatingMethodAccessorImpl.invoke(DelegatingMethodAccessorImpl.java:43)
	at java.lang.reflect.Method.invoke(Method.java:498)
	at org.gradle.internal.dispatch.ReflectionDispatch.dispatch(ReflectionDispatch.java:35)
	at org.gradle.internal.dispatch.ReflectionDispatch.dispatch(ReflectionDispatch.java:24)
	at org.gradle.internal.dispatch.ContextClassLoaderDispatch.dispatch(ContextClassLoaderDispatch.java:32)
	at org.gradle.internal.dispatch.ProxyDispatchAdapter$DispatchingInvocationHandler.invoke(ProxyDispatchAdapter.java:93)
	at com.sun.proxy.$Proxy2.processTestClass(Unknown Source)
	at org.gradle.api.internal.tasks.testing.worker.TestWorker.processTestClass(TestWorker.java:117)
	at sun.reflect.NativeMethodAccessorImpl.invoke0(Native Method)
	at sun.reflect.NativeMethodAccessorImpl.invoke(NativeMethodAccessorImpl.java:62)
	at sun.reflect.DelegatingMethodAccessorImpl.invoke(DelegatingMethodAccessorImpl.java:43)
	at java.lang.reflect.Method.invoke(Method.java:498)
	at org.gradle.internal.dispatch.ReflectionDispatch.dispatch(ReflectionDispatch.java:35)
	at org.gradle.internal.dispatch.ReflectionDispatch.dispatch(ReflectionDispatch.java:24)
	at org.gradle.internal.remote.internal.hub.MessageHubBackedObjectConnection$DispatchWrapper.dispatch(MessageHubBackedObjectConnection.java:155)
	at org.gradle.internal.remote.internal.hub.MessageHubBackedObjectConnection$DispatchWrapper.dispatch(MessageHubBackedObjectConnection.java:137)
	at org.gradle.internal.remote.internal.hub.MessageHub$Handler.run(MessageHub.java:404)
	at org.gradle.internal.concurrent.ExecutorPolicy$CatchAndRecordFailures.onExecute(ExecutorPolicy.java:63)
	at org.gradle.internal.concurrent.ManagedExecutorImpl$1.run(ManagedExecutorImpl.java:46)
	at java.util.concurrent.ThreadPoolExecutor.runWorker(ThreadPoolExecutor.java:1149)
	at java.util.concurrent.ThreadPoolExecutor$Worker.run(ThreadPoolExecutor.java:624)
	at org.gradle.internal.concurrent.ThreadFactoryImpl$ManagedThreadRunnable.run(ThreadFactoryImpl.java:55)
	at java.lang.Thread.run(Thread.java:748)
Caused by: com.dotmarketing.exception.DotDataException: Invalid theme: 79801114-1d33-47d2-a669-31732ae3eec4
	at com.dotmarketing.portlets.templates.business.TemplateAPIImpl.saveTemplate_aroundBody24(TemplateAPIImpl.java:470)
	at com.dotmarketing.portlets.templates.business.TemplateAPIImpl$AjcClosure25.run(TemplateAPIImpl.java:1)
	at org.aspectj.runtime.reflect.JoinPointImpl.proceed(JoinPointImpl.java:149)
	at com.dotcms.aspects.aspectj.AspectJDelegateMethodInvocation.proceed(AspectJDelegateMethodInvocation.java:42)
	at com.dotmarketing.db.LocalTransaction.wrapReturnWithListeners(LocalTransaction.java:59)
	at com.dotcms.aspects.interceptors.WrapInTransactionMethodInterceptor.invoke(WrapInTransactionMethodInterceptor.java:23)
	at com.dotcms.aspects.aspectj.WrapInTransactionAspect.invoke(WrapInTransactionAspect.java:41)
	at com.dotmarketing.portlets.templates.business.TemplateAPIImpl.saveTemplate(TemplateAPIImpl.java:421)
	at com.dotcms.datagen.TemplateDataGen.save(TemplateDataGen.java:309)
	at com.dotcms.datagen.TemplateDataGen.persist(TemplateDataGen.java:299)
	... 64 more
</pre>
</span>
</div>
<div class="test">
<a name="shouldRenderTemplateAndContainers page Host: test1615317122526.dotcms.com Template Host: test1615317137446.dotcms.com Container Host: test1615317137446.dotcms.com"></a>
<h3 class="failures">shouldRenderTemplateAndContainers page Host: test1615317122526.dotcms.com Template Host: test1615317137446.dotcms.com Container Host: test1615317137446.dotcms.com</h3>
<span class="code">
<pre>java.lang.RuntimeException: com.dotmarketing.exception.DotDataException: Invalid theme: 672754e6-0270-4200-93e9-e90a605fb2e3
	at com.dotcms.datagen.TemplateDataGen.persist(TemplateDataGen.java:304)
	at com.dotcms.datagen.TemplateDataGen.persist(TemplateDataGen.java:34)
	at com.dotcms.datagen.DataGen.nextPersisted(DataGen.java:25)
	at com.dotcms.rendering.velocity.services.HTMLPageAssetRenderedTest.createDrawedTemplate(HTMLPageAssetRenderedTest.java:1421)
	at com.dotcms.rendering.velocity.services.HTMLPageAssetRenderedTest.lambda$fileContainerCases$924078fe$1(HTMLPageAssetRenderedTest.java:1301)
	at com.dotcms.rendering.velocity.services.HTMLPageAssetRenderedTest.shouldRenderTemplateAndContainers(HTMLPageAssetRenderedTest.java:1361)
	at sun.reflect.NativeMethodAccessorImpl.invoke0(Native Method)
	at sun.reflect.NativeMethodAccessorImpl.invoke(NativeMethodAccessorImpl.java:62)
	at sun.reflect.DelegatingMethodAccessorImpl.invoke(DelegatingMethodAccessorImpl.java:43)
	at java.lang.reflect.Method.invoke(Method.java:498)
	at org.junit.runners.model.FrameworkMethod$1.runReflectiveCall(FrameworkMethod.java:50)
	at org.junit.internal.runners.model.ReflectiveCallable.run(ReflectiveCallable.java:12)
	at org.junit.runners.model.FrameworkMethod.invokeExplosively(FrameworkMethod.java:47)
	at com.tngtech.java.junit.dataprovider.DataProviderFrameworkMethod.invokeExplosively(DataProviderFrameworkMethod.java:119)
	at org.junit.internal.runners.statements.InvokeMethod.evaluate(InvokeMethod.java:17)
	at org.junit.rules.TestWatcher$1.evaluate(TestWatcher.java:55)
	at org.junit.rules.RunRules.evaluate(RunRules.java:20)
	at org.junit.runners.ParentRunner.runLeaf(ParentRunner.java:325)
	at com.dotcms.junit.CustomDataProviderRunner.runChild(CustomDataProviderRunner.java:28)
	at com.dotcms.junit.CustomDataProviderRunner.runChild(CustomDataProviderRunner.java:13)
	at org.junit.runners.ParentRunner$3.run(ParentRunner.java:290)
	at org.junit.runners.ParentRunner$1.schedule(ParentRunner.java:71)
	at org.junit.runners.ParentRunner.runChildren(ParentRunner.java:288)
	at org.junit.runners.ParentRunner.access$000(ParentRunner.java:58)
	at org.junit.runners.ParentRunner$2.evaluate(ParentRunner.java:268)
	at org.junit.internal.runners.statements.RunBefores.evaluate(RunBefores.java:26)
	at org.junit.internal.runners.statements.RunAfters.evaluate(RunAfters.java:27)
	at org.junit.runners.ParentRunner.run(ParentRunner.java:363)
	at org.junit.runners.Suite.runChild(Suite.java:128)
	at org.junit.runners.Suite.runChild(Suite.java:27)
	at org.junit.runners.ParentRunner$3.run(ParentRunner.java:290)
	at org.junit.runners.ParentRunner$1.schedule(ParentRunner.java:71)
	at org.junit.runners.ParentRunner.runChildren(ParentRunner.java:288)
	at org.junit.runners.ParentRunner.access$000(ParentRunner.java:58)
	at org.junit.runners.ParentRunner$2.evaluate(ParentRunner.java:268)
	at org.junit.runners.ParentRunner.run(ParentRunner.java:363)
	at org.gradle.api.internal.tasks.testing.junit.JUnitTestClassExecutor.runTestClass(JUnitTestClassExecutor.java:106)
	at org.gradle.api.internal.tasks.testing.junit.JUnitTestClassExecutor.execute(JUnitTestClassExecutor.java:58)
	at org.gradle.api.internal.tasks.testing.junit.JUnitTestClassExecutor.execute(JUnitTestClassExecutor.java:38)
	at org.gradle.api.internal.tasks.testing.junit.AbstractJUnitTestClassProcessor.processTestClass(AbstractJUnitTestClassProcessor.java:66)
	at org.gradle.api.internal.tasks.testing.SuiteTestClassProcessor.processTestClass(SuiteTestClassProcessor.java:51)
	at sun.reflect.NativeMethodAccessorImpl.invoke0(Native Method)
	at sun.reflect.NativeMethodAccessorImpl.invoke(NativeMethodAccessorImpl.java:62)
	at sun.reflect.DelegatingMethodAccessorImpl.invoke(DelegatingMethodAccessorImpl.java:43)
	at java.lang.reflect.Method.invoke(Method.java:498)
	at org.gradle.internal.dispatch.ReflectionDispatch.dispatch(ReflectionDispatch.java:35)
	at org.gradle.internal.dispatch.ReflectionDispatch.dispatch(ReflectionDispatch.java:24)
	at org.gradle.internal.dispatch.ContextClassLoaderDispatch.dispatch(ContextClassLoaderDispatch.java:32)
	at org.gradle.internal.dispatch.ProxyDispatchAdapter$DispatchingInvocationHandler.invoke(ProxyDispatchAdapter.java:93)
	at com.sun.proxy.$Proxy2.processTestClass(Unknown Source)
	at org.gradle.api.internal.tasks.testing.worker.TestWorker.processTestClass(TestWorker.java:117)
	at sun.reflect.NativeMethodAccessorImpl.invoke0(Native Method)
	at sun.reflect.NativeMethodAccessorImpl.invoke(NativeMethodAccessorImpl.java:62)
	at sun.reflect.DelegatingMethodAccessorImpl.invoke(DelegatingMethodAccessorImpl.java:43)
	at java.lang.reflect.Method.invoke(Method.java:498)
	at org.gradle.internal.dispatch.ReflectionDispatch.dispatch(ReflectionDispatch.java:35)
	at org.gradle.internal.dispatch.ReflectionDispatch.dispatch(ReflectionDispatch.java:24)
	at org.gradle.internal.remote.internal.hub.MessageHubBackedObjectConnection$DispatchWrapper.dispatch(MessageHubBackedObjectConnection.java:155)
	at org.gradle.internal.remote.internal.hub.MessageHubBackedObjectConnection$DispatchWrapper.dispatch(MessageHubBackedObjectConnection.java:137)
	at org.gradle.internal.remote.internal.hub.MessageHub$Handler.run(MessageHub.java:404)
	at org.gradle.internal.concurrent.ExecutorPolicy$CatchAndRecordFailures.onExecute(ExecutorPolicy.java:63)
	at org.gradle.internal.concurrent.ManagedExecutorImpl$1.run(ManagedExecutorImpl.java:46)
	at java.util.concurrent.ThreadPoolExecutor.runWorker(ThreadPoolExecutor.java:1149)
	at java.util.concurrent.ThreadPoolExecutor$Worker.run(ThreadPoolExecutor.java:624)
	at org.gradle.internal.concurrent.ThreadFactoryImpl$ManagedThreadRunnable.run(ThreadFactoryImpl.java:55)
	at java.lang.Thread.run(Thread.java:748)
Caused by: com.dotmarketing.exception.DotDataException: Invalid theme: 672754e6-0270-4200-93e9-e90a605fb2e3
	at com.dotmarketing.portlets.templates.business.TemplateAPIImpl.saveTemplate_aroundBody24(TemplateAPIImpl.java:470)
	at com.dotmarketing.portlets.templates.business.TemplateAPIImpl$AjcClosure25.run(TemplateAPIImpl.java:1)
	at org.aspectj.runtime.reflect.JoinPointImpl.proceed(JoinPointImpl.java:149)
	at com.dotcms.aspects.aspectj.AspectJDelegateMethodInvocation.proceed(AspectJDelegateMethodInvocation.java:42)
	at com.dotmarketing.db.LocalTransaction.wrapReturnWithListeners(LocalTransaction.java:59)
	at com.dotcms.aspects.interceptors.WrapInTransactionMethodInterceptor.invoke(WrapInTransactionMethodInterceptor.java:23)
	at com.dotcms.aspects.aspectj.WrapInTransactionAspect.invoke(WrapInTransactionAspect.java:41)
	at com.dotmarketing.portlets.templates.business.TemplateAPIImpl.saveTemplate(TemplateAPIImpl.java:421)
	at com.dotcms.datagen.TemplateDataGen.save(TemplateDataGen.java:309)
	at com.dotcms.datagen.TemplateDataGen.persist(TemplateDataGen.java:299)
	... 65 more
</pre>
</span>
</div>
</div>
<div id="tab1" class="tab">
<h2>Tests</h2>
<table>
<thead>
<tr>
<th>Test</th>
<th>Duration</th>
<th>Result</th>
</tr>
</thead>
<tr>
<td class="success">ContentFallbackFalse_PageFallbackFalse_PageEnglishAndSpanish_ViewEnglishContent1And2_ViewSpanishContent2And3[0: com.dotmarketing.portlets.containers.model.Container@46738296[code=&lt;null&gt;,maxContentlets=5,useDiv=false,sortContentletsBy=&lt;null&gt;,preLoop=&lt;null&gt;,postLoop=&lt;null&gt;,staticify=false,luceneQuery=&lt;null&gt;,notes=&lt;null&gt;,source=DB,title=containerHTMLPageRenderedTest1615317134242,friendlyName=containerHTMLPageRenderedTest1615317134242,modDate=Tue Mar 09 19:12:14 GMT 2021,modUser=system,sortOrder=0,showOnMenu=false,iDate=Tue Mar 09 19:12:14 GMT 2021,type=containers,owner=system,inode=17f827bd-7b2a-4600-ab94-b089cd711ebf,identifier=1b741f88-2bac-4714-b248-ce5d9b6e259e], com.dotmarketing.portlets.templates.model.Template@c89f2e2c]</td>
<td class="success">5.205s</td>
<td class="success">passed</td>
</tr>
<tr>
<td class="success">ContentFallbackFalse_PageFallbackFalse_PageEnglishAndSpanish_ViewEnglishContent1And2_ViewSpanishContent2And3[1: com.dotmarketing.portlets.containers.model.FileAssetContainer@3b241702[languageId=1,host=test1615317122526.dotcms.com,path=/application/containers/containerHTMLPageRenderedTest1615317134437/,code=&lt;null&gt;,maxContentlets=25,useDiv=false,sortContentletsBy=&lt;null&gt;,preLoop=&lt;null&gt;,postLoop=&lt;null&gt;,staticify=false,luceneQuery=&lt;null&gt;,notes=Medium Column:Blog,Events,Generic,Location,Media,News,Documents,Products,source=FILE,title=Test Container,friendlyName=container6802907481658521822,modDate=Tue Mar 09 19:12:14 GMT 2021,modUser=system,sortOrder=0,showOnMenu=false,iDate=Tue Mar 09 19:12:14 GMT 2021,type=containers,owner=system,inode=20e4a109-af15-49cd-8242-e5ae85e5349b,identifier=fc4651ad-ed08-4028-a9d3-158a1d31e16b], com.dotmarketing.portlets.templates.model.Template@39b5814e]</td>
<td class="success">5.169s</td>
<td class="success">passed</td>
</tr>
<tr>
<td class="success">ContentFallbackFalse_PageFallbackTrue_PageEnglishAndSpanish_ViewEnglishContent1And2_ViewSpanishContent2And3[0: com.dotmarketing.portlets.containers.model.Container@46738296[code=&lt;null&gt;,maxContentlets=5,useDiv=false,sortContentletsBy=&lt;null&gt;,preLoop=&lt;null&gt;,postLoop=&lt;null&gt;,staticify=false,luceneQuery=&lt;null&gt;,notes=&lt;null&gt;,source=DB,title=containerHTMLPageRenderedTest1615317134242,friendlyName=containerHTMLPageRenderedTest1615317134242,modDate=Tue Mar 09 19:12:14 GMT 2021,modUser=system,sortOrder=0,showOnMenu=false,iDate=Tue Mar 09 19:12:14 GMT 2021,type=containers,owner=system,inode=17f827bd-7b2a-4600-ab94-b089cd711ebf,identifier=1b741f88-2bac-4714-b248-ce5d9b6e259e], com.dotmarketing.portlets.templates.model.Template@c89f2e2c]</td>
<td class="success">4.930s</td>
<td class="success">passed</td>
</tr>
<tr>
<td class="success">ContentFallbackFalse_PageFallbackTrue_PageEnglishAndSpanish_ViewEnglishContent1And2_ViewSpanishContent2And3[1: com.dotmarketing.portlets.containers.model.FileAssetContainer@3b241702[languageId=1,host=test1615317122526.dotcms.com,path=/application/containers/containerHTMLPageRenderedTest1615317134437/,code=&lt;null&gt;,maxContentlets=25,useDiv=false,sortContentletsBy=&lt;null&gt;,preLoop=&lt;null&gt;,postLoop=&lt;null&gt;,staticify=false,luceneQuery=&lt;null&gt;,notes=Medium Column:Blog,Events,Generic,Location,Media,News,Documents,Products,source=FILE,title=Test Container,friendlyName=container6802907481658521822,modDate=Tue Mar 09 19:12:14 GMT 2021,modUser=system,sortOrder=0,showOnMenu=false,iDate=Tue Mar 09 19:12:14 GMT 2021,type=containers,owner=system,inode=20e4a109-af15-49cd-8242-e5ae85e5349b,identifier=fc4651ad-ed08-4028-a9d3-158a1d31e16b], com.dotmarketing.portlets.templates.model.Template@39b5814e]</td>
<td class="success">5.204s</td>
<td class="success">passed</td>
</tr>
<tr>
<td class="success">ContentFallbackFalse_PageFallbackTrue_PageEnglish_ViewEnglishContent1And2_ViewSpanishContent2And3[0: com.dotmarketing.portlets.containers.model.Container@46738296[code=&lt;null&gt;,maxContentlets=5,useDiv=false,sortContentletsBy=&lt;null&gt;,preLoop=&lt;null&gt;,postLoop=&lt;null&gt;,staticify=false,luceneQuery=&lt;null&gt;,notes=&lt;null&gt;,source=DB,title=containerHTMLPageRenderedTest1615317134242,friendlyName=containerHTMLPageRenderedTest1615317134242,modDate=Tue Mar 09 19:12:14 GMT 2021,modUser=system,sortOrder=0,showOnMenu=false,iDate=Tue Mar 09 19:12:14 GMT 2021,type=containers,owner=system,inode=17f827bd-7b2a-4600-ab94-b089cd711ebf,identifier=1b741f88-2bac-4714-b248-ce5d9b6e259e], com.dotmarketing.portlets.templates.model.Template@c89f2e2c]</td>
<td class="success">2.048s</td>
<td class="success">passed</td>
</tr>
<tr>
<td class="success">ContentFallbackFalse_PageFallbackTrue_PageEnglish_ViewEnglishContent1And2_ViewSpanishContent2And3[1: com.dotmarketing.portlets.containers.model.FileAssetContainer@3b241702[languageId=1,host=test1615317122526.dotcms.com,path=/application/containers/containerHTMLPageRenderedTest1615317134437/,code=&lt;null&gt;,maxContentlets=25,useDiv=false,sortContentletsBy=&lt;null&gt;,preLoop=&lt;null&gt;,postLoop=&lt;null&gt;,staticify=false,luceneQuery=&lt;null&gt;,notes=Medium Column:Blog,Events,Generic,Location,Media,News,Documents,Products,source=FILE,title=Test Container,friendlyName=container6802907481658521822,modDate=Tue Mar 09 19:12:14 GMT 2021,modUser=system,sortOrder=0,showOnMenu=false,iDate=Tue Mar 09 19:12:14 GMT 2021,type=containers,owner=system,inode=20e4a109-af15-49cd-8242-e5ae85e5349b,identifier=fc4651ad-ed08-4028-a9d3-158a1d31e16b], com.dotmarketing.portlets.templates.model.Template@39b5814e]</td>
<td class="success">2.066s</td>
<td class="success">passed</td>
</tr>
<tr>
<td class="success">ContentFallbackTrue_PageFallbackTrue_PageEnglishAndSpanish_ViewEnglishContent1And2_ViewSpanishContent1And2And3[0: com.dotmarketing.portlets.containers.model.Container@46738296[code=&lt;null&gt;,maxContentlets=5,useDiv=false,sortContentletsBy=&lt;null&gt;,preLoop=&lt;null&gt;,postLoop=&lt;null&gt;,staticify=false,luceneQuery=&lt;null&gt;,notes=&lt;null&gt;,source=DB,title=containerHTMLPageRenderedTest1615317134242,friendlyName=containerHTMLPageRenderedTest1615317134242,modDate=Tue Mar 09 19:12:14 GMT 2021,modUser=system,sortOrder=0,showOnMenu=false,iDate=Tue Mar 09 19:12:14 GMT 2021,type=containers,owner=system,inode=17f827bd-7b2a-4600-ab94-b089cd711ebf,identifier=1b741f88-2bac-4714-b248-ce5d9b6e259e], com.dotmarketing.portlets.templates.model.Template@c89f2e2c]</td>
<td class="success">5.248s</td>
<td class="success">passed</td>
</tr>
<tr>
<td class="success">ContentFallbackTrue_PageFallbackTrue_PageEnglishAndSpanish_ViewEnglishContent1And2_ViewSpanishContent1And2And3[1: com.dotmarketing.portlets.containers.model.FileAssetContainer@3b241702[languageId=1,host=test1615317122526.dotcms.com,path=/application/containers/containerHTMLPageRenderedTest1615317134437/,code=&lt;null&gt;,maxContentlets=25,useDiv=false,sortContentletsBy=&lt;null&gt;,preLoop=&lt;null&gt;,postLoop=&lt;null&gt;,staticify=false,luceneQuery=&lt;null&gt;,notes=Medium Column:Blog,Events,Generic,Location,Media,News,Documents,Products,source=FILE,title=Test Container,friendlyName=container6802907481658521822,modDate=Tue Mar 09 19:12:14 GMT 2021,modUser=system,sortOrder=0,showOnMenu=false,iDate=Tue Mar 09 19:12:14 GMT 2021,type=containers,owner=system,inode=20e4a109-af15-49cd-8242-e5ae85e5349b,identifier=fc4651ad-ed08-4028-a9d3-158a1d31e16b], com.dotmarketing.portlets.templates.model.Template@39b5814e]</td>
<td class="success">5.145s</td>
<td class="success">passed</td>
</tr>
<tr>
<td class="success">constantField_notUpdatedCache_whenChanged[0: com.dotmarketing.portlets.containers.model.Container@46738296[code=&lt;null&gt;,maxContentlets=5,useDiv=false,sortContentletsBy=&lt;null&gt;,preLoop=&lt;null&gt;,postLoop=&lt;null&gt;,staticify=false,luceneQuery=&lt;null&gt;,notes=&lt;null&gt;,source=DB,title=containerHTMLPageRenderedTest1615317134242,friendlyName=containerHTMLPageRenderedTest1615317134242,modDate=Tue Mar 09 19:12:14 GMT 2021,modUser=system,sortOrder=0,showOnMenu=false,iDate=Tue Mar 09 19:12:14 GMT 2021,type=containers,owner=system,inode=17f827bd-7b2a-4600-ab94-b089cd711ebf,identifier=1b741f88-2bac-4714-b248-ce5d9b6e259e], com.dotmarketing.portlets.templates.model.Template@c89f2e2c]</td>
<td class="success">4.441s</td>
<td class="success">passed</td>
</tr>
<tr>
<td class="success">constantField_notUpdatedCache_whenChanged[1: com.dotmarketing.portlets.containers.model.FileAssetContainer@3b241702[languageId=1,host=test1615317122526.dotcms.com,path=/application/containers/containerHTMLPageRenderedTest1615317134437/,code=&lt;null&gt;,maxContentlets=25,useDiv=false,sortContentletsBy=&lt;null&gt;,preLoop=&lt;null&gt;,postLoop=&lt;null&gt;,staticify=false,luceneQuery=&lt;null&gt;,notes=Medium Column:Blog,Events,Generic,Location,Media,News,Documents,Products,source=FILE,title=Test Container,friendlyName=container6802907481658521822,modDate=Tue Mar 09 19:12:14 GMT 2021,modUser=system,sortOrder=0,showOnMenu=false,iDate=Tue Mar 09 19:12:14 GMT 2021,type=containers,owner=system,inode=20e4a109-af15-49cd-8242-e5ae85e5349b,identifier=fc4651ad-ed08-4028-a9d3-158a1d31e16b], com.dotmarketing.portlets.templates.model.Template@39b5814e]</td>
<td class="success">5.080s</td>
<td class="success">passed</td>
</tr>
<tr>
<td class="success">containerArchived_PageShouldResolve</td>
<td class="success">4.815s</td>
<td class="success">passed</td>
</tr>
<tr>
<td class="success">containerTwiceIntoPage</td>
<td class="success">4.181s</td>
<td class="success">passed</td>
</tr>
<tr>
<td class="failures">containerTwiceIntoPageAndTemplateLayout</td>
<td class="failures">4.046s</td>
<td class="failures">failed</td>
</tr>
<tr>
<td class="failures">pageWithMultiplePersona</td>
<td class="failures">1.971s</td>
<td class="failures">failed</td>
</tr>
<tr>
<td class="failures">pageWithSidebarShouldRender</td>
<td class="failures">4.072s</td>
<td class="failures">failed</td>
</tr>
<tr>
<td class="success">render_spanish_contentlets_on_english_page[0: com.dotmarketing.portlets.containers.model.Container@46738296[code=&lt;null&gt;,maxContentlets=5,useDiv=false,sortContentletsBy=&lt;null&gt;,preLoop=&lt;null&gt;,postLoop=&lt;null&gt;,staticify=false,luceneQuery=&lt;null&gt;,notes=&lt;null&gt;,source=DB,title=containerHTMLPageRenderedTest1615317134242,friendlyName=containerHTMLPageRenderedTest1615317134242,modDate=Tue Mar 09 19:12:14 GMT 2021,modUser=system,sortOrder=0,showOnMenu=false,iDate=Tue Mar 09 19:12:14 GMT 2021,type=containers,owner=system,inode=17f827bd-7b2a-4600-ab94-b089cd711ebf,identifier=1b741f88-2bac-4714-b248-ce5d9b6e259e], com.dotmarketing.portlets.templates.model.Template@c89f2e2c]</td>
<td class="success">1.805s</td>
<td class="success">passed</td>
</tr>
<tr>
<td class="success">render_spanish_contentlets_on_english_page[1: com.dotmarketing.portlets.containers.model.FileAssetContainer@3b241702[languageId=1,host=test1615317122526.dotcms.com,path=/application/containers/containerHTMLPageRenderedTest1615317134437/,code=&lt;null&gt;,maxContentlets=25,useDiv=false,sortContentletsBy=&lt;null&gt;,preLoop=&lt;null&gt;,postLoop=&lt;null&gt;,staticify=false,luceneQuery=&lt;null&gt;,notes=Medium Column:Blog,Events,Generic,Location,Media,News,Documents,Products,source=FILE,title=Test Container,friendlyName=container6802907481658521822,modDate=Tue Mar 09 19:12:14 GMT 2021,modUser=system,sortOrder=0,showOnMenu=false,iDate=Tue Mar 09 19:12:14 GMT 2021,type=containers,owner=system,inode=20e4a109-af15-49cd-8242-e5ae85e5349b,identifier=fc4651ad-ed08-4028-a9d3-158a1d31e16b], com.dotmarketing.portlets.templates.model.Template@39b5814e]</td>
<td class="success">2.062s</td>
<td class="success">passed</td>
</tr>
<tr>
<td class="failures">shouldRenderTemplateAndContainers page Host: test1615317122526.dotcms.com Template Host: test1615317122526.dotcms.com Container Host: default</td>
<td class="failures">4.105s</td>
<td class="failures">failed</td>
</tr>
<tr>
<td class="success">shouldRenderTemplateAndContainers page Host: test1615317122526.dotcms.com Template Host: test1615317122526.dotcms.com Container Host: default</td>
<td class="success">4.098s</td>
<td class="success">passed</td>
</tr>
<tr>
<td class="success">shouldRenderTemplateAndContainers page Host: test1615317122526.dotcms.com Template Host: test1615317122526.dotcms.com Container Host: default</td>
<td class="success">4.145s</td>
<td class="success">passed</td>
</tr>
<tr>
<td class="failures">shouldRenderTemplateAndContainers page Host: test1615317122526.dotcms.com Template Host: test1615317122526.dotcms.com Container Host: default</td>
<td class="failures">4.095s</td>
<td class="failures">failed</td>
</tr>
<tr>
<td class="success">shouldRenderTemplateAndContainers page Host: test1615317122526.dotcms.com Template Host: test1615317122526.dotcms.com Container Host: test1615317122526.dotcms.com</td>
<td class="success">4.098s</td>
<td class="success">passed</td>
</tr>
<tr>
<td class="success">shouldRenderTemplateAndContainers page Host: test1615317122526.dotcms.com Template Host: test1615317122526.dotcms.com Container Host: test1615317122526.dotcms.com</td>
<td class="success">4.125s</td>
<td class="success">passed</td>
</tr>
<tr>
<td class="failures">shouldRenderTemplateAndContainers page Host: test1615317122526.dotcms.com Template Host: test1615317122526.dotcms.com Container Host: test1615317122526.dotcms.com</td>
<td class="failures">4.107s</td>
<td class="failures">failed</td>
</tr>
<tr>
<td class="failures">shouldRenderTemplateAndContainers page Host: test1615317122526.dotcms.com Template Host: test1615317122526.dotcms.com Container Host: test1615317122526.dotcms.com</td>
<td class="failures">4.064s</td>
<td class="failures">failed</td>
</tr>
<tr>
<td class="failures">shouldRenderTemplateAndContainers page Host: test1615317122526.dotcms.com Template Host: test1615317122526.dotcms.com Container Host: test1615317137446.dotcms.com</td>
<td class="failures">4.146s</td>
<td class="failures">failed</td>
</tr>
<tr>
<td class="success">shouldRenderTemplateAndContainers page Host: test1615317122526.dotcms.com Template Host: test1615317122526.dotcms.com Container Host: test1615317137446.dotcms.com</td>
<td class="success">4.109s</td>
<td class="success">passed</td>
</tr>
<tr>
<td class="success">shouldRenderTemplateAndContainers page Host: test1615317122526.dotcms.com Template Host: test1615317122526.dotcms.com Container Host: test1615317137446.dotcms.com</td>
<td class="success">4.121s</td>
<td class="success">passed</td>
</tr>
<tr>
<td class="failures">shouldRenderTemplateAndContainers page Host: test1615317122526.dotcms.com Template Host: test1615317122526.dotcms.com Container Host: test1615317137446.dotcms.com</td>
<td class="failures">4.109s</td>
<td class="failures">failed</td>
</tr>
<tr>
<td class="failures">shouldRenderTemplateAndContainers page Host: test1615317122526.dotcms.com Template Host: test1615317137446.dotcms.com Container Host: default</td>
<td class="failures">4.099s</td>
<td class="failures">failed</td>
</tr>
<tr>
<td class="success">shouldRenderTemplateAndContainers page Host: test1615317122526.dotcms.com Template Host: test1615317137446.dotcms.com Container Host: default</td>
<td class="success">4.151s</td>
<td class="success">passed</td>
</tr>
<tr>
<td class="success">shouldRenderTemplateAndContainers page Host: test1615317122526.dotcms.com Template Host: test1615317137446.dotcms.com Container Host: default</td>
<td class="success">4.119s</td>
<td class="success">passed</td>
</tr>
<tr>
<td class="failures">shouldRenderTemplateAndContainers page Host: test1615317122526.dotcms.com Template Host: test1615317137446.dotcms.com Container Host: default</td>
<td class="failures">4.159s</td>
<td class="failures">failed</td>
</tr>
<tr>
<td class="success">shouldRenderTemplateAndContainers page Host: test1615317122526.dotcms.com Template Host: test1615317137446.dotcms.com Container Host: test1615317137446.dotcms.com</td>
<td class="success">4.125s</td>
<td class="success">passed</td>
</tr>
<tr>
<td class="failures">shouldRenderTemplateAndContainers page Host: test1615317122526.dotcms.com Template Host: test1615317137446.dotcms.com Container Host: test1615317137446.dotcms.com</td>
<td class="failures">4.116s</td>
<td class="failures">failed</td>
</tr>
<tr>
<td class="success">shouldRenderTemplateAndContainers page Host: test1615317122526.dotcms.com Template Host: test1615317137446.dotcms.com Container Host: test1615317137446.dotcms.com</td>
<td class="success">4.157s</td>
<td class="success">passed</td>
</tr>
<tr>
<td class="failures">shouldRenderTemplateAndContainers page Host: test1615317122526.dotcms.com Template Host: test1615317137446.dotcms.com Container Host: test1615317137446.dotcms.com</td>
<td class="failures">4.101s</td>
<td class="failures">failed</td>
</tr>
<tr>
<td class="success">shouldReturnPageHTMLForLegacyUUIDAndMultiTree[0: com.dotmarketing.portlets.containers.model.Container@46738296[code=&lt;null&gt;,maxContentlets=5,useDiv=false,sortContentletsBy=&lt;null&gt;,preLoop=&lt;null&gt;,postLoop=&lt;null&gt;,staticify=false,luceneQuery=&lt;null&gt;,notes=&lt;null&gt;,source=DB,title=containerHTMLPageRenderedTest1615317134242,friendlyName=containerHTMLPageRenderedTest1615317134242,modDate=Tue Mar 09 19:12:14 GMT 2021,modUser=system,sortOrder=0,showOnMenu=false,iDate=Tue Mar 09 19:12:14 GMT 2021,type=containers,owner=system,inode=17f827bd-7b2a-4600-ab94-b089cd711ebf,identifier=1b741f88-2bac-4714-b248-ce5d9b6e259e], com.dotmarketing.portlets.templates.model.Template@c89f2e2c]</td>
<td class="success">1.026s</td>
<td class="success">passed</td>
</tr>
<tr>
<td class="success">shouldReturnPageHTMLForLegacyUUIDAndMultiTree[1: com.dotmarketing.portlets.containers.model.FileAssetContainer@3b241702[languageId=1,host=test1615317122526.dotcms.com,path=/application/containers/containerHTMLPageRenderedTest1615317134437/,code=&lt;null&gt;,maxContentlets=25,useDiv=false,sortContentletsBy=&lt;null&gt;,preLoop=&lt;null&gt;,postLoop=&lt;null&gt;,staticify=false,luceneQuery=&lt;null&gt;,notes=Medium Column:Blog,Events,Generic,Location,Media,News,Documents,Products,source=FILE,title=Test Container,friendlyName=container6802907481658521822,modDate=Tue Mar 09 19:12:14 GMT 2021,modUser=system,sortOrder=0,showOnMenu=false,iDate=Tue Mar 09 19:12:14 GMT 2021,type=containers,owner=system,inode=20e4a109-af15-49cd-8242-e5ae85e5349b,identifier=fc4651ad-ed08-4028-a9d3-158a1d31e16b], com.dotmarketing.portlets.templates.model.Template@39b5814e]</td>
<td class="success">1.066s</td>
<td class="success">passed</td>
</tr>
<tr>
<td class="success">shouldReturnPageHTMLForLegacyUUID[0: com.dotmarketing.portlets.containers.model.Container@46738296[code=&lt;null&gt;,maxContentlets=5,useDiv=false,sortContentletsBy=&lt;null&gt;,preLoop=&lt;null&gt;,postLoop=&lt;null&gt;,staticify=false,luceneQuery=&lt;null&gt;,notes=&lt;null&gt;,source=DB,title=containerHTMLPageRenderedTest1615317134242,friendlyName=containerHTMLPageRenderedTest1615317134242,modDate=Tue Mar 09 19:12:14 GMT 2021,modUser=system,sortOrder=0,showOnMenu=false,iDate=Tue Mar 09 19:12:14 GMT 2021,type=containers,owner=system,inode=17f827bd-7b2a-4600-ab94-b089cd711ebf,identifier=1b741f88-2bac-4714-b248-ce5d9b6e259e], com.dotmarketing.portlets.templates.model.Template@c89f2e2c]</td>
<td class="success">1.097s</td>
<td class="success">passed</td>
</tr>
<tr>
<td class="success">shouldReturnPageHTMLForLegacyUUID[1: com.dotmarketing.portlets.containers.model.FileAssetContainer@3b241702[languageId=1,host=test1615317122526.dotcms.com,path=/application/containers/containerHTMLPageRenderedTest1615317134437/,code=&lt;null&gt;,maxContentlets=25,useDiv=false,sortContentletsBy=&lt;null&gt;,preLoop=&lt;null&gt;,postLoop=&lt;null&gt;,staticify=false,luceneQuery=&lt;null&gt;,notes=Medium Column:Blog,Events,Generic,Location,Media,News,Documents,Products,source=FILE,title=Test Container,friendlyName=container6802907481658521822,modDate=Tue Mar 09 19:12:14 GMT 2021,modUser=system,sortOrder=0,showOnMenu=false,iDate=Tue Mar 09 19:12:14 GMT 2021,type=containers,owner=system,inode=20e4a109-af15-49cd-8242-e5ae85e5349b,identifier=fc4651ad-ed08-4028-a9d3-158a1d31e16b], com.dotmarketing.portlets.templates.model.Template@39b5814e]</td>
<td class="success">0.978s</td>
<td class="success">passed</td>
</tr>
<tr>
<td class="success">shouldReturnPageHTMLForPersona[0: com.dotmarketing.portlets.containers.model.Container@46738296[code=&lt;null&gt;,maxContentlets=5,useDiv=false,sortContentletsBy=&lt;null&gt;,preLoop=&lt;null&gt;,postLoop=&lt;null&gt;,staticify=false,luceneQuery=&lt;null&gt;,notes=&lt;null&gt;,source=DB,title=containerHTMLPageRenderedTest1615317134242,friendlyName=containerHTMLPageRenderedTest1615317134242,modDate=Tue Mar 09 19:12:14 GMT 2021,modUser=system,sortOrder=0,showOnMenu=false,iDate=Tue Mar 09 19:12:14 GMT 2021,type=containers,owner=system,inode=17f827bd-7b2a-4600-ab94-b089cd711ebf,identifier=1b741f88-2bac-4714-b248-ce5d9b6e259e], com.dotmarketing.portlets.templates.model.Template@c89f2e2c]</td>
<td class="success">2.039s</td>
<td class="success">passed</td>
</tr>
<tr>
<td class="success">shouldReturnPageHTMLForPersona[1: com.dotmarketing.portlets.containers.model.FileAssetContainer@3b241702[languageId=1,host=test1615317122526.dotcms.com,path=/application/containers/containerHTMLPageRenderedTest1615317134437/,code=&lt;null&gt;,maxContentlets=25,useDiv=false,sortContentletsBy=&lt;null&gt;,preLoop=&lt;null&gt;,postLoop=&lt;null&gt;,staticify=false,luceneQuery=&lt;null&gt;,notes=Medium Column:Blog,Events,Generic,Location,Media,News,Documents,Products,source=FILE,title=Test Container,friendlyName=container6802907481658521822,modDate=Tue Mar 09 19:12:14 GMT 2021,modUser=system,sortOrder=0,showOnMenu=false,iDate=Tue Mar 09 19:12:14 GMT 2021,type=containers,owner=system,inode=20e4a109-af15-49cd-8242-e5ae85e5349b,identifier=fc4651ad-ed08-4028-a9d3-158a1d31e16b], com.dotmarketing.portlets.templates.model.Template@39b5814e]</td>
<td class="success">2.060s</td>
<td class="success">passed</td>
</tr>
<tr>
<td class="success">shouldReturnParserContainerUUID[0: com.dotmarketing.portlets.containers.model.Container@46738296[code=&lt;null&gt;,maxContentlets=5,useDiv=false,sortContentletsBy=&lt;null&gt;,preLoop=&lt;null&gt;,postLoop=&lt;null&gt;,staticify=false,luceneQuery=&lt;null&gt;,notes=&lt;null&gt;,source=DB,title=containerHTMLPageRenderedTest1615317134242,friendlyName=containerHTMLPageRenderedTest1615317134242,modDate=Tue Mar 09 19:12:14 GMT 2021,modUser=system,sortOrder=0,showOnMenu=false,iDate=Tue Mar 09 19:12:14 GMT 2021,type=containers,owner=system,inode=17f827bd-7b2a-4600-ab94-b089cd711ebf,identifier=1b741f88-2bac-4714-b248-ce5d9b6e259e], com.dotmarketing.portlets.templates.model.Template@c89f2e2c]</td>
<td class="success">2.034s</td>
<td class="success">passed</td>
</tr>
<tr>
<td class="success">shouldReturnParserContainerUUID[1: com.dotmarketing.portlets.containers.model.FileAssetContainer@3b241702[languageId=1,host=test1615317122526.dotcms.com,path=/application/containers/containerHTMLPageRenderedTest1615317134437/,code=&lt;null&gt;,maxContentlets=25,useDiv=false,sortContentletsBy=&lt;null&gt;,preLoop=&lt;null&gt;,postLoop=&lt;null&gt;,staticify=false,luceneQuery=&lt;null&gt;,notes=Medium Column:Blog,Events,Generic,Location,Media,News,Documents,Products,source=FILE,title=Test Container,friendlyName=container6802907481658521822,modDate=Tue Mar 09 19:12:14 GMT 2021,modUser=system,sortOrder=0,showOnMenu=false,iDate=Tue Mar 09 19:12:14 GMT 2021,type=containers,owner=system,inode=20e4a109-af15-49cd-8242-e5ae85e5349b,identifier=fc4651ad-ed08-4028-a9d3-158a1d31e16b], com.dotmarketing.portlets.templates.model.Template@39b5814e]</td>
<td class="success">2.096s</td>
<td class="success">passed</td>
</tr>
<tr>
<td class="success">test_WidgetPreExecuteCodeShowRegardlessPageMode[0: com.dotcms.rendering.velocity.services.HTMLPageAssetRenderedTest$WidgetPreExecuteCodeTestCase@791e82fd]</td>
<td class="success">3.128s</td>
<td class="success">passed</td>
</tr>
<tr>
<td class="success">test_WidgetPreExecuteCodeShowRegardlessPageMode[1: com.dotcms.rendering.velocity.services.HTMLPageAssetRenderedTest$WidgetPreExecuteCodeTestCase@649fe778]</td>
<td class="success">3.043s</td>
<td class="success">passed</td>
</tr>
<tr>
<td class="success">test_WidgetPreExecuteCodeShowRegardlessPageMode[2: com.dotcms.rendering.velocity.services.HTMLPageAssetRenderedTest$WidgetPreExecuteCodeTestCase@4df4d1af]</td>
<td class="success">3.074s</td>
<td class="success">passed</td>
</tr>
</table>
</div>
</div>
<div id="footer">
<p>
<div>
<label class="hidden" id="label-for-line-wrapping-toggle" for="line-wrapping-toggle">Wrap lines
<input id="line-wrapping-toggle" type="checkbox" autocomplete="off"/>
</label>
</div>Generated by 
<a href="http://www.gradle.org">Gradle 4.10.2</a> at Mar 9, 2021 8:35:17 PM</p>
</div>
</div>
</body>
</html>
