<!DOCTYPE html>
<html>
<head>
<meta http-equiv="Content-Type" content="text/html; charset=utf-8"/>
<meta http-equiv="x-ua-compatible" content="IE=edge"/>
<title>Test results - Class com.dotcms.publishing.PublisherAPIImplTest</title>
<link href="../css/base-style.css" rel="stylesheet" type="text/css"/>
<link href="../css/style.css" rel="stylesheet" type="text/css"/>
<script src="../js/report.js" type="text/javascript"></script>
</head>
<body>
<div id="content">
<h1>Class com.dotcms.publishing.PublisherAPIImplTest</h1>
<div class="breadcrumbs">
<a href="../index.html">all</a> &gt; 
<a href="../packages/com.dotcms.publishing.html">com.dotcms.publishing</a> &gt; PublisherAPIImplTest</div>
<div id="summary">
<table>
<tr>
<td>
<div class="summaryGroup">
<table>
<tr>
<td>
<div class="infoBox" id="tests">
<div class="counter">18</div>
<p>tests</p>
</div>
</td>
<td>
<div class="infoBox" id="failures">
<div class="counter">18</div>
<p>failures</p>
</div>
</td>
<td>
<div class="infoBox" id="ignored">
<div class="counter">0</div>
<p>ignored</p>
</div>
</td>
<td>
<div class="infoBox" id="duration">
<div class="counter">2.421s</div>
<p>duration</p>
</div>
</td>
</tr>
</table>
</div>
</td>
<td>
<div class="infoBox failures" id="successRate">
<div class="percent">0%</div>
<p>successful</p>
</div>
</td>
</tr>
</table>
</div>
<div id="tabs">
<ul class="tabLinks">
<li>
<a href="#tab0">Failed tests</a>
</li>
<li>
<a href="#tab1">Tests</a>
</li>
<li>
<a href="#tab2">Standard output</a>
</li>
</ul>
<div id="tab0" class="tab">
<h2>Failed tests</h2>
<div class="test">
<a name="publish[0: com.dotcms.publishing.PublisherAPIImplTest$TestCase@45b6a7a4]"></a>
<h3 class="failures">publish[0: com.dotcms.publishing.PublisherAPIImplTest$TestCase@45b6a7a4]</h3>
<span class="code">
<pre>java.lang.AssertionError: Expected 24 but get 26 in /custom/assets/bundles/01EYFBF9T1P816K0FGKSTD1BTH
Expected [/custom/assets/bundles/01EYFBF9T1P816K0FGKSTD1BTH/working/test1613270792564.dotcms.com/0b7f28e9-c853-46d8-a116-2a6e3b16df32.contentType.json, /custom/assets/bundles/01EYFBF9T1P816K0FGKSTD1BTH/working/System Host/1/3c00f779-b1fd-432f-b409-d8a7ece7dfcb.contentworkflow.xml, /custom/assets/bundles/01EYFBF9T1P816K0FGKSTD1BTH/working/System Host/1/1-content.2a61e945-8528-40c7-922e-5061f0c0d8ef.content.xml, /custom/assets/bundles/01EYFBF9T1P816K0FGKSTD1BTH/working/System Host/1/content.ff462f88-d9e1-4d31-b084-b73cb61976d3.host.xml, /custom/assets/bundles/01EYFBF9T1P816K0FGKSTD1BTH/live/System Host/1/1fd8aea1-5dc5-4dda-a23e-5adb74150fbf.contentworkflow.xml, /custom/assets/bundles/01EYFBF9T1P816K0FGKSTD1BTH/live/System Host/1/3c00f779-b1fd-432f-b409-d8a7ece7dfcb.contentworkflow.xml, /custom/assets/bundles/01EYFBF9T1P816K0FGKSTD1BTH/live/System Host/1/2-content.f42316da-e6dd-4238-9756-a8f39c46e135.content.xml, /custom/assets/bundles/01EYFBF9T1P816K0FGKSTD1BTH/working/test1613270792564.dotcms.com/de44126e-cd43-46db-ae5e-42d1f5ba1780.relationship.xml, /custom/assets/bundles/01EYFBF9T1P816K0FGKSTD1BTH/live/System Host/1/content.df58622c-f7b8-4f6e-baa7-880cc3ba676b.host.xml, /custom/assets/bundles/01EYFBF9T1P816K0FGKSTD1BTH/98c9e5ad-f149-4901-8e85-05c6db21a643.workflow.xml, /custom/assets/bundles/01EYFBF9T1P816K0FGKSTD1BTH/working/System Host/040e4ebe-5140-425d-897b-bc6b790ac5db.category.dpc.xml, /custom/assets/bundles/01EYFBF9T1P816K0FGKSTD1BTH/working/test1613270792564.dotcms.com/e9eea94e-5236-4931-8800-be93373701f8.contentType.json, /custom/assets/bundles/01EYFBF9T1P816K0FGKSTD1BTH/live/default/1613273040288/ac6fdf39-f28a-440d-b1af-7c45c7d74ecf.contentworkflow.xml, /custom/assets/bundles/01EYFBF9T1P816K0FGKSTD1BTH/live/System Host/1/3-content.2a61e945-8528-40c7-922e-5061f0c0d8ef.content.xml, /custom/assets/bundles/01EYFBF9T1P816K0FGKSTD1BTH/live/System Host/qb_DT.language.xml, /custom/assets/bundles/01EYFBF9T1P816K0FGKSTD1BTH/live/default/ae92aca8-e328-4d5b-92ea-7cf8a7872c3a.rule.xml, /custom/assets/bundles/01EYFBF9T1P816K0FGKSTD1BTH/live/System Host/en_US.language.xml, /custom/assets/bundles/01EYFBF9T1P816K0FGKSTD1BTH/live/default/1613273040288/0-content.9f8e543c-ebde-4caf-9ba8-cdd26963fbd0.content.xml, /custom/assets/bundles/01EYFBF9T1P816K0FGKSTD1BTH/live/System Host/1properties, /custom/assets/bundles/01EYFBF9T1P816K0FGKSTD1BTH/live/System Host/1/content.ff462f88-d9e1-4d31-b084-b73cb61976d3.host.xml, /custom/assets/bundles/01EYFBF9T1P816K0FGKSTD1BTH/live/System Host/1613273040288properties, /custom/assets/bundles/01EYFBF9T1P816K0FGKSTD1BTH/working/System Host/f4d7c1b8-2c88-4071-abf1-a5328977b07d.contentType.json, /custom/assets/bundles/01EYFBF9T1P816K0FGKSTD1BTH/d61a59e1-a49c-46f2-a929-db2b4bfa88b2.workflow.xml]
Existing [/custom/assets/bundles/01EYFBF9T1P816K0FGKSTD1BTH/98c9e5ad-f149-4901-8e85-05c6db21a643.workflow.xml, /custom/assets/bundles/01EYFBF9T1P816K0FGKSTD1BTH/ROOT/bc9a1d37-dd2d-4d49-a29d-0c9be740bfaf.folder.xml, /custom/assets/bundles/01EYFBF9T1P816K0FGKSTD1BTH/bundle.xml, /custom/assets/bundles/01EYFBF9T1P816K0FGKSTD1BTH/d61a59e1-a49c-46f2-a929-db2b4bfa88b2.workflow.xml, /custom/assets/bundles/01EYFBF9T1P816K0FGKSTD1BTH/live/System Host/1/1fd8aea1-5dc5-4dda-a23e-5adb74150fbf.contentworkflow.xml, /custom/assets/bundles/01EYFBF9T1P816K0FGKSTD1BTH/live/System Host/1/2-content.f42316da-e6dd-4238-9756-a8f39c46e135.content.xml, /custom/assets/bundles/01EYFBF9T1P816K0FGKSTD1BTH/live/System Host/1/3-content.2a61e945-8528-40c7-922e-5061f0c0d8ef.content.xml, /custom/assets/bundles/01EYFBF9T1P816K0FGKSTD1BTH/live/System Host/1/3c00f779-b1fd-432f-b409-d8a7ece7dfcb.contentworkflow.xml, /custom/assets/bundles/01EYFBF9T1P816K0FGKSTD1BTH/live/System Host/1/content.df58622c-f7b8-4f6e-baa7-880cc3ba676b.host.xml, /custom/assets/bundles/01EYFBF9T1P816K0FGKSTD1BTH/live/System Host/1/content.ff462f88-d9e1-4d31-b084-b73cb61976d3.host.xml, /custom/assets/bundles/01EYFBF9T1P816K0FGKSTD1BTH/live/System Host/1/system host.host.xml, /custom/assets/bundles/01EYFBF9T1P816K0FGKSTD1BTH/live/System Host/1613273040288properties, /custom/assets/bundles/01EYFBF9T1P816K0FGKSTD1BTH/live/System Host/1properties, /custom/assets/bundles/01EYFBF9T1P816K0FGKSTD1BTH/live/System Host/en_US.language.xml, /custom/assets/bundles/01EYFBF9T1P816K0FGKSTD1BTH/live/System Host/qb_DT.language.xml, /custom/assets/bundles/01EYFBF9T1P816K0FGKSTD1BTH/live/default/1613273040288/0-content.9f8e543c-ebde-4caf-9ba8-cdd26963fbd0.content.xml, /custom/assets/bundles/01EYFBF9T1P816K0FGKSTD1BTH/live/default/1613273040288/ac6fdf39-f28a-440d-b1af-7c45c7d74ecf.contentworkflow.xml, /custom/assets/bundles/01EYFBF9T1P816K0FGKSTD1BTH/live/default/ae92aca8-e328-4d5b-92ea-7cf8a7872c3a.rule.xml, /custom/assets/bundles/01EYFBF9T1P816K0FGKSTD1BTH/working/System Host/040e4ebe-5140-425d-897b-bc6b790ac5db.category.dpc.xml, /custom/assets/bundles/01EYFBF9T1P816K0FGKSTD1BTH/working/System Host/1/1-content.2a61e945-8528-40c7-922e-5061f0c0d8ef.content.xml, /custom/assets/bundles/01EYFBF9T1P816K0FGKSTD1BTH/working/System Host/1/3c00f779-b1fd-432f-b409-d8a7ece7dfcb.contentworkflow.xml, /custom/assets/bundles/01EYFBF9T1P816K0FGKSTD1BTH/working/System Host/1/content.ff462f88-d9e1-4d31-b084-b73cb61976d3.host.xml, /custom/assets/bundles/01EYFBF9T1P816K0FGKSTD1BTH/working/System Host/f4d7c1b8-2c88-4071-abf1-a5328977b07d.contentType.json, /custom/assets/bundles/01EYFBF9T1P816K0FGKSTD1BTH/working/test1613270792564.dotcms.com/0b7f28e9-c853-46d8-a116-2a6e3b16df32.contentType.json, /custom/assets/bundles/01EYFBF9T1P816K0FGKSTD1BTH/working/test1613270792564.dotcms.com/de44126e-cd43-46db-ae5e-42d1f5ba1780.relationship.xml, /custom/assets/bundles/01EYFBF9T1P816K0FGKSTD1BTH/working/test1613270792564.dotcms.com/e9eea94e-5236-4931-8800-be93373701f8.contentType.json]
difference [/custom/assets/bundles/01EYFBF9T1P816K0FGKSTD1BTH/ROOT/bc9a1d37-dd2d-4d49-a29d-0c9be740bfaf.folder.xml, /custom/assets/bundles/01EYFBF9T1P816K0FGKSTD1BTH/bundle.xml, /custom/assets/bundles/01EYFBF9T1P816K0FGKSTD1BTH/live/System Host/1/system host.host.xml]

	at org.jgroups.util.Util.assertEquals(Util.java:185)
	at com.dotcms.publishing.PublisherAPIImplTest.publish(PublisherAPIImplTest.java:407)
	at sun.reflect.NativeMethodAccessorImpl.invoke0(Native Method)
	at sun.reflect.NativeMethodAccessorImpl.invoke(NativeMethodAccessorImpl.java:62)
	at sun.reflect.DelegatingMethodAccessorImpl.invoke(DelegatingMethodAccessorImpl.java:43)
	at java.lang.reflect.Method.invoke(Method.java:498)
	at org.junit.runners.model.FrameworkMethod$1.runReflectiveCall(FrameworkMethod.java:50)
	at org.junit.internal.runners.model.ReflectiveCallable.run(ReflectiveCallable.java:12)
	at org.junit.runners.model.FrameworkMethod.invokeExplosively(FrameworkMethod.java:47)
	at com.tngtech.java.junit.dataprovider.DataProviderFrameworkMethod.invokeExplosively(DataProviderFrameworkMethod.java:119)
	at org.junit.internal.runners.statements.InvokeMethod.evaluate(InvokeMethod.java:17)
	at org.junit.rules.TestWatcher$1.evaluate(TestWatcher.java:55)
	at org.junit.rules.RunRules.evaluate(RunRules.java:20)
	at org.junit.runners.ParentRunner.runLeaf(ParentRunner.java:325)
	at com.dotcms.junit.CustomDataProviderRunner.runChild(CustomDataProviderRunner.java:28)
	at com.dotcms.junit.CustomDataProviderRunner.runChild(CustomDataProviderRunner.java:13)
	at org.junit.runners.ParentRunner$3.run(ParentRunner.java:290)
	at org.junit.runners.ParentRunner$1.schedule(ParentRunner.java:71)
	at org.junit.runners.ParentRunner.runChildren(ParentRunner.java:288)
	at org.junit.runners.ParentRunner.access$000(ParentRunner.java:58)
	at org.junit.runners.ParentRunner$2.evaluate(ParentRunner.java:268)
	at org.junit.internal.runners.statements.RunBefores.evaluate(RunBefores.java:26)
	at org.junit.internal.runners.statements.RunAfters.evaluate(RunAfters.java:27)
	at org.junit.runners.ParentRunner.run(ParentRunner.java:363)
	at org.junit.runners.Suite.runChild(Suite.java:128)
	at org.junit.runners.Suite.runChild(Suite.java:27)
	at org.junit.runners.ParentRunner$3.run(ParentRunner.java:290)
	at org.junit.runners.ParentRunner$1.schedule(ParentRunner.java:71)
	at org.junit.runners.ParentRunner.runChildren(ParentRunner.java:288)
	at org.junit.runners.ParentRunner.access$000(ParentRunner.java:58)
	at org.junit.runners.ParentRunner$2.evaluate(ParentRunner.java:268)
	at org.junit.runners.ParentRunner.run(ParentRunner.java:363)
	at org.gradle.api.internal.tasks.testing.junit.JUnitTestClassExecutor.runTestClass(JUnitTestClassExecutor.java:106)
	at org.gradle.api.internal.tasks.testing.junit.JUnitTestClassExecutor.execute(JUnitTestClassExecutor.java:58)
	at org.gradle.api.internal.tasks.testing.junit.JUnitTestClassExecutor.execute(JUnitTestClassExecutor.java:38)
	at org.gradle.api.internal.tasks.testing.junit.AbstractJUnitTestClassProcessor.processTestClass(AbstractJUnitTestClassProcessor.java:66)
	at org.gradle.api.internal.tasks.testing.SuiteTestClassProcessor.processTestClass(SuiteTestClassProcessor.java:51)
	at sun.reflect.NativeMethodAccessorImpl.invoke0(Native Method)
	at sun.reflect.NativeMethodAccessorImpl.invoke(NativeMethodAccessorImpl.java:62)
	at sun.reflect.DelegatingMethodAccessorImpl.invoke(DelegatingMethodAccessorImpl.java:43)
	at java.lang.reflect.Method.invoke(Method.java:498)
	at org.gradle.internal.dispatch.ReflectionDispatch.dispatch(ReflectionDispatch.java:35)
	at org.gradle.internal.dispatch.ReflectionDispatch.dispatch(ReflectionDispatch.java:24)
	at org.gradle.internal.dispatch.ContextClassLoaderDispatch.dispatch(ContextClassLoaderDispatch.java:32)
	at org.gradle.internal.dispatch.ProxyDispatchAdapter$DispatchingInvocationHandler.invoke(ProxyDispatchAdapter.java:93)
	at com.sun.proxy.$Proxy2.processTestClass(Unknown Source)
	at org.gradle.api.internal.tasks.testing.worker.TestWorker.processTestClass(TestWorker.java:117)
	at sun.reflect.NativeMethodAccessorImpl.invoke0(Native Method)
	at sun.reflect.NativeMethodAccessorImpl.invoke(NativeMethodAccessorImpl.java:62)
	at sun.reflect.DelegatingMethodAccessorImpl.invoke(DelegatingMethodAccessorImpl.java:43)
	at java.lang.reflect.Method.invoke(Method.java:498)
	at org.gradle.internal.dispatch.ReflectionDispatch.dispatch(ReflectionDispatch.java:35)
	at org.gradle.internal.dispatch.ReflectionDispatch.dispatch(ReflectionDispatch.java:24)
	at org.gradle.internal.remote.internal.hub.MessageHubBackedObjectConnection$DispatchWrapper.dispatch(MessageHubBackedObjectConnection.java:155)
	at org.gradle.internal.remote.internal.hub.MessageHubBackedObjectConnection$DispatchWrapper.dispatch(MessageHubBackedObjectConnection.java:137)
	at org.gradle.internal.remote.internal.hub.MessageHub$Handler.run(MessageHub.java:404)
	at org.gradle.internal.concurrent.ExecutorPolicy$CatchAndRecordFailures.onExecute(ExecutorPolicy.java:63)
	at org.gradle.internal.concurrent.ManagedExecutorImpl$1.run(ManagedExecutorImpl.java:46)
	at java.util.concurrent.ThreadPoolExecutor.runWorker(ThreadPoolExecutor.java:1149)
	at java.util.concurrent.ThreadPoolExecutor$Worker.run(ThreadPoolExecutor.java:624)
	at org.gradle.internal.concurrent.ThreadFactoryImpl$ManagedThreadRunnable.run(ThreadFactoryImpl.java:55)
	at java.lang.Thread.run(Thread.java:748)
</pre>
</span>
</div>
<div class="test">
<a name="publish[10: com.dotcms.publishing.PublisherAPIImplTest$TestCase@40b431d3]"></a>
<h3 class="failures">publish[10: com.dotcms.publishing.PublisherAPIImplTest$TestCase@40b431d3]</h3>
<span class="code">
<pre>java.lang.AssertionError: Expected 23 but get 25 in /custom/assets/bundles/01EYFBFBAKP201MB3N0H3R3Z35
Expected [/custom/assets/bundles/01EYFBFBAKP201MB3N0H3R3Z35/live/System Host/1613273040288properties, /custom/assets/bundles/01EYFBFBAKP201MB3N0H3R3Z35/live/default/1613273040288/ac6fdf39-f28a-440d-b1af-7c45c7d74ecf.contentworkflow.xml, /custom/assets/bundles/01EYFBFBAKP201MB3N0H3R3Z35/working/System Host/1/1-content.2a61e945-8528-40c7-922e-5061f0c0d8ef.content.xml, /custom/assets/bundles/01EYFBFBAKP201MB3N0H3R3Z35/live/System Host/en_US.language.xml, /custom/assets/bundles/01EYFBFBAKP201MB3N0H3R3Z35/live/System Host/1properties, /custom/assets/bundles/01EYFBFBAKP201MB3N0H3R3Z35/live/test1613270793678.dotcms.com/5898b28b-6986-4c61-bb7f-2672320f6d33.template.template.xml, /custom/assets/bundles/01EYFBFBAKP201MB3N0H3R3Z35/working/test1613270793678.dotcms.com/5b300c5a-fc78-44f5-9e49-c57d74f12c66.containers.container.xml, /custom/assets/bundles/01EYFBFBAKP201MB3N0H3R3Z35/d61a59e1-a49c-46f2-a929-db2b4bfa88b2.workflow.xml, /custom/assets/bundles/01EYFBFBAKP201MB3N0H3R3Z35/working/System Host/f4d7c1b8-2c88-4071-abf1-a5328977b07d.contentType.json, /custom/assets/bundles/01EYFBFBAKP201MB3N0H3R3Z35/working/System Host/1/3c00f779-b1fd-432f-b409-d8a7ece7dfcb.contentworkflow.xml, /custom/assets/bundles/01EYFBFBAKP201MB3N0H3R3Z35/live/System Host/1/content.ff462f88-d9e1-4d31-b084-b73cb61976d3.host.xml, /custom/assets/bundles/01EYFBFBAKP201MB3N0H3R3Z35/live/System Host/1/3-content.2a61e945-8528-40c7-922e-5061f0c0d8ef.content.xml, /custom/assets/bundles/01EYFBFBAKP201MB3N0H3R3Z35/working/System Host/1/content.ff462f88-d9e1-4d31-b084-b73cb61976d3.host.xml, /custom/assets/bundles/01EYFBFBAKP201MB3N0H3R3Z35/live/System Host/1/2-content.f42316da-e6dd-4238-9756-a8f39c46e135.content.xml, /custom/assets/bundles/01EYFBFBAKP201MB3N0H3R3Z35/live/System Host/1/1fd8aea1-5dc5-4dda-a23e-5adb74150fbf.contentworkflow.xml, /custom/assets/bundles/01EYFBFBAKP201MB3N0H3R3Z35/live/default/1613273040288/0-content.9f8e543c-ebde-4caf-9ba8-cdd26963fbd0.content.xml, /custom/assets/bundles/01EYFBFBAKP201MB3N0H3R3Z35/live/System Host/1/3c00f779-b1fd-432f-b409-d8a7ece7dfcb.contentworkflow.xml, /custom/assets/bundles/01EYFBFBAKP201MB3N0H3R3Z35/live/System Host/qb_DT.language.xml, /custom/assets/bundles/01EYFBFBAKP201MB3N0H3R3Z35/live/default/ae92aca8-e328-4d5b-92ea-7cf8a7872c3a.rule.xml, /custom/assets/bundles/01EYFBFBAKP201MB3N0H3R3Z35/working/test1613270793678.dotcms.com/974ae6f1-f16f-4b86-8d51-5cac3ec254aa.contentType.json, /custom/assets/bundles/01EYFBFBAKP201MB3N0H3R3Z35/working/test1613270793678.dotcms.com/778ee696-28c2-4677-9682-bcc6867d0571.containers.container.xml, /custom/assets/bundles/01EYFBFBAKP201MB3N0H3R3Z35/live/System Host/1/content.f4a93a7d-0037-4cfd-bd21-16b3f8ef04ea.host.xml]
Existing [/custom/assets/bundles/01EYFBFBAKP201MB3N0H3R3Z35/ROOT/bc9a1d37-dd2d-4d49-a29d-0c9be740bfaf.folder.xml, /custom/assets/bundles/01EYFBFBAKP201MB3N0H3R3Z35/bundle.xml, /custom/assets/bundles/01EYFBFBAKP201MB3N0H3R3Z35/d61a59e1-a49c-46f2-a929-db2b4bfa88b2.workflow.xml, /custom/assets/bundles/01EYFBFBAKP201MB3N0H3R3Z35/live/System Host/1/1fd8aea1-5dc5-4dda-a23e-5adb74150fbf.contentworkflow.xml, /custom/assets/bundles/01EYFBFBAKP201MB3N0H3R3Z35/live/System Host/1/2-content.f42316da-e6dd-4238-9756-a8f39c46e135.content.xml, /custom/assets/bundles/01EYFBFBAKP201MB3N0H3R3Z35/live/System Host/1/3-content.2a61e945-8528-40c7-922e-5061f0c0d8ef.content.xml, /custom/assets/bundles/01EYFBFBAKP201MB3N0H3R3Z35/live/System Host/1/3c00f779-b1fd-432f-b409-d8a7ece7dfcb.contentworkflow.xml, /custom/assets/bundles/01EYFBFBAKP201MB3N0H3R3Z35/live/System Host/1/content.f4a93a7d-0037-4cfd-bd21-16b3f8ef04ea.host.xml, /custom/assets/bundles/01EYFBFBAKP201MB3N0H3R3Z35/live/System Host/1/content.ff462f88-d9e1-4d31-b084-b73cb61976d3.host.xml, /custom/assets/bundles/01EYFBFBAKP201MB3N0H3R3Z35/live/System Host/1/system host.host.xml, /custom/assets/bundles/01EYFBFBAKP201MB3N0H3R3Z35/live/System Host/1613273040288properties, /custom/assets/bundles/01EYFBFBAKP201MB3N0H3R3Z35/live/System Host/1properties, /custom/assets/bundles/01EYFBFBAKP201MB3N0H3R3Z35/live/System Host/en_US.language.xml, /custom/assets/bundles/01EYFBFBAKP201MB3N0H3R3Z35/live/System Host/qb_DT.language.xml, /custom/assets/bundles/01EYFBFBAKP201MB3N0H3R3Z35/live/default/1613273040288/0-content.9f8e543c-ebde-4caf-9ba8-cdd26963fbd0.content.xml, /custom/assets/bundles/01EYFBFBAKP201MB3N0H3R3Z35/live/default/1613273040288/ac6fdf39-f28a-440d-b1af-7c45c7d74ecf.contentworkflow.xml, /custom/assets/bundles/01EYFBFBAKP201MB3N0H3R3Z35/live/default/ae92aca8-e328-4d5b-92ea-7cf8a7872c3a.rule.xml, /custom/assets/bundles/01EYFBFBAKP201MB3N0H3R3Z35/live/test1613270793678.dotcms.com/5898b28b-6986-4c61-bb7f-2672320f6d33.template.template.xml, /custom/assets/bundles/01EYFBFBAKP201MB3N0H3R3Z35/working/System Host/1/1-content.2a61e945-8528-40c7-922e-5061f0c0d8ef.content.xml, /custom/assets/bundles/01EYFBFBAKP201MB3N0H3R3Z35/working/System Host/1/3c00f779-b1fd-432f-b409-d8a7ece7dfcb.contentworkflow.xml, /custom/assets/bundles/01EYFBFBAKP201MB3N0H3R3Z35/working/System Host/1/content.ff462f88-d9e1-4d31-b084-b73cb61976d3.host.xml, /custom/assets/bundles/01EYFBFBAKP201MB3N0H3R3Z35/working/System Host/f4d7c1b8-2c88-4071-abf1-a5328977b07d.contentType.json, /custom/assets/bundles/01EYFBFBAKP201MB3N0H3R3Z35/working/test1613270793678.dotcms.com/5b300c5a-fc78-44f5-9e49-c57d74f12c66.containers.container.xml, /custom/assets/bundles/01EYFBFBAKP201MB3N0H3R3Z35/working/test1613270793678.dotcms.com/778ee696-28c2-4677-9682-bcc6867d0571.containers.container.xml, /custom/assets/bundles/01EYFBFBAKP201MB3N0H3R3Z35/working/test1613270793678.dotcms.com/974ae6f1-f16f-4b86-8d51-5cac3ec254aa.contentType.json]
difference [/custom/assets/bundles/01EYFBFBAKP201MB3N0H3R3Z35/ROOT/bc9a1d37-dd2d-4d49-a29d-0c9be740bfaf.folder.xml, /custom/assets/bundles/01EYFBFBAKP201MB3N0H3R3Z35/bundle.xml, /custom/assets/bundles/01EYFBFBAKP201MB3N0H3R3Z35/live/System Host/1/system host.host.xml]

	at org.jgroups.util.Util.assertEquals(Util.java:185)
	at com.dotcms.publishing.PublisherAPIImplTest.publish(PublisherAPIImplTest.java:407)
	at sun.reflect.NativeMethodAccessorImpl.invoke0(Native Method)
	at sun.reflect.NativeMethodAccessorImpl.invoke(NativeMethodAccessorImpl.java:62)
	at sun.reflect.DelegatingMethodAccessorImpl.invoke(DelegatingMethodAccessorImpl.java:43)
	at java.lang.reflect.Method.invoke(Method.java:498)
	at org.junit.runners.model.FrameworkMethod$1.runReflectiveCall(FrameworkMethod.java:50)
	at org.junit.internal.runners.model.ReflectiveCallable.run(ReflectiveCallable.java:12)
	at org.junit.runners.model.FrameworkMethod.invokeExplosively(FrameworkMethod.java:47)
	at com.tngtech.java.junit.dataprovider.DataProviderFrameworkMethod.invokeExplosively(DataProviderFrameworkMethod.java:119)
	at org.junit.internal.runners.statements.InvokeMethod.evaluate(InvokeMethod.java:17)
	at org.junit.rules.TestWatcher$1.evaluate(TestWatcher.java:55)
	at org.junit.rules.RunRules.evaluate(RunRules.java:20)
	at org.junit.runners.ParentRunner.runLeaf(ParentRunner.java:325)
	at com.dotcms.junit.CustomDataProviderRunner.runChild(CustomDataProviderRunner.java:28)
	at com.dotcms.junit.CustomDataProviderRunner.runChild(CustomDataProviderRunner.java:13)
	at org.junit.runners.ParentRunner$3.run(ParentRunner.java:290)
	at org.junit.runners.ParentRunner$1.schedule(ParentRunner.java:71)
	at org.junit.runners.ParentRunner.runChildren(ParentRunner.java:288)
	at org.junit.runners.ParentRunner.access$000(ParentRunner.java:58)
	at org.junit.runners.ParentRunner$2.evaluate(ParentRunner.java:268)
	at org.junit.internal.runners.statements.RunBefores.evaluate(RunBefores.java:26)
	at org.junit.internal.runners.statements.RunAfters.evaluate(RunAfters.java:27)
	at org.junit.runners.ParentRunner.run(ParentRunner.java:363)
	at org.junit.runners.Suite.runChild(Suite.java:128)
	at org.junit.runners.Suite.runChild(Suite.java:27)
	at org.junit.runners.ParentRunner$3.run(ParentRunner.java:290)
	at org.junit.runners.ParentRunner$1.schedule(ParentRunner.java:71)
	at org.junit.runners.ParentRunner.runChildren(ParentRunner.java:288)
	at org.junit.runners.ParentRunner.access$000(ParentRunner.java:58)
	at org.junit.runners.ParentRunner$2.evaluate(ParentRunner.java:268)
	at org.junit.runners.ParentRunner.run(ParentRunner.java:363)
	at org.gradle.api.internal.tasks.testing.junit.JUnitTestClassExecutor.runTestClass(JUnitTestClassExecutor.java:106)
	at org.gradle.api.internal.tasks.testing.junit.JUnitTestClassExecutor.execute(JUnitTestClassExecutor.java:58)
	at org.gradle.api.internal.tasks.testing.junit.JUnitTestClassExecutor.execute(JUnitTestClassExecutor.java:38)
	at org.gradle.api.internal.tasks.testing.junit.AbstractJUnitTestClassProcessor.processTestClass(AbstractJUnitTestClassProcessor.java:66)
	at org.gradle.api.internal.tasks.testing.SuiteTestClassProcessor.processTestClass(SuiteTestClassProcessor.java:51)
	at sun.reflect.NativeMethodAccessorImpl.invoke0(Native Method)
	at sun.reflect.NativeMethodAccessorImpl.invoke(NativeMethodAccessorImpl.java:62)
	at sun.reflect.DelegatingMethodAccessorImpl.invoke(DelegatingMethodAccessorImpl.java:43)
	at java.lang.reflect.Method.invoke(Method.java:498)
	at org.gradle.internal.dispatch.ReflectionDispatch.dispatch(ReflectionDispatch.java:35)
	at org.gradle.internal.dispatch.ReflectionDispatch.dispatch(ReflectionDispatch.java:24)
	at org.gradle.internal.dispatch.ContextClassLoaderDispatch.dispatch(ContextClassLoaderDispatch.java:32)
	at org.gradle.internal.dispatch.ProxyDispatchAdapter$DispatchingInvocationHandler.invoke(ProxyDispatchAdapter.java:93)
	at com.sun.proxy.$Proxy2.processTestClass(Unknown Source)
	at org.gradle.api.internal.tasks.testing.worker.TestWorker.processTestClass(TestWorker.java:117)
	at sun.reflect.NativeMethodAccessorImpl.invoke0(Native Method)
	at sun.reflect.NativeMethodAccessorImpl.invoke(NativeMethodAccessorImpl.java:62)
	at sun.reflect.DelegatingMethodAccessorImpl.invoke(DelegatingMethodAccessorImpl.java:43)
	at java.lang.reflect.Method.invoke(Method.java:498)
	at org.gradle.internal.dispatch.ReflectionDispatch.dispatch(ReflectionDispatch.java:35)
	at org.gradle.internal.dispatch.ReflectionDispatch.dispatch(ReflectionDispatch.java:24)
	at org.gradle.internal.remote.internal.hub.MessageHubBackedObjectConnection$DispatchWrapper.dispatch(MessageHubBackedObjectConnection.java:155)
	at org.gradle.internal.remote.internal.hub.MessageHubBackedObjectConnection$DispatchWrapper.dispatch(MessageHubBackedObjectConnection.java:137)
	at org.gradle.internal.remote.internal.hub.MessageHub$Handler.run(MessageHub.java:404)
	at org.gradle.internal.concurrent.ExecutorPolicy$CatchAndRecordFailures.onExecute(ExecutorPolicy.java:63)
	at org.gradle.internal.concurrent.ManagedExecutorImpl$1.run(ManagedExecutorImpl.java:46)
	at java.util.concurrent.ThreadPoolExecutor.runWorker(ThreadPoolExecutor.java:1149)
	at java.util.concurrent.ThreadPoolExecutor$Worker.run(ThreadPoolExecutor.java:624)
	at org.gradle.internal.concurrent.ThreadFactoryImpl$ManagedThreadRunnable.run(ThreadFactoryImpl.java:55)
	at java.lang.Thread.run(Thread.java:748)
</pre>
</span>
</div>
<div class="test">
<a name="publish[11: com.dotcms.publishing.PublisherAPIImplTest$TestCase@32af935f]"></a>
<h3 class="failures">publish[11: com.dotcms.publishing.PublisherAPIImplTest$TestCase@32af935f]</h3>
<span class="code">
<pre>java.lang.AssertionError: Expected 21 but get 23 in /custom/assets/bundles/01EYFBFBF0D3Y97MH5T6SBKX86
Expected [/custom/assets/bundles/01EYFBFBF0D3Y97MH5T6SBKX86/working/test1613270794595.dotcms.com/76ae62c7-5f43-49c0-ab23-16ec97c144df.containers.container.xml, /custom/assets/bundles/01EYFBFBF0D3Y97MH5T6SBKX86/live/default/1613273040288/0-content.9f8e543c-ebde-4caf-9ba8-cdd26963fbd0.content.xml, /custom/assets/bundles/01EYFBFBF0D3Y97MH5T6SBKX86/live/System Host/qb_DT.language.xml, /custom/assets/bundles/01EYFBFBF0D3Y97MH5T6SBKX86/live/default/1613273040288/ac6fdf39-f28a-440d-b1af-7c45c7d74ecf.contentworkflow.xml, /custom/assets/bundles/01EYFBFBF0D3Y97MH5T6SBKX86/live/System Host/1properties, /custom/assets/bundles/01EYFBFBF0D3Y97MH5T6SBKX86/live/System Host/1/1fd8aea1-5dc5-4dda-a23e-5adb74150fbf.contentworkflow.xml, /custom/assets/bundles/01EYFBFBF0D3Y97MH5T6SBKX86/live/System Host/1/content.031c332a-9642-48ef-8902-41022a5c9950.host.xml, /custom/assets/bundles/01EYFBFBF0D3Y97MH5T6SBKX86/live/System Host/en_US.language.xml, /custom/assets/bundles/01EYFBFBF0D3Y97MH5T6SBKX86/live/System Host/1/3c00f779-b1fd-432f-b409-d8a7ece7dfcb.contentworkflow.xml, /custom/assets/bundles/01EYFBFBF0D3Y97MH5T6SBKX86/live/System Host/1/content.ff462f88-d9e1-4d31-b084-b73cb61976d3.host.xml, /custom/assets/bundles/01EYFBFBF0D3Y97MH5T6SBKX86/working/System Host/1/1-content.2a61e945-8528-40c7-922e-5061f0c0d8ef.content.xml, /custom/assets/bundles/01EYFBFBF0D3Y97MH5T6SBKX86/live/default/ae92aca8-e328-4d5b-92ea-7cf8a7872c3a.rule.xml, /custom/assets/bundles/01EYFBFBF0D3Y97MH5T6SBKX86/d61a59e1-a49c-46f2-a929-db2b4bfa88b2.workflow.xml, /custom/assets/bundles/01EYFBFBF0D3Y97MH5T6SBKX86/live/System Host/1613273040288properties, /custom/assets/bundles/01EYFBFBF0D3Y97MH5T6SBKX86/working/test1613270794595.dotcms.com/2ab3e28f-3d03-48ab-8fa4-a635d7fcfe78.contentType.json, /custom/assets/bundles/01EYFBFBF0D3Y97MH5T6SBKX86/live/System Host/1/2-content.f42316da-e6dd-4238-9756-a8f39c46e135.content.xml, /custom/assets/bundles/01EYFBFBF0D3Y97MH5T6SBKX86/working/System Host/1/content.ff462f88-d9e1-4d31-b084-b73cb61976d3.host.xml, /custom/assets/bundles/01EYFBFBF0D3Y97MH5T6SBKX86/working/System Host/1/3c00f779-b1fd-432f-b409-d8a7ece7dfcb.contentworkflow.xml, /custom/assets/bundles/01EYFBFBF0D3Y97MH5T6SBKX86/working/System Host/f4d7c1b8-2c88-4071-abf1-a5328977b07d.contentType.json, /custom/assets/bundles/01EYFBFBF0D3Y97MH5T6SBKX86/live/System Host/1/3-content.2a61e945-8528-40c7-922e-5061f0c0d8ef.content.xml]
Existing [/custom/assets/bundles/01EYFBFBF0D3Y97MH5T6SBKX86/ROOT/bc9a1d37-dd2d-4d49-a29d-0c9be740bfaf.folder.xml, /custom/assets/bundles/01EYFBFBF0D3Y97MH5T6SBKX86/bundle.xml, /custom/assets/bundles/01EYFBFBF0D3Y97MH5T6SBKX86/d61a59e1-a49c-46f2-a929-db2b4bfa88b2.workflow.xml, /custom/assets/bundles/01EYFBFBF0D3Y97MH5T6SBKX86/live/System Host/1/1fd8aea1-5dc5-4dda-a23e-5adb74150fbf.contentworkflow.xml, /custom/assets/bundles/01EYFBFBF0D3Y97MH5T6SBKX86/live/System Host/1/2-content.f42316da-e6dd-4238-9756-a8f39c46e135.content.xml, /custom/assets/bundles/01EYFBFBF0D3Y97MH5T6SBKX86/live/System Host/1/3-content.2a61e945-8528-40c7-922e-5061f0c0d8ef.content.xml, /custom/assets/bundles/01EYFBFBF0D3Y97MH5T6SBKX86/live/System Host/1/3c00f779-b1fd-432f-b409-d8a7ece7dfcb.contentworkflow.xml, /custom/assets/bundles/01EYFBFBF0D3Y97MH5T6SBKX86/live/System Host/1/content.031c332a-9642-48ef-8902-41022a5c9950.host.xml, /custom/assets/bundles/01EYFBFBF0D3Y97MH5T6SBKX86/live/System Host/1/content.ff462f88-d9e1-4d31-b084-b73cb61976d3.host.xml, /custom/assets/bundles/01EYFBFBF0D3Y97MH5T6SBKX86/live/System Host/1/system host.host.xml, /custom/assets/bundles/01EYFBFBF0D3Y97MH5T6SBKX86/live/System Host/1613273040288properties, /custom/assets/bundles/01EYFBFBF0D3Y97MH5T6SBKX86/live/System Host/1properties, /custom/assets/bundles/01EYFBFBF0D3Y97MH5T6SBKX86/live/System Host/en_US.language.xml, /custom/assets/bundles/01EYFBFBF0D3Y97MH5T6SBKX86/live/System Host/qb_DT.language.xml, /custom/assets/bundles/01EYFBFBF0D3Y97MH5T6SBKX86/live/default/1613273040288/0-content.9f8e543c-ebde-4caf-9ba8-cdd26963fbd0.content.xml, /custom/assets/bundles/01EYFBFBF0D3Y97MH5T6SBKX86/live/default/1613273040288/ac6fdf39-f28a-440d-b1af-7c45c7d74ecf.contentworkflow.xml, /custom/assets/bundles/01EYFBFBF0D3Y97MH5T6SBKX86/live/default/ae92aca8-e328-4d5b-92ea-7cf8a7872c3a.rule.xml, /custom/assets/bundles/01EYFBFBF0D3Y97MH5T6SBKX86/working/System Host/1/1-content.2a61e945-8528-40c7-922e-5061f0c0d8ef.content.xml, /custom/assets/bundles/01EYFBFBF0D3Y97MH5T6SBKX86/working/System Host/1/3c00f779-b1fd-432f-b409-d8a7ece7dfcb.contentworkflow.xml, /custom/assets/bundles/01EYFBFBF0D3Y97MH5T6SBKX86/working/System Host/1/content.ff462f88-d9e1-4d31-b084-b73cb61976d3.host.xml, /custom/assets/bundles/01EYFBFBF0D3Y97MH5T6SBKX86/working/System Host/f4d7c1b8-2c88-4071-abf1-a5328977b07d.contentType.json, /custom/assets/bundles/01EYFBFBF0D3Y97MH5T6SBKX86/working/test1613270794595.dotcms.com/2ab3e28f-3d03-48ab-8fa4-a635d7fcfe78.contentType.json, /custom/assets/bundles/01EYFBFBF0D3Y97MH5T6SBKX86/working/test1613270794595.dotcms.com/76ae62c7-5f43-49c0-ab23-16ec97c144df.containers.container.xml]
difference [/custom/assets/bundles/01EYFBFBF0D3Y97MH5T6SBKX86/ROOT/bc9a1d37-dd2d-4d49-a29d-0c9be740bfaf.folder.xml, /custom/assets/bundles/01EYFBFBF0D3Y97MH5T6SBKX86/bundle.xml, /custom/assets/bundles/01EYFBFBF0D3Y97MH5T6SBKX86/live/System Host/1/system host.host.xml]

	at org.jgroups.util.Util.assertEquals(Util.java:185)
	at com.dotcms.publishing.PublisherAPIImplTest.publish(PublisherAPIImplTest.java:407)
	at sun.reflect.NativeMethodAccessorImpl.invoke0(Native Method)
	at sun.reflect.NativeMethodAccessorImpl.invoke(NativeMethodAccessorImpl.java:62)
	at sun.reflect.DelegatingMethodAccessorImpl.invoke(DelegatingMethodAccessorImpl.java:43)
	at java.lang.reflect.Method.invoke(Method.java:498)
	at org.junit.runners.model.FrameworkMethod$1.runReflectiveCall(FrameworkMethod.java:50)
	at org.junit.internal.runners.model.ReflectiveCallable.run(ReflectiveCallable.java:12)
	at org.junit.runners.model.FrameworkMethod.invokeExplosively(FrameworkMethod.java:47)
	at com.tngtech.java.junit.dataprovider.DataProviderFrameworkMethod.invokeExplosively(DataProviderFrameworkMethod.java:119)
	at org.junit.internal.runners.statements.InvokeMethod.evaluate(InvokeMethod.java:17)
	at org.junit.rules.TestWatcher$1.evaluate(TestWatcher.java:55)
	at org.junit.rules.RunRules.evaluate(RunRules.java:20)
	at org.junit.runners.ParentRunner.runLeaf(ParentRunner.java:325)
	at com.dotcms.junit.CustomDataProviderRunner.runChild(CustomDataProviderRunner.java:28)
	at com.dotcms.junit.CustomDataProviderRunner.runChild(CustomDataProviderRunner.java:13)
	at org.junit.runners.ParentRunner$3.run(ParentRunner.java:290)
	at org.junit.runners.ParentRunner$1.schedule(ParentRunner.java:71)
	at org.junit.runners.ParentRunner.runChildren(ParentRunner.java:288)
	at org.junit.runners.ParentRunner.access$000(ParentRunner.java:58)
	at org.junit.runners.ParentRunner$2.evaluate(ParentRunner.java:268)
	at org.junit.internal.runners.statements.RunBefores.evaluate(RunBefores.java:26)
	at org.junit.internal.runners.statements.RunAfters.evaluate(RunAfters.java:27)
	at org.junit.runners.ParentRunner.run(ParentRunner.java:363)
	at org.junit.runners.Suite.runChild(Suite.java:128)
	at org.junit.runners.Suite.runChild(Suite.java:27)
	at org.junit.runners.ParentRunner$3.run(ParentRunner.java:290)
	at org.junit.runners.ParentRunner$1.schedule(ParentRunner.java:71)
	at org.junit.runners.ParentRunner.runChildren(ParentRunner.java:288)
	at org.junit.runners.ParentRunner.access$000(ParentRunner.java:58)
	at org.junit.runners.ParentRunner$2.evaluate(ParentRunner.java:268)
	at org.junit.runners.ParentRunner.run(ParentRunner.java:363)
	at org.gradle.api.internal.tasks.testing.junit.JUnitTestClassExecutor.runTestClass(JUnitTestClassExecutor.java:106)
	at org.gradle.api.internal.tasks.testing.junit.JUnitTestClassExecutor.execute(JUnitTestClassExecutor.java:58)
	at org.gradle.api.internal.tasks.testing.junit.JUnitTestClassExecutor.execute(JUnitTestClassExecutor.java:38)
	at org.gradle.api.internal.tasks.testing.junit.AbstractJUnitTestClassProcessor.processTestClass(AbstractJUnitTestClassProcessor.java:66)
	at org.gradle.api.internal.tasks.testing.SuiteTestClassProcessor.processTestClass(SuiteTestClassProcessor.java:51)
	at sun.reflect.NativeMethodAccessorImpl.invoke0(Native Method)
	at sun.reflect.NativeMethodAccessorImpl.invoke(NativeMethodAccessorImpl.java:62)
	at sun.reflect.DelegatingMethodAccessorImpl.invoke(DelegatingMethodAccessorImpl.java:43)
	at java.lang.reflect.Method.invoke(Method.java:498)
	at org.gradle.internal.dispatch.ReflectionDispatch.dispatch(ReflectionDispatch.java:35)
	at org.gradle.internal.dispatch.ReflectionDispatch.dispatch(ReflectionDispatch.java:24)
	at org.gradle.internal.dispatch.ContextClassLoaderDispatch.dispatch(ContextClassLoaderDispatch.java:32)
	at org.gradle.internal.dispatch.ProxyDispatchAdapter$DispatchingInvocationHandler.invoke(ProxyDispatchAdapter.java:93)
	at com.sun.proxy.$Proxy2.processTestClass(Unknown Source)
	at org.gradle.api.internal.tasks.testing.worker.TestWorker.processTestClass(TestWorker.java:117)
	at sun.reflect.NativeMethodAccessorImpl.invoke0(Native Method)
	at sun.reflect.NativeMethodAccessorImpl.invoke(NativeMethodAccessorImpl.java:62)
	at sun.reflect.DelegatingMethodAccessorImpl.invoke(DelegatingMethodAccessorImpl.java:43)
	at java.lang.reflect.Method.invoke(Method.java:498)
	at org.gradle.internal.dispatch.ReflectionDispatch.dispatch(ReflectionDispatch.java:35)
	at org.gradle.internal.dispatch.ReflectionDispatch.dispatch(ReflectionDispatch.java:24)
	at org.gradle.internal.remote.internal.hub.MessageHubBackedObjectConnection$DispatchWrapper.dispatch(MessageHubBackedObjectConnection.java:155)
	at org.gradle.internal.remote.internal.hub.MessageHubBackedObjectConnection$DispatchWrapper.dispatch(MessageHubBackedObjectConnection.java:137)
	at org.gradle.internal.remote.internal.hub.MessageHub$Handler.run(MessageHub.java:404)
	at org.gradle.internal.concurrent.ExecutorPolicy$CatchAndRecordFailures.onExecute(ExecutorPolicy.java:63)
	at org.gradle.internal.concurrent.ManagedExecutorImpl$1.run(ManagedExecutorImpl.java:46)
	at java.util.concurrent.ThreadPoolExecutor.runWorker(ThreadPoolExecutor.java:1149)
	at java.util.concurrent.ThreadPoolExecutor$Worker.run(ThreadPoolExecutor.java:624)
	at org.gradle.internal.concurrent.ThreadFactoryImpl$ManagedThreadRunnable.run(ThreadFactoryImpl.java:55)
	at java.lang.Thread.run(Thread.java:748)
</pre>
</span>
</div>
<div class="test">
<a name="publish[12: com.dotcms.publishing.PublisherAPIImplTest$TestCase@506d1d66]"></a>
<h3 class="failures">publish[12: com.dotcms.publishing.PublisherAPIImplTest$TestCase@506d1d66]</h3>
<span class="code">
<pre>java.lang.AssertionError: Expected 31 but get 33 in /custom/assets/bundles/01EYFBFBKHYPBZRMYM7YWZE2JB
Expected [/custom/assets/bundles/01EYFBFBKHYPBZRMYM7YWZE2JB/working/System Host/33888b6f-7a8e-4069-b1b6-5c1aa9d0a48d.contentType.json, /custom/assets/bundles/01EYFBFBKHYPBZRMYM7YWZE2JB/working/System Host/f4d7c1b8-2c88-4071-abf1-a5328977b07d.contentType.json, /custom/assets/bundles/01EYFBFBKHYPBZRMYM7YWZE2JB/live/System Host/en_US.language.xml, /custom/assets/bundles/01EYFBFBKHYPBZRMYM7YWZE2JB/working/test1613270795570.dotcms.com/1/acdf33e0-95a8-4a23-9ca0-f1e684b11fb1.contentworkflow.xml, /custom/assets/bundles/01EYFBFBKHYPBZRMYM7YWZE2JB/live/System Host/qb_DT.language.xml, /custom/assets/bundles/01EYFBFBKHYPBZRMYM7YWZE2JB/d61a59e1-a49c-46f2-a929-db2b4bfa88b2.workflow.xml, /custom/assets/bundles/01EYFBFBKHYPBZRMYM7YWZE2JB/live/System Host/1/4-content.2a61e945-8528-40c7-922e-5061f0c0d8ef.content.xml, /custom/assets/bundles/01EYFBFBKHYPBZRMYM7YWZE2JB/assets/f/e/fe0e36eb-f228-49cf-bd91-6633740c5c5f/fileAsset/test.jpg, /custom/assets/bundles/01EYFBFBKHYPBZRMYM7YWZE2JB/working/test1613270795570.dotcms.com/1/2-d143a80f-ff9b-4e5c-a7e0-45446287d872.content.xml, /custom/assets/bundles/01EYFBFBKHYPBZRMYM7YWZE2JB/ROOT/testName1613270796544/testName1613270796549/a041e9da-7ff7-4ba5-bed6-cdec0b05cc3b.folder.xml, /custom/assets/bundles/01EYFBFBKHYPBZRMYM7YWZE2JB/ROOT/4d96fcbd-8769-4b77-a0ce-ffab2e3a49f4.folder.xml, /custom/assets/bundles/01EYFBFBKHYPBZRMYM7YWZE2JB/working/test1613270795570.dotcms.com/testName1613270796544/testName1613270796549/8497c33e-83b9-4b75-b70a-7ecbf879a970.link.xml, /custom/assets/bundles/01EYFBFBKHYPBZRMYM7YWZE2JB/assets/d/1/d143a80f-ff9b-4e5c-a7e0-45446287d872/fileAsset/test.jpg, /custom/assets/bundles/01EYFBFBKHYPBZRMYM7YWZE2JB/live/System Host/1613273040288properties, /custom/assets/bundles/01EYFBFBKHYPBZRMYM7YWZE2JB/working/test1613270795570.dotcms.com/3c3dee4b-518a-4ed3-8b1a-16328601d19b.contentType.json, /custom/assets/bundles/01EYFBFBKHYPBZRMYM7YWZE2JB/live/System Host/1/content.ff462f88-d9e1-4d31-b084-b73cb61976d3.host.xml, /custom/assets/bundles/01EYFBFBKHYPBZRMYM7YWZE2JB/working/test1613270795570.dotcms.com/1/5fe9349f-4bc7-4af9-b1d0-ce215f2cc233.contentworkflow.xml, /custom/assets/bundles/01EYFBFBKHYPBZRMYM7YWZE2JB/live/System Host/1/3c00f779-b1fd-432f-b409-d8a7ece7dfcb.contentworkflow.xml, /custom/assets/bundles/01EYFBFBKHYPBZRMYM7YWZE2JB/ROOT/testName1613270796544/035a8e5d-83ed-4ef7-bb47-1629484e5ac1.folder.xml, /custom/assets/bundles/01EYFBFBKHYPBZRMYM7YWZE2JB/live/System Host/1properties, /custom/assets/bundles/01EYFBFBKHYPBZRMYM7YWZE2JB/live/System Host/1/1fd8aea1-5dc5-4dda-a23e-5adb74150fbf.contentworkflow.xml, /custom/assets/bundles/01EYFBFBKHYPBZRMYM7YWZE2JB/working/System Host/1/content.ff462f88-d9e1-4d31-b084-b73cb61976d3.host.xml, /custom/assets/bundles/01EYFBFBKHYPBZRMYM7YWZE2JB/live/System Host/1/3-content.f42316da-e6dd-4238-9756-a8f39c46e135.content.xml, /custom/assets/bundles/01EYFBFBKHYPBZRMYM7YWZE2JB/working/System Host/1/3c00f779-b1fd-432f-b409-d8a7ece7dfcb.contentworkflow.xml, /custom/assets/bundles/01EYFBFBKHYPBZRMYM7YWZE2JB/live/default/1613273040288/ac6fdf39-f28a-440d-b1af-7c45c7d74ecf.contentworkflow.xml, /custom/assets/bundles/01EYFBFBKHYPBZRMYM7YWZE2JB/live/default/1613273040288/0-content.9f8e543c-ebde-4caf-9ba8-cdd26963fbd0.content.xml, /custom/assets/bundles/01EYFBFBKHYPBZRMYM7YWZE2JB/live/System Host/1/content.c6245dec-046f-4630-b79d-fd027728074f.host.xml, /custom/assets/bundles/01EYFBFBKHYPBZRMYM7YWZE2JB/working/test1613270795570.dotcms.com/1/5-fe0e36eb-f228-49cf-bd91-6633740c5c5f.content.xml, /custom/assets/bundles/01EYFBFBKHYPBZRMYM7YWZE2JB/live/default/ae92aca8-e328-4d5b-92ea-7cf8a7872c3a.rule.xml, /custom/assets/bundles/01EYFBFBKHYPBZRMYM7YWZE2JB/working/System Host/1/1-content.2a61e945-8528-40c7-922e-5061f0c0d8ef.content.xml]
Existing [/custom/assets/bundles/01EYFBFBKHYPBZRMYM7YWZE2JB/ROOT/4d96fcbd-8769-4b77-a0ce-ffab2e3a49f4.folder.xml, /custom/assets/bundles/01EYFBFBKHYPBZRMYM7YWZE2JB/ROOT/bc9a1d37-dd2d-4d49-a29d-0c9be740bfaf.folder.xml, /custom/assets/bundles/01EYFBFBKHYPBZRMYM7YWZE2JB/ROOT/testName1613270796544/035a8e5d-83ed-4ef7-bb47-1629484e5ac1.folder.xml, /custom/assets/bundles/01EYFBFBKHYPBZRMYM7YWZE2JB/ROOT/testName1613270796544/testName1613270796549/a041e9da-7ff7-4ba5-bed6-cdec0b05cc3b.folder.xml, /custom/assets/bundles/01EYFBFBKHYPBZRMYM7YWZE2JB/assets/d/1/d143a80f-ff9b-4e5c-a7e0-45446287d872/fileAsset/test.jpg, /custom/assets/bundles/01EYFBFBKHYPBZRMYM7YWZE2JB/assets/f/e/fe0e36eb-f228-49cf-bd91-6633740c5c5f/fileAsset/test.jpg, /custom/assets/bundles/01EYFBFBKHYPBZRMYM7YWZE2JB/bundle.xml, /custom/assets/bundles/01EYFBFBKHYPBZRMYM7YWZE2JB/d61a59e1-a49c-46f2-a929-db2b4bfa88b2.workflow.xml, /custom/assets/bundles/01EYFBFBKHYPBZRMYM7YWZE2JB/live/System Host/1/1fd8aea1-5dc5-4dda-a23e-5adb74150fbf.contentworkflow.xml, /custom/assets/bundles/01EYFBFBKHYPBZRMYM7YWZE2JB/live/System Host/1/3-content.f42316da-e6dd-4238-9756-a8f39c46e135.content.xml, /custom/assets/bundles/01EYFBFBKHYPBZRMYM7YWZE2JB/live/System Host/1/3c00f779-b1fd-432f-b409-d8a7ece7dfcb.contentworkflow.xml, /custom/assets/bundles/01EYFBFBKHYPBZRMYM7YWZE2JB/live/System Host/1/4-content.2a61e945-8528-40c7-922e-5061f0c0d8ef.content.xml, /custom/assets/bundles/01EYFBFBKHYPBZRMYM7YWZE2JB/live/System Host/1/content.c6245dec-046f-4630-b79d-fd027728074f.host.xml, /custom/assets/bundles/01EYFBFBKHYPBZRMYM7YWZE2JB/live/System Host/1/content.ff462f88-d9e1-4d31-b084-b73cb61976d3.host.xml, /custom/assets/bundles/01EYFBFBKHYPBZRMYM7YWZE2JB/live/System Host/1/system host.host.xml, /custom/assets/bundles/01EYFBFBKHYPBZRMYM7YWZE2JB/live/System Host/1613273040288properties, /custom/assets/bundles/01EYFBFBKHYPBZRMYM7YWZE2JB/live/System Host/1properties, /custom/assets/bundles/01EYFBFBKHYPBZRMYM7YWZE2JB/live/System Host/en_US.language.xml, /custom/assets/bundles/01EYFBFBKHYPBZRMYM7YWZE2JB/live/System Host/qb_DT.language.xml, /custom/assets/bundles/01EYFBFBKHYPBZRMYM7YWZE2JB/live/default/1613273040288/0-content.9f8e543c-ebde-4caf-9ba8-cdd26963fbd0.content.xml, /custom/assets/bundles/01EYFBFBKHYPBZRMYM7YWZE2JB/live/default/1613273040288/ac6fdf39-f28a-440d-b1af-7c45c7d74ecf.contentworkflow.xml, /custom/assets/bundles/01EYFBFBKHYPBZRMYM7YWZE2JB/live/default/ae92aca8-e328-4d5b-92ea-7cf8a7872c3a.rule.xml, /custom/assets/bundles/01EYFBFBKHYPBZRMYM7YWZE2JB/working/System Host/1/1-content.2a61e945-8528-40c7-922e-5061f0c0d8ef.content.xml, /custom/assets/bundles/01EYFBFBKHYPBZRMYM7YWZE2JB/working/System Host/1/3c00f779-b1fd-432f-b409-d8a7ece7dfcb.contentworkflow.xml, /custom/assets/bundles/01EYFBFBKHYPBZRMYM7YWZE2JB/working/System Host/1/content.ff462f88-d9e1-4d31-b084-b73cb61976d3.host.xml, /custom/assets/bundles/01EYFBFBKHYPBZRMYM7YWZE2JB/working/System Host/33888b6f-7a8e-4069-b1b6-5c1aa9d0a48d.contentType.json, /custom/assets/bundles/01EYFBFBKHYPBZRMYM7YWZE2JB/working/System Host/f4d7c1b8-2c88-4071-abf1-a5328977b07d.contentType.json, /custom/assets/bundles/01EYFBFBKHYPBZRMYM7YWZE2JB/working/test1613270795570.dotcms.com/1/2-d143a80f-ff9b-4e5c-a7e0-45446287d872.content.xml, /custom/assets/bundles/01EYFBFBKHYPBZRMYM7YWZE2JB/working/test1613270795570.dotcms.com/1/5-fe0e36eb-f228-49cf-bd91-6633740c5c5f.content.xml, /custom/assets/bundles/01EYFBFBKHYPBZRMYM7YWZE2JB/working/test1613270795570.dotcms.com/1/5fe9349f-4bc7-4af9-b1d0-ce215f2cc233.contentworkflow.xml, /custom/assets/bundles/01EYFBFBKHYPBZRMYM7YWZE2JB/working/test1613270795570.dotcms.com/1/acdf33e0-95a8-4a23-9ca0-f1e684b11fb1.contentworkflow.xml, /custom/assets/bundles/01EYFBFBKHYPBZRMYM7YWZE2JB/working/test1613270795570.dotcms.com/3c3dee4b-518a-4ed3-8b1a-16328601d19b.contentType.json, /custom/assets/bundles/01EYFBFBKHYPBZRMYM7YWZE2JB/working/test1613270795570.dotcms.com/testName1613270796544/testName1613270796549/8497c33e-83b9-4b75-b70a-7ecbf879a970.link.xml]
difference [/custom/assets/bundles/01EYFBFBKHYPBZRMYM7YWZE2JB/ROOT/bc9a1d37-dd2d-4d49-a29d-0c9be740bfaf.folder.xml, /custom/assets/bundles/01EYFBFBKHYPBZRMYM7YWZE2JB/bundle.xml, /custom/assets/bundles/01EYFBFBKHYPBZRMYM7YWZE2JB/live/System Host/1/system host.host.xml]

	at org.jgroups.util.Util.assertEquals(Util.java:185)
	at com.dotcms.publishing.PublisherAPIImplTest.publish(PublisherAPIImplTest.java:407)
	at sun.reflect.NativeMethodAccessorImpl.invoke0(Native Method)
	at sun.reflect.NativeMethodAccessorImpl.invoke(NativeMethodAccessorImpl.java:62)
	at sun.reflect.DelegatingMethodAccessorImpl.invoke(DelegatingMethodAccessorImpl.java:43)
	at java.lang.reflect.Method.invoke(Method.java:498)
	at org.junit.runners.model.FrameworkMethod$1.runReflectiveCall(FrameworkMethod.java:50)
	at org.junit.internal.runners.model.ReflectiveCallable.run(ReflectiveCallable.java:12)
	at org.junit.runners.model.FrameworkMethod.invokeExplosively(FrameworkMethod.java:47)
	at com.tngtech.java.junit.dataprovider.DataProviderFrameworkMethod.invokeExplosively(DataProviderFrameworkMethod.java:119)
	at org.junit.internal.runners.statements.InvokeMethod.evaluate(InvokeMethod.java:17)
	at org.junit.rules.TestWatcher$1.evaluate(TestWatcher.java:55)
	at org.junit.rules.RunRules.evaluate(RunRules.java:20)
	at org.junit.runners.ParentRunner.runLeaf(ParentRunner.java:325)
	at com.dotcms.junit.CustomDataProviderRunner.runChild(CustomDataProviderRunner.java:28)
	at com.dotcms.junit.CustomDataProviderRunner.runChild(CustomDataProviderRunner.java:13)
	at org.junit.runners.ParentRunner$3.run(ParentRunner.java:290)
	at org.junit.runners.ParentRunner$1.schedule(ParentRunner.java:71)
	at org.junit.runners.ParentRunner.runChildren(ParentRunner.java:288)
	at org.junit.runners.ParentRunner.access$000(ParentRunner.java:58)
	at org.junit.runners.ParentRunner$2.evaluate(ParentRunner.java:268)
	at org.junit.internal.runners.statements.RunBefores.evaluate(RunBefores.java:26)
	at org.junit.internal.runners.statements.RunAfters.evaluate(RunAfters.java:27)
	at org.junit.runners.ParentRunner.run(ParentRunner.java:363)
	at org.junit.runners.Suite.runChild(Suite.java:128)
	at org.junit.runners.Suite.runChild(Suite.java:27)
	at org.junit.runners.ParentRunner$3.run(ParentRunner.java:290)
	at org.junit.runners.ParentRunner$1.schedule(ParentRunner.java:71)
	at org.junit.runners.ParentRunner.runChildren(ParentRunner.java:288)
	at org.junit.runners.ParentRunner.access$000(ParentRunner.java:58)
	at org.junit.runners.ParentRunner$2.evaluate(ParentRunner.java:268)
	at org.junit.runners.ParentRunner.run(ParentRunner.java:363)
	at org.gradle.api.internal.tasks.testing.junit.JUnitTestClassExecutor.runTestClass(JUnitTestClassExecutor.java:106)
	at org.gradle.api.internal.tasks.testing.junit.JUnitTestClassExecutor.execute(JUnitTestClassExecutor.java:58)
	at org.gradle.api.internal.tasks.testing.junit.JUnitTestClassExecutor.execute(JUnitTestClassExecutor.java:38)
	at org.gradle.api.internal.tasks.testing.junit.AbstractJUnitTestClassProcessor.processTestClass(AbstractJUnitTestClassProcessor.java:66)
	at org.gradle.api.internal.tasks.testing.SuiteTestClassProcessor.processTestClass(SuiteTestClassProcessor.java:51)
	at sun.reflect.NativeMethodAccessorImpl.invoke0(Native Method)
	at sun.reflect.NativeMethodAccessorImpl.invoke(NativeMethodAccessorImpl.java:62)
	at sun.reflect.DelegatingMethodAccessorImpl.invoke(DelegatingMethodAccessorImpl.java:43)
	at java.lang.reflect.Method.invoke(Method.java:498)
	at org.gradle.internal.dispatch.ReflectionDispatch.dispatch(ReflectionDispatch.java:35)
	at org.gradle.internal.dispatch.ReflectionDispatch.dispatch(ReflectionDispatch.java:24)
	at org.gradle.internal.dispatch.ContextClassLoaderDispatch.dispatch(ContextClassLoaderDispatch.java:32)
	at org.gradle.internal.dispatch.ProxyDispatchAdapter$DispatchingInvocationHandler.invoke(ProxyDispatchAdapter.java:93)
	at com.sun.proxy.$Proxy2.processTestClass(Unknown Source)
	at org.gradle.api.internal.tasks.testing.worker.TestWorker.processTestClass(TestWorker.java:117)
	at sun.reflect.NativeMethodAccessorImpl.invoke0(Native Method)
	at sun.reflect.NativeMethodAccessorImpl.invoke(NativeMethodAccessorImpl.java:62)
	at sun.reflect.DelegatingMethodAccessorImpl.invoke(DelegatingMethodAccessorImpl.java:43)
	at java.lang.reflect.Method.invoke(Method.java:498)
	at org.gradle.internal.dispatch.ReflectionDispatch.dispatch(ReflectionDispatch.java:35)
	at org.gradle.internal.dispatch.ReflectionDispatch.dispatch(ReflectionDispatch.java:24)
	at org.gradle.internal.remote.internal.hub.MessageHubBackedObjectConnection$DispatchWrapper.dispatch(MessageHubBackedObjectConnection.java:155)
	at org.gradle.internal.remote.internal.hub.MessageHubBackedObjectConnection$DispatchWrapper.dispatch(MessageHubBackedObjectConnection.java:137)
	at org.gradle.internal.remote.internal.hub.MessageHub$Handler.run(MessageHub.java:404)
	at org.gradle.internal.concurrent.ExecutorPolicy$CatchAndRecordFailures.onExecute(ExecutorPolicy.java:63)
	at org.gradle.internal.concurrent.ManagedExecutorImpl$1.run(ManagedExecutorImpl.java:46)
	at java.util.concurrent.ThreadPoolExecutor.runWorker(ThreadPoolExecutor.java:1149)
	at java.util.concurrent.ThreadPoolExecutor$Worker.run(ThreadPoolExecutor.java:624)
	at org.gradle.internal.concurrent.ThreadFactoryImpl$ManagedThreadRunnable.run(ThreadFactoryImpl.java:55)
	at java.lang.Thread.run(Thread.java:748)
</pre>
</span>
</div>
<div class="test">
<a name="publish[13: com.dotcms.publishing.PublisherAPIImplTest$TestCase@7c914eb1]"></a>
<h3 class="failures">publish[13: com.dotcms.publishing.PublisherAPIImplTest$TestCase@7c914eb1]</h3>
<span class="code">
<pre>java.lang.AssertionError: Expected 28 but get 30 in /custom/assets/bundles/01EYFBFBQVGJWMX75ZHP7FPJ7P
Expected [/custom/assets/bundles/01EYFBFBQVGJWMX75ZHP7FPJ7P/working/System Host/f4d7c1b8-2c88-4071-abf1-a5328977b07d.contentType.json, /custom/assets/bundles/01EYFBFBQVGJWMX75ZHP7FPJ7P/working/System Host/1/content.ff462f88-d9e1-4d31-b084-b73cb61976d3.host.xml, /custom/assets/bundles/01EYFBFBQVGJWMX75ZHP7FPJ7P/live/default/1613273040288/0-content.9f8e543c-ebde-4caf-9ba8-cdd26963fbd0.content.xml, /custom/assets/bundles/01EYFBFBQVGJWMX75ZHP7FPJ7P/working/test1613270796840.dotcms.com/1/1-content.c01fb9e6-e435-43b0-85f4-f1b0ac0828c6.content.xml, /custom/assets/bundles/01EYFBFBQVGJWMX75ZHP7FPJ7P/working/System Host/33888b6f-7a8e-4069-b1b6-5c1aa9d0a48d.contentType.json, /custom/assets/bundles/01EYFBFBQVGJWMX75ZHP7FPJ7P/live/default/1613273040288/ac6fdf39-f28a-440d-b1af-7c45c7d74ecf.contentworkflow.xml, /custom/assets/bundles/01EYFBFBQVGJWMX75ZHP7FPJ7P/ROOT/c8be6502-9f83-49ac-a0da-33744b087b2d.folder.xml, /custom/assets/bundles/01EYFBFBQVGJWMX75ZHP7FPJ7P/working/System Host/1/2-content.2a61e945-8528-40c7-922e-5061f0c0d8ef.content.xml, /custom/assets/bundles/01EYFBFBQVGJWMX75ZHP7FPJ7P/live/System Host/1/3-content.f42316da-e6dd-4238-9756-a8f39c46e135.content.xml, /custom/assets/bundles/01EYFBFBQVGJWMX75ZHP7FPJ7P/working/test1613270796840.dotcms.com/7a5cac24-32a0-4085-b714-0732b502c096.contentType.json, /custom/assets/bundles/01EYFBFBQVGJWMX75ZHP7FPJ7P/live/test1613270796840.dotcms.com/4f88e03e-f8e1-4039-a2e0-8879b180fb99.rule.xml, /custom/assets/bundles/01EYFBFBQVGJWMX75ZHP7FPJ7P/live/default/ae92aca8-e328-4d5b-92ea-7cf8a7872c3a.rule.xml, /custom/assets/bundles/01EYFBFBQVGJWMX75ZHP7FPJ7P/d61a59e1-a49c-46f2-a929-db2b4bfa88b2.workflow.xml, /custom/assets/bundles/01EYFBFBQVGJWMX75ZHP7FPJ7P/live/System Host/en_US.language.xml, /custom/assets/bundles/01EYFBFBQVGJWMX75ZHP7FPJ7P/live/System Host/1/content.3a2690ac-ca8d-4e26-8188-965b0242d284.host.xml, /custom/assets/bundles/01EYFBFBQVGJWMX75ZHP7FPJ7P/working/System Host/1/3c00f779-b1fd-432f-b409-d8a7ece7dfcb.contentworkflow.xml, /custom/assets/bundles/01EYFBFBQVGJWMX75ZHP7FPJ7P/live/System Host/1613273040288properties, /custom/assets/bundles/01EYFBFBQVGJWMX75ZHP7FPJ7P/live/System Host/1/4-content.2a61e945-8528-40c7-922e-5061f0c0d8ef.content.xml, /custom/assets/bundles/01EYFBFBQVGJWMX75ZHP7FPJ7P/live/System Host/1/1fd8aea1-5dc5-4dda-a23e-5adb74150fbf.contentworkflow.xml, /custom/assets/bundles/01EYFBFBQVGJWMX75ZHP7FPJ7P/live/System Host/1/3c00f779-b1fd-432f-b409-d8a7ece7dfcb.contentworkflow.xml, /custom/assets/bundles/01EYFBFBQVGJWMX75ZHP7FPJ7P/live/System Host/1properties, /custom/assets/bundles/01EYFBFBQVGJWMX75ZHP7FPJ7P/working/test1613270796840.dotcms.com/1/8a43e8e3-ba91-42ad-983b-502373a8e316.contentworkflow.xml, /custom/assets/bundles/01EYFBFBQVGJWMX75ZHP7FPJ7P/live/System Host/1/content.ff462f88-d9e1-4d31-b084-b73cb61976d3.host.xml, /custom/assets/bundles/01EYFBFBQVGJWMX75ZHP7FPJ7P/working/test1613270796840.dotcms.com/6b6889f9-1c93-406c-b13c-b0ba62048aad.contentType.json, /custom/assets/bundles/01EYFBFBQVGJWMX75ZHP7FPJ7P/working/test1613270796840.dotcms.com/0a750ebe-20da-49ff-bb03-1d1043143f35.containers.container.xml, /custom/assets/bundles/01EYFBFBQVGJWMX75ZHP7FPJ7P/live/System Host/qb_DT.language.xml, /custom/assets/bundles/01EYFBFBQVGJWMX75ZHP7FPJ7P/live/test1613270796840.dotcms.com/afb36131-ff4e-4194-a835-b672600e8c21.template.template.xml]
Existing [/custom/assets/bundles/01EYFBFBQVGJWMX75ZHP7FPJ7P/ROOT/bc9a1d37-dd2d-4d49-a29d-0c9be740bfaf.folder.xml, /custom/assets/bundles/01EYFBFBQVGJWMX75ZHP7FPJ7P/ROOT/c8be6502-9f83-49ac-a0da-33744b087b2d.folder.xml, /custom/assets/bundles/01EYFBFBQVGJWMX75ZHP7FPJ7P/bundle.xml, /custom/assets/bundles/01EYFBFBQVGJWMX75ZHP7FPJ7P/d61a59e1-a49c-46f2-a929-db2b4bfa88b2.workflow.xml, /custom/assets/bundles/01EYFBFBQVGJWMX75ZHP7FPJ7P/live/System Host/1/1fd8aea1-5dc5-4dda-a23e-5adb74150fbf.contentworkflow.xml, /custom/assets/bundles/01EYFBFBQVGJWMX75ZHP7FPJ7P/live/System Host/1/3-content.f42316da-e6dd-4238-9756-a8f39c46e135.content.xml, /custom/assets/bundles/01EYFBFBQVGJWMX75ZHP7FPJ7P/live/System Host/1/3c00f779-b1fd-432f-b409-d8a7ece7dfcb.contentworkflow.xml, /custom/assets/bundles/01EYFBFBQVGJWMX75ZHP7FPJ7P/live/System Host/1/4-content.2a61e945-8528-40c7-922e-5061f0c0d8ef.content.xml, /custom/assets/bundles/01EYFBFBQVGJWMX75ZHP7FPJ7P/live/System Host/1/content.3a2690ac-ca8d-4e26-8188-965b0242d284.host.xml, /custom/assets/bundles/01EYFBFBQVGJWMX75ZHP7FPJ7P/live/System Host/1/content.ff462f88-d9e1-4d31-b084-b73cb61976d3.host.xml, /custom/assets/bundles/01EYFBFBQVGJWMX75ZHP7FPJ7P/live/System Host/1/system host.host.xml, /custom/assets/bundles/01EYFBFBQVGJWMX75ZHP7FPJ7P/live/System Host/1613273040288properties, /custom/assets/bundles/01EYFBFBQVGJWMX75ZHP7FPJ7P/live/System Host/1properties, /custom/assets/bundles/01EYFBFBQVGJWMX75ZHP7FPJ7P/live/System Host/en_US.language.xml, /custom/assets/bundles/01EYFBFBQVGJWMX75ZHP7FPJ7P/live/System Host/qb_DT.language.xml, /custom/assets/bundles/01EYFBFBQVGJWMX75ZHP7FPJ7P/live/default/1613273040288/0-content.9f8e543c-ebde-4caf-9ba8-cdd26963fbd0.content.xml, /custom/assets/bundles/01EYFBFBQVGJWMX75ZHP7FPJ7P/live/default/1613273040288/ac6fdf39-f28a-440d-b1af-7c45c7d74ecf.contentworkflow.xml, /custom/assets/bundles/01EYFBFBQVGJWMX75ZHP7FPJ7P/live/default/ae92aca8-e328-4d5b-92ea-7cf8a7872c3a.rule.xml, /custom/assets/bundles/01EYFBFBQVGJWMX75ZHP7FPJ7P/live/test1613270796840.dotcms.com/4f88e03e-f8e1-4039-a2e0-8879b180fb99.rule.xml, /custom/assets/bundles/01EYFBFBQVGJWMX75ZHP7FPJ7P/live/test1613270796840.dotcms.com/afb36131-ff4e-4194-a835-b672600e8c21.template.template.xml, /custom/assets/bundles/01EYFBFBQVGJWMX75ZHP7FPJ7P/working/System Host/1/2-content.2a61e945-8528-40c7-922e-5061f0c0d8ef.content.xml, /custom/assets/bundles/01EYFBFBQVGJWMX75ZHP7FPJ7P/working/System Host/1/3c00f779-b1fd-432f-b409-d8a7ece7dfcb.contentworkflow.xml, /custom/assets/bundles/01EYFBFBQVGJWMX75ZHP7FPJ7P/working/System Host/1/content.ff462f88-d9e1-4d31-b084-b73cb61976d3.host.xml, /custom/assets/bundles/01EYFBFBQVGJWMX75ZHP7FPJ7P/working/System Host/33888b6f-7a8e-4069-b1b6-5c1aa9d0a48d.contentType.json, /custom/assets/bundles/01EYFBFBQVGJWMX75ZHP7FPJ7P/working/System Host/f4d7c1b8-2c88-4071-abf1-a5328977b07d.contentType.json, /custom/assets/bundles/01EYFBFBQVGJWMX75ZHP7FPJ7P/working/test1613270796840.dotcms.com/0a750ebe-20da-49ff-bb03-1d1043143f35.containers.container.xml, /custom/assets/bundles/01EYFBFBQVGJWMX75ZHP7FPJ7P/working/test1613270796840.dotcms.com/1/1-content.c01fb9e6-e435-43b0-85f4-f1b0ac0828c6.content.xml, /custom/assets/bundles/01EYFBFBQVGJWMX75ZHP7FPJ7P/working/test1613270796840.dotcms.com/1/8a43e8e3-ba91-42ad-983b-502373a8e316.contentworkflow.xml, /custom/assets/bundles/01EYFBFBQVGJWMX75ZHP7FPJ7P/working/test1613270796840.dotcms.com/6b6889f9-1c93-406c-b13c-b0ba62048aad.contentType.json, /custom/assets/bundles/01EYFBFBQVGJWMX75ZHP7FPJ7P/working/test1613270796840.dotcms.com/7a5cac24-32a0-4085-b714-0732b502c096.contentType.json]
difference [/custom/assets/bundles/01EYFBFBQVGJWMX75ZHP7FPJ7P/ROOT/bc9a1d37-dd2d-4d49-a29d-0c9be740bfaf.folder.xml, /custom/assets/bundles/01EYFBFBQVGJWMX75ZHP7FPJ7P/bundle.xml, /custom/assets/bundles/01EYFBFBQVGJWMX75ZHP7FPJ7P/live/System Host/1/system host.host.xml]

	at org.jgroups.util.Util.assertEquals(Util.java:185)
	at com.dotcms.publishing.PublisherAPIImplTest.publish(PublisherAPIImplTest.java:407)
	at sun.reflect.NativeMethodAccessorImpl.invoke0(Native Method)
	at sun.reflect.NativeMethodAccessorImpl.invoke(NativeMethodAccessorImpl.java:62)
	at sun.reflect.DelegatingMethodAccessorImpl.invoke(DelegatingMethodAccessorImpl.java:43)
	at java.lang.reflect.Method.invoke(Method.java:498)
	at org.junit.runners.model.FrameworkMethod$1.runReflectiveCall(FrameworkMethod.java:50)
	at org.junit.internal.runners.model.ReflectiveCallable.run(ReflectiveCallable.java:12)
	at org.junit.runners.model.FrameworkMethod.invokeExplosively(FrameworkMethod.java:47)
	at com.tngtech.java.junit.dataprovider.DataProviderFrameworkMethod.invokeExplosively(DataProviderFrameworkMethod.java:119)
	at org.junit.internal.runners.statements.InvokeMethod.evaluate(InvokeMethod.java:17)
	at org.junit.rules.TestWatcher$1.evaluate(TestWatcher.java:55)
	at org.junit.rules.RunRules.evaluate(RunRules.java:20)
	at org.junit.runners.ParentRunner.runLeaf(ParentRunner.java:325)
	at com.dotcms.junit.CustomDataProviderRunner.runChild(CustomDataProviderRunner.java:28)
	at com.dotcms.junit.CustomDataProviderRunner.runChild(CustomDataProviderRunner.java:13)
	at org.junit.runners.ParentRunner$3.run(ParentRunner.java:290)
	at org.junit.runners.ParentRunner$1.schedule(ParentRunner.java:71)
	at org.junit.runners.ParentRunner.runChildren(ParentRunner.java:288)
	at org.junit.runners.ParentRunner.access$000(ParentRunner.java:58)
	at org.junit.runners.ParentRunner$2.evaluate(ParentRunner.java:268)
	at org.junit.internal.runners.statements.RunBefores.evaluate(RunBefores.java:26)
	at org.junit.internal.runners.statements.RunAfters.evaluate(RunAfters.java:27)
	at org.junit.runners.ParentRunner.run(ParentRunner.java:363)
	at org.junit.runners.Suite.runChild(Suite.java:128)
	at org.junit.runners.Suite.runChild(Suite.java:27)
	at org.junit.runners.ParentRunner$3.run(ParentRunner.java:290)
	at org.junit.runners.ParentRunner$1.schedule(ParentRunner.java:71)
	at org.junit.runners.ParentRunner.runChildren(ParentRunner.java:288)
	at org.junit.runners.ParentRunner.access$000(ParentRunner.java:58)
	at org.junit.runners.ParentRunner$2.evaluate(ParentRunner.java:268)
	at org.junit.runners.ParentRunner.run(ParentRunner.java:363)
	at org.gradle.api.internal.tasks.testing.junit.JUnitTestClassExecutor.runTestClass(JUnitTestClassExecutor.java:106)
	at org.gradle.api.internal.tasks.testing.junit.JUnitTestClassExecutor.execute(JUnitTestClassExecutor.java:58)
	at org.gradle.api.internal.tasks.testing.junit.JUnitTestClassExecutor.execute(JUnitTestClassExecutor.java:38)
	at org.gradle.api.internal.tasks.testing.junit.AbstractJUnitTestClassProcessor.processTestClass(AbstractJUnitTestClassProcessor.java:66)
	at org.gradle.api.internal.tasks.testing.SuiteTestClassProcessor.processTestClass(SuiteTestClassProcessor.java:51)
	at sun.reflect.NativeMethodAccessorImpl.invoke0(Native Method)
	at sun.reflect.NativeMethodAccessorImpl.invoke(NativeMethodAccessorImpl.java:62)
	at sun.reflect.DelegatingMethodAccessorImpl.invoke(DelegatingMethodAccessorImpl.java:43)
	at java.lang.reflect.Method.invoke(Method.java:498)
	at org.gradle.internal.dispatch.ReflectionDispatch.dispatch(ReflectionDispatch.java:35)
	at org.gradle.internal.dispatch.ReflectionDispatch.dispatch(ReflectionDispatch.java:24)
	at org.gradle.internal.dispatch.ContextClassLoaderDispatch.dispatch(ContextClassLoaderDispatch.java:32)
	at org.gradle.internal.dispatch.ProxyDispatchAdapter$DispatchingInvocationHandler.invoke(ProxyDispatchAdapter.java:93)
	at com.sun.proxy.$Proxy2.processTestClass(Unknown Source)
	at org.gradle.api.internal.tasks.testing.worker.TestWorker.processTestClass(TestWorker.java:117)
	at sun.reflect.NativeMethodAccessorImpl.invoke0(Native Method)
	at sun.reflect.NativeMethodAccessorImpl.invoke(NativeMethodAccessorImpl.java:62)
	at sun.reflect.DelegatingMethodAccessorImpl.invoke(DelegatingMethodAccessorImpl.java:43)
	at java.lang.reflect.Method.invoke(Method.java:498)
	at org.gradle.internal.dispatch.ReflectionDispatch.dispatch(ReflectionDispatch.java:35)
	at org.gradle.internal.dispatch.ReflectionDispatch.dispatch(ReflectionDispatch.java:24)
	at org.gradle.internal.remote.internal.hub.MessageHubBackedObjectConnection$DispatchWrapper.dispatch(MessageHubBackedObjectConnection.java:155)
	at org.gradle.internal.remote.internal.hub.MessageHubBackedObjectConnection$DispatchWrapper.dispatch(MessageHubBackedObjectConnection.java:137)
	at org.gradle.internal.remote.internal.hub.MessageHub$Handler.run(MessageHub.java:404)
	at org.gradle.internal.concurrent.ExecutorPolicy$CatchAndRecordFailures.onExecute(ExecutorPolicy.java:63)
	at org.gradle.internal.concurrent.ManagedExecutorImpl$1.run(ManagedExecutorImpl.java:46)
	at java.util.concurrent.ThreadPoolExecutor.runWorker(ThreadPoolExecutor.java:1149)
	at java.util.concurrent.ThreadPoolExecutor$Worker.run(ThreadPoolExecutor.java:624)
	at org.gradle.internal.concurrent.ThreadFactoryImpl$ManagedThreadRunnable.run(ThreadFactoryImpl.java:55)
	at java.lang.Thread.run(Thread.java:748)
</pre>
</span>
</div>
<div class="test">
<a name="publish[14: com.dotcms.publishing.PublisherAPIImplTest$TestCase@1dcac259]"></a>
<h3 class="failures">publish[14: com.dotcms.publishing.PublisherAPIImplTest$TestCase@1dcac259]</h3>
<span class="code">
<pre>java.lang.AssertionError: Expected 21 but get 23 in /custom/assets/bundles/01EYFBFBW6QCQPG0W9BWDB9DCK
Expected [/custom/assets/bundles/01EYFBFBW6QCQPG0W9BWDB9DCK/working/System Host/1/3c00f779-b1fd-432f-b409-d8a7ece7dfcb.contentworkflow.xml, /custom/assets/bundles/01EYFBFBW6QCQPG0W9BWDB9DCK/live/System Host/1/2-content.f42316da-e6dd-4238-9756-a8f39c46e135.content.xml, /custom/assets/bundles/01EYFBFBW6QCQPG0W9BWDB9DCK/live/default/1613273040288/ac6fdf39-f28a-440d-b1af-7c45c7d74ecf.contentworkflow.xml, /custom/assets/bundles/01EYFBFBW6QCQPG0W9BWDB9DCK/ROOT/73ef75af-228c-47f1-8f4e-cdfb3e59abd5.folder.xml, /custom/assets/bundles/01EYFBFBW6QCQPG0W9BWDB9DCK/live/default/ae92aca8-e328-4d5b-92ea-7cf8a7872c3a.rule.xml, /custom/assets/bundles/01EYFBFBW6QCQPG0W9BWDB9DCK/live/System Host/1/3-content.2a61e945-8528-40c7-922e-5061f0c0d8ef.content.xml, /custom/assets/bundles/01EYFBFBW6QCQPG0W9BWDB9DCK/live/System Host/1/content.a12f228e-5a99-4797-850f-7f986944019f.host.xml, /custom/assets/bundles/01EYFBFBW6QCQPG0W9BWDB9DCK/working/System Host/1/content.ff462f88-d9e1-4d31-b084-b73cb61976d3.host.xml, /custom/assets/bundles/01EYFBFBW6QCQPG0W9BWDB9DCK/live/System Host/1properties, /custom/assets/bundles/01EYFBFBW6QCQPG0W9BWDB9DCK/live/default/1613273040288/0-content.9f8e543c-ebde-4caf-9ba8-cdd26963fbd0.content.xml, /custom/assets/bundles/01EYFBFBW6QCQPG0W9BWDB9DCK/live/System Host/qb_DT.language.xml, /custom/assets/bundles/01EYFBFBW6QCQPG0W9BWDB9DCK/d61a59e1-a49c-46f2-a929-db2b4bfa88b2.workflow.xml, /custom/assets/bundles/01EYFBFBW6QCQPG0W9BWDB9DCK/live/System Host/en_US.language.xml, /custom/assets/bundles/01EYFBFBW6QCQPG0W9BWDB9DCK/working/test1613270797803.dotcms.com/testName1613270798613/8848faab-856d-4377-929d-73fbe2153a2c.link.xml, /custom/assets/bundles/01EYFBFBW6QCQPG0W9BWDB9DCK/working/System Host/1/1-content.2a61e945-8528-40c7-922e-5061f0c0d8ef.content.xml, /custom/assets/bundles/01EYFBFBW6QCQPG0W9BWDB9DCK/live/System Host/1613273040288properties, /custom/assets/bundles/01EYFBFBW6QCQPG0W9BWDB9DCK/live/System Host/1/content.ff462f88-d9e1-4d31-b084-b73cb61976d3.host.xml, /custom/assets/bundles/01EYFBFBW6QCQPG0W9BWDB9DCK/live/System Host/1/3c00f779-b1fd-432f-b409-d8a7ece7dfcb.contentworkflow.xml, /custom/assets/bundles/01EYFBFBW6QCQPG0W9BWDB9DCK/working/System Host/f4d7c1b8-2c88-4071-abf1-a5328977b07d.contentType.json, /custom/assets/bundles/01EYFBFBW6QCQPG0W9BWDB9DCK/live/System Host/1/1fd8aea1-5dc5-4dda-a23e-5adb74150fbf.contentworkflow.xml]
Existing [/custom/assets/bundles/01EYFBFBW6QCQPG0W9BWDB9DCK/ROOT/73ef75af-228c-47f1-8f4e-cdfb3e59abd5.folder.xml, /custom/assets/bundles/01EYFBFBW6QCQPG0W9BWDB9DCK/ROOT/bc9a1d37-dd2d-4d49-a29d-0c9be740bfaf.folder.xml, /custom/assets/bundles/01EYFBFBW6QCQPG0W9BWDB9DCK/bundle.xml, /custom/assets/bundles/01EYFBFBW6QCQPG0W9BWDB9DCK/d61a59e1-a49c-46f2-a929-db2b4bfa88b2.workflow.xml, /custom/assets/bundles/01EYFBFBW6QCQPG0W9BWDB9DCK/live/System Host/1/1fd8aea1-5dc5-4dda-a23e-5adb74150fbf.contentworkflow.xml, /custom/assets/bundles/01EYFBFBW6QCQPG0W9BWDB9DCK/live/System Host/1/2-content.f42316da-e6dd-4238-9756-a8f39c46e135.content.xml, /custom/assets/bundles/01EYFBFBW6QCQPG0W9BWDB9DCK/live/System Host/1/3-content.2a61e945-8528-40c7-922e-5061f0c0d8ef.content.xml, /custom/assets/bundles/01EYFBFBW6QCQPG0W9BWDB9DCK/live/System Host/1/3c00f779-b1fd-432f-b409-d8a7ece7dfcb.contentworkflow.xml, /custom/assets/bundles/01EYFBFBW6QCQPG0W9BWDB9DCK/live/System Host/1/content.a12f228e-5a99-4797-850f-7f986944019f.host.xml, /custom/assets/bundles/01EYFBFBW6QCQPG0W9BWDB9DCK/live/System Host/1/content.ff462f88-d9e1-4d31-b084-b73cb61976d3.host.xml, /custom/assets/bundles/01EYFBFBW6QCQPG0W9BWDB9DCK/live/System Host/1/system host.host.xml, /custom/assets/bundles/01EYFBFBW6QCQPG0W9BWDB9DCK/live/System Host/1613273040288properties, /custom/assets/bundles/01EYFBFBW6QCQPG0W9BWDB9DCK/live/System Host/1properties, /custom/assets/bundles/01EYFBFBW6QCQPG0W9BWDB9DCK/live/System Host/en_US.language.xml, /custom/assets/bundles/01EYFBFBW6QCQPG0W9BWDB9DCK/live/System Host/qb_DT.language.xml, /custom/assets/bundles/01EYFBFBW6QCQPG0W9BWDB9DCK/live/default/1613273040288/0-content.9f8e543c-ebde-4caf-9ba8-cdd26963fbd0.content.xml, /custom/assets/bundles/01EYFBFBW6QCQPG0W9BWDB9DCK/live/default/1613273040288/ac6fdf39-f28a-440d-b1af-7c45c7d74ecf.contentworkflow.xml, /custom/assets/bundles/01EYFBFBW6QCQPG0W9BWDB9DCK/live/default/ae92aca8-e328-4d5b-92ea-7cf8a7872c3a.rule.xml, /custom/assets/bundles/01EYFBFBW6QCQPG0W9BWDB9DCK/working/System Host/1/1-content.2a61e945-8528-40c7-922e-5061f0c0d8ef.content.xml, /custom/assets/bundles/01EYFBFBW6QCQPG0W9BWDB9DCK/working/System Host/1/3c00f779-b1fd-432f-b409-d8a7ece7dfcb.contentworkflow.xml, /custom/assets/bundles/01EYFBFBW6QCQPG0W9BWDB9DCK/working/System Host/1/content.ff462f88-d9e1-4d31-b084-b73cb61976d3.host.xml, /custom/assets/bundles/01EYFBFBW6QCQPG0W9BWDB9DCK/working/System Host/f4d7c1b8-2c88-4071-abf1-a5328977b07d.contentType.json, /custom/assets/bundles/01EYFBFBW6QCQPG0W9BWDB9DCK/working/test1613270797803.dotcms.com/testName1613270798613/8848faab-856d-4377-929d-73fbe2153a2c.link.xml]
difference [/custom/assets/bundles/01EYFBFBW6QCQPG0W9BWDB9DCK/ROOT/bc9a1d37-dd2d-4d49-a29d-0c9be740bfaf.folder.xml, /custom/assets/bundles/01EYFBFBW6QCQPG0W9BWDB9DCK/bundle.xml, /custom/assets/bundles/01EYFBFBW6QCQPG0W9BWDB9DCK/live/System Host/1/system host.host.xml]

	at org.jgroups.util.Util.assertEquals(Util.java:185)
	at com.dotcms.publishing.PublisherAPIImplTest.publish(PublisherAPIImplTest.java:407)
	at sun.reflect.NativeMethodAccessorImpl.invoke0(Native Method)
	at sun.reflect.NativeMethodAccessorImpl.invoke(NativeMethodAccessorImpl.java:62)
	at sun.reflect.DelegatingMethodAccessorImpl.invoke(DelegatingMethodAccessorImpl.java:43)
	at java.lang.reflect.Method.invoke(Method.java:498)
	at org.junit.runners.model.FrameworkMethod$1.runReflectiveCall(FrameworkMethod.java:50)
	at org.junit.internal.runners.model.ReflectiveCallable.run(ReflectiveCallable.java:12)
	at org.junit.runners.model.FrameworkMethod.invokeExplosively(FrameworkMethod.java:47)
	at com.tngtech.java.junit.dataprovider.DataProviderFrameworkMethod.invokeExplosively(DataProviderFrameworkMethod.java:119)
	at org.junit.internal.runners.statements.InvokeMethod.evaluate(InvokeMethod.java:17)
	at org.junit.rules.TestWatcher$1.evaluate(TestWatcher.java:55)
	at org.junit.rules.RunRules.evaluate(RunRules.java:20)
	at org.junit.runners.ParentRunner.runLeaf(ParentRunner.java:325)
	at com.dotcms.junit.CustomDataProviderRunner.runChild(CustomDataProviderRunner.java:28)
	at com.dotcms.junit.CustomDataProviderRunner.runChild(CustomDataProviderRunner.java:13)
	at org.junit.runners.ParentRunner$3.run(ParentRunner.java:290)
	at org.junit.runners.ParentRunner$1.schedule(ParentRunner.java:71)
	at org.junit.runners.ParentRunner.runChildren(ParentRunner.java:288)
	at org.junit.runners.ParentRunner.access$000(ParentRunner.java:58)
	at org.junit.runners.ParentRunner$2.evaluate(ParentRunner.java:268)
	at org.junit.internal.runners.statements.RunBefores.evaluate(RunBefores.java:26)
	at org.junit.internal.runners.statements.RunAfters.evaluate(RunAfters.java:27)
	at org.junit.runners.ParentRunner.run(ParentRunner.java:363)
	at org.junit.runners.Suite.runChild(Suite.java:128)
	at org.junit.runners.Suite.runChild(Suite.java:27)
	at org.junit.runners.ParentRunner$3.run(ParentRunner.java:290)
	at org.junit.runners.ParentRunner$1.schedule(ParentRunner.java:71)
	at org.junit.runners.ParentRunner.runChildren(ParentRunner.java:288)
	at org.junit.runners.ParentRunner.access$000(ParentRunner.java:58)
	at org.junit.runners.ParentRunner$2.evaluate(ParentRunner.java:268)
	at org.junit.runners.ParentRunner.run(ParentRunner.java:363)
	at org.gradle.api.internal.tasks.testing.junit.JUnitTestClassExecutor.runTestClass(JUnitTestClassExecutor.java:106)
	at org.gradle.api.internal.tasks.testing.junit.JUnitTestClassExecutor.execute(JUnitTestClassExecutor.java:58)
	at org.gradle.api.internal.tasks.testing.junit.JUnitTestClassExecutor.execute(JUnitTestClassExecutor.java:38)
	at org.gradle.api.internal.tasks.testing.junit.AbstractJUnitTestClassProcessor.processTestClass(AbstractJUnitTestClassProcessor.java:66)
	at org.gradle.api.internal.tasks.testing.SuiteTestClassProcessor.processTestClass(SuiteTestClassProcessor.java:51)
	at sun.reflect.NativeMethodAccessorImpl.invoke0(Native Method)
	at sun.reflect.NativeMethodAccessorImpl.invoke(NativeMethodAccessorImpl.java:62)
	at sun.reflect.DelegatingMethodAccessorImpl.invoke(DelegatingMethodAccessorImpl.java:43)
	at java.lang.reflect.Method.invoke(Method.java:498)
	at org.gradle.internal.dispatch.ReflectionDispatch.dispatch(ReflectionDispatch.java:35)
	at org.gradle.internal.dispatch.ReflectionDispatch.dispatch(ReflectionDispatch.java:24)
	at org.gradle.internal.dispatch.ContextClassLoaderDispatch.dispatch(ContextClassLoaderDispatch.java:32)
	at org.gradle.internal.dispatch.ProxyDispatchAdapter$DispatchingInvocationHandler.invoke(ProxyDispatchAdapter.java:93)
	at com.sun.proxy.$Proxy2.processTestClass(Unknown Source)
	at org.gradle.api.internal.tasks.testing.worker.TestWorker.processTestClass(TestWorker.java:117)
	at sun.reflect.NativeMethodAccessorImpl.invoke0(Native Method)
	at sun.reflect.NativeMethodAccessorImpl.invoke(NativeMethodAccessorImpl.java:62)
	at sun.reflect.DelegatingMethodAccessorImpl.invoke(DelegatingMethodAccessorImpl.java:43)
	at java.lang.reflect.Method.invoke(Method.java:498)
	at org.gradle.internal.dispatch.ReflectionDispatch.dispatch(ReflectionDispatch.java:35)
	at org.gradle.internal.dispatch.ReflectionDispatch.dispatch(ReflectionDispatch.java:24)
	at org.gradle.internal.remote.internal.hub.MessageHubBackedObjectConnection$DispatchWrapper.dispatch(MessageHubBackedObjectConnection.java:155)
	at org.gradle.internal.remote.internal.hub.MessageHubBackedObjectConnection$DispatchWrapper.dispatch(MessageHubBackedObjectConnection.java:137)
	at org.gradle.internal.remote.internal.hub.MessageHub$Handler.run(MessageHub.java:404)
	at org.gradle.internal.concurrent.ExecutorPolicy$CatchAndRecordFailures.onExecute(ExecutorPolicy.java:63)
	at org.gradle.internal.concurrent.ManagedExecutorImpl$1.run(ManagedExecutorImpl.java:46)
	at java.util.concurrent.ThreadPoolExecutor.runWorker(ThreadPoolExecutor.java:1149)
	at java.util.concurrent.ThreadPoolExecutor$Worker.run(ThreadPoolExecutor.java:624)
	at org.gradle.internal.concurrent.ThreadFactoryImpl$ManagedThreadRunnable.run(ThreadFactoryImpl.java:55)
	at java.lang.Thread.run(Thread.java:748)
</pre>
</span>
</div>
<div class="test">
<a name="publish[15: com.dotcms.publishing.PublisherAPIImplTest$TestCase@53b18fd4]"></a>
<h3 class="failures">publish[15: com.dotcms.publishing.PublisherAPIImplTest$TestCase@53b18fd4]</h3>
<span class="code">
<pre>java.lang.AssertionError: Expected 19 but get 21 in /custom/assets/bundles/01EYFBFBZ734JF7KEFN5VBXH50
Expected [/custom/assets/bundles/01EYFBFBZ734JF7KEFN5VBXH50/live/System Host/qb_DT.language.xml, /custom/assets/bundles/01EYFBFBZ734JF7KEFN5VBXH50/live/default/ae92aca8-e328-4d5b-92ea-7cf8a7872c3a.rule.xml, /custom/assets/bundles/01EYFBFBZ734JF7KEFN5VBXH50/live/System Host/1/3c00f779-b1fd-432f-b409-d8a7ece7dfcb.contentworkflow.xml, /custom/assets/bundles/01EYFBFBZ734JF7KEFN5VBXH50/working/System Host/1/3c00f779-b1fd-432f-b409-d8a7ece7dfcb.contentworkflow.xml, /custom/assets/bundles/01EYFBFBZ734JF7KEFN5VBXH50/live/System Host/1613273040288properties, /custom/assets/bundles/01EYFBFBZ734JF7KEFN5VBXH50/live/System Host/1/1fd8aea1-5dc5-4dda-a23e-5adb74150fbf.contentworkflow.xml, /custom/assets/bundles/01EYFBFBZ734JF7KEFN5VBXH50/live/System Host/1/3-content.2a61e945-8528-40c7-922e-5061f0c0d8ef.content.xml, /custom/assets/bundles/01EYFBFBZ734JF7KEFN5VBXH50/live/default/1613273040288/0-content.9f8e543c-ebde-4caf-9ba8-cdd26963fbd0.content.xml, /custom/assets/bundles/01EYFBFBZ734JF7KEFN5VBXH50/live/System Host/1/2-content.f42316da-e6dd-4238-9756-a8f39c46e135.content.xml, /custom/assets/bundles/01EYFBFBZ734JF7KEFN5VBXH50/working/System Host/f4d7c1b8-2c88-4071-abf1-a5328977b07d.contentType.json, /custom/assets/bundles/01EYFBFBZ734JF7KEFN5VBXH50/working/System Host/1/content.ff462f88-d9e1-4d31-b084-b73cb61976d3.host.xml, /custom/assets/bundles/01EYFBFBZ734JF7KEFN5VBXH50/working/System Host/1/1-content.2a61e945-8528-40c7-922e-5061f0c0d8ef.content.xml, /custom/assets/bundles/01EYFBFBZ734JF7KEFN5VBXH50/live/default/1613273040288/ac6fdf39-f28a-440d-b1af-7c45c7d74ecf.contentworkflow.xml, /custom/assets/bundles/01EYFBFBZ734JF7KEFN5VBXH50/live/System Host/1properties, /custom/assets/bundles/01EYFBFBZ734JF7KEFN5VBXH50/df10e1e6-c73c-445a-a094-c18b18bfc1f8.workflow.xml, /custom/assets/bundles/01EYFBFBZ734JF7KEFN5VBXH50/live/System Host/1/content.ff462f88-d9e1-4d31-b084-b73cb61976d3.host.xml, /custom/assets/bundles/01EYFBFBZ734JF7KEFN5VBXH50/live/System Host/en_US.language.xml, /custom/assets/bundles/01EYFBFBZ734JF7KEFN5VBXH50/d61a59e1-a49c-46f2-a929-db2b4bfa88b2.workflow.xml]
Existing [/custom/assets/bundles/01EYFBFBZ734JF7KEFN5VBXH50/ROOT/bc9a1d37-dd2d-4d49-a29d-0c9be740bfaf.folder.xml, /custom/assets/bundles/01EYFBFBZ734JF7KEFN5VBXH50/bundle.xml, /custom/assets/bundles/01EYFBFBZ734JF7KEFN5VBXH50/d61a59e1-a49c-46f2-a929-db2b4bfa88b2.workflow.xml, /custom/assets/bundles/01EYFBFBZ734JF7KEFN5VBXH50/df10e1e6-c73c-445a-a094-c18b18bfc1f8.workflow.xml, /custom/assets/bundles/01EYFBFBZ734JF7KEFN5VBXH50/live/System Host/1/1fd8aea1-5dc5-4dda-a23e-5adb74150fbf.contentworkflow.xml, /custom/assets/bundles/01EYFBFBZ734JF7KEFN5VBXH50/live/System Host/1/2-content.f42316da-e6dd-4238-9756-a8f39c46e135.content.xml, /custom/assets/bundles/01EYFBFBZ734JF7KEFN5VBXH50/live/System Host/1/3-content.2a61e945-8528-40c7-922e-5061f0c0d8ef.content.xml, /custom/assets/bundles/01EYFBFBZ734JF7KEFN5VBXH50/live/System Host/1/3c00f779-b1fd-432f-b409-d8a7ece7dfcb.contentworkflow.xml, /custom/assets/bundles/01EYFBFBZ734JF7KEFN5VBXH50/live/System Host/1/content.ff462f88-d9e1-4d31-b084-b73cb61976d3.host.xml, /custom/assets/bundles/01EYFBFBZ734JF7KEFN5VBXH50/live/System Host/1/system host.host.xml, /custom/assets/bundles/01EYFBFBZ734JF7KEFN5VBXH50/live/System Host/1613273040288properties, /custom/assets/bundles/01EYFBFBZ734JF7KEFN5VBXH50/live/System Host/1properties, /custom/assets/bundles/01EYFBFBZ734JF7KEFN5VBXH50/live/System Host/en_US.language.xml, /custom/assets/bundles/01EYFBFBZ734JF7KEFN5VBXH50/live/System Host/qb_DT.language.xml, /custom/assets/bundles/01EYFBFBZ734JF7KEFN5VBXH50/live/default/1613273040288/0-content.9f8e543c-ebde-4caf-9ba8-cdd26963fbd0.content.xml, /custom/assets/bundles/01EYFBFBZ734JF7KEFN5VBXH50/live/default/1613273040288/ac6fdf39-f28a-440d-b1af-7c45c7d74ecf.contentworkflow.xml, /custom/assets/bundles/01EYFBFBZ734JF7KEFN5VBXH50/live/default/ae92aca8-e328-4d5b-92ea-7cf8a7872c3a.rule.xml, /custom/assets/bundles/01EYFBFBZ734JF7KEFN5VBXH50/working/System Host/1/1-content.2a61e945-8528-40c7-922e-5061f0c0d8ef.content.xml, /custom/assets/bundles/01EYFBFBZ734JF7KEFN5VBXH50/working/System Host/1/3c00f779-b1fd-432f-b409-d8a7ece7dfcb.contentworkflow.xml, /custom/assets/bundles/01EYFBFBZ734JF7KEFN5VBXH50/working/System Host/1/content.ff462f88-d9e1-4d31-b084-b73cb61976d3.host.xml, /custom/assets/bundles/01EYFBFBZ734JF7KEFN5VBXH50/working/System Host/f4d7c1b8-2c88-4071-abf1-a5328977b07d.contentType.json]
difference [/custom/assets/bundles/01EYFBFBZ734JF7KEFN5VBXH50/ROOT/bc9a1d37-dd2d-4d49-a29d-0c9be740bfaf.folder.xml, /custom/assets/bundles/01EYFBFBZ734JF7KEFN5VBXH50/bundle.xml, /custom/assets/bundles/01EYFBFBZ734JF7KEFN5VBXH50/live/System Host/1/system host.host.xml]

	at org.jgroups.util.Util.assertEquals(Util.java:185)
	at com.dotcms.publishing.PublisherAPIImplTest.publish(PublisherAPIImplTest.java:407)
	at sun.reflect.NativeMethodAccessorImpl.invoke0(Native Method)
	at sun.reflect.NativeMethodAccessorImpl.invoke(NativeMethodAccessorImpl.java:62)
	at sun.reflect.DelegatingMethodAccessorImpl.invoke(DelegatingMethodAccessorImpl.java:43)
	at java.lang.reflect.Method.invoke(Method.java:498)
	at org.junit.runners.model.FrameworkMethod$1.runReflectiveCall(FrameworkMethod.java:50)
	at org.junit.internal.runners.model.ReflectiveCallable.run(ReflectiveCallable.java:12)
	at org.junit.runners.model.FrameworkMethod.invokeExplosively(FrameworkMethod.java:47)
	at com.tngtech.java.junit.dataprovider.DataProviderFrameworkMethod.invokeExplosively(DataProviderFrameworkMethod.java:119)
	at org.junit.internal.runners.statements.InvokeMethod.evaluate(InvokeMethod.java:17)
	at org.junit.rules.TestWatcher$1.evaluate(TestWatcher.java:55)
	at org.junit.rules.RunRules.evaluate(RunRules.java:20)
	at org.junit.runners.ParentRunner.runLeaf(ParentRunner.java:325)
	at com.dotcms.junit.CustomDataProviderRunner.runChild(CustomDataProviderRunner.java:28)
	at com.dotcms.junit.CustomDataProviderRunner.runChild(CustomDataProviderRunner.java:13)
	at org.junit.runners.ParentRunner$3.run(ParentRunner.java:290)
	at org.junit.runners.ParentRunner$1.schedule(ParentRunner.java:71)
	at org.junit.runners.ParentRunner.runChildren(ParentRunner.java:288)
	at org.junit.runners.ParentRunner.access$000(ParentRunner.java:58)
	at org.junit.runners.ParentRunner$2.evaluate(ParentRunner.java:268)
	at org.junit.internal.runners.statements.RunBefores.evaluate(RunBefores.java:26)
	at org.junit.internal.runners.statements.RunAfters.evaluate(RunAfters.java:27)
	at org.junit.runners.ParentRunner.run(ParentRunner.java:363)
	at org.junit.runners.Suite.runChild(Suite.java:128)
	at org.junit.runners.Suite.runChild(Suite.java:27)
	at org.junit.runners.ParentRunner$3.run(ParentRunner.java:290)
	at org.junit.runners.ParentRunner$1.schedule(ParentRunner.java:71)
	at org.junit.runners.ParentRunner.runChildren(ParentRunner.java:288)
	at org.junit.runners.ParentRunner.access$000(ParentRunner.java:58)
	at org.junit.runners.ParentRunner$2.evaluate(ParentRunner.java:268)
	at org.junit.runners.ParentRunner.run(ParentRunner.java:363)
	at org.gradle.api.internal.tasks.testing.junit.JUnitTestClassExecutor.runTestClass(JUnitTestClassExecutor.java:106)
	at org.gradle.api.internal.tasks.testing.junit.JUnitTestClassExecutor.execute(JUnitTestClassExecutor.java:58)
	at org.gradle.api.internal.tasks.testing.junit.JUnitTestClassExecutor.execute(JUnitTestClassExecutor.java:38)
	at org.gradle.api.internal.tasks.testing.junit.AbstractJUnitTestClassProcessor.processTestClass(AbstractJUnitTestClassProcessor.java:66)
	at org.gradle.api.internal.tasks.testing.SuiteTestClassProcessor.processTestClass(SuiteTestClassProcessor.java:51)
	at sun.reflect.NativeMethodAccessorImpl.invoke0(Native Method)
	at sun.reflect.NativeMethodAccessorImpl.invoke(NativeMethodAccessorImpl.java:62)
	at sun.reflect.DelegatingMethodAccessorImpl.invoke(DelegatingMethodAccessorImpl.java:43)
	at java.lang.reflect.Method.invoke(Method.java:498)
	at org.gradle.internal.dispatch.ReflectionDispatch.dispatch(ReflectionDispatch.java:35)
	at org.gradle.internal.dispatch.ReflectionDispatch.dispatch(ReflectionDispatch.java:24)
	at org.gradle.internal.dispatch.ContextClassLoaderDispatch.dispatch(ContextClassLoaderDispatch.java:32)
	at org.gradle.internal.dispatch.ProxyDispatchAdapter$DispatchingInvocationHandler.invoke(ProxyDispatchAdapter.java:93)
	at com.sun.proxy.$Proxy2.processTestClass(Unknown Source)
	at org.gradle.api.internal.tasks.testing.worker.TestWorker.processTestClass(TestWorker.java:117)
	at sun.reflect.NativeMethodAccessorImpl.invoke0(Native Method)
	at sun.reflect.NativeMethodAccessorImpl.invoke(NativeMethodAccessorImpl.java:62)
	at sun.reflect.DelegatingMethodAccessorImpl.invoke(DelegatingMethodAccessorImpl.java:43)
	at java.lang.reflect.Method.invoke(Method.java:498)
	at org.gradle.internal.dispatch.ReflectionDispatch.dispatch(ReflectionDispatch.java:35)
	at org.gradle.internal.dispatch.ReflectionDispatch.dispatch(ReflectionDispatch.java:24)
	at org.gradle.internal.remote.internal.hub.MessageHubBackedObjectConnection$DispatchWrapper.dispatch(MessageHubBackedObjectConnection.java:155)
	at org.gradle.internal.remote.internal.hub.MessageHubBackedObjectConnection$DispatchWrapper.dispatch(MessageHubBackedObjectConnection.java:137)
	at org.gradle.internal.remote.internal.hub.MessageHub$Handler.run(MessageHub.java:404)
	at org.gradle.internal.concurrent.ExecutorPolicy$CatchAndRecordFailures.onExecute(ExecutorPolicy.java:63)
	at org.gradle.internal.concurrent.ManagedExecutorImpl$1.run(ManagedExecutorImpl.java:46)
	at java.util.concurrent.ThreadPoolExecutor.runWorker(ThreadPoolExecutor.java:1149)
	at java.util.concurrent.ThreadPoolExecutor$Worker.run(ThreadPoolExecutor.java:624)
	at org.gradle.internal.concurrent.ThreadFactoryImpl$ManagedThreadRunnable.run(ThreadFactoryImpl.java:55)
	at java.lang.Thread.run(Thread.java:748)
</pre>
</span>
</div>
<div class="test">
<a name="publish[16: com.dotcms.publishing.PublisherAPIImplTest$TestCase@6b0f3ee9]"></a>
<h3 class="failures">publish[16: com.dotcms.publishing.PublisherAPIImplTest$TestCase@6b0f3ee9]</h3>
<span class="code">
<pre>java.lang.AssertionError: Expected 20 but get 22 in /custom/assets/bundles/01EYFBFC2A080NH1T6VSSCWN6K
Expected [/custom/assets/bundles/01EYFBFC2A080NH1T6VSSCWN6K/live/default/1613273040288/0-content.9f8e543c-ebde-4caf-9ba8-cdd26963fbd0.content.xml, /custom/assets/bundles/01EYFBFC2A080NH1T6VSSCWN6K/live/default/ae92aca8-e328-4d5b-92ea-7cf8a7872c3a.rule.xml, /custom/assets/bundles/01EYFBFC2A080NH1T6VSSCWN6K/d61a59e1-a49c-46f2-a929-db2b4bfa88b2.workflow.xml, /custom/assets/bundles/01EYFBFC2A080NH1T6VSSCWN6K/live/System Host/1/2-content.f42316da-e6dd-4238-9756-a8f39c46e135.content.xml, /custom/assets/bundles/01EYFBFC2A080NH1T6VSSCWN6K/live/default/1613273040288/ac6fdf39-f28a-440d-b1af-7c45c7d74ecf.contentworkflow.xml, /custom/assets/bundles/01EYFBFC2A080NH1T6VSSCWN6K/live/System Host/1/3c00f779-b1fd-432f-b409-d8a7ece7dfcb.contentworkflow.xml, /custom/assets/bundles/01EYFBFC2A080NH1T6VSSCWN6K/live/System Host/1properties, /custom/assets/bundles/01EYFBFC2A080NH1T6VSSCWN6K/live/System Host/1613270798645properties, /custom/assets/bundles/01EYFBFC2A080NH1T6VSSCWN6K/live/System Host/qb_DT.language.xml, /custom/assets/bundles/01EYFBFC2A080NH1T6VSSCWN6K/live/System Host/ibuwc_TESTCOUNTRYCODE1613270798644.language.xml, /custom/assets/bundles/01EYFBFC2A080NH1T6VSSCWN6K/working/System Host/1/1-content.2a61e945-8528-40c7-922e-5061f0c0d8ef.content.xml, /custom/assets/bundles/01EYFBFC2A080NH1T6VSSCWN6K/live/System Host/1613273040288properties, /custom/assets/bundles/01EYFBFC2A080NH1T6VSSCWN6K/live/System Host/en_US.language.xml, /custom/assets/bundles/01EYFBFC2A080NH1T6VSSCWN6K/live/System Host/1/1fd8aea1-5dc5-4dda-a23e-5adb74150fbf.contentworkflow.xml, /custom/assets/bundles/01EYFBFC2A080NH1T6VSSCWN6K/live/System Host/1/content.ff462f88-d9e1-4d31-b084-b73cb61976d3.host.xml, /custom/assets/bundles/01EYFBFC2A080NH1T6VSSCWN6K/working/System Host/1/content.ff462f88-d9e1-4d31-b084-b73cb61976d3.host.xml, /custom/assets/bundles/01EYFBFC2A080NH1T6VSSCWN6K/working/System Host/f4d7c1b8-2c88-4071-abf1-a5328977b07d.contentType.json, /custom/assets/bundles/01EYFBFC2A080NH1T6VSSCWN6K/working/System Host/1/3c00f779-b1fd-432f-b409-d8a7ece7dfcb.contentworkflow.xml, /custom/assets/bundles/01EYFBFC2A080NH1T6VSSCWN6K/live/System Host/1/3-content.2a61e945-8528-40c7-922e-5061f0c0d8ef.content.xml]
Existing [/custom/assets/bundles/01EYFBFC2A080NH1T6VSSCWN6K/ROOT/bc9a1d37-dd2d-4d49-a29d-0c9be740bfaf.folder.xml, /custom/assets/bundles/01EYFBFC2A080NH1T6VSSCWN6K/bundle.xml, /custom/assets/bundles/01EYFBFC2A080NH1T6VSSCWN6K/d61a59e1-a49c-46f2-a929-db2b4bfa88b2.workflow.xml, /custom/assets/bundles/01EYFBFC2A080NH1T6VSSCWN6K/live/System Host/1/1fd8aea1-5dc5-4dda-a23e-5adb74150fbf.contentworkflow.xml, /custom/assets/bundles/01EYFBFC2A080NH1T6VSSCWN6K/live/System Host/1/2-content.f42316da-e6dd-4238-9756-a8f39c46e135.content.xml, /custom/assets/bundles/01EYFBFC2A080NH1T6VSSCWN6K/live/System Host/1/3-content.2a61e945-8528-40c7-922e-5061f0c0d8ef.content.xml, /custom/assets/bundles/01EYFBFC2A080NH1T6VSSCWN6K/live/System Host/1/3c00f779-b1fd-432f-b409-d8a7ece7dfcb.contentworkflow.xml, /custom/assets/bundles/01EYFBFC2A080NH1T6VSSCWN6K/live/System Host/1/content.ff462f88-d9e1-4d31-b084-b73cb61976d3.host.xml, /custom/assets/bundles/01EYFBFC2A080NH1T6VSSCWN6K/live/System Host/1/system host.host.xml, /custom/assets/bundles/01EYFBFC2A080NH1T6VSSCWN6K/live/System Host/1613270798645properties, /custom/assets/bundles/01EYFBFC2A080NH1T6VSSCWN6K/live/System Host/1613273040288properties, /custom/assets/bundles/01EYFBFC2A080NH1T6VSSCWN6K/live/System Host/1properties, /custom/assets/bundles/01EYFBFC2A080NH1T6VSSCWN6K/live/System Host/en_US.language.xml, /custom/assets/bundles/01EYFBFC2A080NH1T6VSSCWN6K/live/System Host/ibuwc_TESTCOUNTRYCODE1613270798644.language.xml, /custom/assets/bundles/01EYFBFC2A080NH1T6VSSCWN6K/live/System Host/qb_DT.language.xml, /custom/assets/bundles/01EYFBFC2A080NH1T6VSSCWN6K/live/default/1613273040288/0-content.9f8e543c-ebde-4caf-9ba8-cdd26963fbd0.content.xml, /custom/assets/bundles/01EYFBFC2A080NH1T6VSSCWN6K/live/default/1613273040288/ac6fdf39-f28a-440d-b1af-7c45c7d74ecf.contentworkflow.xml, /custom/assets/bundles/01EYFBFC2A080NH1T6VSSCWN6K/live/default/ae92aca8-e328-4d5b-92ea-7cf8a7872c3a.rule.xml, /custom/assets/bundles/01EYFBFC2A080NH1T6VSSCWN6K/working/System Host/1/1-content.2a61e945-8528-40c7-922e-5061f0c0d8ef.content.xml, /custom/assets/bundles/01EYFBFC2A080NH1T6VSSCWN6K/working/System Host/1/3c00f779-b1fd-432f-b409-d8a7ece7dfcb.contentworkflow.xml, /custom/assets/bundles/01EYFBFC2A080NH1T6VSSCWN6K/working/System Host/1/content.ff462f88-d9e1-4d31-b084-b73cb61976d3.host.xml, /custom/assets/bundles/01EYFBFC2A080NH1T6VSSCWN6K/working/System Host/f4d7c1b8-2c88-4071-abf1-a5328977b07d.contentType.json]
difference [/custom/assets/bundles/01EYFBFC2A080NH1T6VSSCWN6K/ROOT/bc9a1d37-dd2d-4d49-a29d-0c9be740bfaf.folder.xml, /custom/assets/bundles/01EYFBFC2A080NH1T6VSSCWN6K/bundle.xml, /custom/assets/bundles/01EYFBFC2A080NH1T6VSSCWN6K/live/System Host/1/system host.host.xml]

	at org.jgroups.util.Util.assertEquals(Util.java:185)
	at com.dotcms.publishing.PublisherAPIImplTest.publish(PublisherAPIImplTest.java:407)
	at sun.reflect.GeneratedMethodAccessor1527.invoke(Unknown Source)
	at sun.reflect.DelegatingMethodAccessorImpl.invoke(DelegatingMethodAccessorImpl.java:43)
	at java.lang.reflect.Method.invoke(Method.java:498)
	at org.junit.runners.model.FrameworkMethod$1.runReflectiveCall(FrameworkMethod.java:50)
	at org.junit.internal.runners.model.ReflectiveCallable.run(ReflectiveCallable.java:12)
	at org.junit.runners.model.FrameworkMethod.invokeExplosively(FrameworkMethod.java:47)
	at com.tngtech.java.junit.dataprovider.DataProviderFrameworkMethod.invokeExplosively(DataProviderFrameworkMethod.java:119)
	at org.junit.internal.runners.statements.InvokeMethod.evaluate(InvokeMethod.java:17)
	at org.junit.rules.TestWatcher$1.evaluate(TestWatcher.java:55)
	at org.junit.rules.RunRules.evaluate(RunRules.java:20)
	at org.junit.runners.ParentRunner.runLeaf(ParentRunner.java:325)
	at com.dotcms.junit.CustomDataProviderRunner.runChild(CustomDataProviderRunner.java:28)
	at com.dotcms.junit.CustomDataProviderRunner.runChild(CustomDataProviderRunner.java:13)
	at org.junit.runners.ParentRunner$3.run(ParentRunner.java:290)
	at org.junit.runners.ParentRunner$1.schedule(ParentRunner.java:71)
	at org.junit.runners.ParentRunner.runChildren(ParentRunner.java:288)
	at org.junit.runners.ParentRunner.access$000(ParentRunner.java:58)
	at org.junit.runners.ParentRunner$2.evaluate(ParentRunner.java:268)
	at org.junit.internal.runners.statements.RunBefores.evaluate(RunBefores.java:26)
	at org.junit.internal.runners.statements.RunAfters.evaluate(RunAfters.java:27)
	at org.junit.runners.ParentRunner.run(ParentRunner.java:363)
	at org.junit.runners.Suite.runChild(Suite.java:128)
	at org.junit.runners.Suite.runChild(Suite.java:27)
	at org.junit.runners.ParentRunner$3.run(ParentRunner.java:290)
	at org.junit.runners.ParentRunner$1.schedule(ParentRunner.java:71)
	at org.junit.runners.ParentRunner.runChildren(ParentRunner.java:288)
	at org.junit.runners.ParentRunner.access$000(ParentRunner.java:58)
	at org.junit.runners.ParentRunner$2.evaluate(ParentRunner.java:268)
	at org.junit.runners.ParentRunner.run(ParentRunner.java:363)
	at org.gradle.api.internal.tasks.testing.junit.JUnitTestClassExecutor.runTestClass(JUnitTestClassExecutor.java:106)
	at org.gradle.api.internal.tasks.testing.junit.JUnitTestClassExecutor.execute(JUnitTestClassExecutor.java:58)
	at org.gradle.api.internal.tasks.testing.junit.JUnitTestClassExecutor.execute(JUnitTestClassExecutor.java:38)
	at org.gradle.api.internal.tasks.testing.junit.AbstractJUnitTestClassProcessor.processTestClass(AbstractJUnitTestClassProcessor.java:66)
	at org.gradle.api.internal.tasks.testing.SuiteTestClassProcessor.processTestClass(SuiteTestClassProcessor.java:51)
	at sun.reflect.NativeMethodAccessorImpl.invoke0(Native Method)
	at sun.reflect.NativeMethodAccessorImpl.invoke(NativeMethodAccessorImpl.java:62)
	at sun.reflect.DelegatingMethodAccessorImpl.invoke(DelegatingMethodAccessorImpl.java:43)
	at java.lang.reflect.Method.invoke(Method.java:498)
	at org.gradle.internal.dispatch.ReflectionDispatch.dispatch(ReflectionDispatch.java:35)
	at org.gradle.internal.dispatch.ReflectionDispatch.dispatch(ReflectionDispatch.java:24)
	at org.gradle.internal.dispatch.ContextClassLoaderDispatch.dispatch(ContextClassLoaderDispatch.java:32)
	at org.gradle.internal.dispatch.ProxyDispatchAdapter$DispatchingInvocationHandler.invoke(ProxyDispatchAdapter.java:93)
	at com.sun.proxy.$Proxy2.processTestClass(Unknown Source)
	at org.gradle.api.internal.tasks.testing.worker.TestWorker.processTestClass(TestWorker.java:117)
	at sun.reflect.NativeMethodAccessorImpl.invoke0(Native Method)
	at sun.reflect.NativeMethodAccessorImpl.invoke(NativeMethodAccessorImpl.java:62)
	at sun.reflect.DelegatingMethodAccessorImpl.invoke(DelegatingMethodAccessorImpl.java:43)
	at java.lang.reflect.Method.invoke(Method.java:498)
	at org.gradle.internal.dispatch.ReflectionDispatch.dispatch(ReflectionDispatch.java:35)
	at org.gradle.internal.dispatch.ReflectionDispatch.dispatch(ReflectionDispatch.java:24)
	at org.gradle.internal.remote.internal.hub.MessageHubBackedObjectConnection$DispatchWrapper.dispatch(MessageHubBackedObjectConnection.java:155)
	at org.gradle.internal.remote.internal.hub.MessageHubBackedObjectConnection$DispatchWrapper.dispatch(MessageHubBackedObjectConnection.java:137)
	at org.gradle.internal.remote.internal.hub.MessageHub$Handler.run(MessageHub.java:404)
	at org.gradle.internal.concurrent.ExecutorPolicy$CatchAndRecordFailures.onExecute(ExecutorPolicy.java:63)
	at org.gradle.internal.concurrent.ManagedExecutorImpl$1.run(ManagedExecutorImpl.java:46)
	at java.util.concurrent.ThreadPoolExecutor.runWorker(ThreadPoolExecutor.java:1149)
	at java.util.concurrent.ThreadPoolExecutor$Worker.run(ThreadPoolExecutor.java:624)
	at org.gradle.internal.concurrent.ThreadFactoryImpl$ManagedThreadRunnable.run(ThreadFactoryImpl.java:55)
	at java.lang.Thread.run(Thread.java:748)
</pre>
</span>
</div>
<div class="test">
<a name="publish[17: com.dotcms.publishing.PublisherAPIImplTest$TestCase@1d9d01ff]"></a>
<h3 class="failures">publish[17: com.dotcms.publishing.PublisherAPIImplTest$TestCase@1d9d01ff]</h3>
<span class="code">
<pre>java.lang.AssertionError: Expected 5 but get 6 in /custom/assets/bundles/01EYFBFC58RJAH2KSE0ARZXSMH
Expected [/custom/assets/bundles/01EYFBFC58RJAH2KSE0ARZXSMH/live/System Host/1/content.ff462f88-d9e1-4d31-b084-b73cb61976d3.host.xml, /custom/assets/bundles/01EYFBFC58RJAH2KSE0ARZXSMH/working/System Host/1/content.ff462f88-d9e1-4d31-b084-b73cb61976d3.host.xml, /custom/assets/bundles/01EYFBFC58RJAH2KSE0ARZXSMH/live/test1613270798646.dotcms.com/2c0f9827-cd18-45ab-ba04-5a6a655c327d.rule.xml, /custom/assets/bundles/01EYFBFC58RJAH2KSE0ARZXSMH/live/default/ae92aca8-e328-4d5b-92ea-7cf8a7872c3a.rule.xml]
Existing [/custom/assets/bundles/01EYFBFC58RJAH2KSE0ARZXSMH/bundle.xml, /custom/assets/bundles/01EYFBFC58RJAH2KSE0ARZXSMH/live/System Host/1/content.ff462f88-d9e1-4d31-b084-b73cb61976d3.host.xml, /custom/assets/bundles/01EYFBFC58RJAH2KSE0ARZXSMH/live/System Host/1/system host.host.xml, /custom/assets/bundles/01EYFBFC58RJAH2KSE0ARZXSMH/live/default/ae92aca8-e328-4d5b-92ea-7cf8a7872c3a.rule.xml, /custom/assets/bundles/01EYFBFC58RJAH2KSE0ARZXSMH/live/test1613270798646.dotcms.com/2c0f9827-cd18-45ab-ba04-5a6a655c327d.rule.xml, /custom/assets/bundles/01EYFBFC58RJAH2KSE0ARZXSMH/working/System Host/1/content.ff462f88-d9e1-4d31-b084-b73cb61976d3.host.xml]
difference [/custom/assets/bundles/01EYFBFC58RJAH2KSE0ARZXSMH/bundle.xml, /custom/assets/bundles/01EYFBFC58RJAH2KSE0ARZXSMH/live/System Host/1/system host.host.xml]

	at org.jgroups.util.Util.assertEquals(Util.java:185)
	at com.dotcms.publishing.PublisherAPIImplTest.publish(PublisherAPIImplTest.java:407)
	at sun.reflect.GeneratedMethodAccessor1527.invoke(Unknown Source)
	at sun.reflect.DelegatingMethodAccessorImpl.invoke(DelegatingMethodAccessorImpl.java:43)
	at java.lang.reflect.Method.invoke(Method.java:498)
	at org.junit.runners.model.FrameworkMethod$1.runReflectiveCall(FrameworkMethod.java:50)
	at org.junit.internal.runners.model.ReflectiveCallable.run(ReflectiveCallable.java:12)
	at org.junit.runners.model.FrameworkMethod.invokeExplosively(FrameworkMethod.java:47)
	at com.tngtech.java.junit.dataprovider.DataProviderFrameworkMethod.invokeExplosively(DataProviderFrameworkMethod.java:119)
	at org.junit.internal.runners.statements.InvokeMethod.evaluate(InvokeMethod.java:17)
	at org.junit.rules.TestWatcher$1.evaluate(TestWatcher.java:55)
	at org.junit.rules.RunRules.evaluate(RunRules.java:20)
	at org.junit.runners.ParentRunner.runLeaf(ParentRunner.java:325)
	at com.dotcms.junit.CustomDataProviderRunner.runChild(CustomDataProviderRunner.java:28)
	at com.dotcms.junit.CustomDataProviderRunner.runChild(CustomDataProviderRunner.java:13)
	at org.junit.runners.ParentRunner$3.run(ParentRunner.java:290)
	at org.junit.runners.ParentRunner$1.schedule(ParentRunner.java:71)
	at org.junit.runners.ParentRunner.runChildren(ParentRunner.java:288)
	at org.junit.runners.ParentRunner.access$000(ParentRunner.java:58)
	at org.junit.runners.ParentRunner$2.evaluate(ParentRunner.java:268)
	at org.junit.internal.runners.statements.RunBefores.evaluate(RunBefores.java:26)
	at org.junit.internal.runners.statements.RunAfters.evaluate(RunAfters.java:27)
	at org.junit.runners.ParentRunner.run(ParentRunner.java:363)
	at org.junit.runners.Suite.runChild(Suite.java:128)
	at org.junit.runners.Suite.runChild(Suite.java:27)
	at org.junit.runners.ParentRunner$3.run(ParentRunner.java:290)
	at org.junit.runners.ParentRunner$1.schedule(ParentRunner.java:71)
	at org.junit.runners.ParentRunner.runChildren(ParentRunner.java:288)
	at org.junit.runners.ParentRunner.access$000(ParentRunner.java:58)
	at org.junit.runners.ParentRunner$2.evaluate(ParentRunner.java:268)
	at org.junit.runners.ParentRunner.run(ParentRunner.java:363)
	at org.gradle.api.internal.tasks.testing.junit.JUnitTestClassExecutor.runTestClass(JUnitTestClassExecutor.java:106)
	at org.gradle.api.internal.tasks.testing.junit.JUnitTestClassExecutor.execute(JUnitTestClassExecutor.java:58)
	at org.gradle.api.internal.tasks.testing.junit.JUnitTestClassExecutor.execute(JUnitTestClassExecutor.java:38)
	at org.gradle.api.internal.tasks.testing.junit.AbstractJUnitTestClassProcessor.processTestClass(AbstractJUnitTestClassProcessor.java:66)
	at org.gradle.api.internal.tasks.testing.SuiteTestClassProcessor.processTestClass(SuiteTestClassProcessor.java:51)
	at sun.reflect.NativeMethodAccessorImpl.invoke0(Native Method)
	at sun.reflect.NativeMethodAccessorImpl.invoke(NativeMethodAccessorImpl.java:62)
	at sun.reflect.DelegatingMethodAccessorImpl.invoke(DelegatingMethodAccessorImpl.java:43)
	at java.lang.reflect.Method.invoke(Method.java:498)
	at org.gradle.internal.dispatch.ReflectionDispatch.dispatch(ReflectionDispatch.java:35)
	at org.gradle.internal.dispatch.ReflectionDispatch.dispatch(ReflectionDispatch.java:24)
	at org.gradle.internal.dispatch.ContextClassLoaderDispatch.dispatch(ContextClassLoaderDispatch.java:32)
	at org.gradle.internal.dispatch.ProxyDispatchAdapter$DispatchingInvocationHandler.invoke(ProxyDispatchAdapter.java:93)
	at com.sun.proxy.$Proxy2.processTestClass(Unknown Source)
	at org.gradle.api.internal.tasks.testing.worker.TestWorker.processTestClass(TestWorker.java:117)
	at sun.reflect.NativeMethodAccessorImpl.invoke0(Native Method)
	at sun.reflect.NativeMethodAccessorImpl.invoke(NativeMethodAccessorImpl.java:62)
	at sun.reflect.DelegatingMethodAccessorImpl.invoke(DelegatingMethodAccessorImpl.java:43)
	at java.lang.reflect.Method.invoke(Method.java:498)
	at org.gradle.internal.dispatch.ReflectionDispatch.dispatch(ReflectionDispatch.java:35)
	at org.gradle.internal.dispatch.ReflectionDispatch.dispatch(ReflectionDispatch.java:24)
	at org.gradle.internal.remote.internal.hub.MessageHubBackedObjectConnection$DispatchWrapper.dispatch(MessageHubBackedObjectConnection.java:155)
	at org.gradle.internal.remote.internal.hub.MessageHubBackedObjectConnection$DispatchWrapper.dispatch(MessageHubBackedObjectConnection.java:137)
	at org.gradle.internal.remote.internal.hub.MessageHub$Handler.run(MessageHub.java:404)
	at org.gradle.internal.concurrent.ExecutorPolicy$CatchAndRecordFailures.onExecute(ExecutorPolicy.java:63)
	at org.gradle.internal.concurrent.ManagedExecutorImpl$1.run(ManagedExecutorImpl.java:46)
	at java.util.concurrent.ThreadPoolExecutor.runWorker(ThreadPoolExecutor.java:1149)
	at java.util.concurrent.ThreadPoolExecutor$Worker.run(ThreadPoolExecutor.java:624)
	at org.gradle.internal.concurrent.ThreadFactoryImpl$ManagedThreadRunnable.run(ThreadFactoryImpl.java:55)
	at java.lang.Thread.run(Thread.java:748)
</pre>
</span>
</div>
<div class="test">
<a name="publish[1: com.dotcms.publishing.PublisherAPIImplTest$TestCase@7b95e135]"></a>
<h3 class="failures">publish[1: com.dotcms.publishing.PublisherAPIImplTest$TestCase@7b95e135]</h3>
<span class="code">
<pre>java.lang.AssertionError: Expected 23 but get 25 in /custom/assets/bundles/01EYFBFA0Q2WH8ABXKXRK6DAF4
Expected [/custom/assets/bundles/01EYFBFA0Q2WH8ABXKXRK6DAF4/live/System Host/en_US.language.xml, /custom/assets/bundles/01EYFBFA0Q2WH8ABXKXRK6DAF4/live/default/1613273040288/0-content.9f8e543c-ebde-4caf-9ba8-cdd26963fbd0.content.xml, /custom/assets/bundles/01EYFBFA0Q2WH8ABXKXRK6DAF4/live/System Host/1/content.f4a93a7d-0037-4cfd-bd21-16b3f8ef04ea.host.xml, /custom/assets/bundles/01EYFBFA0Q2WH8ABXKXRK6DAF4/working/System Host/f4d7c1b8-2c88-4071-abf1-a5328977b07d.contentType.json, /custom/assets/bundles/01EYFBFA0Q2WH8ABXKXRK6DAF4/live/System Host/1properties, /custom/assets/bundles/01EYFBFA0Q2WH8ABXKXRK6DAF4/live/test1613270793678.dotcms.com/5898b28b-6986-4c61-bb7f-2672320f6d33.template.template.xml, /custom/assets/bundles/01EYFBFA0Q2WH8ABXKXRK6DAF4/live/System Host/1/1fd8aea1-5dc5-4dda-a23e-5adb74150fbf.contentworkflow.xml, /custom/assets/bundles/01EYFBFA0Q2WH8ABXKXRK6DAF4/live/default/ae92aca8-e328-4d5b-92ea-7cf8a7872c3a.rule.xml, /custom/assets/bundles/01EYFBFA0Q2WH8ABXKXRK6DAF4/live/default/1613273040288/ac6fdf39-f28a-440d-b1af-7c45c7d74ecf.contentworkflow.xml, /custom/assets/bundles/01EYFBFA0Q2WH8ABXKXRK6DAF4/live/System Host/1/content.ff462f88-d9e1-4d31-b084-b73cb61976d3.host.xml, /custom/assets/bundles/01EYFBFA0Q2WH8ABXKXRK6DAF4/live/System Host/1/3c00f779-b1fd-432f-b409-d8a7ece7dfcb.contentworkflow.xml, /custom/assets/bundles/01EYFBFA0Q2WH8ABXKXRK6DAF4/working/test1613270793678.dotcms.com/5b300c5a-fc78-44f5-9e49-c57d74f12c66.containers.container.xml, /custom/assets/bundles/01EYFBFA0Q2WH8ABXKXRK6DAF4/working/test1613270793678.dotcms.com/974ae6f1-f16f-4b86-8d51-5cac3ec254aa.contentType.json, /custom/assets/bundles/01EYFBFA0Q2WH8ABXKXRK6DAF4/live/System Host/qb_DT.language.xml, /custom/assets/bundles/01EYFBFA0Q2WH8ABXKXRK6DAF4/live/System Host/1613273040288properties, /custom/assets/bundles/01EYFBFA0Q2WH8ABXKXRK6DAF4/working/System Host/1/3c00f779-b1fd-432f-b409-d8a7ece7dfcb.contentworkflow.xml, /custom/assets/bundles/01EYFBFA0Q2WH8ABXKXRK6DAF4/working/System Host/1/1-content.2a61e945-8528-40c7-922e-5061f0c0d8ef.content.xml, /custom/assets/bundles/01EYFBFA0Q2WH8ABXKXRK6DAF4/d61a59e1-a49c-46f2-a929-db2b4bfa88b2.workflow.xml, /custom/assets/bundles/01EYFBFA0Q2WH8ABXKXRK6DAF4/live/System Host/1/2-content.f42316da-e6dd-4238-9756-a8f39c46e135.content.xml, /custom/assets/bundles/01EYFBFA0Q2WH8ABXKXRK6DAF4/working/test1613270793678.dotcms.com/778ee696-28c2-4677-9682-bcc6867d0571.containers.container.xml, /custom/assets/bundles/01EYFBFA0Q2WH8ABXKXRK6DAF4/working/System Host/1/content.ff462f88-d9e1-4d31-b084-b73cb61976d3.host.xml, /custom/assets/bundles/01EYFBFA0Q2WH8ABXKXRK6DAF4/live/System Host/1/3-content.2a61e945-8528-40c7-922e-5061f0c0d8ef.content.xml]
Existing [/custom/assets/bundles/01EYFBFA0Q2WH8ABXKXRK6DAF4/ROOT/bc9a1d37-dd2d-4d49-a29d-0c9be740bfaf.folder.xml, /custom/assets/bundles/01EYFBFA0Q2WH8ABXKXRK6DAF4/bundle.xml, /custom/assets/bundles/01EYFBFA0Q2WH8ABXKXRK6DAF4/d61a59e1-a49c-46f2-a929-db2b4bfa88b2.workflow.xml, /custom/assets/bundles/01EYFBFA0Q2WH8ABXKXRK6DAF4/live/System Host/1/1fd8aea1-5dc5-4dda-a23e-5adb74150fbf.contentworkflow.xml, /custom/assets/bundles/01EYFBFA0Q2WH8ABXKXRK6DAF4/live/System Host/1/2-content.f42316da-e6dd-4238-9756-a8f39c46e135.content.xml, /custom/assets/bundles/01EYFBFA0Q2WH8ABXKXRK6DAF4/live/System Host/1/3-content.2a61e945-8528-40c7-922e-5061f0c0d8ef.content.xml, /custom/assets/bundles/01EYFBFA0Q2WH8ABXKXRK6DAF4/live/System Host/1/3c00f779-b1fd-432f-b409-d8a7ece7dfcb.contentworkflow.xml, /custom/assets/bundles/01EYFBFA0Q2WH8ABXKXRK6DAF4/live/System Host/1/content.f4a93a7d-0037-4cfd-bd21-16b3f8ef04ea.host.xml, /custom/assets/bundles/01EYFBFA0Q2WH8ABXKXRK6DAF4/live/System Host/1/content.ff462f88-d9e1-4d31-b084-b73cb61976d3.host.xml, /custom/assets/bundles/01EYFBFA0Q2WH8ABXKXRK6DAF4/live/System Host/1/system host.host.xml, /custom/assets/bundles/01EYFBFA0Q2WH8ABXKXRK6DAF4/live/System Host/1613273040288properties, /custom/assets/bundles/01EYFBFA0Q2WH8ABXKXRK6DAF4/live/System Host/1properties, /custom/assets/bundles/01EYFBFA0Q2WH8ABXKXRK6DAF4/live/System Host/en_US.language.xml, /custom/assets/bundles/01EYFBFA0Q2WH8ABXKXRK6DAF4/live/System Host/qb_DT.language.xml, /custom/assets/bundles/01EYFBFA0Q2WH8ABXKXRK6DAF4/live/default/1613273040288/0-content.9f8e543c-ebde-4caf-9ba8-cdd26963fbd0.content.xml, /custom/assets/bundles/01EYFBFA0Q2WH8ABXKXRK6DAF4/live/default/1613273040288/ac6fdf39-f28a-440d-b1af-7c45c7d74ecf.contentworkflow.xml, /custom/assets/bundles/01EYFBFA0Q2WH8ABXKXRK6DAF4/live/default/ae92aca8-e328-4d5b-92ea-7cf8a7872c3a.rule.xml, /custom/assets/bundles/01EYFBFA0Q2WH8ABXKXRK6DAF4/live/test1613270793678.dotcms.com/5898b28b-6986-4c61-bb7f-2672320f6d33.template.template.xml, /custom/assets/bundles/01EYFBFA0Q2WH8ABXKXRK6DAF4/working/System Host/1/1-content.2a61e945-8528-40c7-922e-5061f0c0d8ef.content.xml, /custom/assets/bundles/01EYFBFA0Q2WH8ABXKXRK6DAF4/working/System Host/1/3c00f779-b1fd-432f-b409-d8a7ece7dfcb.contentworkflow.xml, /custom/assets/bundles/01EYFBFA0Q2WH8ABXKXRK6DAF4/working/System Host/1/content.ff462f88-d9e1-4d31-b084-b73cb61976d3.host.xml, /custom/assets/bundles/01EYFBFA0Q2WH8ABXKXRK6DAF4/working/System Host/f4d7c1b8-2c88-4071-abf1-a5328977b07d.contentType.json, /custom/assets/bundles/01EYFBFA0Q2WH8ABXKXRK6DAF4/working/test1613270793678.dotcms.com/5b300c5a-fc78-44f5-9e49-c57d74f12c66.containers.container.xml, /custom/assets/bundles/01EYFBFA0Q2WH8ABXKXRK6DAF4/working/test1613270793678.dotcms.com/778ee696-28c2-4677-9682-bcc6867d0571.containers.container.xml, /custom/assets/bundles/01EYFBFA0Q2WH8ABXKXRK6DAF4/working/test1613270793678.dotcms.com/974ae6f1-f16f-4b86-8d51-5cac3ec254aa.contentType.json]
difference [/custom/assets/bundles/01EYFBFA0Q2WH8ABXKXRK6DAF4/ROOT/bc9a1d37-dd2d-4d49-a29d-0c9be740bfaf.folder.xml, /custom/assets/bundles/01EYFBFA0Q2WH8ABXKXRK6DAF4/bundle.xml, /custom/assets/bundles/01EYFBFA0Q2WH8ABXKXRK6DAF4/live/System Host/1/system host.host.xml]

	at org.jgroups.util.Util.assertEquals(Util.java:185)
	at com.dotcms.publishing.PublisherAPIImplTest.publish(PublisherAPIImplTest.java:407)
	at sun.reflect.NativeMethodAccessorImpl.invoke0(Native Method)
	at sun.reflect.NativeMethodAccessorImpl.invoke(NativeMethodAccessorImpl.java:62)
	at sun.reflect.DelegatingMethodAccessorImpl.invoke(DelegatingMethodAccessorImpl.java:43)
	at java.lang.reflect.Method.invoke(Method.java:498)
	at org.junit.runners.model.FrameworkMethod$1.runReflectiveCall(FrameworkMethod.java:50)
	at org.junit.internal.runners.model.ReflectiveCallable.run(ReflectiveCallable.java:12)
	at org.junit.runners.model.FrameworkMethod.invokeExplosively(FrameworkMethod.java:47)
	at com.tngtech.java.junit.dataprovider.DataProviderFrameworkMethod.invokeExplosively(DataProviderFrameworkMethod.java:119)
	at org.junit.internal.runners.statements.InvokeMethod.evaluate(InvokeMethod.java:17)
	at org.junit.rules.TestWatcher$1.evaluate(TestWatcher.java:55)
	at org.junit.rules.RunRules.evaluate(RunRules.java:20)
	at org.junit.runners.ParentRunner.runLeaf(ParentRunner.java:325)
	at com.dotcms.junit.CustomDataProviderRunner.runChild(CustomDataProviderRunner.java:28)
	at com.dotcms.junit.CustomDataProviderRunner.runChild(CustomDataProviderRunner.java:13)
	at org.junit.runners.ParentRunner$3.run(ParentRunner.java:290)
	at org.junit.runners.ParentRunner$1.schedule(ParentRunner.java:71)
	at org.junit.runners.ParentRunner.runChildren(ParentRunner.java:288)
	at org.junit.runners.ParentRunner.access$000(ParentRunner.java:58)
	at org.junit.runners.ParentRunner$2.evaluate(ParentRunner.java:268)
	at org.junit.internal.runners.statements.RunBefores.evaluate(RunBefores.java:26)
	at org.junit.internal.runners.statements.RunAfters.evaluate(RunAfters.java:27)
	at org.junit.runners.ParentRunner.run(ParentRunner.java:363)
	at org.junit.runners.Suite.runChild(Suite.java:128)
	at org.junit.runners.Suite.runChild(Suite.java:27)
	at org.junit.runners.ParentRunner$3.run(ParentRunner.java:290)
	at org.junit.runners.ParentRunner$1.schedule(ParentRunner.java:71)
	at org.junit.runners.ParentRunner.runChildren(ParentRunner.java:288)
	at org.junit.runners.ParentRunner.access$000(ParentRunner.java:58)
	at org.junit.runners.ParentRunner$2.evaluate(ParentRunner.java:268)
	at org.junit.runners.ParentRunner.run(ParentRunner.java:363)
	at org.gradle.api.internal.tasks.testing.junit.JUnitTestClassExecutor.runTestClass(JUnitTestClassExecutor.java:106)
	at org.gradle.api.internal.tasks.testing.junit.JUnitTestClassExecutor.execute(JUnitTestClassExecutor.java:58)
	at org.gradle.api.internal.tasks.testing.junit.JUnitTestClassExecutor.execute(JUnitTestClassExecutor.java:38)
	at org.gradle.api.internal.tasks.testing.junit.AbstractJUnitTestClassProcessor.processTestClass(AbstractJUnitTestClassProcessor.java:66)
	at org.gradle.api.internal.tasks.testing.SuiteTestClassProcessor.processTestClass(SuiteTestClassProcessor.java:51)
	at sun.reflect.NativeMethodAccessorImpl.invoke0(Native Method)
	at sun.reflect.NativeMethodAccessorImpl.invoke(NativeMethodAccessorImpl.java:62)
	at sun.reflect.DelegatingMethodAccessorImpl.invoke(DelegatingMethodAccessorImpl.java:43)
	at java.lang.reflect.Method.invoke(Method.java:498)
	at org.gradle.internal.dispatch.ReflectionDispatch.dispatch(ReflectionDispatch.java:35)
	at org.gradle.internal.dispatch.ReflectionDispatch.dispatch(ReflectionDispatch.java:24)
	at org.gradle.internal.dispatch.ContextClassLoaderDispatch.dispatch(ContextClassLoaderDispatch.java:32)
	at org.gradle.internal.dispatch.ProxyDispatchAdapter$DispatchingInvocationHandler.invoke(ProxyDispatchAdapter.java:93)
	at com.sun.proxy.$Proxy2.processTestClass(Unknown Source)
	at org.gradle.api.internal.tasks.testing.worker.TestWorker.processTestClass(TestWorker.java:117)
	at sun.reflect.NativeMethodAccessorImpl.invoke0(Native Method)
	at sun.reflect.NativeMethodAccessorImpl.invoke(NativeMethodAccessorImpl.java:62)
	at sun.reflect.DelegatingMethodAccessorImpl.invoke(DelegatingMethodAccessorImpl.java:43)
	at java.lang.reflect.Method.invoke(Method.java:498)
	at org.gradle.internal.dispatch.ReflectionDispatch.dispatch(ReflectionDispatch.java:35)
	at org.gradle.internal.dispatch.ReflectionDispatch.dispatch(ReflectionDispatch.java:24)
	at org.gradle.internal.remote.internal.hub.MessageHubBackedObjectConnection$DispatchWrapper.dispatch(MessageHubBackedObjectConnection.java:155)
	at org.gradle.internal.remote.internal.hub.MessageHubBackedObjectConnection$DispatchWrapper.dispatch(MessageHubBackedObjectConnection.java:137)
	at org.gradle.internal.remote.internal.hub.MessageHub$Handler.run(MessageHub.java:404)
	at org.gradle.internal.concurrent.ExecutorPolicy$CatchAndRecordFailures.onExecute(ExecutorPolicy.java:63)
	at org.gradle.internal.concurrent.ManagedExecutorImpl$1.run(ManagedExecutorImpl.java:46)
	at java.util.concurrent.ThreadPoolExecutor.runWorker(ThreadPoolExecutor.java:1149)
	at java.util.concurrent.ThreadPoolExecutor$Worker.run(ThreadPoolExecutor.java:624)
	at org.gradle.internal.concurrent.ThreadFactoryImpl$ManagedThreadRunnable.run(ThreadFactoryImpl.java:55)
	at java.lang.Thread.run(Thread.java:748)
</pre>
</span>
</div>
<div class="test">
<a name="publish[2: com.dotcms.publishing.PublisherAPIImplTest$TestCase@6d2f73a8]"></a>
<h3 class="failures">publish[2: com.dotcms.publishing.PublisherAPIImplTest$TestCase@6d2f73a8]</h3>
<span class="code">
<pre>java.lang.AssertionError: Expected 21 but get 23 in /custom/assets/bundles/01EYFBFA4SG9QV5TRKQZWYYHKB
Expected [/custom/assets/bundles/01EYFBFA4SG9QV5TRKQZWYYHKB/working/System Host/1/content.ff462f88-d9e1-4d31-b084-b73cb61976d3.host.xml, /custom/assets/bundles/01EYFBFA4SG9QV5TRKQZWYYHKB/working/test1613270794595.dotcms.com/2ab3e28f-3d03-48ab-8fa4-a635d7fcfe78.contentType.json, /custom/assets/bundles/01EYFBFA4SG9QV5TRKQZWYYHKB/live/System Host/1properties, /custom/assets/bundles/01EYFBFA4SG9QV5TRKQZWYYHKB/live/default/1613273040288/ac6fdf39-f28a-440d-b1af-7c45c7d74ecf.contentworkflow.xml, /custom/assets/bundles/01EYFBFA4SG9QV5TRKQZWYYHKB/live/System Host/qb_DT.language.xml, /custom/assets/bundles/01EYFBFA4SG9QV5TRKQZWYYHKB/working/test1613270794595.dotcms.com/76ae62c7-5f43-49c0-ab23-16ec97c144df.containers.container.xml, /custom/assets/bundles/01EYFBFA4SG9QV5TRKQZWYYHKB/live/System Host/1/content.031c332a-9642-48ef-8902-41022a5c9950.host.xml, /custom/assets/bundles/01EYFBFA4SG9QV5TRKQZWYYHKB/working/System Host/1/3c00f779-b1fd-432f-b409-d8a7ece7dfcb.contentworkflow.xml, /custom/assets/bundles/01EYFBFA4SG9QV5TRKQZWYYHKB/live/System Host/1613273040288properties, /custom/assets/bundles/01EYFBFA4SG9QV5TRKQZWYYHKB/working/System Host/f4d7c1b8-2c88-4071-abf1-a5328977b07d.contentType.json, /custom/assets/bundles/01EYFBFA4SG9QV5TRKQZWYYHKB/live/default/1613273040288/0-content.9f8e543c-ebde-4caf-9ba8-cdd26963fbd0.content.xml, /custom/assets/bundles/01EYFBFA4SG9QV5TRKQZWYYHKB/live/default/ae92aca8-e328-4d5b-92ea-7cf8a7872c3a.rule.xml, /custom/assets/bundles/01EYFBFA4SG9QV5TRKQZWYYHKB/live/System Host/en_US.language.xml, /custom/assets/bundles/01EYFBFA4SG9QV5TRKQZWYYHKB/live/System Host/1/content.ff462f88-d9e1-4d31-b084-b73cb61976d3.host.xml, /custom/assets/bundles/01EYFBFA4SG9QV5TRKQZWYYHKB/live/System Host/1/3-content.2a61e945-8528-40c7-922e-5061f0c0d8ef.content.xml, /custom/assets/bundles/01EYFBFA4SG9QV5TRKQZWYYHKB/live/System Host/1/1fd8aea1-5dc5-4dda-a23e-5adb74150fbf.contentworkflow.xml, /custom/assets/bundles/01EYFBFA4SG9QV5TRKQZWYYHKB/working/System Host/1/1-content.2a61e945-8528-40c7-922e-5061f0c0d8ef.content.xml, /custom/assets/bundles/01EYFBFA4SG9QV5TRKQZWYYHKB/live/System Host/1/2-content.f42316da-e6dd-4238-9756-a8f39c46e135.content.xml, /custom/assets/bundles/01EYFBFA4SG9QV5TRKQZWYYHKB/d61a59e1-a49c-46f2-a929-db2b4bfa88b2.workflow.xml, /custom/assets/bundles/01EYFBFA4SG9QV5TRKQZWYYHKB/live/System Host/1/3c00f779-b1fd-432f-b409-d8a7ece7dfcb.contentworkflow.xml]
Existing [/custom/assets/bundles/01EYFBFA4SG9QV5TRKQZWYYHKB/ROOT/bc9a1d37-dd2d-4d49-a29d-0c9be740bfaf.folder.xml, /custom/assets/bundles/01EYFBFA4SG9QV5TRKQZWYYHKB/bundle.xml, /custom/assets/bundles/01EYFBFA4SG9QV5TRKQZWYYHKB/d61a59e1-a49c-46f2-a929-db2b4bfa88b2.workflow.xml, /custom/assets/bundles/01EYFBFA4SG9QV5TRKQZWYYHKB/live/System Host/1/1fd8aea1-5dc5-4dda-a23e-5adb74150fbf.contentworkflow.xml, /custom/assets/bundles/01EYFBFA4SG9QV5TRKQZWYYHKB/live/System Host/1/2-content.f42316da-e6dd-4238-9756-a8f39c46e135.content.xml, /custom/assets/bundles/01EYFBFA4SG9QV5TRKQZWYYHKB/live/System Host/1/3-content.2a61e945-8528-40c7-922e-5061f0c0d8ef.content.xml, /custom/assets/bundles/01EYFBFA4SG9QV5TRKQZWYYHKB/live/System Host/1/3c00f779-b1fd-432f-b409-d8a7ece7dfcb.contentworkflow.xml, /custom/assets/bundles/01EYFBFA4SG9QV5TRKQZWYYHKB/live/System Host/1/content.031c332a-9642-48ef-8902-41022a5c9950.host.xml, /custom/assets/bundles/01EYFBFA4SG9QV5TRKQZWYYHKB/live/System Host/1/content.ff462f88-d9e1-4d31-b084-b73cb61976d3.host.xml, /custom/assets/bundles/01EYFBFA4SG9QV5TRKQZWYYHKB/live/System Host/1/system host.host.xml, /custom/assets/bundles/01EYFBFA4SG9QV5TRKQZWYYHKB/live/System Host/1613273040288properties, /custom/assets/bundles/01EYFBFA4SG9QV5TRKQZWYYHKB/live/System Host/1properties, /custom/assets/bundles/01EYFBFA4SG9QV5TRKQZWYYHKB/live/System Host/en_US.language.xml, /custom/assets/bundles/01EYFBFA4SG9QV5TRKQZWYYHKB/live/System Host/qb_DT.language.xml, /custom/assets/bundles/01EYFBFA4SG9QV5TRKQZWYYHKB/live/default/1613273040288/0-content.9f8e543c-ebde-4caf-9ba8-cdd26963fbd0.content.xml, /custom/assets/bundles/01EYFBFA4SG9QV5TRKQZWYYHKB/live/default/1613273040288/ac6fdf39-f28a-440d-b1af-7c45c7d74ecf.contentworkflow.xml, /custom/assets/bundles/01EYFBFA4SG9QV5TRKQZWYYHKB/live/default/ae92aca8-e328-4d5b-92ea-7cf8a7872c3a.rule.xml, /custom/assets/bundles/01EYFBFA4SG9QV5TRKQZWYYHKB/working/System Host/1/1-content.2a61e945-8528-40c7-922e-5061f0c0d8ef.content.xml, /custom/assets/bundles/01EYFBFA4SG9QV5TRKQZWYYHKB/working/System Host/1/3c00f779-b1fd-432f-b409-d8a7ece7dfcb.contentworkflow.xml, /custom/assets/bundles/01EYFBFA4SG9QV5TRKQZWYYHKB/working/System Host/1/content.ff462f88-d9e1-4d31-b084-b73cb61976d3.host.xml, /custom/assets/bundles/01EYFBFA4SG9QV5TRKQZWYYHKB/working/System Host/f4d7c1b8-2c88-4071-abf1-a5328977b07d.contentType.json, /custom/assets/bundles/01EYFBFA4SG9QV5TRKQZWYYHKB/working/test1613270794595.dotcms.com/2ab3e28f-3d03-48ab-8fa4-a635d7fcfe78.contentType.json, /custom/assets/bundles/01EYFBFA4SG9QV5TRKQZWYYHKB/working/test1613270794595.dotcms.com/76ae62c7-5f43-49c0-ab23-16ec97c144df.containers.container.xml]
difference [/custom/assets/bundles/01EYFBFA4SG9QV5TRKQZWYYHKB/ROOT/bc9a1d37-dd2d-4d49-a29d-0c9be740bfaf.folder.xml, /custom/assets/bundles/01EYFBFA4SG9QV5TRKQZWYYHKB/bundle.xml, /custom/assets/bundles/01EYFBFA4SG9QV5TRKQZWYYHKB/live/System Host/1/system host.host.xml]

	at org.jgroups.util.Util.assertEquals(Util.java:185)
	at com.dotcms.publishing.PublisherAPIImplTest.publish(PublisherAPIImplTest.java:407)
	at sun.reflect.NativeMethodAccessorImpl.invoke0(Native Method)
	at sun.reflect.NativeMethodAccessorImpl.invoke(NativeMethodAccessorImpl.java:62)
	at sun.reflect.DelegatingMethodAccessorImpl.invoke(DelegatingMethodAccessorImpl.java:43)
	at java.lang.reflect.Method.invoke(Method.java:498)
	at org.junit.runners.model.FrameworkMethod$1.runReflectiveCall(FrameworkMethod.java:50)
	at org.junit.internal.runners.model.ReflectiveCallable.run(ReflectiveCallable.java:12)
	at org.junit.runners.model.FrameworkMethod.invokeExplosively(FrameworkMethod.java:47)
	at com.tngtech.java.junit.dataprovider.DataProviderFrameworkMethod.invokeExplosively(DataProviderFrameworkMethod.java:119)
	at org.junit.internal.runners.statements.InvokeMethod.evaluate(InvokeMethod.java:17)
	at org.junit.rules.TestWatcher$1.evaluate(TestWatcher.java:55)
	at org.junit.rules.RunRules.evaluate(RunRules.java:20)
	at org.junit.runners.ParentRunner.runLeaf(ParentRunner.java:325)
	at com.dotcms.junit.CustomDataProviderRunner.runChild(CustomDataProviderRunner.java:28)
	at com.dotcms.junit.CustomDataProviderRunner.runChild(CustomDataProviderRunner.java:13)
	at org.junit.runners.ParentRunner$3.run(ParentRunner.java:290)
	at org.junit.runners.ParentRunner$1.schedule(ParentRunner.java:71)
	at org.junit.runners.ParentRunner.runChildren(ParentRunner.java:288)
	at org.junit.runners.ParentRunner.access$000(ParentRunner.java:58)
	at org.junit.runners.ParentRunner$2.evaluate(ParentRunner.java:268)
	at org.junit.internal.runners.statements.RunBefores.evaluate(RunBefores.java:26)
	at org.junit.internal.runners.statements.RunAfters.evaluate(RunAfters.java:27)
	at org.junit.runners.ParentRunner.run(ParentRunner.java:363)
	at org.junit.runners.Suite.runChild(Suite.java:128)
	at org.junit.runners.Suite.runChild(Suite.java:27)
	at org.junit.runners.ParentRunner$3.run(ParentRunner.java:290)
	at org.junit.runners.ParentRunner$1.schedule(ParentRunner.java:71)
	at org.junit.runners.ParentRunner.runChildren(ParentRunner.java:288)
	at org.junit.runners.ParentRunner.access$000(ParentRunner.java:58)
	at org.junit.runners.ParentRunner$2.evaluate(ParentRunner.java:268)
	at org.junit.runners.ParentRunner.run(ParentRunner.java:363)
	at org.gradle.api.internal.tasks.testing.junit.JUnitTestClassExecutor.runTestClass(JUnitTestClassExecutor.java:106)
	at org.gradle.api.internal.tasks.testing.junit.JUnitTestClassExecutor.execute(JUnitTestClassExecutor.java:58)
	at org.gradle.api.internal.tasks.testing.junit.JUnitTestClassExecutor.execute(JUnitTestClassExecutor.java:38)
	at org.gradle.api.internal.tasks.testing.junit.AbstractJUnitTestClassProcessor.processTestClass(AbstractJUnitTestClassProcessor.java:66)
	at org.gradle.api.internal.tasks.testing.SuiteTestClassProcessor.processTestClass(SuiteTestClassProcessor.java:51)
	at sun.reflect.NativeMethodAccessorImpl.invoke0(Native Method)
	at sun.reflect.NativeMethodAccessorImpl.invoke(NativeMethodAccessorImpl.java:62)
	at sun.reflect.DelegatingMethodAccessorImpl.invoke(DelegatingMethodAccessorImpl.java:43)
	at java.lang.reflect.Method.invoke(Method.java:498)
	at org.gradle.internal.dispatch.ReflectionDispatch.dispatch(ReflectionDispatch.java:35)
	at org.gradle.internal.dispatch.ReflectionDispatch.dispatch(ReflectionDispatch.java:24)
	at org.gradle.internal.dispatch.ContextClassLoaderDispatch.dispatch(ContextClassLoaderDispatch.java:32)
	at org.gradle.internal.dispatch.ProxyDispatchAdapter$DispatchingInvocationHandler.invoke(ProxyDispatchAdapter.java:93)
	at com.sun.proxy.$Proxy2.processTestClass(Unknown Source)
	at org.gradle.api.internal.tasks.testing.worker.TestWorker.processTestClass(TestWorker.java:117)
	at sun.reflect.NativeMethodAccessorImpl.invoke0(Native Method)
	at sun.reflect.NativeMethodAccessorImpl.invoke(NativeMethodAccessorImpl.java:62)
	at sun.reflect.DelegatingMethodAccessorImpl.invoke(DelegatingMethodAccessorImpl.java:43)
	at java.lang.reflect.Method.invoke(Method.java:498)
	at org.gradle.internal.dispatch.ReflectionDispatch.dispatch(ReflectionDispatch.java:35)
	at org.gradle.internal.dispatch.ReflectionDispatch.dispatch(ReflectionDispatch.java:24)
	at org.gradle.internal.remote.internal.hub.MessageHubBackedObjectConnection$DispatchWrapper.dispatch(MessageHubBackedObjectConnection.java:155)
	at org.gradle.internal.remote.internal.hub.MessageHubBackedObjectConnection$DispatchWrapper.dispatch(MessageHubBackedObjectConnection.java:137)
	at org.gradle.internal.remote.internal.hub.MessageHub$Handler.run(MessageHub.java:404)
	at org.gradle.internal.concurrent.ExecutorPolicy$CatchAndRecordFailures.onExecute(ExecutorPolicy.java:63)
	at org.gradle.internal.concurrent.ManagedExecutorImpl$1.run(ManagedExecutorImpl.java:46)
	at java.util.concurrent.ThreadPoolExecutor.runWorker(ThreadPoolExecutor.java:1149)
	at java.util.concurrent.ThreadPoolExecutor$Worker.run(ThreadPoolExecutor.java:624)
	at org.gradle.internal.concurrent.ThreadFactoryImpl$ManagedThreadRunnable.run(ThreadFactoryImpl.java:55)
	at java.lang.Thread.run(Thread.java:748)
</pre>
</span>
</div>
<div class="test">
<a name="publish[3: com.dotcms.publishing.PublisherAPIImplTest$TestCase@682f161a]"></a>
<h3 class="failures">publish[3: com.dotcms.publishing.PublisherAPIImplTest$TestCase@682f161a]</h3>
<span class="code">
<pre>java.lang.AssertionError: Expected 31 but get 33 in /custom/assets/bundles/01EYFBFA9WJYTY810YEPD2W44B
Expected [/custom/assets/bundles/01EYFBFA9WJYTY810YEPD2W44B/live/System Host/1/3-content.f42316da-e6dd-4238-9756-a8f39c46e135.content.xml, /custom/assets/bundles/01EYFBFA9WJYTY810YEPD2W44B/live/default/ae92aca8-e328-4d5b-92ea-7cf8a7872c3a.rule.xml, /custom/assets/bundles/01EYFBFA9WJYTY810YEPD2W44B/live/System Host/1/1fd8aea1-5dc5-4dda-a23e-5adb74150fbf.contentworkflow.xml, /custom/assets/bundles/01EYFBFA9WJYTY810YEPD2W44B/live/System Host/1/3c00f779-b1fd-432f-b409-d8a7ece7dfcb.contentworkflow.xml, /custom/assets/bundles/01EYFBFA9WJYTY810YEPD2W44B/live/System Host/qb_DT.language.xml, /custom/assets/bundles/01EYFBFA9WJYTY810YEPD2W44B/live/System Host/1613273040288properties, /custom/assets/bundles/01EYFBFA9WJYTY810YEPD2W44B/live/System Host/en_US.language.xml, /custom/assets/bundles/01EYFBFA9WJYTY810YEPD2W44B/working/test1613270795570.dotcms.com/1/2-d143a80f-ff9b-4e5c-a7e0-45446287d872.content.xml, /custom/assets/bundles/01EYFBFA9WJYTY810YEPD2W44B/ROOT/testName1613270796544/testName1613270796549/a041e9da-7ff7-4ba5-bed6-cdec0b05cc3b.folder.xml, /custom/assets/bundles/01EYFBFA9WJYTY810YEPD2W44B/working/test1613270795570.dotcms.com/1/acdf33e0-95a8-4a23-9ca0-f1e684b11fb1.contentworkflow.xml, /custom/assets/bundles/01EYFBFA9WJYTY810YEPD2W44B/live/default/1613273040288/0-content.9f8e543c-ebde-4caf-9ba8-cdd26963fbd0.content.xml, /custom/assets/bundles/01EYFBFA9WJYTY810YEPD2W44B/working/System Host/1/1-content.2a61e945-8528-40c7-922e-5061f0c0d8ef.content.xml, /custom/assets/bundles/01EYFBFA9WJYTY810YEPD2W44B/live/System Host/1/content.c6245dec-046f-4630-b79d-fd027728074f.host.xml, /custom/assets/bundles/01EYFBFA9WJYTY810YEPD2W44B/ROOT/testName1613270796544/035a8e5d-83ed-4ef7-bb47-1629484e5ac1.folder.xml, /custom/assets/bundles/01EYFBFA9WJYTY810YEPD2W44B/ROOT/4d96fcbd-8769-4b77-a0ce-ffab2e3a49f4.folder.xml, /custom/assets/bundles/01EYFBFA9WJYTY810YEPD2W44B/working/test1613270795570.dotcms.com/1/5fe9349f-4bc7-4af9-b1d0-ce215f2cc233.contentworkflow.xml, /custom/assets/bundles/01EYFBFA9WJYTY810YEPD2W44B/d61a59e1-a49c-46f2-a929-db2b4bfa88b2.workflow.xml, /custom/assets/bundles/01EYFBFA9WJYTY810YEPD2W44B/live/System Host/1/4-content.2a61e945-8528-40c7-922e-5061f0c0d8ef.content.xml, /custom/assets/bundles/01EYFBFA9WJYTY810YEPD2W44B/working/System Host/1/3c00f779-b1fd-432f-b409-d8a7ece7dfcb.contentworkflow.xml, /custom/assets/bundles/01EYFBFA9WJYTY810YEPD2W44B/working/test1613270795570.dotcms.com/1/5-fe0e36eb-f228-49cf-bd91-6633740c5c5f.content.xml, /custom/assets/bundles/01EYFBFA9WJYTY810YEPD2W44B/assets/f/e/fe0e36eb-f228-49cf-bd91-6633740c5c5f/fileAsset/test.jpg, /custom/assets/bundles/01EYFBFA9WJYTY810YEPD2W44B/live/default/1613273040288/ac6fdf39-f28a-440d-b1af-7c45c7d74ecf.contentworkflow.xml, /custom/assets/bundles/01EYFBFA9WJYTY810YEPD2W44B/assets/d/1/d143a80f-ff9b-4e5c-a7e0-45446287d872/fileAsset/test.jpg, /custom/assets/bundles/01EYFBFA9WJYTY810YEPD2W44B/working/System Host/f4d7c1b8-2c88-4071-abf1-a5328977b07d.contentType.json, /custom/assets/bundles/01EYFBFA9WJYTY810YEPD2W44B/working/System Host/1/content.ff462f88-d9e1-4d31-b084-b73cb61976d3.host.xml, /custom/assets/bundles/01EYFBFA9WJYTY810YEPD2W44B/working/System Host/33888b6f-7a8e-4069-b1b6-5c1aa9d0a48d.contentType.json, /custom/assets/bundles/01EYFBFA9WJYTY810YEPD2W44B/working/test1613270795570.dotcms.com/testName1613270796544/testName1613270796549/8497c33e-83b9-4b75-b70a-7ecbf879a970.link.xml, /custom/assets/bundles/01EYFBFA9WJYTY810YEPD2W44B/working/test1613270795570.dotcms.com/3c3dee4b-518a-4ed3-8b1a-16328601d19b.contentType.json, /custom/assets/bundles/01EYFBFA9WJYTY810YEPD2W44B/live/System Host/1properties, /custom/assets/bundles/01EYFBFA9WJYTY810YEPD2W44B/live/System Host/1/content.ff462f88-d9e1-4d31-b084-b73cb61976d3.host.xml]
Existing [/custom/assets/bundles/01EYFBFA9WJYTY810YEPD2W44B/ROOT/4d96fcbd-8769-4b77-a0ce-ffab2e3a49f4.folder.xml, /custom/assets/bundles/01EYFBFA9WJYTY810YEPD2W44B/ROOT/bc9a1d37-dd2d-4d49-a29d-0c9be740bfaf.folder.xml, /custom/assets/bundles/01EYFBFA9WJYTY810YEPD2W44B/ROOT/testName1613270796544/035a8e5d-83ed-4ef7-bb47-1629484e5ac1.folder.xml, /custom/assets/bundles/01EYFBFA9WJYTY810YEPD2W44B/ROOT/testName1613270796544/testName1613270796549/a041e9da-7ff7-4ba5-bed6-cdec0b05cc3b.folder.xml, /custom/assets/bundles/01EYFBFA9WJYTY810YEPD2W44B/assets/d/1/d143a80f-ff9b-4e5c-a7e0-45446287d872/fileAsset/test.jpg, /custom/assets/bundles/01EYFBFA9WJYTY810YEPD2W44B/assets/f/e/fe0e36eb-f228-49cf-bd91-6633740c5c5f/fileAsset/test.jpg, /custom/assets/bundles/01EYFBFA9WJYTY810YEPD2W44B/bundle.xml, /custom/assets/bundles/01EYFBFA9WJYTY810YEPD2W44B/d61a59e1-a49c-46f2-a929-db2b4bfa88b2.workflow.xml, /custom/assets/bundles/01EYFBFA9WJYTY810YEPD2W44B/live/System Host/1/1fd8aea1-5dc5-4dda-a23e-5adb74150fbf.contentworkflow.xml, /custom/assets/bundles/01EYFBFA9WJYTY810YEPD2W44B/live/System Host/1/3-content.f42316da-e6dd-4238-9756-a8f39c46e135.content.xml, /custom/assets/bundles/01EYFBFA9WJYTY810YEPD2W44B/live/System Host/1/3c00f779-b1fd-432f-b409-d8a7ece7dfcb.contentworkflow.xml, /custom/assets/bundles/01EYFBFA9WJYTY810YEPD2W44B/live/System Host/1/4-content.2a61e945-8528-40c7-922e-5061f0c0d8ef.content.xml, /custom/assets/bundles/01EYFBFA9WJYTY810YEPD2W44B/live/System Host/1/content.c6245dec-046f-4630-b79d-fd027728074f.host.xml, /custom/assets/bundles/01EYFBFA9WJYTY810YEPD2W44B/live/System Host/1/content.ff462f88-d9e1-4d31-b084-b73cb61976d3.host.xml, /custom/assets/bundles/01EYFBFA9WJYTY810YEPD2W44B/live/System Host/1/system host.host.xml, /custom/assets/bundles/01EYFBFA9WJYTY810YEPD2W44B/live/System Host/1613273040288properties, /custom/assets/bundles/01EYFBFA9WJYTY810YEPD2W44B/live/System Host/1properties, /custom/assets/bundles/01EYFBFA9WJYTY810YEPD2W44B/live/System Host/en_US.language.xml, /custom/assets/bundles/01EYFBFA9WJYTY810YEPD2W44B/live/System Host/qb_DT.language.xml, /custom/assets/bundles/01EYFBFA9WJYTY810YEPD2W44B/live/default/1613273040288/0-content.9f8e543c-ebde-4caf-9ba8-cdd26963fbd0.content.xml, /custom/assets/bundles/01EYFBFA9WJYTY810YEPD2W44B/live/default/1613273040288/ac6fdf39-f28a-440d-b1af-7c45c7d74ecf.contentworkflow.xml, /custom/assets/bundles/01EYFBFA9WJYTY810YEPD2W44B/live/default/ae92aca8-e328-4d5b-92ea-7cf8a7872c3a.rule.xml, /custom/assets/bundles/01EYFBFA9WJYTY810YEPD2W44B/working/System Host/1/1-content.2a61e945-8528-40c7-922e-5061f0c0d8ef.content.xml, /custom/assets/bundles/01EYFBFA9WJYTY810YEPD2W44B/working/System Host/1/3c00f779-b1fd-432f-b409-d8a7ece7dfcb.contentworkflow.xml, /custom/assets/bundles/01EYFBFA9WJYTY810YEPD2W44B/working/System Host/1/content.ff462f88-d9e1-4d31-b084-b73cb61976d3.host.xml, /custom/assets/bundles/01EYFBFA9WJYTY810YEPD2W44B/working/System Host/33888b6f-7a8e-4069-b1b6-5c1aa9d0a48d.contentType.json, /custom/assets/bundles/01EYFBFA9WJYTY810YEPD2W44B/working/System Host/f4d7c1b8-2c88-4071-abf1-a5328977b07d.contentType.json, /custom/assets/bundles/01EYFBFA9WJYTY810YEPD2W44B/working/test1613270795570.dotcms.com/1/2-d143a80f-ff9b-4e5c-a7e0-45446287d872.content.xml, /custom/assets/bundles/01EYFBFA9WJYTY810YEPD2W44B/working/test1613270795570.dotcms.com/1/5-fe0e36eb-f228-49cf-bd91-6633740c5c5f.content.xml, /custom/assets/bundles/01EYFBFA9WJYTY810YEPD2W44B/working/test1613270795570.dotcms.com/1/5fe9349f-4bc7-4af9-b1d0-ce215f2cc233.contentworkflow.xml, /custom/assets/bundles/01EYFBFA9WJYTY810YEPD2W44B/working/test1613270795570.dotcms.com/1/acdf33e0-95a8-4a23-9ca0-f1e684b11fb1.contentworkflow.xml, /custom/assets/bundles/01EYFBFA9WJYTY810YEPD2W44B/working/test1613270795570.dotcms.com/3c3dee4b-518a-4ed3-8b1a-16328601d19b.contentType.json, /custom/assets/bundles/01EYFBFA9WJYTY810YEPD2W44B/working/test1613270795570.dotcms.com/testName1613270796544/testName1613270796549/8497c33e-83b9-4b75-b70a-7ecbf879a970.link.xml]
difference [/custom/assets/bundles/01EYFBFA9WJYTY810YEPD2W44B/ROOT/bc9a1d37-dd2d-4d49-a29d-0c9be740bfaf.folder.xml, /custom/assets/bundles/01EYFBFA9WJYTY810YEPD2W44B/bundle.xml, /custom/assets/bundles/01EYFBFA9WJYTY810YEPD2W44B/live/System Host/1/system host.host.xml]

	at org.jgroups.util.Util.assertEquals(Util.java:185)
	at com.dotcms.publishing.PublisherAPIImplTest.publish(PublisherAPIImplTest.java:407)
	at sun.reflect.NativeMethodAccessorImpl.invoke0(Native Method)
	at sun.reflect.NativeMethodAccessorImpl.invoke(NativeMethodAccessorImpl.java:62)
	at sun.reflect.DelegatingMethodAccessorImpl.invoke(DelegatingMethodAccessorImpl.java:43)
	at java.lang.reflect.Method.invoke(Method.java:498)
	at org.junit.runners.model.FrameworkMethod$1.runReflectiveCall(FrameworkMethod.java:50)
	at org.junit.internal.runners.model.ReflectiveCallable.run(ReflectiveCallable.java:12)
	at org.junit.runners.model.FrameworkMethod.invokeExplosively(FrameworkMethod.java:47)
	at com.tngtech.java.junit.dataprovider.DataProviderFrameworkMethod.invokeExplosively(DataProviderFrameworkMethod.java:119)
	at org.junit.internal.runners.statements.InvokeMethod.evaluate(InvokeMethod.java:17)
	at org.junit.rules.TestWatcher$1.evaluate(TestWatcher.java:55)
	at org.junit.rules.RunRules.evaluate(RunRules.java:20)
	at org.junit.runners.ParentRunner.runLeaf(ParentRunner.java:325)
	at com.dotcms.junit.CustomDataProviderRunner.runChild(CustomDataProviderRunner.java:28)
	at com.dotcms.junit.CustomDataProviderRunner.runChild(CustomDataProviderRunner.java:13)
	at org.junit.runners.ParentRunner$3.run(ParentRunner.java:290)
	at org.junit.runners.ParentRunner$1.schedule(ParentRunner.java:71)
	at org.junit.runners.ParentRunner.runChildren(ParentRunner.java:288)
	at org.junit.runners.ParentRunner.access$000(ParentRunner.java:58)
	at org.junit.runners.ParentRunner$2.evaluate(ParentRunner.java:268)
	at org.junit.internal.runners.statements.RunBefores.evaluate(RunBefores.java:26)
	at org.junit.internal.runners.statements.RunAfters.evaluate(RunAfters.java:27)
	at org.junit.runners.ParentRunner.run(ParentRunner.java:363)
	at org.junit.runners.Suite.runChild(Suite.java:128)
	at org.junit.runners.Suite.runChild(Suite.java:27)
	at org.junit.runners.ParentRunner$3.run(ParentRunner.java:290)
	at org.junit.runners.ParentRunner$1.schedule(ParentRunner.java:71)
	at org.junit.runners.ParentRunner.runChildren(ParentRunner.java:288)
	at org.junit.runners.ParentRunner.access$000(ParentRunner.java:58)
	at org.junit.runners.ParentRunner$2.evaluate(ParentRunner.java:268)
	at org.junit.runners.ParentRunner.run(ParentRunner.java:363)
	at org.gradle.api.internal.tasks.testing.junit.JUnitTestClassExecutor.runTestClass(JUnitTestClassExecutor.java:106)
	at org.gradle.api.internal.tasks.testing.junit.JUnitTestClassExecutor.execute(JUnitTestClassExecutor.java:58)
	at org.gradle.api.internal.tasks.testing.junit.JUnitTestClassExecutor.execute(JUnitTestClassExecutor.java:38)
	at org.gradle.api.internal.tasks.testing.junit.AbstractJUnitTestClassProcessor.processTestClass(AbstractJUnitTestClassProcessor.java:66)
	at org.gradle.api.internal.tasks.testing.SuiteTestClassProcessor.processTestClass(SuiteTestClassProcessor.java:51)
	at sun.reflect.NativeMethodAccessorImpl.invoke0(Native Method)
	at sun.reflect.NativeMethodAccessorImpl.invoke(NativeMethodAccessorImpl.java:62)
	at sun.reflect.DelegatingMethodAccessorImpl.invoke(DelegatingMethodAccessorImpl.java:43)
	at java.lang.reflect.Method.invoke(Method.java:498)
	at org.gradle.internal.dispatch.ReflectionDispatch.dispatch(ReflectionDispatch.java:35)
	at org.gradle.internal.dispatch.ReflectionDispatch.dispatch(ReflectionDispatch.java:24)
	at org.gradle.internal.dispatch.ContextClassLoaderDispatch.dispatch(ContextClassLoaderDispatch.java:32)
	at org.gradle.internal.dispatch.ProxyDispatchAdapter$DispatchingInvocationHandler.invoke(ProxyDispatchAdapter.java:93)
	at com.sun.proxy.$Proxy2.processTestClass(Unknown Source)
	at org.gradle.api.internal.tasks.testing.worker.TestWorker.processTestClass(TestWorker.java:117)
	at sun.reflect.NativeMethodAccessorImpl.invoke0(Native Method)
	at sun.reflect.NativeMethodAccessorImpl.invoke(NativeMethodAccessorImpl.java:62)
	at sun.reflect.DelegatingMethodAccessorImpl.invoke(DelegatingMethodAccessorImpl.java:43)
	at java.lang.reflect.Method.invoke(Method.java:498)
	at org.gradle.internal.dispatch.ReflectionDispatch.dispatch(ReflectionDispatch.java:35)
	at org.gradle.internal.dispatch.ReflectionDispatch.dispatch(ReflectionDispatch.java:24)
	at org.gradle.internal.remote.internal.hub.MessageHubBackedObjectConnection$DispatchWrapper.dispatch(MessageHubBackedObjectConnection.java:155)
	at org.gradle.internal.remote.internal.hub.MessageHubBackedObjectConnection$DispatchWrapper.dispatch(MessageHubBackedObjectConnection.java:137)
	at org.gradle.internal.remote.internal.hub.MessageHub$Handler.run(MessageHub.java:404)
	at org.gradle.internal.concurrent.ExecutorPolicy$CatchAndRecordFailures.onExecute(ExecutorPolicy.java:63)
	at org.gradle.internal.concurrent.ManagedExecutorImpl$1.run(ManagedExecutorImpl.java:46)
	at java.util.concurrent.ThreadPoolExecutor.runWorker(ThreadPoolExecutor.java:1149)
	at java.util.concurrent.ThreadPoolExecutor$Worker.run(ThreadPoolExecutor.java:624)
	at org.gradle.internal.concurrent.ThreadFactoryImpl$ManagedThreadRunnable.run(ThreadFactoryImpl.java:55)
	at java.lang.Thread.run(Thread.java:748)
</pre>
</span>
</div>
<div class="test">
<a name="publish[4: com.dotcms.publishing.PublisherAPIImplTest$TestCase@1854173c]"></a>
<h3 class="failures">publish[4: com.dotcms.publishing.PublisherAPIImplTest$TestCase@1854173c]</h3>
<span class="code">
<pre>java.lang.AssertionError: Expected 28 but get 30 in /custom/assets/bundles/01EYFBFAGT8YV7Y7CEN86PXXHJ
Expected [/custom/assets/bundles/01EYFBFAGT8YV7Y7CEN86PXXHJ/live/test1613270796840.dotcms.com/4f88e03e-f8e1-4039-a2e0-8879b180fb99.rule.xml, /custom/assets/bundles/01EYFBFAGT8YV7Y7CEN86PXXHJ/working/test1613270796840.dotcms.com/1/8a43e8e3-ba91-42ad-983b-502373a8e316.contentworkflow.xml, /custom/assets/bundles/01EYFBFAGT8YV7Y7CEN86PXXHJ/working/System Host/1/3c00f779-b1fd-432f-b409-d8a7ece7dfcb.contentworkflow.xml, /custom/assets/bundles/01EYFBFAGT8YV7Y7CEN86PXXHJ/working/test1613270796840.dotcms.com/6b6889f9-1c93-406c-b13c-b0ba62048aad.contentType.json, /custom/assets/bundles/01EYFBFAGT8YV7Y7CEN86PXXHJ/live/System Host/1/content.3a2690ac-ca8d-4e26-8188-965b0242d284.host.xml, /custom/assets/bundles/01EYFBFAGT8YV7Y7CEN86PXXHJ/working/test1613270796840.dotcms.com/1/1-content.c01fb9e6-e435-43b0-85f4-f1b0ac0828c6.content.xml, /custom/assets/bundles/01EYFBFAGT8YV7Y7CEN86PXXHJ/ROOT/c8be6502-9f83-49ac-a0da-33744b087b2d.folder.xml, /custom/assets/bundles/01EYFBFAGT8YV7Y7CEN86PXXHJ/live/default/1613273040288/ac6fdf39-f28a-440d-b1af-7c45c7d74ecf.contentworkflow.xml, /custom/assets/bundles/01EYFBFAGT8YV7Y7CEN86PXXHJ/live/System Host/1/3-content.f42316da-e6dd-4238-9756-a8f39c46e135.content.xml, /custom/assets/bundles/01EYFBFAGT8YV7Y7CEN86PXXHJ/live/System Host/1properties, /custom/assets/bundles/01EYFBFAGT8YV7Y7CEN86PXXHJ/live/System Host/1/4-content.2a61e945-8528-40c7-922e-5061f0c0d8ef.content.xml, /custom/assets/bundles/01EYFBFAGT8YV7Y7CEN86PXXHJ/live/System Host/en_US.language.xml, /custom/assets/bundles/01EYFBFAGT8YV7Y7CEN86PXXHJ/working/System Host/1/content.ff462f88-d9e1-4d31-b084-b73cb61976d3.host.xml, /custom/assets/bundles/01EYFBFAGT8YV7Y7CEN86PXXHJ/d61a59e1-a49c-46f2-a929-db2b4bfa88b2.workflow.xml, /custom/assets/bundles/01EYFBFAGT8YV7Y7CEN86PXXHJ/live/System Host/1613273040288properties, /custom/assets/bundles/01EYFBFAGT8YV7Y7CEN86PXXHJ/live/System Host/1/content.ff462f88-d9e1-4d31-b084-b73cb61976d3.host.xml, /custom/assets/bundles/01EYFBFAGT8YV7Y7CEN86PXXHJ/live/default/1613273040288/0-content.9f8e543c-ebde-4caf-9ba8-cdd26963fbd0.content.xml, /custom/assets/bundles/01EYFBFAGT8YV7Y7CEN86PXXHJ/working/System Host/f4d7c1b8-2c88-4071-abf1-a5328977b07d.contentType.json, /custom/assets/bundles/01EYFBFAGT8YV7Y7CEN86PXXHJ/working/test1613270796840.dotcms.com/7a5cac24-32a0-4085-b714-0732b502c096.contentType.json, /custom/assets/bundles/01EYFBFAGT8YV7Y7CEN86PXXHJ/working/System Host/33888b6f-7a8e-4069-b1b6-5c1aa9d0a48d.contentType.json, /custom/assets/bundles/01EYFBFAGT8YV7Y7CEN86PXXHJ/live/test1613270796840.dotcms.com/afb36131-ff4e-4194-a835-b672600e8c21.template.template.xml, /custom/assets/bundles/01EYFBFAGT8YV7Y7CEN86PXXHJ/live/System Host/1/3c00f779-b1fd-432f-b409-d8a7ece7dfcb.contentworkflow.xml, /custom/assets/bundles/01EYFBFAGT8YV7Y7CEN86PXXHJ/working/test1613270796840.dotcms.com/0a750ebe-20da-49ff-bb03-1d1043143f35.containers.container.xml, /custom/assets/bundles/01EYFBFAGT8YV7Y7CEN86PXXHJ/live/System Host/qb_DT.language.xml, /custom/assets/bundles/01EYFBFAGT8YV7Y7CEN86PXXHJ/live/System Host/1/1fd8aea1-5dc5-4dda-a23e-5adb74150fbf.contentworkflow.xml, /custom/assets/bundles/01EYFBFAGT8YV7Y7CEN86PXXHJ/working/System Host/1/2-content.2a61e945-8528-40c7-922e-5061f0c0d8ef.content.xml, /custom/assets/bundles/01EYFBFAGT8YV7Y7CEN86PXXHJ/live/default/ae92aca8-e328-4d5b-92ea-7cf8a7872c3a.rule.xml]
Existing [/custom/assets/bundles/01EYFBFAGT8YV7Y7CEN86PXXHJ/ROOT/bc9a1d37-dd2d-4d49-a29d-0c9be740bfaf.folder.xml, /custom/assets/bundles/01EYFBFAGT8YV7Y7CEN86PXXHJ/ROOT/c8be6502-9f83-49ac-a0da-33744b087b2d.folder.xml, /custom/assets/bundles/01EYFBFAGT8YV7Y7CEN86PXXHJ/bundle.xml, /custom/assets/bundles/01EYFBFAGT8YV7Y7CEN86PXXHJ/d61a59e1-a49c-46f2-a929-db2b4bfa88b2.workflow.xml, /custom/assets/bundles/01EYFBFAGT8YV7Y7CEN86PXXHJ/live/System Host/1/1fd8aea1-5dc5-4dda-a23e-5adb74150fbf.contentworkflow.xml, /custom/assets/bundles/01EYFBFAGT8YV7Y7CEN86PXXHJ/live/System Host/1/3-content.f42316da-e6dd-4238-9756-a8f39c46e135.content.xml, /custom/assets/bundles/01EYFBFAGT8YV7Y7CEN86PXXHJ/live/System Host/1/3c00f779-b1fd-432f-b409-d8a7ece7dfcb.contentworkflow.xml, /custom/assets/bundles/01EYFBFAGT8YV7Y7CEN86PXXHJ/live/System Host/1/4-content.2a61e945-8528-40c7-922e-5061f0c0d8ef.content.xml, /custom/assets/bundles/01EYFBFAGT8YV7Y7CEN86PXXHJ/live/System Host/1/content.3a2690ac-ca8d-4e26-8188-965b0242d284.host.xml, /custom/assets/bundles/01EYFBFAGT8YV7Y7CEN86PXXHJ/live/System Host/1/content.ff462f88-d9e1-4d31-b084-b73cb61976d3.host.xml, /custom/assets/bundles/01EYFBFAGT8YV7Y7CEN86PXXHJ/live/System Host/1/system host.host.xml, /custom/assets/bundles/01EYFBFAGT8YV7Y7CEN86PXXHJ/live/System Host/1613273040288properties, /custom/assets/bundles/01EYFBFAGT8YV7Y7CEN86PXXHJ/live/System Host/1properties, /custom/assets/bundles/01EYFBFAGT8YV7Y7CEN86PXXHJ/live/System Host/en_US.language.xml, /custom/assets/bundles/01EYFBFAGT8YV7Y7CEN86PXXHJ/live/System Host/qb_DT.language.xml, /custom/assets/bundles/01EYFBFAGT8YV7Y7CEN86PXXHJ/live/default/1613273040288/0-content.9f8e543c-ebde-4caf-9ba8-cdd26963fbd0.content.xml, /custom/assets/bundles/01EYFBFAGT8YV7Y7CEN86PXXHJ/live/default/1613273040288/ac6fdf39-f28a-440d-b1af-7c45c7d74ecf.contentworkflow.xml, /custom/assets/bundles/01EYFBFAGT8YV7Y7CEN86PXXHJ/live/default/ae92aca8-e328-4d5b-92ea-7cf8a7872c3a.rule.xml, /custom/assets/bundles/01EYFBFAGT8YV7Y7CEN86PXXHJ/live/test1613270796840.dotcms.com/4f88e03e-f8e1-4039-a2e0-8879b180fb99.rule.xml, /custom/assets/bundles/01EYFBFAGT8YV7Y7CEN86PXXHJ/live/test1613270796840.dotcms.com/afb36131-ff4e-4194-a835-b672600e8c21.template.template.xml, /custom/assets/bundles/01EYFBFAGT8YV7Y7CEN86PXXHJ/working/System Host/1/2-content.2a61e945-8528-40c7-922e-5061f0c0d8ef.content.xml, /custom/assets/bundles/01EYFBFAGT8YV7Y7CEN86PXXHJ/working/System Host/1/3c00f779-b1fd-432f-b409-d8a7ece7dfcb.contentworkflow.xml, /custom/assets/bundles/01EYFBFAGT8YV7Y7CEN86PXXHJ/working/System Host/1/content.ff462f88-d9e1-4d31-b084-b73cb61976d3.host.xml, /custom/assets/bundles/01EYFBFAGT8YV7Y7CEN86PXXHJ/working/System Host/33888b6f-7a8e-4069-b1b6-5c1aa9d0a48d.contentType.json, /custom/assets/bundles/01EYFBFAGT8YV7Y7CEN86PXXHJ/working/System Host/f4d7c1b8-2c88-4071-abf1-a5328977b07d.contentType.json, /custom/assets/bundles/01EYFBFAGT8YV7Y7CEN86PXXHJ/working/test1613270796840.dotcms.com/0a750ebe-20da-49ff-bb03-1d1043143f35.containers.container.xml, /custom/assets/bundles/01EYFBFAGT8YV7Y7CEN86PXXHJ/working/test1613270796840.dotcms.com/1/1-content.c01fb9e6-e435-43b0-85f4-f1b0ac0828c6.content.xml, /custom/assets/bundles/01EYFBFAGT8YV7Y7CEN86PXXHJ/working/test1613270796840.dotcms.com/1/8a43e8e3-ba91-42ad-983b-502373a8e316.contentworkflow.xml, /custom/assets/bundles/01EYFBFAGT8YV7Y7CEN86PXXHJ/working/test1613270796840.dotcms.com/6b6889f9-1c93-406c-b13c-b0ba62048aad.contentType.json, /custom/assets/bundles/01EYFBFAGT8YV7Y7CEN86PXXHJ/working/test1613270796840.dotcms.com/7a5cac24-32a0-4085-b714-0732b502c096.contentType.json]
difference [/custom/assets/bundles/01EYFBFAGT8YV7Y7CEN86PXXHJ/ROOT/bc9a1d37-dd2d-4d49-a29d-0c9be740bfaf.folder.xml, /custom/assets/bundles/01EYFBFAGT8YV7Y7CEN86PXXHJ/bundle.xml, /custom/assets/bundles/01EYFBFAGT8YV7Y7CEN86PXXHJ/live/System Host/1/system host.host.xml]

	at org.jgroups.util.Util.assertEquals(Util.java:185)
	at com.dotcms.publishing.PublisherAPIImplTest.publish(PublisherAPIImplTest.java:407)
	at sun.reflect.NativeMethodAccessorImpl.invoke0(Native Method)
	at sun.reflect.NativeMethodAccessorImpl.invoke(NativeMethodAccessorImpl.java:62)
	at sun.reflect.DelegatingMethodAccessorImpl.invoke(DelegatingMethodAccessorImpl.java:43)
	at java.lang.reflect.Method.invoke(Method.java:498)
	at org.junit.runners.model.FrameworkMethod$1.runReflectiveCall(FrameworkMethod.java:50)
	at org.junit.internal.runners.model.ReflectiveCallable.run(ReflectiveCallable.java:12)
	at org.junit.runners.model.FrameworkMethod.invokeExplosively(FrameworkMethod.java:47)
	at com.tngtech.java.junit.dataprovider.DataProviderFrameworkMethod.invokeExplosively(DataProviderFrameworkMethod.java:119)
	at org.junit.internal.runners.statements.InvokeMethod.evaluate(InvokeMethod.java:17)
	at org.junit.rules.TestWatcher$1.evaluate(TestWatcher.java:55)
	at org.junit.rules.RunRules.evaluate(RunRules.java:20)
	at org.junit.runners.ParentRunner.runLeaf(ParentRunner.java:325)
	at com.dotcms.junit.CustomDataProviderRunner.runChild(CustomDataProviderRunner.java:28)
	at com.dotcms.junit.CustomDataProviderRunner.runChild(CustomDataProviderRunner.java:13)
	at org.junit.runners.ParentRunner$3.run(ParentRunner.java:290)
	at org.junit.runners.ParentRunner$1.schedule(ParentRunner.java:71)
	at org.junit.runners.ParentRunner.runChildren(ParentRunner.java:288)
	at org.junit.runners.ParentRunner.access$000(ParentRunner.java:58)
	at org.junit.runners.ParentRunner$2.evaluate(ParentRunner.java:268)
	at org.junit.internal.runners.statements.RunBefores.evaluate(RunBefores.java:26)
	at org.junit.internal.runners.statements.RunAfters.evaluate(RunAfters.java:27)
	at org.junit.runners.ParentRunner.run(ParentRunner.java:363)
	at org.junit.runners.Suite.runChild(Suite.java:128)
	at org.junit.runners.Suite.runChild(Suite.java:27)
	at org.junit.runners.ParentRunner$3.run(ParentRunner.java:290)
	at org.junit.runners.ParentRunner$1.schedule(ParentRunner.java:71)
	at org.junit.runners.ParentRunner.runChildren(ParentRunner.java:288)
	at org.junit.runners.ParentRunner.access$000(ParentRunner.java:58)
	at org.junit.runners.ParentRunner$2.evaluate(ParentRunner.java:268)
	at org.junit.runners.ParentRunner.run(ParentRunner.java:363)
	at org.gradle.api.internal.tasks.testing.junit.JUnitTestClassExecutor.runTestClass(JUnitTestClassExecutor.java:106)
	at org.gradle.api.internal.tasks.testing.junit.JUnitTestClassExecutor.execute(JUnitTestClassExecutor.java:58)
	at org.gradle.api.internal.tasks.testing.junit.JUnitTestClassExecutor.execute(JUnitTestClassExecutor.java:38)
	at org.gradle.api.internal.tasks.testing.junit.AbstractJUnitTestClassProcessor.processTestClass(AbstractJUnitTestClassProcessor.java:66)
	at org.gradle.api.internal.tasks.testing.SuiteTestClassProcessor.processTestClass(SuiteTestClassProcessor.java:51)
	at sun.reflect.NativeMethodAccessorImpl.invoke0(Native Method)
	at sun.reflect.NativeMethodAccessorImpl.invoke(NativeMethodAccessorImpl.java:62)
	at sun.reflect.DelegatingMethodAccessorImpl.invoke(DelegatingMethodAccessorImpl.java:43)
	at java.lang.reflect.Method.invoke(Method.java:498)
	at org.gradle.internal.dispatch.ReflectionDispatch.dispatch(ReflectionDispatch.java:35)
	at org.gradle.internal.dispatch.ReflectionDispatch.dispatch(ReflectionDispatch.java:24)
	at org.gradle.internal.dispatch.ContextClassLoaderDispatch.dispatch(ContextClassLoaderDispatch.java:32)
	at org.gradle.internal.dispatch.ProxyDispatchAdapter$DispatchingInvocationHandler.invoke(ProxyDispatchAdapter.java:93)
	at com.sun.proxy.$Proxy2.processTestClass(Unknown Source)
	at org.gradle.api.internal.tasks.testing.worker.TestWorker.processTestClass(TestWorker.java:117)
	at sun.reflect.NativeMethodAccessorImpl.invoke0(Native Method)
	at sun.reflect.NativeMethodAccessorImpl.invoke(NativeMethodAccessorImpl.java:62)
	at sun.reflect.DelegatingMethodAccessorImpl.invoke(DelegatingMethodAccessorImpl.java:43)
	at java.lang.reflect.Method.invoke(Method.java:498)
	at org.gradle.internal.dispatch.ReflectionDispatch.dispatch(ReflectionDispatch.java:35)
	at org.gradle.internal.dispatch.ReflectionDispatch.dispatch(ReflectionDispatch.java:24)
	at org.gradle.internal.remote.internal.hub.MessageHubBackedObjectConnection$DispatchWrapper.dispatch(MessageHubBackedObjectConnection.java:155)
	at org.gradle.internal.remote.internal.hub.MessageHubBackedObjectConnection$DispatchWrapper.dispatch(MessageHubBackedObjectConnection.java:137)
	at org.gradle.internal.remote.internal.hub.MessageHub$Handler.run(MessageHub.java:404)
	at org.gradle.internal.concurrent.ExecutorPolicy$CatchAndRecordFailures.onExecute(ExecutorPolicy.java:63)
	at org.gradle.internal.concurrent.ManagedExecutorImpl$1.run(ManagedExecutorImpl.java:46)
	at java.util.concurrent.ThreadPoolExecutor.runWorker(ThreadPoolExecutor.java:1149)
	at java.util.concurrent.ThreadPoolExecutor$Worker.run(ThreadPoolExecutor.java:624)
	at org.gradle.internal.concurrent.ThreadFactoryImpl$ManagedThreadRunnable.run(ThreadFactoryImpl.java:55)
	at java.lang.Thread.run(Thread.java:748)
</pre>
</span>
</div>
<div class="test">
<a name="publish[5: com.dotcms.publishing.PublisherAPIImplTest$TestCase@4c9cd14a]"></a>
<h3 class="failures">publish[5: com.dotcms.publishing.PublisherAPIImplTest$TestCase@4c9cd14a]</h3>
<span class="code">
<pre>java.lang.AssertionError: Expected 21 but get 23 in /custom/assets/bundles/01EYFBFAQ3TYET6RNFQV85FQWP
Expected [/custom/assets/bundles/01EYFBFAQ3TYET6RNFQV85FQWP/live/default/1613273040288/0-content.9f8e543c-ebde-4caf-9ba8-cdd26963fbd0.content.xml, /custom/assets/bundles/01EYFBFAQ3TYET6RNFQV85FQWP/live/System Host/qb_DT.language.xml, /custom/assets/bundles/01EYFBFAQ3TYET6RNFQV85FQWP/live/default/ae92aca8-e328-4d5b-92ea-7cf8a7872c3a.rule.xml, /custom/assets/bundles/01EYFBFAQ3TYET6RNFQV85FQWP/live/System Host/1/3-content.2a61e945-8528-40c7-922e-5061f0c0d8ef.content.xml, /custom/assets/bundles/01EYFBFAQ3TYET6RNFQV85FQWP/d61a59e1-a49c-46f2-a929-db2b4bfa88b2.workflow.xml, /custom/assets/bundles/01EYFBFAQ3TYET6RNFQV85FQWP/working/System Host/1/3c00f779-b1fd-432f-b409-d8a7ece7dfcb.contentworkflow.xml, /custom/assets/bundles/01EYFBFAQ3TYET6RNFQV85FQWP/live/System Host/1613273040288properties, /custom/assets/bundles/01EYFBFAQ3TYET6RNFQV85FQWP/live/default/1613273040288/ac6fdf39-f28a-440d-b1af-7c45c7d74ecf.contentworkflow.xml, /custom/assets/bundles/01EYFBFAQ3TYET6RNFQV85FQWP/live/System Host/1properties, /custom/assets/bundles/01EYFBFAQ3TYET6RNFQV85FQWP/working/System Host/1/1-content.2a61e945-8528-40c7-922e-5061f0c0d8ef.content.xml, /custom/assets/bundles/01EYFBFAQ3TYET6RNFQV85FQWP/live/System Host/1/content.a12f228e-5a99-4797-850f-7f986944019f.host.xml, /custom/assets/bundles/01EYFBFAQ3TYET6RNFQV85FQWP/working/System Host/1/content.ff462f88-d9e1-4d31-b084-b73cb61976d3.host.xml, /custom/assets/bundles/01EYFBFAQ3TYET6RNFQV85FQWP/live/System Host/1/2-content.f42316da-e6dd-4238-9756-a8f39c46e135.content.xml, /custom/assets/bundles/01EYFBFAQ3TYET6RNFQV85FQWP/working/System Host/f4d7c1b8-2c88-4071-abf1-a5328977b07d.contentType.json, /custom/assets/bundles/01EYFBFAQ3TYET6RNFQV85FQWP/working/test1613270797803.dotcms.com/testName1613270798613/8848faab-856d-4377-929d-73fbe2153a2c.link.xml, /custom/assets/bundles/01EYFBFAQ3TYET6RNFQV85FQWP/live/System Host/1/content.ff462f88-d9e1-4d31-b084-b73cb61976d3.host.xml, /custom/assets/bundles/01EYFBFAQ3TYET6RNFQV85FQWP/ROOT/73ef75af-228c-47f1-8f4e-cdfb3e59abd5.folder.xml, /custom/assets/bundles/01EYFBFAQ3TYET6RNFQV85FQWP/live/System Host/1/1fd8aea1-5dc5-4dda-a23e-5adb74150fbf.contentworkflow.xml, /custom/assets/bundles/01EYFBFAQ3TYET6RNFQV85FQWP/live/System Host/en_US.language.xml, /custom/assets/bundles/01EYFBFAQ3TYET6RNFQV85FQWP/live/System Host/1/3c00f779-b1fd-432f-b409-d8a7ece7dfcb.contentworkflow.xml]
Existing [/custom/assets/bundles/01EYFBFAQ3TYET6RNFQV85FQWP/ROOT/73ef75af-228c-47f1-8f4e-cdfb3e59abd5.folder.xml, /custom/assets/bundles/01EYFBFAQ3TYET6RNFQV85FQWP/ROOT/bc9a1d37-dd2d-4d49-a29d-0c9be740bfaf.folder.xml, /custom/assets/bundles/01EYFBFAQ3TYET6RNFQV85FQWP/bundle.xml, /custom/assets/bundles/01EYFBFAQ3TYET6RNFQV85FQWP/d61a59e1-a49c-46f2-a929-db2b4bfa88b2.workflow.xml, /custom/assets/bundles/01EYFBFAQ3TYET6RNFQV85FQWP/live/System Host/1/1fd8aea1-5dc5-4dda-a23e-5adb74150fbf.contentworkflow.xml, /custom/assets/bundles/01EYFBFAQ3TYET6RNFQV85FQWP/live/System Host/1/2-content.f42316da-e6dd-4238-9756-a8f39c46e135.content.xml, /custom/assets/bundles/01EYFBFAQ3TYET6RNFQV85FQWP/live/System Host/1/3-content.2a61e945-8528-40c7-922e-5061f0c0d8ef.content.xml, /custom/assets/bundles/01EYFBFAQ3TYET6RNFQV85FQWP/live/System Host/1/3c00f779-b1fd-432f-b409-d8a7ece7dfcb.contentworkflow.xml, /custom/assets/bundles/01EYFBFAQ3TYET6RNFQV85FQWP/live/System Host/1/content.a12f228e-5a99-4797-850f-7f986944019f.host.xml, /custom/assets/bundles/01EYFBFAQ3TYET6RNFQV85FQWP/live/System Host/1/content.ff462f88-d9e1-4d31-b084-b73cb61976d3.host.xml, /custom/assets/bundles/01EYFBFAQ3TYET6RNFQV85FQWP/live/System Host/1/system host.host.xml, /custom/assets/bundles/01EYFBFAQ3TYET6RNFQV85FQWP/live/System Host/1613273040288properties, /custom/assets/bundles/01EYFBFAQ3TYET6RNFQV85FQWP/live/System Host/1properties, /custom/assets/bundles/01EYFBFAQ3TYET6RNFQV85FQWP/live/System Host/en_US.language.xml, /custom/assets/bundles/01EYFBFAQ3TYET6RNFQV85FQWP/live/System Host/qb_DT.language.xml, /custom/assets/bundles/01EYFBFAQ3TYET6RNFQV85FQWP/live/default/1613273040288/0-content.9f8e543c-ebde-4caf-9ba8-cdd26963fbd0.content.xml, /custom/assets/bundles/01EYFBFAQ3TYET6RNFQV85FQWP/live/default/1613273040288/ac6fdf39-f28a-440d-b1af-7c45c7d74ecf.contentworkflow.xml, /custom/assets/bundles/01EYFBFAQ3TYET6RNFQV85FQWP/live/default/ae92aca8-e328-4d5b-92ea-7cf8a7872c3a.rule.xml, /custom/assets/bundles/01EYFBFAQ3TYET6RNFQV85FQWP/working/System Host/1/1-content.2a61e945-8528-40c7-922e-5061f0c0d8ef.content.xml, /custom/assets/bundles/01EYFBFAQ3TYET6RNFQV85FQWP/working/System Host/1/3c00f779-b1fd-432f-b409-d8a7ece7dfcb.contentworkflow.xml, /custom/assets/bundles/01EYFBFAQ3TYET6RNFQV85FQWP/working/System Host/1/content.ff462f88-d9e1-4d31-b084-b73cb61976d3.host.xml, /custom/assets/bundles/01EYFBFAQ3TYET6RNFQV85FQWP/working/System Host/f4d7c1b8-2c88-4071-abf1-a5328977b07d.contentType.json, /custom/assets/bundles/01EYFBFAQ3TYET6RNFQV85FQWP/working/test1613270797803.dotcms.com/testName1613270798613/8848faab-856d-4377-929d-73fbe2153a2c.link.xml]
difference [/custom/assets/bundles/01EYFBFAQ3TYET6RNFQV85FQWP/ROOT/bc9a1d37-dd2d-4d49-a29d-0c9be740bfaf.folder.xml, /custom/assets/bundles/01EYFBFAQ3TYET6RNFQV85FQWP/bundle.xml, /custom/assets/bundles/01EYFBFAQ3TYET6RNFQV85FQWP/live/System Host/1/system host.host.xml]

	at org.jgroups.util.Util.assertEquals(Util.java:185)
	at com.dotcms.publishing.PublisherAPIImplTest.publish(PublisherAPIImplTest.java:407)
	at sun.reflect.NativeMethodAccessorImpl.invoke0(Native Method)
	at sun.reflect.NativeMethodAccessorImpl.invoke(NativeMethodAccessorImpl.java:62)
	at sun.reflect.DelegatingMethodAccessorImpl.invoke(DelegatingMethodAccessorImpl.java:43)
	at java.lang.reflect.Method.invoke(Method.java:498)
	at org.junit.runners.model.FrameworkMethod$1.runReflectiveCall(FrameworkMethod.java:50)
	at org.junit.internal.runners.model.ReflectiveCallable.run(ReflectiveCallable.java:12)
	at org.junit.runners.model.FrameworkMethod.invokeExplosively(FrameworkMethod.java:47)
	at com.tngtech.java.junit.dataprovider.DataProviderFrameworkMethod.invokeExplosively(DataProviderFrameworkMethod.java:119)
	at org.junit.internal.runners.statements.InvokeMethod.evaluate(InvokeMethod.java:17)
	at org.junit.rules.TestWatcher$1.evaluate(TestWatcher.java:55)
	at org.junit.rules.RunRules.evaluate(RunRules.java:20)
	at org.junit.runners.ParentRunner.runLeaf(ParentRunner.java:325)
	at com.dotcms.junit.CustomDataProviderRunner.runChild(CustomDataProviderRunner.java:28)
	at com.dotcms.junit.CustomDataProviderRunner.runChild(CustomDataProviderRunner.java:13)
	at org.junit.runners.ParentRunner$3.run(ParentRunner.java:290)
	at org.junit.runners.ParentRunner$1.schedule(ParentRunner.java:71)
	at org.junit.runners.ParentRunner.runChildren(ParentRunner.java:288)
	at org.junit.runners.ParentRunner.access$000(ParentRunner.java:58)
	at org.junit.runners.ParentRunner$2.evaluate(ParentRunner.java:268)
	at org.junit.internal.runners.statements.RunBefores.evaluate(RunBefores.java:26)
	at org.junit.internal.runners.statements.RunAfters.evaluate(RunAfters.java:27)
	at org.junit.runners.ParentRunner.run(ParentRunner.java:363)
	at org.junit.runners.Suite.runChild(Suite.java:128)
	at org.junit.runners.Suite.runChild(Suite.java:27)
	at org.junit.runners.ParentRunner$3.run(ParentRunner.java:290)
	at org.junit.runners.ParentRunner$1.schedule(ParentRunner.java:71)
	at org.junit.runners.ParentRunner.runChildren(ParentRunner.java:288)
	at org.junit.runners.ParentRunner.access$000(ParentRunner.java:58)
	at org.junit.runners.ParentRunner$2.evaluate(ParentRunner.java:268)
	at org.junit.runners.ParentRunner.run(ParentRunner.java:363)
	at org.gradle.api.internal.tasks.testing.junit.JUnitTestClassExecutor.runTestClass(JUnitTestClassExecutor.java:106)
	at org.gradle.api.internal.tasks.testing.junit.JUnitTestClassExecutor.execute(JUnitTestClassExecutor.java:58)
	at org.gradle.api.internal.tasks.testing.junit.JUnitTestClassExecutor.execute(JUnitTestClassExecutor.java:38)
	at org.gradle.api.internal.tasks.testing.junit.AbstractJUnitTestClassProcessor.processTestClass(AbstractJUnitTestClassProcessor.java:66)
	at org.gradle.api.internal.tasks.testing.SuiteTestClassProcessor.processTestClass(SuiteTestClassProcessor.java:51)
	at sun.reflect.NativeMethodAccessorImpl.invoke0(Native Method)
	at sun.reflect.NativeMethodAccessorImpl.invoke(NativeMethodAccessorImpl.java:62)
	at sun.reflect.DelegatingMethodAccessorImpl.invoke(DelegatingMethodAccessorImpl.java:43)
	at java.lang.reflect.Method.invoke(Method.java:498)
	at org.gradle.internal.dispatch.ReflectionDispatch.dispatch(ReflectionDispatch.java:35)
	at org.gradle.internal.dispatch.ReflectionDispatch.dispatch(ReflectionDispatch.java:24)
	at org.gradle.internal.dispatch.ContextClassLoaderDispatch.dispatch(ContextClassLoaderDispatch.java:32)
	at org.gradle.internal.dispatch.ProxyDispatchAdapter$DispatchingInvocationHandler.invoke(ProxyDispatchAdapter.java:93)
	at com.sun.proxy.$Proxy2.processTestClass(Unknown Source)
	at org.gradle.api.internal.tasks.testing.worker.TestWorker.processTestClass(TestWorker.java:117)
	at sun.reflect.NativeMethodAccessorImpl.invoke0(Native Method)
	at sun.reflect.NativeMethodAccessorImpl.invoke(NativeMethodAccessorImpl.java:62)
	at sun.reflect.DelegatingMethodAccessorImpl.invoke(DelegatingMethodAccessorImpl.java:43)
	at java.lang.reflect.Method.invoke(Method.java:498)
	at org.gradle.internal.dispatch.ReflectionDispatch.dispatch(ReflectionDispatch.java:35)
	at org.gradle.internal.dispatch.ReflectionDispatch.dispatch(ReflectionDispatch.java:24)
	at org.gradle.internal.remote.internal.hub.MessageHubBackedObjectConnection$DispatchWrapper.dispatch(MessageHubBackedObjectConnection.java:155)
	at org.gradle.internal.remote.internal.hub.MessageHubBackedObjectConnection$DispatchWrapper.dispatch(MessageHubBackedObjectConnection.java:137)
	at org.gradle.internal.remote.internal.hub.MessageHub$Handler.run(MessageHub.java:404)
	at org.gradle.internal.concurrent.ExecutorPolicy$CatchAndRecordFailures.onExecute(ExecutorPolicy.java:63)
	at org.gradle.internal.concurrent.ManagedExecutorImpl$1.run(ManagedExecutorImpl.java:46)
	at java.util.concurrent.ThreadPoolExecutor.runWorker(ThreadPoolExecutor.java:1149)
	at java.util.concurrent.ThreadPoolExecutor$Worker.run(ThreadPoolExecutor.java:624)
	at org.gradle.internal.concurrent.ThreadFactoryImpl$ManagedThreadRunnable.run(ThreadFactoryImpl.java:55)
	at java.lang.Thread.run(Thread.java:748)
</pre>
</span>
</div>
<div class="test">
<a name="publish[6: com.dotcms.publishing.PublisherAPIImplTest$TestCase@5ab84942]"></a>
<h3 class="failures">publish[6: com.dotcms.publishing.PublisherAPIImplTest$TestCase@5ab84942]</h3>
<span class="code">
<pre>java.lang.AssertionError: Expected 19 but get 21 in /custom/assets/bundles/01EYFBFATPF0CKRHWE6WVPRP41
Expected [/custom/assets/bundles/01EYFBFATPF0CKRHWE6WVPRP41/live/System Host/1/2-content.f42316da-e6dd-4238-9756-a8f39c46e135.content.xml, /custom/assets/bundles/01EYFBFATPF0CKRHWE6WVPRP41/live/System Host/1/3-content.2a61e945-8528-40c7-922e-5061f0c0d8ef.content.xml, /custom/assets/bundles/01EYFBFATPF0CKRHWE6WVPRP41/d61a59e1-a49c-46f2-a929-db2b4bfa88b2.workflow.xml, /custom/assets/bundles/01EYFBFATPF0CKRHWE6WVPRP41/working/System Host/1/3c00f779-b1fd-432f-b409-d8a7ece7dfcb.contentworkflow.xml, /custom/assets/bundles/01EYFBFATPF0CKRHWE6WVPRP41/live/default/ae92aca8-e328-4d5b-92ea-7cf8a7872c3a.rule.xml, /custom/assets/bundles/01EYFBFATPF0CKRHWE6WVPRP41/live/System Host/1/3c00f779-b1fd-432f-b409-d8a7ece7dfcb.contentworkflow.xml, /custom/assets/bundles/01EYFBFATPF0CKRHWE6WVPRP41/live/System Host/en_US.language.xml, /custom/assets/bundles/01EYFBFATPF0CKRHWE6WVPRP41/live/System Host/1properties, /custom/assets/bundles/01EYFBFATPF0CKRHWE6WVPRP41/live/System Host/1/1fd8aea1-5dc5-4dda-a23e-5adb74150fbf.contentworkflow.xml, /custom/assets/bundles/01EYFBFATPF0CKRHWE6WVPRP41/working/System Host/1/1-content.2a61e945-8528-40c7-922e-5061f0c0d8ef.content.xml, /custom/assets/bundles/01EYFBFATPF0CKRHWE6WVPRP41/live/System Host/1613273040288properties, /custom/assets/bundles/01EYFBFATPF0CKRHWE6WVPRP41/live/System Host/qb_DT.language.xml, /custom/assets/bundles/01EYFBFATPF0CKRHWE6WVPRP41/live/default/1613273040288/ac6fdf39-f28a-440d-b1af-7c45c7d74ecf.contentworkflow.xml, /custom/assets/bundles/01EYFBFATPF0CKRHWE6WVPRP41/df10e1e6-c73c-445a-a094-c18b18bfc1f8.workflow.xml, /custom/assets/bundles/01EYFBFATPF0CKRHWE6WVPRP41/working/System Host/1/content.ff462f88-d9e1-4d31-b084-b73cb61976d3.host.xml, /custom/assets/bundles/01EYFBFATPF0CKRHWE6WVPRP41/working/System Host/f4d7c1b8-2c88-4071-abf1-a5328977b07d.contentType.json, /custom/assets/bundles/01EYFBFATPF0CKRHWE6WVPRP41/live/default/1613273040288/0-content.9f8e543c-ebde-4caf-9ba8-cdd26963fbd0.content.xml, /custom/assets/bundles/01EYFBFATPF0CKRHWE6WVPRP41/live/System Host/1/content.ff462f88-d9e1-4d31-b084-b73cb61976d3.host.xml]
Existing [/custom/assets/bundles/01EYFBFATPF0CKRHWE6WVPRP41/ROOT/bc9a1d37-dd2d-4d49-a29d-0c9be740bfaf.folder.xml, /custom/assets/bundles/01EYFBFATPF0CKRHWE6WVPRP41/bundle.xml, /custom/assets/bundles/01EYFBFATPF0CKRHWE6WVPRP41/d61a59e1-a49c-46f2-a929-db2b4bfa88b2.workflow.xml, /custom/assets/bundles/01EYFBFATPF0CKRHWE6WVPRP41/df10e1e6-c73c-445a-a094-c18b18bfc1f8.workflow.xml, /custom/assets/bundles/01EYFBFATPF0CKRHWE6WVPRP41/live/System Host/1/1fd8aea1-5dc5-4dda-a23e-5adb74150fbf.contentworkflow.xml, /custom/assets/bundles/01EYFBFATPF0CKRHWE6WVPRP41/live/System Host/1/2-content.f42316da-e6dd-4238-9756-a8f39c46e135.content.xml, /custom/assets/bundles/01EYFBFATPF0CKRHWE6WVPRP41/live/System Host/1/3-content.2a61e945-8528-40c7-922e-5061f0c0d8ef.content.xml, /custom/assets/bundles/01EYFBFATPF0CKRHWE6WVPRP41/live/System Host/1/3c00f779-b1fd-432f-b409-d8a7ece7dfcb.contentworkflow.xml, /custom/assets/bundles/01EYFBFATPF0CKRHWE6WVPRP41/live/System Host/1/content.ff462f88-d9e1-4d31-b084-b73cb61976d3.host.xml, /custom/assets/bundles/01EYFBFATPF0CKRHWE6WVPRP41/live/System Host/1/system host.host.xml, /custom/assets/bundles/01EYFBFATPF0CKRHWE6WVPRP41/live/System Host/1613273040288properties, /custom/assets/bundles/01EYFBFATPF0CKRHWE6WVPRP41/live/System Host/1properties, /custom/assets/bundles/01EYFBFATPF0CKRHWE6WVPRP41/live/System Host/en_US.language.xml, /custom/assets/bundles/01EYFBFATPF0CKRHWE6WVPRP41/live/System Host/qb_DT.language.xml, /custom/assets/bundles/01EYFBFATPF0CKRHWE6WVPRP41/live/default/1613273040288/0-content.9f8e543c-ebde-4caf-9ba8-cdd26963fbd0.content.xml, /custom/assets/bundles/01EYFBFATPF0CKRHWE6WVPRP41/live/default/1613273040288/ac6fdf39-f28a-440d-b1af-7c45c7d74ecf.contentworkflow.xml, /custom/assets/bundles/01EYFBFATPF0CKRHWE6WVPRP41/live/default/ae92aca8-e328-4d5b-92ea-7cf8a7872c3a.rule.xml, /custom/assets/bundles/01EYFBFATPF0CKRHWE6WVPRP41/working/System Host/1/1-content.2a61e945-8528-40c7-922e-5061f0c0d8ef.content.xml, /custom/assets/bundles/01EYFBFATPF0CKRHWE6WVPRP41/working/System Host/1/3c00f779-b1fd-432f-b409-d8a7ece7dfcb.contentworkflow.xml, /custom/assets/bundles/01EYFBFATPF0CKRHWE6WVPRP41/working/System Host/1/content.ff462f88-d9e1-4d31-b084-b73cb61976d3.host.xml, /custom/assets/bundles/01EYFBFATPF0CKRHWE6WVPRP41/working/System Host/f4d7c1b8-2c88-4071-abf1-a5328977b07d.contentType.json]
difference [/custom/assets/bundles/01EYFBFATPF0CKRHWE6WVPRP41/ROOT/bc9a1d37-dd2d-4d49-a29d-0c9be740bfaf.folder.xml, /custom/assets/bundles/01EYFBFATPF0CKRHWE6WVPRP41/bundle.xml, /custom/assets/bundles/01EYFBFATPF0CKRHWE6WVPRP41/live/System Host/1/system host.host.xml]

	at org.jgroups.util.Util.assertEquals(Util.java:185)
	at com.dotcms.publishing.PublisherAPIImplTest.publish(PublisherAPIImplTest.java:407)
	at sun.reflect.NativeMethodAccessorImpl.invoke0(Native Method)
	at sun.reflect.NativeMethodAccessorImpl.invoke(NativeMethodAccessorImpl.java:62)
	at sun.reflect.DelegatingMethodAccessorImpl.invoke(DelegatingMethodAccessorImpl.java:43)
	at java.lang.reflect.Method.invoke(Method.java:498)
	at org.junit.runners.model.FrameworkMethod$1.runReflectiveCall(FrameworkMethod.java:50)
	at org.junit.internal.runners.model.ReflectiveCallable.run(ReflectiveCallable.java:12)
	at org.junit.runners.model.FrameworkMethod.invokeExplosively(FrameworkMethod.java:47)
	at com.tngtech.java.junit.dataprovider.DataProviderFrameworkMethod.invokeExplosively(DataProviderFrameworkMethod.java:119)
	at org.junit.internal.runners.statements.InvokeMethod.evaluate(InvokeMethod.java:17)
	at org.junit.rules.TestWatcher$1.evaluate(TestWatcher.java:55)
	at org.junit.rules.RunRules.evaluate(RunRules.java:20)
	at org.junit.runners.ParentRunner.runLeaf(ParentRunner.java:325)
	at com.dotcms.junit.CustomDataProviderRunner.runChild(CustomDataProviderRunner.java:28)
	at com.dotcms.junit.CustomDataProviderRunner.runChild(CustomDataProviderRunner.java:13)
	at org.junit.runners.ParentRunner$3.run(ParentRunner.java:290)
	at org.junit.runners.ParentRunner$1.schedule(ParentRunner.java:71)
	at org.junit.runners.ParentRunner.runChildren(ParentRunner.java:288)
	at org.junit.runners.ParentRunner.access$000(ParentRunner.java:58)
	at org.junit.runners.ParentRunner$2.evaluate(ParentRunner.java:268)
	at org.junit.internal.runners.statements.RunBefores.evaluate(RunBefores.java:26)
	at org.junit.internal.runners.statements.RunAfters.evaluate(RunAfters.java:27)
	at org.junit.runners.ParentRunner.run(ParentRunner.java:363)
	at org.junit.runners.Suite.runChild(Suite.java:128)
	at org.junit.runners.Suite.runChild(Suite.java:27)
	at org.junit.runners.ParentRunner$3.run(ParentRunner.java:290)
	at org.junit.runners.ParentRunner$1.schedule(ParentRunner.java:71)
	at org.junit.runners.ParentRunner.runChildren(ParentRunner.java:288)
	at org.junit.runners.ParentRunner.access$000(ParentRunner.java:58)
	at org.junit.runners.ParentRunner$2.evaluate(ParentRunner.java:268)
	at org.junit.runners.ParentRunner.run(ParentRunner.java:363)
	at org.gradle.api.internal.tasks.testing.junit.JUnitTestClassExecutor.runTestClass(JUnitTestClassExecutor.java:106)
	at org.gradle.api.internal.tasks.testing.junit.JUnitTestClassExecutor.execute(JUnitTestClassExecutor.java:58)
	at org.gradle.api.internal.tasks.testing.junit.JUnitTestClassExecutor.execute(JUnitTestClassExecutor.java:38)
	at org.gradle.api.internal.tasks.testing.junit.AbstractJUnitTestClassProcessor.processTestClass(AbstractJUnitTestClassProcessor.java:66)
	at org.gradle.api.internal.tasks.testing.SuiteTestClassProcessor.processTestClass(SuiteTestClassProcessor.java:51)
	at sun.reflect.NativeMethodAccessorImpl.invoke0(Native Method)
	at sun.reflect.NativeMethodAccessorImpl.invoke(NativeMethodAccessorImpl.java:62)
	at sun.reflect.DelegatingMethodAccessorImpl.invoke(DelegatingMethodAccessorImpl.java:43)
	at java.lang.reflect.Method.invoke(Method.java:498)
	at org.gradle.internal.dispatch.ReflectionDispatch.dispatch(ReflectionDispatch.java:35)
	at org.gradle.internal.dispatch.ReflectionDispatch.dispatch(ReflectionDispatch.java:24)
	at org.gradle.internal.dispatch.ContextClassLoaderDispatch.dispatch(ContextClassLoaderDispatch.java:32)
	at org.gradle.internal.dispatch.ProxyDispatchAdapter$DispatchingInvocationHandler.invoke(ProxyDispatchAdapter.java:93)
	at com.sun.proxy.$Proxy2.processTestClass(Unknown Source)
	at org.gradle.api.internal.tasks.testing.worker.TestWorker.processTestClass(TestWorker.java:117)
	at sun.reflect.NativeMethodAccessorImpl.invoke0(Native Method)
	at sun.reflect.NativeMethodAccessorImpl.invoke(NativeMethodAccessorImpl.java:62)
	at sun.reflect.DelegatingMethodAccessorImpl.invoke(DelegatingMethodAccessorImpl.java:43)
	at java.lang.reflect.Method.invoke(Method.java:498)
	at org.gradle.internal.dispatch.ReflectionDispatch.dispatch(ReflectionDispatch.java:35)
	at org.gradle.internal.dispatch.ReflectionDispatch.dispatch(ReflectionDispatch.java:24)
	at org.gradle.internal.remote.internal.hub.MessageHubBackedObjectConnection$DispatchWrapper.dispatch(MessageHubBackedObjectConnection.java:155)
	at org.gradle.internal.remote.internal.hub.MessageHubBackedObjectConnection$DispatchWrapper.dispatch(MessageHubBackedObjectConnection.java:137)
	at org.gradle.internal.remote.internal.hub.MessageHub$Handler.run(MessageHub.java:404)
	at org.gradle.internal.concurrent.ExecutorPolicy$CatchAndRecordFailures.onExecute(ExecutorPolicy.java:63)
	at org.gradle.internal.concurrent.ManagedExecutorImpl$1.run(ManagedExecutorImpl.java:46)
	at java.util.concurrent.ThreadPoolExecutor.runWorker(ThreadPoolExecutor.java:1149)
	at java.util.concurrent.ThreadPoolExecutor$Worker.run(ThreadPoolExecutor.java:624)
	at org.gradle.internal.concurrent.ThreadFactoryImpl$ManagedThreadRunnable.run(ThreadFactoryImpl.java:55)
	at java.lang.Thread.run(Thread.java:748)
</pre>
</span>
</div>
<div class="test">
<a name="publish[7: com.dotcms.publishing.PublisherAPIImplTest$TestCase@4a371bc9]"></a>
<h3 class="failures">publish[7: com.dotcms.publishing.PublisherAPIImplTest$TestCase@4a371bc9]</h3>
<span class="code">
<pre>java.lang.AssertionError: Expected 20 but get 22 in /custom/assets/bundles/01EYFBFAY6P7303A5WHZMDBBGF
Expected [/custom/assets/bundles/01EYFBFAY6P7303A5WHZMDBBGF/working/System Host/1/content.ff462f88-d9e1-4d31-b084-b73cb61976d3.host.xml, /custom/assets/bundles/01EYFBFAY6P7303A5WHZMDBBGF/live/System Host/1613273040288properties, /custom/assets/bundles/01EYFBFAY6P7303A5WHZMDBBGF/live/System Host/1/content.ff462f88-d9e1-4d31-b084-b73cb61976d3.host.xml, /custom/assets/bundles/01EYFBFAY6P7303A5WHZMDBBGF/working/System Host/1/1-content.2a61e945-8528-40c7-922e-5061f0c0d8ef.content.xml, /custom/assets/bundles/01EYFBFAY6P7303A5WHZMDBBGF/working/System Host/f4d7c1b8-2c88-4071-abf1-a5328977b07d.contentType.json, /custom/assets/bundles/01EYFBFAY6P7303A5WHZMDBBGF/live/System Host/1properties, /custom/assets/bundles/01EYFBFAY6P7303A5WHZMDBBGF/working/System Host/1/3c00f779-b1fd-432f-b409-d8a7ece7dfcb.contentworkflow.xml, /custom/assets/bundles/01EYFBFAY6P7303A5WHZMDBBGF/live/System Host/1/2-content.f42316da-e6dd-4238-9756-a8f39c46e135.content.xml, /custom/assets/bundles/01EYFBFAY6P7303A5WHZMDBBGF/live/System Host/1613270798645properties, /custom/assets/bundles/01EYFBFAY6P7303A5WHZMDBBGF/d61a59e1-a49c-46f2-a929-db2b4bfa88b2.workflow.xml, /custom/assets/bundles/01EYFBFAY6P7303A5WHZMDBBGF/live/System Host/1/3c00f779-b1fd-432f-b409-d8a7ece7dfcb.contentworkflow.xml, /custom/assets/bundles/01EYFBFAY6P7303A5WHZMDBBGF/live/default/ae92aca8-e328-4d5b-92ea-7cf8a7872c3a.rule.xml, /custom/assets/bundles/01EYFBFAY6P7303A5WHZMDBBGF/live/System Host/1/3-content.2a61e945-8528-40c7-922e-5061f0c0d8ef.content.xml, /custom/assets/bundles/01EYFBFAY6P7303A5WHZMDBBGF/live/System Host/1/1fd8aea1-5dc5-4dda-a23e-5adb74150fbf.contentworkflow.xml, /custom/assets/bundles/01EYFBFAY6P7303A5WHZMDBBGF/live/default/1613273040288/0-content.9f8e543c-ebde-4caf-9ba8-cdd26963fbd0.content.xml, /custom/assets/bundles/01EYFBFAY6P7303A5WHZMDBBGF/live/System Host/qb_DT.language.xml, /custom/assets/bundles/01EYFBFAY6P7303A5WHZMDBBGF/live/System Host/ibuwc_TESTCOUNTRYCODE1613270798644.language.xml, /custom/assets/bundles/01EYFBFAY6P7303A5WHZMDBBGF/live/System Host/en_US.language.xml, /custom/assets/bundles/01EYFBFAY6P7303A5WHZMDBBGF/live/default/1613273040288/ac6fdf39-f28a-440d-b1af-7c45c7d74ecf.contentworkflow.xml]
Existing [/custom/assets/bundles/01EYFBFAY6P7303A5WHZMDBBGF/ROOT/bc9a1d37-dd2d-4d49-a29d-0c9be740bfaf.folder.xml, /custom/assets/bundles/01EYFBFAY6P7303A5WHZMDBBGF/bundle.xml, /custom/assets/bundles/01EYFBFAY6P7303A5WHZMDBBGF/d61a59e1-a49c-46f2-a929-db2b4bfa88b2.workflow.xml, /custom/assets/bundles/01EYFBFAY6P7303A5WHZMDBBGF/live/System Host/1/1fd8aea1-5dc5-4dda-a23e-5adb74150fbf.contentworkflow.xml, /custom/assets/bundles/01EYFBFAY6P7303A5WHZMDBBGF/live/System Host/1/2-content.f42316da-e6dd-4238-9756-a8f39c46e135.content.xml, /custom/assets/bundles/01EYFBFAY6P7303A5WHZMDBBGF/live/System Host/1/3-content.2a61e945-8528-40c7-922e-5061f0c0d8ef.content.xml, /custom/assets/bundles/01EYFBFAY6P7303A5WHZMDBBGF/live/System Host/1/3c00f779-b1fd-432f-b409-d8a7ece7dfcb.contentworkflow.xml, /custom/assets/bundles/01EYFBFAY6P7303A5WHZMDBBGF/live/System Host/1/content.ff462f88-d9e1-4d31-b084-b73cb61976d3.host.xml, /custom/assets/bundles/01EYFBFAY6P7303A5WHZMDBBGF/live/System Host/1/system host.host.xml, /custom/assets/bundles/01EYFBFAY6P7303A5WHZMDBBGF/live/System Host/1613270798645properties, /custom/assets/bundles/01EYFBFAY6P7303A5WHZMDBBGF/live/System Host/1613273040288properties, /custom/assets/bundles/01EYFBFAY6P7303A5WHZMDBBGF/live/System Host/1properties, /custom/assets/bundles/01EYFBFAY6P7303A5WHZMDBBGF/live/System Host/en_US.language.xml, /custom/assets/bundles/01EYFBFAY6P7303A5WHZMDBBGF/live/System Host/ibuwc_TESTCOUNTRYCODE1613270798644.language.xml, /custom/assets/bundles/01EYFBFAY6P7303A5WHZMDBBGF/live/System Host/qb_DT.language.xml, /custom/assets/bundles/01EYFBFAY6P7303A5WHZMDBBGF/live/default/1613273040288/0-content.9f8e543c-ebde-4caf-9ba8-cdd26963fbd0.content.xml, /custom/assets/bundles/01EYFBFAY6P7303A5WHZMDBBGF/live/default/1613273040288/ac6fdf39-f28a-440d-b1af-7c45c7d74ecf.contentworkflow.xml, /custom/assets/bundles/01EYFBFAY6P7303A5WHZMDBBGF/live/default/ae92aca8-e328-4d5b-92ea-7cf8a7872c3a.rule.xml, /custom/assets/bundles/01EYFBFAY6P7303A5WHZMDBBGF/working/System Host/1/1-content.2a61e945-8528-40c7-922e-5061f0c0d8ef.content.xml, /custom/assets/bundles/01EYFBFAY6P7303A5WHZMDBBGF/working/System Host/1/3c00f779-b1fd-432f-b409-d8a7ece7dfcb.contentworkflow.xml, /custom/assets/bundles/01EYFBFAY6P7303A5WHZMDBBGF/working/System Host/1/content.ff462f88-d9e1-4d31-b084-b73cb61976d3.host.xml, /custom/assets/bundles/01EYFBFAY6P7303A5WHZMDBBGF/working/System Host/f4d7c1b8-2c88-4071-abf1-a5328977b07d.contentType.json]
difference [/custom/assets/bundles/01EYFBFAY6P7303A5WHZMDBBGF/ROOT/bc9a1d37-dd2d-4d49-a29d-0c9be740bfaf.folder.xml, /custom/assets/bundles/01EYFBFAY6P7303A5WHZMDBBGF/bundle.xml, /custom/assets/bundles/01EYFBFAY6P7303A5WHZMDBBGF/live/System Host/1/system host.host.xml]

	at org.jgroups.util.Util.assertEquals(Util.java:185)
	at com.dotcms.publishing.PublisherAPIImplTest.publish(PublisherAPIImplTest.java:407)
	at sun.reflect.NativeMethodAccessorImpl.invoke0(Native Method)
	at sun.reflect.NativeMethodAccessorImpl.invoke(NativeMethodAccessorImpl.java:62)
	at sun.reflect.DelegatingMethodAccessorImpl.invoke(DelegatingMethodAccessorImpl.java:43)
	at java.lang.reflect.Method.invoke(Method.java:498)
	at org.junit.runners.model.FrameworkMethod$1.runReflectiveCall(FrameworkMethod.java:50)
	at org.junit.internal.runners.model.ReflectiveCallable.run(ReflectiveCallable.java:12)
	at org.junit.runners.model.FrameworkMethod.invokeExplosively(FrameworkMethod.java:47)
	at com.tngtech.java.junit.dataprovider.DataProviderFrameworkMethod.invokeExplosively(DataProviderFrameworkMethod.java:119)
	at org.junit.internal.runners.statements.InvokeMethod.evaluate(InvokeMethod.java:17)
	at org.junit.rules.TestWatcher$1.evaluate(TestWatcher.java:55)
	at org.junit.rules.RunRules.evaluate(RunRules.java:20)
	at org.junit.runners.ParentRunner.runLeaf(ParentRunner.java:325)
	at com.dotcms.junit.CustomDataProviderRunner.runChild(CustomDataProviderRunner.java:28)
	at com.dotcms.junit.CustomDataProviderRunner.runChild(CustomDataProviderRunner.java:13)
	at org.junit.runners.ParentRunner$3.run(ParentRunner.java:290)
	at org.junit.runners.ParentRunner$1.schedule(ParentRunner.java:71)
	at org.junit.runners.ParentRunner.runChildren(ParentRunner.java:288)
	at org.junit.runners.ParentRunner.access$000(ParentRunner.java:58)
	at org.junit.runners.ParentRunner$2.evaluate(ParentRunner.java:268)
	at org.junit.internal.runners.statements.RunBefores.evaluate(RunBefores.java:26)
	at org.junit.internal.runners.statements.RunAfters.evaluate(RunAfters.java:27)
	at org.junit.runners.ParentRunner.run(ParentRunner.java:363)
	at org.junit.runners.Suite.runChild(Suite.java:128)
	at org.junit.runners.Suite.runChild(Suite.java:27)
	at org.junit.runners.ParentRunner$3.run(ParentRunner.java:290)
	at org.junit.runners.ParentRunner$1.schedule(ParentRunner.java:71)
	at org.junit.runners.ParentRunner.runChildren(ParentRunner.java:288)
	at org.junit.runners.ParentRunner.access$000(ParentRunner.java:58)
	at org.junit.runners.ParentRunner$2.evaluate(ParentRunner.java:268)
	at org.junit.runners.ParentRunner.run(ParentRunner.java:363)
	at org.gradle.api.internal.tasks.testing.junit.JUnitTestClassExecutor.runTestClass(JUnitTestClassExecutor.java:106)
	at org.gradle.api.internal.tasks.testing.junit.JUnitTestClassExecutor.execute(JUnitTestClassExecutor.java:58)
	at org.gradle.api.internal.tasks.testing.junit.JUnitTestClassExecutor.execute(JUnitTestClassExecutor.java:38)
	at org.gradle.api.internal.tasks.testing.junit.AbstractJUnitTestClassProcessor.processTestClass(AbstractJUnitTestClassProcessor.java:66)
	at org.gradle.api.internal.tasks.testing.SuiteTestClassProcessor.processTestClass(SuiteTestClassProcessor.java:51)
	at sun.reflect.NativeMethodAccessorImpl.invoke0(Native Method)
	at sun.reflect.NativeMethodAccessorImpl.invoke(NativeMethodAccessorImpl.java:62)
	at sun.reflect.DelegatingMethodAccessorImpl.invoke(DelegatingMethodAccessorImpl.java:43)
	at java.lang.reflect.Method.invoke(Method.java:498)
	at org.gradle.internal.dispatch.ReflectionDispatch.dispatch(ReflectionDispatch.java:35)
	at org.gradle.internal.dispatch.ReflectionDispatch.dispatch(ReflectionDispatch.java:24)
	at org.gradle.internal.dispatch.ContextClassLoaderDispatch.dispatch(ContextClassLoaderDispatch.java:32)
	at org.gradle.internal.dispatch.ProxyDispatchAdapter$DispatchingInvocationHandler.invoke(ProxyDispatchAdapter.java:93)
	at com.sun.proxy.$Proxy2.processTestClass(Unknown Source)
	at org.gradle.api.internal.tasks.testing.worker.TestWorker.processTestClass(TestWorker.java:117)
	at sun.reflect.NativeMethodAccessorImpl.invoke0(Native Method)
	at sun.reflect.NativeMethodAccessorImpl.invoke(NativeMethodAccessorImpl.java:62)
	at sun.reflect.DelegatingMethodAccessorImpl.invoke(DelegatingMethodAccessorImpl.java:43)
	at java.lang.reflect.Method.invoke(Method.java:498)
	at org.gradle.internal.dispatch.ReflectionDispatch.dispatch(ReflectionDispatch.java:35)
	at org.gradle.internal.dispatch.ReflectionDispatch.dispatch(ReflectionDispatch.java:24)
	at org.gradle.internal.remote.internal.hub.MessageHubBackedObjectConnection$DispatchWrapper.dispatch(MessageHubBackedObjectConnection.java:155)
	at org.gradle.internal.remote.internal.hub.MessageHubBackedObjectConnection$DispatchWrapper.dispatch(MessageHubBackedObjectConnection.java:137)
	at org.gradle.internal.remote.internal.hub.MessageHub$Handler.run(MessageHub.java:404)
	at org.gradle.internal.concurrent.ExecutorPolicy$CatchAndRecordFailures.onExecute(ExecutorPolicy.java:63)
	at org.gradle.internal.concurrent.ManagedExecutorImpl$1.run(ManagedExecutorImpl.java:46)
	at java.util.concurrent.ThreadPoolExecutor.runWorker(ThreadPoolExecutor.java:1149)
	at java.util.concurrent.ThreadPoolExecutor$Worker.run(ThreadPoolExecutor.java:624)
	at org.gradle.internal.concurrent.ThreadFactoryImpl$ManagedThreadRunnable.run(ThreadFactoryImpl.java:55)
	at java.lang.Thread.run(Thread.java:748)
</pre>
</span>
</div>
<div class="test">
<a name="publish[8: com.dotcms.publishing.PublisherAPIImplTest$TestCase@72e20844]"></a>
<h3 class="failures">publish[8: com.dotcms.publishing.PublisherAPIImplTest$TestCase@72e20844]</h3>
<span class="code">
<pre>java.lang.AssertionError: Expected 5 but get 6 in /custom/assets/bundles/01EYFBFB1VMJ9DR1PQ88XBKMZ3
Expected [/custom/assets/bundles/01EYFBFB1VMJ9DR1PQ88XBKMZ3/live/System Host/1/content.ff462f88-d9e1-4d31-b084-b73cb61976d3.host.xml, /custom/assets/bundles/01EYFBFB1VMJ9DR1PQ88XBKMZ3/live/test1613270798646.dotcms.com/2c0f9827-cd18-45ab-ba04-5a6a655c327d.rule.xml, /custom/assets/bundles/01EYFBFB1VMJ9DR1PQ88XBKMZ3/live/default/ae92aca8-e328-4d5b-92ea-7cf8a7872c3a.rule.xml, /custom/assets/bundles/01EYFBFB1VMJ9DR1PQ88XBKMZ3/working/System Host/1/content.ff462f88-d9e1-4d31-b084-b73cb61976d3.host.xml]
Existing [/custom/assets/bundles/01EYFBFB1VMJ9DR1PQ88XBKMZ3/bundle.xml, /custom/assets/bundles/01EYFBFB1VMJ9DR1PQ88XBKMZ3/live/System Host/1/content.ff462f88-d9e1-4d31-b084-b73cb61976d3.host.xml, /custom/assets/bundles/01EYFBFB1VMJ9DR1PQ88XBKMZ3/live/System Host/1/system host.host.xml, /custom/assets/bundles/01EYFBFB1VMJ9DR1PQ88XBKMZ3/live/default/ae92aca8-e328-4d5b-92ea-7cf8a7872c3a.rule.xml, /custom/assets/bundles/01EYFBFB1VMJ9DR1PQ88XBKMZ3/live/test1613270798646.dotcms.com/2c0f9827-cd18-45ab-ba04-5a6a655c327d.rule.xml, /custom/assets/bundles/01EYFBFB1VMJ9DR1PQ88XBKMZ3/working/System Host/1/content.ff462f88-d9e1-4d31-b084-b73cb61976d3.host.xml]
difference [/custom/assets/bundles/01EYFBFB1VMJ9DR1PQ88XBKMZ3/bundle.xml, /custom/assets/bundles/01EYFBFB1VMJ9DR1PQ88XBKMZ3/live/System Host/1/system host.host.xml]

	at org.jgroups.util.Util.assertEquals(Util.java:185)
	at com.dotcms.publishing.PublisherAPIImplTest.publish(PublisherAPIImplTest.java:407)
	at sun.reflect.NativeMethodAccessorImpl.invoke0(Native Method)
	at sun.reflect.NativeMethodAccessorImpl.invoke(NativeMethodAccessorImpl.java:62)
	at sun.reflect.DelegatingMethodAccessorImpl.invoke(DelegatingMethodAccessorImpl.java:43)
	at java.lang.reflect.Method.invoke(Method.java:498)
	at org.junit.runners.model.FrameworkMethod$1.runReflectiveCall(FrameworkMethod.java:50)
	at org.junit.internal.runners.model.ReflectiveCallable.run(ReflectiveCallable.java:12)
	at org.junit.runners.model.FrameworkMethod.invokeExplosively(FrameworkMethod.java:47)
	at com.tngtech.java.junit.dataprovider.DataProviderFrameworkMethod.invokeExplosively(DataProviderFrameworkMethod.java:119)
	at org.junit.internal.runners.statements.InvokeMethod.evaluate(InvokeMethod.java:17)
	at org.junit.rules.TestWatcher$1.evaluate(TestWatcher.java:55)
	at org.junit.rules.RunRules.evaluate(RunRules.java:20)
	at org.junit.runners.ParentRunner.runLeaf(ParentRunner.java:325)
	at com.dotcms.junit.CustomDataProviderRunner.runChild(CustomDataProviderRunner.java:28)
	at com.dotcms.junit.CustomDataProviderRunner.runChild(CustomDataProviderRunner.java:13)
	at org.junit.runners.ParentRunner$3.run(ParentRunner.java:290)
	at org.junit.runners.ParentRunner$1.schedule(ParentRunner.java:71)
	at org.junit.runners.ParentRunner.runChildren(ParentRunner.java:288)
	at org.junit.runners.ParentRunner.access$000(ParentRunner.java:58)
	at org.junit.runners.ParentRunner$2.evaluate(ParentRunner.java:268)
	at org.junit.internal.runners.statements.RunBefores.evaluate(RunBefores.java:26)
	at org.junit.internal.runners.statements.RunAfters.evaluate(RunAfters.java:27)
	at org.junit.runners.ParentRunner.run(ParentRunner.java:363)
	at org.junit.runners.Suite.runChild(Suite.java:128)
	at org.junit.runners.Suite.runChild(Suite.java:27)
	at org.junit.runners.ParentRunner$3.run(ParentRunner.java:290)
	at org.junit.runners.ParentRunner$1.schedule(ParentRunner.java:71)
	at org.junit.runners.ParentRunner.runChildren(ParentRunner.java:288)
	at org.junit.runners.ParentRunner.access$000(ParentRunner.java:58)
	at org.junit.runners.ParentRunner$2.evaluate(ParentRunner.java:268)
	at org.junit.runners.ParentRunner.run(ParentRunner.java:363)
	at org.gradle.api.internal.tasks.testing.junit.JUnitTestClassExecutor.runTestClass(JUnitTestClassExecutor.java:106)
	at org.gradle.api.internal.tasks.testing.junit.JUnitTestClassExecutor.execute(JUnitTestClassExecutor.java:58)
	at org.gradle.api.internal.tasks.testing.junit.JUnitTestClassExecutor.execute(JUnitTestClassExecutor.java:38)
	at org.gradle.api.internal.tasks.testing.junit.AbstractJUnitTestClassProcessor.processTestClass(AbstractJUnitTestClassProcessor.java:66)
	at org.gradle.api.internal.tasks.testing.SuiteTestClassProcessor.processTestClass(SuiteTestClassProcessor.java:51)
	at sun.reflect.NativeMethodAccessorImpl.invoke0(Native Method)
	at sun.reflect.NativeMethodAccessorImpl.invoke(NativeMethodAccessorImpl.java:62)
	at sun.reflect.DelegatingMethodAccessorImpl.invoke(DelegatingMethodAccessorImpl.java:43)
	at java.lang.reflect.Method.invoke(Method.java:498)
	at org.gradle.internal.dispatch.ReflectionDispatch.dispatch(ReflectionDispatch.java:35)
	at org.gradle.internal.dispatch.ReflectionDispatch.dispatch(ReflectionDispatch.java:24)
	at org.gradle.internal.dispatch.ContextClassLoaderDispatch.dispatch(ContextClassLoaderDispatch.java:32)
	at org.gradle.internal.dispatch.ProxyDispatchAdapter$DispatchingInvocationHandler.invoke(ProxyDispatchAdapter.java:93)
	at com.sun.proxy.$Proxy2.processTestClass(Unknown Source)
	at org.gradle.api.internal.tasks.testing.worker.TestWorker.processTestClass(TestWorker.java:117)
	at sun.reflect.NativeMethodAccessorImpl.invoke0(Native Method)
	at sun.reflect.NativeMethodAccessorImpl.invoke(NativeMethodAccessorImpl.java:62)
	at sun.reflect.DelegatingMethodAccessorImpl.invoke(DelegatingMethodAccessorImpl.java:43)
	at java.lang.reflect.Method.invoke(Method.java:498)
	at org.gradle.internal.dispatch.ReflectionDispatch.dispatch(ReflectionDispatch.java:35)
	at org.gradle.internal.dispatch.ReflectionDispatch.dispatch(ReflectionDispatch.java:24)
	at org.gradle.internal.remote.internal.hub.MessageHubBackedObjectConnection$DispatchWrapper.dispatch(MessageHubBackedObjectConnection.java:155)
	at org.gradle.internal.remote.internal.hub.MessageHubBackedObjectConnection$DispatchWrapper.dispatch(MessageHubBackedObjectConnection.java:137)
	at org.gradle.internal.remote.internal.hub.MessageHub$Handler.run(MessageHub.java:404)
	at org.gradle.internal.concurrent.ExecutorPolicy$CatchAndRecordFailures.onExecute(ExecutorPolicy.java:63)
	at org.gradle.internal.concurrent.ManagedExecutorImpl$1.run(ManagedExecutorImpl.java:46)
	at java.util.concurrent.ThreadPoolExecutor.runWorker(ThreadPoolExecutor.java:1149)
	at java.util.concurrent.ThreadPoolExecutor$Worker.run(ThreadPoolExecutor.java:624)
	at org.gradle.internal.concurrent.ThreadFactoryImpl$ManagedThreadRunnable.run(ThreadFactoryImpl.java:55)
	at java.lang.Thread.run(Thread.java:748)
</pre>
</span>
</div>
<div class="test">
<a name="publish[9: com.dotcms.publishing.PublisherAPIImplTest$TestCase@58de91d3]"></a>
<h3 class="failures">publish[9: com.dotcms.publishing.PublisherAPIImplTest$TestCase@58de91d3]</h3>
<span class="code">
<pre>java.lang.AssertionError: Expected 24 but get 26 in /custom/assets/bundles/01EYFBFB4KCJNB6MB979GQ46HQ
Expected [/custom/assets/bundles/01EYFBFB4KCJNB6MB979GQ46HQ/98c9e5ad-f149-4901-8e85-05c6db21a643.workflow.xml, /custom/assets/bundles/01EYFBFB4KCJNB6MB979GQ46HQ/d61a59e1-a49c-46f2-a929-db2b4bfa88b2.workflow.xml, /custom/assets/bundles/01EYFBFB4KCJNB6MB979GQ46HQ/working/System Host/1/1-content.2a61e945-8528-40c7-922e-5061f0c0d8ef.content.xml, /custom/assets/bundles/01EYFBFB4KCJNB6MB979GQ46HQ/live/default/ae92aca8-e328-4d5b-92ea-7cf8a7872c3a.rule.xml, /custom/assets/bundles/01EYFBFB4KCJNB6MB979GQ46HQ/live/default/1613273040288/0-content.9f8e543c-ebde-4caf-9ba8-cdd26963fbd0.content.xml, /custom/assets/bundles/01EYFBFB4KCJNB6MB979GQ46HQ/working/System Host/f4d7c1b8-2c88-4071-abf1-a5328977b07d.contentType.json, /custom/assets/bundles/01EYFBFB4KCJNB6MB979GQ46HQ/live/System Host/1/3c00f779-b1fd-432f-b409-d8a7ece7dfcb.contentworkflow.xml, /custom/assets/bundles/01EYFBFB4KCJNB6MB979GQ46HQ/working/test1613270792564.dotcms.com/e9eea94e-5236-4931-8800-be93373701f8.contentType.json, /custom/assets/bundles/01EYFBFB4KCJNB6MB979GQ46HQ/live/System Host/1/1fd8aea1-5dc5-4dda-a23e-5adb74150fbf.contentworkflow.xml, /custom/assets/bundles/01EYFBFB4KCJNB6MB979GQ46HQ/live/default/1613273040288/ac6fdf39-f28a-440d-b1af-7c45c7d74ecf.contentworkflow.xml, /custom/assets/bundles/01EYFBFB4KCJNB6MB979GQ46HQ/live/System Host/1/2-content.f42316da-e6dd-4238-9756-a8f39c46e135.content.xml, /custom/assets/bundles/01EYFBFB4KCJNB6MB979GQ46HQ/live/System Host/1/content.df58622c-f7b8-4f6e-baa7-880cc3ba676b.host.xml, /custom/assets/bundles/01EYFBFB4KCJNB6MB979GQ46HQ/live/System Host/1/3-content.2a61e945-8528-40c7-922e-5061f0c0d8ef.content.xml, /custom/assets/bundles/01EYFBFB4KCJNB6MB979GQ46HQ/live/System Host/1properties, /custom/assets/bundles/01EYFBFB4KCJNB6MB979GQ46HQ/working/System Host/1/content.ff462f88-d9e1-4d31-b084-b73cb61976d3.host.xml, /custom/assets/bundles/01EYFBFB4KCJNB6MB979GQ46HQ/working/System Host/040e4ebe-5140-425d-897b-bc6b790ac5db.category.dpc.xml, /custom/assets/bundles/01EYFBFB4KCJNB6MB979GQ46HQ/working/test1613270792564.dotcms.com/0b7f28e9-c853-46d8-a116-2a6e3b16df32.contentType.json, /custom/assets/bundles/01EYFBFB4KCJNB6MB979GQ46HQ/working/System Host/1/3c00f779-b1fd-432f-b409-d8a7ece7dfcb.contentworkflow.xml, /custom/assets/bundles/01EYFBFB4KCJNB6MB979GQ46HQ/live/System Host/1613273040288properties, /custom/assets/bundles/01EYFBFB4KCJNB6MB979GQ46HQ/live/System Host/qb_DT.language.xml, /custom/assets/bundles/01EYFBFB4KCJNB6MB979GQ46HQ/live/System Host/en_US.language.xml, /custom/assets/bundles/01EYFBFB4KCJNB6MB979GQ46HQ/working/test1613270792564.dotcms.com/de44126e-cd43-46db-ae5e-42d1f5ba1780.relationship.xml, /custom/assets/bundles/01EYFBFB4KCJNB6MB979GQ46HQ/live/System Host/1/content.ff462f88-d9e1-4d31-b084-b73cb61976d3.host.xml]
Existing [/custom/assets/bundles/01EYFBFB4KCJNB6MB979GQ46HQ/98c9e5ad-f149-4901-8e85-05c6db21a643.workflow.xml, /custom/assets/bundles/01EYFBFB4KCJNB6MB979GQ46HQ/ROOT/bc9a1d37-dd2d-4d49-a29d-0c9be740bfaf.folder.xml, /custom/assets/bundles/01EYFBFB4KCJNB6MB979GQ46HQ/bundle.xml, /custom/assets/bundles/01EYFBFB4KCJNB6MB979GQ46HQ/d61a59e1-a49c-46f2-a929-db2b4bfa88b2.workflow.xml, /custom/assets/bundles/01EYFBFB4KCJNB6MB979GQ46HQ/live/System Host/1/1fd8aea1-5dc5-4dda-a23e-5adb74150fbf.contentworkflow.xml, /custom/assets/bundles/01EYFBFB4KCJNB6MB979GQ46HQ/live/System Host/1/2-content.f42316da-e6dd-4238-9756-a8f39c46e135.content.xml, /custom/assets/bundles/01EYFBFB4KCJNB6MB979GQ46HQ/live/System Host/1/3-content.2a61e945-8528-40c7-922e-5061f0c0d8ef.content.xml, /custom/assets/bundles/01EYFBFB4KCJNB6MB979GQ46HQ/live/System Host/1/3c00f779-b1fd-432f-b409-d8a7ece7dfcb.contentworkflow.xml, /custom/assets/bundles/01EYFBFB4KCJNB6MB979GQ46HQ/live/System Host/1/content.df58622c-f7b8-4f6e-baa7-880cc3ba676b.host.xml, /custom/assets/bundles/01EYFBFB4KCJNB6MB979GQ46HQ/live/System Host/1/content.ff462f88-d9e1-4d31-b084-b73cb61976d3.host.xml, /custom/assets/bundles/01EYFBFB4KCJNB6MB979GQ46HQ/live/System Host/1/system host.host.xml, /custom/assets/bundles/01EYFBFB4KCJNB6MB979GQ46HQ/live/System Host/1613273040288properties, /custom/assets/bundles/01EYFBFB4KCJNB6MB979GQ46HQ/live/System Host/1properties, /custom/assets/bundles/01EYFBFB4KCJNB6MB979GQ46HQ/live/System Host/en_US.language.xml, /custom/assets/bundles/01EYFBFB4KCJNB6MB979GQ46HQ/live/System Host/qb_DT.language.xml, /custom/assets/bundles/01EYFBFB4KCJNB6MB979GQ46HQ/live/default/1613273040288/0-content.9f8e543c-ebde-4caf-9ba8-cdd26963fbd0.content.xml, /custom/assets/bundles/01EYFBFB4KCJNB6MB979GQ46HQ/live/default/1613273040288/ac6fdf39-f28a-440d-b1af-7c45c7d74ecf.contentworkflow.xml, /custom/assets/bundles/01EYFBFB4KCJNB6MB979GQ46HQ/live/default/ae92aca8-e328-4d5b-92ea-7cf8a7872c3a.rule.xml, /custom/assets/bundles/01EYFBFB4KCJNB6MB979GQ46HQ/working/System Host/040e4ebe-5140-425d-897b-bc6b790ac5db.category.dpc.xml, /custom/assets/bundles/01EYFBFB4KCJNB6MB979GQ46HQ/working/System Host/1/1-content.2a61e945-8528-40c7-922e-5061f0c0d8ef.content.xml, /custom/assets/bundles/01EYFBFB4KCJNB6MB979GQ46HQ/working/System Host/1/3c00f779-b1fd-432f-b409-d8a7ece7dfcb.contentworkflow.xml, /custom/assets/bundles/01EYFBFB4KCJNB6MB979GQ46HQ/working/System Host/1/content.ff462f88-d9e1-4d31-b084-b73cb61976d3.host.xml, /custom/assets/bundles/01EYFBFB4KCJNB6MB979GQ46HQ/working/System Host/f4d7c1b8-2c88-4071-abf1-a5328977b07d.contentType.json, /custom/assets/bundles/01EYFBFB4KCJNB6MB979GQ46HQ/working/test1613270792564.dotcms.com/0b7f28e9-c853-46d8-a116-2a6e3b16df32.contentType.json, /custom/assets/bundles/01EYFBFB4KCJNB6MB979GQ46HQ/working/test1613270792564.dotcms.com/de44126e-cd43-46db-ae5e-42d1f5ba1780.relationship.xml, /custom/assets/bundles/01EYFBFB4KCJNB6MB979GQ46HQ/working/test1613270792564.dotcms.com/e9eea94e-5236-4931-8800-be93373701f8.contentType.json]
difference [/custom/assets/bundles/01EYFBFB4KCJNB6MB979GQ46HQ/ROOT/bc9a1d37-dd2d-4d49-a29d-0c9be740bfaf.folder.xml, /custom/assets/bundles/01EYFBFB4KCJNB6MB979GQ46HQ/bundle.xml, /custom/assets/bundles/01EYFBFB4KCJNB6MB979GQ46HQ/live/System Host/1/system host.host.xml]

	at org.jgroups.util.Util.assertEquals(Util.java:185)
	at com.dotcms.publishing.PublisherAPIImplTest.publish(PublisherAPIImplTest.java:407)
	at sun.reflect.NativeMethodAccessorImpl.invoke0(Native Method)
	at sun.reflect.NativeMethodAccessorImpl.invoke(NativeMethodAccessorImpl.java:62)
	at sun.reflect.DelegatingMethodAccessorImpl.invoke(DelegatingMethodAccessorImpl.java:43)
	at java.lang.reflect.Method.invoke(Method.java:498)
	at org.junit.runners.model.FrameworkMethod$1.runReflectiveCall(FrameworkMethod.java:50)
	at org.junit.internal.runners.model.ReflectiveCallable.run(ReflectiveCallable.java:12)
	at org.junit.runners.model.FrameworkMethod.invokeExplosively(FrameworkMethod.java:47)
	at com.tngtech.java.junit.dataprovider.DataProviderFrameworkMethod.invokeExplosively(DataProviderFrameworkMethod.java:119)
	at org.junit.internal.runners.statements.InvokeMethod.evaluate(InvokeMethod.java:17)
	at org.junit.rules.TestWatcher$1.evaluate(TestWatcher.java:55)
	at org.junit.rules.RunRules.evaluate(RunRules.java:20)
	at org.junit.runners.ParentRunner.runLeaf(ParentRunner.java:325)
	at com.dotcms.junit.CustomDataProviderRunner.runChild(CustomDataProviderRunner.java:28)
	at com.dotcms.junit.CustomDataProviderRunner.runChild(CustomDataProviderRunner.java:13)
	at org.junit.runners.ParentRunner$3.run(ParentRunner.java:290)
	at org.junit.runners.ParentRunner$1.schedule(ParentRunner.java:71)
	at org.junit.runners.ParentRunner.runChildren(ParentRunner.java:288)
	at org.junit.runners.ParentRunner.access$000(ParentRunner.java:58)
	at org.junit.runners.ParentRunner$2.evaluate(ParentRunner.java:268)
	at org.junit.internal.runners.statements.RunBefores.evaluate(RunBefores.java:26)
	at org.junit.internal.runners.statements.RunAfters.evaluate(RunAfters.java:27)
	at org.junit.runners.ParentRunner.run(ParentRunner.java:363)
	at org.junit.runners.Suite.runChild(Suite.java:128)
	at org.junit.runners.Suite.runChild(Suite.java:27)
	at org.junit.runners.ParentRunner$3.run(ParentRunner.java:290)
	at org.junit.runners.ParentRunner$1.schedule(ParentRunner.java:71)
	at org.junit.runners.ParentRunner.runChildren(ParentRunner.java:288)
	at org.junit.runners.ParentRunner.access$000(ParentRunner.java:58)
	at org.junit.runners.ParentRunner$2.evaluate(ParentRunner.java:268)
	at org.junit.runners.ParentRunner.run(ParentRunner.java:363)
	at org.gradle.api.internal.tasks.testing.junit.JUnitTestClassExecutor.runTestClass(JUnitTestClassExecutor.java:106)
	at org.gradle.api.internal.tasks.testing.junit.JUnitTestClassExecutor.execute(JUnitTestClassExecutor.java:58)
	at org.gradle.api.internal.tasks.testing.junit.JUnitTestClassExecutor.execute(JUnitTestClassExecutor.java:38)
	at org.gradle.api.internal.tasks.testing.junit.AbstractJUnitTestClassProcessor.processTestClass(AbstractJUnitTestClassProcessor.java:66)
	at org.gradle.api.internal.tasks.testing.SuiteTestClassProcessor.processTestClass(SuiteTestClassProcessor.java:51)
	at sun.reflect.NativeMethodAccessorImpl.invoke0(Native Method)
	at sun.reflect.NativeMethodAccessorImpl.invoke(NativeMethodAccessorImpl.java:62)
	at sun.reflect.DelegatingMethodAccessorImpl.invoke(DelegatingMethodAccessorImpl.java:43)
	at java.lang.reflect.Method.invoke(Method.java:498)
	at org.gradle.internal.dispatch.ReflectionDispatch.dispatch(ReflectionDispatch.java:35)
	at org.gradle.internal.dispatch.ReflectionDispatch.dispatch(ReflectionDispatch.java:24)
	at org.gradle.internal.dispatch.ContextClassLoaderDispatch.dispatch(ContextClassLoaderDispatch.java:32)
	at org.gradle.internal.dispatch.ProxyDispatchAdapter$DispatchingInvocationHandler.invoke(ProxyDispatchAdapter.java:93)
	at com.sun.proxy.$Proxy2.processTestClass(Unknown Source)
	at org.gradle.api.internal.tasks.testing.worker.TestWorker.processTestClass(TestWorker.java:117)
	at sun.reflect.NativeMethodAccessorImpl.invoke0(Native Method)
	at sun.reflect.NativeMethodAccessorImpl.invoke(NativeMethodAccessorImpl.java:62)
	at sun.reflect.DelegatingMethodAccessorImpl.invoke(DelegatingMethodAccessorImpl.java:43)
	at java.lang.reflect.Method.invoke(Method.java:498)
	at org.gradle.internal.dispatch.ReflectionDispatch.dispatch(ReflectionDispatch.java:35)
	at org.gradle.internal.dispatch.ReflectionDispatch.dispatch(ReflectionDispatch.java:24)
	at org.gradle.internal.remote.internal.hub.MessageHubBackedObjectConnection$DispatchWrapper.dispatch(MessageHubBackedObjectConnection.java:155)
	at org.gradle.internal.remote.internal.hub.MessageHubBackedObjectConnection$DispatchWrapper.dispatch(MessageHubBackedObjectConnection.java:137)
	at org.gradle.internal.remote.internal.hub.MessageHub$Handler.run(MessageHub.java:404)
	at org.gradle.internal.concurrent.ExecutorPolicy$CatchAndRecordFailures.onExecute(ExecutorPolicy.java:63)
	at org.gradle.internal.concurrent.ManagedExecutorImpl$1.run(ManagedExecutorImpl.java:46)
	at java.util.concurrent.ThreadPoolExecutor.runWorker(ThreadPoolExecutor.java:1149)
	at java.util.concurrent.ThreadPoolExecutor$Worker.run(ThreadPoolExecutor.java:624)
	at org.gradle.internal.concurrent.ThreadFactoryImpl$ManagedThreadRunnable.run(ThreadFactoryImpl.java:55)
	at java.lang.Thread.run(Thread.java:748)
</pre>
</span>
</div>
</div>
<div id="tab1" class="tab">
<h2>Tests</h2>
<table>
<thead>
<tr>
<th>Test</th>
<th>Duration</th>
<th>Result</th>
</tr>
</thead>
<tr>
<td class="failures">publish[0: com.dotcms.publishing.PublisherAPIImplTest$TestCase@45b6a7a4]</td>
<td class="failures">0.211s</td>
<td class="failures">failed</td>
</tr>
<tr>
<td class="failures">publish[10: com.dotcms.publishing.PublisherAPIImplTest$TestCase@40b431d3]</td>
<td class="failures">0.143s</td>
<td class="failures">failed</td>
</tr>
<tr>
<td class="failures">publish[11: com.dotcms.publishing.PublisherAPIImplTest$TestCase@32af935f]</td>
<td class="failures">0.146s</td>
<td class="failures">failed</td>
</tr>
<tr>
<td class="failures">publish[12: com.dotcms.publishing.PublisherAPIImplTest$TestCase@506d1d66]</td>
<td class="failures">0.137s</td>
<td class="failures">failed</td>
</tr>
<tr>
<td class="failures">publish[13: com.dotcms.publishing.PublisherAPIImplTest$TestCase@7c914eb1]</td>
<td class="failures">0.138s</td>
<td class="failures">failed</td>
</tr>
<tr>
<td class="failures">publish[14: com.dotcms.publishing.PublisherAPIImplTest$TestCase@1dcac259]</td>
<td class="failures">0.091s</td>
<td class="failures">failed</td>
</tr>
<tr>
<td class="failures">publish[15: com.dotcms.publishing.PublisherAPIImplTest$TestCase@53b18fd4]</td>
<td class="failures">0.095s</td>
<td class="failures">failed</td>
</tr>
<tr>
<td class="failures">publish[16: com.dotcms.publishing.PublisherAPIImplTest$TestCase@6b0f3ee9]</td>
<td class="failures">0.091s</td>
<td class="failures">failed</td>
</tr>
<tr>
<td class="failures">publish[17: com.dotcms.publishing.PublisherAPIImplTest$TestCase@1d9d01ff]</td>
<td class="failures">0.034s</td>
<td class="failures">failed</td>
</tr>
<tr>
<td class="failures">publish[1: com.dotcms.publishing.PublisherAPIImplTest$TestCase@7b95e135]</td>
<td class="failures">0.121s</td>
<td class="failures">failed</td>
</tr>
<tr>
<td class="failures">publish[2: com.dotcms.publishing.PublisherAPIImplTest$TestCase@6d2f73a8]</td>
<td class="failures">0.165s</td>
<td class="failures">failed</td>
</tr>
<tr>
<td class="failures">publish[3: com.dotcms.publishing.PublisherAPIImplTest$TestCase@682f161a]</td>
<td class="failures">0.229s</td>
<td class="failures">failed</td>
</tr>
<tr>
<td class="failures">publish[4: com.dotcms.publishing.PublisherAPIImplTest$TestCase@1854173c]</td>
<td class="failures">0.197s</td>
<td class="failures">failed</td>
</tr>
<tr>
<td class="failures">publish[5: com.dotcms.publishing.PublisherAPIImplTest$TestCase@4c9cd14a]</td>
<td class="failures">0.115s</td>
<td class="failures">failed</td>
</tr>
<tr>
<td class="failures">publish[6: com.dotcms.publishing.PublisherAPIImplTest$TestCase@5ab84942]</td>
<td class="failures">0.117s</td>
<td class="failures">failed</td>
</tr>
<tr>
<td class="failures">publish[7: com.dotcms.publishing.PublisherAPIImplTest$TestCase@4a371bc9]</td>
<td class="failures">0.115s</td>
<td class="failures">failed</td>
</tr>
<tr>
<td class="failures">publish[8: com.dotcms.publishing.PublisherAPIImplTest$TestCase@72e20844]</td>
<td class="failures">0.088s</td>
<td class="failures">failed</td>
</tr>
<tr>
<td class="failures">publish[9: com.dotcms.publishing.PublisherAPIImplTest$TestCase@58de91d3]</td>
<td class="failures">0.188s</td>
<td class="failures">failed</td>
</tr>
</table>
</div>
<div id="tab2" class="tab">
<h2>Standard output</h2>
<span class="code">
<pre>

















</pre>
</span>
</div>
</div>
<div id="footer">
<p>
<div>
<label class="hidden" id="label-for-line-wrapping-toggle" for="line-wrapping-toggle">Wrap lines
<input id="line-wrapping-toggle" type="checkbox" autocomplete="off"/>
</label>
</div>Generated by 
<a href="http://www.gradle.org">Gradle 4.10.2</a> at Feb 14, 2021 4:06:15 AM</p>
</div>
</div>
</body>
</html>
