<?xml version="1.0" encoding="UTF-8"?>
<testsuite name="com.dotcms.ema.EMAWebInterceptorTest" tests="5" skipped="0" failures="0" errors="0" timestamp="2023-05-24T16:44:09" hostname="fv-az502-761" time="4.678">
  <properties/>
  <testcase name="test_EMAInterceptor_intercept_SecretExistAtHost_ReturnResult_Json" classname="com.dotcms.ema.EMAWebInterceptorTest" time="0.637"/>
  <testcase name="test_EMAInterceptor_intercept_SecretExistAtHost_ReturnResult" classname="com.dotcms.ema.EMAWebInterceptorTest" time="0.999"/>
  <testcase name="test_EMAInterceptor_intercept_SecretExistAtHost_ReturnResult_Query_String" classname="com.dotcms.ema.EMAWebInterceptorTest" time="1.006"/>
  <testcase name="test_EMAInterceptor_intercept_SecretNotExist_ReturnNext" classname="com.dotcms.ema.EMAWebInterceptorTest" time="1.028"/>
  <testcase name="test_EMAInterceptor_intercept_SecretExistAtSystemHost_ReturnResult" classname="com.dotcms.ema.EMAWebInterceptorTest" time="1.008"/>
  <system-out><![CDATA[]]></system-out>
  <system-err><![CDATA[]]></system-err>
</testsuite>
