<?xml version="1.0" encoding="UTF-8"?>
<testsuite name="com.dotcms.rendering.velocity.viewtools.navigation.NavToolTest" tests="19" skipped="0" failures="0" errors="0" timestamp="2023-05-30T21:14:54" hostname="fv-az176-786" time="48.556">
  <properties/>
  <testcase name="Test_Render_Menu_Items_On_Edit_Mode_Page_Mode[0: EDIT_MODE]" classname="com.dotcms.rendering.velocity.viewtools.navigation.NavToolTest" time="3.227"/>
  <testcase name="Test_Render_Menu_Items_On_Edit_Mode_Page_Mode[1: PREVIEW_MODE]" classname="com.dotcms.rendering.velocity.viewtools.navigation.NavToolTest" time="2.541"/>
  <testcase name="Test_Render_Menu_Items_On_Live_And_Admin_Page_Mode[0: LIVE]" classname="com.dotcms.rendering.velocity.viewtools.navigation.NavToolTest" time="3.309"/>
  <testcase name="Test_Render_Menu_Items_On_Live_And_Admin_Page_Mode[1: ADMIN_MODE]" classname="com.dotcms.rendering.velocity.viewtools.navigation.NavToolTest" time="4.09"/>
  <testcase name="testFolderDefaultPageToLanguageFalse" classname="com.dotcms.rendering.velocity.viewtools.navigation.NavToolTest" time="3.233"/>
  <testcase name="testFolderDefaultPageToLanguageTrue" classname="com.dotcms.rendering.velocity.viewtools.navigation.NavToolTest" time="3.395"/>
  <testcase name="testNavTool_getNav_SystemFolder_ShouldNotChangeSystemFolderHostId" classname="com.dotcms.rendering.velocity.viewtools.navigation.NavToolTest" time="3.767"/>
  <testcase name="testNavTool_rootLevel_returnItemsOnlyForSite" classname="com.dotcms.rendering.velocity.viewtools.navigation.NavToolTest" time="6.162"/>
  <testcase name="testRootLevelNavigation_WhenOneFileAssetIsShownOnMenu" classname="com.dotcms.rendering.velocity.viewtools.navigation.NavToolTest" time="7.14"/>
  <testcase name="testShouldAddFileInAnotherLang[0: com.dotcms.rendering.velocity.viewtools.navigation.NavToolTest$NavToolTestCase@7eb28078]" classname="com.dotcms.rendering.velocity.viewtools.navigation.NavToolTest" time="0.0"/>
  <testcase name="testShouldAddFileInAnotherLang[1: com.dotcms.rendering.velocity.viewtools.navigation.NavToolTest$NavToolTestCase@1b69a2a]" classname="com.dotcms.rendering.velocity.viewtools.navigation.NavToolTest" time="0.0"/>
  <testcase name="testShouldAddFileInAnotherLang[2: com.dotcms.rendering.velocity.viewtools.navigation.NavToolTest$NavToolTestCase@1b2161e]" classname="com.dotcms.rendering.velocity.viewtools.navigation.NavToolTest" time="0.001"/>
  <testcase name="testShouldAddFileInAnotherLang[3: com.dotcms.rendering.velocity.viewtools.navigation.NavToolTest$NavToolTestCase@632e64d2]" classname="com.dotcms.rendering.velocity.viewtools.navigation.NavToolTest" time="0.001"/>
  <testcase name="testShouldAddFileInAnotherLang[4: com.dotcms.rendering.velocity.viewtools.navigation.NavToolTest$NavToolTestCase@975898f]" classname="com.dotcms.rendering.velocity.viewtools.navigation.NavToolTest" time="0.002"/>
  <testcase name="test_getNavLevelAsParameter" classname="com.dotcms.rendering.velocity.viewtools.navigation.NavToolTest" time="4.588"/>
  <testcase name="test_getNavWithoutParameters" classname="com.dotcms.rendering.velocity.viewtools.navigation.NavToolTest" time="3.275"/>
  <testcase name="test_getNav_GivenLinkItems_ShouldOnlyShowLinksEditMode" classname="com.dotcms.rendering.velocity.viewtools.navigation.NavToolTest" time="1.286"/>
  <testcase name="test_getNav_GivenLinkItems_ShouldOnlyShowLiveLinksLiveMode" classname="com.dotcms.rendering.velocity.viewtools.navigation.NavToolTest" time="1.084"/>
  <testcase name="test_getNav_multilingualPage_shouldOnlyReturnOne" classname="com.dotcms.rendering.velocity.viewtools.navigation.NavToolTest" time="1.45"/>
  <system-out><![CDATA[]]></system-out>
  <system-err><![CDATA[]]></system-err>
</testsuite>
