<?xml version="1.0" encoding="UTF-8"?>
<testsuite name="com.dotcms.rendering.velocity.services.HTMLPageAssetRenderedTest" tests="52" skipped="0" failures="0" errors="0" timestamp="2023-06-02T00:54:12" hostname="fv-az166-948" time="229.531">
  <properties/>
  <testcase name="containerArchived_PageShouldResolve" classname="com.dotcms.rendering.velocity.services.HTMLPageAssetRenderedTest" time="4.476"/>
  <testcase name="ContentFallbackFalse_PageFallbackTrue_PageEnglishAndSpanish_ViewEnglishContent1And2_ViewSpanishContent2And3[0: com.dotmarketing.portlets.containers.model.Container@6573dc2[code=&lt;null&gt;,maxContentlets=5,useDiv=false,sortContentletsBy=&lt;null&gt;,preLoop=&lt;null&gt;,postLoop=&lt;null&gt;,staticify=false,luceneQuery=&lt;null&gt;,notes=&lt;null&gt;,source=DB,title=containerHTMLPageRenderedTest1685664633722,friendlyName=containerHTMLPageRenderedTest1685664633722,modDate=Fri Jun 02 00:10:33 UTC 2023,modUser=system,sortOrder=0,showOnMenu=false,iDate=Fri Jun 02 00:10:33 UTC 2023,type=containers,owner=system,inode=72043bd3-4f3d-40d4-9b0b-a8eddb9d9387,identifier=6acb112b6cdfe4d824c93b060c0cd9fa], com.dotmarketing.portlets.templates.model.Template@d3bd695a]" classname="com.dotcms.rendering.velocity.services.HTMLPageAssetRenderedTest" time="6.855"/>
  <testcase name="ContentFallbackFalse_PageFallbackTrue_PageEnglishAndSpanish_ViewEnglishContent1And2_ViewSpanishContent2And3[1: com.dotmarketing.portlets.containers.model.FileAssetContainer@5f6d3a9a[metaDataMap={},languageId=1,host=test1685664622189.dotcms.com,path=/application/containers/containerHTMLPageRenderedTest1685664633773/,postLoopAsset=&lt;null&gt;,preLoopAsset=&lt;null&gt;,containerStructuresAssets=[83887f90-e8d6-4365-a0e8-97ca26c10e74],code=&lt;null&gt;,maxContentlets=25,useDiv=false,sortContentletsBy=&lt;null&gt;,preLoop=&lt;null&gt;,postLoop=&lt;null&gt;,staticify=false,luceneQuery=&lt;null&gt;,notes=Medium Column:Blog,Events,Generic,Location,Media,News,Documents,Products,source=FILE,title=Test Container,friendlyName=containerHTMLPageRenderedTest1685664633773,modDate=2023-06-02 00:10:33.906,modUser=system,sortOrder=0,showOnMenu=false,iDate=2023-06-02 00:10:33.906,type=containers,owner=system,inode=9407ba09-d7ba-4315-b11c-983238abe7ed,identifier=87b7c2ed5071099d1da749b28092ecb4], com.dotmarketing.portlets.templates.model.Template@6800d862]" classname="com.dotcms.rendering.velocity.services.HTMLPageAssetRenderedTest" time="6.191"/>
  <testcase name="pageWithMultiplePersona" classname="com.dotcms.rendering.velocity.services.HTMLPageAssetRenderedTest" time="7.147"/>
  <testcase name="pageWithFileTemplateAdvancedShouldRender" classname="com.dotcms.rendering.velocity.services.HTMLPageAssetRenderedTest" time="3.916"/>
  <testcase name="containerTwiceIntoPage" classname="com.dotcms.rendering.velocity.services.HTMLPageAssetRenderedTest" time="4.194"/>
  <testcase name="pageWithFileTemplateDesignShouldRender" classname="com.dotcms.rendering.velocity.services.HTMLPageAssetRenderedTest" time="4.028"/>
  <testcase name="shouldReturnPageHTMLForLegacyUUID[0: com.dotmarketing.portlets.containers.model.Container@6573dc2[code=&lt;null&gt;,maxContentlets=5,useDiv=false,sortContentletsBy=&lt;null&gt;,preLoop=&lt;null&gt;,postLoop=&lt;null&gt;,staticify=false,luceneQuery=&lt;null&gt;,notes=&lt;null&gt;,source=DB,title=containerHTMLPageRenderedTest1685664633722,friendlyName=containerHTMLPageRenderedTest1685664633722,modDate=Fri Jun 02 00:10:33 UTC 2023,modUser=system,sortOrder=0,showOnMenu=false,iDate=Fri Jun 02 00:10:33 UTC 2023,type=containers,owner=system,inode=72043bd3-4f3d-40d4-9b0b-a8eddb9d9387,identifier=6acb112b6cdfe4d824c93b060c0cd9fa], com.dotmarketing.portlets.templates.model.Template@d3bd695a]" classname="com.dotcms.rendering.velocity.services.HTMLPageAssetRenderedTest" time="1.235"/>
  <testcase name="shouldReturnPageHTMLForLegacyUUID[1: com.dotmarketing.portlets.containers.model.FileAssetContainer@5f6d3a9a[metaDataMap={},languageId=1,host=test1685664622189.dotcms.com,path=/application/containers/containerHTMLPageRenderedTest1685664633773/,postLoopAsset=&lt;null&gt;,preLoopAsset=&lt;null&gt;,containerStructuresAssets=[83887f90-e8d6-4365-a0e8-97ca26c10e74],code=&lt;null&gt;,maxContentlets=25,useDiv=false,sortContentletsBy=&lt;null&gt;,preLoop=&lt;null&gt;,postLoop=&lt;null&gt;,staticify=false,luceneQuery=&lt;null&gt;,notes=Medium Column:Blog,Events,Generic,Location,Media,News,Documents,Products,source=FILE,title=Test Container,friendlyName=containerHTMLPageRenderedTest1685664633773,modDate=2023-06-02 00:10:33.906,modUser=system,sortOrder=0,showOnMenu=false,iDate=2023-06-02 00:10:33.906,type=containers,owner=system,inode=9407ba09-d7ba-4315-b11c-983238abe7ed,identifier=87b7c2ed5071099d1da749b28092ecb4], com.dotmarketing.portlets.templates.model.Template@6800d862]" classname="com.dotcms.rendering.velocity.services.HTMLPageAssetRenderedTest" time="0.876"/>
  <testcase name="test_WidgetPreExecuteCodeShowRegardlessPageMode[0: com.dotcms.rendering.velocity.services.HTMLPageAssetRenderedTest$WidgetPreExecuteCodeTestCase@61c4ce8]" classname="com.dotcms.rendering.velocity.services.HTMLPageAssetRenderedTest" time="2.978"/>
  <testcase name="test_WidgetPreExecuteCodeShowRegardlessPageMode[1: com.dotcms.rendering.velocity.services.HTMLPageAssetRenderedTest$WidgetPreExecuteCodeTestCase@1b15a4b1]" classname="com.dotcms.rendering.velocity.services.HTMLPageAssetRenderedTest" time="3.085"/>
  <testcase name="test_WidgetPreExecuteCodeShowRegardlessPageMode[2: com.dotcms.rendering.velocity.services.HTMLPageAssetRenderedTest$WidgetPreExecuteCodeTestCase@2d1af4a3]" classname="com.dotcms.rendering.velocity.services.HTMLPageAssetRenderedTest" time="3.014"/>
  <testcase name="renderPageWithFileAssetImage" classname="com.dotcms.rendering.velocity.services.HTMLPageAssetRenderedTest" time="6.121"/>
  <testcase name="containerTwiceIntoPageAndTemplateLayout" classname="com.dotcms.rendering.velocity.services.HTMLPageAssetRenderedTest" time="6.165"/>
  <testcase name="shouldRenderTemplateAndContainers page Host: test1685664622189.dotcms.com Template Host: test1685664622189.dotcms.com Container Host: test1685664622189.dotcms.com" classname="com.dotcms.rendering.velocity.services.HTMLPageAssetRenderedTest" time="4.081"/>
  <testcase name="shouldRenderTemplateAndContainers page Host: test1685664622189.dotcms.com Template Host: test1685664622189.dotcms.com Container Host: test1685664636369.dotcms.com" classname="com.dotcms.rendering.velocity.services.HTMLPageAssetRenderedTest" time="4.036"/>
  <testcase name="shouldRenderTemplateAndContainers page Host: test1685664622189.dotcms.com Template Host: test1685664636369.dotcms.com Container Host: test1685664636369.dotcms.com" classname="com.dotcms.rendering.velocity.services.HTMLPageAssetRenderedTest" time="4.107"/>
  <testcase name="shouldRenderTemplateAndContainers page Host: test1685664622189.dotcms.com Template Host: test1685664622189.dotcms.com Container Host: default" classname="com.dotcms.rendering.velocity.services.HTMLPageAssetRenderedTest" time="4.078"/>
  <testcase name="shouldRenderTemplateAndContainers page Host: test1685664622189.dotcms.com Template Host: test1685664636369.dotcms.com Container Host: default" classname="com.dotcms.rendering.velocity.services.HTMLPageAssetRenderedTest" time="4.081"/>
  <testcase name="shouldRenderTemplateAndContainers page Host: test1685664622189.dotcms.com Template Host: test1685664622189.dotcms.com Container Host: test1685664622189.dotcms.com" classname="com.dotcms.rendering.velocity.services.HTMLPageAssetRenderedTest" time="4.059"/>
  <testcase name="shouldRenderTemplateAndContainers page Host: test1685664622189.dotcms.com Template Host: test1685664622189.dotcms.com Container Host: test1685664636369.dotcms.com" classname="com.dotcms.rendering.velocity.services.HTMLPageAssetRenderedTest" time="4.116"/>
  <testcase name="shouldRenderTemplateAndContainers page Host: test1685664622189.dotcms.com Template Host: test1685664636369.dotcms.com Container Host: test1685664636369.dotcms.com" classname="com.dotcms.rendering.velocity.services.HTMLPageAssetRenderedTest" time="4.076"/>
  <testcase name="shouldRenderTemplateAndContainers page Host: test1685664622189.dotcms.com Template Host: test1685664622189.dotcms.com Container Host: default" classname="com.dotcms.rendering.velocity.services.HTMLPageAssetRenderedTest" time="4.122"/>
  <testcase name="shouldRenderTemplateAndContainers page Host: test1685664622189.dotcms.com Template Host: test1685664636369.dotcms.com Container Host: default" classname="com.dotcms.rendering.velocity.services.HTMLPageAssetRenderedTest" time="4.051"/>
  <testcase name="shouldRenderTemplateAndContainers page Host: test1685664622189.dotcms.com Template Host: test1685664622189.dotcms.com Container Host: test1685664622189.dotcms.com" classname="com.dotcms.rendering.velocity.services.HTMLPageAssetRenderedTest" time="6.134"/>
  <testcase name="shouldRenderTemplateAndContainers page Host: test1685664622189.dotcms.com Template Host: test1685664622189.dotcms.com Container Host: test1685664636369.dotcms.com" classname="com.dotcms.rendering.velocity.services.HTMLPageAssetRenderedTest" time="6.084"/>
  <testcase name="shouldRenderTemplateAndContainers page Host: test1685664622189.dotcms.com Template Host: test1685664636369.dotcms.com Container Host: test1685664636369.dotcms.com" classname="com.dotcms.rendering.velocity.services.HTMLPageAssetRenderedTest" time="6.131"/>
  <testcase name="shouldRenderTemplateAndContainers page Host: test1685664622189.dotcms.com Template Host: test1685664622189.dotcms.com Container Host: default" classname="com.dotcms.rendering.velocity.services.HTMLPageAssetRenderedTest" time="6.132"/>
  <testcase name="shouldRenderTemplateAndContainers page Host: test1685664622189.dotcms.com Template Host: test1685664636369.dotcms.com Container Host: default" classname="com.dotcms.rendering.velocity.services.HTMLPageAssetRenderedTest" time="6.138"/>
  <testcase name="shouldRenderTemplateAndContainers page Host: test1685664622189.dotcms.com Template Host: test1685664622189.dotcms.com Container Host: test1685664622189.dotcms.com" classname="com.dotcms.rendering.velocity.services.HTMLPageAssetRenderedTest" time="6.099"/>
  <testcase name="shouldRenderTemplateAndContainers page Host: test1685664622189.dotcms.com Template Host: test1685664622189.dotcms.com Container Host: test1685664636369.dotcms.com" classname="com.dotcms.rendering.velocity.services.HTMLPageAssetRenderedTest" time="6.136"/>
  <testcase name="shouldRenderTemplateAndContainers page Host: test1685664622189.dotcms.com Template Host: test1685664636369.dotcms.com Container Host: test1685664636369.dotcms.com" classname="com.dotcms.rendering.velocity.services.HTMLPageAssetRenderedTest" time="6.103"/>
  <testcase name="shouldRenderTemplateAndContainers page Host: test1685664622189.dotcms.com Template Host: test1685664622189.dotcms.com Container Host: default" classname="com.dotcms.rendering.velocity.services.HTMLPageAssetRenderedTest" time="6.137"/>
  <testcase name="shouldRenderTemplateAndContainers page Host: test1685664622189.dotcms.com Template Host: test1685664636369.dotcms.com Container Host: default" classname="com.dotcms.rendering.velocity.services.HTMLPageAssetRenderedTest" time="6.114"/>
  <testcase name="renderPageWithDotAssetImage" classname="com.dotcms.rendering.velocity.services.HTMLPageAssetRenderedTest" time="6.094"/>
  <testcase name="ContentFallbackFalse_PageFallbackFalse_PageEnglishAndSpanish_ViewEnglishContent1And2_ViewSpanishContent2And3[0: com.dotmarketing.portlets.containers.model.Container@6573dc2[code=&lt;null&gt;,maxContentlets=5,useDiv=false,sortContentletsBy=&lt;null&gt;,preLoop=&lt;null&gt;,postLoop=&lt;null&gt;,staticify=false,luceneQuery=&lt;null&gt;,notes=&lt;null&gt;,source=DB,title=containerHTMLPageRenderedTest1685664633722,friendlyName=containerHTMLPageRenderedTest1685664633722,modDate=Fri Jun 02 00:10:33 UTC 2023,modUser=system,sortOrder=0,showOnMenu=false,iDate=Fri Jun 02 00:10:33 UTC 2023,type=containers,owner=system,inode=72043bd3-4f3d-40d4-9b0b-a8eddb9d9387,identifier=6acb112b6cdfe4d824c93b060c0cd9fa], com.dotmarketing.portlets.templates.model.Template@d3bd695a]" classname="com.dotcms.rendering.velocity.services.HTMLPageAssetRenderedTest" time="6.126"/>
  <testcase name="ContentFallbackFalse_PageFallbackFalse_PageEnglishAndSpanish_ViewEnglishContent1And2_ViewSpanishContent2And3[1: com.dotmarketing.portlets.containers.model.FileAssetContainer@5f6d3a9a[metaDataMap={},languageId=1,host=test1685664622189.dotcms.com,path=/application/containers/containerHTMLPageRenderedTest1685664633773/,postLoopAsset=&lt;null&gt;,preLoopAsset=&lt;null&gt;,containerStructuresAssets=[83887f90-e8d6-4365-a0e8-97ca26c10e74],code=&lt;null&gt;,maxContentlets=25,useDiv=false,sortContentletsBy=&lt;null&gt;,preLoop=&lt;null&gt;,postLoop=&lt;null&gt;,staticify=false,luceneQuery=&lt;null&gt;,notes=Medium Column:Blog,Events,Generic,Location,Media,News,Documents,Products,source=FILE,title=Test Container,friendlyName=containerHTMLPageRenderedTest1685664633773,modDate=2023-06-02 00:10:33.906,modUser=system,sortOrder=0,showOnMenu=false,iDate=2023-06-02 00:10:33.906,type=containers,owner=system,inode=9407ba09-d7ba-4315-b11c-983238abe7ed,identifier=87b7c2ed5071099d1da749b28092ecb4], com.dotmarketing.portlets.templates.model.Template@6800d862]" classname="com.dotcms.rendering.velocity.services.HTMLPageAssetRenderedTest" time="6.186"/>
  <testcase name="shouldReturnParserContainerUUID[0: com.dotmarketing.portlets.containers.model.Container@6573dc2[code=&lt;null&gt;,maxContentlets=5,useDiv=false,sortContentletsBy=&lt;null&gt;,preLoop=&lt;null&gt;,postLoop=&lt;null&gt;,staticify=false,luceneQuery=&lt;null&gt;,notes=&lt;null&gt;,source=DB,title=containerHTMLPageRenderedTest1685664633722,friendlyName=containerHTMLPageRenderedTest1685664633722,modDate=Fri Jun 02 00:10:33 UTC 2023,modUser=system,sortOrder=0,showOnMenu=false,iDate=Fri Jun 02 00:10:33 UTC 2023,type=containers,owner=system,inode=72043bd3-4f3d-40d4-9b0b-a8eddb9d9387,identifier=6acb112b6cdfe4d824c93b060c0cd9fa], com.dotmarketing.portlets.templates.model.Template@d3bd695a]" classname="com.dotcms.rendering.velocity.services.HTMLPageAssetRenderedTest" time="2.01"/>
  <testcase name="shouldReturnParserContainerUUID[1: com.dotmarketing.portlets.containers.model.FileAssetContainer@5f6d3a9a[metaDataMap={},languageId=1,host=test1685664622189.dotcms.com,path=/application/containers/containerHTMLPageRenderedTest1685664633773/,postLoopAsset=&lt;null&gt;,preLoopAsset=&lt;null&gt;,containerStructuresAssets=[83887f90-e8d6-4365-a0e8-97ca26c10e74],code=&lt;null&gt;,maxContentlets=25,useDiv=false,sortContentletsBy=&lt;null&gt;,preLoop=&lt;null&gt;,postLoop=&lt;null&gt;,staticify=false,luceneQuery=&lt;null&gt;,notes=Medium Column:Blog,Events,Generic,Location,Media,News,Documents,Products,source=FILE,title=Test Container,friendlyName=containerHTMLPageRenderedTest1685664633773,modDate=2023-06-02 00:10:33.906,modUser=system,sortOrder=0,showOnMenu=false,iDate=2023-06-02 00:10:33.906,type=containers,owner=system,inode=9407ba09-d7ba-4315-b11c-983238abe7ed,identifier=87b7c2ed5071099d1da749b28092ecb4], com.dotmarketing.portlets.templates.model.Template@6800d862]" classname="com.dotcms.rendering.velocity.services.HTMLPageAssetRenderedTest" time="2.058"/>
  <testcase name="constantField_notUpdatedCache_whenChanged[0: com.dotmarketing.portlets.containers.model.Container@6573dc2[code=&lt;null&gt;,maxContentlets=5,useDiv=false,sortContentletsBy=&lt;null&gt;,preLoop=&lt;null&gt;,postLoop=&lt;null&gt;,staticify=false,luceneQuery=&lt;null&gt;,notes=&lt;null&gt;,source=DB,title=containerHTMLPageRenderedTest1685664633722,friendlyName=containerHTMLPageRenderedTest1685664633722,modDate=Fri Jun 02 00:10:33 UTC 2023,modUser=system,sortOrder=0,showOnMenu=false,iDate=Fri Jun 02 00:10:33 UTC 2023,type=containers,owner=system,inode=72043bd3-4f3d-40d4-9b0b-a8eddb9d9387,identifier=6acb112b6cdfe4d824c93b060c0cd9fa], com.dotmarketing.portlets.templates.model.Template@d3bd695a]" classname="com.dotcms.rendering.velocity.services.HTMLPageAssetRenderedTest" time="5.952"/>
  <testcase name="constantField_notUpdatedCache_whenChanged[1: com.dotmarketing.portlets.containers.model.FileAssetContainer@5f6d3a9a[metaDataMap={},languageId=1,host=test1685664622189.dotcms.com,path=/application/containers/containerHTMLPageRenderedTest1685664633773/,postLoopAsset=&lt;null&gt;,preLoopAsset=&lt;null&gt;,containerStructuresAssets=[83887f90-e8d6-4365-a0e8-97ca26c10e74],code=&lt;null&gt;,maxContentlets=25,useDiv=false,sortContentletsBy=&lt;null&gt;,preLoop=&lt;null&gt;,postLoop=&lt;null&gt;,staticify=false,luceneQuery=&lt;null&gt;,notes=Medium Column:Blog,Events,Generic,Location,Media,News,Documents,Products,source=FILE,title=Test Container,friendlyName=containerHTMLPageRenderedTest1685664633773,modDate=2023-06-02 00:10:33.906,modUser=system,sortOrder=0,showOnMenu=false,iDate=2023-06-02 00:10:33.906,type=containers,owner=system,inode=9407ba09-d7ba-4315-b11c-983238abe7ed,identifier=87b7c2ed5071099d1da749b28092ecb4], com.dotmarketing.portlets.templates.model.Template@6800d862]" classname="com.dotcms.rendering.velocity.services.HTMLPageAssetRenderedTest" time="6.15"/>
  <testcase name="render_spanish_contentlets_on_english_page[0: com.dotmarketing.portlets.containers.model.Container@6573dc2[code=&lt;null&gt;,maxContentlets=5,useDiv=false,sortContentletsBy=&lt;null&gt;,preLoop=&lt;null&gt;,postLoop=&lt;null&gt;,staticify=false,luceneQuery=&lt;null&gt;,notes=&lt;null&gt;,source=DB,title=containerHTMLPageRenderedTest1685664633722,friendlyName=containerHTMLPageRenderedTest1685664633722,modDate=Fri Jun 02 00:10:33 UTC 2023,modUser=system,sortOrder=0,showOnMenu=false,iDate=Fri Jun 02 00:10:33 UTC 2023,type=containers,owner=system,inode=72043bd3-4f3d-40d4-9b0b-a8eddb9d9387,identifier=6acb112b6cdfe4d824c93b060c0cd9fa], com.dotmarketing.portlets.templates.model.Template@d3bd695a]" classname="com.dotcms.rendering.velocity.services.HTMLPageAssetRenderedTest" time="2.064"/>
  <testcase name="render_spanish_contentlets_on_english_page[1: com.dotmarketing.portlets.containers.model.FileAssetContainer@5f6d3a9a[metaDataMap={},languageId=1,host=test1685664622189.dotcms.com,path=/application/containers/containerHTMLPageRenderedTest1685664633773/,postLoopAsset=&lt;null&gt;,preLoopAsset=&lt;null&gt;,containerStructuresAssets=[83887f90-e8d6-4365-a0e8-97ca26c10e74],code=&lt;null&gt;,maxContentlets=25,useDiv=false,sortContentletsBy=&lt;null&gt;,preLoop=&lt;null&gt;,postLoop=&lt;null&gt;,staticify=false,luceneQuery=&lt;null&gt;,notes=Medium Column:Blog,Events,Generic,Location,Media,News,Documents,Products,source=FILE,title=Test Container,friendlyName=containerHTMLPageRenderedTest1685664633773,modDate=2023-06-02 00:10:33.906,modUser=system,sortOrder=0,showOnMenu=false,iDate=2023-06-02 00:10:33.906,type=containers,owner=system,inode=9407ba09-d7ba-4315-b11c-983238abe7ed,identifier=87b7c2ed5071099d1da749b28092ecb4], com.dotmarketing.portlets.templates.model.Template@6800d862]" classname="com.dotcms.rendering.velocity.services.HTMLPageAssetRenderedTest" time="2.029"/>
  <testcase name="pageWithSidebarShouldRender" classname="com.dotcms.rendering.velocity.services.HTMLPageAssetRenderedTest" time="6.182"/>
  <testcase name="ContentFallbackTrue_PageFallbackTrue_PageEnglishAndSpanish_ViewEnglishContent1And2_ViewSpanishContent1And2And3[0: com.dotmarketing.portlets.containers.model.Container@6573dc2[code=&lt;null&gt;,maxContentlets=5,useDiv=false,sortContentletsBy=&lt;null&gt;,preLoop=&lt;null&gt;,postLoop=&lt;null&gt;,staticify=false,luceneQuery=&lt;null&gt;,notes=&lt;null&gt;,source=DB,title=containerHTMLPageRenderedTest1685664633722,friendlyName=containerHTMLPageRenderedTest1685664633722,modDate=Fri Jun 02 00:10:33 UTC 2023,modUser=system,sortOrder=0,showOnMenu=false,iDate=Fri Jun 02 00:10:33 UTC 2023,type=containers,owner=system,inode=72043bd3-4f3d-40d4-9b0b-a8eddb9d9387,identifier=6acb112b6cdfe4d824c93b060c0cd9fa], com.dotmarketing.portlets.templates.model.Template@d3bd695a]" classname="com.dotcms.rendering.velocity.services.HTMLPageAssetRenderedTest" time="6.111"/>
  <testcase name="ContentFallbackTrue_PageFallbackTrue_PageEnglishAndSpanish_ViewEnglishContent1And2_ViewSpanishContent1And2And3[1: com.dotmarketing.portlets.containers.model.FileAssetContainer@5f6d3a9a[metaDataMap={},languageId=1,host=test1685664622189.dotcms.com,path=/application/containers/containerHTMLPageRenderedTest1685664633773/,postLoopAsset=&lt;null&gt;,preLoopAsset=&lt;null&gt;,containerStructuresAssets=[83887f90-e8d6-4365-a0e8-97ca26c10e74],code=&lt;null&gt;,maxContentlets=25,useDiv=false,sortContentletsBy=&lt;null&gt;,preLoop=&lt;null&gt;,postLoop=&lt;null&gt;,staticify=false,luceneQuery=&lt;null&gt;,notes=Medium Column:Blog,Events,Generic,Location,Media,News,Documents,Products,source=FILE,title=Test Container,friendlyName=containerHTMLPageRenderedTest1685664633773,modDate=2023-06-02 00:10:33.906,modUser=system,sortOrder=0,showOnMenu=false,iDate=2023-06-02 00:10:33.906,type=containers,owner=system,inode=9407ba09-d7ba-4315-b11c-983238abe7ed,identifier=87b7c2ed5071099d1da749b28092ecb4], com.dotmarketing.portlets.templates.model.Template@6800d862]" classname="com.dotcms.rendering.velocity.services.HTMLPageAssetRenderedTest" time="6.094"/>
  <testcase name="shouldReturnPageHTMLForLegacyUUIDAndMultiTree[0: com.dotmarketing.portlets.containers.model.Container@6573dc2[code=&lt;null&gt;,maxContentlets=5,useDiv=false,sortContentletsBy=&lt;null&gt;,preLoop=&lt;null&gt;,postLoop=&lt;null&gt;,staticify=false,luceneQuery=&lt;null&gt;,notes=&lt;null&gt;,source=DB,title=containerHTMLPageRenderedTest1685664633722,friendlyName=containerHTMLPageRenderedTest1685664633722,modDate=Fri Jun 02 00:10:33 UTC 2023,modUser=system,sortOrder=0,showOnMenu=false,iDate=Fri Jun 02 00:10:33 UTC 2023,type=containers,owner=system,inode=72043bd3-4f3d-40d4-9b0b-a8eddb9d9387,identifier=6acb112b6cdfe4d824c93b060c0cd9fa], com.dotmarketing.portlets.templates.model.Template@d3bd695a]" classname="com.dotcms.rendering.velocity.services.HTMLPageAssetRenderedTest" time="1.113"/>
  <testcase name="shouldReturnPageHTMLForLegacyUUIDAndMultiTree[1: com.dotmarketing.portlets.containers.model.FileAssetContainer@5f6d3a9a[metaDataMap={},languageId=1,host=test1685664622189.dotcms.com,path=/application/containers/containerHTMLPageRenderedTest1685664633773/,postLoopAsset=&lt;null&gt;,preLoopAsset=&lt;null&gt;,containerStructuresAssets=[83887f90-e8d6-4365-a0e8-97ca26c10e74],code=&lt;null&gt;,maxContentlets=25,useDiv=false,sortContentletsBy=&lt;null&gt;,preLoop=&lt;null&gt;,postLoop=&lt;null&gt;,staticify=false,luceneQuery=&lt;null&gt;,notes=Medium Column:Blog,Events,Generic,Location,Media,News,Documents,Products,source=FILE,title=Test Container,friendlyName=containerHTMLPageRenderedTest1685664633773,modDate=2023-06-02 00:10:33.906,modUser=system,sortOrder=0,showOnMenu=false,iDate=2023-06-02 00:10:33.906,type=containers,owner=system,inode=9407ba09-d7ba-4315-b11c-983238abe7ed,identifier=87b7c2ed5071099d1da749b28092ecb4], com.dotmarketing.portlets.templates.model.Template@6800d862]" classname="com.dotcms.rendering.velocity.services.HTMLPageAssetRenderedTest" time="0.995"/>
  <testcase name="shouldReturnPageHTMLForPersona[0: com.dotmarketing.portlets.containers.model.Container@6573dc2[code=&lt;null&gt;,maxContentlets=5,useDiv=false,sortContentletsBy=&lt;null&gt;,preLoop=&lt;null&gt;,postLoop=&lt;null&gt;,staticify=false,luceneQuery=&lt;null&gt;,notes=&lt;null&gt;,source=DB,title=containerHTMLPageRenderedTest1685664633722,friendlyName=containerHTMLPageRenderedTest1685664633722,modDate=Fri Jun 02 00:10:33 UTC 2023,modUser=system,sortOrder=0,showOnMenu=false,iDate=Fri Jun 02 00:10:33 UTC 2023,type=containers,owner=system,inode=72043bd3-4f3d-40d4-9b0b-a8eddb9d9387,identifier=6acb112b6cdfe4d824c93b060c0cd9fa], com.dotmarketing.portlets.templates.model.Template@d3bd695a]" classname="com.dotcms.rendering.velocity.services.HTMLPageAssetRenderedTest" time="2.03"/>
  <testcase name="shouldReturnPageHTMLForPersona[1: com.dotmarketing.portlets.containers.model.FileAssetContainer@5f6d3a9a[metaDataMap={},languageId=1,host=test1685664622189.dotcms.com,path=/application/containers/containerHTMLPageRenderedTest1685664633773/,postLoopAsset=&lt;null&gt;,preLoopAsset=&lt;null&gt;,containerStructuresAssets=[83887f90-e8d6-4365-a0e8-97ca26c10e74],code=&lt;null&gt;,maxContentlets=25,useDiv=false,sortContentletsBy=&lt;null&gt;,preLoop=&lt;null&gt;,postLoop=&lt;null&gt;,staticify=false,luceneQuery=&lt;null&gt;,notes=Medium Column:Blog,Events,Generic,Location,Media,News,Documents,Products,source=FILE,title=Test Container,friendlyName=containerHTMLPageRenderedTest1685664633773,modDate=2023-06-02 00:10:33.906,modUser=system,sortOrder=0,showOnMenu=false,iDate=2023-06-02 00:10:33.906,type=containers,owner=system,inode=9407ba09-d7ba-4315-b11c-983238abe7ed,identifier=87b7c2ed5071099d1da749b28092ecb4], com.dotmarketing.portlets.templates.model.Template@6800d862]" classname="com.dotcms.rendering.velocity.services.HTMLPageAssetRenderedTest" time="2.082"/>
  <testcase name="ContentFallbackFalse_PageFallbackTrue_PageEnglish_ViewEnglishContent1And2_ViewSpanishContent2And3[0: com.dotmarketing.portlets.containers.model.Container@6573dc2[code=&lt;null&gt;,maxContentlets=5,useDiv=false,sortContentletsBy=&lt;null&gt;,preLoop=&lt;null&gt;,postLoop=&lt;null&gt;,staticify=false,luceneQuery=&lt;null&gt;,notes=&lt;null&gt;,source=DB,title=containerHTMLPageRenderedTest1685664633722,friendlyName=containerHTMLPageRenderedTest1685664633722,modDate=Fri Jun 02 00:10:33 UTC 2023,modUser=system,sortOrder=0,showOnMenu=false,iDate=Fri Jun 02 00:10:33 UTC 2023,type=containers,owner=system,inode=72043bd3-4f3d-40d4-9b0b-a8eddb9d9387,identifier=6acb112b6cdfe4d824c93b060c0cd9fa], com.dotmarketing.portlets.templates.model.Template@d3bd695a]" classname="com.dotcms.rendering.velocity.services.HTMLPageAssetRenderedTest" time="1.922"/>
  <testcase name="ContentFallbackFalse_PageFallbackTrue_PageEnglish_ViewEnglishContent1And2_ViewSpanishContent2And3[1: com.dotmarketing.portlets.containers.model.FileAssetContainer@5f6d3a9a[metaDataMap={},languageId=1,host=test1685664622189.dotcms.com,path=/application/containers/containerHTMLPageRenderedTest1685664633773/,postLoopAsset=&lt;null&gt;,preLoopAsset=&lt;null&gt;,containerStructuresAssets=[83887f90-e8d6-4365-a0e8-97ca26c10e74],code=&lt;null&gt;,maxContentlets=25,useDiv=false,sortContentletsBy=&lt;null&gt;,preLoop=&lt;null&gt;,postLoop=&lt;null&gt;,staticify=false,luceneQuery=&lt;null&gt;,notes=Medium Column:Blog,Events,Generic,Location,Media,News,Documents,Products,source=FILE,title=Test Container,friendlyName=containerHTMLPageRenderedTest1685664633773,modDate=2023-06-02 00:10:33.906,modUser=system,sortOrder=0,showOnMenu=false,iDate=2023-06-02 00:10:33.906,type=containers,owner=system,inode=9407ba09-d7ba-4315-b11c-983238abe7ed,identifier=87b7c2ed5071099d1da749b28092ecb4], com.dotmarketing.portlets.templates.model.Template@6800d862]" classname="com.dotcms.rendering.velocity.services.HTMLPageAssetRenderedTest" time="2.035"/>
  <system-out><![CDATA[]]></system-out>
  <system-err><![CDATA[]]></system-err>
</testsuite>
