<?xml version="1.0" encoding="UTF-8"?>
<testsuite name="com.dotmarketing.business.DeterministicIdentifierAPITest" tests="16" skipped="0" failures="0" errors="0" timestamp="2023-05-04T23:36:06" hostname="fv-az210-40" time="1.015">
  <properties/>
  <testcase name="Test_Category_Path_Seed_And_Id" classname="com.dotmarketing.business.DeterministicIdentifierAPITest" time="0.031"/>
  <testcase name="Test_Language_Deterministic_Id[0: LanguageTestCase{expectedSeed='Language:es:US', expectedHash=4913155, langCode='es', countryCode='US', country='United States'}]" classname="com.dotmarketing.business.DeterministicIdentifierAPITest" time="0.002"/>
  <testcase name="Test_Language_Deterministic_Id[1: LanguageTestCase{expectedSeed='Language:ep:', expectedHash=5292269, langCode='ep', countryCode='', country=''}]" classname="com.dotmarketing.business.DeterministicIdentifierAPITest" time="0.001"/>
  <testcase name="Test_Language_Deterministic_Id[2: LanguageTestCase{expectedSeed='Language:sg:SAG', expectedHash=4713118, langCode='sg', countryCode='SAG', country=''}]" classname="com.dotmarketing.business.DeterministicIdentifierAPITest" time="0.001"/>
  <testcase name="Test_Language_Deterministic_Id[3: LanguageTestCase{expectedSeed='Language:en:NZ', expectedHash=5382528, langCode='en', countryCode='NZ', country='New Zealand'}]" classname="com.dotmarketing.business.DeterministicIdentifierAPITest" time="0.001"/>
  <testcase name="Test_Category_None_Persisted_Category_Should_Return_Deterministic_Id" classname="com.dotmarketing.business.DeterministicIdentifierAPITest" time="0.002"/>
  <testcase name="Test_Asset_Generate_Deterministic_Id_Best_Effort[0: TestCase{versionable=my.host1683236656625.com, parent=System Host, expectedName='my.host1683236656625.com', expectedType='Host'}]" classname="com.dotmarketing.business.DeterministicIdentifierAPITest" time="0.004"/>
  <testcase name="Test_Asset_Generate_Deterministic_Id_Best_Effort[1: TestCase{versionable=com.dotmarketing.portlets.contentlet.model.Contentlet@41a45643[map={modDate=2023-05-04 21:44:17.515, fileName=file13512499376048386443.txt, title=file13512499376048386443.txt, inode=f69c4038-3bd3-427f-a5a5-2e308f5a6a3e, disabledWYSIWYG=[], host=68abeefb-a3cc-4cec-be43-b5bb4db6a04f, variantId=DEFAULT, stInode=33888b6f-7a8e-4069-b1b6-5c1aa9d0a48d, owner=system, identifier=5069f283-b3c8-4883-ab96-4566b4e45faf, nullProperties=[wfExpireDate, wfPublishDate, wfActionAssign, wfActionId, wfActionComments, filterKey, whereToSend, wfNeverExpire, _path_to_move, timezoneId, iWantTo, wfPublishTime, wfExpireTime], languageId=1, fileAsset=/home/runner/work/core/custom/assets/f/6/f69c4038-3bd3-427f-a5a5-2e308f5a6a3e/fileAsset/file13512499376048386443.txt, folder=c28c9c10-5ea8-4081-8d23-395d81d19691, __disable_workflow__=true, sortOrder=0, modUser=system},lowIndexPriority=false], parent=com.dotmarketing.portlets.folders.model.Folder@2d67dbc1[identifier=c28c9c10-5ea8-4081-8d23-395d81d19691,name=testName1683236657507,sortOrder=0,showOnMenu=false,hostId=68abeefb-a3cc-4cec-be43-b5bb4db6a04f,type=folder,title=testTitle1683236657507,filesMasks=,defaultFileType=33888b6f-7a8e-4069-b1b6-5c1aa9d0a48d,modDate=2023-05-04 21:44:17.511,owner=&lt;null&gt;,iDate=2023-05-04 21:44:17.511,inode=c28c9c10-5ea8-4081-8d23-395d81d19691,path=/testName1683236657507/], expectedName='file13512499376048386443.txt', expectedType='FileAsset'}]" classname="com.dotmarketing.business.DeterministicIdentifierAPITest" time="0.005"/>
  <testcase name="Test_Asset_Generate_Deterministic_Id_Best_Effort[2: TestCase{versionable=com.dotmarketing.portlets.templates.model.Template@4b05b349, parent=my.host1683236656625.com, expectedName='testTitle1683236657658', expectedType='Template'}]" classname="com.dotmarketing.business.DeterministicIdentifierAPITest" time="0.003"/>
  <testcase name="Test_Asset_Generate_Deterministic_Id_Best_Effort[3: TestCase{versionable=com.dotmarketing.portlets.htmlpageasset.model.HTMLPageAsset@36371b32[map={template=a1a6021f-cf62-47b8-9d6b-4c9088a31e62, owner=system, identifier=4f56d19e-d0a7-4bfa-80bc-e6fa57a6c3c9, nullProperties=[wfExpireDate, wfPublishDate, wfActionAssign, wfActionId, wfActionComments, filterKey, whereToSend, wfNeverExpire, _path_to_move, timezoneId, iWantTo, wfPublishTime, wfExpireTime], modDate=2023-05-04 21:44:17.681, cachettl=0, _is_test_mode=true, languageId=1, title=test-page-title-1683236657675, httpsreq=, url=test-page-url-1683236657675, showOnMenu=, inode=36d9a5c2-4438-4ccb-a435-e1a0edbad4f3, folder=c28c9c10-5ea8-4081-8d23-395d81d19691, disabledWYSIWYG=[], sortOrder=1, modUser=system, host=68abeefb-a3cc-4cec-be43-b5bb4db6a04f, variantId=DEFAULT, stInode=c541abb1-69b3-4bc5-8430-5e09e5239cc8, friendlyName=test-page-friendly-name-1683236657675},lowIndexPriority=false], parent=com.dotmarketing.portlets.folders.model.Folder@2d67dbc1[identifier=c28c9c10-5ea8-4081-8d23-395d81d19691,name=testName1683236657507,sortOrder=0,showOnMenu=false,hostId=68abeefb-a3cc-4cec-be43-b5bb4db6a04f,type=folder,title=testTitle1683236657507,filesMasks=,defaultFileType=33888b6f-7a8e-4069-b1b6-5c1aa9d0a48d,modDate=2023-05-04 21:44:17.511,owner=&lt;null&gt;,iDate=2023-05-04 21:44:17.511,inode=c28c9c10-5ea8-4081-8d23-395d81d19691,path=/testName1683236657507/], expectedName='test-page-url-1683236657675', expectedType='htmlpageasset'}]" classname="com.dotmarketing.business.DeterministicIdentifierAPITest" time="0.004"/>
  <testcase name="Test_Asset_Generate_Deterministic_Id_Best_Effort[4: TestCase{versionable=com.dotmarketing.portlets.contentlet.model.Contentlet@3b32f2f3[map={fileAsset2=/home/runner/work/core/custom/assets/b/1/b14a9181-c06c-439f-b3a4-6ff9d1318c74/fileAsset2/test_binary1683236658466.png, modDate=2023-05-04 21:44:18.473, fileAsset1=/home/runner/work/core/custom/assets/b/1/b14a9181-c06c-439f-b3a4-6ff9d1318c74/fileAsset1/test_binary1683236658465.jpg, title=blah, inode=b14a9181-c06c-439f-b3a4-6ff9d1318c74, disabledWYSIWYG=[], host=8a7d5e23-da1e-420a-b4f0-471e7da8ea2d, variantId=DEFAULT, stInode=acb454e7-4519-4289-a57c-007f0892936d, owner=system, identifier=c3c79607-1daf-4591-8d9d-2c86376d8d1d, nullProperties=[], languageId=1, image1=ecdb79a1-1bc7-428c-9985-0af83366a526, folder=SYSTEM_FOLDER, __disable_workflow__=true, sortOrder=0, modUser=system},lowIndexPriority=false], parent=default, expectedName='test_binary1683236658465.jpg:test_binary1683236658466.png', expectedType='MultipleBinaries1683236657778'}]" classname="com.dotmarketing.business.DeterministicIdentifierAPITest" time="0.014"/>
  <testcase name="Test_Asset_Generate_Deterministic_Id_Best_Effort[5: TestCase{versionable=namec4037bd711 : keyTagc4037bd711, parent=my.host1683236656625.com, expectedName='keyTagc4037bd711', expectedType='persona'}]" classname="com.dotmarketing.business.DeterministicIdentifierAPITest" time="0.008"/>
  <testcase name="Test_Similar_Content_Type_Wont_Clash" classname="com.dotmarketing.business.DeterministicIdentifierAPITest" time="0.64"/>
  <testcase name="Test_Generate_Folder_Identifier" classname="com.dotmarketing.business.DeterministicIdentifierAPITest" time="0.275"/>
  <testcase name="Test_Generate_Content_Type_Identifier[0: ContentTypeTestCase{contentType=KeyValueContentType{name=Language Variable, id=f4d7c1b8-2c88-4071-abf1-a5328977b07d, description=Default Content Type for Language Variables, defaultType=false, fixed=true, iDate=Thu Aug 31 16:38:49 UTC 2017, system=true, versionable=true, variable=Languagevariable, modDate=Thu May 04 21:40:11 UTC 2023, host=SYSTEM_HOST, siteName=systemHost, icon=language, sortOrder=0, folder=SYSTEM_FOLDER, folderPath=/, markedForDeletion=false, multilingualable=false}, expectedName='Languagevariable', expectedType='KeyValue'}]" classname="com.dotmarketing.business.DeterministicIdentifierAPITest" time="0.012"/>
  <testcase name="Test_Generate_Content_Type_Identifier[1: ContentTypeTestCase{contentType=SimpleContentType{name=testName1683236658778, id=1b99f731-2476-4e9d-a763-2d1c2a98c054, description=testDescription1683236658778, defaultType=false, fixed=false, iDate=Thu May 04 21:44:18 UTC 2023, system=false, versionable=true, multilingualable=false, variable=testVarname1683236658778, owner=system, modDate=Thu May 04 21:44:19 UTC 2023, host=8a7d5e23-da1e-420a-b4f0-471e7da8ea2d, siteName=default, icon=event_note, sortOrder=0, folder=SYSTEM_FOLDER, folderPath=/, requiredFields=[], markedForDeletion=false}, expectedName='testVarname1683236658778', expectedType='CONTENT'}]" classname="com.dotmarketing.business.DeterministicIdentifierAPITest" time="0.007"/>
  <system-out><![CDATA[]]></system-out>
  <system-err><![CDATA[]]></system-err>
</testsuite>
