<?xml version="1.0" encoding="UTF-8"?>
<testsuite name="com.dotmarketing.portlets.workflows.actionlet.FourEyeApproverActionletTest" tests="3" skipped="0" failures="0" errors="0" timestamp="2023-05-18T17:48:39" hostname="fv-az419-691" time="5.745">
  <properties/>
  <testcase name="contentApprovalWithTwoApprovers" classname="com.dotmarketing.portlets.workflows.actionlet.FourEyeApproverActionletTest" time="4.076"/>
  <testcase name="contentApprovalWithOneApprover" classname="com.dotmarketing.portlets.workflows.actionlet.FourEyeApproverActionletTest" time="0.461"/>
  <testcase name="unauthorizedUserTriggeringWorkflowAction" classname="com.dotmarketing.portlets.workflows.actionlet.FourEyeApproverActionletTest" time="1.208"/>
  <system-out><![CDATA[]]></system-out>
  <system-err><![CDATA[]]></system-err>
</testsuite>
