<?xml version="1.0" encoding="UTF-8"?>
<testsuite name="com.dotcms.rest.TagResourceIntegrationTest" tests="4" skipped="0" failures="0" errors="0" timestamp="2023-06-21T14:08:23" hostname="fv-az189-920" time="0.284">
  <properties/>
  <testcase name="testList[0: com.dotcms.rest.TagResourceTestCase@6ae88b6d]" classname="com.dotcms.rest.TagResourceIntegrationTest" time="0.22"/>
  <testcase name="testList[1: com.dotcms.rest.TagResourceTestCase@5760c2cb]" classname="com.dotcms.rest.TagResourceIntegrationTest" time="0.02"/>
  <testcase name="testList[2: com.dotcms.rest.TagResourceTestCase@1567adf1]" classname="com.dotcms.rest.TagResourceIntegrationTest" time="0.018"/>
  <testcase name="testList[3: com.dotcms.rest.TagResourceTestCase@6bef09e3]" classname="com.dotcms.rest.TagResourceIntegrationTest" time="0.024"/>
  <system-out><![CDATA[]]></system-out>
  <system-err><![CDATA[Jun 21, 2023 2:08:23 PM com.dotcms.repackage.org.hibernate.validator.internal.util.Version <clinit>
INFO: HV000001: Hibernate Validator 4.3.2.Final
]]></system-err>
</testsuite>
