<?xml version="1.0" encoding="UTF-8"?>
<testsuite name="com.dotcms.languagevariable.business.LanguageVariableAPITest" tests="6" skipped="0" failures="0" errors="0" timestamp="2023-05-16T14:28:17" hostname="fv-az471-12" time="10.183">
  <properties/>
  <testcase name="saveLanguageVariableContent" classname="com.dotcms.languagevariable.business.LanguageVariableAPITest" time="1.787"/>
  <testcase name="getLanguageVariableUsingFallbackLanguage" classname="com.dotcms.languagevariable.business.LanguageVariableAPITest" time="1.472"/>
  <testcase name="getLanguageVariableUsingDefaultContentToDefaultLanguage" classname="com.dotcms.languagevariable.business.LanguageVariableAPITest" time="1.344"/>
  <testcase name="getLanguageVariableWorkingVersion" classname="com.dotcms.languagevariable.business.LanguageVariableAPITest" time="2.592"/>
  <testcase name="getLanguageVariableLiveVersion" classname="com.dotcms.languagevariable.business.LanguageVariableAPITest" time="1.539"/>
  <testcase name="getLanguageVariable" classname="com.dotcms.languagevariable.business.LanguageVariableAPITest" time="1.448"/>
  <system-out><![CDATA[]]></system-out>
  <system-err><![CDATA[]]></system-err>
</testsuite>
