<?xml version="1.0" encoding="UTF-8"?>
<testsuite name="com.dotcms.rest.api.v1.container.ContainerResourceIntegrationTest" tests="3" skipped="0" failures="0" errors="0" timestamp="2023-05-25T05:28:42" hostname="fv-az792-493" time="0.033">
  <properties/>
  <testcase name="test_renderFormIntoContainer_WhenContainerIDThrowDataSecurityException" classname="com.dotcms.rest.api.v1.container.ContainerResourceIntegrationTest" time="0.008"/>
  <testcase name="test_renderFormIntoContainer" classname="com.dotcms.rest.api.v1.container.ContainerResourceIntegrationTest" time="0.022"/>
  <testcase name="test_renderFormIntoContainer_WhenContentMergeThrowDotParserException" classname="com.dotcms.rest.api.v1.container.ContainerResourceIntegrationTest" time="0.002"/>
  <system-out><![CDATA[]]></system-out>
  <system-err><![CDATA[]]></system-err>
</testsuite>
