<?xml version="1.0" encoding="UTF-8"?>
<testsuite name="com.dotmarketing.portlets.fileassets.business.FileAssetAPIImplIntegrationTest" tests="2" skipped="0" failures="0" errors="0" timestamp="2023-06-08T23:10:12" hostname="fv-az442-754" time="5.879">
  <properties/>
  <testcase name="userWithoutPermission" classname="com.dotmarketing.portlets.fileassets.business.FileAssetAPIImplIntegrationTest" time="2.277"/>
  <testcase name="shouldReturnTwoFiles" classname="com.dotmarketing.portlets.fileassets.business.FileAssetAPIImplIntegrationTest" time="3.602"/>
  <system-out><![CDATA[]]></system-out>
  <system-err><![CDATA[]]></system-err>
</testsuite>
