<?xml version="1.0" encoding="UTF-8"?>
<testsuite name="com.dotcms.publisher.util.DependencyModDateUtilTest" tests="48" skipped="0" failures="0" errors="0" timestamp="2023-05-16T18:37:45" hostname="fv-az313-352" time="97.134">
  <properties/>
  <testcase name="excludeByModDateContentNotPushBefore: ForcePush: com.dotcms.publisher.util.DependencyModDateUtilTest$TestCase@23a03b6b" classname="com.dotcms.publisher.util.DependencyModDateUtilTest" time="1.811"/>
  <testcase name="excludeByModDateContentNotPushBefore: ForcePush: com.dotcms.publisher.util.DependencyModDateUtilTest$TestCase@22a10780" classname="com.dotcms.publisher.util.DependencyModDateUtilTest" time="2.02"/>
  <testcase name="excludeByModDateContentNotPushBefore: ForcePush: com.dotcms.publisher.util.DependencyModDateUtilTest$TestCase@19280445" classname="com.dotcms.publisher.util.DependencyModDateUtilTest" time="2.042"/>
  <testcase name="excludeByModDateContentNotPushBefore: ForcePush: com.dotcms.publisher.util.DependencyModDateUtilTest$TestCase@43d5410b" classname="com.dotcms.publisher.util.DependencyModDateUtilTest" time="2.021"/>
  <testcase name="excludeByModDateContentNotPushBefore: ForcePush: com.dotcms.publisher.util.DependencyModDateUtilTest$TestCase@610c4179" classname="com.dotcms.publisher.util.DependencyModDateUtilTest" time="2.038"/>
  <testcase name="excludeByModDateContentNotPushBefore: ForcePush: com.dotcms.publisher.util.DependencyModDateUtilTest$TestCase@4bbbd7df" classname="com.dotcms.publisher.util.DependencyModDateUtilTest" time="2.004"/>
  <testcase name="excludeByModDateContentNotPushBefore: ForcePush: com.dotcms.publisher.util.DependencyModDateUtilTest$TestCase@12e8f8c1" classname="com.dotcms.publisher.util.DependencyModDateUtilTest" time="2.05"/>
  <testcase name="excludeByModDateContentNotPushBefore: ForcePush: com.dotcms.publisher.util.DependencyModDateUtilTest$TestCase@7b5c3e8e" classname="com.dotcms.publisher.util.DependencyModDateUtilTest" time="2.029"/>
  <testcase name="excludeByModDateContentNotPushBefore: ForcePush: com.dotcms.publisher.util.DependencyModDateUtilTest$TestCase@7858bf15" classname="com.dotcms.publisher.util.DependencyModDateUtilTest" time="2.013"/>
  <testcase name="excludeByModDateContentNotPushBefore: ForcePush: com.dotcms.publisher.util.DependencyModDateUtilTest$TestCase@6dc89aee" classname="com.dotcms.publisher.util.DependencyModDateUtilTest" time="2.011"/>
  <testcase name="excludeByModDateContentNotPushBefore: ForcePush: com.dotcms.publisher.util.DependencyModDateUtilTest$TestCase@38b35966" classname="com.dotcms.publisher.util.DependencyModDateUtilTest" time="2.035"/>
  <testcase name="excludeByModDateContentNotPushBefore: ForcePush: com.dotcms.publisher.util.DependencyModDateUtilTest$TestCase@2281a8b0" classname="com.dotcms.publisher.util.DependencyModDateUtilTest" time="2.04"/>
  <testcase name="excludeByModDateContentWithPushAssetAfterModDate: ForcePush: com.dotcms.publisher.util.DependencyModDateUtilTest$TestCase@23a03b6b" classname="com.dotcms.publisher.util.DependencyModDateUtilTest" time="2.015"/>
  <testcase name="excludeByModDateContentWithPushAssetAfterModDate: ForcePush: com.dotcms.publisher.util.DependencyModDateUtilTest$TestCase@22a10780" classname="com.dotcms.publisher.util.DependencyModDateUtilTest" time="2.034"/>
  <testcase name="excludeByModDateContentWithPushAssetAfterModDate: ForcePush: com.dotcms.publisher.util.DependencyModDateUtilTest$TestCase@19280445" classname="com.dotcms.publisher.util.DependencyModDateUtilTest" time="2.023"/>
  <testcase name="excludeByModDateContentWithPushAssetAfterModDate: ForcePush: com.dotcms.publisher.util.DependencyModDateUtilTest$TestCase@43d5410b" classname="com.dotcms.publisher.util.DependencyModDateUtilTest" time="2.079"/>
  <testcase name="excludeByModDateContentWithPushAssetAfterModDate: ForcePush: com.dotcms.publisher.util.DependencyModDateUtilTest$TestCase@610c4179" classname="com.dotcms.publisher.util.DependencyModDateUtilTest" time="1.983"/>
  <testcase name="excludeByModDateContentWithPushAssetAfterModDate: ForcePush: com.dotcms.publisher.util.DependencyModDateUtilTest$TestCase@4bbbd7df" classname="com.dotcms.publisher.util.DependencyModDateUtilTest" time="2.019"/>
  <testcase name="excludeByModDateContentWithPushAssetAfterModDate: ForcePush: com.dotcms.publisher.util.DependencyModDateUtilTest$TestCase@12e8f8c1" classname="com.dotcms.publisher.util.DependencyModDateUtilTest" time="2.061"/>
  <testcase name="excludeByModDateContentWithPushAssetAfterModDate: ForcePush: com.dotcms.publisher.util.DependencyModDateUtilTest$TestCase@7b5c3e8e" classname="com.dotcms.publisher.util.DependencyModDateUtilTest" time="2.052"/>
  <testcase name="excludeByModDateContentWithPushAssetAfterModDate: ForcePush: com.dotcms.publisher.util.DependencyModDateUtilTest$TestCase@7858bf15" classname="com.dotcms.publisher.util.DependencyModDateUtilTest" time="1.999"/>
  <testcase name="excludeByModDateContentWithPushAssetAfterModDate: ForcePush: com.dotcms.publisher.util.DependencyModDateUtilTest$TestCase@6dc89aee" classname="com.dotcms.publisher.util.DependencyModDateUtilTest" time="1.983"/>
  <testcase name="excludeByModDateContentWithPushAssetAfterModDate: ForcePush: com.dotcms.publisher.util.DependencyModDateUtilTest$TestCase@38b35966" classname="com.dotcms.publisher.util.DependencyModDateUtilTest" time="2.06"/>
  <testcase name="excludeByModDateContentWithPushAssetAfterModDate: ForcePush: com.dotcms.publisher.util.DependencyModDateUtilTest$TestCase@2281a8b0" classname="com.dotcms.publisher.util.DependencyModDateUtilTest" time="1.997"/>
  <testcase name="excludeByModDateContentWithPushAssetBeforeModDate: ForcePush: com.dotcms.publisher.util.DependencyModDateUtilTest$TestCase@23a03b6b" classname="com.dotcms.publisher.util.DependencyModDateUtilTest" time="2.052"/>
  <testcase name="excludeByModDateContentWithPushAssetBeforeModDate: ForcePush: com.dotcms.publisher.util.DependencyModDateUtilTest$TestCase@22a10780" classname="com.dotcms.publisher.util.DependencyModDateUtilTest" time="2.061"/>
  <testcase name="excludeByModDateContentWithPushAssetBeforeModDate: ForcePush: com.dotcms.publisher.util.DependencyModDateUtilTest$TestCase@19280445" classname="com.dotcms.publisher.util.DependencyModDateUtilTest" time="2.002"/>
  <testcase name="excludeByModDateContentWithPushAssetBeforeModDate: ForcePush: com.dotcms.publisher.util.DependencyModDateUtilTest$TestCase@43d5410b" classname="com.dotcms.publisher.util.DependencyModDateUtilTest" time="2.048"/>
  <testcase name="excludeByModDateContentWithPushAssetBeforeModDate: ForcePush: com.dotcms.publisher.util.DependencyModDateUtilTest$TestCase@610c4179" classname="com.dotcms.publisher.util.DependencyModDateUtilTest" time="1.998"/>
  <testcase name="excludeByModDateContentWithPushAssetBeforeModDate: ForcePush: com.dotcms.publisher.util.DependencyModDateUtilTest$TestCase@4bbbd7df" classname="com.dotcms.publisher.util.DependencyModDateUtilTest" time="2.084"/>
  <testcase name="excludeByModDateContentWithPushAssetBeforeModDate: ForcePush: com.dotcms.publisher.util.DependencyModDateUtilTest$TestCase@12e8f8c1" classname="com.dotcms.publisher.util.DependencyModDateUtilTest" time="1.986"/>
  <testcase name="excludeByModDateContentWithPushAssetBeforeModDate: ForcePush: com.dotcms.publisher.util.DependencyModDateUtilTest$TestCase@7b5c3e8e" classname="com.dotcms.publisher.util.DependencyModDateUtilTest" time="2.033"/>
  <testcase name="excludeByModDateContentWithPushAssetBeforeModDate: ForcePush: com.dotcms.publisher.util.DependencyModDateUtilTest$TestCase@7858bf15" classname="com.dotcms.publisher.util.DependencyModDateUtilTest" time="2.004"/>
  <testcase name="excludeByModDateContentWithPushAssetBeforeModDate: ForcePush: com.dotcms.publisher.util.DependencyModDateUtilTest$TestCase@6dc89aee" classname="com.dotcms.publisher.util.DependencyModDateUtilTest" time="2.039"/>
  <testcase name="excludeByModDateContentWithPushAssetBeforeModDate: ForcePush: com.dotcms.publisher.util.DependencyModDateUtilTest$TestCase@38b35966" classname="com.dotcms.publisher.util.DependencyModDateUtilTest" time="2.015"/>
  <testcase name="excludeByModDateContentWithPushAssetBeforeModDate: ForcePush: com.dotcms.publisher.util.DependencyModDateUtilTest$TestCase@2281a8b0" classname="com.dotcms.publisher.util.DependencyModDateUtilTest" time="2.016"/>
  <testcase name="excludeByModDateContentWithTwoEnvironment: ForcePush: com.dotcms.publisher.util.DependencyModDateUtilTest$TestCase@23a03b6b" classname="com.dotcms.publisher.util.DependencyModDateUtilTest" time="2.038"/>
  <testcase name="excludeByModDateContentWithTwoEnvironment: ForcePush: com.dotcms.publisher.util.DependencyModDateUtilTest$TestCase@22a10780" classname="com.dotcms.publisher.util.DependencyModDateUtilTest" time="2.059"/>
  <testcase name="excludeByModDateContentWithTwoEnvironment: ForcePush: com.dotcms.publisher.util.DependencyModDateUtilTest$TestCase@19280445" classname="com.dotcms.publisher.util.DependencyModDateUtilTest" time="2.003"/>
  <testcase name="excludeByModDateContentWithTwoEnvironment: ForcePush: com.dotcms.publisher.util.DependencyModDateUtilTest$TestCase@43d5410b" classname="com.dotcms.publisher.util.DependencyModDateUtilTest" time="2.008"/>
  <testcase name="excludeByModDateContentWithTwoEnvironment: ForcePush: com.dotcms.publisher.util.DependencyModDateUtilTest$TestCase@610c4179" classname="com.dotcms.publisher.util.DependencyModDateUtilTest" time="2.062"/>
  <testcase name="excludeByModDateContentWithTwoEnvironment: ForcePush: com.dotcms.publisher.util.DependencyModDateUtilTest$TestCase@4bbbd7df" classname="com.dotcms.publisher.util.DependencyModDateUtilTest" time="2.0"/>
  <testcase name="excludeByModDateContentWithTwoEnvironment: ForcePush: com.dotcms.publisher.util.DependencyModDateUtilTest$TestCase@12e8f8c1" classname="com.dotcms.publisher.util.DependencyModDateUtilTest" time="2.09"/>
  <testcase name="excludeByModDateContentWithTwoEnvironment: ForcePush: com.dotcms.publisher.util.DependencyModDateUtilTest$TestCase@7b5c3e8e" classname="com.dotcms.publisher.util.DependencyModDateUtilTest" time="1.987"/>
  <testcase name="excludeByModDateContentWithTwoEnvironment: ForcePush: com.dotcms.publisher.util.DependencyModDateUtilTest$TestCase@7858bf15" classname="com.dotcms.publisher.util.DependencyModDateUtilTest" time="2.003"/>
  <testcase name="excludeByModDateContentWithTwoEnvironment: ForcePush: com.dotcms.publisher.util.DependencyModDateUtilTest$TestCase@6dc89aee" classname="com.dotcms.publisher.util.DependencyModDateUtilTest" time="2.035"/>
  <testcase name="excludeByModDateContentWithTwoEnvironment: ForcePush: com.dotcms.publisher.util.DependencyModDateUtilTest$TestCase@38b35966" classname="com.dotcms.publisher.util.DependencyModDateUtilTest" time="2.028"/>
  <testcase name="excludeByModDateContentWithTwoEnvironment: ForcePush: com.dotcms.publisher.util.DependencyModDateUtilTest$TestCase@2281a8b0" classname="com.dotcms.publisher.util.DependencyModDateUtilTest" time="2.058"/>
  <system-out><![CDATA[]]></system-out>
  <system-err><![CDATA[]]></system-err>
</testsuite>
