<?xml version="1.0" encoding="UTF-8"?>
<testsuite name="com.dotmarketing.util.contentlet.pagination.PaginatedContentletsIntegrationTest" tests="5" skipped="0" failures="0" errors="0" timestamp="2023-05-16T00:54:45" hostname="fv-az629-810" time="9.834">
  <properties/>
  <testcase name="remove" classname="com.dotmarketing.util.contentlet.pagination.PaginatedContentletsIntegrationTest" time="1.764"/>
  <testcase name="getContentletWithNone" classname="com.dotmarketing.util.contentlet.pagination.PaginatedContentletsIntegrationTest" time="1.967"/>
  <testcase name="getContentletWithoutReallyPagination" classname="com.dotmarketing.util.contentlet.pagination.PaginatedContentletsIntegrationTest" time="2.175"/>
  <testcase name="getContentletWithReallyPagination" classname="com.dotmarketing.util.contentlet.pagination.PaginatedContentletsIntegrationTest" time="1.902"/>
  <testcase name="getContentletWithReallyPaginationAndMock" classname="com.dotmarketing.util.contentlet.pagination.PaginatedContentletsIntegrationTest" time="2.026"/>
  <system-out><![CDATA[]]></system-out>
  <system-err><![CDATA[]]></system-err>
</testsuite>
