<!DOCTYPE html>
<html>
<head>
<meta http-equiv="Content-Type" content="text/html; charset=utf-8"/>
<meta http-equiv="x-ua-compatible" content="IE=edge"/>
<title>Test results - Class com.dotcms.publishing.PublisherAPIImplTest</title>
<link href="../css/base-style.css" rel="stylesheet" type="text/css"/>
<link href="../css/style.css" rel="stylesheet" type="text/css"/>
<script src="../js/report.js" type="text/javascript"></script>
</head>
<body>
<div id="content">
<h1>Class com.dotcms.publishing.PublisherAPIImplTest</h1>
<div class="breadcrumbs">
<a href="../index.html">all</a> &gt; 
<a href="../packages/com.dotcms.publishing.html">com.dotcms.publishing</a> &gt; PublisherAPIImplTest</div>
<div id="summary">
<table>
<tr>
<td>
<div class="summaryGroup">
<table>
<tr>
<td>
<div class="infoBox" id="tests">
<div class="counter">18</div>
<p>tests</p>
</div>
</td>
<td>
<div class="infoBox" id="failures">
<div class="counter">18</div>
<p>failures</p>
</div>
</td>
<td>
<div class="infoBox" id="ignored">
<div class="counter">0</div>
<p>ignored</p>
</div>
</td>
<td>
<div class="infoBox" id="duration">
<div class="counter">2.031s</div>
<p>duration</p>
</div>
</td>
</tr>
</table>
</div>
</td>
<td>
<div class="infoBox failures" id="successRate">
<div class="percent">0%</div>
<p>successful</p>
</div>
</td>
</tr>
</table>
</div>
<div id="tabs">
<ul class="tabLinks">
<li>
<a href="#tab0">Failed tests</a>
</li>
<li>
<a href="#tab1">Tests</a>
</li>
<li>
<a href="#tab2">Standard output</a>
</li>
</ul>
<div id="tab0" class="tab">
<h2>Failed tests</h2>
<div class="test">
<a name="publish[0: com.dotcms.publishing.PublisherAPIImplTest$TestCase@3d9b00ae]"></a>
<h3 class="failures">publish[0: com.dotcms.publishing.PublisherAPIImplTest$TestCase@3d9b00ae]</h3>
<span class="code">
<pre>java.lang.AssertionError: Expected 24 but get 26 in /custom/assets/bundles/01EYS26G2KSSJQQX424XVFBASW
Expected [/custom/assets/bundles/01EYS26G2KSSJQQX424XVFBASW/working/System Host/1/734e2ce1-4b95-40d9-bb74-0c0369a1de7c.contentworkflow.xml, /custom/assets/bundles/01EYS26G2KSSJQQX424XVFBASW/working/System Host/dabb3766-1d93-452e-9a42-befd2dc4b6e7.category.dpc.xml, /custom/assets/bundles/01EYS26G2KSSJQQX424XVFBASW/live/System Host/1/734e2ce1-4b95-40d9-bb74-0c0369a1de7c.contentworkflow.xml, /custom/assets/bundles/01EYS26G2KSSJQQX424XVFBASW/live/System Host/1/1-content.bab1e52c-521b-453a-aa10-b17f7ad1ec03.content.xml, /custom/assets/bundles/01EYS26G2KSSJQQX424XVFBASW/live/System Host/1/3-content.5b5e526e-cc72-430a-b096-4454af3f1494.content.xml, /custom/assets/bundles/01EYS26G2KSSJQQX424XVFBASW/d61a59e1-a49c-46f2-a929-db2b4bfa88b2.workflow.xml, /custom/assets/bundles/01EYS26G2KSSJQQX424XVFBASW/live/default/83352fbd-95fb-4211-a285-21563cb899a0.rule.xml, /custom/assets/bundles/01EYS26G2KSSJQQX424XVFBASW/live/default/1613598912236/8cb7cdb4-c30a-4b9c-a30c-2d76556ae431.contentworkflow.xml, /custom/assets/bundles/01EYS26G2KSSJQQX424XVFBASW/working/test1613596720373.dotcms.com/738f6e8d-dd37-42da-851c-fd5b80af5715.relationship.xml, /custom/assets/bundles/01EYS26G2KSSJQQX424XVFBASW/live/System Host/1properties, /custom/assets/bundles/01EYS26G2KSSJQQX424XVFBASW/working/test1613596720373.dotcms.com/2506bfc4-71b7-4c18-bbbc-5bd717f621a3.contentType.json, /custom/assets/bundles/01EYS26G2KSSJQQX424XVFBASW/live/default/1613598912236/0-content.ea889097-cb2e-4bba-89f0-383ef277fa3c.content.xml, /custom/assets/bundles/01EYS26G2KSSJQQX424XVFBASW/live/System Host/en_US.language.xml, /custom/assets/bundles/01EYS26G2KSSJQQX424XVFBASW/working/test1613596720373.dotcms.com/3fdb2bb9-20fb-4d9d-8d1a-70b566a31f4d.contentType.json, /custom/assets/bundles/01EYS26G2KSSJQQX424XVFBASW/live/System Host/1613598912236properties, /custom/assets/bundles/01EYS26G2KSSJQQX424XVFBASW/live/System Host/1/content.ff462f88-d9e1-4d31-b084-b73cb61976d3.host.xml, /custom/assets/bundles/01EYS26G2KSSJQQX424XVFBASW/working/System Host/1/content.ff462f88-d9e1-4d31-b084-b73cb61976d3.host.xml, /custom/assets/bundles/01EYS26G2KSSJQQX424XVFBASW/live/System Host/tr_CP.language.xml, /custom/assets/bundles/01EYS26G2KSSJQQX424XVFBASW/1af0f34e-9100-4cf8-9ac7-a9dab25db6c3.workflow.xml, /custom/assets/bundles/01EYS26G2KSSJQQX424XVFBASW/working/System Host/1/2-content.5b5e526e-cc72-430a-b096-4454af3f1494.content.xml, /custom/assets/bundles/01EYS26G2KSSJQQX424XVFBASW/working/System Host/f4d7c1b8-2c88-4071-abf1-a5328977b07d.contentType.json, /custom/assets/bundles/01EYS26G2KSSJQQX424XVFBASW/live/System Host/1/content.a643c31e-cb09-4177-87f7-1bce78010cca.host.xml, /custom/assets/bundles/01EYS26G2KSSJQQX424XVFBASW/live/System Host/1/7e9ff387-ea6f-4004-819c-89f2acfd1976.contentworkflow.xml]
Existing [/custom/assets/bundles/01EYS26G2KSSJQQX424XVFBASW/1af0f34e-9100-4cf8-9ac7-a9dab25db6c3.workflow.xml, /custom/assets/bundles/01EYS26G2KSSJQQX424XVFBASW/ROOT/bc9a1d37-dd2d-4d49-a29d-0c9be740bfaf.folder.xml, /custom/assets/bundles/01EYS26G2KSSJQQX424XVFBASW/bundle.xml, /custom/assets/bundles/01EYS26G2KSSJQQX424XVFBASW/d61a59e1-a49c-46f2-a929-db2b4bfa88b2.workflow.xml, /custom/assets/bundles/01EYS26G2KSSJQQX424XVFBASW/live/System Host/1/1-content.bab1e52c-521b-453a-aa10-b17f7ad1ec03.content.xml, /custom/assets/bundles/01EYS26G2KSSJQQX424XVFBASW/live/System Host/1/3-content.5b5e526e-cc72-430a-b096-4454af3f1494.content.xml, /custom/assets/bundles/01EYS26G2KSSJQQX424XVFBASW/live/System Host/1/734e2ce1-4b95-40d9-bb74-0c0369a1de7c.contentworkflow.xml, /custom/assets/bundles/01EYS26G2KSSJQQX424XVFBASW/live/System Host/1/7e9ff387-ea6f-4004-819c-89f2acfd1976.contentworkflow.xml, /custom/assets/bundles/01EYS26G2KSSJQQX424XVFBASW/live/System Host/1/content.a643c31e-cb09-4177-87f7-1bce78010cca.host.xml, /custom/assets/bundles/01EYS26G2KSSJQQX424XVFBASW/live/System Host/1/content.ff462f88-d9e1-4d31-b084-b73cb61976d3.host.xml, /custom/assets/bundles/01EYS26G2KSSJQQX424XVFBASW/live/System Host/1/system host.host.xml, /custom/assets/bundles/01EYS26G2KSSJQQX424XVFBASW/live/System Host/1613598912236properties, /custom/assets/bundles/01EYS26G2KSSJQQX424XVFBASW/live/System Host/1properties, /custom/assets/bundles/01EYS26G2KSSJQQX424XVFBASW/live/System Host/en_US.language.xml, /custom/assets/bundles/01EYS26G2KSSJQQX424XVFBASW/live/System Host/tr_CP.language.xml, /custom/assets/bundles/01EYS26G2KSSJQQX424XVFBASW/live/default/1613598912236/0-content.ea889097-cb2e-4bba-89f0-383ef277fa3c.content.xml, /custom/assets/bundles/01EYS26G2KSSJQQX424XVFBASW/live/default/1613598912236/8cb7cdb4-c30a-4b9c-a30c-2d76556ae431.contentworkflow.xml, /custom/assets/bundles/01EYS26G2KSSJQQX424XVFBASW/live/default/83352fbd-95fb-4211-a285-21563cb899a0.rule.xml, /custom/assets/bundles/01EYS26G2KSSJQQX424XVFBASW/working/System Host/1/2-content.5b5e526e-cc72-430a-b096-4454af3f1494.content.xml, /custom/assets/bundles/01EYS26G2KSSJQQX424XVFBASW/working/System Host/1/734e2ce1-4b95-40d9-bb74-0c0369a1de7c.contentworkflow.xml, /custom/assets/bundles/01EYS26G2KSSJQQX424XVFBASW/working/System Host/1/content.ff462f88-d9e1-4d31-b084-b73cb61976d3.host.xml, /custom/assets/bundles/01EYS26G2KSSJQQX424XVFBASW/working/System Host/dabb3766-1d93-452e-9a42-befd2dc4b6e7.category.dpc.xml, /custom/assets/bundles/01EYS26G2KSSJQQX424XVFBASW/working/System Host/f4d7c1b8-2c88-4071-abf1-a5328977b07d.contentType.json, /custom/assets/bundles/01EYS26G2KSSJQQX424XVFBASW/working/test1613596720373.dotcms.com/2506bfc4-71b7-4c18-bbbc-5bd717f621a3.contentType.json, /custom/assets/bundles/01EYS26G2KSSJQQX424XVFBASW/working/test1613596720373.dotcms.com/3fdb2bb9-20fb-4d9d-8d1a-70b566a31f4d.contentType.json, /custom/assets/bundles/01EYS26G2KSSJQQX424XVFBASW/working/test1613596720373.dotcms.com/738f6e8d-dd37-42da-851c-fd5b80af5715.relationship.xml]
difference [/custom/assets/bundles/01EYS26G2KSSJQQX424XVFBASW/ROOT/bc9a1d37-dd2d-4d49-a29d-0c9be740bfaf.folder.xml, /custom/assets/bundles/01EYS26G2KSSJQQX424XVFBASW/bundle.xml, /custom/assets/bundles/01EYS26G2KSSJQQX424XVFBASW/live/System Host/1/system host.host.xml]

	at org.jgroups.util.Util.assertEquals(Util.java:185)
	at com.dotcms.publishing.PublisherAPIImplTest.publish(PublisherAPIImplTest.java:407)
	at sun.reflect.NativeMethodAccessorImpl.invoke0(Native Method)
	at sun.reflect.NativeMethodAccessorImpl.invoke(NativeMethodAccessorImpl.java:62)
	at sun.reflect.DelegatingMethodAccessorImpl.invoke(DelegatingMethodAccessorImpl.java:43)
	at java.lang.reflect.Method.invoke(Method.java:498)
	at org.junit.runners.model.FrameworkMethod$1.runReflectiveCall(FrameworkMethod.java:50)
	at org.junit.internal.runners.model.ReflectiveCallable.run(ReflectiveCallable.java:12)
	at org.junit.runners.model.FrameworkMethod.invokeExplosively(FrameworkMethod.java:47)
	at com.tngtech.java.junit.dataprovider.DataProviderFrameworkMethod.invokeExplosively(DataProviderFrameworkMethod.java:119)
	at org.junit.internal.runners.statements.InvokeMethod.evaluate(InvokeMethod.java:17)
	at org.junit.rules.TestWatcher$1.evaluate(TestWatcher.java:55)
	at org.junit.rules.RunRules.evaluate(RunRules.java:20)
	at org.junit.runners.ParentRunner.runLeaf(ParentRunner.java:325)
	at com.dotcms.junit.CustomDataProviderRunner.runChild(CustomDataProviderRunner.java:28)
	at com.dotcms.junit.CustomDataProviderRunner.runChild(CustomDataProviderRunner.java:13)
	at org.junit.runners.ParentRunner$3.run(ParentRunner.java:290)
	at org.junit.runners.ParentRunner$1.schedule(ParentRunner.java:71)
	at org.junit.runners.ParentRunner.runChildren(ParentRunner.java:288)
	at org.junit.runners.ParentRunner.access$000(ParentRunner.java:58)
	at org.junit.runners.ParentRunner$2.evaluate(ParentRunner.java:268)
	at org.junit.internal.runners.statements.RunBefores.evaluate(RunBefores.java:26)
	at org.junit.internal.runners.statements.RunAfters.evaluate(RunAfters.java:27)
	at org.junit.runners.ParentRunner.run(ParentRunner.java:363)
	at org.junit.runners.Suite.runChild(Suite.java:128)
	at org.junit.runners.Suite.runChild(Suite.java:27)
	at org.junit.runners.ParentRunner$3.run(ParentRunner.java:290)
	at org.junit.runners.ParentRunner$1.schedule(ParentRunner.java:71)
	at org.junit.runners.ParentRunner.runChildren(ParentRunner.java:288)
	at org.junit.runners.ParentRunner.access$000(ParentRunner.java:58)
	at org.junit.runners.ParentRunner$2.evaluate(ParentRunner.java:268)
	at org.junit.runners.ParentRunner.run(ParentRunner.java:363)
	at org.gradle.api.internal.tasks.testing.junit.JUnitTestClassExecutor.runTestClass(JUnitTestClassExecutor.java:106)
	at org.gradle.api.internal.tasks.testing.junit.JUnitTestClassExecutor.execute(JUnitTestClassExecutor.java:58)
	at org.gradle.api.internal.tasks.testing.junit.JUnitTestClassExecutor.execute(JUnitTestClassExecutor.java:38)
	at org.gradle.api.internal.tasks.testing.junit.AbstractJUnitTestClassProcessor.processTestClass(AbstractJUnitTestClassProcessor.java:66)
	at org.gradle.api.internal.tasks.testing.SuiteTestClassProcessor.processTestClass(SuiteTestClassProcessor.java:51)
	at sun.reflect.NativeMethodAccessorImpl.invoke0(Native Method)
	at sun.reflect.NativeMethodAccessorImpl.invoke(NativeMethodAccessorImpl.java:62)
	at sun.reflect.DelegatingMethodAccessorImpl.invoke(DelegatingMethodAccessorImpl.java:43)
	at java.lang.reflect.Method.invoke(Method.java:498)
	at org.gradle.internal.dispatch.ReflectionDispatch.dispatch(ReflectionDispatch.java:35)
	at org.gradle.internal.dispatch.ReflectionDispatch.dispatch(ReflectionDispatch.java:24)
	at org.gradle.internal.dispatch.ContextClassLoaderDispatch.dispatch(ContextClassLoaderDispatch.java:32)
	at org.gradle.internal.dispatch.ProxyDispatchAdapter$DispatchingInvocationHandler.invoke(ProxyDispatchAdapter.java:93)
	at com.sun.proxy.$Proxy2.processTestClass(Unknown Source)
	at org.gradle.api.internal.tasks.testing.worker.TestWorker.processTestClass(TestWorker.java:117)
	at sun.reflect.NativeMethodAccessorImpl.invoke0(Native Method)
	at sun.reflect.NativeMethodAccessorImpl.invoke(NativeMethodAccessorImpl.java:62)
	at sun.reflect.DelegatingMethodAccessorImpl.invoke(DelegatingMethodAccessorImpl.java:43)
	at java.lang.reflect.Method.invoke(Method.java:498)
	at org.gradle.internal.dispatch.ReflectionDispatch.dispatch(ReflectionDispatch.java:35)
	at org.gradle.internal.dispatch.ReflectionDispatch.dispatch(ReflectionDispatch.java:24)
	at org.gradle.internal.remote.internal.hub.MessageHubBackedObjectConnection$DispatchWrapper.dispatch(MessageHubBackedObjectConnection.java:155)
	at org.gradle.internal.remote.internal.hub.MessageHubBackedObjectConnection$DispatchWrapper.dispatch(MessageHubBackedObjectConnection.java:137)
	at org.gradle.internal.remote.internal.hub.MessageHub$Handler.run(MessageHub.java:404)
	at org.gradle.internal.concurrent.ExecutorPolicy$CatchAndRecordFailures.onExecute(ExecutorPolicy.java:63)
	at org.gradle.internal.concurrent.ManagedExecutorImpl$1.run(ManagedExecutorImpl.java:46)
	at java.util.concurrent.ThreadPoolExecutor.runWorker(ThreadPoolExecutor.java:1149)
	at java.util.concurrent.ThreadPoolExecutor$Worker.run(ThreadPoolExecutor.java:624)
	at org.gradle.internal.concurrent.ThreadFactoryImpl$ManagedThreadRunnable.run(ThreadFactoryImpl.java:55)
	at java.lang.Thread.run(Thread.java:748)
</pre>
</span>
</div>
<div class="test">
<a name="publish[10: com.dotcms.publishing.PublisherAPIImplTest$TestCase@4c71ac77]"></a>
<h3 class="failures">publish[10: com.dotcms.publishing.PublisherAPIImplTest$TestCase@4c71ac77]</h3>
<span class="code">
<pre>java.lang.AssertionError: Expected 23 but get 25 in /custom/assets/bundles/01EYS26HB7PDCT201BAH7R72K1
Expected [/custom/assets/bundles/01EYS26HB7PDCT201BAH7R72K1/d61a59e1-a49c-46f2-a929-db2b4bfa88b2.workflow.xml, /custom/assets/bundles/01EYS26HB7PDCT201BAH7R72K1/live/test1613596721378.dotcms.com/f3e634c8-9ef6-4457-97ef-8e3e0751fe00.template.template.xml, /custom/assets/bundles/01EYS26HB7PDCT201BAH7R72K1/live/System Host/1/content.ff462f88-d9e1-4d31-b084-b73cb61976d3.host.xml, /custom/assets/bundles/01EYS26HB7PDCT201BAH7R72K1/working/test1613596721378.dotcms.com/5af295b3-8b6c-4040-9503-5995ade428c8.containers.container.xml, /custom/assets/bundles/01EYS26HB7PDCT201BAH7R72K1/working/System Host/1/734e2ce1-4b95-40d9-bb74-0c0369a1de7c.contentworkflow.xml, /custom/assets/bundles/01EYS26HB7PDCT201BAH7R72K1/live/default/1613598912236/8cb7cdb4-c30a-4b9c-a30c-2d76556ae431.contentworkflow.xml, /custom/assets/bundles/01EYS26HB7PDCT201BAH7R72K1/live/System Host/tr_CP.language.xml, /custom/assets/bundles/01EYS26HB7PDCT201BAH7R72K1/working/test1613596721378.dotcms.com/ddb350f6-060c-44e3-9c98-c7976690d726.containers.container.xml, /custom/assets/bundles/01EYS26HB7PDCT201BAH7R72K1/live/System Host/1613598912236properties, /custom/assets/bundles/01EYS26HB7PDCT201BAH7R72K1/live/System Host/1/734e2ce1-4b95-40d9-bb74-0c0369a1de7c.contentworkflow.xml, /custom/assets/bundles/01EYS26HB7PDCT201BAH7R72K1/live/System Host/1/7e9ff387-ea6f-4004-819c-89f2acfd1976.contentworkflow.xml, /custom/assets/bundles/01EYS26HB7PDCT201BAH7R72K1/live/System Host/1/3-content.5b5e526e-cc72-430a-b096-4454af3f1494.content.xml, /custom/assets/bundles/01EYS26HB7PDCT201BAH7R72K1/live/default/83352fbd-95fb-4211-a285-21563cb899a0.rule.xml, /custom/assets/bundles/01EYS26HB7PDCT201BAH7R72K1/working/test1613596721378.dotcms.com/cd167c12-0114-44ab-9bde-0bcd1af50b82.contentType.json, /custom/assets/bundles/01EYS26HB7PDCT201BAH7R72K1/live/System Host/1/1-content.bab1e52c-521b-453a-aa10-b17f7ad1ec03.content.xml, /custom/assets/bundles/01EYS26HB7PDCT201BAH7R72K1/working/System Host/f4d7c1b8-2c88-4071-abf1-a5328977b07d.contentType.json, /custom/assets/bundles/01EYS26HB7PDCT201BAH7R72K1/working/System Host/1/content.ff462f88-d9e1-4d31-b084-b73cb61976d3.host.xml, /custom/assets/bundles/01EYS26HB7PDCT201BAH7R72K1/live/System Host/1properties, /custom/assets/bundles/01EYS26HB7PDCT201BAH7R72K1/working/System Host/1/2-content.5b5e526e-cc72-430a-b096-4454af3f1494.content.xml, /custom/assets/bundles/01EYS26HB7PDCT201BAH7R72K1/live/System Host/1/content.2b31fbe6-1ab2-4427-b2f2-1e98d93d6db9.host.xml, /custom/assets/bundles/01EYS26HB7PDCT201BAH7R72K1/live/System Host/en_US.language.xml, /custom/assets/bundles/01EYS26HB7PDCT201BAH7R72K1/live/default/1613598912236/0-content.ea889097-cb2e-4bba-89f0-383ef277fa3c.content.xml]
Existing [/custom/assets/bundles/01EYS26HB7PDCT201BAH7R72K1/ROOT/bc9a1d37-dd2d-4d49-a29d-0c9be740bfaf.folder.xml, /custom/assets/bundles/01EYS26HB7PDCT201BAH7R72K1/bundle.xml, /custom/assets/bundles/01EYS26HB7PDCT201BAH7R72K1/d61a59e1-a49c-46f2-a929-db2b4bfa88b2.workflow.xml, /custom/assets/bundles/01EYS26HB7PDCT201BAH7R72K1/live/System Host/1/1-content.bab1e52c-521b-453a-aa10-b17f7ad1ec03.content.xml, /custom/assets/bundles/01EYS26HB7PDCT201BAH7R72K1/live/System Host/1/3-content.5b5e526e-cc72-430a-b096-4454af3f1494.content.xml, /custom/assets/bundles/01EYS26HB7PDCT201BAH7R72K1/live/System Host/1/734e2ce1-4b95-40d9-bb74-0c0369a1de7c.contentworkflow.xml, /custom/assets/bundles/01EYS26HB7PDCT201BAH7R72K1/live/System Host/1/7e9ff387-ea6f-4004-819c-89f2acfd1976.contentworkflow.xml, /custom/assets/bundles/01EYS26HB7PDCT201BAH7R72K1/live/System Host/1/content.2b31fbe6-1ab2-4427-b2f2-1e98d93d6db9.host.xml, /custom/assets/bundles/01EYS26HB7PDCT201BAH7R72K1/live/System Host/1/content.ff462f88-d9e1-4d31-b084-b73cb61976d3.host.xml, /custom/assets/bundles/01EYS26HB7PDCT201BAH7R72K1/live/System Host/1/system host.host.xml, /custom/assets/bundles/01EYS26HB7PDCT201BAH7R72K1/live/System Host/1613598912236properties, /custom/assets/bundles/01EYS26HB7PDCT201BAH7R72K1/live/System Host/1properties, /custom/assets/bundles/01EYS26HB7PDCT201BAH7R72K1/live/System Host/en_US.language.xml, /custom/assets/bundles/01EYS26HB7PDCT201BAH7R72K1/live/System Host/tr_CP.language.xml, /custom/assets/bundles/01EYS26HB7PDCT201BAH7R72K1/live/default/1613598912236/0-content.ea889097-cb2e-4bba-89f0-383ef277fa3c.content.xml, /custom/assets/bundles/01EYS26HB7PDCT201BAH7R72K1/live/default/1613598912236/8cb7cdb4-c30a-4b9c-a30c-2d76556ae431.contentworkflow.xml, /custom/assets/bundles/01EYS26HB7PDCT201BAH7R72K1/live/default/83352fbd-95fb-4211-a285-21563cb899a0.rule.xml, /custom/assets/bundles/01EYS26HB7PDCT201BAH7R72K1/live/test1613596721378.dotcms.com/f3e634c8-9ef6-4457-97ef-8e3e0751fe00.template.template.xml, /custom/assets/bundles/01EYS26HB7PDCT201BAH7R72K1/working/System Host/1/2-content.5b5e526e-cc72-430a-b096-4454af3f1494.content.xml, /custom/assets/bundles/01EYS26HB7PDCT201BAH7R72K1/working/System Host/1/734e2ce1-4b95-40d9-bb74-0c0369a1de7c.contentworkflow.xml, /custom/assets/bundles/01EYS26HB7PDCT201BAH7R72K1/working/System Host/1/content.ff462f88-d9e1-4d31-b084-b73cb61976d3.host.xml, /custom/assets/bundles/01EYS26HB7PDCT201BAH7R72K1/working/System Host/f4d7c1b8-2c88-4071-abf1-a5328977b07d.contentType.json, /custom/assets/bundles/01EYS26HB7PDCT201BAH7R72K1/working/test1613596721378.dotcms.com/5af295b3-8b6c-4040-9503-5995ade428c8.containers.container.xml, /custom/assets/bundles/01EYS26HB7PDCT201BAH7R72K1/working/test1613596721378.dotcms.com/cd167c12-0114-44ab-9bde-0bcd1af50b82.contentType.json, /custom/assets/bundles/01EYS26HB7PDCT201BAH7R72K1/working/test1613596721378.dotcms.com/ddb350f6-060c-44e3-9c98-c7976690d726.containers.container.xml]
difference [/custom/assets/bundles/01EYS26HB7PDCT201BAH7R72K1/ROOT/bc9a1d37-dd2d-4d49-a29d-0c9be740bfaf.folder.xml, /custom/assets/bundles/01EYS26HB7PDCT201BAH7R72K1/bundle.xml, /custom/assets/bundles/01EYS26HB7PDCT201BAH7R72K1/live/System Host/1/system host.host.xml]

	at org.jgroups.util.Util.assertEquals(Util.java:185)
	at com.dotcms.publishing.PublisherAPIImplTest.publish(PublisherAPIImplTest.java:407)
	at sun.reflect.NativeMethodAccessorImpl.invoke0(Native Method)
	at sun.reflect.NativeMethodAccessorImpl.invoke(NativeMethodAccessorImpl.java:62)
	at sun.reflect.DelegatingMethodAccessorImpl.invoke(DelegatingMethodAccessorImpl.java:43)
	at java.lang.reflect.Method.invoke(Method.java:498)
	at org.junit.runners.model.FrameworkMethod$1.runReflectiveCall(FrameworkMethod.java:50)
	at org.junit.internal.runners.model.ReflectiveCallable.run(ReflectiveCallable.java:12)
	at org.junit.runners.model.FrameworkMethod.invokeExplosively(FrameworkMethod.java:47)
	at com.tngtech.java.junit.dataprovider.DataProviderFrameworkMethod.invokeExplosively(DataProviderFrameworkMethod.java:119)
	at org.junit.internal.runners.statements.InvokeMethod.evaluate(InvokeMethod.java:17)
	at org.junit.rules.TestWatcher$1.evaluate(TestWatcher.java:55)
	at org.junit.rules.RunRules.evaluate(RunRules.java:20)
	at org.junit.runners.ParentRunner.runLeaf(ParentRunner.java:325)
	at com.dotcms.junit.CustomDataProviderRunner.runChild(CustomDataProviderRunner.java:28)
	at com.dotcms.junit.CustomDataProviderRunner.runChild(CustomDataProviderRunner.java:13)
	at org.junit.runners.ParentRunner$3.run(ParentRunner.java:290)
	at org.junit.runners.ParentRunner$1.schedule(ParentRunner.java:71)
	at org.junit.runners.ParentRunner.runChildren(ParentRunner.java:288)
	at org.junit.runners.ParentRunner.access$000(ParentRunner.java:58)
	at org.junit.runners.ParentRunner$2.evaluate(ParentRunner.java:268)
	at org.junit.internal.runners.statements.RunBefores.evaluate(RunBefores.java:26)
	at org.junit.internal.runners.statements.RunAfters.evaluate(RunAfters.java:27)
	at org.junit.runners.ParentRunner.run(ParentRunner.java:363)
	at org.junit.runners.Suite.runChild(Suite.java:128)
	at org.junit.runners.Suite.runChild(Suite.java:27)
	at org.junit.runners.ParentRunner$3.run(ParentRunner.java:290)
	at org.junit.runners.ParentRunner$1.schedule(ParentRunner.java:71)
	at org.junit.runners.ParentRunner.runChildren(ParentRunner.java:288)
	at org.junit.runners.ParentRunner.access$000(ParentRunner.java:58)
	at org.junit.runners.ParentRunner$2.evaluate(ParentRunner.java:268)
	at org.junit.runners.ParentRunner.run(ParentRunner.java:363)
	at org.gradle.api.internal.tasks.testing.junit.JUnitTestClassExecutor.runTestClass(JUnitTestClassExecutor.java:106)
	at org.gradle.api.internal.tasks.testing.junit.JUnitTestClassExecutor.execute(JUnitTestClassExecutor.java:58)
	at org.gradle.api.internal.tasks.testing.junit.JUnitTestClassExecutor.execute(JUnitTestClassExecutor.java:38)
	at org.gradle.api.internal.tasks.testing.junit.AbstractJUnitTestClassProcessor.processTestClass(AbstractJUnitTestClassProcessor.java:66)
	at org.gradle.api.internal.tasks.testing.SuiteTestClassProcessor.processTestClass(SuiteTestClassProcessor.java:51)
	at sun.reflect.NativeMethodAccessorImpl.invoke0(Native Method)
	at sun.reflect.NativeMethodAccessorImpl.invoke(NativeMethodAccessorImpl.java:62)
	at sun.reflect.DelegatingMethodAccessorImpl.invoke(DelegatingMethodAccessorImpl.java:43)
	at java.lang.reflect.Method.invoke(Method.java:498)
	at org.gradle.internal.dispatch.ReflectionDispatch.dispatch(ReflectionDispatch.java:35)
	at org.gradle.internal.dispatch.ReflectionDispatch.dispatch(ReflectionDispatch.java:24)
	at org.gradle.internal.dispatch.ContextClassLoaderDispatch.dispatch(ContextClassLoaderDispatch.java:32)
	at org.gradle.internal.dispatch.ProxyDispatchAdapter$DispatchingInvocationHandler.invoke(ProxyDispatchAdapter.java:93)
	at com.sun.proxy.$Proxy2.processTestClass(Unknown Source)
	at org.gradle.api.internal.tasks.testing.worker.TestWorker.processTestClass(TestWorker.java:117)
	at sun.reflect.NativeMethodAccessorImpl.invoke0(Native Method)
	at sun.reflect.NativeMethodAccessorImpl.invoke(NativeMethodAccessorImpl.java:62)
	at sun.reflect.DelegatingMethodAccessorImpl.invoke(DelegatingMethodAccessorImpl.java:43)
	at java.lang.reflect.Method.invoke(Method.java:498)
	at org.gradle.internal.dispatch.ReflectionDispatch.dispatch(ReflectionDispatch.java:35)
	at org.gradle.internal.dispatch.ReflectionDispatch.dispatch(ReflectionDispatch.java:24)
	at org.gradle.internal.remote.internal.hub.MessageHubBackedObjectConnection$DispatchWrapper.dispatch(MessageHubBackedObjectConnection.java:155)
	at org.gradle.internal.remote.internal.hub.MessageHubBackedObjectConnection$DispatchWrapper.dispatch(MessageHubBackedObjectConnection.java:137)
	at org.gradle.internal.remote.internal.hub.MessageHub$Handler.run(MessageHub.java:404)
	at org.gradle.internal.concurrent.ExecutorPolicy$CatchAndRecordFailures.onExecute(ExecutorPolicy.java:63)
	at org.gradle.internal.concurrent.ManagedExecutorImpl$1.run(ManagedExecutorImpl.java:46)
	at java.util.concurrent.ThreadPoolExecutor.runWorker(ThreadPoolExecutor.java:1149)
	at java.util.concurrent.ThreadPoolExecutor$Worker.run(ThreadPoolExecutor.java:624)
	at org.gradle.internal.concurrent.ThreadFactoryImpl$ManagedThreadRunnable.run(ThreadFactoryImpl.java:55)
	at java.lang.Thread.run(Thread.java:748)
</pre>
</span>
</div>
<div class="test">
<a name="publish[11: com.dotcms.publishing.PublisherAPIImplTest$TestCase@5b838bcc]"></a>
<h3 class="failures">publish[11: com.dotcms.publishing.PublisherAPIImplTest$TestCase@5b838bcc]</h3>
<span class="code">
<pre>java.lang.AssertionError: Expected 21 but get 23 in /custom/assets/bundles/01EYS26HE8SQAVM9M24XR1YX54
Expected [/custom/assets/bundles/01EYS26HE8SQAVM9M24XR1YX54/live/System Host/en_US.language.xml, /custom/assets/bundles/01EYS26HE8SQAVM9M24XR1YX54/d61a59e1-a49c-46f2-a929-db2b4bfa88b2.workflow.xml, /custom/assets/bundles/01EYS26HE8SQAVM9M24XR1YX54/working/System Host/1/content.ff462f88-d9e1-4d31-b084-b73cb61976d3.host.xml, /custom/assets/bundles/01EYS26HE8SQAVM9M24XR1YX54/live/System Host/1613598912236properties, /custom/assets/bundles/01EYS26HE8SQAVM9M24XR1YX54/live/System Host/1/content.820d037a-c4d9-47d2-89cc-3e1fa3d515e1.host.xml, /custom/assets/bundles/01EYS26HE8SQAVM9M24XR1YX54/live/default/83352fbd-95fb-4211-a285-21563cb899a0.rule.xml, /custom/assets/bundles/01EYS26HE8SQAVM9M24XR1YX54/working/test1613596722361.dotcms.com/be7d2372-a2f7-4d61-902a-ffb69103e2f0.containers.container.xml, /custom/assets/bundles/01EYS26HE8SQAVM9M24XR1YX54/live/System Host/1/734e2ce1-4b95-40d9-bb74-0c0369a1de7c.contentworkflow.xml, /custom/assets/bundles/01EYS26HE8SQAVM9M24XR1YX54/live/System Host/1/content.ff462f88-d9e1-4d31-b084-b73cb61976d3.host.xml, /custom/assets/bundles/01EYS26HE8SQAVM9M24XR1YX54/live/System Host/tr_CP.language.xml, /custom/assets/bundles/01EYS26HE8SQAVM9M24XR1YX54/working/test1613596722361.dotcms.com/9b1ef753-5c4b-4dec-ba34-43c0147ed4b4.contentType.json, /custom/assets/bundles/01EYS26HE8SQAVM9M24XR1YX54/working/System Host/f4d7c1b8-2c88-4071-abf1-a5328977b07d.contentType.json, /custom/assets/bundles/01EYS26HE8SQAVM9M24XR1YX54/live/default/1613598912236/8cb7cdb4-c30a-4b9c-a30c-2d76556ae431.contentworkflow.xml, /custom/assets/bundles/01EYS26HE8SQAVM9M24XR1YX54/live/System Host/1/1-content.bab1e52c-521b-453a-aa10-b17f7ad1ec03.content.xml, /custom/assets/bundles/01EYS26HE8SQAVM9M24XR1YX54/live/System Host/1/7e9ff387-ea6f-4004-819c-89f2acfd1976.contentworkflow.xml, /custom/assets/bundles/01EYS26HE8SQAVM9M24XR1YX54/live/default/1613598912236/0-content.ea889097-cb2e-4bba-89f0-383ef277fa3c.content.xml, /custom/assets/bundles/01EYS26HE8SQAVM9M24XR1YX54/live/System Host/1/3-content.5b5e526e-cc72-430a-b096-4454af3f1494.content.xml, /custom/assets/bundles/01EYS26HE8SQAVM9M24XR1YX54/working/System Host/1/734e2ce1-4b95-40d9-bb74-0c0369a1de7c.contentworkflow.xml, /custom/assets/bundles/01EYS26HE8SQAVM9M24XR1YX54/live/System Host/1properties, /custom/assets/bundles/01EYS26HE8SQAVM9M24XR1YX54/working/System Host/1/2-content.5b5e526e-cc72-430a-b096-4454af3f1494.content.xml]
Existing [/custom/assets/bundles/01EYS26HE8SQAVM9M24XR1YX54/ROOT/bc9a1d37-dd2d-4d49-a29d-0c9be740bfaf.folder.xml, /custom/assets/bundles/01EYS26HE8SQAVM9M24XR1YX54/bundle.xml, /custom/assets/bundles/01EYS26HE8SQAVM9M24XR1YX54/d61a59e1-a49c-46f2-a929-db2b4bfa88b2.workflow.xml, /custom/assets/bundles/01EYS26HE8SQAVM9M24XR1YX54/live/System Host/1/1-content.bab1e52c-521b-453a-aa10-b17f7ad1ec03.content.xml, /custom/assets/bundles/01EYS26HE8SQAVM9M24XR1YX54/live/System Host/1/3-content.5b5e526e-cc72-430a-b096-4454af3f1494.content.xml, /custom/assets/bundles/01EYS26HE8SQAVM9M24XR1YX54/live/System Host/1/734e2ce1-4b95-40d9-bb74-0c0369a1de7c.contentworkflow.xml, /custom/assets/bundles/01EYS26HE8SQAVM9M24XR1YX54/live/System Host/1/7e9ff387-ea6f-4004-819c-89f2acfd1976.contentworkflow.xml, /custom/assets/bundles/01EYS26HE8SQAVM9M24XR1YX54/live/System Host/1/content.820d037a-c4d9-47d2-89cc-3e1fa3d515e1.host.xml, /custom/assets/bundles/01EYS26HE8SQAVM9M24XR1YX54/live/System Host/1/content.ff462f88-d9e1-4d31-b084-b73cb61976d3.host.xml, /custom/assets/bundles/01EYS26HE8SQAVM9M24XR1YX54/live/System Host/1/system host.host.xml, /custom/assets/bundles/01EYS26HE8SQAVM9M24XR1YX54/live/System Host/1613598912236properties, /custom/assets/bundles/01EYS26HE8SQAVM9M24XR1YX54/live/System Host/1properties, /custom/assets/bundles/01EYS26HE8SQAVM9M24XR1YX54/live/System Host/en_US.language.xml, /custom/assets/bundles/01EYS26HE8SQAVM9M24XR1YX54/live/System Host/tr_CP.language.xml, /custom/assets/bundles/01EYS26HE8SQAVM9M24XR1YX54/live/default/1613598912236/0-content.ea889097-cb2e-4bba-89f0-383ef277fa3c.content.xml, /custom/assets/bundles/01EYS26HE8SQAVM9M24XR1YX54/live/default/1613598912236/8cb7cdb4-c30a-4b9c-a30c-2d76556ae431.contentworkflow.xml, /custom/assets/bundles/01EYS26HE8SQAVM9M24XR1YX54/live/default/83352fbd-95fb-4211-a285-21563cb899a0.rule.xml, /custom/assets/bundles/01EYS26HE8SQAVM9M24XR1YX54/working/System Host/1/2-content.5b5e526e-cc72-430a-b096-4454af3f1494.content.xml, /custom/assets/bundles/01EYS26HE8SQAVM9M24XR1YX54/working/System Host/1/734e2ce1-4b95-40d9-bb74-0c0369a1de7c.contentworkflow.xml, /custom/assets/bundles/01EYS26HE8SQAVM9M24XR1YX54/working/System Host/1/content.ff462f88-d9e1-4d31-b084-b73cb61976d3.host.xml, /custom/assets/bundles/01EYS26HE8SQAVM9M24XR1YX54/working/System Host/f4d7c1b8-2c88-4071-abf1-a5328977b07d.contentType.json, /custom/assets/bundles/01EYS26HE8SQAVM9M24XR1YX54/working/test1613596722361.dotcms.com/9b1ef753-5c4b-4dec-ba34-43c0147ed4b4.contentType.json, /custom/assets/bundles/01EYS26HE8SQAVM9M24XR1YX54/working/test1613596722361.dotcms.com/be7d2372-a2f7-4d61-902a-ffb69103e2f0.containers.container.xml]
difference [/custom/assets/bundles/01EYS26HE8SQAVM9M24XR1YX54/ROOT/bc9a1d37-dd2d-4d49-a29d-0c9be740bfaf.folder.xml, /custom/assets/bundles/01EYS26HE8SQAVM9M24XR1YX54/bundle.xml, /custom/assets/bundles/01EYS26HE8SQAVM9M24XR1YX54/live/System Host/1/system host.host.xml]

	at org.jgroups.util.Util.assertEquals(Util.java:185)
	at com.dotcms.publishing.PublisherAPIImplTest.publish(PublisherAPIImplTest.java:407)
	at sun.reflect.NativeMethodAccessorImpl.invoke0(Native Method)
	at sun.reflect.NativeMethodAccessorImpl.invoke(NativeMethodAccessorImpl.java:62)
	at sun.reflect.DelegatingMethodAccessorImpl.invoke(DelegatingMethodAccessorImpl.java:43)
	at java.lang.reflect.Method.invoke(Method.java:498)
	at org.junit.runners.model.FrameworkMethod$1.runReflectiveCall(FrameworkMethod.java:50)
	at org.junit.internal.runners.model.ReflectiveCallable.run(ReflectiveCallable.java:12)
	at org.junit.runners.model.FrameworkMethod.invokeExplosively(FrameworkMethod.java:47)
	at com.tngtech.java.junit.dataprovider.DataProviderFrameworkMethod.invokeExplosively(DataProviderFrameworkMethod.java:119)
	at org.junit.internal.runners.statements.InvokeMethod.evaluate(InvokeMethod.java:17)
	at org.junit.rules.TestWatcher$1.evaluate(TestWatcher.java:55)
	at org.junit.rules.RunRules.evaluate(RunRules.java:20)
	at org.junit.runners.ParentRunner.runLeaf(ParentRunner.java:325)
	at com.dotcms.junit.CustomDataProviderRunner.runChild(CustomDataProviderRunner.java:28)
	at com.dotcms.junit.CustomDataProviderRunner.runChild(CustomDataProviderRunner.java:13)
	at org.junit.runners.ParentRunner$3.run(ParentRunner.java:290)
	at org.junit.runners.ParentRunner$1.schedule(ParentRunner.java:71)
	at org.junit.runners.ParentRunner.runChildren(ParentRunner.java:288)
	at org.junit.runners.ParentRunner.access$000(ParentRunner.java:58)
	at org.junit.runners.ParentRunner$2.evaluate(ParentRunner.java:268)
	at org.junit.internal.runners.statements.RunBefores.evaluate(RunBefores.java:26)
	at org.junit.internal.runners.statements.RunAfters.evaluate(RunAfters.java:27)
	at org.junit.runners.ParentRunner.run(ParentRunner.java:363)
	at org.junit.runners.Suite.runChild(Suite.java:128)
	at org.junit.runners.Suite.runChild(Suite.java:27)
	at org.junit.runners.ParentRunner$3.run(ParentRunner.java:290)
	at org.junit.runners.ParentRunner$1.schedule(ParentRunner.java:71)
	at org.junit.runners.ParentRunner.runChildren(ParentRunner.java:288)
	at org.junit.runners.ParentRunner.access$000(ParentRunner.java:58)
	at org.junit.runners.ParentRunner$2.evaluate(ParentRunner.java:268)
	at org.junit.runners.ParentRunner.run(ParentRunner.java:363)
	at org.gradle.api.internal.tasks.testing.junit.JUnitTestClassExecutor.runTestClass(JUnitTestClassExecutor.java:106)
	at org.gradle.api.internal.tasks.testing.junit.JUnitTestClassExecutor.execute(JUnitTestClassExecutor.java:58)
	at org.gradle.api.internal.tasks.testing.junit.JUnitTestClassExecutor.execute(JUnitTestClassExecutor.java:38)
	at org.gradle.api.internal.tasks.testing.junit.AbstractJUnitTestClassProcessor.processTestClass(AbstractJUnitTestClassProcessor.java:66)
	at org.gradle.api.internal.tasks.testing.SuiteTestClassProcessor.processTestClass(SuiteTestClassProcessor.java:51)
	at sun.reflect.NativeMethodAccessorImpl.invoke0(Native Method)
	at sun.reflect.NativeMethodAccessorImpl.invoke(NativeMethodAccessorImpl.java:62)
	at sun.reflect.DelegatingMethodAccessorImpl.invoke(DelegatingMethodAccessorImpl.java:43)
	at java.lang.reflect.Method.invoke(Method.java:498)
	at org.gradle.internal.dispatch.ReflectionDispatch.dispatch(ReflectionDispatch.java:35)
	at org.gradle.internal.dispatch.ReflectionDispatch.dispatch(ReflectionDispatch.java:24)
	at org.gradle.internal.dispatch.ContextClassLoaderDispatch.dispatch(ContextClassLoaderDispatch.java:32)
	at org.gradle.internal.dispatch.ProxyDispatchAdapter$DispatchingInvocationHandler.invoke(ProxyDispatchAdapter.java:93)
	at com.sun.proxy.$Proxy2.processTestClass(Unknown Source)
	at org.gradle.api.internal.tasks.testing.worker.TestWorker.processTestClass(TestWorker.java:117)
	at sun.reflect.NativeMethodAccessorImpl.invoke0(Native Method)
	at sun.reflect.NativeMethodAccessorImpl.invoke(NativeMethodAccessorImpl.java:62)
	at sun.reflect.DelegatingMethodAccessorImpl.invoke(DelegatingMethodAccessorImpl.java:43)
	at java.lang.reflect.Method.invoke(Method.java:498)
	at org.gradle.internal.dispatch.ReflectionDispatch.dispatch(ReflectionDispatch.java:35)
	at org.gradle.internal.dispatch.ReflectionDispatch.dispatch(ReflectionDispatch.java:24)
	at org.gradle.internal.remote.internal.hub.MessageHubBackedObjectConnection$DispatchWrapper.dispatch(MessageHubBackedObjectConnection.java:155)
	at org.gradle.internal.remote.internal.hub.MessageHubBackedObjectConnection$DispatchWrapper.dispatch(MessageHubBackedObjectConnection.java:137)
	at org.gradle.internal.remote.internal.hub.MessageHub$Handler.run(MessageHub.java:404)
	at org.gradle.internal.concurrent.ExecutorPolicy$CatchAndRecordFailures.onExecute(ExecutorPolicy.java:63)
	at org.gradle.internal.concurrent.ManagedExecutorImpl$1.run(ManagedExecutorImpl.java:46)
	at java.util.concurrent.ThreadPoolExecutor.runWorker(ThreadPoolExecutor.java:1149)
	at java.util.concurrent.ThreadPoolExecutor$Worker.run(ThreadPoolExecutor.java:624)
	at org.gradle.internal.concurrent.ThreadFactoryImpl$ManagedThreadRunnable.run(ThreadFactoryImpl.java:55)
	at java.lang.Thread.run(Thread.java:748)
</pre>
</span>
</div>
<div class="test">
<a name="publish[12: com.dotcms.publishing.PublisherAPIImplTest$TestCase@65034945]"></a>
<h3 class="failures">publish[12: com.dotcms.publishing.PublisherAPIImplTest$TestCase@65034945]</h3>
<span class="code">
<pre>java.lang.AssertionError: Expected 31 but get 33 in /custom/assets/bundles/01EYS26HGWQ5WWF9KBPTDPS60D
Expected [/custom/assets/bundles/01EYS26HGWQ5WWF9KBPTDPS60D/working/test1613596723315.dotcms.com/1/2-95b648ad-4551-447f-b8a5-c6969425f2bf.content.xml, /custom/assets/bundles/01EYS26HGWQ5WWF9KBPTDPS60D/working/test1613596723315.dotcms.com/0e08da6d-d1d0-4e68-b4da-ba29e98ca90e.contentType.json, /custom/assets/bundles/01EYS26HGWQ5WWF9KBPTDPS60D/working/System Host/1/content.ff462f88-d9e1-4d31-b084-b73cb61976d3.host.xml, /custom/assets/bundles/01EYS26HGWQ5WWF9KBPTDPS60D/working/System Host/1/4-content.5b5e526e-cc72-430a-b096-4454af3f1494.content.xml, /custom/assets/bundles/01EYS26HGWQ5WWF9KBPTDPS60D/assets/a/9/a95dc60c-34a6-4135-9ec4-a3eb5ab066d9/fileAsset/test.jpg, /custom/assets/bundles/01EYS26HGWQ5WWF9KBPTDPS60D/working/test1613596723315.dotcms.com/1/00fa50be-3558-47a0-91a3-0bae557f3098.contentworkflow.xml, /custom/assets/bundles/01EYS26HGWQ5WWF9KBPTDPS60D/live/System Host/1/734e2ce1-4b95-40d9-bb74-0c0369a1de7c.contentworkflow.xml, /custom/assets/bundles/01EYS26HGWQ5WWF9KBPTDPS60D/working/System Host/f4d7c1b8-2c88-4071-abf1-a5328977b07d.contentType.json, /custom/assets/bundles/01EYS26HGWQ5WWF9KBPTDPS60D/d61a59e1-a49c-46f2-a929-db2b4bfa88b2.workflow.xml, /custom/assets/bundles/01EYS26HGWQ5WWF9KBPTDPS60D/live/System Host/1/content.ff462f88-d9e1-4d31-b084-b73cb61976d3.host.xml, /custom/assets/bundles/01EYS26HGWQ5WWF9KBPTDPS60D/live/System Host/1613598912236properties, /custom/assets/bundles/01EYS26HGWQ5WWF9KBPTDPS60D/working/test1613596723315.dotcms.com/1/95230d2c-6956-4292-908f-1e13f3cbc25e.contentworkflow.xml, /custom/assets/bundles/01EYS26HGWQ5WWF9KBPTDPS60D/live/System Host/en_US.language.xml, /custom/assets/bundles/01EYS26HGWQ5WWF9KBPTDPS60D/working/test1613596723315.dotcms.com/testName1613596724322/testName1613596724328/06357cb0-3f5d-41dc-9ff1-5e28d23d80bd.link.xml, /custom/assets/bundles/01EYS26HGWQ5WWF9KBPTDPS60D/assets/9/5/95b648ad-4551-447f-b8a5-c6969425f2bf/fileAsset/test.jpg, /custom/assets/bundles/01EYS26HGWQ5WWF9KBPTDPS60D/ROOT/testName1613596724322/78a82f22-a4a4-466b-8e67-2084b93c87ce.folder.xml, /custom/assets/bundles/01EYS26HGWQ5WWF9KBPTDPS60D/ROOT/testName1613596724322/testName1613596724328/cb1791cf-9624-4439-b69a-9338325335de.folder.xml, /custom/assets/bundles/01EYS26HGWQ5WWF9KBPTDPS60D/live/default/1613598912236/0-content.ea889097-cb2e-4bba-89f0-383ef277fa3c.content.xml, /custom/assets/bundles/01EYS26HGWQ5WWF9KBPTDPS60D/live/System Host/1properties, /custom/assets/bundles/01EYS26HGWQ5WWF9KBPTDPS60D/live/System Host/1/5-content.5b5e526e-cc72-430a-b096-4454af3f1494.content.xml, /custom/assets/bundles/01EYS26HGWQ5WWF9KBPTDPS60D/ROOT/4c0f1395-b335-4518-b8c7-3633c291fbbc.folder.xml, /custom/assets/bundles/01EYS26HGWQ5WWF9KBPTDPS60D/live/System Host/tr_CP.language.xml, /custom/assets/bundles/01EYS26HGWQ5WWF9KBPTDPS60D/working/System Host/33888b6f-7a8e-4069-b1b6-5c1aa9d0a48d.contentType.json, /custom/assets/bundles/01EYS26HGWQ5WWF9KBPTDPS60D/working/System Host/1/734e2ce1-4b95-40d9-bb74-0c0369a1de7c.contentworkflow.xml, /custom/assets/bundles/01EYS26HGWQ5WWF9KBPTDPS60D/live/System Host/1/7e9ff387-ea6f-4004-819c-89f2acfd1976.contentworkflow.xml, /custom/assets/bundles/01EYS26HGWQ5WWF9KBPTDPS60D/live/default/83352fbd-95fb-4211-a285-21563cb899a0.rule.xml, /custom/assets/bundles/01EYS26HGWQ5WWF9KBPTDPS60D/live/default/1613598912236/8cb7cdb4-c30a-4b9c-a30c-2d76556ae431.contentworkflow.xml, /custom/assets/bundles/01EYS26HGWQ5WWF9KBPTDPS60D/live/System Host/1/content.7bf0ac5c-9b3e-460f-94a6-99e872333942.host.xml, /custom/assets/bundles/01EYS26HGWQ5WWF9KBPTDPS60D/working/test1613596723315.dotcms.com/1/3-a95dc60c-34a6-4135-9ec4-a3eb5ab066d9.content.xml, /custom/assets/bundles/01EYS26HGWQ5WWF9KBPTDPS60D/live/System Host/1/1-content.bab1e52c-521b-453a-aa10-b17f7ad1ec03.content.xml]
Existing [/custom/assets/bundles/01EYS26HGWQ5WWF9KBPTDPS60D/ROOT/4c0f1395-b335-4518-b8c7-3633c291fbbc.folder.xml, /custom/assets/bundles/01EYS26HGWQ5WWF9KBPTDPS60D/ROOT/bc9a1d37-dd2d-4d49-a29d-0c9be740bfaf.folder.xml, /custom/assets/bundles/01EYS26HGWQ5WWF9KBPTDPS60D/ROOT/testName1613596724322/78a82f22-a4a4-466b-8e67-2084b93c87ce.folder.xml, /custom/assets/bundles/01EYS26HGWQ5WWF9KBPTDPS60D/ROOT/testName1613596724322/testName1613596724328/cb1791cf-9624-4439-b69a-9338325335de.folder.xml, /custom/assets/bundles/01EYS26HGWQ5WWF9KBPTDPS60D/assets/9/5/95b648ad-4551-447f-b8a5-c6969425f2bf/fileAsset/test.jpg, /custom/assets/bundles/01EYS26HGWQ5WWF9KBPTDPS60D/assets/a/9/a95dc60c-34a6-4135-9ec4-a3eb5ab066d9/fileAsset/test.jpg, /custom/assets/bundles/01EYS26HGWQ5WWF9KBPTDPS60D/bundle.xml, /custom/assets/bundles/01EYS26HGWQ5WWF9KBPTDPS60D/d61a59e1-a49c-46f2-a929-db2b4bfa88b2.workflow.xml, /custom/assets/bundles/01EYS26HGWQ5WWF9KBPTDPS60D/live/System Host/1/1-content.bab1e52c-521b-453a-aa10-b17f7ad1ec03.content.xml, /custom/assets/bundles/01EYS26HGWQ5WWF9KBPTDPS60D/live/System Host/1/5-content.5b5e526e-cc72-430a-b096-4454af3f1494.content.xml, /custom/assets/bundles/01EYS26HGWQ5WWF9KBPTDPS60D/live/System Host/1/734e2ce1-4b95-40d9-bb74-0c0369a1de7c.contentworkflow.xml, /custom/assets/bundles/01EYS26HGWQ5WWF9KBPTDPS60D/live/System Host/1/7e9ff387-ea6f-4004-819c-89f2acfd1976.contentworkflow.xml, /custom/assets/bundles/01EYS26HGWQ5WWF9KBPTDPS60D/live/System Host/1/content.7bf0ac5c-9b3e-460f-94a6-99e872333942.host.xml, /custom/assets/bundles/01EYS26HGWQ5WWF9KBPTDPS60D/live/System Host/1/content.ff462f88-d9e1-4d31-b084-b73cb61976d3.host.xml, /custom/assets/bundles/01EYS26HGWQ5WWF9KBPTDPS60D/live/System Host/1/system host.host.xml, /custom/assets/bundles/01EYS26HGWQ5WWF9KBPTDPS60D/live/System Host/1613598912236properties, /custom/assets/bundles/01EYS26HGWQ5WWF9KBPTDPS60D/live/System Host/1properties, /custom/assets/bundles/01EYS26HGWQ5WWF9KBPTDPS60D/live/System Host/en_US.language.xml, /custom/assets/bundles/01EYS26HGWQ5WWF9KBPTDPS60D/live/System Host/tr_CP.language.xml, /custom/assets/bundles/01EYS26HGWQ5WWF9KBPTDPS60D/live/default/1613598912236/0-content.ea889097-cb2e-4bba-89f0-383ef277fa3c.content.xml, /custom/assets/bundles/01EYS26HGWQ5WWF9KBPTDPS60D/live/default/1613598912236/8cb7cdb4-c30a-4b9c-a30c-2d76556ae431.contentworkflow.xml, /custom/assets/bundles/01EYS26HGWQ5WWF9KBPTDPS60D/live/default/83352fbd-95fb-4211-a285-21563cb899a0.rule.xml, /custom/assets/bundles/01EYS26HGWQ5WWF9KBPTDPS60D/working/System Host/1/4-content.5b5e526e-cc72-430a-b096-4454af3f1494.content.xml, /custom/assets/bundles/01EYS26HGWQ5WWF9KBPTDPS60D/working/System Host/1/734e2ce1-4b95-40d9-bb74-0c0369a1de7c.contentworkflow.xml, /custom/assets/bundles/01EYS26HGWQ5WWF9KBPTDPS60D/working/System Host/1/content.ff462f88-d9e1-4d31-b084-b73cb61976d3.host.xml, /custom/assets/bundles/01EYS26HGWQ5WWF9KBPTDPS60D/working/System Host/33888b6f-7a8e-4069-b1b6-5c1aa9d0a48d.contentType.json, /custom/assets/bundles/01EYS26HGWQ5WWF9KBPTDPS60D/working/System Host/f4d7c1b8-2c88-4071-abf1-a5328977b07d.contentType.json, /custom/assets/bundles/01EYS26HGWQ5WWF9KBPTDPS60D/working/test1613596723315.dotcms.com/0e08da6d-d1d0-4e68-b4da-ba29e98ca90e.contentType.json, /custom/assets/bundles/01EYS26HGWQ5WWF9KBPTDPS60D/working/test1613596723315.dotcms.com/1/00fa50be-3558-47a0-91a3-0bae557f3098.contentworkflow.xml, /custom/assets/bundles/01EYS26HGWQ5WWF9KBPTDPS60D/working/test1613596723315.dotcms.com/1/2-95b648ad-4551-447f-b8a5-c6969425f2bf.content.xml, /custom/assets/bundles/01EYS26HGWQ5WWF9KBPTDPS60D/working/test1613596723315.dotcms.com/1/3-a95dc60c-34a6-4135-9ec4-a3eb5ab066d9.content.xml, /custom/assets/bundles/01EYS26HGWQ5WWF9KBPTDPS60D/working/test1613596723315.dotcms.com/1/95230d2c-6956-4292-908f-1e13f3cbc25e.contentworkflow.xml, /custom/assets/bundles/01EYS26HGWQ5WWF9KBPTDPS60D/working/test1613596723315.dotcms.com/testName1613596724322/testName1613596724328/06357cb0-3f5d-41dc-9ff1-5e28d23d80bd.link.xml]
difference [/custom/assets/bundles/01EYS26HGWQ5WWF9KBPTDPS60D/ROOT/bc9a1d37-dd2d-4d49-a29d-0c9be740bfaf.folder.xml, /custom/assets/bundles/01EYS26HGWQ5WWF9KBPTDPS60D/bundle.xml, /custom/assets/bundles/01EYS26HGWQ5WWF9KBPTDPS60D/live/System Host/1/system host.host.xml]

	at org.jgroups.util.Util.assertEquals(Util.java:185)
	at com.dotcms.publishing.PublisherAPIImplTest.publish(PublisherAPIImplTest.java:407)
	at sun.reflect.NativeMethodAccessorImpl.invoke0(Native Method)
	at sun.reflect.NativeMethodAccessorImpl.invoke(NativeMethodAccessorImpl.java:62)
	at sun.reflect.DelegatingMethodAccessorImpl.invoke(DelegatingMethodAccessorImpl.java:43)
	at java.lang.reflect.Method.invoke(Method.java:498)
	at org.junit.runners.model.FrameworkMethod$1.runReflectiveCall(FrameworkMethod.java:50)
	at org.junit.internal.runners.model.ReflectiveCallable.run(ReflectiveCallable.java:12)
	at org.junit.runners.model.FrameworkMethod.invokeExplosively(FrameworkMethod.java:47)
	at com.tngtech.java.junit.dataprovider.DataProviderFrameworkMethod.invokeExplosively(DataProviderFrameworkMethod.java:119)
	at org.junit.internal.runners.statements.InvokeMethod.evaluate(InvokeMethod.java:17)
	at org.junit.rules.TestWatcher$1.evaluate(TestWatcher.java:55)
	at org.junit.rules.RunRules.evaluate(RunRules.java:20)
	at org.junit.runners.ParentRunner.runLeaf(ParentRunner.java:325)
	at com.dotcms.junit.CustomDataProviderRunner.runChild(CustomDataProviderRunner.java:28)
	at com.dotcms.junit.CustomDataProviderRunner.runChild(CustomDataProviderRunner.java:13)
	at org.junit.runners.ParentRunner$3.run(ParentRunner.java:290)
	at org.junit.runners.ParentRunner$1.schedule(ParentRunner.java:71)
	at org.junit.runners.ParentRunner.runChildren(ParentRunner.java:288)
	at org.junit.runners.ParentRunner.access$000(ParentRunner.java:58)
	at org.junit.runners.ParentRunner$2.evaluate(ParentRunner.java:268)
	at org.junit.internal.runners.statements.RunBefores.evaluate(RunBefores.java:26)
	at org.junit.internal.runners.statements.RunAfters.evaluate(RunAfters.java:27)
	at org.junit.runners.ParentRunner.run(ParentRunner.java:363)
	at org.junit.runners.Suite.runChild(Suite.java:128)
	at org.junit.runners.Suite.runChild(Suite.java:27)
	at org.junit.runners.ParentRunner$3.run(ParentRunner.java:290)
	at org.junit.runners.ParentRunner$1.schedule(ParentRunner.java:71)
	at org.junit.runners.ParentRunner.runChildren(ParentRunner.java:288)
	at org.junit.runners.ParentRunner.access$000(ParentRunner.java:58)
	at org.junit.runners.ParentRunner$2.evaluate(ParentRunner.java:268)
	at org.junit.runners.ParentRunner.run(ParentRunner.java:363)
	at org.gradle.api.internal.tasks.testing.junit.JUnitTestClassExecutor.runTestClass(JUnitTestClassExecutor.java:106)
	at org.gradle.api.internal.tasks.testing.junit.JUnitTestClassExecutor.execute(JUnitTestClassExecutor.java:58)
	at org.gradle.api.internal.tasks.testing.junit.JUnitTestClassExecutor.execute(JUnitTestClassExecutor.java:38)
	at org.gradle.api.internal.tasks.testing.junit.AbstractJUnitTestClassProcessor.processTestClass(AbstractJUnitTestClassProcessor.java:66)
	at org.gradle.api.internal.tasks.testing.SuiteTestClassProcessor.processTestClass(SuiteTestClassProcessor.java:51)
	at sun.reflect.NativeMethodAccessorImpl.invoke0(Native Method)
	at sun.reflect.NativeMethodAccessorImpl.invoke(NativeMethodAccessorImpl.java:62)
	at sun.reflect.DelegatingMethodAccessorImpl.invoke(DelegatingMethodAccessorImpl.java:43)
	at java.lang.reflect.Method.invoke(Method.java:498)
	at org.gradle.internal.dispatch.ReflectionDispatch.dispatch(ReflectionDispatch.java:35)
	at org.gradle.internal.dispatch.ReflectionDispatch.dispatch(ReflectionDispatch.java:24)
	at org.gradle.internal.dispatch.ContextClassLoaderDispatch.dispatch(ContextClassLoaderDispatch.java:32)
	at org.gradle.internal.dispatch.ProxyDispatchAdapter$DispatchingInvocationHandler.invoke(ProxyDispatchAdapter.java:93)
	at com.sun.proxy.$Proxy2.processTestClass(Unknown Source)
	at org.gradle.api.internal.tasks.testing.worker.TestWorker.processTestClass(TestWorker.java:117)
	at sun.reflect.NativeMethodAccessorImpl.invoke0(Native Method)
	at sun.reflect.NativeMethodAccessorImpl.invoke(NativeMethodAccessorImpl.java:62)
	at sun.reflect.DelegatingMethodAccessorImpl.invoke(DelegatingMethodAccessorImpl.java:43)
	at java.lang.reflect.Method.invoke(Method.java:498)
	at org.gradle.internal.dispatch.ReflectionDispatch.dispatch(ReflectionDispatch.java:35)
	at org.gradle.internal.dispatch.ReflectionDispatch.dispatch(ReflectionDispatch.java:24)
	at org.gradle.internal.remote.internal.hub.MessageHubBackedObjectConnection$DispatchWrapper.dispatch(MessageHubBackedObjectConnection.java:155)
	at org.gradle.internal.remote.internal.hub.MessageHubBackedObjectConnection$DispatchWrapper.dispatch(MessageHubBackedObjectConnection.java:137)
	at org.gradle.internal.remote.internal.hub.MessageHub$Handler.run(MessageHub.java:404)
	at org.gradle.internal.concurrent.ExecutorPolicy$CatchAndRecordFailures.onExecute(ExecutorPolicy.java:63)
	at org.gradle.internal.concurrent.ManagedExecutorImpl$1.run(ManagedExecutorImpl.java:46)
	at java.util.concurrent.ThreadPoolExecutor.runWorker(ThreadPoolExecutor.java:1149)
	at java.util.concurrent.ThreadPoolExecutor$Worker.run(ThreadPoolExecutor.java:624)
	at org.gradle.internal.concurrent.ThreadFactoryImpl$ManagedThreadRunnable.run(ThreadFactoryImpl.java:55)
	at java.lang.Thread.run(Thread.java:748)
</pre>
</span>
</div>
<div class="test">
<a name="publish[13: com.dotcms.publishing.PublisherAPIImplTest$TestCase@da620c6]"></a>
<h3 class="failures">publish[13: com.dotcms.publishing.PublisherAPIImplTest$TestCase@da620c6]</h3>
<span class="code">
<pre>java.lang.AssertionError: Expected 28 but get 30 in /custom/assets/bundles/01EYS26HP4DJ2WJFMTJSFGV748
Expected [/custom/assets/bundles/01EYS26HP4DJ2WJFMTJSFGV748/working/test1613596724530.dotcms.com/c8b19c56-3dc7-4d98-9631-67d75fb20322.contentType.json, /custom/assets/bundles/01EYS26HP4DJ2WJFMTJSFGV748/working/test1613596724530.dotcms.com/1/3-content.a687f4b3-3968-4522-808c-3128d1c9b27e.content.xml, /custom/assets/bundles/01EYS26HP4DJ2WJFMTJSFGV748/live/default/83352fbd-95fb-4211-a285-21563cb899a0.rule.xml, /custom/assets/bundles/01EYS26HP4DJ2WJFMTJSFGV748/live/default/1613598912236/8cb7cdb4-c30a-4b9c-a30c-2d76556ae431.contentworkflow.xml, /custom/assets/bundles/01EYS26HP4DJ2WJFMTJSFGV748/working/test1613596724530.dotcms.com/c3e46986-05ed-4e0b-9e81-c12147645282.containers.container.xml, /custom/assets/bundles/01EYS26HP4DJ2WJFMTJSFGV748/live/System Host/1properties, /custom/assets/bundles/01EYS26HP4DJ2WJFMTJSFGV748/live/System Host/1/content.ff462f88-d9e1-4d31-b084-b73cb61976d3.host.xml, /custom/assets/bundles/01EYS26HP4DJ2WJFMTJSFGV748/live/default/1613598912236/0-content.ea889097-cb2e-4bba-89f0-383ef277fa3c.content.xml, /custom/assets/bundles/01EYS26HP4DJ2WJFMTJSFGV748/live/System Host/en_US.language.xml, /custom/assets/bundles/01EYS26HP4DJ2WJFMTJSFGV748/working/System Host/f4d7c1b8-2c88-4071-abf1-a5328977b07d.contentType.json, /custom/assets/bundles/01EYS26HP4DJ2WJFMTJSFGV748/working/test1613596724530.dotcms.com/1/bf7af05a-9ce3-4715-9396-6b684923aea8.contentworkflow.xml, /custom/assets/bundles/01EYS26HP4DJ2WJFMTJSFGV748/d61a59e1-a49c-46f2-a929-db2b4bfa88b2.workflow.xml, /custom/assets/bundles/01EYS26HP4DJ2WJFMTJSFGV748/live/System Host/1/7e9ff387-ea6f-4004-819c-89f2acfd1976.contentworkflow.xml, /custom/assets/bundles/01EYS26HP4DJ2WJFMTJSFGV748/live/System Host/tr_CP.language.xml, /custom/assets/bundles/01EYS26HP4DJ2WJFMTJSFGV748/working/System Host/1/content.ff462f88-d9e1-4d31-b084-b73cb61976d3.host.xml, /custom/assets/bundles/01EYS26HP4DJ2WJFMTJSFGV748/live/test1613596724530.dotcms.com/55f65476-2247-420c-9ecb-2777579011d2.template.template.xml, /custom/assets/bundles/01EYS26HP4DJ2WJFMTJSFGV748/live/System Host/1613598912236properties, /custom/assets/bundles/01EYS26HP4DJ2WJFMTJSFGV748/live/System Host/1/1-content.bab1e52c-521b-453a-aa10-b17f7ad1ec03.content.xml, /custom/assets/bundles/01EYS26HP4DJ2WJFMTJSFGV748/working/System Host/1/734e2ce1-4b95-40d9-bb74-0c0369a1de7c.contentworkflow.xml, /custom/assets/bundles/01EYS26HP4DJ2WJFMTJSFGV748/ROOT/91ed4f61-db0f-48e4-a90c-2bc436c85384.folder.xml, /custom/assets/bundles/01EYS26HP4DJ2WJFMTJSFGV748/live/test1613596724530.dotcms.com/b241c27b-6a89-4627-b4c6-4003e0fe0fbf.rule.xml, /custom/assets/bundles/01EYS26HP4DJ2WJFMTJSFGV748/live/System Host/1/4-content.5b5e526e-cc72-430a-b096-4454af3f1494.content.xml, /custom/assets/bundles/01EYS26HP4DJ2WJFMTJSFGV748/working/System Host/33888b6f-7a8e-4069-b1b6-5c1aa9d0a48d.contentType.json, /custom/assets/bundles/01EYS26HP4DJ2WJFMTJSFGV748/live/System Host/1/734e2ce1-4b95-40d9-bb74-0c0369a1de7c.contentworkflow.xml, /custom/assets/bundles/01EYS26HP4DJ2WJFMTJSFGV748/working/System Host/1/2-content.5b5e526e-cc72-430a-b096-4454af3f1494.content.xml, /custom/assets/bundles/01EYS26HP4DJ2WJFMTJSFGV748/working/test1613596724530.dotcms.com/c93f178c-ef23-4964-90fb-55f394ecb552.contentType.json, /custom/assets/bundles/01EYS26HP4DJ2WJFMTJSFGV748/live/System Host/1/content.173f3d5f-28ef-4127-80de-2755a1e813c5.host.xml]
Existing [/custom/assets/bundles/01EYS26HP4DJ2WJFMTJSFGV748/ROOT/91ed4f61-db0f-48e4-a90c-2bc436c85384.folder.xml, /custom/assets/bundles/01EYS26HP4DJ2WJFMTJSFGV748/ROOT/bc9a1d37-dd2d-4d49-a29d-0c9be740bfaf.folder.xml, /custom/assets/bundles/01EYS26HP4DJ2WJFMTJSFGV748/bundle.xml, /custom/assets/bundles/01EYS26HP4DJ2WJFMTJSFGV748/d61a59e1-a49c-46f2-a929-db2b4bfa88b2.workflow.xml, /custom/assets/bundles/01EYS26HP4DJ2WJFMTJSFGV748/live/System Host/1/1-content.bab1e52c-521b-453a-aa10-b17f7ad1ec03.content.xml, /custom/assets/bundles/01EYS26HP4DJ2WJFMTJSFGV748/live/System Host/1/4-content.5b5e526e-cc72-430a-b096-4454af3f1494.content.xml, /custom/assets/bundles/01EYS26HP4DJ2WJFMTJSFGV748/live/System Host/1/734e2ce1-4b95-40d9-bb74-0c0369a1de7c.contentworkflow.xml, /custom/assets/bundles/01EYS26HP4DJ2WJFMTJSFGV748/live/System Host/1/7e9ff387-ea6f-4004-819c-89f2acfd1976.contentworkflow.xml, /custom/assets/bundles/01EYS26HP4DJ2WJFMTJSFGV748/live/System Host/1/content.173f3d5f-28ef-4127-80de-2755a1e813c5.host.xml, /custom/assets/bundles/01EYS26HP4DJ2WJFMTJSFGV748/live/System Host/1/content.ff462f88-d9e1-4d31-b084-b73cb61976d3.host.xml, /custom/assets/bundles/01EYS26HP4DJ2WJFMTJSFGV748/live/System Host/1/system host.host.xml, /custom/assets/bundles/01EYS26HP4DJ2WJFMTJSFGV748/live/System Host/1613598912236properties, /custom/assets/bundles/01EYS26HP4DJ2WJFMTJSFGV748/live/System Host/1properties, /custom/assets/bundles/01EYS26HP4DJ2WJFMTJSFGV748/live/System Host/en_US.language.xml, /custom/assets/bundles/01EYS26HP4DJ2WJFMTJSFGV748/live/System Host/tr_CP.language.xml, /custom/assets/bundles/01EYS26HP4DJ2WJFMTJSFGV748/live/default/1613598912236/0-content.ea889097-cb2e-4bba-89f0-383ef277fa3c.content.xml, /custom/assets/bundles/01EYS26HP4DJ2WJFMTJSFGV748/live/default/1613598912236/8cb7cdb4-c30a-4b9c-a30c-2d76556ae431.contentworkflow.xml, /custom/assets/bundles/01EYS26HP4DJ2WJFMTJSFGV748/live/default/83352fbd-95fb-4211-a285-21563cb899a0.rule.xml, /custom/assets/bundles/01EYS26HP4DJ2WJFMTJSFGV748/live/test1613596724530.dotcms.com/55f65476-2247-420c-9ecb-2777579011d2.template.template.xml, /custom/assets/bundles/01EYS26HP4DJ2WJFMTJSFGV748/live/test1613596724530.dotcms.com/b241c27b-6a89-4627-b4c6-4003e0fe0fbf.rule.xml, /custom/assets/bundles/01EYS26HP4DJ2WJFMTJSFGV748/working/System Host/1/2-content.5b5e526e-cc72-430a-b096-4454af3f1494.content.xml, /custom/assets/bundles/01EYS26HP4DJ2WJFMTJSFGV748/working/System Host/1/734e2ce1-4b95-40d9-bb74-0c0369a1de7c.contentworkflow.xml, /custom/assets/bundles/01EYS26HP4DJ2WJFMTJSFGV748/working/System Host/1/content.ff462f88-d9e1-4d31-b084-b73cb61976d3.host.xml, /custom/assets/bundles/01EYS26HP4DJ2WJFMTJSFGV748/working/System Host/33888b6f-7a8e-4069-b1b6-5c1aa9d0a48d.contentType.json, /custom/assets/bundles/01EYS26HP4DJ2WJFMTJSFGV748/working/System Host/f4d7c1b8-2c88-4071-abf1-a5328977b07d.contentType.json, /custom/assets/bundles/01EYS26HP4DJ2WJFMTJSFGV748/working/test1613596724530.dotcms.com/1/3-content.a687f4b3-3968-4522-808c-3128d1c9b27e.content.xml, /custom/assets/bundles/01EYS26HP4DJ2WJFMTJSFGV748/working/test1613596724530.dotcms.com/1/bf7af05a-9ce3-4715-9396-6b684923aea8.contentworkflow.xml, /custom/assets/bundles/01EYS26HP4DJ2WJFMTJSFGV748/working/test1613596724530.dotcms.com/c3e46986-05ed-4e0b-9e81-c12147645282.containers.container.xml, /custom/assets/bundles/01EYS26HP4DJ2WJFMTJSFGV748/working/test1613596724530.dotcms.com/c8b19c56-3dc7-4d98-9631-67d75fb20322.contentType.json, /custom/assets/bundles/01EYS26HP4DJ2WJFMTJSFGV748/working/test1613596724530.dotcms.com/c93f178c-ef23-4964-90fb-55f394ecb552.contentType.json]
difference [/custom/assets/bundles/01EYS26HP4DJ2WJFMTJSFGV748/ROOT/bc9a1d37-dd2d-4d49-a29d-0c9be740bfaf.folder.xml, /custom/assets/bundles/01EYS26HP4DJ2WJFMTJSFGV748/bundle.xml, /custom/assets/bundles/01EYS26HP4DJ2WJFMTJSFGV748/live/System Host/1/system host.host.xml]

	at org.jgroups.util.Util.assertEquals(Util.java:185)
	at com.dotcms.publishing.PublisherAPIImplTest.publish(PublisherAPIImplTest.java:407)
	at sun.reflect.NativeMethodAccessorImpl.invoke0(Native Method)
	at sun.reflect.NativeMethodAccessorImpl.invoke(NativeMethodAccessorImpl.java:62)
	at sun.reflect.DelegatingMethodAccessorImpl.invoke(DelegatingMethodAccessorImpl.java:43)
	at java.lang.reflect.Method.invoke(Method.java:498)
	at org.junit.runners.model.FrameworkMethod$1.runReflectiveCall(FrameworkMethod.java:50)
	at org.junit.internal.runners.model.ReflectiveCallable.run(ReflectiveCallable.java:12)
	at org.junit.runners.model.FrameworkMethod.invokeExplosively(FrameworkMethod.java:47)
	at com.tngtech.java.junit.dataprovider.DataProviderFrameworkMethod.invokeExplosively(DataProviderFrameworkMethod.java:119)
	at org.junit.internal.runners.statements.InvokeMethod.evaluate(InvokeMethod.java:17)
	at org.junit.rules.TestWatcher$1.evaluate(TestWatcher.java:55)
	at org.junit.rules.RunRules.evaluate(RunRules.java:20)
	at org.junit.runners.ParentRunner.runLeaf(ParentRunner.java:325)
	at com.dotcms.junit.CustomDataProviderRunner.runChild(CustomDataProviderRunner.java:28)
	at com.dotcms.junit.CustomDataProviderRunner.runChild(CustomDataProviderRunner.java:13)
	at org.junit.runners.ParentRunner$3.run(ParentRunner.java:290)
	at org.junit.runners.ParentRunner$1.schedule(ParentRunner.java:71)
	at org.junit.runners.ParentRunner.runChildren(ParentRunner.java:288)
	at org.junit.runners.ParentRunner.access$000(ParentRunner.java:58)
	at org.junit.runners.ParentRunner$2.evaluate(ParentRunner.java:268)
	at org.junit.internal.runners.statements.RunBefores.evaluate(RunBefores.java:26)
	at org.junit.internal.runners.statements.RunAfters.evaluate(RunAfters.java:27)
	at org.junit.runners.ParentRunner.run(ParentRunner.java:363)
	at org.junit.runners.Suite.runChild(Suite.java:128)
	at org.junit.runners.Suite.runChild(Suite.java:27)
	at org.junit.runners.ParentRunner$3.run(ParentRunner.java:290)
	at org.junit.runners.ParentRunner$1.schedule(ParentRunner.java:71)
	at org.junit.runners.ParentRunner.runChildren(ParentRunner.java:288)
	at org.junit.runners.ParentRunner.access$000(ParentRunner.java:58)
	at org.junit.runners.ParentRunner$2.evaluate(ParentRunner.java:268)
	at org.junit.runners.ParentRunner.run(ParentRunner.java:363)
	at org.gradle.api.internal.tasks.testing.junit.JUnitTestClassExecutor.runTestClass(JUnitTestClassExecutor.java:106)
	at org.gradle.api.internal.tasks.testing.junit.JUnitTestClassExecutor.execute(JUnitTestClassExecutor.java:58)
	at org.gradle.api.internal.tasks.testing.junit.JUnitTestClassExecutor.execute(JUnitTestClassExecutor.java:38)
	at org.gradle.api.internal.tasks.testing.junit.AbstractJUnitTestClassProcessor.processTestClass(AbstractJUnitTestClassProcessor.java:66)
	at org.gradle.api.internal.tasks.testing.SuiteTestClassProcessor.processTestClass(SuiteTestClassProcessor.java:51)
	at sun.reflect.NativeMethodAccessorImpl.invoke0(Native Method)
	at sun.reflect.NativeMethodAccessorImpl.invoke(NativeMethodAccessorImpl.java:62)
	at sun.reflect.DelegatingMethodAccessorImpl.invoke(DelegatingMethodAccessorImpl.java:43)
	at java.lang.reflect.Method.invoke(Method.java:498)
	at org.gradle.internal.dispatch.ReflectionDispatch.dispatch(ReflectionDispatch.java:35)
	at org.gradle.internal.dispatch.ReflectionDispatch.dispatch(ReflectionDispatch.java:24)
	at org.gradle.internal.dispatch.ContextClassLoaderDispatch.dispatch(ContextClassLoaderDispatch.java:32)
	at org.gradle.internal.dispatch.ProxyDispatchAdapter$DispatchingInvocationHandler.invoke(ProxyDispatchAdapter.java:93)
	at com.sun.proxy.$Proxy2.processTestClass(Unknown Source)
	at org.gradle.api.internal.tasks.testing.worker.TestWorker.processTestClass(TestWorker.java:117)
	at sun.reflect.NativeMethodAccessorImpl.invoke0(Native Method)
	at sun.reflect.NativeMethodAccessorImpl.invoke(NativeMethodAccessorImpl.java:62)
	at sun.reflect.DelegatingMethodAccessorImpl.invoke(DelegatingMethodAccessorImpl.java:43)
	at java.lang.reflect.Method.invoke(Method.java:498)
	at org.gradle.internal.dispatch.ReflectionDispatch.dispatch(ReflectionDispatch.java:35)
	at org.gradle.internal.dispatch.ReflectionDispatch.dispatch(ReflectionDispatch.java:24)
	at org.gradle.internal.remote.internal.hub.MessageHubBackedObjectConnection$DispatchWrapper.dispatch(MessageHubBackedObjectConnection.java:155)
	at org.gradle.internal.remote.internal.hub.MessageHubBackedObjectConnection$DispatchWrapper.dispatch(MessageHubBackedObjectConnection.java:137)
	at org.gradle.internal.remote.internal.hub.MessageHub$Handler.run(MessageHub.java:404)
	at org.gradle.internal.concurrent.ExecutorPolicy$CatchAndRecordFailures.onExecute(ExecutorPolicy.java:63)
	at org.gradle.internal.concurrent.ManagedExecutorImpl$1.run(ManagedExecutorImpl.java:46)
	at java.util.concurrent.ThreadPoolExecutor.runWorker(ThreadPoolExecutor.java:1149)
	at java.util.concurrent.ThreadPoolExecutor$Worker.run(ThreadPoolExecutor.java:624)
	at org.gradle.internal.concurrent.ThreadFactoryImpl$ManagedThreadRunnable.run(ThreadFactoryImpl.java:55)
	at java.lang.Thread.run(Thread.java:748)
</pre>
</span>
</div>
<div class="test">
<a name="publish[14: com.dotcms.publishing.PublisherAPIImplTest$TestCase@4c752711]"></a>
<h3 class="failures">publish[14: com.dotcms.publishing.PublisherAPIImplTest$TestCase@4c752711]</h3>
<span class="code">
<pre>java.lang.AssertionError: Expected 21 but get 23 in /custom/assets/bundles/01EYS26HSXEW527PW26SRJR64J
Expected [/custom/assets/bundles/01EYS26HSXEW527PW26SRJR64J/working/System Host/1/content.ff462f88-d9e1-4d31-b084-b73cb61976d3.host.xml, /custom/assets/bundles/01EYS26HSXEW527PW26SRJR64J/live/System Host/1/content.ff462f88-d9e1-4d31-b084-b73cb61976d3.host.xml, /custom/assets/bundles/01EYS26HSXEW527PW26SRJR64J/working/System Host/f4d7c1b8-2c88-4071-abf1-a5328977b07d.contentType.json, /custom/assets/bundles/01EYS26HSXEW527PW26SRJR64J/ROOT/ee8c10bb-1d52-4c05-afe3-e9ca3b974e55.folder.xml, /custom/assets/bundles/01EYS26HSXEW527PW26SRJR64J/live/default/83352fbd-95fb-4211-a285-21563cb899a0.rule.xml, /custom/assets/bundles/01EYS26HSXEW527PW26SRJR64J/live/System Host/1613598912236properties, /custom/assets/bundles/01EYS26HSXEW527PW26SRJR64J/working/System Host/1/734e2ce1-4b95-40d9-bb74-0c0369a1de7c.contentworkflow.xml, /custom/assets/bundles/01EYS26HSXEW527PW26SRJR64J/live/System Host/1/734e2ce1-4b95-40d9-bb74-0c0369a1de7c.contentworkflow.xml, /custom/assets/bundles/01EYS26HSXEW527PW26SRJR64J/live/System Host/1/7e9ff387-ea6f-4004-819c-89f2acfd1976.contentworkflow.xml, /custom/assets/bundles/01EYS26HSXEW527PW26SRJR64J/live/System Host/1properties, /custom/assets/bundles/01EYS26HSXEW527PW26SRJR64J/live/default/1613598912236/0-content.ea889097-cb2e-4bba-89f0-383ef277fa3c.content.xml, /custom/assets/bundles/01EYS26HSXEW527PW26SRJR64J/working/System Host/1/2-content.5b5e526e-cc72-430a-b096-4454af3f1494.content.xml, /custom/assets/bundles/01EYS26HSXEW527PW26SRJR64J/working/test1613596725517.dotcms.com/testName1613596726411/484f102e-7503-46e9-971c-ff010b112748.link.xml, /custom/assets/bundles/01EYS26HSXEW527PW26SRJR64J/live/System Host/tr_CP.language.xml, /custom/assets/bundles/01EYS26HSXEW527PW26SRJR64J/live/System Host/en_US.language.xml, /custom/assets/bundles/01EYS26HSXEW527PW26SRJR64J/live/System Host/1/1-content.bab1e52c-521b-453a-aa10-b17f7ad1ec03.content.xml, /custom/assets/bundles/01EYS26HSXEW527PW26SRJR64J/d61a59e1-a49c-46f2-a929-db2b4bfa88b2.workflow.xml, /custom/assets/bundles/01EYS26HSXEW527PW26SRJR64J/live/default/1613598912236/8cb7cdb4-c30a-4b9c-a30c-2d76556ae431.contentworkflow.xml, /custom/assets/bundles/01EYS26HSXEW527PW26SRJR64J/live/System Host/1/content.535879c5-8dee-4d9b-9ce2-1a1d516df40c.host.xml, /custom/assets/bundles/01EYS26HSXEW527PW26SRJR64J/live/System Host/1/3-content.5b5e526e-cc72-430a-b096-4454af3f1494.content.xml]
Existing [/custom/assets/bundles/01EYS26HSXEW527PW26SRJR64J/ROOT/bc9a1d37-dd2d-4d49-a29d-0c9be740bfaf.folder.xml, /custom/assets/bundles/01EYS26HSXEW527PW26SRJR64J/ROOT/ee8c10bb-1d52-4c05-afe3-e9ca3b974e55.folder.xml, /custom/assets/bundles/01EYS26HSXEW527PW26SRJR64J/bundle.xml, /custom/assets/bundles/01EYS26HSXEW527PW26SRJR64J/d61a59e1-a49c-46f2-a929-db2b4bfa88b2.workflow.xml, /custom/assets/bundles/01EYS26HSXEW527PW26SRJR64J/live/System Host/1/1-content.bab1e52c-521b-453a-aa10-b17f7ad1ec03.content.xml, /custom/assets/bundles/01EYS26HSXEW527PW26SRJR64J/live/System Host/1/3-content.5b5e526e-cc72-430a-b096-4454af3f1494.content.xml, /custom/assets/bundles/01EYS26HSXEW527PW26SRJR64J/live/System Host/1/734e2ce1-4b95-40d9-bb74-0c0369a1de7c.contentworkflow.xml, /custom/assets/bundles/01EYS26HSXEW527PW26SRJR64J/live/System Host/1/7e9ff387-ea6f-4004-819c-89f2acfd1976.contentworkflow.xml, /custom/assets/bundles/01EYS26HSXEW527PW26SRJR64J/live/System Host/1/content.535879c5-8dee-4d9b-9ce2-1a1d516df40c.host.xml, /custom/assets/bundles/01EYS26HSXEW527PW26SRJR64J/live/System Host/1/content.ff462f88-d9e1-4d31-b084-b73cb61976d3.host.xml, /custom/assets/bundles/01EYS26HSXEW527PW26SRJR64J/live/System Host/1/system host.host.xml, /custom/assets/bundles/01EYS26HSXEW527PW26SRJR64J/live/System Host/1613598912236properties, /custom/assets/bundles/01EYS26HSXEW527PW26SRJR64J/live/System Host/1properties, /custom/assets/bundles/01EYS26HSXEW527PW26SRJR64J/live/System Host/en_US.language.xml, /custom/assets/bundles/01EYS26HSXEW527PW26SRJR64J/live/System Host/tr_CP.language.xml, /custom/assets/bundles/01EYS26HSXEW527PW26SRJR64J/live/default/1613598912236/0-content.ea889097-cb2e-4bba-89f0-383ef277fa3c.content.xml, /custom/assets/bundles/01EYS26HSXEW527PW26SRJR64J/live/default/1613598912236/8cb7cdb4-c30a-4b9c-a30c-2d76556ae431.contentworkflow.xml, /custom/assets/bundles/01EYS26HSXEW527PW26SRJR64J/live/default/83352fbd-95fb-4211-a285-21563cb899a0.rule.xml, /custom/assets/bundles/01EYS26HSXEW527PW26SRJR64J/working/System Host/1/2-content.5b5e526e-cc72-430a-b096-4454af3f1494.content.xml, /custom/assets/bundles/01EYS26HSXEW527PW26SRJR64J/working/System Host/1/734e2ce1-4b95-40d9-bb74-0c0369a1de7c.contentworkflow.xml, /custom/assets/bundles/01EYS26HSXEW527PW26SRJR64J/working/System Host/1/content.ff462f88-d9e1-4d31-b084-b73cb61976d3.host.xml, /custom/assets/bundles/01EYS26HSXEW527PW26SRJR64J/working/System Host/f4d7c1b8-2c88-4071-abf1-a5328977b07d.contentType.json, /custom/assets/bundles/01EYS26HSXEW527PW26SRJR64J/working/test1613596725517.dotcms.com/testName1613596726411/484f102e-7503-46e9-971c-ff010b112748.link.xml]
difference [/custom/assets/bundles/01EYS26HSXEW527PW26SRJR64J/ROOT/bc9a1d37-dd2d-4d49-a29d-0c9be740bfaf.folder.xml, /custom/assets/bundles/01EYS26HSXEW527PW26SRJR64J/bundle.xml, /custom/assets/bundles/01EYS26HSXEW527PW26SRJR64J/live/System Host/1/system host.host.xml]

	at org.jgroups.util.Util.assertEquals(Util.java:185)
	at com.dotcms.publishing.PublisherAPIImplTest.publish(PublisherAPIImplTest.java:407)
	at sun.reflect.NativeMethodAccessorImpl.invoke0(Native Method)
	at sun.reflect.NativeMethodAccessorImpl.invoke(NativeMethodAccessorImpl.java:62)
	at sun.reflect.DelegatingMethodAccessorImpl.invoke(DelegatingMethodAccessorImpl.java:43)
	at java.lang.reflect.Method.invoke(Method.java:498)
	at org.junit.runners.model.FrameworkMethod$1.runReflectiveCall(FrameworkMethod.java:50)
	at org.junit.internal.runners.model.ReflectiveCallable.run(ReflectiveCallable.java:12)
	at org.junit.runners.model.FrameworkMethod.invokeExplosively(FrameworkMethod.java:47)
	at com.tngtech.java.junit.dataprovider.DataProviderFrameworkMethod.invokeExplosively(DataProviderFrameworkMethod.java:119)
	at org.junit.internal.runners.statements.InvokeMethod.evaluate(InvokeMethod.java:17)
	at org.junit.rules.TestWatcher$1.evaluate(TestWatcher.java:55)
	at org.junit.rules.RunRules.evaluate(RunRules.java:20)
	at org.junit.runners.ParentRunner.runLeaf(ParentRunner.java:325)
	at com.dotcms.junit.CustomDataProviderRunner.runChild(CustomDataProviderRunner.java:28)
	at com.dotcms.junit.CustomDataProviderRunner.runChild(CustomDataProviderRunner.java:13)
	at org.junit.runners.ParentRunner$3.run(ParentRunner.java:290)
	at org.junit.runners.ParentRunner$1.schedule(ParentRunner.java:71)
	at org.junit.runners.ParentRunner.runChildren(ParentRunner.java:288)
	at org.junit.runners.ParentRunner.access$000(ParentRunner.java:58)
	at org.junit.runners.ParentRunner$2.evaluate(ParentRunner.java:268)
	at org.junit.internal.runners.statements.RunBefores.evaluate(RunBefores.java:26)
	at org.junit.internal.runners.statements.RunAfters.evaluate(RunAfters.java:27)
	at org.junit.runners.ParentRunner.run(ParentRunner.java:363)
	at org.junit.runners.Suite.runChild(Suite.java:128)
	at org.junit.runners.Suite.runChild(Suite.java:27)
	at org.junit.runners.ParentRunner$3.run(ParentRunner.java:290)
	at org.junit.runners.ParentRunner$1.schedule(ParentRunner.java:71)
	at org.junit.runners.ParentRunner.runChildren(ParentRunner.java:288)
	at org.junit.runners.ParentRunner.access$000(ParentRunner.java:58)
	at org.junit.runners.ParentRunner$2.evaluate(ParentRunner.java:268)
	at org.junit.runners.ParentRunner.run(ParentRunner.java:363)
	at org.gradle.api.internal.tasks.testing.junit.JUnitTestClassExecutor.runTestClass(JUnitTestClassExecutor.java:106)
	at org.gradle.api.internal.tasks.testing.junit.JUnitTestClassExecutor.execute(JUnitTestClassExecutor.java:58)
	at org.gradle.api.internal.tasks.testing.junit.JUnitTestClassExecutor.execute(JUnitTestClassExecutor.java:38)
	at org.gradle.api.internal.tasks.testing.junit.AbstractJUnitTestClassProcessor.processTestClass(AbstractJUnitTestClassProcessor.java:66)
	at org.gradle.api.internal.tasks.testing.SuiteTestClassProcessor.processTestClass(SuiteTestClassProcessor.java:51)
	at sun.reflect.NativeMethodAccessorImpl.invoke0(Native Method)
	at sun.reflect.NativeMethodAccessorImpl.invoke(NativeMethodAccessorImpl.java:62)
	at sun.reflect.DelegatingMethodAccessorImpl.invoke(DelegatingMethodAccessorImpl.java:43)
	at java.lang.reflect.Method.invoke(Method.java:498)
	at org.gradle.internal.dispatch.ReflectionDispatch.dispatch(ReflectionDispatch.java:35)
	at org.gradle.internal.dispatch.ReflectionDispatch.dispatch(ReflectionDispatch.java:24)
	at org.gradle.internal.dispatch.ContextClassLoaderDispatch.dispatch(ContextClassLoaderDispatch.java:32)
	at org.gradle.internal.dispatch.ProxyDispatchAdapter$DispatchingInvocationHandler.invoke(ProxyDispatchAdapter.java:93)
	at com.sun.proxy.$Proxy2.processTestClass(Unknown Source)
	at org.gradle.api.internal.tasks.testing.worker.TestWorker.processTestClass(TestWorker.java:117)
	at sun.reflect.NativeMethodAccessorImpl.invoke0(Native Method)
	at sun.reflect.NativeMethodAccessorImpl.invoke(NativeMethodAccessorImpl.java:62)
	at sun.reflect.DelegatingMethodAccessorImpl.invoke(DelegatingMethodAccessorImpl.java:43)
	at java.lang.reflect.Method.invoke(Method.java:498)
	at org.gradle.internal.dispatch.ReflectionDispatch.dispatch(ReflectionDispatch.java:35)
	at org.gradle.internal.dispatch.ReflectionDispatch.dispatch(ReflectionDispatch.java:24)
	at org.gradle.internal.remote.internal.hub.MessageHubBackedObjectConnection$DispatchWrapper.dispatch(MessageHubBackedObjectConnection.java:155)
	at org.gradle.internal.remote.internal.hub.MessageHubBackedObjectConnection$DispatchWrapper.dispatch(MessageHubBackedObjectConnection.java:137)
	at org.gradle.internal.remote.internal.hub.MessageHub$Handler.run(MessageHub.java:404)
	at org.gradle.internal.concurrent.ExecutorPolicy$CatchAndRecordFailures.onExecute(ExecutorPolicy.java:63)
	at org.gradle.internal.concurrent.ManagedExecutorImpl$1.run(ManagedExecutorImpl.java:46)
	at java.util.concurrent.ThreadPoolExecutor.runWorker(ThreadPoolExecutor.java:1149)
	at java.util.concurrent.ThreadPoolExecutor$Worker.run(ThreadPoolExecutor.java:624)
	at org.gradle.internal.concurrent.ThreadFactoryImpl$ManagedThreadRunnable.run(ThreadFactoryImpl.java:55)
	at java.lang.Thread.run(Thread.java:748)
</pre>
</span>
</div>
<div class="test">
<a name="publish[15: com.dotcms.publishing.PublisherAPIImplTest$TestCase@b6f08b8]"></a>
<h3 class="failures">publish[15: com.dotcms.publishing.PublisherAPIImplTest$TestCase@b6f08b8]</h3>
<span class="code">
<pre>java.lang.AssertionError: Expected 19 but get 21 in /custom/assets/bundles/01EYS26HWH1N7WYVF3AXGJZKRT
Expected [/custom/assets/bundles/01EYS26HWH1N7WYVF3AXGJZKRT/live/System Host/1/1-content.bab1e52c-521b-453a-aa10-b17f7ad1ec03.content.xml, /custom/assets/bundles/01EYS26HWH1N7WYVF3AXGJZKRT/d210c563-a6da-4aca-a656-22fc679a21e8.workflow.xml, /custom/assets/bundles/01EYS26HWH1N7WYVF3AXGJZKRT/live/System Host/1/734e2ce1-4b95-40d9-bb74-0c0369a1de7c.contentworkflow.xml, /custom/assets/bundles/01EYS26HWH1N7WYVF3AXGJZKRT/live/System Host/1/7e9ff387-ea6f-4004-819c-89f2acfd1976.contentworkflow.xml, /custom/assets/bundles/01EYS26HWH1N7WYVF3AXGJZKRT/working/System Host/1/2-content.5b5e526e-cc72-430a-b096-4454af3f1494.content.xml, /custom/assets/bundles/01EYS26HWH1N7WYVF3AXGJZKRT/live/System Host/1/3-content.5b5e526e-cc72-430a-b096-4454af3f1494.content.xml, /custom/assets/bundles/01EYS26HWH1N7WYVF3AXGJZKRT/live/System Host/1properties, /custom/assets/bundles/01EYS26HWH1N7WYVF3AXGJZKRT/live/default/83352fbd-95fb-4211-a285-21563cb899a0.rule.xml, /custom/assets/bundles/01EYS26HWH1N7WYVF3AXGJZKRT/working/System Host/1/content.ff462f88-d9e1-4d31-b084-b73cb61976d3.host.xml, /custom/assets/bundles/01EYS26HWH1N7WYVF3AXGJZKRT/live/default/1613598912236/8cb7cdb4-c30a-4b9c-a30c-2d76556ae431.contentworkflow.xml, /custom/assets/bundles/01EYS26HWH1N7WYVF3AXGJZKRT/working/System Host/1/734e2ce1-4b95-40d9-bb74-0c0369a1de7c.contentworkflow.xml, /custom/assets/bundles/01EYS26HWH1N7WYVF3AXGJZKRT/live/System Host/en_US.language.xml, /custom/assets/bundles/01EYS26HWH1N7WYVF3AXGJZKRT/live/default/1613598912236/0-content.ea889097-cb2e-4bba-89f0-383ef277fa3c.content.xml, /custom/assets/bundles/01EYS26HWH1N7WYVF3AXGJZKRT/live/System Host/1/content.ff462f88-d9e1-4d31-b084-b73cb61976d3.host.xml, /custom/assets/bundles/01EYS26HWH1N7WYVF3AXGJZKRT/working/System Host/f4d7c1b8-2c88-4071-abf1-a5328977b07d.contentType.json, /custom/assets/bundles/01EYS26HWH1N7WYVF3AXGJZKRT/d61a59e1-a49c-46f2-a929-db2b4bfa88b2.workflow.xml, /custom/assets/bundles/01EYS26HWH1N7WYVF3AXGJZKRT/live/System Host/1613598912236properties, /custom/assets/bundles/01EYS26HWH1N7WYVF3AXGJZKRT/live/System Host/tr_CP.language.xml]
Existing [/custom/assets/bundles/01EYS26HWH1N7WYVF3AXGJZKRT/ROOT/bc9a1d37-dd2d-4d49-a29d-0c9be740bfaf.folder.xml, /custom/assets/bundles/01EYS26HWH1N7WYVF3AXGJZKRT/bundle.xml, /custom/assets/bundles/01EYS26HWH1N7WYVF3AXGJZKRT/d210c563-a6da-4aca-a656-22fc679a21e8.workflow.xml, /custom/assets/bundles/01EYS26HWH1N7WYVF3AXGJZKRT/d61a59e1-a49c-46f2-a929-db2b4bfa88b2.workflow.xml, /custom/assets/bundles/01EYS26HWH1N7WYVF3AXGJZKRT/live/System Host/1/1-content.bab1e52c-521b-453a-aa10-b17f7ad1ec03.content.xml, /custom/assets/bundles/01EYS26HWH1N7WYVF3AXGJZKRT/live/System Host/1/3-content.5b5e526e-cc72-430a-b096-4454af3f1494.content.xml, /custom/assets/bundles/01EYS26HWH1N7WYVF3AXGJZKRT/live/System Host/1/734e2ce1-4b95-40d9-bb74-0c0369a1de7c.contentworkflow.xml, /custom/assets/bundles/01EYS26HWH1N7WYVF3AXGJZKRT/live/System Host/1/7e9ff387-ea6f-4004-819c-89f2acfd1976.contentworkflow.xml, /custom/assets/bundles/01EYS26HWH1N7WYVF3AXGJZKRT/live/System Host/1/content.ff462f88-d9e1-4d31-b084-b73cb61976d3.host.xml, /custom/assets/bundles/01EYS26HWH1N7WYVF3AXGJZKRT/live/System Host/1/system host.host.xml, /custom/assets/bundles/01EYS26HWH1N7WYVF3AXGJZKRT/live/System Host/1613598912236properties, /custom/assets/bundles/01EYS26HWH1N7WYVF3AXGJZKRT/live/System Host/1properties, /custom/assets/bundles/01EYS26HWH1N7WYVF3AXGJZKRT/live/System Host/en_US.language.xml, /custom/assets/bundles/01EYS26HWH1N7WYVF3AXGJZKRT/live/System Host/tr_CP.language.xml, /custom/assets/bundles/01EYS26HWH1N7WYVF3AXGJZKRT/live/default/1613598912236/0-content.ea889097-cb2e-4bba-89f0-383ef277fa3c.content.xml, /custom/assets/bundles/01EYS26HWH1N7WYVF3AXGJZKRT/live/default/1613598912236/8cb7cdb4-c30a-4b9c-a30c-2d76556ae431.contentworkflow.xml, /custom/assets/bundles/01EYS26HWH1N7WYVF3AXGJZKRT/live/default/83352fbd-95fb-4211-a285-21563cb899a0.rule.xml, /custom/assets/bundles/01EYS26HWH1N7WYVF3AXGJZKRT/working/System Host/1/2-content.5b5e526e-cc72-430a-b096-4454af3f1494.content.xml, /custom/assets/bundles/01EYS26HWH1N7WYVF3AXGJZKRT/working/System Host/1/734e2ce1-4b95-40d9-bb74-0c0369a1de7c.contentworkflow.xml, /custom/assets/bundles/01EYS26HWH1N7WYVF3AXGJZKRT/working/System Host/1/content.ff462f88-d9e1-4d31-b084-b73cb61976d3.host.xml, /custom/assets/bundles/01EYS26HWH1N7WYVF3AXGJZKRT/working/System Host/f4d7c1b8-2c88-4071-abf1-a5328977b07d.contentType.json]
difference [/custom/assets/bundles/01EYS26HWH1N7WYVF3AXGJZKRT/ROOT/bc9a1d37-dd2d-4d49-a29d-0c9be740bfaf.folder.xml, /custom/assets/bundles/01EYS26HWH1N7WYVF3AXGJZKRT/bundle.xml, /custom/assets/bundles/01EYS26HWH1N7WYVF3AXGJZKRT/live/System Host/1/system host.host.xml]

	at org.jgroups.util.Util.assertEquals(Util.java:185)
	at com.dotcms.publishing.PublisherAPIImplTest.publish(PublisherAPIImplTest.java:407)
	at sun.reflect.NativeMethodAccessorImpl.invoke0(Native Method)
	at sun.reflect.NativeMethodAccessorImpl.invoke(NativeMethodAccessorImpl.java:62)
	at sun.reflect.DelegatingMethodAccessorImpl.invoke(DelegatingMethodAccessorImpl.java:43)
	at java.lang.reflect.Method.invoke(Method.java:498)
	at org.junit.runners.model.FrameworkMethod$1.runReflectiveCall(FrameworkMethod.java:50)
	at org.junit.internal.runners.model.ReflectiveCallable.run(ReflectiveCallable.java:12)
	at org.junit.runners.model.FrameworkMethod.invokeExplosively(FrameworkMethod.java:47)
	at com.tngtech.java.junit.dataprovider.DataProviderFrameworkMethod.invokeExplosively(DataProviderFrameworkMethod.java:119)
	at org.junit.internal.runners.statements.InvokeMethod.evaluate(InvokeMethod.java:17)
	at org.junit.rules.TestWatcher$1.evaluate(TestWatcher.java:55)
	at org.junit.rules.RunRules.evaluate(RunRules.java:20)
	at org.junit.runners.ParentRunner.runLeaf(ParentRunner.java:325)
	at com.dotcms.junit.CustomDataProviderRunner.runChild(CustomDataProviderRunner.java:28)
	at com.dotcms.junit.CustomDataProviderRunner.runChild(CustomDataProviderRunner.java:13)
	at org.junit.runners.ParentRunner$3.run(ParentRunner.java:290)
	at org.junit.runners.ParentRunner$1.schedule(ParentRunner.java:71)
	at org.junit.runners.ParentRunner.runChildren(ParentRunner.java:288)
	at org.junit.runners.ParentRunner.access$000(ParentRunner.java:58)
	at org.junit.runners.ParentRunner$2.evaluate(ParentRunner.java:268)
	at org.junit.internal.runners.statements.RunBefores.evaluate(RunBefores.java:26)
	at org.junit.internal.runners.statements.RunAfters.evaluate(RunAfters.java:27)
	at org.junit.runners.ParentRunner.run(ParentRunner.java:363)
	at org.junit.runners.Suite.runChild(Suite.java:128)
	at org.junit.runners.Suite.runChild(Suite.java:27)
	at org.junit.runners.ParentRunner$3.run(ParentRunner.java:290)
	at org.junit.runners.ParentRunner$1.schedule(ParentRunner.java:71)
	at org.junit.runners.ParentRunner.runChildren(ParentRunner.java:288)
	at org.junit.runners.ParentRunner.access$000(ParentRunner.java:58)
	at org.junit.runners.ParentRunner$2.evaluate(ParentRunner.java:268)
	at org.junit.runners.ParentRunner.run(ParentRunner.java:363)
	at org.gradle.api.internal.tasks.testing.junit.JUnitTestClassExecutor.runTestClass(JUnitTestClassExecutor.java:106)
	at org.gradle.api.internal.tasks.testing.junit.JUnitTestClassExecutor.execute(JUnitTestClassExecutor.java:58)
	at org.gradle.api.internal.tasks.testing.junit.JUnitTestClassExecutor.execute(JUnitTestClassExecutor.java:38)
	at org.gradle.api.internal.tasks.testing.junit.AbstractJUnitTestClassProcessor.processTestClass(AbstractJUnitTestClassProcessor.java:66)
	at org.gradle.api.internal.tasks.testing.SuiteTestClassProcessor.processTestClass(SuiteTestClassProcessor.java:51)
	at sun.reflect.NativeMethodAccessorImpl.invoke0(Native Method)
	at sun.reflect.NativeMethodAccessorImpl.invoke(NativeMethodAccessorImpl.java:62)
	at sun.reflect.DelegatingMethodAccessorImpl.invoke(DelegatingMethodAccessorImpl.java:43)
	at java.lang.reflect.Method.invoke(Method.java:498)
	at org.gradle.internal.dispatch.ReflectionDispatch.dispatch(ReflectionDispatch.java:35)
	at org.gradle.internal.dispatch.ReflectionDispatch.dispatch(ReflectionDispatch.java:24)
	at org.gradle.internal.dispatch.ContextClassLoaderDispatch.dispatch(ContextClassLoaderDispatch.java:32)
	at org.gradle.internal.dispatch.ProxyDispatchAdapter$DispatchingInvocationHandler.invoke(ProxyDispatchAdapter.java:93)
	at com.sun.proxy.$Proxy2.processTestClass(Unknown Source)
	at org.gradle.api.internal.tasks.testing.worker.TestWorker.processTestClass(TestWorker.java:117)
	at sun.reflect.NativeMethodAccessorImpl.invoke0(Native Method)
	at sun.reflect.NativeMethodAccessorImpl.invoke(NativeMethodAccessorImpl.java:62)
	at sun.reflect.DelegatingMethodAccessorImpl.invoke(DelegatingMethodAccessorImpl.java:43)
	at java.lang.reflect.Method.invoke(Method.java:498)
	at org.gradle.internal.dispatch.ReflectionDispatch.dispatch(ReflectionDispatch.java:35)
	at org.gradle.internal.dispatch.ReflectionDispatch.dispatch(ReflectionDispatch.java:24)
	at org.gradle.internal.remote.internal.hub.MessageHubBackedObjectConnection$DispatchWrapper.dispatch(MessageHubBackedObjectConnection.java:155)
	at org.gradle.internal.remote.internal.hub.MessageHubBackedObjectConnection$DispatchWrapper.dispatch(MessageHubBackedObjectConnection.java:137)
	at org.gradle.internal.remote.internal.hub.MessageHub$Handler.run(MessageHub.java:404)
	at org.gradle.internal.concurrent.ExecutorPolicy$CatchAndRecordFailures.onExecute(ExecutorPolicy.java:63)
	at org.gradle.internal.concurrent.ManagedExecutorImpl$1.run(ManagedExecutorImpl.java:46)
	at java.util.concurrent.ThreadPoolExecutor.runWorker(ThreadPoolExecutor.java:1149)
	at java.util.concurrent.ThreadPoolExecutor$Worker.run(ThreadPoolExecutor.java:624)
	at org.gradle.internal.concurrent.ThreadFactoryImpl$ManagedThreadRunnable.run(ThreadFactoryImpl.java:55)
	at java.lang.Thread.run(Thread.java:748)
</pre>
</span>
</div>
<div class="test">
<a name="publish[16: com.dotcms.publishing.PublisherAPIImplTest$TestCase@745921f1]"></a>
<h3 class="failures">publish[16: com.dotcms.publishing.PublisherAPIImplTest$TestCase@745921f1]</h3>
<span class="code">
<pre>java.lang.AssertionError: Expected 20 but get 22 in /custom/assets/bundles/01EYS26HZ6Q6B038CXFGFNPCGR
Expected [/custom/assets/bundles/01EYS26HZ6Q6B038CXFGFNPCGR/live/System Host/1613596726452properties, /custom/assets/bundles/01EYS26HZ6Q6B038CXFGFNPCGR/live/System Host/1properties, /custom/assets/bundles/01EYS26HZ6Q6B038CXFGFNPCGR/live/default/1613598912236/0-content.ea889097-cb2e-4bba-89f0-383ef277fa3c.content.xml, /custom/assets/bundles/01EYS26HZ6Q6B038CXFGFNPCGR/live/System Host/tr_CP.language.xml, /custom/assets/bundles/01EYS26HZ6Q6B038CXFGFNPCGR/working/System Host/1/content.ff462f88-d9e1-4d31-b084-b73cb61976d3.host.xml, /custom/assets/bundles/01EYS26HZ6Q6B038CXFGFNPCGR/live/System Host/en_US.language.xml, /custom/assets/bundles/01EYS26HZ6Q6B038CXFGFNPCGR/live/System Host/1/734e2ce1-4b95-40d9-bb74-0c0369a1de7c.contentworkflow.xml, /custom/assets/bundles/01EYS26HZ6Q6B038CXFGFNPCGR/live/System Host/1/1-content.bab1e52c-521b-453a-aa10-b17f7ad1ec03.content.xml, /custom/assets/bundles/01EYS26HZ6Q6B038CXFGFNPCGR/live/System Host/1613598912236properties, /custom/assets/bundles/01EYS26HZ6Q6B038CXFGFNPCGR/live/System Host/jmxax_TESTCOUNTRYCODE1613596726452.language.xml, /custom/assets/bundles/01EYS26HZ6Q6B038CXFGFNPCGR/d61a59e1-a49c-46f2-a929-db2b4bfa88b2.workflow.xml, /custom/assets/bundles/01EYS26HZ6Q6B038CXFGFNPCGR/live/default/1613598912236/8cb7cdb4-c30a-4b9c-a30c-2d76556ae431.contentworkflow.xml, /custom/assets/bundles/01EYS26HZ6Q6B038CXFGFNPCGR/working/System Host/1/734e2ce1-4b95-40d9-bb74-0c0369a1de7c.contentworkflow.xml, /custom/assets/bundles/01EYS26HZ6Q6B038CXFGFNPCGR/live/System Host/1/7e9ff387-ea6f-4004-819c-89f2acfd1976.contentworkflow.xml, /custom/assets/bundles/01EYS26HZ6Q6B038CXFGFNPCGR/working/System Host/1/2-content.5b5e526e-cc72-430a-b096-4454af3f1494.content.xml, /custom/assets/bundles/01EYS26HZ6Q6B038CXFGFNPCGR/live/System Host/1/content.ff462f88-d9e1-4d31-b084-b73cb61976d3.host.xml, /custom/assets/bundles/01EYS26HZ6Q6B038CXFGFNPCGR/working/System Host/f4d7c1b8-2c88-4071-abf1-a5328977b07d.contentType.json, /custom/assets/bundles/01EYS26HZ6Q6B038CXFGFNPCGR/live/default/83352fbd-95fb-4211-a285-21563cb899a0.rule.xml, /custom/assets/bundles/01EYS26HZ6Q6B038CXFGFNPCGR/live/System Host/1/3-content.5b5e526e-cc72-430a-b096-4454af3f1494.content.xml]
Existing [/custom/assets/bundles/01EYS26HZ6Q6B038CXFGFNPCGR/ROOT/bc9a1d37-dd2d-4d49-a29d-0c9be740bfaf.folder.xml, /custom/assets/bundles/01EYS26HZ6Q6B038CXFGFNPCGR/bundle.xml, /custom/assets/bundles/01EYS26HZ6Q6B038CXFGFNPCGR/d61a59e1-a49c-46f2-a929-db2b4bfa88b2.workflow.xml, /custom/assets/bundles/01EYS26HZ6Q6B038CXFGFNPCGR/live/System Host/1/1-content.bab1e52c-521b-453a-aa10-b17f7ad1ec03.content.xml, /custom/assets/bundles/01EYS26HZ6Q6B038CXFGFNPCGR/live/System Host/1/3-content.5b5e526e-cc72-430a-b096-4454af3f1494.content.xml, /custom/assets/bundles/01EYS26HZ6Q6B038CXFGFNPCGR/live/System Host/1/734e2ce1-4b95-40d9-bb74-0c0369a1de7c.contentworkflow.xml, /custom/assets/bundles/01EYS26HZ6Q6B038CXFGFNPCGR/live/System Host/1/7e9ff387-ea6f-4004-819c-89f2acfd1976.contentworkflow.xml, /custom/assets/bundles/01EYS26HZ6Q6B038CXFGFNPCGR/live/System Host/1/content.ff462f88-d9e1-4d31-b084-b73cb61976d3.host.xml, /custom/assets/bundles/01EYS26HZ6Q6B038CXFGFNPCGR/live/System Host/1/system host.host.xml, /custom/assets/bundles/01EYS26HZ6Q6B038CXFGFNPCGR/live/System Host/1613596726452properties, /custom/assets/bundles/01EYS26HZ6Q6B038CXFGFNPCGR/live/System Host/1613598912236properties, /custom/assets/bundles/01EYS26HZ6Q6B038CXFGFNPCGR/live/System Host/1properties, /custom/assets/bundles/01EYS26HZ6Q6B038CXFGFNPCGR/live/System Host/en_US.language.xml, /custom/assets/bundles/01EYS26HZ6Q6B038CXFGFNPCGR/live/System Host/jmxax_TESTCOUNTRYCODE1613596726452.language.xml, /custom/assets/bundles/01EYS26HZ6Q6B038CXFGFNPCGR/live/System Host/tr_CP.language.xml, /custom/assets/bundles/01EYS26HZ6Q6B038CXFGFNPCGR/live/default/1613598912236/0-content.ea889097-cb2e-4bba-89f0-383ef277fa3c.content.xml, /custom/assets/bundles/01EYS26HZ6Q6B038CXFGFNPCGR/live/default/1613598912236/8cb7cdb4-c30a-4b9c-a30c-2d76556ae431.contentworkflow.xml, /custom/assets/bundles/01EYS26HZ6Q6B038CXFGFNPCGR/live/default/83352fbd-95fb-4211-a285-21563cb899a0.rule.xml, /custom/assets/bundles/01EYS26HZ6Q6B038CXFGFNPCGR/working/System Host/1/2-content.5b5e526e-cc72-430a-b096-4454af3f1494.content.xml, /custom/assets/bundles/01EYS26HZ6Q6B038CXFGFNPCGR/working/System Host/1/734e2ce1-4b95-40d9-bb74-0c0369a1de7c.contentworkflow.xml, /custom/assets/bundles/01EYS26HZ6Q6B038CXFGFNPCGR/working/System Host/1/content.ff462f88-d9e1-4d31-b084-b73cb61976d3.host.xml, /custom/assets/bundles/01EYS26HZ6Q6B038CXFGFNPCGR/working/System Host/f4d7c1b8-2c88-4071-abf1-a5328977b07d.contentType.json]
difference [/custom/assets/bundles/01EYS26HZ6Q6B038CXFGFNPCGR/ROOT/bc9a1d37-dd2d-4d49-a29d-0c9be740bfaf.folder.xml, /custom/assets/bundles/01EYS26HZ6Q6B038CXFGFNPCGR/bundle.xml, /custom/assets/bundles/01EYS26HZ6Q6B038CXFGFNPCGR/live/System Host/1/system host.host.xml]

	at org.jgroups.util.Util.assertEquals(Util.java:185)
	at com.dotcms.publishing.PublisherAPIImplTest.publish(PublisherAPIImplTest.java:407)
	at sun.reflect.GeneratedMethodAccessor1528.invoke(Unknown Source)
	at sun.reflect.DelegatingMethodAccessorImpl.invoke(DelegatingMethodAccessorImpl.java:43)
	at java.lang.reflect.Method.invoke(Method.java:498)
	at org.junit.runners.model.FrameworkMethod$1.runReflectiveCall(FrameworkMethod.java:50)
	at org.junit.internal.runners.model.ReflectiveCallable.run(ReflectiveCallable.java:12)
	at org.junit.runners.model.FrameworkMethod.invokeExplosively(FrameworkMethod.java:47)
	at com.tngtech.java.junit.dataprovider.DataProviderFrameworkMethod.invokeExplosively(DataProviderFrameworkMethod.java:119)
	at org.junit.internal.runners.statements.InvokeMethod.evaluate(InvokeMethod.java:17)
	at org.junit.rules.TestWatcher$1.evaluate(TestWatcher.java:55)
	at org.junit.rules.RunRules.evaluate(RunRules.java:20)
	at org.junit.runners.ParentRunner.runLeaf(ParentRunner.java:325)
	at com.dotcms.junit.CustomDataProviderRunner.runChild(CustomDataProviderRunner.java:28)
	at com.dotcms.junit.CustomDataProviderRunner.runChild(CustomDataProviderRunner.java:13)
	at org.junit.runners.ParentRunner$3.run(ParentRunner.java:290)
	at org.junit.runners.ParentRunner$1.schedule(ParentRunner.java:71)
	at org.junit.runners.ParentRunner.runChildren(ParentRunner.java:288)
	at org.junit.runners.ParentRunner.access$000(ParentRunner.java:58)
	at org.junit.runners.ParentRunner$2.evaluate(ParentRunner.java:268)
	at org.junit.internal.runners.statements.RunBefores.evaluate(RunBefores.java:26)
	at org.junit.internal.runners.statements.RunAfters.evaluate(RunAfters.java:27)
	at org.junit.runners.ParentRunner.run(ParentRunner.java:363)
	at org.junit.runners.Suite.runChild(Suite.java:128)
	at org.junit.runners.Suite.runChild(Suite.java:27)
	at org.junit.runners.ParentRunner$3.run(ParentRunner.java:290)
	at org.junit.runners.ParentRunner$1.schedule(ParentRunner.java:71)
	at org.junit.runners.ParentRunner.runChildren(ParentRunner.java:288)
	at org.junit.runners.ParentRunner.access$000(ParentRunner.java:58)
	at org.junit.runners.ParentRunner$2.evaluate(ParentRunner.java:268)
	at org.junit.runners.ParentRunner.run(ParentRunner.java:363)
	at org.gradle.api.internal.tasks.testing.junit.JUnitTestClassExecutor.runTestClass(JUnitTestClassExecutor.java:106)
	at org.gradle.api.internal.tasks.testing.junit.JUnitTestClassExecutor.execute(JUnitTestClassExecutor.java:58)
	at org.gradle.api.internal.tasks.testing.junit.JUnitTestClassExecutor.execute(JUnitTestClassExecutor.java:38)
	at org.gradle.api.internal.tasks.testing.junit.AbstractJUnitTestClassProcessor.processTestClass(AbstractJUnitTestClassProcessor.java:66)
	at org.gradle.api.internal.tasks.testing.SuiteTestClassProcessor.processTestClass(SuiteTestClassProcessor.java:51)
	at sun.reflect.NativeMethodAccessorImpl.invoke0(Native Method)
	at sun.reflect.NativeMethodAccessorImpl.invoke(NativeMethodAccessorImpl.java:62)
	at sun.reflect.DelegatingMethodAccessorImpl.invoke(DelegatingMethodAccessorImpl.java:43)
	at java.lang.reflect.Method.invoke(Method.java:498)
	at org.gradle.internal.dispatch.ReflectionDispatch.dispatch(ReflectionDispatch.java:35)
	at org.gradle.internal.dispatch.ReflectionDispatch.dispatch(ReflectionDispatch.java:24)
	at org.gradle.internal.dispatch.ContextClassLoaderDispatch.dispatch(ContextClassLoaderDispatch.java:32)
	at org.gradle.internal.dispatch.ProxyDispatchAdapter$DispatchingInvocationHandler.invoke(ProxyDispatchAdapter.java:93)
	at com.sun.proxy.$Proxy2.processTestClass(Unknown Source)
	at org.gradle.api.internal.tasks.testing.worker.TestWorker.processTestClass(TestWorker.java:117)
	at sun.reflect.NativeMethodAccessorImpl.invoke0(Native Method)
	at sun.reflect.NativeMethodAccessorImpl.invoke(NativeMethodAccessorImpl.java:62)
	at sun.reflect.DelegatingMethodAccessorImpl.invoke(DelegatingMethodAccessorImpl.java:43)
	at java.lang.reflect.Method.invoke(Method.java:498)
	at org.gradle.internal.dispatch.ReflectionDispatch.dispatch(ReflectionDispatch.java:35)
	at org.gradle.internal.dispatch.ReflectionDispatch.dispatch(ReflectionDispatch.java:24)
	at org.gradle.internal.remote.internal.hub.MessageHubBackedObjectConnection$DispatchWrapper.dispatch(MessageHubBackedObjectConnection.java:155)
	at org.gradle.internal.remote.internal.hub.MessageHubBackedObjectConnection$DispatchWrapper.dispatch(MessageHubBackedObjectConnection.java:137)
	at org.gradle.internal.remote.internal.hub.MessageHub$Handler.run(MessageHub.java:404)
	at org.gradle.internal.concurrent.ExecutorPolicy$CatchAndRecordFailures.onExecute(ExecutorPolicy.java:63)
	at org.gradle.internal.concurrent.ManagedExecutorImpl$1.run(ManagedExecutorImpl.java:46)
	at java.util.concurrent.ThreadPoolExecutor.runWorker(ThreadPoolExecutor.java:1149)
	at java.util.concurrent.ThreadPoolExecutor$Worker.run(ThreadPoolExecutor.java:624)
	at org.gradle.internal.concurrent.ThreadFactoryImpl$ManagedThreadRunnable.run(ThreadFactoryImpl.java:55)
	at java.lang.Thread.run(Thread.java:748)
</pre>
</span>
</div>
<div class="test">
<a name="publish[17: com.dotcms.publishing.PublisherAPIImplTest$TestCase@48c59fac]"></a>
<h3 class="failures">publish[17: com.dotcms.publishing.PublisherAPIImplTest$TestCase@48c59fac]</h3>
<span class="code">
<pre>java.lang.AssertionError: Expected 5 but get 6 in /custom/assets/bundles/01EYS26J1NXCT0AM66WXDZ63HB
Expected [/custom/assets/bundles/01EYS26J1NXCT0AM66WXDZ63HB/live/default/83352fbd-95fb-4211-a285-21563cb899a0.rule.xml, /custom/assets/bundles/01EYS26J1NXCT0AM66WXDZ63HB/working/System Host/1/content.ff462f88-d9e1-4d31-b084-b73cb61976d3.host.xml, /custom/assets/bundles/01EYS26J1NXCT0AM66WXDZ63HB/live/test1613596726453.dotcms.com/e912b113-3343-43b9-b20e-f9cff47a4f95.rule.xml, /custom/assets/bundles/01EYS26J1NXCT0AM66WXDZ63HB/live/System Host/1/content.ff462f88-d9e1-4d31-b084-b73cb61976d3.host.xml]
Existing [/custom/assets/bundles/01EYS26J1NXCT0AM66WXDZ63HB/bundle.xml, /custom/assets/bundles/01EYS26J1NXCT0AM66WXDZ63HB/live/System Host/1/content.ff462f88-d9e1-4d31-b084-b73cb61976d3.host.xml, /custom/assets/bundles/01EYS26J1NXCT0AM66WXDZ63HB/live/System Host/1/system host.host.xml, /custom/assets/bundles/01EYS26J1NXCT0AM66WXDZ63HB/live/default/83352fbd-95fb-4211-a285-21563cb899a0.rule.xml, /custom/assets/bundles/01EYS26J1NXCT0AM66WXDZ63HB/live/test1613596726453.dotcms.com/e912b113-3343-43b9-b20e-f9cff47a4f95.rule.xml, /custom/assets/bundles/01EYS26J1NXCT0AM66WXDZ63HB/working/System Host/1/content.ff462f88-d9e1-4d31-b084-b73cb61976d3.host.xml]
difference [/custom/assets/bundles/01EYS26J1NXCT0AM66WXDZ63HB/bundle.xml, /custom/assets/bundles/01EYS26J1NXCT0AM66WXDZ63HB/live/System Host/1/system host.host.xml]

	at org.jgroups.util.Util.assertEquals(Util.java:185)
	at com.dotcms.publishing.PublisherAPIImplTest.publish(PublisherAPIImplTest.java:407)
	at sun.reflect.GeneratedMethodAccessor1528.invoke(Unknown Source)
	at sun.reflect.DelegatingMethodAccessorImpl.invoke(DelegatingMethodAccessorImpl.java:43)
	at java.lang.reflect.Method.invoke(Method.java:498)
	at org.junit.runners.model.FrameworkMethod$1.runReflectiveCall(FrameworkMethod.java:50)
	at org.junit.internal.runners.model.ReflectiveCallable.run(ReflectiveCallable.java:12)
	at org.junit.runners.model.FrameworkMethod.invokeExplosively(FrameworkMethod.java:47)
	at com.tngtech.java.junit.dataprovider.DataProviderFrameworkMethod.invokeExplosively(DataProviderFrameworkMethod.java:119)
	at org.junit.internal.runners.statements.InvokeMethod.evaluate(InvokeMethod.java:17)
	at org.junit.rules.TestWatcher$1.evaluate(TestWatcher.java:55)
	at org.junit.rules.RunRules.evaluate(RunRules.java:20)
	at org.junit.runners.ParentRunner.runLeaf(ParentRunner.java:325)
	at com.dotcms.junit.CustomDataProviderRunner.runChild(CustomDataProviderRunner.java:28)
	at com.dotcms.junit.CustomDataProviderRunner.runChild(CustomDataProviderRunner.java:13)
	at org.junit.runners.ParentRunner$3.run(ParentRunner.java:290)
	at org.junit.runners.ParentRunner$1.schedule(ParentRunner.java:71)
	at org.junit.runners.ParentRunner.runChildren(ParentRunner.java:288)
	at org.junit.runners.ParentRunner.access$000(ParentRunner.java:58)
	at org.junit.runners.ParentRunner$2.evaluate(ParentRunner.java:268)
	at org.junit.internal.runners.statements.RunBefores.evaluate(RunBefores.java:26)
	at org.junit.internal.runners.statements.RunAfters.evaluate(RunAfters.java:27)
	at org.junit.runners.ParentRunner.run(ParentRunner.java:363)
	at org.junit.runners.Suite.runChild(Suite.java:128)
	at org.junit.runners.Suite.runChild(Suite.java:27)
	at org.junit.runners.ParentRunner$3.run(ParentRunner.java:290)
	at org.junit.runners.ParentRunner$1.schedule(ParentRunner.java:71)
	at org.junit.runners.ParentRunner.runChildren(ParentRunner.java:288)
	at org.junit.runners.ParentRunner.access$000(ParentRunner.java:58)
	at org.junit.runners.ParentRunner$2.evaluate(ParentRunner.java:268)
	at org.junit.runners.ParentRunner.run(ParentRunner.java:363)
	at org.gradle.api.internal.tasks.testing.junit.JUnitTestClassExecutor.runTestClass(JUnitTestClassExecutor.java:106)
	at org.gradle.api.internal.tasks.testing.junit.JUnitTestClassExecutor.execute(JUnitTestClassExecutor.java:58)
	at org.gradle.api.internal.tasks.testing.junit.JUnitTestClassExecutor.execute(JUnitTestClassExecutor.java:38)
	at org.gradle.api.internal.tasks.testing.junit.AbstractJUnitTestClassProcessor.processTestClass(AbstractJUnitTestClassProcessor.java:66)
	at org.gradle.api.internal.tasks.testing.SuiteTestClassProcessor.processTestClass(SuiteTestClassProcessor.java:51)
	at sun.reflect.NativeMethodAccessorImpl.invoke0(Native Method)
	at sun.reflect.NativeMethodAccessorImpl.invoke(NativeMethodAccessorImpl.java:62)
	at sun.reflect.DelegatingMethodAccessorImpl.invoke(DelegatingMethodAccessorImpl.java:43)
	at java.lang.reflect.Method.invoke(Method.java:498)
	at org.gradle.internal.dispatch.ReflectionDispatch.dispatch(ReflectionDispatch.java:35)
	at org.gradle.internal.dispatch.ReflectionDispatch.dispatch(ReflectionDispatch.java:24)
	at org.gradle.internal.dispatch.ContextClassLoaderDispatch.dispatch(ContextClassLoaderDispatch.java:32)
	at org.gradle.internal.dispatch.ProxyDispatchAdapter$DispatchingInvocationHandler.invoke(ProxyDispatchAdapter.java:93)
	at com.sun.proxy.$Proxy2.processTestClass(Unknown Source)
	at org.gradle.api.internal.tasks.testing.worker.TestWorker.processTestClass(TestWorker.java:117)
	at sun.reflect.NativeMethodAccessorImpl.invoke0(Native Method)
	at sun.reflect.NativeMethodAccessorImpl.invoke(NativeMethodAccessorImpl.java:62)
	at sun.reflect.DelegatingMethodAccessorImpl.invoke(DelegatingMethodAccessorImpl.java:43)
	at java.lang.reflect.Method.invoke(Method.java:498)
	at org.gradle.internal.dispatch.ReflectionDispatch.dispatch(ReflectionDispatch.java:35)
	at org.gradle.internal.dispatch.ReflectionDispatch.dispatch(ReflectionDispatch.java:24)
	at org.gradle.internal.remote.internal.hub.MessageHubBackedObjectConnection$DispatchWrapper.dispatch(MessageHubBackedObjectConnection.java:155)
	at org.gradle.internal.remote.internal.hub.MessageHubBackedObjectConnection$DispatchWrapper.dispatch(MessageHubBackedObjectConnection.java:137)
	at org.gradle.internal.remote.internal.hub.MessageHub$Handler.run(MessageHub.java:404)
	at org.gradle.internal.concurrent.ExecutorPolicy$CatchAndRecordFailures.onExecute(ExecutorPolicy.java:63)
	at org.gradle.internal.concurrent.ManagedExecutorImpl$1.run(ManagedExecutorImpl.java:46)
	at java.util.concurrent.ThreadPoolExecutor.runWorker(ThreadPoolExecutor.java:1149)
	at java.util.concurrent.ThreadPoolExecutor$Worker.run(ThreadPoolExecutor.java:624)
	at org.gradle.internal.concurrent.ThreadFactoryImpl$ManagedThreadRunnable.run(ThreadFactoryImpl.java:55)
	at java.lang.Thread.run(Thread.java:748)
</pre>
</span>
</div>
<div class="test">
<a name="publish[1: com.dotcms.publishing.PublisherAPIImplTest$TestCase@4d974ede]"></a>
<h3 class="failures">publish[1: com.dotcms.publishing.PublisherAPIImplTest$TestCase@4d974ede]</h3>
<span class="code">
<pre>java.lang.AssertionError: Expected 23 but get 25 in /custom/assets/bundles/01EYS26G8KAT4J5W87JNAPRPEV
Expected [/custom/assets/bundles/01EYS26G8KAT4J5W87JNAPRPEV/live/System Host/1/3-content.5b5e526e-cc72-430a-b096-4454af3f1494.content.xml, /custom/assets/bundles/01EYS26G8KAT4J5W87JNAPRPEV/live/default/1613598912236/8cb7cdb4-c30a-4b9c-a30c-2d76556ae431.contentworkflow.xml, /custom/assets/bundles/01EYS26G8KAT4J5W87JNAPRPEV/working/test1613596721378.dotcms.com/5af295b3-8b6c-4040-9503-5995ade428c8.containers.container.xml, /custom/assets/bundles/01EYS26G8KAT4J5W87JNAPRPEV/live/System Host/en_US.language.xml, /custom/assets/bundles/01EYS26G8KAT4J5W87JNAPRPEV/working/System Host/1/2-content.5b5e526e-cc72-430a-b096-4454af3f1494.content.xml, /custom/assets/bundles/01EYS26G8KAT4J5W87JNAPRPEV/live/default/83352fbd-95fb-4211-a285-21563cb899a0.rule.xml, /custom/assets/bundles/01EYS26G8KAT4J5W87JNAPRPEV/live/System Host/1/1-content.bab1e52c-521b-453a-aa10-b17f7ad1ec03.content.xml, /custom/assets/bundles/01EYS26G8KAT4J5W87JNAPRPEV/live/System Host/1/content.2b31fbe6-1ab2-4427-b2f2-1e98d93d6db9.host.xml, /custom/assets/bundles/01EYS26G8KAT4J5W87JNAPRPEV/live/default/1613598912236/0-content.ea889097-cb2e-4bba-89f0-383ef277fa3c.content.xml, /custom/assets/bundles/01EYS26G8KAT4J5W87JNAPRPEV/live/test1613596721378.dotcms.com/f3e634c8-9ef6-4457-97ef-8e3e0751fe00.template.template.xml, /custom/assets/bundles/01EYS26G8KAT4J5W87JNAPRPEV/d61a59e1-a49c-46f2-a929-db2b4bfa88b2.workflow.xml, /custom/assets/bundles/01EYS26G8KAT4J5W87JNAPRPEV/working/System Host/1/734e2ce1-4b95-40d9-bb74-0c0369a1de7c.contentworkflow.xml, /custom/assets/bundles/01EYS26G8KAT4J5W87JNAPRPEV/live/System Host/1/content.ff462f88-d9e1-4d31-b084-b73cb61976d3.host.xml, /custom/assets/bundles/01EYS26G8KAT4J5W87JNAPRPEV/live/System Host/1/7e9ff387-ea6f-4004-819c-89f2acfd1976.contentworkflow.xml, /custom/assets/bundles/01EYS26G8KAT4J5W87JNAPRPEV/live/System Host/1613598912236properties, /custom/assets/bundles/01EYS26G8KAT4J5W87JNAPRPEV/working/System Host/f4d7c1b8-2c88-4071-abf1-a5328977b07d.contentType.json, /custom/assets/bundles/01EYS26G8KAT4J5W87JNAPRPEV/working/test1613596721378.dotcms.com/ddb350f6-060c-44e3-9c98-c7976690d726.containers.container.xml, /custom/assets/bundles/01EYS26G8KAT4J5W87JNAPRPEV/live/System Host/tr_CP.language.xml, /custom/assets/bundles/01EYS26G8KAT4J5W87JNAPRPEV/working/test1613596721378.dotcms.com/cd167c12-0114-44ab-9bde-0bcd1af50b82.contentType.json, /custom/assets/bundles/01EYS26G8KAT4J5W87JNAPRPEV/live/System Host/1properties, /custom/assets/bundles/01EYS26G8KAT4J5W87JNAPRPEV/live/System Host/1/734e2ce1-4b95-40d9-bb74-0c0369a1de7c.contentworkflow.xml, /custom/assets/bundles/01EYS26G8KAT4J5W87JNAPRPEV/working/System Host/1/content.ff462f88-d9e1-4d31-b084-b73cb61976d3.host.xml]
Existing [/custom/assets/bundles/01EYS26G8KAT4J5W87JNAPRPEV/ROOT/bc9a1d37-dd2d-4d49-a29d-0c9be740bfaf.folder.xml, /custom/assets/bundles/01EYS26G8KAT4J5W87JNAPRPEV/bundle.xml, /custom/assets/bundles/01EYS26G8KAT4J5W87JNAPRPEV/d61a59e1-a49c-46f2-a929-db2b4bfa88b2.workflow.xml, /custom/assets/bundles/01EYS26G8KAT4J5W87JNAPRPEV/live/System Host/1/1-content.bab1e52c-521b-453a-aa10-b17f7ad1ec03.content.xml, /custom/assets/bundles/01EYS26G8KAT4J5W87JNAPRPEV/live/System Host/1/3-content.5b5e526e-cc72-430a-b096-4454af3f1494.content.xml, /custom/assets/bundles/01EYS26G8KAT4J5W87JNAPRPEV/live/System Host/1/734e2ce1-4b95-40d9-bb74-0c0369a1de7c.contentworkflow.xml, /custom/assets/bundles/01EYS26G8KAT4J5W87JNAPRPEV/live/System Host/1/7e9ff387-ea6f-4004-819c-89f2acfd1976.contentworkflow.xml, /custom/assets/bundles/01EYS26G8KAT4J5W87JNAPRPEV/live/System Host/1/content.2b31fbe6-1ab2-4427-b2f2-1e98d93d6db9.host.xml, /custom/assets/bundles/01EYS26G8KAT4J5W87JNAPRPEV/live/System Host/1/content.ff462f88-d9e1-4d31-b084-b73cb61976d3.host.xml, /custom/assets/bundles/01EYS26G8KAT4J5W87JNAPRPEV/live/System Host/1/system host.host.xml, /custom/assets/bundles/01EYS26G8KAT4J5W87JNAPRPEV/live/System Host/1613598912236properties, /custom/assets/bundles/01EYS26G8KAT4J5W87JNAPRPEV/live/System Host/1properties, /custom/assets/bundles/01EYS26G8KAT4J5W87JNAPRPEV/live/System Host/en_US.language.xml, /custom/assets/bundles/01EYS26G8KAT4J5W87JNAPRPEV/live/System Host/tr_CP.language.xml, /custom/assets/bundles/01EYS26G8KAT4J5W87JNAPRPEV/live/default/1613598912236/0-content.ea889097-cb2e-4bba-89f0-383ef277fa3c.content.xml, /custom/assets/bundles/01EYS26G8KAT4J5W87JNAPRPEV/live/default/1613598912236/8cb7cdb4-c30a-4b9c-a30c-2d76556ae431.contentworkflow.xml, /custom/assets/bundles/01EYS26G8KAT4J5W87JNAPRPEV/live/default/83352fbd-95fb-4211-a285-21563cb899a0.rule.xml, /custom/assets/bundles/01EYS26G8KAT4J5W87JNAPRPEV/live/test1613596721378.dotcms.com/f3e634c8-9ef6-4457-97ef-8e3e0751fe00.template.template.xml, /custom/assets/bundles/01EYS26G8KAT4J5W87JNAPRPEV/working/System Host/1/2-content.5b5e526e-cc72-430a-b096-4454af3f1494.content.xml, /custom/assets/bundles/01EYS26G8KAT4J5W87JNAPRPEV/working/System Host/1/734e2ce1-4b95-40d9-bb74-0c0369a1de7c.contentworkflow.xml, /custom/assets/bundles/01EYS26G8KAT4J5W87JNAPRPEV/working/System Host/1/content.ff462f88-d9e1-4d31-b084-b73cb61976d3.host.xml, /custom/assets/bundles/01EYS26G8KAT4J5W87JNAPRPEV/working/System Host/f4d7c1b8-2c88-4071-abf1-a5328977b07d.contentType.json, /custom/assets/bundles/01EYS26G8KAT4J5W87JNAPRPEV/working/test1613596721378.dotcms.com/5af295b3-8b6c-4040-9503-5995ade428c8.containers.container.xml, /custom/assets/bundles/01EYS26G8KAT4J5W87JNAPRPEV/working/test1613596721378.dotcms.com/cd167c12-0114-44ab-9bde-0bcd1af50b82.contentType.json, /custom/assets/bundles/01EYS26G8KAT4J5W87JNAPRPEV/working/test1613596721378.dotcms.com/ddb350f6-060c-44e3-9c98-c7976690d726.containers.container.xml]
difference [/custom/assets/bundles/01EYS26G8KAT4J5W87JNAPRPEV/ROOT/bc9a1d37-dd2d-4d49-a29d-0c9be740bfaf.folder.xml, /custom/assets/bundles/01EYS26G8KAT4J5W87JNAPRPEV/bundle.xml, /custom/assets/bundles/01EYS26G8KAT4J5W87JNAPRPEV/live/System Host/1/system host.host.xml]

	at org.jgroups.util.Util.assertEquals(Util.java:185)
	at com.dotcms.publishing.PublisherAPIImplTest.publish(PublisherAPIImplTest.java:407)
	at sun.reflect.NativeMethodAccessorImpl.invoke0(Native Method)
	at sun.reflect.NativeMethodAccessorImpl.invoke(NativeMethodAccessorImpl.java:62)
	at sun.reflect.DelegatingMethodAccessorImpl.invoke(DelegatingMethodAccessorImpl.java:43)
	at java.lang.reflect.Method.invoke(Method.java:498)
	at org.junit.runners.model.FrameworkMethod$1.runReflectiveCall(FrameworkMethod.java:50)
	at org.junit.internal.runners.model.ReflectiveCallable.run(ReflectiveCallable.java:12)
	at org.junit.runners.model.FrameworkMethod.invokeExplosively(FrameworkMethod.java:47)
	at com.tngtech.java.junit.dataprovider.DataProviderFrameworkMethod.invokeExplosively(DataProviderFrameworkMethod.java:119)
	at org.junit.internal.runners.statements.InvokeMethod.evaluate(InvokeMethod.java:17)
	at org.junit.rules.TestWatcher$1.evaluate(TestWatcher.java:55)
	at org.junit.rules.RunRules.evaluate(RunRules.java:20)
	at org.junit.runners.ParentRunner.runLeaf(ParentRunner.java:325)
	at com.dotcms.junit.CustomDataProviderRunner.runChild(CustomDataProviderRunner.java:28)
	at com.dotcms.junit.CustomDataProviderRunner.runChild(CustomDataProviderRunner.java:13)
	at org.junit.runners.ParentRunner$3.run(ParentRunner.java:290)
	at org.junit.runners.ParentRunner$1.schedule(ParentRunner.java:71)
	at org.junit.runners.ParentRunner.runChildren(ParentRunner.java:288)
	at org.junit.runners.ParentRunner.access$000(ParentRunner.java:58)
	at org.junit.runners.ParentRunner$2.evaluate(ParentRunner.java:268)
	at org.junit.internal.runners.statements.RunBefores.evaluate(RunBefores.java:26)
	at org.junit.internal.runners.statements.RunAfters.evaluate(RunAfters.java:27)
	at org.junit.runners.ParentRunner.run(ParentRunner.java:363)
	at org.junit.runners.Suite.runChild(Suite.java:128)
	at org.junit.runners.Suite.runChild(Suite.java:27)
	at org.junit.runners.ParentRunner$3.run(ParentRunner.java:290)
	at org.junit.runners.ParentRunner$1.schedule(ParentRunner.java:71)
	at org.junit.runners.ParentRunner.runChildren(ParentRunner.java:288)
	at org.junit.runners.ParentRunner.access$000(ParentRunner.java:58)
	at org.junit.runners.ParentRunner$2.evaluate(ParentRunner.java:268)
	at org.junit.runners.ParentRunner.run(ParentRunner.java:363)
	at org.gradle.api.internal.tasks.testing.junit.JUnitTestClassExecutor.runTestClass(JUnitTestClassExecutor.java:106)
	at org.gradle.api.internal.tasks.testing.junit.JUnitTestClassExecutor.execute(JUnitTestClassExecutor.java:58)
	at org.gradle.api.internal.tasks.testing.junit.JUnitTestClassExecutor.execute(JUnitTestClassExecutor.java:38)
	at org.gradle.api.internal.tasks.testing.junit.AbstractJUnitTestClassProcessor.processTestClass(AbstractJUnitTestClassProcessor.java:66)
	at org.gradle.api.internal.tasks.testing.SuiteTestClassProcessor.processTestClass(SuiteTestClassProcessor.java:51)
	at sun.reflect.NativeMethodAccessorImpl.invoke0(Native Method)
	at sun.reflect.NativeMethodAccessorImpl.invoke(NativeMethodAccessorImpl.java:62)
	at sun.reflect.DelegatingMethodAccessorImpl.invoke(DelegatingMethodAccessorImpl.java:43)
	at java.lang.reflect.Method.invoke(Method.java:498)
	at org.gradle.internal.dispatch.ReflectionDispatch.dispatch(ReflectionDispatch.java:35)
	at org.gradle.internal.dispatch.ReflectionDispatch.dispatch(ReflectionDispatch.java:24)
	at org.gradle.internal.dispatch.ContextClassLoaderDispatch.dispatch(ContextClassLoaderDispatch.java:32)
	at org.gradle.internal.dispatch.ProxyDispatchAdapter$DispatchingInvocationHandler.invoke(ProxyDispatchAdapter.java:93)
	at com.sun.proxy.$Proxy2.processTestClass(Unknown Source)
	at org.gradle.api.internal.tasks.testing.worker.TestWorker.processTestClass(TestWorker.java:117)
	at sun.reflect.NativeMethodAccessorImpl.invoke0(Native Method)
	at sun.reflect.NativeMethodAccessorImpl.invoke(NativeMethodAccessorImpl.java:62)
	at sun.reflect.DelegatingMethodAccessorImpl.invoke(DelegatingMethodAccessorImpl.java:43)
	at java.lang.reflect.Method.invoke(Method.java:498)
	at org.gradle.internal.dispatch.ReflectionDispatch.dispatch(ReflectionDispatch.java:35)
	at org.gradle.internal.dispatch.ReflectionDispatch.dispatch(ReflectionDispatch.java:24)
	at org.gradle.internal.remote.internal.hub.MessageHubBackedObjectConnection$DispatchWrapper.dispatch(MessageHubBackedObjectConnection.java:155)
	at org.gradle.internal.remote.internal.hub.MessageHubBackedObjectConnection$DispatchWrapper.dispatch(MessageHubBackedObjectConnection.java:137)
	at org.gradle.internal.remote.internal.hub.MessageHub$Handler.run(MessageHub.java:404)
	at org.gradle.internal.concurrent.ExecutorPolicy$CatchAndRecordFailures.onExecute(ExecutorPolicy.java:63)
	at org.gradle.internal.concurrent.ManagedExecutorImpl$1.run(ManagedExecutorImpl.java:46)
	at java.util.concurrent.ThreadPoolExecutor.runWorker(ThreadPoolExecutor.java:1149)
	at java.util.concurrent.ThreadPoolExecutor$Worker.run(ThreadPoolExecutor.java:624)
	at org.gradle.internal.concurrent.ThreadFactoryImpl$ManagedThreadRunnable.run(ThreadFactoryImpl.java:55)
	at java.lang.Thread.run(Thread.java:748)
</pre>
</span>
</div>
<div class="test">
<a name="publish[2: com.dotcms.publishing.PublisherAPIImplTest$TestCase@483a91be]"></a>
<h3 class="failures">publish[2: com.dotcms.publishing.PublisherAPIImplTest$TestCase@483a91be]</h3>
<span class="code">
<pre>java.lang.AssertionError: Expected 21 but get 23 in /custom/assets/bundles/01EYS26GCGEAH5VDB24D5QG7DK
Expected [/custom/assets/bundles/01EYS26GCGEAH5VDB24D5QG7DK/working/test1613596722361.dotcms.com/9b1ef753-5c4b-4dec-ba34-43c0147ed4b4.contentType.json, /custom/assets/bundles/01EYS26GCGEAH5VDB24D5QG7DK/live/System Host/1/1-content.bab1e52c-521b-453a-aa10-b17f7ad1ec03.content.xml, /custom/assets/bundles/01EYS26GCGEAH5VDB24D5QG7DK/live/System Host/1613598912236properties, /custom/assets/bundles/01EYS26GCGEAH5VDB24D5QG7DK/live/System Host/1/content.ff462f88-d9e1-4d31-b084-b73cb61976d3.host.xml, /custom/assets/bundles/01EYS26GCGEAH5VDB24D5QG7DK/live/default/1613598912236/8cb7cdb4-c30a-4b9c-a30c-2d76556ae431.contentworkflow.xml, /custom/assets/bundles/01EYS26GCGEAH5VDB24D5QG7DK/d61a59e1-a49c-46f2-a929-db2b4bfa88b2.workflow.xml, /custom/assets/bundles/01EYS26GCGEAH5VDB24D5QG7DK/live/System Host/1properties, /custom/assets/bundles/01EYS26GCGEAH5VDB24D5QG7DK/working/System Host/1/content.ff462f88-d9e1-4d31-b084-b73cb61976d3.host.xml, /custom/assets/bundles/01EYS26GCGEAH5VDB24D5QG7DK/live/default/83352fbd-95fb-4211-a285-21563cb899a0.rule.xml, /custom/assets/bundles/01EYS26GCGEAH5VDB24D5QG7DK/live/System Host/1/7e9ff387-ea6f-4004-819c-89f2acfd1976.contentworkflow.xml, /custom/assets/bundles/01EYS26GCGEAH5VDB24D5QG7DK/live/System Host/en_US.language.xml, /custom/assets/bundles/01EYS26GCGEAH5VDB24D5QG7DK/working/System Host/1/2-content.5b5e526e-cc72-430a-b096-4454af3f1494.content.xml, /custom/assets/bundles/01EYS26GCGEAH5VDB24D5QG7DK/working/test1613596722361.dotcms.com/be7d2372-a2f7-4d61-902a-ffb69103e2f0.containers.container.xml, /custom/assets/bundles/01EYS26GCGEAH5VDB24D5QG7DK/live/System Host/1/734e2ce1-4b95-40d9-bb74-0c0369a1de7c.contentworkflow.xml, /custom/assets/bundles/01EYS26GCGEAH5VDB24D5QG7DK/live/System Host/tr_CP.language.xml, /custom/assets/bundles/01EYS26GCGEAH5VDB24D5QG7DK/live/default/1613598912236/0-content.ea889097-cb2e-4bba-89f0-383ef277fa3c.content.xml, /custom/assets/bundles/01EYS26GCGEAH5VDB24D5QG7DK/working/System Host/1/734e2ce1-4b95-40d9-bb74-0c0369a1de7c.contentworkflow.xml, /custom/assets/bundles/01EYS26GCGEAH5VDB24D5QG7DK/live/System Host/1/3-content.5b5e526e-cc72-430a-b096-4454af3f1494.content.xml, /custom/assets/bundles/01EYS26GCGEAH5VDB24D5QG7DK/working/System Host/f4d7c1b8-2c88-4071-abf1-a5328977b07d.contentType.json, /custom/assets/bundles/01EYS26GCGEAH5VDB24D5QG7DK/live/System Host/1/content.820d037a-c4d9-47d2-89cc-3e1fa3d515e1.host.xml]
Existing [/custom/assets/bundles/01EYS26GCGEAH5VDB24D5QG7DK/ROOT/bc9a1d37-dd2d-4d49-a29d-0c9be740bfaf.folder.xml, /custom/assets/bundles/01EYS26GCGEAH5VDB24D5QG7DK/bundle.xml, /custom/assets/bundles/01EYS26GCGEAH5VDB24D5QG7DK/d61a59e1-a49c-46f2-a929-db2b4bfa88b2.workflow.xml, /custom/assets/bundles/01EYS26GCGEAH5VDB24D5QG7DK/live/System Host/1/1-content.bab1e52c-521b-453a-aa10-b17f7ad1ec03.content.xml, /custom/assets/bundles/01EYS26GCGEAH5VDB24D5QG7DK/live/System Host/1/3-content.5b5e526e-cc72-430a-b096-4454af3f1494.content.xml, /custom/assets/bundles/01EYS26GCGEAH5VDB24D5QG7DK/live/System Host/1/734e2ce1-4b95-40d9-bb74-0c0369a1de7c.contentworkflow.xml, /custom/assets/bundles/01EYS26GCGEAH5VDB24D5QG7DK/live/System Host/1/7e9ff387-ea6f-4004-819c-89f2acfd1976.contentworkflow.xml, /custom/assets/bundles/01EYS26GCGEAH5VDB24D5QG7DK/live/System Host/1/content.820d037a-c4d9-47d2-89cc-3e1fa3d515e1.host.xml, /custom/assets/bundles/01EYS26GCGEAH5VDB24D5QG7DK/live/System Host/1/content.ff462f88-d9e1-4d31-b084-b73cb61976d3.host.xml, /custom/assets/bundles/01EYS26GCGEAH5VDB24D5QG7DK/live/System Host/1/system host.host.xml, /custom/assets/bundles/01EYS26GCGEAH5VDB24D5QG7DK/live/System Host/1613598912236properties, /custom/assets/bundles/01EYS26GCGEAH5VDB24D5QG7DK/live/System Host/1properties, /custom/assets/bundles/01EYS26GCGEAH5VDB24D5QG7DK/live/System Host/en_US.language.xml, /custom/assets/bundles/01EYS26GCGEAH5VDB24D5QG7DK/live/System Host/tr_CP.language.xml, /custom/assets/bundles/01EYS26GCGEAH5VDB24D5QG7DK/live/default/1613598912236/0-content.ea889097-cb2e-4bba-89f0-383ef277fa3c.content.xml, /custom/assets/bundles/01EYS26GCGEAH5VDB24D5QG7DK/live/default/1613598912236/8cb7cdb4-c30a-4b9c-a30c-2d76556ae431.contentworkflow.xml, /custom/assets/bundles/01EYS26GCGEAH5VDB24D5QG7DK/live/default/83352fbd-95fb-4211-a285-21563cb899a0.rule.xml, /custom/assets/bundles/01EYS26GCGEAH5VDB24D5QG7DK/working/System Host/1/2-content.5b5e526e-cc72-430a-b096-4454af3f1494.content.xml, /custom/assets/bundles/01EYS26GCGEAH5VDB24D5QG7DK/working/System Host/1/734e2ce1-4b95-40d9-bb74-0c0369a1de7c.contentworkflow.xml, /custom/assets/bundles/01EYS26GCGEAH5VDB24D5QG7DK/working/System Host/1/content.ff462f88-d9e1-4d31-b084-b73cb61976d3.host.xml, /custom/assets/bundles/01EYS26GCGEAH5VDB24D5QG7DK/working/System Host/f4d7c1b8-2c88-4071-abf1-a5328977b07d.contentType.json, /custom/assets/bundles/01EYS26GCGEAH5VDB24D5QG7DK/working/test1613596722361.dotcms.com/9b1ef753-5c4b-4dec-ba34-43c0147ed4b4.contentType.json, /custom/assets/bundles/01EYS26GCGEAH5VDB24D5QG7DK/working/test1613596722361.dotcms.com/be7d2372-a2f7-4d61-902a-ffb69103e2f0.containers.container.xml]
difference [/custom/assets/bundles/01EYS26GCGEAH5VDB24D5QG7DK/ROOT/bc9a1d37-dd2d-4d49-a29d-0c9be740bfaf.folder.xml, /custom/assets/bundles/01EYS26GCGEAH5VDB24D5QG7DK/bundle.xml, /custom/assets/bundles/01EYS26GCGEAH5VDB24D5QG7DK/live/System Host/1/system host.host.xml]

	at org.jgroups.util.Util.assertEquals(Util.java:185)
	at com.dotcms.publishing.PublisherAPIImplTest.publish(PublisherAPIImplTest.java:407)
	at sun.reflect.NativeMethodAccessorImpl.invoke0(Native Method)
	at sun.reflect.NativeMethodAccessorImpl.invoke(NativeMethodAccessorImpl.java:62)
	at sun.reflect.DelegatingMethodAccessorImpl.invoke(DelegatingMethodAccessorImpl.java:43)
	at java.lang.reflect.Method.invoke(Method.java:498)
	at org.junit.runners.model.FrameworkMethod$1.runReflectiveCall(FrameworkMethod.java:50)
	at org.junit.internal.runners.model.ReflectiveCallable.run(ReflectiveCallable.java:12)
	at org.junit.runners.model.FrameworkMethod.invokeExplosively(FrameworkMethod.java:47)
	at com.tngtech.java.junit.dataprovider.DataProviderFrameworkMethod.invokeExplosively(DataProviderFrameworkMethod.java:119)
	at org.junit.internal.runners.statements.InvokeMethod.evaluate(InvokeMethod.java:17)
	at org.junit.rules.TestWatcher$1.evaluate(TestWatcher.java:55)
	at org.junit.rules.RunRules.evaluate(RunRules.java:20)
	at org.junit.runners.ParentRunner.runLeaf(ParentRunner.java:325)
	at com.dotcms.junit.CustomDataProviderRunner.runChild(CustomDataProviderRunner.java:28)
	at com.dotcms.junit.CustomDataProviderRunner.runChild(CustomDataProviderRunner.java:13)
	at org.junit.runners.ParentRunner$3.run(ParentRunner.java:290)
	at org.junit.runners.ParentRunner$1.schedule(ParentRunner.java:71)
	at org.junit.runners.ParentRunner.runChildren(ParentRunner.java:288)
	at org.junit.runners.ParentRunner.access$000(ParentRunner.java:58)
	at org.junit.runners.ParentRunner$2.evaluate(ParentRunner.java:268)
	at org.junit.internal.runners.statements.RunBefores.evaluate(RunBefores.java:26)
	at org.junit.internal.runners.statements.RunAfters.evaluate(RunAfters.java:27)
	at org.junit.runners.ParentRunner.run(ParentRunner.java:363)
	at org.junit.runners.Suite.runChild(Suite.java:128)
	at org.junit.runners.Suite.runChild(Suite.java:27)
	at org.junit.runners.ParentRunner$3.run(ParentRunner.java:290)
	at org.junit.runners.ParentRunner$1.schedule(ParentRunner.java:71)
	at org.junit.runners.ParentRunner.runChildren(ParentRunner.java:288)
	at org.junit.runners.ParentRunner.access$000(ParentRunner.java:58)
	at org.junit.runners.ParentRunner$2.evaluate(ParentRunner.java:268)
	at org.junit.runners.ParentRunner.run(ParentRunner.java:363)
	at org.gradle.api.internal.tasks.testing.junit.JUnitTestClassExecutor.runTestClass(JUnitTestClassExecutor.java:106)
	at org.gradle.api.internal.tasks.testing.junit.JUnitTestClassExecutor.execute(JUnitTestClassExecutor.java:58)
	at org.gradle.api.internal.tasks.testing.junit.JUnitTestClassExecutor.execute(JUnitTestClassExecutor.java:38)
	at org.gradle.api.internal.tasks.testing.junit.AbstractJUnitTestClassProcessor.processTestClass(AbstractJUnitTestClassProcessor.java:66)
	at org.gradle.api.internal.tasks.testing.SuiteTestClassProcessor.processTestClass(SuiteTestClassProcessor.java:51)
	at sun.reflect.NativeMethodAccessorImpl.invoke0(Native Method)
	at sun.reflect.NativeMethodAccessorImpl.invoke(NativeMethodAccessorImpl.java:62)
	at sun.reflect.DelegatingMethodAccessorImpl.invoke(DelegatingMethodAccessorImpl.java:43)
	at java.lang.reflect.Method.invoke(Method.java:498)
	at org.gradle.internal.dispatch.ReflectionDispatch.dispatch(ReflectionDispatch.java:35)
	at org.gradle.internal.dispatch.ReflectionDispatch.dispatch(ReflectionDispatch.java:24)
	at org.gradle.internal.dispatch.ContextClassLoaderDispatch.dispatch(ContextClassLoaderDispatch.java:32)
	at org.gradle.internal.dispatch.ProxyDispatchAdapter$DispatchingInvocationHandler.invoke(ProxyDispatchAdapter.java:93)
	at com.sun.proxy.$Proxy2.processTestClass(Unknown Source)
	at org.gradle.api.internal.tasks.testing.worker.TestWorker.processTestClass(TestWorker.java:117)
	at sun.reflect.NativeMethodAccessorImpl.invoke0(Native Method)
	at sun.reflect.NativeMethodAccessorImpl.invoke(NativeMethodAccessorImpl.java:62)
	at sun.reflect.DelegatingMethodAccessorImpl.invoke(DelegatingMethodAccessorImpl.java:43)
	at java.lang.reflect.Method.invoke(Method.java:498)
	at org.gradle.internal.dispatch.ReflectionDispatch.dispatch(ReflectionDispatch.java:35)
	at org.gradle.internal.dispatch.ReflectionDispatch.dispatch(ReflectionDispatch.java:24)
	at org.gradle.internal.remote.internal.hub.MessageHubBackedObjectConnection$DispatchWrapper.dispatch(MessageHubBackedObjectConnection.java:155)
	at org.gradle.internal.remote.internal.hub.MessageHubBackedObjectConnection$DispatchWrapper.dispatch(MessageHubBackedObjectConnection.java:137)
	at org.gradle.internal.remote.internal.hub.MessageHub$Handler.run(MessageHub.java:404)
	at org.gradle.internal.concurrent.ExecutorPolicy$CatchAndRecordFailures.onExecute(ExecutorPolicy.java:63)
	at org.gradle.internal.concurrent.ManagedExecutorImpl$1.run(ManagedExecutorImpl.java:46)
	at java.util.concurrent.ThreadPoolExecutor.runWorker(ThreadPoolExecutor.java:1149)
	at java.util.concurrent.ThreadPoolExecutor$Worker.run(ThreadPoolExecutor.java:624)
	at org.gradle.internal.concurrent.ThreadFactoryImpl$ManagedThreadRunnable.run(ThreadFactoryImpl.java:55)
	at java.lang.Thread.run(Thread.java:748)
</pre>
</span>
</div>
<div class="test">
<a name="publish[3: com.dotcms.publishing.PublisherAPIImplTest$TestCase@3a4d85d4]"></a>
<h3 class="failures">publish[3: com.dotcms.publishing.PublisherAPIImplTest$TestCase@3a4d85d4]</h3>
<span class="code">
<pre>java.lang.AssertionError: Expected 31 but get 33 in /custom/assets/bundles/01EYS26GGEX9VBKXPY1PWVP6R6
Expected [/custom/assets/bundles/01EYS26GGEX9VBKXPY1PWVP6R6/working/System Host/33888b6f-7a8e-4069-b1b6-5c1aa9d0a48d.contentType.json, /custom/assets/bundles/01EYS26GGEX9VBKXPY1PWVP6R6/working/System Host/1/content.ff462f88-d9e1-4d31-b084-b73cb61976d3.host.xml, /custom/assets/bundles/01EYS26GGEX9VBKXPY1PWVP6R6/live/default/1613598912236/8cb7cdb4-c30a-4b9c-a30c-2d76556ae431.contentworkflow.xml, /custom/assets/bundles/01EYS26GGEX9VBKXPY1PWVP6R6/d61a59e1-a49c-46f2-a929-db2b4bfa88b2.workflow.xml, /custom/assets/bundles/01EYS26GGEX9VBKXPY1PWVP6R6/live/System Host/1/5-content.5b5e526e-cc72-430a-b096-4454af3f1494.content.xml, /custom/assets/bundles/01EYS26GGEX9VBKXPY1PWVP6R6/assets/a/9/a95dc60c-34a6-4135-9ec4-a3eb5ab066d9/fileAsset/test.jpg, /custom/assets/bundles/01EYS26GGEX9VBKXPY1PWVP6R6/working/test1613596723315.dotcms.com/1/95230d2c-6956-4292-908f-1e13f3cbc25e.contentworkflow.xml, /custom/assets/bundles/01EYS26GGEX9VBKXPY1PWVP6R6/working/System Host/f4d7c1b8-2c88-4071-abf1-a5328977b07d.contentType.json, /custom/assets/bundles/01EYS26GGEX9VBKXPY1PWVP6R6/live/System Host/1properties, /custom/assets/bundles/01EYS26GGEX9VBKXPY1PWVP6R6/working/test1613596723315.dotcms.com/testName1613596724322/testName1613596724328/06357cb0-3f5d-41dc-9ff1-5e28d23d80bd.link.xml, /custom/assets/bundles/01EYS26GGEX9VBKXPY1PWVP6R6/live/System Host/1/7e9ff387-ea6f-4004-819c-89f2acfd1976.contentworkflow.xml, /custom/assets/bundles/01EYS26GGEX9VBKXPY1PWVP6R6/live/System Host/en_US.language.xml, /custom/assets/bundles/01EYS26GGEX9VBKXPY1PWVP6R6/live/System Host/1/content.7bf0ac5c-9b3e-460f-94a6-99e872333942.host.xml, /custom/assets/bundles/01EYS26GGEX9VBKXPY1PWVP6R6/live/default/1613598912236/0-content.ea889097-cb2e-4bba-89f0-383ef277fa3c.content.xml, /custom/assets/bundles/01EYS26GGEX9VBKXPY1PWVP6R6/working/test1613596723315.dotcms.com/1/3-a95dc60c-34a6-4135-9ec4-a3eb5ab066d9.content.xml, /custom/assets/bundles/01EYS26GGEX9VBKXPY1PWVP6R6/working/test1613596723315.dotcms.com/1/00fa50be-3558-47a0-91a3-0bae557f3098.contentworkflow.xml, /custom/assets/bundles/01EYS26GGEX9VBKXPY1PWVP6R6/working/test1613596723315.dotcms.com/1/2-95b648ad-4551-447f-b8a5-c6969425f2bf.content.xml, /custom/assets/bundles/01EYS26GGEX9VBKXPY1PWVP6R6/live/System Host/1/1-content.bab1e52c-521b-453a-aa10-b17f7ad1ec03.content.xml, /custom/assets/bundles/01EYS26GGEX9VBKXPY1PWVP6R6/live/System Host/1/content.ff462f88-d9e1-4d31-b084-b73cb61976d3.host.xml, /custom/assets/bundles/01EYS26GGEX9VBKXPY1PWVP6R6/live/default/83352fbd-95fb-4211-a285-21563cb899a0.rule.xml, /custom/assets/bundles/01EYS26GGEX9VBKXPY1PWVP6R6/live/System Host/1/734e2ce1-4b95-40d9-bb74-0c0369a1de7c.contentworkflow.xml, /custom/assets/bundles/01EYS26GGEX9VBKXPY1PWVP6R6/ROOT/testName1613596724322/78a82f22-a4a4-466b-8e67-2084b93c87ce.folder.xml, /custom/assets/bundles/01EYS26GGEX9VBKXPY1PWVP6R6/live/System Host/1613598912236properties, /custom/assets/bundles/01EYS26GGEX9VBKXPY1PWVP6R6/assets/9/5/95b648ad-4551-447f-b8a5-c6969425f2bf/fileAsset/test.jpg, /custom/assets/bundles/01EYS26GGEX9VBKXPY1PWVP6R6/ROOT/testName1613596724322/testName1613596724328/cb1791cf-9624-4439-b69a-9338325335de.folder.xml, /custom/assets/bundles/01EYS26GGEX9VBKXPY1PWVP6R6/working/System Host/1/4-content.5b5e526e-cc72-430a-b096-4454af3f1494.content.xml, /custom/assets/bundles/01EYS26GGEX9VBKXPY1PWVP6R6/ROOT/4c0f1395-b335-4518-b8c7-3633c291fbbc.folder.xml, /custom/assets/bundles/01EYS26GGEX9VBKXPY1PWVP6R6/working/System Host/1/734e2ce1-4b95-40d9-bb74-0c0369a1de7c.contentworkflow.xml, /custom/assets/bundles/01EYS26GGEX9VBKXPY1PWVP6R6/live/System Host/tr_CP.language.xml, /custom/assets/bundles/01EYS26GGEX9VBKXPY1PWVP6R6/working/test1613596723315.dotcms.com/0e08da6d-d1d0-4e68-b4da-ba29e98ca90e.contentType.json]
Existing [/custom/assets/bundles/01EYS26GGEX9VBKXPY1PWVP6R6/ROOT/4c0f1395-b335-4518-b8c7-3633c291fbbc.folder.xml, /custom/assets/bundles/01EYS26GGEX9VBKXPY1PWVP6R6/ROOT/bc9a1d37-dd2d-4d49-a29d-0c9be740bfaf.folder.xml, /custom/assets/bundles/01EYS26GGEX9VBKXPY1PWVP6R6/ROOT/testName1613596724322/78a82f22-a4a4-466b-8e67-2084b93c87ce.folder.xml, /custom/assets/bundles/01EYS26GGEX9VBKXPY1PWVP6R6/ROOT/testName1613596724322/testName1613596724328/cb1791cf-9624-4439-b69a-9338325335de.folder.xml, /custom/assets/bundles/01EYS26GGEX9VBKXPY1PWVP6R6/assets/9/5/95b648ad-4551-447f-b8a5-c6969425f2bf/fileAsset/test.jpg, /custom/assets/bundles/01EYS26GGEX9VBKXPY1PWVP6R6/assets/a/9/a95dc60c-34a6-4135-9ec4-a3eb5ab066d9/fileAsset/test.jpg, /custom/assets/bundles/01EYS26GGEX9VBKXPY1PWVP6R6/bundle.xml, /custom/assets/bundles/01EYS26GGEX9VBKXPY1PWVP6R6/d61a59e1-a49c-46f2-a929-db2b4bfa88b2.workflow.xml, /custom/assets/bundles/01EYS26GGEX9VBKXPY1PWVP6R6/live/System Host/1/1-content.bab1e52c-521b-453a-aa10-b17f7ad1ec03.content.xml, /custom/assets/bundles/01EYS26GGEX9VBKXPY1PWVP6R6/live/System Host/1/5-content.5b5e526e-cc72-430a-b096-4454af3f1494.content.xml, /custom/assets/bundles/01EYS26GGEX9VBKXPY1PWVP6R6/live/System Host/1/734e2ce1-4b95-40d9-bb74-0c0369a1de7c.contentworkflow.xml, /custom/assets/bundles/01EYS26GGEX9VBKXPY1PWVP6R6/live/System Host/1/7e9ff387-ea6f-4004-819c-89f2acfd1976.contentworkflow.xml, /custom/assets/bundles/01EYS26GGEX9VBKXPY1PWVP6R6/live/System Host/1/content.7bf0ac5c-9b3e-460f-94a6-99e872333942.host.xml, /custom/assets/bundles/01EYS26GGEX9VBKXPY1PWVP6R6/live/System Host/1/content.ff462f88-d9e1-4d31-b084-b73cb61976d3.host.xml, /custom/assets/bundles/01EYS26GGEX9VBKXPY1PWVP6R6/live/System Host/1/system host.host.xml, /custom/assets/bundles/01EYS26GGEX9VBKXPY1PWVP6R6/live/System Host/1613598912236properties, /custom/assets/bundles/01EYS26GGEX9VBKXPY1PWVP6R6/live/System Host/1properties, /custom/assets/bundles/01EYS26GGEX9VBKXPY1PWVP6R6/live/System Host/en_US.language.xml, /custom/assets/bundles/01EYS26GGEX9VBKXPY1PWVP6R6/live/System Host/tr_CP.language.xml, /custom/assets/bundles/01EYS26GGEX9VBKXPY1PWVP6R6/live/default/1613598912236/0-content.ea889097-cb2e-4bba-89f0-383ef277fa3c.content.xml, /custom/assets/bundles/01EYS26GGEX9VBKXPY1PWVP6R6/live/default/1613598912236/8cb7cdb4-c30a-4b9c-a30c-2d76556ae431.contentworkflow.xml, /custom/assets/bundles/01EYS26GGEX9VBKXPY1PWVP6R6/live/default/83352fbd-95fb-4211-a285-21563cb899a0.rule.xml, /custom/assets/bundles/01EYS26GGEX9VBKXPY1PWVP6R6/working/System Host/1/4-content.5b5e526e-cc72-430a-b096-4454af3f1494.content.xml, /custom/assets/bundles/01EYS26GGEX9VBKXPY1PWVP6R6/working/System Host/1/734e2ce1-4b95-40d9-bb74-0c0369a1de7c.contentworkflow.xml, /custom/assets/bundles/01EYS26GGEX9VBKXPY1PWVP6R6/working/System Host/1/content.ff462f88-d9e1-4d31-b084-b73cb61976d3.host.xml, /custom/assets/bundles/01EYS26GGEX9VBKXPY1PWVP6R6/working/System Host/33888b6f-7a8e-4069-b1b6-5c1aa9d0a48d.contentType.json, /custom/assets/bundles/01EYS26GGEX9VBKXPY1PWVP6R6/working/System Host/f4d7c1b8-2c88-4071-abf1-a5328977b07d.contentType.json, /custom/assets/bundles/01EYS26GGEX9VBKXPY1PWVP6R6/working/test1613596723315.dotcms.com/0e08da6d-d1d0-4e68-b4da-ba29e98ca90e.contentType.json, /custom/assets/bundles/01EYS26GGEX9VBKXPY1PWVP6R6/working/test1613596723315.dotcms.com/1/00fa50be-3558-47a0-91a3-0bae557f3098.contentworkflow.xml, /custom/assets/bundles/01EYS26GGEX9VBKXPY1PWVP6R6/working/test1613596723315.dotcms.com/1/2-95b648ad-4551-447f-b8a5-c6969425f2bf.content.xml, /custom/assets/bundles/01EYS26GGEX9VBKXPY1PWVP6R6/working/test1613596723315.dotcms.com/1/3-a95dc60c-34a6-4135-9ec4-a3eb5ab066d9.content.xml, /custom/assets/bundles/01EYS26GGEX9VBKXPY1PWVP6R6/working/test1613596723315.dotcms.com/1/95230d2c-6956-4292-908f-1e13f3cbc25e.contentworkflow.xml, /custom/assets/bundles/01EYS26GGEX9VBKXPY1PWVP6R6/working/test1613596723315.dotcms.com/testName1613596724322/testName1613596724328/06357cb0-3f5d-41dc-9ff1-5e28d23d80bd.link.xml]
difference [/custom/assets/bundles/01EYS26GGEX9VBKXPY1PWVP6R6/ROOT/bc9a1d37-dd2d-4d49-a29d-0c9be740bfaf.folder.xml, /custom/assets/bundles/01EYS26GGEX9VBKXPY1PWVP6R6/bundle.xml, /custom/assets/bundles/01EYS26GGEX9VBKXPY1PWVP6R6/live/System Host/1/system host.host.xml]

	at org.jgroups.util.Util.assertEquals(Util.java:185)
	at com.dotcms.publishing.PublisherAPIImplTest.publish(PublisherAPIImplTest.java:407)
	at sun.reflect.NativeMethodAccessorImpl.invoke0(Native Method)
	at sun.reflect.NativeMethodAccessorImpl.invoke(NativeMethodAccessorImpl.java:62)
	at sun.reflect.DelegatingMethodAccessorImpl.invoke(DelegatingMethodAccessorImpl.java:43)
	at java.lang.reflect.Method.invoke(Method.java:498)
	at org.junit.runners.model.FrameworkMethod$1.runReflectiveCall(FrameworkMethod.java:50)
	at org.junit.internal.runners.model.ReflectiveCallable.run(ReflectiveCallable.java:12)
	at org.junit.runners.model.FrameworkMethod.invokeExplosively(FrameworkMethod.java:47)
	at com.tngtech.java.junit.dataprovider.DataProviderFrameworkMethod.invokeExplosively(DataProviderFrameworkMethod.java:119)
	at org.junit.internal.runners.statements.InvokeMethod.evaluate(InvokeMethod.java:17)
	at org.junit.rules.TestWatcher$1.evaluate(TestWatcher.java:55)
	at org.junit.rules.RunRules.evaluate(RunRules.java:20)
	at org.junit.runners.ParentRunner.runLeaf(ParentRunner.java:325)
	at com.dotcms.junit.CustomDataProviderRunner.runChild(CustomDataProviderRunner.java:28)
	at com.dotcms.junit.CustomDataProviderRunner.runChild(CustomDataProviderRunner.java:13)
	at org.junit.runners.ParentRunner$3.run(ParentRunner.java:290)
	at org.junit.runners.ParentRunner$1.schedule(ParentRunner.java:71)
	at org.junit.runners.ParentRunner.runChildren(ParentRunner.java:288)
	at org.junit.runners.ParentRunner.access$000(ParentRunner.java:58)
	at org.junit.runners.ParentRunner$2.evaluate(ParentRunner.java:268)
	at org.junit.internal.runners.statements.RunBefores.evaluate(RunBefores.java:26)
	at org.junit.internal.runners.statements.RunAfters.evaluate(RunAfters.java:27)
	at org.junit.runners.ParentRunner.run(ParentRunner.java:363)
	at org.junit.runners.Suite.runChild(Suite.java:128)
	at org.junit.runners.Suite.runChild(Suite.java:27)
	at org.junit.runners.ParentRunner$3.run(ParentRunner.java:290)
	at org.junit.runners.ParentRunner$1.schedule(ParentRunner.java:71)
	at org.junit.runners.ParentRunner.runChildren(ParentRunner.java:288)
	at org.junit.runners.ParentRunner.access$000(ParentRunner.java:58)
	at org.junit.runners.ParentRunner$2.evaluate(ParentRunner.java:268)
	at org.junit.runners.ParentRunner.run(ParentRunner.java:363)
	at org.gradle.api.internal.tasks.testing.junit.JUnitTestClassExecutor.runTestClass(JUnitTestClassExecutor.java:106)
	at org.gradle.api.internal.tasks.testing.junit.JUnitTestClassExecutor.execute(JUnitTestClassExecutor.java:58)
	at org.gradle.api.internal.tasks.testing.junit.JUnitTestClassExecutor.execute(JUnitTestClassExecutor.java:38)
	at org.gradle.api.internal.tasks.testing.junit.AbstractJUnitTestClassProcessor.processTestClass(AbstractJUnitTestClassProcessor.java:66)
	at org.gradle.api.internal.tasks.testing.SuiteTestClassProcessor.processTestClass(SuiteTestClassProcessor.java:51)
	at sun.reflect.NativeMethodAccessorImpl.invoke0(Native Method)
	at sun.reflect.NativeMethodAccessorImpl.invoke(NativeMethodAccessorImpl.java:62)
	at sun.reflect.DelegatingMethodAccessorImpl.invoke(DelegatingMethodAccessorImpl.java:43)
	at java.lang.reflect.Method.invoke(Method.java:498)
	at org.gradle.internal.dispatch.ReflectionDispatch.dispatch(ReflectionDispatch.java:35)
	at org.gradle.internal.dispatch.ReflectionDispatch.dispatch(ReflectionDispatch.java:24)
	at org.gradle.internal.dispatch.ContextClassLoaderDispatch.dispatch(ContextClassLoaderDispatch.java:32)
	at org.gradle.internal.dispatch.ProxyDispatchAdapter$DispatchingInvocationHandler.invoke(ProxyDispatchAdapter.java:93)
	at com.sun.proxy.$Proxy2.processTestClass(Unknown Source)
	at org.gradle.api.internal.tasks.testing.worker.TestWorker.processTestClass(TestWorker.java:117)
	at sun.reflect.NativeMethodAccessorImpl.invoke0(Native Method)
	at sun.reflect.NativeMethodAccessorImpl.invoke(NativeMethodAccessorImpl.java:62)
	at sun.reflect.DelegatingMethodAccessorImpl.invoke(DelegatingMethodAccessorImpl.java:43)
	at java.lang.reflect.Method.invoke(Method.java:498)
	at org.gradle.internal.dispatch.ReflectionDispatch.dispatch(ReflectionDispatch.java:35)
	at org.gradle.internal.dispatch.ReflectionDispatch.dispatch(ReflectionDispatch.java:24)
	at org.gradle.internal.remote.internal.hub.MessageHubBackedObjectConnection$DispatchWrapper.dispatch(MessageHubBackedObjectConnection.java:155)
	at org.gradle.internal.remote.internal.hub.MessageHubBackedObjectConnection$DispatchWrapper.dispatch(MessageHubBackedObjectConnection.java:137)
	at org.gradle.internal.remote.internal.hub.MessageHub$Handler.run(MessageHub.java:404)
	at org.gradle.internal.concurrent.ExecutorPolicy$CatchAndRecordFailures.onExecute(ExecutorPolicy.java:63)
	at org.gradle.internal.concurrent.ManagedExecutorImpl$1.run(ManagedExecutorImpl.java:46)
	at java.util.concurrent.ThreadPoolExecutor.runWorker(ThreadPoolExecutor.java:1149)
	at java.util.concurrent.ThreadPoolExecutor$Worker.run(ThreadPoolExecutor.java:624)
	at org.gradle.internal.concurrent.ThreadFactoryImpl$ManagedThreadRunnable.run(ThreadFactoryImpl.java:55)
	at java.lang.Thread.run(Thread.java:748)
</pre>
</span>
</div>
<div class="test">
<a name="publish[4: com.dotcms.publishing.PublisherAPIImplTest$TestCase@5fb66c43]"></a>
<h3 class="failures">publish[4: com.dotcms.publishing.PublisherAPIImplTest$TestCase@5fb66c43]</h3>
<span class="code">
<pre>java.lang.AssertionError: Expected 28 but get 30 in /custom/assets/bundles/01EYS26GQRHQ1Q30T1HZ7RRSZ6
Expected [/custom/assets/bundles/01EYS26GQRHQ1Q30T1HZ7RRSZ6/live/System Host/1613598912236properties, /custom/assets/bundles/01EYS26GQRHQ1Q30T1HZ7RRSZ6/d61a59e1-a49c-46f2-a929-db2b4bfa88b2.workflow.xml, /custom/assets/bundles/01EYS26GQRHQ1Q30T1HZ7RRSZ6/working/test1613596724530.dotcms.com/c3e46986-05ed-4e0b-9e81-c12147645282.containers.container.xml, /custom/assets/bundles/01EYS26GQRHQ1Q30T1HZ7RRSZ6/working/System Host/1/2-content.5b5e526e-cc72-430a-b096-4454af3f1494.content.xml, /custom/assets/bundles/01EYS26GQRHQ1Q30T1HZ7RRSZ6/live/System Host/1/1-content.bab1e52c-521b-453a-aa10-b17f7ad1ec03.content.xml, /custom/assets/bundles/01EYS26GQRHQ1Q30T1HZ7RRSZ6/live/System Host/1/content.ff462f88-d9e1-4d31-b084-b73cb61976d3.host.xml, /custom/assets/bundles/01EYS26GQRHQ1Q30T1HZ7RRSZ6/live/System Host/1/734e2ce1-4b95-40d9-bb74-0c0369a1de7c.contentworkflow.xml, /custom/assets/bundles/01EYS26GQRHQ1Q30T1HZ7RRSZ6/working/System Host/f4d7c1b8-2c88-4071-abf1-a5328977b07d.contentType.json, /custom/assets/bundles/01EYS26GQRHQ1Q30T1HZ7RRSZ6/live/System Host/en_US.language.xml, /custom/assets/bundles/01EYS26GQRHQ1Q30T1HZ7RRSZ6/live/System Host/1/4-content.5b5e526e-cc72-430a-b096-4454af3f1494.content.xml, /custom/assets/bundles/01EYS26GQRHQ1Q30T1HZ7RRSZ6/live/default/1613598912236/0-content.ea889097-cb2e-4bba-89f0-383ef277fa3c.content.xml, /custom/assets/bundles/01EYS26GQRHQ1Q30T1HZ7RRSZ6/working/System Host/33888b6f-7a8e-4069-b1b6-5c1aa9d0a48d.contentType.json, /custom/assets/bundles/01EYS26GQRHQ1Q30T1HZ7RRSZ6/working/System Host/1/content.ff462f88-d9e1-4d31-b084-b73cb61976d3.host.xml, /custom/assets/bundles/01EYS26GQRHQ1Q30T1HZ7RRSZ6/live/System Host/tr_CP.language.xml, /custom/assets/bundles/01EYS26GQRHQ1Q30T1HZ7RRSZ6/live/test1613596724530.dotcms.com/b241c27b-6a89-4627-b4c6-4003e0fe0fbf.rule.xml, /custom/assets/bundles/01EYS26GQRHQ1Q30T1HZ7RRSZ6/working/test1613596724530.dotcms.com/1/bf7af05a-9ce3-4715-9396-6b684923aea8.contentworkflow.xml, /custom/assets/bundles/01EYS26GQRHQ1Q30T1HZ7RRSZ6/live/System Host/1/7e9ff387-ea6f-4004-819c-89f2acfd1976.contentworkflow.xml, /custom/assets/bundles/01EYS26GQRHQ1Q30T1HZ7RRSZ6/live/default/83352fbd-95fb-4211-a285-21563cb899a0.rule.xml, /custom/assets/bundles/01EYS26GQRHQ1Q30T1HZ7RRSZ6/live/default/1613598912236/8cb7cdb4-c30a-4b9c-a30c-2d76556ae431.contentworkflow.xml, /custom/assets/bundles/01EYS26GQRHQ1Q30T1HZ7RRSZ6/live/test1613596724530.dotcms.com/55f65476-2247-420c-9ecb-2777579011d2.template.template.xml, /custom/assets/bundles/01EYS26GQRHQ1Q30T1HZ7RRSZ6/working/test1613596724530.dotcms.com/c93f178c-ef23-4964-90fb-55f394ecb552.contentType.json, /custom/assets/bundles/01EYS26GQRHQ1Q30T1HZ7RRSZ6/working/test1613596724530.dotcms.com/1/3-content.a687f4b3-3968-4522-808c-3128d1c9b27e.content.xml, /custom/assets/bundles/01EYS26GQRHQ1Q30T1HZ7RRSZ6/live/System Host/1/content.173f3d5f-28ef-4127-80de-2755a1e813c5.host.xml, /custom/assets/bundles/01EYS26GQRHQ1Q30T1HZ7RRSZ6/ROOT/91ed4f61-db0f-48e4-a90c-2bc436c85384.folder.xml, /custom/assets/bundles/01EYS26GQRHQ1Q30T1HZ7RRSZ6/working/System Host/1/734e2ce1-4b95-40d9-bb74-0c0369a1de7c.contentworkflow.xml, /custom/assets/bundles/01EYS26GQRHQ1Q30T1HZ7RRSZ6/live/System Host/1properties, /custom/assets/bundles/01EYS26GQRHQ1Q30T1HZ7RRSZ6/working/test1613596724530.dotcms.com/c8b19c56-3dc7-4d98-9631-67d75fb20322.contentType.json]
Existing [/custom/assets/bundles/01EYS26GQRHQ1Q30T1HZ7RRSZ6/ROOT/91ed4f61-db0f-48e4-a90c-2bc436c85384.folder.xml, /custom/assets/bundles/01EYS26GQRHQ1Q30T1HZ7RRSZ6/ROOT/bc9a1d37-dd2d-4d49-a29d-0c9be740bfaf.folder.xml, /custom/assets/bundles/01EYS26GQRHQ1Q30T1HZ7RRSZ6/bundle.xml, /custom/assets/bundles/01EYS26GQRHQ1Q30T1HZ7RRSZ6/d61a59e1-a49c-46f2-a929-db2b4bfa88b2.workflow.xml, /custom/assets/bundles/01EYS26GQRHQ1Q30T1HZ7RRSZ6/live/System Host/1/1-content.bab1e52c-521b-453a-aa10-b17f7ad1ec03.content.xml, /custom/assets/bundles/01EYS26GQRHQ1Q30T1HZ7RRSZ6/live/System Host/1/4-content.5b5e526e-cc72-430a-b096-4454af3f1494.content.xml, /custom/assets/bundles/01EYS26GQRHQ1Q30T1HZ7RRSZ6/live/System Host/1/734e2ce1-4b95-40d9-bb74-0c0369a1de7c.contentworkflow.xml, /custom/assets/bundles/01EYS26GQRHQ1Q30T1HZ7RRSZ6/live/System Host/1/7e9ff387-ea6f-4004-819c-89f2acfd1976.contentworkflow.xml, /custom/assets/bundles/01EYS26GQRHQ1Q30T1HZ7RRSZ6/live/System Host/1/content.173f3d5f-28ef-4127-80de-2755a1e813c5.host.xml, /custom/assets/bundles/01EYS26GQRHQ1Q30T1HZ7RRSZ6/live/System Host/1/content.ff462f88-d9e1-4d31-b084-b73cb61976d3.host.xml, /custom/assets/bundles/01EYS26GQRHQ1Q30T1HZ7RRSZ6/live/System Host/1/system host.host.xml, /custom/assets/bundles/01EYS26GQRHQ1Q30T1HZ7RRSZ6/live/System Host/1613598912236properties, /custom/assets/bundles/01EYS26GQRHQ1Q30T1HZ7RRSZ6/live/System Host/1properties, /custom/assets/bundles/01EYS26GQRHQ1Q30T1HZ7RRSZ6/live/System Host/en_US.language.xml, /custom/assets/bundles/01EYS26GQRHQ1Q30T1HZ7RRSZ6/live/System Host/tr_CP.language.xml, /custom/assets/bundles/01EYS26GQRHQ1Q30T1HZ7RRSZ6/live/default/1613598912236/0-content.ea889097-cb2e-4bba-89f0-383ef277fa3c.content.xml, /custom/assets/bundles/01EYS26GQRHQ1Q30T1HZ7RRSZ6/live/default/1613598912236/8cb7cdb4-c30a-4b9c-a30c-2d76556ae431.contentworkflow.xml, /custom/assets/bundles/01EYS26GQRHQ1Q30T1HZ7RRSZ6/live/default/83352fbd-95fb-4211-a285-21563cb899a0.rule.xml, /custom/assets/bundles/01EYS26GQRHQ1Q30T1HZ7RRSZ6/live/test1613596724530.dotcms.com/55f65476-2247-420c-9ecb-2777579011d2.template.template.xml, /custom/assets/bundles/01EYS26GQRHQ1Q30T1HZ7RRSZ6/live/test1613596724530.dotcms.com/b241c27b-6a89-4627-b4c6-4003e0fe0fbf.rule.xml, /custom/assets/bundles/01EYS26GQRHQ1Q30T1HZ7RRSZ6/working/System Host/1/2-content.5b5e526e-cc72-430a-b096-4454af3f1494.content.xml, /custom/assets/bundles/01EYS26GQRHQ1Q30T1HZ7RRSZ6/working/System Host/1/734e2ce1-4b95-40d9-bb74-0c0369a1de7c.contentworkflow.xml, /custom/assets/bundles/01EYS26GQRHQ1Q30T1HZ7RRSZ6/working/System Host/1/content.ff462f88-d9e1-4d31-b084-b73cb61976d3.host.xml, /custom/assets/bundles/01EYS26GQRHQ1Q30T1HZ7RRSZ6/working/System Host/33888b6f-7a8e-4069-b1b6-5c1aa9d0a48d.contentType.json, /custom/assets/bundles/01EYS26GQRHQ1Q30T1HZ7RRSZ6/working/System Host/f4d7c1b8-2c88-4071-abf1-a5328977b07d.contentType.json, /custom/assets/bundles/01EYS26GQRHQ1Q30T1HZ7RRSZ6/working/test1613596724530.dotcms.com/1/3-content.a687f4b3-3968-4522-808c-3128d1c9b27e.content.xml, /custom/assets/bundles/01EYS26GQRHQ1Q30T1HZ7RRSZ6/working/test1613596724530.dotcms.com/1/bf7af05a-9ce3-4715-9396-6b684923aea8.contentworkflow.xml, /custom/assets/bundles/01EYS26GQRHQ1Q30T1HZ7RRSZ6/working/test1613596724530.dotcms.com/c3e46986-05ed-4e0b-9e81-c12147645282.containers.container.xml, /custom/assets/bundles/01EYS26GQRHQ1Q30T1HZ7RRSZ6/working/test1613596724530.dotcms.com/c8b19c56-3dc7-4d98-9631-67d75fb20322.contentType.json, /custom/assets/bundles/01EYS26GQRHQ1Q30T1HZ7RRSZ6/working/test1613596724530.dotcms.com/c93f178c-ef23-4964-90fb-55f394ecb552.contentType.json]
difference [/custom/assets/bundles/01EYS26GQRHQ1Q30T1HZ7RRSZ6/ROOT/bc9a1d37-dd2d-4d49-a29d-0c9be740bfaf.folder.xml, /custom/assets/bundles/01EYS26GQRHQ1Q30T1HZ7RRSZ6/bundle.xml, /custom/assets/bundles/01EYS26GQRHQ1Q30T1HZ7RRSZ6/live/System Host/1/system host.host.xml]

	at org.jgroups.util.Util.assertEquals(Util.java:185)
	at com.dotcms.publishing.PublisherAPIImplTest.publish(PublisherAPIImplTest.java:407)
	at sun.reflect.NativeMethodAccessorImpl.invoke0(Native Method)
	at sun.reflect.NativeMethodAccessorImpl.invoke(NativeMethodAccessorImpl.java:62)
	at sun.reflect.DelegatingMethodAccessorImpl.invoke(DelegatingMethodAccessorImpl.java:43)
	at java.lang.reflect.Method.invoke(Method.java:498)
	at org.junit.runners.model.FrameworkMethod$1.runReflectiveCall(FrameworkMethod.java:50)
	at org.junit.internal.runners.model.ReflectiveCallable.run(ReflectiveCallable.java:12)
	at org.junit.runners.model.FrameworkMethod.invokeExplosively(FrameworkMethod.java:47)
	at com.tngtech.java.junit.dataprovider.DataProviderFrameworkMethod.invokeExplosively(DataProviderFrameworkMethod.java:119)
	at org.junit.internal.runners.statements.InvokeMethod.evaluate(InvokeMethod.java:17)
	at org.junit.rules.TestWatcher$1.evaluate(TestWatcher.java:55)
	at org.junit.rules.RunRules.evaluate(RunRules.java:20)
	at org.junit.runners.ParentRunner.runLeaf(ParentRunner.java:325)
	at com.dotcms.junit.CustomDataProviderRunner.runChild(CustomDataProviderRunner.java:28)
	at com.dotcms.junit.CustomDataProviderRunner.runChild(CustomDataProviderRunner.java:13)
	at org.junit.runners.ParentRunner$3.run(ParentRunner.java:290)
	at org.junit.runners.ParentRunner$1.schedule(ParentRunner.java:71)
	at org.junit.runners.ParentRunner.runChildren(ParentRunner.java:288)
	at org.junit.runners.ParentRunner.access$000(ParentRunner.java:58)
	at org.junit.runners.ParentRunner$2.evaluate(ParentRunner.java:268)
	at org.junit.internal.runners.statements.RunBefores.evaluate(RunBefores.java:26)
	at org.junit.internal.runners.statements.RunAfters.evaluate(RunAfters.java:27)
	at org.junit.runners.ParentRunner.run(ParentRunner.java:363)
	at org.junit.runners.Suite.runChild(Suite.java:128)
	at org.junit.runners.Suite.runChild(Suite.java:27)
	at org.junit.runners.ParentRunner$3.run(ParentRunner.java:290)
	at org.junit.runners.ParentRunner$1.schedule(ParentRunner.java:71)
	at org.junit.runners.ParentRunner.runChildren(ParentRunner.java:288)
	at org.junit.runners.ParentRunner.access$000(ParentRunner.java:58)
	at org.junit.runners.ParentRunner$2.evaluate(ParentRunner.java:268)
	at org.junit.runners.ParentRunner.run(ParentRunner.java:363)
	at org.gradle.api.internal.tasks.testing.junit.JUnitTestClassExecutor.runTestClass(JUnitTestClassExecutor.java:106)
	at org.gradle.api.internal.tasks.testing.junit.JUnitTestClassExecutor.execute(JUnitTestClassExecutor.java:58)
	at org.gradle.api.internal.tasks.testing.junit.JUnitTestClassExecutor.execute(JUnitTestClassExecutor.java:38)
	at org.gradle.api.internal.tasks.testing.junit.AbstractJUnitTestClassProcessor.processTestClass(AbstractJUnitTestClassProcessor.java:66)
	at org.gradle.api.internal.tasks.testing.SuiteTestClassProcessor.processTestClass(SuiteTestClassProcessor.java:51)
	at sun.reflect.NativeMethodAccessorImpl.invoke0(Native Method)
	at sun.reflect.NativeMethodAccessorImpl.invoke(NativeMethodAccessorImpl.java:62)
	at sun.reflect.DelegatingMethodAccessorImpl.invoke(DelegatingMethodAccessorImpl.java:43)
	at java.lang.reflect.Method.invoke(Method.java:498)
	at org.gradle.internal.dispatch.ReflectionDispatch.dispatch(ReflectionDispatch.java:35)
	at org.gradle.internal.dispatch.ReflectionDispatch.dispatch(ReflectionDispatch.java:24)
	at org.gradle.internal.dispatch.ContextClassLoaderDispatch.dispatch(ContextClassLoaderDispatch.java:32)
	at org.gradle.internal.dispatch.ProxyDispatchAdapter$DispatchingInvocationHandler.invoke(ProxyDispatchAdapter.java:93)
	at com.sun.proxy.$Proxy2.processTestClass(Unknown Source)
	at org.gradle.api.internal.tasks.testing.worker.TestWorker.processTestClass(TestWorker.java:117)
	at sun.reflect.NativeMethodAccessorImpl.invoke0(Native Method)
	at sun.reflect.NativeMethodAccessorImpl.invoke(NativeMethodAccessorImpl.java:62)
	at sun.reflect.DelegatingMethodAccessorImpl.invoke(DelegatingMethodAccessorImpl.java:43)
	at java.lang.reflect.Method.invoke(Method.java:498)
	at org.gradle.internal.dispatch.ReflectionDispatch.dispatch(ReflectionDispatch.java:35)
	at org.gradle.internal.dispatch.ReflectionDispatch.dispatch(ReflectionDispatch.java:24)
	at org.gradle.internal.remote.internal.hub.MessageHubBackedObjectConnection$DispatchWrapper.dispatch(MessageHubBackedObjectConnection.java:155)
	at org.gradle.internal.remote.internal.hub.MessageHubBackedObjectConnection$DispatchWrapper.dispatch(MessageHubBackedObjectConnection.java:137)
	at org.gradle.internal.remote.internal.hub.MessageHub$Handler.run(MessageHub.java:404)
	at org.gradle.internal.concurrent.ExecutorPolicy$CatchAndRecordFailures.onExecute(ExecutorPolicy.java:63)
	at org.gradle.internal.concurrent.ManagedExecutorImpl$1.run(ManagedExecutorImpl.java:46)
	at java.util.concurrent.ThreadPoolExecutor.runWorker(ThreadPoolExecutor.java:1149)
	at java.util.concurrent.ThreadPoolExecutor$Worker.run(ThreadPoolExecutor.java:624)
	at org.gradle.internal.concurrent.ThreadFactoryImpl$ManagedThreadRunnable.run(ThreadFactoryImpl.java:55)
	at java.lang.Thread.run(Thread.java:748)
</pre>
</span>
</div>
<div class="test">
<a name="publish[5: com.dotcms.publishing.PublisherAPIImplTest$TestCase@28a038d5]"></a>
<h3 class="failures">publish[5: com.dotcms.publishing.PublisherAPIImplTest$TestCase@28a038d5]</h3>
<span class="code">
<pre>java.lang.AssertionError: Expected 21 but get 23 in /custom/assets/bundles/01EYS26GYH2GMCBC0G2V7K83R5
Expected [/custom/assets/bundles/01EYS26GYH2GMCBC0G2V7K83R5/live/System Host/1613598912236properties, /custom/assets/bundles/01EYS26GYH2GMCBC0G2V7K83R5/d61a59e1-a49c-46f2-a929-db2b4bfa88b2.workflow.xml, /custom/assets/bundles/01EYS26GYH2GMCBC0G2V7K83R5/working/System Host/f4d7c1b8-2c88-4071-abf1-a5328977b07d.contentType.json, /custom/assets/bundles/01EYS26GYH2GMCBC0G2V7K83R5/live/System Host/1/734e2ce1-4b95-40d9-bb74-0c0369a1de7c.contentworkflow.xml, /custom/assets/bundles/01EYS26GYH2GMCBC0G2V7K83R5/live/System Host/1properties, /custom/assets/bundles/01EYS26GYH2GMCBC0G2V7K83R5/live/System Host/1/7e9ff387-ea6f-4004-819c-89f2acfd1976.contentworkflow.xml, /custom/assets/bundles/01EYS26GYH2GMCBC0G2V7K83R5/live/System Host/1/content.ff462f88-d9e1-4d31-b084-b73cb61976d3.host.xml, /custom/assets/bundles/01EYS26GYH2GMCBC0G2V7K83R5/live/System Host/tr_CP.language.xml, /custom/assets/bundles/01EYS26GYH2GMCBC0G2V7K83R5/live/System Host/1/1-content.bab1e52c-521b-453a-aa10-b17f7ad1ec03.content.xml, /custom/assets/bundles/01EYS26GYH2GMCBC0G2V7K83R5/live/default/1613598912236/0-content.ea889097-cb2e-4bba-89f0-383ef277fa3c.content.xml, /custom/assets/bundles/01EYS26GYH2GMCBC0G2V7K83R5/working/System Host/1/734e2ce1-4b95-40d9-bb74-0c0369a1de7c.contentworkflow.xml, /custom/assets/bundles/01EYS26GYH2GMCBC0G2V7K83R5/live/System Host/1/3-content.5b5e526e-cc72-430a-b096-4454af3f1494.content.xml, /custom/assets/bundles/01EYS26GYH2GMCBC0G2V7K83R5/working/test1613596725517.dotcms.com/testName1613596726411/484f102e-7503-46e9-971c-ff010b112748.link.xml, /custom/assets/bundles/01EYS26GYH2GMCBC0G2V7K83R5/live/System Host/1/content.535879c5-8dee-4d9b-9ce2-1a1d516df40c.host.xml, /custom/assets/bundles/01EYS26GYH2GMCBC0G2V7K83R5/ROOT/ee8c10bb-1d52-4c05-afe3-e9ca3b974e55.folder.xml, /custom/assets/bundles/01EYS26GYH2GMCBC0G2V7K83R5/working/System Host/1/2-content.5b5e526e-cc72-430a-b096-4454af3f1494.content.xml, /custom/assets/bundles/01EYS26GYH2GMCBC0G2V7K83R5/working/System Host/1/content.ff462f88-d9e1-4d31-b084-b73cb61976d3.host.xml, /custom/assets/bundles/01EYS26GYH2GMCBC0G2V7K83R5/live/default/83352fbd-95fb-4211-a285-21563cb899a0.rule.xml, /custom/assets/bundles/01EYS26GYH2GMCBC0G2V7K83R5/live/default/1613598912236/8cb7cdb4-c30a-4b9c-a30c-2d76556ae431.contentworkflow.xml, /custom/assets/bundles/01EYS26GYH2GMCBC0G2V7K83R5/live/System Host/en_US.language.xml]
Existing [/custom/assets/bundles/01EYS26GYH2GMCBC0G2V7K83R5/ROOT/bc9a1d37-dd2d-4d49-a29d-0c9be740bfaf.folder.xml, /custom/assets/bundles/01EYS26GYH2GMCBC0G2V7K83R5/ROOT/ee8c10bb-1d52-4c05-afe3-e9ca3b974e55.folder.xml, /custom/assets/bundles/01EYS26GYH2GMCBC0G2V7K83R5/bundle.xml, /custom/assets/bundles/01EYS26GYH2GMCBC0G2V7K83R5/d61a59e1-a49c-46f2-a929-db2b4bfa88b2.workflow.xml, /custom/assets/bundles/01EYS26GYH2GMCBC0G2V7K83R5/live/System Host/1/1-content.bab1e52c-521b-453a-aa10-b17f7ad1ec03.content.xml, /custom/assets/bundles/01EYS26GYH2GMCBC0G2V7K83R5/live/System Host/1/3-content.5b5e526e-cc72-430a-b096-4454af3f1494.content.xml, /custom/assets/bundles/01EYS26GYH2GMCBC0G2V7K83R5/live/System Host/1/734e2ce1-4b95-40d9-bb74-0c0369a1de7c.contentworkflow.xml, /custom/assets/bundles/01EYS26GYH2GMCBC0G2V7K83R5/live/System Host/1/7e9ff387-ea6f-4004-819c-89f2acfd1976.contentworkflow.xml, /custom/assets/bundles/01EYS26GYH2GMCBC0G2V7K83R5/live/System Host/1/content.535879c5-8dee-4d9b-9ce2-1a1d516df40c.host.xml, /custom/assets/bundles/01EYS26GYH2GMCBC0G2V7K83R5/live/System Host/1/content.ff462f88-d9e1-4d31-b084-b73cb61976d3.host.xml, /custom/assets/bundles/01EYS26GYH2GMCBC0G2V7K83R5/live/System Host/1/system host.host.xml, /custom/assets/bundles/01EYS26GYH2GMCBC0G2V7K83R5/live/System Host/1613598912236properties, /custom/assets/bundles/01EYS26GYH2GMCBC0G2V7K83R5/live/System Host/1properties, /custom/assets/bundles/01EYS26GYH2GMCBC0G2V7K83R5/live/System Host/en_US.language.xml, /custom/assets/bundles/01EYS26GYH2GMCBC0G2V7K83R5/live/System Host/tr_CP.language.xml, /custom/assets/bundles/01EYS26GYH2GMCBC0G2V7K83R5/live/default/1613598912236/0-content.ea889097-cb2e-4bba-89f0-383ef277fa3c.content.xml, /custom/assets/bundles/01EYS26GYH2GMCBC0G2V7K83R5/live/default/1613598912236/8cb7cdb4-c30a-4b9c-a30c-2d76556ae431.contentworkflow.xml, /custom/assets/bundles/01EYS26GYH2GMCBC0G2V7K83R5/live/default/83352fbd-95fb-4211-a285-21563cb899a0.rule.xml, /custom/assets/bundles/01EYS26GYH2GMCBC0G2V7K83R5/working/System Host/1/2-content.5b5e526e-cc72-430a-b096-4454af3f1494.content.xml, /custom/assets/bundles/01EYS26GYH2GMCBC0G2V7K83R5/working/System Host/1/734e2ce1-4b95-40d9-bb74-0c0369a1de7c.contentworkflow.xml, /custom/assets/bundles/01EYS26GYH2GMCBC0G2V7K83R5/working/System Host/1/content.ff462f88-d9e1-4d31-b084-b73cb61976d3.host.xml, /custom/assets/bundles/01EYS26GYH2GMCBC0G2V7K83R5/working/System Host/f4d7c1b8-2c88-4071-abf1-a5328977b07d.contentType.json, /custom/assets/bundles/01EYS26GYH2GMCBC0G2V7K83R5/working/test1613596725517.dotcms.com/testName1613596726411/484f102e-7503-46e9-971c-ff010b112748.link.xml]
difference [/custom/assets/bundles/01EYS26GYH2GMCBC0G2V7K83R5/ROOT/bc9a1d37-dd2d-4d49-a29d-0c9be740bfaf.folder.xml, /custom/assets/bundles/01EYS26GYH2GMCBC0G2V7K83R5/bundle.xml, /custom/assets/bundles/01EYS26GYH2GMCBC0G2V7K83R5/live/System Host/1/system host.host.xml]

	at org.jgroups.util.Util.assertEquals(Util.java:185)
	at com.dotcms.publishing.PublisherAPIImplTest.publish(PublisherAPIImplTest.java:407)
	at sun.reflect.NativeMethodAccessorImpl.invoke0(Native Method)
	at sun.reflect.NativeMethodAccessorImpl.invoke(NativeMethodAccessorImpl.java:62)
	at sun.reflect.DelegatingMethodAccessorImpl.invoke(DelegatingMethodAccessorImpl.java:43)
	at java.lang.reflect.Method.invoke(Method.java:498)
	at org.junit.runners.model.FrameworkMethod$1.runReflectiveCall(FrameworkMethod.java:50)
	at org.junit.internal.runners.model.ReflectiveCallable.run(ReflectiveCallable.java:12)
	at org.junit.runners.model.FrameworkMethod.invokeExplosively(FrameworkMethod.java:47)
	at com.tngtech.java.junit.dataprovider.DataProviderFrameworkMethod.invokeExplosively(DataProviderFrameworkMethod.java:119)
	at org.junit.internal.runners.statements.InvokeMethod.evaluate(InvokeMethod.java:17)
	at org.junit.rules.TestWatcher$1.evaluate(TestWatcher.java:55)
	at org.junit.rules.RunRules.evaluate(RunRules.java:20)
	at org.junit.runners.ParentRunner.runLeaf(ParentRunner.java:325)
	at com.dotcms.junit.CustomDataProviderRunner.runChild(CustomDataProviderRunner.java:28)
	at com.dotcms.junit.CustomDataProviderRunner.runChild(CustomDataProviderRunner.java:13)
	at org.junit.runners.ParentRunner$3.run(ParentRunner.java:290)
	at org.junit.runners.ParentRunner$1.schedule(ParentRunner.java:71)
	at org.junit.runners.ParentRunner.runChildren(ParentRunner.java:288)
	at org.junit.runners.ParentRunner.access$000(ParentRunner.java:58)
	at org.junit.runners.ParentRunner$2.evaluate(ParentRunner.java:268)
	at org.junit.internal.runners.statements.RunBefores.evaluate(RunBefores.java:26)
	at org.junit.internal.runners.statements.RunAfters.evaluate(RunAfters.java:27)
	at org.junit.runners.ParentRunner.run(ParentRunner.java:363)
	at org.junit.runners.Suite.runChild(Suite.java:128)
	at org.junit.runners.Suite.runChild(Suite.java:27)
	at org.junit.runners.ParentRunner$3.run(ParentRunner.java:290)
	at org.junit.runners.ParentRunner$1.schedule(ParentRunner.java:71)
	at org.junit.runners.ParentRunner.runChildren(ParentRunner.java:288)
	at org.junit.runners.ParentRunner.access$000(ParentRunner.java:58)
	at org.junit.runners.ParentRunner$2.evaluate(ParentRunner.java:268)
	at org.junit.runners.ParentRunner.run(ParentRunner.java:363)
	at org.gradle.api.internal.tasks.testing.junit.JUnitTestClassExecutor.runTestClass(JUnitTestClassExecutor.java:106)
	at org.gradle.api.internal.tasks.testing.junit.JUnitTestClassExecutor.execute(JUnitTestClassExecutor.java:58)
	at org.gradle.api.internal.tasks.testing.junit.JUnitTestClassExecutor.execute(JUnitTestClassExecutor.java:38)
	at org.gradle.api.internal.tasks.testing.junit.AbstractJUnitTestClassProcessor.processTestClass(AbstractJUnitTestClassProcessor.java:66)
	at org.gradle.api.internal.tasks.testing.SuiteTestClassProcessor.processTestClass(SuiteTestClassProcessor.java:51)
	at sun.reflect.NativeMethodAccessorImpl.invoke0(Native Method)
	at sun.reflect.NativeMethodAccessorImpl.invoke(NativeMethodAccessorImpl.java:62)
	at sun.reflect.DelegatingMethodAccessorImpl.invoke(DelegatingMethodAccessorImpl.java:43)
	at java.lang.reflect.Method.invoke(Method.java:498)
	at org.gradle.internal.dispatch.ReflectionDispatch.dispatch(ReflectionDispatch.java:35)
	at org.gradle.internal.dispatch.ReflectionDispatch.dispatch(ReflectionDispatch.java:24)
	at org.gradle.internal.dispatch.ContextClassLoaderDispatch.dispatch(ContextClassLoaderDispatch.java:32)
	at org.gradle.internal.dispatch.ProxyDispatchAdapter$DispatchingInvocationHandler.invoke(ProxyDispatchAdapter.java:93)
	at com.sun.proxy.$Proxy2.processTestClass(Unknown Source)
	at org.gradle.api.internal.tasks.testing.worker.TestWorker.processTestClass(TestWorker.java:117)
	at sun.reflect.NativeMethodAccessorImpl.invoke0(Native Method)
	at sun.reflect.NativeMethodAccessorImpl.invoke(NativeMethodAccessorImpl.java:62)
	at sun.reflect.DelegatingMethodAccessorImpl.invoke(DelegatingMethodAccessorImpl.java:43)
	at java.lang.reflect.Method.invoke(Method.java:498)
	at org.gradle.internal.dispatch.ReflectionDispatch.dispatch(ReflectionDispatch.java:35)
	at org.gradle.internal.dispatch.ReflectionDispatch.dispatch(ReflectionDispatch.java:24)
	at org.gradle.internal.remote.internal.hub.MessageHubBackedObjectConnection$DispatchWrapper.dispatch(MessageHubBackedObjectConnection.java:155)
	at org.gradle.internal.remote.internal.hub.MessageHubBackedObjectConnection$DispatchWrapper.dispatch(MessageHubBackedObjectConnection.java:137)
	at org.gradle.internal.remote.internal.hub.MessageHub$Handler.run(MessageHub.java:404)
	at org.gradle.internal.concurrent.ExecutorPolicy$CatchAndRecordFailures.onExecute(ExecutorPolicy.java:63)
	at org.gradle.internal.concurrent.ManagedExecutorImpl$1.run(ManagedExecutorImpl.java:46)
	at java.util.concurrent.ThreadPoolExecutor.runWorker(ThreadPoolExecutor.java:1149)
	at java.util.concurrent.ThreadPoolExecutor$Worker.run(ThreadPoolExecutor.java:624)
	at org.gradle.internal.concurrent.ThreadFactoryImpl$ManagedThreadRunnable.run(ThreadFactoryImpl.java:55)
	at java.lang.Thread.run(Thread.java:748)
</pre>
</span>
</div>
<div class="test">
<a name="publish[6: com.dotcms.publishing.PublisherAPIImplTest$TestCase@348bfb1e]"></a>
<h3 class="failures">publish[6: com.dotcms.publishing.PublisherAPIImplTest$TestCase@348bfb1e]</h3>
<span class="code">
<pre>java.lang.AssertionError: Expected 19 but get 21 in /custom/assets/bundles/01EYS26H1NNTYXM4RTHKDZ9NT4
Expected [/custom/assets/bundles/01EYS26H1NNTYXM4RTHKDZ9NT4/live/System Host/1properties, /custom/assets/bundles/01EYS26H1NNTYXM4RTHKDZ9NT4/working/System Host/f4d7c1b8-2c88-4071-abf1-a5328977b07d.contentType.json, /custom/assets/bundles/01EYS26H1NNTYXM4RTHKDZ9NT4/live/System Host/1/1-content.bab1e52c-521b-453a-aa10-b17f7ad1ec03.content.xml, /custom/assets/bundles/01EYS26H1NNTYXM4RTHKDZ9NT4/live/default/1613598912236/0-content.ea889097-cb2e-4bba-89f0-383ef277fa3c.content.xml, /custom/assets/bundles/01EYS26H1NNTYXM4RTHKDZ9NT4/live/System Host/1/3-content.5b5e526e-cc72-430a-b096-4454af3f1494.content.xml, /custom/assets/bundles/01EYS26H1NNTYXM4RTHKDZ9NT4/d61a59e1-a49c-46f2-a929-db2b4bfa88b2.workflow.xml, /custom/assets/bundles/01EYS26H1NNTYXM4RTHKDZ9NT4/live/default/1613598912236/8cb7cdb4-c30a-4b9c-a30c-2d76556ae431.contentworkflow.xml, /custom/assets/bundles/01EYS26H1NNTYXM4RTHKDZ9NT4/live/System Host/en_US.language.xml, /custom/assets/bundles/01EYS26H1NNTYXM4RTHKDZ9NT4/live/default/83352fbd-95fb-4211-a285-21563cb899a0.rule.xml, /custom/assets/bundles/01EYS26H1NNTYXM4RTHKDZ9NT4/live/System Host/1/7e9ff387-ea6f-4004-819c-89f2acfd1976.contentworkflow.xml, /custom/assets/bundles/01EYS26H1NNTYXM4RTHKDZ9NT4/d210c563-a6da-4aca-a656-22fc679a21e8.workflow.xml, /custom/assets/bundles/01EYS26H1NNTYXM4RTHKDZ9NT4/live/System Host/1/content.ff462f88-d9e1-4d31-b084-b73cb61976d3.host.xml, /custom/assets/bundles/01EYS26H1NNTYXM4RTHKDZ9NT4/working/System Host/1/content.ff462f88-d9e1-4d31-b084-b73cb61976d3.host.xml, /custom/assets/bundles/01EYS26H1NNTYXM4RTHKDZ9NT4/live/System Host/1/734e2ce1-4b95-40d9-bb74-0c0369a1de7c.contentworkflow.xml, /custom/assets/bundles/01EYS26H1NNTYXM4RTHKDZ9NT4/working/System Host/1/2-content.5b5e526e-cc72-430a-b096-4454af3f1494.content.xml, /custom/assets/bundles/01EYS26H1NNTYXM4RTHKDZ9NT4/working/System Host/1/734e2ce1-4b95-40d9-bb74-0c0369a1de7c.contentworkflow.xml, /custom/assets/bundles/01EYS26H1NNTYXM4RTHKDZ9NT4/live/System Host/tr_CP.language.xml, /custom/assets/bundles/01EYS26H1NNTYXM4RTHKDZ9NT4/live/System Host/1613598912236properties]
Existing [/custom/assets/bundles/01EYS26H1NNTYXM4RTHKDZ9NT4/ROOT/bc9a1d37-dd2d-4d49-a29d-0c9be740bfaf.folder.xml, /custom/assets/bundles/01EYS26H1NNTYXM4RTHKDZ9NT4/bundle.xml, /custom/assets/bundles/01EYS26H1NNTYXM4RTHKDZ9NT4/d210c563-a6da-4aca-a656-22fc679a21e8.workflow.xml, /custom/assets/bundles/01EYS26H1NNTYXM4RTHKDZ9NT4/d61a59e1-a49c-46f2-a929-db2b4bfa88b2.workflow.xml, /custom/assets/bundles/01EYS26H1NNTYXM4RTHKDZ9NT4/live/System Host/1/1-content.bab1e52c-521b-453a-aa10-b17f7ad1ec03.content.xml, /custom/assets/bundles/01EYS26H1NNTYXM4RTHKDZ9NT4/live/System Host/1/3-content.5b5e526e-cc72-430a-b096-4454af3f1494.content.xml, /custom/assets/bundles/01EYS26H1NNTYXM4RTHKDZ9NT4/live/System Host/1/734e2ce1-4b95-40d9-bb74-0c0369a1de7c.contentworkflow.xml, /custom/assets/bundles/01EYS26H1NNTYXM4RTHKDZ9NT4/live/System Host/1/7e9ff387-ea6f-4004-819c-89f2acfd1976.contentworkflow.xml, /custom/assets/bundles/01EYS26H1NNTYXM4RTHKDZ9NT4/live/System Host/1/content.ff462f88-d9e1-4d31-b084-b73cb61976d3.host.xml, /custom/assets/bundles/01EYS26H1NNTYXM4RTHKDZ9NT4/live/System Host/1/system host.host.xml, /custom/assets/bundles/01EYS26H1NNTYXM4RTHKDZ9NT4/live/System Host/1613598912236properties, /custom/assets/bundles/01EYS26H1NNTYXM4RTHKDZ9NT4/live/System Host/1properties, /custom/assets/bundles/01EYS26H1NNTYXM4RTHKDZ9NT4/live/System Host/en_US.language.xml, /custom/assets/bundles/01EYS26H1NNTYXM4RTHKDZ9NT4/live/System Host/tr_CP.language.xml, /custom/assets/bundles/01EYS26H1NNTYXM4RTHKDZ9NT4/live/default/1613598912236/0-content.ea889097-cb2e-4bba-89f0-383ef277fa3c.content.xml, /custom/assets/bundles/01EYS26H1NNTYXM4RTHKDZ9NT4/live/default/1613598912236/8cb7cdb4-c30a-4b9c-a30c-2d76556ae431.contentworkflow.xml, /custom/assets/bundles/01EYS26H1NNTYXM4RTHKDZ9NT4/live/default/83352fbd-95fb-4211-a285-21563cb899a0.rule.xml, /custom/assets/bundles/01EYS26H1NNTYXM4RTHKDZ9NT4/working/System Host/1/2-content.5b5e526e-cc72-430a-b096-4454af3f1494.content.xml, /custom/assets/bundles/01EYS26H1NNTYXM4RTHKDZ9NT4/working/System Host/1/734e2ce1-4b95-40d9-bb74-0c0369a1de7c.contentworkflow.xml, /custom/assets/bundles/01EYS26H1NNTYXM4RTHKDZ9NT4/working/System Host/1/content.ff462f88-d9e1-4d31-b084-b73cb61976d3.host.xml, /custom/assets/bundles/01EYS26H1NNTYXM4RTHKDZ9NT4/working/System Host/f4d7c1b8-2c88-4071-abf1-a5328977b07d.contentType.json]
difference [/custom/assets/bundles/01EYS26H1NNTYXM4RTHKDZ9NT4/ROOT/bc9a1d37-dd2d-4d49-a29d-0c9be740bfaf.folder.xml, /custom/assets/bundles/01EYS26H1NNTYXM4RTHKDZ9NT4/bundle.xml, /custom/assets/bundles/01EYS26H1NNTYXM4RTHKDZ9NT4/live/System Host/1/system host.host.xml]

	at org.jgroups.util.Util.assertEquals(Util.java:185)
	at com.dotcms.publishing.PublisherAPIImplTest.publish(PublisherAPIImplTest.java:407)
	at sun.reflect.NativeMethodAccessorImpl.invoke0(Native Method)
	at sun.reflect.NativeMethodAccessorImpl.invoke(NativeMethodAccessorImpl.java:62)
	at sun.reflect.DelegatingMethodAccessorImpl.invoke(DelegatingMethodAccessorImpl.java:43)
	at java.lang.reflect.Method.invoke(Method.java:498)
	at org.junit.runners.model.FrameworkMethod$1.runReflectiveCall(FrameworkMethod.java:50)
	at org.junit.internal.runners.model.ReflectiveCallable.run(ReflectiveCallable.java:12)
	at org.junit.runners.model.FrameworkMethod.invokeExplosively(FrameworkMethod.java:47)
	at com.tngtech.java.junit.dataprovider.DataProviderFrameworkMethod.invokeExplosively(DataProviderFrameworkMethod.java:119)
	at org.junit.internal.runners.statements.InvokeMethod.evaluate(InvokeMethod.java:17)
	at org.junit.rules.TestWatcher$1.evaluate(TestWatcher.java:55)
	at org.junit.rules.RunRules.evaluate(RunRules.java:20)
	at org.junit.runners.ParentRunner.runLeaf(ParentRunner.java:325)
	at com.dotcms.junit.CustomDataProviderRunner.runChild(CustomDataProviderRunner.java:28)
	at com.dotcms.junit.CustomDataProviderRunner.runChild(CustomDataProviderRunner.java:13)
	at org.junit.runners.ParentRunner$3.run(ParentRunner.java:290)
	at org.junit.runners.ParentRunner$1.schedule(ParentRunner.java:71)
	at org.junit.runners.ParentRunner.runChildren(ParentRunner.java:288)
	at org.junit.runners.ParentRunner.access$000(ParentRunner.java:58)
	at org.junit.runners.ParentRunner$2.evaluate(ParentRunner.java:268)
	at org.junit.internal.runners.statements.RunBefores.evaluate(RunBefores.java:26)
	at org.junit.internal.runners.statements.RunAfters.evaluate(RunAfters.java:27)
	at org.junit.runners.ParentRunner.run(ParentRunner.java:363)
	at org.junit.runners.Suite.runChild(Suite.java:128)
	at org.junit.runners.Suite.runChild(Suite.java:27)
	at org.junit.runners.ParentRunner$3.run(ParentRunner.java:290)
	at org.junit.runners.ParentRunner$1.schedule(ParentRunner.java:71)
	at org.junit.runners.ParentRunner.runChildren(ParentRunner.java:288)
	at org.junit.runners.ParentRunner.access$000(ParentRunner.java:58)
	at org.junit.runners.ParentRunner$2.evaluate(ParentRunner.java:268)
	at org.junit.runners.ParentRunner.run(ParentRunner.java:363)
	at org.gradle.api.internal.tasks.testing.junit.JUnitTestClassExecutor.runTestClass(JUnitTestClassExecutor.java:106)
	at org.gradle.api.internal.tasks.testing.junit.JUnitTestClassExecutor.execute(JUnitTestClassExecutor.java:58)
	at org.gradle.api.internal.tasks.testing.junit.JUnitTestClassExecutor.execute(JUnitTestClassExecutor.java:38)
	at org.gradle.api.internal.tasks.testing.junit.AbstractJUnitTestClassProcessor.processTestClass(AbstractJUnitTestClassProcessor.java:66)
	at org.gradle.api.internal.tasks.testing.SuiteTestClassProcessor.processTestClass(SuiteTestClassProcessor.java:51)
	at sun.reflect.NativeMethodAccessorImpl.invoke0(Native Method)
	at sun.reflect.NativeMethodAccessorImpl.invoke(NativeMethodAccessorImpl.java:62)
	at sun.reflect.DelegatingMethodAccessorImpl.invoke(DelegatingMethodAccessorImpl.java:43)
	at java.lang.reflect.Method.invoke(Method.java:498)
	at org.gradle.internal.dispatch.ReflectionDispatch.dispatch(ReflectionDispatch.java:35)
	at org.gradle.internal.dispatch.ReflectionDispatch.dispatch(ReflectionDispatch.java:24)
	at org.gradle.internal.dispatch.ContextClassLoaderDispatch.dispatch(ContextClassLoaderDispatch.java:32)
	at org.gradle.internal.dispatch.ProxyDispatchAdapter$DispatchingInvocationHandler.invoke(ProxyDispatchAdapter.java:93)
	at com.sun.proxy.$Proxy2.processTestClass(Unknown Source)
	at org.gradle.api.internal.tasks.testing.worker.TestWorker.processTestClass(TestWorker.java:117)
	at sun.reflect.NativeMethodAccessorImpl.invoke0(Native Method)
	at sun.reflect.NativeMethodAccessorImpl.invoke(NativeMethodAccessorImpl.java:62)
	at sun.reflect.DelegatingMethodAccessorImpl.invoke(DelegatingMethodAccessorImpl.java:43)
	at java.lang.reflect.Method.invoke(Method.java:498)
	at org.gradle.internal.dispatch.ReflectionDispatch.dispatch(ReflectionDispatch.java:35)
	at org.gradle.internal.dispatch.ReflectionDispatch.dispatch(ReflectionDispatch.java:24)
	at org.gradle.internal.remote.internal.hub.MessageHubBackedObjectConnection$DispatchWrapper.dispatch(MessageHubBackedObjectConnection.java:155)
	at org.gradle.internal.remote.internal.hub.MessageHubBackedObjectConnection$DispatchWrapper.dispatch(MessageHubBackedObjectConnection.java:137)
	at org.gradle.internal.remote.internal.hub.MessageHub$Handler.run(MessageHub.java:404)
	at org.gradle.internal.concurrent.ExecutorPolicy$CatchAndRecordFailures.onExecute(ExecutorPolicy.java:63)
	at org.gradle.internal.concurrent.ManagedExecutorImpl$1.run(ManagedExecutorImpl.java:46)
	at java.util.concurrent.ThreadPoolExecutor.runWorker(ThreadPoolExecutor.java:1149)
	at java.util.concurrent.ThreadPoolExecutor$Worker.run(ThreadPoolExecutor.java:624)
	at org.gradle.internal.concurrent.ThreadFactoryImpl$ManagedThreadRunnable.run(ThreadFactoryImpl.java:55)
	at java.lang.Thread.run(Thread.java:748)
</pre>
</span>
</div>
<div class="test">
<a name="publish[7: com.dotcms.publishing.PublisherAPIImplTest$TestCase@62bebb7e]"></a>
<h3 class="failures">publish[7: com.dotcms.publishing.PublisherAPIImplTest$TestCase@62bebb7e]</h3>
<span class="code">
<pre>java.lang.AssertionError: Expected 20 but get 22 in /custom/assets/bundles/01EYS26H4E7G6RM2N0JR2HHXYV
Expected [/custom/assets/bundles/01EYS26H4E7G6RM2N0JR2HHXYV/live/System Host/1/7e9ff387-ea6f-4004-819c-89f2acfd1976.contentworkflow.xml, /custom/assets/bundles/01EYS26H4E7G6RM2N0JR2HHXYV/live/System Host/1613598912236properties, /custom/assets/bundles/01EYS26H4E7G6RM2N0JR2HHXYV/live/System Host/1properties, /custom/assets/bundles/01EYS26H4E7G6RM2N0JR2HHXYV/live/System Host/1/1-content.bab1e52c-521b-453a-aa10-b17f7ad1ec03.content.xml, /custom/assets/bundles/01EYS26H4E7G6RM2N0JR2HHXYV/working/System Host/1/2-content.5b5e526e-cc72-430a-b096-4454af3f1494.content.xml, /custom/assets/bundles/01EYS26H4E7G6RM2N0JR2HHXYV/live/System Host/tr_CP.language.xml, /custom/assets/bundles/01EYS26H4E7G6RM2N0JR2HHXYV/live/System Host/1613596726452properties, /custom/assets/bundles/01EYS26H4E7G6RM2N0JR2HHXYV/live/default/83352fbd-95fb-4211-a285-21563cb899a0.rule.xml, /custom/assets/bundles/01EYS26H4E7G6RM2N0JR2HHXYV/live/System Host/1/734e2ce1-4b95-40d9-bb74-0c0369a1de7c.contentworkflow.xml, /custom/assets/bundles/01EYS26H4E7G6RM2N0JR2HHXYV/working/System Host/f4d7c1b8-2c88-4071-abf1-a5328977b07d.contentType.json, /custom/assets/bundles/01EYS26H4E7G6RM2N0JR2HHXYV/working/System Host/1/content.ff462f88-d9e1-4d31-b084-b73cb61976d3.host.xml, /custom/assets/bundles/01EYS26H4E7G6RM2N0JR2HHXYV/live/default/1613598912236/0-content.ea889097-cb2e-4bba-89f0-383ef277fa3c.content.xml, /custom/assets/bundles/01EYS26H4E7G6RM2N0JR2HHXYV/live/System Host/1/content.ff462f88-d9e1-4d31-b084-b73cb61976d3.host.xml, /custom/assets/bundles/01EYS26H4E7G6RM2N0JR2HHXYV/working/System Host/1/734e2ce1-4b95-40d9-bb74-0c0369a1de7c.contentworkflow.xml, /custom/assets/bundles/01EYS26H4E7G6RM2N0JR2HHXYV/live/System Host/en_US.language.xml, /custom/assets/bundles/01EYS26H4E7G6RM2N0JR2HHXYV/live/default/1613598912236/8cb7cdb4-c30a-4b9c-a30c-2d76556ae431.contentworkflow.xml, /custom/assets/bundles/01EYS26H4E7G6RM2N0JR2HHXYV/d61a59e1-a49c-46f2-a929-db2b4bfa88b2.workflow.xml, /custom/assets/bundles/01EYS26H4E7G6RM2N0JR2HHXYV/live/System Host/jmxax_TESTCOUNTRYCODE1613596726452.language.xml, /custom/assets/bundles/01EYS26H4E7G6RM2N0JR2HHXYV/live/System Host/1/3-content.5b5e526e-cc72-430a-b096-4454af3f1494.content.xml]
Existing [/custom/assets/bundles/01EYS26H4E7G6RM2N0JR2HHXYV/ROOT/bc9a1d37-dd2d-4d49-a29d-0c9be740bfaf.folder.xml, /custom/assets/bundles/01EYS26H4E7G6RM2N0JR2HHXYV/bundle.xml, /custom/assets/bundles/01EYS26H4E7G6RM2N0JR2HHXYV/d61a59e1-a49c-46f2-a929-db2b4bfa88b2.workflow.xml, /custom/assets/bundles/01EYS26H4E7G6RM2N0JR2HHXYV/live/System Host/1/1-content.bab1e52c-521b-453a-aa10-b17f7ad1ec03.content.xml, /custom/assets/bundles/01EYS26H4E7G6RM2N0JR2HHXYV/live/System Host/1/3-content.5b5e526e-cc72-430a-b096-4454af3f1494.content.xml, /custom/assets/bundles/01EYS26H4E7G6RM2N0JR2HHXYV/live/System Host/1/734e2ce1-4b95-40d9-bb74-0c0369a1de7c.contentworkflow.xml, /custom/assets/bundles/01EYS26H4E7G6RM2N0JR2HHXYV/live/System Host/1/7e9ff387-ea6f-4004-819c-89f2acfd1976.contentworkflow.xml, /custom/assets/bundles/01EYS26H4E7G6RM2N0JR2HHXYV/live/System Host/1/content.ff462f88-d9e1-4d31-b084-b73cb61976d3.host.xml, /custom/assets/bundles/01EYS26H4E7G6RM2N0JR2HHXYV/live/System Host/1/system host.host.xml, /custom/assets/bundles/01EYS26H4E7G6RM2N0JR2HHXYV/live/System Host/1613596726452properties, /custom/assets/bundles/01EYS26H4E7G6RM2N0JR2HHXYV/live/System Host/1613598912236properties, /custom/assets/bundles/01EYS26H4E7G6RM2N0JR2HHXYV/live/System Host/1properties, /custom/assets/bundles/01EYS26H4E7G6RM2N0JR2HHXYV/live/System Host/en_US.language.xml, /custom/assets/bundles/01EYS26H4E7G6RM2N0JR2HHXYV/live/System Host/jmxax_TESTCOUNTRYCODE1613596726452.language.xml, /custom/assets/bundles/01EYS26H4E7G6RM2N0JR2HHXYV/live/System Host/tr_CP.language.xml, /custom/assets/bundles/01EYS26H4E7G6RM2N0JR2HHXYV/live/default/1613598912236/0-content.ea889097-cb2e-4bba-89f0-383ef277fa3c.content.xml, /custom/assets/bundles/01EYS26H4E7G6RM2N0JR2HHXYV/live/default/1613598912236/8cb7cdb4-c30a-4b9c-a30c-2d76556ae431.contentworkflow.xml, /custom/assets/bundles/01EYS26H4E7G6RM2N0JR2HHXYV/live/default/83352fbd-95fb-4211-a285-21563cb899a0.rule.xml, /custom/assets/bundles/01EYS26H4E7G6RM2N0JR2HHXYV/working/System Host/1/2-content.5b5e526e-cc72-430a-b096-4454af3f1494.content.xml, /custom/assets/bundles/01EYS26H4E7G6RM2N0JR2HHXYV/working/System Host/1/734e2ce1-4b95-40d9-bb74-0c0369a1de7c.contentworkflow.xml, /custom/assets/bundles/01EYS26H4E7G6RM2N0JR2HHXYV/working/System Host/1/content.ff462f88-d9e1-4d31-b084-b73cb61976d3.host.xml, /custom/assets/bundles/01EYS26H4E7G6RM2N0JR2HHXYV/working/System Host/f4d7c1b8-2c88-4071-abf1-a5328977b07d.contentType.json]
difference [/custom/assets/bundles/01EYS26H4E7G6RM2N0JR2HHXYV/ROOT/bc9a1d37-dd2d-4d49-a29d-0c9be740bfaf.folder.xml, /custom/assets/bundles/01EYS26H4E7G6RM2N0JR2HHXYV/bundle.xml, /custom/assets/bundles/01EYS26H4E7G6RM2N0JR2HHXYV/live/System Host/1/system host.host.xml]

	at org.jgroups.util.Util.assertEquals(Util.java:185)
	at com.dotcms.publishing.PublisherAPIImplTest.publish(PublisherAPIImplTest.java:407)
	at sun.reflect.NativeMethodAccessorImpl.invoke0(Native Method)
	at sun.reflect.NativeMethodAccessorImpl.invoke(NativeMethodAccessorImpl.java:62)
	at sun.reflect.DelegatingMethodAccessorImpl.invoke(DelegatingMethodAccessorImpl.java:43)
	at java.lang.reflect.Method.invoke(Method.java:498)
	at org.junit.runners.model.FrameworkMethod$1.runReflectiveCall(FrameworkMethod.java:50)
	at org.junit.internal.runners.model.ReflectiveCallable.run(ReflectiveCallable.java:12)
	at org.junit.runners.model.FrameworkMethod.invokeExplosively(FrameworkMethod.java:47)
	at com.tngtech.java.junit.dataprovider.DataProviderFrameworkMethod.invokeExplosively(DataProviderFrameworkMethod.java:119)
	at org.junit.internal.runners.statements.InvokeMethod.evaluate(InvokeMethod.java:17)
	at org.junit.rules.TestWatcher$1.evaluate(TestWatcher.java:55)
	at org.junit.rules.RunRules.evaluate(RunRules.java:20)
	at org.junit.runners.ParentRunner.runLeaf(ParentRunner.java:325)
	at com.dotcms.junit.CustomDataProviderRunner.runChild(CustomDataProviderRunner.java:28)
	at com.dotcms.junit.CustomDataProviderRunner.runChild(CustomDataProviderRunner.java:13)
	at org.junit.runners.ParentRunner$3.run(ParentRunner.java:290)
	at org.junit.runners.ParentRunner$1.schedule(ParentRunner.java:71)
	at org.junit.runners.ParentRunner.runChildren(ParentRunner.java:288)
	at org.junit.runners.ParentRunner.access$000(ParentRunner.java:58)
	at org.junit.runners.ParentRunner$2.evaluate(ParentRunner.java:268)
	at org.junit.internal.runners.statements.RunBefores.evaluate(RunBefores.java:26)
	at org.junit.internal.runners.statements.RunAfters.evaluate(RunAfters.java:27)
	at org.junit.runners.ParentRunner.run(ParentRunner.java:363)
	at org.junit.runners.Suite.runChild(Suite.java:128)
	at org.junit.runners.Suite.runChild(Suite.java:27)
	at org.junit.runners.ParentRunner$3.run(ParentRunner.java:290)
	at org.junit.runners.ParentRunner$1.schedule(ParentRunner.java:71)
	at org.junit.runners.ParentRunner.runChildren(ParentRunner.java:288)
	at org.junit.runners.ParentRunner.access$000(ParentRunner.java:58)
	at org.junit.runners.ParentRunner$2.evaluate(ParentRunner.java:268)
	at org.junit.runners.ParentRunner.run(ParentRunner.java:363)
	at org.gradle.api.internal.tasks.testing.junit.JUnitTestClassExecutor.runTestClass(JUnitTestClassExecutor.java:106)
	at org.gradle.api.internal.tasks.testing.junit.JUnitTestClassExecutor.execute(JUnitTestClassExecutor.java:58)
	at org.gradle.api.internal.tasks.testing.junit.JUnitTestClassExecutor.execute(JUnitTestClassExecutor.java:38)
	at org.gradle.api.internal.tasks.testing.junit.AbstractJUnitTestClassProcessor.processTestClass(AbstractJUnitTestClassProcessor.java:66)
	at org.gradle.api.internal.tasks.testing.SuiteTestClassProcessor.processTestClass(SuiteTestClassProcessor.java:51)
	at sun.reflect.NativeMethodAccessorImpl.invoke0(Native Method)
	at sun.reflect.NativeMethodAccessorImpl.invoke(NativeMethodAccessorImpl.java:62)
	at sun.reflect.DelegatingMethodAccessorImpl.invoke(DelegatingMethodAccessorImpl.java:43)
	at java.lang.reflect.Method.invoke(Method.java:498)
	at org.gradle.internal.dispatch.ReflectionDispatch.dispatch(ReflectionDispatch.java:35)
	at org.gradle.internal.dispatch.ReflectionDispatch.dispatch(ReflectionDispatch.java:24)
	at org.gradle.internal.dispatch.ContextClassLoaderDispatch.dispatch(ContextClassLoaderDispatch.java:32)
	at org.gradle.internal.dispatch.ProxyDispatchAdapter$DispatchingInvocationHandler.invoke(ProxyDispatchAdapter.java:93)
	at com.sun.proxy.$Proxy2.processTestClass(Unknown Source)
	at org.gradle.api.internal.tasks.testing.worker.TestWorker.processTestClass(TestWorker.java:117)
	at sun.reflect.NativeMethodAccessorImpl.invoke0(Native Method)
	at sun.reflect.NativeMethodAccessorImpl.invoke(NativeMethodAccessorImpl.java:62)
	at sun.reflect.DelegatingMethodAccessorImpl.invoke(DelegatingMethodAccessorImpl.java:43)
	at java.lang.reflect.Method.invoke(Method.java:498)
	at org.gradle.internal.dispatch.ReflectionDispatch.dispatch(ReflectionDispatch.java:35)
	at org.gradle.internal.dispatch.ReflectionDispatch.dispatch(ReflectionDispatch.java:24)
	at org.gradle.internal.remote.internal.hub.MessageHubBackedObjectConnection$DispatchWrapper.dispatch(MessageHubBackedObjectConnection.java:155)
	at org.gradle.internal.remote.internal.hub.MessageHubBackedObjectConnection$DispatchWrapper.dispatch(MessageHubBackedObjectConnection.java:137)
	at org.gradle.internal.remote.internal.hub.MessageHub$Handler.run(MessageHub.java:404)
	at org.gradle.internal.concurrent.ExecutorPolicy$CatchAndRecordFailures.onExecute(ExecutorPolicy.java:63)
	at org.gradle.internal.concurrent.ManagedExecutorImpl$1.run(ManagedExecutorImpl.java:46)
	at java.util.concurrent.ThreadPoolExecutor.runWorker(ThreadPoolExecutor.java:1149)
	at java.util.concurrent.ThreadPoolExecutor$Worker.run(ThreadPoolExecutor.java:624)
	at org.gradle.internal.concurrent.ThreadFactoryImpl$ManagedThreadRunnable.run(ThreadFactoryImpl.java:55)
	at java.lang.Thread.run(Thread.java:748)
</pre>
</span>
</div>
<div class="test">
<a name="publish[8: com.dotcms.publishing.PublisherAPIImplTest$TestCase@e86171e]"></a>
<h3 class="failures">publish[8: com.dotcms.publishing.PublisherAPIImplTest$TestCase@e86171e]</h3>
<span class="code">
<pre>java.lang.AssertionError: Expected 5 but get 6 in /custom/assets/bundles/01EYS26H6WHX48ZWVXJ4QX6P2P
Expected [/custom/assets/bundles/01EYS26H6WHX48ZWVXJ4QX6P2P/live/test1613596726453.dotcms.com/e912b113-3343-43b9-b20e-f9cff47a4f95.rule.xml, /custom/assets/bundles/01EYS26H6WHX48ZWVXJ4QX6P2P/live/System Host/1/content.ff462f88-d9e1-4d31-b084-b73cb61976d3.host.xml, /custom/assets/bundles/01EYS26H6WHX48ZWVXJ4QX6P2P/working/System Host/1/content.ff462f88-d9e1-4d31-b084-b73cb61976d3.host.xml, /custom/assets/bundles/01EYS26H6WHX48ZWVXJ4QX6P2P/live/default/83352fbd-95fb-4211-a285-21563cb899a0.rule.xml]
Existing [/custom/assets/bundles/01EYS26H6WHX48ZWVXJ4QX6P2P/bundle.xml, /custom/assets/bundles/01EYS26H6WHX48ZWVXJ4QX6P2P/live/System Host/1/content.ff462f88-d9e1-4d31-b084-b73cb61976d3.host.xml, /custom/assets/bundles/01EYS26H6WHX48ZWVXJ4QX6P2P/live/System Host/1/system host.host.xml, /custom/assets/bundles/01EYS26H6WHX48ZWVXJ4QX6P2P/live/default/83352fbd-95fb-4211-a285-21563cb899a0.rule.xml, /custom/assets/bundles/01EYS26H6WHX48ZWVXJ4QX6P2P/live/test1613596726453.dotcms.com/e912b113-3343-43b9-b20e-f9cff47a4f95.rule.xml, /custom/assets/bundles/01EYS26H6WHX48ZWVXJ4QX6P2P/working/System Host/1/content.ff462f88-d9e1-4d31-b084-b73cb61976d3.host.xml]
difference [/custom/assets/bundles/01EYS26H6WHX48ZWVXJ4QX6P2P/bundle.xml, /custom/assets/bundles/01EYS26H6WHX48ZWVXJ4QX6P2P/live/System Host/1/system host.host.xml]

	at org.jgroups.util.Util.assertEquals(Util.java:185)
	at com.dotcms.publishing.PublisherAPIImplTest.publish(PublisherAPIImplTest.java:407)
	at sun.reflect.NativeMethodAccessorImpl.invoke0(Native Method)
	at sun.reflect.NativeMethodAccessorImpl.invoke(NativeMethodAccessorImpl.java:62)
	at sun.reflect.DelegatingMethodAccessorImpl.invoke(DelegatingMethodAccessorImpl.java:43)
	at java.lang.reflect.Method.invoke(Method.java:498)
	at org.junit.runners.model.FrameworkMethod$1.runReflectiveCall(FrameworkMethod.java:50)
	at org.junit.internal.runners.model.ReflectiveCallable.run(ReflectiveCallable.java:12)
	at org.junit.runners.model.FrameworkMethod.invokeExplosively(FrameworkMethod.java:47)
	at com.tngtech.java.junit.dataprovider.DataProviderFrameworkMethod.invokeExplosively(DataProviderFrameworkMethod.java:119)
	at org.junit.internal.runners.statements.InvokeMethod.evaluate(InvokeMethod.java:17)
	at org.junit.rules.TestWatcher$1.evaluate(TestWatcher.java:55)
	at org.junit.rules.RunRules.evaluate(RunRules.java:20)
	at org.junit.runners.ParentRunner.runLeaf(ParentRunner.java:325)
	at com.dotcms.junit.CustomDataProviderRunner.runChild(CustomDataProviderRunner.java:28)
	at com.dotcms.junit.CustomDataProviderRunner.runChild(CustomDataProviderRunner.java:13)
	at org.junit.runners.ParentRunner$3.run(ParentRunner.java:290)
	at org.junit.runners.ParentRunner$1.schedule(ParentRunner.java:71)
	at org.junit.runners.ParentRunner.runChildren(ParentRunner.java:288)
	at org.junit.runners.ParentRunner.access$000(ParentRunner.java:58)
	at org.junit.runners.ParentRunner$2.evaluate(ParentRunner.java:268)
	at org.junit.internal.runners.statements.RunBefores.evaluate(RunBefores.java:26)
	at org.junit.internal.runners.statements.RunAfters.evaluate(RunAfters.java:27)
	at org.junit.runners.ParentRunner.run(ParentRunner.java:363)
	at org.junit.runners.Suite.runChild(Suite.java:128)
	at org.junit.runners.Suite.runChild(Suite.java:27)
	at org.junit.runners.ParentRunner$3.run(ParentRunner.java:290)
	at org.junit.runners.ParentRunner$1.schedule(ParentRunner.java:71)
	at org.junit.runners.ParentRunner.runChildren(ParentRunner.java:288)
	at org.junit.runners.ParentRunner.access$000(ParentRunner.java:58)
	at org.junit.runners.ParentRunner$2.evaluate(ParentRunner.java:268)
	at org.junit.runners.ParentRunner.run(ParentRunner.java:363)
	at org.gradle.api.internal.tasks.testing.junit.JUnitTestClassExecutor.runTestClass(JUnitTestClassExecutor.java:106)
	at org.gradle.api.internal.tasks.testing.junit.JUnitTestClassExecutor.execute(JUnitTestClassExecutor.java:58)
	at org.gradle.api.internal.tasks.testing.junit.JUnitTestClassExecutor.execute(JUnitTestClassExecutor.java:38)
	at org.gradle.api.internal.tasks.testing.junit.AbstractJUnitTestClassProcessor.processTestClass(AbstractJUnitTestClassProcessor.java:66)
	at org.gradle.api.internal.tasks.testing.SuiteTestClassProcessor.processTestClass(SuiteTestClassProcessor.java:51)
	at sun.reflect.NativeMethodAccessorImpl.invoke0(Native Method)
	at sun.reflect.NativeMethodAccessorImpl.invoke(NativeMethodAccessorImpl.java:62)
	at sun.reflect.DelegatingMethodAccessorImpl.invoke(DelegatingMethodAccessorImpl.java:43)
	at java.lang.reflect.Method.invoke(Method.java:498)
	at org.gradle.internal.dispatch.ReflectionDispatch.dispatch(ReflectionDispatch.java:35)
	at org.gradle.internal.dispatch.ReflectionDispatch.dispatch(ReflectionDispatch.java:24)
	at org.gradle.internal.dispatch.ContextClassLoaderDispatch.dispatch(ContextClassLoaderDispatch.java:32)
	at org.gradle.internal.dispatch.ProxyDispatchAdapter$DispatchingInvocationHandler.invoke(ProxyDispatchAdapter.java:93)
	at com.sun.proxy.$Proxy2.processTestClass(Unknown Source)
	at org.gradle.api.internal.tasks.testing.worker.TestWorker.processTestClass(TestWorker.java:117)
	at sun.reflect.NativeMethodAccessorImpl.invoke0(Native Method)
	at sun.reflect.NativeMethodAccessorImpl.invoke(NativeMethodAccessorImpl.java:62)
	at sun.reflect.DelegatingMethodAccessorImpl.invoke(DelegatingMethodAccessorImpl.java:43)
	at java.lang.reflect.Method.invoke(Method.java:498)
	at org.gradle.internal.dispatch.ReflectionDispatch.dispatch(ReflectionDispatch.java:35)
	at org.gradle.internal.dispatch.ReflectionDispatch.dispatch(ReflectionDispatch.java:24)
	at org.gradle.internal.remote.internal.hub.MessageHubBackedObjectConnection$DispatchWrapper.dispatch(MessageHubBackedObjectConnection.java:155)
	at org.gradle.internal.remote.internal.hub.MessageHubBackedObjectConnection$DispatchWrapper.dispatch(MessageHubBackedObjectConnection.java:137)
	at org.gradle.internal.remote.internal.hub.MessageHub$Handler.run(MessageHub.java:404)
	at org.gradle.internal.concurrent.ExecutorPolicy$CatchAndRecordFailures.onExecute(ExecutorPolicy.java:63)
	at org.gradle.internal.concurrent.ManagedExecutorImpl$1.run(ManagedExecutorImpl.java:46)
	at java.util.concurrent.ThreadPoolExecutor.runWorker(ThreadPoolExecutor.java:1149)
	at java.util.concurrent.ThreadPoolExecutor$Worker.run(ThreadPoolExecutor.java:624)
	at org.gradle.internal.concurrent.ThreadFactoryImpl$ManagedThreadRunnable.run(ThreadFactoryImpl.java:55)
	at java.lang.Thread.run(Thread.java:748)
</pre>
</span>
</div>
<div class="test">
<a name="publish[9: com.dotcms.publishing.PublisherAPIImplTest$TestCase@2749f08b]"></a>
<h3 class="failures">publish[9: com.dotcms.publishing.PublisherAPIImplTest$TestCase@2749f08b]</h3>
<span class="code">
<pre>java.lang.AssertionError: Expected 24 but get 26 in /custom/assets/bundles/01EYS26H8N6KBNGQKJTNYC1J39
Expected [/custom/assets/bundles/01EYS26H8N6KBNGQKJTNYC1J39/live/System Host/1/734e2ce1-4b95-40d9-bb74-0c0369a1de7c.contentworkflow.xml, /custom/assets/bundles/01EYS26H8N6KBNGQKJTNYC1J39/live/default/83352fbd-95fb-4211-a285-21563cb899a0.rule.xml, /custom/assets/bundles/01EYS26H8N6KBNGQKJTNYC1J39/working/test1613596720373.dotcms.com/738f6e8d-dd37-42da-851c-fd5b80af5715.relationship.xml, /custom/assets/bundles/01EYS26H8N6KBNGQKJTNYC1J39/live/default/1613598912236/0-content.ea889097-cb2e-4bba-89f0-383ef277fa3c.content.xml, /custom/assets/bundles/01EYS26H8N6KBNGQKJTNYC1J39/1af0f34e-9100-4cf8-9ac7-a9dab25db6c3.workflow.xml, /custom/assets/bundles/01EYS26H8N6KBNGQKJTNYC1J39/live/default/1613598912236/8cb7cdb4-c30a-4b9c-a30c-2d76556ae431.contentworkflow.xml, /custom/assets/bundles/01EYS26H8N6KBNGQKJTNYC1J39/d61a59e1-a49c-46f2-a929-db2b4bfa88b2.workflow.xml, /custom/assets/bundles/01EYS26H8N6KBNGQKJTNYC1J39/live/System Host/tr_CP.language.xml, /custom/assets/bundles/01EYS26H8N6KBNGQKJTNYC1J39/working/System Host/1/2-content.5b5e526e-cc72-430a-b096-4454af3f1494.content.xml, /custom/assets/bundles/01EYS26H8N6KBNGQKJTNYC1J39/working/System Host/1/content.ff462f88-d9e1-4d31-b084-b73cb61976d3.host.xml, /custom/assets/bundles/01EYS26H8N6KBNGQKJTNYC1J39/live/System Host/1/7e9ff387-ea6f-4004-819c-89f2acfd1976.contentworkflow.xml, /custom/assets/bundles/01EYS26H8N6KBNGQKJTNYC1J39/working/System Host/dabb3766-1d93-452e-9a42-befd2dc4b6e7.category.dpc.xml, /custom/assets/bundles/01EYS26H8N6KBNGQKJTNYC1J39/working/System Host/f4d7c1b8-2c88-4071-abf1-a5328977b07d.contentType.json, /custom/assets/bundles/01EYS26H8N6KBNGQKJTNYC1J39/working/System Host/1/734e2ce1-4b95-40d9-bb74-0c0369a1de7c.contentworkflow.xml, /custom/assets/bundles/01EYS26H8N6KBNGQKJTNYC1J39/live/System Host/1613598912236properties, /custom/assets/bundles/01EYS26H8N6KBNGQKJTNYC1J39/live/System Host/1/3-content.5b5e526e-cc72-430a-b096-4454af3f1494.content.xml, /custom/assets/bundles/01EYS26H8N6KBNGQKJTNYC1J39/working/test1613596720373.dotcms.com/3fdb2bb9-20fb-4d9d-8d1a-70b566a31f4d.contentType.json, /custom/assets/bundles/01EYS26H8N6KBNGQKJTNYC1J39/live/System Host/1properties, /custom/assets/bundles/01EYS26H8N6KBNGQKJTNYC1J39/working/test1613596720373.dotcms.com/2506bfc4-71b7-4c18-bbbc-5bd717f621a3.contentType.json, /custom/assets/bundles/01EYS26H8N6KBNGQKJTNYC1J39/live/System Host/1/content.a643c31e-cb09-4177-87f7-1bce78010cca.host.xml, /custom/assets/bundles/01EYS26H8N6KBNGQKJTNYC1J39/live/System Host/1/content.ff462f88-d9e1-4d31-b084-b73cb61976d3.host.xml, /custom/assets/bundles/01EYS26H8N6KBNGQKJTNYC1J39/live/System Host/1/1-content.bab1e52c-521b-453a-aa10-b17f7ad1ec03.content.xml, /custom/assets/bundles/01EYS26H8N6KBNGQKJTNYC1J39/live/System Host/en_US.language.xml]
Existing [/custom/assets/bundles/01EYS26H8N6KBNGQKJTNYC1J39/1af0f34e-9100-4cf8-9ac7-a9dab25db6c3.workflow.xml, /custom/assets/bundles/01EYS26H8N6KBNGQKJTNYC1J39/ROOT/bc9a1d37-dd2d-4d49-a29d-0c9be740bfaf.folder.xml, /custom/assets/bundles/01EYS26H8N6KBNGQKJTNYC1J39/bundle.xml, /custom/assets/bundles/01EYS26H8N6KBNGQKJTNYC1J39/d61a59e1-a49c-46f2-a929-db2b4bfa88b2.workflow.xml, /custom/assets/bundles/01EYS26H8N6KBNGQKJTNYC1J39/live/System Host/1/1-content.bab1e52c-521b-453a-aa10-b17f7ad1ec03.content.xml, /custom/assets/bundles/01EYS26H8N6KBNGQKJTNYC1J39/live/System Host/1/3-content.5b5e526e-cc72-430a-b096-4454af3f1494.content.xml, /custom/assets/bundles/01EYS26H8N6KBNGQKJTNYC1J39/live/System Host/1/734e2ce1-4b95-40d9-bb74-0c0369a1de7c.contentworkflow.xml, /custom/assets/bundles/01EYS26H8N6KBNGQKJTNYC1J39/live/System Host/1/7e9ff387-ea6f-4004-819c-89f2acfd1976.contentworkflow.xml, /custom/assets/bundles/01EYS26H8N6KBNGQKJTNYC1J39/live/System Host/1/content.a643c31e-cb09-4177-87f7-1bce78010cca.host.xml, /custom/assets/bundles/01EYS26H8N6KBNGQKJTNYC1J39/live/System Host/1/content.ff462f88-d9e1-4d31-b084-b73cb61976d3.host.xml, /custom/assets/bundles/01EYS26H8N6KBNGQKJTNYC1J39/live/System Host/1/system host.host.xml, /custom/assets/bundles/01EYS26H8N6KBNGQKJTNYC1J39/live/System Host/1613598912236properties, /custom/assets/bundles/01EYS26H8N6KBNGQKJTNYC1J39/live/System Host/1properties, /custom/assets/bundles/01EYS26H8N6KBNGQKJTNYC1J39/live/System Host/en_US.language.xml, /custom/assets/bundles/01EYS26H8N6KBNGQKJTNYC1J39/live/System Host/tr_CP.language.xml, /custom/assets/bundles/01EYS26H8N6KBNGQKJTNYC1J39/live/default/1613598912236/0-content.ea889097-cb2e-4bba-89f0-383ef277fa3c.content.xml, /custom/assets/bundles/01EYS26H8N6KBNGQKJTNYC1J39/live/default/1613598912236/8cb7cdb4-c30a-4b9c-a30c-2d76556ae431.contentworkflow.xml, /custom/assets/bundles/01EYS26H8N6KBNGQKJTNYC1J39/live/default/83352fbd-95fb-4211-a285-21563cb899a0.rule.xml, /custom/assets/bundles/01EYS26H8N6KBNGQKJTNYC1J39/working/System Host/1/2-content.5b5e526e-cc72-430a-b096-4454af3f1494.content.xml, /custom/assets/bundles/01EYS26H8N6KBNGQKJTNYC1J39/working/System Host/1/734e2ce1-4b95-40d9-bb74-0c0369a1de7c.contentworkflow.xml, /custom/assets/bundles/01EYS26H8N6KBNGQKJTNYC1J39/working/System Host/1/content.ff462f88-d9e1-4d31-b084-b73cb61976d3.host.xml, /custom/assets/bundles/01EYS26H8N6KBNGQKJTNYC1J39/working/System Host/dabb3766-1d93-452e-9a42-befd2dc4b6e7.category.dpc.xml, /custom/assets/bundles/01EYS26H8N6KBNGQKJTNYC1J39/working/System Host/f4d7c1b8-2c88-4071-abf1-a5328977b07d.contentType.json, /custom/assets/bundles/01EYS26H8N6KBNGQKJTNYC1J39/working/test1613596720373.dotcms.com/2506bfc4-71b7-4c18-bbbc-5bd717f621a3.contentType.json, /custom/assets/bundles/01EYS26H8N6KBNGQKJTNYC1J39/working/test1613596720373.dotcms.com/3fdb2bb9-20fb-4d9d-8d1a-70b566a31f4d.contentType.json, /custom/assets/bundles/01EYS26H8N6KBNGQKJTNYC1J39/working/test1613596720373.dotcms.com/738f6e8d-dd37-42da-851c-fd5b80af5715.relationship.xml]
difference [/custom/assets/bundles/01EYS26H8N6KBNGQKJTNYC1J39/ROOT/bc9a1d37-dd2d-4d49-a29d-0c9be740bfaf.folder.xml, /custom/assets/bundles/01EYS26H8N6KBNGQKJTNYC1J39/bundle.xml, /custom/assets/bundles/01EYS26H8N6KBNGQKJTNYC1J39/live/System Host/1/system host.host.xml]

	at org.jgroups.util.Util.assertEquals(Util.java:185)
	at com.dotcms.publishing.PublisherAPIImplTest.publish(PublisherAPIImplTest.java:407)
	at sun.reflect.NativeMethodAccessorImpl.invoke0(Native Method)
	at sun.reflect.NativeMethodAccessorImpl.invoke(NativeMethodAccessorImpl.java:62)
	at sun.reflect.DelegatingMethodAccessorImpl.invoke(DelegatingMethodAccessorImpl.java:43)
	at java.lang.reflect.Method.invoke(Method.java:498)
	at org.junit.runners.model.FrameworkMethod$1.runReflectiveCall(FrameworkMethod.java:50)
	at org.junit.internal.runners.model.ReflectiveCallable.run(ReflectiveCallable.java:12)
	at org.junit.runners.model.FrameworkMethod.invokeExplosively(FrameworkMethod.java:47)
	at com.tngtech.java.junit.dataprovider.DataProviderFrameworkMethod.invokeExplosively(DataProviderFrameworkMethod.java:119)
	at org.junit.internal.runners.statements.InvokeMethod.evaluate(InvokeMethod.java:17)
	at org.junit.rules.TestWatcher$1.evaluate(TestWatcher.java:55)
	at org.junit.rules.RunRules.evaluate(RunRules.java:20)
	at org.junit.runners.ParentRunner.runLeaf(ParentRunner.java:325)
	at com.dotcms.junit.CustomDataProviderRunner.runChild(CustomDataProviderRunner.java:28)
	at com.dotcms.junit.CustomDataProviderRunner.runChild(CustomDataProviderRunner.java:13)
	at org.junit.runners.ParentRunner$3.run(ParentRunner.java:290)
	at org.junit.runners.ParentRunner$1.schedule(ParentRunner.java:71)
	at org.junit.runners.ParentRunner.runChildren(ParentRunner.java:288)
	at org.junit.runners.ParentRunner.access$000(ParentRunner.java:58)
	at org.junit.runners.ParentRunner$2.evaluate(ParentRunner.java:268)
	at org.junit.internal.runners.statements.RunBefores.evaluate(RunBefores.java:26)
	at org.junit.internal.runners.statements.RunAfters.evaluate(RunAfters.java:27)
	at org.junit.runners.ParentRunner.run(ParentRunner.java:363)
	at org.junit.runners.Suite.runChild(Suite.java:128)
	at org.junit.runners.Suite.runChild(Suite.java:27)
	at org.junit.runners.ParentRunner$3.run(ParentRunner.java:290)
	at org.junit.runners.ParentRunner$1.schedule(ParentRunner.java:71)
	at org.junit.runners.ParentRunner.runChildren(ParentRunner.java:288)
	at org.junit.runners.ParentRunner.access$000(ParentRunner.java:58)
	at org.junit.runners.ParentRunner$2.evaluate(ParentRunner.java:268)
	at org.junit.runners.ParentRunner.run(ParentRunner.java:363)
	at org.gradle.api.internal.tasks.testing.junit.JUnitTestClassExecutor.runTestClass(JUnitTestClassExecutor.java:106)
	at org.gradle.api.internal.tasks.testing.junit.JUnitTestClassExecutor.execute(JUnitTestClassExecutor.java:58)
	at org.gradle.api.internal.tasks.testing.junit.JUnitTestClassExecutor.execute(JUnitTestClassExecutor.java:38)
	at org.gradle.api.internal.tasks.testing.junit.AbstractJUnitTestClassProcessor.processTestClass(AbstractJUnitTestClassProcessor.java:66)
	at org.gradle.api.internal.tasks.testing.SuiteTestClassProcessor.processTestClass(SuiteTestClassProcessor.java:51)
	at sun.reflect.NativeMethodAccessorImpl.invoke0(Native Method)
	at sun.reflect.NativeMethodAccessorImpl.invoke(NativeMethodAccessorImpl.java:62)
	at sun.reflect.DelegatingMethodAccessorImpl.invoke(DelegatingMethodAccessorImpl.java:43)
	at java.lang.reflect.Method.invoke(Method.java:498)
	at org.gradle.internal.dispatch.ReflectionDispatch.dispatch(ReflectionDispatch.java:35)
	at org.gradle.internal.dispatch.ReflectionDispatch.dispatch(ReflectionDispatch.java:24)
	at org.gradle.internal.dispatch.ContextClassLoaderDispatch.dispatch(ContextClassLoaderDispatch.java:32)
	at org.gradle.internal.dispatch.ProxyDispatchAdapter$DispatchingInvocationHandler.invoke(ProxyDispatchAdapter.java:93)
	at com.sun.proxy.$Proxy2.processTestClass(Unknown Source)
	at org.gradle.api.internal.tasks.testing.worker.TestWorker.processTestClass(TestWorker.java:117)
	at sun.reflect.NativeMethodAccessorImpl.invoke0(Native Method)
	at sun.reflect.NativeMethodAccessorImpl.invoke(NativeMethodAccessorImpl.java:62)
	at sun.reflect.DelegatingMethodAccessorImpl.invoke(DelegatingMethodAccessorImpl.java:43)
	at java.lang.reflect.Method.invoke(Method.java:498)
	at org.gradle.internal.dispatch.ReflectionDispatch.dispatch(ReflectionDispatch.java:35)
	at org.gradle.internal.dispatch.ReflectionDispatch.dispatch(ReflectionDispatch.java:24)
	at org.gradle.internal.remote.internal.hub.MessageHubBackedObjectConnection$DispatchWrapper.dispatch(MessageHubBackedObjectConnection.java:155)
	at org.gradle.internal.remote.internal.hub.MessageHubBackedObjectConnection$DispatchWrapper.dispatch(MessageHubBackedObjectConnection.java:137)
	at org.gradle.internal.remote.internal.hub.MessageHub$Handler.run(MessageHub.java:404)
	at org.gradle.internal.concurrent.ExecutorPolicy$CatchAndRecordFailures.onExecute(ExecutorPolicy.java:63)
	at org.gradle.internal.concurrent.ManagedExecutorImpl$1.run(ManagedExecutorImpl.java:46)
	at java.util.concurrent.ThreadPoolExecutor.runWorker(ThreadPoolExecutor.java:1149)
	at java.util.concurrent.ThreadPoolExecutor$Worker.run(ThreadPoolExecutor.java:624)
	at org.gradle.internal.concurrent.ThreadFactoryImpl$ManagedThreadRunnable.run(ThreadFactoryImpl.java:55)
	at java.lang.Thread.run(Thread.java:748)
</pre>
</span>
</div>
</div>
<div id="tab1" class="tab">
<h2>Tests</h2>
<table>
<thead>
<tr>
<th>Test</th>
<th>Duration</th>
<th>Result</th>
</tr>
</thead>
<tr>
<td class="failures">publish[0: com.dotcms.publishing.PublisherAPIImplTest$TestCase@3d9b00ae]</td>
<td class="failures">0.190s</td>
<td class="failures">failed</td>
</tr>
<tr>
<td class="failures">publish[10: com.dotcms.publishing.PublisherAPIImplTest$TestCase@4c71ac77]</td>
<td class="failures">0.097s</td>
<td class="failures">failed</td>
</tr>
<tr>
<td class="failures">publish[11: com.dotcms.publishing.PublisherAPIImplTest$TestCase@5b838bcc]</td>
<td class="failures">0.082s</td>
<td class="failures">failed</td>
</tr>
<tr>
<td class="failures">publish[12: com.dotcms.publishing.PublisherAPIImplTest$TestCase@65034945]</td>
<td class="failures">0.170s</td>
<td class="failures">failed</td>
</tr>
<tr>
<td class="failures">publish[13: com.dotcms.publishing.PublisherAPIImplTest$TestCase@da620c6]</td>
<td class="failures">0.117s</td>
<td class="failures">failed</td>
</tr>
<tr>
<td class="failures">publish[14: com.dotcms.publishing.PublisherAPIImplTest$TestCase@4c752711]</td>
<td class="failures">0.086s</td>
<td class="failures">failed</td>
</tr>
<tr>
<td class="failures">publish[15: com.dotcms.publishing.PublisherAPIImplTest$TestCase@b6f08b8]</td>
<td class="failures">0.086s</td>
<td class="failures">failed</td>
</tr>
<tr>
<td class="failures">publish[16: com.dotcms.publishing.PublisherAPIImplTest$TestCase@745921f1]</td>
<td class="failures">0.077s</td>
<td class="failures">failed</td>
</tr>
<tr>
<td class="failures">publish[17: com.dotcms.publishing.PublisherAPIImplTest$TestCase@48c59fac]</td>
<td class="failures">0.037s</td>
<td class="failures">failed</td>
</tr>
<tr>
<td class="failures">publish[1: com.dotcms.publishing.PublisherAPIImplTest$TestCase@4d974ede]</td>
<td class="failures">0.121s</td>
<td class="failures">failed</td>
</tr>
<tr>
<td class="failures">publish[2: com.dotcms.publishing.PublisherAPIImplTest$TestCase@483a91be]</td>
<td class="failures">0.114s</td>
<td class="failures">failed</td>
</tr>
<tr>
<td class="failures">publish[3: com.dotcms.publishing.PublisherAPIImplTest$TestCase@3a4d85d4]</td>
<td class="failures">0.233s</td>
<td class="failures">failed</td>
</tr>
<tr>
<td class="failures">publish[4: com.dotcms.publishing.PublisherAPIImplTest$TestCase@5fb66c43]</td>
<td class="failures">0.217s</td>
<td class="failures">failed</td>
</tr>
<tr>
<td class="failures">publish[5: com.dotcms.publishing.PublisherAPIImplTest$TestCase@28a038d5]</td>
<td class="failures">0.100s</td>
<td class="failures">failed</td>
</tr>
<tr>
<td class="failures">publish[6: com.dotcms.publishing.PublisherAPIImplTest$TestCase@348bfb1e]</td>
<td class="failures">0.089s</td>
<td class="failures">failed</td>
</tr>
<tr>
<td class="failures">publish[7: com.dotcms.publishing.PublisherAPIImplTest$TestCase@62bebb7e]</td>
<td class="failures">0.078s</td>
<td class="failures">failed</td>
</tr>
<tr>
<td class="failures">publish[8: com.dotcms.publishing.PublisherAPIImplTest$TestCase@e86171e]</td>
<td class="failures">0.057s</td>
<td class="failures">failed</td>
</tr>
<tr>
<td class="failures">publish[9: com.dotcms.publishing.PublisherAPIImplTest$TestCase@2749f08b]</td>
<td class="failures">0.080s</td>
<td class="failures">failed</td>
</tr>
</table>
</div>
<div id="tab2" class="tab">
<h2>Standard output</h2>
<span class="code">
<pre>

















</pre>
</span>
</div>
</div>
<div id="footer">
<p>
<div>
<label class="hidden" id="label-for-line-wrapping-toggle" for="line-wrapping-toggle">Wrap lines
<input id="line-wrapping-toggle" type="checkbox" autocomplete="off"/>
</label>
</div>Generated by 
<a href="http://www.gradle.org">Gradle 4.10.2</a> at Feb 17, 2021 10:36:33 PM</p>
</div>
</div>
</body>
</html>
