<!DOCTYPE html>
<html>
<head>
<meta http-equiv="Content-Type" content="text/html; charset=utf-8"/>
<meta http-equiv="x-ua-compatible" content="IE=edge"/>
<title>Test results - Class com.dotcms.publishing.PublisherAPIImplTest</title>
<link href="../css/base-style.css" rel="stylesheet" type="text/css"/>
<link href="../css/style.css" rel="stylesheet" type="text/css"/>
<script src="../js/report.js" type="text/javascript"></script>
</head>
<body>
<div id="content">
<h1>Class com.dotcms.publishing.PublisherAPIImplTest</h1>
<div class="breadcrumbs">
<a href="../index.html">all</a> &gt; 
<a href="../packages/com.dotcms.publishing.html">com.dotcms.publishing</a> &gt; PublisherAPIImplTest</div>
<div id="summary">
<table>
<tr>
<td>
<div class="summaryGroup">
<table>
<tr>
<td>
<div class="infoBox" id="tests">
<div class="counter">18</div>
<p>tests</p>
</div>
</td>
<td>
<div class="infoBox" id="failures">
<div class="counter">12</div>
<p>failures</p>
</div>
</td>
<td>
<div class="infoBox" id="ignored">
<div class="counter">0</div>
<p>ignored</p>
</div>
</td>
<td>
<div class="infoBox" id="duration">
<div class="counter">4.639s</div>
<p>duration</p>
</div>
</td>
</tr>
</table>
</div>
</td>
<td>
<div class="infoBox failures" id="successRate">
<div class="percent">33%</div>
<p>successful</p>
</div>
</td>
</tr>
</table>
</div>
<div id="tabs">
<ul class="tabLinks">
<li>
<a href="#tab0">Failed tests</a>
</li>
<li>
<a href="#tab1">Tests</a>
</li>
<li>
<a href="#tab2">Standard output</a>
</li>
</ul>
<div id="tab0" class="tab">
<h2>Failed tests</h2>
<div class="test">
<a name="publish[0: com.dotcms.publishing.PublisherAPIImplTest$TestCase@1f5c7712]"></a>
<h3 class="failures">publish[0: com.dotcms.publishing.PublisherAPIImplTest$TestCase@1f5c7712]</h3>
<span class="code">
<pre>java.lang.AssertionError: Fail for Category:
Asset -&gt; com.dotmarketing.portlets.categories.model.Category@5456524a[categoryName=CategoryName1614703863447,description=&lt;null&gt;,key=CategoryKey1614703863447,sortOrder=1,active=true,keywords=&lt;null&gt;,categoryVelocityVarName=VelocityVarName1614703863447] 
difference -&gt; inode&gt;3ad295d1-5abf-48ff-9ede-965dff1b1691&lt;/inode&gt;&lt;categoryName&gt;CategoryName1614703863447&lt;/categoryName&gt;&lt;key&gt;CategoryKey1614703863447&lt;/key&gt;&lt;sortOrder&gt;1&lt;/sortOrder&gt;&lt;active&gt;true&lt;/active&gt;&lt;categoryVelocityVarName&gt;VelocityVarName1614703863447&lt;/categoryVelocityVarName&gt;&lt;/category&gt;&lt;children/&gt;&lt;operation&gt;PUBLISH&lt;/operation&gt;&lt;/com.dotcms.publisher.pusher.wrapper.CategoryWrapper&gt;
expected -&gt; &lt;com.dotcms.publisher.pusher.wrapper.CategoryWrapper&gt;&lt;topLevel&gt;true&lt;/topLevel&gt;&lt;category&gt;&lt;type&gt;category&lt;/type&gt;&lt;owner&gt;&lt;/owner&gt;&lt;inode&gt;3ad295d1-5abf-48ff-9ede-965dff1b1691&lt;/inode&gt;&lt;categoryName&gt;CategoryName1614703863447&lt;/categoryName&gt;&lt;key&gt;CategoryKey1614703863447&lt;/key&gt;&lt;sortOrder&gt;1&lt;/sortOrder&gt;&lt;active&gt;true&lt;/active&gt;&lt;categoryVelocityVarName&gt;VelocityVarName1614703863447&lt;/categoryVelocityVarName&gt;&lt;/category&gt;&lt;children/&gt;&lt;operation&gt;PUBLISH&lt;/operation&gt;&lt;/com.dotcms.publisher.pusher.wrapper.CategoryWrapper&gt;
real -&gt; &lt;com.dotcms.publisher.pusher.wrapper.CategoryWrapper&gt;&lt;topLevel&gt;true&lt;/topLevel&gt;&lt;category&gt;&lt;type&gt;category&lt;/type&gt;&lt;inode&gt;3ad295d1-5abf-48ff-9ede-965dff1b1691&lt;/inode&gt;&lt;categoryName&gt;CategoryName1614703863447&lt;/categoryName&gt;&lt;key&gt;CategoryKey1614703863447&lt;/key&gt;&lt;sortOrder&gt;1&lt;/sortOrder&gt;&lt;active&gt;true&lt;/active&gt;&lt;categoryVelocityVarName&gt;VelocityVarName1614703863447&lt;/categoryVelocityVarName&gt;&lt;/category&gt;&lt;children/&gt;&lt;operation&gt;PUBLISH&lt;/operation&gt;&lt;/com.dotcms.publisher.pusher.wrapper.CategoryWrapper&gt;

	at org.jgroups.util.Util.assertEquals(Util.java:185)
	at com.dotcms.test.util.FileTestUtil.assertBundleFile(FileTestUtil.java:254)
	at com.dotcms.test.util.FileTestUtil.assertBundleFile(FileTestUtil.java:151)
	at com.dotcms.publishing.PublisherAPIImplTest.publish(PublisherAPIImplTest.java:383)
	at sun.reflect.NativeMethodAccessorImpl.invoke0(Native Method)
	at sun.reflect.NativeMethodAccessorImpl.invoke(NativeMethodAccessorImpl.java:62)
	at sun.reflect.DelegatingMethodAccessorImpl.invoke(DelegatingMethodAccessorImpl.java:43)
	at java.lang.reflect.Method.invoke(Method.java:498)
	at org.junit.runners.model.FrameworkMethod$1.runReflectiveCall(FrameworkMethod.java:50)
	at org.junit.internal.runners.model.ReflectiveCallable.run(ReflectiveCallable.java:12)
	at org.junit.runners.model.FrameworkMethod.invokeExplosively(FrameworkMethod.java:47)
	at com.tngtech.java.junit.dataprovider.DataProviderFrameworkMethod.invokeExplosively(DataProviderFrameworkMethod.java:119)
	at org.junit.internal.runners.statements.InvokeMethod.evaluate(InvokeMethod.java:17)
	at org.junit.rules.TestWatcher$1.evaluate(TestWatcher.java:55)
	at org.junit.rules.RunRules.evaluate(RunRules.java:20)
	at org.junit.runners.ParentRunner.runLeaf(ParentRunner.java:325)
	at com.dotcms.junit.CustomDataProviderRunner.runChild(CustomDataProviderRunner.java:28)
	at com.dotcms.junit.CustomDataProviderRunner.runChild(CustomDataProviderRunner.java:13)
	at org.junit.runners.ParentRunner$3.run(ParentRunner.java:290)
	at org.junit.runners.ParentRunner$1.schedule(ParentRunner.java:71)
	at org.junit.runners.ParentRunner.runChildren(ParentRunner.java:288)
	at org.junit.runners.ParentRunner.access$000(ParentRunner.java:58)
	at org.junit.runners.ParentRunner$2.evaluate(ParentRunner.java:268)
	at org.junit.internal.runners.statements.RunBefores.evaluate(RunBefores.java:26)
	at org.junit.internal.runners.statements.RunAfters.evaluate(RunAfters.java:27)
	at org.junit.runners.ParentRunner.run(ParentRunner.java:363)
	at org.junit.runners.Suite.runChild(Suite.java:128)
	at org.junit.runners.Suite.runChild(Suite.java:27)
	at org.junit.runners.ParentRunner$3.run(ParentRunner.java:290)
	at org.junit.runners.ParentRunner$1.schedule(ParentRunner.java:71)
	at org.junit.runners.ParentRunner.runChildren(ParentRunner.java:288)
	at org.junit.runners.ParentRunner.access$000(ParentRunner.java:58)
	at org.junit.runners.ParentRunner$2.evaluate(ParentRunner.java:268)
	at org.junit.runners.ParentRunner.run(ParentRunner.java:363)
	at org.gradle.api.internal.tasks.testing.junit.JUnitTestClassExecutor.runTestClass(JUnitTestClassExecutor.java:106)
	at org.gradle.api.internal.tasks.testing.junit.JUnitTestClassExecutor.execute(JUnitTestClassExecutor.java:58)
	at org.gradle.api.internal.tasks.testing.junit.JUnitTestClassExecutor.execute(JUnitTestClassExecutor.java:38)
	at org.gradle.api.internal.tasks.testing.junit.AbstractJUnitTestClassProcessor.processTestClass(AbstractJUnitTestClassProcessor.java:66)
	at org.gradle.api.internal.tasks.testing.SuiteTestClassProcessor.processTestClass(SuiteTestClassProcessor.java:51)
	at sun.reflect.NativeMethodAccessorImpl.invoke0(Native Method)
	at sun.reflect.NativeMethodAccessorImpl.invoke(NativeMethodAccessorImpl.java:62)
	at sun.reflect.DelegatingMethodAccessorImpl.invoke(DelegatingMethodAccessorImpl.java:43)
	at java.lang.reflect.Method.invoke(Method.java:498)
	at org.gradle.internal.dispatch.ReflectionDispatch.dispatch(ReflectionDispatch.java:35)
	at org.gradle.internal.dispatch.ReflectionDispatch.dispatch(ReflectionDispatch.java:24)
	at org.gradle.internal.dispatch.ContextClassLoaderDispatch.dispatch(ContextClassLoaderDispatch.java:32)
	at org.gradle.internal.dispatch.ProxyDispatchAdapter$DispatchingInvocationHandler.invoke(ProxyDispatchAdapter.java:93)
	at com.sun.proxy.$Proxy2.processTestClass(Unknown Source)
	at org.gradle.api.internal.tasks.testing.worker.TestWorker.processTestClass(TestWorker.java:117)
	at sun.reflect.NativeMethodAccessorImpl.invoke0(Native Method)
	at sun.reflect.NativeMethodAccessorImpl.invoke(NativeMethodAccessorImpl.java:62)
	at sun.reflect.DelegatingMethodAccessorImpl.invoke(DelegatingMethodAccessorImpl.java:43)
	at java.lang.reflect.Method.invoke(Method.java:498)
	at org.gradle.internal.dispatch.ReflectionDispatch.dispatch(ReflectionDispatch.java:35)
	at org.gradle.internal.dispatch.ReflectionDispatch.dispatch(ReflectionDispatch.java:24)
	at org.gradle.internal.remote.internal.hub.MessageHubBackedObjectConnection$DispatchWrapper.dispatch(MessageHubBackedObjectConnection.java:155)
	at org.gradle.internal.remote.internal.hub.MessageHubBackedObjectConnection$DispatchWrapper.dispatch(MessageHubBackedObjectConnection.java:137)
	at org.gradle.internal.remote.internal.hub.MessageHub$Handler.run(MessageHub.java:404)
	at org.gradle.internal.concurrent.ExecutorPolicy$CatchAndRecordFailures.onExecute(ExecutorPolicy.java:63)
	at org.gradle.internal.concurrent.ManagedExecutorImpl$1.run(ManagedExecutorImpl.java:46)
	at java.util.concurrent.ThreadPoolExecutor.runWorker(ThreadPoolExecutor.java:1149)
	at java.util.concurrent.ThreadPoolExecutor$Worker.run(ThreadPoolExecutor.java:624)
	at org.gradle.internal.concurrent.ThreadFactoryImpl$ManagedThreadRunnable.run(ThreadFactoryImpl.java:55)
	at java.lang.Thread.run(Thread.java:748)
</pre>
</span>
</div>
<div class="test">
<a name="publish[10: com.dotcms.publishing.PublisherAPIImplTest$TestCase@113d3666]"></a>
<h3 class="failures">publish[10: com.dotcms.publishing.PublisherAPIImplTest$TestCase@113d3666]</h3>
<span class="code">
<pre>java.lang.AssertionError: Fail for Template:
Asset -&gt; com.dotmarketing.portlets.templates.model.Template@cb553439 
difference -&gt; /templateId&gt;&lt;template&gt;&lt;type&gt;template&lt;/type&gt;&lt;inode&gt;4796b9ab-ff2c-4532-a70c-c560fa16546f&lt;/inode&gt;&lt;identifier&gt;08c3c88c-7d8f-44d9-9799-b848ee477e74&lt;/identifier&gt;&lt;source&gt;DB&lt;/source&gt;&lt;title&gt;testTitle1614703864503&lt;/title&gt;&lt;friendlyName&gt;testFriendlyName1614703864503&lt;/friendlyName&gt;&lt;modUser&gt;system&lt;/modUser&gt;&lt;sortOrder&gt;2&lt;/sortOrder&gt;&lt;showOnMenu&gt;true&lt;/showOnMenu&gt;&lt;drawed&gt;true&lt;/drawed&gt;&lt;countAddContainer&gt;0&lt;/countAddContainer&gt;&lt;countContainers&gt;0&lt;/countContainers&gt;&lt;/template&gt;&lt;vi class=&quot;com.dotmarketing.portlets.templates.model.TemplateVersionInfo&quot;&gt;&lt;identifier&gt;08c3c88c-7d8f-44d9-9799-b848ee477e74&lt;/identifier&gt;&lt;liveInode&gt;4796b9ab-ff2c-4532-a70c-c560fa16546f&lt;/liveInode&gt;&lt;workingInode&gt;4796b9ab-ff2c-4532-a70c-c560fa16546f&lt;/workingInode&gt;&lt;deleted&gt;false&lt;/deleted&gt;&lt;/vi&gt;&lt;operation&gt;PUBLISH&lt;/operation&gt;&lt;/com.dotcms.publisher.pusher.wrapper.TemplateWrapper&gt;
expected -&gt; &lt;com.dotcms.publisher.pusher.wrapper.TemplateWrapper&gt;&lt;templateId&gt;&lt;id&gt;08c3c88c-7d8f-44d9-9799-b848ee477e74&lt;/id&gt;&lt;assetName&gt;08c3c88c-7d8f-44d9-9799-b848ee477e74.template&lt;/assetName&gt;&lt;assetType&gt;template&lt;/assetType&gt;&lt;parentPath&gt;/&lt;/parentPath&gt;&lt;hostId&gt;2cd2703f-0fdb-42ca-bd60-2552e80afced&lt;/hostId&gt;&lt;inode&gt;4796b9ab-ff2c-4532-a70c-c560fa16546f&lt;/inode&gt;&lt;identifier&gt;08c3c88c-7d8f-44d9-9799-b848ee477e74&lt;/identifier&gt;&lt;source&gt;DB&lt;/source&gt;&lt;title&gt;testTitle1614703864503&lt;/title&gt;&lt;friendlyName&gt;testFriendlyName1614703864503&lt;/friendlyName&gt;&lt;modUser&gt;system&lt;/modUser&gt;&lt;sortOrder&gt;2&lt;/sortOrder&gt;&lt;showOnMenu&gt;true&lt;/showOnMenu&gt;&lt;drawed&gt;true&lt;/drawed&gt;&lt;countAddContainer&gt;0&lt;/countAddContainer&gt;&lt;countContainers&gt;0&lt;/countContainers&gt;&lt;/template&gt;&lt;vi class=&quot;com.dotmarketing.portlets.templates.model.TemplateVersionInfo&quot;&gt;&lt;identifier&gt;08c3c88c-7d8f-44d9-9799-b848ee477e74&lt;/identifier&gt;&lt;liveInode&gt;4796b9ab-ff2c-4532-a70c-c560fa16546f&lt;/liveInode&gt;&lt;workingInode&gt;4796b9ab-ff2c-4532-a70c-c560fa16546f&lt;/workingInode&gt;&lt;deleted&gt;false&lt;/deleted&gt;&lt;/vi&gt;&lt;operation&gt;PUBLISH&lt;/operation&gt;&lt;/com.dotcms.publisher.pusher.wrapper.TemplateWrapper&gt;
real -&gt; &lt;com.dotcms.publisher.pusher.wrapper.TemplateWrapper&gt;&lt;templateId&gt;&lt;id&gt;08c3c88c-7d8f-44d9-9799-b848ee477e74&lt;/id&gt;&lt;assetName&gt;08c3c88c-7d8f-44d9-9799-b848ee477e74.template&lt;/assetName&gt;&lt;assetType&gt;template&lt;/assetType&gt;&lt;parentPath&gt;/&lt;/parentPath&gt;&lt;hostId&gt;2cd2703f-0fdb-42ca-bd60-2552e80afced&lt;/hostId&gt;&lt;/templateId&gt;&lt;template&gt;&lt;type&gt;template&lt;/type&gt;&lt;inode&gt;4796b9ab-ff2c-4532-a70c-c560fa16546f&lt;/inode&gt;&lt;identifier&gt;08c3c88c-7d8f-44d9-9799-b848ee477e74&lt;/identifier&gt;&lt;source&gt;DB&lt;/source&gt;&lt;title&gt;testTitle1614703864503&lt;/title&gt;&lt;friendlyName&gt;testFriendlyName1614703864503&lt;/friendlyName&gt;&lt;modUser&gt;system&lt;/modUser&gt;&lt;sortOrder&gt;2&lt;/sortOrder&gt;&lt;showOnMenu&gt;true&lt;/showOnMenu&gt;&lt;drawed&gt;true&lt;/drawed&gt;&lt;countAddContainer&gt;0&lt;/countAddContainer&gt;&lt;countContainers&gt;0&lt;/countContainers&gt;&lt;/template&gt;&lt;vi class=&quot;com.dotmarketing.portlets.templates.model.TemplateVersionInfo&quot;&gt;&lt;identifier&gt;08c3c88c-7d8f-44d9-9799-b848ee477e74&lt;/identifier&gt;&lt;liveInode&gt;4796b9ab-ff2c-4532-a70c-c560fa16546f&lt;/liveInode&gt;&lt;workingInode&gt;4796b9ab-ff2c-4532-a70c-c560fa16546f&lt;/workingInode&gt;&lt;deleted&gt;false&lt;/deleted&gt;&lt;/vi&gt;&lt;operation&gt;PUBLISH&lt;/operation&gt;&lt;/com.dotcms.publisher.pusher.wrapper.TemplateWrapper&gt;

	at org.jgroups.util.Util.assertEquals(Util.java:185)
	at com.dotcms.test.util.FileTestUtil.assertBundleFile(FileTestUtil.java:254)
	at com.dotcms.test.util.FileTestUtil.assertBundleFile(FileTestUtil.java:191)
	at com.dotcms.publishing.PublisherAPIImplTest.publish(PublisherAPIImplTest.java:379)
	at sun.reflect.NativeMethodAccessorImpl.invoke0(Native Method)
	at sun.reflect.NativeMethodAccessorImpl.invoke(NativeMethodAccessorImpl.java:62)
	at sun.reflect.DelegatingMethodAccessorImpl.invoke(DelegatingMethodAccessorImpl.java:43)
	at java.lang.reflect.Method.invoke(Method.java:498)
	at org.junit.runners.model.FrameworkMethod$1.runReflectiveCall(FrameworkMethod.java:50)
	at org.junit.internal.runners.model.ReflectiveCallable.run(ReflectiveCallable.java:12)
	at org.junit.runners.model.FrameworkMethod.invokeExplosively(FrameworkMethod.java:47)
	at com.tngtech.java.junit.dataprovider.DataProviderFrameworkMethod.invokeExplosively(DataProviderFrameworkMethod.java:119)
	at org.junit.internal.runners.statements.InvokeMethod.evaluate(InvokeMethod.java:17)
	at org.junit.rules.TestWatcher$1.evaluate(TestWatcher.java:55)
	at org.junit.rules.RunRules.evaluate(RunRules.java:20)
	at org.junit.runners.ParentRunner.runLeaf(ParentRunner.java:325)
	at com.dotcms.junit.CustomDataProviderRunner.runChild(CustomDataProviderRunner.java:28)
	at com.dotcms.junit.CustomDataProviderRunner.runChild(CustomDataProviderRunner.java:13)
	at org.junit.runners.ParentRunner$3.run(ParentRunner.java:290)
	at org.junit.runners.ParentRunner$1.schedule(ParentRunner.java:71)
	at org.junit.runners.ParentRunner.runChildren(ParentRunner.java:288)
	at org.junit.runners.ParentRunner.access$000(ParentRunner.java:58)
	at org.junit.runners.ParentRunner$2.evaluate(ParentRunner.java:268)
	at org.junit.internal.runners.statements.RunBefores.evaluate(RunBefores.java:26)
	at org.junit.internal.runners.statements.RunAfters.evaluate(RunAfters.java:27)
	at org.junit.runners.ParentRunner.run(ParentRunner.java:363)
	at org.junit.runners.Suite.runChild(Suite.java:128)
	at org.junit.runners.Suite.runChild(Suite.java:27)
	at org.junit.runners.ParentRunner$3.run(ParentRunner.java:290)
	at org.junit.runners.ParentRunner$1.schedule(ParentRunner.java:71)
	at org.junit.runners.ParentRunner.runChildren(ParentRunner.java:288)
	at org.junit.runners.ParentRunner.access$000(ParentRunner.java:58)
	at org.junit.runners.ParentRunner$2.evaluate(ParentRunner.java:268)
	at org.junit.runners.ParentRunner.run(ParentRunner.java:363)
	at org.gradle.api.internal.tasks.testing.junit.JUnitTestClassExecutor.runTestClass(JUnitTestClassExecutor.java:106)
	at org.gradle.api.internal.tasks.testing.junit.JUnitTestClassExecutor.execute(JUnitTestClassExecutor.java:58)
	at org.gradle.api.internal.tasks.testing.junit.JUnitTestClassExecutor.execute(JUnitTestClassExecutor.java:38)
	at org.gradle.api.internal.tasks.testing.junit.AbstractJUnitTestClassProcessor.processTestClass(AbstractJUnitTestClassProcessor.java:66)
	at org.gradle.api.internal.tasks.testing.SuiteTestClassProcessor.processTestClass(SuiteTestClassProcessor.java:51)
	at sun.reflect.NativeMethodAccessorImpl.invoke0(Native Method)
	at sun.reflect.NativeMethodAccessorImpl.invoke(NativeMethodAccessorImpl.java:62)
	at sun.reflect.DelegatingMethodAccessorImpl.invoke(DelegatingMethodAccessorImpl.java:43)
	at java.lang.reflect.Method.invoke(Method.java:498)
	at org.gradle.internal.dispatch.ReflectionDispatch.dispatch(ReflectionDispatch.java:35)
	at org.gradle.internal.dispatch.ReflectionDispatch.dispatch(ReflectionDispatch.java:24)
	at org.gradle.internal.dispatch.ContextClassLoaderDispatch.dispatch(ContextClassLoaderDispatch.java:32)
	at org.gradle.internal.dispatch.ProxyDispatchAdapter$DispatchingInvocationHandler.invoke(ProxyDispatchAdapter.java:93)
	at com.sun.proxy.$Proxy2.processTestClass(Unknown Source)
	at org.gradle.api.internal.tasks.testing.worker.TestWorker.processTestClass(TestWorker.java:117)
	at sun.reflect.NativeMethodAccessorImpl.invoke0(Native Method)
	at sun.reflect.NativeMethodAccessorImpl.invoke(NativeMethodAccessorImpl.java:62)
	at sun.reflect.DelegatingMethodAccessorImpl.invoke(DelegatingMethodAccessorImpl.java:43)
	at java.lang.reflect.Method.invoke(Method.java:498)
	at org.gradle.internal.dispatch.ReflectionDispatch.dispatch(ReflectionDispatch.java:35)
	at org.gradle.internal.dispatch.ReflectionDispatch.dispatch(ReflectionDispatch.java:24)
	at org.gradle.internal.remote.internal.hub.MessageHubBackedObjectConnection$DispatchWrapper.dispatch(MessageHubBackedObjectConnection.java:155)
	at org.gradle.internal.remote.internal.hub.MessageHubBackedObjectConnection$DispatchWrapper.dispatch(MessageHubBackedObjectConnection.java:137)
	at org.gradle.internal.remote.internal.hub.MessageHub$Handler.run(MessageHub.java:404)
	at org.gradle.internal.concurrent.ExecutorPolicy$CatchAndRecordFailures.onExecute(ExecutorPolicy.java:63)
	at org.gradle.internal.concurrent.ManagedExecutorImpl$1.run(ManagedExecutorImpl.java:46)
	at java.util.concurrent.ThreadPoolExecutor.runWorker(ThreadPoolExecutor.java:1149)
	at java.util.concurrent.ThreadPoolExecutor$Worker.run(ThreadPoolExecutor.java:624)
	at org.gradle.internal.concurrent.ThreadFactoryImpl$ManagedThreadRunnable.run(ThreadFactoryImpl.java:55)
	at java.lang.Thread.run(Thread.java:748)
</pre>
</span>
</div>
<div class="test">
<a name="publish[11: com.dotcms.publishing.PublisherAPIImplTest$TestCase@1f203f21]"></a>
<h3 class="failures">publish[11: com.dotcms.publishing.PublisherAPIImplTest$TestCase@1f203f21]</h3>
<span class="code">
<pre>java.lang.AssertionError: Fail for Container:
Asset -&gt; com.dotmarketing.portlets.containers.model.Container@6d2ce59f[code=&lt;null&gt;,maxContentlets=5,useDiv=true,sortContentletsBy=&lt;null&gt;,preLoop=&lt;div&gt;,postLoop=&lt;/div&gt;,staticify=true,luceneQuery=&lt;null&gt;,notes=testNotes1614703865573,source=DB,title=testTitle1614703865573,friendlyName=testFriendlyName1614703865573,modDate=Tue Mar 02 16:51:05 GMT 2021,modUser=system,sortOrder=0,showOnMenu=false,iDate=Tue Mar 02 16:51:05 GMT 2021,type=containers,owner=system,inode=64b7c47d-23aa-45c1-b56a-bf7e05bd12f0,identifier=68d3927f-2163-487a-9eb2-3ed1d3a8bcc1] 
difference -&gt; /containerId&gt;&lt;container&gt;&lt;type&gt;containers&lt;/type&gt;&lt;inode&gt;64b7c47d-23aa-45c1-b56a-bf7e05bd12f0&lt;/inode&gt;&lt;identifier&gt;68d3927f-2163-487a-9eb2-3ed1d3a8bcc1&lt;/identifier&gt;&lt;source&gt;DB&lt;/source&gt;&lt;title&gt;testTitle1614703865573&lt;/title&gt;&lt;friendlyName&gt;testFriendlyName1614703865573&lt;/friendlyName&gt;&lt;modUser&gt;system&lt;/modUser&gt;&lt;sortOrder&gt;0&lt;/sortOrder&gt;&lt;showOnMenu&gt;false&lt;/showOnMenu&gt;&lt;maxContentlets&gt;5&lt;/maxContentlets&gt;&lt;useDiv&gt;true&lt;/useDiv&gt;&lt;preLoop&gt;&amp;lt;div&amp;gt;&lt;/preLoop&gt;&lt;postLoop&gt;&amp;lt;/div&amp;gt;&lt;/postLoop&gt;&lt;staticify&gt;true&lt;/staticify&gt;&lt;notes&gt;testNotes1614703865573&lt;/notes&gt;&lt;/container&gt;&lt;cvi class=&quot;com.dotmarketing.portlets.containers.model.ContainerVersionInfo&quot;&gt;&lt;identifier&gt;68d3927f-2163-487a-9eb2-3ed1d3a8bcc1&lt;/identifier&gt;&lt;workingInode&gt;64b7c47d-23aa-45c1-b56a-bf7e05bd12f0&lt;/workingInode&gt;&lt;deleted&gt;false&lt;/deleted&gt;&lt;/cvi&gt;&lt;operation&gt;PUBLISH&lt;/operation&gt;&lt;csList class=&quot;com.google.common.collect.RegularImmutableList&quot; resolves-to=&quot;com.google.common.collect.ImmutableList$SerializedForm&quot;&gt;&lt;elements&gt;&lt;com.dotmarketing.beans.ContainerStructure&gt;&lt;id&gt;2fc57489-df4a-4f1c-85e9-fd1b1b3cf0c9&lt;/id&gt;&lt;structureId&gt;41b58879-6f20-4fa3-9f58-f1052a8fc6b5&lt;/structureId&gt;&lt;containerInode&gt;64b7c47d-23aa-45c1-b56a-bf7e05bd12f0&lt;/containerInode&gt;&lt;containerId&gt;68d3927f-2163-487a-9eb2-3ed1d3a8bcc1&lt;/containerId&gt;&lt;/com.dotmarketing.beans.ContainerStructure&gt;&lt;/elements&gt;&lt;/csList&gt;&lt;/com.dotcms.publisher.pusher.wrapper.ContainerWrapper&gt;
expected -&gt; &lt;com.dotcms.publisher.pusher.wrapper.ContainerWrapper&gt;&lt;containerId&gt;&lt;id&gt;68d3927f-2163-487a-9eb2-3ed1d3a8bcc1&lt;/id&gt;&lt;assetName&gt;68d3927f-2163-487a-9eb2-3ed1d3a8bcc1.containers&lt;/assetName&gt;&lt;assetType&gt;containers&lt;/assetType&gt;&lt;parentPath&gt;/&lt;/parentPath&gt;&lt;hostId&gt;2681843c-7dd2-4b8c-bcf0-fa545d73b20b&lt;/hostId&gt;&lt;inode&gt;64b7c47d-23aa-45c1-b56a-bf7e05bd12f0&lt;/inode&gt;&lt;identifier&gt;68d3927f-2163-487a-9eb2-3ed1d3a8bcc1&lt;/identifier&gt;&lt;source&gt;DB&lt;/source&gt;&lt;title&gt;testTitle1614703865573&lt;/title&gt;&lt;friendlyName&gt;testFriendlyName1614703865573&lt;/friendlyName&gt;&lt;modUser&gt;system&lt;/modUser&gt;&lt;sortOrder&gt;0&lt;/sortOrder&gt;&lt;showOnMenu&gt;false&lt;/showOnMenu&gt;&lt;maxContentlets&gt;5&lt;/maxContentlets&gt;&lt;useDiv&gt;true&lt;/useDiv&gt;&lt;preLoop&gt;&amp;lt;div&amp;gt;&lt;/preLoop&gt;&lt;postLoop&gt;&amp;lt;/div&amp;gt;&lt;/postLoop&gt;&lt;staticify&gt;true&lt;/staticify&gt;&lt;notes&gt;testNotes1614703865573&lt;/notes&gt;&lt;/container&gt;&lt;cvi class=&quot;com.dotmarketing.portlets.containers.model.ContainerVersionInfo&quot;&gt;&lt;identifier&gt;68d3927f-2163-487a-9eb2-3ed1d3a8bcc1&lt;/identifier&gt;&lt;workingInode&gt;64b7c47d-23aa-45c1-b56a-bf7e05bd12f0&lt;/workingInode&gt;&lt;deleted&gt;false&lt;/deleted&gt;&lt;/cvi&gt;&lt;operation&gt;PUBLISH&lt;/operation&gt;&lt;csList class=&quot;com.google.common.collect.RegularImmutableList&quot; resolves-to=&quot;com.google.common.collect.ImmutableList$SerializedForm&quot;&gt;&lt;elements&gt;&lt;com.dotmarketing.beans.ContainerStructure&gt;&lt;id&gt;2fc57489-df4a-4f1c-85e9-fd1b1b3cf0c9&lt;/id&gt;&lt;structureId&gt;41b58879-6f20-4fa3-9f58-f1052a8fc6b5&lt;/structureId&gt;&lt;containerInode&gt;64b7c47d-23aa-45c1-b56a-bf7e05bd12f0&lt;/containerInode&gt;&lt;containerId&gt;68d3927f-2163-487a-9eb2-3ed1d3a8bcc1&lt;/containerId&gt;&lt;code&gt;__code__&lt;/code&gt;&lt;/com.dotmarketing.beans.ContainerStructure&gt;&lt;/elements&gt;&lt;/csList&gt;&lt;/com.dotcms.publisher.pusher.wrapper.ContainerWrapper&gt;
real -&gt; &lt;com.dotcms.publisher.pusher.wrapper.ContainerWrapper&gt;&lt;containerId&gt;&lt;id&gt;68d3927f-2163-487a-9eb2-3ed1d3a8bcc1&lt;/id&gt;&lt;assetName&gt;68d3927f-2163-487a-9eb2-3ed1d3a8bcc1.containers&lt;/assetName&gt;&lt;assetType&gt;containers&lt;/assetType&gt;&lt;parentPath&gt;/&lt;/parentPath&gt;&lt;hostId&gt;2681843c-7dd2-4b8c-bcf0-fa545d73b20b&lt;/hostId&gt;&lt;/containerId&gt;&lt;container&gt;&lt;type&gt;containers&lt;/type&gt;&lt;inode&gt;64b7c47d-23aa-45c1-b56a-bf7e05bd12f0&lt;/inode&gt;&lt;identifier&gt;68d3927f-2163-487a-9eb2-3ed1d3a8bcc1&lt;/identifier&gt;&lt;source&gt;DB&lt;/source&gt;&lt;title&gt;testTitle1614703865573&lt;/title&gt;&lt;friendlyName&gt;testFriendlyName1614703865573&lt;/friendlyName&gt;&lt;modUser&gt;system&lt;/modUser&gt;&lt;sortOrder&gt;0&lt;/sortOrder&gt;&lt;showOnMenu&gt;false&lt;/showOnMenu&gt;&lt;maxContentlets&gt;5&lt;/maxContentlets&gt;&lt;useDiv&gt;true&lt;/useDiv&gt;&lt;preLoop&gt;&amp;lt;div&amp;gt;&lt;/preLoop&gt;&lt;postLoop&gt;&amp;lt;/div&amp;gt;&lt;/postLoop&gt;&lt;staticify&gt;true&lt;/staticify&gt;&lt;notes&gt;testNotes1614703865573&lt;/notes&gt;&lt;/container&gt;&lt;cvi class=&quot;com.dotmarketing.portlets.containers.model.ContainerVersionInfo&quot;&gt;&lt;identifier&gt;68d3927f-2163-487a-9eb2-3ed1d3a8bcc1&lt;/identifier&gt;&lt;workingInode&gt;64b7c47d-23aa-45c1-b56a-bf7e05bd12f0&lt;/workingInode&gt;&lt;deleted&gt;false&lt;/deleted&gt;&lt;/cvi&gt;&lt;operation&gt;PUBLISH&lt;/operation&gt;&lt;csList class=&quot;com.google.common.collect.RegularImmutableList&quot; resolves-to=&quot;com.google.common.collect.ImmutableList$SerializedForm&quot;&gt;&lt;elements&gt;&lt;com.dotmarketing.beans.ContainerStructure&gt;&lt;id&gt;2fc57489-df4a-4f1c-85e9-fd1b1b3cf0c9&lt;/id&gt;&lt;structureId&gt;41b58879-6f20-4fa3-9f58-f1052a8fc6b5&lt;/structureId&gt;&lt;containerInode&gt;64b7c47d-23aa-45c1-b56a-bf7e05bd12f0&lt;/containerInode&gt;&lt;containerId&gt;68d3927f-2163-487a-9eb2-3ed1d3a8bcc1&lt;/containerId&gt;&lt;/com.dotmarketing.beans.ContainerStructure&gt;&lt;/elements&gt;&lt;/csList&gt;&lt;/com.dotcms.publisher.pusher.wrapper.ContainerWrapper&gt;

	at org.jgroups.util.Util.assertEquals(Util.java:185)
	at com.dotcms.test.util.FileTestUtil.assertBundleFile(FileTestUtil.java:254)
	at com.dotcms.test.util.FileTestUtil.assertBundleFile(FileTestUtil.java:191)
	at com.dotcms.publishing.PublisherAPIImplTest.publish(PublisherAPIImplTest.java:379)
	at sun.reflect.NativeMethodAccessorImpl.invoke0(Native Method)
	at sun.reflect.NativeMethodAccessorImpl.invoke(NativeMethodAccessorImpl.java:62)
	at sun.reflect.DelegatingMethodAccessorImpl.invoke(DelegatingMethodAccessorImpl.java:43)
	at java.lang.reflect.Method.invoke(Method.java:498)
	at org.junit.runners.model.FrameworkMethod$1.runReflectiveCall(FrameworkMethod.java:50)
	at org.junit.internal.runners.model.ReflectiveCallable.run(ReflectiveCallable.java:12)
	at org.junit.runners.model.FrameworkMethod.invokeExplosively(FrameworkMethod.java:47)
	at com.tngtech.java.junit.dataprovider.DataProviderFrameworkMethod.invokeExplosively(DataProviderFrameworkMethod.java:119)
	at org.junit.internal.runners.statements.InvokeMethod.evaluate(InvokeMethod.java:17)
	at org.junit.rules.TestWatcher$1.evaluate(TestWatcher.java:55)
	at org.junit.rules.RunRules.evaluate(RunRules.java:20)
	at org.junit.runners.ParentRunner.runLeaf(ParentRunner.java:325)
	at com.dotcms.junit.CustomDataProviderRunner.runChild(CustomDataProviderRunner.java:28)
	at com.dotcms.junit.CustomDataProviderRunner.runChild(CustomDataProviderRunner.java:13)
	at org.junit.runners.ParentRunner$3.run(ParentRunner.java:290)
	at org.junit.runners.ParentRunner$1.schedule(ParentRunner.java:71)
	at org.junit.runners.ParentRunner.runChildren(ParentRunner.java:288)
	at org.junit.runners.ParentRunner.access$000(ParentRunner.java:58)
	at org.junit.runners.ParentRunner$2.evaluate(ParentRunner.java:268)
	at org.junit.internal.runners.statements.RunBefores.evaluate(RunBefores.java:26)
	at org.junit.internal.runners.statements.RunAfters.evaluate(RunAfters.java:27)
	at org.junit.runners.ParentRunner.run(ParentRunner.java:363)
	at org.junit.runners.Suite.runChild(Suite.java:128)
	at org.junit.runners.Suite.runChild(Suite.java:27)
	at org.junit.runners.ParentRunner$3.run(ParentRunner.java:290)
	at org.junit.runners.ParentRunner$1.schedule(ParentRunner.java:71)
	at org.junit.runners.ParentRunner.runChildren(ParentRunner.java:288)
	at org.junit.runners.ParentRunner.access$000(ParentRunner.java:58)
	at org.junit.runners.ParentRunner$2.evaluate(ParentRunner.java:268)
	at org.junit.runners.ParentRunner.run(ParentRunner.java:363)
	at org.gradle.api.internal.tasks.testing.junit.JUnitTestClassExecutor.runTestClass(JUnitTestClassExecutor.java:106)
	at org.gradle.api.internal.tasks.testing.junit.JUnitTestClassExecutor.execute(JUnitTestClassExecutor.java:58)
	at org.gradle.api.internal.tasks.testing.junit.JUnitTestClassExecutor.execute(JUnitTestClassExecutor.java:38)
	at org.gradle.api.internal.tasks.testing.junit.AbstractJUnitTestClassProcessor.processTestClass(AbstractJUnitTestClassProcessor.java:66)
	at org.gradle.api.internal.tasks.testing.SuiteTestClassProcessor.processTestClass(SuiteTestClassProcessor.java:51)
	at sun.reflect.NativeMethodAccessorImpl.invoke0(Native Method)
	at sun.reflect.NativeMethodAccessorImpl.invoke(NativeMethodAccessorImpl.java:62)
	at sun.reflect.DelegatingMethodAccessorImpl.invoke(DelegatingMethodAccessorImpl.java:43)
	at java.lang.reflect.Method.invoke(Method.java:498)
	at org.gradle.internal.dispatch.ReflectionDispatch.dispatch(ReflectionDispatch.java:35)
	at org.gradle.internal.dispatch.ReflectionDispatch.dispatch(ReflectionDispatch.java:24)
	at org.gradle.internal.dispatch.ContextClassLoaderDispatch.dispatch(ContextClassLoaderDispatch.java:32)
	at org.gradle.internal.dispatch.ProxyDispatchAdapter$DispatchingInvocationHandler.invoke(ProxyDispatchAdapter.java:93)
	at com.sun.proxy.$Proxy2.processTestClass(Unknown Source)
	at org.gradle.api.internal.tasks.testing.worker.TestWorker.processTestClass(TestWorker.java:117)
	at sun.reflect.NativeMethodAccessorImpl.invoke0(Native Method)
	at sun.reflect.NativeMethodAccessorImpl.invoke(NativeMethodAccessorImpl.java:62)
	at sun.reflect.DelegatingMethodAccessorImpl.invoke(DelegatingMethodAccessorImpl.java:43)
	at java.lang.reflect.Method.invoke(Method.java:498)
	at org.gradle.internal.dispatch.ReflectionDispatch.dispatch(ReflectionDispatch.java:35)
	at org.gradle.internal.dispatch.ReflectionDispatch.dispatch(ReflectionDispatch.java:24)
	at org.gradle.internal.remote.internal.hub.MessageHubBackedObjectConnection$DispatchWrapper.dispatch(MessageHubBackedObjectConnection.java:155)
	at org.gradle.internal.remote.internal.hub.MessageHubBackedObjectConnection$DispatchWrapper.dispatch(MessageHubBackedObjectConnection.java:137)
	at org.gradle.internal.remote.internal.hub.MessageHub$Handler.run(MessageHub.java:404)
	at org.gradle.internal.concurrent.ExecutorPolicy$CatchAndRecordFailures.onExecute(ExecutorPolicy.java:63)
	at org.gradle.internal.concurrent.ManagedExecutorImpl$1.run(ManagedExecutorImpl.java:46)
	at java.util.concurrent.ThreadPoolExecutor.runWorker(ThreadPoolExecutor.java:1149)
	at java.util.concurrent.ThreadPoolExecutor$Worker.run(ThreadPoolExecutor.java:624)
	at org.gradle.internal.concurrent.ThreadFactoryImpl$ManagedThreadRunnable.run(ThreadFactoryImpl.java:55)
	at java.lang.Thread.run(Thread.java:748)
</pre>
</span>
</div>
<div class="test">
<a name="publish[12: com.dotcms.publishing.PublisherAPIImplTest$TestCase@7649c95b]"></a>
<h3 class="failures">publish[12: com.dotcms.publishing.PublisherAPIImplTest$TestCase@7649c95b]</h3>
<span class="code">
<pre>java.lang.AssertionError: Fail for Folder:
Asset -&gt; com.dotmarketing.portlets.folders.model.Folder@5a46cda8[name=testName1614703866527,sortOrder=0,showOnMenu=false,hostId=99932862-6260-4203-9d69-78e6bf1723ed,title=testTitle1614703866527,filesMasks=&lt;null&gt;,defaultFileType=33888b6f-7a8e-4069-b1b6-5c1aa9d0a48d,modDate=2021-03-02 16:51:06.0,iDate=2021-03-02 16:51:06.0,type=folder,owner=&lt;null&gt;,inode=add92e62-c8eb-49fc-a175-706774e2c385,identifier=2b6b63a9-350f-49db-ac48-ba9aca86e13f] 
difference -&gt; inode&gt;add92e62-c8eb-49fc-a175-706774e2c385&lt;/inode&gt;&lt;identifier&gt;2b6b63a9-350f-49db-ac48-ba9aca86e13f&lt;/identifier&gt;&lt;name&gt;testName1614703866527&lt;/name&gt;&lt;sortOrder&gt;0&lt;/sortOrder&gt;&lt;showOnMenu&gt;false&lt;/showOnMenu&gt;&lt;hostId&gt;99932862-6260-4203-9d69-78e6bf1723ed&lt;/hostId&gt;&lt;title&gt;testTitle1614703866527&lt;/title&gt;&lt;defaultFileType&gt;33888b6f-7a8e-4069-b1b6-5c1aa9d0a48d&lt;/defaultFileType&gt;&lt;/folder&gt;&lt;folderId&gt;&lt;id&gt;2b6b63a9-350f-49db-ac48-ba9aca86e13f&lt;/id&gt;&lt;assetName&gt;testName1614703866527&lt;/assetName&gt;&lt;assetType&gt;folder&lt;/assetType&gt;&lt;hostId&gt;SYSTEM_HOST&lt;/hostId&gt;&lt;assetSubType&gt;Host&lt;/assetSubType&gt;&lt;/hostId&gt;&lt;operation&gt;PUBLISH&lt;/operation&gt;&lt;/com.dotcms.publisher.pusher.wrapper.FolderWrapper&gt;
expected -&gt; &lt;com.dotcms.publisher.pusher.wrapper.FolderWrapper&gt;&lt;folder&gt;&lt;type&gt;folder&lt;/type&gt;&lt;assetSubType&gt;Host&lt;/assetSubType&gt;&lt;/hostId&gt;&lt;operation&gt;PUBLISH&lt;/operation&gt;&lt;/com.dotcms.publisher.pusher.wrapper.FolderWrapper&gt;
real -&gt; &lt;com.dotcms.publisher.pusher.wrapper.FolderWrapper&gt;&lt;folder&gt;&lt;type&gt;folder&lt;/type&gt;&lt;inode&gt;add92e62-c8eb-49fc-a175-706774e2c385&lt;/inode&gt;&lt;identifier&gt;2b6b63a9-350f-49db-ac48-ba9aca86e13f&lt;/identifier&gt;&lt;name&gt;testName1614703866527&lt;/name&gt;&lt;sortOrder&gt;0&lt;/sortOrder&gt;&lt;showOnMenu&gt;false&lt;/showOnMenu&gt;&lt;hostId&gt;99932862-6260-4203-9d69-78e6bf1723ed&lt;/hostId&gt;&lt;title&gt;testTitle1614703866527&lt;/title&gt;&lt;defaultFileType&gt;33888b6f-7a8e-4069-b1b6-5c1aa9d0a48d&lt;/defaultFileType&gt;&lt;/folder&gt;&lt;folderId&gt;&lt;id&gt;2b6b63a9-350f-49db-ac48-ba9aca86e13f&lt;/id&gt;&lt;assetName&gt;testName1614703866527&lt;/assetName&gt;&lt;assetType&gt;folder&lt;/assetType&gt;&lt;hostId&gt;SYSTEM_HOST&lt;/hostId&gt;&lt;assetSubType&gt;Host&lt;/assetSubType&gt;&lt;/hostId&gt;&lt;operation&gt;PUBLISH&lt;/operation&gt;&lt;/com.dotcms.publisher.pusher.wrapper.FolderWrapper&gt;

	at org.jgroups.util.Util.assertEquals(Util.java:185)
	at com.dotcms.test.util.FileTestUtil.assertBundleFile(FileTestUtil.java:254)
	at com.dotcms.test.util.FileTestUtil.assertBundleFile(FileTestUtil.java:191)
	at com.dotcms.publishing.PublisherAPIImplTest.publish(PublisherAPIImplTest.java:379)
	at sun.reflect.NativeMethodAccessorImpl.invoke0(Native Method)
	at sun.reflect.NativeMethodAccessorImpl.invoke(NativeMethodAccessorImpl.java:62)
	at sun.reflect.DelegatingMethodAccessorImpl.invoke(DelegatingMethodAccessorImpl.java:43)
	at java.lang.reflect.Method.invoke(Method.java:498)
	at org.junit.runners.model.FrameworkMethod$1.runReflectiveCall(FrameworkMethod.java:50)
	at org.junit.internal.runners.model.ReflectiveCallable.run(ReflectiveCallable.java:12)
	at org.junit.runners.model.FrameworkMethod.invokeExplosively(FrameworkMethod.java:47)
	at com.tngtech.java.junit.dataprovider.DataProviderFrameworkMethod.invokeExplosively(DataProviderFrameworkMethod.java:119)
	at org.junit.internal.runners.statements.InvokeMethod.evaluate(InvokeMethod.java:17)
	at org.junit.rules.TestWatcher$1.evaluate(TestWatcher.java:55)
	at org.junit.rules.RunRules.evaluate(RunRules.java:20)
	at org.junit.runners.ParentRunner.runLeaf(ParentRunner.java:325)
	at com.dotcms.junit.CustomDataProviderRunner.runChild(CustomDataProviderRunner.java:28)
	at com.dotcms.junit.CustomDataProviderRunner.runChild(CustomDataProviderRunner.java:13)
	at org.junit.runners.ParentRunner$3.run(ParentRunner.java:290)
	at org.junit.runners.ParentRunner$1.schedule(ParentRunner.java:71)
	at org.junit.runners.ParentRunner.runChildren(ParentRunner.java:288)
	at org.junit.runners.ParentRunner.access$000(ParentRunner.java:58)
	at org.junit.runners.ParentRunner$2.evaluate(ParentRunner.java:268)
	at org.junit.internal.runners.statements.RunBefores.evaluate(RunBefores.java:26)
	at org.junit.internal.runners.statements.RunAfters.evaluate(RunAfters.java:27)
	at org.junit.runners.ParentRunner.run(ParentRunner.java:363)
	at org.junit.runners.Suite.runChild(Suite.java:128)
	at org.junit.runners.Suite.runChild(Suite.java:27)
	at org.junit.runners.ParentRunner$3.run(ParentRunner.java:290)
	at org.junit.runners.ParentRunner$1.schedule(ParentRunner.java:71)
	at org.junit.runners.ParentRunner.runChildren(ParentRunner.java:288)
	at org.junit.runners.ParentRunner.access$000(ParentRunner.java:58)
	at org.junit.runners.ParentRunner$2.evaluate(ParentRunner.java:268)
	at org.junit.runners.ParentRunner.run(ParentRunner.java:363)
	at org.gradle.api.internal.tasks.testing.junit.JUnitTestClassExecutor.runTestClass(JUnitTestClassExecutor.java:106)
	at org.gradle.api.internal.tasks.testing.junit.JUnitTestClassExecutor.execute(JUnitTestClassExecutor.java:58)
	at org.gradle.api.internal.tasks.testing.junit.JUnitTestClassExecutor.execute(JUnitTestClassExecutor.java:38)
	at org.gradle.api.internal.tasks.testing.junit.AbstractJUnitTestClassProcessor.processTestClass(AbstractJUnitTestClassProcessor.java:66)
	at org.gradle.api.internal.tasks.testing.SuiteTestClassProcessor.processTestClass(SuiteTestClassProcessor.java:51)
	at sun.reflect.NativeMethodAccessorImpl.invoke0(Native Method)
	at sun.reflect.NativeMethodAccessorImpl.invoke(NativeMethodAccessorImpl.java:62)
	at sun.reflect.DelegatingMethodAccessorImpl.invoke(DelegatingMethodAccessorImpl.java:43)
	at java.lang.reflect.Method.invoke(Method.java:498)
	at org.gradle.internal.dispatch.ReflectionDispatch.dispatch(ReflectionDispatch.java:35)
	at org.gradle.internal.dispatch.ReflectionDispatch.dispatch(ReflectionDispatch.java:24)
	at org.gradle.internal.dispatch.ContextClassLoaderDispatch.dispatch(ContextClassLoaderDispatch.java:32)
	at org.gradle.internal.dispatch.ProxyDispatchAdapter$DispatchingInvocationHandler.invoke(ProxyDispatchAdapter.java:93)
	at com.sun.proxy.$Proxy2.processTestClass(Unknown Source)
	at org.gradle.api.internal.tasks.testing.worker.TestWorker.processTestClass(TestWorker.java:117)
	at sun.reflect.NativeMethodAccessorImpl.invoke0(Native Method)
	at sun.reflect.NativeMethodAccessorImpl.invoke(NativeMethodAccessorImpl.java:62)
	at sun.reflect.DelegatingMethodAccessorImpl.invoke(DelegatingMethodAccessorImpl.java:43)
	at java.lang.reflect.Method.invoke(Method.java:498)
	at org.gradle.internal.dispatch.ReflectionDispatch.dispatch(ReflectionDispatch.java:35)
	at org.gradle.internal.dispatch.ReflectionDispatch.dispatch(ReflectionDispatch.java:24)
	at org.gradle.internal.remote.internal.hub.MessageHubBackedObjectConnection$DispatchWrapper.dispatch(MessageHubBackedObjectConnection.java:155)
	at org.gradle.internal.remote.internal.hub.MessageHubBackedObjectConnection$DispatchWrapper.dispatch(MessageHubBackedObjectConnection.java:137)
	at org.gradle.internal.remote.internal.hub.MessageHub$Handler.run(MessageHub.java:404)
	at org.gradle.internal.concurrent.ExecutorPolicy$CatchAndRecordFailures.onExecute(ExecutorPolicy.java:63)
	at org.gradle.internal.concurrent.ManagedExecutorImpl$1.run(ManagedExecutorImpl.java:46)
	at java.util.concurrent.ThreadPoolExecutor.runWorker(ThreadPoolExecutor.java:1149)
	at java.util.concurrent.ThreadPoolExecutor$Worker.run(ThreadPoolExecutor.java:624)
	at org.gradle.internal.concurrent.ThreadFactoryImpl$ManagedThreadRunnable.run(ThreadFactoryImpl.java:55)
	at java.lang.Thread.run(Thread.java:748)
</pre>
</span>
</div>
<div class="test">
<a name="publish[13: com.dotcms.publishing.PublisherAPIImplTest$TestCase@2c912809]"></a>
<h3 class="failures">publish[13: com.dotcms.publishing.PublisherAPIImplTest$TestCase@2c912809]</h3>
<span class="code">
<pre>java.lang.AssertionError: Fail for Folder:
Asset -&gt; com.dotmarketing.portlets.folders.model.Folder@33ff95a4[name=testName1614703867587,sortOrder=0,showOnMenu=false,hostId=889bd5e8-6be9-470a-a88b-c63bd92a19dd,title=testTitle1614703867587,filesMasks=&lt;null&gt;,defaultFileType=33888b6f-7a8e-4069-b1b6-5c1aa9d0a48d,modDate=2021-03-02 16:51:07.0,iDate=2021-03-02 16:51:07.0,type=folder,owner=&lt;null&gt;,inode=4e6f0091-e334-4b51-82b9-3106a74d7ae9,identifier=c5315209-0010-4a5e-8336-4dc0f420d08e] 
difference -&gt; inode&gt;4e6f0091-e334-4b51-82b9-3106a74d7ae9&lt;/inode&gt;&lt;identifier&gt;c5315209-0010-4a5e-8336-4dc0f420d08e&lt;/identifier&gt;&lt;name&gt;testName1614703867587&lt;/name&gt;&lt;sortOrder&gt;0&lt;/sortOrder&gt;&lt;showOnMenu&gt;false&lt;/showOnMenu&gt;&lt;hostId&gt;889bd5e8-6be9-470a-a88b-c63bd92a19dd&lt;/hostId&gt;&lt;title&gt;testTitle1614703867587&lt;/title&gt;&lt;defaultFileType&gt;33888b6f-7a8e-4069-b1b6-5c1aa9d0a48d&lt;/defaultFileType&gt;&lt;/folder&gt;&lt;folderId&gt;&lt;id&gt;c5315209-0010-4a5e-8336-4dc0f420d08e&lt;/id&gt;&lt;assetName&gt;testName1614703867587&lt;/assetName&gt;&lt;assetType&gt;folder&lt;/assetType&gt;&lt;hostId&gt;SYSTEM_HOST&lt;/hostId&gt;&lt;assetSubType&gt;Host&lt;/assetSubType&gt;&lt;/hostId&gt;&lt;operation&gt;PUBLISH&lt;/operation&gt;&lt;/com.dotcms.publisher.pusher.wrapper.FolderWrapper&gt;
expected -&gt; &lt;com.dotcms.publisher.pusher.wrapper.FolderWrapper&gt;&lt;folder&gt;&lt;type&gt;folder&lt;/type&gt;&lt;assetSubType&gt;Host&lt;/assetSubType&gt;&lt;/hostId&gt;&lt;operation&gt;PUBLISH&lt;/operation&gt;&lt;/com.dotcms.publisher.pusher.wrapper.FolderWrapper&gt;
real -&gt; &lt;com.dotcms.publisher.pusher.wrapper.FolderWrapper&gt;&lt;folder&gt;&lt;type&gt;folder&lt;/type&gt;&lt;inode&gt;4e6f0091-e334-4b51-82b9-3106a74d7ae9&lt;/inode&gt;&lt;identifier&gt;c5315209-0010-4a5e-8336-4dc0f420d08e&lt;/identifier&gt;&lt;name&gt;testName1614703867587&lt;/name&gt;&lt;sortOrder&gt;0&lt;/sortOrder&gt;&lt;showOnMenu&gt;false&lt;/showOnMenu&gt;&lt;hostId&gt;889bd5e8-6be9-470a-a88b-c63bd92a19dd&lt;/hostId&gt;&lt;title&gt;testTitle1614703867587&lt;/title&gt;&lt;defaultFileType&gt;33888b6f-7a8e-4069-b1b6-5c1aa9d0a48d&lt;/defaultFileType&gt;&lt;/folder&gt;&lt;folderId&gt;&lt;id&gt;c5315209-0010-4a5e-8336-4dc0f420d08e&lt;/id&gt;&lt;assetName&gt;testName1614703867587&lt;/assetName&gt;&lt;assetType&gt;folder&lt;/assetType&gt;&lt;hostId&gt;SYSTEM_HOST&lt;/hostId&gt;&lt;assetSubType&gt;Host&lt;/assetSubType&gt;&lt;/hostId&gt;&lt;operation&gt;PUBLISH&lt;/operation&gt;&lt;/com.dotcms.publisher.pusher.wrapper.FolderWrapper&gt;

	at org.jgroups.util.Util.assertEquals(Util.java:185)
	at com.dotcms.test.util.FileTestUtil.assertBundleFile(FileTestUtil.java:254)
	at com.dotcms.test.util.FileTestUtil.assertBundleFile(FileTestUtil.java:151)
	at com.dotcms.publishing.PublisherAPIImplTest.publish(PublisherAPIImplTest.java:383)
	at sun.reflect.NativeMethodAccessorImpl.invoke0(Native Method)
	at sun.reflect.NativeMethodAccessorImpl.invoke(NativeMethodAccessorImpl.java:62)
	at sun.reflect.DelegatingMethodAccessorImpl.invoke(DelegatingMethodAccessorImpl.java:43)
	at java.lang.reflect.Method.invoke(Method.java:498)
	at org.junit.runners.model.FrameworkMethod$1.runReflectiveCall(FrameworkMethod.java:50)
	at org.junit.internal.runners.model.ReflectiveCallable.run(ReflectiveCallable.java:12)
	at org.junit.runners.model.FrameworkMethod.invokeExplosively(FrameworkMethod.java:47)
	at com.tngtech.java.junit.dataprovider.DataProviderFrameworkMethod.invokeExplosively(DataProviderFrameworkMethod.java:119)
	at org.junit.internal.runners.statements.InvokeMethod.evaluate(InvokeMethod.java:17)
	at org.junit.rules.TestWatcher$1.evaluate(TestWatcher.java:55)
	at org.junit.rules.RunRules.evaluate(RunRules.java:20)
	at org.junit.runners.ParentRunner.runLeaf(ParentRunner.java:325)
	at com.dotcms.junit.CustomDataProviderRunner.runChild(CustomDataProviderRunner.java:28)
	at com.dotcms.junit.CustomDataProviderRunner.runChild(CustomDataProviderRunner.java:13)
	at org.junit.runners.ParentRunner$3.run(ParentRunner.java:290)
	at org.junit.runners.ParentRunner$1.schedule(ParentRunner.java:71)
	at org.junit.runners.ParentRunner.runChildren(ParentRunner.java:288)
	at org.junit.runners.ParentRunner.access$000(ParentRunner.java:58)
	at org.junit.runners.ParentRunner$2.evaluate(ParentRunner.java:268)
	at org.junit.internal.runners.statements.RunBefores.evaluate(RunBefores.java:26)
	at org.junit.internal.runners.statements.RunAfters.evaluate(RunAfters.java:27)
	at org.junit.runners.ParentRunner.run(ParentRunner.java:363)
	at org.junit.runners.Suite.runChild(Suite.java:128)
	at org.junit.runners.Suite.runChild(Suite.java:27)
	at org.junit.runners.ParentRunner$3.run(ParentRunner.java:290)
	at org.junit.runners.ParentRunner$1.schedule(ParentRunner.java:71)
	at org.junit.runners.ParentRunner.runChildren(ParentRunner.java:288)
	at org.junit.runners.ParentRunner.access$000(ParentRunner.java:58)
	at org.junit.runners.ParentRunner$2.evaluate(ParentRunner.java:268)
	at org.junit.runners.ParentRunner.run(ParentRunner.java:363)
	at org.gradle.api.internal.tasks.testing.junit.JUnitTestClassExecutor.runTestClass(JUnitTestClassExecutor.java:106)
	at org.gradle.api.internal.tasks.testing.junit.JUnitTestClassExecutor.execute(JUnitTestClassExecutor.java:58)
	at org.gradle.api.internal.tasks.testing.junit.JUnitTestClassExecutor.execute(JUnitTestClassExecutor.java:38)
	at org.gradle.api.internal.tasks.testing.junit.AbstractJUnitTestClassProcessor.processTestClass(AbstractJUnitTestClassProcessor.java:66)
	at org.gradle.api.internal.tasks.testing.SuiteTestClassProcessor.processTestClass(SuiteTestClassProcessor.java:51)
	at sun.reflect.NativeMethodAccessorImpl.invoke0(Native Method)
	at sun.reflect.NativeMethodAccessorImpl.invoke(NativeMethodAccessorImpl.java:62)
	at sun.reflect.DelegatingMethodAccessorImpl.invoke(DelegatingMethodAccessorImpl.java:43)
	at java.lang.reflect.Method.invoke(Method.java:498)
	at org.gradle.internal.dispatch.ReflectionDispatch.dispatch(ReflectionDispatch.java:35)
	at org.gradle.internal.dispatch.ReflectionDispatch.dispatch(ReflectionDispatch.java:24)
	at org.gradle.internal.dispatch.ContextClassLoaderDispatch.dispatch(ContextClassLoaderDispatch.java:32)
	at org.gradle.internal.dispatch.ProxyDispatchAdapter$DispatchingInvocationHandler.invoke(ProxyDispatchAdapter.java:93)
	at com.sun.proxy.$Proxy2.processTestClass(Unknown Source)
	at org.gradle.api.internal.tasks.testing.worker.TestWorker.processTestClass(TestWorker.java:117)
	at sun.reflect.NativeMethodAccessorImpl.invoke0(Native Method)
	at sun.reflect.NativeMethodAccessorImpl.invoke(NativeMethodAccessorImpl.java:62)
	at sun.reflect.DelegatingMethodAccessorImpl.invoke(DelegatingMethodAccessorImpl.java:43)
	at java.lang.reflect.Method.invoke(Method.java:498)
	at org.gradle.internal.dispatch.ReflectionDispatch.dispatch(ReflectionDispatch.java:35)
	at org.gradle.internal.dispatch.ReflectionDispatch.dispatch(ReflectionDispatch.java:24)
	at org.gradle.internal.remote.internal.hub.MessageHubBackedObjectConnection$DispatchWrapper.dispatch(MessageHubBackedObjectConnection.java:155)
	at org.gradle.internal.remote.internal.hub.MessageHubBackedObjectConnection$DispatchWrapper.dispatch(MessageHubBackedObjectConnection.java:137)
	at org.gradle.internal.remote.internal.hub.MessageHub$Handler.run(MessageHub.java:404)
	at org.gradle.internal.concurrent.ExecutorPolicy$CatchAndRecordFailures.onExecute(ExecutorPolicy.java:63)
	at org.gradle.internal.concurrent.ManagedExecutorImpl$1.run(ManagedExecutorImpl.java:46)
	at java.util.concurrent.ThreadPoolExecutor.runWorker(ThreadPoolExecutor.java:1149)
	at java.util.concurrent.ThreadPoolExecutor$Worker.run(ThreadPoolExecutor.java:624)
	at org.gradle.internal.concurrent.ThreadFactoryImpl$ManagedThreadRunnable.run(ThreadFactoryImpl.java:55)
	at java.lang.Thread.run(Thread.java:748)
</pre>
</span>
</div>
<div class="test">
<a name="publish[14: com.dotcms.publishing.PublisherAPIImplTest$TestCase@54e7a5fb]"></a>
<h3 class="failures">publish[14: com.dotcms.publishing.PublisherAPIImplTest$TestCase@54e7a5fb]</h3>
<span class="code">
<pre>java.lang.AssertionError: Fail for Link:
Asset -&gt; com.dotmarketing.portlets.links.model.Link@15f3559d 
difference -&gt; /linkId&gt;&lt;links&gt;&lt;com.dotmarketing.portlets.links.model.Link&gt;&lt;type&gt;links&lt;/type&gt;&lt;inode&gt;4383d333-9029-4791-a958-a5054c2d4194&lt;/inode&gt;&lt;identifier&gt;551788e4-7695-4c8d-9451-2af73d779440&lt;/identifier&gt;&lt;source&gt;DB&lt;/source&gt;&lt;title&gt;LinkTitle1614703868585&lt;/title&gt;&lt;friendlyName&gt;LinkTitle1614703868585&lt;/friendlyName&gt;&lt;modUser&gt;system&lt;/modUser&gt;&lt;sortOrder&gt;0&lt;/sortOrder&gt;&lt;showOnMenu&gt;false&lt;/showOnMenu&gt;&lt;parent&gt;/testName1614703868576/&lt;/parent&gt;&lt;protocal&gt;https://&lt;/protocal&gt;&lt;url&gt;www.google.com&lt;/url&gt;&lt;target&gt;_blank&lt;/target&gt;&lt;linkType&gt;EXTERNAL&lt;/linkType&gt;&lt;hostId&gt;b115ee9a-68e7-49c0-8532-a02209bba999&lt;/hostId&gt;&lt;/com.dotmarketing.portlets.links.model.Link&gt;&lt;/links&gt;&lt;vi class=&quot;com.dotmarketing.portlets.links.model.LinkVersionInfo&quot;&gt;&lt;identifier&gt;551788e4-7695-4c8d-9451-2af73d779440&lt;/identifier&gt;&lt;workingInode&gt;4383d333-9029-4791-a958-a5054c2d4194&lt;/workingInode&gt;&lt;deleted&gt;false&lt;/deleted&gt;&lt;/vi&gt;&lt;operation&gt;PUBLISH&lt;/operation&gt;&lt;/com.dotcms.publisher.pusher.wrapper.LinkWrapper&gt;
expected -&gt; &lt;com.dotcms.publisher.pusher.wrapper.LinkWrapper&gt;&lt;linkId&gt;&lt;id&gt;551788e4-7695-4c8d-9451-2af73d779440&lt;/id&gt;&lt;assetName&gt;4383d333-9029-4791-a958-a5054c2d4194&lt;/assetName&gt;&lt;assetType&gt;links&lt;/assetType&gt;&lt;parentPath&gt;/testName1614703868576/&lt;/parentPath&gt;&lt;hostId&gt;b115ee9a-68e7-49c0-8532-a02209bba999&lt;/hostId&gt;&lt;inode&gt;4383d333-9029-4791-a958-a5054c2d4194&lt;/inode&gt;&lt;identifier&gt;551788e4-7695-4c8d-9451-2af73d779440&lt;/identifier&gt;&lt;source&gt;DB&lt;/source&gt;&lt;title&gt;LinkTitle1614703868585&lt;/title&gt;&lt;friendlyName&gt;LinkTitle1614703868585&lt;/friendlyName&gt;&lt;modUser&gt;system&lt;/modUser&gt;&lt;sortOrder&gt;0&lt;/sortOrder&gt;&lt;showOnMenu&gt;false&lt;/showOnMenu&gt;&lt;parent&gt;/testName1614703868576/&lt;/parent&gt;&lt;protocal&gt;https://&lt;/protocal&gt;&lt;url&gt;www.google.com&lt;/url&gt;&lt;target&gt;_blank&lt;/target&gt;&lt;internalLinkIdentifier&gt;&lt;/internalLinkIdentifier&gt;&lt;linkType&gt;EXTERNAL&lt;/linkType&gt;&lt;linkCode&gt;&lt;/linkCode&gt;&lt;hostId&gt;b115ee9a-68e7-49c0-8532-a02209bba999&lt;/hostId&gt;&lt;/com.dotmarketing.portlets.links.model.Link&gt;&lt;/links&gt;&lt;vi class=&quot;com.dotmarketing.portlets.links.model.LinkVersionInfo&quot;&gt;&lt;identifier&gt;551788e4-7695-4c8d-9451-2af73d779440&lt;/identifier&gt;&lt;workingInode&gt;4383d333-9029-4791-a958-a5054c2d4194&lt;/workingInode&gt;&lt;deleted&gt;false&lt;/deleted&gt;&lt;/vi&gt;&lt;operation&gt;PUBLISH&lt;/operation&gt;&lt;/com.dotcms.publisher.pusher.wrapper.LinkWrapper&gt;
real -&gt; &lt;com.dotcms.publisher.pusher.wrapper.LinkWrapper&gt;&lt;linkId&gt;&lt;id&gt;551788e4-7695-4c8d-9451-2af73d779440&lt;/id&gt;&lt;assetName&gt;4383d333-9029-4791-a958-a5054c2d4194&lt;/assetName&gt;&lt;assetType&gt;links&lt;/assetType&gt;&lt;parentPath&gt;/testName1614703868576/&lt;/parentPath&gt;&lt;hostId&gt;b115ee9a-68e7-49c0-8532-a02209bba999&lt;/hostId&gt;&lt;/linkId&gt;&lt;links&gt;&lt;com.dotmarketing.portlets.links.model.Link&gt;&lt;type&gt;links&lt;/type&gt;&lt;inode&gt;4383d333-9029-4791-a958-a5054c2d4194&lt;/inode&gt;&lt;identifier&gt;551788e4-7695-4c8d-9451-2af73d779440&lt;/identifier&gt;&lt;source&gt;DB&lt;/source&gt;&lt;title&gt;LinkTitle1614703868585&lt;/title&gt;&lt;friendlyName&gt;LinkTitle1614703868585&lt;/friendlyName&gt;&lt;modUser&gt;system&lt;/modUser&gt;&lt;sortOrder&gt;0&lt;/sortOrder&gt;&lt;showOnMenu&gt;false&lt;/showOnMenu&gt;&lt;parent&gt;/testName1614703868576/&lt;/parent&gt;&lt;protocal&gt;https://&lt;/protocal&gt;&lt;url&gt;www.google.com&lt;/url&gt;&lt;target&gt;_blank&lt;/target&gt;&lt;linkType&gt;EXTERNAL&lt;/linkType&gt;&lt;hostId&gt;b115ee9a-68e7-49c0-8532-a02209bba999&lt;/hostId&gt;&lt;/com.dotmarketing.portlets.links.model.Link&gt;&lt;/links&gt;&lt;vi class=&quot;com.dotmarketing.portlets.links.model.LinkVersionInfo&quot;&gt;&lt;identifier&gt;551788e4-7695-4c8d-9451-2af73d779440&lt;/identifier&gt;&lt;workingInode&gt;4383d333-9029-4791-a958-a5054c2d4194&lt;/workingInode&gt;&lt;deleted&gt;false&lt;/deleted&gt;&lt;/vi&gt;&lt;operation&gt;PUBLISH&lt;/operation&gt;&lt;/com.dotcms.publisher.pusher.wrapper.LinkWrapper&gt;

	at org.jgroups.util.Util.assertEquals(Util.java:185)
	at com.dotcms.test.util.FileTestUtil.assertBundleFile(FileTestUtil.java:254)
	at com.dotcms.test.util.FileTestUtil.assertBundleFile(FileTestUtil.java:191)
	at com.dotcms.publishing.PublisherAPIImplTest.publish(PublisherAPIImplTest.java:379)
	at sun.reflect.NativeMethodAccessorImpl.invoke0(Native Method)
	at sun.reflect.NativeMethodAccessorImpl.invoke(NativeMethodAccessorImpl.java:62)
	at sun.reflect.DelegatingMethodAccessorImpl.invoke(DelegatingMethodAccessorImpl.java:43)
	at java.lang.reflect.Method.invoke(Method.java:498)
	at org.junit.runners.model.FrameworkMethod$1.runReflectiveCall(FrameworkMethod.java:50)
	at org.junit.internal.runners.model.ReflectiveCallable.run(ReflectiveCallable.java:12)
	at org.junit.runners.model.FrameworkMethod.invokeExplosively(FrameworkMethod.java:47)
	at com.tngtech.java.junit.dataprovider.DataProviderFrameworkMethod.invokeExplosively(DataProviderFrameworkMethod.java:119)
	at org.junit.internal.runners.statements.InvokeMethod.evaluate(InvokeMethod.java:17)
	at org.junit.rules.TestWatcher$1.evaluate(TestWatcher.java:55)
	at org.junit.rules.RunRules.evaluate(RunRules.java:20)
	at org.junit.runners.ParentRunner.runLeaf(ParentRunner.java:325)
	at com.dotcms.junit.CustomDataProviderRunner.runChild(CustomDataProviderRunner.java:28)
	at com.dotcms.junit.CustomDataProviderRunner.runChild(CustomDataProviderRunner.java:13)
	at org.junit.runners.ParentRunner$3.run(ParentRunner.java:290)
	at org.junit.runners.ParentRunner$1.schedule(ParentRunner.java:71)
	at org.junit.runners.ParentRunner.runChildren(ParentRunner.java:288)
	at org.junit.runners.ParentRunner.access$000(ParentRunner.java:58)
	at org.junit.runners.ParentRunner$2.evaluate(ParentRunner.java:268)
	at org.junit.internal.runners.statements.RunBefores.evaluate(RunBefores.java:26)
	at org.junit.internal.runners.statements.RunAfters.evaluate(RunAfters.java:27)
	at org.junit.runners.ParentRunner.run(ParentRunner.java:363)
	at org.junit.runners.Suite.runChild(Suite.java:128)
	at org.junit.runners.Suite.runChild(Suite.java:27)
	at org.junit.runners.ParentRunner$3.run(ParentRunner.java:290)
	at org.junit.runners.ParentRunner$1.schedule(ParentRunner.java:71)
	at org.junit.runners.ParentRunner.runChildren(ParentRunner.java:288)
	at org.junit.runners.ParentRunner.access$000(ParentRunner.java:58)
	at org.junit.runners.ParentRunner$2.evaluate(ParentRunner.java:268)
	at org.junit.runners.ParentRunner.run(ParentRunner.java:363)
	at org.gradle.api.internal.tasks.testing.junit.JUnitTestClassExecutor.runTestClass(JUnitTestClassExecutor.java:106)
	at org.gradle.api.internal.tasks.testing.junit.JUnitTestClassExecutor.execute(JUnitTestClassExecutor.java:58)
	at org.gradle.api.internal.tasks.testing.junit.JUnitTestClassExecutor.execute(JUnitTestClassExecutor.java:38)
	at org.gradle.api.internal.tasks.testing.junit.AbstractJUnitTestClassProcessor.processTestClass(AbstractJUnitTestClassProcessor.java:66)
	at org.gradle.api.internal.tasks.testing.SuiteTestClassProcessor.processTestClass(SuiteTestClassProcessor.java:51)
	at sun.reflect.NativeMethodAccessorImpl.invoke0(Native Method)
	at sun.reflect.NativeMethodAccessorImpl.invoke(NativeMethodAccessorImpl.java:62)
	at sun.reflect.DelegatingMethodAccessorImpl.invoke(DelegatingMethodAccessorImpl.java:43)
	at java.lang.reflect.Method.invoke(Method.java:498)
	at org.gradle.internal.dispatch.ReflectionDispatch.dispatch(ReflectionDispatch.java:35)
	at org.gradle.internal.dispatch.ReflectionDispatch.dispatch(ReflectionDispatch.java:24)
	at org.gradle.internal.dispatch.ContextClassLoaderDispatch.dispatch(ContextClassLoaderDispatch.java:32)
	at org.gradle.internal.dispatch.ProxyDispatchAdapter$DispatchingInvocationHandler.invoke(ProxyDispatchAdapter.java:93)
	at com.sun.proxy.$Proxy2.processTestClass(Unknown Source)
	at org.gradle.api.internal.tasks.testing.worker.TestWorker.processTestClass(TestWorker.java:117)
	at sun.reflect.NativeMethodAccessorImpl.invoke0(Native Method)
	at sun.reflect.NativeMethodAccessorImpl.invoke(NativeMethodAccessorImpl.java:62)
	at sun.reflect.DelegatingMethodAccessorImpl.invoke(DelegatingMethodAccessorImpl.java:43)
	at java.lang.reflect.Method.invoke(Method.java:498)
	at org.gradle.internal.dispatch.ReflectionDispatch.dispatch(ReflectionDispatch.java:35)
	at org.gradle.internal.dispatch.ReflectionDispatch.dispatch(ReflectionDispatch.java:24)
	at org.gradle.internal.remote.internal.hub.MessageHubBackedObjectConnection$DispatchWrapper.dispatch(MessageHubBackedObjectConnection.java:155)
	at org.gradle.internal.remote.internal.hub.MessageHubBackedObjectConnection$DispatchWrapper.dispatch(MessageHubBackedObjectConnection.java:137)
	at org.gradle.internal.remote.internal.hub.MessageHub$Handler.run(MessageHub.java:404)
	at org.gradle.internal.concurrent.ExecutorPolicy$CatchAndRecordFailures.onExecute(ExecutorPolicy.java:63)
	at org.gradle.internal.concurrent.ManagedExecutorImpl$1.run(ManagedExecutorImpl.java:46)
	at java.util.concurrent.ThreadPoolExecutor.runWorker(ThreadPoolExecutor.java:1149)
	at java.util.concurrent.ThreadPoolExecutor$Worker.run(ThreadPoolExecutor.java:624)
	at org.gradle.internal.concurrent.ThreadFactoryImpl$ManagedThreadRunnable.run(ThreadFactoryImpl.java:55)
	at java.lang.Thread.run(Thread.java:748)
</pre>
</span>
</div>
<div class="test">
<a name="publish[1: com.dotcms.publishing.PublisherAPIImplTest$TestCase@b3e1f36]"></a>
<h3 class="failures">publish[1: com.dotcms.publishing.PublisherAPIImplTest$TestCase@b3e1f36]</h3>
<span class="code">
<pre>java.lang.AssertionError: Fail for Template:
Asset -&gt; com.dotmarketing.portlets.templates.model.Template@cb553439 
difference -&gt; /templateId&gt;&lt;template&gt;&lt;type&gt;template&lt;/type&gt;&lt;inode&gt;4796b9ab-ff2c-4532-a70c-c560fa16546f&lt;/inode&gt;&lt;identifier&gt;08c3c88c-7d8f-44d9-9799-b848ee477e74&lt;/identifier&gt;&lt;source&gt;DB&lt;/source&gt;&lt;title&gt;testTitle1614703864503&lt;/title&gt;&lt;friendlyName&gt;testFriendlyName1614703864503&lt;/friendlyName&gt;&lt;modUser&gt;system&lt;/modUser&gt;&lt;sortOrder&gt;2&lt;/sortOrder&gt;&lt;showOnMenu&gt;true&lt;/showOnMenu&gt;&lt;drawed&gt;true&lt;/drawed&gt;&lt;countAddContainer&gt;0&lt;/countAddContainer&gt;&lt;countContainers&gt;0&lt;/countContainers&gt;&lt;/template&gt;&lt;vi class=&quot;com.dotmarketing.portlets.templates.model.TemplateVersionInfo&quot;&gt;&lt;identifier&gt;08c3c88c-7d8f-44d9-9799-b848ee477e74&lt;/identifier&gt;&lt;liveInode&gt;4796b9ab-ff2c-4532-a70c-c560fa16546f&lt;/liveInode&gt;&lt;workingInode&gt;4796b9ab-ff2c-4532-a70c-c560fa16546f&lt;/workingInode&gt;&lt;deleted&gt;false&lt;/deleted&gt;&lt;/vi&gt;&lt;operation&gt;PUBLISH&lt;/operation&gt;&lt;/com.dotcms.publisher.pusher.wrapper.TemplateWrapper&gt;
expected -&gt; &lt;com.dotcms.publisher.pusher.wrapper.TemplateWrapper&gt;&lt;templateId&gt;&lt;id&gt;08c3c88c-7d8f-44d9-9799-b848ee477e74&lt;/id&gt;&lt;assetName&gt;08c3c88c-7d8f-44d9-9799-b848ee477e74.template&lt;/assetName&gt;&lt;assetType&gt;template&lt;/assetType&gt;&lt;parentPath&gt;/&lt;/parentPath&gt;&lt;hostId&gt;2cd2703f-0fdb-42ca-bd60-2552e80afced&lt;/hostId&gt;&lt;inode&gt;4796b9ab-ff2c-4532-a70c-c560fa16546f&lt;/inode&gt;&lt;identifier&gt;08c3c88c-7d8f-44d9-9799-b848ee477e74&lt;/identifier&gt;&lt;source&gt;DB&lt;/source&gt;&lt;title&gt;testTitle1614703864503&lt;/title&gt;&lt;friendlyName&gt;testFriendlyName1614703864503&lt;/friendlyName&gt;&lt;modUser&gt;system&lt;/modUser&gt;&lt;sortOrder&gt;2&lt;/sortOrder&gt;&lt;showOnMenu&gt;true&lt;/showOnMenu&gt;&lt;drawed&gt;true&lt;/drawed&gt;&lt;countAddContainer&gt;0&lt;/countAddContainer&gt;&lt;countContainers&gt;0&lt;/countContainers&gt;&lt;/template&gt;&lt;vi class=&quot;com.dotmarketing.portlets.templates.model.TemplateVersionInfo&quot;&gt;&lt;identifier&gt;08c3c88c-7d8f-44d9-9799-b848ee477e74&lt;/identifier&gt;&lt;liveInode&gt;4796b9ab-ff2c-4532-a70c-c560fa16546f&lt;/liveInode&gt;&lt;workingInode&gt;4796b9ab-ff2c-4532-a70c-c560fa16546f&lt;/workingInode&gt;&lt;deleted&gt;false&lt;/deleted&gt;&lt;/vi&gt;&lt;operation&gt;PUBLISH&lt;/operation&gt;&lt;/com.dotcms.publisher.pusher.wrapper.TemplateWrapper&gt;
real -&gt; &lt;com.dotcms.publisher.pusher.wrapper.TemplateWrapper&gt;&lt;templateId&gt;&lt;id&gt;08c3c88c-7d8f-44d9-9799-b848ee477e74&lt;/id&gt;&lt;assetName&gt;08c3c88c-7d8f-44d9-9799-b848ee477e74.template&lt;/assetName&gt;&lt;assetType&gt;template&lt;/assetType&gt;&lt;parentPath&gt;/&lt;/parentPath&gt;&lt;hostId&gt;2cd2703f-0fdb-42ca-bd60-2552e80afced&lt;/hostId&gt;&lt;/templateId&gt;&lt;template&gt;&lt;type&gt;template&lt;/type&gt;&lt;inode&gt;4796b9ab-ff2c-4532-a70c-c560fa16546f&lt;/inode&gt;&lt;identifier&gt;08c3c88c-7d8f-44d9-9799-b848ee477e74&lt;/identifier&gt;&lt;source&gt;DB&lt;/source&gt;&lt;title&gt;testTitle1614703864503&lt;/title&gt;&lt;friendlyName&gt;testFriendlyName1614703864503&lt;/friendlyName&gt;&lt;modUser&gt;system&lt;/modUser&gt;&lt;sortOrder&gt;2&lt;/sortOrder&gt;&lt;showOnMenu&gt;true&lt;/showOnMenu&gt;&lt;drawed&gt;true&lt;/drawed&gt;&lt;countAddContainer&gt;0&lt;/countAddContainer&gt;&lt;countContainers&gt;0&lt;/countContainers&gt;&lt;/template&gt;&lt;vi class=&quot;com.dotmarketing.portlets.templates.model.TemplateVersionInfo&quot;&gt;&lt;identifier&gt;08c3c88c-7d8f-44d9-9799-b848ee477e74&lt;/identifier&gt;&lt;liveInode&gt;4796b9ab-ff2c-4532-a70c-c560fa16546f&lt;/liveInode&gt;&lt;workingInode&gt;4796b9ab-ff2c-4532-a70c-c560fa16546f&lt;/workingInode&gt;&lt;deleted&gt;false&lt;/deleted&gt;&lt;/vi&gt;&lt;operation&gt;PUBLISH&lt;/operation&gt;&lt;/com.dotcms.publisher.pusher.wrapper.TemplateWrapper&gt;

	at org.jgroups.util.Util.assertEquals(Util.java:185)
	at com.dotcms.test.util.FileTestUtil.assertBundleFile(FileTestUtil.java:254)
	at com.dotcms.test.util.FileTestUtil.assertBundleFile(FileTestUtil.java:191)
	at com.dotcms.publishing.PublisherAPIImplTest.publish(PublisherAPIImplTest.java:379)
	at sun.reflect.NativeMethodAccessorImpl.invoke0(Native Method)
	at sun.reflect.NativeMethodAccessorImpl.invoke(NativeMethodAccessorImpl.java:62)
	at sun.reflect.DelegatingMethodAccessorImpl.invoke(DelegatingMethodAccessorImpl.java:43)
	at java.lang.reflect.Method.invoke(Method.java:498)
	at org.junit.runners.model.FrameworkMethod$1.runReflectiveCall(FrameworkMethod.java:50)
	at org.junit.internal.runners.model.ReflectiveCallable.run(ReflectiveCallable.java:12)
	at org.junit.runners.model.FrameworkMethod.invokeExplosively(FrameworkMethod.java:47)
	at com.tngtech.java.junit.dataprovider.DataProviderFrameworkMethod.invokeExplosively(DataProviderFrameworkMethod.java:119)
	at org.junit.internal.runners.statements.InvokeMethod.evaluate(InvokeMethod.java:17)
	at org.junit.rules.TestWatcher$1.evaluate(TestWatcher.java:55)
	at org.junit.rules.RunRules.evaluate(RunRules.java:20)
	at org.junit.runners.ParentRunner.runLeaf(ParentRunner.java:325)
	at com.dotcms.junit.CustomDataProviderRunner.runChild(CustomDataProviderRunner.java:28)
	at com.dotcms.junit.CustomDataProviderRunner.runChild(CustomDataProviderRunner.java:13)
	at org.junit.runners.ParentRunner$3.run(ParentRunner.java:290)
	at org.junit.runners.ParentRunner$1.schedule(ParentRunner.java:71)
	at org.junit.runners.ParentRunner.runChildren(ParentRunner.java:288)
	at org.junit.runners.ParentRunner.access$000(ParentRunner.java:58)
	at org.junit.runners.ParentRunner$2.evaluate(ParentRunner.java:268)
	at org.junit.internal.runners.statements.RunBefores.evaluate(RunBefores.java:26)
	at org.junit.internal.runners.statements.RunAfters.evaluate(RunAfters.java:27)
	at org.junit.runners.ParentRunner.run(ParentRunner.java:363)
	at org.junit.runners.Suite.runChild(Suite.java:128)
	at org.junit.runners.Suite.runChild(Suite.java:27)
	at org.junit.runners.ParentRunner$3.run(ParentRunner.java:290)
	at org.junit.runners.ParentRunner$1.schedule(ParentRunner.java:71)
	at org.junit.runners.ParentRunner.runChildren(ParentRunner.java:288)
	at org.junit.runners.ParentRunner.access$000(ParentRunner.java:58)
	at org.junit.runners.ParentRunner$2.evaluate(ParentRunner.java:268)
	at org.junit.runners.ParentRunner.run(ParentRunner.java:363)
	at org.gradle.api.internal.tasks.testing.junit.JUnitTestClassExecutor.runTestClass(JUnitTestClassExecutor.java:106)
	at org.gradle.api.internal.tasks.testing.junit.JUnitTestClassExecutor.execute(JUnitTestClassExecutor.java:58)
	at org.gradle.api.internal.tasks.testing.junit.JUnitTestClassExecutor.execute(JUnitTestClassExecutor.java:38)
	at org.gradle.api.internal.tasks.testing.junit.AbstractJUnitTestClassProcessor.processTestClass(AbstractJUnitTestClassProcessor.java:66)
	at org.gradle.api.internal.tasks.testing.SuiteTestClassProcessor.processTestClass(SuiteTestClassProcessor.java:51)
	at sun.reflect.NativeMethodAccessorImpl.invoke0(Native Method)
	at sun.reflect.NativeMethodAccessorImpl.invoke(NativeMethodAccessorImpl.java:62)
	at sun.reflect.DelegatingMethodAccessorImpl.invoke(DelegatingMethodAccessorImpl.java:43)
	at java.lang.reflect.Method.invoke(Method.java:498)
	at org.gradle.internal.dispatch.ReflectionDispatch.dispatch(ReflectionDispatch.java:35)
	at org.gradle.internal.dispatch.ReflectionDispatch.dispatch(ReflectionDispatch.java:24)
	at org.gradle.internal.dispatch.ContextClassLoaderDispatch.dispatch(ContextClassLoaderDispatch.java:32)
	at org.gradle.internal.dispatch.ProxyDispatchAdapter$DispatchingInvocationHandler.invoke(ProxyDispatchAdapter.java:93)
	at com.sun.proxy.$Proxy2.processTestClass(Unknown Source)
	at org.gradle.api.internal.tasks.testing.worker.TestWorker.processTestClass(TestWorker.java:117)
	at sun.reflect.NativeMethodAccessorImpl.invoke0(Native Method)
	at sun.reflect.NativeMethodAccessorImpl.invoke(NativeMethodAccessorImpl.java:62)
	at sun.reflect.DelegatingMethodAccessorImpl.invoke(DelegatingMethodAccessorImpl.java:43)
	at java.lang.reflect.Method.invoke(Method.java:498)
	at org.gradle.internal.dispatch.ReflectionDispatch.dispatch(ReflectionDispatch.java:35)
	at org.gradle.internal.dispatch.ReflectionDispatch.dispatch(ReflectionDispatch.java:24)
	at org.gradle.internal.remote.internal.hub.MessageHubBackedObjectConnection$DispatchWrapper.dispatch(MessageHubBackedObjectConnection.java:155)
	at org.gradle.internal.remote.internal.hub.MessageHubBackedObjectConnection$DispatchWrapper.dispatch(MessageHubBackedObjectConnection.java:137)
	at org.gradle.internal.remote.internal.hub.MessageHub$Handler.run(MessageHub.java:404)
	at org.gradle.internal.concurrent.ExecutorPolicy$CatchAndRecordFailures.onExecute(ExecutorPolicy.java:63)
	at org.gradle.internal.concurrent.ManagedExecutorImpl$1.run(ManagedExecutorImpl.java:46)
	at java.util.concurrent.ThreadPoolExecutor.runWorker(ThreadPoolExecutor.java:1149)
	at java.util.concurrent.ThreadPoolExecutor$Worker.run(ThreadPoolExecutor.java:624)
	at org.gradle.internal.concurrent.ThreadFactoryImpl$ManagedThreadRunnable.run(ThreadFactoryImpl.java:55)
	at java.lang.Thread.run(Thread.java:748)
</pre>
</span>
</div>
<div class="test">
<a name="publish[2: com.dotcms.publishing.PublisherAPIImplTest$TestCase@3c26dfbe]"></a>
<h3 class="failures">publish[2: com.dotcms.publishing.PublisherAPIImplTest$TestCase@3c26dfbe]</h3>
<span class="code">
<pre>java.lang.AssertionError: Fail for Container:
Asset -&gt; com.dotmarketing.portlets.containers.model.Container@6d2ce59f[code=&lt;null&gt;,maxContentlets=5,useDiv=true,sortContentletsBy=&lt;null&gt;,preLoop=&lt;div&gt;,postLoop=&lt;/div&gt;,staticify=true,luceneQuery=&lt;null&gt;,notes=testNotes1614703865573,source=DB,title=testTitle1614703865573,friendlyName=testFriendlyName1614703865573,modDate=Tue Mar 02 16:51:05 GMT 2021,modUser=system,sortOrder=0,showOnMenu=false,iDate=Tue Mar 02 16:51:05 GMT 2021,type=containers,owner=system,inode=64b7c47d-23aa-45c1-b56a-bf7e05bd12f0,identifier=68d3927f-2163-487a-9eb2-3ed1d3a8bcc1] 
difference -&gt; /containerId&gt;&lt;container&gt;&lt;type&gt;containers&lt;/type&gt;&lt;inode&gt;64b7c47d-23aa-45c1-b56a-bf7e05bd12f0&lt;/inode&gt;&lt;identifier&gt;68d3927f-2163-487a-9eb2-3ed1d3a8bcc1&lt;/identifier&gt;&lt;source&gt;DB&lt;/source&gt;&lt;title&gt;testTitle1614703865573&lt;/title&gt;&lt;friendlyName&gt;testFriendlyName1614703865573&lt;/friendlyName&gt;&lt;modUser&gt;system&lt;/modUser&gt;&lt;sortOrder&gt;0&lt;/sortOrder&gt;&lt;showOnMenu&gt;false&lt;/showOnMenu&gt;&lt;maxContentlets&gt;5&lt;/maxContentlets&gt;&lt;useDiv&gt;true&lt;/useDiv&gt;&lt;preLoop&gt;&amp;lt;div&amp;gt;&lt;/preLoop&gt;&lt;postLoop&gt;&amp;lt;/div&amp;gt;&lt;/postLoop&gt;&lt;staticify&gt;true&lt;/staticify&gt;&lt;notes&gt;testNotes1614703865573&lt;/notes&gt;&lt;/container&gt;&lt;cvi class=&quot;com.dotmarketing.portlets.containers.model.ContainerVersionInfo&quot;&gt;&lt;identifier&gt;68d3927f-2163-487a-9eb2-3ed1d3a8bcc1&lt;/identifier&gt;&lt;workingInode&gt;64b7c47d-23aa-45c1-b56a-bf7e05bd12f0&lt;/workingInode&gt;&lt;deleted&gt;false&lt;/deleted&gt;&lt;/cvi&gt;&lt;operation&gt;PUBLISH&lt;/operation&gt;&lt;csList class=&quot;com.google.common.collect.RegularImmutableList&quot; resolves-to=&quot;com.google.common.collect.ImmutableList$SerializedForm&quot;&gt;&lt;elements&gt;&lt;com.dotmarketing.beans.ContainerStructure&gt;&lt;id&gt;2fc57489-df4a-4f1c-85e9-fd1b1b3cf0c9&lt;/id&gt;&lt;structureId&gt;41b58879-6f20-4fa3-9f58-f1052a8fc6b5&lt;/structureId&gt;&lt;containerInode&gt;64b7c47d-23aa-45c1-b56a-bf7e05bd12f0&lt;/containerInode&gt;&lt;containerId&gt;68d3927f-2163-487a-9eb2-3ed1d3a8bcc1&lt;/containerId&gt;&lt;/com.dotmarketing.beans.ContainerStructure&gt;&lt;/elements&gt;&lt;/csList&gt;&lt;/com.dotcms.publisher.pusher.wrapper.ContainerWrapper&gt;
expected -&gt; &lt;com.dotcms.publisher.pusher.wrapper.ContainerWrapper&gt;&lt;containerId&gt;&lt;id&gt;68d3927f-2163-487a-9eb2-3ed1d3a8bcc1&lt;/id&gt;&lt;assetName&gt;68d3927f-2163-487a-9eb2-3ed1d3a8bcc1.containers&lt;/assetName&gt;&lt;assetType&gt;containers&lt;/assetType&gt;&lt;parentPath&gt;/&lt;/parentPath&gt;&lt;hostId&gt;2681843c-7dd2-4b8c-bcf0-fa545d73b20b&lt;/hostId&gt;&lt;inode&gt;64b7c47d-23aa-45c1-b56a-bf7e05bd12f0&lt;/inode&gt;&lt;identifier&gt;68d3927f-2163-487a-9eb2-3ed1d3a8bcc1&lt;/identifier&gt;&lt;source&gt;DB&lt;/source&gt;&lt;title&gt;testTitle1614703865573&lt;/title&gt;&lt;friendlyName&gt;testFriendlyName1614703865573&lt;/friendlyName&gt;&lt;modUser&gt;system&lt;/modUser&gt;&lt;sortOrder&gt;0&lt;/sortOrder&gt;&lt;showOnMenu&gt;false&lt;/showOnMenu&gt;&lt;maxContentlets&gt;5&lt;/maxContentlets&gt;&lt;useDiv&gt;true&lt;/useDiv&gt;&lt;preLoop&gt;&amp;lt;div&amp;gt;&lt;/preLoop&gt;&lt;postLoop&gt;&amp;lt;/div&amp;gt;&lt;/postLoop&gt;&lt;staticify&gt;true&lt;/staticify&gt;&lt;notes&gt;testNotes1614703865573&lt;/notes&gt;&lt;/container&gt;&lt;cvi class=&quot;com.dotmarketing.portlets.containers.model.ContainerVersionInfo&quot;&gt;&lt;identifier&gt;68d3927f-2163-487a-9eb2-3ed1d3a8bcc1&lt;/identifier&gt;&lt;workingInode&gt;64b7c47d-23aa-45c1-b56a-bf7e05bd12f0&lt;/workingInode&gt;&lt;deleted&gt;false&lt;/deleted&gt;&lt;/cvi&gt;&lt;operation&gt;PUBLISH&lt;/operation&gt;&lt;csList class=&quot;com.google.common.collect.RegularImmutableList&quot; resolves-to=&quot;com.google.common.collect.ImmutableList$SerializedForm&quot;&gt;&lt;elements&gt;&lt;com.dotmarketing.beans.ContainerStructure&gt;&lt;id&gt;2fc57489-df4a-4f1c-85e9-fd1b1b3cf0c9&lt;/id&gt;&lt;structureId&gt;41b58879-6f20-4fa3-9f58-f1052a8fc6b5&lt;/structureId&gt;&lt;containerInode&gt;64b7c47d-23aa-45c1-b56a-bf7e05bd12f0&lt;/containerInode&gt;&lt;containerId&gt;68d3927f-2163-487a-9eb2-3ed1d3a8bcc1&lt;/containerId&gt;&lt;code&gt;__code__&lt;/code&gt;&lt;/com.dotmarketing.beans.ContainerStructure&gt;&lt;/elements&gt;&lt;/csList&gt;&lt;/com.dotcms.publisher.pusher.wrapper.ContainerWrapper&gt;
real -&gt; &lt;com.dotcms.publisher.pusher.wrapper.ContainerWrapper&gt;&lt;containerId&gt;&lt;id&gt;68d3927f-2163-487a-9eb2-3ed1d3a8bcc1&lt;/id&gt;&lt;assetName&gt;68d3927f-2163-487a-9eb2-3ed1d3a8bcc1.containers&lt;/assetName&gt;&lt;assetType&gt;containers&lt;/assetType&gt;&lt;parentPath&gt;/&lt;/parentPath&gt;&lt;hostId&gt;2681843c-7dd2-4b8c-bcf0-fa545d73b20b&lt;/hostId&gt;&lt;/containerId&gt;&lt;container&gt;&lt;type&gt;containers&lt;/type&gt;&lt;inode&gt;64b7c47d-23aa-45c1-b56a-bf7e05bd12f0&lt;/inode&gt;&lt;identifier&gt;68d3927f-2163-487a-9eb2-3ed1d3a8bcc1&lt;/identifier&gt;&lt;source&gt;DB&lt;/source&gt;&lt;title&gt;testTitle1614703865573&lt;/title&gt;&lt;friendlyName&gt;testFriendlyName1614703865573&lt;/friendlyName&gt;&lt;modUser&gt;system&lt;/modUser&gt;&lt;sortOrder&gt;0&lt;/sortOrder&gt;&lt;showOnMenu&gt;false&lt;/showOnMenu&gt;&lt;maxContentlets&gt;5&lt;/maxContentlets&gt;&lt;useDiv&gt;true&lt;/useDiv&gt;&lt;preLoop&gt;&amp;lt;div&amp;gt;&lt;/preLoop&gt;&lt;postLoop&gt;&amp;lt;/div&amp;gt;&lt;/postLoop&gt;&lt;staticify&gt;true&lt;/staticify&gt;&lt;notes&gt;testNotes1614703865573&lt;/notes&gt;&lt;/container&gt;&lt;cvi class=&quot;com.dotmarketing.portlets.containers.model.ContainerVersionInfo&quot;&gt;&lt;identifier&gt;68d3927f-2163-487a-9eb2-3ed1d3a8bcc1&lt;/identifier&gt;&lt;workingInode&gt;64b7c47d-23aa-45c1-b56a-bf7e05bd12f0&lt;/workingInode&gt;&lt;deleted&gt;false&lt;/deleted&gt;&lt;/cvi&gt;&lt;operation&gt;PUBLISH&lt;/operation&gt;&lt;csList class=&quot;com.google.common.collect.RegularImmutableList&quot; resolves-to=&quot;com.google.common.collect.ImmutableList$SerializedForm&quot;&gt;&lt;elements&gt;&lt;com.dotmarketing.beans.ContainerStructure&gt;&lt;id&gt;2fc57489-df4a-4f1c-85e9-fd1b1b3cf0c9&lt;/id&gt;&lt;structureId&gt;41b58879-6f20-4fa3-9f58-f1052a8fc6b5&lt;/structureId&gt;&lt;containerInode&gt;64b7c47d-23aa-45c1-b56a-bf7e05bd12f0&lt;/containerInode&gt;&lt;containerId&gt;68d3927f-2163-487a-9eb2-3ed1d3a8bcc1&lt;/containerId&gt;&lt;/com.dotmarketing.beans.ContainerStructure&gt;&lt;/elements&gt;&lt;/csList&gt;&lt;/com.dotcms.publisher.pusher.wrapper.ContainerWrapper&gt;

	at org.jgroups.util.Util.assertEquals(Util.java:185)
	at com.dotcms.test.util.FileTestUtil.assertBundleFile(FileTestUtil.java:254)
	at com.dotcms.test.util.FileTestUtil.assertBundleFile(FileTestUtil.java:191)
	at com.dotcms.publishing.PublisherAPIImplTest.publish(PublisherAPIImplTest.java:379)
	at sun.reflect.NativeMethodAccessorImpl.invoke0(Native Method)
	at sun.reflect.NativeMethodAccessorImpl.invoke(NativeMethodAccessorImpl.java:62)
	at sun.reflect.DelegatingMethodAccessorImpl.invoke(DelegatingMethodAccessorImpl.java:43)
	at java.lang.reflect.Method.invoke(Method.java:498)
	at org.junit.runners.model.FrameworkMethod$1.runReflectiveCall(FrameworkMethod.java:50)
	at org.junit.internal.runners.model.ReflectiveCallable.run(ReflectiveCallable.java:12)
	at org.junit.runners.model.FrameworkMethod.invokeExplosively(FrameworkMethod.java:47)
	at com.tngtech.java.junit.dataprovider.DataProviderFrameworkMethod.invokeExplosively(DataProviderFrameworkMethod.java:119)
	at org.junit.internal.runners.statements.InvokeMethod.evaluate(InvokeMethod.java:17)
	at org.junit.rules.TestWatcher$1.evaluate(TestWatcher.java:55)
	at org.junit.rules.RunRules.evaluate(RunRules.java:20)
	at org.junit.runners.ParentRunner.runLeaf(ParentRunner.java:325)
	at com.dotcms.junit.CustomDataProviderRunner.runChild(CustomDataProviderRunner.java:28)
	at com.dotcms.junit.CustomDataProviderRunner.runChild(CustomDataProviderRunner.java:13)
	at org.junit.runners.ParentRunner$3.run(ParentRunner.java:290)
	at org.junit.runners.ParentRunner$1.schedule(ParentRunner.java:71)
	at org.junit.runners.ParentRunner.runChildren(ParentRunner.java:288)
	at org.junit.runners.ParentRunner.access$000(ParentRunner.java:58)
	at org.junit.runners.ParentRunner$2.evaluate(ParentRunner.java:268)
	at org.junit.internal.runners.statements.RunBefores.evaluate(RunBefores.java:26)
	at org.junit.internal.runners.statements.RunAfters.evaluate(RunAfters.java:27)
	at org.junit.runners.ParentRunner.run(ParentRunner.java:363)
	at org.junit.runners.Suite.runChild(Suite.java:128)
	at org.junit.runners.Suite.runChild(Suite.java:27)
	at org.junit.runners.ParentRunner$3.run(ParentRunner.java:290)
	at org.junit.runners.ParentRunner$1.schedule(ParentRunner.java:71)
	at org.junit.runners.ParentRunner.runChildren(ParentRunner.java:288)
	at org.junit.runners.ParentRunner.access$000(ParentRunner.java:58)
	at org.junit.runners.ParentRunner$2.evaluate(ParentRunner.java:268)
	at org.junit.runners.ParentRunner.run(ParentRunner.java:363)
	at org.gradle.api.internal.tasks.testing.junit.JUnitTestClassExecutor.runTestClass(JUnitTestClassExecutor.java:106)
	at org.gradle.api.internal.tasks.testing.junit.JUnitTestClassExecutor.execute(JUnitTestClassExecutor.java:58)
	at org.gradle.api.internal.tasks.testing.junit.JUnitTestClassExecutor.execute(JUnitTestClassExecutor.java:38)
	at org.gradle.api.internal.tasks.testing.junit.AbstractJUnitTestClassProcessor.processTestClass(AbstractJUnitTestClassProcessor.java:66)
	at org.gradle.api.internal.tasks.testing.SuiteTestClassProcessor.processTestClass(SuiteTestClassProcessor.java:51)
	at sun.reflect.NativeMethodAccessorImpl.invoke0(Native Method)
	at sun.reflect.NativeMethodAccessorImpl.invoke(NativeMethodAccessorImpl.java:62)
	at sun.reflect.DelegatingMethodAccessorImpl.invoke(DelegatingMethodAccessorImpl.java:43)
	at java.lang.reflect.Method.invoke(Method.java:498)
	at org.gradle.internal.dispatch.ReflectionDispatch.dispatch(ReflectionDispatch.java:35)
	at org.gradle.internal.dispatch.ReflectionDispatch.dispatch(ReflectionDispatch.java:24)
	at org.gradle.internal.dispatch.ContextClassLoaderDispatch.dispatch(ContextClassLoaderDispatch.java:32)
	at org.gradle.internal.dispatch.ProxyDispatchAdapter$DispatchingInvocationHandler.invoke(ProxyDispatchAdapter.java:93)
	at com.sun.proxy.$Proxy2.processTestClass(Unknown Source)
	at org.gradle.api.internal.tasks.testing.worker.TestWorker.processTestClass(TestWorker.java:117)
	at sun.reflect.NativeMethodAccessorImpl.invoke0(Native Method)
	at sun.reflect.NativeMethodAccessorImpl.invoke(NativeMethodAccessorImpl.java:62)
	at sun.reflect.DelegatingMethodAccessorImpl.invoke(DelegatingMethodAccessorImpl.java:43)
	at java.lang.reflect.Method.invoke(Method.java:498)
	at org.gradle.internal.dispatch.ReflectionDispatch.dispatch(ReflectionDispatch.java:35)
	at org.gradle.internal.dispatch.ReflectionDispatch.dispatch(ReflectionDispatch.java:24)
	at org.gradle.internal.remote.internal.hub.MessageHubBackedObjectConnection$DispatchWrapper.dispatch(MessageHubBackedObjectConnection.java:155)
	at org.gradle.internal.remote.internal.hub.MessageHubBackedObjectConnection$DispatchWrapper.dispatch(MessageHubBackedObjectConnection.java:137)
	at org.gradle.internal.remote.internal.hub.MessageHub$Handler.run(MessageHub.java:404)
	at org.gradle.internal.concurrent.ExecutorPolicy$CatchAndRecordFailures.onExecute(ExecutorPolicy.java:63)
	at org.gradle.internal.concurrent.ManagedExecutorImpl$1.run(ManagedExecutorImpl.java:46)
	at java.util.concurrent.ThreadPoolExecutor.runWorker(ThreadPoolExecutor.java:1149)
	at java.util.concurrent.ThreadPoolExecutor$Worker.run(ThreadPoolExecutor.java:624)
	at org.gradle.internal.concurrent.ThreadFactoryImpl$ManagedThreadRunnable.run(ThreadFactoryImpl.java:55)
	at java.lang.Thread.run(Thread.java:748)
</pre>
</span>
</div>
<div class="test">
<a name="publish[3: com.dotcms.publishing.PublisherAPIImplTest$TestCase@250424bf]"></a>
<h3 class="failures">publish[3: com.dotcms.publishing.PublisherAPIImplTest$TestCase@250424bf]</h3>
<span class="code">
<pre>java.lang.AssertionError: Fail for Folder:
Asset -&gt; com.dotmarketing.portlets.folders.model.Folder@5a46cda8[name=testName1614703866527,sortOrder=0,showOnMenu=false,hostId=99932862-6260-4203-9d69-78e6bf1723ed,title=testTitle1614703866527,filesMasks=&lt;null&gt;,defaultFileType=33888b6f-7a8e-4069-b1b6-5c1aa9d0a48d,modDate=2021-03-02 16:51:06.0,iDate=2021-03-02 16:51:06.0,type=folder,owner=&lt;null&gt;,inode=add92e62-c8eb-49fc-a175-706774e2c385,identifier=2b6b63a9-350f-49db-ac48-ba9aca86e13f] 
difference -&gt; inode&gt;add92e62-c8eb-49fc-a175-706774e2c385&lt;/inode&gt;&lt;identifier&gt;2b6b63a9-350f-49db-ac48-ba9aca86e13f&lt;/identifier&gt;&lt;name&gt;testName1614703866527&lt;/name&gt;&lt;sortOrder&gt;0&lt;/sortOrder&gt;&lt;showOnMenu&gt;false&lt;/showOnMenu&gt;&lt;hostId&gt;99932862-6260-4203-9d69-78e6bf1723ed&lt;/hostId&gt;&lt;title&gt;testTitle1614703866527&lt;/title&gt;&lt;defaultFileType&gt;33888b6f-7a8e-4069-b1b6-5c1aa9d0a48d&lt;/defaultFileType&gt;&lt;/folder&gt;&lt;folderId&gt;&lt;id&gt;2b6b63a9-350f-49db-ac48-ba9aca86e13f&lt;/id&gt;&lt;assetName&gt;testName1614703866527&lt;/assetName&gt;&lt;assetType&gt;folder&lt;/assetType&gt;&lt;hostId&gt;SYSTEM_HOST&lt;/hostId&gt;&lt;assetSubType&gt;Host&lt;/assetSubType&gt;&lt;/hostId&gt;&lt;operation&gt;PUBLISH&lt;/operation&gt;&lt;/com.dotcms.publisher.pusher.wrapper.FolderWrapper&gt;
expected -&gt; &lt;com.dotcms.publisher.pusher.wrapper.FolderWrapper&gt;&lt;folder&gt;&lt;type&gt;folder&lt;/type&gt;&lt;assetSubType&gt;Host&lt;/assetSubType&gt;&lt;/hostId&gt;&lt;operation&gt;PUBLISH&lt;/operation&gt;&lt;/com.dotcms.publisher.pusher.wrapper.FolderWrapper&gt;
real -&gt; &lt;com.dotcms.publisher.pusher.wrapper.FolderWrapper&gt;&lt;folder&gt;&lt;type&gt;folder&lt;/type&gt;&lt;inode&gt;add92e62-c8eb-49fc-a175-706774e2c385&lt;/inode&gt;&lt;identifier&gt;2b6b63a9-350f-49db-ac48-ba9aca86e13f&lt;/identifier&gt;&lt;name&gt;testName1614703866527&lt;/name&gt;&lt;sortOrder&gt;0&lt;/sortOrder&gt;&lt;showOnMenu&gt;false&lt;/showOnMenu&gt;&lt;hostId&gt;99932862-6260-4203-9d69-78e6bf1723ed&lt;/hostId&gt;&lt;title&gt;testTitle1614703866527&lt;/title&gt;&lt;defaultFileType&gt;33888b6f-7a8e-4069-b1b6-5c1aa9d0a48d&lt;/defaultFileType&gt;&lt;/folder&gt;&lt;folderId&gt;&lt;id&gt;2b6b63a9-350f-49db-ac48-ba9aca86e13f&lt;/id&gt;&lt;assetName&gt;testName1614703866527&lt;/assetName&gt;&lt;assetType&gt;folder&lt;/assetType&gt;&lt;hostId&gt;SYSTEM_HOST&lt;/hostId&gt;&lt;assetSubType&gt;Host&lt;/assetSubType&gt;&lt;/hostId&gt;&lt;operation&gt;PUBLISH&lt;/operation&gt;&lt;/com.dotcms.publisher.pusher.wrapper.FolderWrapper&gt;

	at org.jgroups.util.Util.assertEquals(Util.java:185)
	at com.dotcms.test.util.FileTestUtil.assertBundleFile(FileTestUtil.java:254)
	at com.dotcms.test.util.FileTestUtil.assertBundleFile(FileTestUtil.java:191)
	at com.dotcms.publishing.PublisherAPIImplTest.publish(PublisherAPIImplTest.java:379)
	at sun.reflect.NativeMethodAccessorImpl.invoke0(Native Method)
	at sun.reflect.NativeMethodAccessorImpl.invoke(NativeMethodAccessorImpl.java:62)
	at sun.reflect.DelegatingMethodAccessorImpl.invoke(DelegatingMethodAccessorImpl.java:43)
	at java.lang.reflect.Method.invoke(Method.java:498)
	at org.junit.runners.model.FrameworkMethod$1.runReflectiveCall(FrameworkMethod.java:50)
	at org.junit.internal.runners.model.ReflectiveCallable.run(ReflectiveCallable.java:12)
	at org.junit.runners.model.FrameworkMethod.invokeExplosively(FrameworkMethod.java:47)
	at com.tngtech.java.junit.dataprovider.DataProviderFrameworkMethod.invokeExplosively(DataProviderFrameworkMethod.java:119)
	at org.junit.internal.runners.statements.InvokeMethod.evaluate(InvokeMethod.java:17)
	at org.junit.rules.TestWatcher$1.evaluate(TestWatcher.java:55)
	at org.junit.rules.RunRules.evaluate(RunRules.java:20)
	at org.junit.runners.ParentRunner.runLeaf(ParentRunner.java:325)
	at com.dotcms.junit.CustomDataProviderRunner.runChild(CustomDataProviderRunner.java:28)
	at com.dotcms.junit.CustomDataProviderRunner.runChild(CustomDataProviderRunner.java:13)
	at org.junit.runners.ParentRunner$3.run(ParentRunner.java:290)
	at org.junit.runners.ParentRunner$1.schedule(ParentRunner.java:71)
	at org.junit.runners.ParentRunner.runChildren(ParentRunner.java:288)
	at org.junit.runners.ParentRunner.access$000(ParentRunner.java:58)
	at org.junit.runners.ParentRunner$2.evaluate(ParentRunner.java:268)
	at org.junit.internal.runners.statements.RunBefores.evaluate(RunBefores.java:26)
	at org.junit.internal.runners.statements.RunAfters.evaluate(RunAfters.java:27)
	at org.junit.runners.ParentRunner.run(ParentRunner.java:363)
	at org.junit.runners.Suite.runChild(Suite.java:128)
	at org.junit.runners.Suite.runChild(Suite.java:27)
	at org.junit.runners.ParentRunner$3.run(ParentRunner.java:290)
	at org.junit.runners.ParentRunner$1.schedule(ParentRunner.java:71)
	at org.junit.runners.ParentRunner.runChildren(ParentRunner.java:288)
	at org.junit.runners.ParentRunner.access$000(ParentRunner.java:58)
	at org.junit.runners.ParentRunner$2.evaluate(ParentRunner.java:268)
	at org.junit.runners.ParentRunner.run(ParentRunner.java:363)
	at org.gradle.api.internal.tasks.testing.junit.JUnitTestClassExecutor.runTestClass(JUnitTestClassExecutor.java:106)
	at org.gradle.api.internal.tasks.testing.junit.JUnitTestClassExecutor.execute(JUnitTestClassExecutor.java:58)
	at org.gradle.api.internal.tasks.testing.junit.JUnitTestClassExecutor.execute(JUnitTestClassExecutor.java:38)
	at org.gradle.api.internal.tasks.testing.junit.AbstractJUnitTestClassProcessor.processTestClass(AbstractJUnitTestClassProcessor.java:66)
	at org.gradle.api.internal.tasks.testing.SuiteTestClassProcessor.processTestClass(SuiteTestClassProcessor.java:51)
	at sun.reflect.NativeMethodAccessorImpl.invoke0(Native Method)
	at sun.reflect.NativeMethodAccessorImpl.invoke(NativeMethodAccessorImpl.java:62)
	at sun.reflect.DelegatingMethodAccessorImpl.invoke(DelegatingMethodAccessorImpl.java:43)
	at java.lang.reflect.Method.invoke(Method.java:498)
	at org.gradle.internal.dispatch.ReflectionDispatch.dispatch(ReflectionDispatch.java:35)
	at org.gradle.internal.dispatch.ReflectionDispatch.dispatch(ReflectionDispatch.java:24)
	at org.gradle.internal.dispatch.ContextClassLoaderDispatch.dispatch(ContextClassLoaderDispatch.java:32)
	at org.gradle.internal.dispatch.ProxyDispatchAdapter$DispatchingInvocationHandler.invoke(ProxyDispatchAdapter.java:93)
	at com.sun.proxy.$Proxy2.processTestClass(Unknown Source)
	at org.gradle.api.internal.tasks.testing.worker.TestWorker.processTestClass(TestWorker.java:117)
	at sun.reflect.NativeMethodAccessorImpl.invoke0(Native Method)
	at sun.reflect.NativeMethodAccessorImpl.invoke(NativeMethodAccessorImpl.java:62)
	at sun.reflect.DelegatingMethodAccessorImpl.invoke(DelegatingMethodAccessorImpl.java:43)
	at java.lang.reflect.Method.invoke(Method.java:498)
	at org.gradle.internal.dispatch.ReflectionDispatch.dispatch(ReflectionDispatch.java:35)
	at org.gradle.internal.dispatch.ReflectionDispatch.dispatch(ReflectionDispatch.java:24)
	at org.gradle.internal.remote.internal.hub.MessageHubBackedObjectConnection$DispatchWrapper.dispatch(MessageHubBackedObjectConnection.java:155)
	at org.gradle.internal.remote.internal.hub.MessageHubBackedObjectConnection$DispatchWrapper.dispatch(MessageHubBackedObjectConnection.java:137)
	at org.gradle.internal.remote.internal.hub.MessageHub$Handler.run(MessageHub.java:404)
	at org.gradle.internal.concurrent.ExecutorPolicy$CatchAndRecordFailures.onExecute(ExecutorPolicy.java:63)
	at org.gradle.internal.concurrent.ManagedExecutorImpl$1.run(ManagedExecutorImpl.java:46)
	at java.util.concurrent.ThreadPoolExecutor.runWorker(ThreadPoolExecutor.java:1149)
	at java.util.concurrent.ThreadPoolExecutor$Worker.run(ThreadPoolExecutor.java:624)
	at org.gradle.internal.concurrent.ThreadFactoryImpl$ManagedThreadRunnable.run(ThreadFactoryImpl.java:55)
	at java.lang.Thread.run(Thread.java:748)
</pre>
</span>
</div>
<div class="test">
<a name="publish[4: com.dotcms.publishing.PublisherAPIImplTest$TestCase@591c33ea]"></a>
<h3 class="failures">publish[4: com.dotcms.publishing.PublisherAPIImplTest$TestCase@591c33ea]</h3>
<span class="code">
<pre>java.lang.AssertionError: Fail for Folder:
Asset -&gt; com.dotmarketing.portlets.folders.model.Folder@33ff95a4[name=testName1614703867587,sortOrder=0,showOnMenu=false,hostId=889bd5e8-6be9-470a-a88b-c63bd92a19dd,title=testTitle1614703867587,filesMasks=&lt;null&gt;,defaultFileType=33888b6f-7a8e-4069-b1b6-5c1aa9d0a48d,modDate=2021-03-02 16:51:07.0,iDate=2021-03-02 16:51:07.0,type=folder,owner=&lt;null&gt;,inode=4e6f0091-e334-4b51-82b9-3106a74d7ae9,identifier=c5315209-0010-4a5e-8336-4dc0f420d08e] 
difference -&gt; inode&gt;4e6f0091-e334-4b51-82b9-3106a74d7ae9&lt;/inode&gt;&lt;identifier&gt;c5315209-0010-4a5e-8336-4dc0f420d08e&lt;/identifier&gt;&lt;name&gt;testName1614703867587&lt;/name&gt;&lt;sortOrder&gt;0&lt;/sortOrder&gt;&lt;showOnMenu&gt;false&lt;/showOnMenu&gt;&lt;hostId&gt;889bd5e8-6be9-470a-a88b-c63bd92a19dd&lt;/hostId&gt;&lt;title&gt;testTitle1614703867587&lt;/title&gt;&lt;defaultFileType&gt;33888b6f-7a8e-4069-b1b6-5c1aa9d0a48d&lt;/defaultFileType&gt;&lt;/folder&gt;&lt;folderId&gt;&lt;id&gt;c5315209-0010-4a5e-8336-4dc0f420d08e&lt;/id&gt;&lt;assetName&gt;testName1614703867587&lt;/assetName&gt;&lt;assetType&gt;folder&lt;/assetType&gt;&lt;hostId&gt;SYSTEM_HOST&lt;/hostId&gt;&lt;assetSubType&gt;Host&lt;/assetSubType&gt;&lt;/hostId&gt;&lt;operation&gt;PUBLISH&lt;/operation&gt;&lt;/com.dotcms.publisher.pusher.wrapper.FolderWrapper&gt;
expected -&gt; &lt;com.dotcms.publisher.pusher.wrapper.FolderWrapper&gt;&lt;folder&gt;&lt;type&gt;folder&lt;/type&gt;&lt;assetSubType&gt;Host&lt;/assetSubType&gt;&lt;/hostId&gt;&lt;operation&gt;PUBLISH&lt;/operation&gt;&lt;/com.dotcms.publisher.pusher.wrapper.FolderWrapper&gt;
real -&gt; &lt;com.dotcms.publisher.pusher.wrapper.FolderWrapper&gt;&lt;folder&gt;&lt;type&gt;folder&lt;/type&gt;&lt;inode&gt;4e6f0091-e334-4b51-82b9-3106a74d7ae9&lt;/inode&gt;&lt;identifier&gt;c5315209-0010-4a5e-8336-4dc0f420d08e&lt;/identifier&gt;&lt;name&gt;testName1614703867587&lt;/name&gt;&lt;sortOrder&gt;0&lt;/sortOrder&gt;&lt;showOnMenu&gt;false&lt;/showOnMenu&gt;&lt;hostId&gt;889bd5e8-6be9-470a-a88b-c63bd92a19dd&lt;/hostId&gt;&lt;title&gt;testTitle1614703867587&lt;/title&gt;&lt;defaultFileType&gt;33888b6f-7a8e-4069-b1b6-5c1aa9d0a48d&lt;/defaultFileType&gt;&lt;/folder&gt;&lt;folderId&gt;&lt;id&gt;c5315209-0010-4a5e-8336-4dc0f420d08e&lt;/id&gt;&lt;assetName&gt;testName1614703867587&lt;/assetName&gt;&lt;assetType&gt;folder&lt;/assetType&gt;&lt;hostId&gt;SYSTEM_HOST&lt;/hostId&gt;&lt;assetSubType&gt;Host&lt;/assetSubType&gt;&lt;/hostId&gt;&lt;operation&gt;PUBLISH&lt;/operation&gt;&lt;/com.dotcms.publisher.pusher.wrapper.FolderWrapper&gt;

	at org.jgroups.util.Util.assertEquals(Util.java:185)
	at com.dotcms.test.util.FileTestUtil.assertBundleFile(FileTestUtil.java:254)
	at com.dotcms.test.util.FileTestUtil.assertBundleFile(FileTestUtil.java:151)
	at com.dotcms.publishing.PublisherAPIImplTest.publish(PublisherAPIImplTest.java:383)
	at sun.reflect.NativeMethodAccessorImpl.invoke0(Native Method)
	at sun.reflect.NativeMethodAccessorImpl.invoke(NativeMethodAccessorImpl.java:62)
	at sun.reflect.DelegatingMethodAccessorImpl.invoke(DelegatingMethodAccessorImpl.java:43)
	at java.lang.reflect.Method.invoke(Method.java:498)
	at org.junit.runners.model.FrameworkMethod$1.runReflectiveCall(FrameworkMethod.java:50)
	at org.junit.internal.runners.model.ReflectiveCallable.run(ReflectiveCallable.java:12)
	at org.junit.runners.model.FrameworkMethod.invokeExplosively(FrameworkMethod.java:47)
	at com.tngtech.java.junit.dataprovider.DataProviderFrameworkMethod.invokeExplosively(DataProviderFrameworkMethod.java:119)
	at org.junit.internal.runners.statements.InvokeMethod.evaluate(InvokeMethod.java:17)
	at org.junit.rules.TestWatcher$1.evaluate(TestWatcher.java:55)
	at org.junit.rules.RunRules.evaluate(RunRules.java:20)
	at org.junit.runners.ParentRunner.runLeaf(ParentRunner.java:325)
	at com.dotcms.junit.CustomDataProviderRunner.runChild(CustomDataProviderRunner.java:28)
	at com.dotcms.junit.CustomDataProviderRunner.runChild(CustomDataProviderRunner.java:13)
	at org.junit.runners.ParentRunner$3.run(ParentRunner.java:290)
	at org.junit.runners.ParentRunner$1.schedule(ParentRunner.java:71)
	at org.junit.runners.ParentRunner.runChildren(ParentRunner.java:288)
	at org.junit.runners.ParentRunner.access$000(ParentRunner.java:58)
	at org.junit.runners.ParentRunner$2.evaluate(ParentRunner.java:268)
	at org.junit.internal.runners.statements.RunBefores.evaluate(RunBefores.java:26)
	at org.junit.internal.runners.statements.RunAfters.evaluate(RunAfters.java:27)
	at org.junit.runners.ParentRunner.run(ParentRunner.java:363)
	at org.junit.runners.Suite.runChild(Suite.java:128)
	at org.junit.runners.Suite.runChild(Suite.java:27)
	at org.junit.runners.ParentRunner$3.run(ParentRunner.java:290)
	at org.junit.runners.ParentRunner$1.schedule(ParentRunner.java:71)
	at org.junit.runners.ParentRunner.runChildren(ParentRunner.java:288)
	at org.junit.runners.ParentRunner.access$000(ParentRunner.java:58)
	at org.junit.runners.ParentRunner$2.evaluate(ParentRunner.java:268)
	at org.junit.runners.ParentRunner.run(ParentRunner.java:363)
	at org.gradle.api.internal.tasks.testing.junit.JUnitTestClassExecutor.runTestClass(JUnitTestClassExecutor.java:106)
	at org.gradle.api.internal.tasks.testing.junit.JUnitTestClassExecutor.execute(JUnitTestClassExecutor.java:58)
	at org.gradle.api.internal.tasks.testing.junit.JUnitTestClassExecutor.execute(JUnitTestClassExecutor.java:38)
	at org.gradle.api.internal.tasks.testing.junit.AbstractJUnitTestClassProcessor.processTestClass(AbstractJUnitTestClassProcessor.java:66)
	at org.gradle.api.internal.tasks.testing.SuiteTestClassProcessor.processTestClass(SuiteTestClassProcessor.java:51)
	at sun.reflect.NativeMethodAccessorImpl.invoke0(Native Method)
	at sun.reflect.NativeMethodAccessorImpl.invoke(NativeMethodAccessorImpl.java:62)
	at sun.reflect.DelegatingMethodAccessorImpl.invoke(DelegatingMethodAccessorImpl.java:43)
	at java.lang.reflect.Method.invoke(Method.java:498)
	at org.gradle.internal.dispatch.ReflectionDispatch.dispatch(ReflectionDispatch.java:35)
	at org.gradle.internal.dispatch.ReflectionDispatch.dispatch(ReflectionDispatch.java:24)
	at org.gradle.internal.dispatch.ContextClassLoaderDispatch.dispatch(ContextClassLoaderDispatch.java:32)
	at org.gradle.internal.dispatch.ProxyDispatchAdapter$DispatchingInvocationHandler.invoke(ProxyDispatchAdapter.java:93)
	at com.sun.proxy.$Proxy2.processTestClass(Unknown Source)
	at org.gradle.api.internal.tasks.testing.worker.TestWorker.processTestClass(TestWorker.java:117)
	at sun.reflect.NativeMethodAccessorImpl.invoke0(Native Method)
	at sun.reflect.NativeMethodAccessorImpl.invoke(NativeMethodAccessorImpl.java:62)
	at sun.reflect.DelegatingMethodAccessorImpl.invoke(DelegatingMethodAccessorImpl.java:43)
	at java.lang.reflect.Method.invoke(Method.java:498)
	at org.gradle.internal.dispatch.ReflectionDispatch.dispatch(ReflectionDispatch.java:35)
	at org.gradle.internal.dispatch.ReflectionDispatch.dispatch(ReflectionDispatch.java:24)
	at org.gradle.internal.remote.internal.hub.MessageHubBackedObjectConnection$DispatchWrapper.dispatch(MessageHubBackedObjectConnection.java:155)
	at org.gradle.internal.remote.internal.hub.MessageHubBackedObjectConnection$DispatchWrapper.dispatch(MessageHubBackedObjectConnection.java:137)
	at org.gradle.internal.remote.internal.hub.MessageHub$Handler.run(MessageHub.java:404)
	at org.gradle.internal.concurrent.ExecutorPolicy$CatchAndRecordFailures.onExecute(ExecutorPolicy.java:63)
	at org.gradle.internal.concurrent.ManagedExecutorImpl$1.run(ManagedExecutorImpl.java:46)
	at java.util.concurrent.ThreadPoolExecutor.runWorker(ThreadPoolExecutor.java:1149)
	at java.util.concurrent.ThreadPoolExecutor$Worker.run(ThreadPoolExecutor.java:624)
	at org.gradle.internal.concurrent.ThreadFactoryImpl$ManagedThreadRunnable.run(ThreadFactoryImpl.java:55)
	at java.lang.Thread.run(Thread.java:748)
</pre>
</span>
</div>
<div class="test">
<a name="publish[5: com.dotcms.publishing.PublisherAPIImplTest$TestCase@22205050]"></a>
<h3 class="failures">publish[5: com.dotcms.publishing.PublisherAPIImplTest$TestCase@22205050]</h3>
<span class="code">
<pre>java.lang.AssertionError: Fail for Link:
Asset -&gt; com.dotmarketing.portlets.links.model.Link@15f3559d 
difference -&gt; /linkId&gt;&lt;links&gt;&lt;com.dotmarketing.portlets.links.model.Link&gt;&lt;type&gt;links&lt;/type&gt;&lt;inode&gt;4383d333-9029-4791-a958-a5054c2d4194&lt;/inode&gt;&lt;identifier&gt;551788e4-7695-4c8d-9451-2af73d779440&lt;/identifier&gt;&lt;source&gt;DB&lt;/source&gt;&lt;title&gt;LinkTitle1614703868585&lt;/title&gt;&lt;friendlyName&gt;LinkTitle1614703868585&lt;/friendlyName&gt;&lt;modUser&gt;system&lt;/modUser&gt;&lt;sortOrder&gt;0&lt;/sortOrder&gt;&lt;showOnMenu&gt;false&lt;/showOnMenu&gt;&lt;parent&gt;/testName1614703868576/&lt;/parent&gt;&lt;protocal&gt;https://&lt;/protocal&gt;&lt;url&gt;www.google.com&lt;/url&gt;&lt;target&gt;_blank&lt;/target&gt;&lt;linkType&gt;EXTERNAL&lt;/linkType&gt;&lt;hostId&gt;b115ee9a-68e7-49c0-8532-a02209bba999&lt;/hostId&gt;&lt;/com.dotmarketing.portlets.links.model.Link&gt;&lt;/links&gt;&lt;vi class=&quot;com.dotmarketing.portlets.links.model.LinkVersionInfo&quot;&gt;&lt;identifier&gt;551788e4-7695-4c8d-9451-2af73d779440&lt;/identifier&gt;&lt;workingInode&gt;4383d333-9029-4791-a958-a5054c2d4194&lt;/workingInode&gt;&lt;deleted&gt;false&lt;/deleted&gt;&lt;/vi&gt;&lt;operation&gt;PUBLISH&lt;/operation&gt;&lt;/com.dotcms.publisher.pusher.wrapper.LinkWrapper&gt;
expected -&gt; &lt;com.dotcms.publisher.pusher.wrapper.LinkWrapper&gt;&lt;linkId&gt;&lt;id&gt;551788e4-7695-4c8d-9451-2af73d779440&lt;/id&gt;&lt;assetName&gt;4383d333-9029-4791-a958-a5054c2d4194&lt;/assetName&gt;&lt;assetType&gt;links&lt;/assetType&gt;&lt;parentPath&gt;/testName1614703868576/&lt;/parentPath&gt;&lt;hostId&gt;b115ee9a-68e7-49c0-8532-a02209bba999&lt;/hostId&gt;&lt;inode&gt;4383d333-9029-4791-a958-a5054c2d4194&lt;/inode&gt;&lt;identifier&gt;551788e4-7695-4c8d-9451-2af73d779440&lt;/identifier&gt;&lt;source&gt;DB&lt;/source&gt;&lt;title&gt;LinkTitle1614703868585&lt;/title&gt;&lt;friendlyName&gt;LinkTitle1614703868585&lt;/friendlyName&gt;&lt;modUser&gt;system&lt;/modUser&gt;&lt;sortOrder&gt;0&lt;/sortOrder&gt;&lt;showOnMenu&gt;false&lt;/showOnMenu&gt;&lt;parent&gt;/testName1614703868576/&lt;/parent&gt;&lt;protocal&gt;https://&lt;/protocal&gt;&lt;url&gt;www.google.com&lt;/url&gt;&lt;target&gt;_blank&lt;/target&gt;&lt;internalLinkIdentifier&gt;&lt;/internalLinkIdentifier&gt;&lt;linkType&gt;EXTERNAL&lt;/linkType&gt;&lt;linkCode&gt;&lt;/linkCode&gt;&lt;hostId&gt;b115ee9a-68e7-49c0-8532-a02209bba999&lt;/hostId&gt;&lt;/com.dotmarketing.portlets.links.model.Link&gt;&lt;/links&gt;&lt;vi class=&quot;com.dotmarketing.portlets.links.model.LinkVersionInfo&quot;&gt;&lt;identifier&gt;551788e4-7695-4c8d-9451-2af73d779440&lt;/identifier&gt;&lt;workingInode&gt;4383d333-9029-4791-a958-a5054c2d4194&lt;/workingInode&gt;&lt;deleted&gt;false&lt;/deleted&gt;&lt;/vi&gt;&lt;operation&gt;PUBLISH&lt;/operation&gt;&lt;/com.dotcms.publisher.pusher.wrapper.LinkWrapper&gt;
real -&gt; &lt;com.dotcms.publisher.pusher.wrapper.LinkWrapper&gt;&lt;linkId&gt;&lt;id&gt;551788e4-7695-4c8d-9451-2af73d779440&lt;/id&gt;&lt;assetName&gt;4383d333-9029-4791-a958-a5054c2d4194&lt;/assetName&gt;&lt;assetType&gt;links&lt;/assetType&gt;&lt;parentPath&gt;/testName1614703868576/&lt;/parentPath&gt;&lt;hostId&gt;b115ee9a-68e7-49c0-8532-a02209bba999&lt;/hostId&gt;&lt;/linkId&gt;&lt;links&gt;&lt;com.dotmarketing.portlets.links.model.Link&gt;&lt;type&gt;links&lt;/type&gt;&lt;inode&gt;4383d333-9029-4791-a958-a5054c2d4194&lt;/inode&gt;&lt;identifier&gt;551788e4-7695-4c8d-9451-2af73d779440&lt;/identifier&gt;&lt;source&gt;DB&lt;/source&gt;&lt;title&gt;LinkTitle1614703868585&lt;/title&gt;&lt;friendlyName&gt;LinkTitle1614703868585&lt;/friendlyName&gt;&lt;modUser&gt;system&lt;/modUser&gt;&lt;sortOrder&gt;0&lt;/sortOrder&gt;&lt;showOnMenu&gt;false&lt;/showOnMenu&gt;&lt;parent&gt;/testName1614703868576/&lt;/parent&gt;&lt;protocal&gt;https://&lt;/protocal&gt;&lt;url&gt;www.google.com&lt;/url&gt;&lt;target&gt;_blank&lt;/target&gt;&lt;linkType&gt;EXTERNAL&lt;/linkType&gt;&lt;hostId&gt;b115ee9a-68e7-49c0-8532-a02209bba999&lt;/hostId&gt;&lt;/com.dotmarketing.portlets.links.model.Link&gt;&lt;/links&gt;&lt;vi class=&quot;com.dotmarketing.portlets.links.model.LinkVersionInfo&quot;&gt;&lt;identifier&gt;551788e4-7695-4c8d-9451-2af73d779440&lt;/identifier&gt;&lt;workingInode&gt;4383d333-9029-4791-a958-a5054c2d4194&lt;/workingInode&gt;&lt;deleted&gt;false&lt;/deleted&gt;&lt;/vi&gt;&lt;operation&gt;PUBLISH&lt;/operation&gt;&lt;/com.dotcms.publisher.pusher.wrapper.LinkWrapper&gt;

	at org.jgroups.util.Util.assertEquals(Util.java:185)
	at com.dotcms.test.util.FileTestUtil.assertBundleFile(FileTestUtil.java:254)
	at com.dotcms.test.util.FileTestUtil.assertBundleFile(FileTestUtil.java:191)
	at com.dotcms.publishing.PublisherAPIImplTest.publish(PublisherAPIImplTest.java:379)
	at sun.reflect.NativeMethodAccessorImpl.invoke0(Native Method)
	at sun.reflect.NativeMethodAccessorImpl.invoke(NativeMethodAccessorImpl.java:62)
	at sun.reflect.DelegatingMethodAccessorImpl.invoke(DelegatingMethodAccessorImpl.java:43)
	at java.lang.reflect.Method.invoke(Method.java:498)
	at org.junit.runners.model.FrameworkMethod$1.runReflectiveCall(FrameworkMethod.java:50)
	at org.junit.internal.runners.model.ReflectiveCallable.run(ReflectiveCallable.java:12)
	at org.junit.runners.model.FrameworkMethod.invokeExplosively(FrameworkMethod.java:47)
	at com.tngtech.java.junit.dataprovider.DataProviderFrameworkMethod.invokeExplosively(DataProviderFrameworkMethod.java:119)
	at org.junit.internal.runners.statements.InvokeMethod.evaluate(InvokeMethod.java:17)
	at org.junit.rules.TestWatcher$1.evaluate(TestWatcher.java:55)
	at org.junit.rules.RunRules.evaluate(RunRules.java:20)
	at org.junit.runners.ParentRunner.runLeaf(ParentRunner.java:325)
	at com.dotcms.junit.CustomDataProviderRunner.runChild(CustomDataProviderRunner.java:28)
	at com.dotcms.junit.CustomDataProviderRunner.runChild(CustomDataProviderRunner.java:13)
	at org.junit.runners.ParentRunner$3.run(ParentRunner.java:290)
	at org.junit.runners.ParentRunner$1.schedule(ParentRunner.java:71)
	at org.junit.runners.ParentRunner.runChildren(ParentRunner.java:288)
	at org.junit.runners.ParentRunner.access$000(ParentRunner.java:58)
	at org.junit.runners.ParentRunner$2.evaluate(ParentRunner.java:268)
	at org.junit.internal.runners.statements.RunBefores.evaluate(RunBefores.java:26)
	at org.junit.internal.runners.statements.RunAfters.evaluate(RunAfters.java:27)
	at org.junit.runners.ParentRunner.run(ParentRunner.java:363)
	at org.junit.runners.Suite.runChild(Suite.java:128)
	at org.junit.runners.Suite.runChild(Suite.java:27)
	at org.junit.runners.ParentRunner$3.run(ParentRunner.java:290)
	at org.junit.runners.ParentRunner$1.schedule(ParentRunner.java:71)
	at org.junit.runners.ParentRunner.runChildren(ParentRunner.java:288)
	at org.junit.runners.ParentRunner.access$000(ParentRunner.java:58)
	at org.junit.runners.ParentRunner$2.evaluate(ParentRunner.java:268)
	at org.junit.runners.ParentRunner.run(ParentRunner.java:363)
	at org.gradle.api.internal.tasks.testing.junit.JUnitTestClassExecutor.runTestClass(JUnitTestClassExecutor.java:106)
	at org.gradle.api.internal.tasks.testing.junit.JUnitTestClassExecutor.execute(JUnitTestClassExecutor.java:58)
	at org.gradle.api.internal.tasks.testing.junit.JUnitTestClassExecutor.execute(JUnitTestClassExecutor.java:38)
	at org.gradle.api.internal.tasks.testing.junit.AbstractJUnitTestClassProcessor.processTestClass(AbstractJUnitTestClassProcessor.java:66)
	at org.gradle.api.internal.tasks.testing.SuiteTestClassProcessor.processTestClass(SuiteTestClassProcessor.java:51)
	at sun.reflect.NativeMethodAccessorImpl.invoke0(Native Method)
	at sun.reflect.NativeMethodAccessorImpl.invoke(NativeMethodAccessorImpl.java:62)
	at sun.reflect.DelegatingMethodAccessorImpl.invoke(DelegatingMethodAccessorImpl.java:43)
	at java.lang.reflect.Method.invoke(Method.java:498)
	at org.gradle.internal.dispatch.ReflectionDispatch.dispatch(ReflectionDispatch.java:35)
	at org.gradle.internal.dispatch.ReflectionDispatch.dispatch(ReflectionDispatch.java:24)
	at org.gradle.internal.dispatch.ContextClassLoaderDispatch.dispatch(ContextClassLoaderDispatch.java:32)
	at org.gradle.internal.dispatch.ProxyDispatchAdapter$DispatchingInvocationHandler.invoke(ProxyDispatchAdapter.java:93)
	at com.sun.proxy.$Proxy2.processTestClass(Unknown Source)
	at org.gradle.api.internal.tasks.testing.worker.TestWorker.processTestClass(TestWorker.java:117)
	at sun.reflect.NativeMethodAccessorImpl.invoke0(Native Method)
	at sun.reflect.NativeMethodAccessorImpl.invoke(NativeMethodAccessorImpl.java:62)
	at sun.reflect.DelegatingMethodAccessorImpl.invoke(DelegatingMethodAccessorImpl.java:43)
	at java.lang.reflect.Method.invoke(Method.java:498)
	at org.gradle.internal.dispatch.ReflectionDispatch.dispatch(ReflectionDispatch.java:35)
	at org.gradle.internal.dispatch.ReflectionDispatch.dispatch(ReflectionDispatch.java:24)
	at org.gradle.internal.remote.internal.hub.MessageHubBackedObjectConnection$DispatchWrapper.dispatch(MessageHubBackedObjectConnection.java:155)
	at org.gradle.internal.remote.internal.hub.MessageHubBackedObjectConnection$DispatchWrapper.dispatch(MessageHubBackedObjectConnection.java:137)
	at org.gradle.internal.remote.internal.hub.MessageHub$Handler.run(MessageHub.java:404)
	at org.gradle.internal.concurrent.ExecutorPolicy$CatchAndRecordFailures.onExecute(ExecutorPolicy.java:63)
	at org.gradle.internal.concurrent.ManagedExecutorImpl$1.run(ManagedExecutorImpl.java:46)
	at java.util.concurrent.ThreadPoolExecutor.runWorker(ThreadPoolExecutor.java:1149)
	at java.util.concurrent.ThreadPoolExecutor$Worker.run(ThreadPoolExecutor.java:624)
	at org.gradle.internal.concurrent.ThreadFactoryImpl$ManagedThreadRunnable.run(ThreadFactoryImpl.java:55)
	at java.lang.Thread.run(Thread.java:748)
</pre>
</span>
</div>
<div class="test">
<a name="publish[9: com.dotcms.publishing.PublisherAPIImplTest$TestCase@346dddf6]"></a>
<h3 class="failures">publish[9: com.dotcms.publishing.PublisherAPIImplTest$TestCase@346dddf6]</h3>
<span class="code">
<pre>java.lang.AssertionError: Fail for Category:
Asset -&gt; com.dotmarketing.portlets.categories.model.Category@5456524a[categoryName=CategoryName1614703863447,description=&lt;null&gt;,key=CategoryKey1614703863447,sortOrder=1,active=true,keywords=&lt;null&gt;,categoryVelocityVarName=VelocityVarName1614703863447] 
difference -&gt; inode&gt;3ad295d1-5abf-48ff-9ede-965dff1b1691&lt;/inode&gt;&lt;categoryName&gt;CategoryName1614703863447&lt;/categoryName&gt;&lt;key&gt;CategoryKey1614703863447&lt;/key&gt;&lt;sortOrder&gt;1&lt;/sortOrder&gt;&lt;active&gt;true&lt;/active&gt;&lt;categoryVelocityVarName&gt;VelocityVarName1614703863447&lt;/categoryVelocityVarName&gt;&lt;/category&gt;&lt;children/&gt;&lt;operation&gt;PUBLISH&lt;/operation&gt;&lt;/com.dotcms.publisher.pusher.wrapper.CategoryWrapper&gt;
expected -&gt; &lt;com.dotcms.publisher.pusher.wrapper.CategoryWrapper&gt;&lt;topLevel&gt;true&lt;/topLevel&gt;&lt;category&gt;&lt;type&gt;category&lt;/type&gt;&lt;owner&gt;&lt;/owner&gt;&lt;inode&gt;3ad295d1-5abf-48ff-9ede-965dff1b1691&lt;/inode&gt;&lt;categoryName&gt;CategoryName1614703863447&lt;/categoryName&gt;&lt;key&gt;CategoryKey1614703863447&lt;/key&gt;&lt;sortOrder&gt;1&lt;/sortOrder&gt;&lt;active&gt;true&lt;/active&gt;&lt;categoryVelocityVarName&gt;VelocityVarName1614703863447&lt;/categoryVelocityVarName&gt;&lt;/category&gt;&lt;children/&gt;&lt;operation&gt;PUBLISH&lt;/operation&gt;&lt;/com.dotcms.publisher.pusher.wrapper.CategoryWrapper&gt;
real -&gt; &lt;com.dotcms.publisher.pusher.wrapper.CategoryWrapper&gt;&lt;topLevel&gt;true&lt;/topLevel&gt;&lt;category&gt;&lt;type&gt;category&lt;/type&gt;&lt;inode&gt;3ad295d1-5abf-48ff-9ede-965dff1b1691&lt;/inode&gt;&lt;categoryName&gt;CategoryName1614703863447&lt;/categoryName&gt;&lt;key&gt;CategoryKey1614703863447&lt;/key&gt;&lt;sortOrder&gt;1&lt;/sortOrder&gt;&lt;active&gt;true&lt;/active&gt;&lt;categoryVelocityVarName&gt;VelocityVarName1614703863447&lt;/categoryVelocityVarName&gt;&lt;/category&gt;&lt;children/&gt;&lt;operation&gt;PUBLISH&lt;/operation&gt;&lt;/com.dotcms.publisher.pusher.wrapper.CategoryWrapper&gt;

	at org.jgroups.util.Util.assertEquals(Util.java:185)
	at com.dotcms.test.util.FileTestUtil.assertBundleFile(FileTestUtil.java:254)
	at com.dotcms.test.util.FileTestUtil.assertBundleFile(FileTestUtil.java:151)
	at com.dotcms.publishing.PublisherAPIImplTest.publish(PublisherAPIImplTest.java:383)
	at sun.reflect.NativeMethodAccessorImpl.invoke0(Native Method)
	at sun.reflect.NativeMethodAccessorImpl.invoke(NativeMethodAccessorImpl.java:62)
	at sun.reflect.DelegatingMethodAccessorImpl.invoke(DelegatingMethodAccessorImpl.java:43)
	at java.lang.reflect.Method.invoke(Method.java:498)
	at org.junit.runners.model.FrameworkMethod$1.runReflectiveCall(FrameworkMethod.java:50)
	at org.junit.internal.runners.model.ReflectiveCallable.run(ReflectiveCallable.java:12)
	at org.junit.runners.model.FrameworkMethod.invokeExplosively(FrameworkMethod.java:47)
	at com.tngtech.java.junit.dataprovider.DataProviderFrameworkMethod.invokeExplosively(DataProviderFrameworkMethod.java:119)
	at org.junit.internal.runners.statements.InvokeMethod.evaluate(InvokeMethod.java:17)
	at org.junit.rules.TestWatcher$1.evaluate(TestWatcher.java:55)
	at org.junit.rules.RunRules.evaluate(RunRules.java:20)
	at org.junit.runners.ParentRunner.runLeaf(ParentRunner.java:325)
	at com.dotcms.junit.CustomDataProviderRunner.runChild(CustomDataProviderRunner.java:28)
	at com.dotcms.junit.CustomDataProviderRunner.runChild(CustomDataProviderRunner.java:13)
	at org.junit.runners.ParentRunner$3.run(ParentRunner.java:290)
	at org.junit.runners.ParentRunner$1.schedule(ParentRunner.java:71)
	at org.junit.runners.ParentRunner.runChildren(ParentRunner.java:288)
	at org.junit.runners.ParentRunner.access$000(ParentRunner.java:58)
	at org.junit.runners.ParentRunner$2.evaluate(ParentRunner.java:268)
	at org.junit.internal.runners.statements.RunBefores.evaluate(RunBefores.java:26)
	at org.junit.internal.runners.statements.RunAfters.evaluate(RunAfters.java:27)
	at org.junit.runners.ParentRunner.run(ParentRunner.java:363)
	at org.junit.runners.Suite.runChild(Suite.java:128)
	at org.junit.runners.Suite.runChild(Suite.java:27)
	at org.junit.runners.ParentRunner$3.run(ParentRunner.java:290)
	at org.junit.runners.ParentRunner$1.schedule(ParentRunner.java:71)
	at org.junit.runners.ParentRunner.runChildren(ParentRunner.java:288)
	at org.junit.runners.ParentRunner.access$000(ParentRunner.java:58)
	at org.junit.runners.ParentRunner$2.evaluate(ParentRunner.java:268)
	at org.junit.runners.ParentRunner.run(ParentRunner.java:363)
	at org.gradle.api.internal.tasks.testing.junit.JUnitTestClassExecutor.runTestClass(JUnitTestClassExecutor.java:106)
	at org.gradle.api.internal.tasks.testing.junit.JUnitTestClassExecutor.execute(JUnitTestClassExecutor.java:58)
	at org.gradle.api.internal.tasks.testing.junit.JUnitTestClassExecutor.execute(JUnitTestClassExecutor.java:38)
	at org.gradle.api.internal.tasks.testing.junit.AbstractJUnitTestClassProcessor.processTestClass(AbstractJUnitTestClassProcessor.java:66)
	at org.gradle.api.internal.tasks.testing.SuiteTestClassProcessor.processTestClass(SuiteTestClassProcessor.java:51)
	at sun.reflect.NativeMethodAccessorImpl.invoke0(Native Method)
	at sun.reflect.NativeMethodAccessorImpl.invoke(NativeMethodAccessorImpl.java:62)
	at sun.reflect.DelegatingMethodAccessorImpl.invoke(DelegatingMethodAccessorImpl.java:43)
	at java.lang.reflect.Method.invoke(Method.java:498)
	at org.gradle.internal.dispatch.ReflectionDispatch.dispatch(ReflectionDispatch.java:35)
	at org.gradle.internal.dispatch.ReflectionDispatch.dispatch(ReflectionDispatch.java:24)
	at org.gradle.internal.dispatch.ContextClassLoaderDispatch.dispatch(ContextClassLoaderDispatch.java:32)
	at org.gradle.internal.dispatch.ProxyDispatchAdapter$DispatchingInvocationHandler.invoke(ProxyDispatchAdapter.java:93)
	at com.sun.proxy.$Proxy2.processTestClass(Unknown Source)
	at org.gradle.api.internal.tasks.testing.worker.TestWorker.processTestClass(TestWorker.java:117)
	at sun.reflect.NativeMethodAccessorImpl.invoke0(Native Method)
	at sun.reflect.NativeMethodAccessorImpl.invoke(NativeMethodAccessorImpl.java:62)
	at sun.reflect.DelegatingMethodAccessorImpl.invoke(DelegatingMethodAccessorImpl.java:43)
	at java.lang.reflect.Method.invoke(Method.java:498)
	at org.gradle.internal.dispatch.ReflectionDispatch.dispatch(ReflectionDispatch.java:35)
	at org.gradle.internal.dispatch.ReflectionDispatch.dispatch(ReflectionDispatch.java:24)
	at org.gradle.internal.remote.internal.hub.MessageHubBackedObjectConnection$DispatchWrapper.dispatch(MessageHubBackedObjectConnection.java:155)
	at org.gradle.internal.remote.internal.hub.MessageHubBackedObjectConnection$DispatchWrapper.dispatch(MessageHubBackedObjectConnection.java:137)
	at org.gradle.internal.remote.internal.hub.MessageHub$Handler.run(MessageHub.java:404)
	at org.gradle.internal.concurrent.ExecutorPolicy$CatchAndRecordFailures.onExecute(ExecutorPolicy.java:63)
	at org.gradle.internal.concurrent.ManagedExecutorImpl$1.run(ManagedExecutorImpl.java:46)
	at java.util.concurrent.ThreadPoolExecutor.runWorker(ThreadPoolExecutor.java:1149)
	at java.util.concurrent.ThreadPoolExecutor$Worker.run(ThreadPoolExecutor.java:624)
	at org.gradle.internal.concurrent.ThreadFactoryImpl$ManagedThreadRunnable.run(ThreadFactoryImpl.java:55)
	at java.lang.Thread.run(Thread.java:748)
</pre>
</span>
</div>
</div>
<div id="tab1" class="tab">
<h2>Tests</h2>
<table>
<thead>
<tr>
<th>Test</th>
<th>Duration</th>
<th>Result</th>
</tr>
</thead>
<tr>
<td class="failures">publish[0: com.dotcms.publishing.PublisherAPIImplTest$TestCase@1f5c7712]</td>
<td class="failures">0.300s</td>
<td class="failures">failed</td>
</tr>
<tr>
<td class="failures">publish[10: com.dotcms.publishing.PublisherAPIImplTest$TestCase@113d3666]</td>
<td class="failures">0.155s</td>
<td class="failures">failed</td>
</tr>
<tr>
<td class="failures">publish[11: com.dotcms.publishing.PublisherAPIImplTest$TestCase@1f203f21]</td>
<td class="failures">0.152s</td>
<td class="failures">failed</td>
</tr>
<tr>
<td class="failures">publish[12: com.dotcms.publishing.PublisherAPIImplTest$TestCase@7649c95b]</td>
<td class="failures">0.422s</td>
<td class="failures">failed</td>
</tr>
<tr>
<td class="failures">publish[13: com.dotcms.publishing.PublisherAPIImplTest$TestCase@2c912809]</td>
<td class="failures">0.352s</td>
<td class="failures">failed</td>
</tr>
<tr>
<td class="failures">publish[14: com.dotcms.publishing.PublisherAPIImplTest$TestCase@54e7a5fb]</td>
<td class="failures">0.157s</td>
<td class="failures">failed</td>
</tr>
<tr>
<td class="success">publish[15: com.dotcms.publishing.PublisherAPIImplTest$TestCase@4aa05171]</td>
<td class="success">0.157s</td>
<td class="success">passed</td>
</tr>
<tr>
<td class="success">publish[16: com.dotcms.publishing.PublisherAPIImplTest$TestCase@729b4a6f]</td>
<td class="success">0.151s</td>
<td class="success">passed</td>
</tr>
<tr>
<td class="success">publish[17: com.dotcms.publishing.PublisherAPIImplTest$TestCase@57eff555]</td>
<td class="success">0.105s</td>
<td class="success">passed</td>
</tr>
<tr>
<td class="failures">publish[1: com.dotcms.publishing.PublisherAPIImplTest$TestCase@b3e1f36]</td>
<td class="failures">0.210s</td>
<td class="failures">failed</td>
</tr>
<tr>
<td class="failures">publish[2: com.dotcms.publishing.PublisherAPIImplTest$TestCase@3c26dfbe]</td>
<td class="failures">0.166s</td>
<td class="failures">failed</td>
</tr>
<tr>
<td class="failures">publish[3: com.dotcms.publishing.PublisherAPIImplTest$TestCase@250424bf]</td>
<td class="failures">0.608s</td>
<td class="failures">failed</td>
</tr>
<tr>
<td class="failures">publish[4: com.dotcms.publishing.PublisherAPIImplTest$TestCase@591c33ea]</td>
<td class="failures">0.732s</td>
<td class="failures">failed</td>
</tr>
<tr>
<td class="failures">publish[5: com.dotcms.publishing.PublisherAPIImplTest$TestCase@22205050]</td>
<td class="failures">0.185s</td>
<td class="failures">failed</td>
</tr>
<tr>
<td class="success">publish[6: com.dotcms.publishing.PublisherAPIImplTest$TestCase@28f1b085]</td>
<td class="success">0.219s</td>
<td class="success">passed</td>
</tr>
<tr>
<td class="success">publish[7: com.dotcms.publishing.PublisherAPIImplTest$TestCase@2c5458f8]</td>
<td class="success">0.191s</td>
<td class="success">passed</td>
</tr>
<tr>
<td class="success">publish[8: com.dotcms.publishing.PublisherAPIImplTest$TestCase@146fbdfb]</td>
<td class="success">0.176s</td>
<td class="success">passed</td>
</tr>
<tr>
<td class="failures">publish[9: com.dotcms.publishing.PublisherAPIImplTest$TestCase@346dddf6]</td>
<td class="failures">0.201s</td>
<td class="failures">failed</td>
</tr>
</table>
</div>
<div id="tab2" class="tab">
<h2>Standard output</h2>
<span class="code">
<pre>

















</pre>
</span>
</div>
</div>
<div id="footer">
<p>
<div>
<label class="hidden" id="label-for-line-wrapping-toggle" for="line-wrapping-toggle">Wrap lines
<input id="line-wrapping-toggle" type="checkbox" autocomplete="off"/>
</label>
</div>Generated by 
<a href="http://www.gradle.org">Gradle 4.10.2</a> at Mar 2, 2021 6:21:31 PM</p>
</div>
</div>
</body>
</html>
