<!DOCTYPE html>
<html>
<head>
<meta http-equiv="Content-Type" content="text/html; charset=utf-8"/>
<meta http-equiv="x-ua-compatible" content="IE=edge"/>
<title>Test results - Class com.dotcms.rendering.velocity.viewtools.navigation.NavToolTest</title>
<link href="../css/base-style.css" rel="stylesheet" type="text/css"/>
<link href="../css/style.css" rel="stylesheet" type="text/css"/>
<script src="../js/report.js" type="text/javascript"></script>
</head>
<body>
<div id="content">
<h1>Class com.dotcms.rendering.velocity.viewtools.navigation.NavToolTest</h1>
<div class="breadcrumbs">
<a href="../index.html">all</a> &gt; 
<a href="../packages/com.dotcms.rendering.velocity.viewtools.navigation.html">com.dotcms.rendering.velocity.viewtools.navigation</a> &gt; NavToolTest</div>
<div id="summary">
<table>
<tr>
<td>
<div class="summaryGroup">
<table>
<tr>
<td>
<div class="infoBox" id="tests">
<div class="counter">12</div>
<p>tests</p>
</div>
</td>
<td>
<div class="infoBox" id="failures">
<div class="counter">2</div>
<p>failures</p>
</div>
</td>
<td>
<div class="infoBox" id="ignored">
<div class="counter">0</div>
<p>ignored</p>
</div>
</td>
<td>
<div class="infoBox" id="duration">
<div class="counter">20.284s</div>
<p>duration</p>
</div>
</td>
</tr>
</table>
</div>
</td>
<td>
<div class="infoBox failures" id="successRate">
<div class="percent">83%</div>
<p>successful</p>
</div>
</td>
</tr>
</table>
</div>
<div id="tabs">
<ul class="tabLinks">
<li>
<a href="#tab0">Failed tests</a>
</li>
<li>
<a href="#tab1">Tests</a>
</li>
<li>
<a href="#tab2">Standard output</a>
</li>
</ul>
<div id="tab0" class="tab">
<h2>Failed tests</h2>
<div class="test">
<a name="testFolderDefaultPageToLanguageFalse"></a>
<h3 class="failures">testFolderDefaultPageToLanguageFalse</h3>
<span class="code">
<pre>java.lang.RuntimeException: com.dotmarketing.exception.DotDataException: ERROR: duplicate key value violates unique constraint &quot;inode_pkey&quot;
  Detail: Key (inode)=(5eb6445d-1fe0-4b5c-b4bb-4c460829a13b) already exists.{
  &quot;SQL&quot;: [&quot;INSERT INTO inode(inode, owner, idate, type) VALUES (?, ?, ?, ?)&quot;],
  &quot;maxRows&quot;: [-1],
  &quot;offest&quot;: [0],
  &quot;params&quot;: [
    &quot;5eb6445d-1fe0-4b5c-b4bb-4c460829a13b&quot;,
    &quot;system&quot;,
    &quot;2021-03-10 22:47:37.767&quot;,
    &quot;contentlet&quot;
  ]
}
	at com.dotcms.datagen.ContentletDataGen.checkin(ContentletDataGen.java:269)
	at com.dotcms.datagen.ContentletDataGen.persist(ContentletDataGen.java:189)
	at com.dotcms.datagen.HTMLPageDataGen.nextPersisted(HTMLPageDataGen.java:216)
	at com.dotcms.rendering.velocity.viewtools.navigation.NavToolTest.createData(NavToolTest.java:165)
	at com.dotcms.rendering.velocity.viewtools.navigation.NavToolTest.testFolderDefaultPageToLanguageFalse(NavToolTest.java:122)
	at sun.reflect.NativeMethodAccessorImpl.invoke0(Native Method)
	at sun.reflect.NativeMethodAccessorImpl.invoke(NativeMethodAccessorImpl.java:62)
	at sun.reflect.DelegatingMethodAccessorImpl.invoke(DelegatingMethodAccessorImpl.java:43)
	at java.lang.reflect.Method.invoke(Method.java:498)
	at org.junit.runners.model.FrameworkMethod$1.runReflectiveCall(FrameworkMethod.java:50)
	at org.junit.internal.runners.model.ReflectiveCallable.run(ReflectiveCallable.java:12)
	at org.junit.runners.model.FrameworkMethod.invokeExplosively(FrameworkMethod.java:47)
	at org.junit.internal.runners.statements.InvokeMethod.evaluate(InvokeMethod.java:17)
	at org.junit.internal.runners.statements.RunBefores.evaluate(RunBefores.java:26)
	at org.junit.internal.runners.statements.RunAfters.evaluate(RunAfters.java:27)
	at org.junit.rules.TestWatcher$1.evaluate(TestWatcher.java:55)
	at org.junit.rules.RunRules.evaluate(RunRules.java:20)
	at org.junit.runners.ParentRunner.runLeaf(ParentRunner.java:325)
	at com.dotcms.junit.CustomDataProviderRunner.runChild(CustomDataProviderRunner.java:28)
	at com.dotcms.junit.CustomDataProviderRunner.runChild(CustomDataProviderRunner.java:13)
	at org.junit.runners.ParentRunner$3.run(ParentRunner.java:290)
	at org.junit.runners.ParentRunner$1.schedule(ParentRunner.java:71)
	at org.junit.runners.ParentRunner.runChildren(ParentRunner.java:288)
	at org.junit.runners.ParentRunner.access$000(ParentRunner.java:58)
	at org.junit.runners.ParentRunner$2.evaluate(ParentRunner.java:268)
	at org.junit.internal.runners.statements.RunBefores.evaluate(RunBefores.java:26)
	at org.junit.internal.runners.statements.RunAfters.evaluate(RunAfters.java:27)
	at org.junit.runners.ParentRunner.run(ParentRunner.java:363)
	at org.junit.runners.Suite.runChild(Suite.java:128)
	at org.junit.runners.Suite.runChild(Suite.java:27)
	at org.junit.runners.ParentRunner$3.run(ParentRunner.java:290)
	at org.junit.runners.ParentRunner$1.schedule(ParentRunner.java:71)
	at org.junit.runners.ParentRunner.runChildren(ParentRunner.java:288)
	at org.junit.runners.ParentRunner.access$000(ParentRunner.java:58)
	at org.junit.runners.ParentRunner$2.evaluate(ParentRunner.java:268)
	at org.junit.runners.ParentRunner.run(ParentRunner.java:363)
	at org.gradle.api.internal.tasks.testing.junit.JUnitTestClassExecutor.runTestClass(JUnitTestClassExecutor.java:106)
	at org.gradle.api.internal.tasks.testing.junit.JUnitTestClassExecutor.execute(JUnitTestClassExecutor.java:58)
	at org.gradle.api.internal.tasks.testing.junit.JUnitTestClassExecutor.execute(JUnitTestClassExecutor.java:38)
	at org.gradle.api.internal.tasks.testing.junit.AbstractJUnitTestClassProcessor.processTestClass(AbstractJUnitTestClassProcessor.java:66)
	at org.gradle.api.internal.tasks.testing.SuiteTestClassProcessor.processTestClass(SuiteTestClassProcessor.java:51)
	at sun.reflect.NativeMethodAccessorImpl.invoke0(Native Method)
	at sun.reflect.NativeMethodAccessorImpl.invoke(NativeMethodAccessorImpl.java:62)
	at sun.reflect.DelegatingMethodAccessorImpl.invoke(DelegatingMethodAccessorImpl.java:43)
	at java.lang.reflect.Method.invoke(Method.java:498)
	at org.gradle.internal.dispatch.ReflectionDispatch.dispatch(ReflectionDispatch.java:35)
	at org.gradle.internal.dispatch.ReflectionDispatch.dispatch(ReflectionDispatch.java:24)
	at org.gradle.internal.dispatch.ContextClassLoaderDispatch.dispatch(ContextClassLoaderDispatch.java:32)
	at org.gradle.internal.dispatch.ProxyDispatchAdapter$DispatchingInvocationHandler.invoke(ProxyDispatchAdapter.java:93)
	at com.sun.proxy.$Proxy2.processTestClass(Unknown Source)
	at org.gradle.api.internal.tasks.testing.worker.TestWorker.processTestClass(TestWorker.java:117)
	at sun.reflect.NativeMethodAccessorImpl.invoke0(Native Method)
	at sun.reflect.NativeMethodAccessorImpl.invoke(NativeMethodAccessorImpl.java:62)
	at sun.reflect.DelegatingMethodAccessorImpl.invoke(DelegatingMethodAccessorImpl.java:43)
	at java.lang.reflect.Method.invoke(Method.java:498)
	at org.gradle.internal.dispatch.ReflectionDispatch.dispatch(ReflectionDispatch.java:35)
	at org.gradle.internal.dispatch.ReflectionDispatch.dispatch(ReflectionDispatch.java:24)
	at org.gradle.internal.remote.internal.hub.MessageHubBackedObjectConnection$DispatchWrapper.dispatch(MessageHubBackedObjectConnection.java:155)
	at org.gradle.internal.remote.internal.hub.MessageHubBackedObjectConnection$DispatchWrapper.dispatch(MessageHubBackedObjectConnection.java:137)
	at org.gradle.internal.remote.internal.hub.MessageHub$Handler.run(MessageHub.java:404)
	at org.gradle.internal.concurrent.ExecutorPolicy$CatchAndRecordFailures.onExecute(ExecutorPolicy.java:63)
	at org.gradle.internal.concurrent.ManagedExecutorImpl$1.run(ManagedExecutorImpl.java:46)
	at java.util.concurrent.ThreadPoolExecutor.runWorker(ThreadPoolExecutor.java:1149)
	at java.util.concurrent.ThreadPoolExecutor$Worker.run(ThreadPoolExecutor.java:624)
	at org.gradle.internal.concurrent.ThreadFactoryImpl$ManagedThreadRunnable.run(ThreadFactoryImpl.java:55)
	at java.lang.Thread.run(Thread.java:748)
Caused by: com.dotmarketing.exception.DotDataException: ERROR: duplicate key value violates unique constraint &quot;inode_pkey&quot;
  Detail: Key (inode)=(5eb6445d-1fe0-4b5c-b4bb-4c460829a13b) already exists.{
  &quot;SQL&quot;: [&quot;INSERT INTO inode(inode, owner, idate, type) VALUES (?, ?, ?, ?)&quot;],
  &quot;maxRows&quot;: [-1],
  &quot;offest&quot;: [0],
  &quot;params&quot;: [
    &quot;5eb6445d-1fe0-4b5c-b4bb-4c460829a13b&quot;,
    &quot;system&quot;,
    &quot;2021-03-10 22:47:37.767&quot;,
    &quot;contentlet&quot;
  ]
}
	at com.dotmarketing.common.db.DotConnect.loadResult(DotConnect.java:273)
	at com.dotcms.content.elasticsearch.business.ESContentFactoryImpl.createNewInode(ESContentFactoryImpl.java:2048)
	at com.dotcms.content.elasticsearch.business.ESContentFactoryImpl.save(ESContentFactoryImpl.java:1990)
	at com.dotcms.content.elasticsearch.business.ESContentFactoryImpl.save(ESContentFactoryImpl.java:1940)
	at com.dotcms.content.elasticsearch.business.ESContentletAPIImpl.internalCheckin(ESContentletAPIImpl.java:4698)
	at com.dotcms.content.elasticsearch.business.ESContentletAPIImpl.lambda$45(ESContentletAPIImpl.java:4180)
	at com.dotcms.concurrent.lock.StripedLockImpl.tryLock(StripedLockImpl.java:100)
	at com.dotcms.concurrent.lock.StripedLockImpl.tryLock(StripedLockImpl.java:55)
	at com.dotcms.concurrent.lock.IdentifierStripedLock.tryLock(IdentifierStripedLock.java:16)
	at com.dotcms.content.elasticsearch.business.ESContentletAPIImpl.checkin_aroundBody144(ESContentletAPIImpl.java:4179)
	at com.dotcms.content.elasticsearch.business.ESContentletAPIImpl$AjcClosure145.run(ESContentletAPIImpl.java:1)
	at org.aspectj.runtime.reflect.JoinPointImpl.proceed(JoinPointImpl.java:149)
	at com.dotcms.aspects.aspectj.AspectJDelegateMethodInvocation.proceed(AspectJDelegateMethodInvocation.java:42)
	at com.dotmarketing.db.LocalTransaction.wrapReturnWithListeners(LocalTransaction.java:59)
	at com.dotcms.aspects.interceptors.WrapInTransactionMethodInterceptor.invoke(WrapInTransactionMethodInterceptor.java:23)
	at com.dotcms.aspects.aspectj.WrapInTransactionAspect.invoke(WrapInTransactionAspect.java:41)
	at com.dotcms.content.elasticsearch.business.ESContentletAPIImpl.checkin(ESContentletAPIImpl.java:4138)
	at com.dotcms.content.elasticsearch.business.ESContentletAPIImpl.checkin(ESContentletAPIImpl.java:8303)
	at com.dotcms.content.elasticsearch.business.ESContentletAPIImpl.checkin_aroundBody134(ESContentletAPIImpl.java:4049)
	at com.dotcms.content.elasticsearch.business.ESContentletAPIImpl$AjcClosure135.run(ESContentletAPIImpl.java:1)
	at org.aspectj.runtime.reflect.JoinPointImpl.proceed(JoinPointImpl.java:149)
	at com.dotcms.aspects.aspectj.AspectJDelegateMethodInvocation.proceed(AspectJDelegateMethodInvocation.java:42)
	at com.dotcms.aspects.interceptors.CloseDBIfOpenedMethodInterceptor.invoke(CloseDBIfOpenedMethodInterceptor.java:29)
	at com.dotcms.aspects.aspectj.CloseDBIfOpenedAspect.invoke(CloseDBIfOpenedAspect.java:41)
	at com.dotcms.content.elasticsearch.business.ESContentletAPIImpl.checkin(ESContentletAPIImpl.java:4044)
	at com.dotmarketing.portlets.contentlet.business.ContentletAPIInterceptor.checkin(ContentletAPIInterceptor.java:258)
	at com.dotcms.datagen.ContentletDataGen.checkin(ContentletDataGen.java:267)
	... 65 more
Caused by: org.postgresql.util.PSQLException: ERROR: duplicate key value violates unique constraint &quot;inode_pkey&quot;
  Detail: Key (inode)=(5eb6445d-1fe0-4b5c-b4bb-4c460829a13b) already exists.
	at org.postgresql.core.v3.QueryExecutorImpl.receiveErrorResponse(QueryExecutorImpl.java:2497)
	at org.postgresql.core.v3.QueryExecutorImpl.processResults(QueryExecutorImpl.java:2233)
	at org.postgresql.core.v3.QueryExecutorImpl.execute(QueryExecutorImpl.java:310)
	at org.postgresql.jdbc.PgStatement.executeInternal(PgStatement.java:446)
	at org.postgresql.jdbc.PgStatement.execute(PgStatement.java:370)
	at org.postgresql.jdbc.PgPreparedStatement.executeWithFlags(PgPreparedStatement.java:149)
	at org.postgresql.jdbc.PgPreparedStatement.execute(PgPreparedStatement.java:138)
	at com.zaxxer.hikari.pool.ProxyPreparedStatement.execute(ProxyPreparedStatement.java:44)
	at com.zaxxer.hikari.pool.HikariProxyPreparedStatement.execute(HikariProxyPreparedStatement.java)
	at com.dotmarketing.common.db.DotConnect.executeQuery(DotConnect.java:619)
	at com.dotmarketing.common.db.DotConnect.executeQuery(DotConnect.java:532)
	at com.dotmarketing.common.db.DotConnect.loadResult(DotConnect.java:271)
	... 91 more
</pre>
</span>
</div>
<div class="test">
<a name="testFolderDefaultPageToLanguageTrue"></a>
<h3 class="failures">testFolderDefaultPageToLanguageTrue</h3>
<span class="code">
<pre>java.lang.RuntimeException: com.dotmarketing.exception.DotDataException: ERROR: duplicate key value violates unique constraint &quot;inode_pkey&quot;
  Detail: Key (inode)=(44d0c819-cfac-48d0-8a6d-cfeef906e941) already exists.{
  &quot;SQL&quot;: [&quot;INSERT INTO inode(inode, owner, idate, type) VALUES (?, ?, ?, ?)&quot;],
  &quot;maxRows&quot;: [-1],
  &quot;offest&quot;: [0],
  &quot;params&quot;: [
    &quot;44d0c819-cfac-48d0-8a6d-cfeef906e941&quot;,
    &quot;system&quot;,
    &quot;2021-03-10 22:47:38.942&quot;,
    &quot;contentlet&quot;
  ]
}
	at com.dotcms.datagen.ContentletDataGen.checkin(ContentletDataGen.java:269)
	at com.dotcms.datagen.ContentletDataGen.persist(ContentletDataGen.java:189)
	at com.dotcms.datagen.HTMLPageDataGen.nextPersisted(HTMLPageDataGen.java:216)
	at com.dotcms.rendering.velocity.viewtools.navigation.NavToolTest.createData(NavToolTest.java:167)
	at com.dotcms.rendering.velocity.viewtools.navigation.NavToolTest.testFolderDefaultPageToLanguageTrue(NavToolTest.java:93)
	at sun.reflect.NativeMethodAccessorImpl.invoke0(Native Method)
	at sun.reflect.NativeMethodAccessorImpl.invoke(NativeMethodAccessorImpl.java:62)
	at sun.reflect.DelegatingMethodAccessorImpl.invoke(DelegatingMethodAccessorImpl.java:43)
	at java.lang.reflect.Method.invoke(Method.java:498)
	at org.junit.runners.model.FrameworkMethod$1.runReflectiveCall(FrameworkMethod.java:50)
	at org.junit.internal.runners.model.ReflectiveCallable.run(ReflectiveCallable.java:12)
	at org.junit.runners.model.FrameworkMethod.invokeExplosively(FrameworkMethod.java:47)
	at org.junit.internal.runners.statements.InvokeMethod.evaluate(InvokeMethod.java:17)
	at org.junit.internal.runners.statements.RunBefores.evaluate(RunBefores.java:26)
	at org.junit.internal.runners.statements.RunAfters.evaluate(RunAfters.java:27)
	at org.junit.rules.TestWatcher$1.evaluate(TestWatcher.java:55)
	at org.junit.rules.RunRules.evaluate(RunRules.java:20)
	at org.junit.runners.ParentRunner.runLeaf(ParentRunner.java:325)
	at com.dotcms.junit.CustomDataProviderRunner.runChild(CustomDataProviderRunner.java:28)
	at com.dotcms.junit.CustomDataProviderRunner.runChild(CustomDataProviderRunner.java:13)
	at org.junit.runners.ParentRunner$3.run(ParentRunner.java:290)
	at org.junit.runners.ParentRunner$1.schedule(ParentRunner.java:71)
	at org.junit.runners.ParentRunner.runChildren(ParentRunner.java:288)
	at org.junit.runners.ParentRunner.access$000(ParentRunner.java:58)
	at org.junit.runners.ParentRunner$2.evaluate(ParentRunner.java:268)
	at org.junit.internal.runners.statements.RunBefores.evaluate(RunBefores.java:26)
	at org.junit.internal.runners.statements.RunAfters.evaluate(RunAfters.java:27)
	at org.junit.runners.ParentRunner.run(ParentRunner.java:363)
	at org.junit.runners.Suite.runChild(Suite.java:128)
	at org.junit.runners.Suite.runChild(Suite.java:27)
	at org.junit.runners.ParentRunner$3.run(ParentRunner.java:290)
	at org.junit.runners.ParentRunner$1.schedule(ParentRunner.java:71)
	at org.junit.runners.ParentRunner.runChildren(ParentRunner.java:288)
	at org.junit.runners.ParentRunner.access$000(ParentRunner.java:58)
	at org.junit.runners.ParentRunner$2.evaluate(ParentRunner.java:268)
	at org.junit.runners.ParentRunner.run(ParentRunner.java:363)
	at org.gradle.api.internal.tasks.testing.junit.JUnitTestClassExecutor.runTestClass(JUnitTestClassExecutor.java:106)
	at org.gradle.api.internal.tasks.testing.junit.JUnitTestClassExecutor.execute(JUnitTestClassExecutor.java:58)
	at org.gradle.api.internal.tasks.testing.junit.JUnitTestClassExecutor.execute(JUnitTestClassExecutor.java:38)
	at org.gradle.api.internal.tasks.testing.junit.AbstractJUnitTestClassProcessor.processTestClass(AbstractJUnitTestClassProcessor.java:66)
	at org.gradle.api.internal.tasks.testing.SuiteTestClassProcessor.processTestClass(SuiteTestClassProcessor.java:51)
	at sun.reflect.NativeMethodAccessorImpl.invoke0(Native Method)
	at sun.reflect.NativeMethodAccessorImpl.invoke(NativeMethodAccessorImpl.java:62)
	at sun.reflect.DelegatingMethodAccessorImpl.invoke(DelegatingMethodAccessorImpl.java:43)
	at java.lang.reflect.Method.invoke(Method.java:498)
	at org.gradle.internal.dispatch.ReflectionDispatch.dispatch(ReflectionDispatch.java:35)
	at org.gradle.internal.dispatch.ReflectionDispatch.dispatch(ReflectionDispatch.java:24)
	at org.gradle.internal.dispatch.ContextClassLoaderDispatch.dispatch(ContextClassLoaderDispatch.java:32)
	at org.gradle.internal.dispatch.ProxyDispatchAdapter$DispatchingInvocationHandler.invoke(ProxyDispatchAdapter.java:93)
	at com.sun.proxy.$Proxy2.processTestClass(Unknown Source)
	at org.gradle.api.internal.tasks.testing.worker.TestWorker.processTestClass(TestWorker.java:117)
	at sun.reflect.NativeMethodAccessorImpl.invoke0(Native Method)
	at sun.reflect.NativeMethodAccessorImpl.invoke(NativeMethodAccessorImpl.java:62)
	at sun.reflect.DelegatingMethodAccessorImpl.invoke(DelegatingMethodAccessorImpl.java:43)
	at java.lang.reflect.Method.invoke(Method.java:498)
	at org.gradle.internal.dispatch.ReflectionDispatch.dispatch(ReflectionDispatch.java:35)
	at org.gradle.internal.dispatch.ReflectionDispatch.dispatch(ReflectionDispatch.java:24)
	at org.gradle.internal.remote.internal.hub.MessageHubBackedObjectConnection$DispatchWrapper.dispatch(MessageHubBackedObjectConnection.java:155)
	at org.gradle.internal.remote.internal.hub.MessageHubBackedObjectConnection$DispatchWrapper.dispatch(MessageHubBackedObjectConnection.java:137)
	at org.gradle.internal.remote.internal.hub.MessageHub$Handler.run(MessageHub.java:404)
	at org.gradle.internal.concurrent.ExecutorPolicy$CatchAndRecordFailures.onExecute(ExecutorPolicy.java:63)
	at org.gradle.internal.concurrent.ManagedExecutorImpl$1.run(ManagedExecutorImpl.java:46)
	at java.util.concurrent.ThreadPoolExecutor.runWorker(ThreadPoolExecutor.java:1149)
	at java.util.concurrent.ThreadPoolExecutor$Worker.run(ThreadPoolExecutor.java:624)
	at org.gradle.internal.concurrent.ThreadFactoryImpl$ManagedThreadRunnable.run(ThreadFactoryImpl.java:55)
	at java.lang.Thread.run(Thread.java:748)
Caused by: com.dotmarketing.exception.DotDataException: ERROR: duplicate key value violates unique constraint &quot;inode_pkey&quot;
  Detail: Key (inode)=(44d0c819-cfac-48d0-8a6d-cfeef906e941) already exists.{
  &quot;SQL&quot;: [&quot;INSERT INTO inode(inode, owner, idate, type) VALUES (?, ?, ?, ?)&quot;],
  &quot;maxRows&quot;: [-1],
  &quot;offest&quot;: [0],
  &quot;params&quot;: [
    &quot;44d0c819-cfac-48d0-8a6d-cfeef906e941&quot;,
    &quot;system&quot;,
    &quot;2021-03-10 22:47:38.942&quot;,
    &quot;contentlet&quot;
  ]
}
	at com.dotmarketing.common.db.DotConnect.loadResult(DotConnect.java:273)
	at com.dotcms.content.elasticsearch.business.ESContentFactoryImpl.createNewInode(ESContentFactoryImpl.java:2048)
	at com.dotcms.content.elasticsearch.business.ESContentFactoryImpl.save(ESContentFactoryImpl.java:1990)
	at com.dotcms.content.elasticsearch.business.ESContentFactoryImpl.save(ESContentFactoryImpl.java:1940)
	at com.dotcms.content.elasticsearch.business.ESContentletAPIImpl.internalCheckin(ESContentletAPIImpl.java:4698)
	at com.dotcms.content.elasticsearch.business.ESContentletAPIImpl.lambda$45(ESContentletAPIImpl.java:4180)
	at com.dotcms.concurrent.lock.StripedLockImpl.tryLock(StripedLockImpl.java:100)
	at com.dotcms.concurrent.lock.StripedLockImpl.tryLock(StripedLockImpl.java:55)
	at com.dotcms.concurrent.lock.IdentifierStripedLock.tryLock(IdentifierStripedLock.java:16)
	at com.dotcms.content.elasticsearch.business.ESContentletAPIImpl.checkin_aroundBody144(ESContentletAPIImpl.java:4179)
	at com.dotcms.content.elasticsearch.business.ESContentletAPIImpl$AjcClosure145.run(ESContentletAPIImpl.java:1)
	at org.aspectj.runtime.reflect.JoinPointImpl.proceed(JoinPointImpl.java:149)
	at com.dotcms.aspects.aspectj.AspectJDelegateMethodInvocation.proceed(AspectJDelegateMethodInvocation.java:42)
	at com.dotmarketing.db.LocalTransaction.wrapReturnWithListeners(LocalTransaction.java:59)
	at com.dotcms.aspects.interceptors.WrapInTransactionMethodInterceptor.invoke(WrapInTransactionMethodInterceptor.java:23)
	at com.dotcms.aspects.aspectj.WrapInTransactionAspect.invoke(WrapInTransactionAspect.java:41)
	at com.dotcms.content.elasticsearch.business.ESContentletAPIImpl.checkin(ESContentletAPIImpl.java:4138)
	at com.dotcms.content.elasticsearch.business.ESContentletAPIImpl.checkin(ESContentletAPIImpl.java:8303)
	at com.dotcms.content.elasticsearch.business.ESContentletAPIImpl.checkin_aroundBody134(ESContentletAPIImpl.java:4049)
	at com.dotcms.content.elasticsearch.business.ESContentletAPIImpl$AjcClosure135.run(ESContentletAPIImpl.java:1)
	at org.aspectj.runtime.reflect.JoinPointImpl.proceed(JoinPointImpl.java:149)
	at com.dotcms.aspects.aspectj.AspectJDelegateMethodInvocation.proceed(AspectJDelegateMethodInvocation.java:42)
	at com.dotcms.aspects.interceptors.CloseDBIfOpenedMethodInterceptor.invoke(CloseDBIfOpenedMethodInterceptor.java:29)
	at com.dotcms.aspects.aspectj.CloseDBIfOpenedAspect.invoke(CloseDBIfOpenedAspect.java:41)
	at com.dotcms.content.elasticsearch.business.ESContentletAPIImpl.checkin(ESContentletAPIImpl.java:4044)
	at com.dotmarketing.portlets.contentlet.business.ContentletAPIInterceptor.checkin(ContentletAPIInterceptor.java:258)
	at com.dotcms.datagen.ContentletDataGen.checkin(ContentletDataGen.java:267)
	... 65 more
Caused by: org.postgresql.util.PSQLException: ERROR: duplicate key value violates unique constraint &quot;inode_pkey&quot;
  Detail: Key (inode)=(44d0c819-cfac-48d0-8a6d-cfeef906e941) already exists.
	at org.postgresql.core.v3.QueryExecutorImpl.receiveErrorResponse(QueryExecutorImpl.java:2497)
	at org.postgresql.core.v3.QueryExecutorImpl.processResults(QueryExecutorImpl.java:2233)
	at org.postgresql.core.v3.QueryExecutorImpl.execute(QueryExecutorImpl.java:310)
	at org.postgresql.jdbc.PgStatement.executeInternal(PgStatement.java:446)
	at org.postgresql.jdbc.PgStatement.execute(PgStatement.java:370)
	at org.postgresql.jdbc.PgPreparedStatement.executeWithFlags(PgPreparedStatement.java:149)
	at org.postgresql.jdbc.PgPreparedStatement.execute(PgPreparedStatement.java:138)
	at com.zaxxer.hikari.pool.ProxyPreparedStatement.execute(ProxyPreparedStatement.java:44)
	at com.zaxxer.hikari.pool.HikariProxyPreparedStatement.execute(HikariProxyPreparedStatement.java)
	at com.dotmarketing.common.db.DotConnect.executeQuery(DotConnect.java:619)
	at com.dotmarketing.common.db.DotConnect.executeQuery(DotConnect.java:532)
	at com.dotmarketing.common.db.DotConnect.loadResult(DotConnect.java:271)
	... 91 more
</pre>
</span>
</div>
</div>
<div id="tab1" class="tab">
<h2>Tests</h2>
<table>
<thead>
<tr>
<th>Test</th>
<th>Duration</th>
<th>Result</th>
</tr>
</thead>
<tr>
<td class="failures">testFolderDefaultPageToLanguageFalse</td>
<td class="failures">0.839s</td>
<td class="failures">failed</td>
</tr>
<tr>
<td class="failures">testFolderDefaultPageToLanguageTrue</td>
<td class="failures">1.149s</td>
<td class="failures">failed</td>
</tr>
<tr>
<td class="success">testNavTool_getNav_SystemFolder_ShouldNotChangeSystemFolderHostId</td>
<td class="success">3.116s</td>
<td class="success">passed</td>
</tr>
<tr>
<td class="success">testNavTool_rootLevel_returnItemsOnlyForSite</td>
<td class="success">6.071s</td>
<td class="success">passed</td>
</tr>
<tr>
<td class="success">testRootLevelNavigation_WhenOneFileAssetIsShownOnMenu</td>
<td class="success">6.092s</td>
<td class="success">passed</td>
</tr>
<tr>
<td class="success">testShouldAddFileInAnotherLang[0: com.dotcms.rendering.velocity.viewtools.navigation.NavToolTest$NavToolTestCase@ad95987]</td>
<td class="success">0s</td>
<td class="success">passed</td>
</tr>
<tr>
<td class="success">testShouldAddFileInAnotherLang[1: com.dotcms.rendering.velocity.viewtools.navigation.NavToolTest$NavToolTestCase@3279efc]</td>
<td class="success">0s</td>
<td class="success">passed</td>
</tr>
<tr>
<td class="success">testShouldAddFileInAnotherLang[2: com.dotcms.rendering.velocity.viewtools.navigation.NavToolTest$NavToolTestCase@7337497a]</td>
<td class="success">0s</td>
<td class="success">passed</td>
</tr>
<tr>
<td class="success">testShouldAddFileInAnotherLang[3: com.dotcms.rendering.velocity.viewtools.navigation.NavToolTest$NavToolTestCase@2a768187]</td>
<td class="success">0s</td>
<td class="success">passed</td>
</tr>
<tr>
<td class="success">testShouldAddFileInAnotherLang[4: com.dotcms.rendering.velocity.viewtools.navigation.NavToolTest$NavToolTestCase@6aa3e02f]</td>
<td class="success">0s</td>
<td class="success">passed</td>
</tr>
<tr>
<td class="success">test_getNavLevelAsParameter</td>
<td class="success">1.531s</td>
<td class="success">passed</td>
</tr>
<tr>
<td class="success">test_getNavWithoutParameters</td>
<td class="success">1.486s</td>
<td class="success">passed</td>
</tr>
</table>
</div>
<div id="tab2" class="tab">
<h2>Standard output</h2>
<span class="code">
<pre>





</pre>
</span>
</div>
</div>
<div id="footer">
<p>
<div>
<label class="hidden" id="label-for-line-wrapping-toggle" for="line-wrapping-toggle">Wrap lines
<input id="line-wrapping-toggle" type="checkbox" autocomplete="off"/>
</label>
</div>Generated by 
<a href="http://www.gradle.org">Gradle 4.10.2</a> at Mar 10, 2021 11:40:42 PM</p>
</div>
</div>
</body>
</html>
