<!DOCTYPE html>
<html>
<head>
<meta http-equiv="Content-Type" content="text/html; charset=utf-8"/>
<meta http-equiv="x-ua-compatible" content="IE=edge"/>
<title>Test results - Class com.dotcms.rendering.velocity.viewtools.content.util.ContentUtilsTest</title>
<link href="../css/base-style.css" rel="stylesheet" type="text/css"/>
<link href="../css/style.css" rel="stylesheet" type="text/css"/>
<script src="../js/report.js" type="text/javascript"></script>
</head>
<body>
<div id="content">
<h1>Class com.dotcms.rendering.velocity.viewtools.content.util.ContentUtilsTest</h1>
<div class="breadcrumbs">
<a href="../index.html">all</a> &gt; 
<a href="../packages/com.dotcms.rendering.velocity.viewtools.content.util.html">com.dotcms.rendering.velocity.viewtools.content.util</a> &gt; ContentUtilsTest</div>
<div id="summary">
<table>
<tr>
<td>
<div class="summaryGroup">
<table>
<tr>
<td>
<div class="infoBox" id="tests">
<div class="counter">86</div>
<p>tests</p>
</div>
</td>
<td>
<div class="infoBox" id="failures">
<div class="counter">1</div>
<p>failures</p>
</div>
</td>
<td>
<div class="infoBox" id="ignored">
<div class="counter">0</div>
<p>ignored</p>
</div>
</td>
<td>
<div class="infoBox" id="duration">
<div class="counter">5m16.98s</div>
<p>duration</p>
</div>
</td>
</tr>
</table>
</div>
</td>
<td>
<div class="infoBox failures" id="successRate">
<div class="percent">98%</div>
<p>successful</p>
</div>
</td>
</tr>
</table>
</div>
<div id="tabs">
<ul class="tabLinks">
<li>
<a href="#tab0">Failed tests</a>
</li>
<li>
<a href="#tab1">Tests</a>
</li>
</ul>
<div id="tab0" class="tab">
<h2>Failed tests</h2>
<div class="test">
<a name="testPullRelated[10: com.dotcms.rendering.velocity.viewtools.content.util.ContentUtilsTest$TestCase@44889099]"></a>
<h3 class="failures">testPullRelated[10: com.dotcms.rendering.velocity.viewtools.content.util.ContentUtilsTest$TestCase@44889099]</h3>
<span class="code">
<pre>com.dotmarketing.exception.DotHibernateException: Unable to close Hibernate Session 
	at com.dotmarketing.db.HibernateUtil.commitTransaction(HibernateUtil.java:1158)
	at com.dotmarketing.db.LocalTransaction.wrapReturnWithListeners(LocalTransaction.java:62)
	at com.dotcms.aspects.interceptors.WrapInTransactionMethodInterceptor.invoke(WrapInTransactionMethodInterceptor.java:23)
	at com.dotcms.aspects.aspectj.WrapInTransactionAspect.invoke(WrapInTransactionAspect.java:41)
	at com.dotcms.contenttype.business.ContentTypeAPIImpl.delete(ContentTypeAPIImpl.java:81)
	at com.dotcms.rendering.velocity.viewtools.content.util.ContentUtilsTest.testPullRelated(ContentUtilsTest.java:376)
	at sun.reflect.NativeMethodAccessorImpl.invoke0(Native Method)
	at sun.reflect.NativeMethodAccessorImpl.invoke(NativeMethodAccessorImpl.java:62)
	at sun.reflect.DelegatingMethodAccessorImpl.invoke(DelegatingMethodAccessorImpl.java:43)
	at java.lang.reflect.Method.invoke(Method.java:498)
	at org.junit.runners.model.FrameworkMethod$1.runReflectiveCall(FrameworkMethod.java:50)
	at org.junit.internal.runners.model.ReflectiveCallable.run(ReflectiveCallable.java:12)
	at org.junit.runners.model.FrameworkMethod.invokeExplosively(FrameworkMethod.java:47)
	at com.tngtech.java.junit.dataprovider.DataProviderFrameworkMethod.invokeExplosively(DataProviderFrameworkMethod.java:119)
	at org.junit.internal.runners.statements.InvokeMethod.evaluate(InvokeMethod.java:17)
	at org.junit.rules.TestWatcher$1.evaluate(TestWatcher.java:55)
	at org.junit.rules.RunRules.evaluate(RunRules.java:20)
	at org.junit.runners.ParentRunner.runLeaf(ParentRunner.java:325)
	at com.dotcms.junit.CustomDataProviderRunner.runChild(CustomDataProviderRunner.java:28)
	at com.dotcms.junit.CustomDataProviderRunner.runChild(CustomDataProviderRunner.java:13)
	at org.junit.runners.ParentRunner$3.run(ParentRunner.java:290)
	at org.junit.runners.ParentRunner$1.schedule(ParentRunner.java:71)
	at org.junit.runners.ParentRunner.runChildren(ParentRunner.java:288)
	at org.junit.runners.ParentRunner.access$000(ParentRunner.java:58)
	at org.junit.runners.ParentRunner$2.evaluate(ParentRunner.java:268)
	at org.junit.internal.runners.statements.RunBefores.evaluate(RunBefores.java:26)
	at org.junit.runners.ParentRunner.run(ParentRunner.java:363)
	at org.junit.runners.Suite.runChild(Suite.java:128)
	at org.junit.runners.Suite.runChild(Suite.java:27)
	at org.junit.runners.ParentRunner$3.run(ParentRunner.java:290)
	at org.junit.runners.ParentRunner$1.schedule(ParentRunner.java:71)
	at org.junit.runners.ParentRunner.runChildren(ParentRunner.java:288)
	at org.junit.runners.ParentRunner.access$000(ParentRunner.java:58)
	at org.junit.runners.ParentRunner$2.evaluate(ParentRunner.java:268)
	at org.junit.runners.ParentRunner.run(ParentRunner.java:363)
	at org.gradle.api.internal.tasks.testing.junit.JUnitTestClassExecutor.runTestClass(JUnitTestClassExecutor.java:106)
	at org.gradle.api.internal.tasks.testing.junit.JUnitTestClassExecutor.execute(JUnitTestClassExecutor.java:58)
	at org.gradle.api.internal.tasks.testing.junit.JUnitTestClassExecutor.execute(JUnitTestClassExecutor.java:38)
	at org.gradle.api.internal.tasks.testing.junit.AbstractJUnitTestClassProcessor.processTestClass(AbstractJUnitTestClassProcessor.java:66)
	at org.gradle.api.internal.tasks.testing.SuiteTestClassProcessor.processTestClass(SuiteTestClassProcessor.java:51)
	at sun.reflect.NativeMethodAccessorImpl.invoke0(Native Method)
	at sun.reflect.NativeMethodAccessorImpl.invoke(NativeMethodAccessorImpl.java:62)
	at sun.reflect.DelegatingMethodAccessorImpl.invoke(DelegatingMethodAccessorImpl.java:43)
	at java.lang.reflect.Method.invoke(Method.java:498)
	at org.gradle.internal.dispatch.ReflectionDispatch.dispatch(ReflectionDispatch.java:35)
	at org.gradle.internal.dispatch.ReflectionDispatch.dispatch(ReflectionDispatch.java:24)
	at org.gradle.internal.dispatch.ContextClassLoaderDispatch.dispatch(ContextClassLoaderDispatch.java:32)
	at org.gradle.internal.dispatch.ProxyDispatchAdapter$DispatchingInvocationHandler.invoke(ProxyDispatchAdapter.java:93)
	at com.sun.proxy.$Proxy2.processTestClass(Unknown Source)
	at org.gradle.api.internal.tasks.testing.worker.TestWorker.processTestClass(TestWorker.java:117)
	at sun.reflect.NativeMethodAccessorImpl.invoke0(Native Method)
	at sun.reflect.NativeMethodAccessorImpl.invoke(NativeMethodAccessorImpl.java:62)
	at sun.reflect.DelegatingMethodAccessorImpl.invoke(DelegatingMethodAccessorImpl.java:43)
	at java.lang.reflect.Method.invoke(Method.java:498)
	at org.gradle.internal.dispatch.ReflectionDispatch.dispatch(ReflectionDispatch.java:35)
	at org.gradle.internal.dispatch.ReflectionDispatch.dispatch(ReflectionDispatch.java:24)
	at org.gradle.internal.remote.internal.hub.MessageHubBackedObjectConnection$DispatchWrapper.dispatch(MessageHubBackedObjectConnection.java:155)
	at org.gradle.internal.remote.internal.hub.MessageHubBackedObjectConnection$DispatchWrapper.dispatch(MessageHubBackedObjectConnection.java:137)
	at org.gradle.internal.remote.internal.hub.MessageHub$Handler.run(MessageHub.java:404)
	at org.gradle.internal.concurrent.ExecutorPolicy$CatchAndRecordFailures.onExecute(ExecutorPolicy.java:63)
	at org.gradle.internal.concurrent.ManagedExecutorImpl$1.run(ManagedExecutorImpl.java:46)
	at java.util.concurrent.ThreadPoolExecutor.runWorker(ThreadPoolExecutor.java:1149)
	at java.util.concurrent.ThreadPoolExecutor$Worker.run(ThreadPoolExecutor.java:624)
	at org.gradle.internal.concurrent.ThreadFactoryImpl$ManagedThreadRunnable.run(ThreadFactoryImpl.java:55)
	at java.lang.Thread.run(Thread.java:748)
Caused by: com.dotmarketing.business.DotStateException: Based on configured schedule, the given trigger will never fire.
	at com.dotmarketing.db.DotRunnableThread.run(DotRunnableThread.java:56)
	at com.dotmarketing.db.HibernateUtil.finalizeCommitListeners(HibernateUtil.java:1068)
	at com.dotmarketing.db.HibernateUtil.commitTransaction(HibernateUtil.java:1152)
	... 64 more
Caused by: org.quartz.SchedulerException: Based on configured schedule, the given trigger will never fire.
	at org.quartz.core.QuartzScheduler.rescheduleJob(QuartzScheduler.java:1011)
	at org.quartz.impl.StdScheduler.rescheduleJob(StdScheduler.java:302)
	at com.dotmarketing.quartz.QuartzUtils.scheduleTask(QuartzUtils.java:490)
	at com.dotmarketing.quartz.DotStatefulJob.enqueueTrigger(DotStatefulJob.java:171)
	at com.dotmarketing.quartz.job.CleanUpFieldReferencesJob.lambda$0(CleanUpFieldReferencesJob.java:124)
	at com.rainerhahnekamp.sneakythrow.Sneaky.lambda$sneaked$7(Sneaky.java:207)
	at com.dotmarketing.db.DotRunnableThread.internalRunner(DotRunnableThread.java:99)
	at com.dotmarketing.db.LocalTransaction.wrap(LocalTransaction.java:158)
	at com.dotmarketing.db.DotRunnableThread.run(DotRunnableThread.java:53)
	... 66 more
</pre>
</span>
</div>
</div>
<div id="tab1" class="tab">
<h2>Tests</h2>
<table>
<thead>
<tr>
<th>Test</th>
<th>Duration</th>
<th>Result</th>
</tr>
</thead>
<tr>
<td class="success">testPullLiveRelatedWhenLatestVersionIsWorking</td>
<td class="success">2.117s</td>
<td class="success">passed</td>
</tr>
<tr>
<td class="success">testPullRelatedForLegacyRelationship[0: com.dotcms.rendering.velocity.viewtools.content.util.ContentUtilsTest$LegacyTestCase@1394d96c]</td>
<td class="success">2.774s</td>
<td class="success">passed</td>
</tr>
<tr>
<td class="success">testPullRelatedForLegacyRelationship[1: com.dotcms.rendering.velocity.viewtools.content.util.ContentUtilsTest$LegacyTestCase@1a260c41]</td>
<td class="success">3.076s</td>
<td class="success">passed</td>
</tr>
<tr>
<td class="success">testPullRelated[0: com.dotcms.rendering.velocity.viewtools.content.util.ContentUtilsTest$TestCase@14654b88]</td>
<td class="success">2.367s</td>
<td class="success">passed</td>
</tr>
<tr>
<td class="failures">testPullRelated[10: com.dotcms.rendering.velocity.viewtools.content.util.ContentUtilsTest$TestCase@44889099]</td>
<td class="failures">2.885s</td>
<td class="failures">failed</td>
</tr>
<tr>
<td class="success">testPullRelated[11: com.dotcms.rendering.velocity.viewtools.content.util.ContentUtilsTest$TestCase@405294cc]</td>
<td class="success">3.365s</td>
<td class="success">passed</td>
</tr>
<tr>
<td class="success">testPullRelated[12: com.dotcms.rendering.velocity.viewtools.content.util.ContentUtilsTest$TestCase@4755bcec]</td>
<td class="success">2.899s</td>
<td class="success">passed</td>
</tr>
<tr>
<td class="success">testPullRelated[13: com.dotcms.rendering.velocity.viewtools.content.util.ContentUtilsTest$TestCase@7d84feb0]</td>
<td class="success">3.136s</td>
<td class="success">passed</td>
</tr>
<tr>
<td class="success">testPullRelated[14: com.dotcms.rendering.velocity.viewtools.content.util.ContentUtilsTest$TestCase@7d88a5c1]</td>
<td class="success">2.967s</td>
<td class="success">passed</td>
</tr>
<tr>
<td class="success">testPullRelated[15: com.dotcms.rendering.velocity.viewtools.content.util.ContentUtilsTest$TestCase@29a8aa48]</td>
<td class="success">3.111s</td>
<td class="success">passed</td>
</tr>
<tr>
<td class="success">testPullRelated[16: com.dotcms.rendering.velocity.viewtools.content.util.ContentUtilsTest$TestCase@4370d14d]</td>
<td class="success">2.957s</td>
<td class="success">passed</td>
</tr>
<tr>
<td class="success">testPullRelated[17: com.dotcms.rendering.velocity.viewtools.content.util.ContentUtilsTest$TestCase@195bc6ed]</td>
<td class="success">2.216s</td>
<td class="success">passed</td>
</tr>
<tr>
<td class="success">testPullRelated[18: com.dotcms.rendering.velocity.viewtools.content.util.ContentUtilsTest$TestCase@21c5deaa]</td>
<td class="success">2.959s</td>
<td class="success">passed</td>
</tr>
<tr>
<td class="success">testPullRelated[19: com.dotcms.rendering.velocity.viewtools.content.util.ContentUtilsTest$TestCase@4dd3da30]</td>
<td class="success">3.200s</td>
<td class="success">passed</td>
</tr>
<tr>
<td class="success">testPullRelated[1: com.dotcms.rendering.velocity.viewtools.content.util.ContentUtilsTest$TestCase@54506669]</td>
<td class="success">3.169s</td>
<td class="success">passed</td>
</tr>
<tr>
<td class="success">testPullRelated[20: com.dotcms.rendering.velocity.viewtools.content.util.ContentUtilsTest$TestCase@86c907e]</td>
<td class="success">2.886s</td>
<td class="success">passed</td>
</tr>
<tr>
<td class="success">testPullRelated[21: com.dotcms.rendering.velocity.viewtools.content.util.ContentUtilsTest$TestCase@4f475330]</td>
<td class="success">2.183s</td>
<td class="success">passed</td>
</tr>
<tr>
<td class="success">testPullRelated[22: com.dotcms.rendering.velocity.viewtools.content.util.ContentUtilsTest$TestCase@40f8e4fc]</td>
<td class="success">3.053s</td>
<td class="success">passed</td>
</tr>
<tr>
<td class="success">testPullRelated[23: com.dotcms.rendering.velocity.viewtools.content.util.ContentUtilsTest$TestCase@1329a489]</td>
<td class="success">2.903s</td>
<td class="success">passed</td>
</tr>
<tr>
<td class="success">testPullRelated[24: com.dotcms.rendering.velocity.viewtools.content.util.ContentUtilsTest$TestCase@7faa29f2]</td>
<td class="success">3.309s</td>
<td class="success">passed</td>
</tr>
<tr>
<td class="success">testPullRelated[25: com.dotcms.rendering.velocity.viewtools.content.util.ContentUtilsTest$TestCase@a012be4]</td>
<td class="success">2.964s</td>
<td class="success">passed</td>
</tr>
<tr>
<td class="success">testPullRelated[26: com.dotcms.rendering.velocity.viewtools.content.util.ContentUtilsTest$TestCase@dd9f15c]</td>
<td class="success">3.038s</td>
<td class="success">passed</td>
</tr>
<tr>
<td class="success">testPullRelated[27: com.dotcms.rendering.velocity.viewtools.content.util.ContentUtilsTest$TestCase@538a1182]</td>
<td class="success">2.930s</td>
<td class="success">passed</td>
</tr>
<tr>
<td class="success">testPullRelated[28: com.dotcms.rendering.velocity.viewtools.content.util.ContentUtilsTest$TestCase@7d4147b8]</td>
<td class="success">2.149s</td>
<td class="success">passed</td>
</tr>
<tr>
<td class="success">testPullRelated[29: com.dotcms.rendering.velocity.viewtools.content.util.ContentUtilsTest$TestCase@7e1c1dff]</td>
<td class="success">3.204s</td>
<td class="success">passed</td>
</tr>
<tr>
<td class="success">testPullRelated[2: com.dotcms.rendering.velocity.viewtools.content.util.ContentUtilsTest$TestCase@634a2651]</td>
<td class="success">2.972s</td>
<td class="success">passed</td>
</tr>
<tr>
<td class="success">testPullRelated[30: com.dotcms.rendering.velocity.viewtools.content.util.ContentUtilsTest$TestCase@3c8d5071]</td>
<td class="success">3.081s</td>
<td class="success">passed</td>
</tr>
<tr>
<td class="success">testPullRelated[31: com.dotcms.rendering.velocity.viewtools.content.util.ContentUtilsTest$TestCase@3f884063]</td>
<td class="success">2.966s</td>
<td class="success">passed</td>
</tr>
<tr>
<td class="success">testPullRelated[32: com.dotcms.rendering.velocity.viewtools.content.util.ContentUtilsTest$TestCase@4883acad]</td>
<td class="success">3.063s</td>
<td class="success">passed</td>
</tr>
<tr>
<td class="success">testPullRelated[33: com.dotcms.rendering.velocity.viewtools.content.util.ContentUtilsTest$TestCase@56eea3a7]</td>
<td class="success">3.183s</td>
<td class="success">passed</td>
</tr>
<tr>
<td class="success">testPullRelated[34: com.dotcms.rendering.velocity.viewtools.content.util.ContentUtilsTest$TestCase@367fd3]</td>
<td class="success">2.849s</td>
<td class="success">passed</td>
</tr>
<tr>
<td class="success">testPullRelated[35: com.dotcms.rendering.velocity.viewtools.content.util.ContentUtilsTest$TestCase@7d40bcee]</td>
<td class="success">3.453s</td>
<td class="success">passed</td>
</tr>
<tr>
<td class="success">testPullRelated[36: com.dotcms.rendering.velocity.viewtools.content.util.ContentUtilsTest$TestCase@2873912f]</td>
<td class="success">4.893s</td>
<td class="success">passed</td>
</tr>
<tr>
<td class="success">testPullRelated[37: com.dotcms.rendering.velocity.viewtools.content.util.ContentUtilsTest$TestCase@ba3ec1d]</td>
<td class="success">5.075s</td>
<td class="success">passed</td>
</tr>
<tr>
<td class="success">testPullRelated[38: com.dotcms.rendering.velocity.viewtools.content.util.ContentUtilsTest$TestCase@3858d25d]</td>
<td class="success">5.124s</td>
<td class="success">passed</td>
</tr>
<tr>
<td class="success">testPullRelated[39: com.dotcms.rendering.velocity.viewtools.content.util.ContentUtilsTest$TestCase@4087ae74]</td>
<td class="success">5.092s</td>
<td class="success">passed</td>
</tr>
<tr>
<td class="success">testPullRelated[3: com.dotcms.rendering.velocity.viewtools.content.util.ContentUtilsTest$TestCase@7c159ce5]</td>
<td class="success">3.055s</td>
<td class="success">passed</td>
</tr>
<tr>
<td class="success">testPullRelated[40: com.dotcms.rendering.velocity.viewtools.content.util.ContentUtilsTest$TestCase@7449a5a2]</td>
<td class="success">5.112s</td>
<td class="success">passed</td>
</tr>
<tr>
<td class="success">testPullRelated[41: com.dotcms.rendering.velocity.viewtools.content.util.ContentUtilsTest$TestCase@601e7c32]</td>
<td class="success">5.170s</td>
<td class="success">passed</td>
</tr>
<tr>
<td class="success">testPullRelated[42: com.dotcms.rendering.velocity.viewtools.content.util.ContentUtilsTest$TestCase@1eaa8056]</td>
<td class="success">5.218s</td>
<td class="success">passed</td>
</tr>
<tr>
<td class="success">testPullRelated[43: com.dotcms.rendering.velocity.viewtools.content.util.ContentUtilsTest$TestCase@63a379f9]</td>
<td class="success">4.994s</td>
<td class="success">passed</td>
</tr>
<tr>
<td class="success">testPullRelated[44: com.dotcms.rendering.velocity.viewtools.content.util.ContentUtilsTest$TestCase@5a7eb49a]</td>
<td class="success">5.056s</td>
<td class="success">passed</td>
</tr>
<tr>
<td class="success">testPullRelated[45: com.dotcms.rendering.velocity.viewtools.content.util.ContentUtilsTest$TestCase@4912ac0b]</td>
<td class="success">5.282s</td>
<td class="success">passed</td>
</tr>
<tr>
<td class="success">testPullRelated[46: com.dotcms.rendering.velocity.viewtools.content.util.ContentUtilsTest$TestCase@3f02d4f]</td>
<td class="success">4.954s</td>
<td class="success">passed</td>
</tr>
<tr>
<td class="success">testPullRelated[47: com.dotcms.rendering.velocity.viewtools.content.util.ContentUtilsTest$TestCase@7b64e079]</td>
<td class="success">5.097s</td>
<td class="success">passed</td>
</tr>
<tr>
<td class="success">testPullRelated[48: com.dotcms.rendering.velocity.viewtools.content.util.ContentUtilsTest$TestCase@541151eb]</td>
<td class="success">5.182s</td>
<td class="success">passed</td>
</tr>
<tr>
<td class="success">testPullRelated[49: com.dotcms.rendering.velocity.viewtools.content.util.ContentUtilsTest$TestCase@83fcd96]</td>
<td class="success">5.032s</td>
<td class="success">passed</td>
</tr>
<tr>
<td class="success">testPullRelated[4: com.dotcms.rendering.velocity.viewtools.content.util.ContentUtilsTest$TestCase@4212a1e4]</td>
<td class="success">3.060s</td>
<td class="success">passed</td>
</tr>
<tr>
<td class="success">testPullRelated[50: com.dotcms.rendering.velocity.viewtools.content.util.ContentUtilsTest$TestCase@aa7138b]</td>
<td class="success">5.138s</td>
<td class="success">passed</td>
</tr>
<tr>
<td class="success">testPullRelated[51: com.dotcms.rendering.velocity.viewtools.content.util.ContentUtilsTest$TestCase@569c4d8e]</td>
<td class="success">5.197s</td>
<td class="success">passed</td>
</tr>
<tr>
<td class="success">testPullRelated[52: com.dotcms.rendering.velocity.viewtools.content.util.ContentUtilsTest$TestCase@85cc0bf]</td>
<td class="success">5.015s</td>
<td class="success">passed</td>
</tr>
<tr>
<td class="success">testPullRelated[53: com.dotcms.rendering.velocity.viewtools.content.util.ContentUtilsTest$TestCase@7e79ff5f]</td>
<td class="success">5.090s</td>
<td class="success">passed</td>
</tr>
<tr>
<td class="success">testPullRelated[54: com.dotcms.rendering.velocity.viewtools.content.util.ContentUtilsTest$TestCase@4cf09050]</td>
<td class="success">5.159s</td>
<td class="success">passed</td>
</tr>
<tr>
<td class="success">testPullRelated[55: com.dotcms.rendering.velocity.viewtools.content.util.ContentUtilsTest$TestCase@7834547d]</td>
<td class="success">5.279s</td>
<td class="success">passed</td>
</tr>
<tr>
<td class="success">testPullRelated[56: com.dotcms.rendering.velocity.viewtools.content.util.ContentUtilsTest$TestCase@16033afc]</td>
<td class="success">4.803s</td>
<td class="success">passed</td>
</tr>
<tr>
<td class="success">testPullRelated[57: com.dotcms.rendering.velocity.viewtools.content.util.ContentUtilsTest$TestCase@27b1bc64]</td>
<td class="success">5.283s</td>
<td class="success">passed</td>
</tr>
<tr>
<td class="success">testPullRelated[58: com.dotcms.rendering.velocity.viewtools.content.util.ContentUtilsTest$TestCase@6f0bdad2]</td>
<td class="success">5.018s</td>
<td class="success">passed</td>
</tr>
<tr>
<td class="success">testPullRelated[59: com.dotcms.rendering.velocity.viewtools.content.util.ContentUtilsTest$TestCase@3546ecf2]</td>
<td class="success">5.065s</td>
<td class="success">passed</td>
</tr>
<tr>
<td class="success">testPullRelated[5: com.dotcms.rendering.velocity.viewtools.content.util.ContentUtilsTest$TestCase@1526e4e1]</td>
<td class="success">3.090s</td>
<td class="success">passed</td>
</tr>
<tr>
<td class="success">testPullRelated[60: com.dotcms.rendering.velocity.viewtools.content.util.ContentUtilsTest$TestCase@3a9de47c]</td>
<td class="success">5.236s</td>
<td class="success">passed</td>
</tr>
<tr>
<td class="success">testPullRelated[61: com.dotcms.rendering.velocity.viewtools.content.util.ContentUtilsTest$TestCase@10652dd7]</td>
<td class="success">5.036s</td>
<td class="success">passed</td>
</tr>
<tr>
<td class="success">testPullRelated[62: com.dotcms.rendering.velocity.viewtools.content.util.ContentUtilsTest$TestCase@2109a843]</td>
<td class="success">5.074s</td>
<td class="success">passed</td>
</tr>
<tr>
<td class="success">testPullRelated[63: com.dotcms.rendering.velocity.viewtools.content.util.ContentUtilsTest$TestCase@232af1ec]</td>
<td class="success">5.205s</td>
<td class="success">passed</td>
</tr>
<tr>
<td class="success">testPullRelated[64: com.dotcms.rendering.velocity.viewtools.content.util.ContentUtilsTest$TestCase@76414ff1]</td>
<td class="success">5.107s</td>
<td class="success">passed</td>
</tr>
<tr>
<td class="success">testPullRelated[65: com.dotcms.rendering.velocity.viewtools.content.util.ContentUtilsTest$TestCase@4ff3cf7b]</td>
<td class="success">5.082s</td>
<td class="success">passed</td>
</tr>
<tr>
<td class="success">testPullRelated[66: com.dotcms.rendering.velocity.viewtools.content.util.ContentUtilsTest$TestCase@23d43d76]</td>
<td class="success">5.142s</td>
<td class="success">passed</td>
</tr>
<tr>
<td class="success">testPullRelated[67: com.dotcms.rendering.velocity.viewtools.content.util.ContentUtilsTest$TestCase@57050d71]</td>
<td class="success">4.994s</td>
<td class="success">passed</td>
</tr>
<tr>
<td class="success">testPullRelated[68: com.dotcms.rendering.velocity.viewtools.content.util.ContentUtilsTest$TestCase@2bc7fea7]</td>
<td class="success">5.033s</td>
<td class="success">passed</td>
</tr>
<tr>
<td class="success">testPullRelated[69: com.dotcms.rendering.velocity.viewtools.content.util.ContentUtilsTest$TestCase@7a9e74b3]</td>
<td class="success">5.301s</td>
<td class="success">passed</td>
</tr>
<tr>
<td class="success">testPullRelated[6: com.dotcms.rendering.velocity.viewtools.content.util.ContentUtilsTest$TestCase@27ec30ba]</td>
<td class="success">3.188s</td>
<td class="success">passed</td>
</tr>
<tr>
<td class="success">testPullRelated[70: com.dotcms.rendering.velocity.viewtools.content.util.ContentUtilsTest$TestCase@7823c91b]</td>
<td class="success">4.999s</td>
<td class="success">passed</td>
</tr>
<tr>
<td class="success">testPullRelated[71: com.dotcms.rendering.velocity.viewtools.content.util.ContentUtilsTest$TestCase@7323deb]</td>
<td class="success">5.097s</td>
<td class="success">passed</td>
</tr>
<tr>
<td class="success">testPullRelated[7: com.dotcms.rendering.velocity.viewtools.content.util.ContentUtilsTest$TestCase@77ce6216]</td>
<td class="success">2.997s</td>
<td class="success">passed</td>
</tr>
<tr>
<td class="success">testPullRelated[8: com.dotcms.rendering.velocity.viewtools.content.util.ContentUtilsTest$TestCase@2004f08a]</td>
<td class="success">3.090s</td>
<td class="success">passed</td>
</tr>
<tr>
<td class="success">testPullRelated[9: com.dotcms.rendering.velocity.viewtools.content.util.ContentUtilsTest$TestCase@2270987]</td>
<td class="success">2.887s</td>
<td class="success">passed</td>
</tr>
<tr>
<td class="success">testSortPullRelated[0: com.dotcms.rendering.velocity.viewtools.content.util.ContentUtilsTest$SortTestCase@7cab650f]</td>
<td class="success">1.353s</td>
<td class="success">passed</td>
</tr>
<tr>
<td class="success">testSortPullRelated[1: com.dotcms.rendering.velocity.viewtools.content.util.ContentUtilsTest$SortTestCase@6a60d214]</td>
<td class="success">1.367s</td>
<td class="success">passed</td>
</tr>
<tr>
<td class="success">testSortPullRelated[2: com.dotcms.rendering.velocity.viewtools.content.util.ContentUtilsTest$SortTestCase@5f8a398d]</td>
<td class="success">1.377s</td>
<td class="success">passed</td>
</tr>
<tr>
<td class="success">testSortPullRelated[3: com.dotcms.rendering.velocity.viewtools.content.util.ContentUtilsTest$SortTestCase@75646239]</td>
<td class="success">1.418s</td>
<td class="success">passed</td>
</tr>
<tr>
<td class="success">testSortPullRelated[4: com.dotcms.rendering.velocity.viewtools.content.util.ContentUtilsTest$SortTestCase@52c0f287]</td>
<td class="success">1.508s</td>
<td class="success">passed</td>
</tr>
<tr>
<td class="success">testSortPullRelated[5: com.dotcms.rendering.velocity.viewtools.content.util.ContentUtilsTest$SortTestCase@3e5c7ab9]</td>
<td class="success">1.305s</td>
<td class="success">passed</td>
</tr>
<tr>
<td class="success">whenPublishAndExpireDatesAreInTheFutureAndTimeMachineIsAfterBoth</td>
<td class="success">2.099s</td>
<td class="success">passed</td>
</tr>
<tr>
<td class="success">whenTheTimeMachineDateAndPublishDateAreTomorrowShouldReturnOneContent</td>
<td class="success">1.935s</td>
<td class="success">passed</td>
</tr>
<tr>
<td class="success">whenTheTimeMachineDateIsAfterTomorrowAndExpireDateIsInFutureShouldReturnContent</td>
<td class="success">2.095s</td>
<td class="success">passed</td>
</tr>
<tr>
<td class="success">whenTheTimeMachineDateIsAfterTomorrowAndExpireDateIsTomorrowShouldNotReturnContent</td>
<td class="success">2.099s</td>
<td class="success">passed</td>
</tr>
<tr>
<td class="success">whenTheTimeMachineDateIsNullAndPublishDateInFutureShouldNotReturnAnything</td>
<td class="success">2.035s</td>
<td class="success">passed</td>
</tr>
</table>
</div>
</div>
<div id="footer">
<p>
<div>
<label class="hidden" id="label-for-line-wrapping-toggle" for="line-wrapping-toggle">Wrap lines
<input id="line-wrapping-toggle" type="checkbox" autocomplete="off"/>
</label>
</div>Generated by 
<a href="http://www.gradle.org">Gradle 4.10.2</a> at Feb 26, 2021 7:58:03 PM</p>
</div>
</div>
</body>
</html>
