<!DOCTYPE html>
<html>
<head>
<meta http-equiv="Content-Type" content="text/html; charset=utf-8"/>
<meta http-equiv="x-ua-compatible" content="IE=edge"/>
<title>Test results - Class com.dotcms.publishing.PublisherAPIImplTest</title>
<link href="../css/base-style.css" rel="stylesheet" type="text/css"/>
<link href="../css/style.css" rel="stylesheet" type="text/css"/>
<script src="../js/report.js" type="text/javascript"></script>
</head>
<body>
<div id="content">
<h1>Class com.dotcms.publishing.PublisherAPIImplTest</h1>
<div class="breadcrumbs">
<a href="../index.html">all</a> &gt; 
<a href="../packages/com.dotcms.publishing.html">com.dotcms.publishing</a> &gt; PublisherAPIImplTest</div>
<div id="summary">
<table>
<tr>
<td>
<div class="summaryGroup">
<table>
<tr>
<td>
<div class="infoBox" id="tests">
<div class="counter">18</div>
<p>tests</p>
</div>
</td>
<td>
<div class="infoBox" id="failures">
<div class="counter">2</div>
<p>failures</p>
</div>
</td>
<td>
<div class="infoBox" id="ignored">
<div class="counter">0</div>
<p>ignored</p>
</div>
</td>
<td>
<div class="infoBox" id="duration">
<div class="counter">1.972s</div>
<p>duration</p>
</div>
</td>
</tr>
</table>
</div>
</td>
<td>
<div class="infoBox failures" id="successRate">
<div class="percent">88%</div>
<p>successful</p>
</div>
</td>
</tr>
</table>
</div>
<div id="tabs">
<ul class="tabLinks">
<li>
<a href="#tab0">Failed tests</a>
</li>
<li>
<a href="#tab1">Tests</a>
</li>
<li>
<a href="#tab2">Standard output</a>
</li>
</ul>
<div id="tab0" class="tab">
<h2>Failed tests</h2>
<div class="test">
<a name="publish[0: com.dotcms.publishing.PublisherAPIImplTest$TestCase@48bee867]"></a>
<h3 class="failures">publish[0: com.dotcms.publishing.PublisherAPIImplTest$TestCase@48bee867]</h3>
<span class="code">
<pre>java.lang.AssertionError: File /custom/assets/bundles/01EZQGXWZ5SJZ07CPKE7C29R42/working/test1614618392008.dotcms.com/b5183d57-7094-4f11-93af-907151edfbe9.contentType.json, not exists, files: /custom/assets/bundles/01EZQGXWZ5SJZ07CPKE7C29R42/bundle.xml, /custom/assets/bundles/01EZQGXWZ5SJZ07CPKE7C29R42/ce769629-a35a-4a79-b452-d7d5fde7b962.workflow.xml, /custom/assets/bundles/01EZQGXWZ5SJZ07CPKE7C29R42/d61a59e1-a49c-46f2-a929-db2b4bfa88b2.workflow.xml, /custom/assets/bundles/01EZQGXWZ5SJZ07CPKE7C29R42/live, /custom/assets/bundles/01EZQGXWZ5SJZ07CPKE7C29R42/live/System Host, /custom/assets/bundles/01EZQGXWZ5SJZ07CPKE7C29R42/live/System Host/1, /custom/assets/bundles/01EZQGXWZ5SJZ07CPKE7C29R42/live/System Host/1/0-content.6e309631-eba1-4641-aa78-20ed4f617682.content.xml, /custom/assets/bundles/01EZQGXWZ5SJZ07CPKE7C29R42/live/System Host/1/2-content.7fe1dabf-4318-4edf-9c8a-8e19552ce2ec.content.xml, /custom/assets/bundles/01EZQGXWZ5SJZ07CPKE7C29R42/live/System Host/1/423d7e39-621d-48a5-9452-5c03bc02addd.contentworkflow.xml, /custom/assets/bundles/01EZQGXWZ5SJZ07CPKE7C29R42/live/System Host/1/a1234cc7-954b-42f7-a7a5-6fd589f65590.contentworkflow.xml, /custom/assets/bundles/01EZQGXWZ5SJZ07CPKE7C29R42/live/System Host/1/content.cf7a8737-d79e-4350-bf38-3b57e494537c.host.xml, /custom/assets/bundles/01EZQGXWZ5SJZ07CPKE7C29R42/live/System Host/1/content.ff462f88-d9e1-4d31-b084-b73cb61976d3.host.xml, /custom/assets/bundles/01EZQGXWZ5SJZ07CPKE7C29R42/live/System Host/1614620661061properties, /custom/assets/bundles/01EZQGXWZ5SJZ07CPKE7C29R42/live/System Host/1properties, /custom/assets/bundles/01EZQGXWZ5SJZ07CPKE7C29R42/live/System Host/en_US.language.xml, /custom/assets/bundles/01EZQGXWZ5SJZ07CPKE7C29R42/live/System Host/xh_OY.language.xml, /custom/assets/bundles/01EZQGXWZ5SJZ07CPKE7C29R42/live/default, /custom/assets/bundles/01EZQGXWZ5SJZ07CPKE7C29R42/live/default/1614620661061, /custom/assets/bundles/01EZQGXWZ5SJZ07CPKE7C29R42/live/default/1614620661061/1-content.4465f873-2c7a-4b37-af24-6b226da619a2.content.xml, /custom/assets/bundles/01EZQGXWZ5SJZ07CPKE7C29R42/live/default/1614620661061/7de4240c-eacd-4d48-9def-132bdeff8aef.contentworkflow.xml, /custom/assets/bundles/01EZQGXWZ5SJZ07CPKE7C29R42/live/default/59341728-5a40-45f6-94b9-50e8667b0aee.rule.xml, /custom/assets/bundles/01EZQGXWZ5SJZ07CPKE7C29R42/working, /custom/assets/bundles/01EZQGXWZ5SJZ07CPKE7C29R42/working/System Host, /custom/assets/bundles/01EZQGXWZ5SJZ07CPKE7C29R42/working/System Host/1, /custom/assets/bundles/01EZQGXWZ5SJZ07CPKE7C29R42/working/System Host/1/3-content.6e309631-eba1-4641-aa78-20ed4f617682.content.xml, /custom/assets/bundles/01EZQGXWZ5SJZ07CPKE7C29R42/working/System Host/1/423d7e39-621d-48a5-9452-5c03bc02addd.contentworkflow.xml, /custom/assets/bundles/01EZQGXWZ5SJZ07CPKE7C29R42/working/System Host/1/content.ff462f88-d9e1-4d31-b084-b73cb61976d3.host.xml, /custom/assets/bundles/01EZQGXWZ5SJZ07CPKE7C29R42/working/System Host/2da1580e-50aa-4613-b490-7a105f81f232.category.dpc.xml, /custom/assets/bundles/01EZQGXWZ5SJZ07CPKE7C29R42/working/System Host/f4d7c1b8-2c88-4071-abf1-a5328977b07d.contentType.json, /custom/assets/bundles/01EZQGXWZ5SJZ07CPKE7C29R42/working/test1614618392008.dotcms.com, /custom/assets/bundles/01EZQGXWZ5SJZ07CPKE7C29R42/working/test1614618392008.dotcms.com/0ec5338f-3094-4a9e-b409-3d04652dffe4.contentType.json
	at org.jgroups.util.Util.assertTrue(Util.java:166)
	at com.dotcms.test.util.FileTestUtil.assertBundleFile(FileTestUtil.java:240)
	at com.dotcms.test.util.FileTestUtil.assertBundleFile(FileTestUtil.java:152)
	at com.dotcms.publishing.PublisherAPIImplTest.publish(PublisherAPIImplTest.java:383)
	at sun.reflect.NativeMethodAccessorImpl.invoke0(Native Method)
	at sun.reflect.NativeMethodAccessorImpl.invoke(NativeMethodAccessorImpl.java:62)
	at sun.reflect.DelegatingMethodAccessorImpl.invoke(DelegatingMethodAccessorImpl.java:43)
	at java.lang.reflect.Method.invoke(Method.java:498)
	at org.junit.runners.model.FrameworkMethod$1.runReflectiveCall(FrameworkMethod.java:50)
	at org.junit.internal.runners.model.ReflectiveCallable.run(ReflectiveCallable.java:12)
	at org.junit.runners.model.FrameworkMethod.invokeExplosively(FrameworkMethod.java:47)
	at com.tngtech.java.junit.dataprovider.DataProviderFrameworkMethod.invokeExplosively(DataProviderFrameworkMethod.java:119)
	at org.junit.internal.runners.statements.InvokeMethod.evaluate(InvokeMethod.java:17)
	at org.junit.rules.TestWatcher$1.evaluate(TestWatcher.java:55)
	at org.junit.rules.RunRules.evaluate(RunRules.java:20)
	at org.junit.runners.ParentRunner.runLeaf(ParentRunner.java:325)
	at com.dotcms.junit.CustomDataProviderRunner.runChild(CustomDataProviderRunner.java:28)
	at com.dotcms.junit.CustomDataProviderRunner.runChild(CustomDataProviderRunner.java:13)
	at org.junit.runners.ParentRunner$3.run(ParentRunner.java:290)
	at org.junit.runners.ParentRunner$1.schedule(ParentRunner.java:71)
	at org.junit.runners.ParentRunner.runChildren(ParentRunner.java:288)
	at org.junit.runners.ParentRunner.access$000(ParentRunner.java:58)
	at org.junit.runners.ParentRunner$2.evaluate(ParentRunner.java:268)
	at org.junit.internal.runners.statements.RunBefores.evaluate(RunBefores.java:26)
	at org.junit.internal.runners.statements.RunAfters.evaluate(RunAfters.java:27)
	at org.junit.runners.ParentRunner.run(ParentRunner.java:363)
	at org.junit.runners.Suite.runChild(Suite.java:128)
	at org.junit.runners.Suite.runChild(Suite.java:27)
	at org.junit.runners.ParentRunner$3.run(ParentRunner.java:290)
	at org.junit.runners.ParentRunner$1.schedule(ParentRunner.java:71)
	at org.junit.runners.ParentRunner.runChildren(ParentRunner.java:288)
	at org.junit.runners.ParentRunner.access$000(ParentRunner.java:58)
	at org.junit.runners.ParentRunner$2.evaluate(ParentRunner.java:268)
	at org.junit.runners.ParentRunner.run(ParentRunner.java:363)
	at org.gradle.api.internal.tasks.testing.junit.JUnitTestClassExecutor.runTestClass(JUnitTestClassExecutor.java:106)
	at org.gradle.api.internal.tasks.testing.junit.JUnitTestClassExecutor.execute(JUnitTestClassExecutor.java:58)
	at org.gradle.api.internal.tasks.testing.junit.JUnitTestClassExecutor.execute(JUnitTestClassExecutor.java:38)
	at org.gradle.api.internal.tasks.testing.junit.AbstractJUnitTestClassProcessor.processTestClass(AbstractJUnitTestClassProcessor.java:66)
	at org.gradle.api.internal.tasks.testing.SuiteTestClassProcessor.processTestClass(SuiteTestClassProcessor.java:51)
	at sun.reflect.NativeMethodAccessorImpl.invoke0(Native Method)
	at sun.reflect.NativeMethodAccessorImpl.invoke(NativeMethodAccessorImpl.java:62)
	at sun.reflect.DelegatingMethodAccessorImpl.invoke(DelegatingMethodAccessorImpl.java:43)
	at java.lang.reflect.Method.invoke(Method.java:498)
	at org.gradle.internal.dispatch.ReflectionDispatch.dispatch(ReflectionDispatch.java:35)
	at org.gradle.internal.dispatch.ReflectionDispatch.dispatch(ReflectionDispatch.java:24)
	at org.gradle.internal.dispatch.ContextClassLoaderDispatch.dispatch(ContextClassLoaderDispatch.java:32)
	at org.gradle.internal.dispatch.ProxyDispatchAdapter$DispatchingInvocationHandler.invoke(ProxyDispatchAdapter.java:93)
	at com.sun.proxy.$Proxy2.processTestClass(Unknown Source)
	at org.gradle.api.internal.tasks.testing.worker.TestWorker.processTestClass(TestWorker.java:117)
	at sun.reflect.NativeMethodAccessorImpl.invoke0(Native Method)
	at sun.reflect.NativeMethodAccessorImpl.invoke(NativeMethodAccessorImpl.java:62)
	at sun.reflect.DelegatingMethodAccessorImpl.invoke(DelegatingMethodAccessorImpl.java:43)
	at java.lang.reflect.Method.invoke(Method.java:498)
	at org.gradle.internal.dispatch.ReflectionDispatch.dispatch(ReflectionDispatch.java:35)
	at org.gradle.internal.dispatch.ReflectionDispatch.dispatch(ReflectionDispatch.java:24)
	at org.gradle.internal.remote.internal.hub.MessageHubBackedObjectConnection$DispatchWrapper.dispatch(MessageHubBackedObjectConnection.java:155)
	at org.gradle.internal.remote.internal.hub.MessageHubBackedObjectConnection$DispatchWrapper.dispatch(MessageHubBackedObjectConnection.java:137)
	at org.gradle.internal.remote.internal.hub.MessageHub$Handler.run(MessageHub.java:404)
	at org.gradle.internal.concurrent.ExecutorPolicy$CatchAndRecordFailures.onExecute(ExecutorPolicy.java:63)
	at org.gradle.internal.concurrent.ManagedExecutorImpl$1.run(ManagedExecutorImpl.java:46)
	at java.util.concurrent.ThreadPoolExecutor.runWorker(ThreadPoolExecutor.java:1149)
	at java.util.concurrent.ThreadPoolExecutor$Worker.run(ThreadPoolExecutor.java:624)
	at org.gradle.internal.concurrent.ThreadFactoryImpl$ManagedThreadRunnable.run(ThreadFactoryImpl.java:55)
	at java.lang.Thread.run(Thread.java:748)
</pre>
</span>
</div>
<div class="test">
<a name="publish[9: com.dotcms.publishing.PublisherAPIImplTest$TestCase@52a3f052]"></a>
<h3 class="failures">publish[9: com.dotcms.publishing.PublisherAPIImplTest$TestCase@52a3f052]</h3>
<span class="code">
<pre>java.lang.AssertionError: File /custom/assets/bundles/01EZQGXY3XE2732VZMB9M1N220/working/test1614618392008.dotcms.com/b5183d57-7094-4f11-93af-907151edfbe9.contentType.json, not exists, files: /custom/assets/bundles/01EZQGXY3XE2732VZMB9M1N220/bundle.xml, /custom/assets/bundles/01EZQGXY3XE2732VZMB9M1N220/ce769629-a35a-4a79-b452-d7d5fde7b962.workflow.xml, /custom/assets/bundles/01EZQGXY3XE2732VZMB9M1N220/d61a59e1-a49c-46f2-a929-db2b4bfa88b2.workflow.xml, /custom/assets/bundles/01EZQGXY3XE2732VZMB9M1N220/live, /custom/assets/bundles/01EZQGXY3XE2732VZMB9M1N220/live/System Host, /custom/assets/bundles/01EZQGXY3XE2732VZMB9M1N220/live/System Host/1, /custom/assets/bundles/01EZQGXY3XE2732VZMB9M1N220/live/System Host/1/0-content.6e309631-eba1-4641-aa78-20ed4f617682.content.xml, /custom/assets/bundles/01EZQGXY3XE2732VZMB9M1N220/live/System Host/1/2-content.7fe1dabf-4318-4edf-9c8a-8e19552ce2ec.content.xml, /custom/assets/bundles/01EZQGXY3XE2732VZMB9M1N220/live/System Host/1/423d7e39-621d-48a5-9452-5c03bc02addd.contentworkflow.xml, /custom/assets/bundles/01EZQGXY3XE2732VZMB9M1N220/live/System Host/1/a1234cc7-954b-42f7-a7a5-6fd589f65590.contentworkflow.xml, /custom/assets/bundles/01EZQGXY3XE2732VZMB9M1N220/live/System Host/1/content.cf7a8737-d79e-4350-bf38-3b57e494537c.host.xml, /custom/assets/bundles/01EZQGXY3XE2732VZMB9M1N220/live/System Host/1/content.ff462f88-d9e1-4d31-b084-b73cb61976d3.host.xml, /custom/assets/bundles/01EZQGXY3XE2732VZMB9M1N220/live/System Host/1614620661061properties, /custom/assets/bundles/01EZQGXY3XE2732VZMB9M1N220/live/System Host/1properties, /custom/assets/bundles/01EZQGXY3XE2732VZMB9M1N220/live/System Host/en_US.language.xml, /custom/assets/bundles/01EZQGXY3XE2732VZMB9M1N220/live/System Host/xh_OY.language.xml, /custom/assets/bundles/01EZQGXY3XE2732VZMB9M1N220/live/default, /custom/assets/bundles/01EZQGXY3XE2732VZMB9M1N220/live/default/1614620661061, /custom/assets/bundles/01EZQGXY3XE2732VZMB9M1N220/live/default/1614620661061/1-content.4465f873-2c7a-4b37-af24-6b226da619a2.content.xml, /custom/assets/bundles/01EZQGXY3XE2732VZMB9M1N220/live/default/1614620661061/7de4240c-eacd-4d48-9def-132bdeff8aef.contentworkflow.xml, /custom/assets/bundles/01EZQGXY3XE2732VZMB9M1N220/live/default/59341728-5a40-45f6-94b9-50e8667b0aee.rule.xml, /custom/assets/bundles/01EZQGXY3XE2732VZMB9M1N220/working, /custom/assets/bundles/01EZQGXY3XE2732VZMB9M1N220/working/System Host, /custom/assets/bundles/01EZQGXY3XE2732VZMB9M1N220/working/System Host/1, /custom/assets/bundles/01EZQGXY3XE2732VZMB9M1N220/working/System Host/1/3-content.6e309631-eba1-4641-aa78-20ed4f617682.content.xml, /custom/assets/bundles/01EZQGXY3XE2732VZMB9M1N220/working/System Host/1/423d7e39-621d-48a5-9452-5c03bc02addd.contentworkflow.xml, /custom/assets/bundles/01EZQGXY3XE2732VZMB9M1N220/working/System Host/1/content.ff462f88-d9e1-4d31-b084-b73cb61976d3.host.xml, /custom/assets/bundles/01EZQGXY3XE2732VZMB9M1N220/working/System Host/2da1580e-50aa-4613-b490-7a105f81f232.category.dpc.xml, /custom/assets/bundles/01EZQGXY3XE2732VZMB9M1N220/working/System Host/f4d7c1b8-2c88-4071-abf1-a5328977b07d.contentType.json, /custom/assets/bundles/01EZQGXY3XE2732VZMB9M1N220/working/test1614618392008.dotcms.com, /custom/assets/bundles/01EZQGXY3XE2732VZMB9M1N220/working/test1614618392008.dotcms.com/0ec5338f-3094-4a9e-b409-3d04652dffe4.contentType.json
	at org.jgroups.util.Util.assertTrue(Util.java:166)
	at com.dotcms.test.util.FileTestUtil.assertBundleFile(FileTestUtil.java:240)
	at com.dotcms.test.util.FileTestUtil.assertBundleFile(FileTestUtil.java:152)
	at com.dotcms.publishing.PublisherAPIImplTest.publish(PublisherAPIImplTest.java:383)
	at sun.reflect.NativeMethodAccessorImpl.invoke0(Native Method)
	at sun.reflect.NativeMethodAccessorImpl.invoke(NativeMethodAccessorImpl.java:62)
	at sun.reflect.DelegatingMethodAccessorImpl.invoke(DelegatingMethodAccessorImpl.java:43)
	at java.lang.reflect.Method.invoke(Method.java:498)
	at org.junit.runners.model.FrameworkMethod$1.runReflectiveCall(FrameworkMethod.java:50)
	at org.junit.internal.runners.model.ReflectiveCallable.run(ReflectiveCallable.java:12)
	at org.junit.runners.model.FrameworkMethod.invokeExplosively(FrameworkMethod.java:47)
	at com.tngtech.java.junit.dataprovider.DataProviderFrameworkMethod.invokeExplosively(DataProviderFrameworkMethod.java:119)
	at org.junit.internal.runners.statements.InvokeMethod.evaluate(InvokeMethod.java:17)
	at org.junit.rules.TestWatcher$1.evaluate(TestWatcher.java:55)
	at org.junit.rules.RunRules.evaluate(RunRules.java:20)
	at org.junit.runners.ParentRunner.runLeaf(ParentRunner.java:325)
	at com.dotcms.junit.CustomDataProviderRunner.runChild(CustomDataProviderRunner.java:28)
	at com.dotcms.junit.CustomDataProviderRunner.runChild(CustomDataProviderRunner.java:13)
	at org.junit.runners.ParentRunner$3.run(ParentRunner.java:290)
	at org.junit.runners.ParentRunner$1.schedule(ParentRunner.java:71)
	at org.junit.runners.ParentRunner.runChildren(ParentRunner.java:288)
	at org.junit.runners.ParentRunner.access$000(ParentRunner.java:58)
	at org.junit.runners.ParentRunner$2.evaluate(ParentRunner.java:268)
	at org.junit.internal.runners.statements.RunBefores.evaluate(RunBefores.java:26)
	at org.junit.internal.runners.statements.RunAfters.evaluate(RunAfters.java:27)
	at org.junit.runners.ParentRunner.run(ParentRunner.java:363)
	at org.junit.runners.Suite.runChild(Suite.java:128)
	at org.junit.runners.Suite.runChild(Suite.java:27)
	at org.junit.runners.ParentRunner$3.run(ParentRunner.java:290)
	at org.junit.runners.ParentRunner$1.schedule(ParentRunner.java:71)
	at org.junit.runners.ParentRunner.runChildren(ParentRunner.java:288)
	at org.junit.runners.ParentRunner.access$000(ParentRunner.java:58)
	at org.junit.runners.ParentRunner$2.evaluate(ParentRunner.java:268)
	at org.junit.runners.ParentRunner.run(ParentRunner.java:363)
	at org.gradle.api.internal.tasks.testing.junit.JUnitTestClassExecutor.runTestClass(JUnitTestClassExecutor.java:106)
	at org.gradle.api.internal.tasks.testing.junit.JUnitTestClassExecutor.execute(JUnitTestClassExecutor.java:58)
	at org.gradle.api.internal.tasks.testing.junit.JUnitTestClassExecutor.execute(JUnitTestClassExecutor.java:38)
	at org.gradle.api.internal.tasks.testing.junit.AbstractJUnitTestClassProcessor.processTestClass(AbstractJUnitTestClassProcessor.java:66)
	at org.gradle.api.internal.tasks.testing.SuiteTestClassProcessor.processTestClass(SuiteTestClassProcessor.java:51)
	at sun.reflect.NativeMethodAccessorImpl.invoke0(Native Method)
	at sun.reflect.NativeMethodAccessorImpl.invoke(NativeMethodAccessorImpl.java:62)
	at sun.reflect.DelegatingMethodAccessorImpl.invoke(DelegatingMethodAccessorImpl.java:43)
	at java.lang.reflect.Method.invoke(Method.java:498)
	at org.gradle.internal.dispatch.ReflectionDispatch.dispatch(ReflectionDispatch.java:35)
	at org.gradle.internal.dispatch.ReflectionDispatch.dispatch(ReflectionDispatch.java:24)
	at org.gradle.internal.dispatch.ContextClassLoaderDispatch.dispatch(ContextClassLoaderDispatch.java:32)
	at org.gradle.internal.dispatch.ProxyDispatchAdapter$DispatchingInvocationHandler.invoke(ProxyDispatchAdapter.java:93)
	at com.sun.proxy.$Proxy2.processTestClass(Unknown Source)
	at org.gradle.api.internal.tasks.testing.worker.TestWorker.processTestClass(TestWorker.java:117)
	at sun.reflect.NativeMethodAccessorImpl.invoke0(Native Method)
	at sun.reflect.NativeMethodAccessorImpl.invoke(NativeMethodAccessorImpl.java:62)
	at sun.reflect.DelegatingMethodAccessorImpl.invoke(DelegatingMethodAccessorImpl.java:43)
	at java.lang.reflect.Method.invoke(Method.java:498)
	at org.gradle.internal.dispatch.ReflectionDispatch.dispatch(ReflectionDispatch.java:35)
	at org.gradle.internal.dispatch.ReflectionDispatch.dispatch(ReflectionDispatch.java:24)
	at org.gradle.internal.remote.internal.hub.MessageHubBackedObjectConnection$DispatchWrapper.dispatch(MessageHubBackedObjectConnection.java:155)
	at org.gradle.internal.remote.internal.hub.MessageHubBackedObjectConnection$DispatchWrapper.dispatch(MessageHubBackedObjectConnection.java:137)
	at org.gradle.internal.remote.internal.hub.MessageHub$Handler.run(MessageHub.java:404)
	at org.gradle.internal.concurrent.ExecutorPolicy$CatchAndRecordFailures.onExecute(ExecutorPolicy.java:63)
	at org.gradle.internal.concurrent.ManagedExecutorImpl$1.run(ManagedExecutorImpl.java:46)
	at java.util.concurrent.ThreadPoolExecutor.runWorker(ThreadPoolExecutor.java:1149)
	at java.util.concurrent.ThreadPoolExecutor$Worker.run(ThreadPoolExecutor.java:624)
	at org.gradle.internal.concurrent.ThreadFactoryImpl$ManagedThreadRunnable.run(ThreadFactoryImpl.java:55)
	at java.lang.Thread.run(Thread.java:748)
</pre>
</span>
</div>
</div>
<div id="tab1" class="tab">
<h2>Tests</h2>
<table>
<thead>
<tr>
<th>Test</th>
<th>Duration</th>
<th>Result</th>
</tr>
</thead>
<tr>
<td class="failures">publish[0: com.dotcms.publishing.PublisherAPIImplTest$TestCase@48bee867]</td>
<td class="failures">0.193s</td>
<td class="failures">failed</td>
</tr>
<tr>
<td class="success">publish[10: com.dotcms.publishing.PublisherAPIImplTest$TestCase@61ecaab0]</td>
<td class="success">0.090s</td>
<td class="success">passed</td>
</tr>
<tr>
<td class="success">publish[11: com.dotcms.publishing.PublisherAPIImplTest$TestCase@7d7e32ff]</td>
<td class="success">0.103s</td>
<td class="success">passed</td>
</tr>
<tr>
<td class="success">publish[12: com.dotcms.publishing.PublisherAPIImplTest$TestCase@1b8339df]</td>
<td class="success">0.145s</td>
<td class="success">passed</td>
</tr>
<tr>
<td class="success">publish[13: com.dotcms.publishing.PublisherAPIImplTest$TestCase@56ef6b9d]</td>
<td class="success">0.125s</td>
<td class="success">passed</td>
</tr>
<tr>
<td class="success">publish[14: com.dotcms.publishing.PublisherAPIImplTest$TestCase@5252e2da]</td>
<td class="success">0.095s</td>
<td class="success">passed</td>
</tr>
<tr>
<td class="success">publish[15: com.dotcms.publishing.PublisherAPIImplTest$TestCase@5e37dba5]</td>
<td class="success">0.063s</td>
<td class="success">passed</td>
</tr>
<tr>
<td class="success">publish[16: com.dotcms.publishing.PublisherAPIImplTest$TestCase@5cf85c7d]</td>
<td class="success">0.061s</td>
<td class="success">passed</td>
</tr>
<tr>
<td class="success">publish[17: com.dotcms.publishing.PublisherAPIImplTest$TestCase@71e677fc]</td>
<td class="success">0.037s</td>
<td class="success">passed</td>
</tr>
<tr>
<td class="success">publish[1: com.dotcms.publishing.PublisherAPIImplTest$TestCase@29d1808f]</td>
<td class="success">0.124s</td>
<td class="success">passed</td>
</tr>
<tr>
<td class="success">publish[2: com.dotcms.publishing.PublisherAPIImplTest$TestCase@6b6f6d40]</td>
<td class="success">0.133s</td>
<td class="success">passed</td>
</tr>
<tr>
<td class="success">publish[3: com.dotcms.publishing.PublisherAPIImplTest$TestCase@7ebf8f1e]</td>
<td class="success">0.227s</td>
<td class="success">passed</td>
</tr>
<tr>
<td class="success">publish[4: com.dotcms.publishing.PublisherAPIImplTest$TestCase@417dbd7e]</td>
<td class="success">0.221s</td>
<td class="success">passed</td>
</tr>
<tr>
<td class="success">publish[5: com.dotcms.publishing.PublisherAPIImplTest$TestCase@648d8826]</td>
<td class="success">0.087s</td>
<td class="success">passed</td>
</tr>
<tr>
<td class="success">publish[6: com.dotcms.publishing.PublisherAPIImplTest$TestCase@7498fc9a]</td>
<td class="success">0.074s</td>
<td class="success">passed</td>
</tr>
<tr>
<td class="success">publish[7: com.dotcms.publishing.PublisherAPIImplTest$TestCase@765d5a68]</td>
<td class="success">0.064s</td>
<td class="success">passed</td>
</tr>
<tr>
<td class="success">publish[8: com.dotcms.publishing.PublisherAPIImplTest$TestCase@5ae79f90]</td>
<td class="success">0.058s</td>
<td class="success">passed</td>
</tr>
<tr>
<td class="failures">publish[9: com.dotcms.publishing.PublisherAPIImplTest$TestCase@52a3f052]</td>
<td class="failures">0.072s</td>
<td class="failures">failed</td>
</tr>
</table>
</div>
<div id="tab2" class="tab">
<h2>Standard output</h2>
<span class="code">
<pre>

















</pre>
</span>
</div>
</div>
<div id="footer">
<p>
<div>
<label class="hidden" id="label-for-line-wrapping-toggle" for="line-wrapping-toggle">Wrap lines
<input id="line-wrapping-toggle" type="checkbox" autocomplete="off"/>
</label>
</div>Generated by 
<a href="http://www.gradle.org">Gradle 4.10.2</a> at Mar 1, 2021 6:31:13 PM</p>
</div>
</div>
</body>
</html>
