<!DOCTYPE html>
<html>
<head>
<meta http-equiv="Content-Type" content="text/html; charset=utf-8"/>
<meta http-equiv="x-ua-compatible" content="IE=edge"/>
<title>Test results - Class com.dotcms.enterprise.publishing.remote.bundler.TemplateBundlerTest</title>
<link href="../css/base-style.css" rel="stylesheet" type="text/css"/>
<link href="../css/style.css" rel="stylesheet" type="text/css"/>
<script src="../js/report.js" type="text/javascript"></script>
</head>
<body>
<div id="content">
<h1>Class com.dotcms.enterprise.publishing.remote.bundler.TemplateBundlerTest</h1>
<div class="breadcrumbs">
<a href="../index.html">all</a> &gt; 
<a href="../packages/com.dotcms.enterprise.publishing.remote.bundler.html">com.dotcms.enterprise.publishing.remote.bundler</a> &gt; TemplateBundlerTest</div>
<div id="summary">
<table>
<tr>
<td>
<div class="summaryGroup">
<table>
<tr>
<td>
<div class="infoBox" id="tests">
<div class="counter">4</div>
<p>tests</p>
</div>
</td>
<td>
<div class="infoBox" id="failures">
<div class="counter">4</div>
<p>failures</p>
</div>
</td>
<td>
<div class="infoBox" id="ignored">
<div class="counter">0</div>
<p>ignored</p>
</div>
</td>
<td>
<div class="infoBox" id="duration">
<div class="counter">0.058s</div>
<p>duration</p>
</div>
</td>
</tr>
</table>
</div>
</td>
<td>
<div class="infoBox failures" id="successRate">
<div class="percent">0%</div>
<p>successful</p>
</div>
</td>
</tr>
</table>
</div>
<div id="tabs">
<ul class="tabLinks">
<li>
<a href="#tab0">Failed tests</a>
</li>
<li>
<a href="#tab1">Tests</a>
</li>
</ul>
<div id="tab0" class="tab">
<h2>Failed tests</h2>
<div class="test">
<a name="addTemplateInBundle[0: com.dotcms.enterprise.publishing.remote.bundler.TemplateBundlerTest$TestCase@f2f5a5a]"></a>
<h3 class="failures">addTemplateInBundle[0: com.dotcms.enterprise.publishing.remote.bundler.TemplateBundlerTest$TestCase@f2f5a5a]</h3>
<span class="code">
<pre>java.lang.AssertionError: Fail for Template:
Asset -&gt; com.dotmarketing.portlets.templates.model.Template@c85c5a24 
difference -&gt; /templateId&gt;&lt;template&gt;&lt;type&gt;template&lt;/type&gt;&lt;inode&gt;7a4d3442-212b-4621-908d-8dc49aa35c90&lt;/inode&gt;&lt;identifier&gt;dd56897e-f635-4b3c-8430-1f85797663d5&lt;/identifier&gt;&lt;source&gt;DB&lt;/source&gt;&lt;title&gt;testTitle1614706201275&lt;/title&gt;&lt;friendlyName&gt;testFriendlyName1614706201275&lt;/friendlyName&gt;&lt;modUser&gt;system&lt;/modUser&gt;&lt;sortOrder&gt;2&lt;/sortOrder&gt;&lt;showOnMenu&gt;true&lt;/showOnMenu&gt;&lt;drawed&gt;false&lt;/drawed&gt;&lt;countAddContainer&gt;0&lt;/countAddContainer&gt;&lt;countContainers&gt;0&lt;/countContainers&gt;&lt;/template&gt;&lt;vi class=&quot;com.dotmarketing.portlets.templates.model.TemplateVersionInfo&quot;&gt;&lt;identifier&gt;dd56897e-f635-4b3c-8430-1f85797663d5&lt;/identifier&gt;&lt;liveInode&gt;7a4d3442-212b-4621-908d-8dc49aa35c90&lt;/liveInode&gt;&lt;workingInode&gt;7a4d3442-212b-4621-908d-8dc49aa35c90&lt;/workingInode&gt;&lt;deleted&gt;false&lt;/deleted&gt;&lt;/vi&gt;&lt;operation&gt;PUBLISH&lt;/operation&gt;&lt;/com.dotcms.publisher.pusher.wrapper.TemplateWrapper&gt;
expected -&gt; &lt;com.dotcms.publisher.pusher.wrapper.TemplateWrapper&gt;&lt;templateId&gt;&lt;id&gt;dd56897e-f635-4b3c-8430-1f85797663d5&lt;/id&gt;&lt;assetName&gt;dd56897e-f635-4b3c-8430-1f85797663d5.template&lt;/assetName&gt;&lt;assetType&gt;template&lt;/assetType&gt;&lt;parentPath&gt;/&lt;/parentPath&gt;&lt;hostId&gt;d921ce02-c260-434b-b1a0-b94d48fd54ff&lt;/hostId&gt;&lt;inode&gt;7a4d3442-212b-4621-908d-8dc49aa35c90&lt;/inode&gt;&lt;identifier&gt;dd56897e-f635-4b3c-8430-1f85797663d5&lt;/identifier&gt;&lt;source&gt;DB&lt;/source&gt;&lt;title&gt;testTitle1614706201275&lt;/title&gt;&lt;friendlyName&gt;testFriendlyName1614706201275&lt;/friendlyName&gt;&lt;modUser&gt;system&lt;/modUser&gt;&lt;sortOrder&gt;2&lt;/sortOrder&gt;&lt;showOnMenu&gt;true&lt;/showOnMenu&gt;&lt;drawed&gt;false&lt;/drawed&gt;&lt;countAddContainer&gt;0&lt;/countAddContainer&gt;&lt;countContainers&gt;0&lt;/countContainers&gt;&lt;/template&gt;&lt;vi class=&quot;com.dotmarketing.portlets.templates.model.TemplateVersionInfo&quot;&gt;&lt;identifier&gt;dd56897e-f635-4b3c-8430-1f85797663d5&lt;/identifier&gt;&lt;liveInode&gt;7a4d3442-212b-4621-908d-8dc49aa35c90&lt;/liveInode&gt;&lt;workingInode&gt;7a4d3442-212b-4621-908d-8dc49aa35c90&lt;/workingInode&gt;&lt;deleted&gt;false&lt;/deleted&gt;&lt;/vi&gt;&lt;operation&gt;PUBLISH&lt;/operation&gt;&lt;/com.dotcms.publisher.pusher.wrapper.TemplateWrapper&gt;
real -&gt; &lt;com.dotcms.publisher.pusher.wrapper.TemplateWrapper&gt;&lt;templateId&gt;&lt;id&gt;dd56897e-f635-4b3c-8430-1f85797663d5&lt;/id&gt;&lt;assetName&gt;dd56897e-f635-4b3c-8430-1f85797663d5.template&lt;/assetName&gt;&lt;assetType&gt;template&lt;/assetType&gt;&lt;parentPath&gt;/&lt;/parentPath&gt;&lt;hostId&gt;d921ce02-c260-434b-b1a0-b94d48fd54ff&lt;/hostId&gt;&lt;/templateId&gt;&lt;template&gt;&lt;type&gt;template&lt;/type&gt;&lt;inode&gt;7a4d3442-212b-4621-908d-8dc49aa35c90&lt;/inode&gt;&lt;identifier&gt;dd56897e-f635-4b3c-8430-1f85797663d5&lt;/identifier&gt;&lt;source&gt;DB&lt;/source&gt;&lt;title&gt;testTitle1614706201275&lt;/title&gt;&lt;friendlyName&gt;testFriendlyName1614706201275&lt;/friendlyName&gt;&lt;modUser&gt;system&lt;/modUser&gt;&lt;sortOrder&gt;2&lt;/sortOrder&gt;&lt;showOnMenu&gt;true&lt;/showOnMenu&gt;&lt;drawed&gt;false&lt;/drawed&gt;&lt;countAddContainer&gt;0&lt;/countAddContainer&gt;&lt;countContainers&gt;0&lt;/countContainers&gt;&lt;/template&gt;&lt;vi class=&quot;com.dotmarketing.portlets.templates.model.TemplateVersionInfo&quot;&gt;&lt;identifier&gt;dd56897e-f635-4b3c-8430-1f85797663d5&lt;/identifier&gt;&lt;liveInode&gt;7a4d3442-212b-4621-908d-8dc49aa35c90&lt;/liveInode&gt;&lt;workingInode&gt;7a4d3442-212b-4621-908d-8dc49aa35c90&lt;/workingInode&gt;&lt;deleted&gt;false&lt;/deleted&gt;&lt;/vi&gt;&lt;operation&gt;PUBLISH&lt;/operation&gt;&lt;/com.dotcms.publisher.pusher.wrapper.TemplateWrapper&gt;

	at org.jgroups.util.Util.assertEquals(Util.java:185)
	at com.dotcms.test.util.FileTestUtil.assertBundleFile(FileTestUtil.java:254)
	at com.dotcms.test.util.FileTestUtil.assertBundleFile(FileTestUtil.java:191)
	at com.dotcms.enterprise.publishing.remote.bundler.TemplateBundlerTest.addTemplateInBundle(TemplateBundlerTest.java:120)
	at sun.reflect.NativeMethodAccessorImpl.invoke0(Native Method)
	at sun.reflect.NativeMethodAccessorImpl.invoke(NativeMethodAccessorImpl.java:62)
	at sun.reflect.DelegatingMethodAccessorImpl.invoke(DelegatingMethodAccessorImpl.java:43)
	at java.lang.reflect.Method.invoke(Method.java:498)
	at org.junit.runners.model.FrameworkMethod$1.runReflectiveCall(FrameworkMethod.java:50)
	at org.junit.internal.runners.model.ReflectiveCallable.run(ReflectiveCallable.java:12)
	at org.junit.runners.model.FrameworkMethod.invokeExplosively(FrameworkMethod.java:47)
	at com.tngtech.java.junit.dataprovider.DataProviderFrameworkMethod.invokeExplosively(DataProviderFrameworkMethod.java:119)
	at org.junit.internal.runners.statements.InvokeMethod.evaluate(InvokeMethod.java:17)
	at org.junit.rules.TestWatcher$1.evaluate(TestWatcher.java:55)
	at org.junit.rules.RunRules.evaluate(RunRules.java:20)
	at org.junit.runners.ParentRunner.runLeaf(ParentRunner.java:325)
	at com.dotcms.junit.CustomDataProviderRunner.runChild(CustomDataProviderRunner.java:28)
	at com.dotcms.junit.CustomDataProviderRunner.runChild(CustomDataProviderRunner.java:13)
	at org.junit.runners.ParentRunner$3.run(ParentRunner.java:290)
	at org.junit.runners.ParentRunner$1.schedule(ParentRunner.java:71)
	at org.junit.runners.ParentRunner.runChildren(ParentRunner.java:288)
	at org.junit.runners.ParentRunner.access$000(ParentRunner.java:58)
	at org.junit.runners.ParentRunner$2.evaluate(ParentRunner.java:268)
	at org.junit.runners.ParentRunner.run(ParentRunner.java:363)
	at org.junit.runners.Suite.runChild(Suite.java:128)
	at org.junit.runners.Suite.runChild(Suite.java:27)
	at org.junit.runners.ParentRunner$3.run(ParentRunner.java:290)
	at org.junit.runners.ParentRunner$1.schedule(ParentRunner.java:71)
	at org.junit.runners.ParentRunner.runChildren(ParentRunner.java:288)
	at org.junit.runners.ParentRunner.access$000(ParentRunner.java:58)
	at org.junit.runners.ParentRunner$2.evaluate(ParentRunner.java:268)
	at org.junit.runners.ParentRunner.run(ParentRunner.java:363)
	at org.gradle.api.internal.tasks.testing.junit.JUnitTestClassExecutor.runTestClass(JUnitTestClassExecutor.java:106)
	at org.gradle.api.internal.tasks.testing.junit.JUnitTestClassExecutor.execute(JUnitTestClassExecutor.java:58)
	at org.gradle.api.internal.tasks.testing.junit.JUnitTestClassExecutor.execute(JUnitTestClassExecutor.java:38)
	at org.gradle.api.internal.tasks.testing.junit.AbstractJUnitTestClassProcessor.processTestClass(AbstractJUnitTestClassProcessor.java:66)
	at org.gradle.api.internal.tasks.testing.SuiteTestClassProcessor.processTestClass(SuiteTestClassProcessor.java:51)
	at sun.reflect.NativeMethodAccessorImpl.invoke0(Native Method)
	at sun.reflect.NativeMethodAccessorImpl.invoke(NativeMethodAccessorImpl.java:62)
	at sun.reflect.DelegatingMethodAccessorImpl.invoke(DelegatingMethodAccessorImpl.java:43)
	at java.lang.reflect.Method.invoke(Method.java:498)
	at org.gradle.internal.dispatch.ReflectionDispatch.dispatch(ReflectionDispatch.java:35)
	at org.gradle.internal.dispatch.ReflectionDispatch.dispatch(ReflectionDispatch.java:24)
	at org.gradle.internal.dispatch.ContextClassLoaderDispatch.dispatch(ContextClassLoaderDispatch.java:32)
	at org.gradle.internal.dispatch.ProxyDispatchAdapter$DispatchingInvocationHandler.invoke(ProxyDispatchAdapter.java:93)
	at com.sun.proxy.$Proxy2.processTestClass(Unknown Source)
	at org.gradle.api.internal.tasks.testing.worker.TestWorker.processTestClass(TestWorker.java:117)
	at sun.reflect.NativeMethodAccessorImpl.invoke0(Native Method)
	at sun.reflect.NativeMethodAccessorImpl.invoke(NativeMethodAccessorImpl.java:62)
	at sun.reflect.DelegatingMethodAccessorImpl.invoke(DelegatingMethodAccessorImpl.java:43)
	at java.lang.reflect.Method.invoke(Method.java:498)
	at org.gradle.internal.dispatch.ReflectionDispatch.dispatch(ReflectionDispatch.java:35)
	at org.gradle.internal.dispatch.ReflectionDispatch.dispatch(ReflectionDispatch.java:24)
	at org.gradle.internal.remote.internal.hub.MessageHubBackedObjectConnection$DispatchWrapper.dispatch(MessageHubBackedObjectConnection.java:155)
	at org.gradle.internal.remote.internal.hub.MessageHubBackedObjectConnection$DispatchWrapper.dispatch(MessageHubBackedObjectConnection.java:137)
	at org.gradle.internal.remote.internal.hub.MessageHub$Handler.run(MessageHub.java:404)
	at org.gradle.internal.concurrent.ExecutorPolicy$CatchAndRecordFailures.onExecute(ExecutorPolicy.java:63)
	at org.gradle.internal.concurrent.ManagedExecutorImpl$1.run(ManagedExecutorImpl.java:46)
	at java.util.concurrent.ThreadPoolExecutor.runWorker(ThreadPoolExecutor.java:1149)
	at java.util.concurrent.ThreadPoolExecutor$Worker.run(ThreadPoolExecutor.java:624)
	at org.gradle.internal.concurrent.ThreadFactoryImpl$ManagedThreadRunnable.run(ThreadFactoryImpl.java:55)
	at java.lang.Thread.run(Thread.java:748)
</pre>
</span>
</div>
<div class="test">
<a name="addTemplateInBundle[1: com.dotcms.enterprise.publishing.remote.bundler.TemplateBundlerTest$TestCase@6e6a79a5]"></a>
<h3 class="failures">addTemplateInBundle[1: com.dotcms.enterprise.publishing.remote.bundler.TemplateBundlerTest$TestCase@6e6a79a5]</h3>
<span class="code">
<pre>java.lang.AssertionError: Fail for Template:
Asset -&gt; com.dotmarketing.portlets.templates.model.Template@b7c8c678 
difference -&gt; /templateId&gt;&lt;template&gt;&lt;type&gt;template&lt;/type&gt;&lt;inode&gt;ba910756-834e-4f67-b66e-c599bfc3368d&lt;/inode&gt;&lt;identifier&gt;d9621dbd-3596-4519-b13a-4dc5f1539e44&lt;/identifier&gt;&lt;source&gt;DB&lt;/source&gt;&lt;title&gt;testTitle1614706201324&lt;/title&gt;&lt;friendlyName&gt;testFriendlyName1614706201324&lt;/friendlyName&gt;&lt;modUser&gt;system&lt;/modUser&gt;&lt;sortOrder&gt;2&lt;/sortOrder&gt;&lt;showOnMenu&gt;true&lt;/showOnMenu&gt;&lt;drawed&gt;true&lt;/drawed&gt;&lt;countAddContainer&gt;0&lt;/countAddContainer&gt;&lt;countContainers&gt;0&lt;/countContainers&gt;&lt;/template&gt;&lt;vi class=&quot;com.dotmarketing.portlets.templates.model.TemplateVersionInfo&quot;&gt;&lt;identifier&gt;d9621dbd-3596-4519-b13a-4dc5f1539e44&lt;/identifier&gt;&lt;liveInode&gt;ba910756-834e-4f67-b66e-c599bfc3368d&lt;/liveInode&gt;&lt;workingInode&gt;ba910756-834e-4f67-b66e-c599bfc3368d&lt;/workingInode&gt;&lt;deleted&gt;false&lt;/deleted&gt;&lt;/vi&gt;&lt;operation&gt;PUBLISH&lt;/operation&gt;&lt;/com.dotcms.publisher.pusher.wrapper.TemplateWrapper&gt;
expected -&gt; &lt;com.dotcms.publisher.pusher.wrapper.TemplateWrapper&gt;&lt;templateId&gt;&lt;id&gt;d9621dbd-3596-4519-b13a-4dc5f1539e44&lt;/id&gt;&lt;assetName&gt;d9621dbd-3596-4519-b13a-4dc5f1539e44.template&lt;/assetName&gt;&lt;assetType&gt;template&lt;/assetType&gt;&lt;parentPath&gt;/&lt;/parentPath&gt;&lt;hostId&gt;d921ce02-c260-434b-b1a0-b94d48fd54ff&lt;/hostId&gt;&lt;inode&gt;ba910756-834e-4f67-b66e-c599bfc3368d&lt;/inode&gt;&lt;identifier&gt;d9621dbd-3596-4519-b13a-4dc5f1539e44&lt;/identifier&gt;&lt;source&gt;DB&lt;/source&gt;&lt;title&gt;testTitle1614706201324&lt;/title&gt;&lt;friendlyName&gt;testFriendlyName1614706201324&lt;/friendlyName&gt;&lt;modUser&gt;system&lt;/modUser&gt;&lt;sortOrder&gt;2&lt;/sortOrder&gt;&lt;showOnMenu&gt;true&lt;/showOnMenu&gt;&lt;drawed&gt;true&lt;/drawed&gt;&lt;countAddContainer&gt;0&lt;/countAddContainer&gt;&lt;countContainers&gt;0&lt;/countContainers&gt;&lt;/template&gt;&lt;vi class=&quot;com.dotmarketing.portlets.templates.model.TemplateVersionInfo&quot;&gt;&lt;identifier&gt;d9621dbd-3596-4519-b13a-4dc5f1539e44&lt;/identifier&gt;&lt;liveInode&gt;ba910756-834e-4f67-b66e-c599bfc3368d&lt;/liveInode&gt;&lt;workingInode&gt;ba910756-834e-4f67-b66e-c599bfc3368d&lt;/workingInode&gt;&lt;deleted&gt;false&lt;/deleted&gt;&lt;/vi&gt;&lt;operation&gt;PUBLISH&lt;/operation&gt;&lt;/com.dotcms.publisher.pusher.wrapper.TemplateWrapper&gt;
real -&gt; &lt;com.dotcms.publisher.pusher.wrapper.TemplateWrapper&gt;&lt;templateId&gt;&lt;id&gt;d9621dbd-3596-4519-b13a-4dc5f1539e44&lt;/id&gt;&lt;assetName&gt;d9621dbd-3596-4519-b13a-4dc5f1539e44.template&lt;/assetName&gt;&lt;assetType&gt;template&lt;/assetType&gt;&lt;parentPath&gt;/&lt;/parentPath&gt;&lt;hostId&gt;d921ce02-c260-434b-b1a0-b94d48fd54ff&lt;/hostId&gt;&lt;/templateId&gt;&lt;template&gt;&lt;type&gt;template&lt;/type&gt;&lt;inode&gt;ba910756-834e-4f67-b66e-c599bfc3368d&lt;/inode&gt;&lt;identifier&gt;d9621dbd-3596-4519-b13a-4dc5f1539e44&lt;/identifier&gt;&lt;source&gt;DB&lt;/source&gt;&lt;title&gt;testTitle1614706201324&lt;/title&gt;&lt;friendlyName&gt;testFriendlyName1614706201324&lt;/friendlyName&gt;&lt;modUser&gt;system&lt;/modUser&gt;&lt;sortOrder&gt;2&lt;/sortOrder&gt;&lt;showOnMenu&gt;true&lt;/showOnMenu&gt;&lt;drawed&gt;true&lt;/drawed&gt;&lt;countAddContainer&gt;0&lt;/countAddContainer&gt;&lt;countContainers&gt;0&lt;/countContainers&gt;&lt;/template&gt;&lt;vi class=&quot;com.dotmarketing.portlets.templates.model.TemplateVersionInfo&quot;&gt;&lt;identifier&gt;d9621dbd-3596-4519-b13a-4dc5f1539e44&lt;/identifier&gt;&lt;liveInode&gt;ba910756-834e-4f67-b66e-c599bfc3368d&lt;/liveInode&gt;&lt;workingInode&gt;ba910756-834e-4f67-b66e-c599bfc3368d&lt;/workingInode&gt;&lt;deleted&gt;false&lt;/deleted&gt;&lt;/vi&gt;&lt;operation&gt;PUBLISH&lt;/operation&gt;&lt;/com.dotcms.publisher.pusher.wrapper.TemplateWrapper&gt;

	at org.jgroups.util.Util.assertEquals(Util.java:185)
	at com.dotcms.test.util.FileTestUtil.assertBundleFile(FileTestUtil.java:254)
	at com.dotcms.test.util.FileTestUtil.assertBundleFile(FileTestUtil.java:191)
	at com.dotcms.enterprise.publishing.remote.bundler.TemplateBundlerTest.addTemplateInBundle(TemplateBundlerTest.java:120)
	at sun.reflect.NativeMethodAccessorImpl.invoke0(Native Method)
	at sun.reflect.NativeMethodAccessorImpl.invoke(NativeMethodAccessorImpl.java:62)
	at sun.reflect.DelegatingMethodAccessorImpl.invoke(DelegatingMethodAccessorImpl.java:43)
	at java.lang.reflect.Method.invoke(Method.java:498)
	at org.junit.runners.model.FrameworkMethod$1.runReflectiveCall(FrameworkMethod.java:50)
	at org.junit.internal.runners.model.ReflectiveCallable.run(ReflectiveCallable.java:12)
	at org.junit.runners.model.FrameworkMethod.invokeExplosively(FrameworkMethod.java:47)
	at com.tngtech.java.junit.dataprovider.DataProviderFrameworkMethod.invokeExplosively(DataProviderFrameworkMethod.java:119)
	at org.junit.internal.runners.statements.InvokeMethod.evaluate(InvokeMethod.java:17)
	at org.junit.rules.TestWatcher$1.evaluate(TestWatcher.java:55)
	at org.junit.rules.RunRules.evaluate(RunRules.java:20)
	at org.junit.runners.ParentRunner.runLeaf(ParentRunner.java:325)
	at com.dotcms.junit.CustomDataProviderRunner.runChild(CustomDataProviderRunner.java:28)
	at com.dotcms.junit.CustomDataProviderRunner.runChild(CustomDataProviderRunner.java:13)
	at org.junit.runners.ParentRunner$3.run(ParentRunner.java:290)
	at org.junit.runners.ParentRunner$1.schedule(ParentRunner.java:71)
	at org.junit.runners.ParentRunner.runChildren(ParentRunner.java:288)
	at org.junit.runners.ParentRunner.access$000(ParentRunner.java:58)
	at org.junit.runners.ParentRunner$2.evaluate(ParentRunner.java:268)
	at org.junit.runners.ParentRunner.run(ParentRunner.java:363)
	at org.junit.runners.Suite.runChild(Suite.java:128)
	at org.junit.runners.Suite.runChild(Suite.java:27)
	at org.junit.runners.ParentRunner$3.run(ParentRunner.java:290)
	at org.junit.runners.ParentRunner$1.schedule(ParentRunner.java:71)
	at org.junit.runners.ParentRunner.runChildren(ParentRunner.java:288)
	at org.junit.runners.ParentRunner.access$000(ParentRunner.java:58)
	at org.junit.runners.ParentRunner$2.evaluate(ParentRunner.java:268)
	at org.junit.runners.ParentRunner.run(ParentRunner.java:363)
	at org.gradle.api.internal.tasks.testing.junit.JUnitTestClassExecutor.runTestClass(JUnitTestClassExecutor.java:106)
	at org.gradle.api.internal.tasks.testing.junit.JUnitTestClassExecutor.execute(JUnitTestClassExecutor.java:58)
	at org.gradle.api.internal.tasks.testing.junit.JUnitTestClassExecutor.execute(JUnitTestClassExecutor.java:38)
	at org.gradle.api.internal.tasks.testing.junit.AbstractJUnitTestClassProcessor.processTestClass(AbstractJUnitTestClassProcessor.java:66)
	at org.gradle.api.internal.tasks.testing.SuiteTestClassProcessor.processTestClass(SuiteTestClassProcessor.java:51)
	at sun.reflect.NativeMethodAccessorImpl.invoke0(Native Method)
	at sun.reflect.NativeMethodAccessorImpl.invoke(NativeMethodAccessorImpl.java:62)
	at sun.reflect.DelegatingMethodAccessorImpl.invoke(DelegatingMethodAccessorImpl.java:43)
	at java.lang.reflect.Method.invoke(Method.java:498)
	at org.gradle.internal.dispatch.ReflectionDispatch.dispatch(ReflectionDispatch.java:35)
	at org.gradle.internal.dispatch.ReflectionDispatch.dispatch(ReflectionDispatch.java:24)
	at org.gradle.internal.dispatch.ContextClassLoaderDispatch.dispatch(ContextClassLoaderDispatch.java:32)
	at org.gradle.internal.dispatch.ProxyDispatchAdapter$DispatchingInvocationHandler.invoke(ProxyDispatchAdapter.java:93)
	at com.sun.proxy.$Proxy2.processTestClass(Unknown Source)
	at org.gradle.api.internal.tasks.testing.worker.TestWorker.processTestClass(TestWorker.java:117)
	at sun.reflect.NativeMethodAccessorImpl.invoke0(Native Method)
	at sun.reflect.NativeMethodAccessorImpl.invoke(NativeMethodAccessorImpl.java:62)
	at sun.reflect.DelegatingMethodAccessorImpl.invoke(DelegatingMethodAccessorImpl.java:43)
	at java.lang.reflect.Method.invoke(Method.java:498)
	at org.gradle.internal.dispatch.ReflectionDispatch.dispatch(ReflectionDispatch.java:35)
	at org.gradle.internal.dispatch.ReflectionDispatch.dispatch(ReflectionDispatch.java:24)
	at org.gradle.internal.remote.internal.hub.MessageHubBackedObjectConnection$DispatchWrapper.dispatch(MessageHubBackedObjectConnection.java:155)
	at org.gradle.internal.remote.internal.hub.MessageHubBackedObjectConnection$DispatchWrapper.dispatch(MessageHubBackedObjectConnection.java:137)
	at org.gradle.internal.remote.internal.hub.MessageHub$Handler.run(MessageHub.java:404)
	at org.gradle.internal.concurrent.ExecutorPolicy$CatchAndRecordFailures.onExecute(ExecutorPolicy.java:63)
	at org.gradle.internal.concurrent.ManagedExecutorImpl$1.run(ManagedExecutorImpl.java:46)
	at java.util.concurrent.ThreadPoolExecutor.runWorker(ThreadPoolExecutor.java:1149)
	at java.util.concurrent.ThreadPoolExecutor$Worker.run(ThreadPoolExecutor.java:624)
	at org.gradle.internal.concurrent.ThreadFactoryImpl$ManagedThreadRunnable.run(ThreadFactoryImpl.java:55)
	at java.lang.Thread.run(Thread.java:748)
</pre>
</span>
</div>
<div class="test">
<a name="addTemplateInBundle[2: com.dotcms.enterprise.publishing.remote.bundler.TemplateBundlerTest$TestCase@1c56d78b]"></a>
<h3 class="failures">addTemplateInBundle[2: com.dotcms.enterprise.publishing.remote.bundler.TemplateBundlerTest$TestCase@1c56d78b]</h3>
<span class="code">
<pre>java.lang.AssertionError: Fail for Template:
Asset -&gt; com.dotmarketing.portlets.templates.model.Template@2412fa01 
difference -&gt; /templateId&gt;&lt;template&gt;&lt;type&gt;template&lt;/type&gt;&lt;inode&gt;cd39b625-c78f-483b-866f-be5a867db82b&lt;/inode&gt;&lt;identifier&gt;fe42d4fd-f313-45dc-af3a-756b737a04f1&lt;/identifier&gt;&lt;source&gt;DB&lt;/source&gt;&lt;title&gt;testTitle1614706201350&lt;/title&gt;&lt;friendlyName&gt;testFriendlyName1614706201350&lt;/friendlyName&gt;&lt;modUser&gt;system&lt;/modUser&gt;&lt;sortOrder&gt;2&lt;/sortOrder&gt;&lt;showOnMenu&gt;true&lt;/showOnMenu&gt;&lt;drawed&gt;false&lt;/drawed&gt;&lt;countAddContainer&gt;0&lt;/countAddContainer&gt;&lt;countContainers&gt;0&lt;/countContainers&gt;&lt;/template&gt;&lt;vi class=&quot;com.dotmarketing.portlets.templates.model.TemplateVersionInfo&quot;&gt;&lt;identifier&gt;fe42d4fd-f313-45dc-af3a-756b737a04f1&lt;/identifier&gt;&lt;liveInode&gt;cd39b625-c78f-483b-866f-be5a867db82b&lt;/liveInode&gt;&lt;workingInode&gt;cd39b625-c78f-483b-866f-be5a867db82b&lt;/workingInode&gt;&lt;deleted&gt;false&lt;/deleted&gt;&lt;/vi&gt;&lt;operation&gt;PUBLISH&lt;/operation&gt;&lt;/com.dotcms.publisher.pusher.wrapper.TemplateWrapper&gt;
expected -&gt; &lt;com.dotcms.publisher.pusher.wrapper.TemplateWrapper&gt;&lt;templateId&gt;&lt;id&gt;fe42d4fd-f313-45dc-af3a-756b737a04f1&lt;/id&gt;&lt;assetName&gt;fe42d4fd-f313-45dc-af3a-756b737a04f1.template&lt;/assetName&gt;&lt;assetType&gt;template&lt;/assetType&gt;&lt;parentPath&gt;/&lt;/parentPath&gt;&lt;hostId&gt;d921ce02-c260-434b-b1a0-b94d48fd54ff&lt;/hostId&gt;&lt;inode&gt;cd39b625-c78f-483b-866f-be5a867db82b&lt;/inode&gt;&lt;identifier&gt;fe42d4fd-f313-45dc-af3a-756b737a04f1&lt;/identifier&gt;&lt;source&gt;DB&lt;/source&gt;&lt;title&gt;testTitle1614706201350&lt;/title&gt;&lt;friendlyName&gt;testFriendlyName1614706201350&lt;/friendlyName&gt;&lt;modUser&gt;system&lt;/modUser&gt;&lt;sortOrder&gt;2&lt;/sortOrder&gt;&lt;showOnMenu&gt;true&lt;/showOnMenu&gt;&lt;drawed&gt;false&lt;/drawed&gt;&lt;countAddContainer&gt;0&lt;/countAddContainer&gt;&lt;countContainers&gt;0&lt;/countContainers&gt;&lt;/template&gt;&lt;vi class=&quot;com.dotmarketing.portlets.templates.model.TemplateVersionInfo&quot;&gt;&lt;identifier&gt;fe42d4fd-f313-45dc-af3a-756b737a04f1&lt;/identifier&gt;&lt;liveInode&gt;cd39b625-c78f-483b-866f-be5a867db82b&lt;/liveInode&gt;&lt;workingInode&gt;cd39b625-c78f-483b-866f-be5a867db82b&lt;/workingInode&gt;&lt;deleted&gt;false&lt;/deleted&gt;&lt;/vi&gt;&lt;operation&gt;PUBLISH&lt;/operation&gt;&lt;/com.dotcms.publisher.pusher.wrapper.TemplateWrapper&gt;
real -&gt; &lt;com.dotcms.publisher.pusher.wrapper.TemplateWrapper&gt;&lt;templateId&gt;&lt;id&gt;fe42d4fd-f313-45dc-af3a-756b737a04f1&lt;/id&gt;&lt;assetName&gt;fe42d4fd-f313-45dc-af3a-756b737a04f1.template&lt;/assetName&gt;&lt;assetType&gt;template&lt;/assetType&gt;&lt;parentPath&gt;/&lt;/parentPath&gt;&lt;hostId&gt;d921ce02-c260-434b-b1a0-b94d48fd54ff&lt;/hostId&gt;&lt;/templateId&gt;&lt;template&gt;&lt;type&gt;template&lt;/type&gt;&lt;inode&gt;cd39b625-c78f-483b-866f-be5a867db82b&lt;/inode&gt;&lt;identifier&gt;fe42d4fd-f313-45dc-af3a-756b737a04f1&lt;/identifier&gt;&lt;source&gt;DB&lt;/source&gt;&lt;title&gt;testTitle1614706201350&lt;/title&gt;&lt;friendlyName&gt;testFriendlyName1614706201350&lt;/friendlyName&gt;&lt;modUser&gt;system&lt;/modUser&gt;&lt;sortOrder&gt;2&lt;/sortOrder&gt;&lt;showOnMenu&gt;true&lt;/showOnMenu&gt;&lt;drawed&gt;false&lt;/drawed&gt;&lt;countAddContainer&gt;0&lt;/countAddContainer&gt;&lt;countContainers&gt;0&lt;/countContainers&gt;&lt;/template&gt;&lt;vi class=&quot;com.dotmarketing.portlets.templates.model.TemplateVersionInfo&quot;&gt;&lt;identifier&gt;fe42d4fd-f313-45dc-af3a-756b737a04f1&lt;/identifier&gt;&lt;liveInode&gt;cd39b625-c78f-483b-866f-be5a867db82b&lt;/liveInode&gt;&lt;workingInode&gt;cd39b625-c78f-483b-866f-be5a867db82b&lt;/workingInode&gt;&lt;deleted&gt;false&lt;/deleted&gt;&lt;/vi&gt;&lt;operation&gt;PUBLISH&lt;/operation&gt;&lt;/com.dotcms.publisher.pusher.wrapper.TemplateWrapper&gt;

	at org.jgroups.util.Util.assertEquals(Util.java:185)
	at com.dotcms.test.util.FileTestUtil.assertBundleFile(FileTestUtil.java:254)
	at com.dotcms.test.util.FileTestUtil.assertBundleFile(FileTestUtil.java:191)
	at com.dotcms.enterprise.publishing.remote.bundler.TemplateBundlerTest.addTemplateInBundle(TemplateBundlerTest.java:120)
	at sun.reflect.NativeMethodAccessorImpl.invoke0(Native Method)
	at sun.reflect.NativeMethodAccessorImpl.invoke(NativeMethodAccessorImpl.java:62)
	at sun.reflect.DelegatingMethodAccessorImpl.invoke(DelegatingMethodAccessorImpl.java:43)
	at java.lang.reflect.Method.invoke(Method.java:498)
	at org.junit.runners.model.FrameworkMethod$1.runReflectiveCall(FrameworkMethod.java:50)
	at org.junit.internal.runners.model.ReflectiveCallable.run(ReflectiveCallable.java:12)
	at org.junit.runners.model.FrameworkMethod.invokeExplosively(FrameworkMethod.java:47)
	at com.tngtech.java.junit.dataprovider.DataProviderFrameworkMethod.invokeExplosively(DataProviderFrameworkMethod.java:119)
	at org.junit.internal.runners.statements.InvokeMethod.evaluate(InvokeMethod.java:17)
	at org.junit.rules.TestWatcher$1.evaluate(TestWatcher.java:55)
	at org.junit.rules.RunRules.evaluate(RunRules.java:20)
	at org.junit.runners.ParentRunner.runLeaf(ParentRunner.java:325)
	at com.dotcms.junit.CustomDataProviderRunner.runChild(CustomDataProviderRunner.java:28)
	at com.dotcms.junit.CustomDataProviderRunner.runChild(CustomDataProviderRunner.java:13)
	at org.junit.runners.ParentRunner$3.run(ParentRunner.java:290)
	at org.junit.runners.ParentRunner$1.schedule(ParentRunner.java:71)
	at org.junit.runners.ParentRunner.runChildren(ParentRunner.java:288)
	at org.junit.runners.ParentRunner.access$000(ParentRunner.java:58)
	at org.junit.runners.ParentRunner$2.evaluate(ParentRunner.java:268)
	at org.junit.runners.ParentRunner.run(ParentRunner.java:363)
	at org.junit.runners.Suite.runChild(Suite.java:128)
	at org.junit.runners.Suite.runChild(Suite.java:27)
	at org.junit.runners.ParentRunner$3.run(ParentRunner.java:290)
	at org.junit.runners.ParentRunner$1.schedule(ParentRunner.java:71)
	at org.junit.runners.ParentRunner.runChildren(ParentRunner.java:288)
	at org.junit.runners.ParentRunner.access$000(ParentRunner.java:58)
	at org.junit.runners.ParentRunner$2.evaluate(ParentRunner.java:268)
	at org.junit.runners.ParentRunner.run(ParentRunner.java:363)
	at org.gradle.api.internal.tasks.testing.junit.JUnitTestClassExecutor.runTestClass(JUnitTestClassExecutor.java:106)
	at org.gradle.api.internal.tasks.testing.junit.JUnitTestClassExecutor.execute(JUnitTestClassExecutor.java:58)
	at org.gradle.api.internal.tasks.testing.junit.JUnitTestClassExecutor.execute(JUnitTestClassExecutor.java:38)
	at org.gradle.api.internal.tasks.testing.junit.AbstractJUnitTestClassProcessor.processTestClass(AbstractJUnitTestClassProcessor.java:66)
	at org.gradle.api.internal.tasks.testing.SuiteTestClassProcessor.processTestClass(SuiteTestClassProcessor.java:51)
	at sun.reflect.NativeMethodAccessorImpl.invoke0(Native Method)
	at sun.reflect.NativeMethodAccessorImpl.invoke(NativeMethodAccessorImpl.java:62)
	at sun.reflect.DelegatingMethodAccessorImpl.invoke(DelegatingMethodAccessorImpl.java:43)
	at java.lang.reflect.Method.invoke(Method.java:498)
	at org.gradle.internal.dispatch.ReflectionDispatch.dispatch(ReflectionDispatch.java:35)
	at org.gradle.internal.dispatch.ReflectionDispatch.dispatch(ReflectionDispatch.java:24)
	at org.gradle.internal.dispatch.ContextClassLoaderDispatch.dispatch(ContextClassLoaderDispatch.java:32)
	at org.gradle.internal.dispatch.ProxyDispatchAdapter$DispatchingInvocationHandler.invoke(ProxyDispatchAdapter.java:93)
	at com.sun.proxy.$Proxy2.processTestClass(Unknown Source)
	at org.gradle.api.internal.tasks.testing.worker.TestWorker.processTestClass(TestWorker.java:117)
	at sun.reflect.NativeMethodAccessorImpl.invoke0(Native Method)
	at sun.reflect.NativeMethodAccessorImpl.invoke(NativeMethodAccessorImpl.java:62)
	at sun.reflect.DelegatingMethodAccessorImpl.invoke(DelegatingMethodAccessorImpl.java:43)
	at java.lang.reflect.Method.invoke(Method.java:498)
	at org.gradle.internal.dispatch.ReflectionDispatch.dispatch(ReflectionDispatch.java:35)
	at org.gradle.internal.dispatch.ReflectionDispatch.dispatch(ReflectionDispatch.java:24)
	at org.gradle.internal.remote.internal.hub.MessageHubBackedObjectConnection$DispatchWrapper.dispatch(MessageHubBackedObjectConnection.java:155)
	at org.gradle.internal.remote.internal.hub.MessageHubBackedObjectConnection$DispatchWrapper.dispatch(MessageHubBackedObjectConnection.java:137)
	at org.gradle.internal.remote.internal.hub.MessageHub$Handler.run(MessageHub.java:404)
	at org.gradle.internal.concurrent.ExecutorPolicy$CatchAndRecordFailures.onExecute(ExecutorPolicy.java:63)
	at org.gradle.internal.concurrent.ManagedExecutorImpl$1.run(ManagedExecutorImpl.java:46)
	at java.util.concurrent.ThreadPoolExecutor.runWorker(ThreadPoolExecutor.java:1149)
	at java.util.concurrent.ThreadPoolExecutor$Worker.run(ThreadPoolExecutor.java:624)
	at org.gradle.internal.concurrent.ThreadFactoryImpl$ManagedThreadRunnable.run(ThreadFactoryImpl.java:55)
	at java.lang.Thread.run(Thread.java:748)
</pre>
</span>
</div>
<div class="test">
<a name="addTemplateInBundle[3: com.dotcms.enterprise.publishing.remote.bundler.TemplateBundlerTest$TestCase@5fb39de]"></a>
<h3 class="failures">addTemplateInBundle[3: com.dotcms.enterprise.publishing.remote.bundler.TemplateBundlerTest$TestCase@5fb39de]</h3>
<span class="code">
<pre>java.lang.AssertionError: Fail for Template:
Asset -&gt; com.dotmarketing.portlets.templates.model.Template@509943c9 
difference -&gt; /templateId&gt;&lt;template&gt;&lt;type&gt;template&lt;/type&gt;&lt;inode&gt;0b45847a-512c-4817-8f55-d76469d0809b&lt;/inode&gt;&lt;identifier&gt;2f46c228-3878-4f5b-8801-26b8b49b4291&lt;/identifier&gt;&lt;source&gt;DB&lt;/source&gt;&lt;title&gt;testTitle1614706201392&lt;/title&gt;&lt;friendlyName&gt;testFriendlyName1614706201392&lt;/friendlyName&gt;&lt;modUser&gt;system&lt;/modUser&gt;&lt;sortOrder&gt;2&lt;/sortOrder&gt;&lt;showOnMenu&gt;true&lt;/showOnMenu&gt;&lt;drawed&gt;false&lt;/drawed&gt;&lt;countAddContainer&gt;0&lt;/countAddContainer&gt;&lt;countContainers&gt;0&lt;/countContainers&gt;&lt;/template&gt;&lt;vi class=&quot;com.dotmarketing.portlets.templates.model.TemplateVersionInfo&quot;&gt;&lt;identifier&gt;2f46c228-3878-4f5b-8801-26b8b49b4291&lt;/identifier&gt;&lt;liveInode&gt;5261cd49-cb23-49d5-ab15-f21feb660739&lt;/liveInode&gt;&lt;workingInode&gt;0b45847a-512c-4817-8f55-d76469d0809b&lt;/workingInode&gt;&lt;deleted&gt;false&lt;/deleted&gt;&lt;/vi&gt;&lt;operation&gt;PUBLISH&lt;/operation&gt;&lt;/com.dotcms.publisher.pusher.wrapper.TemplateWrapper&gt;
expected -&gt; &lt;com.dotcms.publisher.pusher.wrapper.TemplateWrapper&gt;&lt;templateId&gt;&lt;id&gt;2f46c228-3878-4f5b-8801-26b8b49b4291&lt;/id&gt;&lt;assetName&gt;2f46c228-3878-4f5b-8801-26b8b49b4291.template&lt;/assetName&gt;&lt;assetType&gt;template&lt;/assetType&gt;&lt;parentPath&gt;/&lt;/parentPath&gt;&lt;hostId&gt;d921ce02-c260-434b-b1a0-b94d48fd54ff&lt;/hostId&gt;&lt;inode&gt;0b45847a-512c-4817-8f55-d76469d0809b&lt;/inode&gt;&lt;identifier&gt;2f46c228-3878-4f5b-8801-26b8b49b4291&lt;/identifier&gt;&lt;source&gt;DB&lt;/source&gt;&lt;title&gt;testTitle1614706201392&lt;/title&gt;&lt;friendlyName&gt;testFriendlyName1614706201392&lt;/friendlyName&gt;&lt;modUser&gt;system&lt;/modUser&gt;&lt;sortOrder&gt;2&lt;/sortOrder&gt;&lt;showOnMenu&gt;true&lt;/showOnMenu&gt;&lt;drawed&gt;false&lt;/drawed&gt;&lt;countAddContainer&gt;0&lt;/countAddContainer&gt;&lt;countContainers&gt;0&lt;/countContainers&gt;&lt;/template&gt;&lt;vi class=&quot;com.dotmarketing.portlets.templates.model.TemplateVersionInfo&quot;&gt;&lt;identifier&gt;2f46c228-3878-4f5b-8801-26b8b49b4291&lt;/identifier&gt;&lt;liveInode&gt;5261cd49-cb23-49d5-ab15-f21feb660739&lt;/liveInode&gt;&lt;workingInode&gt;0b45847a-512c-4817-8f55-d76469d0809b&lt;/workingInode&gt;&lt;deleted&gt;false&lt;/deleted&gt;&lt;/vi&gt;&lt;operation&gt;PUBLISH&lt;/operation&gt;&lt;/com.dotcms.publisher.pusher.wrapper.TemplateWrapper&gt;
real -&gt; &lt;com.dotcms.publisher.pusher.wrapper.TemplateWrapper&gt;&lt;templateId&gt;&lt;id&gt;2f46c228-3878-4f5b-8801-26b8b49b4291&lt;/id&gt;&lt;assetName&gt;2f46c228-3878-4f5b-8801-26b8b49b4291.template&lt;/assetName&gt;&lt;assetType&gt;template&lt;/assetType&gt;&lt;parentPath&gt;/&lt;/parentPath&gt;&lt;hostId&gt;d921ce02-c260-434b-b1a0-b94d48fd54ff&lt;/hostId&gt;&lt;/templateId&gt;&lt;template&gt;&lt;type&gt;template&lt;/type&gt;&lt;inode&gt;0b45847a-512c-4817-8f55-d76469d0809b&lt;/inode&gt;&lt;identifier&gt;2f46c228-3878-4f5b-8801-26b8b49b4291&lt;/identifier&gt;&lt;source&gt;DB&lt;/source&gt;&lt;title&gt;testTitle1614706201392&lt;/title&gt;&lt;friendlyName&gt;testFriendlyName1614706201392&lt;/friendlyName&gt;&lt;modUser&gt;system&lt;/modUser&gt;&lt;sortOrder&gt;2&lt;/sortOrder&gt;&lt;showOnMenu&gt;true&lt;/showOnMenu&gt;&lt;drawed&gt;false&lt;/drawed&gt;&lt;countAddContainer&gt;0&lt;/countAddContainer&gt;&lt;countContainers&gt;0&lt;/countContainers&gt;&lt;/template&gt;&lt;vi class=&quot;com.dotmarketing.portlets.templates.model.TemplateVersionInfo&quot;&gt;&lt;identifier&gt;2f46c228-3878-4f5b-8801-26b8b49b4291&lt;/identifier&gt;&lt;liveInode&gt;5261cd49-cb23-49d5-ab15-f21feb660739&lt;/liveInode&gt;&lt;workingInode&gt;0b45847a-512c-4817-8f55-d76469d0809b&lt;/workingInode&gt;&lt;deleted&gt;false&lt;/deleted&gt;&lt;/vi&gt;&lt;operation&gt;PUBLISH&lt;/operation&gt;&lt;/com.dotcms.publisher.pusher.wrapper.TemplateWrapper&gt;

	at org.jgroups.util.Util.assertEquals(Util.java:185)
	at com.dotcms.test.util.FileTestUtil.assertBundleFile(FileTestUtil.java:254)
	at com.dotcms.test.util.FileTestUtil.assertBundleFile(FileTestUtil.java:191)
	at com.dotcms.enterprise.publishing.remote.bundler.TemplateBundlerTest.addTemplateInBundle(TemplateBundlerTest.java:120)
	at sun.reflect.NativeMethodAccessorImpl.invoke0(Native Method)
	at sun.reflect.NativeMethodAccessorImpl.invoke(NativeMethodAccessorImpl.java:62)
	at sun.reflect.DelegatingMethodAccessorImpl.invoke(DelegatingMethodAccessorImpl.java:43)
	at java.lang.reflect.Method.invoke(Method.java:498)
	at org.junit.runners.model.FrameworkMethod$1.runReflectiveCall(FrameworkMethod.java:50)
	at org.junit.internal.runners.model.ReflectiveCallable.run(ReflectiveCallable.java:12)
	at org.junit.runners.model.FrameworkMethod.invokeExplosively(FrameworkMethod.java:47)
	at com.tngtech.java.junit.dataprovider.DataProviderFrameworkMethod.invokeExplosively(DataProviderFrameworkMethod.java:119)
	at org.junit.internal.runners.statements.InvokeMethod.evaluate(InvokeMethod.java:17)
	at org.junit.rules.TestWatcher$1.evaluate(TestWatcher.java:55)
	at org.junit.rules.RunRules.evaluate(RunRules.java:20)
	at org.junit.runners.ParentRunner.runLeaf(ParentRunner.java:325)
	at com.dotcms.junit.CustomDataProviderRunner.runChild(CustomDataProviderRunner.java:28)
	at com.dotcms.junit.CustomDataProviderRunner.runChild(CustomDataProviderRunner.java:13)
	at org.junit.runners.ParentRunner$3.run(ParentRunner.java:290)
	at org.junit.runners.ParentRunner$1.schedule(ParentRunner.java:71)
	at org.junit.runners.ParentRunner.runChildren(ParentRunner.java:288)
	at org.junit.runners.ParentRunner.access$000(ParentRunner.java:58)
	at org.junit.runners.ParentRunner$2.evaluate(ParentRunner.java:268)
	at org.junit.runners.ParentRunner.run(ParentRunner.java:363)
	at org.junit.runners.Suite.runChild(Suite.java:128)
	at org.junit.runners.Suite.runChild(Suite.java:27)
	at org.junit.runners.ParentRunner$3.run(ParentRunner.java:290)
	at org.junit.runners.ParentRunner$1.schedule(ParentRunner.java:71)
	at org.junit.runners.ParentRunner.runChildren(ParentRunner.java:288)
	at org.junit.runners.ParentRunner.access$000(ParentRunner.java:58)
	at org.junit.runners.ParentRunner$2.evaluate(ParentRunner.java:268)
	at org.junit.runners.ParentRunner.run(ParentRunner.java:363)
	at org.gradle.api.internal.tasks.testing.junit.JUnitTestClassExecutor.runTestClass(JUnitTestClassExecutor.java:106)
	at org.gradle.api.internal.tasks.testing.junit.JUnitTestClassExecutor.execute(JUnitTestClassExecutor.java:58)
	at org.gradle.api.internal.tasks.testing.junit.JUnitTestClassExecutor.execute(JUnitTestClassExecutor.java:38)
	at org.gradle.api.internal.tasks.testing.junit.AbstractJUnitTestClassProcessor.processTestClass(AbstractJUnitTestClassProcessor.java:66)
	at org.gradle.api.internal.tasks.testing.SuiteTestClassProcessor.processTestClass(SuiteTestClassProcessor.java:51)
	at sun.reflect.NativeMethodAccessorImpl.invoke0(Native Method)
	at sun.reflect.NativeMethodAccessorImpl.invoke(NativeMethodAccessorImpl.java:62)
	at sun.reflect.DelegatingMethodAccessorImpl.invoke(DelegatingMethodAccessorImpl.java:43)
	at java.lang.reflect.Method.invoke(Method.java:498)
	at org.gradle.internal.dispatch.ReflectionDispatch.dispatch(ReflectionDispatch.java:35)
	at org.gradle.internal.dispatch.ReflectionDispatch.dispatch(ReflectionDispatch.java:24)
	at org.gradle.internal.dispatch.ContextClassLoaderDispatch.dispatch(ContextClassLoaderDispatch.java:32)
	at org.gradle.internal.dispatch.ProxyDispatchAdapter$DispatchingInvocationHandler.invoke(ProxyDispatchAdapter.java:93)
	at com.sun.proxy.$Proxy2.processTestClass(Unknown Source)
	at org.gradle.api.internal.tasks.testing.worker.TestWorker.processTestClass(TestWorker.java:117)
	at sun.reflect.NativeMethodAccessorImpl.invoke0(Native Method)
	at sun.reflect.NativeMethodAccessorImpl.invoke(NativeMethodAccessorImpl.java:62)
	at sun.reflect.DelegatingMethodAccessorImpl.invoke(DelegatingMethodAccessorImpl.java:43)
	at java.lang.reflect.Method.invoke(Method.java:498)
	at org.gradle.internal.dispatch.ReflectionDispatch.dispatch(ReflectionDispatch.java:35)
	at org.gradle.internal.dispatch.ReflectionDispatch.dispatch(ReflectionDispatch.java:24)
	at org.gradle.internal.remote.internal.hub.MessageHubBackedObjectConnection$DispatchWrapper.dispatch(MessageHubBackedObjectConnection.java:155)
	at org.gradle.internal.remote.internal.hub.MessageHubBackedObjectConnection$DispatchWrapper.dispatch(MessageHubBackedObjectConnection.java:137)
	at org.gradle.internal.remote.internal.hub.MessageHub$Handler.run(MessageHub.java:404)
	at org.gradle.internal.concurrent.ExecutorPolicy$CatchAndRecordFailures.onExecute(ExecutorPolicy.java:63)
	at org.gradle.internal.concurrent.ManagedExecutorImpl$1.run(ManagedExecutorImpl.java:46)
	at java.util.concurrent.ThreadPoolExecutor.runWorker(ThreadPoolExecutor.java:1149)
	at java.util.concurrent.ThreadPoolExecutor$Worker.run(ThreadPoolExecutor.java:624)
	at org.gradle.internal.concurrent.ThreadFactoryImpl$ManagedThreadRunnable.run(ThreadFactoryImpl.java:55)
	at java.lang.Thread.run(Thread.java:748)
</pre>
</span>
</div>
</div>
<div id="tab1" class="tab">
<h2>Tests</h2>
<table>
<thead>
<tr>
<th>Test</th>
<th>Duration</th>
<th>Result</th>
</tr>
</thead>
<tr>
<td class="failures">addTemplateInBundle[0: com.dotcms.enterprise.publishing.remote.bundler.TemplateBundlerTest$TestCase@f2f5a5a]</td>
<td class="failures">0.005s</td>
<td class="failures">failed</td>
</tr>
<tr>
<td class="failures">addTemplateInBundle[1: com.dotcms.enterprise.publishing.remote.bundler.TemplateBundlerTest$TestCase@6e6a79a5]</td>
<td class="failures">0.009s</td>
<td class="failures">failed</td>
</tr>
<tr>
<td class="failures">addTemplateInBundle[2: com.dotcms.enterprise.publishing.remote.bundler.TemplateBundlerTest$TestCase@1c56d78b]</td>
<td class="failures">0.032s</td>
<td class="failures">failed</td>
</tr>
<tr>
<td class="failures">addTemplateInBundle[3: com.dotcms.enterprise.publishing.remote.bundler.TemplateBundlerTest$TestCase@5fb39de]</td>
<td class="failures">0.012s</td>
<td class="failures">failed</td>
</tr>
</table>
</div>
</div>
<div id="footer">
<p>
<div>
<label class="hidden" id="label-for-line-wrapping-toggle" for="line-wrapping-toggle">Wrap lines
<input id="line-wrapping-toggle" type="checkbox" autocomplete="off"/>
</label>
</div>Generated by 
<a href="http://www.gradle.org">Gradle 4.10.2</a> at Mar 2, 2021 6:51:51 PM</p>
</div>
</div>
</body>
</html>
