<!DOCTYPE html>
<html>
<head>
<meta http-equiv="Content-Type" content="text/html; charset=utf-8"/>
<meta http-equiv="x-ua-compatible" content="IE=edge"/>
<title>Test results - Class com.dotmarketing.cms.urlmap.URLMapAPIImplTest</title>
<link href="../css/base-style.css" rel="stylesheet" type="text/css"/>
<link href="../css/style.css" rel="stylesheet" type="text/css"/>
<script src="../js/report.js" type="text/javascript"></script>
</head>
<body>
<div id="content">
<h1>Class com.dotmarketing.cms.urlmap.URLMapAPIImplTest</h1>
<div class="breadcrumbs">
<a href="../index.html">all</a> &gt; 
<a href="../packages/com.dotmarketing.cms.urlmap.html">com.dotmarketing.cms.urlmap</a> &gt; URLMapAPIImplTest</div>
<div id="summary">
<table>
<tr>
<td>
<div class="summaryGroup">
<table>
<tr>
<td>
<div class="infoBox" id="tests">
<div class="counter">18</div>
<p>tests</p>
</div>
</td>
<td>
<div class="infoBox" id="failures">
<div class="counter">1</div>
<p>failures</p>
</div>
</td>
<td>
<div class="infoBox" id="ignored">
<div class="counter">0</div>
<p>ignored</p>
</div>
</td>
<td>
<div class="infoBox" id="duration">
<div class="counter">1m18.70s</div>
<p>duration</p>
</div>
</td>
</tr>
</table>
</div>
</td>
<td>
<div class="infoBox failures" id="successRate">
<div class="percent">94%</div>
<p>successful</p>
</div>
</td>
</tr>
</table>
</div>
<div id="tabs">
<ul class="tabLinks">
<li>
<a href="#tab0">Failed tests</a>
</li>
<li>
<a href="#tab1">Tests</a>
</li>
</ul>
<div id="tab0" class="tab">
<h2>Failed tests</h2>
<div class="test">
<a name="isUrlPatternWithoutUrlMap"></a>
<h3 class="failures">isUrlPatternWithoutUrlMap</h3>
<span class="code">
<pre>java.lang.RuntimeException: Unable to persist Host.
	at com.dotcms.datagen.SiteDataGen.persist(SiteDataGen.java:69)
	at com.dotcms.datagen.SiteDataGen.persist(SiteDataGen.java:75)
	at com.dotcms.datagen.SiteDataGen.nextPersisted(SiteDataGen.java:85)
	at com.dotmarketing.cms.urlmap.URLMapAPIImplTest.prepare(URLMapAPIImplTest.java:51)
	at sun.reflect.NativeMethodAccessorImpl.invoke0(Native Method)
	at sun.reflect.NativeMethodAccessorImpl.invoke(NativeMethodAccessorImpl.java:62)
	at sun.reflect.DelegatingMethodAccessorImpl.invoke(DelegatingMethodAccessorImpl.java:43)
	at java.lang.reflect.Method.invoke(Method.java:498)
	at org.junit.runners.model.FrameworkMethod$1.runReflectiveCall(FrameworkMethod.java:50)
	at org.junit.internal.runners.model.ReflectiveCallable.run(ReflectiveCallable.java:12)
	at org.junit.runners.model.FrameworkMethod.invokeExplosively(FrameworkMethod.java:47)
	at org.junit.internal.runners.statements.RunBefores.evaluate(RunBefores.java:24)
	at org.junit.rules.TestWatcher$1.evaluate(TestWatcher.java:55)
	at org.junit.rules.RunRules.evaluate(RunRules.java:20)
	at org.junit.runners.ParentRunner.runLeaf(ParentRunner.java:325)
	at com.dotcms.junit.CustomDataProviderRunner.runChild(CustomDataProviderRunner.java:28)
	at com.dotcms.junit.CustomDataProviderRunner.runChild(CustomDataProviderRunner.java:13)
	at org.junit.runners.ParentRunner$3.run(ParentRunner.java:290)
	at org.junit.runners.ParentRunner$1.schedule(ParentRunner.java:71)
	at org.junit.runners.ParentRunner.runChildren(ParentRunner.java:288)
	at org.junit.runners.ParentRunner.access$000(ParentRunner.java:58)
	at org.junit.runners.ParentRunner$2.evaluate(ParentRunner.java:268)
	at org.junit.runners.ParentRunner.run(ParentRunner.java:363)
	at org.junit.runners.Suite.runChild(Suite.java:128)
	at org.junit.runners.Suite.runChild(Suite.java:27)
	at org.junit.runners.ParentRunner$3.run(ParentRunner.java:290)
	at org.junit.runners.ParentRunner$1.schedule(ParentRunner.java:71)
	at org.junit.runners.ParentRunner.runChildren(ParentRunner.java:288)
	at org.junit.runners.ParentRunner.access$000(ParentRunner.java:58)
	at org.junit.runners.ParentRunner$2.evaluate(ParentRunner.java:268)
	at org.junit.runners.ParentRunner.run(ParentRunner.java:363)
	at org.gradle.api.internal.tasks.testing.junit.JUnitTestClassExecutor.runTestClass(JUnitTestClassExecutor.java:106)
	at org.gradle.api.internal.tasks.testing.junit.JUnitTestClassExecutor.execute(JUnitTestClassExecutor.java:58)
	at org.gradle.api.internal.tasks.testing.junit.JUnitTestClassExecutor.execute(JUnitTestClassExecutor.java:38)
	at org.gradle.api.internal.tasks.testing.junit.AbstractJUnitTestClassProcessor.processTestClass(AbstractJUnitTestClassProcessor.java:66)
	at org.gradle.api.internal.tasks.testing.SuiteTestClassProcessor.processTestClass(SuiteTestClassProcessor.java:51)
	at sun.reflect.NativeMethodAccessorImpl.invoke0(Native Method)
	at sun.reflect.NativeMethodAccessorImpl.invoke(NativeMethodAccessorImpl.java:62)
	at sun.reflect.DelegatingMethodAccessorImpl.invoke(DelegatingMethodAccessorImpl.java:43)
	at java.lang.reflect.Method.invoke(Method.java:498)
	at org.gradle.internal.dispatch.ReflectionDispatch.dispatch(ReflectionDispatch.java:35)
	at org.gradle.internal.dispatch.ReflectionDispatch.dispatch(ReflectionDispatch.java:24)
	at org.gradle.internal.dispatch.ContextClassLoaderDispatch.dispatch(ContextClassLoaderDispatch.java:32)
	at org.gradle.internal.dispatch.ProxyDispatchAdapter$DispatchingInvocationHandler.invoke(ProxyDispatchAdapter.java:93)
	at com.sun.proxy.$Proxy2.processTestClass(Unknown Source)
	at org.gradle.api.internal.tasks.testing.worker.TestWorker.processTestClass(TestWorker.java:117)
	at sun.reflect.NativeMethodAccessorImpl.invoke0(Native Method)
	at sun.reflect.NativeMethodAccessorImpl.invoke(NativeMethodAccessorImpl.java:62)
	at sun.reflect.DelegatingMethodAccessorImpl.invoke(DelegatingMethodAccessorImpl.java:43)
	at java.lang.reflect.Method.invoke(Method.java:498)
	at org.gradle.internal.dispatch.ReflectionDispatch.dispatch(ReflectionDispatch.java:35)
	at org.gradle.internal.dispatch.ReflectionDispatch.dispatch(ReflectionDispatch.java:24)
	at org.gradle.internal.remote.internal.hub.MessageHubBackedObjectConnection$DispatchWrapper.dispatch(MessageHubBackedObjectConnection.java:155)
	at org.gradle.internal.remote.internal.hub.MessageHubBackedObjectConnection$DispatchWrapper.dispatch(MessageHubBackedObjectConnection.java:137)
	at org.gradle.internal.remote.internal.hub.MessageHub$Handler.run(MessageHub.java:404)
	at org.gradle.internal.concurrent.ExecutorPolicy$CatchAndRecordFailures.onExecute(ExecutorPolicy.java:63)
	at org.gradle.internal.concurrent.ManagedExecutorImpl$1.run(ManagedExecutorImpl.java:46)
	at java.util.concurrent.ThreadPoolExecutor.runWorker(ThreadPoolExecutor.java:1149)
	at java.util.concurrent.ThreadPoolExecutor$Worker.run(ThreadPoolExecutor.java:624)
	at org.gradle.internal.concurrent.ThreadFactoryImpl$ManagedThreadRunnable.run(ThreadFactoryImpl.java:55)
	at java.lang.Thread.run(Thread.java:748)
Caused by: com.dotmarketing.portlets.contentlet.business.DotContentletValidationException: Unique field [hostName] could not be validated: An error occurred when executing the Lucene Query [ {&quot;size&quot;:10000,&quot;timeout&quot;:&quot;15000ms&quot;,&quot;query&quot;:{&quot;match_all&quot;:{&quot;boost&quot;:1.0}},&quot;post_filter&quot;:{&quot;query_string&quot;:{&quot;query&quot;:&quot;9b047663-43db-4b74-b138-6c8d64ecfa79 +structurename:host +languageid:1 +host.hostname_sha256:baab0577290b903217c1c2e334e7f73f0e56d8b73d58ecfcc62430b59151ae63 +working:true&quot;,&quot;fields&quot;:[],&quot;type&quot;:&quot;best_fields&quot;,&quot;default_operator&quot;:&quot;or&quot;,&quot;max_determinized_states&quot;:10000,&quot;enable_position_increments&quot;:true,&quot;fuzziness&quot;:&quot;AUTO&quot;,&quot;fuzzy_prefix_length&quot;:0,&quot;fuzzy_max_expansions&quot;:50,&quot;phrase_slop&quot;:0,&quot;escape&quot;:false,&quot;auto_generate_synonyms_phrase_query&quot;:true,&quot;fuzzy_transpositions&quot;:true,&quot;boost&quot;:1.0}},&quot;_source&quot;:{&quot;includes&quot;:[&quot;inode&quot;,&quot;identifier&quot;],&quot;excludes&quot;:[]},&quot;sort&quot;:[{&quot;inode_dotraw&quot;:{&quot;order&quot;:&quot;asc&quot;}}],&quot;track_total_hits&quot;:10000000} ] : Request cannot be executed; I/O reactor status: STOPPED


	at com.dotcms.content.elasticsearch.business.ESContentletAPIImpl.validateContentlet_aroundBody160(ESContentletAPIImpl.java:6334)
	at com.dotcms.content.elasticsearch.business.ESContentletAPIImpl$AjcClosure161.run(ESContentletAPIImpl.java:1)
	at org.aspectj.runtime.reflect.JoinPointImpl.proceed(JoinPointImpl.java:149)
	at com.dotcms.aspects.aspectj.AspectJDelegateMethodInvocation.proceed(AspectJDelegateMethodInvocation.java:42)
	at com.dotcms.aspects.interceptors.CloseDBIfOpenedMethodInterceptor.invoke(CloseDBIfOpenedMethodInterceptor.java:29)
	at com.dotcms.aspects.aspectj.CloseDBIfOpenedAspect.invoke(CloseDBIfOpenedAspect.java:41)
	at com.dotcms.content.elasticsearch.business.ESContentletAPIImpl.validateContentlet(ESContentletAPIImpl.java:6098)
	at com.dotcms.content.elasticsearch.business.ESContentletAPIImpl.validateContentlet_aroundBody164(ESContentletAPIImpl.java:6650)
	at com.dotcms.content.elasticsearch.business.ESContentletAPIImpl$AjcClosure165.run(ESContentletAPIImpl.java:1)
	at org.aspectj.runtime.reflect.JoinPointImpl.proceed(JoinPointImpl.java:149)
	at com.dotcms.aspects.aspectj.AspectJDelegateMethodInvocation.proceed(AspectJDelegateMethodInvocation.java:42)
	at com.dotcms.aspects.interceptors.CloseDBIfOpenedMethodInterceptor.invoke(CloseDBIfOpenedMethodInterceptor.java:29)
	at com.dotcms.aspects.aspectj.CloseDBIfOpenedAspect.invoke(CloseDBIfOpenedAspect.java:41)
	at com.dotcms.content.elasticsearch.business.ESContentletAPIImpl.validateContentlet(ESContentletAPIImpl.java:6638)
	at com.dotmarketing.portlets.contentlet.business.ContentletAPIInterceptor.validateContentlet(ContentletAPIInterceptor.java:1924)
	at com.dotcms.content.elasticsearch.business.ESContentletAPIImpl.internalCheckin(ESContentletAPIImpl.java:4512)
	at com.dotcms.content.elasticsearch.business.ESContentletAPIImpl.lambda$45(ESContentletAPIImpl.java:4180)
	at com.dotcms.concurrent.lock.StripedLockImpl.tryLock(StripedLockImpl.java:100)
	at com.dotcms.concurrent.lock.StripedLockImpl.tryLock(StripedLockImpl.java:55)
	at com.dotcms.concurrent.lock.IdentifierStripedLock.tryLock(IdentifierStripedLock.java:16)
	at com.dotcms.content.elasticsearch.business.ESContentletAPIImpl.checkin_aroundBody144(ESContentletAPIImpl.java:4179)
	at com.dotcms.content.elasticsearch.business.ESContentletAPIImpl$AjcClosure145.run(ESContentletAPIImpl.java:1)
	at org.aspectj.runtime.reflect.JoinPointImpl.proceed(JoinPointImpl.java:149)
	at com.dotcms.aspects.aspectj.AspectJDelegateMethodInvocation.proceed(AspectJDelegateMethodInvocation.java:42)
	at com.dotmarketing.db.LocalTransaction.wrapReturnWithListeners(LocalTransaction.java:59)
	at com.dotcms.aspects.interceptors.WrapInTransactionMethodInterceptor.invoke(WrapInTransactionMethodInterceptor.java:23)
	at com.dotcms.aspects.aspectj.WrapInTransactionAspect.invoke(WrapInTransactionAspect.java:41)
	at com.dotcms.content.elasticsearch.business.ESContentletAPIImpl.checkin(ESContentletAPIImpl.java:4138)
	at com.dotcms.content.elasticsearch.business.ESContentletAPIImpl.checkin(ESContentletAPIImpl.java:8301)
	at com.dotcms.content.elasticsearch.business.ESContentletAPIImpl.checkin_aroundBody134(ESContentletAPIImpl.java:4049)
	at com.dotcms.content.elasticsearch.business.ESContentletAPIImpl$AjcClosure135.run(ESContentletAPIImpl.java:1)
	at org.aspectj.runtime.reflect.JoinPointImpl.proceed(JoinPointImpl.java:149)
	at com.dotcms.aspects.aspectj.AspectJDelegateMethodInvocation.proceed(AspectJDelegateMethodInvocation.java:42)
	at com.dotcms.aspects.interceptors.CloseDBIfOpenedMethodInterceptor.invoke(CloseDBIfOpenedMethodInterceptor.java:29)
	at com.dotcms.aspects.aspectj.CloseDBIfOpenedAspect.invoke(CloseDBIfOpenedAspect.java:41)
	at com.dotcms.content.elasticsearch.business.ESContentletAPIImpl.checkin(ESContentletAPIImpl.java:4044)
	at com.dotmarketing.portlets.contentlet.business.ContentletAPIInterceptor.checkin(ContentletAPIInterceptor.java:258)
	at com.dotmarketing.portlets.contentlet.business.HostAPIImpl.save_aroundBody14(HostAPIImpl.java:417)
	at com.dotmarketing.portlets.contentlet.business.HostAPIImpl$AjcClosure15.run(HostAPIImpl.java:1)
	at org.aspectj.runtime.reflect.JoinPointImpl.proceed(JoinPointImpl.java:149)
	at com.dotcms.aspects.aspectj.AspectJDelegateMethodInvocation.proceed(AspectJDelegateMethodInvocation.java:42)
	at com.dotmarketing.db.LocalTransaction.wrapReturnWithListeners(LocalTransaction.java:59)
	at com.dotcms.aspects.interceptors.WrapInTransactionMethodInterceptor.invoke(WrapInTransactionMethodInterceptor.java:23)
	at com.dotcms.aspects.aspectj.WrapInTransactionAspect.invoke(WrapInTransactionAspect.java:41)
	at com.dotmarketing.portlets.contentlet.business.HostAPIImpl.save(HostAPIImpl.java:398)
	at com.dotcms.datagen.SiteDataGen.persist(SiteDataGen.java:59)
	... 60 more
Caused by: com.dotmarketing.exception.DotRuntimeException: An error occurred when executing the Lucene Query [ {&quot;size&quot;:10000,&quot;timeout&quot;:&quot;15000ms&quot;,&quot;query&quot;:{&quot;match_all&quot;:{&quot;boost&quot;:1.0}},&quot;post_filter&quot;:{&quot;query_string&quot;:{&quot;query&quot;:&quot;9b047663-43db-4b74-b138-6c8d64ecfa79 +structurename:host +languageid:1 +host.hostname_sha256:baab0577290b903217c1c2e334e7f73f0e56d8b73d58ecfcc62430b59151ae63 +working:true&quot;,&quot;fields&quot;:[],&quot;type&quot;:&quot;best_fields&quot;,&quot;default_operator&quot;:&quot;or&quot;,&quot;max_determinized_states&quot;:10000,&quot;enable_position_increments&quot;:true,&quot;fuzziness&quot;:&quot;AUTO&quot;,&quot;fuzzy_prefix_length&quot;:0,&quot;fuzzy_max_expansions&quot;:50,&quot;phrase_slop&quot;:0,&quot;escape&quot;:false,&quot;auto_generate_synonyms_phrase_query&quot;:true,&quot;fuzzy_transpositions&quot;:true,&quot;boost&quot;:1.0}},&quot;_source&quot;:{&quot;includes&quot;:[&quot;inode&quot;,&quot;identifier&quot;],&quot;excludes&quot;:[]},&quot;sort&quot;:[{&quot;inode_dotraw&quot;:{&quot;order&quot;:&quot;asc&quot;}}],&quot;track_total_hits&quot;:10000000} ] : Request cannot be executed; I/O reactor status: STOPPED
	at com.dotcms.content.elasticsearch.business.ESContentFactoryImpl.cachedIndexSearch(ESContentFactoryImpl.java:1584)
	at com.dotcms.content.elasticsearch.business.ESContentFactoryImpl.indexSearch(ESContentFactoryImpl.java:1697)
	at com.dotcms.content.elasticsearch.business.ESContentletAPIImpl.searchIndex(ESContentletAPIImpl.java:974)
	at com.dotcms.content.elasticsearch.business.ESContentletAPIImpl.validateContentlet_aroundBody160(ESContentletAPIImpl.java:6329)
	... 105 more
Caused by: java.lang.RuntimeException: Request cannot be executed; I/O reactor status: STOPPED
	at org.elasticsearch.client.RestClient.extractAndWrapCause(RestClient.java:796)
	at org.elasticsearch.client.RestClient.performRequest(RestClient.java:218)
	at org.elasticsearch.client.RestClient.performRequest(RestClient.java:205)
	at org.elasticsearch.client.RestHighLevelClient.internalPerformRequest(RestHighLevelClient.java:1454)
	at org.elasticsearch.client.RestHighLevelClient.performRequest(RestHighLevelClient.java:1424)
	at org.elasticsearch.client.RestHighLevelClient.performRequestAndParseEntity(RestHighLevelClient.java:1394)
	at org.elasticsearch.client.RestHighLevelClient.search(RestHighLevelClient.java:930)
	at com.dotcms.content.elasticsearch.business.ESContentFactoryImpl.cachedIndexSearch(ESContentFactoryImpl.java:1559)
	... 108 more
Caused by: java.lang.IllegalStateException: Request cannot be executed; I/O reactor status: STOPPED
	at org.apache.http.util.Asserts.check(Asserts.java:46)
	at org.apache.http.impl.nio.client.CloseableHttpAsyncClientBase.ensureRunning(CloseableHttpAsyncClientBase.java:90)
	at org.apache.http.impl.nio.client.InternalHttpAsyncClient.execute(InternalHttpAsyncClient.java:123)
	at org.elasticsearch.client.RestClient.performRequest(RestClient.java:214)
	... 114 more
</pre>
</span>
</div>
</div>
<div id="tab1" class="tab">
<h2>Tests</h2>
<table>
<thead>
<tr>
<th>Test</th>
<th>Duration</th>
<th>Result</th>
</tr>
</thead>
<tr>
<td class="failures">isUrlPatternWithoutUrlMap</td>
<td class="failures">0.027s</td>
<td class="failures">failed</td>
</tr>
<tr>
<td class="success">processURLMapWithoutUrlMap</td>
<td class="success">2.584s</td>
<td class="success">passed</td>
</tr>
<tr>
<td class="success">shouldNotMatchUrlStaringWithAPI</td>
<td class="success">4.820s</td>
<td class="success">passed</td>
</tr>
<tr>
<td class="success">shouldReturnContentletWhenTheContentExists</td>
<td class="success">4.979s</td>
<td class="success">passed</td>
</tr>
<tr>
<td class="success">shouldReturnContentletWhenTheContentExistsAndUseAFloatField</td>
<td class="success">2.108s</td>
<td class="success">passed</td>
</tr>
<tr>
<td class="success">shouldReturnContentletWhenTheContentExistsAndUseAIntegerFIeld</td>
<td class="success">2.477s</td>
<td class="success">passed</td>
</tr>
<tr>
<td class="success">shouldReturnEmptyOptionalWhenContentExistsInFuture</td>
<td class="success">4.705s</td>
<td class="success">passed</td>
</tr>
<tr>
<td class="success">shouldReturnInPREVIEW_MODEWhenContentExistsInFuture</td>
<td class="success">5.318s</td>
<td class="success">passed</td>
</tr>
<tr>
<td class="success">shouldReturnNullWhenTheContentNotExists</td>
<td class="success">4.869s</td>
<td class="success">passed</td>
</tr>
<tr>
<td class="success">shouldReturnNullWhenThePageUriIsNotDetailPage</td>
<td class="success">2.142s</td>
<td class="success">passed</td>
</tr>
<tr>
<td class="success">shouldReturnURLInfoWhenContentExistsInFutureButTimeMachineIsSet</td>
<td class="success">4.126s</td>
<td class="success">passed</td>
</tr>
<tr>
<td class="success">shouldThrowDotSecurityExceptionWhenUserDontHavePermission</td>
<td class="success">5.109s</td>
<td class="success">passed</td>
</tr>
<tr>
<td class="success">systemHost_UrlMaps_Should_Work_Across_Hosts</td>
<td class="success">9.111s</td>
<td class="success">passed</td>
</tr>
<tr>
<td class="success">test_multiple_content_types_using_same_pattern</td>
<td class="success">7.812s</td>
<td class="success">passed</td>
</tr>
<tr>
<td class="success">test_url_map_pattern_at_root</td>
<td class="success">4.266s</td>
<td class="success">passed</td>
</tr>
<tr>
<td class="success">test_url_map_pattern_at_root_with_slash_in_url_title</td>
<td class="success">4.559s</td>
<td class="success">passed</td>
</tr>
<tr>
<td class="success">test_url_map_pattern_with_slash_in_url_title</td>
<td class="success">4.479s</td>
<td class="success">passed</td>
</tr>
<tr>
<td class="success">test_url_map_pattern_with_slash_in_url_title_complex_rul_map_pattern</td>
<td class="success">5.209s</td>
<td class="success">passed</td>
</tr>
</table>
</div>
</div>
<div id="footer">
<p>
<div>
<label class="hidden" id="label-for-line-wrapping-toggle" for="line-wrapping-toggle">Wrap lines
<input id="line-wrapping-toggle" type="checkbox" autocomplete="off"/>
</label>
</div>Generated by 
<a href="http://www.gradle.org">Gradle 4.10.2</a> at Mar 8, 2021 6:58:06 PM</p>
</div>
</div>
</body>
</html>
