<!DOCTYPE html>
<html>
<head>
<meta http-equiv="Content-Type" content="text/html; charset=utf-8"/>
<meta http-equiv="x-ua-compatible" content="IE=edge"/>
<title>Test results - Class com.dotcms.publishing.PublisherAPIImplTest</title>
<link href="../css/base-style.css" rel="stylesheet" type="text/css"/>
<link href="../css/style.css" rel="stylesheet" type="text/css"/>
<script src="../js/report.js" type="text/javascript"></script>
</head>
<body>
<div id="content">
<h1>Class com.dotcms.publishing.PublisherAPIImplTest</h1>
<div class="breadcrumbs">
<a href="../index.html">all</a> &gt; 
<a href="../packages/com.dotcms.publishing.html">com.dotcms.publishing</a> &gt; PublisherAPIImplTest</div>
<div id="summary">
<table>
<tr>
<td>
<div class="summaryGroup">
<table>
<tr>
<td>
<div class="infoBox" id="tests">
<div class="counter">18</div>
<p>tests</p>
</div>
</td>
<td>
<div class="infoBox" id="failures">
<div class="counter">18</div>
<p>failures</p>
</div>
</td>
<td>
<div class="infoBox" id="ignored">
<div class="counter">0</div>
<p>ignored</p>
</div>
</td>
<td>
<div class="infoBox" id="duration">
<div class="counter">2.055s</div>
<p>duration</p>
</div>
</td>
</tr>
</table>
</div>
</td>
<td>
<div class="infoBox failures" id="successRate">
<div class="percent">0%</div>
<p>successful</p>
</div>
</td>
</tr>
</table>
</div>
<div id="tabs">
<ul class="tabLinks">
<li>
<a href="#tab0">Failed tests</a>
</li>
<li>
<a href="#tab1">Tests</a>
</li>
<li>
<a href="#tab2">Standard output</a>
</li>
</ul>
<div id="tab0" class="tab">
<h2>Failed tests</h2>
<div class="test">
<a name="publish[0: com.dotcms.publishing.PublisherAPIImplTest$TestCase@9c95e5d]"></a>
<h3 class="failures">publish[0: com.dotcms.publishing.PublisherAPIImplTest$TestCase@9c95e5d]</h3>
<span class="code">
<pre>java.lang.AssertionError: Expected 24 but get 26 in /custom/assets/bundles/01EZZ5P81J2XFQWPJ22PFQAF4N
Expected [/custom/assets/bundles/01EZZ5P81J2XFQWPJ22PFQAF4N/live/System Host/1/3-content.aee675db-6afa-494d-b0f4-291eedb2a642.content.xml, /custom/assets/bundles/01EZZ5P81J2XFQWPJ22PFQAF4N/working/System Host/1/82be8bb5-9fd4-4035-a493-e553d492a744.contentworkflow.xml, /custom/assets/bundles/01EZZ5P81J2XFQWPJ22PFQAF4N/working/System Host/1/0-content.aee675db-6afa-494d-b0f4-291eedb2a642.content.xml, /custom/assets/bundles/01EZZ5P81J2XFQWPJ22PFQAF4N/d61a59e1-a49c-46f2-a929-db2b4bfa88b2.workflow.xml, /custom/assets/bundles/01EZZ5P81J2XFQWPJ22PFQAF4N/live/default/1614877867043/b9be4647-b762-46ba-ad74-484767ab1c3f.contentworkflow.xml, /custom/assets/bundles/01EZZ5P81J2XFQWPJ22PFQAF4N/working/test1614875718784.dotcms.com/35c04e3c-01ec-4e0a-be4a-3ec904a444c2.relationship.xml, /custom/assets/bundles/01EZZ5P81J2XFQWPJ22PFQAF4N/live/default/27614763-21ef-43d7-bc5a-226774e56204.rule.xml, /custom/assets/bundles/01EZZ5P81J2XFQWPJ22PFQAF4N/live/System Host/1/82be8bb5-9fd4-4035-a493-e553d492a744.contentworkflow.xml, /custom/assets/bundles/01EZZ5P81J2XFQWPJ22PFQAF4N/89a18909-5b1f-4b4c-b6b2-8730328d4d0b.workflow.xml, /custom/assets/bundles/01EZZ5P81J2XFQWPJ22PFQAF4N/working/System Host/1/content.ff462f88-d9e1-4d31-b084-b73cb61976d3.host.xml, /custom/assets/bundles/01EZZ5P81J2XFQWPJ22PFQAF4N/live/System Host/1/2-content.6519c7f0-8a2a-49d4-901f-f59fe516e499.content.xml, /custom/assets/bundles/01EZZ5P81J2XFQWPJ22PFQAF4N/live/System Host/qp_YQ.language.xml, /custom/assets/bundles/01EZZ5P81J2XFQWPJ22PFQAF4N/live/System Host/en_US.language.xml, /custom/assets/bundles/01EZZ5P81J2XFQWPJ22PFQAF4N/live/System Host/1/content.4a57720b-021e-436d-a1f4-fe5b993979b2.host.xml, /custom/assets/bundles/01EZZ5P81J2XFQWPJ22PFQAF4N/working/System Host/f4d7c1b8-2c88-4071-abf1-a5328977b07d.contentType.json, /custom/assets/bundles/01EZZ5P81J2XFQWPJ22PFQAF4N/working/test1614875718784.dotcms.com/b724c117-9b5f-4f03-9cc0-832f58b611ba.contentType.json, /custom/assets/bundles/01EZZ5P81J2XFQWPJ22PFQAF4N/working/test1614875718784.dotcms.com/990e23b4-1b64-47fa-b2fc-5ed6994e1081.contentType.json, /custom/assets/bundles/01EZZ5P81J2XFQWPJ22PFQAF4N/live/System Host/1/e82b425b-5cd8-420a-ac4f-0c0e41465bca.contentworkflow.xml, /custom/assets/bundles/01EZZ5P81J2XFQWPJ22PFQAF4N/live/System Host/1/content.ff462f88-d9e1-4d31-b084-b73cb61976d3.host.xml, /custom/assets/bundles/01EZZ5P81J2XFQWPJ22PFQAF4N/live/System Host/1614877867043properties, /custom/assets/bundles/01EZZ5P81J2XFQWPJ22PFQAF4N/live/System Host/1properties, /custom/assets/bundles/01EZZ5P81J2XFQWPJ22PFQAF4N/working/System Host/5c8cb632-8f98-4a50-aafe-a7c1d3b199e4.category.dpc.xml, /custom/assets/bundles/01EZZ5P81J2XFQWPJ22PFQAF4N/live/default/1614877867043/1-content.c67af8e9-9ab7-4522-aa3b-4fde70e0772c.content.xml]
Existing [/custom/assets/bundles/01EZZ5P81J2XFQWPJ22PFQAF4N/89a18909-5b1f-4b4c-b6b2-8730328d4d0b.workflow.xml, /custom/assets/bundles/01EZZ5P81J2XFQWPJ22PFQAF4N/ROOT/bc9a1d37-dd2d-4d49-a29d-0c9be740bfaf.folder.xml, /custom/assets/bundles/01EZZ5P81J2XFQWPJ22PFQAF4N/bundle.xml, /custom/assets/bundles/01EZZ5P81J2XFQWPJ22PFQAF4N/d61a59e1-a49c-46f2-a929-db2b4bfa88b2.workflow.xml, /custom/assets/bundles/01EZZ5P81J2XFQWPJ22PFQAF4N/live/System Host/1/2-content.6519c7f0-8a2a-49d4-901f-f59fe516e499.content.xml, /custom/assets/bundles/01EZZ5P81J2XFQWPJ22PFQAF4N/live/System Host/1/3-content.aee675db-6afa-494d-b0f4-291eedb2a642.content.xml, /custom/assets/bundles/01EZZ5P81J2XFQWPJ22PFQAF4N/live/System Host/1/82be8bb5-9fd4-4035-a493-e553d492a744.contentworkflow.xml, /custom/assets/bundles/01EZZ5P81J2XFQWPJ22PFQAF4N/live/System Host/1/content.4a57720b-021e-436d-a1f4-fe5b993979b2.host.xml, /custom/assets/bundles/01EZZ5P81J2XFQWPJ22PFQAF4N/live/System Host/1/content.ff462f88-d9e1-4d31-b084-b73cb61976d3.host.xml, /custom/assets/bundles/01EZZ5P81J2XFQWPJ22PFQAF4N/live/System Host/1/e82b425b-5cd8-420a-ac4f-0c0e41465bca.contentworkflow.xml, /custom/assets/bundles/01EZZ5P81J2XFQWPJ22PFQAF4N/live/System Host/1/system host.host.xml, /custom/assets/bundles/01EZZ5P81J2XFQWPJ22PFQAF4N/live/System Host/1614877867043properties, /custom/assets/bundles/01EZZ5P81J2XFQWPJ22PFQAF4N/live/System Host/1properties, /custom/assets/bundles/01EZZ5P81J2XFQWPJ22PFQAF4N/live/System Host/en_US.language.xml, /custom/assets/bundles/01EZZ5P81J2XFQWPJ22PFQAF4N/live/System Host/qp_YQ.language.xml, /custom/assets/bundles/01EZZ5P81J2XFQWPJ22PFQAF4N/live/default/1614877867043/1-content.c67af8e9-9ab7-4522-aa3b-4fde70e0772c.content.xml, /custom/assets/bundles/01EZZ5P81J2XFQWPJ22PFQAF4N/live/default/1614877867043/b9be4647-b762-46ba-ad74-484767ab1c3f.contentworkflow.xml, /custom/assets/bundles/01EZZ5P81J2XFQWPJ22PFQAF4N/live/default/27614763-21ef-43d7-bc5a-226774e56204.rule.xml, /custom/assets/bundles/01EZZ5P81J2XFQWPJ22PFQAF4N/working/System Host/1/0-content.aee675db-6afa-494d-b0f4-291eedb2a642.content.xml, /custom/assets/bundles/01EZZ5P81J2XFQWPJ22PFQAF4N/working/System Host/1/82be8bb5-9fd4-4035-a493-e553d492a744.contentworkflow.xml, /custom/assets/bundles/01EZZ5P81J2XFQWPJ22PFQAF4N/working/System Host/1/content.ff462f88-d9e1-4d31-b084-b73cb61976d3.host.xml, /custom/assets/bundles/01EZZ5P81J2XFQWPJ22PFQAF4N/working/System Host/5c8cb632-8f98-4a50-aafe-a7c1d3b199e4.category.dpc.xml, /custom/assets/bundles/01EZZ5P81J2XFQWPJ22PFQAF4N/working/System Host/f4d7c1b8-2c88-4071-abf1-a5328977b07d.contentType.json, /custom/assets/bundles/01EZZ5P81J2XFQWPJ22PFQAF4N/working/test1614875718784.dotcms.com/35c04e3c-01ec-4e0a-be4a-3ec904a444c2.relationship.xml, /custom/assets/bundles/01EZZ5P81J2XFQWPJ22PFQAF4N/working/test1614875718784.dotcms.com/990e23b4-1b64-47fa-b2fc-5ed6994e1081.contentType.json, /custom/assets/bundles/01EZZ5P81J2XFQWPJ22PFQAF4N/working/test1614875718784.dotcms.com/b724c117-9b5f-4f03-9cc0-832f58b611ba.contentType.json]
difference [/custom/assets/bundles/01EZZ5P81J2XFQWPJ22PFQAF4N/ROOT/bc9a1d37-dd2d-4d49-a29d-0c9be740bfaf.folder.xml, /custom/assets/bundles/01EZZ5P81J2XFQWPJ22PFQAF4N/bundle.xml, /custom/assets/bundles/01EZZ5P81J2XFQWPJ22PFQAF4N/live/System Host/1/system host.host.xml]

	at org.jgroups.util.Util.assertEquals(Util.java:185)
	at com.dotcms.publishing.PublisherAPIImplTest.publish(PublisherAPIImplTest.java:407)
	at sun.reflect.NativeMethodAccessorImpl.invoke0(Native Method)
	at sun.reflect.NativeMethodAccessorImpl.invoke(NativeMethodAccessorImpl.java:62)
	at sun.reflect.DelegatingMethodAccessorImpl.invoke(DelegatingMethodAccessorImpl.java:43)
	at java.lang.reflect.Method.invoke(Method.java:498)
	at org.junit.runners.model.FrameworkMethod$1.runReflectiveCall(FrameworkMethod.java:50)
	at org.junit.internal.runners.model.ReflectiveCallable.run(ReflectiveCallable.java:12)
	at org.junit.runners.model.FrameworkMethod.invokeExplosively(FrameworkMethod.java:47)
	at com.tngtech.java.junit.dataprovider.DataProviderFrameworkMethod.invokeExplosively(DataProviderFrameworkMethod.java:119)
	at org.junit.internal.runners.statements.InvokeMethod.evaluate(InvokeMethod.java:17)
	at org.junit.rules.TestWatcher$1.evaluate(TestWatcher.java:55)
	at org.junit.rules.RunRules.evaluate(RunRules.java:20)
	at org.junit.runners.ParentRunner.runLeaf(ParentRunner.java:325)
	at com.dotcms.junit.CustomDataProviderRunner.runChild(CustomDataProviderRunner.java:28)
	at com.dotcms.junit.CustomDataProviderRunner.runChild(CustomDataProviderRunner.java:13)
	at org.junit.runners.ParentRunner$3.run(ParentRunner.java:290)
	at org.junit.runners.ParentRunner$1.schedule(ParentRunner.java:71)
	at org.junit.runners.ParentRunner.runChildren(ParentRunner.java:288)
	at org.junit.runners.ParentRunner.access$000(ParentRunner.java:58)
	at org.junit.runners.ParentRunner$2.evaluate(ParentRunner.java:268)
	at org.junit.internal.runners.statements.RunBefores.evaluate(RunBefores.java:26)
	at org.junit.internal.runners.statements.RunAfters.evaluate(RunAfters.java:27)
	at org.junit.runners.ParentRunner.run(ParentRunner.java:363)
	at org.junit.runners.Suite.runChild(Suite.java:128)
	at org.junit.runners.Suite.runChild(Suite.java:27)
	at org.junit.runners.ParentRunner$3.run(ParentRunner.java:290)
	at org.junit.runners.ParentRunner$1.schedule(ParentRunner.java:71)
	at org.junit.runners.ParentRunner.runChildren(ParentRunner.java:288)
	at org.junit.runners.ParentRunner.access$000(ParentRunner.java:58)
	at org.junit.runners.ParentRunner$2.evaluate(ParentRunner.java:268)
	at org.junit.runners.ParentRunner.run(ParentRunner.java:363)
	at org.gradle.api.internal.tasks.testing.junit.JUnitTestClassExecutor.runTestClass(JUnitTestClassExecutor.java:106)
	at org.gradle.api.internal.tasks.testing.junit.JUnitTestClassExecutor.execute(JUnitTestClassExecutor.java:58)
	at org.gradle.api.internal.tasks.testing.junit.JUnitTestClassExecutor.execute(JUnitTestClassExecutor.java:38)
	at org.gradle.api.internal.tasks.testing.junit.AbstractJUnitTestClassProcessor.processTestClass(AbstractJUnitTestClassProcessor.java:66)
	at org.gradle.api.internal.tasks.testing.SuiteTestClassProcessor.processTestClass(SuiteTestClassProcessor.java:51)
	at sun.reflect.NativeMethodAccessorImpl.invoke0(Native Method)
	at sun.reflect.NativeMethodAccessorImpl.invoke(NativeMethodAccessorImpl.java:62)
	at sun.reflect.DelegatingMethodAccessorImpl.invoke(DelegatingMethodAccessorImpl.java:43)
	at java.lang.reflect.Method.invoke(Method.java:498)
	at org.gradle.internal.dispatch.ReflectionDispatch.dispatch(ReflectionDispatch.java:35)
	at org.gradle.internal.dispatch.ReflectionDispatch.dispatch(ReflectionDispatch.java:24)
	at org.gradle.internal.dispatch.ContextClassLoaderDispatch.dispatch(ContextClassLoaderDispatch.java:32)
	at org.gradle.internal.dispatch.ProxyDispatchAdapter$DispatchingInvocationHandler.invoke(ProxyDispatchAdapter.java:93)
	at com.sun.proxy.$Proxy2.processTestClass(Unknown Source)
	at org.gradle.api.internal.tasks.testing.worker.TestWorker.processTestClass(TestWorker.java:117)
	at sun.reflect.NativeMethodAccessorImpl.invoke0(Native Method)
	at sun.reflect.NativeMethodAccessorImpl.invoke(NativeMethodAccessorImpl.java:62)
	at sun.reflect.DelegatingMethodAccessorImpl.invoke(DelegatingMethodAccessorImpl.java:43)
	at java.lang.reflect.Method.invoke(Method.java:498)
	at org.gradle.internal.dispatch.ReflectionDispatch.dispatch(ReflectionDispatch.java:35)
	at org.gradle.internal.dispatch.ReflectionDispatch.dispatch(ReflectionDispatch.java:24)
	at org.gradle.internal.remote.internal.hub.MessageHubBackedObjectConnection$DispatchWrapper.dispatch(MessageHubBackedObjectConnection.java:155)
	at org.gradle.internal.remote.internal.hub.MessageHubBackedObjectConnection$DispatchWrapper.dispatch(MessageHubBackedObjectConnection.java:137)
	at org.gradle.internal.remote.internal.hub.MessageHub$Handler.run(MessageHub.java:404)
	at org.gradle.internal.concurrent.ExecutorPolicy$CatchAndRecordFailures.onExecute(ExecutorPolicy.java:63)
	at org.gradle.internal.concurrent.ManagedExecutorImpl$1.run(ManagedExecutorImpl.java:46)
	at java.util.concurrent.ThreadPoolExecutor.runWorker(ThreadPoolExecutor.java:1149)
	at java.util.concurrent.ThreadPoolExecutor$Worker.run(ThreadPoolExecutor.java:624)
	at org.gradle.internal.concurrent.ThreadFactoryImpl$ManagedThreadRunnable.run(ThreadFactoryImpl.java:55)
	at java.lang.Thread.run(Thread.java:748)
</pre>
</span>
</div>
<div class="test">
<a name="publish[10: com.dotcms.publishing.PublisherAPIImplTest$TestCase@75f2654d]"></a>
<h3 class="failures">publish[10: com.dotcms.publishing.PublisherAPIImplTest$TestCase@75f2654d]</h3>
<span class="code">
<pre>java.lang.AssertionError: Expected 23 but get 25 in /custom/assets/bundles/01EZZ5P9CPERCFKVASK6K8HXS2
Expected [/custom/assets/bundles/01EZZ5P9CPERCFKVASK6K8HXS2/live/System Host/1/content.98244814-e785-4fc8-90f2-f34e98ce6213.host.xml, /custom/assets/bundles/01EZZ5P9CPERCFKVASK6K8HXS2/d61a59e1-a49c-46f2-a929-db2b4bfa88b2.workflow.xml, /custom/assets/bundles/01EZZ5P9CPERCFKVASK6K8HXS2/live/System Host/1/e82b425b-5cd8-420a-ac4f-0c0e41465bca.contentworkflow.xml, /custom/assets/bundles/01EZZ5P9CPERCFKVASK6K8HXS2/live/System Host/1/3-content.aee675db-6afa-494d-b0f4-291eedb2a642.content.xml, /custom/assets/bundles/01EZZ5P9CPERCFKVASK6K8HXS2/working/System Host/1/content.ff462f88-d9e1-4d31-b084-b73cb61976d3.host.xml, /custom/assets/bundles/01EZZ5P9CPERCFKVASK6K8HXS2/live/System Host/en_US.language.xml, /custom/assets/bundles/01EZZ5P9CPERCFKVASK6K8HXS2/live/System Host/1properties, /custom/assets/bundles/01EZZ5P9CPERCFKVASK6K8HXS2/working/System Host/1/0-content.aee675db-6afa-494d-b0f4-291eedb2a642.content.xml, /custom/assets/bundles/01EZZ5P9CPERCFKVASK6K8HXS2/live/test1614875719752.dotcms.com/7ddd157f-c41d-4bde-bc02-c20a55d385db.template.template.xml, /custom/assets/bundles/01EZZ5P9CPERCFKVASK6K8HXS2/working/System Host/f4d7c1b8-2c88-4071-abf1-a5328977b07d.contentType.json, /custom/assets/bundles/01EZZ5P9CPERCFKVASK6K8HXS2/live/System Host/1/2-content.6519c7f0-8a2a-49d4-901f-f59fe516e499.content.xml, /custom/assets/bundles/01EZZ5P9CPERCFKVASK6K8HXS2/live/System Host/1614877867043properties, /custom/assets/bundles/01EZZ5P9CPERCFKVASK6K8HXS2/live/System Host/qp_YQ.language.xml, /custom/assets/bundles/01EZZ5P9CPERCFKVASK6K8HXS2/live/System Host/1/82be8bb5-9fd4-4035-a493-e553d492a744.contentworkflow.xml, /custom/assets/bundles/01EZZ5P9CPERCFKVASK6K8HXS2/working/test1614875719752.dotcms.com/f7eff072-aef1-43f7-942a-95ef23289f76.containers.container.xml, /custom/assets/bundles/01EZZ5P9CPERCFKVASK6K8HXS2/working/test1614875719752.dotcms.com/eb51c6ba-b44c-4298-a5d2-3812b5cb203e.containers.container.xml, /custom/assets/bundles/01EZZ5P9CPERCFKVASK6K8HXS2/working/test1614875719752.dotcms.com/0cc81d3a-395c-47ef-9e8a-f74f4a8e6410.contentType.json, /custom/assets/bundles/01EZZ5P9CPERCFKVASK6K8HXS2/live/default/27614763-21ef-43d7-bc5a-226774e56204.rule.xml, /custom/assets/bundles/01EZZ5P9CPERCFKVASK6K8HXS2/live/default/1614877867043/b9be4647-b762-46ba-ad74-484767ab1c3f.contentworkflow.xml, /custom/assets/bundles/01EZZ5P9CPERCFKVASK6K8HXS2/live/default/1614877867043/1-content.c67af8e9-9ab7-4522-aa3b-4fde70e0772c.content.xml, /custom/assets/bundles/01EZZ5P9CPERCFKVASK6K8HXS2/working/System Host/1/82be8bb5-9fd4-4035-a493-e553d492a744.contentworkflow.xml, /custom/assets/bundles/01EZZ5P9CPERCFKVASK6K8HXS2/live/System Host/1/content.ff462f88-d9e1-4d31-b084-b73cb61976d3.host.xml]
Existing [/custom/assets/bundles/01EZZ5P9CPERCFKVASK6K8HXS2/ROOT/bc9a1d37-dd2d-4d49-a29d-0c9be740bfaf.folder.xml, /custom/assets/bundles/01EZZ5P9CPERCFKVASK6K8HXS2/bundle.xml, /custom/assets/bundles/01EZZ5P9CPERCFKVASK6K8HXS2/d61a59e1-a49c-46f2-a929-db2b4bfa88b2.workflow.xml, /custom/assets/bundles/01EZZ5P9CPERCFKVASK6K8HXS2/live/System Host/1/2-content.6519c7f0-8a2a-49d4-901f-f59fe516e499.content.xml, /custom/assets/bundles/01EZZ5P9CPERCFKVASK6K8HXS2/live/System Host/1/3-content.aee675db-6afa-494d-b0f4-291eedb2a642.content.xml, /custom/assets/bundles/01EZZ5P9CPERCFKVASK6K8HXS2/live/System Host/1/82be8bb5-9fd4-4035-a493-e553d492a744.contentworkflow.xml, /custom/assets/bundles/01EZZ5P9CPERCFKVASK6K8HXS2/live/System Host/1/content.98244814-e785-4fc8-90f2-f34e98ce6213.host.xml, /custom/assets/bundles/01EZZ5P9CPERCFKVASK6K8HXS2/live/System Host/1/content.ff462f88-d9e1-4d31-b084-b73cb61976d3.host.xml, /custom/assets/bundles/01EZZ5P9CPERCFKVASK6K8HXS2/live/System Host/1/e82b425b-5cd8-420a-ac4f-0c0e41465bca.contentworkflow.xml, /custom/assets/bundles/01EZZ5P9CPERCFKVASK6K8HXS2/live/System Host/1/system host.host.xml, /custom/assets/bundles/01EZZ5P9CPERCFKVASK6K8HXS2/live/System Host/1614877867043properties, /custom/assets/bundles/01EZZ5P9CPERCFKVASK6K8HXS2/live/System Host/1properties, /custom/assets/bundles/01EZZ5P9CPERCFKVASK6K8HXS2/live/System Host/en_US.language.xml, /custom/assets/bundles/01EZZ5P9CPERCFKVASK6K8HXS2/live/System Host/qp_YQ.language.xml, /custom/assets/bundles/01EZZ5P9CPERCFKVASK6K8HXS2/live/default/1614877867043/1-content.c67af8e9-9ab7-4522-aa3b-4fde70e0772c.content.xml, /custom/assets/bundles/01EZZ5P9CPERCFKVASK6K8HXS2/live/default/1614877867043/b9be4647-b762-46ba-ad74-484767ab1c3f.contentworkflow.xml, /custom/assets/bundles/01EZZ5P9CPERCFKVASK6K8HXS2/live/default/27614763-21ef-43d7-bc5a-226774e56204.rule.xml, /custom/assets/bundles/01EZZ5P9CPERCFKVASK6K8HXS2/live/test1614875719752.dotcms.com/7ddd157f-c41d-4bde-bc02-c20a55d385db.template.template.xml, /custom/assets/bundles/01EZZ5P9CPERCFKVASK6K8HXS2/working/System Host/1/0-content.aee675db-6afa-494d-b0f4-291eedb2a642.content.xml, /custom/assets/bundles/01EZZ5P9CPERCFKVASK6K8HXS2/working/System Host/1/82be8bb5-9fd4-4035-a493-e553d492a744.contentworkflow.xml, /custom/assets/bundles/01EZZ5P9CPERCFKVASK6K8HXS2/working/System Host/1/content.ff462f88-d9e1-4d31-b084-b73cb61976d3.host.xml, /custom/assets/bundles/01EZZ5P9CPERCFKVASK6K8HXS2/working/System Host/f4d7c1b8-2c88-4071-abf1-a5328977b07d.contentType.json, /custom/assets/bundles/01EZZ5P9CPERCFKVASK6K8HXS2/working/test1614875719752.dotcms.com/0cc81d3a-395c-47ef-9e8a-f74f4a8e6410.contentType.json, /custom/assets/bundles/01EZZ5P9CPERCFKVASK6K8HXS2/working/test1614875719752.dotcms.com/eb51c6ba-b44c-4298-a5d2-3812b5cb203e.containers.container.xml, /custom/assets/bundles/01EZZ5P9CPERCFKVASK6K8HXS2/working/test1614875719752.dotcms.com/f7eff072-aef1-43f7-942a-95ef23289f76.containers.container.xml]
difference [/custom/assets/bundles/01EZZ5P9CPERCFKVASK6K8HXS2/ROOT/bc9a1d37-dd2d-4d49-a29d-0c9be740bfaf.folder.xml, /custom/assets/bundles/01EZZ5P9CPERCFKVASK6K8HXS2/bundle.xml, /custom/assets/bundles/01EZZ5P9CPERCFKVASK6K8HXS2/live/System Host/1/system host.host.xml]

	at org.jgroups.util.Util.assertEquals(Util.java:185)
	at com.dotcms.publishing.PublisherAPIImplTest.publish(PublisherAPIImplTest.java:407)
	at sun.reflect.NativeMethodAccessorImpl.invoke0(Native Method)
	at sun.reflect.NativeMethodAccessorImpl.invoke(NativeMethodAccessorImpl.java:62)
	at sun.reflect.DelegatingMethodAccessorImpl.invoke(DelegatingMethodAccessorImpl.java:43)
	at java.lang.reflect.Method.invoke(Method.java:498)
	at org.junit.runners.model.FrameworkMethod$1.runReflectiveCall(FrameworkMethod.java:50)
	at org.junit.internal.runners.model.ReflectiveCallable.run(ReflectiveCallable.java:12)
	at org.junit.runners.model.FrameworkMethod.invokeExplosively(FrameworkMethod.java:47)
	at com.tngtech.java.junit.dataprovider.DataProviderFrameworkMethod.invokeExplosively(DataProviderFrameworkMethod.java:119)
	at org.junit.internal.runners.statements.InvokeMethod.evaluate(InvokeMethod.java:17)
	at org.junit.rules.TestWatcher$1.evaluate(TestWatcher.java:55)
	at org.junit.rules.RunRules.evaluate(RunRules.java:20)
	at org.junit.runners.ParentRunner.runLeaf(ParentRunner.java:325)
	at com.dotcms.junit.CustomDataProviderRunner.runChild(CustomDataProviderRunner.java:28)
	at com.dotcms.junit.CustomDataProviderRunner.runChild(CustomDataProviderRunner.java:13)
	at org.junit.runners.ParentRunner$3.run(ParentRunner.java:290)
	at org.junit.runners.ParentRunner$1.schedule(ParentRunner.java:71)
	at org.junit.runners.ParentRunner.runChildren(ParentRunner.java:288)
	at org.junit.runners.ParentRunner.access$000(ParentRunner.java:58)
	at org.junit.runners.ParentRunner$2.evaluate(ParentRunner.java:268)
	at org.junit.internal.runners.statements.RunBefores.evaluate(RunBefores.java:26)
	at org.junit.internal.runners.statements.RunAfters.evaluate(RunAfters.java:27)
	at org.junit.runners.ParentRunner.run(ParentRunner.java:363)
	at org.junit.runners.Suite.runChild(Suite.java:128)
	at org.junit.runners.Suite.runChild(Suite.java:27)
	at org.junit.runners.ParentRunner$3.run(ParentRunner.java:290)
	at org.junit.runners.ParentRunner$1.schedule(ParentRunner.java:71)
	at org.junit.runners.ParentRunner.runChildren(ParentRunner.java:288)
	at org.junit.runners.ParentRunner.access$000(ParentRunner.java:58)
	at org.junit.runners.ParentRunner$2.evaluate(ParentRunner.java:268)
	at org.junit.runners.ParentRunner.run(ParentRunner.java:363)
	at org.gradle.api.internal.tasks.testing.junit.JUnitTestClassExecutor.runTestClass(JUnitTestClassExecutor.java:106)
	at org.gradle.api.internal.tasks.testing.junit.JUnitTestClassExecutor.execute(JUnitTestClassExecutor.java:58)
	at org.gradle.api.internal.tasks.testing.junit.JUnitTestClassExecutor.execute(JUnitTestClassExecutor.java:38)
	at org.gradle.api.internal.tasks.testing.junit.AbstractJUnitTestClassProcessor.processTestClass(AbstractJUnitTestClassProcessor.java:66)
	at org.gradle.api.internal.tasks.testing.SuiteTestClassProcessor.processTestClass(SuiteTestClassProcessor.java:51)
	at sun.reflect.NativeMethodAccessorImpl.invoke0(Native Method)
	at sun.reflect.NativeMethodAccessorImpl.invoke(NativeMethodAccessorImpl.java:62)
	at sun.reflect.DelegatingMethodAccessorImpl.invoke(DelegatingMethodAccessorImpl.java:43)
	at java.lang.reflect.Method.invoke(Method.java:498)
	at org.gradle.internal.dispatch.ReflectionDispatch.dispatch(ReflectionDispatch.java:35)
	at org.gradle.internal.dispatch.ReflectionDispatch.dispatch(ReflectionDispatch.java:24)
	at org.gradle.internal.dispatch.ContextClassLoaderDispatch.dispatch(ContextClassLoaderDispatch.java:32)
	at org.gradle.internal.dispatch.ProxyDispatchAdapter$DispatchingInvocationHandler.invoke(ProxyDispatchAdapter.java:93)
	at com.sun.proxy.$Proxy2.processTestClass(Unknown Source)
	at org.gradle.api.internal.tasks.testing.worker.TestWorker.processTestClass(TestWorker.java:117)
	at sun.reflect.NativeMethodAccessorImpl.invoke0(Native Method)
	at sun.reflect.NativeMethodAccessorImpl.invoke(NativeMethodAccessorImpl.java:62)
	at sun.reflect.DelegatingMethodAccessorImpl.invoke(DelegatingMethodAccessorImpl.java:43)
	at java.lang.reflect.Method.invoke(Method.java:498)
	at org.gradle.internal.dispatch.ReflectionDispatch.dispatch(ReflectionDispatch.java:35)
	at org.gradle.internal.dispatch.ReflectionDispatch.dispatch(ReflectionDispatch.java:24)
	at org.gradle.internal.remote.internal.hub.MessageHubBackedObjectConnection$DispatchWrapper.dispatch(MessageHubBackedObjectConnection.java:155)
	at org.gradle.internal.remote.internal.hub.MessageHubBackedObjectConnection$DispatchWrapper.dispatch(MessageHubBackedObjectConnection.java:137)
	at org.gradle.internal.remote.internal.hub.MessageHub$Handler.run(MessageHub.java:404)
	at org.gradle.internal.concurrent.ExecutorPolicy$CatchAndRecordFailures.onExecute(ExecutorPolicy.java:63)
	at org.gradle.internal.concurrent.ManagedExecutorImpl$1.run(ManagedExecutorImpl.java:46)
	at java.util.concurrent.ThreadPoolExecutor.runWorker(ThreadPoolExecutor.java:1149)
	at java.util.concurrent.ThreadPoolExecutor$Worker.run(ThreadPoolExecutor.java:624)
	at org.gradle.internal.concurrent.ThreadFactoryImpl$ManagedThreadRunnable.run(ThreadFactoryImpl.java:55)
	at java.lang.Thread.run(Thread.java:748)
</pre>
</span>
</div>
<div class="test">
<a name="publish[11: com.dotcms.publishing.PublisherAPIImplTest$TestCase@6a7d5d15]"></a>
<h3 class="failures">publish[11: com.dotcms.publishing.PublisherAPIImplTest$TestCase@6a7d5d15]</h3>
<span class="code">
<pre>java.lang.AssertionError: Expected 21 but get 23 in /custom/assets/bundles/01EZZ5P9EYQG4XV3XC690P7HXC
Expected [/custom/assets/bundles/01EZZ5P9EYQG4XV3XC690P7HXC/live/System Host/1/2-content.6519c7f0-8a2a-49d4-901f-f59fe516e499.content.xml, /custom/assets/bundles/01EZZ5P9EYQG4XV3XC690P7HXC/live/System Host/en_US.language.xml, /custom/assets/bundles/01EZZ5P9EYQG4XV3XC690P7HXC/d61a59e1-a49c-46f2-a929-db2b4bfa88b2.workflow.xml, /custom/assets/bundles/01EZZ5P9EYQG4XV3XC690P7HXC/live/System Host/qp_YQ.language.xml, /custom/assets/bundles/01EZZ5P9EYQG4XV3XC690P7HXC/working/System Host/1/82be8bb5-9fd4-4035-a493-e553d492a744.contentworkflow.xml, /custom/assets/bundles/01EZZ5P9EYQG4XV3XC690P7HXC/live/default/1614877867043/1-content.c67af8e9-9ab7-4522-aa3b-4fde70e0772c.content.xml, /custom/assets/bundles/01EZZ5P9EYQG4XV3XC690P7HXC/live/default/1614877867043/b9be4647-b762-46ba-ad74-484767ab1c3f.contentworkflow.xml, /custom/assets/bundles/01EZZ5P9EYQG4XV3XC690P7HXC/live/System Host/1/3-content.aee675db-6afa-494d-b0f4-291eedb2a642.content.xml, /custom/assets/bundles/01EZZ5P9EYQG4XV3XC690P7HXC/live/System Host/1/82be8bb5-9fd4-4035-a493-e553d492a744.contentworkflow.xml, /custom/assets/bundles/01EZZ5P9EYQG4XV3XC690P7HXC/live/System Host/1/e82b425b-5cd8-420a-ac4f-0c0e41465bca.contentworkflow.xml, /custom/assets/bundles/01EZZ5P9EYQG4XV3XC690P7HXC/working/System Host/f4d7c1b8-2c88-4071-abf1-a5328977b07d.contentType.json, /custom/assets/bundles/01EZZ5P9EYQG4XV3XC690P7HXC/working/System Host/1/0-content.aee675db-6afa-494d-b0f4-291eedb2a642.content.xml, /custom/assets/bundles/01EZZ5P9EYQG4XV3XC690P7HXC/live/System Host/1/content.e34381ac-458b-403f-9870-0035412b062f.host.xml, /custom/assets/bundles/01EZZ5P9EYQG4XV3XC690P7HXC/working/test1614875720736.dotcms.com/875f66b6-d4cf-4541-bf35-5cf3a5b184cd.contentType.json, /custom/assets/bundles/01EZZ5P9EYQG4XV3XC690P7HXC/working/System Host/1/content.ff462f88-d9e1-4d31-b084-b73cb61976d3.host.xml, /custom/assets/bundles/01EZZ5P9EYQG4XV3XC690P7HXC/live/System Host/1614877867043properties, /custom/assets/bundles/01EZZ5P9EYQG4XV3XC690P7HXC/working/test1614875720736.dotcms.com/42de7ee7-fe73-40cb-9731-f721c6d074a3.containers.container.xml, /custom/assets/bundles/01EZZ5P9EYQG4XV3XC690P7HXC/live/default/27614763-21ef-43d7-bc5a-226774e56204.rule.xml, /custom/assets/bundles/01EZZ5P9EYQG4XV3XC690P7HXC/live/System Host/1/content.ff462f88-d9e1-4d31-b084-b73cb61976d3.host.xml, /custom/assets/bundles/01EZZ5P9EYQG4XV3XC690P7HXC/live/System Host/1properties]
Existing [/custom/assets/bundles/01EZZ5P9EYQG4XV3XC690P7HXC/ROOT/bc9a1d37-dd2d-4d49-a29d-0c9be740bfaf.folder.xml, /custom/assets/bundles/01EZZ5P9EYQG4XV3XC690P7HXC/bundle.xml, /custom/assets/bundles/01EZZ5P9EYQG4XV3XC690P7HXC/d61a59e1-a49c-46f2-a929-db2b4bfa88b2.workflow.xml, /custom/assets/bundles/01EZZ5P9EYQG4XV3XC690P7HXC/live/System Host/1/2-content.6519c7f0-8a2a-49d4-901f-f59fe516e499.content.xml, /custom/assets/bundles/01EZZ5P9EYQG4XV3XC690P7HXC/live/System Host/1/3-content.aee675db-6afa-494d-b0f4-291eedb2a642.content.xml, /custom/assets/bundles/01EZZ5P9EYQG4XV3XC690P7HXC/live/System Host/1/82be8bb5-9fd4-4035-a493-e553d492a744.contentworkflow.xml, /custom/assets/bundles/01EZZ5P9EYQG4XV3XC690P7HXC/live/System Host/1/content.e34381ac-458b-403f-9870-0035412b062f.host.xml, /custom/assets/bundles/01EZZ5P9EYQG4XV3XC690P7HXC/live/System Host/1/content.ff462f88-d9e1-4d31-b084-b73cb61976d3.host.xml, /custom/assets/bundles/01EZZ5P9EYQG4XV3XC690P7HXC/live/System Host/1/e82b425b-5cd8-420a-ac4f-0c0e41465bca.contentworkflow.xml, /custom/assets/bundles/01EZZ5P9EYQG4XV3XC690P7HXC/live/System Host/1/system host.host.xml, /custom/assets/bundles/01EZZ5P9EYQG4XV3XC690P7HXC/live/System Host/1614877867043properties, /custom/assets/bundles/01EZZ5P9EYQG4XV3XC690P7HXC/live/System Host/1properties, /custom/assets/bundles/01EZZ5P9EYQG4XV3XC690P7HXC/live/System Host/en_US.language.xml, /custom/assets/bundles/01EZZ5P9EYQG4XV3XC690P7HXC/live/System Host/qp_YQ.language.xml, /custom/assets/bundles/01EZZ5P9EYQG4XV3XC690P7HXC/live/default/1614877867043/1-content.c67af8e9-9ab7-4522-aa3b-4fde70e0772c.content.xml, /custom/assets/bundles/01EZZ5P9EYQG4XV3XC690P7HXC/live/default/1614877867043/b9be4647-b762-46ba-ad74-484767ab1c3f.contentworkflow.xml, /custom/assets/bundles/01EZZ5P9EYQG4XV3XC690P7HXC/live/default/27614763-21ef-43d7-bc5a-226774e56204.rule.xml, /custom/assets/bundles/01EZZ5P9EYQG4XV3XC690P7HXC/working/System Host/1/0-content.aee675db-6afa-494d-b0f4-291eedb2a642.content.xml, /custom/assets/bundles/01EZZ5P9EYQG4XV3XC690P7HXC/working/System Host/1/82be8bb5-9fd4-4035-a493-e553d492a744.contentworkflow.xml, /custom/assets/bundles/01EZZ5P9EYQG4XV3XC690P7HXC/working/System Host/1/content.ff462f88-d9e1-4d31-b084-b73cb61976d3.host.xml, /custom/assets/bundles/01EZZ5P9EYQG4XV3XC690P7HXC/working/System Host/f4d7c1b8-2c88-4071-abf1-a5328977b07d.contentType.json, /custom/assets/bundles/01EZZ5P9EYQG4XV3XC690P7HXC/working/test1614875720736.dotcms.com/42de7ee7-fe73-40cb-9731-f721c6d074a3.containers.container.xml, /custom/assets/bundles/01EZZ5P9EYQG4XV3XC690P7HXC/working/test1614875720736.dotcms.com/875f66b6-d4cf-4541-bf35-5cf3a5b184cd.contentType.json]
difference [/custom/assets/bundles/01EZZ5P9EYQG4XV3XC690P7HXC/ROOT/bc9a1d37-dd2d-4d49-a29d-0c9be740bfaf.folder.xml, /custom/assets/bundles/01EZZ5P9EYQG4XV3XC690P7HXC/bundle.xml, /custom/assets/bundles/01EZZ5P9EYQG4XV3XC690P7HXC/live/System Host/1/system host.host.xml]

	at org.jgroups.util.Util.assertEquals(Util.java:185)
	at com.dotcms.publishing.PublisherAPIImplTest.publish(PublisherAPIImplTest.java:407)
	at sun.reflect.NativeMethodAccessorImpl.invoke0(Native Method)
	at sun.reflect.NativeMethodAccessorImpl.invoke(NativeMethodAccessorImpl.java:62)
	at sun.reflect.DelegatingMethodAccessorImpl.invoke(DelegatingMethodAccessorImpl.java:43)
	at java.lang.reflect.Method.invoke(Method.java:498)
	at org.junit.runners.model.FrameworkMethod$1.runReflectiveCall(FrameworkMethod.java:50)
	at org.junit.internal.runners.model.ReflectiveCallable.run(ReflectiveCallable.java:12)
	at org.junit.runners.model.FrameworkMethod.invokeExplosively(FrameworkMethod.java:47)
	at com.tngtech.java.junit.dataprovider.DataProviderFrameworkMethod.invokeExplosively(DataProviderFrameworkMethod.java:119)
	at org.junit.internal.runners.statements.InvokeMethod.evaluate(InvokeMethod.java:17)
	at org.junit.rules.TestWatcher$1.evaluate(TestWatcher.java:55)
	at org.junit.rules.RunRules.evaluate(RunRules.java:20)
	at org.junit.runners.ParentRunner.runLeaf(ParentRunner.java:325)
	at com.dotcms.junit.CustomDataProviderRunner.runChild(CustomDataProviderRunner.java:28)
	at com.dotcms.junit.CustomDataProviderRunner.runChild(CustomDataProviderRunner.java:13)
	at org.junit.runners.ParentRunner$3.run(ParentRunner.java:290)
	at org.junit.runners.ParentRunner$1.schedule(ParentRunner.java:71)
	at org.junit.runners.ParentRunner.runChildren(ParentRunner.java:288)
	at org.junit.runners.ParentRunner.access$000(ParentRunner.java:58)
	at org.junit.runners.ParentRunner$2.evaluate(ParentRunner.java:268)
	at org.junit.internal.runners.statements.RunBefores.evaluate(RunBefores.java:26)
	at org.junit.internal.runners.statements.RunAfters.evaluate(RunAfters.java:27)
	at org.junit.runners.ParentRunner.run(ParentRunner.java:363)
	at org.junit.runners.Suite.runChild(Suite.java:128)
	at org.junit.runners.Suite.runChild(Suite.java:27)
	at org.junit.runners.ParentRunner$3.run(ParentRunner.java:290)
	at org.junit.runners.ParentRunner$1.schedule(ParentRunner.java:71)
	at org.junit.runners.ParentRunner.runChildren(ParentRunner.java:288)
	at org.junit.runners.ParentRunner.access$000(ParentRunner.java:58)
	at org.junit.runners.ParentRunner$2.evaluate(ParentRunner.java:268)
	at org.junit.runners.ParentRunner.run(ParentRunner.java:363)
	at org.gradle.api.internal.tasks.testing.junit.JUnitTestClassExecutor.runTestClass(JUnitTestClassExecutor.java:106)
	at org.gradle.api.internal.tasks.testing.junit.JUnitTestClassExecutor.execute(JUnitTestClassExecutor.java:58)
	at org.gradle.api.internal.tasks.testing.junit.JUnitTestClassExecutor.execute(JUnitTestClassExecutor.java:38)
	at org.gradle.api.internal.tasks.testing.junit.AbstractJUnitTestClassProcessor.processTestClass(AbstractJUnitTestClassProcessor.java:66)
	at org.gradle.api.internal.tasks.testing.SuiteTestClassProcessor.processTestClass(SuiteTestClassProcessor.java:51)
	at sun.reflect.NativeMethodAccessorImpl.invoke0(Native Method)
	at sun.reflect.NativeMethodAccessorImpl.invoke(NativeMethodAccessorImpl.java:62)
	at sun.reflect.DelegatingMethodAccessorImpl.invoke(DelegatingMethodAccessorImpl.java:43)
	at java.lang.reflect.Method.invoke(Method.java:498)
	at org.gradle.internal.dispatch.ReflectionDispatch.dispatch(ReflectionDispatch.java:35)
	at org.gradle.internal.dispatch.ReflectionDispatch.dispatch(ReflectionDispatch.java:24)
	at org.gradle.internal.dispatch.ContextClassLoaderDispatch.dispatch(ContextClassLoaderDispatch.java:32)
	at org.gradle.internal.dispatch.ProxyDispatchAdapter$DispatchingInvocationHandler.invoke(ProxyDispatchAdapter.java:93)
	at com.sun.proxy.$Proxy2.processTestClass(Unknown Source)
	at org.gradle.api.internal.tasks.testing.worker.TestWorker.processTestClass(TestWorker.java:117)
	at sun.reflect.NativeMethodAccessorImpl.invoke0(Native Method)
	at sun.reflect.NativeMethodAccessorImpl.invoke(NativeMethodAccessorImpl.java:62)
	at sun.reflect.DelegatingMethodAccessorImpl.invoke(DelegatingMethodAccessorImpl.java:43)
	at java.lang.reflect.Method.invoke(Method.java:498)
	at org.gradle.internal.dispatch.ReflectionDispatch.dispatch(ReflectionDispatch.java:35)
	at org.gradle.internal.dispatch.ReflectionDispatch.dispatch(ReflectionDispatch.java:24)
	at org.gradle.internal.remote.internal.hub.MessageHubBackedObjectConnection$DispatchWrapper.dispatch(MessageHubBackedObjectConnection.java:155)
	at org.gradle.internal.remote.internal.hub.MessageHubBackedObjectConnection$DispatchWrapper.dispatch(MessageHubBackedObjectConnection.java:137)
	at org.gradle.internal.remote.internal.hub.MessageHub$Handler.run(MessageHub.java:404)
	at org.gradle.internal.concurrent.ExecutorPolicy$CatchAndRecordFailures.onExecute(ExecutorPolicy.java:63)
	at org.gradle.internal.concurrent.ManagedExecutorImpl$1.run(ManagedExecutorImpl.java:46)
	at java.util.concurrent.ThreadPoolExecutor.runWorker(ThreadPoolExecutor.java:1149)
	at java.util.concurrent.ThreadPoolExecutor$Worker.run(ThreadPoolExecutor.java:624)
	at org.gradle.internal.concurrent.ThreadFactoryImpl$ManagedThreadRunnable.run(ThreadFactoryImpl.java:55)
	at java.lang.Thread.run(Thread.java:748)
</pre>
</span>
</div>
<div class="test">
<a name="publish[12: com.dotcms.publishing.PublisherAPIImplTest$TestCase@11078060]"></a>
<h3 class="failures">publish[12: com.dotcms.publishing.PublisherAPIImplTest$TestCase@11078060]</h3>
<span class="code">
<pre>java.lang.AssertionError: Expected 31 but get 33 in /custom/assets/bundles/01EZZ5P9H4P5GVBF8BMWF4XPYG
Expected [/custom/assets/bundles/01EZZ5P9H4P5GVBF8BMWF4XPYG/live/System Host/1properties, /custom/assets/bundles/01EZZ5P9H4P5GVBF8BMWF4XPYG/live/System Host/1/82be8bb5-9fd4-4035-a493-e553d492a744.contentworkflow.xml, /custom/assets/bundles/01EZZ5P9H4P5GVBF8BMWF4XPYG/working/test1614875721707.dotcms.com/1/6a7a9006-4c78-478c-8ce1-1a7115872c6a.contentworkflow.xml, /custom/assets/bundles/01EZZ5P9H4P5GVBF8BMWF4XPYG/live/System Host/1/5-content.aee675db-6afa-494d-b0f4-291eedb2a642.content.xml, /custom/assets/bundles/01EZZ5P9H4P5GVBF8BMWF4XPYG/ROOT/testName1614875722722/19f52e25-0b7b-4efb-b4c9-57b599e56aed.folder.xml, /custom/assets/bundles/01EZZ5P9H4P5GVBF8BMWF4XPYG/working/System Host/1/content.ff462f88-d9e1-4d31-b084-b73cb61976d3.host.xml, /custom/assets/bundles/01EZZ5P9H4P5GVBF8BMWF4XPYG/working/test1614875721707.dotcms.com/2eb727a3-3395-4ff9-8d25-e77ea6fb677d.contentType.json, /custom/assets/bundles/01EZZ5P9H4P5GVBF8BMWF4XPYG/live/System Host/1614877867043properties, /custom/assets/bundles/01EZZ5P9H4P5GVBF8BMWF4XPYG/assets/5/b/5bd43158-b0f4-4ff9-8be4-b25bd10bffc7/fileAsset/test.jpg, /custom/assets/bundles/01EZZ5P9H4P5GVBF8BMWF4XPYG/assets/a/c/ac3c9f41-53e5-4434-998a-cffca007862a/fileAsset/test.jpg, /custom/assets/bundles/01EZZ5P9H4P5GVBF8BMWF4XPYG/d61a59e1-a49c-46f2-a929-db2b4bfa88b2.workflow.xml, /custom/assets/bundles/01EZZ5P9H4P5GVBF8BMWF4XPYG/live/System Host/1/4-content.6519c7f0-8a2a-49d4-901f-f59fe516e499.content.xml, /custom/assets/bundles/01EZZ5P9H4P5GVBF8BMWF4XPYG/working/test1614875721707.dotcms.com/1/0-ac3c9f41-53e5-4434-998a-cffca007862a.content.xml, /custom/assets/bundles/01EZZ5P9H4P5GVBF8BMWF4XPYG/live/System Host/1/content.ba0a9da3-956a-40c1-a58a-f01b466d4a53.host.xml, /custom/assets/bundles/01EZZ5P9H4P5GVBF8BMWF4XPYG/live/System Host/1/content.ff462f88-d9e1-4d31-b084-b73cb61976d3.host.xml, /custom/assets/bundles/01EZZ5P9H4P5GVBF8BMWF4XPYG/live/System Host/en_US.language.xml, /custom/assets/bundles/01EZZ5P9H4P5GVBF8BMWF4XPYG/working/System Host/33888b6f-7a8e-4069-b1b6-5c1aa9d0a48d.contentType.json, /custom/assets/bundles/01EZZ5P9H4P5GVBF8BMWF4XPYG/live/default/27614763-21ef-43d7-bc5a-226774e56204.rule.xml, /custom/assets/bundles/01EZZ5P9H4P5GVBF8BMWF4XPYG/live/default/1614877867043/2-content.c67af8e9-9ab7-4522-aa3b-4fde70e0772c.content.xml, /custom/assets/bundles/01EZZ5P9H4P5GVBF8BMWF4XPYG/working/test1614875721707.dotcms.com/1/d11d783e-327d-4002-a32c-897212cb58aa.contentworkflow.xml, /custom/assets/bundles/01EZZ5P9H4P5GVBF8BMWF4XPYG/ROOT/testName1614875722722/testName1614875722732/5f86277a-42f2-4f98-b5dc-9d6ed4679040.folder.xml, /custom/assets/bundles/01EZZ5P9H4P5GVBF8BMWF4XPYG/live/default/1614877867043/b9be4647-b762-46ba-ad74-484767ab1c3f.contentworkflow.xml, /custom/assets/bundles/01EZZ5P9H4P5GVBF8BMWF4XPYG/ROOT/397a8a27-4cf8-43cf-814a-6d077540304f.folder.xml, /custom/assets/bundles/01EZZ5P9H4P5GVBF8BMWF4XPYG/live/System Host/1/e82b425b-5cd8-420a-ac4f-0c0e41465bca.contentworkflow.xml, /custom/assets/bundles/01EZZ5P9H4P5GVBF8BMWF4XPYG/working/System Host/1/82be8bb5-9fd4-4035-a493-e553d492a744.contentworkflow.xml, /custom/assets/bundles/01EZZ5P9H4P5GVBF8BMWF4XPYG/working/test1614875721707.dotcms.com/testName1614875722722/testName1614875722732/8533143a-852b-4ec6-b1ae-f400fbc790aa.link.xml, /custom/assets/bundles/01EZZ5P9H4P5GVBF8BMWF4XPYG/live/System Host/qp_YQ.language.xml, /custom/assets/bundles/01EZZ5P9H4P5GVBF8BMWF4XPYG/working/test1614875721707.dotcms.com/1/3-5bd43158-b0f4-4ff9-8be4-b25bd10bffc7.content.xml, /custom/assets/bundles/01EZZ5P9H4P5GVBF8BMWF4XPYG/working/System Host/f4d7c1b8-2c88-4071-abf1-a5328977b07d.contentType.json, /custom/assets/bundles/01EZZ5P9H4P5GVBF8BMWF4XPYG/working/System Host/1/1-content.aee675db-6afa-494d-b0f4-291eedb2a642.content.xml]
Existing [/custom/assets/bundles/01EZZ5P9H4P5GVBF8BMWF4XPYG/ROOT/397a8a27-4cf8-43cf-814a-6d077540304f.folder.xml, /custom/assets/bundles/01EZZ5P9H4P5GVBF8BMWF4XPYG/ROOT/bc9a1d37-dd2d-4d49-a29d-0c9be740bfaf.folder.xml, /custom/assets/bundles/01EZZ5P9H4P5GVBF8BMWF4XPYG/ROOT/testName1614875722722/19f52e25-0b7b-4efb-b4c9-57b599e56aed.folder.xml, /custom/assets/bundles/01EZZ5P9H4P5GVBF8BMWF4XPYG/ROOT/testName1614875722722/testName1614875722732/5f86277a-42f2-4f98-b5dc-9d6ed4679040.folder.xml, /custom/assets/bundles/01EZZ5P9H4P5GVBF8BMWF4XPYG/assets/5/b/5bd43158-b0f4-4ff9-8be4-b25bd10bffc7/fileAsset/test.jpg, /custom/assets/bundles/01EZZ5P9H4P5GVBF8BMWF4XPYG/assets/a/c/ac3c9f41-53e5-4434-998a-cffca007862a/fileAsset/test.jpg, /custom/assets/bundles/01EZZ5P9H4P5GVBF8BMWF4XPYG/bundle.xml, /custom/assets/bundles/01EZZ5P9H4P5GVBF8BMWF4XPYG/d61a59e1-a49c-46f2-a929-db2b4bfa88b2.workflow.xml, /custom/assets/bundles/01EZZ5P9H4P5GVBF8BMWF4XPYG/live/System Host/1/4-content.6519c7f0-8a2a-49d4-901f-f59fe516e499.content.xml, /custom/assets/bundles/01EZZ5P9H4P5GVBF8BMWF4XPYG/live/System Host/1/5-content.aee675db-6afa-494d-b0f4-291eedb2a642.content.xml, /custom/assets/bundles/01EZZ5P9H4P5GVBF8BMWF4XPYG/live/System Host/1/82be8bb5-9fd4-4035-a493-e553d492a744.contentworkflow.xml, /custom/assets/bundles/01EZZ5P9H4P5GVBF8BMWF4XPYG/live/System Host/1/content.ba0a9da3-956a-40c1-a58a-f01b466d4a53.host.xml, /custom/assets/bundles/01EZZ5P9H4P5GVBF8BMWF4XPYG/live/System Host/1/content.ff462f88-d9e1-4d31-b084-b73cb61976d3.host.xml, /custom/assets/bundles/01EZZ5P9H4P5GVBF8BMWF4XPYG/live/System Host/1/e82b425b-5cd8-420a-ac4f-0c0e41465bca.contentworkflow.xml, /custom/assets/bundles/01EZZ5P9H4P5GVBF8BMWF4XPYG/live/System Host/1/system host.host.xml, /custom/assets/bundles/01EZZ5P9H4P5GVBF8BMWF4XPYG/live/System Host/1614877867043properties, /custom/assets/bundles/01EZZ5P9H4P5GVBF8BMWF4XPYG/live/System Host/1properties, /custom/assets/bundles/01EZZ5P9H4P5GVBF8BMWF4XPYG/live/System Host/en_US.language.xml, /custom/assets/bundles/01EZZ5P9H4P5GVBF8BMWF4XPYG/live/System Host/qp_YQ.language.xml, /custom/assets/bundles/01EZZ5P9H4P5GVBF8BMWF4XPYG/live/default/1614877867043/2-content.c67af8e9-9ab7-4522-aa3b-4fde70e0772c.content.xml, /custom/assets/bundles/01EZZ5P9H4P5GVBF8BMWF4XPYG/live/default/1614877867043/b9be4647-b762-46ba-ad74-484767ab1c3f.contentworkflow.xml, /custom/assets/bundles/01EZZ5P9H4P5GVBF8BMWF4XPYG/live/default/27614763-21ef-43d7-bc5a-226774e56204.rule.xml, /custom/assets/bundles/01EZZ5P9H4P5GVBF8BMWF4XPYG/working/System Host/1/1-content.aee675db-6afa-494d-b0f4-291eedb2a642.content.xml, /custom/assets/bundles/01EZZ5P9H4P5GVBF8BMWF4XPYG/working/System Host/1/82be8bb5-9fd4-4035-a493-e553d492a744.contentworkflow.xml, /custom/assets/bundles/01EZZ5P9H4P5GVBF8BMWF4XPYG/working/System Host/1/content.ff462f88-d9e1-4d31-b084-b73cb61976d3.host.xml, /custom/assets/bundles/01EZZ5P9H4P5GVBF8BMWF4XPYG/working/System Host/33888b6f-7a8e-4069-b1b6-5c1aa9d0a48d.contentType.json, /custom/assets/bundles/01EZZ5P9H4P5GVBF8BMWF4XPYG/working/System Host/f4d7c1b8-2c88-4071-abf1-a5328977b07d.contentType.json, /custom/assets/bundles/01EZZ5P9H4P5GVBF8BMWF4XPYG/working/test1614875721707.dotcms.com/1/0-ac3c9f41-53e5-4434-998a-cffca007862a.content.xml, /custom/assets/bundles/01EZZ5P9H4P5GVBF8BMWF4XPYG/working/test1614875721707.dotcms.com/1/3-5bd43158-b0f4-4ff9-8be4-b25bd10bffc7.content.xml, /custom/assets/bundles/01EZZ5P9H4P5GVBF8BMWF4XPYG/working/test1614875721707.dotcms.com/1/6a7a9006-4c78-478c-8ce1-1a7115872c6a.contentworkflow.xml, /custom/assets/bundles/01EZZ5P9H4P5GVBF8BMWF4XPYG/working/test1614875721707.dotcms.com/1/d11d783e-327d-4002-a32c-897212cb58aa.contentworkflow.xml, /custom/assets/bundles/01EZZ5P9H4P5GVBF8BMWF4XPYG/working/test1614875721707.dotcms.com/2eb727a3-3395-4ff9-8d25-e77ea6fb677d.contentType.json, /custom/assets/bundles/01EZZ5P9H4P5GVBF8BMWF4XPYG/working/test1614875721707.dotcms.com/testName1614875722722/testName1614875722732/8533143a-852b-4ec6-b1ae-f400fbc790aa.link.xml]
difference [/custom/assets/bundles/01EZZ5P9H4P5GVBF8BMWF4XPYG/ROOT/bc9a1d37-dd2d-4d49-a29d-0c9be740bfaf.folder.xml, /custom/assets/bundles/01EZZ5P9H4P5GVBF8BMWF4XPYG/bundle.xml, /custom/assets/bundles/01EZZ5P9H4P5GVBF8BMWF4XPYG/live/System Host/1/system host.host.xml]

	at org.jgroups.util.Util.assertEquals(Util.java:185)
	at com.dotcms.publishing.PublisherAPIImplTest.publish(PublisherAPIImplTest.java:407)
	at sun.reflect.NativeMethodAccessorImpl.invoke0(Native Method)
	at sun.reflect.NativeMethodAccessorImpl.invoke(NativeMethodAccessorImpl.java:62)
	at sun.reflect.DelegatingMethodAccessorImpl.invoke(DelegatingMethodAccessorImpl.java:43)
	at java.lang.reflect.Method.invoke(Method.java:498)
	at org.junit.runners.model.FrameworkMethod$1.runReflectiveCall(FrameworkMethod.java:50)
	at org.junit.internal.runners.model.ReflectiveCallable.run(ReflectiveCallable.java:12)
	at org.junit.runners.model.FrameworkMethod.invokeExplosively(FrameworkMethod.java:47)
	at com.tngtech.java.junit.dataprovider.DataProviderFrameworkMethod.invokeExplosively(DataProviderFrameworkMethod.java:119)
	at org.junit.internal.runners.statements.InvokeMethod.evaluate(InvokeMethod.java:17)
	at org.junit.rules.TestWatcher$1.evaluate(TestWatcher.java:55)
	at org.junit.rules.RunRules.evaluate(RunRules.java:20)
	at org.junit.runners.ParentRunner.runLeaf(ParentRunner.java:325)
	at com.dotcms.junit.CustomDataProviderRunner.runChild(CustomDataProviderRunner.java:28)
	at com.dotcms.junit.CustomDataProviderRunner.runChild(CustomDataProviderRunner.java:13)
	at org.junit.runners.ParentRunner$3.run(ParentRunner.java:290)
	at org.junit.runners.ParentRunner$1.schedule(ParentRunner.java:71)
	at org.junit.runners.ParentRunner.runChildren(ParentRunner.java:288)
	at org.junit.runners.ParentRunner.access$000(ParentRunner.java:58)
	at org.junit.runners.ParentRunner$2.evaluate(ParentRunner.java:268)
	at org.junit.internal.runners.statements.RunBefores.evaluate(RunBefores.java:26)
	at org.junit.internal.runners.statements.RunAfters.evaluate(RunAfters.java:27)
	at org.junit.runners.ParentRunner.run(ParentRunner.java:363)
	at org.junit.runners.Suite.runChild(Suite.java:128)
	at org.junit.runners.Suite.runChild(Suite.java:27)
	at org.junit.runners.ParentRunner$3.run(ParentRunner.java:290)
	at org.junit.runners.ParentRunner$1.schedule(ParentRunner.java:71)
	at org.junit.runners.ParentRunner.runChildren(ParentRunner.java:288)
	at org.junit.runners.ParentRunner.access$000(ParentRunner.java:58)
	at org.junit.runners.ParentRunner$2.evaluate(ParentRunner.java:268)
	at org.junit.runners.ParentRunner.run(ParentRunner.java:363)
	at org.gradle.api.internal.tasks.testing.junit.JUnitTestClassExecutor.runTestClass(JUnitTestClassExecutor.java:106)
	at org.gradle.api.internal.tasks.testing.junit.JUnitTestClassExecutor.execute(JUnitTestClassExecutor.java:58)
	at org.gradle.api.internal.tasks.testing.junit.JUnitTestClassExecutor.execute(JUnitTestClassExecutor.java:38)
	at org.gradle.api.internal.tasks.testing.junit.AbstractJUnitTestClassProcessor.processTestClass(AbstractJUnitTestClassProcessor.java:66)
	at org.gradle.api.internal.tasks.testing.SuiteTestClassProcessor.processTestClass(SuiteTestClassProcessor.java:51)
	at sun.reflect.NativeMethodAccessorImpl.invoke0(Native Method)
	at sun.reflect.NativeMethodAccessorImpl.invoke(NativeMethodAccessorImpl.java:62)
	at sun.reflect.DelegatingMethodAccessorImpl.invoke(DelegatingMethodAccessorImpl.java:43)
	at java.lang.reflect.Method.invoke(Method.java:498)
	at org.gradle.internal.dispatch.ReflectionDispatch.dispatch(ReflectionDispatch.java:35)
	at org.gradle.internal.dispatch.ReflectionDispatch.dispatch(ReflectionDispatch.java:24)
	at org.gradle.internal.dispatch.ContextClassLoaderDispatch.dispatch(ContextClassLoaderDispatch.java:32)
	at org.gradle.internal.dispatch.ProxyDispatchAdapter$DispatchingInvocationHandler.invoke(ProxyDispatchAdapter.java:93)
	at com.sun.proxy.$Proxy2.processTestClass(Unknown Source)
	at org.gradle.api.internal.tasks.testing.worker.TestWorker.processTestClass(TestWorker.java:117)
	at sun.reflect.NativeMethodAccessorImpl.invoke0(Native Method)
	at sun.reflect.NativeMethodAccessorImpl.invoke(NativeMethodAccessorImpl.java:62)
	at sun.reflect.DelegatingMethodAccessorImpl.invoke(DelegatingMethodAccessorImpl.java:43)
	at java.lang.reflect.Method.invoke(Method.java:498)
	at org.gradle.internal.dispatch.ReflectionDispatch.dispatch(ReflectionDispatch.java:35)
	at org.gradle.internal.dispatch.ReflectionDispatch.dispatch(ReflectionDispatch.java:24)
	at org.gradle.internal.remote.internal.hub.MessageHubBackedObjectConnection$DispatchWrapper.dispatch(MessageHubBackedObjectConnection.java:155)
	at org.gradle.internal.remote.internal.hub.MessageHubBackedObjectConnection$DispatchWrapper.dispatch(MessageHubBackedObjectConnection.java:137)
	at org.gradle.internal.remote.internal.hub.MessageHub$Handler.run(MessageHub.java:404)
	at org.gradle.internal.concurrent.ExecutorPolicy$CatchAndRecordFailures.onExecute(ExecutorPolicy.java:63)
	at org.gradle.internal.concurrent.ManagedExecutorImpl$1.run(ManagedExecutorImpl.java:46)
	at java.util.concurrent.ThreadPoolExecutor.runWorker(ThreadPoolExecutor.java:1149)
	at java.util.concurrent.ThreadPoolExecutor$Worker.run(ThreadPoolExecutor.java:624)
	at org.gradle.internal.concurrent.ThreadFactoryImpl$ManagedThreadRunnable.run(ThreadFactoryImpl.java:55)
	at java.lang.Thread.run(Thread.java:748)
</pre>
</span>
</div>
<div class="test">
<a name="publish[13: com.dotcms.publishing.PublisherAPIImplTest$TestCase@641a4ed2]"></a>
<h3 class="failures">publish[13: com.dotcms.publishing.PublisherAPIImplTest$TestCase@641a4ed2]</h3>
<span class="code">
<pre>java.lang.AssertionError: Expected 28 but get 30 in /custom/assets/bundles/01EZZ5P9MKVEDMAAJ2RFSA0WWZ
Expected [/custom/assets/bundles/01EZZ5P9MKVEDMAAJ2RFSA0WWZ/live/System Host/1/content.ff462f88-d9e1-4d31-b084-b73cb61976d3.host.xml, /custom/assets/bundles/01EZZ5P9MKVEDMAAJ2RFSA0WWZ/live/System Host/1614877867043properties, /custom/assets/bundles/01EZZ5P9MKVEDMAAJ2RFSA0WWZ/live/System Host/en_US.language.xml, /custom/assets/bundles/01EZZ5P9MKVEDMAAJ2RFSA0WWZ/working/System Host/1/0-content.aee675db-6afa-494d-b0f4-291eedb2a642.content.xml, /custom/assets/bundles/01EZZ5P9MKVEDMAAJ2RFSA0WWZ/live/System Host/1/82be8bb5-9fd4-4035-a493-e553d492a744.contentworkflow.xml, /custom/assets/bundles/01EZZ5P9MKVEDMAAJ2RFSA0WWZ/working/test1614875722952.dotcms.com/d68d2833-c89e-42a8-b63a-73fe587663b8.containers.container.xml, /custom/assets/bundles/01EZZ5P9MKVEDMAAJ2RFSA0WWZ/working/test1614875722952.dotcms.com/9b95bf16-a21c-4c60-ad9a-f36147779448.contentType.json, /custom/assets/bundles/01EZZ5P9MKVEDMAAJ2RFSA0WWZ/working/System Host/1/content.ff462f88-d9e1-4d31-b084-b73cb61976d3.host.xml, /custom/assets/bundles/01EZZ5P9MKVEDMAAJ2RFSA0WWZ/working/System Host/1/82be8bb5-9fd4-4035-a493-e553d492a744.contentworkflow.xml, /custom/assets/bundles/01EZZ5P9MKVEDMAAJ2RFSA0WWZ/live/System Host/1/4-content.aee675db-6afa-494d-b0f4-291eedb2a642.content.xml, /custom/assets/bundles/01EZZ5P9MKVEDMAAJ2RFSA0WWZ/live/test1614875722952.dotcms.com/1d0a0a0e-7b09-447c-bc6a-27bf1c0a279b.template.template.xml, /custom/assets/bundles/01EZZ5P9MKVEDMAAJ2RFSA0WWZ/live/System Host/qp_YQ.language.xml, /custom/assets/bundles/01EZZ5P9MKVEDMAAJ2RFSA0WWZ/working/System Host/f4d7c1b8-2c88-4071-abf1-a5328977b07d.contentType.json, /custom/assets/bundles/01EZZ5P9MKVEDMAAJ2RFSA0WWZ/working/test1614875722952.dotcms.com/b45ec118-d824-4217-bde2-9a6de03482e1.contentType.json, /custom/assets/bundles/01EZZ5P9MKVEDMAAJ2RFSA0WWZ/working/test1614875722952.dotcms.com/1/d17fad0f-f5e4-4680-9f10-3f8f30670329.contentworkflow.xml, /custom/assets/bundles/01EZZ5P9MKVEDMAAJ2RFSA0WWZ/live/default/27614763-21ef-43d7-bc5a-226774e56204.rule.xml, /custom/assets/bundles/01EZZ5P9MKVEDMAAJ2RFSA0WWZ/live/System Host/1properties, /custom/assets/bundles/01EZZ5P9MKVEDMAAJ2RFSA0WWZ/live/default/1614877867043/b9be4647-b762-46ba-ad74-484767ab1c3f.contentworkflow.xml, /custom/assets/bundles/01EZZ5P9MKVEDMAAJ2RFSA0WWZ/ROOT/3d8674e5-793f-41d7-bcdb-87c6f4ac193c.folder.xml, /custom/assets/bundles/01EZZ5P9MKVEDMAAJ2RFSA0WWZ/working/test1614875722952.dotcms.com/1/1-content.dadeff82-6899-4fc8-8e09-d2b65edc65f1.content.xml, /custom/assets/bundles/01EZZ5P9MKVEDMAAJ2RFSA0WWZ/live/default/1614877867043/2-content.c67af8e9-9ab7-4522-aa3b-4fde70e0772c.content.xml, /custom/assets/bundles/01EZZ5P9MKVEDMAAJ2RFSA0WWZ/live/System Host/1/3-content.6519c7f0-8a2a-49d4-901f-f59fe516e499.content.xml, /custom/assets/bundles/01EZZ5P9MKVEDMAAJ2RFSA0WWZ/live/test1614875722952.dotcms.com/734ad083-20bd-443f-bc97-e8432f46f5b9.rule.xml, /custom/assets/bundles/01EZZ5P9MKVEDMAAJ2RFSA0WWZ/live/System Host/1/content.fb13bedb-33ea-4513-8d58-265d641afe32.host.xml, /custom/assets/bundles/01EZZ5P9MKVEDMAAJ2RFSA0WWZ/live/System Host/1/e82b425b-5cd8-420a-ac4f-0c0e41465bca.contentworkflow.xml, /custom/assets/bundles/01EZZ5P9MKVEDMAAJ2RFSA0WWZ/d61a59e1-a49c-46f2-a929-db2b4bfa88b2.workflow.xml, /custom/assets/bundles/01EZZ5P9MKVEDMAAJ2RFSA0WWZ/working/System Host/33888b6f-7a8e-4069-b1b6-5c1aa9d0a48d.contentType.json]
Existing [/custom/assets/bundles/01EZZ5P9MKVEDMAAJ2RFSA0WWZ/ROOT/3d8674e5-793f-41d7-bcdb-87c6f4ac193c.folder.xml, /custom/assets/bundles/01EZZ5P9MKVEDMAAJ2RFSA0WWZ/ROOT/bc9a1d37-dd2d-4d49-a29d-0c9be740bfaf.folder.xml, /custom/assets/bundles/01EZZ5P9MKVEDMAAJ2RFSA0WWZ/bundle.xml, /custom/assets/bundles/01EZZ5P9MKVEDMAAJ2RFSA0WWZ/d61a59e1-a49c-46f2-a929-db2b4bfa88b2.workflow.xml, /custom/assets/bundles/01EZZ5P9MKVEDMAAJ2RFSA0WWZ/live/System Host/1/3-content.6519c7f0-8a2a-49d4-901f-f59fe516e499.content.xml, /custom/assets/bundles/01EZZ5P9MKVEDMAAJ2RFSA0WWZ/live/System Host/1/4-content.aee675db-6afa-494d-b0f4-291eedb2a642.content.xml, /custom/assets/bundles/01EZZ5P9MKVEDMAAJ2RFSA0WWZ/live/System Host/1/82be8bb5-9fd4-4035-a493-e553d492a744.contentworkflow.xml, /custom/assets/bundles/01EZZ5P9MKVEDMAAJ2RFSA0WWZ/live/System Host/1/content.fb13bedb-33ea-4513-8d58-265d641afe32.host.xml, /custom/assets/bundles/01EZZ5P9MKVEDMAAJ2RFSA0WWZ/live/System Host/1/content.ff462f88-d9e1-4d31-b084-b73cb61976d3.host.xml, /custom/assets/bundles/01EZZ5P9MKVEDMAAJ2RFSA0WWZ/live/System Host/1/e82b425b-5cd8-420a-ac4f-0c0e41465bca.contentworkflow.xml, /custom/assets/bundles/01EZZ5P9MKVEDMAAJ2RFSA0WWZ/live/System Host/1/system host.host.xml, /custom/assets/bundles/01EZZ5P9MKVEDMAAJ2RFSA0WWZ/live/System Host/1614877867043properties, /custom/assets/bundles/01EZZ5P9MKVEDMAAJ2RFSA0WWZ/live/System Host/1properties, /custom/assets/bundles/01EZZ5P9MKVEDMAAJ2RFSA0WWZ/live/System Host/en_US.language.xml, /custom/assets/bundles/01EZZ5P9MKVEDMAAJ2RFSA0WWZ/live/System Host/qp_YQ.language.xml, /custom/assets/bundles/01EZZ5P9MKVEDMAAJ2RFSA0WWZ/live/default/1614877867043/2-content.c67af8e9-9ab7-4522-aa3b-4fde70e0772c.content.xml, /custom/assets/bundles/01EZZ5P9MKVEDMAAJ2RFSA0WWZ/live/default/1614877867043/b9be4647-b762-46ba-ad74-484767ab1c3f.contentworkflow.xml, /custom/assets/bundles/01EZZ5P9MKVEDMAAJ2RFSA0WWZ/live/default/27614763-21ef-43d7-bc5a-226774e56204.rule.xml, /custom/assets/bundles/01EZZ5P9MKVEDMAAJ2RFSA0WWZ/live/test1614875722952.dotcms.com/1d0a0a0e-7b09-447c-bc6a-27bf1c0a279b.template.template.xml, /custom/assets/bundles/01EZZ5P9MKVEDMAAJ2RFSA0WWZ/live/test1614875722952.dotcms.com/734ad083-20bd-443f-bc97-e8432f46f5b9.rule.xml, /custom/assets/bundles/01EZZ5P9MKVEDMAAJ2RFSA0WWZ/working/System Host/1/0-content.aee675db-6afa-494d-b0f4-291eedb2a642.content.xml, /custom/assets/bundles/01EZZ5P9MKVEDMAAJ2RFSA0WWZ/working/System Host/1/82be8bb5-9fd4-4035-a493-e553d492a744.contentworkflow.xml, /custom/assets/bundles/01EZZ5P9MKVEDMAAJ2RFSA0WWZ/working/System Host/1/content.ff462f88-d9e1-4d31-b084-b73cb61976d3.host.xml, /custom/assets/bundles/01EZZ5P9MKVEDMAAJ2RFSA0WWZ/working/System Host/33888b6f-7a8e-4069-b1b6-5c1aa9d0a48d.contentType.json, /custom/assets/bundles/01EZZ5P9MKVEDMAAJ2RFSA0WWZ/working/System Host/f4d7c1b8-2c88-4071-abf1-a5328977b07d.contentType.json, /custom/assets/bundles/01EZZ5P9MKVEDMAAJ2RFSA0WWZ/working/test1614875722952.dotcms.com/1/1-content.dadeff82-6899-4fc8-8e09-d2b65edc65f1.content.xml, /custom/assets/bundles/01EZZ5P9MKVEDMAAJ2RFSA0WWZ/working/test1614875722952.dotcms.com/1/d17fad0f-f5e4-4680-9f10-3f8f30670329.contentworkflow.xml, /custom/assets/bundles/01EZZ5P9MKVEDMAAJ2RFSA0WWZ/working/test1614875722952.dotcms.com/9b95bf16-a21c-4c60-ad9a-f36147779448.contentType.json, /custom/assets/bundles/01EZZ5P9MKVEDMAAJ2RFSA0WWZ/working/test1614875722952.dotcms.com/b45ec118-d824-4217-bde2-9a6de03482e1.contentType.json, /custom/assets/bundles/01EZZ5P9MKVEDMAAJ2RFSA0WWZ/working/test1614875722952.dotcms.com/d68d2833-c89e-42a8-b63a-73fe587663b8.containers.container.xml]
difference [/custom/assets/bundles/01EZZ5P9MKVEDMAAJ2RFSA0WWZ/ROOT/bc9a1d37-dd2d-4d49-a29d-0c9be740bfaf.folder.xml, /custom/assets/bundles/01EZZ5P9MKVEDMAAJ2RFSA0WWZ/bundle.xml, /custom/assets/bundles/01EZZ5P9MKVEDMAAJ2RFSA0WWZ/live/System Host/1/system host.host.xml]

	at org.jgroups.util.Util.assertEquals(Util.java:185)
	at com.dotcms.publishing.PublisherAPIImplTest.publish(PublisherAPIImplTest.java:407)
	at sun.reflect.NativeMethodAccessorImpl.invoke0(Native Method)
	at sun.reflect.NativeMethodAccessorImpl.invoke(NativeMethodAccessorImpl.java:62)
	at sun.reflect.DelegatingMethodAccessorImpl.invoke(DelegatingMethodAccessorImpl.java:43)
	at java.lang.reflect.Method.invoke(Method.java:498)
	at org.junit.runners.model.FrameworkMethod$1.runReflectiveCall(FrameworkMethod.java:50)
	at org.junit.internal.runners.model.ReflectiveCallable.run(ReflectiveCallable.java:12)
	at org.junit.runners.model.FrameworkMethod.invokeExplosively(FrameworkMethod.java:47)
	at com.tngtech.java.junit.dataprovider.DataProviderFrameworkMethod.invokeExplosively(DataProviderFrameworkMethod.java:119)
	at org.junit.internal.runners.statements.InvokeMethod.evaluate(InvokeMethod.java:17)
	at org.junit.rules.TestWatcher$1.evaluate(TestWatcher.java:55)
	at org.junit.rules.RunRules.evaluate(RunRules.java:20)
	at org.junit.runners.ParentRunner.runLeaf(ParentRunner.java:325)
	at com.dotcms.junit.CustomDataProviderRunner.runChild(CustomDataProviderRunner.java:28)
	at com.dotcms.junit.CustomDataProviderRunner.runChild(CustomDataProviderRunner.java:13)
	at org.junit.runners.ParentRunner$3.run(ParentRunner.java:290)
	at org.junit.runners.ParentRunner$1.schedule(ParentRunner.java:71)
	at org.junit.runners.ParentRunner.runChildren(ParentRunner.java:288)
	at org.junit.runners.ParentRunner.access$000(ParentRunner.java:58)
	at org.junit.runners.ParentRunner$2.evaluate(ParentRunner.java:268)
	at org.junit.internal.runners.statements.RunBefores.evaluate(RunBefores.java:26)
	at org.junit.internal.runners.statements.RunAfters.evaluate(RunAfters.java:27)
	at org.junit.runners.ParentRunner.run(ParentRunner.java:363)
	at org.junit.runners.Suite.runChild(Suite.java:128)
	at org.junit.runners.Suite.runChild(Suite.java:27)
	at org.junit.runners.ParentRunner$3.run(ParentRunner.java:290)
	at org.junit.runners.ParentRunner$1.schedule(ParentRunner.java:71)
	at org.junit.runners.ParentRunner.runChildren(ParentRunner.java:288)
	at org.junit.runners.ParentRunner.access$000(ParentRunner.java:58)
	at org.junit.runners.ParentRunner$2.evaluate(ParentRunner.java:268)
	at org.junit.runners.ParentRunner.run(ParentRunner.java:363)
	at org.gradle.api.internal.tasks.testing.junit.JUnitTestClassExecutor.runTestClass(JUnitTestClassExecutor.java:106)
	at org.gradle.api.internal.tasks.testing.junit.JUnitTestClassExecutor.execute(JUnitTestClassExecutor.java:58)
	at org.gradle.api.internal.tasks.testing.junit.JUnitTestClassExecutor.execute(JUnitTestClassExecutor.java:38)
	at org.gradle.api.internal.tasks.testing.junit.AbstractJUnitTestClassProcessor.processTestClass(AbstractJUnitTestClassProcessor.java:66)
	at org.gradle.api.internal.tasks.testing.SuiteTestClassProcessor.processTestClass(SuiteTestClassProcessor.java:51)
	at sun.reflect.NativeMethodAccessorImpl.invoke0(Native Method)
	at sun.reflect.NativeMethodAccessorImpl.invoke(NativeMethodAccessorImpl.java:62)
	at sun.reflect.DelegatingMethodAccessorImpl.invoke(DelegatingMethodAccessorImpl.java:43)
	at java.lang.reflect.Method.invoke(Method.java:498)
	at org.gradle.internal.dispatch.ReflectionDispatch.dispatch(ReflectionDispatch.java:35)
	at org.gradle.internal.dispatch.ReflectionDispatch.dispatch(ReflectionDispatch.java:24)
	at org.gradle.internal.dispatch.ContextClassLoaderDispatch.dispatch(ContextClassLoaderDispatch.java:32)
	at org.gradle.internal.dispatch.ProxyDispatchAdapter$DispatchingInvocationHandler.invoke(ProxyDispatchAdapter.java:93)
	at com.sun.proxy.$Proxy2.processTestClass(Unknown Source)
	at org.gradle.api.internal.tasks.testing.worker.TestWorker.processTestClass(TestWorker.java:117)
	at sun.reflect.NativeMethodAccessorImpl.invoke0(Native Method)
	at sun.reflect.NativeMethodAccessorImpl.invoke(NativeMethodAccessorImpl.java:62)
	at sun.reflect.DelegatingMethodAccessorImpl.invoke(DelegatingMethodAccessorImpl.java:43)
	at java.lang.reflect.Method.invoke(Method.java:498)
	at org.gradle.internal.dispatch.ReflectionDispatch.dispatch(ReflectionDispatch.java:35)
	at org.gradle.internal.dispatch.ReflectionDispatch.dispatch(ReflectionDispatch.java:24)
	at org.gradle.internal.remote.internal.hub.MessageHubBackedObjectConnection$DispatchWrapper.dispatch(MessageHubBackedObjectConnection.java:155)
	at org.gradle.internal.remote.internal.hub.MessageHubBackedObjectConnection$DispatchWrapper.dispatch(MessageHubBackedObjectConnection.java:137)
	at org.gradle.internal.remote.internal.hub.MessageHub$Handler.run(MessageHub.java:404)
	at org.gradle.internal.concurrent.ExecutorPolicy$CatchAndRecordFailures.onExecute(ExecutorPolicy.java:63)
	at org.gradle.internal.concurrent.ManagedExecutorImpl$1.run(ManagedExecutorImpl.java:46)
	at java.util.concurrent.ThreadPoolExecutor.runWorker(ThreadPoolExecutor.java:1149)
	at java.util.concurrent.ThreadPoolExecutor$Worker.run(ThreadPoolExecutor.java:624)
	at org.gradle.internal.concurrent.ThreadFactoryImpl$ManagedThreadRunnable.run(ThreadFactoryImpl.java:55)
	at java.lang.Thread.run(Thread.java:748)
</pre>
</span>
</div>
<div class="test">
<a name="publish[14: com.dotcms.publishing.PublisherAPIImplTest$TestCase@2a49711]"></a>
<h3 class="failures">publish[14: com.dotcms.publishing.PublisherAPIImplTest$TestCase@2a49711]</h3>
<span class="code">
<pre>java.lang.AssertionError: Expected 21 but get 23 in /custom/assets/bundles/01EZZ5P9S1KQ8SB7GG7Z1CXZ3C
Expected [/custom/assets/bundles/01EZZ5P9S1KQ8SB7GG7Z1CXZ3C/live/System Host/1/content.69e3aa46-16a6-4ef5-8d51-a4bcd7c3422d.host.xml, /custom/assets/bundles/01EZZ5P9S1KQ8SB7GG7Z1CXZ3C/live/System Host/qp_YQ.language.xml, /custom/assets/bundles/01EZZ5P9S1KQ8SB7GG7Z1CXZ3C/live/default/1614877867043/b9be4647-b762-46ba-ad74-484767ab1c3f.contentworkflow.xml, /custom/assets/bundles/01EZZ5P9S1KQ8SB7GG7Z1CXZ3C/live/System Host/1/3-content.aee675db-6afa-494d-b0f4-291eedb2a642.content.xml, /custom/assets/bundles/01EZZ5P9S1KQ8SB7GG7Z1CXZ3C/live/System Host/1/content.ff462f88-d9e1-4d31-b084-b73cb61976d3.host.xml, /custom/assets/bundles/01EZZ5P9S1KQ8SB7GG7Z1CXZ3C/live/System Host/1/82be8bb5-9fd4-4035-a493-e553d492a744.contentworkflow.xml, /custom/assets/bundles/01EZZ5P9S1KQ8SB7GG7Z1CXZ3C/working/test1614875723865.dotcms.com/testName1614875724777/e00ee800-980c-43b9-8bd2-4085a46aa5d3.link.xml, /custom/assets/bundles/01EZZ5P9S1KQ8SB7GG7Z1CXZ3C/working/System Host/1/82be8bb5-9fd4-4035-a493-e553d492a744.contentworkflow.xml, /custom/assets/bundles/01EZZ5P9S1KQ8SB7GG7Z1CXZ3C/live/System Host/1614877867043properties, /custom/assets/bundles/01EZZ5P9S1KQ8SB7GG7Z1CXZ3C/live/System Host/en_US.language.xml, /custom/assets/bundles/01EZZ5P9S1KQ8SB7GG7Z1CXZ3C/working/System Host/1/content.ff462f88-d9e1-4d31-b084-b73cb61976d3.host.xml, /custom/assets/bundles/01EZZ5P9S1KQ8SB7GG7Z1CXZ3C/d61a59e1-a49c-46f2-a929-db2b4bfa88b2.workflow.xml, /custom/assets/bundles/01EZZ5P9S1KQ8SB7GG7Z1CXZ3C/ROOT/7021db96-8d8f-42fe-b641-9ccefd69ef09.folder.xml, /custom/assets/bundles/01EZZ5P9S1KQ8SB7GG7Z1CXZ3C/live/default/27614763-21ef-43d7-bc5a-226774e56204.rule.xml, /custom/assets/bundles/01EZZ5P9S1KQ8SB7GG7Z1CXZ3C/working/System Host/f4d7c1b8-2c88-4071-abf1-a5328977b07d.contentType.json, /custom/assets/bundles/01EZZ5P9S1KQ8SB7GG7Z1CXZ3C/live/default/1614877867043/1-content.c67af8e9-9ab7-4522-aa3b-4fde70e0772c.content.xml, /custom/assets/bundles/01EZZ5P9S1KQ8SB7GG7Z1CXZ3C/live/System Host/1/2-content.6519c7f0-8a2a-49d4-901f-f59fe516e499.content.xml, /custom/assets/bundles/01EZZ5P9S1KQ8SB7GG7Z1CXZ3C/working/System Host/1/0-content.aee675db-6afa-494d-b0f4-291eedb2a642.content.xml, /custom/assets/bundles/01EZZ5P9S1KQ8SB7GG7Z1CXZ3C/live/System Host/1/e82b425b-5cd8-420a-ac4f-0c0e41465bca.contentworkflow.xml, /custom/assets/bundles/01EZZ5P9S1KQ8SB7GG7Z1CXZ3C/live/System Host/1properties]
Existing [/custom/assets/bundles/01EZZ5P9S1KQ8SB7GG7Z1CXZ3C/ROOT/7021db96-8d8f-42fe-b641-9ccefd69ef09.folder.xml, /custom/assets/bundles/01EZZ5P9S1KQ8SB7GG7Z1CXZ3C/ROOT/bc9a1d37-dd2d-4d49-a29d-0c9be740bfaf.folder.xml, /custom/assets/bundles/01EZZ5P9S1KQ8SB7GG7Z1CXZ3C/bundle.xml, /custom/assets/bundles/01EZZ5P9S1KQ8SB7GG7Z1CXZ3C/d61a59e1-a49c-46f2-a929-db2b4bfa88b2.workflow.xml, /custom/assets/bundles/01EZZ5P9S1KQ8SB7GG7Z1CXZ3C/live/System Host/1/2-content.6519c7f0-8a2a-49d4-901f-f59fe516e499.content.xml, /custom/assets/bundles/01EZZ5P9S1KQ8SB7GG7Z1CXZ3C/live/System Host/1/3-content.aee675db-6afa-494d-b0f4-291eedb2a642.content.xml, /custom/assets/bundles/01EZZ5P9S1KQ8SB7GG7Z1CXZ3C/live/System Host/1/82be8bb5-9fd4-4035-a493-e553d492a744.contentworkflow.xml, /custom/assets/bundles/01EZZ5P9S1KQ8SB7GG7Z1CXZ3C/live/System Host/1/content.69e3aa46-16a6-4ef5-8d51-a4bcd7c3422d.host.xml, /custom/assets/bundles/01EZZ5P9S1KQ8SB7GG7Z1CXZ3C/live/System Host/1/content.ff462f88-d9e1-4d31-b084-b73cb61976d3.host.xml, /custom/assets/bundles/01EZZ5P9S1KQ8SB7GG7Z1CXZ3C/live/System Host/1/e82b425b-5cd8-420a-ac4f-0c0e41465bca.contentworkflow.xml, /custom/assets/bundles/01EZZ5P9S1KQ8SB7GG7Z1CXZ3C/live/System Host/1/system host.host.xml, /custom/assets/bundles/01EZZ5P9S1KQ8SB7GG7Z1CXZ3C/live/System Host/1614877867043properties, /custom/assets/bundles/01EZZ5P9S1KQ8SB7GG7Z1CXZ3C/live/System Host/1properties, /custom/assets/bundles/01EZZ5P9S1KQ8SB7GG7Z1CXZ3C/live/System Host/en_US.language.xml, /custom/assets/bundles/01EZZ5P9S1KQ8SB7GG7Z1CXZ3C/live/System Host/qp_YQ.language.xml, /custom/assets/bundles/01EZZ5P9S1KQ8SB7GG7Z1CXZ3C/live/default/1614877867043/1-content.c67af8e9-9ab7-4522-aa3b-4fde70e0772c.content.xml, /custom/assets/bundles/01EZZ5P9S1KQ8SB7GG7Z1CXZ3C/live/default/1614877867043/b9be4647-b762-46ba-ad74-484767ab1c3f.contentworkflow.xml, /custom/assets/bundles/01EZZ5P9S1KQ8SB7GG7Z1CXZ3C/live/default/27614763-21ef-43d7-bc5a-226774e56204.rule.xml, /custom/assets/bundles/01EZZ5P9S1KQ8SB7GG7Z1CXZ3C/working/System Host/1/0-content.aee675db-6afa-494d-b0f4-291eedb2a642.content.xml, /custom/assets/bundles/01EZZ5P9S1KQ8SB7GG7Z1CXZ3C/working/System Host/1/82be8bb5-9fd4-4035-a493-e553d492a744.contentworkflow.xml, /custom/assets/bundles/01EZZ5P9S1KQ8SB7GG7Z1CXZ3C/working/System Host/1/content.ff462f88-d9e1-4d31-b084-b73cb61976d3.host.xml, /custom/assets/bundles/01EZZ5P9S1KQ8SB7GG7Z1CXZ3C/working/System Host/f4d7c1b8-2c88-4071-abf1-a5328977b07d.contentType.json, /custom/assets/bundles/01EZZ5P9S1KQ8SB7GG7Z1CXZ3C/working/test1614875723865.dotcms.com/testName1614875724777/e00ee800-980c-43b9-8bd2-4085a46aa5d3.link.xml]
difference [/custom/assets/bundles/01EZZ5P9S1KQ8SB7GG7Z1CXZ3C/ROOT/bc9a1d37-dd2d-4d49-a29d-0c9be740bfaf.folder.xml, /custom/assets/bundles/01EZZ5P9S1KQ8SB7GG7Z1CXZ3C/bundle.xml, /custom/assets/bundles/01EZZ5P9S1KQ8SB7GG7Z1CXZ3C/live/System Host/1/system host.host.xml]

	at org.jgroups.util.Util.assertEquals(Util.java:185)
	at com.dotcms.publishing.PublisherAPIImplTest.publish(PublisherAPIImplTest.java:407)
	at sun.reflect.NativeMethodAccessorImpl.invoke0(Native Method)
	at sun.reflect.NativeMethodAccessorImpl.invoke(NativeMethodAccessorImpl.java:62)
	at sun.reflect.DelegatingMethodAccessorImpl.invoke(DelegatingMethodAccessorImpl.java:43)
	at java.lang.reflect.Method.invoke(Method.java:498)
	at org.junit.runners.model.FrameworkMethod$1.runReflectiveCall(FrameworkMethod.java:50)
	at org.junit.internal.runners.model.ReflectiveCallable.run(ReflectiveCallable.java:12)
	at org.junit.runners.model.FrameworkMethod.invokeExplosively(FrameworkMethod.java:47)
	at com.tngtech.java.junit.dataprovider.DataProviderFrameworkMethod.invokeExplosively(DataProviderFrameworkMethod.java:119)
	at org.junit.internal.runners.statements.InvokeMethod.evaluate(InvokeMethod.java:17)
	at org.junit.rules.TestWatcher$1.evaluate(TestWatcher.java:55)
	at org.junit.rules.RunRules.evaluate(RunRules.java:20)
	at org.junit.runners.ParentRunner.runLeaf(ParentRunner.java:325)
	at com.dotcms.junit.CustomDataProviderRunner.runChild(CustomDataProviderRunner.java:28)
	at com.dotcms.junit.CustomDataProviderRunner.runChild(CustomDataProviderRunner.java:13)
	at org.junit.runners.ParentRunner$3.run(ParentRunner.java:290)
	at org.junit.runners.ParentRunner$1.schedule(ParentRunner.java:71)
	at org.junit.runners.ParentRunner.runChildren(ParentRunner.java:288)
	at org.junit.runners.ParentRunner.access$000(ParentRunner.java:58)
	at org.junit.runners.ParentRunner$2.evaluate(ParentRunner.java:268)
	at org.junit.internal.runners.statements.RunBefores.evaluate(RunBefores.java:26)
	at org.junit.internal.runners.statements.RunAfters.evaluate(RunAfters.java:27)
	at org.junit.runners.ParentRunner.run(ParentRunner.java:363)
	at org.junit.runners.Suite.runChild(Suite.java:128)
	at org.junit.runners.Suite.runChild(Suite.java:27)
	at org.junit.runners.ParentRunner$3.run(ParentRunner.java:290)
	at org.junit.runners.ParentRunner$1.schedule(ParentRunner.java:71)
	at org.junit.runners.ParentRunner.runChildren(ParentRunner.java:288)
	at org.junit.runners.ParentRunner.access$000(ParentRunner.java:58)
	at org.junit.runners.ParentRunner$2.evaluate(ParentRunner.java:268)
	at org.junit.runners.ParentRunner.run(ParentRunner.java:363)
	at org.gradle.api.internal.tasks.testing.junit.JUnitTestClassExecutor.runTestClass(JUnitTestClassExecutor.java:106)
	at org.gradle.api.internal.tasks.testing.junit.JUnitTestClassExecutor.execute(JUnitTestClassExecutor.java:58)
	at org.gradle.api.internal.tasks.testing.junit.JUnitTestClassExecutor.execute(JUnitTestClassExecutor.java:38)
	at org.gradle.api.internal.tasks.testing.junit.AbstractJUnitTestClassProcessor.processTestClass(AbstractJUnitTestClassProcessor.java:66)
	at org.gradle.api.internal.tasks.testing.SuiteTestClassProcessor.processTestClass(SuiteTestClassProcessor.java:51)
	at sun.reflect.NativeMethodAccessorImpl.invoke0(Native Method)
	at sun.reflect.NativeMethodAccessorImpl.invoke(NativeMethodAccessorImpl.java:62)
	at sun.reflect.DelegatingMethodAccessorImpl.invoke(DelegatingMethodAccessorImpl.java:43)
	at java.lang.reflect.Method.invoke(Method.java:498)
	at org.gradle.internal.dispatch.ReflectionDispatch.dispatch(ReflectionDispatch.java:35)
	at org.gradle.internal.dispatch.ReflectionDispatch.dispatch(ReflectionDispatch.java:24)
	at org.gradle.internal.dispatch.ContextClassLoaderDispatch.dispatch(ContextClassLoaderDispatch.java:32)
	at org.gradle.internal.dispatch.ProxyDispatchAdapter$DispatchingInvocationHandler.invoke(ProxyDispatchAdapter.java:93)
	at com.sun.proxy.$Proxy2.processTestClass(Unknown Source)
	at org.gradle.api.internal.tasks.testing.worker.TestWorker.processTestClass(TestWorker.java:117)
	at sun.reflect.NativeMethodAccessorImpl.invoke0(Native Method)
	at sun.reflect.NativeMethodAccessorImpl.invoke(NativeMethodAccessorImpl.java:62)
	at sun.reflect.DelegatingMethodAccessorImpl.invoke(DelegatingMethodAccessorImpl.java:43)
	at java.lang.reflect.Method.invoke(Method.java:498)
	at org.gradle.internal.dispatch.ReflectionDispatch.dispatch(ReflectionDispatch.java:35)
	at org.gradle.internal.dispatch.ReflectionDispatch.dispatch(ReflectionDispatch.java:24)
	at org.gradle.internal.remote.internal.hub.MessageHubBackedObjectConnection$DispatchWrapper.dispatch(MessageHubBackedObjectConnection.java:155)
	at org.gradle.internal.remote.internal.hub.MessageHubBackedObjectConnection$DispatchWrapper.dispatch(MessageHubBackedObjectConnection.java:137)
	at org.gradle.internal.remote.internal.hub.MessageHub$Handler.run(MessageHub.java:404)
	at org.gradle.internal.concurrent.ExecutorPolicy$CatchAndRecordFailures.onExecute(ExecutorPolicy.java:63)
	at org.gradle.internal.concurrent.ManagedExecutorImpl$1.run(ManagedExecutorImpl.java:46)
	at java.util.concurrent.ThreadPoolExecutor.runWorker(ThreadPoolExecutor.java:1149)
	at java.util.concurrent.ThreadPoolExecutor$Worker.run(ThreadPoolExecutor.java:624)
	at org.gradle.internal.concurrent.ThreadFactoryImpl$ManagedThreadRunnable.run(ThreadFactoryImpl.java:55)
	at java.lang.Thread.run(Thread.java:748)
</pre>
</span>
</div>
<div class="test">
<a name="publish[15: com.dotcms.publishing.PublisherAPIImplTest$TestCase@231f7a5]"></a>
<h3 class="failures">publish[15: com.dotcms.publishing.PublisherAPIImplTest$TestCase@231f7a5]</h3>
<span class="code">
<pre>java.lang.AssertionError: Expected 19 but get 21 in /custom/assets/bundles/01EZZ5P9V72Y37BEMW5X7DEAYC
Expected [/custom/assets/bundles/01EZZ5P9V72Y37BEMW5X7DEAYC/working/System Host/f4d7c1b8-2c88-4071-abf1-a5328977b07d.contentType.json, /custom/assets/bundles/01EZZ5P9V72Y37BEMW5X7DEAYC/bb9325b4-06d3-4bfb-b944-4f27befe9a49.workflow.xml, /custom/assets/bundles/01EZZ5P9V72Y37BEMW5X7DEAYC/live/System Host/1properties, /custom/assets/bundles/01EZZ5P9V72Y37BEMW5X7DEAYC/working/System Host/1/content.ff462f88-d9e1-4d31-b084-b73cb61976d3.host.xml, /custom/assets/bundles/01EZZ5P9V72Y37BEMW5X7DEAYC/live/System Host/1614877867043properties, /custom/assets/bundles/01EZZ5P9V72Y37BEMW5X7DEAYC/live/default/1614877867043/1-content.c67af8e9-9ab7-4522-aa3b-4fde70e0772c.content.xml, /custom/assets/bundles/01EZZ5P9V72Y37BEMW5X7DEAYC/live/default/27614763-21ef-43d7-bc5a-226774e56204.rule.xml, /custom/assets/bundles/01EZZ5P9V72Y37BEMW5X7DEAYC/working/System Host/1/0-content.aee675db-6afa-494d-b0f4-291eedb2a642.content.xml, /custom/assets/bundles/01EZZ5P9V72Y37BEMW5X7DEAYC/live/System Host/1/82be8bb5-9fd4-4035-a493-e553d492a744.contentworkflow.xml, /custom/assets/bundles/01EZZ5P9V72Y37BEMW5X7DEAYC/d61a59e1-a49c-46f2-a929-db2b4bfa88b2.workflow.xml, /custom/assets/bundles/01EZZ5P9V72Y37BEMW5X7DEAYC/working/System Host/1/82be8bb5-9fd4-4035-a493-e553d492a744.contentworkflow.xml, /custom/assets/bundles/01EZZ5P9V72Y37BEMW5X7DEAYC/live/System Host/en_US.language.xml, /custom/assets/bundles/01EZZ5P9V72Y37BEMW5X7DEAYC/live/System Host/1/2-content.6519c7f0-8a2a-49d4-901f-f59fe516e499.content.xml, /custom/assets/bundles/01EZZ5P9V72Y37BEMW5X7DEAYC/live/System Host/1/3-content.aee675db-6afa-494d-b0f4-291eedb2a642.content.xml, /custom/assets/bundles/01EZZ5P9V72Y37BEMW5X7DEAYC/live/System Host/1/content.ff462f88-d9e1-4d31-b084-b73cb61976d3.host.xml, /custom/assets/bundles/01EZZ5P9V72Y37BEMW5X7DEAYC/live/System Host/1/e82b425b-5cd8-420a-ac4f-0c0e41465bca.contentworkflow.xml, /custom/assets/bundles/01EZZ5P9V72Y37BEMW5X7DEAYC/live/default/1614877867043/b9be4647-b762-46ba-ad74-484767ab1c3f.contentworkflow.xml, /custom/assets/bundles/01EZZ5P9V72Y37BEMW5X7DEAYC/live/System Host/qp_YQ.language.xml]
Existing [/custom/assets/bundles/01EZZ5P9V72Y37BEMW5X7DEAYC/ROOT/bc9a1d37-dd2d-4d49-a29d-0c9be740bfaf.folder.xml, /custom/assets/bundles/01EZZ5P9V72Y37BEMW5X7DEAYC/bb9325b4-06d3-4bfb-b944-4f27befe9a49.workflow.xml, /custom/assets/bundles/01EZZ5P9V72Y37BEMW5X7DEAYC/bundle.xml, /custom/assets/bundles/01EZZ5P9V72Y37BEMW5X7DEAYC/d61a59e1-a49c-46f2-a929-db2b4bfa88b2.workflow.xml, /custom/assets/bundles/01EZZ5P9V72Y37BEMW5X7DEAYC/live/System Host/1/2-content.6519c7f0-8a2a-49d4-901f-f59fe516e499.content.xml, /custom/assets/bundles/01EZZ5P9V72Y37BEMW5X7DEAYC/live/System Host/1/3-content.aee675db-6afa-494d-b0f4-291eedb2a642.content.xml, /custom/assets/bundles/01EZZ5P9V72Y37BEMW5X7DEAYC/live/System Host/1/82be8bb5-9fd4-4035-a493-e553d492a744.contentworkflow.xml, /custom/assets/bundles/01EZZ5P9V72Y37BEMW5X7DEAYC/live/System Host/1/content.ff462f88-d9e1-4d31-b084-b73cb61976d3.host.xml, /custom/assets/bundles/01EZZ5P9V72Y37BEMW5X7DEAYC/live/System Host/1/e82b425b-5cd8-420a-ac4f-0c0e41465bca.contentworkflow.xml, /custom/assets/bundles/01EZZ5P9V72Y37BEMW5X7DEAYC/live/System Host/1/system host.host.xml, /custom/assets/bundles/01EZZ5P9V72Y37BEMW5X7DEAYC/live/System Host/1614877867043properties, /custom/assets/bundles/01EZZ5P9V72Y37BEMW5X7DEAYC/live/System Host/1properties, /custom/assets/bundles/01EZZ5P9V72Y37BEMW5X7DEAYC/live/System Host/en_US.language.xml, /custom/assets/bundles/01EZZ5P9V72Y37BEMW5X7DEAYC/live/System Host/qp_YQ.language.xml, /custom/assets/bundles/01EZZ5P9V72Y37BEMW5X7DEAYC/live/default/1614877867043/1-content.c67af8e9-9ab7-4522-aa3b-4fde70e0772c.content.xml, /custom/assets/bundles/01EZZ5P9V72Y37BEMW5X7DEAYC/live/default/1614877867043/b9be4647-b762-46ba-ad74-484767ab1c3f.contentworkflow.xml, /custom/assets/bundles/01EZZ5P9V72Y37BEMW5X7DEAYC/live/default/27614763-21ef-43d7-bc5a-226774e56204.rule.xml, /custom/assets/bundles/01EZZ5P9V72Y37BEMW5X7DEAYC/working/System Host/1/0-content.aee675db-6afa-494d-b0f4-291eedb2a642.content.xml, /custom/assets/bundles/01EZZ5P9V72Y37BEMW5X7DEAYC/working/System Host/1/82be8bb5-9fd4-4035-a493-e553d492a744.contentworkflow.xml, /custom/assets/bundles/01EZZ5P9V72Y37BEMW5X7DEAYC/working/System Host/1/content.ff462f88-d9e1-4d31-b084-b73cb61976d3.host.xml, /custom/assets/bundles/01EZZ5P9V72Y37BEMW5X7DEAYC/working/System Host/f4d7c1b8-2c88-4071-abf1-a5328977b07d.contentType.json]
difference [/custom/assets/bundles/01EZZ5P9V72Y37BEMW5X7DEAYC/ROOT/bc9a1d37-dd2d-4d49-a29d-0c9be740bfaf.folder.xml, /custom/assets/bundles/01EZZ5P9V72Y37BEMW5X7DEAYC/bundle.xml, /custom/assets/bundles/01EZZ5P9V72Y37BEMW5X7DEAYC/live/System Host/1/system host.host.xml]

	at org.jgroups.util.Util.assertEquals(Util.java:185)
	at com.dotcms.publishing.PublisherAPIImplTest.publish(PublisherAPIImplTest.java:407)
	at sun.reflect.NativeMethodAccessorImpl.invoke0(Native Method)
	at sun.reflect.NativeMethodAccessorImpl.invoke(NativeMethodAccessorImpl.java:62)
	at sun.reflect.DelegatingMethodAccessorImpl.invoke(DelegatingMethodAccessorImpl.java:43)
	at java.lang.reflect.Method.invoke(Method.java:498)
	at org.junit.runners.model.FrameworkMethod$1.runReflectiveCall(FrameworkMethod.java:50)
	at org.junit.internal.runners.model.ReflectiveCallable.run(ReflectiveCallable.java:12)
	at org.junit.runners.model.FrameworkMethod.invokeExplosively(FrameworkMethod.java:47)
	at com.tngtech.java.junit.dataprovider.DataProviderFrameworkMethod.invokeExplosively(DataProviderFrameworkMethod.java:119)
	at org.junit.internal.runners.statements.InvokeMethod.evaluate(InvokeMethod.java:17)
	at org.junit.rules.TestWatcher$1.evaluate(TestWatcher.java:55)
	at org.junit.rules.RunRules.evaluate(RunRules.java:20)
	at org.junit.runners.ParentRunner.runLeaf(ParentRunner.java:325)
	at com.dotcms.junit.CustomDataProviderRunner.runChild(CustomDataProviderRunner.java:28)
	at com.dotcms.junit.CustomDataProviderRunner.runChild(CustomDataProviderRunner.java:13)
	at org.junit.runners.ParentRunner$3.run(ParentRunner.java:290)
	at org.junit.runners.ParentRunner$1.schedule(ParentRunner.java:71)
	at org.junit.runners.ParentRunner.runChildren(ParentRunner.java:288)
	at org.junit.runners.ParentRunner.access$000(ParentRunner.java:58)
	at org.junit.runners.ParentRunner$2.evaluate(ParentRunner.java:268)
	at org.junit.internal.runners.statements.RunBefores.evaluate(RunBefores.java:26)
	at org.junit.internal.runners.statements.RunAfters.evaluate(RunAfters.java:27)
	at org.junit.runners.ParentRunner.run(ParentRunner.java:363)
	at org.junit.runners.Suite.runChild(Suite.java:128)
	at org.junit.runners.Suite.runChild(Suite.java:27)
	at org.junit.runners.ParentRunner$3.run(ParentRunner.java:290)
	at org.junit.runners.ParentRunner$1.schedule(ParentRunner.java:71)
	at org.junit.runners.ParentRunner.runChildren(ParentRunner.java:288)
	at org.junit.runners.ParentRunner.access$000(ParentRunner.java:58)
	at org.junit.runners.ParentRunner$2.evaluate(ParentRunner.java:268)
	at org.junit.runners.ParentRunner.run(ParentRunner.java:363)
	at org.gradle.api.internal.tasks.testing.junit.JUnitTestClassExecutor.runTestClass(JUnitTestClassExecutor.java:106)
	at org.gradle.api.internal.tasks.testing.junit.JUnitTestClassExecutor.execute(JUnitTestClassExecutor.java:58)
	at org.gradle.api.internal.tasks.testing.junit.JUnitTestClassExecutor.execute(JUnitTestClassExecutor.java:38)
	at org.gradle.api.internal.tasks.testing.junit.AbstractJUnitTestClassProcessor.processTestClass(AbstractJUnitTestClassProcessor.java:66)
	at org.gradle.api.internal.tasks.testing.SuiteTestClassProcessor.processTestClass(SuiteTestClassProcessor.java:51)
	at sun.reflect.NativeMethodAccessorImpl.invoke0(Native Method)
	at sun.reflect.NativeMethodAccessorImpl.invoke(NativeMethodAccessorImpl.java:62)
	at sun.reflect.DelegatingMethodAccessorImpl.invoke(DelegatingMethodAccessorImpl.java:43)
	at java.lang.reflect.Method.invoke(Method.java:498)
	at org.gradle.internal.dispatch.ReflectionDispatch.dispatch(ReflectionDispatch.java:35)
	at org.gradle.internal.dispatch.ReflectionDispatch.dispatch(ReflectionDispatch.java:24)
	at org.gradle.internal.dispatch.ContextClassLoaderDispatch.dispatch(ContextClassLoaderDispatch.java:32)
	at org.gradle.internal.dispatch.ProxyDispatchAdapter$DispatchingInvocationHandler.invoke(ProxyDispatchAdapter.java:93)
	at com.sun.proxy.$Proxy2.processTestClass(Unknown Source)
	at org.gradle.api.internal.tasks.testing.worker.TestWorker.processTestClass(TestWorker.java:117)
	at sun.reflect.NativeMethodAccessorImpl.invoke0(Native Method)
	at sun.reflect.NativeMethodAccessorImpl.invoke(NativeMethodAccessorImpl.java:62)
	at sun.reflect.DelegatingMethodAccessorImpl.invoke(DelegatingMethodAccessorImpl.java:43)
	at java.lang.reflect.Method.invoke(Method.java:498)
	at org.gradle.internal.dispatch.ReflectionDispatch.dispatch(ReflectionDispatch.java:35)
	at org.gradle.internal.dispatch.ReflectionDispatch.dispatch(ReflectionDispatch.java:24)
	at org.gradle.internal.remote.internal.hub.MessageHubBackedObjectConnection$DispatchWrapper.dispatch(MessageHubBackedObjectConnection.java:155)
	at org.gradle.internal.remote.internal.hub.MessageHubBackedObjectConnection$DispatchWrapper.dispatch(MessageHubBackedObjectConnection.java:137)
	at org.gradle.internal.remote.internal.hub.MessageHub$Handler.run(MessageHub.java:404)
	at org.gradle.internal.concurrent.ExecutorPolicy$CatchAndRecordFailures.onExecute(ExecutorPolicy.java:63)
	at org.gradle.internal.concurrent.ManagedExecutorImpl$1.run(ManagedExecutorImpl.java:46)
	at java.util.concurrent.ThreadPoolExecutor.runWorker(ThreadPoolExecutor.java:1149)
	at java.util.concurrent.ThreadPoolExecutor$Worker.run(ThreadPoolExecutor.java:624)
	at org.gradle.internal.concurrent.ThreadFactoryImpl$ManagedThreadRunnable.run(ThreadFactoryImpl.java:55)
	at java.lang.Thread.run(Thread.java:748)
</pre>
</span>
</div>
<div class="test">
<a name="publish[16: com.dotcms.publishing.PublisherAPIImplTest$TestCase@2f987303]"></a>
<h3 class="failures">publish[16: com.dotcms.publishing.PublisherAPIImplTest$TestCase@2f987303]</h3>
<span class="code">
<pre>java.lang.AssertionError: Expected 20 but get 22 in /custom/assets/bundles/01EZZ5P9YQSN88WBTXZEW3GA87
Expected [/custom/assets/bundles/01EZZ5P9YQSN88WBTXZEW3GA87/live/System Host/1/3-content.aee675db-6afa-494d-b0f4-291eedb2a642.content.xml, /custom/assets/bundles/01EZZ5P9YQSN88WBTXZEW3GA87/working/System Host/f4d7c1b8-2c88-4071-abf1-a5328977b07d.contentType.json, /custom/assets/bundles/01EZZ5P9YQSN88WBTXZEW3GA87/live/System Host/1614875724804properties, /custom/assets/bundles/01EZZ5P9YQSN88WBTXZEW3GA87/live/System Host/en_US.language.xml, /custom/assets/bundles/01EZZ5P9YQSN88WBTXZEW3GA87/live/System Host/1properties, /custom/assets/bundles/01EZZ5P9YQSN88WBTXZEW3GA87/live/System Host/1/2-content.6519c7f0-8a2a-49d4-901f-f59fe516e499.content.xml, /custom/assets/bundles/01EZZ5P9YQSN88WBTXZEW3GA87/live/default/27614763-21ef-43d7-bc5a-226774e56204.rule.xml, /custom/assets/bundles/01EZZ5P9YQSN88WBTXZEW3GA87/live/System Host/1/e82b425b-5cd8-420a-ac4f-0c0e41465bca.contentworkflow.xml, /custom/assets/bundles/01EZZ5P9YQSN88WBTXZEW3GA87/live/default/1614877867043/b9be4647-b762-46ba-ad74-484767ab1c3f.contentworkflow.xml, /custom/assets/bundles/01EZZ5P9YQSN88WBTXZEW3GA87/live/System Host/y86uu_TESTCOUNTRYCODE1614875724804.language.xml, /custom/assets/bundles/01EZZ5P9YQSN88WBTXZEW3GA87/working/System Host/1/content.ff462f88-d9e1-4d31-b084-b73cb61976d3.host.xml, /custom/assets/bundles/01EZZ5P9YQSN88WBTXZEW3GA87/working/System Host/1/0-content.aee675db-6afa-494d-b0f4-291eedb2a642.content.xml, /custom/assets/bundles/01EZZ5P9YQSN88WBTXZEW3GA87/live/System Host/qp_YQ.language.xml, /custom/assets/bundles/01EZZ5P9YQSN88WBTXZEW3GA87/live/System Host/1/content.ff462f88-d9e1-4d31-b084-b73cb61976d3.host.xml, /custom/assets/bundles/01EZZ5P9YQSN88WBTXZEW3GA87/d61a59e1-a49c-46f2-a929-db2b4bfa88b2.workflow.xml, /custom/assets/bundles/01EZZ5P9YQSN88WBTXZEW3GA87/live/System Host/1/82be8bb5-9fd4-4035-a493-e553d492a744.contentworkflow.xml, /custom/assets/bundles/01EZZ5P9YQSN88WBTXZEW3GA87/live/default/1614877867043/1-content.c67af8e9-9ab7-4522-aa3b-4fde70e0772c.content.xml, /custom/assets/bundles/01EZZ5P9YQSN88WBTXZEW3GA87/live/System Host/1614877867043properties, /custom/assets/bundles/01EZZ5P9YQSN88WBTXZEW3GA87/working/System Host/1/82be8bb5-9fd4-4035-a493-e553d492a744.contentworkflow.xml]
Existing [/custom/assets/bundles/01EZZ5P9YQSN88WBTXZEW3GA87/ROOT/bc9a1d37-dd2d-4d49-a29d-0c9be740bfaf.folder.xml, /custom/assets/bundles/01EZZ5P9YQSN88WBTXZEW3GA87/bundle.xml, /custom/assets/bundles/01EZZ5P9YQSN88WBTXZEW3GA87/d61a59e1-a49c-46f2-a929-db2b4bfa88b2.workflow.xml, /custom/assets/bundles/01EZZ5P9YQSN88WBTXZEW3GA87/live/System Host/1/2-content.6519c7f0-8a2a-49d4-901f-f59fe516e499.content.xml, /custom/assets/bundles/01EZZ5P9YQSN88WBTXZEW3GA87/live/System Host/1/3-content.aee675db-6afa-494d-b0f4-291eedb2a642.content.xml, /custom/assets/bundles/01EZZ5P9YQSN88WBTXZEW3GA87/live/System Host/1/82be8bb5-9fd4-4035-a493-e553d492a744.contentworkflow.xml, /custom/assets/bundles/01EZZ5P9YQSN88WBTXZEW3GA87/live/System Host/1/content.ff462f88-d9e1-4d31-b084-b73cb61976d3.host.xml, /custom/assets/bundles/01EZZ5P9YQSN88WBTXZEW3GA87/live/System Host/1/e82b425b-5cd8-420a-ac4f-0c0e41465bca.contentworkflow.xml, /custom/assets/bundles/01EZZ5P9YQSN88WBTXZEW3GA87/live/System Host/1/system host.host.xml, /custom/assets/bundles/01EZZ5P9YQSN88WBTXZEW3GA87/live/System Host/1614875724804properties, /custom/assets/bundles/01EZZ5P9YQSN88WBTXZEW3GA87/live/System Host/1614877867043properties, /custom/assets/bundles/01EZZ5P9YQSN88WBTXZEW3GA87/live/System Host/1properties, /custom/assets/bundles/01EZZ5P9YQSN88WBTXZEW3GA87/live/System Host/en_US.language.xml, /custom/assets/bundles/01EZZ5P9YQSN88WBTXZEW3GA87/live/System Host/qp_YQ.language.xml, /custom/assets/bundles/01EZZ5P9YQSN88WBTXZEW3GA87/live/System Host/y86uu_TESTCOUNTRYCODE1614875724804.language.xml, /custom/assets/bundles/01EZZ5P9YQSN88WBTXZEW3GA87/live/default/1614877867043/1-content.c67af8e9-9ab7-4522-aa3b-4fde70e0772c.content.xml, /custom/assets/bundles/01EZZ5P9YQSN88WBTXZEW3GA87/live/default/1614877867043/b9be4647-b762-46ba-ad74-484767ab1c3f.contentworkflow.xml, /custom/assets/bundles/01EZZ5P9YQSN88WBTXZEW3GA87/live/default/27614763-21ef-43d7-bc5a-226774e56204.rule.xml, /custom/assets/bundles/01EZZ5P9YQSN88WBTXZEW3GA87/working/System Host/1/0-content.aee675db-6afa-494d-b0f4-291eedb2a642.content.xml, /custom/assets/bundles/01EZZ5P9YQSN88WBTXZEW3GA87/working/System Host/1/82be8bb5-9fd4-4035-a493-e553d492a744.contentworkflow.xml, /custom/assets/bundles/01EZZ5P9YQSN88WBTXZEW3GA87/working/System Host/1/content.ff462f88-d9e1-4d31-b084-b73cb61976d3.host.xml, /custom/assets/bundles/01EZZ5P9YQSN88WBTXZEW3GA87/working/System Host/f4d7c1b8-2c88-4071-abf1-a5328977b07d.contentType.json]
difference [/custom/assets/bundles/01EZZ5P9YQSN88WBTXZEW3GA87/ROOT/bc9a1d37-dd2d-4d49-a29d-0c9be740bfaf.folder.xml, /custom/assets/bundles/01EZZ5P9YQSN88WBTXZEW3GA87/bundle.xml, /custom/assets/bundles/01EZZ5P9YQSN88WBTXZEW3GA87/live/System Host/1/system host.host.xml]

	at org.jgroups.util.Util.assertEquals(Util.java:185)
	at com.dotcms.publishing.PublisherAPIImplTest.publish(PublisherAPIImplTest.java:407)
	at sun.reflect.GeneratedMethodAccessor1517.invoke(Unknown Source)
	at sun.reflect.DelegatingMethodAccessorImpl.invoke(DelegatingMethodAccessorImpl.java:43)
	at java.lang.reflect.Method.invoke(Method.java:498)
	at org.junit.runners.model.FrameworkMethod$1.runReflectiveCall(FrameworkMethod.java:50)
	at org.junit.internal.runners.model.ReflectiveCallable.run(ReflectiveCallable.java:12)
	at org.junit.runners.model.FrameworkMethod.invokeExplosively(FrameworkMethod.java:47)
	at com.tngtech.java.junit.dataprovider.DataProviderFrameworkMethod.invokeExplosively(DataProviderFrameworkMethod.java:119)
	at org.junit.internal.runners.statements.InvokeMethod.evaluate(InvokeMethod.java:17)
	at org.junit.rules.TestWatcher$1.evaluate(TestWatcher.java:55)
	at org.junit.rules.RunRules.evaluate(RunRules.java:20)
	at org.junit.runners.ParentRunner.runLeaf(ParentRunner.java:325)
	at com.dotcms.junit.CustomDataProviderRunner.runChild(CustomDataProviderRunner.java:28)
	at com.dotcms.junit.CustomDataProviderRunner.runChild(CustomDataProviderRunner.java:13)
	at org.junit.runners.ParentRunner$3.run(ParentRunner.java:290)
	at org.junit.runners.ParentRunner$1.schedule(ParentRunner.java:71)
	at org.junit.runners.ParentRunner.runChildren(ParentRunner.java:288)
	at org.junit.runners.ParentRunner.access$000(ParentRunner.java:58)
	at org.junit.runners.ParentRunner$2.evaluate(ParentRunner.java:268)
	at org.junit.internal.runners.statements.RunBefores.evaluate(RunBefores.java:26)
	at org.junit.internal.runners.statements.RunAfters.evaluate(RunAfters.java:27)
	at org.junit.runners.ParentRunner.run(ParentRunner.java:363)
	at org.junit.runners.Suite.runChild(Suite.java:128)
	at org.junit.runners.Suite.runChild(Suite.java:27)
	at org.junit.runners.ParentRunner$3.run(ParentRunner.java:290)
	at org.junit.runners.ParentRunner$1.schedule(ParentRunner.java:71)
	at org.junit.runners.ParentRunner.runChildren(ParentRunner.java:288)
	at org.junit.runners.ParentRunner.access$000(ParentRunner.java:58)
	at org.junit.runners.ParentRunner$2.evaluate(ParentRunner.java:268)
	at org.junit.runners.ParentRunner.run(ParentRunner.java:363)
	at org.gradle.api.internal.tasks.testing.junit.JUnitTestClassExecutor.runTestClass(JUnitTestClassExecutor.java:106)
	at org.gradle.api.internal.tasks.testing.junit.JUnitTestClassExecutor.execute(JUnitTestClassExecutor.java:58)
	at org.gradle.api.internal.tasks.testing.junit.JUnitTestClassExecutor.execute(JUnitTestClassExecutor.java:38)
	at org.gradle.api.internal.tasks.testing.junit.AbstractJUnitTestClassProcessor.processTestClass(AbstractJUnitTestClassProcessor.java:66)
	at org.gradle.api.internal.tasks.testing.SuiteTestClassProcessor.processTestClass(SuiteTestClassProcessor.java:51)
	at sun.reflect.NativeMethodAccessorImpl.invoke0(Native Method)
	at sun.reflect.NativeMethodAccessorImpl.invoke(NativeMethodAccessorImpl.java:62)
	at sun.reflect.DelegatingMethodAccessorImpl.invoke(DelegatingMethodAccessorImpl.java:43)
	at java.lang.reflect.Method.invoke(Method.java:498)
	at org.gradle.internal.dispatch.ReflectionDispatch.dispatch(ReflectionDispatch.java:35)
	at org.gradle.internal.dispatch.ReflectionDispatch.dispatch(ReflectionDispatch.java:24)
	at org.gradle.internal.dispatch.ContextClassLoaderDispatch.dispatch(ContextClassLoaderDispatch.java:32)
	at org.gradle.internal.dispatch.ProxyDispatchAdapter$DispatchingInvocationHandler.invoke(ProxyDispatchAdapter.java:93)
	at com.sun.proxy.$Proxy2.processTestClass(Unknown Source)
	at org.gradle.api.internal.tasks.testing.worker.TestWorker.processTestClass(TestWorker.java:117)
	at sun.reflect.NativeMethodAccessorImpl.invoke0(Native Method)
	at sun.reflect.NativeMethodAccessorImpl.invoke(NativeMethodAccessorImpl.java:62)
	at sun.reflect.DelegatingMethodAccessorImpl.invoke(DelegatingMethodAccessorImpl.java:43)
	at java.lang.reflect.Method.invoke(Method.java:498)
	at org.gradle.internal.dispatch.ReflectionDispatch.dispatch(ReflectionDispatch.java:35)
	at org.gradle.internal.dispatch.ReflectionDispatch.dispatch(ReflectionDispatch.java:24)
	at org.gradle.internal.remote.internal.hub.MessageHubBackedObjectConnection$DispatchWrapper.dispatch(MessageHubBackedObjectConnection.java:155)
	at org.gradle.internal.remote.internal.hub.MessageHubBackedObjectConnection$DispatchWrapper.dispatch(MessageHubBackedObjectConnection.java:137)
	at org.gradle.internal.remote.internal.hub.MessageHub$Handler.run(MessageHub.java:404)
	at org.gradle.internal.concurrent.ExecutorPolicy$CatchAndRecordFailures.onExecute(ExecutorPolicy.java:63)
	at org.gradle.internal.concurrent.ManagedExecutorImpl$1.run(ManagedExecutorImpl.java:46)
	at java.util.concurrent.ThreadPoolExecutor.runWorker(ThreadPoolExecutor.java:1149)
	at java.util.concurrent.ThreadPoolExecutor$Worker.run(ThreadPoolExecutor.java:624)
	at org.gradle.internal.concurrent.ThreadFactoryImpl$ManagedThreadRunnable.run(ThreadFactoryImpl.java:55)
	at java.lang.Thread.run(Thread.java:748)
</pre>
</span>
</div>
<div class="test">
<a name="publish[17: com.dotcms.publishing.PublisherAPIImplTest$TestCase@1942d4fc]"></a>
<h3 class="failures">publish[17: com.dotcms.publishing.PublisherAPIImplTest$TestCase@1942d4fc]</h3>
<span class="code">
<pre>java.lang.AssertionError: Expected 5 but get 6 in /custom/assets/bundles/01EZZ5PA0W0T1C87K6GRH569C3
Expected [/custom/assets/bundles/01EZZ5PA0W0T1C87K6GRH569C3/live/System Host/1/content.ff462f88-d9e1-4d31-b084-b73cb61976d3.host.xml, /custom/assets/bundles/01EZZ5PA0W0T1C87K6GRH569C3/live/test1614875724809.dotcms.com/b8fdaf9a-6c9c-40c3-bafb-e2ccd3c4f7ce.rule.xml, /custom/assets/bundles/01EZZ5PA0W0T1C87K6GRH569C3/working/System Host/1/content.ff462f88-d9e1-4d31-b084-b73cb61976d3.host.xml, /custom/assets/bundles/01EZZ5PA0W0T1C87K6GRH569C3/live/default/27614763-21ef-43d7-bc5a-226774e56204.rule.xml]
Existing [/custom/assets/bundles/01EZZ5PA0W0T1C87K6GRH569C3/bundle.xml, /custom/assets/bundles/01EZZ5PA0W0T1C87K6GRH569C3/live/System Host/1/content.ff462f88-d9e1-4d31-b084-b73cb61976d3.host.xml, /custom/assets/bundles/01EZZ5PA0W0T1C87K6GRH569C3/live/System Host/1/system host.host.xml, /custom/assets/bundles/01EZZ5PA0W0T1C87K6GRH569C3/live/default/27614763-21ef-43d7-bc5a-226774e56204.rule.xml, /custom/assets/bundles/01EZZ5PA0W0T1C87K6GRH569C3/live/test1614875724809.dotcms.com/b8fdaf9a-6c9c-40c3-bafb-e2ccd3c4f7ce.rule.xml, /custom/assets/bundles/01EZZ5PA0W0T1C87K6GRH569C3/working/System Host/1/content.ff462f88-d9e1-4d31-b084-b73cb61976d3.host.xml]
difference [/custom/assets/bundles/01EZZ5PA0W0T1C87K6GRH569C3/bundle.xml, /custom/assets/bundles/01EZZ5PA0W0T1C87K6GRH569C3/live/System Host/1/system host.host.xml]

	at org.jgroups.util.Util.assertEquals(Util.java:185)
	at com.dotcms.publishing.PublisherAPIImplTest.publish(PublisherAPIImplTest.java:407)
	at sun.reflect.GeneratedMethodAccessor1517.invoke(Unknown Source)
	at sun.reflect.DelegatingMethodAccessorImpl.invoke(DelegatingMethodAccessorImpl.java:43)
	at java.lang.reflect.Method.invoke(Method.java:498)
	at org.junit.runners.model.FrameworkMethod$1.runReflectiveCall(FrameworkMethod.java:50)
	at org.junit.internal.runners.model.ReflectiveCallable.run(ReflectiveCallable.java:12)
	at org.junit.runners.model.FrameworkMethod.invokeExplosively(FrameworkMethod.java:47)
	at com.tngtech.java.junit.dataprovider.DataProviderFrameworkMethod.invokeExplosively(DataProviderFrameworkMethod.java:119)
	at org.junit.internal.runners.statements.InvokeMethod.evaluate(InvokeMethod.java:17)
	at org.junit.rules.TestWatcher$1.evaluate(TestWatcher.java:55)
	at org.junit.rules.RunRules.evaluate(RunRules.java:20)
	at org.junit.runners.ParentRunner.runLeaf(ParentRunner.java:325)
	at com.dotcms.junit.CustomDataProviderRunner.runChild(CustomDataProviderRunner.java:28)
	at com.dotcms.junit.CustomDataProviderRunner.runChild(CustomDataProviderRunner.java:13)
	at org.junit.runners.ParentRunner$3.run(ParentRunner.java:290)
	at org.junit.runners.ParentRunner$1.schedule(ParentRunner.java:71)
	at org.junit.runners.ParentRunner.runChildren(ParentRunner.java:288)
	at org.junit.runners.ParentRunner.access$000(ParentRunner.java:58)
	at org.junit.runners.ParentRunner$2.evaluate(ParentRunner.java:268)
	at org.junit.internal.runners.statements.RunBefores.evaluate(RunBefores.java:26)
	at org.junit.internal.runners.statements.RunAfters.evaluate(RunAfters.java:27)
	at org.junit.runners.ParentRunner.run(ParentRunner.java:363)
	at org.junit.runners.Suite.runChild(Suite.java:128)
	at org.junit.runners.Suite.runChild(Suite.java:27)
	at org.junit.runners.ParentRunner$3.run(ParentRunner.java:290)
	at org.junit.runners.ParentRunner$1.schedule(ParentRunner.java:71)
	at org.junit.runners.ParentRunner.runChildren(ParentRunner.java:288)
	at org.junit.runners.ParentRunner.access$000(ParentRunner.java:58)
	at org.junit.runners.ParentRunner$2.evaluate(ParentRunner.java:268)
	at org.junit.runners.ParentRunner.run(ParentRunner.java:363)
	at org.gradle.api.internal.tasks.testing.junit.JUnitTestClassExecutor.runTestClass(JUnitTestClassExecutor.java:106)
	at org.gradle.api.internal.tasks.testing.junit.JUnitTestClassExecutor.execute(JUnitTestClassExecutor.java:58)
	at org.gradle.api.internal.tasks.testing.junit.JUnitTestClassExecutor.execute(JUnitTestClassExecutor.java:38)
	at org.gradle.api.internal.tasks.testing.junit.AbstractJUnitTestClassProcessor.processTestClass(AbstractJUnitTestClassProcessor.java:66)
	at org.gradle.api.internal.tasks.testing.SuiteTestClassProcessor.processTestClass(SuiteTestClassProcessor.java:51)
	at sun.reflect.NativeMethodAccessorImpl.invoke0(Native Method)
	at sun.reflect.NativeMethodAccessorImpl.invoke(NativeMethodAccessorImpl.java:62)
	at sun.reflect.DelegatingMethodAccessorImpl.invoke(DelegatingMethodAccessorImpl.java:43)
	at java.lang.reflect.Method.invoke(Method.java:498)
	at org.gradle.internal.dispatch.ReflectionDispatch.dispatch(ReflectionDispatch.java:35)
	at org.gradle.internal.dispatch.ReflectionDispatch.dispatch(ReflectionDispatch.java:24)
	at org.gradle.internal.dispatch.ContextClassLoaderDispatch.dispatch(ContextClassLoaderDispatch.java:32)
	at org.gradle.internal.dispatch.ProxyDispatchAdapter$DispatchingInvocationHandler.invoke(ProxyDispatchAdapter.java:93)
	at com.sun.proxy.$Proxy2.processTestClass(Unknown Source)
	at org.gradle.api.internal.tasks.testing.worker.TestWorker.processTestClass(TestWorker.java:117)
	at sun.reflect.NativeMethodAccessorImpl.invoke0(Native Method)
	at sun.reflect.NativeMethodAccessorImpl.invoke(NativeMethodAccessorImpl.java:62)
	at sun.reflect.DelegatingMethodAccessorImpl.invoke(DelegatingMethodAccessorImpl.java:43)
	at java.lang.reflect.Method.invoke(Method.java:498)
	at org.gradle.internal.dispatch.ReflectionDispatch.dispatch(ReflectionDispatch.java:35)
	at org.gradle.internal.dispatch.ReflectionDispatch.dispatch(ReflectionDispatch.java:24)
	at org.gradle.internal.remote.internal.hub.MessageHubBackedObjectConnection$DispatchWrapper.dispatch(MessageHubBackedObjectConnection.java:155)
	at org.gradle.internal.remote.internal.hub.MessageHubBackedObjectConnection$DispatchWrapper.dispatch(MessageHubBackedObjectConnection.java:137)
	at org.gradle.internal.remote.internal.hub.MessageHub$Handler.run(MessageHub.java:404)
	at org.gradle.internal.concurrent.ExecutorPolicy$CatchAndRecordFailures.onExecute(ExecutorPolicy.java:63)
	at org.gradle.internal.concurrent.ManagedExecutorImpl$1.run(ManagedExecutorImpl.java:46)
	at java.util.concurrent.ThreadPoolExecutor.runWorker(ThreadPoolExecutor.java:1149)
	at java.util.concurrent.ThreadPoolExecutor$Worker.run(ThreadPoolExecutor.java:624)
	at org.gradle.internal.concurrent.ThreadFactoryImpl$ManagedThreadRunnable.run(ThreadFactoryImpl.java:55)
	at java.lang.Thread.run(Thread.java:748)
</pre>
</span>
</div>
<div class="test">
<a name="publish[1: com.dotcms.publishing.PublisherAPIImplTest$TestCase@2a8b46f1]"></a>
<h3 class="failures">publish[1: com.dotcms.publishing.PublisherAPIImplTest$TestCase@2a8b46f1]</h3>
<span class="code">
<pre>java.lang.AssertionError: Expected 23 but get 25 in /custom/assets/bundles/01EZZ5P88NBG3GTKARM82C7M9Q
Expected [/custom/assets/bundles/01EZZ5P88NBG3GTKARM82C7M9Q/working/test1614875719752.dotcms.com/eb51c6ba-b44c-4298-a5d2-3812b5cb203e.containers.container.xml, /custom/assets/bundles/01EZZ5P88NBG3GTKARM82C7M9Q/live/System Host/1/content.ff462f88-d9e1-4d31-b084-b73cb61976d3.host.xml, /custom/assets/bundles/01EZZ5P88NBG3GTKARM82C7M9Q/live/default/1614877867043/1-content.c67af8e9-9ab7-4522-aa3b-4fde70e0772c.content.xml, /custom/assets/bundles/01EZZ5P88NBG3GTKARM82C7M9Q/live/default/1614877867043/b9be4647-b762-46ba-ad74-484767ab1c3f.contentworkflow.xml, /custom/assets/bundles/01EZZ5P88NBG3GTKARM82C7M9Q/live/System Host/1/3-content.aee675db-6afa-494d-b0f4-291eedb2a642.content.xml, /custom/assets/bundles/01EZZ5P88NBG3GTKARM82C7M9Q/live/test1614875719752.dotcms.com/7ddd157f-c41d-4bde-bc02-c20a55d385db.template.template.xml, /custom/assets/bundles/01EZZ5P88NBG3GTKARM82C7M9Q/working/System Host/1/0-content.aee675db-6afa-494d-b0f4-291eedb2a642.content.xml, /custom/assets/bundles/01EZZ5P88NBG3GTKARM82C7M9Q/d61a59e1-a49c-46f2-a929-db2b4bfa88b2.workflow.xml, /custom/assets/bundles/01EZZ5P88NBG3GTKARM82C7M9Q/live/System Host/en_US.language.xml, /custom/assets/bundles/01EZZ5P88NBG3GTKARM82C7M9Q/live/System Host/1/content.98244814-e785-4fc8-90f2-f34e98ce6213.host.xml, /custom/assets/bundles/01EZZ5P88NBG3GTKARM82C7M9Q/live/System Host/1/2-content.6519c7f0-8a2a-49d4-901f-f59fe516e499.content.xml, /custom/assets/bundles/01EZZ5P88NBG3GTKARM82C7M9Q/live/System Host/1/e82b425b-5cd8-420a-ac4f-0c0e41465bca.contentworkflow.xml, /custom/assets/bundles/01EZZ5P88NBG3GTKARM82C7M9Q/working/System Host/1/82be8bb5-9fd4-4035-a493-e553d492a744.contentworkflow.xml, /custom/assets/bundles/01EZZ5P88NBG3GTKARM82C7M9Q/live/System Host/1614877867043properties, /custom/assets/bundles/01EZZ5P88NBG3GTKARM82C7M9Q/live/System Host/1/82be8bb5-9fd4-4035-a493-e553d492a744.contentworkflow.xml, /custom/assets/bundles/01EZZ5P88NBG3GTKARM82C7M9Q/working/test1614875719752.dotcms.com/f7eff072-aef1-43f7-942a-95ef23289f76.containers.container.xml, /custom/assets/bundles/01EZZ5P88NBG3GTKARM82C7M9Q/live/System Host/1properties, /custom/assets/bundles/01EZZ5P88NBG3GTKARM82C7M9Q/working/System Host/f4d7c1b8-2c88-4071-abf1-a5328977b07d.contentType.json, /custom/assets/bundles/01EZZ5P88NBG3GTKARM82C7M9Q/live/default/27614763-21ef-43d7-bc5a-226774e56204.rule.xml, /custom/assets/bundles/01EZZ5P88NBG3GTKARM82C7M9Q/live/System Host/qp_YQ.language.xml, /custom/assets/bundles/01EZZ5P88NBG3GTKARM82C7M9Q/working/test1614875719752.dotcms.com/0cc81d3a-395c-47ef-9e8a-f74f4a8e6410.contentType.json, /custom/assets/bundles/01EZZ5P88NBG3GTKARM82C7M9Q/working/System Host/1/content.ff462f88-d9e1-4d31-b084-b73cb61976d3.host.xml]
Existing [/custom/assets/bundles/01EZZ5P88NBG3GTKARM82C7M9Q/ROOT/bc9a1d37-dd2d-4d49-a29d-0c9be740bfaf.folder.xml, /custom/assets/bundles/01EZZ5P88NBG3GTKARM82C7M9Q/bundle.xml, /custom/assets/bundles/01EZZ5P88NBG3GTKARM82C7M9Q/d61a59e1-a49c-46f2-a929-db2b4bfa88b2.workflow.xml, /custom/assets/bundles/01EZZ5P88NBG3GTKARM82C7M9Q/live/System Host/1/2-content.6519c7f0-8a2a-49d4-901f-f59fe516e499.content.xml, /custom/assets/bundles/01EZZ5P88NBG3GTKARM82C7M9Q/live/System Host/1/3-content.aee675db-6afa-494d-b0f4-291eedb2a642.content.xml, /custom/assets/bundles/01EZZ5P88NBG3GTKARM82C7M9Q/live/System Host/1/82be8bb5-9fd4-4035-a493-e553d492a744.contentworkflow.xml, /custom/assets/bundles/01EZZ5P88NBG3GTKARM82C7M9Q/live/System Host/1/content.98244814-e785-4fc8-90f2-f34e98ce6213.host.xml, /custom/assets/bundles/01EZZ5P88NBG3GTKARM82C7M9Q/live/System Host/1/content.ff462f88-d9e1-4d31-b084-b73cb61976d3.host.xml, /custom/assets/bundles/01EZZ5P88NBG3GTKARM82C7M9Q/live/System Host/1/e82b425b-5cd8-420a-ac4f-0c0e41465bca.contentworkflow.xml, /custom/assets/bundles/01EZZ5P88NBG3GTKARM82C7M9Q/live/System Host/1/system host.host.xml, /custom/assets/bundles/01EZZ5P88NBG3GTKARM82C7M9Q/live/System Host/1614877867043properties, /custom/assets/bundles/01EZZ5P88NBG3GTKARM82C7M9Q/live/System Host/1properties, /custom/assets/bundles/01EZZ5P88NBG3GTKARM82C7M9Q/live/System Host/en_US.language.xml, /custom/assets/bundles/01EZZ5P88NBG3GTKARM82C7M9Q/live/System Host/qp_YQ.language.xml, /custom/assets/bundles/01EZZ5P88NBG3GTKARM82C7M9Q/live/default/1614877867043/1-content.c67af8e9-9ab7-4522-aa3b-4fde70e0772c.content.xml, /custom/assets/bundles/01EZZ5P88NBG3GTKARM82C7M9Q/live/default/1614877867043/b9be4647-b762-46ba-ad74-484767ab1c3f.contentworkflow.xml, /custom/assets/bundles/01EZZ5P88NBG3GTKARM82C7M9Q/live/default/27614763-21ef-43d7-bc5a-226774e56204.rule.xml, /custom/assets/bundles/01EZZ5P88NBG3GTKARM82C7M9Q/live/test1614875719752.dotcms.com/7ddd157f-c41d-4bde-bc02-c20a55d385db.template.template.xml, /custom/assets/bundles/01EZZ5P88NBG3GTKARM82C7M9Q/working/System Host/1/0-content.aee675db-6afa-494d-b0f4-291eedb2a642.content.xml, /custom/assets/bundles/01EZZ5P88NBG3GTKARM82C7M9Q/working/System Host/1/82be8bb5-9fd4-4035-a493-e553d492a744.contentworkflow.xml, /custom/assets/bundles/01EZZ5P88NBG3GTKARM82C7M9Q/working/System Host/1/content.ff462f88-d9e1-4d31-b084-b73cb61976d3.host.xml, /custom/assets/bundles/01EZZ5P88NBG3GTKARM82C7M9Q/working/System Host/f4d7c1b8-2c88-4071-abf1-a5328977b07d.contentType.json, /custom/assets/bundles/01EZZ5P88NBG3GTKARM82C7M9Q/working/test1614875719752.dotcms.com/0cc81d3a-395c-47ef-9e8a-f74f4a8e6410.contentType.json, /custom/assets/bundles/01EZZ5P88NBG3GTKARM82C7M9Q/working/test1614875719752.dotcms.com/eb51c6ba-b44c-4298-a5d2-3812b5cb203e.containers.container.xml, /custom/assets/bundles/01EZZ5P88NBG3GTKARM82C7M9Q/working/test1614875719752.dotcms.com/f7eff072-aef1-43f7-942a-95ef23289f76.containers.container.xml]
difference [/custom/assets/bundles/01EZZ5P88NBG3GTKARM82C7M9Q/ROOT/bc9a1d37-dd2d-4d49-a29d-0c9be740bfaf.folder.xml, /custom/assets/bundles/01EZZ5P88NBG3GTKARM82C7M9Q/bundle.xml, /custom/assets/bundles/01EZZ5P88NBG3GTKARM82C7M9Q/live/System Host/1/system host.host.xml]

	at org.jgroups.util.Util.assertEquals(Util.java:185)
	at com.dotcms.publishing.PublisherAPIImplTest.publish(PublisherAPIImplTest.java:407)
	at sun.reflect.NativeMethodAccessorImpl.invoke0(Native Method)
	at sun.reflect.NativeMethodAccessorImpl.invoke(NativeMethodAccessorImpl.java:62)
	at sun.reflect.DelegatingMethodAccessorImpl.invoke(DelegatingMethodAccessorImpl.java:43)
	at java.lang.reflect.Method.invoke(Method.java:498)
	at org.junit.runners.model.FrameworkMethod$1.runReflectiveCall(FrameworkMethod.java:50)
	at org.junit.internal.runners.model.ReflectiveCallable.run(ReflectiveCallable.java:12)
	at org.junit.runners.model.FrameworkMethod.invokeExplosively(FrameworkMethod.java:47)
	at com.tngtech.java.junit.dataprovider.DataProviderFrameworkMethod.invokeExplosively(DataProviderFrameworkMethod.java:119)
	at org.junit.internal.runners.statements.InvokeMethod.evaluate(InvokeMethod.java:17)
	at org.junit.rules.TestWatcher$1.evaluate(TestWatcher.java:55)
	at org.junit.rules.RunRules.evaluate(RunRules.java:20)
	at org.junit.runners.ParentRunner.runLeaf(ParentRunner.java:325)
	at com.dotcms.junit.CustomDataProviderRunner.runChild(CustomDataProviderRunner.java:28)
	at com.dotcms.junit.CustomDataProviderRunner.runChild(CustomDataProviderRunner.java:13)
	at org.junit.runners.ParentRunner$3.run(ParentRunner.java:290)
	at org.junit.runners.ParentRunner$1.schedule(ParentRunner.java:71)
	at org.junit.runners.ParentRunner.runChildren(ParentRunner.java:288)
	at org.junit.runners.ParentRunner.access$000(ParentRunner.java:58)
	at org.junit.runners.ParentRunner$2.evaluate(ParentRunner.java:268)
	at org.junit.internal.runners.statements.RunBefores.evaluate(RunBefores.java:26)
	at org.junit.internal.runners.statements.RunAfters.evaluate(RunAfters.java:27)
	at org.junit.runners.ParentRunner.run(ParentRunner.java:363)
	at org.junit.runners.Suite.runChild(Suite.java:128)
	at org.junit.runners.Suite.runChild(Suite.java:27)
	at org.junit.runners.ParentRunner$3.run(ParentRunner.java:290)
	at org.junit.runners.ParentRunner$1.schedule(ParentRunner.java:71)
	at org.junit.runners.ParentRunner.runChildren(ParentRunner.java:288)
	at org.junit.runners.ParentRunner.access$000(ParentRunner.java:58)
	at org.junit.runners.ParentRunner$2.evaluate(ParentRunner.java:268)
	at org.junit.runners.ParentRunner.run(ParentRunner.java:363)
	at org.gradle.api.internal.tasks.testing.junit.JUnitTestClassExecutor.runTestClass(JUnitTestClassExecutor.java:106)
	at org.gradle.api.internal.tasks.testing.junit.JUnitTestClassExecutor.execute(JUnitTestClassExecutor.java:58)
	at org.gradle.api.internal.tasks.testing.junit.JUnitTestClassExecutor.execute(JUnitTestClassExecutor.java:38)
	at org.gradle.api.internal.tasks.testing.junit.AbstractJUnitTestClassProcessor.processTestClass(AbstractJUnitTestClassProcessor.java:66)
	at org.gradle.api.internal.tasks.testing.SuiteTestClassProcessor.processTestClass(SuiteTestClassProcessor.java:51)
	at sun.reflect.NativeMethodAccessorImpl.invoke0(Native Method)
	at sun.reflect.NativeMethodAccessorImpl.invoke(NativeMethodAccessorImpl.java:62)
	at sun.reflect.DelegatingMethodAccessorImpl.invoke(DelegatingMethodAccessorImpl.java:43)
	at java.lang.reflect.Method.invoke(Method.java:498)
	at org.gradle.internal.dispatch.ReflectionDispatch.dispatch(ReflectionDispatch.java:35)
	at org.gradle.internal.dispatch.ReflectionDispatch.dispatch(ReflectionDispatch.java:24)
	at org.gradle.internal.dispatch.ContextClassLoaderDispatch.dispatch(ContextClassLoaderDispatch.java:32)
	at org.gradle.internal.dispatch.ProxyDispatchAdapter$DispatchingInvocationHandler.invoke(ProxyDispatchAdapter.java:93)
	at com.sun.proxy.$Proxy2.processTestClass(Unknown Source)
	at org.gradle.api.internal.tasks.testing.worker.TestWorker.processTestClass(TestWorker.java:117)
	at sun.reflect.NativeMethodAccessorImpl.invoke0(Native Method)
	at sun.reflect.NativeMethodAccessorImpl.invoke(NativeMethodAccessorImpl.java:62)
	at sun.reflect.DelegatingMethodAccessorImpl.invoke(DelegatingMethodAccessorImpl.java:43)
	at java.lang.reflect.Method.invoke(Method.java:498)
	at org.gradle.internal.dispatch.ReflectionDispatch.dispatch(ReflectionDispatch.java:35)
	at org.gradle.internal.dispatch.ReflectionDispatch.dispatch(ReflectionDispatch.java:24)
	at org.gradle.internal.remote.internal.hub.MessageHubBackedObjectConnection$DispatchWrapper.dispatch(MessageHubBackedObjectConnection.java:155)
	at org.gradle.internal.remote.internal.hub.MessageHubBackedObjectConnection$DispatchWrapper.dispatch(MessageHubBackedObjectConnection.java:137)
	at org.gradle.internal.remote.internal.hub.MessageHub$Handler.run(MessageHub.java:404)
	at org.gradle.internal.concurrent.ExecutorPolicy$CatchAndRecordFailures.onExecute(ExecutorPolicy.java:63)
	at org.gradle.internal.concurrent.ManagedExecutorImpl$1.run(ManagedExecutorImpl.java:46)
	at java.util.concurrent.ThreadPoolExecutor.runWorker(ThreadPoolExecutor.java:1149)
	at java.util.concurrent.ThreadPoolExecutor$Worker.run(ThreadPoolExecutor.java:624)
	at org.gradle.internal.concurrent.ThreadFactoryImpl$ManagedThreadRunnable.run(ThreadFactoryImpl.java:55)
	at java.lang.Thread.run(Thread.java:748)
</pre>
</span>
</div>
<div class="test">
<a name="publish[2: com.dotcms.publishing.PublisherAPIImplTest$TestCase@4802bf66]"></a>
<h3 class="failures">publish[2: com.dotcms.publishing.PublisherAPIImplTest$TestCase@4802bf66]</h3>
<span class="code">
<pre>java.lang.AssertionError: Expected 21 but get 23 in /custom/assets/bundles/01EZZ5P8CRH0KA1AZ30F6WF75R
Expected [/custom/assets/bundles/01EZZ5P8CRH0KA1AZ30F6WF75R/live/System Host/qp_YQ.language.xml, /custom/assets/bundles/01EZZ5P8CRH0KA1AZ30F6WF75R/live/System Host/en_US.language.xml, /custom/assets/bundles/01EZZ5P8CRH0KA1AZ30F6WF75R/working/System Host/1/82be8bb5-9fd4-4035-a493-e553d492a744.contentworkflow.xml, /custom/assets/bundles/01EZZ5P8CRH0KA1AZ30F6WF75R/live/System Host/1/content.e34381ac-458b-403f-9870-0035412b062f.host.xml, /custom/assets/bundles/01EZZ5P8CRH0KA1AZ30F6WF75R/live/System Host/1/2-content.6519c7f0-8a2a-49d4-901f-f59fe516e499.content.xml, /custom/assets/bundles/01EZZ5P8CRH0KA1AZ30F6WF75R/working/System Host/1/content.ff462f88-d9e1-4d31-b084-b73cb61976d3.host.xml, /custom/assets/bundles/01EZZ5P8CRH0KA1AZ30F6WF75R/d61a59e1-a49c-46f2-a929-db2b4bfa88b2.workflow.xml, /custom/assets/bundles/01EZZ5P8CRH0KA1AZ30F6WF75R/live/default/1614877867043/b9be4647-b762-46ba-ad74-484767ab1c3f.contentworkflow.xml, /custom/assets/bundles/01EZZ5P8CRH0KA1AZ30F6WF75R/working/System Host/f4d7c1b8-2c88-4071-abf1-a5328977b07d.contentType.json, /custom/assets/bundles/01EZZ5P8CRH0KA1AZ30F6WF75R/live/System Host/1/82be8bb5-9fd4-4035-a493-e553d492a744.contentworkflow.xml, /custom/assets/bundles/01EZZ5P8CRH0KA1AZ30F6WF75R/live/default/1614877867043/1-content.c67af8e9-9ab7-4522-aa3b-4fde70e0772c.content.xml, /custom/assets/bundles/01EZZ5P8CRH0KA1AZ30F6WF75R/live/System Host/1614877867043properties, /custom/assets/bundles/01EZZ5P8CRH0KA1AZ30F6WF75R/working/test1614875720736.dotcms.com/875f66b6-d4cf-4541-bf35-5cf3a5b184cd.contentType.json, /custom/assets/bundles/01EZZ5P8CRH0KA1AZ30F6WF75R/working/System Host/1/0-content.aee675db-6afa-494d-b0f4-291eedb2a642.content.xml, /custom/assets/bundles/01EZZ5P8CRH0KA1AZ30F6WF75R/live/default/27614763-21ef-43d7-bc5a-226774e56204.rule.xml, /custom/assets/bundles/01EZZ5P8CRH0KA1AZ30F6WF75R/live/System Host/1/e82b425b-5cd8-420a-ac4f-0c0e41465bca.contentworkflow.xml, /custom/assets/bundles/01EZZ5P8CRH0KA1AZ30F6WF75R/live/System Host/1/content.ff462f88-d9e1-4d31-b084-b73cb61976d3.host.xml, /custom/assets/bundles/01EZZ5P8CRH0KA1AZ30F6WF75R/working/test1614875720736.dotcms.com/42de7ee7-fe73-40cb-9731-f721c6d074a3.containers.container.xml, /custom/assets/bundles/01EZZ5P8CRH0KA1AZ30F6WF75R/live/System Host/1/3-content.aee675db-6afa-494d-b0f4-291eedb2a642.content.xml, /custom/assets/bundles/01EZZ5P8CRH0KA1AZ30F6WF75R/live/System Host/1properties]
Existing [/custom/assets/bundles/01EZZ5P8CRH0KA1AZ30F6WF75R/ROOT/bc9a1d37-dd2d-4d49-a29d-0c9be740bfaf.folder.xml, /custom/assets/bundles/01EZZ5P8CRH0KA1AZ30F6WF75R/bundle.xml, /custom/assets/bundles/01EZZ5P8CRH0KA1AZ30F6WF75R/d61a59e1-a49c-46f2-a929-db2b4bfa88b2.workflow.xml, /custom/assets/bundles/01EZZ5P8CRH0KA1AZ30F6WF75R/live/System Host/1/2-content.6519c7f0-8a2a-49d4-901f-f59fe516e499.content.xml, /custom/assets/bundles/01EZZ5P8CRH0KA1AZ30F6WF75R/live/System Host/1/3-content.aee675db-6afa-494d-b0f4-291eedb2a642.content.xml, /custom/assets/bundles/01EZZ5P8CRH0KA1AZ30F6WF75R/live/System Host/1/82be8bb5-9fd4-4035-a493-e553d492a744.contentworkflow.xml, /custom/assets/bundles/01EZZ5P8CRH0KA1AZ30F6WF75R/live/System Host/1/content.e34381ac-458b-403f-9870-0035412b062f.host.xml, /custom/assets/bundles/01EZZ5P8CRH0KA1AZ30F6WF75R/live/System Host/1/content.ff462f88-d9e1-4d31-b084-b73cb61976d3.host.xml, /custom/assets/bundles/01EZZ5P8CRH0KA1AZ30F6WF75R/live/System Host/1/e82b425b-5cd8-420a-ac4f-0c0e41465bca.contentworkflow.xml, /custom/assets/bundles/01EZZ5P8CRH0KA1AZ30F6WF75R/live/System Host/1/system host.host.xml, /custom/assets/bundles/01EZZ5P8CRH0KA1AZ30F6WF75R/live/System Host/1614877867043properties, /custom/assets/bundles/01EZZ5P8CRH0KA1AZ30F6WF75R/live/System Host/1properties, /custom/assets/bundles/01EZZ5P8CRH0KA1AZ30F6WF75R/live/System Host/en_US.language.xml, /custom/assets/bundles/01EZZ5P8CRH0KA1AZ30F6WF75R/live/System Host/qp_YQ.language.xml, /custom/assets/bundles/01EZZ5P8CRH0KA1AZ30F6WF75R/live/default/1614877867043/1-content.c67af8e9-9ab7-4522-aa3b-4fde70e0772c.content.xml, /custom/assets/bundles/01EZZ5P8CRH0KA1AZ30F6WF75R/live/default/1614877867043/b9be4647-b762-46ba-ad74-484767ab1c3f.contentworkflow.xml, /custom/assets/bundles/01EZZ5P8CRH0KA1AZ30F6WF75R/live/default/27614763-21ef-43d7-bc5a-226774e56204.rule.xml, /custom/assets/bundles/01EZZ5P8CRH0KA1AZ30F6WF75R/working/System Host/1/0-content.aee675db-6afa-494d-b0f4-291eedb2a642.content.xml, /custom/assets/bundles/01EZZ5P8CRH0KA1AZ30F6WF75R/working/System Host/1/82be8bb5-9fd4-4035-a493-e553d492a744.contentworkflow.xml, /custom/assets/bundles/01EZZ5P8CRH0KA1AZ30F6WF75R/working/System Host/1/content.ff462f88-d9e1-4d31-b084-b73cb61976d3.host.xml, /custom/assets/bundles/01EZZ5P8CRH0KA1AZ30F6WF75R/working/System Host/f4d7c1b8-2c88-4071-abf1-a5328977b07d.contentType.json, /custom/assets/bundles/01EZZ5P8CRH0KA1AZ30F6WF75R/working/test1614875720736.dotcms.com/42de7ee7-fe73-40cb-9731-f721c6d074a3.containers.container.xml, /custom/assets/bundles/01EZZ5P8CRH0KA1AZ30F6WF75R/working/test1614875720736.dotcms.com/875f66b6-d4cf-4541-bf35-5cf3a5b184cd.contentType.json]
difference [/custom/assets/bundles/01EZZ5P8CRH0KA1AZ30F6WF75R/ROOT/bc9a1d37-dd2d-4d49-a29d-0c9be740bfaf.folder.xml, /custom/assets/bundles/01EZZ5P8CRH0KA1AZ30F6WF75R/bundle.xml, /custom/assets/bundles/01EZZ5P8CRH0KA1AZ30F6WF75R/live/System Host/1/system host.host.xml]

	at org.jgroups.util.Util.assertEquals(Util.java:185)
	at com.dotcms.publishing.PublisherAPIImplTest.publish(PublisherAPIImplTest.java:407)
	at sun.reflect.NativeMethodAccessorImpl.invoke0(Native Method)
	at sun.reflect.NativeMethodAccessorImpl.invoke(NativeMethodAccessorImpl.java:62)
	at sun.reflect.DelegatingMethodAccessorImpl.invoke(DelegatingMethodAccessorImpl.java:43)
	at java.lang.reflect.Method.invoke(Method.java:498)
	at org.junit.runners.model.FrameworkMethod$1.runReflectiveCall(FrameworkMethod.java:50)
	at org.junit.internal.runners.model.ReflectiveCallable.run(ReflectiveCallable.java:12)
	at org.junit.runners.model.FrameworkMethod.invokeExplosively(FrameworkMethod.java:47)
	at com.tngtech.java.junit.dataprovider.DataProviderFrameworkMethod.invokeExplosively(DataProviderFrameworkMethod.java:119)
	at org.junit.internal.runners.statements.InvokeMethod.evaluate(InvokeMethod.java:17)
	at org.junit.rules.TestWatcher$1.evaluate(TestWatcher.java:55)
	at org.junit.rules.RunRules.evaluate(RunRules.java:20)
	at org.junit.runners.ParentRunner.runLeaf(ParentRunner.java:325)
	at com.dotcms.junit.CustomDataProviderRunner.runChild(CustomDataProviderRunner.java:28)
	at com.dotcms.junit.CustomDataProviderRunner.runChild(CustomDataProviderRunner.java:13)
	at org.junit.runners.ParentRunner$3.run(ParentRunner.java:290)
	at org.junit.runners.ParentRunner$1.schedule(ParentRunner.java:71)
	at org.junit.runners.ParentRunner.runChildren(ParentRunner.java:288)
	at org.junit.runners.ParentRunner.access$000(ParentRunner.java:58)
	at org.junit.runners.ParentRunner$2.evaluate(ParentRunner.java:268)
	at org.junit.internal.runners.statements.RunBefores.evaluate(RunBefores.java:26)
	at org.junit.internal.runners.statements.RunAfters.evaluate(RunAfters.java:27)
	at org.junit.runners.ParentRunner.run(ParentRunner.java:363)
	at org.junit.runners.Suite.runChild(Suite.java:128)
	at org.junit.runners.Suite.runChild(Suite.java:27)
	at org.junit.runners.ParentRunner$3.run(ParentRunner.java:290)
	at org.junit.runners.ParentRunner$1.schedule(ParentRunner.java:71)
	at org.junit.runners.ParentRunner.runChildren(ParentRunner.java:288)
	at org.junit.runners.ParentRunner.access$000(ParentRunner.java:58)
	at org.junit.runners.ParentRunner$2.evaluate(ParentRunner.java:268)
	at org.junit.runners.ParentRunner.run(ParentRunner.java:363)
	at org.gradle.api.internal.tasks.testing.junit.JUnitTestClassExecutor.runTestClass(JUnitTestClassExecutor.java:106)
	at org.gradle.api.internal.tasks.testing.junit.JUnitTestClassExecutor.execute(JUnitTestClassExecutor.java:58)
	at org.gradle.api.internal.tasks.testing.junit.JUnitTestClassExecutor.execute(JUnitTestClassExecutor.java:38)
	at org.gradle.api.internal.tasks.testing.junit.AbstractJUnitTestClassProcessor.processTestClass(AbstractJUnitTestClassProcessor.java:66)
	at org.gradle.api.internal.tasks.testing.SuiteTestClassProcessor.processTestClass(SuiteTestClassProcessor.java:51)
	at sun.reflect.NativeMethodAccessorImpl.invoke0(Native Method)
	at sun.reflect.NativeMethodAccessorImpl.invoke(NativeMethodAccessorImpl.java:62)
	at sun.reflect.DelegatingMethodAccessorImpl.invoke(DelegatingMethodAccessorImpl.java:43)
	at java.lang.reflect.Method.invoke(Method.java:498)
	at org.gradle.internal.dispatch.ReflectionDispatch.dispatch(ReflectionDispatch.java:35)
	at org.gradle.internal.dispatch.ReflectionDispatch.dispatch(ReflectionDispatch.java:24)
	at org.gradle.internal.dispatch.ContextClassLoaderDispatch.dispatch(ContextClassLoaderDispatch.java:32)
	at org.gradle.internal.dispatch.ProxyDispatchAdapter$DispatchingInvocationHandler.invoke(ProxyDispatchAdapter.java:93)
	at com.sun.proxy.$Proxy2.processTestClass(Unknown Source)
	at org.gradle.api.internal.tasks.testing.worker.TestWorker.processTestClass(TestWorker.java:117)
	at sun.reflect.NativeMethodAccessorImpl.invoke0(Native Method)
	at sun.reflect.NativeMethodAccessorImpl.invoke(NativeMethodAccessorImpl.java:62)
	at sun.reflect.DelegatingMethodAccessorImpl.invoke(DelegatingMethodAccessorImpl.java:43)
	at java.lang.reflect.Method.invoke(Method.java:498)
	at org.gradle.internal.dispatch.ReflectionDispatch.dispatch(ReflectionDispatch.java:35)
	at org.gradle.internal.dispatch.ReflectionDispatch.dispatch(ReflectionDispatch.java:24)
	at org.gradle.internal.remote.internal.hub.MessageHubBackedObjectConnection$DispatchWrapper.dispatch(MessageHubBackedObjectConnection.java:155)
	at org.gradle.internal.remote.internal.hub.MessageHubBackedObjectConnection$DispatchWrapper.dispatch(MessageHubBackedObjectConnection.java:137)
	at org.gradle.internal.remote.internal.hub.MessageHub$Handler.run(MessageHub.java:404)
	at org.gradle.internal.concurrent.ExecutorPolicy$CatchAndRecordFailures.onExecute(ExecutorPolicy.java:63)
	at org.gradle.internal.concurrent.ManagedExecutorImpl$1.run(ManagedExecutorImpl.java:46)
	at java.util.concurrent.ThreadPoolExecutor.runWorker(ThreadPoolExecutor.java:1149)
	at java.util.concurrent.ThreadPoolExecutor$Worker.run(ThreadPoolExecutor.java:624)
	at org.gradle.internal.concurrent.ThreadFactoryImpl$ManagedThreadRunnable.run(ThreadFactoryImpl.java:55)
	at java.lang.Thread.run(Thread.java:748)
</pre>
</span>
</div>
<div class="test">
<a name="publish[3: com.dotcms.publishing.PublisherAPIImplTest$TestCase@62ac1616]"></a>
<h3 class="failures">publish[3: com.dotcms.publishing.PublisherAPIImplTest$TestCase@62ac1616]</h3>
<span class="code">
<pre>java.lang.AssertionError: Expected 31 but get 33 in /custom/assets/bundles/01EZZ5P8GC2JHVJC65CM5Z6GM9
Expected [/custom/assets/bundles/01EZZ5P8GC2JHVJC65CM5Z6GM9/working/System Host/f4d7c1b8-2c88-4071-abf1-a5328977b07d.contentType.json, /custom/assets/bundles/01EZZ5P8GC2JHVJC65CM5Z6GM9/working/System Host/33888b6f-7a8e-4069-b1b6-5c1aa9d0a48d.contentType.json, /custom/assets/bundles/01EZZ5P8GC2JHVJC65CM5Z6GM9/working/test1614875721707.dotcms.com/1/0-ac3c9f41-53e5-4434-998a-cffca007862a.content.xml, /custom/assets/bundles/01EZZ5P8GC2JHVJC65CM5Z6GM9/working/test1614875721707.dotcms.com/1/d11d783e-327d-4002-a32c-897212cb58aa.contentworkflow.xml, /custom/assets/bundles/01EZZ5P8GC2JHVJC65CM5Z6GM9/live/System Host/1properties, /custom/assets/bundles/01EZZ5P8GC2JHVJC65CM5Z6GM9/live/System Host/en_US.language.xml, /custom/assets/bundles/01EZZ5P8GC2JHVJC65CM5Z6GM9/live/default/1614877867043/b9be4647-b762-46ba-ad74-484767ab1c3f.contentworkflow.xml, /custom/assets/bundles/01EZZ5P8GC2JHVJC65CM5Z6GM9/ROOT/testName1614875722722/19f52e25-0b7b-4efb-b4c9-57b599e56aed.folder.xml, /custom/assets/bundles/01EZZ5P8GC2JHVJC65CM5Z6GM9/working/test1614875721707.dotcms.com/testName1614875722722/testName1614875722732/8533143a-852b-4ec6-b1ae-f400fbc790aa.link.xml, /custom/assets/bundles/01EZZ5P8GC2JHVJC65CM5Z6GM9/working/test1614875721707.dotcms.com/2eb727a3-3395-4ff9-8d25-e77ea6fb677d.contentType.json, /custom/assets/bundles/01EZZ5P8GC2JHVJC65CM5Z6GM9/d61a59e1-a49c-46f2-a929-db2b4bfa88b2.workflow.xml, /custom/assets/bundles/01EZZ5P8GC2JHVJC65CM5Z6GM9/ROOT/397a8a27-4cf8-43cf-814a-6d077540304f.folder.xml, /custom/assets/bundles/01EZZ5P8GC2JHVJC65CM5Z6GM9/live/System Host/1/content.ba0a9da3-956a-40c1-a58a-f01b466d4a53.host.xml, /custom/assets/bundles/01EZZ5P8GC2JHVJC65CM5Z6GM9/working/System Host/1/content.ff462f88-d9e1-4d31-b084-b73cb61976d3.host.xml, /custom/assets/bundles/01EZZ5P8GC2JHVJC65CM5Z6GM9/live/System Host/1614877867043properties, /custom/assets/bundles/01EZZ5P8GC2JHVJC65CM5Z6GM9/live/default/27614763-21ef-43d7-bc5a-226774e56204.rule.xml, /custom/assets/bundles/01EZZ5P8GC2JHVJC65CM5Z6GM9/live/System Host/1/content.ff462f88-d9e1-4d31-b084-b73cb61976d3.host.xml, /custom/assets/bundles/01EZZ5P8GC2JHVJC65CM5Z6GM9/assets/a/c/ac3c9f41-53e5-4434-998a-cffca007862a/fileAsset/test.jpg, /custom/assets/bundles/01EZZ5P8GC2JHVJC65CM5Z6GM9/live/System Host/1/82be8bb5-9fd4-4035-a493-e553d492a744.contentworkflow.xml, /custom/assets/bundles/01EZZ5P8GC2JHVJC65CM5Z6GM9/assets/5/b/5bd43158-b0f4-4ff9-8be4-b25bd10bffc7/fileAsset/test.jpg, /custom/assets/bundles/01EZZ5P8GC2JHVJC65CM5Z6GM9/ROOT/testName1614875722722/testName1614875722732/5f86277a-42f2-4f98-b5dc-9d6ed4679040.folder.xml, /custom/assets/bundles/01EZZ5P8GC2JHVJC65CM5Z6GM9/live/System Host/1/e82b425b-5cd8-420a-ac4f-0c0e41465bca.contentworkflow.xml, /custom/assets/bundles/01EZZ5P8GC2JHVJC65CM5Z6GM9/live/default/1614877867043/2-content.c67af8e9-9ab7-4522-aa3b-4fde70e0772c.content.xml, /custom/assets/bundles/01EZZ5P8GC2JHVJC65CM5Z6GM9/working/System Host/1/82be8bb5-9fd4-4035-a493-e553d492a744.contentworkflow.xml, /custom/assets/bundles/01EZZ5P8GC2JHVJC65CM5Z6GM9/working/System Host/1/1-content.aee675db-6afa-494d-b0f4-291eedb2a642.content.xml, /custom/assets/bundles/01EZZ5P8GC2JHVJC65CM5Z6GM9/live/System Host/qp_YQ.language.xml, /custom/assets/bundles/01EZZ5P8GC2JHVJC65CM5Z6GM9/live/System Host/1/4-content.6519c7f0-8a2a-49d4-901f-f59fe516e499.content.xml, /custom/assets/bundles/01EZZ5P8GC2JHVJC65CM5Z6GM9/live/System Host/1/5-content.aee675db-6afa-494d-b0f4-291eedb2a642.content.xml, /custom/assets/bundles/01EZZ5P8GC2JHVJC65CM5Z6GM9/working/test1614875721707.dotcms.com/1/6a7a9006-4c78-478c-8ce1-1a7115872c6a.contentworkflow.xml, /custom/assets/bundles/01EZZ5P8GC2JHVJC65CM5Z6GM9/working/test1614875721707.dotcms.com/1/3-5bd43158-b0f4-4ff9-8be4-b25bd10bffc7.content.xml]
Existing [/custom/assets/bundles/01EZZ5P8GC2JHVJC65CM5Z6GM9/ROOT/397a8a27-4cf8-43cf-814a-6d077540304f.folder.xml, /custom/assets/bundles/01EZZ5P8GC2JHVJC65CM5Z6GM9/ROOT/bc9a1d37-dd2d-4d49-a29d-0c9be740bfaf.folder.xml, /custom/assets/bundles/01EZZ5P8GC2JHVJC65CM5Z6GM9/ROOT/testName1614875722722/19f52e25-0b7b-4efb-b4c9-57b599e56aed.folder.xml, /custom/assets/bundles/01EZZ5P8GC2JHVJC65CM5Z6GM9/ROOT/testName1614875722722/testName1614875722732/5f86277a-42f2-4f98-b5dc-9d6ed4679040.folder.xml, /custom/assets/bundles/01EZZ5P8GC2JHVJC65CM5Z6GM9/assets/5/b/5bd43158-b0f4-4ff9-8be4-b25bd10bffc7/fileAsset/test.jpg, /custom/assets/bundles/01EZZ5P8GC2JHVJC65CM5Z6GM9/assets/a/c/ac3c9f41-53e5-4434-998a-cffca007862a/fileAsset/test.jpg, /custom/assets/bundles/01EZZ5P8GC2JHVJC65CM5Z6GM9/bundle.xml, /custom/assets/bundles/01EZZ5P8GC2JHVJC65CM5Z6GM9/d61a59e1-a49c-46f2-a929-db2b4bfa88b2.workflow.xml, /custom/assets/bundles/01EZZ5P8GC2JHVJC65CM5Z6GM9/live/System Host/1/4-content.6519c7f0-8a2a-49d4-901f-f59fe516e499.content.xml, /custom/assets/bundles/01EZZ5P8GC2JHVJC65CM5Z6GM9/live/System Host/1/5-content.aee675db-6afa-494d-b0f4-291eedb2a642.content.xml, /custom/assets/bundles/01EZZ5P8GC2JHVJC65CM5Z6GM9/live/System Host/1/82be8bb5-9fd4-4035-a493-e553d492a744.contentworkflow.xml, /custom/assets/bundles/01EZZ5P8GC2JHVJC65CM5Z6GM9/live/System Host/1/content.ba0a9da3-956a-40c1-a58a-f01b466d4a53.host.xml, /custom/assets/bundles/01EZZ5P8GC2JHVJC65CM5Z6GM9/live/System Host/1/content.ff462f88-d9e1-4d31-b084-b73cb61976d3.host.xml, /custom/assets/bundles/01EZZ5P8GC2JHVJC65CM5Z6GM9/live/System Host/1/e82b425b-5cd8-420a-ac4f-0c0e41465bca.contentworkflow.xml, /custom/assets/bundles/01EZZ5P8GC2JHVJC65CM5Z6GM9/live/System Host/1/system host.host.xml, /custom/assets/bundles/01EZZ5P8GC2JHVJC65CM5Z6GM9/live/System Host/1614877867043properties, /custom/assets/bundles/01EZZ5P8GC2JHVJC65CM5Z6GM9/live/System Host/1properties, /custom/assets/bundles/01EZZ5P8GC2JHVJC65CM5Z6GM9/live/System Host/en_US.language.xml, /custom/assets/bundles/01EZZ5P8GC2JHVJC65CM5Z6GM9/live/System Host/qp_YQ.language.xml, /custom/assets/bundles/01EZZ5P8GC2JHVJC65CM5Z6GM9/live/default/1614877867043/2-content.c67af8e9-9ab7-4522-aa3b-4fde70e0772c.content.xml, /custom/assets/bundles/01EZZ5P8GC2JHVJC65CM5Z6GM9/live/default/1614877867043/b9be4647-b762-46ba-ad74-484767ab1c3f.contentworkflow.xml, /custom/assets/bundles/01EZZ5P8GC2JHVJC65CM5Z6GM9/live/default/27614763-21ef-43d7-bc5a-226774e56204.rule.xml, /custom/assets/bundles/01EZZ5P8GC2JHVJC65CM5Z6GM9/working/System Host/1/1-content.aee675db-6afa-494d-b0f4-291eedb2a642.content.xml, /custom/assets/bundles/01EZZ5P8GC2JHVJC65CM5Z6GM9/working/System Host/1/82be8bb5-9fd4-4035-a493-e553d492a744.contentworkflow.xml, /custom/assets/bundles/01EZZ5P8GC2JHVJC65CM5Z6GM9/working/System Host/1/content.ff462f88-d9e1-4d31-b084-b73cb61976d3.host.xml, /custom/assets/bundles/01EZZ5P8GC2JHVJC65CM5Z6GM9/working/System Host/33888b6f-7a8e-4069-b1b6-5c1aa9d0a48d.contentType.json, /custom/assets/bundles/01EZZ5P8GC2JHVJC65CM5Z6GM9/working/System Host/f4d7c1b8-2c88-4071-abf1-a5328977b07d.contentType.json, /custom/assets/bundles/01EZZ5P8GC2JHVJC65CM5Z6GM9/working/test1614875721707.dotcms.com/1/0-ac3c9f41-53e5-4434-998a-cffca007862a.content.xml, /custom/assets/bundles/01EZZ5P8GC2JHVJC65CM5Z6GM9/working/test1614875721707.dotcms.com/1/3-5bd43158-b0f4-4ff9-8be4-b25bd10bffc7.content.xml, /custom/assets/bundles/01EZZ5P8GC2JHVJC65CM5Z6GM9/working/test1614875721707.dotcms.com/1/6a7a9006-4c78-478c-8ce1-1a7115872c6a.contentworkflow.xml, /custom/assets/bundles/01EZZ5P8GC2JHVJC65CM5Z6GM9/working/test1614875721707.dotcms.com/1/d11d783e-327d-4002-a32c-897212cb58aa.contentworkflow.xml, /custom/assets/bundles/01EZZ5P8GC2JHVJC65CM5Z6GM9/working/test1614875721707.dotcms.com/2eb727a3-3395-4ff9-8d25-e77ea6fb677d.contentType.json, /custom/assets/bundles/01EZZ5P8GC2JHVJC65CM5Z6GM9/working/test1614875721707.dotcms.com/testName1614875722722/testName1614875722732/8533143a-852b-4ec6-b1ae-f400fbc790aa.link.xml]
difference [/custom/assets/bundles/01EZZ5P8GC2JHVJC65CM5Z6GM9/ROOT/bc9a1d37-dd2d-4d49-a29d-0c9be740bfaf.folder.xml, /custom/assets/bundles/01EZZ5P8GC2JHVJC65CM5Z6GM9/bundle.xml, /custom/assets/bundles/01EZZ5P8GC2JHVJC65CM5Z6GM9/live/System Host/1/system host.host.xml]

	at org.jgroups.util.Util.assertEquals(Util.java:185)
	at com.dotcms.publishing.PublisherAPIImplTest.publish(PublisherAPIImplTest.java:407)
	at sun.reflect.NativeMethodAccessorImpl.invoke0(Native Method)
	at sun.reflect.NativeMethodAccessorImpl.invoke(NativeMethodAccessorImpl.java:62)
	at sun.reflect.DelegatingMethodAccessorImpl.invoke(DelegatingMethodAccessorImpl.java:43)
	at java.lang.reflect.Method.invoke(Method.java:498)
	at org.junit.runners.model.FrameworkMethod$1.runReflectiveCall(FrameworkMethod.java:50)
	at org.junit.internal.runners.model.ReflectiveCallable.run(ReflectiveCallable.java:12)
	at org.junit.runners.model.FrameworkMethod.invokeExplosively(FrameworkMethod.java:47)
	at com.tngtech.java.junit.dataprovider.DataProviderFrameworkMethod.invokeExplosively(DataProviderFrameworkMethod.java:119)
	at org.junit.internal.runners.statements.InvokeMethod.evaluate(InvokeMethod.java:17)
	at org.junit.rules.TestWatcher$1.evaluate(TestWatcher.java:55)
	at org.junit.rules.RunRules.evaluate(RunRules.java:20)
	at org.junit.runners.ParentRunner.runLeaf(ParentRunner.java:325)
	at com.dotcms.junit.CustomDataProviderRunner.runChild(CustomDataProviderRunner.java:28)
	at com.dotcms.junit.CustomDataProviderRunner.runChild(CustomDataProviderRunner.java:13)
	at org.junit.runners.ParentRunner$3.run(ParentRunner.java:290)
	at org.junit.runners.ParentRunner$1.schedule(ParentRunner.java:71)
	at org.junit.runners.ParentRunner.runChildren(ParentRunner.java:288)
	at org.junit.runners.ParentRunner.access$000(ParentRunner.java:58)
	at org.junit.runners.ParentRunner$2.evaluate(ParentRunner.java:268)
	at org.junit.internal.runners.statements.RunBefores.evaluate(RunBefores.java:26)
	at org.junit.internal.runners.statements.RunAfters.evaluate(RunAfters.java:27)
	at org.junit.runners.ParentRunner.run(ParentRunner.java:363)
	at org.junit.runners.Suite.runChild(Suite.java:128)
	at org.junit.runners.Suite.runChild(Suite.java:27)
	at org.junit.runners.ParentRunner$3.run(ParentRunner.java:290)
	at org.junit.runners.ParentRunner$1.schedule(ParentRunner.java:71)
	at org.junit.runners.ParentRunner.runChildren(ParentRunner.java:288)
	at org.junit.runners.ParentRunner.access$000(ParentRunner.java:58)
	at org.junit.runners.ParentRunner$2.evaluate(ParentRunner.java:268)
	at org.junit.runners.ParentRunner.run(ParentRunner.java:363)
	at org.gradle.api.internal.tasks.testing.junit.JUnitTestClassExecutor.runTestClass(JUnitTestClassExecutor.java:106)
	at org.gradle.api.internal.tasks.testing.junit.JUnitTestClassExecutor.execute(JUnitTestClassExecutor.java:58)
	at org.gradle.api.internal.tasks.testing.junit.JUnitTestClassExecutor.execute(JUnitTestClassExecutor.java:38)
	at org.gradle.api.internal.tasks.testing.junit.AbstractJUnitTestClassProcessor.processTestClass(AbstractJUnitTestClassProcessor.java:66)
	at org.gradle.api.internal.tasks.testing.SuiteTestClassProcessor.processTestClass(SuiteTestClassProcessor.java:51)
	at sun.reflect.NativeMethodAccessorImpl.invoke0(Native Method)
	at sun.reflect.NativeMethodAccessorImpl.invoke(NativeMethodAccessorImpl.java:62)
	at sun.reflect.DelegatingMethodAccessorImpl.invoke(DelegatingMethodAccessorImpl.java:43)
	at java.lang.reflect.Method.invoke(Method.java:498)
	at org.gradle.internal.dispatch.ReflectionDispatch.dispatch(ReflectionDispatch.java:35)
	at org.gradle.internal.dispatch.ReflectionDispatch.dispatch(ReflectionDispatch.java:24)
	at org.gradle.internal.dispatch.ContextClassLoaderDispatch.dispatch(ContextClassLoaderDispatch.java:32)
	at org.gradle.internal.dispatch.ProxyDispatchAdapter$DispatchingInvocationHandler.invoke(ProxyDispatchAdapter.java:93)
	at com.sun.proxy.$Proxy2.processTestClass(Unknown Source)
	at org.gradle.api.internal.tasks.testing.worker.TestWorker.processTestClass(TestWorker.java:117)
	at sun.reflect.NativeMethodAccessorImpl.invoke0(Native Method)
	at sun.reflect.NativeMethodAccessorImpl.invoke(NativeMethodAccessorImpl.java:62)
	at sun.reflect.DelegatingMethodAccessorImpl.invoke(DelegatingMethodAccessorImpl.java:43)
	at java.lang.reflect.Method.invoke(Method.java:498)
	at org.gradle.internal.dispatch.ReflectionDispatch.dispatch(ReflectionDispatch.java:35)
	at org.gradle.internal.dispatch.ReflectionDispatch.dispatch(ReflectionDispatch.java:24)
	at org.gradle.internal.remote.internal.hub.MessageHubBackedObjectConnection$DispatchWrapper.dispatch(MessageHubBackedObjectConnection.java:155)
	at org.gradle.internal.remote.internal.hub.MessageHubBackedObjectConnection$DispatchWrapper.dispatch(MessageHubBackedObjectConnection.java:137)
	at org.gradle.internal.remote.internal.hub.MessageHub$Handler.run(MessageHub.java:404)
	at org.gradle.internal.concurrent.ExecutorPolicy$CatchAndRecordFailures.onExecute(ExecutorPolicy.java:63)
	at org.gradle.internal.concurrent.ManagedExecutorImpl$1.run(ManagedExecutorImpl.java:46)
	at java.util.concurrent.ThreadPoolExecutor.runWorker(ThreadPoolExecutor.java:1149)
	at java.util.concurrent.ThreadPoolExecutor$Worker.run(ThreadPoolExecutor.java:624)
	at org.gradle.internal.concurrent.ThreadFactoryImpl$ManagedThreadRunnable.run(ThreadFactoryImpl.java:55)
	at java.lang.Thread.run(Thread.java:748)
</pre>
</span>
</div>
<div class="test">
<a name="publish[4: com.dotcms.publishing.PublisherAPIImplTest$TestCase@21d487a8]"></a>
<h3 class="failures">publish[4: com.dotcms.publishing.PublisherAPIImplTest$TestCase@21d487a8]</h3>
<span class="code">
<pre>java.lang.AssertionError: Expected 28 but get 30 in /custom/assets/bundles/01EZZ5P8QZGNEW8CQMECT35B4S
Expected [/custom/assets/bundles/01EZZ5P8QZGNEW8CQMECT35B4S/live/default/1614877867043/b9be4647-b762-46ba-ad74-484767ab1c3f.contentworkflow.xml, /custom/assets/bundles/01EZZ5P8QZGNEW8CQMECT35B4S/working/System Host/33888b6f-7a8e-4069-b1b6-5c1aa9d0a48d.contentType.json, /custom/assets/bundles/01EZZ5P8QZGNEW8CQMECT35B4S/working/System Host/f4d7c1b8-2c88-4071-abf1-a5328977b07d.contentType.json, /custom/assets/bundles/01EZZ5P8QZGNEW8CQMECT35B4S/live/System Host/1/4-content.aee675db-6afa-494d-b0f4-291eedb2a642.content.xml, /custom/assets/bundles/01EZZ5P8QZGNEW8CQMECT35B4S/live/System Host/1/e82b425b-5cd8-420a-ac4f-0c0e41465bca.contentworkflow.xml, /custom/assets/bundles/01EZZ5P8QZGNEW8CQMECT35B4S/working/test1614875722952.dotcms.com/9b95bf16-a21c-4c60-ad9a-f36147779448.contentType.json, /custom/assets/bundles/01EZZ5P8QZGNEW8CQMECT35B4S/working/System Host/1/82be8bb5-9fd4-4035-a493-e553d492a744.contentworkflow.xml, /custom/assets/bundles/01EZZ5P8QZGNEW8CQMECT35B4S/live/System Host/1614877867043properties, /custom/assets/bundles/01EZZ5P8QZGNEW8CQMECT35B4S/working/test1614875722952.dotcms.com/1/1-content.dadeff82-6899-4fc8-8e09-d2b65edc65f1.content.xml, /custom/assets/bundles/01EZZ5P8QZGNEW8CQMECT35B4S/ROOT/3d8674e5-793f-41d7-bcdb-87c6f4ac193c.folder.xml, /custom/assets/bundles/01EZZ5P8QZGNEW8CQMECT35B4S/d61a59e1-a49c-46f2-a929-db2b4bfa88b2.workflow.xml, /custom/assets/bundles/01EZZ5P8QZGNEW8CQMECT35B4S/live/System Host/1/content.ff462f88-d9e1-4d31-b084-b73cb61976d3.host.xml, /custom/assets/bundles/01EZZ5P8QZGNEW8CQMECT35B4S/live/System Host/1/82be8bb5-9fd4-4035-a493-e553d492a744.contentworkflow.xml, /custom/assets/bundles/01EZZ5P8QZGNEW8CQMECT35B4S/live/System Host/en_US.language.xml, /custom/assets/bundles/01EZZ5P8QZGNEW8CQMECT35B4S/live/default/27614763-21ef-43d7-bc5a-226774e56204.rule.xml, /custom/assets/bundles/01EZZ5P8QZGNEW8CQMECT35B4S/live/System Host/1/3-content.6519c7f0-8a2a-49d4-901f-f59fe516e499.content.xml, /custom/assets/bundles/01EZZ5P8QZGNEW8CQMECT35B4S/live/System Host/1/content.fb13bedb-33ea-4513-8d58-265d641afe32.host.xml, /custom/assets/bundles/01EZZ5P8QZGNEW8CQMECT35B4S/working/test1614875722952.dotcms.com/d68d2833-c89e-42a8-b63a-73fe587663b8.containers.container.xml, /custom/assets/bundles/01EZZ5P8QZGNEW8CQMECT35B4S/working/System Host/1/0-content.aee675db-6afa-494d-b0f4-291eedb2a642.content.xml, /custom/assets/bundles/01EZZ5P8QZGNEW8CQMECT35B4S/live/default/1614877867043/2-content.c67af8e9-9ab7-4522-aa3b-4fde70e0772c.content.xml, /custom/assets/bundles/01EZZ5P8QZGNEW8CQMECT35B4S/working/test1614875722952.dotcms.com/1/d17fad0f-f5e4-4680-9f10-3f8f30670329.contentworkflow.xml, /custom/assets/bundles/01EZZ5P8QZGNEW8CQMECT35B4S/working/System Host/1/content.ff462f88-d9e1-4d31-b084-b73cb61976d3.host.xml, /custom/assets/bundles/01EZZ5P8QZGNEW8CQMECT35B4S/live/System Host/qp_YQ.language.xml, /custom/assets/bundles/01EZZ5P8QZGNEW8CQMECT35B4S/working/test1614875722952.dotcms.com/b45ec118-d824-4217-bde2-9a6de03482e1.contentType.json, /custom/assets/bundles/01EZZ5P8QZGNEW8CQMECT35B4S/live/System Host/1properties, /custom/assets/bundles/01EZZ5P8QZGNEW8CQMECT35B4S/live/test1614875722952.dotcms.com/734ad083-20bd-443f-bc97-e8432f46f5b9.rule.xml, /custom/assets/bundles/01EZZ5P8QZGNEW8CQMECT35B4S/live/test1614875722952.dotcms.com/1d0a0a0e-7b09-447c-bc6a-27bf1c0a279b.template.template.xml]
Existing [/custom/assets/bundles/01EZZ5P8QZGNEW8CQMECT35B4S/ROOT/3d8674e5-793f-41d7-bcdb-87c6f4ac193c.folder.xml, /custom/assets/bundles/01EZZ5P8QZGNEW8CQMECT35B4S/ROOT/bc9a1d37-dd2d-4d49-a29d-0c9be740bfaf.folder.xml, /custom/assets/bundles/01EZZ5P8QZGNEW8CQMECT35B4S/bundle.xml, /custom/assets/bundles/01EZZ5P8QZGNEW8CQMECT35B4S/d61a59e1-a49c-46f2-a929-db2b4bfa88b2.workflow.xml, /custom/assets/bundles/01EZZ5P8QZGNEW8CQMECT35B4S/live/System Host/1/3-content.6519c7f0-8a2a-49d4-901f-f59fe516e499.content.xml, /custom/assets/bundles/01EZZ5P8QZGNEW8CQMECT35B4S/live/System Host/1/4-content.aee675db-6afa-494d-b0f4-291eedb2a642.content.xml, /custom/assets/bundles/01EZZ5P8QZGNEW8CQMECT35B4S/live/System Host/1/82be8bb5-9fd4-4035-a493-e553d492a744.contentworkflow.xml, /custom/assets/bundles/01EZZ5P8QZGNEW8CQMECT35B4S/live/System Host/1/content.fb13bedb-33ea-4513-8d58-265d641afe32.host.xml, /custom/assets/bundles/01EZZ5P8QZGNEW8CQMECT35B4S/live/System Host/1/content.ff462f88-d9e1-4d31-b084-b73cb61976d3.host.xml, /custom/assets/bundles/01EZZ5P8QZGNEW8CQMECT35B4S/live/System Host/1/e82b425b-5cd8-420a-ac4f-0c0e41465bca.contentworkflow.xml, /custom/assets/bundles/01EZZ5P8QZGNEW8CQMECT35B4S/live/System Host/1/system host.host.xml, /custom/assets/bundles/01EZZ5P8QZGNEW8CQMECT35B4S/live/System Host/1614877867043properties, /custom/assets/bundles/01EZZ5P8QZGNEW8CQMECT35B4S/live/System Host/1properties, /custom/assets/bundles/01EZZ5P8QZGNEW8CQMECT35B4S/live/System Host/en_US.language.xml, /custom/assets/bundles/01EZZ5P8QZGNEW8CQMECT35B4S/live/System Host/qp_YQ.language.xml, /custom/assets/bundles/01EZZ5P8QZGNEW8CQMECT35B4S/live/default/1614877867043/2-content.c67af8e9-9ab7-4522-aa3b-4fde70e0772c.content.xml, /custom/assets/bundles/01EZZ5P8QZGNEW8CQMECT35B4S/live/default/1614877867043/b9be4647-b762-46ba-ad74-484767ab1c3f.contentworkflow.xml, /custom/assets/bundles/01EZZ5P8QZGNEW8CQMECT35B4S/live/default/27614763-21ef-43d7-bc5a-226774e56204.rule.xml, /custom/assets/bundles/01EZZ5P8QZGNEW8CQMECT35B4S/live/test1614875722952.dotcms.com/1d0a0a0e-7b09-447c-bc6a-27bf1c0a279b.template.template.xml, /custom/assets/bundles/01EZZ5P8QZGNEW8CQMECT35B4S/live/test1614875722952.dotcms.com/734ad083-20bd-443f-bc97-e8432f46f5b9.rule.xml, /custom/assets/bundles/01EZZ5P8QZGNEW8CQMECT35B4S/working/System Host/1/0-content.aee675db-6afa-494d-b0f4-291eedb2a642.content.xml, /custom/assets/bundles/01EZZ5P8QZGNEW8CQMECT35B4S/working/System Host/1/82be8bb5-9fd4-4035-a493-e553d492a744.contentworkflow.xml, /custom/assets/bundles/01EZZ5P8QZGNEW8CQMECT35B4S/working/System Host/1/content.ff462f88-d9e1-4d31-b084-b73cb61976d3.host.xml, /custom/assets/bundles/01EZZ5P8QZGNEW8CQMECT35B4S/working/System Host/33888b6f-7a8e-4069-b1b6-5c1aa9d0a48d.contentType.json, /custom/assets/bundles/01EZZ5P8QZGNEW8CQMECT35B4S/working/System Host/f4d7c1b8-2c88-4071-abf1-a5328977b07d.contentType.json, /custom/assets/bundles/01EZZ5P8QZGNEW8CQMECT35B4S/working/test1614875722952.dotcms.com/1/1-content.dadeff82-6899-4fc8-8e09-d2b65edc65f1.content.xml, /custom/assets/bundles/01EZZ5P8QZGNEW8CQMECT35B4S/working/test1614875722952.dotcms.com/1/d17fad0f-f5e4-4680-9f10-3f8f30670329.contentworkflow.xml, /custom/assets/bundles/01EZZ5P8QZGNEW8CQMECT35B4S/working/test1614875722952.dotcms.com/9b95bf16-a21c-4c60-ad9a-f36147779448.contentType.json, /custom/assets/bundles/01EZZ5P8QZGNEW8CQMECT35B4S/working/test1614875722952.dotcms.com/b45ec118-d824-4217-bde2-9a6de03482e1.contentType.json, /custom/assets/bundles/01EZZ5P8QZGNEW8CQMECT35B4S/working/test1614875722952.dotcms.com/d68d2833-c89e-42a8-b63a-73fe587663b8.containers.container.xml]
difference [/custom/assets/bundles/01EZZ5P8QZGNEW8CQMECT35B4S/ROOT/bc9a1d37-dd2d-4d49-a29d-0c9be740bfaf.folder.xml, /custom/assets/bundles/01EZZ5P8QZGNEW8CQMECT35B4S/bundle.xml, /custom/assets/bundles/01EZZ5P8QZGNEW8CQMECT35B4S/live/System Host/1/system host.host.xml]

	at org.jgroups.util.Util.assertEquals(Util.java:185)
	at com.dotcms.publishing.PublisherAPIImplTest.publish(PublisherAPIImplTest.java:407)
	at sun.reflect.NativeMethodAccessorImpl.invoke0(Native Method)
	at sun.reflect.NativeMethodAccessorImpl.invoke(NativeMethodAccessorImpl.java:62)
	at sun.reflect.DelegatingMethodAccessorImpl.invoke(DelegatingMethodAccessorImpl.java:43)
	at java.lang.reflect.Method.invoke(Method.java:498)
	at org.junit.runners.model.FrameworkMethod$1.runReflectiveCall(FrameworkMethod.java:50)
	at org.junit.internal.runners.model.ReflectiveCallable.run(ReflectiveCallable.java:12)
	at org.junit.runners.model.FrameworkMethod.invokeExplosively(FrameworkMethod.java:47)
	at com.tngtech.java.junit.dataprovider.DataProviderFrameworkMethod.invokeExplosively(DataProviderFrameworkMethod.java:119)
	at org.junit.internal.runners.statements.InvokeMethod.evaluate(InvokeMethod.java:17)
	at org.junit.rules.TestWatcher$1.evaluate(TestWatcher.java:55)
	at org.junit.rules.RunRules.evaluate(RunRules.java:20)
	at org.junit.runners.ParentRunner.runLeaf(ParentRunner.java:325)
	at com.dotcms.junit.CustomDataProviderRunner.runChild(CustomDataProviderRunner.java:28)
	at com.dotcms.junit.CustomDataProviderRunner.runChild(CustomDataProviderRunner.java:13)
	at org.junit.runners.ParentRunner$3.run(ParentRunner.java:290)
	at org.junit.runners.ParentRunner$1.schedule(ParentRunner.java:71)
	at org.junit.runners.ParentRunner.runChildren(ParentRunner.java:288)
	at org.junit.runners.ParentRunner.access$000(ParentRunner.java:58)
	at org.junit.runners.ParentRunner$2.evaluate(ParentRunner.java:268)
	at org.junit.internal.runners.statements.RunBefores.evaluate(RunBefores.java:26)
	at org.junit.internal.runners.statements.RunAfters.evaluate(RunAfters.java:27)
	at org.junit.runners.ParentRunner.run(ParentRunner.java:363)
	at org.junit.runners.Suite.runChild(Suite.java:128)
	at org.junit.runners.Suite.runChild(Suite.java:27)
	at org.junit.runners.ParentRunner$3.run(ParentRunner.java:290)
	at org.junit.runners.ParentRunner$1.schedule(ParentRunner.java:71)
	at org.junit.runners.ParentRunner.runChildren(ParentRunner.java:288)
	at org.junit.runners.ParentRunner.access$000(ParentRunner.java:58)
	at org.junit.runners.ParentRunner$2.evaluate(ParentRunner.java:268)
	at org.junit.runners.ParentRunner.run(ParentRunner.java:363)
	at org.gradle.api.internal.tasks.testing.junit.JUnitTestClassExecutor.runTestClass(JUnitTestClassExecutor.java:106)
	at org.gradle.api.internal.tasks.testing.junit.JUnitTestClassExecutor.execute(JUnitTestClassExecutor.java:58)
	at org.gradle.api.internal.tasks.testing.junit.JUnitTestClassExecutor.execute(JUnitTestClassExecutor.java:38)
	at org.gradle.api.internal.tasks.testing.junit.AbstractJUnitTestClassProcessor.processTestClass(AbstractJUnitTestClassProcessor.java:66)
	at org.gradle.api.internal.tasks.testing.SuiteTestClassProcessor.processTestClass(SuiteTestClassProcessor.java:51)
	at sun.reflect.NativeMethodAccessorImpl.invoke0(Native Method)
	at sun.reflect.NativeMethodAccessorImpl.invoke(NativeMethodAccessorImpl.java:62)
	at sun.reflect.DelegatingMethodAccessorImpl.invoke(DelegatingMethodAccessorImpl.java:43)
	at java.lang.reflect.Method.invoke(Method.java:498)
	at org.gradle.internal.dispatch.ReflectionDispatch.dispatch(ReflectionDispatch.java:35)
	at org.gradle.internal.dispatch.ReflectionDispatch.dispatch(ReflectionDispatch.java:24)
	at org.gradle.internal.dispatch.ContextClassLoaderDispatch.dispatch(ContextClassLoaderDispatch.java:32)
	at org.gradle.internal.dispatch.ProxyDispatchAdapter$DispatchingInvocationHandler.invoke(ProxyDispatchAdapter.java:93)
	at com.sun.proxy.$Proxy2.processTestClass(Unknown Source)
	at org.gradle.api.internal.tasks.testing.worker.TestWorker.processTestClass(TestWorker.java:117)
	at sun.reflect.NativeMethodAccessorImpl.invoke0(Native Method)
	at sun.reflect.NativeMethodAccessorImpl.invoke(NativeMethodAccessorImpl.java:62)
	at sun.reflect.DelegatingMethodAccessorImpl.invoke(DelegatingMethodAccessorImpl.java:43)
	at java.lang.reflect.Method.invoke(Method.java:498)
	at org.gradle.internal.dispatch.ReflectionDispatch.dispatch(ReflectionDispatch.java:35)
	at org.gradle.internal.dispatch.ReflectionDispatch.dispatch(ReflectionDispatch.java:24)
	at org.gradle.internal.remote.internal.hub.MessageHubBackedObjectConnection$DispatchWrapper.dispatch(MessageHubBackedObjectConnection.java:155)
	at org.gradle.internal.remote.internal.hub.MessageHubBackedObjectConnection$DispatchWrapper.dispatch(MessageHubBackedObjectConnection.java:137)
	at org.gradle.internal.remote.internal.hub.MessageHub$Handler.run(MessageHub.java:404)
	at org.gradle.internal.concurrent.ExecutorPolicy$CatchAndRecordFailures.onExecute(ExecutorPolicy.java:63)
	at org.gradle.internal.concurrent.ManagedExecutorImpl$1.run(ManagedExecutorImpl.java:46)
	at java.util.concurrent.ThreadPoolExecutor.runWorker(ThreadPoolExecutor.java:1149)
	at java.util.concurrent.ThreadPoolExecutor$Worker.run(ThreadPoolExecutor.java:624)
	at org.gradle.internal.concurrent.ThreadFactoryImpl$ManagedThreadRunnable.run(ThreadFactoryImpl.java:55)
	at java.lang.Thread.run(Thread.java:748)
</pre>
</span>
</div>
<div class="test">
<a name="publish[5: com.dotcms.publishing.PublisherAPIImplTest$TestCase@5198e1ad]"></a>
<h3 class="failures">publish[5: com.dotcms.publishing.PublisherAPIImplTest$TestCase@5198e1ad]</h3>
<span class="code">
<pre>java.lang.AssertionError: Expected 21 but get 23 in /custom/assets/bundles/01EZZ5P8Y2H4M5AAFB25ATQN5P
Expected [/custom/assets/bundles/01EZZ5P8Y2H4M5AAFB25ATQN5P/working/System Host/f4d7c1b8-2c88-4071-abf1-a5328977b07d.contentType.json, /custom/assets/bundles/01EZZ5P8Y2H4M5AAFB25ATQN5P/live/System Host/1/82be8bb5-9fd4-4035-a493-e553d492a744.contentworkflow.xml, /custom/assets/bundles/01EZZ5P8Y2H4M5AAFB25ATQN5P/live/System Host/qp_YQ.language.xml, /custom/assets/bundles/01EZZ5P8Y2H4M5AAFB25ATQN5P/live/System Host/en_US.language.xml, /custom/assets/bundles/01EZZ5P8Y2H4M5AAFB25ATQN5P/ROOT/7021db96-8d8f-42fe-b641-9ccefd69ef09.folder.xml, /custom/assets/bundles/01EZZ5P8Y2H4M5AAFB25ATQN5P/working/test1614875723865.dotcms.com/testName1614875724777/e00ee800-980c-43b9-8bd2-4085a46aa5d3.link.xml, /custom/assets/bundles/01EZZ5P8Y2H4M5AAFB25ATQN5P/live/System Host/1/content.69e3aa46-16a6-4ef5-8d51-a4bcd7c3422d.host.xml, /custom/assets/bundles/01EZZ5P8Y2H4M5AAFB25ATQN5P/d61a59e1-a49c-46f2-a929-db2b4bfa88b2.workflow.xml, /custom/assets/bundles/01EZZ5P8Y2H4M5AAFB25ATQN5P/live/System Host/1/content.ff462f88-d9e1-4d31-b084-b73cb61976d3.host.xml, /custom/assets/bundles/01EZZ5P8Y2H4M5AAFB25ATQN5P/live/default/1614877867043/1-content.c67af8e9-9ab7-4522-aa3b-4fde70e0772c.content.xml, /custom/assets/bundles/01EZZ5P8Y2H4M5AAFB25ATQN5P/live/default/1614877867043/b9be4647-b762-46ba-ad74-484767ab1c3f.contentworkflow.xml, /custom/assets/bundles/01EZZ5P8Y2H4M5AAFB25ATQN5P/live/System Host/1/e82b425b-5cd8-420a-ac4f-0c0e41465bca.contentworkflow.xml, /custom/assets/bundles/01EZZ5P8Y2H4M5AAFB25ATQN5P/live/System Host/1614877867043properties, /custom/assets/bundles/01EZZ5P8Y2H4M5AAFB25ATQN5P/working/System Host/1/82be8bb5-9fd4-4035-a493-e553d492a744.contentworkflow.xml, /custom/assets/bundles/01EZZ5P8Y2H4M5AAFB25ATQN5P/live/System Host/1/3-content.aee675db-6afa-494d-b0f4-291eedb2a642.content.xml, /custom/assets/bundles/01EZZ5P8Y2H4M5AAFB25ATQN5P/live/System Host/1/2-content.6519c7f0-8a2a-49d4-901f-f59fe516e499.content.xml, /custom/assets/bundles/01EZZ5P8Y2H4M5AAFB25ATQN5P/working/System Host/1/0-content.aee675db-6afa-494d-b0f4-291eedb2a642.content.xml, /custom/assets/bundles/01EZZ5P8Y2H4M5AAFB25ATQN5P/live/System Host/1properties, /custom/assets/bundles/01EZZ5P8Y2H4M5AAFB25ATQN5P/working/System Host/1/content.ff462f88-d9e1-4d31-b084-b73cb61976d3.host.xml, /custom/assets/bundles/01EZZ5P8Y2H4M5AAFB25ATQN5P/live/default/27614763-21ef-43d7-bc5a-226774e56204.rule.xml]
Existing [/custom/assets/bundles/01EZZ5P8Y2H4M5AAFB25ATQN5P/ROOT/7021db96-8d8f-42fe-b641-9ccefd69ef09.folder.xml, /custom/assets/bundles/01EZZ5P8Y2H4M5AAFB25ATQN5P/ROOT/bc9a1d37-dd2d-4d49-a29d-0c9be740bfaf.folder.xml, /custom/assets/bundles/01EZZ5P8Y2H4M5AAFB25ATQN5P/bundle.xml, /custom/assets/bundles/01EZZ5P8Y2H4M5AAFB25ATQN5P/d61a59e1-a49c-46f2-a929-db2b4bfa88b2.workflow.xml, /custom/assets/bundles/01EZZ5P8Y2H4M5AAFB25ATQN5P/live/System Host/1/2-content.6519c7f0-8a2a-49d4-901f-f59fe516e499.content.xml, /custom/assets/bundles/01EZZ5P8Y2H4M5AAFB25ATQN5P/live/System Host/1/3-content.aee675db-6afa-494d-b0f4-291eedb2a642.content.xml, /custom/assets/bundles/01EZZ5P8Y2H4M5AAFB25ATQN5P/live/System Host/1/82be8bb5-9fd4-4035-a493-e553d492a744.contentworkflow.xml, /custom/assets/bundles/01EZZ5P8Y2H4M5AAFB25ATQN5P/live/System Host/1/content.69e3aa46-16a6-4ef5-8d51-a4bcd7c3422d.host.xml, /custom/assets/bundles/01EZZ5P8Y2H4M5AAFB25ATQN5P/live/System Host/1/content.ff462f88-d9e1-4d31-b084-b73cb61976d3.host.xml, /custom/assets/bundles/01EZZ5P8Y2H4M5AAFB25ATQN5P/live/System Host/1/e82b425b-5cd8-420a-ac4f-0c0e41465bca.contentworkflow.xml, /custom/assets/bundles/01EZZ5P8Y2H4M5AAFB25ATQN5P/live/System Host/1/system host.host.xml, /custom/assets/bundles/01EZZ5P8Y2H4M5AAFB25ATQN5P/live/System Host/1614877867043properties, /custom/assets/bundles/01EZZ5P8Y2H4M5AAFB25ATQN5P/live/System Host/1properties, /custom/assets/bundles/01EZZ5P8Y2H4M5AAFB25ATQN5P/live/System Host/en_US.language.xml, /custom/assets/bundles/01EZZ5P8Y2H4M5AAFB25ATQN5P/live/System Host/qp_YQ.language.xml, /custom/assets/bundles/01EZZ5P8Y2H4M5AAFB25ATQN5P/live/default/1614877867043/1-content.c67af8e9-9ab7-4522-aa3b-4fde70e0772c.content.xml, /custom/assets/bundles/01EZZ5P8Y2H4M5AAFB25ATQN5P/live/default/1614877867043/b9be4647-b762-46ba-ad74-484767ab1c3f.contentworkflow.xml, /custom/assets/bundles/01EZZ5P8Y2H4M5AAFB25ATQN5P/live/default/27614763-21ef-43d7-bc5a-226774e56204.rule.xml, /custom/assets/bundles/01EZZ5P8Y2H4M5AAFB25ATQN5P/working/System Host/1/0-content.aee675db-6afa-494d-b0f4-291eedb2a642.content.xml, /custom/assets/bundles/01EZZ5P8Y2H4M5AAFB25ATQN5P/working/System Host/1/82be8bb5-9fd4-4035-a493-e553d492a744.contentworkflow.xml, /custom/assets/bundles/01EZZ5P8Y2H4M5AAFB25ATQN5P/working/System Host/1/content.ff462f88-d9e1-4d31-b084-b73cb61976d3.host.xml, /custom/assets/bundles/01EZZ5P8Y2H4M5AAFB25ATQN5P/working/System Host/f4d7c1b8-2c88-4071-abf1-a5328977b07d.contentType.json, /custom/assets/bundles/01EZZ5P8Y2H4M5AAFB25ATQN5P/working/test1614875723865.dotcms.com/testName1614875724777/e00ee800-980c-43b9-8bd2-4085a46aa5d3.link.xml]
difference [/custom/assets/bundles/01EZZ5P8Y2H4M5AAFB25ATQN5P/ROOT/bc9a1d37-dd2d-4d49-a29d-0c9be740bfaf.folder.xml, /custom/assets/bundles/01EZZ5P8Y2H4M5AAFB25ATQN5P/bundle.xml, /custom/assets/bundles/01EZZ5P8Y2H4M5AAFB25ATQN5P/live/System Host/1/system host.host.xml]

	at org.jgroups.util.Util.assertEquals(Util.java:185)
	at com.dotcms.publishing.PublisherAPIImplTest.publish(PublisherAPIImplTest.java:407)
	at sun.reflect.NativeMethodAccessorImpl.invoke0(Native Method)
	at sun.reflect.NativeMethodAccessorImpl.invoke(NativeMethodAccessorImpl.java:62)
	at sun.reflect.DelegatingMethodAccessorImpl.invoke(DelegatingMethodAccessorImpl.java:43)
	at java.lang.reflect.Method.invoke(Method.java:498)
	at org.junit.runners.model.FrameworkMethod$1.runReflectiveCall(FrameworkMethod.java:50)
	at org.junit.internal.runners.model.ReflectiveCallable.run(ReflectiveCallable.java:12)
	at org.junit.runners.model.FrameworkMethod.invokeExplosively(FrameworkMethod.java:47)
	at com.tngtech.java.junit.dataprovider.DataProviderFrameworkMethod.invokeExplosively(DataProviderFrameworkMethod.java:119)
	at org.junit.internal.runners.statements.InvokeMethod.evaluate(InvokeMethod.java:17)
	at org.junit.rules.TestWatcher$1.evaluate(TestWatcher.java:55)
	at org.junit.rules.RunRules.evaluate(RunRules.java:20)
	at org.junit.runners.ParentRunner.runLeaf(ParentRunner.java:325)
	at com.dotcms.junit.CustomDataProviderRunner.runChild(CustomDataProviderRunner.java:28)
	at com.dotcms.junit.CustomDataProviderRunner.runChild(CustomDataProviderRunner.java:13)
	at org.junit.runners.ParentRunner$3.run(ParentRunner.java:290)
	at org.junit.runners.ParentRunner$1.schedule(ParentRunner.java:71)
	at org.junit.runners.ParentRunner.runChildren(ParentRunner.java:288)
	at org.junit.runners.ParentRunner.access$000(ParentRunner.java:58)
	at org.junit.runners.ParentRunner$2.evaluate(ParentRunner.java:268)
	at org.junit.internal.runners.statements.RunBefores.evaluate(RunBefores.java:26)
	at org.junit.internal.runners.statements.RunAfters.evaluate(RunAfters.java:27)
	at org.junit.runners.ParentRunner.run(ParentRunner.java:363)
	at org.junit.runners.Suite.runChild(Suite.java:128)
	at org.junit.runners.Suite.runChild(Suite.java:27)
	at org.junit.runners.ParentRunner$3.run(ParentRunner.java:290)
	at org.junit.runners.ParentRunner$1.schedule(ParentRunner.java:71)
	at org.junit.runners.ParentRunner.runChildren(ParentRunner.java:288)
	at org.junit.runners.ParentRunner.access$000(ParentRunner.java:58)
	at org.junit.runners.ParentRunner$2.evaluate(ParentRunner.java:268)
	at org.junit.runners.ParentRunner.run(ParentRunner.java:363)
	at org.gradle.api.internal.tasks.testing.junit.JUnitTestClassExecutor.runTestClass(JUnitTestClassExecutor.java:106)
	at org.gradle.api.internal.tasks.testing.junit.JUnitTestClassExecutor.execute(JUnitTestClassExecutor.java:58)
	at org.gradle.api.internal.tasks.testing.junit.JUnitTestClassExecutor.execute(JUnitTestClassExecutor.java:38)
	at org.gradle.api.internal.tasks.testing.junit.AbstractJUnitTestClassProcessor.processTestClass(AbstractJUnitTestClassProcessor.java:66)
	at org.gradle.api.internal.tasks.testing.SuiteTestClassProcessor.processTestClass(SuiteTestClassProcessor.java:51)
	at sun.reflect.NativeMethodAccessorImpl.invoke0(Native Method)
	at sun.reflect.NativeMethodAccessorImpl.invoke(NativeMethodAccessorImpl.java:62)
	at sun.reflect.DelegatingMethodAccessorImpl.invoke(DelegatingMethodAccessorImpl.java:43)
	at java.lang.reflect.Method.invoke(Method.java:498)
	at org.gradle.internal.dispatch.ReflectionDispatch.dispatch(ReflectionDispatch.java:35)
	at org.gradle.internal.dispatch.ReflectionDispatch.dispatch(ReflectionDispatch.java:24)
	at org.gradle.internal.dispatch.ContextClassLoaderDispatch.dispatch(ContextClassLoaderDispatch.java:32)
	at org.gradle.internal.dispatch.ProxyDispatchAdapter$DispatchingInvocationHandler.invoke(ProxyDispatchAdapter.java:93)
	at com.sun.proxy.$Proxy2.processTestClass(Unknown Source)
	at org.gradle.api.internal.tasks.testing.worker.TestWorker.processTestClass(TestWorker.java:117)
	at sun.reflect.NativeMethodAccessorImpl.invoke0(Native Method)
	at sun.reflect.NativeMethodAccessorImpl.invoke(NativeMethodAccessorImpl.java:62)
	at sun.reflect.DelegatingMethodAccessorImpl.invoke(DelegatingMethodAccessorImpl.java:43)
	at java.lang.reflect.Method.invoke(Method.java:498)
	at org.gradle.internal.dispatch.ReflectionDispatch.dispatch(ReflectionDispatch.java:35)
	at org.gradle.internal.dispatch.ReflectionDispatch.dispatch(ReflectionDispatch.java:24)
	at org.gradle.internal.remote.internal.hub.MessageHubBackedObjectConnection$DispatchWrapper.dispatch(MessageHubBackedObjectConnection.java:155)
	at org.gradle.internal.remote.internal.hub.MessageHubBackedObjectConnection$DispatchWrapper.dispatch(MessageHubBackedObjectConnection.java:137)
	at org.gradle.internal.remote.internal.hub.MessageHub$Handler.run(MessageHub.java:404)
	at org.gradle.internal.concurrent.ExecutorPolicy$CatchAndRecordFailures.onExecute(ExecutorPolicy.java:63)
	at org.gradle.internal.concurrent.ManagedExecutorImpl$1.run(ManagedExecutorImpl.java:46)
	at java.util.concurrent.ThreadPoolExecutor.runWorker(ThreadPoolExecutor.java:1149)
	at java.util.concurrent.ThreadPoolExecutor$Worker.run(ThreadPoolExecutor.java:624)
	at org.gradle.internal.concurrent.ThreadFactoryImpl$ManagedThreadRunnable.run(ThreadFactoryImpl.java:55)
	at java.lang.Thread.run(Thread.java:748)
</pre>
</span>
</div>
<div class="test">
<a name="publish[6: com.dotcms.publishing.PublisherAPIImplTest$TestCase@cbc9d77]"></a>
<h3 class="failures">publish[6: com.dotcms.publishing.PublisherAPIImplTest$TestCase@cbc9d77]</h3>
<span class="code">
<pre>java.lang.AssertionError: Expected 19 but get 21 in /custom/assets/bundles/01EZZ5P91KAACCD1F335V04WQ9
Expected [/custom/assets/bundles/01EZZ5P91KAACCD1F335V04WQ9/d61a59e1-a49c-46f2-a929-db2b4bfa88b2.workflow.xml, /custom/assets/bundles/01EZZ5P91KAACCD1F335V04WQ9/live/System Host/en_US.language.xml, /custom/assets/bundles/01EZZ5P91KAACCD1F335V04WQ9/live/System Host/1/2-content.6519c7f0-8a2a-49d4-901f-f59fe516e499.content.xml, /custom/assets/bundles/01EZZ5P91KAACCD1F335V04WQ9/live/default/1614877867043/b9be4647-b762-46ba-ad74-484767ab1c3f.contentworkflow.xml, /custom/assets/bundles/01EZZ5P91KAACCD1F335V04WQ9/live/System Host/qp_YQ.language.xml, /custom/assets/bundles/01EZZ5P91KAACCD1F335V04WQ9/working/System Host/f4d7c1b8-2c88-4071-abf1-a5328977b07d.contentType.json, /custom/assets/bundles/01EZZ5P91KAACCD1F335V04WQ9/working/System Host/1/content.ff462f88-d9e1-4d31-b084-b73cb61976d3.host.xml, /custom/assets/bundles/01EZZ5P91KAACCD1F335V04WQ9/live/default/1614877867043/1-content.c67af8e9-9ab7-4522-aa3b-4fde70e0772c.content.xml, /custom/assets/bundles/01EZZ5P91KAACCD1F335V04WQ9/live/default/27614763-21ef-43d7-bc5a-226774e56204.rule.xml, /custom/assets/bundles/01EZZ5P91KAACCD1F335V04WQ9/live/System Host/1/content.ff462f88-d9e1-4d31-b084-b73cb61976d3.host.xml, /custom/assets/bundles/01EZZ5P91KAACCD1F335V04WQ9/live/System Host/1properties, /custom/assets/bundles/01EZZ5P91KAACCD1F335V04WQ9/live/System Host/1/82be8bb5-9fd4-4035-a493-e553d492a744.contentworkflow.xml, /custom/assets/bundles/01EZZ5P91KAACCD1F335V04WQ9/working/System Host/1/82be8bb5-9fd4-4035-a493-e553d492a744.contentworkflow.xml, /custom/assets/bundles/01EZZ5P91KAACCD1F335V04WQ9/live/System Host/1/e82b425b-5cd8-420a-ac4f-0c0e41465bca.contentworkflow.xml, /custom/assets/bundles/01EZZ5P91KAACCD1F335V04WQ9/live/System Host/1/3-content.aee675db-6afa-494d-b0f4-291eedb2a642.content.xml, /custom/assets/bundles/01EZZ5P91KAACCD1F335V04WQ9/bb9325b4-06d3-4bfb-b944-4f27befe9a49.workflow.xml, /custom/assets/bundles/01EZZ5P91KAACCD1F335V04WQ9/live/System Host/1614877867043properties, /custom/assets/bundles/01EZZ5P91KAACCD1F335V04WQ9/working/System Host/1/0-content.aee675db-6afa-494d-b0f4-291eedb2a642.content.xml]
Existing [/custom/assets/bundles/01EZZ5P91KAACCD1F335V04WQ9/ROOT/bc9a1d37-dd2d-4d49-a29d-0c9be740bfaf.folder.xml, /custom/assets/bundles/01EZZ5P91KAACCD1F335V04WQ9/bb9325b4-06d3-4bfb-b944-4f27befe9a49.workflow.xml, /custom/assets/bundles/01EZZ5P91KAACCD1F335V04WQ9/bundle.xml, /custom/assets/bundles/01EZZ5P91KAACCD1F335V04WQ9/d61a59e1-a49c-46f2-a929-db2b4bfa88b2.workflow.xml, /custom/assets/bundles/01EZZ5P91KAACCD1F335V04WQ9/live/System Host/1/2-content.6519c7f0-8a2a-49d4-901f-f59fe516e499.content.xml, /custom/assets/bundles/01EZZ5P91KAACCD1F335V04WQ9/live/System Host/1/3-content.aee675db-6afa-494d-b0f4-291eedb2a642.content.xml, /custom/assets/bundles/01EZZ5P91KAACCD1F335V04WQ9/live/System Host/1/82be8bb5-9fd4-4035-a493-e553d492a744.contentworkflow.xml, /custom/assets/bundles/01EZZ5P91KAACCD1F335V04WQ9/live/System Host/1/content.ff462f88-d9e1-4d31-b084-b73cb61976d3.host.xml, /custom/assets/bundles/01EZZ5P91KAACCD1F335V04WQ9/live/System Host/1/e82b425b-5cd8-420a-ac4f-0c0e41465bca.contentworkflow.xml, /custom/assets/bundles/01EZZ5P91KAACCD1F335V04WQ9/live/System Host/1/system host.host.xml, /custom/assets/bundles/01EZZ5P91KAACCD1F335V04WQ9/live/System Host/1614877867043properties, /custom/assets/bundles/01EZZ5P91KAACCD1F335V04WQ9/live/System Host/1properties, /custom/assets/bundles/01EZZ5P91KAACCD1F335V04WQ9/live/System Host/en_US.language.xml, /custom/assets/bundles/01EZZ5P91KAACCD1F335V04WQ9/live/System Host/qp_YQ.language.xml, /custom/assets/bundles/01EZZ5P91KAACCD1F335V04WQ9/live/default/1614877867043/1-content.c67af8e9-9ab7-4522-aa3b-4fde70e0772c.content.xml, /custom/assets/bundles/01EZZ5P91KAACCD1F335V04WQ9/live/default/1614877867043/b9be4647-b762-46ba-ad74-484767ab1c3f.contentworkflow.xml, /custom/assets/bundles/01EZZ5P91KAACCD1F335V04WQ9/live/default/27614763-21ef-43d7-bc5a-226774e56204.rule.xml, /custom/assets/bundles/01EZZ5P91KAACCD1F335V04WQ9/working/System Host/1/0-content.aee675db-6afa-494d-b0f4-291eedb2a642.content.xml, /custom/assets/bundles/01EZZ5P91KAACCD1F335V04WQ9/working/System Host/1/82be8bb5-9fd4-4035-a493-e553d492a744.contentworkflow.xml, /custom/assets/bundles/01EZZ5P91KAACCD1F335V04WQ9/working/System Host/1/content.ff462f88-d9e1-4d31-b084-b73cb61976d3.host.xml, /custom/assets/bundles/01EZZ5P91KAACCD1F335V04WQ9/working/System Host/f4d7c1b8-2c88-4071-abf1-a5328977b07d.contentType.json]
difference [/custom/assets/bundles/01EZZ5P91KAACCD1F335V04WQ9/ROOT/bc9a1d37-dd2d-4d49-a29d-0c9be740bfaf.folder.xml, /custom/assets/bundles/01EZZ5P91KAACCD1F335V04WQ9/bundle.xml, /custom/assets/bundles/01EZZ5P91KAACCD1F335V04WQ9/live/System Host/1/system host.host.xml]

	at org.jgroups.util.Util.assertEquals(Util.java:185)
	at com.dotcms.publishing.PublisherAPIImplTest.publish(PublisherAPIImplTest.java:407)
	at sun.reflect.NativeMethodAccessorImpl.invoke0(Native Method)
	at sun.reflect.NativeMethodAccessorImpl.invoke(NativeMethodAccessorImpl.java:62)
	at sun.reflect.DelegatingMethodAccessorImpl.invoke(DelegatingMethodAccessorImpl.java:43)
	at java.lang.reflect.Method.invoke(Method.java:498)
	at org.junit.runners.model.FrameworkMethod$1.runReflectiveCall(FrameworkMethod.java:50)
	at org.junit.internal.runners.model.ReflectiveCallable.run(ReflectiveCallable.java:12)
	at org.junit.runners.model.FrameworkMethod.invokeExplosively(FrameworkMethod.java:47)
	at com.tngtech.java.junit.dataprovider.DataProviderFrameworkMethod.invokeExplosively(DataProviderFrameworkMethod.java:119)
	at org.junit.internal.runners.statements.InvokeMethod.evaluate(InvokeMethod.java:17)
	at org.junit.rules.TestWatcher$1.evaluate(TestWatcher.java:55)
	at org.junit.rules.RunRules.evaluate(RunRules.java:20)
	at org.junit.runners.ParentRunner.runLeaf(ParentRunner.java:325)
	at com.dotcms.junit.CustomDataProviderRunner.runChild(CustomDataProviderRunner.java:28)
	at com.dotcms.junit.CustomDataProviderRunner.runChild(CustomDataProviderRunner.java:13)
	at org.junit.runners.ParentRunner$3.run(ParentRunner.java:290)
	at org.junit.runners.ParentRunner$1.schedule(ParentRunner.java:71)
	at org.junit.runners.ParentRunner.runChildren(ParentRunner.java:288)
	at org.junit.runners.ParentRunner.access$000(ParentRunner.java:58)
	at org.junit.runners.ParentRunner$2.evaluate(ParentRunner.java:268)
	at org.junit.internal.runners.statements.RunBefores.evaluate(RunBefores.java:26)
	at org.junit.internal.runners.statements.RunAfters.evaluate(RunAfters.java:27)
	at org.junit.runners.ParentRunner.run(ParentRunner.java:363)
	at org.junit.runners.Suite.runChild(Suite.java:128)
	at org.junit.runners.Suite.runChild(Suite.java:27)
	at org.junit.runners.ParentRunner$3.run(ParentRunner.java:290)
	at org.junit.runners.ParentRunner$1.schedule(ParentRunner.java:71)
	at org.junit.runners.ParentRunner.runChildren(ParentRunner.java:288)
	at org.junit.runners.ParentRunner.access$000(ParentRunner.java:58)
	at org.junit.runners.ParentRunner$2.evaluate(ParentRunner.java:268)
	at org.junit.runners.ParentRunner.run(ParentRunner.java:363)
	at org.gradle.api.internal.tasks.testing.junit.JUnitTestClassExecutor.runTestClass(JUnitTestClassExecutor.java:106)
	at org.gradle.api.internal.tasks.testing.junit.JUnitTestClassExecutor.execute(JUnitTestClassExecutor.java:58)
	at org.gradle.api.internal.tasks.testing.junit.JUnitTestClassExecutor.execute(JUnitTestClassExecutor.java:38)
	at org.gradle.api.internal.tasks.testing.junit.AbstractJUnitTestClassProcessor.processTestClass(AbstractJUnitTestClassProcessor.java:66)
	at org.gradle.api.internal.tasks.testing.SuiteTestClassProcessor.processTestClass(SuiteTestClassProcessor.java:51)
	at sun.reflect.NativeMethodAccessorImpl.invoke0(Native Method)
	at sun.reflect.NativeMethodAccessorImpl.invoke(NativeMethodAccessorImpl.java:62)
	at sun.reflect.DelegatingMethodAccessorImpl.invoke(DelegatingMethodAccessorImpl.java:43)
	at java.lang.reflect.Method.invoke(Method.java:498)
	at org.gradle.internal.dispatch.ReflectionDispatch.dispatch(ReflectionDispatch.java:35)
	at org.gradle.internal.dispatch.ReflectionDispatch.dispatch(ReflectionDispatch.java:24)
	at org.gradle.internal.dispatch.ContextClassLoaderDispatch.dispatch(ContextClassLoaderDispatch.java:32)
	at org.gradle.internal.dispatch.ProxyDispatchAdapter$DispatchingInvocationHandler.invoke(ProxyDispatchAdapter.java:93)
	at com.sun.proxy.$Proxy2.processTestClass(Unknown Source)
	at org.gradle.api.internal.tasks.testing.worker.TestWorker.processTestClass(TestWorker.java:117)
	at sun.reflect.NativeMethodAccessorImpl.invoke0(Native Method)
	at sun.reflect.NativeMethodAccessorImpl.invoke(NativeMethodAccessorImpl.java:62)
	at sun.reflect.DelegatingMethodAccessorImpl.invoke(DelegatingMethodAccessorImpl.java:43)
	at java.lang.reflect.Method.invoke(Method.java:498)
	at org.gradle.internal.dispatch.ReflectionDispatch.dispatch(ReflectionDispatch.java:35)
	at org.gradle.internal.dispatch.ReflectionDispatch.dispatch(ReflectionDispatch.java:24)
	at org.gradle.internal.remote.internal.hub.MessageHubBackedObjectConnection$DispatchWrapper.dispatch(MessageHubBackedObjectConnection.java:155)
	at org.gradle.internal.remote.internal.hub.MessageHubBackedObjectConnection$DispatchWrapper.dispatch(MessageHubBackedObjectConnection.java:137)
	at org.gradle.internal.remote.internal.hub.MessageHub$Handler.run(MessageHub.java:404)
	at org.gradle.internal.concurrent.ExecutorPolicy$CatchAndRecordFailures.onExecute(ExecutorPolicy.java:63)
	at org.gradle.internal.concurrent.ManagedExecutorImpl$1.run(ManagedExecutorImpl.java:46)
	at java.util.concurrent.ThreadPoolExecutor.runWorker(ThreadPoolExecutor.java:1149)
	at java.util.concurrent.ThreadPoolExecutor$Worker.run(ThreadPoolExecutor.java:624)
	at org.gradle.internal.concurrent.ThreadFactoryImpl$ManagedThreadRunnable.run(ThreadFactoryImpl.java:55)
	at java.lang.Thread.run(Thread.java:748)
</pre>
</span>
</div>
<div class="test">
<a name="publish[7: com.dotcms.publishing.PublisherAPIImplTest$TestCase@e223650]"></a>
<h3 class="failures">publish[7: com.dotcms.publishing.PublisherAPIImplTest$TestCase@e223650]</h3>
<span class="code">
<pre>java.lang.AssertionError: Expected 20 but get 22 in /custom/assets/bundles/01EZZ5P95HYFYGB3MGG0D2Q0BA
Expected [/custom/assets/bundles/01EZZ5P95HYFYGB3MGG0D2Q0BA/live/System Host/qp_YQ.language.xml, /custom/assets/bundles/01EZZ5P95HYFYGB3MGG0D2Q0BA/live/System Host/en_US.language.xml, /custom/assets/bundles/01EZZ5P95HYFYGB3MGG0D2Q0BA/live/System Host/1/e82b425b-5cd8-420a-ac4f-0c0e41465bca.contentworkflow.xml, /custom/assets/bundles/01EZZ5P95HYFYGB3MGG0D2Q0BA/live/System Host/1properties, /custom/assets/bundles/01EZZ5P95HYFYGB3MGG0D2Q0BA/live/default/27614763-21ef-43d7-bc5a-226774e56204.rule.xml, /custom/assets/bundles/01EZZ5P95HYFYGB3MGG0D2Q0BA/live/System Host/y86uu_TESTCOUNTRYCODE1614875724804.language.xml, /custom/assets/bundles/01EZZ5P95HYFYGB3MGG0D2Q0BA/live/System Host/1/3-content.aee675db-6afa-494d-b0f4-291eedb2a642.content.xml, /custom/assets/bundles/01EZZ5P95HYFYGB3MGG0D2Q0BA/working/System Host/f4d7c1b8-2c88-4071-abf1-a5328977b07d.contentType.json, /custom/assets/bundles/01EZZ5P95HYFYGB3MGG0D2Q0BA/live/System Host/1614877867043properties, /custom/assets/bundles/01EZZ5P95HYFYGB3MGG0D2Q0BA/d61a59e1-a49c-46f2-a929-db2b4bfa88b2.workflow.xml, /custom/assets/bundles/01EZZ5P95HYFYGB3MGG0D2Q0BA/working/System Host/1/0-content.aee675db-6afa-494d-b0f4-291eedb2a642.content.xml, /custom/assets/bundles/01EZZ5P95HYFYGB3MGG0D2Q0BA/live/System Host/1/82be8bb5-9fd4-4035-a493-e553d492a744.contentworkflow.xml, /custom/assets/bundles/01EZZ5P95HYFYGB3MGG0D2Q0BA/live/default/1614877867043/1-content.c67af8e9-9ab7-4522-aa3b-4fde70e0772c.content.xml, /custom/assets/bundles/01EZZ5P95HYFYGB3MGG0D2Q0BA/live/System Host/1/2-content.6519c7f0-8a2a-49d4-901f-f59fe516e499.content.xml, /custom/assets/bundles/01EZZ5P95HYFYGB3MGG0D2Q0BA/working/System Host/1/82be8bb5-9fd4-4035-a493-e553d492a744.contentworkflow.xml, /custom/assets/bundles/01EZZ5P95HYFYGB3MGG0D2Q0BA/live/default/1614877867043/b9be4647-b762-46ba-ad74-484767ab1c3f.contentworkflow.xml, /custom/assets/bundles/01EZZ5P95HYFYGB3MGG0D2Q0BA/live/System Host/1/content.ff462f88-d9e1-4d31-b084-b73cb61976d3.host.xml, /custom/assets/bundles/01EZZ5P95HYFYGB3MGG0D2Q0BA/working/System Host/1/content.ff462f88-d9e1-4d31-b084-b73cb61976d3.host.xml, /custom/assets/bundles/01EZZ5P95HYFYGB3MGG0D2Q0BA/live/System Host/1614875724804properties]
Existing [/custom/assets/bundles/01EZZ5P95HYFYGB3MGG0D2Q0BA/ROOT/bc9a1d37-dd2d-4d49-a29d-0c9be740bfaf.folder.xml, /custom/assets/bundles/01EZZ5P95HYFYGB3MGG0D2Q0BA/bundle.xml, /custom/assets/bundles/01EZZ5P95HYFYGB3MGG0D2Q0BA/d61a59e1-a49c-46f2-a929-db2b4bfa88b2.workflow.xml, /custom/assets/bundles/01EZZ5P95HYFYGB3MGG0D2Q0BA/live/System Host/1/2-content.6519c7f0-8a2a-49d4-901f-f59fe516e499.content.xml, /custom/assets/bundles/01EZZ5P95HYFYGB3MGG0D2Q0BA/live/System Host/1/3-content.aee675db-6afa-494d-b0f4-291eedb2a642.content.xml, /custom/assets/bundles/01EZZ5P95HYFYGB3MGG0D2Q0BA/live/System Host/1/82be8bb5-9fd4-4035-a493-e553d492a744.contentworkflow.xml, /custom/assets/bundles/01EZZ5P95HYFYGB3MGG0D2Q0BA/live/System Host/1/content.ff462f88-d9e1-4d31-b084-b73cb61976d3.host.xml, /custom/assets/bundles/01EZZ5P95HYFYGB3MGG0D2Q0BA/live/System Host/1/e82b425b-5cd8-420a-ac4f-0c0e41465bca.contentworkflow.xml, /custom/assets/bundles/01EZZ5P95HYFYGB3MGG0D2Q0BA/live/System Host/1/system host.host.xml, /custom/assets/bundles/01EZZ5P95HYFYGB3MGG0D2Q0BA/live/System Host/1614875724804properties, /custom/assets/bundles/01EZZ5P95HYFYGB3MGG0D2Q0BA/live/System Host/1614877867043properties, /custom/assets/bundles/01EZZ5P95HYFYGB3MGG0D2Q0BA/live/System Host/1properties, /custom/assets/bundles/01EZZ5P95HYFYGB3MGG0D2Q0BA/live/System Host/en_US.language.xml, /custom/assets/bundles/01EZZ5P95HYFYGB3MGG0D2Q0BA/live/System Host/qp_YQ.language.xml, /custom/assets/bundles/01EZZ5P95HYFYGB3MGG0D2Q0BA/live/System Host/y86uu_TESTCOUNTRYCODE1614875724804.language.xml, /custom/assets/bundles/01EZZ5P95HYFYGB3MGG0D2Q0BA/live/default/1614877867043/1-content.c67af8e9-9ab7-4522-aa3b-4fde70e0772c.content.xml, /custom/assets/bundles/01EZZ5P95HYFYGB3MGG0D2Q0BA/live/default/1614877867043/b9be4647-b762-46ba-ad74-484767ab1c3f.contentworkflow.xml, /custom/assets/bundles/01EZZ5P95HYFYGB3MGG0D2Q0BA/live/default/27614763-21ef-43d7-bc5a-226774e56204.rule.xml, /custom/assets/bundles/01EZZ5P95HYFYGB3MGG0D2Q0BA/working/System Host/1/0-content.aee675db-6afa-494d-b0f4-291eedb2a642.content.xml, /custom/assets/bundles/01EZZ5P95HYFYGB3MGG0D2Q0BA/working/System Host/1/82be8bb5-9fd4-4035-a493-e553d492a744.contentworkflow.xml, /custom/assets/bundles/01EZZ5P95HYFYGB3MGG0D2Q0BA/working/System Host/1/content.ff462f88-d9e1-4d31-b084-b73cb61976d3.host.xml, /custom/assets/bundles/01EZZ5P95HYFYGB3MGG0D2Q0BA/working/System Host/f4d7c1b8-2c88-4071-abf1-a5328977b07d.contentType.json]
difference [/custom/assets/bundles/01EZZ5P95HYFYGB3MGG0D2Q0BA/ROOT/bc9a1d37-dd2d-4d49-a29d-0c9be740bfaf.folder.xml, /custom/assets/bundles/01EZZ5P95HYFYGB3MGG0D2Q0BA/bundle.xml, /custom/assets/bundles/01EZZ5P95HYFYGB3MGG0D2Q0BA/live/System Host/1/system host.host.xml]

	at org.jgroups.util.Util.assertEquals(Util.java:185)
	at com.dotcms.publishing.PublisherAPIImplTest.publish(PublisherAPIImplTest.java:407)
	at sun.reflect.NativeMethodAccessorImpl.invoke0(Native Method)
	at sun.reflect.NativeMethodAccessorImpl.invoke(NativeMethodAccessorImpl.java:62)
	at sun.reflect.DelegatingMethodAccessorImpl.invoke(DelegatingMethodAccessorImpl.java:43)
	at java.lang.reflect.Method.invoke(Method.java:498)
	at org.junit.runners.model.FrameworkMethod$1.runReflectiveCall(FrameworkMethod.java:50)
	at org.junit.internal.runners.model.ReflectiveCallable.run(ReflectiveCallable.java:12)
	at org.junit.runners.model.FrameworkMethod.invokeExplosively(FrameworkMethod.java:47)
	at com.tngtech.java.junit.dataprovider.DataProviderFrameworkMethod.invokeExplosively(DataProviderFrameworkMethod.java:119)
	at org.junit.internal.runners.statements.InvokeMethod.evaluate(InvokeMethod.java:17)
	at org.junit.rules.TestWatcher$1.evaluate(TestWatcher.java:55)
	at org.junit.rules.RunRules.evaluate(RunRules.java:20)
	at org.junit.runners.ParentRunner.runLeaf(ParentRunner.java:325)
	at com.dotcms.junit.CustomDataProviderRunner.runChild(CustomDataProviderRunner.java:28)
	at com.dotcms.junit.CustomDataProviderRunner.runChild(CustomDataProviderRunner.java:13)
	at org.junit.runners.ParentRunner$3.run(ParentRunner.java:290)
	at org.junit.runners.ParentRunner$1.schedule(ParentRunner.java:71)
	at org.junit.runners.ParentRunner.runChildren(ParentRunner.java:288)
	at org.junit.runners.ParentRunner.access$000(ParentRunner.java:58)
	at org.junit.runners.ParentRunner$2.evaluate(ParentRunner.java:268)
	at org.junit.internal.runners.statements.RunBefores.evaluate(RunBefores.java:26)
	at org.junit.internal.runners.statements.RunAfters.evaluate(RunAfters.java:27)
	at org.junit.runners.ParentRunner.run(ParentRunner.java:363)
	at org.junit.runners.Suite.runChild(Suite.java:128)
	at org.junit.runners.Suite.runChild(Suite.java:27)
	at org.junit.runners.ParentRunner$3.run(ParentRunner.java:290)
	at org.junit.runners.ParentRunner$1.schedule(ParentRunner.java:71)
	at org.junit.runners.ParentRunner.runChildren(ParentRunner.java:288)
	at org.junit.runners.ParentRunner.access$000(ParentRunner.java:58)
	at org.junit.runners.ParentRunner$2.evaluate(ParentRunner.java:268)
	at org.junit.runners.ParentRunner.run(ParentRunner.java:363)
	at org.gradle.api.internal.tasks.testing.junit.JUnitTestClassExecutor.runTestClass(JUnitTestClassExecutor.java:106)
	at org.gradle.api.internal.tasks.testing.junit.JUnitTestClassExecutor.execute(JUnitTestClassExecutor.java:58)
	at org.gradle.api.internal.tasks.testing.junit.JUnitTestClassExecutor.execute(JUnitTestClassExecutor.java:38)
	at org.gradle.api.internal.tasks.testing.junit.AbstractJUnitTestClassProcessor.processTestClass(AbstractJUnitTestClassProcessor.java:66)
	at org.gradle.api.internal.tasks.testing.SuiteTestClassProcessor.processTestClass(SuiteTestClassProcessor.java:51)
	at sun.reflect.NativeMethodAccessorImpl.invoke0(Native Method)
	at sun.reflect.NativeMethodAccessorImpl.invoke(NativeMethodAccessorImpl.java:62)
	at sun.reflect.DelegatingMethodAccessorImpl.invoke(DelegatingMethodAccessorImpl.java:43)
	at java.lang.reflect.Method.invoke(Method.java:498)
	at org.gradle.internal.dispatch.ReflectionDispatch.dispatch(ReflectionDispatch.java:35)
	at org.gradle.internal.dispatch.ReflectionDispatch.dispatch(ReflectionDispatch.java:24)
	at org.gradle.internal.dispatch.ContextClassLoaderDispatch.dispatch(ContextClassLoaderDispatch.java:32)
	at org.gradle.internal.dispatch.ProxyDispatchAdapter$DispatchingInvocationHandler.invoke(ProxyDispatchAdapter.java:93)
	at com.sun.proxy.$Proxy2.processTestClass(Unknown Source)
	at org.gradle.api.internal.tasks.testing.worker.TestWorker.processTestClass(TestWorker.java:117)
	at sun.reflect.NativeMethodAccessorImpl.invoke0(Native Method)
	at sun.reflect.NativeMethodAccessorImpl.invoke(NativeMethodAccessorImpl.java:62)
	at sun.reflect.DelegatingMethodAccessorImpl.invoke(DelegatingMethodAccessorImpl.java:43)
	at java.lang.reflect.Method.invoke(Method.java:498)
	at org.gradle.internal.dispatch.ReflectionDispatch.dispatch(ReflectionDispatch.java:35)
	at org.gradle.internal.dispatch.ReflectionDispatch.dispatch(ReflectionDispatch.java:24)
	at org.gradle.internal.remote.internal.hub.MessageHubBackedObjectConnection$DispatchWrapper.dispatch(MessageHubBackedObjectConnection.java:155)
	at org.gradle.internal.remote.internal.hub.MessageHubBackedObjectConnection$DispatchWrapper.dispatch(MessageHubBackedObjectConnection.java:137)
	at org.gradle.internal.remote.internal.hub.MessageHub$Handler.run(MessageHub.java:404)
	at org.gradle.internal.concurrent.ExecutorPolicy$CatchAndRecordFailures.onExecute(ExecutorPolicy.java:63)
	at org.gradle.internal.concurrent.ManagedExecutorImpl$1.run(ManagedExecutorImpl.java:46)
	at java.util.concurrent.ThreadPoolExecutor.runWorker(ThreadPoolExecutor.java:1149)
	at java.util.concurrent.ThreadPoolExecutor$Worker.run(ThreadPoolExecutor.java:624)
	at org.gradle.internal.concurrent.ThreadFactoryImpl$ManagedThreadRunnable.run(ThreadFactoryImpl.java:55)
	at java.lang.Thread.run(Thread.java:748)
</pre>
</span>
</div>
<div class="test">
<a name="publish[8: com.dotcms.publishing.PublisherAPIImplTest$TestCase@bce19fb]"></a>
<h3 class="failures">publish[8: com.dotcms.publishing.PublisherAPIImplTest$TestCase@bce19fb]</h3>
<span class="code">
<pre>java.lang.AssertionError: Expected 5 but get 6 in /custom/assets/bundles/01EZZ5P98M4C79VCM3PQQM88D6
Expected [/custom/assets/bundles/01EZZ5P98M4C79VCM3PQQM88D6/live/System Host/1/content.ff462f88-d9e1-4d31-b084-b73cb61976d3.host.xml, /custom/assets/bundles/01EZZ5P98M4C79VCM3PQQM88D6/live/test1614875724809.dotcms.com/b8fdaf9a-6c9c-40c3-bafb-e2ccd3c4f7ce.rule.xml, /custom/assets/bundles/01EZZ5P98M4C79VCM3PQQM88D6/live/default/27614763-21ef-43d7-bc5a-226774e56204.rule.xml, /custom/assets/bundles/01EZZ5P98M4C79VCM3PQQM88D6/working/System Host/1/content.ff462f88-d9e1-4d31-b084-b73cb61976d3.host.xml]
Existing [/custom/assets/bundles/01EZZ5P98M4C79VCM3PQQM88D6/bundle.xml, /custom/assets/bundles/01EZZ5P98M4C79VCM3PQQM88D6/live/System Host/1/content.ff462f88-d9e1-4d31-b084-b73cb61976d3.host.xml, /custom/assets/bundles/01EZZ5P98M4C79VCM3PQQM88D6/live/System Host/1/system host.host.xml, /custom/assets/bundles/01EZZ5P98M4C79VCM3PQQM88D6/live/default/27614763-21ef-43d7-bc5a-226774e56204.rule.xml, /custom/assets/bundles/01EZZ5P98M4C79VCM3PQQM88D6/live/test1614875724809.dotcms.com/b8fdaf9a-6c9c-40c3-bafb-e2ccd3c4f7ce.rule.xml, /custom/assets/bundles/01EZZ5P98M4C79VCM3PQQM88D6/working/System Host/1/content.ff462f88-d9e1-4d31-b084-b73cb61976d3.host.xml]
difference [/custom/assets/bundles/01EZZ5P98M4C79VCM3PQQM88D6/bundle.xml, /custom/assets/bundles/01EZZ5P98M4C79VCM3PQQM88D6/live/System Host/1/system host.host.xml]

	at org.jgroups.util.Util.assertEquals(Util.java:185)
	at com.dotcms.publishing.PublisherAPIImplTest.publish(PublisherAPIImplTest.java:407)
	at sun.reflect.NativeMethodAccessorImpl.invoke0(Native Method)
	at sun.reflect.NativeMethodAccessorImpl.invoke(NativeMethodAccessorImpl.java:62)
	at sun.reflect.DelegatingMethodAccessorImpl.invoke(DelegatingMethodAccessorImpl.java:43)
	at java.lang.reflect.Method.invoke(Method.java:498)
	at org.junit.runners.model.FrameworkMethod$1.runReflectiveCall(FrameworkMethod.java:50)
	at org.junit.internal.runners.model.ReflectiveCallable.run(ReflectiveCallable.java:12)
	at org.junit.runners.model.FrameworkMethod.invokeExplosively(FrameworkMethod.java:47)
	at com.tngtech.java.junit.dataprovider.DataProviderFrameworkMethod.invokeExplosively(DataProviderFrameworkMethod.java:119)
	at org.junit.internal.runners.statements.InvokeMethod.evaluate(InvokeMethod.java:17)
	at org.junit.rules.TestWatcher$1.evaluate(TestWatcher.java:55)
	at org.junit.rules.RunRules.evaluate(RunRules.java:20)
	at org.junit.runners.ParentRunner.runLeaf(ParentRunner.java:325)
	at com.dotcms.junit.CustomDataProviderRunner.runChild(CustomDataProviderRunner.java:28)
	at com.dotcms.junit.CustomDataProviderRunner.runChild(CustomDataProviderRunner.java:13)
	at org.junit.runners.ParentRunner$3.run(ParentRunner.java:290)
	at org.junit.runners.ParentRunner$1.schedule(ParentRunner.java:71)
	at org.junit.runners.ParentRunner.runChildren(ParentRunner.java:288)
	at org.junit.runners.ParentRunner.access$000(ParentRunner.java:58)
	at org.junit.runners.ParentRunner$2.evaluate(ParentRunner.java:268)
	at org.junit.internal.runners.statements.RunBefores.evaluate(RunBefores.java:26)
	at org.junit.internal.runners.statements.RunAfters.evaluate(RunAfters.java:27)
	at org.junit.runners.ParentRunner.run(ParentRunner.java:363)
	at org.junit.runners.Suite.runChild(Suite.java:128)
	at org.junit.runners.Suite.runChild(Suite.java:27)
	at org.junit.runners.ParentRunner$3.run(ParentRunner.java:290)
	at org.junit.runners.ParentRunner$1.schedule(ParentRunner.java:71)
	at org.junit.runners.ParentRunner.runChildren(ParentRunner.java:288)
	at org.junit.runners.ParentRunner.access$000(ParentRunner.java:58)
	at org.junit.runners.ParentRunner$2.evaluate(ParentRunner.java:268)
	at org.junit.runners.ParentRunner.run(ParentRunner.java:363)
	at org.gradle.api.internal.tasks.testing.junit.JUnitTestClassExecutor.runTestClass(JUnitTestClassExecutor.java:106)
	at org.gradle.api.internal.tasks.testing.junit.JUnitTestClassExecutor.execute(JUnitTestClassExecutor.java:58)
	at org.gradle.api.internal.tasks.testing.junit.JUnitTestClassExecutor.execute(JUnitTestClassExecutor.java:38)
	at org.gradle.api.internal.tasks.testing.junit.AbstractJUnitTestClassProcessor.processTestClass(AbstractJUnitTestClassProcessor.java:66)
	at org.gradle.api.internal.tasks.testing.SuiteTestClassProcessor.processTestClass(SuiteTestClassProcessor.java:51)
	at sun.reflect.NativeMethodAccessorImpl.invoke0(Native Method)
	at sun.reflect.NativeMethodAccessorImpl.invoke(NativeMethodAccessorImpl.java:62)
	at sun.reflect.DelegatingMethodAccessorImpl.invoke(DelegatingMethodAccessorImpl.java:43)
	at java.lang.reflect.Method.invoke(Method.java:498)
	at org.gradle.internal.dispatch.ReflectionDispatch.dispatch(ReflectionDispatch.java:35)
	at org.gradle.internal.dispatch.ReflectionDispatch.dispatch(ReflectionDispatch.java:24)
	at org.gradle.internal.dispatch.ContextClassLoaderDispatch.dispatch(ContextClassLoaderDispatch.java:32)
	at org.gradle.internal.dispatch.ProxyDispatchAdapter$DispatchingInvocationHandler.invoke(ProxyDispatchAdapter.java:93)
	at com.sun.proxy.$Proxy2.processTestClass(Unknown Source)
	at org.gradle.api.internal.tasks.testing.worker.TestWorker.processTestClass(TestWorker.java:117)
	at sun.reflect.NativeMethodAccessorImpl.invoke0(Native Method)
	at sun.reflect.NativeMethodAccessorImpl.invoke(NativeMethodAccessorImpl.java:62)
	at sun.reflect.DelegatingMethodAccessorImpl.invoke(DelegatingMethodAccessorImpl.java:43)
	at java.lang.reflect.Method.invoke(Method.java:498)
	at org.gradle.internal.dispatch.ReflectionDispatch.dispatch(ReflectionDispatch.java:35)
	at org.gradle.internal.dispatch.ReflectionDispatch.dispatch(ReflectionDispatch.java:24)
	at org.gradle.internal.remote.internal.hub.MessageHubBackedObjectConnection$DispatchWrapper.dispatch(MessageHubBackedObjectConnection.java:155)
	at org.gradle.internal.remote.internal.hub.MessageHubBackedObjectConnection$DispatchWrapper.dispatch(MessageHubBackedObjectConnection.java:137)
	at org.gradle.internal.remote.internal.hub.MessageHub$Handler.run(MessageHub.java:404)
	at org.gradle.internal.concurrent.ExecutorPolicy$CatchAndRecordFailures.onExecute(ExecutorPolicy.java:63)
	at org.gradle.internal.concurrent.ManagedExecutorImpl$1.run(ManagedExecutorImpl.java:46)
	at java.util.concurrent.ThreadPoolExecutor.runWorker(ThreadPoolExecutor.java:1149)
	at java.util.concurrent.ThreadPoolExecutor$Worker.run(ThreadPoolExecutor.java:624)
	at org.gradle.internal.concurrent.ThreadFactoryImpl$ManagedThreadRunnable.run(ThreadFactoryImpl.java:55)
	at java.lang.Thread.run(Thread.java:748)
</pre>
</span>
</div>
<div class="test">
<a name="publish[9: com.dotcms.publishing.PublisherAPIImplTest$TestCase@1dcd04a6]"></a>
<h3 class="failures">publish[9: com.dotcms.publishing.PublisherAPIImplTest$TestCase@1dcd04a6]</h3>
<span class="code">
<pre>java.lang.AssertionError: Expected 24 but get 26 in /custom/assets/bundles/01EZZ5P9A1T19PZX09JVH9GKT0
Expected [/custom/assets/bundles/01EZZ5P9A1T19PZX09JVH9GKT0/working/System Host/5c8cb632-8f98-4a50-aafe-a7c1d3b199e4.category.dpc.xml, /custom/assets/bundles/01EZZ5P9A1T19PZX09JVH9GKT0/live/System Host/1/content.ff462f88-d9e1-4d31-b084-b73cb61976d3.host.xml, /custom/assets/bundles/01EZZ5P9A1T19PZX09JVH9GKT0/live/System Host/1/2-content.6519c7f0-8a2a-49d4-901f-f59fe516e499.content.xml, /custom/assets/bundles/01EZZ5P9A1T19PZX09JVH9GKT0/live/default/1614877867043/1-content.c67af8e9-9ab7-4522-aa3b-4fde70e0772c.content.xml, /custom/assets/bundles/01EZZ5P9A1T19PZX09JVH9GKT0/live/System Host/en_US.language.xml, /custom/assets/bundles/01EZZ5P9A1T19PZX09JVH9GKT0/live/System Host/1/82be8bb5-9fd4-4035-a493-e553d492a744.contentworkflow.xml, /custom/assets/bundles/01EZZ5P9A1T19PZX09JVH9GKT0/live/System Host/1/3-content.aee675db-6afa-494d-b0f4-291eedb2a642.content.xml, /custom/assets/bundles/01EZZ5P9A1T19PZX09JVH9GKT0/working/test1614875718784.dotcms.com/990e23b4-1b64-47fa-b2fc-5ed6994e1081.contentType.json, /custom/assets/bundles/01EZZ5P9A1T19PZX09JVH9GKT0/live/System Host/1/content.4a57720b-021e-436d-a1f4-fe5b993979b2.host.xml, /custom/assets/bundles/01EZZ5P9A1T19PZX09JVH9GKT0/live/System Host/1614877867043properties, /custom/assets/bundles/01EZZ5P9A1T19PZX09JVH9GKT0/live/default/27614763-21ef-43d7-bc5a-226774e56204.rule.xml, /custom/assets/bundles/01EZZ5P9A1T19PZX09JVH9GKT0/working/test1614875718784.dotcms.com/b724c117-9b5f-4f03-9cc0-832f58b611ba.contentType.json, /custom/assets/bundles/01EZZ5P9A1T19PZX09JVH9GKT0/live/default/1614877867043/b9be4647-b762-46ba-ad74-484767ab1c3f.contentworkflow.xml, /custom/assets/bundles/01EZZ5P9A1T19PZX09JVH9GKT0/live/System Host/1/e82b425b-5cd8-420a-ac4f-0c0e41465bca.contentworkflow.xml, /custom/assets/bundles/01EZZ5P9A1T19PZX09JVH9GKT0/live/System Host/1properties, /custom/assets/bundles/01EZZ5P9A1T19PZX09JVH9GKT0/working/test1614875718784.dotcms.com/35c04e3c-01ec-4e0a-be4a-3ec904a444c2.relationship.xml, /custom/assets/bundles/01EZZ5P9A1T19PZX09JVH9GKT0/live/System Host/qp_YQ.language.xml, /custom/assets/bundles/01EZZ5P9A1T19PZX09JVH9GKT0/working/System Host/1/content.ff462f88-d9e1-4d31-b084-b73cb61976d3.host.xml, /custom/assets/bundles/01EZZ5P9A1T19PZX09JVH9GKT0/working/System Host/f4d7c1b8-2c88-4071-abf1-a5328977b07d.contentType.json, /custom/assets/bundles/01EZZ5P9A1T19PZX09JVH9GKT0/d61a59e1-a49c-46f2-a929-db2b4bfa88b2.workflow.xml, /custom/assets/bundles/01EZZ5P9A1T19PZX09JVH9GKT0/89a18909-5b1f-4b4c-b6b2-8730328d4d0b.workflow.xml, /custom/assets/bundles/01EZZ5P9A1T19PZX09JVH9GKT0/working/System Host/1/0-content.aee675db-6afa-494d-b0f4-291eedb2a642.content.xml, /custom/assets/bundles/01EZZ5P9A1T19PZX09JVH9GKT0/working/System Host/1/82be8bb5-9fd4-4035-a493-e553d492a744.contentworkflow.xml]
Existing [/custom/assets/bundles/01EZZ5P9A1T19PZX09JVH9GKT0/89a18909-5b1f-4b4c-b6b2-8730328d4d0b.workflow.xml, /custom/assets/bundles/01EZZ5P9A1T19PZX09JVH9GKT0/ROOT/bc9a1d37-dd2d-4d49-a29d-0c9be740bfaf.folder.xml, /custom/assets/bundles/01EZZ5P9A1T19PZX09JVH9GKT0/bundle.xml, /custom/assets/bundles/01EZZ5P9A1T19PZX09JVH9GKT0/d61a59e1-a49c-46f2-a929-db2b4bfa88b2.workflow.xml, /custom/assets/bundles/01EZZ5P9A1T19PZX09JVH9GKT0/live/System Host/1/2-content.6519c7f0-8a2a-49d4-901f-f59fe516e499.content.xml, /custom/assets/bundles/01EZZ5P9A1T19PZX09JVH9GKT0/live/System Host/1/3-content.aee675db-6afa-494d-b0f4-291eedb2a642.content.xml, /custom/assets/bundles/01EZZ5P9A1T19PZX09JVH9GKT0/live/System Host/1/82be8bb5-9fd4-4035-a493-e553d492a744.contentworkflow.xml, /custom/assets/bundles/01EZZ5P9A1T19PZX09JVH9GKT0/live/System Host/1/content.4a57720b-021e-436d-a1f4-fe5b993979b2.host.xml, /custom/assets/bundles/01EZZ5P9A1T19PZX09JVH9GKT0/live/System Host/1/content.ff462f88-d9e1-4d31-b084-b73cb61976d3.host.xml, /custom/assets/bundles/01EZZ5P9A1T19PZX09JVH9GKT0/live/System Host/1/e82b425b-5cd8-420a-ac4f-0c0e41465bca.contentworkflow.xml, /custom/assets/bundles/01EZZ5P9A1T19PZX09JVH9GKT0/live/System Host/1/system host.host.xml, /custom/assets/bundles/01EZZ5P9A1T19PZX09JVH9GKT0/live/System Host/1614877867043properties, /custom/assets/bundles/01EZZ5P9A1T19PZX09JVH9GKT0/live/System Host/1properties, /custom/assets/bundles/01EZZ5P9A1T19PZX09JVH9GKT0/live/System Host/en_US.language.xml, /custom/assets/bundles/01EZZ5P9A1T19PZX09JVH9GKT0/live/System Host/qp_YQ.language.xml, /custom/assets/bundles/01EZZ5P9A1T19PZX09JVH9GKT0/live/default/1614877867043/1-content.c67af8e9-9ab7-4522-aa3b-4fde70e0772c.content.xml, /custom/assets/bundles/01EZZ5P9A1T19PZX09JVH9GKT0/live/default/1614877867043/b9be4647-b762-46ba-ad74-484767ab1c3f.contentworkflow.xml, /custom/assets/bundles/01EZZ5P9A1T19PZX09JVH9GKT0/live/default/27614763-21ef-43d7-bc5a-226774e56204.rule.xml, /custom/assets/bundles/01EZZ5P9A1T19PZX09JVH9GKT0/working/System Host/1/0-content.aee675db-6afa-494d-b0f4-291eedb2a642.content.xml, /custom/assets/bundles/01EZZ5P9A1T19PZX09JVH9GKT0/working/System Host/1/82be8bb5-9fd4-4035-a493-e553d492a744.contentworkflow.xml, /custom/assets/bundles/01EZZ5P9A1T19PZX09JVH9GKT0/working/System Host/1/content.ff462f88-d9e1-4d31-b084-b73cb61976d3.host.xml, /custom/assets/bundles/01EZZ5P9A1T19PZX09JVH9GKT0/working/System Host/5c8cb632-8f98-4a50-aafe-a7c1d3b199e4.category.dpc.xml, /custom/assets/bundles/01EZZ5P9A1T19PZX09JVH9GKT0/working/System Host/f4d7c1b8-2c88-4071-abf1-a5328977b07d.contentType.json, /custom/assets/bundles/01EZZ5P9A1T19PZX09JVH9GKT0/working/test1614875718784.dotcms.com/35c04e3c-01ec-4e0a-be4a-3ec904a444c2.relationship.xml, /custom/assets/bundles/01EZZ5P9A1T19PZX09JVH9GKT0/working/test1614875718784.dotcms.com/990e23b4-1b64-47fa-b2fc-5ed6994e1081.contentType.json, /custom/assets/bundles/01EZZ5P9A1T19PZX09JVH9GKT0/working/test1614875718784.dotcms.com/b724c117-9b5f-4f03-9cc0-832f58b611ba.contentType.json]
difference [/custom/assets/bundles/01EZZ5P9A1T19PZX09JVH9GKT0/ROOT/bc9a1d37-dd2d-4d49-a29d-0c9be740bfaf.folder.xml, /custom/assets/bundles/01EZZ5P9A1T19PZX09JVH9GKT0/bundle.xml, /custom/assets/bundles/01EZZ5P9A1T19PZX09JVH9GKT0/live/System Host/1/system host.host.xml]

	at org.jgroups.util.Util.assertEquals(Util.java:185)
	at com.dotcms.publishing.PublisherAPIImplTest.publish(PublisherAPIImplTest.java:407)
	at sun.reflect.NativeMethodAccessorImpl.invoke0(Native Method)
	at sun.reflect.NativeMethodAccessorImpl.invoke(NativeMethodAccessorImpl.java:62)
	at sun.reflect.DelegatingMethodAccessorImpl.invoke(DelegatingMethodAccessorImpl.java:43)
	at java.lang.reflect.Method.invoke(Method.java:498)
	at org.junit.runners.model.FrameworkMethod$1.runReflectiveCall(FrameworkMethod.java:50)
	at org.junit.internal.runners.model.ReflectiveCallable.run(ReflectiveCallable.java:12)
	at org.junit.runners.model.FrameworkMethod.invokeExplosively(FrameworkMethod.java:47)
	at com.tngtech.java.junit.dataprovider.DataProviderFrameworkMethod.invokeExplosively(DataProviderFrameworkMethod.java:119)
	at org.junit.internal.runners.statements.InvokeMethod.evaluate(InvokeMethod.java:17)
	at org.junit.rules.TestWatcher$1.evaluate(TestWatcher.java:55)
	at org.junit.rules.RunRules.evaluate(RunRules.java:20)
	at org.junit.runners.ParentRunner.runLeaf(ParentRunner.java:325)
	at com.dotcms.junit.CustomDataProviderRunner.runChild(CustomDataProviderRunner.java:28)
	at com.dotcms.junit.CustomDataProviderRunner.runChild(CustomDataProviderRunner.java:13)
	at org.junit.runners.ParentRunner$3.run(ParentRunner.java:290)
	at org.junit.runners.ParentRunner$1.schedule(ParentRunner.java:71)
	at org.junit.runners.ParentRunner.runChildren(ParentRunner.java:288)
	at org.junit.runners.ParentRunner.access$000(ParentRunner.java:58)
	at org.junit.runners.ParentRunner$2.evaluate(ParentRunner.java:268)
	at org.junit.internal.runners.statements.RunBefores.evaluate(RunBefores.java:26)
	at org.junit.internal.runners.statements.RunAfters.evaluate(RunAfters.java:27)
	at org.junit.runners.ParentRunner.run(ParentRunner.java:363)
	at org.junit.runners.Suite.runChild(Suite.java:128)
	at org.junit.runners.Suite.runChild(Suite.java:27)
	at org.junit.runners.ParentRunner$3.run(ParentRunner.java:290)
	at org.junit.runners.ParentRunner$1.schedule(ParentRunner.java:71)
	at org.junit.runners.ParentRunner.runChildren(ParentRunner.java:288)
	at org.junit.runners.ParentRunner.access$000(ParentRunner.java:58)
	at org.junit.runners.ParentRunner$2.evaluate(ParentRunner.java:268)
	at org.junit.runners.ParentRunner.run(ParentRunner.java:363)
	at org.gradle.api.internal.tasks.testing.junit.JUnitTestClassExecutor.runTestClass(JUnitTestClassExecutor.java:106)
	at org.gradle.api.internal.tasks.testing.junit.JUnitTestClassExecutor.execute(JUnitTestClassExecutor.java:58)
	at org.gradle.api.internal.tasks.testing.junit.JUnitTestClassExecutor.execute(JUnitTestClassExecutor.java:38)
	at org.gradle.api.internal.tasks.testing.junit.AbstractJUnitTestClassProcessor.processTestClass(AbstractJUnitTestClassProcessor.java:66)
	at org.gradle.api.internal.tasks.testing.SuiteTestClassProcessor.processTestClass(SuiteTestClassProcessor.java:51)
	at sun.reflect.NativeMethodAccessorImpl.invoke0(Native Method)
	at sun.reflect.NativeMethodAccessorImpl.invoke(NativeMethodAccessorImpl.java:62)
	at sun.reflect.DelegatingMethodAccessorImpl.invoke(DelegatingMethodAccessorImpl.java:43)
	at java.lang.reflect.Method.invoke(Method.java:498)
	at org.gradle.internal.dispatch.ReflectionDispatch.dispatch(ReflectionDispatch.java:35)
	at org.gradle.internal.dispatch.ReflectionDispatch.dispatch(ReflectionDispatch.java:24)
	at org.gradle.internal.dispatch.ContextClassLoaderDispatch.dispatch(ContextClassLoaderDispatch.java:32)
	at org.gradle.internal.dispatch.ProxyDispatchAdapter$DispatchingInvocationHandler.invoke(ProxyDispatchAdapter.java:93)
	at com.sun.proxy.$Proxy2.processTestClass(Unknown Source)
	at org.gradle.api.internal.tasks.testing.worker.TestWorker.processTestClass(TestWorker.java:117)
	at sun.reflect.NativeMethodAccessorImpl.invoke0(Native Method)
	at sun.reflect.NativeMethodAccessorImpl.invoke(NativeMethodAccessorImpl.java:62)
	at sun.reflect.DelegatingMethodAccessorImpl.invoke(DelegatingMethodAccessorImpl.java:43)
	at java.lang.reflect.Method.invoke(Method.java:498)
	at org.gradle.internal.dispatch.ReflectionDispatch.dispatch(ReflectionDispatch.java:35)
	at org.gradle.internal.dispatch.ReflectionDispatch.dispatch(ReflectionDispatch.java:24)
	at org.gradle.internal.remote.internal.hub.MessageHubBackedObjectConnection$DispatchWrapper.dispatch(MessageHubBackedObjectConnection.java:155)
	at org.gradle.internal.remote.internal.hub.MessageHubBackedObjectConnection$DispatchWrapper.dispatch(MessageHubBackedObjectConnection.java:137)
	at org.gradle.internal.remote.internal.hub.MessageHub$Handler.run(MessageHub.java:404)
	at org.gradle.internal.concurrent.ExecutorPolicy$CatchAndRecordFailures.onExecute(ExecutorPolicy.java:63)
	at org.gradle.internal.concurrent.ManagedExecutorImpl$1.run(ManagedExecutorImpl.java:46)
	at java.util.concurrent.ThreadPoolExecutor.runWorker(ThreadPoolExecutor.java:1149)
	at java.util.concurrent.ThreadPoolExecutor$Worker.run(ThreadPoolExecutor.java:624)
	at org.gradle.internal.concurrent.ThreadFactoryImpl$ManagedThreadRunnable.run(ThreadFactoryImpl.java:55)
	at java.lang.Thread.run(Thread.java:748)
</pre>
</span>
</div>
</div>
<div id="tab1" class="tab">
<h2>Tests</h2>
<table>
<thead>
<tr>
<th>Test</th>
<th>Duration</th>
<th>Result</th>
</tr>
</thead>
<tr>
<td class="failures">publish[0: com.dotcms.publishing.PublisherAPIImplTest$TestCase@9c95e5d]</td>
<td class="failures">0.228s</td>
<td class="failures">failed</td>
</tr>
<tr>
<td class="failures">publish[10: com.dotcms.publishing.PublisherAPIImplTest$TestCase@75f2654d]</td>
<td class="failures">0.077s</td>
<td class="failures">failed</td>
</tr>
<tr>
<td class="failures">publish[11: com.dotcms.publishing.PublisherAPIImplTest$TestCase@6a7d5d15]</td>
<td class="failures">0.069s</td>
<td class="failures">failed</td>
</tr>
<tr>
<td class="failures">publish[12: com.dotcms.publishing.PublisherAPIImplTest$TestCase@11078060]</td>
<td class="failures">0.109s</td>
<td class="failures">failed</td>
</tr>
<tr>
<td class="failures">publish[13: com.dotcms.publishing.PublisherAPIImplTest$TestCase@641a4ed2]</td>
<td class="failures">0.135s</td>
<td class="failures">failed</td>
</tr>
<tr>
<td class="failures">publish[14: com.dotcms.publishing.PublisherAPIImplTest$TestCase@2a49711]</td>
<td class="failures">0.075s</td>
<td class="failures">failed</td>
</tr>
<tr>
<td class="failures">publish[15: com.dotcms.publishing.PublisherAPIImplTest$TestCase@231f7a5]</td>
<td class="failures">0.111s</td>
<td class="failures">failed</td>
</tr>
<tr>
<td class="failures">publish[16: com.dotcms.publishing.PublisherAPIImplTest$TestCase@2f987303]</td>
<td class="failures">0.068s</td>
<td class="failures">failed</td>
</tr>
<tr>
<td class="failures">publish[17: com.dotcms.publishing.PublisherAPIImplTest$TestCase@1942d4fc]</td>
<td class="failures">0.040s</td>
<td class="failures">failed</td>
</tr>
<tr>
<td class="failures">publish[1: com.dotcms.publishing.PublisherAPIImplTest$TestCase@2a8b46f1]</td>
<td class="failures">0.130s</td>
<td class="failures">failed</td>
</tr>
<tr>
<td class="failures">publish[2: com.dotcms.publishing.PublisherAPIImplTest$TestCase@4802bf66]</td>
<td class="failures">0.109s</td>
<td class="failures">failed</td>
</tr>
<tr>
<td class="failures">publish[3: com.dotcms.publishing.PublisherAPIImplTest$TestCase@62ac1616]</td>
<td class="failures">0.249s</td>
<td class="failures">failed</td>
</tr>
<tr>
<td class="failures">publish[4: com.dotcms.publishing.PublisherAPIImplTest$TestCase@21d487a8]</td>
<td class="failures">0.188s</td>
<td class="failures">failed</td>
</tr>
<tr>
<td class="failures">publish[5: com.dotcms.publishing.PublisherAPIImplTest$TestCase@5198e1ad]</td>
<td class="failures">0.119s</td>
<td class="failures">failed</td>
</tr>
<tr>
<td class="failures">publish[6: com.dotcms.publishing.PublisherAPIImplTest$TestCase@cbc9d77]</td>
<td class="failures">0.126s</td>
<td class="failures">failed</td>
</tr>
<tr>
<td class="failures">publish[7: com.dotcms.publishing.PublisherAPIImplTest$TestCase@e223650]</td>
<td class="failures">0.098s</td>
<td class="failures">failed</td>
</tr>
<tr>
<td class="failures">publish[8: com.dotcms.publishing.PublisherAPIImplTest$TestCase@bce19fb]</td>
<td class="failures">0.045s</td>
<td class="failures">failed</td>
</tr>
<tr>
<td class="failures">publish[9: com.dotcms.publishing.PublisherAPIImplTest$TestCase@1dcd04a6]</td>
<td class="failures">0.079s</td>
<td class="failures">failed</td>
</tr>
</table>
</div>
<div id="tab2" class="tab">
<h2>Standard output</h2>
<span class="code">
<pre>

















</pre>
</span>
</div>
</div>
<div id="footer">
<p>
<div>
<label class="hidden" id="label-for-line-wrapping-toggle" for="line-wrapping-toggle">Wrap lines
<input id="line-wrapping-toggle" type="checkbox" autocomplete="off"/>
</label>
</div>Generated by 
<a href="http://www.gradle.org">Gradle 4.10.2</a> at Mar 4, 2021 5:48:43 PM</p>
</div>
</div>
</body>
</html>
