<!DOCTYPE html>
<html>
<head>
<meta http-equiv="Content-Type" content="text/html; charset=utf-8"/>
<meta http-equiv="x-ua-compatible" content="IE=edge"/>
<title>Test results - Class com.dotcms.publishing.PublisherAPIImplTest</title>
<link href="../css/base-style.css" rel="stylesheet" type="text/css"/>
<link href="../css/style.css" rel="stylesheet" type="text/css"/>
<script src="../js/report.js" type="text/javascript"></script>
</head>
<body>
<div id="content">
<h1>Class com.dotcms.publishing.PublisherAPIImplTest</h1>
<div class="breadcrumbs">
<a href="../index.html">all</a> &gt; 
<a href="../packages/com.dotcms.publishing.html">com.dotcms.publishing</a> &gt; PublisherAPIImplTest</div>
<div id="summary">
<table>
<tr>
<td>
<div class="summaryGroup">
<table>
<tr>
<td>
<div class="infoBox" id="tests">
<div class="counter">18</div>
<p>tests</p>
</div>
</td>
<td>
<div class="infoBox" id="failures">
<div class="counter">12</div>
<p>failures</p>
</div>
</td>
<td>
<div class="infoBox" id="ignored">
<div class="counter">0</div>
<p>ignored</p>
</div>
</td>
<td>
<div class="infoBox" id="duration">
<div class="counter">1.806s</div>
<p>duration</p>
</div>
</td>
</tr>
</table>
</div>
</td>
<td>
<div class="infoBox failures" id="successRate">
<div class="percent">33%</div>
<p>successful</p>
</div>
</td>
</tr>
</table>
</div>
<div id="tabs">
<ul class="tabLinks">
<li>
<a href="#tab0">Failed tests</a>
</li>
<li>
<a href="#tab1">Tests</a>
</li>
<li>
<a href="#tab2">Standard output</a>
</li>
</ul>
<div id="tab0" class="tab">
<h2>Failed tests</h2>
<div class="test">
<a name="publish[0: com.dotcms.publishing.PublisherAPIImplTest$TestCase@512ced1f]"></a>
<h3 class="failures">publish[0: com.dotcms.publishing.PublisherAPIImplTest$TestCase@512ced1f]</h3>
<span class="code">
<pre>java.lang.AssertionError: Fail for Category:
Asset -&gt; com.dotmarketing.portlets.categories.model.Category@62716fc3[categoryName=CategoryName1614031166134,description=&lt;null&gt;,key=CategoryKey1614031166134,sortOrder=1,active=true,keywords=&lt;null&gt;,categoryVelocityVarName=VelocityVarName1614031166134] 
difference -&gt; inode&gt;72895dfc-e2a5-40a0-9119-3d94edd00409&lt;/inode&gt;&lt;categoryName&gt;CategoryName1614031166134&lt;/categoryName&gt;&lt;key&gt;CategoryKey1614031166134&lt;/key&gt;&lt;sortOrder&gt;1&lt;/sortOrder&gt;&lt;active&gt;true&lt;/active&gt;&lt;categoryVelocityVarName&gt;VelocityVarName1614031166134&lt;/categoryVelocityVarName&gt;&lt;/category&gt;&lt;children/&gt;&lt;operation&gt;PUBLISH&lt;/operation&gt;&lt;/com.dotcms.publisher.pusher.wrapper.CategoryWrapper&gt;
expected -&gt; &lt;com.dotcms.publisher.pusher.wrapper.CategoryWrapper&gt;&lt;topLevel&gt;true&lt;/topLevel&gt;&lt;category&gt;&lt;type&gt;category&lt;/type&gt;&lt;owner&gt;&lt;/owner&gt;&lt;inode&gt;72895dfc-e2a5-40a0-9119-3d94edd00409&lt;/inode&gt;&lt;categoryName&gt;CategoryName1614031166134&lt;/categoryName&gt;&lt;key&gt;CategoryKey1614031166134&lt;/key&gt;&lt;sortOrder&gt;1&lt;/sortOrder&gt;&lt;active&gt;true&lt;/active&gt;&lt;categoryVelocityVarName&gt;VelocityVarName1614031166134&lt;/categoryVelocityVarName&gt;&lt;/category&gt;&lt;children/&gt;&lt;operation&gt;PUBLISH&lt;/operation&gt;&lt;/com.dotcms.publisher.pusher.wrapper.CategoryWrapper&gt;
real -&gt; &lt;com.dotcms.publisher.pusher.wrapper.CategoryWrapper&gt;&lt;topLevel&gt;true&lt;/topLevel&gt;&lt;category&gt;&lt;type&gt;category&lt;/type&gt;&lt;inode&gt;72895dfc-e2a5-40a0-9119-3d94edd00409&lt;/inode&gt;&lt;categoryName&gt;CategoryName1614031166134&lt;/categoryName&gt;&lt;key&gt;CategoryKey1614031166134&lt;/key&gt;&lt;sortOrder&gt;1&lt;/sortOrder&gt;&lt;active&gt;true&lt;/active&gt;&lt;categoryVelocityVarName&gt;VelocityVarName1614031166134&lt;/categoryVelocityVarName&gt;&lt;/category&gt;&lt;children/&gt;&lt;operation&gt;PUBLISH&lt;/operation&gt;&lt;/com.dotcms.publisher.pusher.wrapper.CategoryWrapper&gt;

	at org.jgroups.util.Util.assertEquals(Util.java:185)
	at com.dotcms.test.util.FileTestUtil.assertBundleFile(FileTestUtil.java:254)
	at com.dotcms.test.util.FileTestUtil.assertBundleFile(FileTestUtil.java:151)
	at com.dotcms.publishing.PublisherAPIImplTest.publish(PublisherAPIImplTest.java:383)
	at sun.reflect.NativeMethodAccessorImpl.invoke0(Native Method)
	at sun.reflect.NativeMethodAccessorImpl.invoke(NativeMethodAccessorImpl.java:62)
	at sun.reflect.DelegatingMethodAccessorImpl.invoke(DelegatingMethodAccessorImpl.java:43)
	at java.lang.reflect.Method.invoke(Method.java:498)
	at org.junit.runners.model.FrameworkMethod$1.runReflectiveCall(FrameworkMethod.java:50)
	at org.junit.internal.runners.model.ReflectiveCallable.run(ReflectiveCallable.java:12)
	at org.junit.runners.model.FrameworkMethod.invokeExplosively(FrameworkMethod.java:47)
	at com.tngtech.java.junit.dataprovider.DataProviderFrameworkMethod.invokeExplosively(DataProviderFrameworkMethod.java:119)
	at org.junit.internal.runners.statements.InvokeMethod.evaluate(InvokeMethod.java:17)
	at org.junit.rules.TestWatcher$1.evaluate(TestWatcher.java:55)
	at org.junit.rules.RunRules.evaluate(RunRules.java:20)
	at org.junit.runners.ParentRunner.runLeaf(ParentRunner.java:325)
	at com.dotcms.junit.CustomDataProviderRunner.runChild(CustomDataProviderRunner.java:28)
	at com.dotcms.junit.CustomDataProviderRunner.runChild(CustomDataProviderRunner.java:13)
	at org.junit.runners.ParentRunner$3.run(ParentRunner.java:290)
	at org.junit.runners.ParentRunner$1.schedule(ParentRunner.java:71)
	at org.junit.runners.ParentRunner.runChildren(ParentRunner.java:288)
	at org.junit.runners.ParentRunner.access$000(ParentRunner.java:58)
	at org.junit.runners.ParentRunner$2.evaluate(ParentRunner.java:268)
	at org.junit.internal.runners.statements.RunBefores.evaluate(RunBefores.java:26)
	at org.junit.internal.runners.statements.RunAfters.evaluate(RunAfters.java:27)
	at org.junit.runners.ParentRunner.run(ParentRunner.java:363)
	at org.junit.runners.Suite.runChild(Suite.java:128)
	at org.junit.runners.Suite.runChild(Suite.java:27)
	at org.junit.runners.ParentRunner$3.run(ParentRunner.java:290)
	at org.junit.runners.ParentRunner$1.schedule(ParentRunner.java:71)
	at org.junit.runners.ParentRunner.runChildren(ParentRunner.java:288)
	at org.junit.runners.ParentRunner.access$000(ParentRunner.java:58)
	at org.junit.runners.ParentRunner$2.evaluate(ParentRunner.java:268)
	at org.junit.runners.ParentRunner.run(ParentRunner.java:363)
	at org.gradle.api.internal.tasks.testing.junit.JUnitTestClassExecutor.runTestClass(JUnitTestClassExecutor.java:106)
	at org.gradle.api.internal.tasks.testing.junit.JUnitTestClassExecutor.execute(JUnitTestClassExecutor.java:58)
	at org.gradle.api.internal.tasks.testing.junit.JUnitTestClassExecutor.execute(JUnitTestClassExecutor.java:38)
	at org.gradle.api.internal.tasks.testing.junit.AbstractJUnitTestClassProcessor.processTestClass(AbstractJUnitTestClassProcessor.java:66)
	at org.gradle.api.internal.tasks.testing.SuiteTestClassProcessor.processTestClass(SuiteTestClassProcessor.java:51)
	at sun.reflect.NativeMethodAccessorImpl.invoke0(Native Method)
	at sun.reflect.NativeMethodAccessorImpl.invoke(NativeMethodAccessorImpl.java:62)
	at sun.reflect.DelegatingMethodAccessorImpl.invoke(DelegatingMethodAccessorImpl.java:43)
	at java.lang.reflect.Method.invoke(Method.java:498)
	at org.gradle.internal.dispatch.ReflectionDispatch.dispatch(ReflectionDispatch.java:35)
	at org.gradle.internal.dispatch.ReflectionDispatch.dispatch(ReflectionDispatch.java:24)
	at org.gradle.internal.dispatch.ContextClassLoaderDispatch.dispatch(ContextClassLoaderDispatch.java:32)
	at org.gradle.internal.dispatch.ProxyDispatchAdapter$DispatchingInvocationHandler.invoke(ProxyDispatchAdapter.java:93)
	at com.sun.proxy.$Proxy2.processTestClass(Unknown Source)
	at org.gradle.api.internal.tasks.testing.worker.TestWorker.processTestClass(TestWorker.java:117)
	at sun.reflect.NativeMethodAccessorImpl.invoke0(Native Method)
	at sun.reflect.NativeMethodAccessorImpl.invoke(NativeMethodAccessorImpl.java:62)
	at sun.reflect.DelegatingMethodAccessorImpl.invoke(DelegatingMethodAccessorImpl.java:43)
	at java.lang.reflect.Method.invoke(Method.java:498)
	at org.gradle.internal.dispatch.ReflectionDispatch.dispatch(ReflectionDispatch.java:35)
	at org.gradle.internal.dispatch.ReflectionDispatch.dispatch(ReflectionDispatch.java:24)
	at org.gradle.internal.remote.internal.hub.MessageHubBackedObjectConnection$DispatchWrapper.dispatch(MessageHubBackedObjectConnection.java:155)
	at org.gradle.internal.remote.internal.hub.MessageHubBackedObjectConnection$DispatchWrapper.dispatch(MessageHubBackedObjectConnection.java:137)
	at org.gradle.internal.remote.internal.hub.MessageHub$Handler.run(MessageHub.java:404)
	at org.gradle.internal.concurrent.ExecutorPolicy$CatchAndRecordFailures.onExecute(ExecutorPolicy.java:63)
	at org.gradle.internal.concurrent.ManagedExecutorImpl$1.run(ManagedExecutorImpl.java:46)
	at java.util.concurrent.ThreadPoolExecutor.runWorker(ThreadPoolExecutor.java:1149)
	at java.util.concurrent.ThreadPoolExecutor$Worker.run(ThreadPoolExecutor.java:624)
	at org.gradle.internal.concurrent.ThreadFactoryImpl$ManagedThreadRunnable.run(ThreadFactoryImpl.java:55)
	at java.lang.Thread.run(Thread.java:748)
</pre>
</span>
</div>
<div class="test">
<a name="publish[10: com.dotcms.publishing.PublisherAPIImplTest$TestCase@4476d243]"></a>
<h3 class="failures">publish[10: com.dotcms.publishing.PublisherAPIImplTest$TestCase@4476d243]</h3>
<span class="code">
<pre>java.lang.AssertionError: Fail for Template:
Asset -&gt; com.dotmarketing.portlets.templates.model.Template@bc7a7d83 
difference -&gt; /templateId&gt;&lt;template&gt;&lt;type&gt;template&lt;/type&gt;&lt;inode&gt;d04b867d-a2f5-444b-abf3-7a624cfca393&lt;/inode&gt;&lt;identifier&gt;5c9bc848-f3f3-45f0-a226-1a5db50dfebb&lt;/identifier&gt;&lt;source&gt;DB&lt;/source&gt;&lt;title&gt;testTitle1614031167199&lt;/title&gt;&lt;friendlyName&gt;testFriendlyName1614031167199&lt;/friendlyName&gt;&lt;modUser&gt;system&lt;/modUser&gt;&lt;sortOrder&gt;2&lt;/sortOrder&gt;&lt;showOnMenu&gt;true&lt;/showOnMenu&gt;&lt;drawed&gt;true&lt;/drawed&gt;&lt;countAddContainer&gt;0&lt;/countAddContainer&gt;&lt;countContainers&gt;0&lt;/countContainers&gt;&lt;/template&gt;&lt;vi class=&quot;com.dotmarketing.portlets.templates.model.TemplateVersionInfo&quot;&gt;&lt;identifier&gt;5c9bc848-f3f3-45f0-a226-1a5db50dfebb&lt;/identifier&gt;&lt;liveInode&gt;d04b867d-a2f5-444b-abf3-7a624cfca393&lt;/liveInode&gt;&lt;workingInode&gt;d04b867d-a2f5-444b-abf3-7a624cfca393&lt;/workingInode&gt;&lt;deleted&gt;false&lt;/deleted&gt;&lt;/vi&gt;&lt;operation&gt;PUBLISH&lt;/operation&gt;&lt;/com.dotcms.publisher.pusher.wrapper.TemplateWrapper&gt;
expected -&gt; &lt;com.dotcms.publisher.pusher.wrapper.TemplateWrapper&gt;&lt;templateId&gt;&lt;id&gt;5c9bc848-f3f3-45f0-a226-1a5db50dfebb&lt;/id&gt;&lt;assetName&gt;5c9bc848-f3f3-45f0-a226-1a5db50dfebb.template&lt;/assetName&gt;&lt;assetType&gt;template&lt;/assetType&gt;&lt;parentPath&gt;/&lt;/parentPath&gt;&lt;hostId&gt;e1df541b-5faa-4ed0-b172-ea0a84e6ea40&lt;/hostId&gt;&lt;inode&gt;d04b867d-a2f5-444b-abf3-7a624cfca393&lt;/inode&gt;&lt;identifier&gt;5c9bc848-f3f3-45f0-a226-1a5db50dfebb&lt;/identifier&gt;&lt;source&gt;DB&lt;/source&gt;&lt;title&gt;testTitle1614031167199&lt;/title&gt;&lt;friendlyName&gt;testFriendlyName1614031167199&lt;/friendlyName&gt;&lt;modUser&gt;system&lt;/modUser&gt;&lt;sortOrder&gt;2&lt;/sortOrder&gt;&lt;showOnMenu&gt;true&lt;/showOnMenu&gt;&lt;drawed&gt;true&lt;/drawed&gt;&lt;countAddContainer&gt;0&lt;/countAddContainer&gt;&lt;countContainers&gt;0&lt;/countContainers&gt;&lt;/template&gt;&lt;vi class=&quot;com.dotmarketing.portlets.templates.model.TemplateVersionInfo&quot;&gt;&lt;identifier&gt;5c9bc848-f3f3-45f0-a226-1a5db50dfebb&lt;/identifier&gt;&lt;liveInode&gt;d04b867d-a2f5-444b-abf3-7a624cfca393&lt;/liveInode&gt;&lt;workingInode&gt;d04b867d-a2f5-444b-abf3-7a624cfca393&lt;/workingInode&gt;&lt;deleted&gt;false&lt;/deleted&gt;&lt;/vi&gt;&lt;operation&gt;PUBLISH&lt;/operation&gt;&lt;/com.dotcms.publisher.pusher.wrapper.TemplateWrapper&gt;
real -&gt; &lt;com.dotcms.publisher.pusher.wrapper.TemplateWrapper&gt;&lt;templateId&gt;&lt;id&gt;5c9bc848-f3f3-45f0-a226-1a5db50dfebb&lt;/id&gt;&lt;assetName&gt;5c9bc848-f3f3-45f0-a226-1a5db50dfebb.template&lt;/assetName&gt;&lt;assetType&gt;template&lt;/assetType&gt;&lt;parentPath&gt;/&lt;/parentPath&gt;&lt;hostId&gt;e1df541b-5faa-4ed0-b172-ea0a84e6ea40&lt;/hostId&gt;&lt;/templateId&gt;&lt;template&gt;&lt;type&gt;template&lt;/type&gt;&lt;inode&gt;d04b867d-a2f5-444b-abf3-7a624cfca393&lt;/inode&gt;&lt;identifier&gt;5c9bc848-f3f3-45f0-a226-1a5db50dfebb&lt;/identifier&gt;&lt;source&gt;DB&lt;/source&gt;&lt;title&gt;testTitle1614031167199&lt;/title&gt;&lt;friendlyName&gt;testFriendlyName1614031167199&lt;/friendlyName&gt;&lt;modUser&gt;system&lt;/modUser&gt;&lt;sortOrder&gt;2&lt;/sortOrder&gt;&lt;showOnMenu&gt;true&lt;/showOnMenu&gt;&lt;drawed&gt;true&lt;/drawed&gt;&lt;countAddContainer&gt;0&lt;/countAddContainer&gt;&lt;countContainers&gt;0&lt;/countContainers&gt;&lt;/template&gt;&lt;vi class=&quot;com.dotmarketing.portlets.templates.model.TemplateVersionInfo&quot;&gt;&lt;identifier&gt;5c9bc848-f3f3-45f0-a226-1a5db50dfebb&lt;/identifier&gt;&lt;liveInode&gt;d04b867d-a2f5-444b-abf3-7a624cfca393&lt;/liveInode&gt;&lt;workingInode&gt;d04b867d-a2f5-444b-abf3-7a624cfca393&lt;/workingInode&gt;&lt;deleted&gt;false&lt;/deleted&gt;&lt;/vi&gt;&lt;operation&gt;PUBLISH&lt;/operation&gt;&lt;/com.dotcms.publisher.pusher.wrapper.TemplateWrapper&gt;

	at org.jgroups.util.Util.assertEquals(Util.java:185)
	at com.dotcms.test.util.FileTestUtil.assertBundleFile(FileTestUtil.java:254)
	at com.dotcms.test.util.FileTestUtil.assertBundleFile(FileTestUtil.java:191)
	at com.dotcms.publishing.PublisherAPIImplTest.publish(PublisherAPIImplTest.java:379)
	at sun.reflect.NativeMethodAccessorImpl.invoke0(Native Method)
	at sun.reflect.NativeMethodAccessorImpl.invoke(NativeMethodAccessorImpl.java:62)
	at sun.reflect.DelegatingMethodAccessorImpl.invoke(DelegatingMethodAccessorImpl.java:43)
	at java.lang.reflect.Method.invoke(Method.java:498)
	at org.junit.runners.model.FrameworkMethod$1.runReflectiveCall(FrameworkMethod.java:50)
	at org.junit.internal.runners.model.ReflectiveCallable.run(ReflectiveCallable.java:12)
	at org.junit.runners.model.FrameworkMethod.invokeExplosively(FrameworkMethod.java:47)
	at com.tngtech.java.junit.dataprovider.DataProviderFrameworkMethod.invokeExplosively(DataProviderFrameworkMethod.java:119)
	at org.junit.internal.runners.statements.InvokeMethod.evaluate(InvokeMethod.java:17)
	at org.junit.rules.TestWatcher$1.evaluate(TestWatcher.java:55)
	at org.junit.rules.RunRules.evaluate(RunRules.java:20)
	at org.junit.runners.ParentRunner.runLeaf(ParentRunner.java:325)
	at com.dotcms.junit.CustomDataProviderRunner.runChild(CustomDataProviderRunner.java:28)
	at com.dotcms.junit.CustomDataProviderRunner.runChild(CustomDataProviderRunner.java:13)
	at org.junit.runners.ParentRunner$3.run(ParentRunner.java:290)
	at org.junit.runners.ParentRunner$1.schedule(ParentRunner.java:71)
	at org.junit.runners.ParentRunner.runChildren(ParentRunner.java:288)
	at org.junit.runners.ParentRunner.access$000(ParentRunner.java:58)
	at org.junit.runners.ParentRunner$2.evaluate(ParentRunner.java:268)
	at org.junit.internal.runners.statements.RunBefores.evaluate(RunBefores.java:26)
	at org.junit.internal.runners.statements.RunAfters.evaluate(RunAfters.java:27)
	at org.junit.runners.ParentRunner.run(ParentRunner.java:363)
	at org.junit.runners.Suite.runChild(Suite.java:128)
	at org.junit.runners.Suite.runChild(Suite.java:27)
	at org.junit.runners.ParentRunner$3.run(ParentRunner.java:290)
	at org.junit.runners.ParentRunner$1.schedule(ParentRunner.java:71)
	at org.junit.runners.ParentRunner.runChildren(ParentRunner.java:288)
	at org.junit.runners.ParentRunner.access$000(ParentRunner.java:58)
	at org.junit.runners.ParentRunner$2.evaluate(ParentRunner.java:268)
	at org.junit.runners.ParentRunner.run(ParentRunner.java:363)
	at org.gradle.api.internal.tasks.testing.junit.JUnitTestClassExecutor.runTestClass(JUnitTestClassExecutor.java:106)
	at org.gradle.api.internal.tasks.testing.junit.JUnitTestClassExecutor.execute(JUnitTestClassExecutor.java:58)
	at org.gradle.api.internal.tasks.testing.junit.JUnitTestClassExecutor.execute(JUnitTestClassExecutor.java:38)
	at org.gradle.api.internal.tasks.testing.junit.AbstractJUnitTestClassProcessor.processTestClass(AbstractJUnitTestClassProcessor.java:66)
	at org.gradle.api.internal.tasks.testing.SuiteTestClassProcessor.processTestClass(SuiteTestClassProcessor.java:51)
	at sun.reflect.NativeMethodAccessorImpl.invoke0(Native Method)
	at sun.reflect.NativeMethodAccessorImpl.invoke(NativeMethodAccessorImpl.java:62)
	at sun.reflect.DelegatingMethodAccessorImpl.invoke(DelegatingMethodAccessorImpl.java:43)
	at java.lang.reflect.Method.invoke(Method.java:498)
	at org.gradle.internal.dispatch.ReflectionDispatch.dispatch(ReflectionDispatch.java:35)
	at org.gradle.internal.dispatch.ReflectionDispatch.dispatch(ReflectionDispatch.java:24)
	at org.gradle.internal.dispatch.ContextClassLoaderDispatch.dispatch(ContextClassLoaderDispatch.java:32)
	at org.gradle.internal.dispatch.ProxyDispatchAdapter$DispatchingInvocationHandler.invoke(ProxyDispatchAdapter.java:93)
	at com.sun.proxy.$Proxy2.processTestClass(Unknown Source)
	at org.gradle.api.internal.tasks.testing.worker.TestWorker.processTestClass(TestWorker.java:117)
	at sun.reflect.NativeMethodAccessorImpl.invoke0(Native Method)
	at sun.reflect.NativeMethodAccessorImpl.invoke(NativeMethodAccessorImpl.java:62)
	at sun.reflect.DelegatingMethodAccessorImpl.invoke(DelegatingMethodAccessorImpl.java:43)
	at java.lang.reflect.Method.invoke(Method.java:498)
	at org.gradle.internal.dispatch.ReflectionDispatch.dispatch(ReflectionDispatch.java:35)
	at org.gradle.internal.dispatch.ReflectionDispatch.dispatch(ReflectionDispatch.java:24)
	at org.gradle.internal.remote.internal.hub.MessageHubBackedObjectConnection$DispatchWrapper.dispatch(MessageHubBackedObjectConnection.java:155)
	at org.gradle.internal.remote.internal.hub.MessageHubBackedObjectConnection$DispatchWrapper.dispatch(MessageHubBackedObjectConnection.java:137)
	at org.gradle.internal.remote.internal.hub.MessageHub$Handler.run(MessageHub.java:404)
	at org.gradle.internal.concurrent.ExecutorPolicy$CatchAndRecordFailures.onExecute(ExecutorPolicy.java:63)
	at org.gradle.internal.concurrent.ManagedExecutorImpl$1.run(ManagedExecutorImpl.java:46)
	at java.util.concurrent.ThreadPoolExecutor.runWorker(ThreadPoolExecutor.java:1149)
	at java.util.concurrent.ThreadPoolExecutor$Worker.run(ThreadPoolExecutor.java:624)
	at org.gradle.internal.concurrent.ThreadFactoryImpl$ManagedThreadRunnable.run(ThreadFactoryImpl.java:55)
	at java.lang.Thread.run(Thread.java:748)
</pre>
</span>
</div>
<div class="test">
<a name="publish[11: com.dotcms.publishing.PublisherAPIImplTest$TestCase@54285e4d]"></a>
<h3 class="failures">publish[11: com.dotcms.publishing.PublisherAPIImplTest$TestCase@54285e4d]</h3>
<span class="code">
<pre>java.lang.AssertionError: Fail for Container:
Asset -&gt; com.dotmarketing.portlets.containers.model.Container@28c7182b[code=&lt;null&gt;,maxContentlets=5,useDiv=true,sortContentletsBy=&lt;null&gt;,preLoop=&lt;div&gt;,postLoop=&lt;/div&gt;,staticify=true,luceneQuery=&lt;null&gt;,notes=testNotes1614031168211,source=DB,title=testTitle1614031168211,friendlyName=testFriendlyName1614031168211,modDate=Mon Feb 22 21:59:28 GMT 2021,modUser=system,sortOrder=0,showOnMenu=false,iDate=Mon Feb 22 21:59:28 GMT 2021,type=containers,owner=system,inode=7535147f-5979-4e92-b0ee-c040349b61f9,identifier=bbbc912a-11fc-4b67-8f7d-f8fe22d05d68] 
difference -&gt; /containerId&gt;&lt;container&gt;&lt;type&gt;containers&lt;/type&gt;&lt;inode&gt;7535147f-5979-4e92-b0ee-c040349b61f9&lt;/inode&gt;&lt;identifier&gt;bbbc912a-11fc-4b67-8f7d-f8fe22d05d68&lt;/identifier&gt;&lt;source&gt;DB&lt;/source&gt;&lt;title&gt;testTitle1614031168211&lt;/title&gt;&lt;friendlyName&gt;testFriendlyName1614031168211&lt;/friendlyName&gt;&lt;modUser&gt;system&lt;/modUser&gt;&lt;sortOrder&gt;0&lt;/sortOrder&gt;&lt;showOnMenu&gt;false&lt;/showOnMenu&gt;&lt;maxContentlets&gt;5&lt;/maxContentlets&gt;&lt;useDiv&gt;true&lt;/useDiv&gt;&lt;preLoop&gt;&amp;lt;div&amp;gt;&lt;/preLoop&gt;&lt;postLoop&gt;&amp;lt;/div&amp;gt;&lt;/postLoop&gt;&lt;staticify&gt;true&lt;/staticify&gt;&lt;notes&gt;testNotes1614031168211&lt;/notes&gt;&lt;/container&gt;&lt;cvi class=&quot;com.dotmarketing.portlets.containers.model.ContainerVersionInfo&quot;&gt;&lt;identifier&gt;bbbc912a-11fc-4b67-8f7d-f8fe22d05d68&lt;/identifier&gt;&lt;workingInode&gt;7535147f-5979-4e92-b0ee-c040349b61f9&lt;/workingInode&gt;&lt;deleted&gt;false&lt;/deleted&gt;&lt;/cvi&gt;&lt;operation&gt;PUBLISH&lt;/operation&gt;&lt;csList class=&quot;com.google.common.collect.RegularImmutableList&quot; resolves-to=&quot;com.google.common.collect.ImmutableList$SerializedForm&quot;&gt;&lt;elements&gt;&lt;com.dotmarketing.beans.ContainerStructure&gt;&lt;id&gt;77eff7e8-9fd8-42b2-81d3-cbfa8d34bd20&lt;/id&gt;&lt;structureId&gt;19253f7d-9fdb-45a8-9d7d-7d9bf753f687&lt;/structureId&gt;&lt;containerInode&gt;7535147f-5979-4e92-b0ee-c040349b61f9&lt;/containerInode&gt;&lt;containerId&gt;bbbc912a-11fc-4b67-8f7d-f8fe22d05d68&lt;/containerId&gt;&lt;/com.dotmarketing.beans.ContainerStructure&gt;&lt;/elements&gt;&lt;/csList&gt;&lt;/com.dotcms.publisher.pusher.wrapper.ContainerWrapper&gt;
expected -&gt; &lt;com.dotcms.publisher.pusher.wrapper.ContainerWrapper&gt;&lt;containerId&gt;&lt;id&gt;bbbc912a-11fc-4b67-8f7d-f8fe22d05d68&lt;/id&gt;&lt;assetName&gt;bbbc912a-11fc-4b67-8f7d-f8fe22d05d68.containers&lt;/assetName&gt;&lt;assetType&gt;containers&lt;/assetType&gt;&lt;parentPath&gt;/&lt;/parentPath&gt;&lt;hostId&gt;e621c81c-5f83-41d6-9cf5-b5d659b67688&lt;/hostId&gt;&lt;inode&gt;7535147f-5979-4e92-b0ee-c040349b61f9&lt;/inode&gt;&lt;identifier&gt;bbbc912a-11fc-4b67-8f7d-f8fe22d05d68&lt;/identifier&gt;&lt;source&gt;DB&lt;/source&gt;&lt;title&gt;testTitle1614031168211&lt;/title&gt;&lt;friendlyName&gt;testFriendlyName1614031168211&lt;/friendlyName&gt;&lt;modUser&gt;system&lt;/modUser&gt;&lt;sortOrder&gt;0&lt;/sortOrder&gt;&lt;showOnMenu&gt;false&lt;/showOnMenu&gt;&lt;maxContentlets&gt;5&lt;/maxContentlets&gt;&lt;useDiv&gt;true&lt;/useDiv&gt;&lt;preLoop&gt;&amp;lt;div&amp;gt;&lt;/preLoop&gt;&lt;postLoop&gt;&amp;lt;/div&amp;gt;&lt;/postLoop&gt;&lt;staticify&gt;true&lt;/staticify&gt;&lt;notes&gt;testNotes1614031168211&lt;/notes&gt;&lt;/container&gt;&lt;cvi class=&quot;com.dotmarketing.portlets.containers.model.ContainerVersionInfo&quot;&gt;&lt;identifier&gt;bbbc912a-11fc-4b67-8f7d-f8fe22d05d68&lt;/identifier&gt;&lt;workingInode&gt;7535147f-5979-4e92-b0ee-c040349b61f9&lt;/workingInode&gt;&lt;deleted&gt;false&lt;/deleted&gt;&lt;/cvi&gt;&lt;operation&gt;PUBLISH&lt;/operation&gt;&lt;csList class=&quot;com.google.common.collect.RegularImmutableList&quot; resolves-to=&quot;com.google.common.collect.ImmutableList$SerializedForm&quot;&gt;&lt;elements&gt;&lt;com.dotmarketing.beans.ContainerStructure&gt;&lt;id&gt;77eff7e8-9fd8-42b2-81d3-cbfa8d34bd20&lt;/id&gt;&lt;structureId&gt;19253f7d-9fdb-45a8-9d7d-7d9bf753f687&lt;/structureId&gt;&lt;containerInode&gt;7535147f-5979-4e92-b0ee-c040349b61f9&lt;/containerInode&gt;&lt;containerId&gt;bbbc912a-11fc-4b67-8f7d-f8fe22d05d68&lt;/containerId&gt;&lt;code&gt;__code__&lt;/code&gt;&lt;/com.dotmarketing.beans.ContainerStructure&gt;&lt;/elements&gt;&lt;/csList&gt;&lt;/com.dotcms.publisher.pusher.wrapper.ContainerWrapper&gt;
real -&gt; &lt;com.dotcms.publisher.pusher.wrapper.ContainerWrapper&gt;&lt;containerId&gt;&lt;id&gt;bbbc912a-11fc-4b67-8f7d-f8fe22d05d68&lt;/id&gt;&lt;assetName&gt;bbbc912a-11fc-4b67-8f7d-f8fe22d05d68.containers&lt;/assetName&gt;&lt;assetType&gt;containers&lt;/assetType&gt;&lt;parentPath&gt;/&lt;/parentPath&gt;&lt;hostId&gt;e621c81c-5f83-41d6-9cf5-b5d659b67688&lt;/hostId&gt;&lt;/containerId&gt;&lt;container&gt;&lt;type&gt;containers&lt;/type&gt;&lt;inode&gt;7535147f-5979-4e92-b0ee-c040349b61f9&lt;/inode&gt;&lt;identifier&gt;bbbc912a-11fc-4b67-8f7d-f8fe22d05d68&lt;/identifier&gt;&lt;source&gt;DB&lt;/source&gt;&lt;title&gt;testTitle1614031168211&lt;/title&gt;&lt;friendlyName&gt;testFriendlyName1614031168211&lt;/friendlyName&gt;&lt;modUser&gt;system&lt;/modUser&gt;&lt;sortOrder&gt;0&lt;/sortOrder&gt;&lt;showOnMenu&gt;false&lt;/showOnMenu&gt;&lt;maxContentlets&gt;5&lt;/maxContentlets&gt;&lt;useDiv&gt;true&lt;/useDiv&gt;&lt;preLoop&gt;&amp;lt;div&amp;gt;&lt;/preLoop&gt;&lt;postLoop&gt;&amp;lt;/div&amp;gt;&lt;/postLoop&gt;&lt;staticify&gt;true&lt;/staticify&gt;&lt;notes&gt;testNotes1614031168211&lt;/notes&gt;&lt;/container&gt;&lt;cvi class=&quot;com.dotmarketing.portlets.containers.model.ContainerVersionInfo&quot;&gt;&lt;identifier&gt;bbbc912a-11fc-4b67-8f7d-f8fe22d05d68&lt;/identifier&gt;&lt;workingInode&gt;7535147f-5979-4e92-b0ee-c040349b61f9&lt;/workingInode&gt;&lt;deleted&gt;false&lt;/deleted&gt;&lt;/cvi&gt;&lt;operation&gt;PUBLISH&lt;/operation&gt;&lt;csList class=&quot;com.google.common.collect.RegularImmutableList&quot; resolves-to=&quot;com.google.common.collect.ImmutableList$SerializedForm&quot;&gt;&lt;elements&gt;&lt;com.dotmarketing.beans.ContainerStructure&gt;&lt;id&gt;77eff7e8-9fd8-42b2-81d3-cbfa8d34bd20&lt;/id&gt;&lt;structureId&gt;19253f7d-9fdb-45a8-9d7d-7d9bf753f687&lt;/structureId&gt;&lt;containerInode&gt;7535147f-5979-4e92-b0ee-c040349b61f9&lt;/containerInode&gt;&lt;containerId&gt;bbbc912a-11fc-4b67-8f7d-f8fe22d05d68&lt;/containerId&gt;&lt;/com.dotmarketing.beans.ContainerStructure&gt;&lt;/elements&gt;&lt;/csList&gt;&lt;/com.dotcms.publisher.pusher.wrapper.ContainerWrapper&gt;

	at org.jgroups.util.Util.assertEquals(Util.java:185)
	at com.dotcms.test.util.FileTestUtil.assertBundleFile(FileTestUtil.java:254)
	at com.dotcms.test.util.FileTestUtil.assertBundleFile(FileTestUtil.java:191)
	at com.dotcms.publishing.PublisherAPIImplTest.publish(PublisherAPIImplTest.java:379)
	at sun.reflect.NativeMethodAccessorImpl.invoke0(Native Method)
	at sun.reflect.NativeMethodAccessorImpl.invoke(NativeMethodAccessorImpl.java:62)
	at sun.reflect.DelegatingMethodAccessorImpl.invoke(DelegatingMethodAccessorImpl.java:43)
	at java.lang.reflect.Method.invoke(Method.java:498)
	at org.junit.runners.model.FrameworkMethod$1.runReflectiveCall(FrameworkMethod.java:50)
	at org.junit.internal.runners.model.ReflectiveCallable.run(ReflectiveCallable.java:12)
	at org.junit.runners.model.FrameworkMethod.invokeExplosively(FrameworkMethod.java:47)
	at com.tngtech.java.junit.dataprovider.DataProviderFrameworkMethod.invokeExplosively(DataProviderFrameworkMethod.java:119)
	at org.junit.internal.runners.statements.InvokeMethod.evaluate(InvokeMethod.java:17)
	at org.junit.rules.TestWatcher$1.evaluate(TestWatcher.java:55)
	at org.junit.rules.RunRules.evaluate(RunRules.java:20)
	at org.junit.runners.ParentRunner.runLeaf(ParentRunner.java:325)
	at com.dotcms.junit.CustomDataProviderRunner.runChild(CustomDataProviderRunner.java:28)
	at com.dotcms.junit.CustomDataProviderRunner.runChild(CustomDataProviderRunner.java:13)
	at org.junit.runners.ParentRunner$3.run(ParentRunner.java:290)
	at org.junit.runners.ParentRunner$1.schedule(ParentRunner.java:71)
	at org.junit.runners.ParentRunner.runChildren(ParentRunner.java:288)
	at org.junit.runners.ParentRunner.access$000(ParentRunner.java:58)
	at org.junit.runners.ParentRunner$2.evaluate(ParentRunner.java:268)
	at org.junit.internal.runners.statements.RunBefores.evaluate(RunBefores.java:26)
	at org.junit.internal.runners.statements.RunAfters.evaluate(RunAfters.java:27)
	at org.junit.runners.ParentRunner.run(ParentRunner.java:363)
	at org.junit.runners.Suite.runChild(Suite.java:128)
	at org.junit.runners.Suite.runChild(Suite.java:27)
	at org.junit.runners.ParentRunner$3.run(ParentRunner.java:290)
	at org.junit.runners.ParentRunner$1.schedule(ParentRunner.java:71)
	at org.junit.runners.ParentRunner.runChildren(ParentRunner.java:288)
	at org.junit.runners.ParentRunner.access$000(ParentRunner.java:58)
	at org.junit.runners.ParentRunner$2.evaluate(ParentRunner.java:268)
	at org.junit.runners.ParentRunner.run(ParentRunner.java:363)
	at org.gradle.api.internal.tasks.testing.junit.JUnitTestClassExecutor.runTestClass(JUnitTestClassExecutor.java:106)
	at org.gradle.api.internal.tasks.testing.junit.JUnitTestClassExecutor.execute(JUnitTestClassExecutor.java:58)
	at org.gradle.api.internal.tasks.testing.junit.JUnitTestClassExecutor.execute(JUnitTestClassExecutor.java:38)
	at org.gradle.api.internal.tasks.testing.junit.AbstractJUnitTestClassProcessor.processTestClass(AbstractJUnitTestClassProcessor.java:66)
	at org.gradle.api.internal.tasks.testing.SuiteTestClassProcessor.processTestClass(SuiteTestClassProcessor.java:51)
	at sun.reflect.NativeMethodAccessorImpl.invoke0(Native Method)
	at sun.reflect.NativeMethodAccessorImpl.invoke(NativeMethodAccessorImpl.java:62)
	at sun.reflect.DelegatingMethodAccessorImpl.invoke(DelegatingMethodAccessorImpl.java:43)
	at java.lang.reflect.Method.invoke(Method.java:498)
	at org.gradle.internal.dispatch.ReflectionDispatch.dispatch(ReflectionDispatch.java:35)
	at org.gradle.internal.dispatch.ReflectionDispatch.dispatch(ReflectionDispatch.java:24)
	at org.gradle.internal.dispatch.ContextClassLoaderDispatch.dispatch(ContextClassLoaderDispatch.java:32)
	at org.gradle.internal.dispatch.ProxyDispatchAdapter$DispatchingInvocationHandler.invoke(ProxyDispatchAdapter.java:93)
	at com.sun.proxy.$Proxy2.processTestClass(Unknown Source)
	at org.gradle.api.internal.tasks.testing.worker.TestWorker.processTestClass(TestWorker.java:117)
	at sun.reflect.NativeMethodAccessorImpl.invoke0(Native Method)
	at sun.reflect.NativeMethodAccessorImpl.invoke(NativeMethodAccessorImpl.java:62)
	at sun.reflect.DelegatingMethodAccessorImpl.invoke(DelegatingMethodAccessorImpl.java:43)
	at java.lang.reflect.Method.invoke(Method.java:498)
	at org.gradle.internal.dispatch.ReflectionDispatch.dispatch(ReflectionDispatch.java:35)
	at org.gradle.internal.dispatch.ReflectionDispatch.dispatch(ReflectionDispatch.java:24)
	at org.gradle.internal.remote.internal.hub.MessageHubBackedObjectConnection$DispatchWrapper.dispatch(MessageHubBackedObjectConnection.java:155)
	at org.gradle.internal.remote.internal.hub.MessageHubBackedObjectConnection$DispatchWrapper.dispatch(MessageHubBackedObjectConnection.java:137)
	at org.gradle.internal.remote.internal.hub.MessageHub$Handler.run(MessageHub.java:404)
	at org.gradle.internal.concurrent.ExecutorPolicy$CatchAndRecordFailures.onExecute(ExecutorPolicy.java:63)
	at org.gradle.internal.concurrent.ManagedExecutorImpl$1.run(ManagedExecutorImpl.java:46)
	at java.util.concurrent.ThreadPoolExecutor.runWorker(ThreadPoolExecutor.java:1149)
	at java.util.concurrent.ThreadPoolExecutor$Worker.run(ThreadPoolExecutor.java:624)
	at org.gradle.internal.concurrent.ThreadFactoryImpl$ManagedThreadRunnable.run(ThreadFactoryImpl.java:55)
	at java.lang.Thread.run(Thread.java:748)
</pre>
</span>
</div>
<div class="test">
<a name="publish[12: com.dotcms.publishing.PublisherAPIImplTest$TestCase@28fd4a3a]"></a>
<h3 class="failures">publish[12: com.dotcms.publishing.PublisherAPIImplTest$TestCase@28fd4a3a]</h3>
<span class="code">
<pre>java.lang.AssertionError: Fail for Folder:
Asset -&gt; com.dotmarketing.portlets.folders.model.Folder@5b17bda6[name=testName1614031169230,sortOrder=0,showOnMenu=false,hostId=9186d443-c1c3-49b5-b24e-a9e1b38d471f,title=testTitle1614031169230,filesMasks=&lt;null&gt;,defaultFileType=33888b6f-7a8e-4069-b1b6-5c1aa9d0a48d,modDate=2021-02-22 21:59:29.0,iDate=2021-02-22 21:59:29.0,type=folder,owner=&lt;null&gt;,inode=97a76902-2d15-443a-8fd2-d9bdf9b5c58a,identifier=77e8a99f-c390-485d-a185-7bfbb46030e2] 
difference -&gt; inode&gt;97a76902-2d15-443a-8fd2-d9bdf9b5c58a&lt;/inode&gt;&lt;identifier&gt;77e8a99f-c390-485d-a185-7bfbb46030e2&lt;/identifier&gt;&lt;name&gt;testName1614031169230&lt;/name&gt;&lt;sortOrder&gt;0&lt;/sortOrder&gt;&lt;showOnMenu&gt;false&lt;/showOnMenu&gt;&lt;hostId&gt;9186d443-c1c3-49b5-b24e-a9e1b38d471f&lt;/hostId&gt;&lt;title&gt;testTitle1614031169230&lt;/title&gt;&lt;defaultFileType&gt;33888b6f-7a8e-4069-b1b6-5c1aa9d0a48d&lt;/defaultFileType&gt;&lt;/folder&gt;&lt;folderId&gt;&lt;id&gt;77e8a99f-c390-485d-a185-7bfbb46030e2&lt;/id&gt;&lt;assetName&gt;testName1614031169230&lt;/assetName&gt;&lt;assetType&gt;folder&lt;/assetType&gt;&lt;hostId&gt;SYSTEM_HOST&lt;/hostId&gt;&lt;assetSubType&gt;Host&lt;/assetSubType&gt;&lt;/hostId&gt;&lt;operation&gt;PUBLISH&lt;/operation&gt;&lt;/com.dotcms.publisher.pusher.wrapper.FolderWrapper&gt;
expected -&gt; &lt;com.dotcms.publisher.pusher.wrapper.FolderWrapper&gt;&lt;folder&gt;&lt;type&gt;folder&lt;/type&gt;&lt;assetSubType&gt;Host&lt;/assetSubType&gt;&lt;/hostId&gt;&lt;operation&gt;PUBLISH&lt;/operation&gt;&lt;/com.dotcms.publisher.pusher.wrapper.FolderWrapper&gt;
real -&gt; &lt;com.dotcms.publisher.pusher.wrapper.FolderWrapper&gt;&lt;folder&gt;&lt;type&gt;folder&lt;/type&gt;&lt;inode&gt;97a76902-2d15-443a-8fd2-d9bdf9b5c58a&lt;/inode&gt;&lt;identifier&gt;77e8a99f-c390-485d-a185-7bfbb46030e2&lt;/identifier&gt;&lt;name&gt;testName1614031169230&lt;/name&gt;&lt;sortOrder&gt;0&lt;/sortOrder&gt;&lt;showOnMenu&gt;false&lt;/showOnMenu&gt;&lt;hostId&gt;9186d443-c1c3-49b5-b24e-a9e1b38d471f&lt;/hostId&gt;&lt;title&gt;testTitle1614031169230&lt;/title&gt;&lt;defaultFileType&gt;33888b6f-7a8e-4069-b1b6-5c1aa9d0a48d&lt;/defaultFileType&gt;&lt;/folder&gt;&lt;folderId&gt;&lt;id&gt;77e8a99f-c390-485d-a185-7bfbb46030e2&lt;/id&gt;&lt;assetName&gt;testName1614031169230&lt;/assetName&gt;&lt;assetType&gt;folder&lt;/assetType&gt;&lt;hostId&gt;SYSTEM_HOST&lt;/hostId&gt;&lt;assetSubType&gt;Host&lt;/assetSubType&gt;&lt;/hostId&gt;&lt;operation&gt;PUBLISH&lt;/operation&gt;&lt;/com.dotcms.publisher.pusher.wrapper.FolderWrapper&gt;

	at org.jgroups.util.Util.assertEquals(Util.java:185)
	at com.dotcms.test.util.FileTestUtil.assertBundleFile(FileTestUtil.java:254)
	at com.dotcms.test.util.FileTestUtil.assertBundleFile(FileTestUtil.java:191)
	at com.dotcms.publishing.PublisherAPIImplTest.publish(PublisherAPIImplTest.java:379)
	at sun.reflect.NativeMethodAccessorImpl.invoke0(Native Method)
	at sun.reflect.NativeMethodAccessorImpl.invoke(NativeMethodAccessorImpl.java:62)
	at sun.reflect.DelegatingMethodAccessorImpl.invoke(DelegatingMethodAccessorImpl.java:43)
	at java.lang.reflect.Method.invoke(Method.java:498)
	at org.junit.runners.model.FrameworkMethod$1.runReflectiveCall(FrameworkMethod.java:50)
	at org.junit.internal.runners.model.ReflectiveCallable.run(ReflectiveCallable.java:12)
	at org.junit.runners.model.FrameworkMethod.invokeExplosively(FrameworkMethod.java:47)
	at com.tngtech.java.junit.dataprovider.DataProviderFrameworkMethod.invokeExplosively(DataProviderFrameworkMethod.java:119)
	at org.junit.internal.runners.statements.InvokeMethod.evaluate(InvokeMethod.java:17)
	at org.junit.rules.TestWatcher$1.evaluate(TestWatcher.java:55)
	at org.junit.rules.RunRules.evaluate(RunRules.java:20)
	at org.junit.runners.ParentRunner.runLeaf(ParentRunner.java:325)
	at com.dotcms.junit.CustomDataProviderRunner.runChild(CustomDataProviderRunner.java:28)
	at com.dotcms.junit.CustomDataProviderRunner.runChild(CustomDataProviderRunner.java:13)
	at org.junit.runners.ParentRunner$3.run(ParentRunner.java:290)
	at org.junit.runners.ParentRunner$1.schedule(ParentRunner.java:71)
	at org.junit.runners.ParentRunner.runChildren(ParentRunner.java:288)
	at org.junit.runners.ParentRunner.access$000(ParentRunner.java:58)
	at org.junit.runners.ParentRunner$2.evaluate(ParentRunner.java:268)
	at org.junit.internal.runners.statements.RunBefores.evaluate(RunBefores.java:26)
	at org.junit.internal.runners.statements.RunAfters.evaluate(RunAfters.java:27)
	at org.junit.runners.ParentRunner.run(ParentRunner.java:363)
	at org.junit.runners.Suite.runChild(Suite.java:128)
	at org.junit.runners.Suite.runChild(Suite.java:27)
	at org.junit.runners.ParentRunner$3.run(ParentRunner.java:290)
	at org.junit.runners.ParentRunner$1.schedule(ParentRunner.java:71)
	at org.junit.runners.ParentRunner.runChildren(ParentRunner.java:288)
	at org.junit.runners.ParentRunner.access$000(ParentRunner.java:58)
	at org.junit.runners.ParentRunner$2.evaluate(ParentRunner.java:268)
	at org.junit.runners.ParentRunner.run(ParentRunner.java:363)
	at org.gradle.api.internal.tasks.testing.junit.JUnitTestClassExecutor.runTestClass(JUnitTestClassExecutor.java:106)
	at org.gradle.api.internal.tasks.testing.junit.JUnitTestClassExecutor.execute(JUnitTestClassExecutor.java:58)
	at org.gradle.api.internal.tasks.testing.junit.JUnitTestClassExecutor.execute(JUnitTestClassExecutor.java:38)
	at org.gradle.api.internal.tasks.testing.junit.AbstractJUnitTestClassProcessor.processTestClass(AbstractJUnitTestClassProcessor.java:66)
	at org.gradle.api.internal.tasks.testing.SuiteTestClassProcessor.processTestClass(SuiteTestClassProcessor.java:51)
	at sun.reflect.NativeMethodAccessorImpl.invoke0(Native Method)
	at sun.reflect.NativeMethodAccessorImpl.invoke(NativeMethodAccessorImpl.java:62)
	at sun.reflect.DelegatingMethodAccessorImpl.invoke(DelegatingMethodAccessorImpl.java:43)
	at java.lang.reflect.Method.invoke(Method.java:498)
	at org.gradle.internal.dispatch.ReflectionDispatch.dispatch(ReflectionDispatch.java:35)
	at org.gradle.internal.dispatch.ReflectionDispatch.dispatch(ReflectionDispatch.java:24)
	at org.gradle.internal.dispatch.ContextClassLoaderDispatch.dispatch(ContextClassLoaderDispatch.java:32)
	at org.gradle.internal.dispatch.ProxyDispatchAdapter$DispatchingInvocationHandler.invoke(ProxyDispatchAdapter.java:93)
	at com.sun.proxy.$Proxy2.processTestClass(Unknown Source)
	at org.gradle.api.internal.tasks.testing.worker.TestWorker.processTestClass(TestWorker.java:117)
	at sun.reflect.NativeMethodAccessorImpl.invoke0(Native Method)
	at sun.reflect.NativeMethodAccessorImpl.invoke(NativeMethodAccessorImpl.java:62)
	at sun.reflect.DelegatingMethodAccessorImpl.invoke(DelegatingMethodAccessorImpl.java:43)
	at java.lang.reflect.Method.invoke(Method.java:498)
	at org.gradle.internal.dispatch.ReflectionDispatch.dispatch(ReflectionDispatch.java:35)
	at org.gradle.internal.dispatch.ReflectionDispatch.dispatch(ReflectionDispatch.java:24)
	at org.gradle.internal.remote.internal.hub.MessageHubBackedObjectConnection$DispatchWrapper.dispatch(MessageHubBackedObjectConnection.java:155)
	at org.gradle.internal.remote.internal.hub.MessageHubBackedObjectConnection$DispatchWrapper.dispatch(MessageHubBackedObjectConnection.java:137)
	at org.gradle.internal.remote.internal.hub.MessageHub$Handler.run(MessageHub.java:404)
	at org.gradle.internal.concurrent.ExecutorPolicy$CatchAndRecordFailures.onExecute(ExecutorPolicy.java:63)
	at org.gradle.internal.concurrent.ManagedExecutorImpl$1.run(ManagedExecutorImpl.java:46)
	at java.util.concurrent.ThreadPoolExecutor.runWorker(ThreadPoolExecutor.java:1149)
	at java.util.concurrent.ThreadPoolExecutor$Worker.run(ThreadPoolExecutor.java:624)
	at org.gradle.internal.concurrent.ThreadFactoryImpl$ManagedThreadRunnable.run(ThreadFactoryImpl.java:55)
	at java.lang.Thread.run(Thread.java:748)
</pre>
</span>
</div>
<div class="test">
<a name="publish[13: com.dotcms.publishing.PublisherAPIImplTest$TestCase@50525685]"></a>
<h3 class="failures">publish[13: com.dotcms.publishing.PublisherAPIImplTest$TestCase@50525685]</h3>
<span class="code">
<pre>java.lang.AssertionError: Fail for Container:
Asset -&gt; com.dotmarketing.portlets.containers.model.Container@7d968b01[code=&lt;null&gt;,maxContentlets=5,useDiv=true,sortContentletsBy=&lt;null&gt;,preLoop=&lt;div&gt;,postLoop=&lt;/div&gt;,staticify=true,luceneQuery=&lt;null&gt;,notes=testNotes1614031170247,source=DB,title=testTitle1614031170247,friendlyName=testFriendlyName1614031170247,modDate=Mon Feb 22 21:59:30 GMT 2021,modUser=system,sortOrder=0,showOnMenu=false,iDate=Mon Feb 22 21:59:30 GMT 2021,type=containers,owner=system,inode=88675a58-9ae2-444e-bc68-17a35d7468bd,identifier=f883b797-057f-4335-8a96-7ecd5f8bcae4] 
difference -&gt; /containerId&gt;&lt;container&gt;&lt;type&gt;containers&lt;/type&gt;&lt;inode&gt;88675a58-9ae2-444e-bc68-17a35d7468bd&lt;/inode&gt;&lt;identifier&gt;f883b797-057f-4335-8a96-7ecd5f8bcae4&lt;/identifier&gt;&lt;source&gt;DB&lt;/source&gt;&lt;title&gt;testTitle1614031170247&lt;/title&gt;&lt;friendlyName&gt;testFriendlyName1614031170247&lt;/friendlyName&gt;&lt;modUser&gt;system&lt;/modUser&gt;&lt;sortOrder&gt;0&lt;/sortOrder&gt;&lt;showOnMenu&gt;false&lt;/showOnMenu&gt;&lt;maxContentlets&gt;5&lt;/maxContentlets&gt;&lt;useDiv&gt;true&lt;/useDiv&gt;&lt;preLoop&gt;&amp;lt;div&amp;gt;&lt;/preLoop&gt;&lt;postLoop&gt;&amp;lt;/div&amp;gt;&lt;/postLoop&gt;&lt;staticify&gt;true&lt;/staticify&gt;&lt;notes&gt;testNotes1614031170247&lt;/notes&gt;&lt;/container&gt;&lt;cvi class=&quot;com.dotmarketing.portlets.containers.model.ContainerVersionInfo&quot;&gt;&lt;identifier&gt;f883b797-057f-4335-8a96-7ecd5f8bcae4&lt;/identifier&gt;&lt;workingInode&gt;88675a58-9ae2-444e-bc68-17a35d7468bd&lt;/workingInode&gt;&lt;deleted&gt;false&lt;/deleted&gt;&lt;/cvi&gt;&lt;operation&gt;PUBLISH&lt;/operation&gt;&lt;csList class=&quot;com.google.common.collect.RegularImmutableList&quot; resolves-to=&quot;com.google.common.collect.ImmutableList$SerializedForm&quot;&gt;&lt;elements&gt;&lt;com.dotmarketing.beans.ContainerStructure&gt;&lt;id&gt;e9379aed-36c4-4611-9687-a501d8003db7&lt;/id&gt;&lt;structureId&gt;97724c55-5df3-45e7-ae5c-4af69201bbef&lt;/structureId&gt;&lt;containerInode&gt;88675a58-9ae2-444e-bc68-17a35d7468bd&lt;/containerInode&gt;&lt;containerId&gt;f883b797-057f-4335-8a96-7ecd5f8bcae4&lt;/containerId&gt;&lt;/com.dotmarketing.beans.ContainerStructure&gt;&lt;/elements&gt;&lt;/csList&gt;&lt;/com.dotcms.publisher.pusher.wrapper.ContainerWrapper&gt;
expected -&gt; &lt;com.dotcms.publisher.pusher.wrapper.ContainerWrapper&gt;&lt;containerId&gt;&lt;id&gt;f883b797-057f-4335-8a96-7ecd5f8bcae4&lt;/id&gt;&lt;assetName&gt;f883b797-057f-4335-8a96-7ecd5f8bcae4.containers&lt;/assetName&gt;&lt;assetType&gt;containers&lt;/assetType&gt;&lt;parentPath&gt;/&lt;/parentPath&gt;&lt;hostId&gt;e68430a5-2bff-490c-bb77-bf19672e7bef&lt;/hostId&gt;&lt;inode&gt;88675a58-9ae2-444e-bc68-17a35d7468bd&lt;/inode&gt;&lt;identifier&gt;f883b797-057f-4335-8a96-7ecd5f8bcae4&lt;/identifier&gt;&lt;source&gt;DB&lt;/source&gt;&lt;title&gt;testTitle1614031170247&lt;/title&gt;&lt;friendlyName&gt;testFriendlyName1614031170247&lt;/friendlyName&gt;&lt;modUser&gt;system&lt;/modUser&gt;&lt;sortOrder&gt;0&lt;/sortOrder&gt;&lt;showOnMenu&gt;false&lt;/showOnMenu&gt;&lt;maxContentlets&gt;5&lt;/maxContentlets&gt;&lt;useDiv&gt;true&lt;/useDiv&gt;&lt;preLoop&gt;&amp;lt;div&amp;gt;&lt;/preLoop&gt;&lt;postLoop&gt;&amp;lt;/div&amp;gt;&lt;/postLoop&gt;&lt;staticify&gt;true&lt;/staticify&gt;&lt;notes&gt;testNotes1614031170247&lt;/notes&gt;&lt;/container&gt;&lt;cvi class=&quot;com.dotmarketing.portlets.containers.model.ContainerVersionInfo&quot;&gt;&lt;identifier&gt;f883b797-057f-4335-8a96-7ecd5f8bcae4&lt;/identifier&gt;&lt;workingInode&gt;88675a58-9ae2-444e-bc68-17a35d7468bd&lt;/workingInode&gt;&lt;deleted&gt;false&lt;/deleted&gt;&lt;/cvi&gt;&lt;operation&gt;PUBLISH&lt;/operation&gt;&lt;csList class=&quot;com.google.common.collect.RegularImmutableList&quot; resolves-to=&quot;com.google.common.collect.ImmutableList$SerializedForm&quot;&gt;&lt;elements&gt;&lt;com.dotmarketing.beans.ContainerStructure&gt;&lt;id&gt;e9379aed-36c4-4611-9687-a501d8003db7&lt;/id&gt;&lt;structureId&gt;97724c55-5df3-45e7-ae5c-4af69201bbef&lt;/structureId&gt;&lt;containerInode&gt;88675a58-9ae2-444e-bc68-17a35d7468bd&lt;/containerInode&gt;&lt;containerId&gt;f883b797-057f-4335-8a96-7ecd5f8bcae4&lt;/containerId&gt;&lt;code&gt;__code__&lt;/code&gt;&lt;/com.dotmarketing.beans.ContainerStructure&gt;&lt;/elements&gt;&lt;/csList&gt;&lt;/com.dotcms.publisher.pusher.wrapper.ContainerWrapper&gt;
real -&gt; &lt;com.dotcms.publisher.pusher.wrapper.ContainerWrapper&gt;&lt;containerId&gt;&lt;id&gt;f883b797-057f-4335-8a96-7ecd5f8bcae4&lt;/id&gt;&lt;assetName&gt;f883b797-057f-4335-8a96-7ecd5f8bcae4.containers&lt;/assetName&gt;&lt;assetType&gt;containers&lt;/assetType&gt;&lt;parentPath&gt;/&lt;/parentPath&gt;&lt;hostId&gt;e68430a5-2bff-490c-bb77-bf19672e7bef&lt;/hostId&gt;&lt;/containerId&gt;&lt;container&gt;&lt;type&gt;containers&lt;/type&gt;&lt;inode&gt;88675a58-9ae2-444e-bc68-17a35d7468bd&lt;/inode&gt;&lt;identifier&gt;f883b797-057f-4335-8a96-7ecd5f8bcae4&lt;/identifier&gt;&lt;source&gt;DB&lt;/source&gt;&lt;title&gt;testTitle1614031170247&lt;/title&gt;&lt;friendlyName&gt;testFriendlyName1614031170247&lt;/friendlyName&gt;&lt;modUser&gt;system&lt;/modUser&gt;&lt;sortOrder&gt;0&lt;/sortOrder&gt;&lt;showOnMenu&gt;false&lt;/showOnMenu&gt;&lt;maxContentlets&gt;5&lt;/maxContentlets&gt;&lt;useDiv&gt;true&lt;/useDiv&gt;&lt;preLoop&gt;&amp;lt;div&amp;gt;&lt;/preLoop&gt;&lt;postLoop&gt;&amp;lt;/div&amp;gt;&lt;/postLoop&gt;&lt;staticify&gt;true&lt;/staticify&gt;&lt;notes&gt;testNotes1614031170247&lt;/notes&gt;&lt;/container&gt;&lt;cvi class=&quot;com.dotmarketing.portlets.containers.model.ContainerVersionInfo&quot;&gt;&lt;identifier&gt;f883b797-057f-4335-8a96-7ecd5f8bcae4&lt;/identifier&gt;&lt;workingInode&gt;88675a58-9ae2-444e-bc68-17a35d7468bd&lt;/workingInode&gt;&lt;deleted&gt;false&lt;/deleted&gt;&lt;/cvi&gt;&lt;operation&gt;PUBLISH&lt;/operation&gt;&lt;csList class=&quot;com.google.common.collect.RegularImmutableList&quot; resolves-to=&quot;com.google.common.collect.ImmutableList$SerializedForm&quot;&gt;&lt;elements&gt;&lt;com.dotmarketing.beans.ContainerStructure&gt;&lt;id&gt;e9379aed-36c4-4611-9687-a501d8003db7&lt;/id&gt;&lt;structureId&gt;97724c55-5df3-45e7-ae5c-4af69201bbef&lt;/structureId&gt;&lt;containerInode&gt;88675a58-9ae2-444e-bc68-17a35d7468bd&lt;/containerInode&gt;&lt;containerId&gt;f883b797-057f-4335-8a96-7ecd5f8bcae4&lt;/containerId&gt;&lt;/com.dotmarketing.beans.ContainerStructure&gt;&lt;/elements&gt;&lt;/csList&gt;&lt;/com.dotcms.publisher.pusher.wrapper.ContainerWrapper&gt;

	at org.jgroups.util.Util.assertEquals(Util.java:185)
	at com.dotcms.test.util.FileTestUtil.assertBundleFile(FileTestUtil.java:254)
	at com.dotcms.test.util.FileTestUtil.assertBundleFile(FileTestUtil.java:151)
	at com.dotcms.publishing.PublisherAPIImplTest.publish(PublisherAPIImplTest.java:383)
	at sun.reflect.NativeMethodAccessorImpl.invoke0(Native Method)
	at sun.reflect.NativeMethodAccessorImpl.invoke(NativeMethodAccessorImpl.java:62)
	at sun.reflect.DelegatingMethodAccessorImpl.invoke(DelegatingMethodAccessorImpl.java:43)
	at java.lang.reflect.Method.invoke(Method.java:498)
	at org.junit.runners.model.FrameworkMethod$1.runReflectiveCall(FrameworkMethod.java:50)
	at org.junit.internal.runners.model.ReflectiveCallable.run(ReflectiveCallable.java:12)
	at org.junit.runners.model.FrameworkMethod.invokeExplosively(FrameworkMethod.java:47)
	at com.tngtech.java.junit.dataprovider.DataProviderFrameworkMethod.invokeExplosively(DataProviderFrameworkMethod.java:119)
	at org.junit.internal.runners.statements.InvokeMethod.evaluate(InvokeMethod.java:17)
	at org.junit.rules.TestWatcher$1.evaluate(TestWatcher.java:55)
	at org.junit.rules.RunRules.evaluate(RunRules.java:20)
	at org.junit.runners.ParentRunner.runLeaf(ParentRunner.java:325)
	at com.dotcms.junit.CustomDataProviderRunner.runChild(CustomDataProviderRunner.java:28)
	at com.dotcms.junit.CustomDataProviderRunner.runChild(CustomDataProviderRunner.java:13)
	at org.junit.runners.ParentRunner$3.run(ParentRunner.java:290)
	at org.junit.runners.ParentRunner$1.schedule(ParentRunner.java:71)
	at org.junit.runners.ParentRunner.runChildren(ParentRunner.java:288)
	at org.junit.runners.ParentRunner.access$000(ParentRunner.java:58)
	at org.junit.runners.ParentRunner$2.evaluate(ParentRunner.java:268)
	at org.junit.internal.runners.statements.RunBefores.evaluate(RunBefores.java:26)
	at org.junit.internal.runners.statements.RunAfters.evaluate(RunAfters.java:27)
	at org.junit.runners.ParentRunner.run(ParentRunner.java:363)
	at org.junit.runners.Suite.runChild(Suite.java:128)
	at org.junit.runners.Suite.runChild(Suite.java:27)
	at org.junit.runners.ParentRunner$3.run(ParentRunner.java:290)
	at org.junit.runners.ParentRunner$1.schedule(ParentRunner.java:71)
	at org.junit.runners.ParentRunner.runChildren(ParentRunner.java:288)
	at org.junit.runners.ParentRunner.access$000(ParentRunner.java:58)
	at org.junit.runners.ParentRunner$2.evaluate(ParentRunner.java:268)
	at org.junit.runners.ParentRunner.run(ParentRunner.java:363)
	at org.gradle.api.internal.tasks.testing.junit.JUnitTestClassExecutor.runTestClass(JUnitTestClassExecutor.java:106)
	at org.gradle.api.internal.tasks.testing.junit.JUnitTestClassExecutor.execute(JUnitTestClassExecutor.java:58)
	at org.gradle.api.internal.tasks.testing.junit.JUnitTestClassExecutor.execute(JUnitTestClassExecutor.java:38)
	at org.gradle.api.internal.tasks.testing.junit.AbstractJUnitTestClassProcessor.processTestClass(AbstractJUnitTestClassProcessor.java:66)
	at org.gradle.api.internal.tasks.testing.SuiteTestClassProcessor.processTestClass(SuiteTestClassProcessor.java:51)
	at sun.reflect.NativeMethodAccessorImpl.invoke0(Native Method)
	at sun.reflect.NativeMethodAccessorImpl.invoke(NativeMethodAccessorImpl.java:62)
	at sun.reflect.DelegatingMethodAccessorImpl.invoke(DelegatingMethodAccessorImpl.java:43)
	at java.lang.reflect.Method.invoke(Method.java:498)
	at org.gradle.internal.dispatch.ReflectionDispatch.dispatch(ReflectionDispatch.java:35)
	at org.gradle.internal.dispatch.ReflectionDispatch.dispatch(ReflectionDispatch.java:24)
	at org.gradle.internal.dispatch.ContextClassLoaderDispatch.dispatch(ContextClassLoaderDispatch.java:32)
	at org.gradle.internal.dispatch.ProxyDispatchAdapter$DispatchingInvocationHandler.invoke(ProxyDispatchAdapter.java:93)
	at com.sun.proxy.$Proxy2.processTestClass(Unknown Source)
	at org.gradle.api.internal.tasks.testing.worker.TestWorker.processTestClass(TestWorker.java:117)
	at sun.reflect.NativeMethodAccessorImpl.invoke0(Native Method)
	at sun.reflect.NativeMethodAccessorImpl.invoke(NativeMethodAccessorImpl.java:62)
	at sun.reflect.DelegatingMethodAccessorImpl.invoke(DelegatingMethodAccessorImpl.java:43)
	at java.lang.reflect.Method.invoke(Method.java:498)
	at org.gradle.internal.dispatch.ReflectionDispatch.dispatch(ReflectionDispatch.java:35)
	at org.gradle.internal.dispatch.ReflectionDispatch.dispatch(ReflectionDispatch.java:24)
	at org.gradle.internal.remote.internal.hub.MessageHubBackedObjectConnection$DispatchWrapper.dispatch(MessageHubBackedObjectConnection.java:155)
	at org.gradle.internal.remote.internal.hub.MessageHubBackedObjectConnection$DispatchWrapper.dispatch(MessageHubBackedObjectConnection.java:137)
	at org.gradle.internal.remote.internal.hub.MessageHub$Handler.run(MessageHub.java:404)
	at org.gradle.internal.concurrent.ExecutorPolicy$CatchAndRecordFailures.onExecute(ExecutorPolicy.java:63)
	at org.gradle.internal.concurrent.ManagedExecutorImpl$1.run(ManagedExecutorImpl.java:46)
	at java.util.concurrent.ThreadPoolExecutor.runWorker(ThreadPoolExecutor.java:1149)
	at java.util.concurrent.ThreadPoolExecutor$Worker.run(ThreadPoolExecutor.java:624)
	at org.gradle.internal.concurrent.ThreadFactoryImpl$ManagedThreadRunnable.run(ThreadFactoryImpl.java:55)
	at java.lang.Thread.run(Thread.java:748)
</pre>
</span>
</div>
<div class="test">
<a name="publish[14: com.dotcms.publishing.PublisherAPIImplTest$TestCase@22447206]"></a>
<h3 class="failures">publish[14: com.dotcms.publishing.PublisherAPIImplTest$TestCase@22447206]</h3>
<span class="code">
<pre>java.lang.AssertionError: Fail for Link:
Asset -&gt; com.dotmarketing.portlets.links.model.Link@1fb7042c 
difference -&gt; /linkId&gt;&lt;links&gt;&lt;com.dotmarketing.portlets.links.model.Link&gt;&lt;type&gt;links&lt;/type&gt;&lt;inode&gt;68211284-2758-4b94-92f7-0e1e5202d157&lt;/inode&gt;&lt;identifier&gt;2de7aa82-4d72-42e9-9943-b591dcfdcac9&lt;/identifier&gt;&lt;source&gt;DB&lt;/source&gt;&lt;title&gt;LinkTitle1614031171304&lt;/title&gt;&lt;friendlyName&gt;LinkTitle1614031171304&lt;/friendlyName&gt;&lt;modUser&gt;system&lt;/modUser&gt;&lt;sortOrder&gt;0&lt;/sortOrder&gt;&lt;showOnMenu&gt;false&lt;/showOnMenu&gt;&lt;parent&gt;/testName1614031171297/&lt;/parent&gt;&lt;protocal&gt;https://&lt;/protocal&gt;&lt;url&gt;www.google.com&lt;/url&gt;&lt;target&gt;_blank&lt;/target&gt;&lt;linkType&gt;EXTERNAL&lt;/linkType&gt;&lt;hostId&gt;f49980ec-8349-46fd-a36e-d46d786271bc&lt;/hostId&gt;&lt;/com.dotmarketing.portlets.links.model.Link&gt;&lt;/links&gt;&lt;vi class=&quot;com.dotmarketing.portlets.links.model.LinkVersionInfo&quot;&gt;&lt;identifier&gt;2de7aa82-4d72-42e9-9943-b591dcfdcac9&lt;/identifier&gt;&lt;workingInode&gt;68211284-2758-4b94-92f7-0e1e5202d157&lt;/workingInode&gt;&lt;deleted&gt;false&lt;/deleted&gt;&lt;/vi&gt;&lt;operation&gt;PUBLISH&lt;/operation&gt;&lt;/com.dotcms.publisher.pusher.wrapper.LinkWrapper&gt;
expected -&gt; &lt;com.dotcms.publisher.pusher.wrapper.LinkWrapper&gt;&lt;linkId&gt;&lt;id&gt;2de7aa82-4d72-42e9-9943-b591dcfdcac9&lt;/id&gt;&lt;assetName&gt;68211284-2758-4b94-92f7-0e1e5202d157&lt;/assetName&gt;&lt;assetType&gt;links&lt;/assetType&gt;&lt;parentPath&gt;/testName1614031171297/&lt;/parentPath&gt;&lt;hostId&gt;f49980ec-8349-46fd-a36e-d46d786271bc&lt;/hostId&gt;&lt;inode&gt;68211284-2758-4b94-92f7-0e1e5202d157&lt;/inode&gt;&lt;identifier&gt;2de7aa82-4d72-42e9-9943-b591dcfdcac9&lt;/identifier&gt;&lt;source&gt;DB&lt;/source&gt;&lt;title&gt;LinkTitle1614031171304&lt;/title&gt;&lt;friendlyName&gt;LinkTitle1614031171304&lt;/friendlyName&gt;&lt;modUser&gt;system&lt;/modUser&gt;&lt;sortOrder&gt;0&lt;/sortOrder&gt;&lt;showOnMenu&gt;false&lt;/showOnMenu&gt;&lt;parent&gt;/testName1614031171297/&lt;/parent&gt;&lt;protocal&gt;https://&lt;/protocal&gt;&lt;url&gt;www.google.com&lt;/url&gt;&lt;target&gt;_blank&lt;/target&gt;&lt;internalLinkIdentifier&gt;&lt;/internalLinkIdentifier&gt;&lt;linkType&gt;EXTERNAL&lt;/linkType&gt;&lt;linkCode&gt;&lt;/linkCode&gt;&lt;hostId&gt;f49980ec-8349-46fd-a36e-d46d786271bc&lt;/hostId&gt;&lt;/com.dotmarketing.portlets.links.model.Link&gt;&lt;/links&gt;&lt;vi class=&quot;com.dotmarketing.portlets.links.model.LinkVersionInfo&quot;&gt;&lt;identifier&gt;2de7aa82-4d72-42e9-9943-b591dcfdcac9&lt;/identifier&gt;&lt;workingInode&gt;68211284-2758-4b94-92f7-0e1e5202d157&lt;/workingInode&gt;&lt;deleted&gt;false&lt;/deleted&gt;&lt;/vi&gt;&lt;operation&gt;PUBLISH&lt;/operation&gt;&lt;/com.dotcms.publisher.pusher.wrapper.LinkWrapper&gt;
real -&gt; &lt;com.dotcms.publisher.pusher.wrapper.LinkWrapper&gt;&lt;linkId&gt;&lt;id&gt;2de7aa82-4d72-42e9-9943-b591dcfdcac9&lt;/id&gt;&lt;assetName&gt;68211284-2758-4b94-92f7-0e1e5202d157&lt;/assetName&gt;&lt;assetType&gt;links&lt;/assetType&gt;&lt;parentPath&gt;/testName1614031171297/&lt;/parentPath&gt;&lt;hostId&gt;f49980ec-8349-46fd-a36e-d46d786271bc&lt;/hostId&gt;&lt;/linkId&gt;&lt;links&gt;&lt;com.dotmarketing.portlets.links.model.Link&gt;&lt;type&gt;links&lt;/type&gt;&lt;inode&gt;68211284-2758-4b94-92f7-0e1e5202d157&lt;/inode&gt;&lt;identifier&gt;2de7aa82-4d72-42e9-9943-b591dcfdcac9&lt;/identifier&gt;&lt;source&gt;DB&lt;/source&gt;&lt;title&gt;LinkTitle1614031171304&lt;/title&gt;&lt;friendlyName&gt;LinkTitle1614031171304&lt;/friendlyName&gt;&lt;modUser&gt;system&lt;/modUser&gt;&lt;sortOrder&gt;0&lt;/sortOrder&gt;&lt;showOnMenu&gt;false&lt;/showOnMenu&gt;&lt;parent&gt;/testName1614031171297/&lt;/parent&gt;&lt;protocal&gt;https://&lt;/protocal&gt;&lt;url&gt;www.google.com&lt;/url&gt;&lt;target&gt;_blank&lt;/target&gt;&lt;linkType&gt;EXTERNAL&lt;/linkType&gt;&lt;hostId&gt;f49980ec-8349-46fd-a36e-d46d786271bc&lt;/hostId&gt;&lt;/com.dotmarketing.portlets.links.model.Link&gt;&lt;/links&gt;&lt;vi class=&quot;com.dotmarketing.portlets.links.model.LinkVersionInfo&quot;&gt;&lt;identifier&gt;2de7aa82-4d72-42e9-9943-b591dcfdcac9&lt;/identifier&gt;&lt;workingInode&gt;68211284-2758-4b94-92f7-0e1e5202d157&lt;/workingInode&gt;&lt;deleted&gt;false&lt;/deleted&gt;&lt;/vi&gt;&lt;operation&gt;PUBLISH&lt;/operation&gt;&lt;/com.dotcms.publisher.pusher.wrapper.LinkWrapper&gt;

	at org.jgroups.util.Util.assertEquals(Util.java:185)
	at com.dotcms.test.util.FileTestUtil.assertBundleFile(FileTestUtil.java:254)
	at com.dotcms.test.util.FileTestUtil.assertBundleFile(FileTestUtil.java:191)
	at com.dotcms.publishing.PublisherAPIImplTest.publish(PublisherAPIImplTest.java:379)
	at sun.reflect.NativeMethodAccessorImpl.invoke0(Native Method)
	at sun.reflect.NativeMethodAccessorImpl.invoke(NativeMethodAccessorImpl.java:62)
	at sun.reflect.DelegatingMethodAccessorImpl.invoke(DelegatingMethodAccessorImpl.java:43)
	at java.lang.reflect.Method.invoke(Method.java:498)
	at org.junit.runners.model.FrameworkMethod$1.runReflectiveCall(FrameworkMethod.java:50)
	at org.junit.internal.runners.model.ReflectiveCallable.run(ReflectiveCallable.java:12)
	at org.junit.runners.model.FrameworkMethod.invokeExplosively(FrameworkMethod.java:47)
	at com.tngtech.java.junit.dataprovider.DataProviderFrameworkMethod.invokeExplosively(DataProviderFrameworkMethod.java:119)
	at org.junit.internal.runners.statements.InvokeMethod.evaluate(InvokeMethod.java:17)
	at org.junit.rules.TestWatcher$1.evaluate(TestWatcher.java:55)
	at org.junit.rules.RunRules.evaluate(RunRules.java:20)
	at org.junit.runners.ParentRunner.runLeaf(ParentRunner.java:325)
	at com.dotcms.junit.CustomDataProviderRunner.runChild(CustomDataProviderRunner.java:28)
	at com.dotcms.junit.CustomDataProviderRunner.runChild(CustomDataProviderRunner.java:13)
	at org.junit.runners.ParentRunner$3.run(ParentRunner.java:290)
	at org.junit.runners.ParentRunner$1.schedule(ParentRunner.java:71)
	at org.junit.runners.ParentRunner.runChildren(ParentRunner.java:288)
	at org.junit.runners.ParentRunner.access$000(ParentRunner.java:58)
	at org.junit.runners.ParentRunner$2.evaluate(ParentRunner.java:268)
	at org.junit.internal.runners.statements.RunBefores.evaluate(RunBefores.java:26)
	at org.junit.internal.runners.statements.RunAfters.evaluate(RunAfters.java:27)
	at org.junit.runners.ParentRunner.run(ParentRunner.java:363)
	at org.junit.runners.Suite.runChild(Suite.java:128)
	at org.junit.runners.Suite.runChild(Suite.java:27)
	at org.junit.runners.ParentRunner$3.run(ParentRunner.java:290)
	at org.junit.runners.ParentRunner$1.schedule(ParentRunner.java:71)
	at org.junit.runners.ParentRunner.runChildren(ParentRunner.java:288)
	at org.junit.runners.ParentRunner.access$000(ParentRunner.java:58)
	at org.junit.runners.ParentRunner$2.evaluate(ParentRunner.java:268)
	at org.junit.runners.ParentRunner.run(ParentRunner.java:363)
	at org.gradle.api.internal.tasks.testing.junit.JUnitTestClassExecutor.runTestClass(JUnitTestClassExecutor.java:106)
	at org.gradle.api.internal.tasks.testing.junit.JUnitTestClassExecutor.execute(JUnitTestClassExecutor.java:58)
	at org.gradle.api.internal.tasks.testing.junit.JUnitTestClassExecutor.execute(JUnitTestClassExecutor.java:38)
	at org.gradle.api.internal.tasks.testing.junit.AbstractJUnitTestClassProcessor.processTestClass(AbstractJUnitTestClassProcessor.java:66)
	at org.gradle.api.internal.tasks.testing.SuiteTestClassProcessor.processTestClass(SuiteTestClassProcessor.java:51)
	at sun.reflect.NativeMethodAccessorImpl.invoke0(Native Method)
	at sun.reflect.NativeMethodAccessorImpl.invoke(NativeMethodAccessorImpl.java:62)
	at sun.reflect.DelegatingMethodAccessorImpl.invoke(DelegatingMethodAccessorImpl.java:43)
	at java.lang.reflect.Method.invoke(Method.java:498)
	at org.gradle.internal.dispatch.ReflectionDispatch.dispatch(ReflectionDispatch.java:35)
	at org.gradle.internal.dispatch.ReflectionDispatch.dispatch(ReflectionDispatch.java:24)
	at org.gradle.internal.dispatch.ContextClassLoaderDispatch.dispatch(ContextClassLoaderDispatch.java:32)
	at org.gradle.internal.dispatch.ProxyDispatchAdapter$DispatchingInvocationHandler.invoke(ProxyDispatchAdapter.java:93)
	at com.sun.proxy.$Proxy2.processTestClass(Unknown Source)
	at org.gradle.api.internal.tasks.testing.worker.TestWorker.processTestClass(TestWorker.java:117)
	at sun.reflect.NativeMethodAccessorImpl.invoke0(Native Method)
	at sun.reflect.NativeMethodAccessorImpl.invoke(NativeMethodAccessorImpl.java:62)
	at sun.reflect.DelegatingMethodAccessorImpl.invoke(DelegatingMethodAccessorImpl.java:43)
	at java.lang.reflect.Method.invoke(Method.java:498)
	at org.gradle.internal.dispatch.ReflectionDispatch.dispatch(ReflectionDispatch.java:35)
	at org.gradle.internal.dispatch.ReflectionDispatch.dispatch(ReflectionDispatch.java:24)
	at org.gradle.internal.remote.internal.hub.MessageHubBackedObjectConnection$DispatchWrapper.dispatch(MessageHubBackedObjectConnection.java:155)
	at org.gradle.internal.remote.internal.hub.MessageHubBackedObjectConnection$DispatchWrapper.dispatch(MessageHubBackedObjectConnection.java:137)
	at org.gradle.internal.remote.internal.hub.MessageHub$Handler.run(MessageHub.java:404)
	at org.gradle.internal.concurrent.ExecutorPolicy$CatchAndRecordFailures.onExecute(ExecutorPolicy.java:63)
	at org.gradle.internal.concurrent.ManagedExecutorImpl$1.run(ManagedExecutorImpl.java:46)
	at java.util.concurrent.ThreadPoolExecutor.runWorker(ThreadPoolExecutor.java:1149)
	at java.util.concurrent.ThreadPoolExecutor$Worker.run(ThreadPoolExecutor.java:624)
	at org.gradle.internal.concurrent.ThreadFactoryImpl$ManagedThreadRunnable.run(ThreadFactoryImpl.java:55)
	at java.lang.Thread.run(Thread.java:748)
</pre>
</span>
</div>
<div class="test">
<a name="publish[1: com.dotcms.publishing.PublisherAPIImplTest$TestCase@5177d29f]"></a>
<h3 class="failures">publish[1: com.dotcms.publishing.PublisherAPIImplTest$TestCase@5177d29f]</h3>
<span class="code">
<pre>java.lang.AssertionError: Fail for Template:
Asset -&gt; com.dotmarketing.portlets.templates.model.Template@bc7a7d83 
difference -&gt; /templateId&gt;&lt;template&gt;&lt;type&gt;template&lt;/type&gt;&lt;inode&gt;d04b867d-a2f5-444b-abf3-7a624cfca393&lt;/inode&gt;&lt;identifier&gt;5c9bc848-f3f3-45f0-a226-1a5db50dfebb&lt;/identifier&gt;&lt;source&gt;DB&lt;/source&gt;&lt;title&gt;testTitle1614031167199&lt;/title&gt;&lt;friendlyName&gt;testFriendlyName1614031167199&lt;/friendlyName&gt;&lt;modUser&gt;system&lt;/modUser&gt;&lt;sortOrder&gt;2&lt;/sortOrder&gt;&lt;showOnMenu&gt;true&lt;/showOnMenu&gt;&lt;drawed&gt;true&lt;/drawed&gt;&lt;countAddContainer&gt;0&lt;/countAddContainer&gt;&lt;countContainers&gt;0&lt;/countContainers&gt;&lt;/template&gt;&lt;vi class=&quot;com.dotmarketing.portlets.templates.model.TemplateVersionInfo&quot;&gt;&lt;identifier&gt;5c9bc848-f3f3-45f0-a226-1a5db50dfebb&lt;/identifier&gt;&lt;liveInode&gt;d04b867d-a2f5-444b-abf3-7a624cfca393&lt;/liveInode&gt;&lt;workingInode&gt;d04b867d-a2f5-444b-abf3-7a624cfca393&lt;/workingInode&gt;&lt;deleted&gt;false&lt;/deleted&gt;&lt;/vi&gt;&lt;operation&gt;PUBLISH&lt;/operation&gt;&lt;/com.dotcms.publisher.pusher.wrapper.TemplateWrapper&gt;
expected -&gt; &lt;com.dotcms.publisher.pusher.wrapper.TemplateWrapper&gt;&lt;templateId&gt;&lt;id&gt;5c9bc848-f3f3-45f0-a226-1a5db50dfebb&lt;/id&gt;&lt;assetName&gt;5c9bc848-f3f3-45f0-a226-1a5db50dfebb.template&lt;/assetName&gt;&lt;assetType&gt;template&lt;/assetType&gt;&lt;parentPath&gt;/&lt;/parentPath&gt;&lt;hostId&gt;e1df541b-5faa-4ed0-b172-ea0a84e6ea40&lt;/hostId&gt;&lt;inode&gt;d04b867d-a2f5-444b-abf3-7a624cfca393&lt;/inode&gt;&lt;identifier&gt;5c9bc848-f3f3-45f0-a226-1a5db50dfebb&lt;/identifier&gt;&lt;source&gt;DB&lt;/source&gt;&lt;title&gt;testTitle1614031167199&lt;/title&gt;&lt;friendlyName&gt;testFriendlyName1614031167199&lt;/friendlyName&gt;&lt;modUser&gt;system&lt;/modUser&gt;&lt;sortOrder&gt;2&lt;/sortOrder&gt;&lt;showOnMenu&gt;true&lt;/showOnMenu&gt;&lt;drawed&gt;true&lt;/drawed&gt;&lt;countAddContainer&gt;0&lt;/countAddContainer&gt;&lt;countContainers&gt;0&lt;/countContainers&gt;&lt;/template&gt;&lt;vi class=&quot;com.dotmarketing.portlets.templates.model.TemplateVersionInfo&quot;&gt;&lt;identifier&gt;5c9bc848-f3f3-45f0-a226-1a5db50dfebb&lt;/identifier&gt;&lt;liveInode&gt;d04b867d-a2f5-444b-abf3-7a624cfca393&lt;/liveInode&gt;&lt;workingInode&gt;d04b867d-a2f5-444b-abf3-7a624cfca393&lt;/workingInode&gt;&lt;deleted&gt;false&lt;/deleted&gt;&lt;/vi&gt;&lt;operation&gt;PUBLISH&lt;/operation&gt;&lt;/com.dotcms.publisher.pusher.wrapper.TemplateWrapper&gt;
real -&gt; &lt;com.dotcms.publisher.pusher.wrapper.TemplateWrapper&gt;&lt;templateId&gt;&lt;id&gt;5c9bc848-f3f3-45f0-a226-1a5db50dfebb&lt;/id&gt;&lt;assetName&gt;5c9bc848-f3f3-45f0-a226-1a5db50dfebb.template&lt;/assetName&gt;&lt;assetType&gt;template&lt;/assetType&gt;&lt;parentPath&gt;/&lt;/parentPath&gt;&lt;hostId&gt;e1df541b-5faa-4ed0-b172-ea0a84e6ea40&lt;/hostId&gt;&lt;/templateId&gt;&lt;template&gt;&lt;type&gt;template&lt;/type&gt;&lt;inode&gt;d04b867d-a2f5-444b-abf3-7a624cfca393&lt;/inode&gt;&lt;identifier&gt;5c9bc848-f3f3-45f0-a226-1a5db50dfebb&lt;/identifier&gt;&lt;source&gt;DB&lt;/source&gt;&lt;title&gt;testTitle1614031167199&lt;/title&gt;&lt;friendlyName&gt;testFriendlyName1614031167199&lt;/friendlyName&gt;&lt;modUser&gt;system&lt;/modUser&gt;&lt;sortOrder&gt;2&lt;/sortOrder&gt;&lt;showOnMenu&gt;true&lt;/showOnMenu&gt;&lt;drawed&gt;true&lt;/drawed&gt;&lt;countAddContainer&gt;0&lt;/countAddContainer&gt;&lt;countContainers&gt;0&lt;/countContainers&gt;&lt;/template&gt;&lt;vi class=&quot;com.dotmarketing.portlets.templates.model.TemplateVersionInfo&quot;&gt;&lt;identifier&gt;5c9bc848-f3f3-45f0-a226-1a5db50dfebb&lt;/identifier&gt;&lt;liveInode&gt;d04b867d-a2f5-444b-abf3-7a624cfca393&lt;/liveInode&gt;&lt;workingInode&gt;d04b867d-a2f5-444b-abf3-7a624cfca393&lt;/workingInode&gt;&lt;deleted&gt;false&lt;/deleted&gt;&lt;/vi&gt;&lt;operation&gt;PUBLISH&lt;/operation&gt;&lt;/com.dotcms.publisher.pusher.wrapper.TemplateWrapper&gt;

	at org.jgroups.util.Util.assertEquals(Util.java:185)
	at com.dotcms.test.util.FileTestUtil.assertBundleFile(FileTestUtil.java:254)
	at com.dotcms.test.util.FileTestUtil.assertBundleFile(FileTestUtil.java:191)
	at com.dotcms.publishing.PublisherAPIImplTest.publish(PublisherAPIImplTest.java:379)
	at sun.reflect.NativeMethodAccessorImpl.invoke0(Native Method)
	at sun.reflect.NativeMethodAccessorImpl.invoke(NativeMethodAccessorImpl.java:62)
	at sun.reflect.DelegatingMethodAccessorImpl.invoke(DelegatingMethodAccessorImpl.java:43)
	at java.lang.reflect.Method.invoke(Method.java:498)
	at org.junit.runners.model.FrameworkMethod$1.runReflectiveCall(FrameworkMethod.java:50)
	at org.junit.internal.runners.model.ReflectiveCallable.run(ReflectiveCallable.java:12)
	at org.junit.runners.model.FrameworkMethod.invokeExplosively(FrameworkMethod.java:47)
	at com.tngtech.java.junit.dataprovider.DataProviderFrameworkMethod.invokeExplosively(DataProviderFrameworkMethod.java:119)
	at org.junit.internal.runners.statements.InvokeMethod.evaluate(InvokeMethod.java:17)
	at org.junit.rules.TestWatcher$1.evaluate(TestWatcher.java:55)
	at org.junit.rules.RunRules.evaluate(RunRules.java:20)
	at org.junit.runners.ParentRunner.runLeaf(ParentRunner.java:325)
	at com.dotcms.junit.CustomDataProviderRunner.runChild(CustomDataProviderRunner.java:28)
	at com.dotcms.junit.CustomDataProviderRunner.runChild(CustomDataProviderRunner.java:13)
	at org.junit.runners.ParentRunner$3.run(ParentRunner.java:290)
	at org.junit.runners.ParentRunner$1.schedule(ParentRunner.java:71)
	at org.junit.runners.ParentRunner.runChildren(ParentRunner.java:288)
	at org.junit.runners.ParentRunner.access$000(ParentRunner.java:58)
	at org.junit.runners.ParentRunner$2.evaluate(ParentRunner.java:268)
	at org.junit.internal.runners.statements.RunBefores.evaluate(RunBefores.java:26)
	at org.junit.internal.runners.statements.RunAfters.evaluate(RunAfters.java:27)
	at org.junit.runners.ParentRunner.run(ParentRunner.java:363)
	at org.junit.runners.Suite.runChild(Suite.java:128)
	at org.junit.runners.Suite.runChild(Suite.java:27)
	at org.junit.runners.ParentRunner$3.run(ParentRunner.java:290)
	at org.junit.runners.ParentRunner$1.schedule(ParentRunner.java:71)
	at org.junit.runners.ParentRunner.runChildren(ParentRunner.java:288)
	at org.junit.runners.ParentRunner.access$000(ParentRunner.java:58)
	at org.junit.runners.ParentRunner$2.evaluate(ParentRunner.java:268)
	at org.junit.runners.ParentRunner.run(ParentRunner.java:363)
	at org.gradle.api.internal.tasks.testing.junit.JUnitTestClassExecutor.runTestClass(JUnitTestClassExecutor.java:106)
	at org.gradle.api.internal.tasks.testing.junit.JUnitTestClassExecutor.execute(JUnitTestClassExecutor.java:58)
	at org.gradle.api.internal.tasks.testing.junit.JUnitTestClassExecutor.execute(JUnitTestClassExecutor.java:38)
	at org.gradle.api.internal.tasks.testing.junit.AbstractJUnitTestClassProcessor.processTestClass(AbstractJUnitTestClassProcessor.java:66)
	at org.gradle.api.internal.tasks.testing.SuiteTestClassProcessor.processTestClass(SuiteTestClassProcessor.java:51)
	at sun.reflect.NativeMethodAccessorImpl.invoke0(Native Method)
	at sun.reflect.NativeMethodAccessorImpl.invoke(NativeMethodAccessorImpl.java:62)
	at sun.reflect.DelegatingMethodAccessorImpl.invoke(DelegatingMethodAccessorImpl.java:43)
	at java.lang.reflect.Method.invoke(Method.java:498)
	at org.gradle.internal.dispatch.ReflectionDispatch.dispatch(ReflectionDispatch.java:35)
	at org.gradle.internal.dispatch.ReflectionDispatch.dispatch(ReflectionDispatch.java:24)
	at org.gradle.internal.dispatch.ContextClassLoaderDispatch.dispatch(ContextClassLoaderDispatch.java:32)
	at org.gradle.internal.dispatch.ProxyDispatchAdapter$DispatchingInvocationHandler.invoke(ProxyDispatchAdapter.java:93)
	at com.sun.proxy.$Proxy2.processTestClass(Unknown Source)
	at org.gradle.api.internal.tasks.testing.worker.TestWorker.processTestClass(TestWorker.java:117)
	at sun.reflect.NativeMethodAccessorImpl.invoke0(Native Method)
	at sun.reflect.NativeMethodAccessorImpl.invoke(NativeMethodAccessorImpl.java:62)
	at sun.reflect.DelegatingMethodAccessorImpl.invoke(DelegatingMethodAccessorImpl.java:43)
	at java.lang.reflect.Method.invoke(Method.java:498)
	at org.gradle.internal.dispatch.ReflectionDispatch.dispatch(ReflectionDispatch.java:35)
	at org.gradle.internal.dispatch.ReflectionDispatch.dispatch(ReflectionDispatch.java:24)
	at org.gradle.internal.remote.internal.hub.MessageHubBackedObjectConnection$DispatchWrapper.dispatch(MessageHubBackedObjectConnection.java:155)
	at org.gradle.internal.remote.internal.hub.MessageHubBackedObjectConnection$DispatchWrapper.dispatch(MessageHubBackedObjectConnection.java:137)
	at org.gradle.internal.remote.internal.hub.MessageHub$Handler.run(MessageHub.java:404)
	at org.gradle.internal.concurrent.ExecutorPolicy$CatchAndRecordFailures.onExecute(ExecutorPolicy.java:63)
	at org.gradle.internal.concurrent.ManagedExecutorImpl$1.run(ManagedExecutorImpl.java:46)
	at java.util.concurrent.ThreadPoolExecutor.runWorker(ThreadPoolExecutor.java:1149)
	at java.util.concurrent.ThreadPoolExecutor$Worker.run(ThreadPoolExecutor.java:624)
	at org.gradle.internal.concurrent.ThreadFactoryImpl$ManagedThreadRunnable.run(ThreadFactoryImpl.java:55)
	at java.lang.Thread.run(Thread.java:748)
</pre>
</span>
</div>
<div class="test">
<a name="publish[2: com.dotcms.publishing.PublisherAPIImplTest$TestCase@78206c89]"></a>
<h3 class="failures">publish[2: com.dotcms.publishing.PublisherAPIImplTest$TestCase@78206c89]</h3>
<span class="code">
<pre>java.lang.AssertionError: Fail for Container:
Asset -&gt; com.dotmarketing.portlets.containers.model.Container@28c7182b[code=&lt;null&gt;,maxContentlets=5,useDiv=true,sortContentletsBy=&lt;null&gt;,preLoop=&lt;div&gt;,postLoop=&lt;/div&gt;,staticify=true,luceneQuery=&lt;null&gt;,notes=testNotes1614031168211,source=DB,title=testTitle1614031168211,friendlyName=testFriendlyName1614031168211,modDate=Mon Feb 22 21:59:28 GMT 2021,modUser=system,sortOrder=0,showOnMenu=false,iDate=Mon Feb 22 21:59:28 GMT 2021,type=containers,owner=system,inode=7535147f-5979-4e92-b0ee-c040349b61f9,identifier=bbbc912a-11fc-4b67-8f7d-f8fe22d05d68] 
difference -&gt; /containerId&gt;&lt;container&gt;&lt;type&gt;containers&lt;/type&gt;&lt;inode&gt;7535147f-5979-4e92-b0ee-c040349b61f9&lt;/inode&gt;&lt;identifier&gt;bbbc912a-11fc-4b67-8f7d-f8fe22d05d68&lt;/identifier&gt;&lt;source&gt;DB&lt;/source&gt;&lt;title&gt;testTitle1614031168211&lt;/title&gt;&lt;friendlyName&gt;testFriendlyName1614031168211&lt;/friendlyName&gt;&lt;modUser&gt;system&lt;/modUser&gt;&lt;sortOrder&gt;0&lt;/sortOrder&gt;&lt;showOnMenu&gt;false&lt;/showOnMenu&gt;&lt;maxContentlets&gt;5&lt;/maxContentlets&gt;&lt;useDiv&gt;true&lt;/useDiv&gt;&lt;preLoop&gt;&amp;lt;div&amp;gt;&lt;/preLoop&gt;&lt;postLoop&gt;&amp;lt;/div&amp;gt;&lt;/postLoop&gt;&lt;staticify&gt;true&lt;/staticify&gt;&lt;notes&gt;testNotes1614031168211&lt;/notes&gt;&lt;/container&gt;&lt;cvi class=&quot;com.dotmarketing.portlets.containers.model.ContainerVersionInfo&quot;&gt;&lt;identifier&gt;bbbc912a-11fc-4b67-8f7d-f8fe22d05d68&lt;/identifier&gt;&lt;workingInode&gt;7535147f-5979-4e92-b0ee-c040349b61f9&lt;/workingInode&gt;&lt;deleted&gt;false&lt;/deleted&gt;&lt;/cvi&gt;&lt;operation&gt;PUBLISH&lt;/operation&gt;&lt;csList class=&quot;com.google.common.collect.RegularImmutableList&quot; resolves-to=&quot;com.google.common.collect.ImmutableList$SerializedForm&quot;&gt;&lt;elements&gt;&lt;com.dotmarketing.beans.ContainerStructure&gt;&lt;id&gt;77eff7e8-9fd8-42b2-81d3-cbfa8d34bd20&lt;/id&gt;&lt;structureId&gt;19253f7d-9fdb-45a8-9d7d-7d9bf753f687&lt;/structureId&gt;&lt;containerInode&gt;7535147f-5979-4e92-b0ee-c040349b61f9&lt;/containerInode&gt;&lt;containerId&gt;bbbc912a-11fc-4b67-8f7d-f8fe22d05d68&lt;/containerId&gt;&lt;/com.dotmarketing.beans.ContainerStructure&gt;&lt;/elements&gt;&lt;/csList&gt;&lt;/com.dotcms.publisher.pusher.wrapper.ContainerWrapper&gt;
expected -&gt; &lt;com.dotcms.publisher.pusher.wrapper.ContainerWrapper&gt;&lt;containerId&gt;&lt;id&gt;bbbc912a-11fc-4b67-8f7d-f8fe22d05d68&lt;/id&gt;&lt;assetName&gt;bbbc912a-11fc-4b67-8f7d-f8fe22d05d68.containers&lt;/assetName&gt;&lt;assetType&gt;containers&lt;/assetType&gt;&lt;parentPath&gt;/&lt;/parentPath&gt;&lt;hostId&gt;e621c81c-5f83-41d6-9cf5-b5d659b67688&lt;/hostId&gt;&lt;inode&gt;7535147f-5979-4e92-b0ee-c040349b61f9&lt;/inode&gt;&lt;identifier&gt;bbbc912a-11fc-4b67-8f7d-f8fe22d05d68&lt;/identifier&gt;&lt;source&gt;DB&lt;/source&gt;&lt;title&gt;testTitle1614031168211&lt;/title&gt;&lt;friendlyName&gt;testFriendlyName1614031168211&lt;/friendlyName&gt;&lt;modUser&gt;system&lt;/modUser&gt;&lt;sortOrder&gt;0&lt;/sortOrder&gt;&lt;showOnMenu&gt;false&lt;/showOnMenu&gt;&lt;maxContentlets&gt;5&lt;/maxContentlets&gt;&lt;useDiv&gt;true&lt;/useDiv&gt;&lt;preLoop&gt;&amp;lt;div&amp;gt;&lt;/preLoop&gt;&lt;postLoop&gt;&amp;lt;/div&amp;gt;&lt;/postLoop&gt;&lt;staticify&gt;true&lt;/staticify&gt;&lt;notes&gt;testNotes1614031168211&lt;/notes&gt;&lt;/container&gt;&lt;cvi class=&quot;com.dotmarketing.portlets.containers.model.ContainerVersionInfo&quot;&gt;&lt;identifier&gt;bbbc912a-11fc-4b67-8f7d-f8fe22d05d68&lt;/identifier&gt;&lt;workingInode&gt;7535147f-5979-4e92-b0ee-c040349b61f9&lt;/workingInode&gt;&lt;deleted&gt;false&lt;/deleted&gt;&lt;/cvi&gt;&lt;operation&gt;PUBLISH&lt;/operation&gt;&lt;csList class=&quot;com.google.common.collect.RegularImmutableList&quot; resolves-to=&quot;com.google.common.collect.ImmutableList$SerializedForm&quot;&gt;&lt;elements&gt;&lt;com.dotmarketing.beans.ContainerStructure&gt;&lt;id&gt;77eff7e8-9fd8-42b2-81d3-cbfa8d34bd20&lt;/id&gt;&lt;structureId&gt;19253f7d-9fdb-45a8-9d7d-7d9bf753f687&lt;/structureId&gt;&lt;containerInode&gt;7535147f-5979-4e92-b0ee-c040349b61f9&lt;/containerInode&gt;&lt;containerId&gt;bbbc912a-11fc-4b67-8f7d-f8fe22d05d68&lt;/containerId&gt;&lt;code&gt;__code__&lt;/code&gt;&lt;/com.dotmarketing.beans.ContainerStructure&gt;&lt;/elements&gt;&lt;/csList&gt;&lt;/com.dotcms.publisher.pusher.wrapper.ContainerWrapper&gt;
real -&gt; &lt;com.dotcms.publisher.pusher.wrapper.ContainerWrapper&gt;&lt;containerId&gt;&lt;id&gt;bbbc912a-11fc-4b67-8f7d-f8fe22d05d68&lt;/id&gt;&lt;assetName&gt;bbbc912a-11fc-4b67-8f7d-f8fe22d05d68.containers&lt;/assetName&gt;&lt;assetType&gt;containers&lt;/assetType&gt;&lt;parentPath&gt;/&lt;/parentPath&gt;&lt;hostId&gt;e621c81c-5f83-41d6-9cf5-b5d659b67688&lt;/hostId&gt;&lt;/containerId&gt;&lt;container&gt;&lt;type&gt;containers&lt;/type&gt;&lt;inode&gt;7535147f-5979-4e92-b0ee-c040349b61f9&lt;/inode&gt;&lt;identifier&gt;bbbc912a-11fc-4b67-8f7d-f8fe22d05d68&lt;/identifier&gt;&lt;source&gt;DB&lt;/source&gt;&lt;title&gt;testTitle1614031168211&lt;/title&gt;&lt;friendlyName&gt;testFriendlyName1614031168211&lt;/friendlyName&gt;&lt;modUser&gt;system&lt;/modUser&gt;&lt;sortOrder&gt;0&lt;/sortOrder&gt;&lt;showOnMenu&gt;false&lt;/showOnMenu&gt;&lt;maxContentlets&gt;5&lt;/maxContentlets&gt;&lt;useDiv&gt;true&lt;/useDiv&gt;&lt;preLoop&gt;&amp;lt;div&amp;gt;&lt;/preLoop&gt;&lt;postLoop&gt;&amp;lt;/div&amp;gt;&lt;/postLoop&gt;&lt;staticify&gt;true&lt;/staticify&gt;&lt;notes&gt;testNotes1614031168211&lt;/notes&gt;&lt;/container&gt;&lt;cvi class=&quot;com.dotmarketing.portlets.containers.model.ContainerVersionInfo&quot;&gt;&lt;identifier&gt;bbbc912a-11fc-4b67-8f7d-f8fe22d05d68&lt;/identifier&gt;&lt;workingInode&gt;7535147f-5979-4e92-b0ee-c040349b61f9&lt;/workingInode&gt;&lt;deleted&gt;false&lt;/deleted&gt;&lt;/cvi&gt;&lt;operation&gt;PUBLISH&lt;/operation&gt;&lt;csList class=&quot;com.google.common.collect.RegularImmutableList&quot; resolves-to=&quot;com.google.common.collect.ImmutableList$SerializedForm&quot;&gt;&lt;elements&gt;&lt;com.dotmarketing.beans.ContainerStructure&gt;&lt;id&gt;77eff7e8-9fd8-42b2-81d3-cbfa8d34bd20&lt;/id&gt;&lt;structureId&gt;19253f7d-9fdb-45a8-9d7d-7d9bf753f687&lt;/structureId&gt;&lt;containerInode&gt;7535147f-5979-4e92-b0ee-c040349b61f9&lt;/containerInode&gt;&lt;containerId&gt;bbbc912a-11fc-4b67-8f7d-f8fe22d05d68&lt;/containerId&gt;&lt;/com.dotmarketing.beans.ContainerStructure&gt;&lt;/elements&gt;&lt;/csList&gt;&lt;/com.dotcms.publisher.pusher.wrapper.ContainerWrapper&gt;

	at org.jgroups.util.Util.assertEquals(Util.java:185)
	at com.dotcms.test.util.FileTestUtil.assertBundleFile(FileTestUtil.java:254)
	at com.dotcms.test.util.FileTestUtil.assertBundleFile(FileTestUtil.java:191)
	at com.dotcms.publishing.PublisherAPIImplTest.publish(PublisherAPIImplTest.java:379)
	at sun.reflect.NativeMethodAccessorImpl.invoke0(Native Method)
	at sun.reflect.NativeMethodAccessorImpl.invoke(NativeMethodAccessorImpl.java:62)
	at sun.reflect.DelegatingMethodAccessorImpl.invoke(DelegatingMethodAccessorImpl.java:43)
	at java.lang.reflect.Method.invoke(Method.java:498)
	at org.junit.runners.model.FrameworkMethod$1.runReflectiveCall(FrameworkMethod.java:50)
	at org.junit.internal.runners.model.ReflectiveCallable.run(ReflectiveCallable.java:12)
	at org.junit.runners.model.FrameworkMethod.invokeExplosively(FrameworkMethod.java:47)
	at com.tngtech.java.junit.dataprovider.DataProviderFrameworkMethod.invokeExplosively(DataProviderFrameworkMethod.java:119)
	at org.junit.internal.runners.statements.InvokeMethod.evaluate(InvokeMethod.java:17)
	at org.junit.rules.TestWatcher$1.evaluate(TestWatcher.java:55)
	at org.junit.rules.RunRules.evaluate(RunRules.java:20)
	at org.junit.runners.ParentRunner.runLeaf(ParentRunner.java:325)
	at com.dotcms.junit.CustomDataProviderRunner.runChild(CustomDataProviderRunner.java:28)
	at com.dotcms.junit.CustomDataProviderRunner.runChild(CustomDataProviderRunner.java:13)
	at org.junit.runners.ParentRunner$3.run(ParentRunner.java:290)
	at org.junit.runners.ParentRunner$1.schedule(ParentRunner.java:71)
	at org.junit.runners.ParentRunner.runChildren(ParentRunner.java:288)
	at org.junit.runners.ParentRunner.access$000(ParentRunner.java:58)
	at org.junit.runners.ParentRunner$2.evaluate(ParentRunner.java:268)
	at org.junit.internal.runners.statements.RunBefores.evaluate(RunBefores.java:26)
	at org.junit.internal.runners.statements.RunAfters.evaluate(RunAfters.java:27)
	at org.junit.runners.ParentRunner.run(ParentRunner.java:363)
	at org.junit.runners.Suite.runChild(Suite.java:128)
	at org.junit.runners.Suite.runChild(Suite.java:27)
	at org.junit.runners.ParentRunner$3.run(ParentRunner.java:290)
	at org.junit.runners.ParentRunner$1.schedule(ParentRunner.java:71)
	at org.junit.runners.ParentRunner.runChildren(ParentRunner.java:288)
	at org.junit.runners.ParentRunner.access$000(ParentRunner.java:58)
	at org.junit.runners.ParentRunner$2.evaluate(ParentRunner.java:268)
	at org.junit.runners.ParentRunner.run(ParentRunner.java:363)
	at org.gradle.api.internal.tasks.testing.junit.JUnitTestClassExecutor.runTestClass(JUnitTestClassExecutor.java:106)
	at org.gradle.api.internal.tasks.testing.junit.JUnitTestClassExecutor.execute(JUnitTestClassExecutor.java:58)
	at org.gradle.api.internal.tasks.testing.junit.JUnitTestClassExecutor.execute(JUnitTestClassExecutor.java:38)
	at org.gradle.api.internal.tasks.testing.junit.AbstractJUnitTestClassProcessor.processTestClass(AbstractJUnitTestClassProcessor.java:66)
	at org.gradle.api.internal.tasks.testing.SuiteTestClassProcessor.processTestClass(SuiteTestClassProcessor.java:51)
	at sun.reflect.NativeMethodAccessorImpl.invoke0(Native Method)
	at sun.reflect.NativeMethodAccessorImpl.invoke(NativeMethodAccessorImpl.java:62)
	at sun.reflect.DelegatingMethodAccessorImpl.invoke(DelegatingMethodAccessorImpl.java:43)
	at java.lang.reflect.Method.invoke(Method.java:498)
	at org.gradle.internal.dispatch.ReflectionDispatch.dispatch(ReflectionDispatch.java:35)
	at org.gradle.internal.dispatch.ReflectionDispatch.dispatch(ReflectionDispatch.java:24)
	at org.gradle.internal.dispatch.ContextClassLoaderDispatch.dispatch(ContextClassLoaderDispatch.java:32)
	at org.gradle.internal.dispatch.ProxyDispatchAdapter$DispatchingInvocationHandler.invoke(ProxyDispatchAdapter.java:93)
	at com.sun.proxy.$Proxy2.processTestClass(Unknown Source)
	at org.gradle.api.internal.tasks.testing.worker.TestWorker.processTestClass(TestWorker.java:117)
	at sun.reflect.NativeMethodAccessorImpl.invoke0(Native Method)
	at sun.reflect.NativeMethodAccessorImpl.invoke(NativeMethodAccessorImpl.java:62)
	at sun.reflect.DelegatingMethodAccessorImpl.invoke(DelegatingMethodAccessorImpl.java:43)
	at java.lang.reflect.Method.invoke(Method.java:498)
	at org.gradle.internal.dispatch.ReflectionDispatch.dispatch(ReflectionDispatch.java:35)
	at org.gradle.internal.dispatch.ReflectionDispatch.dispatch(ReflectionDispatch.java:24)
	at org.gradle.internal.remote.internal.hub.MessageHubBackedObjectConnection$DispatchWrapper.dispatch(MessageHubBackedObjectConnection.java:155)
	at org.gradle.internal.remote.internal.hub.MessageHubBackedObjectConnection$DispatchWrapper.dispatch(MessageHubBackedObjectConnection.java:137)
	at org.gradle.internal.remote.internal.hub.MessageHub$Handler.run(MessageHub.java:404)
	at org.gradle.internal.concurrent.ExecutorPolicy$CatchAndRecordFailures.onExecute(ExecutorPolicy.java:63)
	at org.gradle.internal.concurrent.ManagedExecutorImpl$1.run(ManagedExecutorImpl.java:46)
	at java.util.concurrent.ThreadPoolExecutor.runWorker(ThreadPoolExecutor.java:1149)
	at java.util.concurrent.ThreadPoolExecutor$Worker.run(ThreadPoolExecutor.java:624)
	at org.gradle.internal.concurrent.ThreadFactoryImpl$ManagedThreadRunnable.run(ThreadFactoryImpl.java:55)
	at java.lang.Thread.run(Thread.java:748)
</pre>
</span>
</div>
<div class="test">
<a name="publish[3: com.dotcms.publishing.PublisherAPIImplTest$TestCase@428ad927]"></a>
<h3 class="failures">publish[3: com.dotcms.publishing.PublisherAPIImplTest$TestCase@428ad927]</h3>
<span class="code">
<pre>java.lang.AssertionError: Fail for Folder:
Asset -&gt; com.dotmarketing.portlets.folders.model.Folder@5b17bda6[name=testName1614031169230,sortOrder=0,showOnMenu=false,hostId=9186d443-c1c3-49b5-b24e-a9e1b38d471f,title=testTitle1614031169230,filesMasks=&lt;null&gt;,defaultFileType=33888b6f-7a8e-4069-b1b6-5c1aa9d0a48d,modDate=2021-02-22 21:59:29.0,iDate=2021-02-22 21:59:29.0,type=folder,owner=&lt;null&gt;,inode=97a76902-2d15-443a-8fd2-d9bdf9b5c58a,identifier=77e8a99f-c390-485d-a185-7bfbb46030e2] 
difference -&gt; inode&gt;97a76902-2d15-443a-8fd2-d9bdf9b5c58a&lt;/inode&gt;&lt;identifier&gt;77e8a99f-c390-485d-a185-7bfbb46030e2&lt;/identifier&gt;&lt;name&gt;testName1614031169230&lt;/name&gt;&lt;sortOrder&gt;0&lt;/sortOrder&gt;&lt;showOnMenu&gt;false&lt;/showOnMenu&gt;&lt;hostId&gt;9186d443-c1c3-49b5-b24e-a9e1b38d471f&lt;/hostId&gt;&lt;title&gt;testTitle1614031169230&lt;/title&gt;&lt;defaultFileType&gt;33888b6f-7a8e-4069-b1b6-5c1aa9d0a48d&lt;/defaultFileType&gt;&lt;/folder&gt;&lt;folderId&gt;&lt;id&gt;77e8a99f-c390-485d-a185-7bfbb46030e2&lt;/id&gt;&lt;assetName&gt;testName1614031169230&lt;/assetName&gt;&lt;assetType&gt;folder&lt;/assetType&gt;&lt;hostId&gt;SYSTEM_HOST&lt;/hostId&gt;&lt;assetSubType&gt;Host&lt;/assetSubType&gt;&lt;/hostId&gt;&lt;operation&gt;PUBLISH&lt;/operation&gt;&lt;/com.dotcms.publisher.pusher.wrapper.FolderWrapper&gt;
expected -&gt; &lt;com.dotcms.publisher.pusher.wrapper.FolderWrapper&gt;&lt;folder&gt;&lt;type&gt;folder&lt;/type&gt;&lt;assetSubType&gt;Host&lt;/assetSubType&gt;&lt;/hostId&gt;&lt;operation&gt;PUBLISH&lt;/operation&gt;&lt;/com.dotcms.publisher.pusher.wrapper.FolderWrapper&gt;
real -&gt; &lt;com.dotcms.publisher.pusher.wrapper.FolderWrapper&gt;&lt;folder&gt;&lt;type&gt;folder&lt;/type&gt;&lt;inode&gt;97a76902-2d15-443a-8fd2-d9bdf9b5c58a&lt;/inode&gt;&lt;identifier&gt;77e8a99f-c390-485d-a185-7bfbb46030e2&lt;/identifier&gt;&lt;name&gt;testName1614031169230&lt;/name&gt;&lt;sortOrder&gt;0&lt;/sortOrder&gt;&lt;showOnMenu&gt;false&lt;/showOnMenu&gt;&lt;hostId&gt;9186d443-c1c3-49b5-b24e-a9e1b38d471f&lt;/hostId&gt;&lt;title&gt;testTitle1614031169230&lt;/title&gt;&lt;defaultFileType&gt;33888b6f-7a8e-4069-b1b6-5c1aa9d0a48d&lt;/defaultFileType&gt;&lt;/folder&gt;&lt;folderId&gt;&lt;id&gt;77e8a99f-c390-485d-a185-7bfbb46030e2&lt;/id&gt;&lt;assetName&gt;testName1614031169230&lt;/assetName&gt;&lt;assetType&gt;folder&lt;/assetType&gt;&lt;hostId&gt;SYSTEM_HOST&lt;/hostId&gt;&lt;assetSubType&gt;Host&lt;/assetSubType&gt;&lt;/hostId&gt;&lt;operation&gt;PUBLISH&lt;/operation&gt;&lt;/com.dotcms.publisher.pusher.wrapper.FolderWrapper&gt;

	at org.jgroups.util.Util.assertEquals(Util.java:185)
	at com.dotcms.test.util.FileTestUtil.assertBundleFile(FileTestUtil.java:254)
	at com.dotcms.test.util.FileTestUtil.assertBundleFile(FileTestUtil.java:191)
	at com.dotcms.publishing.PublisherAPIImplTest.publish(PublisherAPIImplTest.java:379)
	at sun.reflect.NativeMethodAccessorImpl.invoke0(Native Method)
	at sun.reflect.NativeMethodAccessorImpl.invoke(NativeMethodAccessorImpl.java:62)
	at sun.reflect.DelegatingMethodAccessorImpl.invoke(DelegatingMethodAccessorImpl.java:43)
	at java.lang.reflect.Method.invoke(Method.java:498)
	at org.junit.runners.model.FrameworkMethod$1.runReflectiveCall(FrameworkMethod.java:50)
	at org.junit.internal.runners.model.ReflectiveCallable.run(ReflectiveCallable.java:12)
	at org.junit.runners.model.FrameworkMethod.invokeExplosively(FrameworkMethod.java:47)
	at com.tngtech.java.junit.dataprovider.DataProviderFrameworkMethod.invokeExplosively(DataProviderFrameworkMethod.java:119)
	at org.junit.internal.runners.statements.InvokeMethod.evaluate(InvokeMethod.java:17)
	at org.junit.rules.TestWatcher$1.evaluate(TestWatcher.java:55)
	at org.junit.rules.RunRules.evaluate(RunRules.java:20)
	at org.junit.runners.ParentRunner.runLeaf(ParentRunner.java:325)
	at com.dotcms.junit.CustomDataProviderRunner.runChild(CustomDataProviderRunner.java:28)
	at com.dotcms.junit.CustomDataProviderRunner.runChild(CustomDataProviderRunner.java:13)
	at org.junit.runners.ParentRunner$3.run(ParentRunner.java:290)
	at org.junit.runners.ParentRunner$1.schedule(ParentRunner.java:71)
	at org.junit.runners.ParentRunner.runChildren(ParentRunner.java:288)
	at org.junit.runners.ParentRunner.access$000(ParentRunner.java:58)
	at org.junit.runners.ParentRunner$2.evaluate(ParentRunner.java:268)
	at org.junit.internal.runners.statements.RunBefores.evaluate(RunBefores.java:26)
	at org.junit.internal.runners.statements.RunAfters.evaluate(RunAfters.java:27)
	at org.junit.runners.ParentRunner.run(ParentRunner.java:363)
	at org.junit.runners.Suite.runChild(Suite.java:128)
	at org.junit.runners.Suite.runChild(Suite.java:27)
	at org.junit.runners.ParentRunner$3.run(ParentRunner.java:290)
	at org.junit.runners.ParentRunner$1.schedule(ParentRunner.java:71)
	at org.junit.runners.ParentRunner.runChildren(ParentRunner.java:288)
	at org.junit.runners.ParentRunner.access$000(ParentRunner.java:58)
	at org.junit.runners.ParentRunner$2.evaluate(ParentRunner.java:268)
	at org.junit.runners.ParentRunner.run(ParentRunner.java:363)
	at org.gradle.api.internal.tasks.testing.junit.JUnitTestClassExecutor.runTestClass(JUnitTestClassExecutor.java:106)
	at org.gradle.api.internal.tasks.testing.junit.JUnitTestClassExecutor.execute(JUnitTestClassExecutor.java:58)
	at org.gradle.api.internal.tasks.testing.junit.JUnitTestClassExecutor.execute(JUnitTestClassExecutor.java:38)
	at org.gradle.api.internal.tasks.testing.junit.AbstractJUnitTestClassProcessor.processTestClass(AbstractJUnitTestClassProcessor.java:66)
	at org.gradle.api.internal.tasks.testing.SuiteTestClassProcessor.processTestClass(SuiteTestClassProcessor.java:51)
	at sun.reflect.NativeMethodAccessorImpl.invoke0(Native Method)
	at sun.reflect.NativeMethodAccessorImpl.invoke(NativeMethodAccessorImpl.java:62)
	at sun.reflect.DelegatingMethodAccessorImpl.invoke(DelegatingMethodAccessorImpl.java:43)
	at java.lang.reflect.Method.invoke(Method.java:498)
	at org.gradle.internal.dispatch.ReflectionDispatch.dispatch(ReflectionDispatch.java:35)
	at org.gradle.internal.dispatch.ReflectionDispatch.dispatch(ReflectionDispatch.java:24)
	at org.gradle.internal.dispatch.ContextClassLoaderDispatch.dispatch(ContextClassLoaderDispatch.java:32)
	at org.gradle.internal.dispatch.ProxyDispatchAdapter$DispatchingInvocationHandler.invoke(ProxyDispatchAdapter.java:93)
	at com.sun.proxy.$Proxy2.processTestClass(Unknown Source)
	at org.gradle.api.internal.tasks.testing.worker.TestWorker.processTestClass(TestWorker.java:117)
	at sun.reflect.NativeMethodAccessorImpl.invoke0(Native Method)
	at sun.reflect.NativeMethodAccessorImpl.invoke(NativeMethodAccessorImpl.java:62)
	at sun.reflect.DelegatingMethodAccessorImpl.invoke(DelegatingMethodAccessorImpl.java:43)
	at java.lang.reflect.Method.invoke(Method.java:498)
	at org.gradle.internal.dispatch.ReflectionDispatch.dispatch(ReflectionDispatch.java:35)
	at org.gradle.internal.dispatch.ReflectionDispatch.dispatch(ReflectionDispatch.java:24)
	at org.gradle.internal.remote.internal.hub.MessageHubBackedObjectConnection$DispatchWrapper.dispatch(MessageHubBackedObjectConnection.java:155)
	at org.gradle.internal.remote.internal.hub.MessageHubBackedObjectConnection$DispatchWrapper.dispatch(MessageHubBackedObjectConnection.java:137)
	at org.gradle.internal.remote.internal.hub.MessageHub$Handler.run(MessageHub.java:404)
	at org.gradle.internal.concurrent.ExecutorPolicy$CatchAndRecordFailures.onExecute(ExecutorPolicy.java:63)
	at org.gradle.internal.concurrent.ManagedExecutorImpl$1.run(ManagedExecutorImpl.java:46)
	at java.util.concurrent.ThreadPoolExecutor.runWorker(ThreadPoolExecutor.java:1149)
	at java.util.concurrent.ThreadPoolExecutor$Worker.run(ThreadPoolExecutor.java:624)
	at org.gradle.internal.concurrent.ThreadFactoryImpl$ManagedThreadRunnable.run(ThreadFactoryImpl.java:55)
	at java.lang.Thread.run(Thread.java:748)
</pre>
</span>
</div>
<div class="test">
<a name="publish[4: com.dotcms.publishing.PublisherAPIImplTest$TestCase@74f8807c]"></a>
<h3 class="failures">publish[4: com.dotcms.publishing.PublisherAPIImplTest$TestCase@74f8807c]</h3>
<span class="code">
<pre>java.lang.AssertionError: Fail for Container:
Asset -&gt; com.dotmarketing.portlets.containers.model.Container@7d968b01[code=&lt;null&gt;,maxContentlets=5,useDiv=true,sortContentletsBy=&lt;null&gt;,preLoop=&lt;div&gt;,postLoop=&lt;/div&gt;,staticify=true,luceneQuery=&lt;null&gt;,notes=testNotes1614031170247,source=DB,title=testTitle1614031170247,friendlyName=testFriendlyName1614031170247,modDate=Mon Feb 22 21:59:30 GMT 2021,modUser=system,sortOrder=0,showOnMenu=false,iDate=Mon Feb 22 21:59:30 GMT 2021,type=containers,owner=system,inode=88675a58-9ae2-444e-bc68-17a35d7468bd,identifier=f883b797-057f-4335-8a96-7ecd5f8bcae4] 
difference -&gt; /containerId&gt;&lt;container&gt;&lt;type&gt;containers&lt;/type&gt;&lt;inode&gt;88675a58-9ae2-444e-bc68-17a35d7468bd&lt;/inode&gt;&lt;identifier&gt;f883b797-057f-4335-8a96-7ecd5f8bcae4&lt;/identifier&gt;&lt;source&gt;DB&lt;/source&gt;&lt;title&gt;testTitle1614031170247&lt;/title&gt;&lt;friendlyName&gt;testFriendlyName1614031170247&lt;/friendlyName&gt;&lt;modUser&gt;system&lt;/modUser&gt;&lt;sortOrder&gt;0&lt;/sortOrder&gt;&lt;showOnMenu&gt;false&lt;/showOnMenu&gt;&lt;maxContentlets&gt;5&lt;/maxContentlets&gt;&lt;useDiv&gt;true&lt;/useDiv&gt;&lt;preLoop&gt;&amp;lt;div&amp;gt;&lt;/preLoop&gt;&lt;postLoop&gt;&amp;lt;/div&amp;gt;&lt;/postLoop&gt;&lt;staticify&gt;true&lt;/staticify&gt;&lt;notes&gt;testNotes1614031170247&lt;/notes&gt;&lt;/container&gt;&lt;cvi class=&quot;com.dotmarketing.portlets.containers.model.ContainerVersionInfo&quot;&gt;&lt;identifier&gt;f883b797-057f-4335-8a96-7ecd5f8bcae4&lt;/identifier&gt;&lt;workingInode&gt;88675a58-9ae2-444e-bc68-17a35d7468bd&lt;/workingInode&gt;&lt;deleted&gt;false&lt;/deleted&gt;&lt;/cvi&gt;&lt;operation&gt;PUBLISH&lt;/operation&gt;&lt;csList class=&quot;com.google.common.collect.RegularImmutableList&quot; resolves-to=&quot;com.google.common.collect.ImmutableList$SerializedForm&quot;&gt;&lt;elements&gt;&lt;com.dotmarketing.beans.ContainerStructure&gt;&lt;id&gt;e9379aed-36c4-4611-9687-a501d8003db7&lt;/id&gt;&lt;structureId&gt;97724c55-5df3-45e7-ae5c-4af69201bbef&lt;/structureId&gt;&lt;containerInode&gt;88675a58-9ae2-444e-bc68-17a35d7468bd&lt;/containerInode&gt;&lt;containerId&gt;f883b797-057f-4335-8a96-7ecd5f8bcae4&lt;/containerId&gt;&lt;/com.dotmarketing.beans.ContainerStructure&gt;&lt;/elements&gt;&lt;/csList&gt;&lt;/com.dotcms.publisher.pusher.wrapper.ContainerWrapper&gt;
expected -&gt; &lt;com.dotcms.publisher.pusher.wrapper.ContainerWrapper&gt;&lt;containerId&gt;&lt;id&gt;f883b797-057f-4335-8a96-7ecd5f8bcae4&lt;/id&gt;&lt;assetName&gt;f883b797-057f-4335-8a96-7ecd5f8bcae4.containers&lt;/assetName&gt;&lt;assetType&gt;containers&lt;/assetType&gt;&lt;parentPath&gt;/&lt;/parentPath&gt;&lt;hostId&gt;e68430a5-2bff-490c-bb77-bf19672e7bef&lt;/hostId&gt;&lt;inode&gt;88675a58-9ae2-444e-bc68-17a35d7468bd&lt;/inode&gt;&lt;identifier&gt;f883b797-057f-4335-8a96-7ecd5f8bcae4&lt;/identifier&gt;&lt;source&gt;DB&lt;/source&gt;&lt;title&gt;testTitle1614031170247&lt;/title&gt;&lt;friendlyName&gt;testFriendlyName1614031170247&lt;/friendlyName&gt;&lt;modUser&gt;system&lt;/modUser&gt;&lt;sortOrder&gt;0&lt;/sortOrder&gt;&lt;showOnMenu&gt;false&lt;/showOnMenu&gt;&lt;maxContentlets&gt;5&lt;/maxContentlets&gt;&lt;useDiv&gt;true&lt;/useDiv&gt;&lt;preLoop&gt;&amp;lt;div&amp;gt;&lt;/preLoop&gt;&lt;postLoop&gt;&amp;lt;/div&amp;gt;&lt;/postLoop&gt;&lt;staticify&gt;true&lt;/staticify&gt;&lt;notes&gt;testNotes1614031170247&lt;/notes&gt;&lt;/container&gt;&lt;cvi class=&quot;com.dotmarketing.portlets.containers.model.ContainerVersionInfo&quot;&gt;&lt;identifier&gt;f883b797-057f-4335-8a96-7ecd5f8bcae4&lt;/identifier&gt;&lt;workingInode&gt;88675a58-9ae2-444e-bc68-17a35d7468bd&lt;/workingInode&gt;&lt;deleted&gt;false&lt;/deleted&gt;&lt;/cvi&gt;&lt;operation&gt;PUBLISH&lt;/operation&gt;&lt;csList class=&quot;com.google.common.collect.RegularImmutableList&quot; resolves-to=&quot;com.google.common.collect.ImmutableList$SerializedForm&quot;&gt;&lt;elements&gt;&lt;com.dotmarketing.beans.ContainerStructure&gt;&lt;id&gt;e9379aed-36c4-4611-9687-a501d8003db7&lt;/id&gt;&lt;structureId&gt;97724c55-5df3-45e7-ae5c-4af69201bbef&lt;/structureId&gt;&lt;containerInode&gt;88675a58-9ae2-444e-bc68-17a35d7468bd&lt;/containerInode&gt;&lt;containerId&gt;f883b797-057f-4335-8a96-7ecd5f8bcae4&lt;/containerId&gt;&lt;code&gt;__code__&lt;/code&gt;&lt;/com.dotmarketing.beans.ContainerStructure&gt;&lt;/elements&gt;&lt;/csList&gt;&lt;/com.dotcms.publisher.pusher.wrapper.ContainerWrapper&gt;
real -&gt; &lt;com.dotcms.publisher.pusher.wrapper.ContainerWrapper&gt;&lt;containerId&gt;&lt;id&gt;f883b797-057f-4335-8a96-7ecd5f8bcae4&lt;/id&gt;&lt;assetName&gt;f883b797-057f-4335-8a96-7ecd5f8bcae4.containers&lt;/assetName&gt;&lt;assetType&gt;containers&lt;/assetType&gt;&lt;parentPath&gt;/&lt;/parentPath&gt;&lt;hostId&gt;e68430a5-2bff-490c-bb77-bf19672e7bef&lt;/hostId&gt;&lt;/containerId&gt;&lt;container&gt;&lt;type&gt;containers&lt;/type&gt;&lt;inode&gt;88675a58-9ae2-444e-bc68-17a35d7468bd&lt;/inode&gt;&lt;identifier&gt;f883b797-057f-4335-8a96-7ecd5f8bcae4&lt;/identifier&gt;&lt;source&gt;DB&lt;/source&gt;&lt;title&gt;testTitle1614031170247&lt;/title&gt;&lt;friendlyName&gt;testFriendlyName1614031170247&lt;/friendlyName&gt;&lt;modUser&gt;system&lt;/modUser&gt;&lt;sortOrder&gt;0&lt;/sortOrder&gt;&lt;showOnMenu&gt;false&lt;/showOnMenu&gt;&lt;maxContentlets&gt;5&lt;/maxContentlets&gt;&lt;useDiv&gt;true&lt;/useDiv&gt;&lt;preLoop&gt;&amp;lt;div&amp;gt;&lt;/preLoop&gt;&lt;postLoop&gt;&amp;lt;/div&amp;gt;&lt;/postLoop&gt;&lt;staticify&gt;true&lt;/staticify&gt;&lt;notes&gt;testNotes1614031170247&lt;/notes&gt;&lt;/container&gt;&lt;cvi class=&quot;com.dotmarketing.portlets.containers.model.ContainerVersionInfo&quot;&gt;&lt;identifier&gt;f883b797-057f-4335-8a96-7ecd5f8bcae4&lt;/identifier&gt;&lt;workingInode&gt;88675a58-9ae2-444e-bc68-17a35d7468bd&lt;/workingInode&gt;&lt;deleted&gt;false&lt;/deleted&gt;&lt;/cvi&gt;&lt;operation&gt;PUBLISH&lt;/operation&gt;&lt;csList class=&quot;com.google.common.collect.RegularImmutableList&quot; resolves-to=&quot;com.google.common.collect.ImmutableList$SerializedForm&quot;&gt;&lt;elements&gt;&lt;com.dotmarketing.beans.ContainerStructure&gt;&lt;id&gt;e9379aed-36c4-4611-9687-a501d8003db7&lt;/id&gt;&lt;structureId&gt;97724c55-5df3-45e7-ae5c-4af69201bbef&lt;/structureId&gt;&lt;containerInode&gt;88675a58-9ae2-444e-bc68-17a35d7468bd&lt;/containerInode&gt;&lt;containerId&gt;f883b797-057f-4335-8a96-7ecd5f8bcae4&lt;/containerId&gt;&lt;/com.dotmarketing.beans.ContainerStructure&gt;&lt;/elements&gt;&lt;/csList&gt;&lt;/com.dotcms.publisher.pusher.wrapper.ContainerWrapper&gt;

	at org.jgroups.util.Util.assertEquals(Util.java:185)
	at com.dotcms.test.util.FileTestUtil.assertBundleFile(FileTestUtil.java:254)
	at com.dotcms.test.util.FileTestUtil.assertBundleFile(FileTestUtil.java:151)
	at com.dotcms.publishing.PublisherAPIImplTest.publish(PublisherAPIImplTest.java:383)
	at sun.reflect.NativeMethodAccessorImpl.invoke0(Native Method)
	at sun.reflect.NativeMethodAccessorImpl.invoke(NativeMethodAccessorImpl.java:62)
	at sun.reflect.DelegatingMethodAccessorImpl.invoke(DelegatingMethodAccessorImpl.java:43)
	at java.lang.reflect.Method.invoke(Method.java:498)
	at org.junit.runners.model.FrameworkMethod$1.runReflectiveCall(FrameworkMethod.java:50)
	at org.junit.internal.runners.model.ReflectiveCallable.run(ReflectiveCallable.java:12)
	at org.junit.runners.model.FrameworkMethod.invokeExplosively(FrameworkMethod.java:47)
	at com.tngtech.java.junit.dataprovider.DataProviderFrameworkMethod.invokeExplosively(DataProviderFrameworkMethod.java:119)
	at org.junit.internal.runners.statements.InvokeMethod.evaluate(InvokeMethod.java:17)
	at org.junit.rules.TestWatcher$1.evaluate(TestWatcher.java:55)
	at org.junit.rules.RunRules.evaluate(RunRules.java:20)
	at org.junit.runners.ParentRunner.runLeaf(ParentRunner.java:325)
	at com.dotcms.junit.CustomDataProviderRunner.runChild(CustomDataProviderRunner.java:28)
	at com.dotcms.junit.CustomDataProviderRunner.runChild(CustomDataProviderRunner.java:13)
	at org.junit.runners.ParentRunner$3.run(ParentRunner.java:290)
	at org.junit.runners.ParentRunner$1.schedule(ParentRunner.java:71)
	at org.junit.runners.ParentRunner.runChildren(ParentRunner.java:288)
	at org.junit.runners.ParentRunner.access$000(ParentRunner.java:58)
	at org.junit.runners.ParentRunner$2.evaluate(ParentRunner.java:268)
	at org.junit.internal.runners.statements.RunBefores.evaluate(RunBefores.java:26)
	at org.junit.internal.runners.statements.RunAfters.evaluate(RunAfters.java:27)
	at org.junit.runners.ParentRunner.run(ParentRunner.java:363)
	at org.junit.runners.Suite.runChild(Suite.java:128)
	at org.junit.runners.Suite.runChild(Suite.java:27)
	at org.junit.runners.ParentRunner$3.run(ParentRunner.java:290)
	at org.junit.runners.ParentRunner$1.schedule(ParentRunner.java:71)
	at org.junit.runners.ParentRunner.runChildren(ParentRunner.java:288)
	at org.junit.runners.ParentRunner.access$000(ParentRunner.java:58)
	at org.junit.runners.ParentRunner$2.evaluate(ParentRunner.java:268)
	at org.junit.runners.ParentRunner.run(ParentRunner.java:363)
	at org.gradle.api.internal.tasks.testing.junit.JUnitTestClassExecutor.runTestClass(JUnitTestClassExecutor.java:106)
	at org.gradle.api.internal.tasks.testing.junit.JUnitTestClassExecutor.execute(JUnitTestClassExecutor.java:58)
	at org.gradle.api.internal.tasks.testing.junit.JUnitTestClassExecutor.execute(JUnitTestClassExecutor.java:38)
	at org.gradle.api.internal.tasks.testing.junit.AbstractJUnitTestClassProcessor.processTestClass(AbstractJUnitTestClassProcessor.java:66)
	at org.gradle.api.internal.tasks.testing.SuiteTestClassProcessor.processTestClass(SuiteTestClassProcessor.java:51)
	at sun.reflect.NativeMethodAccessorImpl.invoke0(Native Method)
	at sun.reflect.NativeMethodAccessorImpl.invoke(NativeMethodAccessorImpl.java:62)
	at sun.reflect.DelegatingMethodAccessorImpl.invoke(DelegatingMethodAccessorImpl.java:43)
	at java.lang.reflect.Method.invoke(Method.java:498)
	at org.gradle.internal.dispatch.ReflectionDispatch.dispatch(ReflectionDispatch.java:35)
	at org.gradle.internal.dispatch.ReflectionDispatch.dispatch(ReflectionDispatch.java:24)
	at org.gradle.internal.dispatch.ContextClassLoaderDispatch.dispatch(ContextClassLoaderDispatch.java:32)
	at org.gradle.internal.dispatch.ProxyDispatchAdapter$DispatchingInvocationHandler.invoke(ProxyDispatchAdapter.java:93)
	at com.sun.proxy.$Proxy2.processTestClass(Unknown Source)
	at org.gradle.api.internal.tasks.testing.worker.TestWorker.processTestClass(TestWorker.java:117)
	at sun.reflect.NativeMethodAccessorImpl.invoke0(Native Method)
	at sun.reflect.NativeMethodAccessorImpl.invoke(NativeMethodAccessorImpl.java:62)
	at sun.reflect.DelegatingMethodAccessorImpl.invoke(DelegatingMethodAccessorImpl.java:43)
	at java.lang.reflect.Method.invoke(Method.java:498)
	at org.gradle.internal.dispatch.ReflectionDispatch.dispatch(ReflectionDispatch.java:35)
	at org.gradle.internal.dispatch.ReflectionDispatch.dispatch(ReflectionDispatch.java:24)
	at org.gradle.internal.remote.internal.hub.MessageHubBackedObjectConnection$DispatchWrapper.dispatch(MessageHubBackedObjectConnection.java:155)
	at org.gradle.internal.remote.internal.hub.MessageHubBackedObjectConnection$DispatchWrapper.dispatch(MessageHubBackedObjectConnection.java:137)
	at org.gradle.internal.remote.internal.hub.MessageHub$Handler.run(MessageHub.java:404)
	at org.gradle.internal.concurrent.ExecutorPolicy$CatchAndRecordFailures.onExecute(ExecutorPolicy.java:63)
	at org.gradle.internal.concurrent.ManagedExecutorImpl$1.run(ManagedExecutorImpl.java:46)
	at java.util.concurrent.ThreadPoolExecutor.runWorker(ThreadPoolExecutor.java:1149)
	at java.util.concurrent.ThreadPoolExecutor$Worker.run(ThreadPoolExecutor.java:624)
	at org.gradle.internal.concurrent.ThreadFactoryImpl$ManagedThreadRunnable.run(ThreadFactoryImpl.java:55)
	at java.lang.Thread.run(Thread.java:748)
</pre>
</span>
</div>
<div class="test">
<a name="publish[5: com.dotcms.publishing.PublisherAPIImplTest$TestCase@1b744756]"></a>
<h3 class="failures">publish[5: com.dotcms.publishing.PublisherAPIImplTest$TestCase@1b744756]</h3>
<span class="code">
<pre>java.lang.AssertionError: Fail for Link:
Asset -&gt; com.dotmarketing.portlets.links.model.Link@1fb7042c 
difference -&gt; /linkId&gt;&lt;links&gt;&lt;com.dotmarketing.portlets.links.model.Link&gt;&lt;type&gt;links&lt;/type&gt;&lt;inode&gt;68211284-2758-4b94-92f7-0e1e5202d157&lt;/inode&gt;&lt;identifier&gt;2de7aa82-4d72-42e9-9943-b591dcfdcac9&lt;/identifier&gt;&lt;source&gt;DB&lt;/source&gt;&lt;title&gt;LinkTitle1614031171304&lt;/title&gt;&lt;friendlyName&gt;LinkTitle1614031171304&lt;/friendlyName&gt;&lt;modUser&gt;system&lt;/modUser&gt;&lt;sortOrder&gt;0&lt;/sortOrder&gt;&lt;showOnMenu&gt;false&lt;/showOnMenu&gt;&lt;parent&gt;/testName1614031171297/&lt;/parent&gt;&lt;protocal&gt;https://&lt;/protocal&gt;&lt;url&gt;www.google.com&lt;/url&gt;&lt;target&gt;_blank&lt;/target&gt;&lt;linkType&gt;EXTERNAL&lt;/linkType&gt;&lt;hostId&gt;f49980ec-8349-46fd-a36e-d46d786271bc&lt;/hostId&gt;&lt;/com.dotmarketing.portlets.links.model.Link&gt;&lt;/links&gt;&lt;vi class=&quot;com.dotmarketing.portlets.links.model.LinkVersionInfo&quot;&gt;&lt;identifier&gt;2de7aa82-4d72-42e9-9943-b591dcfdcac9&lt;/identifier&gt;&lt;workingInode&gt;68211284-2758-4b94-92f7-0e1e5202d157&lt;/workingInode&gt;&lt;deleted&gt;false&lt;/deleted&gt;&lt;/vi&gt;&lt;operation&gt;PUBLISH&lt;/operation&gt;&lt;/com.dotcms.publisher.pusher.wrapper.LinkWrapper&gt;
expected -&gt; &lt;com.dotcms.publisher.pusher.wrapper.LinkWrapper&gt;&lt;linkId&gt;&lt;id&gt;2de7aa82-4d72-42e9-9943-b591dcfdcac9&lt;/id&gt;&lt;assetName&gt;68211284-2758-4b94-92f7-0e1e5202d157&lt;/assetName&gt;&lt;assetType&gt;links&lt;/assetType&gt;&lt;parentPath&gt;/testName1614031171297/&lt;/parentPath&gt;&lt;hostId&gt;f49980ec-8349-46fd-a36e-d46d786271bc&lt;/hostId&gt;&lt;inode&gt;68211284-2758-4b94-92f7-0e1e5202d157&lt;/inode&gt;&lt;identifier&gt;2de7aa82-4d72-42e9-9943-b591dcfdcac9&lt;/identifier&gt;&lt;source&gt;DB&lt;/source&gt;&lt;title&gt;LinkTitle1614031171304&lt;/title&gt;&lt;friendlyName&gt;LinkTitle1614031171304&lt;/friendlyName&gt;&lt;modUser&gt;system&lt;/modUser&gt;&lt;sortOrder&gt;0&lt;/sortOrder&gt;&lt;showOnMenu&gt;false&lt;/showOnMenu&gt;&lt;parent&gt;/testName1614031171297/&lt;/parent&gt;&lt;protocal&gt;https://&lt;/protocal&gt;&lt;url&gt;www.google.com&lt;/url&gt;&lt;target&gt;_blank&lt;/target&gt;&lt;internalLinkIdentifier&gt;&lt;/internalLinkIdentifier&gt;&lt;linkType&gt;EXTERNAL&lt;/linkType&gt;&lt;linkCode&gt;&lt;/linkCode&gt;&lt;hostId&gt;f49980ec-8349-46fd-a36e-d46d786271bc&lt;/hostId&gt;&lt;/com.dotmarketing.portlets.links.model.Link&gt;&lt;/links&gt;&lt;vi class=&quot;com.dotmarketing.portlets.links.model.LinkVersionInfo&quot;&gt;&lt;identifier&gt;2de7aa82-4d72-42e9-9943-b591dcfdcac9&lt;/identifier&gt;&lt;workingInode&gt;68211284-2758-4b94-92f7-0e1e5202d157&lt;/workingInode&gt;&lt;deleted&gt;false&lt;/deleted&gt;&lt;/vi&gt;&lt;operation&gt;PUBLISH&lt;/operation&gt;&lt;/com.dotcms.publisher.pusher.wrapper.LinkWrapper&gt;
real -&gt; &lt;com.dotcms.publisher.pusher.wrapper.LinkWrapper&gt;&lt;linkId&gt;&lt;id&gt;2de7aa82-4d72-42e9-9943-b591dcfdcac9&lt;/id&gt;&lt;assetName&gt;68211284-2758-4b94-92f7-0e1e5202d157&lt;/assetName&gt;&lt;assetType&gt;links&lt;/assetType&gt;&lt;parentPath&gt;/testName1614031171297/&lt;/parentPath&gt;&lt;hostId&gt;f49980ec-8349-46fd-a36e-d46d786271bc&lt;/hostId&gt;&lt;/linkId&gt;&lt;links&gt;&lt;com.dotmarketing.portlets.links.model.Link&gt;&lt;type&gt;links&lt;/type&gt;&lt;inode&gt;68211284-2758-4b94-92f7-0e1e5202d157&lt;/inode&gt;&lt;identifier&gt;2de7aa82-4d72-42e9-9943-b591dcfdcac9&lt;/identifier&gt;&lt;source&gt;DB&lt;/source&gt;&lt;title&gt;LinkTitle1614031171304&lt;/title&gt;&lt;friendlyName&gt;LinkTitle1614031171304&lt;/friendlyName&gt;&lt;modUser&gt;system&lt;/modUser&gt;&lt;sortOrder&gt;0&lt;/sortOrder&gt;&lt;showOnMenu&gt;false&lt;/showOnMenu&gt;&lt;parent&gt;/testName1614031171297/&lt;/parent&gt;&lt;protocal&gt;https://&lt;/protocal&gt;&lt;url&gt;www.google.com&lt;/url&gt;&lt;target&gt;_blank&lt;/target&gt;&lt;linkType&gt;EXTERNAL&lt;/linkType&gt;&lt;hostId&gt;f49980ec-8349-46fd-a36e-d46d786271bc&lt;/hostId&gt;&lt;/com.dotmarketing.portlets.links.model.Link&gt;&lt;/links&gt;&lt;vi class=&quot;com.dotmarketing.portlets.links.model.LinkVersionInfo&quot;&gt;&lt;identifier&gt;2de7aa82-4d72-42e9-9943-b591dcfdcac9&lt;/identifier&gt;&lt;workingInode&gt;68211284-2758-4b94-92f7-0e1e5202d157&lt;/workingInode&gt;&lt;deleted&gt;false&lt;/deleted&gt;&lt;/vi&gt;&lt;operation&gt;PUBLISH&lt;/operation&gt;&lt;/com.dotcms.publisher.pusher.wrapper.LinkWrapper&gt;

	at org.jgroups.util.Util.assertEquals(Util.java:185)
	at com.dotcms.test.util.FileTestUtil.assertBundleFile(FileTestUtil.java:254)
	at com.dotcms.test.util.FileTestUtil.assertBundleFile(FileTestUtil.java:191)
	at com.dotcms.publishing.PublisherAPIImplTest.publish(PublisherAPIImplTest.java:379)
	at sun.reflect.NativeMethodAccessorImpl.invoke0(Native Method)
	at sun.reflect.NativeMethodAccessorImpl.invoke(NativeMethodAccessorImpl.java:62)
	at sun.reflect.DelegatingMethodAccessorImpl.invoke(DelegatingMethodAccessorImpl.java:43)
	at java.lang.reflect.Method.invoke(Method.java:498)
	at org.junit.runners.model.FrameworkMethod$1.runReflectiveCall(FrameworkMethod.java:50)
	at org.junit.internal.runners.model.ReflectiveCallable.run(ReflectiveCallable.java:12)
	at org.junit.runners.model.FrameworkMethod.invokeExplosively(FrameworkMethod.java:47)
	at com.tngtech.java.junit.dataprovider.DataProviderFrameworkMethod.invokeExplosively(DataProviderFrameworkMethod.java:119)
	at org.junit.internal.runners.statements.InvokeMethod.evaluate(InvokeMethod.java:17)
	at org.junit.rules.TestWatcher$1.evaluate(TestWatcher.java:55)
	at org.junit.rules.RunRules.evaluate(RunRules.java:20)
	at org.junit.runners.ParentRunner.runLeaf(ParentRunner.java:325)
	at com.dotcms.junit.CustomDataProviderRunner.runChild(CustomDataProviderRunner.java:28)
	at com.dotcms.junit.CustomDataProviderRunner.runChild(CustomDataProviderRunner.java:13)
	at org.junit.runners.ParentRunner$3.run(ParentRunner.java:290)
	at org.junit.runners.ParentRunner$1.schedule(ParentRunner.java:71)
	at org.junit.runners.ParentRunner.runChildren(ParentRunner.java:288)
	at org.junit.runners.ParentRunner.access$000(ParentRunner.java:58)
	at org.junit.runners.ParentRunner$2.evaluate(ParentRunner.java:268)
	at org.junit.internal.runners.statements.RunBefores.evaluate(RunBefores.java:26)
	at org.junit.internal.runners.statements.RunAfters.evaluate(RunAfters.java:27)
	at org.junit.runners.ParentRunner.run(ParentRunner.java:363)
	at org.junit.runners.Suite.runChild(Suite.java:128)
	at org.junit.runners.Suite.runChild(Suite.java:27)
	at org.junit.runners.ParentRunner$3.run(ParentRunner.java:290)
	at org.junit.runners.ParentRunner$1.schedule(ParentRunner.java:71)
	at org.junit.runners.ParentRunner.runChildren(ParentRunner.java:288)
	at org.junit.runners.ParentRunner.access$000(ParentRunner.java:58)
	at org.junit.runners.ParentRunner$2.evaluate(ParentRunner.java:268)
	at org.junit.runners.ParentRunner.run(ParentRunner.java:363)
	at org.gradle.api.internal.tasks.testing.junit.JUnitTestClassExecutor.runTestClass(JUnitTestClassExecutor.java:106)
	at org.gradle.api.internal.tasks.testing.junit.JUnitTestClassExecutor.execute(JUnitTestClassExecutor.java:58)
	at org.gradle.api.internal.tasks.testing.junit.JUnitTestClassExecutor.execute(JUnitTestClassExecutor.java:38)
	at org.gradle.api.internal.tasks.testing.junit.AbstractJUnitTestClassProcessor.processTestClass(AbstractJUnitTestClassProcessor.java:66)
	at org.gradle.api.internal.tasks.testing.SuiteTestClassProcessor.processTestClass(SuiteTestClassProcessor.java:51)
	at sun.reflect.NativeMethodAccessorImpl.invoke0(Native Method)
	at sun.reflect.NativeMethodAccessorImpl.invoke(NativeMethodAccessorImpl.java:62)
	at sun.reflect.DelegatingMethodAccessorImpl.invoke(DelegatingMethodAccessorImpl.java:43)
	at java.lang.reflect.Method.invoke(Method.java:498)
	at org.gradle.internal.dispatch.ReflectionDispatch.dispatch(ReflectionDispatch.java:35)
	at org.gradle.internal.dispatch.ReflectionDispatch.dispatch(ReflectionDispatch.java:24)
	at org.gradle.internal.dispatch.ContextClassLoaderDispatch.dispatch(ContextClassLoaderDispatch.java:32)
	at org.gradle.internal.dispatch.ProxyDispatchAdapter$DispatchingInvocationHandler.invoke(ProxyDispatchAdapter.java:93)
	at com.sun.proxy.$Proxy2.processTestClass(Unknown Source)
	at org.gradle.api.internal.tasks.testing.worker.TestWorker.processTestClass(TestWorker.java:117)
	at sun.reflect.NativeMethodAccessorImpl.invoke0(Native Method)
	at sun.reflect.NativeMethodAccessorImpl.invoke(NativeMethodAccessorImpl.java:62)
	at sun.reflect.DelegatingMethodAccessorImpl.invoke(DelegatingMethodAccessorImpl.java:43)
	at java.lang.reflect.Method.invoke(Method.java:498)
	at org.gradle.internal.dispatch.ReflectionDispatch.dispatch(ReflectionDispatch.java:35)
	at org.gradle.internal.dispatch.ReflectionDispatch.dispatch(ReflectionDispatch.java:24)
	at org.gradle.internal.remote.internal.hub.MessageHubBackedObjectConnection$DispatchWrapper.dispatch(MessageHubBackedObjectConnection.java:155)
	at org.gradle.internal.remote.internal.hub.MessageHubBackedObjectConnection$DispatchWrapper.dispatch(MessageHubBackedObjectConnection.java:137)
	at org.gradle.internal.remote.internal.hub.MessageHub$Handler.run(MessageHub.java:404)
	at org.gradle.internal.concurrent.ExecutorPolicy$CatchAndRecordFailures.onExecute(ExecutorPolicy.java:63)
	at org.gradle.internal.concurrent.ManagedExecutorImpl$1.run(ManagedExecutorImpl.java:46)
	at java.util.concurrent.ThreadPoolExecutor.runWorker(ThreadPoolExecutor.java:1149)
	at java.util.concurrent.ThreadPoolExecutor$Worker.run(ThreadPoolExecutor.java:624)
	at org.gradle.internal.concurrent.ThreadFactoryImpl$ManagedThreadRunnable.run(ThreadFactoryImpl.java:55)
	at java.lang.Thread.run(Thread.java:748)
</pre>
</span>
</div>
<div class="test">
<a name="publish[9: com.dotcms.publishing.PublisherAPIImplTest$TestCase@7d20aefe]"></a>
<h3 class="failures">publish[9: com.dotcms.publishing.PublisherAPIImplTest$TestCase@7d20aefe]</h3>
<span class="code">
<pre>java.lang.AssertionError: Fail for Category:
Asset -&gt; com.dotmarketing.portlets.categories.model.Category@62716fc3[categoryName=CategoryName1614031166134,description=&lt;null&gt;,key=CategoryKey1614031166134,sortOrder=1,active=true,keywords=&lt;null&gt;,categoryVelocityVarName=VelocityVarName1614031166134] 
difference -&gt; inode&gt;72895dfc-e2a5-40a0-9119-3d94edd00409&lt;/inode&gt;&lt;categoryName&gt;CategoryName1614031166134&lt;/categoryName&gt;&lt;key&gt;CategoryKey1614031166134&lt;/key&gt;&lt;sortOrder&gt;1&lt;/sortOrder&gt;&lt;active&gt;true&lt;/active&gt;&lt;categoryVelocityVarName&gt;VelocityVarName1614031166134&lt;/categoryVelocityVarName&gt;&lt;/category&gt;&lt;children/&gt;&lt;operation&gt;PUBLISH&lt;/operation&gt;&lt;/com.dotcms.publisher.pusher.wrapper.CategoryWrapper&gt;
expected -&gt; &lt;com.dotcms.publisher.pusher.wrapper.CategoryWrapper&gt;&lt;topLevel&gt;true&lt;/topLevel&gt;&lt;category&gt;&lt;type&gt;category&lt;/type&gt;&lt;owner&gt;&lt;/owner&gt;&lt;inode&gt;72895dfc-e2a5-40a0-9119-3d94edd00409&lt;/inode&gt;&lt;categoryName&gt;CategoryName1614031166134&lt;/categoryName&gt;&lt;key&gt;CategoryKey1614031166134&lt;/key&gt;&lt;sortOrder&gt;1&lt;/sortOrder&gt;&lt;active&gt;true&lt;/active&gt;&lt;categoryVelocityVarName&gt;VelocityVarName1614031166134&lt;/categoryVelocityVarName&gt;&lt;/category&gt;&lt;children/&gt;&lt;operation&gt;PUBLISH&lt;/operation&gt;&lt;/com.dotcms.publisher.pusher.wrapper.CategoryWrapper&gt;
real -&gt; &lt;com.dotcms.publisher.pusher.wrapper.CategoryWrapper&gt;&lt;topLevel&gt;true&lt;/topLevel&gt;&lt;category&gt;&lt;type&gt;category&lt;/type&gt;&lt;inode&gt;72895dfc-e2a5-40a0-9119-3d94edd00409&lt;/inode&gt;&lt;categoryName&gt;CategoryName1614031166134&lt;/categoryName&gt;&lt;key&gt;CategoryKey1614031166134&lt;/key&gt;&lt;sortOrder&gt;1&lt;/sortOrder&gt;&lt;active&gt;true&lt;/active&gt;&lt;categoryVelocityVarName&gt;VelocityVarName1614031166134&lt;/categoryVelocityVarName&gt;&lt;/category&gt;&lt;children/&gt;&lt;operation&gt;PUBLISH&lt;/operation&gt;&lt;/com.dotcms.publisher.pusher.wrapper.CategoryWrapper&gt;

	at org.jgroups.util.Util.assertEquals(Util.java:185)
	at com.dotcms.test.util.FileTestUtil.assertBundleFile(FileTestUtil.java:254)
	at com.dotcms.test.util.FileTestUtil.assertBundleFile(FileTestUtil.java:151)
	at com.dotcms.publishing.PublisherAPIImplTest.publish(PublisherAPIImplTest.java:383)
	at sun.reflect.NativeMethodAccessorImpl.invoke0(Native Method)
	at sun.reflect.NativeMethodAccessorImpl.invoke(NativeMethodAccessorImpl.java:62)
	at sun.reflect.DelegatingMethodAccessorImpl.invoke(DelegatingMethodAccessorImpl.java:43)
	at java.lang.reflect.Method.invoke(Method.java:498)
	at org.junit.runners.model.FrameworkMethod$1.runReflectiveCall(FrameworkMethod.java:50)
	at org.junit.internal.runners.model.ReflectiveCallable.run(ReflectiveCallable.java:12)
	at org.junit.runners.model.FrameworkMethod.invokeExplosively(FrameworkMethod.java:47)
	at com.tngtech.java.junit.dataprovider.DataProviderFrameworkMethod.invokeExplosively(DataProviderFrameworkMethod.java:119)
	at org.junit.internal.runners.statements.InvokeMethod.evaluate(InvokeMethod.java:17)
	at org.junit.rules.TestWatcher$1.evaluate(TestWatcher.java:55)
	at org.junit.rules.RunRules.evaluate(RunRules.java:20)
	at org.junit.runners.ParentRunner.runLeaf(ParentRunner.java:325)
	at com.dotcms.junit.CustomDataProviderRunner.runChild(CustomDataProviderRunner.java:28)
	at com.dotcms.junit.CustomDataProviderRunner.runChild(CustomDataProviderRunner.java:13)
	at org.junit.runners.ParentRunner$3.run(ParentRunner.java:290)
	at org.junit.runners.ParentRunner$1.schedule(ParentRunner.java:71)
	at org.junit.runners.ParentRunner.runChildren(ParentRunner.java:288)
	at org.junit.runners.ParentRunner.access$000(ParentRunner.java:58)
	at org.junit.runners.ParentRunner$2.evaluate(ParentRunner.java:268)
	at org.junit.internal.runners.statements.RunBefores.evaluate(RunBefores.java:26)
	at org.junit.internal.runners.statements.RunAfters.evaluate(RunAfters.java:27)
	at org.junit.runners.ParentRunner.run(ParentRunner.java:363)
	at org.junit.runners.Suite.runChild(Suite.java:128)
	at org.junit.runners.Suite.runChild(Suite.java:27)
	at org.junit.runners.ParentRunner$3.run(ParentRunner.java:290)
	at org.junit.runners.ParentRunner$1.schedule(ParentRunner.java:71)
	at org.junit.runners.ParentRunner.runChildren(ParentRunner.java:288)
	at org.junit.runners.ParentRunner.access$000(ParentRunner.java:58)
	at org.junit.runners.ParentRunner$2.evaluate(ParentRunner.java:268)
	at org.junit.runners.ParentRunner.run(ParentRunner.java:363)
	at org.gradle.api.internal.tasks.testing.junit.JUnitTestClassExecutor.runTestClass(JUnitTestClassExecutor.java:106)
	at org.gradle.api.internal.tasks.testing.junit.JUnitTestClassExecutor.execute(JUnitTestClassExecutor.java:58)
	at org.gradle.api.internal.tasks.testing.junit.JUnitTestClassExecutor.execute(JUnitTestClassExecutor.java:38)
	at org.gradle.api.internal.tasks.testing.junit.AbstractJUnitTestClassProcessor.processTestClass(AbstractJUnitTestClassProcessor.java:66)
	at org.gradle.api.internal.tasks.testing.SuiteTestClassProcessor.processTestClass(SuiteTestClassProcessor.java:51)
	at sun.reflect.NativeMethodAccessorImpl.invoke0(Native Method)
	at sun.reflect.NativeMethodAccessorImpl.invoke(NativeMethodAccessorImpl.java:62)
	at sun.reflect.DelegatingMethodAccessorImpl.invoke(DelegatingMethodAccessorImpl.java:43)
	at java.lang.reflect.Method.invoke(Method.java:498)
	at org.gradle.internal.dispatch.ReflectionDispatch.dispatch(ReflectionDispatch.java:35)
	at org.gradle.internal.dispatch.ReflectionDispatch.dispatch(ReflectionDispatch.java:24)
	at org.gradle.internal.dispatch.ContextClassLoaderDispatch.dispatch(ContextClassLoaderDispatch.java:32)
	at org.gradle.internal.dispatch.ProxyDispatchAdapter$DispatchingInvocationHandler.invoke(ProxyDispatchAdapter.java:93)
	at com.sun.proxy.$Proxy2.processTestClass(Unknown Source)
	at org.gradle.api.internal.tasks.testing.worker.TestWorker.processTestClass(TestWorker.java:117)
	at sun.reflect.NativeMethodAccessorImpl.invoke0(Native Method)
	at sun.reflect.NativeMethodAccessorImpl.invoke(NativeMethodAccessorImpl.java:62)
	at sun.reflect.DelegatingMethodAccessorImpl.invoke(DelegatingMethodAccessorImpl.java:43)
	at java.lang.reflect.Method.invoke(Method.java:498)
	at org.gradle.internal.dispatch.ReflectionDispatch.dispatch(ReflectionDispatch.java:35)
	at org.gradle.internal.dispatch.ReflectionDispatch.dispatch(ReflectionDispatch.java:24)
	at org.gradle.internal.remote.internal.hub.MessageHubBackedObjectConnection$DispatchWrapper.dispatch(MessageHubBackedObjectConnection.java:155)
	at org.gradle.internal.remote.internal.hub.MessageHubBackedObjectConnection$DispatchWrapper.dispatch(MessageHubBackedObjectConnection.java:137)
	at org.gradle.internal.remote.internal.hub.MessageHub$Handler.run(MessageHub.java:404)
	at org.gradle.internal.concurrent.ExecutorPolicy$CatchAndRecordFailures.onExecute(ExecutorPolicy.java:63)
	at org.gradle.internal.concurrent.ManagedExecutorImpl$1.run(ManagedExecutorImpl.java:46)
	at java.util.concurrent.ThreadPoolExecutor.runWorker(ThreadPoolExecutor.java:1149)
	at java.util.concurrent.ThreadPoolExecutor$Worker.run(ThreadPoolExecutor.java:624)
	at org.gradle.internal.concurrent.ThreadFactoryImpl$ManagedThreadRunnable.run(ThreadFactoryImpl.java:55)
	at java.lang.Thread.run(Thread.java:748)
</pre>
</span>
</div>
</div>
<div id="tab1" class="tab">
<h2>Tests</h2>
<table>
<thead>
<tr>
<th>Test</th>
<th>Duration</th>
<th>Result</th>
</tr>
</thead>
<tr>
<td class="failures">publish[0: com.dotcms.publishing.PublisherAPIImplTest$TestCase@512ced1f]</td>
<td class="failures">0.167s</td>
<td class="failures">failed</td>
</tr>
<tr>
<td class="failures">publish[10: com.dotcms.publishing.PublisherAPIImplTest$TestCase@4476d243]</td>
<td class="failures">0.103s</td>
<td class="failures">failed</td>
</tr>
<tr>
<td class="failures">publish[11: com.dotcms.publishing.PublisherAPIImplTest$TestCase@54285e4d]</td>
<td class="failures">0.102s</td>
<td class="failures">failed</td>
</tr>
<tr>
<td class="failures">publish[12: com.dotcms.publishing.PublisherAPIImplTest$TestCase@28fd4a3a]</td>
<td class="failures">0.158s</td>
<td class="failures">failed</td>
</tr>
<tr>
<td class="failures">publish[13: com.dotcms.publishing.PublisherAPIImplTest$TestCase@50525685]</td>
<td class="failures">0.103s</td>
<td class="failures">failed</td>
</tr>
<tr>
<td class="failures">publish[14: com.dotcms.publishing.PublisherAPIImplTest$TestCase@22447206]</td>
<td class="failures">0.069s</td>
<td class="failures">failed</td>
</tr>
<tr>
<td class="success">publish[15: com.dotcms.publishing.PublisherAPIImplTest$TestCase@34888a35]</td>
<td class="success">0.068s</td>
<td class="success">passed</td>
</tr>
<tr>
<td class="success">publish[16: com.dotcms.publishing.PublisherAPIImplTest$TestCase@7666aa04]</td>
<td class="success">0.065s</td>
<td class="success">passed</td>
</tr>
<tr>
<td class="success">publish[17: com.dotcms.publishing.PublisherAPIImplTest$TestCase@34422c33]</td>
<td class="success">0.039s</td>
<td class="success">passed</td>
</tr>
<tr>
<td class="failures">publish[1: com.dotcms.publishing.PublisherAPIImplTest$TestCase@5177d29f]</td>
<td class="failures">0.129s</td>
<td class="failures">failed</td>
</tr>
<tr>
<td class="failures">publish[2: com.dotcms.publishing.PublisherAPIImplTest$TestCase@78206c89]</td>
<td class="failures">0.082s</td>
<td class="failures">failed</td>
</tr>
<tr>
<td class="failures">publish[3: com.dotcms.publishing.PublisherAPIImplTest$TestCase@428ad927]</td>
<td class="failures">0.190s</td>
<td class="failures">failed</td>
</tr>
<tr>
<td class="failures">publish[4: com.dotcms.publishing.PublisherAPIImplTest$TestCase@74f8807c]</td>
<td class="failures">0.167s</td>
<td class="failures">failed</td>
</tr>
<tr>
<td class="failures">publish[5: com.dotcms.publishing.PublisherAPIImplTest$TestCase@1b744756]</td>
<td class="failures">0.086s</td>
<td class="failures">failed</td>
</tr>
<tr>
<td class="success">publish[6: com.dotcms.publishing.PublisherAPIImplTest$TestCase@60cb2495]</td>
<td class="success">0.080s</td>
<td class="success">passed</td>
</tr>
<tr>
<td class="success">publish[7: com.dotcms.publishing.PublisherAPIImplTest$TestCase@749c9a4a]</td>
<td class="success">0.070s</td>
<td class="success">passed</td>
</tr>
<tr>
<td class="success">publish[8: com.dotcms.publishing.PublisherAPIImplTest$TestCase@44d71fc5]</td>
<td class="success">0.044s</td>
<td class="success">passed</td>
</tr>
<tr>
<td class="failures">publish[9: com.dotcms.publishing.PublisherAPIImplTest$TestCase@7d20aefe]</td>
<td class="failures">0.084s</td>
<td class="failures">failed</td>
</tr>
</table>
</div>
<div id="tab2" class="tab">
<h2>Standard output</h2>
<span class="code">
<pre>

















</pre>
</span>
</div>
</div>
<div id="footer">
<p>
<div>
<label class="hidden" id="label-for-line-wrapping-toggle" for="line-wrapping-toggle">Wrap lines
<input id="line-wrapping-toggle" type="checkbox" autocomplete="off"/>
</label>
</div>Generated by 
<a href="http://www.gradle.org">Gradle 4.10.2</a> at Feb 22, 2021 11:15:37 PM</p>
</div>
</div>
</body>
</html>
