<!DOCTYPE html>
<html>
<head>
<meta http-equiv="Content-Type" content="text/html; charset=utf-8"/>
<meta http-equiv="x-ua-compatible" content="IE=edge"/>
<title>Test results - Class com.dotcms.publishing.PublisherAPIImplTest</title>
<link href="../css/base-style.css" rel="stylesheet" type="text/css"/>
<link href="../css/style.css" rel="stylesheet" type="text/css"/>
<script src="../js/report.js" type="text/javascript"></script>
</head>
<body>
<div id="content">
<h1>Class com.dotcms.publishing.PublisherAPIImplTest</h1>
<div class="breadcrumbs">
<a href="../index.html">all</a> &gt; 
<a href="../packages/com.dotcms.publishing.html">com.dotcms.publishing</a> &gt; PublisherAPIImplTest</div>
<div id="summary">
<table>
<tr>
<td>
<div class="summaryGroup">
<table>
<tr>
<td>
<div class="infoBox" id="tests">
<div class="counter">18</div>
<p>tests</p>
</div>
</td>
<td>
<div class="infoBox" id="failures">
<div class="counter">18</div>
<p>failures</p>
</div>
</td>
<td>
<div class="infoBox" id="ignored">
<div class="counter">0</div>
<p>ignored</p>
</div>
</td>
<td>
<div class="infoBox" id="duration">
<div class="counter">2.284s</div>
<p>duration</p>
</div>
</td>
</tr>
</table>
</div>
</td>
<td>
<div class="infoBox failures" id="successRate">
<div class="percent">0%</div>
<p>successful</p>
</div>
</td>
</tr>
</table>
</div>
<div id="tabs">
<ul class="tabLinks">
<li>
<a href="#tab0">Failed tests</a>
</li>
<li>
<a href="#tab1">Tests</a>
</li>
<li>
<a href="#tab2">Standard output</a>
</li>
</ul>
<div id="tab0" class="tab">
<h2>Failed tests</h2>
<div class="test">
<a name="publish[0: com.dotcms.publishing.PublisherAPIImplTest$TestCase@37e84d95]"></a>
<h3 class="failures">publish[0: com.dotcms.publishing.PublisherAPIImplTest$TestCase@37e84d95]</h3>
<span class="code">
<pre>java.lang.AssertionError: Expected 24 but get 26 in /custom/assets/bundles/01EZ85CDRZDPKEZE3JF0081ZZJ
Expected [/custom/assets/bundles/01EZ85CDRZDPKEZE3JF0081ZZJ/live/System Host/1614105702281properties, /custom/assets/bundles/01EZ85CDRZDPKEZE3JF0081ZZJ/working/System Host/1/content.ff462f88-d9e1-4d31-b084-b73cb61976d3.host.xml, /custom/assets/bundles/01EZ85CDRZDPKEZE3JF0081ZZJ/working/System Host/1/1-content.442dd1a2-7eb0-4a01-976b-830669407521.content.xml, /custom/assets/bundles/01EZ85CDRZDPKEZE3JF0081ZZJ/live/System Host/1/content.ff462f88-d9e1-4d31-b084-b73cb61976d3.host.xml, /custom/assets/bundles/01EZ85CDRZDPKEZE3JF0081ZZJ/live/System Host/en_US.language.xml, /custom/assets/bundles/01EZ85CDRZDPKEZE3JF0081ZZJ/live/default/1614105702281/e82233e6-539f-41aa-9f77-3307fbfc1aee.contentworkflow.xml, /custom/assets/bundles/01EZ85CDRZDPKEZE3JF0081ZZJ/working/System Host/f4d7c1b8-2c88-4071-abf1-a5328977b07d.contentType.json, /custom/assets/bundles/01EZ85CDRZDPKEZE3JF0081ZZJ/working/test1614103519878.dotcms.com/5448c83b-cd69-49c1-a118-a62e30b21bee.contentType.json, /custom/assets/bundles/01EZ85CDRZDPKEZE3JF0081ZZJ/d61a59e1-a49c-46f2-a929-db2b4bfa88b2.workflow.xml, /custom/assets/bundles/01EZ85CDRZDPKEZE3JF0081ZZJ/live/System Host/ps_CG.language.xml, /custom/assets/bundles/01EZ85CDRZDPKEZE3JF0081ZZJ/live/System Host/1properties, /custom/assets/bundles/01EZ85CDRZDPKEZE3JF0081ZZJ/working/test1614103519878.dotcms.com/ce1748ec-ec21-43f4-ad9d-b703a454dc9f.relationship.xml, /custom/assets/bundles/01EZ85CDRZDPKEZE3JF0081ZZJ/live/System Host/1/b23bcfb9-8683-4fba-b459-9389eb37a88e.contentworkflow.xml, /custom/assets/bundles/01EZ85CDRZDPKEZE3JF0081ZZJ/live/System Host/1/2ac0e9a1-56ba-4fd2-a019-2f82c068c568.contentworkflow.xml, /custom/assets/bundles/01EZ85CDRZDPKEZE3JF0081ZZJ/live/default/ea74fa55-958f-4a16-bd90-5c576f37d961.rule.xml, /custom/assets/bundles/01EZ85CDRZDPKEZE3JF0081ZZJ/working/test1614103519878.dotcms.com/06f56fe0-2998-4be3-86fa-00de01a173a0.contentType.json, /custom/assets/bundles/01EZ85CDRZDPKEZE3JF0081ZZJ/working/System Host/1/b23bcfb9-8683-4fba-b459-9389eb37a88e.contentworkflow.xml, /custom/assets/bundles/01EZ85CDRZDPKEZE3JF0081ZZJ/live/System Host/1/0-content.442dd1a2-7eb0-4a01-976b-830669407521.content.xml, /custom/assets/bundles/01EZ85CDRZDPKEZE3JF0081ZZJ/live/default/1614105702281/2-content.105bdf9b-7b2b-43e1-98f3-0211d66694ed.content.xml, /custom/assets/bundles/01EZ85CDRZDPKEZE3JF0081ZZJ/live/System Host/1/3-content.d7a4632d-ec96-4b52-83be-099c0dc8e6cd.content.xml, /custom/assets/bundles/01EZ85CDRZDPKEZE3JF0081ZZJ/working/System Host/13544153-3ad7-4c9a-b0f7-8bf8bb537837.category.dpc.xml, /custom/assets/bundles/01EZ85CDRZDPKEZE3JF0081ZZJ/f48d2d2f-b5de-459c-b25d-4931eea97d1e.workflow.xml, /custom/assets/bundles/01EZ85CDRZDPKEZE3JF0081ZZJ/live/System Host/1/content.aeedf6df-a33a-4ce9-9e6b-3e40670a842a.host.xml]
Existing [/custom/assets/bundles/01EZ85CDRZDPKEZE3JF0081ZZJ/ROOT/bc9a1d37-dd2d-4d49-a29d-0c9be740bfaf.folder.xml, /custom/assets/bundles/01EZ85CDRZDPKEZE3JF0081ZZJ/bundle.xml, /custom/assets/bundles/01EZ85CDRZDPKEZE3JF0081ZZJ/d61a59e1-a49c-46f2-a929-db2b4bfa88b2.workflow.xml, /custom/assets/bundles/01EZ85CDRZDPKEZE3JF0081ZZJ/f48d2d2f-b5de-459c-b25d-4931eea97d1e.workflow.xml, /custom/assets/bundles/01EZ85CDRZDPKEZE3JF0081ZZJ/live/System Host/1/0-content.442dd1a2-7eb0-4a01-976b-830669407521.content.xml, /custom/assets/bundles/01EZ85CDRZDPKEZE3JF0081ZZJ/live/System Host/1/2ac0e9a1-56ba-4fd2-a019-2f82c068c568.contentworkflow.xml, /custom/assets/bundles/01EZ85CDRZDPKEZE3JF0081ZZJ/live/System Host/1/3-content.d7a4632d-ec96-4b52-83be-099c0dc8e6cd.content.xml, /custom/assets/bundles/01EZ85CDRZDPKEZE3JF0081ZZJ/live/System Host/1/b23bcfb9-8683-4fba-b459-9389eb37a88e.contentworkflow.xml, /custom/assets/bundles/01EZ85CDRZDPKEZE3JF0081ZZJ/live/System Host/1/content.aeedf6df-a33a-4ce9-9e6b-3e40670a842a.host.xml, /custom/assets/bundles/01EZ85CDRZDPKEZE3JF0081ZZJ/live/System Host/1/content.ff462f88-d9e1-4d31-b084-b73cb61976d3.host.xml, /custom/assets/bundles/01EZ85CDRZDPKEZE3JF0081ZZJ/live/System Host/1/system host.host.xml, /custom/assets/bundles/01EZ85CDRZDPKEZE3JF0081ZZJ/live/System Host/1614105702281properties, /custom/assets/bundles/01EZ85CDRZDPKEZE3JF0081ZZJ/live/System Host/1properties, /custom/assets/bundles/01EZ85CDRZDPKEZE3JF0081ZZJ/live/System Host/en_US.language.xml, /custom/assets/bundles/01EZ85CDRZDPKEZE3JF0081ZZJ/live/System Host/ps_CG.language.xml, /custom/assets/bundles/01EZ85CDRZDPKEZE3JF0081ZZJ/live/default/1614105702281/2-content.105bdf9b-7b2b-43e1-98f3-0211d66694ed.content.xml, /custom/assets/bundles/01EZ85CDRZDPKEZE3JF0081ZZJ/live/default/1614105702281/e82233e6-539f-41aa-9f77-3307fbfc1aee.contentworkflow.xml, /custom/assets/bundles/01EZ85CDRZDPKEZE3JF0081ZZJ/live/default/ea74fa55-958f-4a16-bd90-5c576f37d961.rule.xml, /custom/assets/bundles/01EZ85CDRZDPKEZE3JF0081ZZJ/working/System Host/1/1-content.442dd1a2-7eb0-4a01-976b-830669407521.content.xml, /custom/assets/bundles/01EZ85CDRZDPKEZE3JF0081ZZJ/working/System Host/1/b23bcfb9-8683-4fba-b459-9389eb37a88e.contentworkflow.xml, /custom/assets/bundles/01EZ85CDRZDPKEZE3JF0081ZZJ/working/System Host/1/content.ff462f88-d9e1-4d31-b084-b73cb61976d3.host.xml, /custom/assets/bundles/01EZ85CDRZDPKEZE3JF0081ZZJ/working/System Host/13544153-3ad7-4c9a-b0f7-8bf8bb537837.category.dpc.xml, /custom/assets/bundles/01EZ85CDRZDPKEZE3JF0081ZZJ/working/System Host/f4d7c1b8-2c88-4071-abf1-a5328977b07d.contentType.json, /custom/assets/bundles/01EZ85CDRZDPKEZE3JF0081ZZJ/working/test1614103519878.dotcms.com/06f56fe0-2998-4be3-86fa-00de01a173a0.contentType.json, /custom/assets/bundles/01EZ85CDRZDPKEZE3JF0081ZZJ/working/test1614103519878.dotcms.com/5448c83b-cd69-49c1-a118-a62e30b21bee.contentType.json, /custom/assets/bundles/01EZ85CDRZDPKEZE3JF0081ZZJ/working/test1614103519878.dotcms.com/ce1748ec-ec21-43f4-ad9d-b703a454dc9f.relationship.xml]
difference [/custom/assets/bundles/01EZ85CDRZDPKEZE3JF0081ZZJ/ROOT/bc9a1d37-dd2d-4d49-a29d-0c9be740bfaf.folder.xml, /custom/assets/bundles/01EZ85CDRZDPKEZE3JF0081ZZJ/bundle.xml, /custom/assets/bundles/01EZ85CDRZDPKEZE3JF0081ZZJ/live/System Host/1/system host.host.xml]

	at org.jgroups.util.Util.assertEquals(Util.java:185)
	at com.dotcms.publishing.PublisherAPIImplTest.publish(PublisherAPIImplTest.java:407)
	at sun.reflect.NativeMethodAccessorImpl.invoke0(Native Method)
	at sun.reflect.NativeMethodAccessorImpl.invoke(NativeMethodAccessorImpl.java:62)
	at sun.reflect.DelegatingMethodAccessorImpl.invoke(DelegatingMethodAccessorImpl.java:43)
	at java.lang.reflect.Method.invoke(Method.java:498)
	at org.junit.runners.model.FrameworkMethod$1.runReflectiveCall(FrameworkMethod.java:50)
	at org.junit.internal.runners.model.ReflectiveCallable.run(ReflectiveCallable.java:12)
	at org.junit.runners.model.FrameworkMethod.invokeExplosively(FrameworkMethod.java:47)
	at com.tngtech.java.junit.dataprovider.DataProviderFrameworkMethod.invokeExplosively(DataProviderFrameworkMethod.java:119)
	at org.junit.internal.runners.statements.InvokeMethod.evaluate(InvokeMethod.java:17)
	at org.junit.rules.TestWatcher$1.evaluate(TestWatcher.java:55)
	at org.junit.rules.RunRules.evaluate(RunRules.java:20)
	at org.junit.runners.ParentRunner.runLeaf(ParentRunner.java:325)
	at com.dotcms.junit.CustomDataProviderRunner.runChild(CustomDataProviderRunner.java:28)
	at com.dotcms.junit.CustomDataProviderRunner.runChild(CustomDataProviderRunner.java:13)
	at org.junit.runners.ParentRunner$3.run(ParentRunner.java:290)
	at org.junit.runners.ParentRunner$1.schedule(ParentRunner.java:71)
	at org.junit.runners.ParentRunner.runChildren(ParentRunner.java:288)
	at org.junit.runners.ParentRunner.access$000(ParentRunner.java:58)
	at org.junit.runners.ParentRunner$2.evaluate(ParentRunner.java:268)
	at org.junit.internal.runners.statements.RunBefores.evaluate(RunBefores.java:26)
	at org.junit.internal.runners.statements.RunAfters.evaluate(RunAfters.java:27)
	at org.junit.runners.ParentRunner.run(ParentRunner.java:363)
	at org.junit.runners.Suite.runChild(Suite.java:128)
	at org.junit.runners.Suite.runChild(Suite.java:27)
	at org.junit.runners.ParentRunner$3.run(ParentRunner.java:290)
	at org.junit.runners.ParentRunner$1.schedule(ParentRunner.java:71)
	at org.junit.runners.ParentRunner.runChildren(ParentRunner.java:288)
	at org.junit.runners.ParentRunner.access$000(ParentRunner.java:58)
	at org.junit.runners.ParentRunner$2.evaluate(ParentRunner.java:268)
	at org.junit.runners.ParentRunner.run(ParentRunner.java:363)
	at org.gradle.api.internal.tasks.testing.junit.JUnitTestClassExecutor.runTestClass(JUnitTestClassExecutor.java:106)
	at org.gradle.api.internal.tasks.testing.junit.JUnitTestClassExecutor.execute(JUnitTestClassExecutor.java:58)
	at org.gradle.api.internal.tasks.testing.junit.JUnitTestClassExecutor.execute(JUnitTestClassExecutor.java:38)
	at org.gradle.api.internal.tasks.testing.junit.AbstractJUnitTestClassProcessor.processTestClass(AbstractJUnitTestClassProcessor.java:66)
	at org.gradle.api.internal.tasks.testing.SuiteTestClassProcessor.processTestClass(SuiteTestClassProcessor.java:51)
	at sun.reflect.NativeMethodAccessorImpl.invoke0(Native Method)
	at sun.reflect.NativeMethodAccessorImpl.invoke(NativeMethodAccessorImpl.java:62)
	at sun.reflect.DelegatingMethodAccessorImpl.invoke(DelegatingMethodAccessorImpl.java:43)
	at java.lang.reflect.Method.invoke(Method.java:498)
	at org.gradle.internal.dispatch.ReflectionDispatch.dispatch(ReflectionDispatch.java:35)
	at org.gradle.internal.dispatch.ReflectionDispatch.dispatch(ReflectionDispatch.java:24)
	at org.gradle.internal.dispatch.ContextClassLoaderDispatch.dispatch(ContextClassLoaderDispatch.java:32)
	at org.gradle.internal.dispatch.ProxyDispatchAdapter$DispatchingInvocationHandler.invoke(ProxyDispatchAdapter.java:93)
	at com.sun.proxy.$Proxy2.processTestClass(Unknown Source)
	at org.gradle.api.internal.tasks.testing.worker.TestWorker.processTestClass(TestWorker.java:117)
	at sun.reflect.NativeMethodAccessorImpl.invoke0(Native Method)
	at sun.reflect.NativeMethodAccessorImpl.invoke(NativeMethodAccessorImpl.java:62)
	at sun.reflect.DelegatingMethodAccessorImpl.invoke(DelegatingMethodAccessorImpl.java:43)
	at java.lang.reflect.Method.invoke(Method.java:498)
	at org.gradle.internal.dispatch.ReflectionDispatch.dispatch(ReflectionDispatch.java:35)
	at org.gradle.internal.dispatch.ReflectionDispatch.dispatch(ReflectionDispatch.java:24)
	at org.gradle.internal.remote.internal.hub.MessageHubBackedObjectConnection$DispatchWrapper.dispatch(MessageHubBackedObjectConnection.java:155)
	at org.gradle.internal.remote.internal.hub.MessageHubBackedObjectConnection$DispatchWrapper.dispatch(MessageHubBackedObjectConnection.java:137)
	at org.gradle.internal.remote.internal.hub.MessageHub$Handler.run(MessageHub.java:404)
	at org.gradle.internal.concurrent.ExecutorPolicy$CatchAndRecordFailures.onExecute(ExecutorPolicy.java:63)
	at org.gradle.internal.concurrent.ManagedExecutorImpl$1.run(ManagedExecutorImpl.java:46)
	at java.util.concurrent.ThreadPoolExecutor.runWorker(ThreadPoolExecutor.java:1149)
	at java.util.concurrent.ThreadPoolExecutor$Worker.run(ThreadPoolExecutor.java:624)
	at org.gradle.internal.concurrent.ThreadFactoryImpl$ManagedThreadRunnable.run(ThreadFactoryImpl.java:55)
	at java.lang.Thread.run(Thread.java:748)
</pre>
</span>
</div>
<div class="test">
<a name="publish[10: com.dotcms.publishing.PublisherAPIImplTest$TestCase@edda7c1]"></a>
<h3 class="failures">publish[10: com.dotcms.publishing.PublisherAPIImplTest$TestCase@edda7c1]</h3>
<span class="code">
<pre>java.lang.AssertionError: Expected 23 but get 25 in /custom/assets/bundles/01EZ85CF663QH003TT88Q8ZABK
Expected [/custom/assets/bundles/01EZ85CF663QH003TT88Q8ZABK/live/default/1614105702281/e82233e6-539f-41aa-9f77-3307fbfc1aee.contentworkflow.xml, /custom/assets/bundles/01EZ85CF663QH003TT88Q8ZABK/live/System Host/en_US.language.xml, /custom/assets/bundles/01EZ85CF663QH003TT88Q8ZABK/live/System Host/1614105702281properties, /custom/assets/bundles/01EZ85CF663QH003TT88Q8ZABK/working/System Host/f4d7c1b8-2c88-4071-abf1-a5328977b07d.contentType.json, /custom/assets/bundles/01EZ85CF663QH003TT88Q8ZABK/d61a59e1-a49c-46f2-a929-db2b4bfa88b2.workflow.xml, /custom/assets/bundles/01EZ85CF663QH003TT88Q8ZABK/live/System Host/1/b23bcfb9-8683-4fba-b459-9389eb37a88e.contentworkflow.xml, /custom/assets/bundles/01EZ85CF663QH003TT88Q8ZABK/live/default/1614105702281/2-content.105bdf9b-7b2b-43e1-98f3-0211d66694ed.content.xml, /custom/assets/bundles/01EZ85CF663QH003TT88Q8ZABK/live/System Host/1/2ac0e9a1-56ba-4fd2-a019-2f82c068c568.contentworkflow.xml, /custom/assets/bundles/01EZ85CF663QH003TT88Q8ZABK/live/test1614103520911.dotcms.com/3ec35d8d-4ba5-4071-831f-4a4b974f61f6.template.template.xml, /custom/assets/bundles/01EZ85CF663QH003TT88Q8ZABK/live/System Host/1/3-content.d7a4632d-ec96-4b52-83be-099c0dc8e6cd.content.xml, /custom/assets/bundles/01EZ85CF663QH003TT88Q8ZABK/live/System Host/1/content.0a33eb18-a474-44ac-85bd-315f90b53889.host.xml, /custom/assets/bundles/01EZ85CF663QH003TT88Q8ZABK/live/default/ea74fa55-958f-4a16-bd90-5c576f37d961.rule.xml, /custom/assets/bundles/01EZ85CF663QH003TT88Q8ZABK/live/System Host/1/0-content.442dd1a2-7eb0-4a01-976b-830669407521.content.xml, /custom/assets/bundles/01EZ85CF663QH003TT88Q8ZABK/live/System Host/1properties, /custom/assets/bundles/01EZ85CF663QH003TT88Q8ZABK/working/test1614103520911.dotcms.com/78ec3644-5e06-4d2b-95f5-29f9819298d9.containers.container.xml, /custom/assets/bundles/01EZ85CF663QH003TT88Q8ZABK/working/test1614103520911.dotcms.com/fbc4f221-1818-4c76-bfd8-8696b8e489e4.contentType.json, /custom/assets/bundles/01EZ85CF663QH003TT88Q8ZABK/working/System Host/1/b23bcfb9-8683-4fba-b459-9389eb37a88e.contentworkflow.xml, /custom/assets/bundles/01EZ85CF663QH003TT88Q8ZABK/working/System Host/1/content.ff462f88-d9e1-4d31-b084-b73cb61976d3.host.xml, /custom/assets/bundles/01EZ85CF663QH003TT88Q8ZABK/working/System Host/1/1-content.442dd1a2-7eb0-4a01-976b-830669407521.content.xml, /custom/assets/bundles/01EZ85CF663QH003TT88Q8ZABK/live/System Host/1/content.ff462f88-d9e1-4d31-b084-b73cb61976d3.host.xml, /custom/assets/bundles/01EZ85CF663QH003TT88Q8ZABK/live/System Host/ps_CG.language.xml, /custom/assets/bundles/01EZ85CF663QH003TT88Q8ZABK/working/test1614103520911.dotcms.com/4de9948d-1a4f-4f51-a37f-e7a91e72db16.containers.container.xml]
Existing [/custom/assets/bundles/01EZ85CF663QH003TT88Q8ZABK/ROOT/bc9a1d37-dd2d-4d49-a29d-0c9be740bfaf.folder.xml, /custom/assets/bundles/01EZ85CF663QH003TT88Q8ZABK/bundle.xml, /custom/assets/bundles/01EZ85CF663QH003TT88Q8ZABK/d61a59e1-a49c-46f2-a929-db2b4bfa88b2.workflow.xml, /custom/assets/bundles/01EZ85CF663QH003TT88Q8ZABK/live/System Host/1/0-content.442dd1a2-7eb0-4a01-976b-830669407521.content.xml, /custom/assets/bundles/01EZ85CF663QH003TT88Q8ZABK/live/System Host/1/2ac0e9a1-56ba-4fd2-a019-2f82c068c568.contentworkflow.xml, /custom/assets/bundles/01EZ85CF663QH003TT88Q8ZABK/live/System Host/1/3-content.d7a4632d-ec96-4b52-83be-099c0dc8e6cd.content.xml, /custom/assets/bundles/01EZ85CF663QH003TT88Q8ZABK/live/System Host/1/b23bcfb9-8683-4fba-b459-9389eb37a88e.contentworkflow.xml, /custom/assets/bundles/01EZ85CF663QH003TT88Q8ZABK/live/System Host/1/content.0a33eb18-a474-44ac-85bd-315f90b53889.host.xml, /custom/assets/bundles/01EZ85CF663QH003TT88Q8ZABK/live/System Host/1/content.ff462f88-d9e1-4d31-b084-b73cb61976d3.host.xml, /custom/assets/bundles/01EZ85CF663QH003TT88Q8ZABK/live/System Host/1/system host.host.xml, /custom/assets/bundles/01EZ85CF663QH003TT88Q8ZABK/live/System Host/1614105702281properties, /custom/assets/bundles/01EZ85CF663QH003TT88Q8ZABK/live/System Host/1properties, /custom/assets/bundles/01EZ85CF663QH003TT88Q8ZABK/live/System Host/en_US.language.xml, /custom/assets/bundles/01EZ85CF663QH003TT88Q8ZABK/live/System Host/ps_CG.language.xml, /custom/assets/bundles/01EZ85CF663QH003TT88Q8ZABK/live/default/1614105702281/2-content.105bdf9b-7b2b-43e1-98f3-0211d66694ed.content.xml, /custom/assets/bundles/01EZ85CF663QH003TT88Q8ZABK/live/default/1614105702281/e82233e6-539f-41aa-9f77-3307fbfc1aee.contentworkflow.xml, /custom/assets/bundles/01EZ85CF663QH003TT88Q8ZABK/live/default/ea74fa55-958f-4a16-bd90-5c576f37d961.rule.xml, /custom/assets/bundles/01EZ85CF663QH003TT88Q8ZABK/live/test1614103520911.dotcms.com/3ec35d8d-4ba5-4071-831f-4a4b974f61f6.template.template.xml, /custom/assets/bundles/01EZ85CF663QH003TT88Q8ZABK/working/System Host/1/1-content.442dd1a2-7eb0-4a01-976b-830669407521.content.xml, /custom/assets/bundles/01EZ85CF663QH003TT88Q8ZABK/working/System Host/1/b23bcfb9-8683-4fba-b459-9389eb37a88e.contentworkflow.xml, /custom/assets/bundles/01EZ85CF663QH003TT88Q8ZABK/working/System Host/1/content.ff462f88-d9e1-4d31-b084-b73cb61976d3.host.xml, /custom/assets/bundles/01EZ85CF663QH003TT88Q8ZABK/working/System Host/f4d7c1b8-2c88-4071-abf1-a5328977b07d.contentType.json, /custom/assets/bundles/01EZ85CF663QH003TT88Q8ZABK/working/test1614103520911.dotcms.com/4de9948d-1a4f-4f51-a37f-e7a91e72db16.containers.container.xml, /custom/assets/bundles/01EZ85CF663QH003TT88Q8ZABK/working/test1614103520911.dotcms.com/78ec3644-5e06-4d2b-95f5-29f9819298d9.containers.container.xml, /custom/assets/bundles/01EZ85CF663QH003TT88Q8ZABK/working/test1614103520911.dotcms.com/fbc4f221-1818-4c76-bfd8-8696b8e489e4.contentType.json]
difference [/custom/assets/bundles/01EZ85CF663QH003TT88Q8ZABK/ROOT/bc9a1d37-dd2d-4d49-a29d-0c9be740bfaf.folder.xml, /custom/assets/bundles/01EZ85CF663QH003TT88Q8ZABK/bundle.xml, /custom/assets/bundles/01EZ85CF663QH003TT88Q8ZABK/live/System Host/1/system host.host.xml]

	at org.jgroups.util.Util.assertEquals(Util.java:185)
	at com.dotcms.publishing.PublisherAPIImplTest.publish(PublisherAPIImplTest.java:407)
	at sun.reflect.NativeMethodAccessorImpl.invoke0(Native Method)
	at sun.reflect.NativeMethodAccessorImpl.invoke(NativeMethodAccessorImpl.java:62)
	at sun.reflect.DelegatingMethodAccessorImpl.invoke(DelegatingMethodAccessorImpl.java:43)
	at java.lang.reflect.Method.invoke(Method.java:498)
	at org.junit.runners.model.FrameworkMethod$1.runReflectiveCall(FrameworkMethod.java:50)
	at org.junit.internal.runners.model.ReflectiveCallable.run(ReflectiveCallable.java:12)
	at org.junit.runners.model.FrameworkMethod.invokeExplosively(FrameworkMethod.java:47)
	at com.tngtech.java.junit.dataprovider.DataProviderFrameworkMethod.invokeExplosively(DataProviderFrameworkMethod.java:119)
	at org.junit.internal.runners.statements.InvokeMethod.evaluate(InvokeMethod.java:17)
	at org.junit.rules.TestWatcher$1.evaluate(TestWatcher.java:55)
	at org.junit.rules.RunRules.evaluate(RunRules.java:20)
	at org.junit.runners.ParentRunner.runLeaf(ParentRunner.java:325)
	at com.dotcms.junit.CustomDataProviderRunner.runChild(CustomDataProviderRunner.java:28)
	at com.dotcms.junit.CustomDataProviderRunner.runChild(CustomDataProviderRunner.java:13)
	at org.junit.runners.ParentRunner$3.run(ParentRunner.java:290)
	at org.junit.runners.ParentRunner$1.schedule(ParentRunner.java:71)
	at org.junit.runners.ParentRunner.runChildren(ParentRunner.java:288)
	at org.junit.runners.ParentRunner.access$000(ParentRunner.java:58)
	at org.junit.runners.ParentRunner$2.evaluate(ParentRunner.java:268)
	at org.junit.internal.runners.statements.RunBefores.evaluate(RunBefores.java:26)
	at org.junit.internal.runners.statements.RunAfters.evaluate(RunAfters.java:27)
	at org.junit.runners.ParentRunner.run(ParentRunner.java:363)
	at org.junit.runners.Suite.runChild(Suite.java:128)
	at org.junit.runners.Suite.runChild(Suite.java:27)
	at org.junit.runners.ParentRunner$3.run(ParentRunner.java:290)
	at org.junit.runners.ParentRunner$1.schedule(ParentRunner.java:71)
	at org.junit.runners.ParentRunner.runChildren(ParentRunner.java:288)
	at org.junit.runners.ParentRunner.access$000(ParentRunner.java:58)
	at org.junit.runners.ParentRunner$2.evaluate(ParentRunner.java:268)
	at org.junit.runners.ParentRunner.run(ParentRunner.java:363)
	at org.gradle.api.internal.tasks.testing.junit.JUnitTestClassExecutor.runTestClass(JUnitTestClassExecutor.java:106)
	at org.gradle.api.internal.tasks.testing.junit.JUnitTestClassExecutor.execute(JUnitTestClassExecutor.java:58)
	at org.gradle.api.internal.tasks.testing.junit.JUnitTestClassExecutor.execute(JUnitTestClassExecutor.java:38)
	at org.gradle.api.internal.tasks.testing.junit.AbstractJUnitTestClassProcessor.processTestClass(AbstractJUnitTestClassProcessor.java:66)
	at org.gradle.api.internal.tasks.testing.SuiteTestClassProcessor.processTestClass(SuiteTestClassProcessor.java:51)
	at sun.reflect.NativeMethodAccessorImpl.invoke0(Native Method)
	at sun.reflect.NativeMethodAccessorImpl.invoke(NativeMethodAccessorImpl.java:62)
	at sun.reflect.DelegatingMethodAccessorImpl.invoke(DelegatingMethodAccessorImpl.java:43)
	at java.lang.reflect.Method.invoke(Method.java:498)
	at org.gradle.internal.dispatch.ReflectionDispatch.dispatch(ReflectionDispatch.java:35)
	at org.gradle.internal.dispatch.ReflectionDispatch.dispatch(ReflectionDispatch.java:24)
	at org.gradle.internal.dispatch.ContextClassLoaderDispatch.dispatch(ContextClassLoaderDispatch.java:32)
	at org.gradle.internal.dispatch.ProxyDispatchAdapter$DispatchingInvocationHandler.invoke(ProxyDispatchAdapter.java:93)
	at com.sun.proxy.$Proxy2.processTestClass(Unknown Source)
	at org.gradle.api.internal.tasks.testing.worker.TestWorker.processTestClass(TestWorker.java:117)
	at sun.reflect.NativeMethodAccessorImpl.invoke0(Native Method)
	at sun.reflect.NativeMethodAccessorImpl.invoke(NativeMethodAccessorImpl.java:62)
	at sun.reflect.DelegatingMethodAccessorImpl.invoke(DelegatingMethodAccessorImpl.java:43)
	at java.lang.reflect.Method.invoke(Method.java:498)
	at org.gradle.internal.dispatch.ReflectionDispatch.dispatch(ReflectionDispatch.java:35)
	at org.gradle.internal.dispatch.ReflectionDispatch.dispatch(ReflectionDispatch.java:24)
	at org.gradle.internal.remote.internal.hub.MessageHubBackedObjectConnection$DispatchWrapper.dispatch(MessageHubBackedObjectConnection.java:155)
	at org.gradle.internal.remote.internal.hub.MessageHubBackedObjectConnection$DispatchWrapper.dispatch(MessageHubBackedObjectConnection.java:137)
	at org.gradle.internal.remote.internal.hub.MessageHub$Handler.run(MessageHub.java:404)
	at org.gradle.internal.concurrent.ExecutorPolicy$CatchAndRecordFailures.onExecute(ExecutorPolicy.java:63)
	at org.gradle.internal.concurrent.ManagedExecutorImpl$1.run(ManagedExecutorImpl.java:46)
	at java.util.concurrent.ThreadPoolExecutor.runWorker(ThreadPoolExecutor.java:1149)
	at java.util.concurrent.ThreadPoolExecutor$Worker.run(ThreadPoolExecutor.java:624)
	at org.gradle.internal.concurrent.ThreadFactoryImpl$ManagedThreadRunnable.run(ThreadFactoryImpl.java:55)
	at java.lang.Thread.run(Thread.java:748)
</pre>
</span>
</div>
<div class="test">
<a name="publish[11: com.dotcms.publishing.PublisherAPIImplTest$TestCase@49b2e1a]"></a>
<h3 class="failures">publish[11: com.dotcms.publishing.PublisherAPIImplTest$TestCase@49b2e1a]</h3>
<span class="code">
<pre>java.lang.AssertionError: Expected 21 but get 23 in /custom/assets/bundles/01EZ85CFA0BZ6M0E7HFEJS642P
Expected [/custom/assets/bundles/01EZ85CFA0BZ6M0E7HFEJS642P/live/System Host/en_US.language.xml, /custom/assets/bundles/01EZ85CFA0BZ6M0E7HFEJS642P/d61a59e1-a49c-46f2-a929-db2b4bfa88b2.workflow.xml, /custom/assets/bundles/01EZ85CFA0BZ6M0E7HFEJS642P/working/System Host/f4d7c1b8-2c88-4071-abf1-a5328977b07d.contentType.json, /custom/assets/bundles/01EZ85CFA0BZ6M0E7HFEJS642P/live/default/1614105702281/e82233e6-539f-41aa-9f77-3307fbfc1aee.contentworkflow.xml, /custom/assets/bundles/01EZ85CFA0BZ6M0E7HFEJS642P/working/test1614103521863.dotcms.com/2a3268b7-68db-4638-9bfa-a83977038852.contentType.json, /custom/assets/bundles/01EZ85CFA0BZ6M0E7HFEJS642P/live/System Host/1/3-content.d7a4632d-ec96-4b52-83be-099c0dc8e6cd.content.xml, /custom/assets/bundles/01EZ85CFA0BZ6M0E7HFEJS642P/working/System Host/1/content.ff462f88-d9e1-4d31-b084-b73cb61976d3.host.xml, /custom/assets/bundles/01EZ85CFA0BZ6M0E7HFEJS642P/live/System Host/1/content.ff462f88-d9e1-4d31-b084-b73cb61976d3.host.xml, /custom/assets/bundles/01EZ85CFA0BZ6M0E7HFEJS642P/live/System Host/1614105702281properties, /custom/assets/bundles/01EZ85CFA0BZ6M0E7HFEJS642P/live/default/1614105702281/2-content.105bdf9b-7b2b-43e1-98f3-0211d66694ed.content.xml, /custom/assets/bundles/01EZ85CFA0BZ6M0E7HFEJS642P/live/System Host/ps_CG.language.xml, /custom/assets/bundles/01EZ85CFA0BZ6M0E7HFEJS642P/live/System Host/1/b23bcfb9-8683-4fba-b459-9389eb37a88e.contentworkflow.xml, /custom/assets/bundles/01EZ85CFA0BZ6M0E7HFEJS642P/working/System Host/1/1-content.442dd1a2-7eb0-4a01-976b-830669407521.content.xml, /custom/assets/bundles/01EZ85CFA0BZ6M0E7HFEJS642P/live/default/ea74fa55-958f-4a16-bd90-5c576f37d961.rule.xml, /custom/assets/bundles/01EZ85CFA0BZ6M0E7HFEJS642P/live/System Host/1/2ac0e9a1-56ba-4fd2-a019-2f82c068c568.contentworkflow.xml, /custom/assets/bundles/01EZ85CFA0BZ6M0E7HFEJS642P/working/test1614103521863.dotcms.com/6ae30663-aa46-4898-9dfb-665ed3325150.containers.container.xml, /custom/assets/bundles/01EZ85CFA0BZ6M0E7HFEJS642P/live/System Host/1properties, /custom/assets/bundles/01EZ85CFA0BZ6M0E7HFEJS642P/working/System Host/1/b23bcfb9-8683-4fba-b459-9389eb37a88e.contentworkflow.xml, /custom/assets/bundles/01EZ85CFA0BZ6M0E7HFEJS642P/live/System Host/1/content.53fd6e73-3d3c-403e-951e-77e83477ea3e.host.xml, /custom/assets/bundles/01EZ85CFA0BZ6M0E7HFEJS642P/live/System Host/1/0-content.442dd1a2-7eb0-4a01-976b-830669407521.content.xml]
Existing [/custom/assets/bundles/01EZ85CFA0BZ6M0E7HFEJS642P/ROOT/bc9a1d37-dd2d-4d49-a29d-0c9be740bfaf.folder.xml, /custom/assets/bundles/01EZ85CFA0BZ6M0E7HFEJS642P/bundle.xml, /custom/assets/bundles/01EZ85CFA0BZ6M0E7HFEJS642P/d61a59e1-a49c-46f2-a929-db2b4bfa88b2.workflow.xml, /custom/assets/bundles/01EZ85CFA0BZ6M0E7HFEJS642P/live/System Host/1/0-content.442dd1a2-7eb0-4a01-976b-830669407521.content.xml, /custom/assets/bundles/01EZ85CFA0BZ6M0E7HFEJS642P/live/System Host/1/2ac0e9a1-56ba-4fd2-a019-2f82c068c568.contentworkflow.xml, /custom/assets/bundles/01EZ85CFA0BZ6M0E7HFEJS642P/live/System Host/1/3-content.d7a4632d-ec96-4b52-83be-099c0dc8e6cd.content.xml, /custom/assets/bundles/01EZ85CFA0BZ6M0E7HFEJS642P/live/System Host/1/b23bcfb9-8683-4fba-b459-9389eb37a88e.contentworkflow.xml, /custom/assets/bundles/01EZ85CFA0BZ6M0E7HFEJS642P/live/System Host/1/content.53fd6e73-3d3c-403e-951e-77e83477ea3e.host.xml, /custom/assets/bundles/01EZ85CFA0BZ6M0E7HFEJS642P/live/System Host/1/content.ff462f88-d9e1-4d31-b084-b73cb61976d3.host.xml, /custom/assets/bundles/01EZ85CFA0BZ6M0E7HFEJS642P/live/System Host/1/system host.host.xml, /custom/assets/bundles/01EZ85CFA0BZ6M0E7HFEJS642P/live/System Host/1614105702281properties, /custom/assets/bundles/01EZ85CFA0BZ6M0E7HFEJS642P/live/System Host/1properties, /custom/assets/bundles/01EZ85CFA0BZ6M0E7HFEJS642P/live/System Host/en_US.language.xml, /custom/assets/bundles/01EZ85CFA0BZ6M0E7HFEJS642P/live/System Host/ps_CG.language.xml, /custom/assets/bundles/01EZ85CFA0BZ6M0E7HFEJS642P/live/default/1614105702281/2-content.105bdf9b-7b2b-43e1-98f3-0211d66694ed.content.xml, /custom/assets/bundles/01EZ85CFA0BZ6M0E7HFEJS642P/live/default/1614105702281/e82233e6-539f-41aa-9f77-3307fbfc1aee.contentworkflow.xml, /custom/assets/bundles/01EZ85CFA0BZ6M0E7HFEJS642P/live/default/ea74fa55-958f-4a16-bd90-5c576f37d961.rule.xml, /custom/assets/bundles/01EZ85CFA0BZ6M0E7HFEJS642P/working/System Host/1/1-content.442dd1a2-7eb0-4a01-976b-830669407521.content.xml, /custom/assets/bundles/01EZ85CFA0BZ6M0E7HFEJS642P/working/System Host/1/b23bcfb9-8683-4fba-b459-9389eb37a88e.contentworkflow.xml, /custom/assets/bundles/01EZ85CFA0BZ6M0E7HFEJS642P/working/System Host/1/content.ff462f88-d9e1-4d31-b084-b73cb61976d3.host.xml, /custom/assets/bundles/01EZ85CFA0BZ6M0E7HFEJS642P/working/System Host/f4d7c1b8-2c88-4071-abf1-a5328977b07d.contentType.json, /custom/assets/bundles/01EZ85CFA0BZ6M0E7HFEJS642P/working/test1614103521863.dotcms.com/2a3268b7-68db-4638-9bfa-a83977038852.contentType.json, /custom/assets/bundles/01EZ85CFA0BZ6M0E7HFEJS642P/working/test1614103521863.dotcms.com/6ae30663-aa46-4898-9dfb-665ed3325150.containers.container.xml]
difference [/custom/assets/bundles/01EZ85CFA0BZ6M0E7HFEJS642P/ROOT/bc9a1d37-dd2d-4d49-a29d-0c9be740bfaf.folder.xml, /custom/assets/bundles/01EZ85CFA0BZ6M0E7HFEJS642P/bundle.xml, /custom/assets/bundles/01EZ85CFA0BZ6M0E7HFEJS642P/live/System Host/1/system host.host.xml]

	at org.jgroups.util.Util.assertEquals(Util.java:185)
	at com.dotcms.publishing.PublisherAPIImplTest.publish(PublisherAPIImplTest.java:407)
	at sun.reflect.NativeMethodAccessorImpl.invoke0(Native Method)
	at sun.reflect.NativeMethodAccessorImpl.invoke(NativeMethodAccessorImpl.java:62)
	at sun.reflect.DelegatingMethodAccessorImpl.invoke(DelegatingMethodAccessorImpl.java:43)
	at java.lang.reflect.Method.invoke(Method.java:498)
	at org.junit.runners.model.FrameworkMethod$1.runReflectiveCall(FrameworkMethod.java:50)
	at org.junit.internal.runners.model.ReflectiveCallable.run(ReflectiveCallable.java:12)
	at org.junit.runners.model.FrameworkMethod.invokeExplosively(FrameworkMethod.java:47)
	at com.tngtech.java.junit.dataprovider.DataProviderFrameworkMethod.invokeExplosively(DataProviderFrameworkMethod.java:119)
	at org.junit.internal.runners.statements.InvokeMethod.evaluate(InvokeMethod.java:17)
	at org.junit.rules.TestWatcher$1.evaluate(TestWatcher.java:55)
	at org.junit.rules.RunRules.evaluate(RunRules.java:20)
	at org.junit.runners.ParentRunner.runLeaf(ParentRunner.java:325)
	at com.dotcms.junit.CustomDataProviderRunner.runChild(CustomDataProviderRunner.java:28)
	at com.dotcms.junit.CustomDataProviderRunner.runChild(CustomDataProviderRunner.java:13)
	at org.junit.runners.ParentRunner$3.run(ParentRunner.java:290)
	at org.junit.runners.ParentRunner$1.schedule(ParentRunner.java:71)
	at org.junit.runners.ParentRunner.runChildren(ParentRunner.java:288)
	at org.junit.runners.ParentRunner.access$000(ParentRunner.java:58)
	at org.junit.runners.ParentRunner$2.evaluate(ParentRunner.java:268)
	at org.junit.internal.runners.statements.RunBefores.evaluate(RunBefores.java:26)
	at org.junit.internal.runners.statements.RunAfters.evaluate(RunAfters.java:27)
	at org.junit.runners.ParentRunner.run(ParentRunner.java:363)
	at org.junit.runners.Suite.runChild(Suite.java:128)
	at org.junit.runners.Suite.runChild(Suite.java:27)
	at org.junit.runners.ParentRunner$3.run(ParentRunner.java:290)
	at org.junit.runners.ParentRunner$1.schedule(ParentRunner.java:71)
	at org.junit.runners.ParentRunner.runChildren(ParentRunner.java:288)
	at org.junit.runners.ParentRunner.access$000(ParentRunner.java:58)
	at org.junit.runners.ParentRunner$2.evaluate(ParentRunner.java:268)
	at org.junit.runners.ParentRunner.run(ParentRunner.java:363)
	at org.gradle.api.internal.tasks.testing.junit.JUnitTestClassExecutor.runTestClass(JUnitTestClassExecutor.java:106)
	at org.gradle.api.internal.tasks.testing.junit.JUnitTestClassExecutor.execute(JUnitTestClassExecutor.java:58)
	at org.gradle.api.internal.tasks.testing.junit.JUnitTestClassExecutor.execute(JUnitTestClassExecutor.java:38)
	at org.gradle.api.internal.tasks.testing.junit.AbstractJUnitTestClassProcessor.processTestClass(AbstractJUnitTestClassProcessor.java:66)
	at org.gradle.api.internal.tasks.testing.SuiteTestClassProcessor.processTestClass(SuiteTestClassProcessor.java:51)
	at sun.reflect.NativeMethodAccessorImpl.invoke0(Native Method)
	at sun.reflect.NativeMethodAccessorImpl.invoke(NativeMethodAccessorImpl.java:62)
	at sun.reflect.DelegatingMethodAccessorImpl.invoke(DelegatingMethodAccessorImpl.java:43)
	at java.lang.reflect.Method.invoke(Method.java:498)
	at org.gradle.internal.dispatch.ReflectionDispatch.dispatch(ReflectionDispatch.java:35)
	at org.gradle.internal.dispatch.ReflectionDispatch.dispatch(ReflectionDispatch.java:24)
	at org.gradle.internal.dispatch.ContextClassLoaderDispatch.dispatch(ContextClassLoaderDispatch.java:32)
	at org.gradle.internal.dispatch.ProxyDispatchAdapter$DispatchingInvocationHandler.invoke(ProxyDispatchAdapter.java:93)
	at com.sun.proxy.$Proxy2.processTestClass(Unknown Source)
	at org.gradle.api.internal.tasks.testing.worker.TestWorker.processTestClass(TestWorker.java:117)
	at sun.reflect.NativeMethodAccessorImpl.invoke0(Native Method)
	at sun.reflect.NativeMethodAccessorImpl.invoke(NativeMethodAccessorImpl.java:62)
	at sun.reflect.DelegatingMethodAccessorImpl.invoke(DelegatingMethodAccessorImpl.java:43)
	at java.lang.reflect.Method.invoke(Method.java:498)
	at org.gradle.internal.dispatch.ReflectionDispatch.dispatch(ReflectionDispatch.java:35)
	at org.gradle.internal.dispatch.ReflectionDispatch.dispatch(ReflectionDispatch.java:24)
	at org.gradle.internal.remote.internal.hub.MessageHubBackedObjectConnection$DispatchWrapper.dispatch(MessageHubBackedObjectConnection.java:155)
	at org.gradle.internal.remote.internal.hub.MessageHubBackedObjectConnection$DispatchWrapper.dispatch(MessageHubBackedObjectConnection.java:137)
	at org.gradle.internal.remote.internal.hub.MessageHub$Handler.run(MessageHub.java:404)
	at org.gradle.internal.concurrent.ExecutorPolicy$CatchAndRecordFailures.onExecute(ExecutorPolicy.java:63)
	at org.gradle.internal.concurrent.ManagedExecutorImpl$1.run(ManagedExecutorImpl.java:46)
	at java.util.concurrent.ThreadPoolExecutor.runWorker(ThreadPoolExecutor.java:1149)
	at java.util.concurrent.ThreadPoolExecutor$Worker.run(ThreadPoolExecutor.java:624)
	at org.gradle.internal.concurrent.ThreadFactoryImpl$ManagedThreadRunnable.run(ThreadFactoryImpl.java:55)
	at java.lang.Thread.run(Thread.java:748)
</pre>
</span>
</div>
<div class="test">
<a name="publish[12: com.dotcms.publishing.PublisherAPIImplTest$TestCase@75b129ba]"></a>
<h3 class="failures">publish[12: com.dotcms.publishing.PublisherAPIImplTest$TestCase@75b129ba]</h3>
<span class="code">
<pre>java.lang.AssertionError: Expected 31 but get 33 in /custom/assets/bundles/01EZ85CFEBGGX8NDEZZD6QSRXX
Expected [/custom/assets/bundles/01EZ85CFEBGGX8NDEZZD6QSRXX/live/System Host/1/5-content.d7a4632d-ec96-4b52-83be-099c0dc8e6cd.content.xml, /custom/assets/bundles/01EZ85CFEBGGX8NDEZZD6QSRXX/live/System Host/1614105702281properties, /custom/assets/bundles/01EZ85CFEBGGX8NDEZZD6QSRXX/live/System Host/1/content.e4044e92-15dc-40a0-8972-026716931d24.host.xml, /custom/assets/bundles/01EZ85CFEBGGX8NDEZZD6QSRXX/working/System Host/1/content.ff462f88-d9e1-4d31-b084-b73cb61976d3.host.xml, /custom/assets/bundles/01EZ85CFEBGGX8NDEZZD6QSRXX/live/System Host/1/b23bcfb9-8683-4fba-b459-9389eb37a88e.contentworkflow.xml, /custom/assets/bundles/01EZ85CFEBGGX8NDEZZD6QSRXX/working/System Host/33888b6f-7a8e-4069-b1b6-5c1aa9d0a48d.contentType.json, /custom/assets/bundles/01EZ85CFEBGGX8NDEZZD6QSRXX/working/test1614103522839.dotcms.com/8ac02a22-3706-4d29-b6c4-400639da6a11.contentType.json, /custom/assets/bundles/01EZ85CFEBGGX8NDEZZD6QSRXX/ROOT/testName1614103523849/testName1614103523855/0e2d11aa-cec5-45db-a093-04e019eb43c4.folder.xml, /custom/assets/bundles/01EZ85CFEBGGX8NDEZZD6QSRXX/live/System Host/1properties, /custom/assets/bundles/01EZ85CFEBGGX8NDEZZD6QSRXX/working/System Host/1/2-content.442dd1a2-7eb0-4a01-976b-830669407521.content.xml, /custom/assets/bundles/01EZ85CFEBGGX8NDEZZD6QSRXX/live/System Host/en_US.language.xml, /custom/assets/bundles/01EZ85CFEBGGX8NDEZZD6QSRXX/working/test1614103522839.dotcms.com/1/f0b6f2f3-80d6-4b45-b1ce-96175c09c8ea.contentworkflow.xml, /custom/assets/bundles/01EZ85CFEBGGX8NDEZZD6QSRXX/live/default/ea74fa55-958f-4a16-bd90-5c576f37d961.rule.xml, /custom/assets/bundles/01EZ85CFEBGGX8NDEZZD6QSRXX/d61a59e1-a49c-46f2-a929-db2b4bfa88b2.workflow.xml, /custom/assets/bundles/01EZ85CFEBGGX8NDEZZD6QSRXX/live/System Host/1/0-content.442dd1a2-7eb0-4a01-976b-830669407521.content.xml, /custom/assets/bundles/01EZ85CFEBGGX8NDEZZD6QSRXX/live/default/1614105702281/e82233e6-539f-41aa-9f77-3307fbfc1aee.contentworkflow.xml, /custom/assets/bundles/01EZ85CFEBGGX8NDEZZD6QSRXX/working/test1614103522839.dotcms.com/1/1-eed70978-e278-4f47-8b62-2730c4c80e9a.content.xml, /custom/assets/bundles/01EZ85CFEBGGX8NDEZZD6QSRXX/working/test1614103522839.dotcms.com/testName1614103523849/testName1614103523855/d4d8c2a2-5497-43b9-b911-8c38e6ba1c89.link.xml, /custom/assets/bundles/01EZ85CFEBGGX8NDEZZD6QSRXX/live/System Host/1/2ac0e9a1-56ba-4fd2-a019-2f82c068c568.contentworkflow.xml, /custom/assets/bundles/01EZ85CFEBGGX8NDEZZD6QSRXX/working/System Host/1/b23bcfb9-8683-4fba-b459-9389eb37a88e.contentworkflow.xml, /custom/assets/bundles/01EZ85CFEBGGX8NDEZZD6QSRXX/live/default/1614105702281/4-content.105bdf9b-7b2b-43e1-98f3-0211d66694ed.content.xml, /custom/assets/bundles/01EZ85CFEBGGX8NDEZZD6QSRXX/working/test1614103522839.dotcms.com/1/3-59834d77-7130-402d-b1bd-e7e354ac6668.content.xml, /custom/assets/bundles/01EZ85CFEBGGX8NDEZZD6QSRXX/working/test1614103522839.dotcms.com/1/969aeef0-e9a5-425f-b991-94ba5e83e690.contentworkflow.xml, /custom/assets/bundles/01EZ85CFEBGGX8NDEZZD6QSRXX/assets/5/9/59834d77-7130-402d-b1bd-e7e354ac6668/fileAsset/test.jpg, /custom/assets/bundles/01EZ85CFEBGGX8NDEZZD6QSRXX/assets/e/e/eed70978-e278-4f47-8b62-2730c4c80e9a/fileAsset/test.jpg, /custom/assets/bundles/01EZ85CFEBGGX8NDEZZD6QSRXX/live/System Host/ps_CG.language.xml, /custom/assets/bundles/01EZ85CFEBGGX8NDEZZD6QSRXX/working/System Host/f4d7c1b8-2c88-4071-abf1-a5328977b07d.contentType.json, /custom/assets/bundles/01EZ85CFEBGGX8NDEZZD6QSRXX/live/System Host/1/content.ff462f88-d9e1-4d31-b084-b73cb61976d3.host.xml, /custom/assets/bundles/01EZ85CFEBGGX8NDEZZD6QSRXX/ROOT/testName1614103523849/d0cb6983-308a-4e16-ba55-c4e33acd649e.folder.xml, /custom/assets/bundles/01EZ85CFEBGGX8NDEZZD6QSRXX/ROOT/1ffe4dc0-fba2-478f-af46-7c114203cd71.folder.xml]
Existing [/custom/assets/bundles/01EZ85CFEBGGX8NDEZZD6QSRXX/ROOT/1ffe4dc0-fba2-478f-af46-7c114203cd71.folder.xml, /custom/assets/bundles/01EZ85CFEBGGX8NDEZZD6QSRXX/ROOT/bc9a1d37-dd2d-4d49-a29d-0c9be740bfaf.folder.xml, /custom/assets/bundles/01EZ85CFEBGGX8NDEZZD6QSRXX/ROOT/testName1614103523849/d0cb6983-308a-4e16-ba55-c4e33acd649e.folder.xml, /custom/assets/bundles/01EZ85CFEBGGX8NDEZZD6QSRXX/ROOT/testName1614103523849/testName1614103523855/0e2d11aa-cec5-45db-a093-04e019eb43c4.folder.xml, /custom/assets/bundles/01EZ85CFEBGGX8NDEZZD6QSRXX/assets/5/9/59834d77-7130-402d-b1bd-e7e354ac6668/fileAsset/test.jpg, /custom/assets/bundles/01EZ85CFEBGGX8NDEZZD6QSRXX/assets/e/e/eed70978-e278-4f47-8b62-2730c4c80e9a/fileAsset/test.jpg, /custom/assets/bundles/01EZ85CFEBGGX8NDEZZD6QSRXX/bundle.xml, /custom/assets/bundles/01EZ85CFEBGGX8NDEZZD6QSRXX/d61a59e1-a49c-46f2-a929-db2b4bfa88b2.workflow.xml, /custom/assets/bundles/01EZ85CFEBGGX8NDEZZD6QSRXX/live/System Host/1/0-content.442dd1a2-7eb0-4a01-976b-830669407521.content.xml, /custom/assets/bundles/01EZ85CFEBGGX8NDEZZD6QSRXX/live/System Host/1/2ac0e9a1-56ba-4fd2-a019-2f82c068c568.contentworkflow.xml, /custom/assets/bundles/01EZ85CFEBGGX8NDEZZD6QSRXX/live/System Host/1/5-content.d7a4632d-ec96-4b52-83be-099c0dc8e6cd.content.xml, /custom/assets/bundles/01EZ85CFEBGGX8NDEZZD6QSRXX/live/System Host/1/b23bcfb9-8683-4fba-b459-9389eb37a88e.contentworkflow.xml, /custom/assets/bundles/01EZ85CFEBGGX8NDEZZD6QSRXX/live/System Host/1/content.e4044e92-15dc-40a0-8972-026716931d24.host.xml, /custom/assets/bundles/01EZ85CFEBGGX8NDEZZD6QSRXX/live/System Host/1/content.ff462f88-d9e1-4d31-b084-b73cb61976d3.host.xml, /custom/assets/bundles/01EZ85CFEBGGX8NDEZZD6QSRXX/live/System Host/1/system host.host.xml, /custom/assets/bundles/01EZ85CFEBGGX8NDEZZD6QSRXX/live/System Host/1614105702281properties, /custom/assets/bundles/01EZ85CFEBGGX8NDEZZD6QSRXX/live/System Host/1properties, /custom/assets/bundles/01EZ85CFEBGGX8NDEZZD6QSRXX/live/System Host/en_US.language.xml, /custom/assets/bundles/01EZ85CFEBGGX8NDEZZD6QSRXX/live/System Host/ps_CG.language.xml, /custom/assets/bundles/01EZ85CFEBGGX8NDEZZD6QSRXX/live/default/1614105702281/4-content.105bdf9b-7b2b-43e1-98f3-0211d66694ed.content.xml, /custom/assets/bundles/01EZ85CFEBGGX8NDEZZD6QSRXX/live/default/1614105702281/e82233e6-539f-41aa-9f77-3307fbfc1aee.contentworkflow.xml, /custom/assets/bundles/01EZ85CFEBGGX8NDEZZD6QSRXX/live/default/ea74fa55-958f-4a16-bd90-5c576f37d961.rule.xml, /custom/assets/bundles/01EZ85CFEBGGX8NDEZZD6QSRXX/working/System Host/1/2-content.442dd1a2-7eb0-4a01-976b-830669407521.content.xml, /custom/assets/bundles/01EZ85CFEBGGX8NDEZZD6QSRXX/working/System Host/1/b23bcfb9-8683-4fba-b459-9389eb37a88e.contentworkflow.xml, /custom/assets/bundles/01EZ85CFEBGGX8NDEZZD6QSRXX/working/System Host/1/content.ff462f88-d9e1-4d31-b084-b73cb61976d3.host.xml, /custom/assets/bundles/01EZ85CFEBGGX8NDEZZD6QSRXX/working/System Host/33888b6f-7a8e-4069-b1b6-5c1aa9d0a48d.contentType.json, /custom/assets/bundles/01EZ85CFEBGGX8NDEZZD6QSRXX/working/System Host/f4d7c1b8-2c88-4071-abf1-a5328977b07d.contentType.json, /custom/assets/bundles/01EZ85CFEBGGX8NDEZZD6QSRXX/working/test1614103522839.dotcms.com/1/1-eed70978-e278-4f47-8b62-2730c4c80e9a.content.xml, /custom/assets/bundles/01EZ85CFEBGGX8NDEZZD6QSRXX/working/test1614103522839.dotcms.com/1/3-59834d77-7130-402d-b1bd-e7e354ac6668.content.xml, /custom/assets/bundles/01EZ85CFEBGGX8NDEZZD6QSRXX/working/test1614103522839.dotcms.com/1/969aeef0-e9a5-425f-b991-94ba5e83e690.contentworkflow.xml, /custom/assets/bundles/01EZ85CFEBGGX8NDEZZD6QSRXX/working/test1614103522839.dotcms.com/1/f0b6f2f3-80d6-4b45-b1ce-96175c09c8ea.contentworkflow.xml, /custom/assets/bundles/01EZ85CFEBGGX8NDEZZD6QSRXX/working/test1614103522839.dotcms.com/8ac02a22-3706-4d29-b6c4-400639da6a11.contentType.json, /custom/assets/bundles/01EZ85CFEBGGX8NDEZZD6QSRXX/working/test1614103522839.dotcms.com/testName1614103523849/testName1614103523855/d4d8c2a2-5497-43b9-b911-8c38e6ba1c89.link.xml]
difference [/custom/assets/bundles/01EZ85CFEBGGX8NDEZZD6QSRXX/ROOT/bc9a1d37-dd2d-4d49-a29d-0c9be740bfaf.folder.xml, /custom/assets/bundles/01EZ85CFEBGGX8NDEZZD6QSRXX/bundle.xml, /custom/assets/bundles/01EZ85CFEBGGX8NDEZZD6QSRXX/live/System Host/1/system host.host.xml]

	at org.jgroups.util.Util.assertEquals(Util.java:185)
	at com.dotcms.publishing.PublisherAPIImplTest.publish(PublisherAPIImplTest.java:407)
	at sun.reflect.NativeMethodAccessorImpl.invoke0(Native Method)
	at sun.reflect.NativeMethodAccessorImpl.invoke(NativeMethodAccessorImpl.java:62)
	at sun.reflect.DelegatingMethodAccessorImpl.invoke(DelegatingMethodAccessorImpl.java:43)
	at java.lang.reflect.Method.invoke(Method.java:498)
	at org.junit.runners.model.FrameworkMethod$1.runReflectiveCall(FrameworkMethod.java:50)
	at org.junit.internal.runners.model.ReflectiveCallable.run(ReflectiveCallable.java:12)
	at org.junit.runners.model.FrameworkMethod.invokeExplosively(FrameworkMethod.java:47)
	at com.tngtech.java.junit.dataprovider.DataProviderFrameworkMethod.invokeExplosively(DataProviderFrameworkMethod.java:119)
	at org.junit.internal.runners.statements.InvokeMethod.evaluate(InvokeMethod.java:17)
	at org.junit.rules.TestWatcher$1.evaluate(TestWatcher.java:55)
	at org.junit.rules.RunRules.evaluate(RunRules.java:20)
	at org.junit.runners.ParentRunner.runLeaf(ParentRunner.java:325)
	at com.dotcms.junit.CustomDataProviderRunner.runChild(CustomDataProviderRunner.java:28)
	at com.dotcms.junit.CustomDataProviderRunner.runChild(CustomDataProviderRunner.java:13)
	at org.junit.runners.ParentRunner$3.run(ParentRunner.java:290)
	at org.junit.runners.ParentRunner$1.schedule(ParentRunner.java:71)
	at org.junit.runners.ParentRunner.runChildren(ParentRunner.java:288)
	at org.junit.runners.ParentRunner.access$000(ParentRunner.java:58)
	at org.junit.runners.ParentRunner$2.evaluate(ParentRunner.java:268)
	at org.junit.internal.runners.statements.RunBefores.evaluate(RunBefores.java:26)
	at org.junit.internal.runners.statements.RunAfters.evaluate(RunAfters.java:27)
	at org.junit.runners.ParentRunner.run(ParentRunner.java:363)
	at org.junit.runners.Suite.runChild(Suite.java:128)
	at org.junit.runners.Suite.runChild(Suite.java:27)
	at org.junit.runners.ParentRunner$3.run(ParentRunner.java:290)
	at org.junit.runners.ParentRunner$1.schedule(ParentRunner.java:71)
	at org.junit.runners.ParentRunner.runChildren(ParentRunner.java:288)
	at org.junit.runners.ParentRunner.access$000(ParentRunner.java:58)
	at org.junit.runners.ParentRunner$2.evaluate(ParentRunner.java:268)
	at org.junit.runners.ParentRunner.run(ParentRunner.java:363)
	at org.gradle.api.internal.tasks.testing.junit.JUnitTestClassExecutor.runTestClass(JUnitTestClassExecutor.java:106)
	at org.gradle.api.internal.tasks.testing.junit.JUnitTestClassExecutor.execute(JUnitTestClassExecutor.java:58)
	at org.gradle.api.internal.tasks.testing.junit.JUnitTestClassExecutor.execute(JUnitTestClassExecutor.java:38)
	at org.gradle.api.internal.tasks.testing.junit.AbstractJUnitTestClassProcessor.processTestClass(AbstractJUnitTestClassProcessor.java:66)
	at org.gradle.api.internal.tasks.testing.SuiteTestClassProcessor.processTestClass(SuiteTestClassProcessor.java:51)
	at sun.reflect.NativeMethodAccessorImpl.invoke0(Native Method)
	at sun.reflect.NativeMethodAccessorImpl.invoke(NativeMethodAccessorImpl.java:62)
	at sun.reflect.DelegatingMethodAccessorImpl.invoke(DelegatingMethodAccessorImpl.java:43)
	at java.lang.reflect.Method.invoke(Method.java:498)
	at org.gradle.internal.dispatch.ReflectionDispatch.dispatch(ReflectionDispatch.java:35)
	at org.gradle.internal.dispatch.ReflectionDispatch.dispatch(ReflectionDispatch.java:24)
	at org.gradle.internal.dispatch.ContextClassLoaderDispatch.dispatch(ContextClassLoaderDispatch.java:32)
	at org.gradle.internal.dispatch.ProxyDispatchAdapter$DispatchingInvocationHandler.invoke(ProxyDispatchAdapter.java:93)
	at com.sun.proxy.$Proxy2.processTestClass(Unknown Source)
	at org.gradle.api.internal.tasks.testing.worker.TestWorker.processTestClass(TestWorker.java:117)
	at sun.reflect.NativeMethodAccessorImpl.invoke0(Native Method)
	at sun.reflect.NativeMethodAccessorImpl.invoke(NativeMethodAccessorImpl.java:62)
	at sun.reflect.DelegatingMethodAccessorImpl.invoke(DelegatingMethodAccessorImpl.java:43)
	at java.lang.reflect.Method.invoke(Method.java:498)
	at org.gradle.internal.dispatch.ReflectionDispatch.dispatch(ReflectionDispatch.java:35)
	at org.gradle.internal.dispatch.ReflectionDispatch.dispatch(ReflectionDispatch.java:24)
	at org.gradle.internal.remote.internal.hub.MessageHubBackedObjectConnection$DispatchWrapper.dispatch(MessageHubBackedObjectConnection.java:155)
	at org.gradle.internal.remote.internal.hub.MessageHubBackedObjectConnection$DispatchWrapper.dispatch(MessageHubBackedObjectConnection.java:137)
	at org.gradle.internal.remote.internal.hub.MessageHub$Handler.run(MessageHub.java:404)
	at org.gradle.internal.concurrent.ExecutorPolicy$CatchAndRecordFailures.onExecute(ExecutorPolicy.java:63)
	at org.gradle.internal.concurrent.ManagedExecutorImpl$1.run(ManagedExecutorImpl.java:46)
	at java.util.concurrent.ThreadPoolExecutor.runWorker(ThreadPoolExecutor.java:1149)
	at java.util.concurrent.ThreadPoolExecutor$Worker.run(ThreadPoolExecutor.java:624)
	at org.gradle.internal.concurrent.ThreadFactoryImpl$ManagedThreadRunnable.run(ThreadFactoryImpl.java:55)
	at java.lang.Thread.run(Thread.java:748)
</pre>
</span>
</div>
<div class="test">
<a name="publish[13: com.dotcms.publishing.PublisherAPIImplTest$TestCase@72052ad7]"></a>
<h3 class="failures">publish[13: com.dotcms.publishing.PublisherAPIImplTest$TestCase@72052ad7]</h3>
<span class="code">
<pre>java.lang.AssertionError: Expected 28 but get 30 in /custom/assets/bundles/01EZ85CFK6058C4A5G255D4BFZ
Expected [/custom/assets/bundles/01EZ85CFK6058C4A5G255D4BFZ/working/System Host/1/b23bcfb9-8683-4fba-b459-9389eb37a88e.contentworkflow.xml, /custom/assets/bundles/01EZ85CFK6058C4A5G255D4BFZ/live/System Host/1/content.ff462f88-d9e1-4d31-b084-b73cb61976d3.host.xml, /custom/assets/bundles/01EZ85CFK6058C4A5G255D4BFZ/working/test1614103524116.dotcms.com/1/4-content.2e83f98a-5dca-4658-abbb-dfbc5e518836.content.xml, /custom/assets/bundles/01EZ85CFK6058C4A5G255D4BFZ/live/System Host/ps_CG.language.xml, /custom/assets/bundles/01EZ85CFK6058C4A5G255D4BFZ/live/default/ea74fa55-958f-4a16-bd90-5c576f37d961.rule.xml, /custom/assets/bundles/01EZ85CFK6058C4A5G255D4BFZ/live/System Host/1properties, /custom/assets/bundles/01EZ85CFK6058C4A5G255D4BFZ/live/System Host/en_US.language.xml, /custom/assets/bundles/01EZ85CFK6058C4A5G255D4BFZ/live/default/1614105702281/e82233e6-539f-41aa-9f77-3307fbfc1aee.contentworkflow.xml, /custom/assets/bundles/01EZ85CFK6058C4A5G255D4BFZ/ROOT/d7c666d9-4071-42a0-8b81-3f8dbb337c97.folder.xml, /custom/assets/bundles/01EZ85CFK6058C4A5G255D4BFZ/d61a59e1-a49c-46f2-a929-db2b4bfa88b2.workflow.xml, /custom/assets/bundles/01EZ85CFK6058C4A5G255D4BFZ/working/test1614103524116.dotcms.com/67f5b31c-d087-4fc3-b77c-28a114434815.contentType.json, /custom/assets/bundles/01EZ85CFK6058C4A5G255D4BFZ/live/System Host/1/0-content.442dd1a2-7eb0-4a01-976b-830669407521.content.xml, /custom/assets/bundles/01EZ85CFK6058C4A5G255D4BFZ/working/test1614103524116.dotcms.com/ba4a6a4e-7451-48d3-93a1-b90b54977803.contentType.json, /custom/assets/bundles/01EZ85CFK6058C4A5G255D4BFZ/live/System Host/1/3-content.d7a4632d-ec96-4b52-83be-099c0dc8e6cd.content.xml, /custom/assets/bundles/01EZ85CFK6058C4A5G255D4BFZ/live/System Host/1/2ac0e9a1-56ba-4fd2-a019-2f82c068c568.contentworkflow.xml, /custom/assets/bundles/01EZ85CFK6058C4A5G255D4BFZ/live/System Host/1/content.32517426-0f63-4b78-b878-2ad5749deaa7.host.xml, /custom/assets/bundles/01EZ85CFK6058C4A5G255D4BFZ/working/System Host/f4d7c1b8-2c88-4071-abf1-a5328977b07d.contentType.json, /custom/assets/bundles/01EZ85CFK6058C4A5G255D4BFZ/working/test1614103524116.dotcms.com/a3ad6afc-85ed-424d-8d2f-f8835178bfa4.containers.container.xml, /custom/assets/bundles/01EZ85CFK6058C4A5G255D4BFZ/working/System Host/1/1-content.442dd1a2-7eb0-4a01-976b-830669407521.content.xml, /custom/assets/bundles/01EZ85CFK6058C4A5G255D4BFZ/working/System Host/33888b6f-7a8e-4069-b1b6-5c1aa9d0a48d.contentType.json, /custom/assets/bundles/01EZ85CFK6058C4A5G255D4BFZ/live/default/1614105702281/2-content.105bdf9b-7b2b-43e1-98f3-0211d66694ed.content.xml, /custom/assets/bundles/01EZ85CFK6058C4A5G255D4BFZ/live/System Host/1/b23bcfb9-8683-4fba-b459-9389eb37a88e.contentworkflow.xml, /custom/assets/bundles/01EZ85CFK6058C4A5G255D4BFZ/live/test1614103524116.dotcms.com/33776de0-8c78-4bdd-b49f-1aeba782f59b.rule.xml, /custom/assets/bundles/01EZ85CFK6058C4A5G255D4BFZ/working/test1614103524116.dotcms.com/1/5d658a95-747f-4916-aa1d-be5d8bdd3b45.contentworkflow.xml, /custom/assets/bundles/01EZ85CFK6058C4A5G255D4BFZ/live/test1614103524116.dotcms.com/229e64f2-b181-4983-a30f-688f4b481c3c.template.template.xml, /custom/assets/bundles/01EZ85CFK6058C4A5G255D4BFZ/live/System Host/1614105702281properties, /custom/assets/bundles/01EZ85CFK6058C4A5G255D4BFZ/working/System Host/1/content.ff462f88-d9e1-4d31-b084-b73cb61976d3.host.xml]
Existing [/custom/assets/bundles/01EZ85CFK6058C4A5G255D4BFZ/ROOT/bc9a1d37-dd2d-4d49-a29d-0c9be740bfaf.folder.xml, /custom/assets/bundles/01EZ85CFK6058C4A5G255D4BFZ/ROOT/d7c666d9-4071-42a0-8b81-3f8dbb337c97.folder.xml, /custom/assets/bundles/01EZ85CFK6058C4A5G255D4BFZ/bundle.xml, /custom/assets/bundles/01EZ85CFK6058C4A5G255D4BFZ/d61a59e1-a49c-46f2-a929-db2b4bfa88b2.workflow.xml, /custom/assets/bundles/01EZ85CFK6058C4A5G255D4BFZ/live/System Host/1/0-content.442dd1a2-7eb0-4a01-976b-830669407521.content.xml, /custom/assets/bundles/01EZ85CFK6058C4A5G255D4BFZ/live/System Host/1/2ac0e9a1-56ba-4fd2-a019-2f82c068c568.contentworkflow.xml, /custom/assets/bundles/01EZ85CFK6058C4A5G255D4BFZ/live/System Host/1/3-content.d7a4632d-ec96-4b52-83be-099c0dc8e6cd.content.xml, /custom/assets/bundles/01EZ85CFK6058C4A5G255D4BFZ/live/System Host/1/b23bcfb9-8683-4fba-b459-9389eb37a88e.contentworkflow.xml, /custom/assets/bundles/01EZ85CFK6058C4A5G255D4BFZ/live/System Host/1/content.32517426-0f63-4b78-b878-2ad5749deaa7.host.xml, /custom/assets/bundles/01EZ85CFK6058C4A5G255D4BFZ/live/System Host/1/content.ff462f88-d9e1-4d31-b084-b73cb61976d3.host.xml, /custom/assets/bundles/01EZ85CFK6058C4A5G255D4BFZ/live/System Host/1/system host.host.xml, /custom/assets/bundles/01EZ85CFK6058C4A5G255D4BFZ/live/System Host/1614105702281properties, /custom/assets/bundles/01EZ85CFK6058C4A5G255D4BFZ/live/System Host/1properties, /custom/assets/bundles/01EZ85CFK6058C4A5G255D4BFZ/live/System Host/en_US.language.xml, /custom/assets/bundles/01EZ85CFK6058C4A5G255D4BFZ/live/System Host/ps_CG.language.xml, /custom/assets/bundles/01EZ85CFK6058C4A5G255D4BFZ/live/default/1614105702281/2-content.105bdf9b-7b2b-43e1-98f3-0211d66694ed.content.xml, /custom/assets/bundles/01EZ85CFK6058C4A5G255D4BFZ/live/default/1614105702281/e82233e6-539f-41aa-9f77-3307fbfc1aee.contentworkflow.xml, /custom/assets/bundles/01EZ85CFK6058C4A5G255D4BFZ/live/default/ea74fa55-958f-4a16-bd90-5c576f37d961.rule.xml, /custom/assets/bundles/01EZ85CFK6058C4A5G255D4BFZ/live/test1614103524116.dotcms.com/229e64f2-b181-4983-a30f-688f4b481c3c.template.template.xml, /custom/assets/bundles/01EZ85CFK6058C4A5G255D4BFZ/live/test1614103524116.dotcms.com/33776de0-8c78-4bdd-b49f-1aeba782f59b.rule.xml, /custom/assets/bundles/01EZ85CFK6058C4A5G255D4BFZ/working/System Host/1/1-content.442dd1a2-7eb0-4a01-976b-830669407521.content.xml, /custom/assets/bundles/01EZ85CFK6058C4A5G255D4BFZ/working/System Host/1/b23bcfb9-8683-4fba-b459-9389eb37a88e.contentworkflow.xml, /custom/assets/bundles/01EZ85CFK6058C4A5G255D4BFZ/working/System Host/1/content.ff462f88-d9e1-4d31-b084-b73cb61976d3.host.xml, /custom/assets/bundles/01EZ85CFK6058C4A5G255D4BFZ/working/System Host/33888b6f-7a8e-4069-b1b6-5c1aa9d0a48d.contentType.json, /custom/assets/bundles/01EZ85CFK6058C4A5G255D4BFZ/working/System Host/f4d7c1b8-2c88-4071-abf1-a5328977b07d.contentType.json, /custom/assets/bundles/01EZ85CFK6058C4A5G255D4BFZ/working/test1614103524116.dotcms.com/1/4-content.2e83f98a-5dca-4658-abbb-dfbc5e518836.content.xml, /custom/assets/bundles/01EZ85CFK6058C4A5G255D4BFZ/working/test1614103524116.dotcms.com/1/5d658a95-747f-4916-aa1d-be5d8bdd3b45.contentworkflow.xml, /custom/assets/bundles/01EZ85CFK6058C4A5G255D4BFZ/working/test1614103524116.dotcms.com/67f5b31c-d087-4fc3-b77c-28a114434815.contentType.json, /custom/assets/bundles/01EZ85CFK6058C4A5G255D4BFZ/working/test1614103524116.dotcms.com/a3ad6afc-85ed-424d-8d2f-f8835178bfa4.containers.container.xml, /custom/assets/bundles/01EZ85CFK6058C4A5G255D4BFZ/working/test1614103524116.dotcms.com/ba4a6a4e-7451-48d3-93a1-b90b54977803.contentType.json]
difference [/custom/assets/bundles/01EZ85CFK6058C4A5G255D4BFZ/ROOT/bc9a1d37-dd2d-4d49-a29d-0c9be740bfaf.folder.xml, /custom/assets/bundles/01EZ85CFK6058C4A5G255D4BFZ/bundle.xml, /custom/assets/bundles/01EZ85CFK6058C4A5G255D4BFZ/live/System Host/1/system host.host.xml]

	at org.jgroups.util.Util.assertEquals(Util.java:185)
	at com.dotcms.publishing.PublisherAPIImplTest.publish(PublisherAPIImplTest.java:407)
	at sun.reflect.NativeMethodAccessorImpl.invoke0(Native Method)
	at sun.reflect.NativeMethodAccessorImpl.invoke(NativeMethodAccessorImpl.java:62)
	at sun.reflect.DelegatingMethodAccessorImpl.invoke(DelegatingMethodAccessorImpl.java:43)
	at java.lang.reflect.Method.invoke(Method.java:498)
	at org.junit.runners.model.FrameworkMethod$1.runReflectiveCall(FrameworkMethod.java:50)
	at org.junit.internal.runners.model.ReflectiveCallable.run(ReflectiveCallable.java:12)
	at org.junit.runners.model.FrameworkMethod.invokeExplosively(FrameworkMethod.java:47)
	at com.tngtech.java.junit.dataprovider.DataProviderFrameworkMethod.invokeExplosively(DataProviderFrameworkMethod.java:119)
	at org.junit.internal.runners.statements.InvokeMethod.evaluate(InvokeMethod.java:17)
	at org.junit.rules.TestWatcher$1.evaluate(TestWatcher.java:55)
	at org.junit.rules.RunRules.evaluate(RunRules.java:20)
	at org.junit.runners.ParentRunner.runLeaf(ParentRunner.java:325)
	at com.dotcms.junit.CustomDataProviderRunner.runChild(CustomDataProviderRunner.java:28)
	at com.dotcms.junit.CustomDataProviderRunner.runChild(CustomDataProviderRunner.java:13)
	at org.junit.runners.ParentRunner$3.run(ParentRunner.java:290)
	at org.junit.runners.ParentRunner$1.schedule(ParentRunner.java:71)
	at org.junit.runners.ParentRunner.runChildren(ParentRunner.java:288)
	at org.junit.runners.ParentRunner.access$000(ParentRunner.java:58)
	at org.junit.runners.ParentRunner$2.evaluate(ParentRunner.java:268)
	at org.junit.internal.runners.statements.RunBefores.evaluate(RunBefores.java:26)
	at org.junit.internal.runners.statements.RunAfters.evaluate(RunAfters.java:27)
	at org.junit.runners.ParentRunner.run(ParentRunner.java:363)
	at org.junit.runners.Suite.runChild(Suite.java:128)
	at org.junit.runners.Suite.runChild(Suite.java:27)
	at org.junit.runners.ParentRunner$3.run(ParentRunner.java:290)
	at org.junit.runners.ParentRunner$1.schedule(ParentRunner.java:71)
	at org.junit.runners.ParentRunner.runChildren(ParentRunner.java:288)
	at org.junit.runners.ParentRunner.access$000(ParentRunner.java:58)
	at org.junit.runners.ParentRunner$2.evaluate(ParentRunner.java:268)
	at org.junit.runners.ParentRunner.run(ParentRunner.java:363)
	at org.gradle.api.internal.tasks.testing.junit.JUnitTestClassExecutor.runTestClass(JUnitTestClassExecutor.java:106)
	at org.gradle.api.internal.tasks.testing.junit.JUnitTestClassExecutor.execute(JUnitTestClassExecutor.java:58)
	at org.gradle.api.internal.tasks.testing.junit.JUnitTestClassExecutor.execute(JUnitTestClassExecutor.java:38)
	at org.gradle.api.internal.tasks.testing.junit.AbstractJUnitTestClassProcessor.processTestClass(AbstractJUnitTestClassProcessor.java:66)
	at org.gradle.api.internal.tasks.testing.SuiteTestClassProcessor.processTestClass(SuiteTestClassProcessor.java:51)
	at sun.reflect.NativeMethodAccessorImpl.invoke0(Native Method)
	at sun.reflect.NativeMethodAccessorImpl.invoke(NativeMethodAccessorImpl.java:62)
	at sun.reflect.DelegatingMethodAccessorImpl.invoke(DelegatingMethodAccessorImpl.java:43)
	at java.lang.reflect.Method.invoke(Method.java:498)
	at org.gradle.internal.dispatch.ReflectionDispatch.dispatch(ReflectionDispatch.java:35)
	at org.gradle.internal.dispatch.ReflectionDispatch.dispatch(ReflectionDispatch.java:24)
	at org.gradle.internal.dispatch.ContextClassLoaderDispatch.dispatch(ContextClassLoaderDispatch.java:32)
	at org.gradle.internal.dispatch.ProxyDispatchAdapter$DispatchingInvocationHandler.invoke(ProxyDispatchAdapter.java:93)
	at com.sun.proxy.$Proxy2.processTestClass(Unknown Source)
	at org.gradle.api.internal.tasks.testing.worker.TestWorker.processTestClass(TestWorker.java:117)
	at sun.reflect.NativeMethodAccessorImpl.invoke0(Native Method)
	at sun.reflect.NativeMethodAccessorImpl.invoke(NativeMethodAccessorImpl.java:62)
	at sun.reflect.DelegatingMethodAccessorImpl.invoke(DelegatingMethodAccessorImpl.java:43)
	at java.lang.reflect.Method.invoke(Method.java:498)
	at org.gradle.internal.dispatch.ReflectionDispatch.dispatch(ReflectionDispatch.java:35)
	at org.gradle.internal.dispatch.ReflectionDispatch.dispatch(ReflectionDispatch.java:24)
	at org.gradle.internal.remote.internal.hub.MessageHubBackedObjectConnection$DispatchWrapper.dispatch(MessageHubBackedObjectConnection.java:155)
	at org.gradle.internal.remote.internal.hub.MessageHubBackedObjectConnection$DispatchWrapper.dispatch(MessageHubBackedObjectConnection.java:137)
	at org.gradle.internal.remote.internal.hub.MessageHub$Handler.run(MessageHub.java:404)
	at org.gradle.internal.concurrent.ExecutorPolicy$CatchAndRecordFailures.onExecute(ExecutorPolicy.java:63)
	at org.gradle.internal.concurrent.ManagedExecutorImpl$1.run(ManagedExecutorImpl.java:46)
	at java.util.concurrent.ThreadPoolExecutor.runWorker(ThreadPoolExecutor.java:1149)
	at java.util.concurrent.ThreadPoolExecutor$Worker.run(ThreadPoolExecutor.java:624)
	at org.gradle.internal.concurrent.ThreadFactoryImpl$ManagedThreadRunnable.run(ThreadFactoryImpl.java:55)
	at java.lang.Thread.run(Thread.java:748)
</pre>
</span>
</div>
<div class="test">
<a name="publish[14: com.dotcms.publishing.PublisherAPIImplTest$TestCase@110568f9]"></a>
<h3 class="failures">publish[14: com.dotcms.publishing.PublisherAPIImplTest$TestCase@110568f9]</h3>
<span class="code">
<pre>java.lang.AssertionError: Expected 21 but get 23 in /custom/assets/bundles/01EZ85CFRADH87ZSJ3A11AYAAG
Expected [/custom/assets/bundles/01EZ85CFRADH87ZSJ3A11AYAAG/live/System Host/1/3-content.d7a4632d-ec96-4b52-83be-099c0dc8e6cd.content.xml, /custom/assets/bundles/01EZ85CFRADH87ZSJ3A11AYAAG/working/System Host/1/1-content.442dd1a2-7eb0-4a01-976b-830669407521.content.xml, /custom/assets/bundles/01EZ85CFRADH87ZSJ3A11AYAAG/working/System Host/1/b23bcfb9-8683-4fba-b459-9389eb37a88e.contentworkflow.xml, /custom/assets/bundles/01EZ85CFRADH87ZSJ3A11AYAAG/live/default/1614105702281/e82233e6-539f-41aa-9f77-3307fbfc1aee.contentworkflow.xml, /custom/assets/bundles/01EZ85CFRADH87ZSJ3A11AYAAG/live/System Host/en_US.language.xml, /custom/assets/bundles/01EZ85CFRADH87ZSJ3A11AYAAG/live/System Host/1/content.ff462f88-d9e1-4d31-b084-b73cb61976d3.host.xml, /custom/assets/bundles/01EZ85CFRADH87ZSJ3A11AYAAG/live/System Host/1/content.2e6bd9a7-b271-46f4-896a-ca95dde73aa2.host.xml, /custom/assets/bundles/01EZ85CFRADH87ZSJ3A11AYAAG/live/System Host/1/0-content.442dd1a2-7eb0-4a01-976b-830669407521.content.xml, /custom/assets/bundles/01EZ85CFRADH87ZSJ3A11AYAAG/live/default/ea74fa55-958f-4a16-bd90-5c576f37d961.rule.xml, /custom/assets/bundles/01EZ85CFRADH87ZSJ3A11AYAAG/working/test1614103524983.dotcms.com/testName1614103525945/7843f36d-2d7f-4b54-b29c-71ab0b63551c.link.xml, /custom/assets/bundles/01EZ85CFRADH87ZSJ3A11AYAAG/live/System Host/1614105702281properties, /custom/assets/bundles/01EZ85CFRADH87ZSJ3A11AYAAG/live/default/1614105702281/2-content.105bdf9b-7b2b-43e1-98f3-0211d66694ed.content.xml, /custom/assets/bundles/01EZ85CFRADH87ZSJ3A11AYAAG/d61a59e1-a49c-46f2-a929-db2b4bfa88b2.workflow.xml, /custom/assets/bundles/01EZ85CFRADH87ZSJ3A11AYAAG/working/System Host/f4d7c1b8-2c88-4071-abf1-a5328977b07d.contentType.json, /custom/assets/bundles/01EZ85CFRADH87ZSJ3A11AYAAG/working/System Host/1/content.ff462f88-d9e1-4d31-b084-b73cb61976d3.host.xml, /custom/assets/bundles/01EZ85CFRADH87ZSJ3A11AYAAG/live/System Host/ps_CG.language.xml, /custom/assets/bundles/01EZ85CFRADH87ZSJ3A11AYAAG/live/System Host/1/2ac0e9a1-56ba-4fd2-a019-2f82c068c568.contentworkflow.xml, /custom/assets/bundles/01EZ85CFRADH87ZSJ3A11AYAAG/ROOT/d70384af-1181-4ea4-898b-ef6eef1c19d0.folder.xml, /custom/assets/bundles/01EZ85CFRADH87ZSJ3A11AYAAG/live/System Host/1/b23bcfb9-8683-4fba-b459-9389eb37a88e.contentworkflow.xml, /custom/assets/bundles/01EZ85CFRADH87ZSJ3A11AYAAG/live/System Host/1properties]
Existing [/custom/assets/bundles/01EZ85CFRADH87ZSJ3A11AYAAG/ROOT/bc9a1d37-dd2d-4d49-a29d-0c9be740bfaf.folder.xml, /custom/assets/bundles/01EZ85CFRADH87ZSJ3A11AYAAG/ROOT/d70384af-1181-4ea4-898b-ef6eef1c19d0.folder.xml, /custom/assets/bundles/01EZ85CFRADH87ZSJ3A11AYAAG/bundle.xml, /custom/assets/bundles/01EZ85CFRADH87ZSJ3A11AYAAG/d61a59e1-a49c-46f2-a929-db2b4bfa88b2.workflow.xml, /custom/assets/bundles/01EZ85CFRADH87ZSJ3A11AYAAG/live/System Host/1/0-content.442dd1a2-7eb0-4a01-976b-830669407521.content.xml, /custom/assets/bundles/01EZ85CFRADH87ZSJ3A11AYAAG/live/System Host/1/2ac0e9a1-56ba-4fd2-a019-2f82c068c568.contentworkflow.xml, /custom/assets/bundles/01EZ85CFRADH87ZSJ3A11AYAAG/live/System Host/1/3-content.d7a4632d-ec96-4b52-83be-099c0dc8e6cd.content.xml, /custom/assets/bundles/01EZ85CFRADH87ZSJ3A11AYAAG/live/System Host/1/b23bcfb9-8683-4fba-b459-9389eb37a88e.contentworkflow.xml, /custom/assets/bundles/01EZ85CFRADH87ZSJ3A11AYAAG/live/System Host/1/content.2e6bd9a7-b271-46f4-896a-ca95dde73aa2.host.xml, /custom/assets/bundles/01EZ85CFRADH87ZSJ3A11AYAAG/live/System Host/1/content.ff462f88-d9e1-4d31-b084-b73cb61976d3.host.xml, /custom/assets/bundles/01EZ85CFRADH87ZSJ3A11AYAAG/live/System Host/1/system host.host.xml, /custom/assets/bundles/01EZ85CFRADH87ZSJ3A11AYAAG/live/System Host/1614105702281properties, /custom/assets/bundles/01EZ85CFRADH87ZSJ3A11AYAAG/live/System Host/1properties, /custom/assets/bundles/01EZ85CFRADH87ZSJ3A11AYAAG/live/System Host/en_US.language.xml, /custom/assets/bundles/01EZ85CFRADH87ZSJ3A11AYAAG/live/System Host/ps_CG.language.xml, /custom/assets/bundles/01EZ85CFRADH87ZSJ3A11AYAAG/live/default/1614105702281/2-content.105bdf9b-7b2b-43e1-98f3-0211d66694ed.content.xml, /custom/assets/bundles/01EZ85CFRADH87ZSJ3A11AYAAG/live/default/1614105702281/e82233e6-539f-41aa-9f77-3307fbfc1aee.contentworkflow.xml, /custom/assets/bundles/01EZ85CFRADH87ZSJ3A11AYAAG/live/default/ea74fa55-958f-4a16-bd90-5c576f37d961.rule.xml, /custom/assets/bundles/01EZ85CFRADH87ZSJ3A11AYAAG/working/System Host/1/1-content.442dd1a2-7eb0-4a01-976b-830669407521.content.xml, /custom/assets/bundles/01EZ85CFRADH87ZSJ3A11AYAAG/working/System Host/1/b23bcfb9-8683-4fba-b459-9389eb37a88e.contentworkflow.xml, /custom/assets/bundles/01EZ85CFRADH87ZSJ3A11AYAAG/working/System Host/1/content.ff462f88-d9e1-4d31-b084-b73cb61976d3.host.xml, /custom/assets/bundles/01EZ85CFRADH87ZSJ3A11AYAAG/working/System Host/f4d7c1b8-2c88-4071-abf1-a5328977b07d.contentType.json, /custom/assets/bundles/01EZ85CFRADH87ZSJ3A11AYAAG/working/test1614103524983.dotcms.com/testName1614103525945/7843f36d-2d7f-4b54-b29c-71ab0b63551c.link.xml]
difference [/custom/assets/bundles/01EZ85CFRADH87ZSJ3A11AYAAG/ROOT/bc9a1d37-dd2d-4d49-a29d-0c9be740bfaf.folder.xml, /custom/assets/bundles/01EZ85CFRADH87ZSJ3A11AYAAG/bundle.xml, /custom/assets/bundles/01EZ85CFRADH87ZSJ3A11AYAAG/live/System Host/1/system host.host.xml]

	at org.jgroups.util.Util.assertEquals(Util.java:185)
	at com.dotcms.publishing.PublisherAPIImplTest.publish(PublisherAPIImplTest.java:407)
	at sun.reflect.NativeMethodAccessorImpl.invoke0(Native Method)
	at sun.reflect.NativeMethodAccessorImpl.invoke(NativeMethodAccessorImpl.java:62)
	at sun.reflect.DelegatingMethodAccessorImpl.invoke(DelegatingMethodAccessorImpl.java:43)
	at java.lang.reflect.Method.invoke(Method.java:498)
	at org.junit.runners.model.FrameworkMethod$1.runReflectiveCall(FrameworkMethod.java:50)
	at org.junit.internal.runners.model.ReflectiveCallable.run(ReflectiveCallable.java:12)
	at org.junit.runners.model.FrameworkMethod.invokeExplosively(FrameworkMethod.java:47)
	at com.tngtech.java.junit.dataprovider.DataProviderFrameworkMethod.invokeExplosively(DataProviderFrameworkMethod.java:119)
	at org.junit.internal.runners.statements.InvokeMethod.evaluate(InvokeMethod.java:17)
	at org.junit.rules.TestWatcher$1.evaluate(TestWatcher.java:55)
	at org.junit.rules.RunRules.evaluate(RunRules.java:20)
	at org.junit.runners.ParentRunner.runLeaf(ParentRunner.java:325)
	at com.dotcms.junit.CustomDataProviderRunner.runChild(CustomDataProviderRunner.java:28)
	at com.dotcms.junit.CustomDataProviderRunner.runChild(CustomDataProviderRunner.java:13)
	at org.junit.runners.ParentRunner$3.run(ParentRunner.java:290)
	at org.junit.runners.ParentRunner$1.schedule(ParentRunner.java:71)
	at org.junit.runners.ParentRunner.runChildren(ParentRunner.java:288)
	at org.junit.runners.ParentRunner.access$000(ParentRunner.java:58)
	at org.junit.runners.ParentRunner$2.evaluate(ParentRunner.java:268)
	at org.junit.internal.runners.statements.RunBefores.evaluate(RunBefores.java:26)
	at org.junit.internal.runners.statements.RunAfters.evaluate(RunAfters.java:27)
	at org.junit.runners.ParentRunner.run(ParentRunner.java:363)
	at org.junit.runners.Suite.runChild(Suite.java:128)
	at org.junit.runners.Suite.runChild(Suite.java:27)
	at org.junit.runners.ParentRunner$3.run(ParentRunner.java:290)
	at org.junit.runners.ParentRunner$1.schedule(ParentRunner.java:71)
	at org.junit.runners.ParentRunner.runChildren(ParentRunner.java:288)
	at org.junit.runners.ParentRunner.access$000(ParentRunner.java:58)
	at org.junit.runners.ParentRunner$2.evaluate(ParentRunner.java:268)
	at org.junit.runners.ParentRunner.run(ParentRunner.java:363)
	at org.gradle.api.internal.tasks.testing.junit.JUnitTestClassExecutor.runTestClass(JUnitTestClassExecutor.java:106)
	at org.gradle.api.internal.tasks.testing.junit.JUnitTestClassExecutor.execute(JUnitTestClassExecutor.java:58)
	at org.gradle.api.internal.tasks.testing.junit.JUnitTestClassExecutor.execute(JUnitTestClassExecutor.java:38)
	at org.gradle.api.internal.tasks.testing.junit.AbstractJUnitTestClassProcessor.processTestClass(AbstractJUnitTestClassProcessor.java:66)
	at org.gradle.api.internal.tasks.testing.SuiteTestClassProcessor.processTestClass(SuiteTestClassProcessor.java:51)
	at sun.reflect.NativeMethodAccessorImpl.invoke0(Native Method)
	at sun.reflect.NativeMethodAccessorImpl.invoke(NativeMethodAccessorImpl.java:62)
	at sun.reflect.DelegatingMethodAccessorImpl.invoke(DelegatingMethodAccessorImpl.java:43)
	at java.lang.reflect.Method.invoke(Method.java:498)
	at org.gradle.internal.dispatch.ReflectionDispatch.dispatch(ReflectionDispatch.java:35)
	at org.gradle.internal.dispatch.ReflectionDispatch.dispatch(ReflectionDispatch.java:24)
	at org.gradle.internal.dispatch.ContextClassLoaderDispatch.dispatch(ContextClassLoaderDispatch.java:32)
	at org.gradle.internal.dispatch.ProxyDispatchAdapter$DispatchingInvocationHandler.invoke(ProxyDispatchAdapter.java:93)
	at com.sun.proxy.$Proxy2.processTestClass(Unknown Source)
	at org.gradle.api.internal.tasks.testing.worker.TestWorker.processTestClass(TestWorker.java:117)
	at sun.reflect.NativeMethodAccessorImpl.invoke0(Native Method)
	at sun.reflect.NativeMethodAccessorImpl.invoke(NativeMethodAccessorImpl.java:62)
	at sun.reflect.DelegatingMethodAccessorImpl.invoke(DelegatingMethodAccessorImpl.java:43)
	at java.lang.reflect.Method.invoke(Method.java:498)
	at org.gradle.internal.dispatch.ReflectionDispatch.dispatch(ReflectionDispatch.java:35)
	at org.gradle.internal.dispatch.ReflectionDispatch.dispatch(ReflectionDispatch.java:24)
	at org.gradle.internal.remote.internal.hub.MessageHubBackedObjectConnection$DispatchWrapper.dispatch(MessageHubBackedObjectConnection.java:155)
	at org.gradle.internal.remote.internal.hub.MessageHubBackedObjectConnection$DispatchWrapper.dispatch(MessageHubBackedObjectConnection.java:137)
	at org.gradle.internal.remote.internal.hub.MessageHub$Handler.run(MessageHub.java:404)
	at org.gradle.internal.concurrent.ExecutorPolicy$CatchAndRecordFailures.onExecute(ExecutorPolicy.java:63)
	at org.gradle.internal.concurrent.ManagedExecutorImpl$1.run(ManagedExecutorImpl.java:46)
	at java.util.concurrent.ThreadPoolExecutor.runWorker(ThreadPoolExecutor.java:1149)
	at java.util.concurrent.ThreadPoolExecutor$Worker.run(ThreadPoolExecutor.java:624)
	at org.gradle.internal.concurrent.ThreadFactoryImpl$ManagedThreadRunnable.run(ThreadFactoryImpl.java:55)
	at java.lang.Thread.run(Thread.java:748)
</pre>
</span>
</div>
<div class="test">
<a name="publish[15: com.dotcms.publishing.PublisherAPIImplTest$TestCase@4cb36f3d]"></a>
<h3 class="failures">publish[15: com.dotcms.publishing.PublisherAPIImplTest$TestCase@4cb36f3d]</h3>
<span class="code">
<pre>java.lang.AssertionError: Expected 19 but get 21 in /custom/assets/bundles/01EZ85CFVDGXFPZFQ13NCHWFKY
Expected [/custom/assets/bundles/01EZ85CFVDGXFPZFQ13NCHWFKY/live/System Host/ps_CG.language.xml, /custom/assets/bundles/01EZ85CFVDGXFPZFQ13NCHWFKY/live/System Host/1/0-content.442dd1a2-7eb0-4a01-976b-830669407521.content.xml, /custom/assets/bundles/01EZ85CFVDGXFPZFQ13NCHWFKY/working/System Host/1/b23bcfb9-8683-4fba-b459-9389eb37a88e.contentworkflow.xml, /custom/assets/bundles/01EZ85CFVDGXFPZFQ13NCHWFKY/ed66cb1c-bef1-414e-b645-54833bff26a9.workflow.xml, /custom/assets/bundles/01EZ85CFVDGXFPZFQ13NCHWFKY/d61a59e1-a49c-46f2-a929-db2b4bfa88b2.workflow.xml, /custom/assets/bundles/01EZ85CFVDGXFPZFQ13NCHWFKY/live/default/1614105702281/e82233e6-539f-41aa-9f77-3307fbfc1aee.contentworkflow.xml, /custom/assets/bundles/01EZ85CFVDGXFPZFQ13NCHWFKY/working/System Host/1/content.ff462f88-d9e1-4d31-b084-b73cb61976d3.host.xml, /custom/assets/bundles/01EZ85CFVDGXFPZFQ13NCHWFKY/working/System Host/1/1-content.442dd1a2-7eb0-4a01-976b-830669407521.content.xml, /custom/assets/bundles/01EZ85CFVDGXFPZFQ13NCHWFKY/live/System Host/1properties, /custom/assets/bundles/01EZ85CFVDGXFPZFQ13NCHWFKY/live/default/ea74fa55-958f-4a16-bd90-5c576f37d961.rule.xml, /custom/assets/bundles/01EZ85CFVDGXFPZFQ13NCHWFKY/live/System Host/1/b23bcfb9-8683-4fba-b459-9389eb37a88e.contentworkflow.xml, /custom/assets/bundles/01EZ85CFVDGXFPZFQ13NCHWFKY/live/default/1614105702281/2-content.105bdf9b-7b2b-43e1-98f3-0211d66694ed.content.xml, /custom/assets/bundles/01EZ85CFVDGXFPZFQ13NCHWFKY/working/System Host/f4d7c1b8-2c88-4071-abf1-a5328977b07d.contentType.json, /custom/assets/bundles/01EZ85CFVDGXFPZFQ13NCHWFKY/live/System Host/en_US.language.xml, /custom/assets/bundles/01EZ85CFVDGXFPZFQ13NCHWFKY/live/System Host/1/3-content.d7a4632d-ec96-4b52-83be-099c0dc8e6cd.content.xml, /custom/assets/bundles/01EZ85CFVDGXFPZFQ13NCHWFKY/live/System Host/1614105702281properties, /custom/assets/bundles/01EZ85CFVDGXFPZFQ13NCHWFKY/live/System Host/1/content.ff462f88-d9e1-4d31-b084-b73cb61976d3.host.xml, /custom/assets/bundles/01EZ85CFVDGXFPZFQ13NCHWFKY/live/System Host/1/2ac0e9a1-56ba-4fd2-a019-2f82c068c568.contentworkflow.xml]
Existing [/custom/assets/bundles/01EZ85CFVDGXFPZFQ13NCHWFKY/ROOT/bc9a1d37-dd2d-4d49-a29d-0c9be740bfaf.folder.xml, /custom/assets/bundles/01EZ85CFVDGXFPZFQ13NCHWFKY/bundle.xml, /custom/assets/bundles/01EZ85CFVDGXFPZFQ13NCHWFKY/d61a59e1-a49c-46f2-a929-db2b4bfa88b2.workflow.xml, /custom/assets/bundles/01EZ85CFVDGXFPZFQ13NCHWFKY/ed66cb1c-bef1-414e-b645-54833bff26a9.workflow.xml, /custom/assets/bundles/01EZ85CFVDGXFPZFQ13NCHWFKY/live/System Host/1/0-content.442dd1a2-7eb0-4a01-976b-830669407521.content.xml, /custom/assets/bundles/01EZ85CFVDGXFPZFQ13NCHWFKY/live/System Host/1/2ac0e9a1-56ba-4fd2-a019-2f82c068c568.contentworkflow.xml, /custom/assets/bundles/01EZ85CFVDGXFPZFQ13NCHWFKY/live/System Host/1/3-content.d7a4632d-ec96-4b52-83be-099c0dc8e6cd.content.xml, /custom/assets/bundles/01EZ85CFVDGXFPZFQ13NCHWFKY/live/System Host/1/b23bcfb9-8683-4fba-b459-9389eb37a88e.contentworkflow.xml, /custom/assets/bundles/01EZ85CFVDGXFPZFQ13NCHWFKY/live/System Host/1/content.ff462f88-d9e1-4d31-b084-b73cb61976d3.host.xml, /custom/assets/bundles/01EZ85CFVDGXFPZFQ13NCHWFKY/live/System Host/1/system host.host.xml, /custom/assets/bundles/01EZ85CFVDGXFPZFQ13NCHWFKY/live/System Host/1614105702281properties, /custom/assets/bundles/01EZ85CFVDGXFPZFQ13NCHWFKY/live/System Host/1properties, /custom/assets/bundles/01EZ85CFVDGXFPZFQ13NCHWFKY/live/System Host/en_US.language.xml, /custom/assets/bundles/01EZ85CFVDGXFPZFQ13NCHWFKY/live/System Host/ps_CG.language.xml, /custom/assets/bundles/01EZ85CFVDGXFPZFQ13NCHWFKY/live/default/1614105702281/2-content.105bdf9b-7b2b-43e1-98f3-0211d66694ed.content.xml, /custom/assets/bundles/01EZ85CFVDGXFPZFQ13NCHWFKY/live/default/1614105702281/e82233e6-539f-41aa-9f77-3307fbfc1aee.contentworkflow.xml, /custom/assets/bundles/01EZ85CFVDGXFPZFQ13NCHWFKY/live/default/ea74fa55-958f-4a16-bd90-5c576f37d961.rule.xml, /custom/assets/bundles/01EZ85CFVDGXFPZFQ13NCHWFKY/working/System Host/1/1-content.442dd1a2-7eb0-4a01-976b-830669407521.content.xml, /custom/assets/bundles/01EZ85CFVDGXFPZFQ13NCHWFKY/working/System Host/1/b23bcfb9-8683-4fba-b459-9389eb37a88e.contentworkflow.xml, /custom/assets/bundles/01EZ85CFVDGXFPZFQ13NCHWFKY/working/System Host/1/content.ff462f88-d9e1-4d31-b084-b73cb61976d3.host.xml, /custom/assets/bundles/01EZ85CFVDGXFPZFQ13NCHWFKY/working/System Host/f4d7c1b8-2c88-4071-abf1-a5328977b07d.contentType.json]
difference [/custom/assets/bundles/01EZ85CFVDGXFPZFQ13NCHWFKY/ROOT/bc9a1d37-dd2d-4d49-a29d-0c9be740bfaf.folder.xml, /custom/assets/bundles/01EZ85CFVDGXFPZFQ13NCHWFKY/bundle.xml, /custom/assets/bundles/01EZ85CFVDGXFPZFQ13NCHWFKY/live/System Host/1/system host.host.xml]

	at org.jgroups.util.Util.assertEquals(Util.java:185)
	at com.dotcms.publishing.PublisherAPIImplTest.publish(PublisherAPIImplTest.java:407)
	at sun.reflect.NativeMethodAccessorImpl.invoke0(Native Method)
	at sun.reflect.NativeMethodAccessorImpl.invoke(NativeMethodAccessorImpl.java:62)
	at sun.reflect.DelegatingMethodAccessorImpl.invoke(DelegatingMethodAccessorImpl.java:43)
	at java.lang.reflect.Method.invoke(Method.java:498)
	at org.junit.runners.model.FrameworkMethod$1.runReflectiveCall(FrameworkMethod.java:50)
	at org.junit.internal.runners.model.ReflectiveCallable.run(ReflectiveCallable.java:12)
	at org.junit.runners.model.FrameworkMethod.invokeExplosively(FrameworkMethod.java:47)
	at com.tngtech.java.junit.dataprovider.DataProviderFrameworkMethod.invokeExplosively(DataProviderFrameworkMethod.java:119)
	at org.junit.internal.runners.statements.InvokeMethod.evaluate(InvokeMethod.java:17)
	at org.junit.rules.TestWatcher$1.evaluate(TestWatcher.java:55)
	at org.junit.rules.RunRules.evaluate(RunRules.java:20)
	at org.junit.runners.ParentRunner.runLeaf(ParentRunner.java:325)
	at com.dotcms.junit.CustomDataProviderRunner.runChild(CustomDataProviderRunner.java:28)
	at com.dotcms.junit.CustomDataProviderRunner.runChild(CustomDataProviderRunner.java:13)
	at org.junit.runners.ParentRunner$3.run(ParentRunner.java:290)
	at org.junit.runners.ParentRunner$1.schedule(ParentRunner.java:71)
	at org.junit.runners.ParentRunner.runChildren(ParentRunner.java:288)
	at org.junit.runners.ParentRunner.access$000(ParentRunner.java:58)
	at org.junit.runners.ParentRunner$2.evaluate(ParentRunner.java:268)
	at org.junit.internal.runners.statements.RunBefores.evaluate(RunBefores.java:26)
	at org.junit.internal.runners.statements.RunAfters.evaluate(RunAfters.java:27)
	at org.junit.runners.ParentRunner.run(ParentRunner.java:363)
	at org.junit.runners.Suite.runChild(Suite.java:128)
	at org.junit.runners.Suite.runChild(Suite.java:27)
	at org.junit.runners.ParentRunner$3.run(ParentRunner.java:290)
	at org.junit.runners.ParentRunner$1.schedule(ParentRunner.java:71)
	at org.junit.runners.ParentRunner.runChildren(ParentRunner.java:288)
	at org.junit.runners.ParentRunner.access$000(ParentRunner.java:58)
	at org.junit.runners.ParentRunner$2.evaluate(ParentRunner.java:268)
	at org.junit.runners.ParentRunner.run(ParentRunner.java:363)
	at org.gradle.api.internal.tasks.testing.junit.JUnitTestClassExecutor.runTestClass(JUnitTestClassExecutor.java:106)
	at org.gradle.api.internal.tasks.testing.junit.JUnitTestClassExecutor.execute(JUnitTestClassExecutor.java:58)
	at org.gradle.api.internal.tasks.testing.junit.JUnitTestClassExecutor.execute(JUnitTestClassExecutor.java:38)
	at org.gradle.api.internal.tasks.testing.junit.AbstractJUnitTestClassProcessor.processTestClass(AbstractJUnitTestClassProcessor.java:66)
	at org.gradle.api.internal.tasks.testing.SuiteTestClassProcessor.processTestClass(SuiteTestClassProcessor.java:51)
	at sun.reflect.NativeMethodAccessorImpl.invoke0(Native Method)
	at sun.reflect.NativeMethodAccessorImpl.invoke(NativeMethodAccessorImpl.java:62)
	at sun.reflect.DelegatingMethodAccessorImpl.invoke(DelegatingMethodAccessorImpl.java:43)
	at java.lang.reflect.Method.invoke(Method.java:498)
	at org.gradle.internal.dispatch.ReflectionDispatch.dispatch(ReflectionDispatch.java:35)
	at org.gradle.internal.dispatch.ReflectionDispatch.dispatch(ReflectionDispatch.java:24)
	at org.gradle.internal.dispatch.ContextClassLoaderDispatch.dispatch(ContextClassLoaderDispatch.java:32)
	at org.gradle.internal.dispatch.ProxyDispatchAdapter$DispatchingInvocationHandler.invoke(ProxyDispatchAdapter.java:93)
	at com.sun.proxy.$Proxy2.processTestClass(Unknown Source)
	at org.gradle.api.internal.tasks.testing.worker.TestWorker.processTestClass(TestWorker.java:117)
	at sun.reflect.NativeMethodAccessorImpl.invoke0(Native Method)
	at sun.reflect.NativeMethodAccessorImpl.invoke(NativeMethodAccessorImpl.java:62)
	at sun.reflect.DelegatingMethodAccessorImpl.invoke(DelegatingMethodAccessorImpl.java:43)
	at java.lang.reflect.Method.invoke(Method.java:498)
	at org.gradle.internal.dispatch.ReflectionDispatch.dispatch(ReflectionDispatch.java:35)
	at org.gradle.internal.dispatch.ReflectionDispatch.dispatch(ReflectionDispatch.java:24)
	at org.gradle.internal.remote.internal.hub.MessageHubBackedObjectConnection$DispatchWrapper.dispatch(MessageHubBackedObjectConnection.java:155)
	at org.gradle.internal.remote.internal.hub.MessageHubBackedObjectConnection$DispatchWrapper.dispatch(MessageHubBackedObjectConnection.java:137)
	at org.gradle.internal.remote.internal.hub.MessageHub$Handler.run(MessageHub.java:404)
	at org.gradle.internal.concurrent.ExecutorPolicy$CatchAndRecordFailures.onExecute(ExecutorPolicy.java:63)
	at org.gradle.internal.concurrent.ManagedExecutorImpl$1.run(ManagedExecutorImpl.java:46)
	at java.util.concurrent.ThreadPoolExecutor.runWorker(ThreadPoolExecutor.java:1149)
	at java.util.concurrent.ThreadPoolExecutor$Worker.run(ThreadPoolExecutor.java:624)
	at org.gradle.internal.concurrent.ThreadFactoryImpl$ManagedThreadRunnable.run(ThreadFactoryImpl.java:55)
	at java.lang.Thread.run(Thread.java:748)
</pre>
</span>
</div>
<div class="test">
<a name="publish[16: com.dotcms.publishing.PublisherAPIImplTest$TestCase@303373e8]"></a>
<h3 class="failures">publish[16: com.dotcms.publishing.PublisherAPIImplTest$TestCase@303373e8]</h3>
<span class="code">
<pre>java.lang.AssertionError: Expected 20 but get 22 in /custom/assets/bundles/01EZ85CFY0MSBNR7A8T1BR5Q84
Expected [/custom/assets/bundles/01EZ85CFY0MSBNR7A8T1BR5Q84/live/System Host/1614105702281properties, /custom/assets/bundles/01EZ85CFY0MSBNR7A8T1BR5Q84/live/System Host/1/b23bcfb9-8683-4fba-b459-9389eb37a88e.contentworkflow.xml, /custom/assets/bundles/01EZ85CFY0MSBNR7A8T1BR5Q84/live/System Host/en_US.language.xml, /custom/assets/bundles/01EZ85CFY0MSBNR7A8T1BR5Q84/d61a59e1-a49c-46f2-a929-db2b4bfa88b2.workflow.xml, /custom/assets/bundles/01EZ85CFY0MSBNR7A8T1BR5Q84/working/System Host/f4d7c1b8-2c88-4071-abf1-a5328977b07d.contentType.json, /custom/assets/bundles/01EZ85CFY0MSBNR7A8T1BR5Q84/live/default/1614105702281/e82233e6-539f-41aa-9f77-3307fbfc1aee.contentworkflow.xml, /custom/assets/bundles/01EZ85CFY0MSBNR7A8T1BR5Q84/live/System Host/1/0-content.442dd1a2-7eb0-4a01-976b-830669407521.content.xml, /custom/assets/bundles/01EZ85CFY0MSBNR7A8T1BR5Q84/working/System Host/1/b23bcfb9-8683-4fba-b459-9389eb37a88e.contentworkflow.xml, /custom/assets/bundles/01EZ85CFY0MSBNR7A8T1BR5Q84/live/System Host/ps_CG.language.xml, /custom/assets/bundles/01EZ85CFY0MSBNR7A8T1BR5Q84/live/System Host/1/content.ff462f88-d9e1-4d31-b084-b73cb61976d3.host.xml, /custom/assets/bundles/01EZ85CFY0MSBNR7A8T1BR5Q84/working/System Host/1/content.ff462f88-d9e1-4d31-b084-b73cb61976d3.host.xml, /custom/assets/bundles/01EZ85CFY0MSBNR7A8T1BR5Q84/live/default/ea74fa55-958f-4a16-bd90-5c576f37d961.rule.xml, /custom/assets/bundles/01EZ85CFY0MSBNR7A8T1BR5Q84/live/System Host/1properties, /custom/assets/bundles/01EZ85CFY0MSBNR7A8T1BR5Q84/live/System Host/whdjm_TESTCOUNTRYCODE1614103525977.language.xml, /custom/assets/bundles/01EZ85CFY0MSBNR7A8T1BR5Q84/live/default/1614105702281/2-content.105bdf9b-7b2b-43e1-98f3-0211d66694ed.content.xml, /custom/assets/bundles/01EZ85CFY0MSBNR7A8T1BR5Q84/live/System Host/1614103525977properties, /custom/assets/bundles/01EZ85CFY0MSBNR7A8T1BR5Q84/working/System Host/1/1-content.442dd1a2-7eb0-4a01-976b-830669407521.content.xml, /custom/assets/bundles/01EZ85CFY0MSBNR7A8T1BR5Q84/live/System Host/1/2ac0e9a1-56ba-4fd2-a019-2f82c068c568.contentworkflow.xml, /custom/assets/bundles/01EZ85CFY0MSBNR7A8T1BR5Q84/live/System Host/1/3-content.d7a4632d-ec96-4b52-83be-099c0dc8e6cd.content.xml]
Existing [/custom/assets/bundles/01EZ85CFY0MSBNR7A8T1BR5Q84/ROOT/bc9a1d37-dd2d-4d49-a29d-0c9be740bfaf.folder.xml, /custom/assets/bundles/01EZ85CFY0MSBNR7A8T1BR5Q84/bundle.xml, /custom/assets/bundles/01EZ85CFY0MSBNR7A8T1BR5Q84/d61a59e1-a49c-46f2-a929-db2b4bfa88b2.workflow.xml, /custom/assets/bundles/01EZ85CFY0MSBNR7A8T1BR5Q84/live/System Host/1/0-content.442dd1a2-7eb0-4a01-976b-830669407521.content.xml, /custom/assets/bundles/01EZ85CFY0MSBNR7A8T1BR5Q84/live/System Host/1/2ac0e9a1-56ba-4fd2-a019-2f82c068c568.contentworkflow.xml, /custom/assets/bundles/01EZ85CFY0MSBNR7A8T1BR5Q84/live/System Host/1/3-content.d7a4632d-ec96-4b52-83be-099c0dc8e6cd.content.xml, /custom/assets/bundles/01EZ85CFY0MSBNR7A8T1BR5Q84/live/System Host/1/b23bcfb9-8683-4fba-b459-9389eb37a88e.contentworkflow.xml, /custom/assets/bundles/01EZ85CFY0MSBNR7A8T1BR5Q84/live/System Host/1/content.ff462f88-d9e1-4d31-b084-b73cb61976d3.host.xml, /custom/assets/bundles/01EZ85CFY0MSBNR7A8T1BR5Q84/live/System Host/1/system host.host.xml, /custom/assets/bundles/01EZ85CFY0MSBNR7A8T1BR5Q84/live/System Host/1614103525977properties, /custom/assets/bundles/01EZ85CFY0MSBNR7A8T1BR5Q84/live/System Host/1614105702281properties, /custom/assets/bundles/01EZ85CFY0MSBNR7A8T1BR5Q84/live/System Host/1properties, /custom/assets/bundles/01EZ85CFY0MSBNR7A8T1BR5Q84/live/System Host/en_US.language.xml, /custom/assets/bundles/01EZ85CFY0MSBNR7A8T1BR5Q84/live/System Host/ps_CG.language.xml, /custom/assets/bundles/01EZ85CFY0MSBNR7A8T1BR5Q84/live/System Host/whdjm_TESTCOUNTRYCODE1614103525977.language.xml, /custom/assets/bundles/01EZ85CFY0MSBNR7A8T1BR5Q84/live/default/1614105702281/2-content.105bdf9b-7b2b-43e1-98f3-0211d66694ed.content.xml, /custom/assets/bundles/01EZ85CFY0MSBNR7A8T1BR5Q84/live/default/1614105702281/e82233e6-539f-41aa-9f77-3307fbfc1aee.contentworkflow.xml, /custom/assets/bundles/01EZ85CFY0MSBNR7A8T1BR5Q84/live/default/ea74fa55-958f-4a16-bd90-5c576f37d961.rule.xml, /custom/assets/bundles/01EZ85CFY0MSBNR7A8T1BR5Q84/working/System Host/1/1-content.442dd1a2-7eb0-4a01-976b-830669407521.content.xml, /custom/assets/bundles/01EZ85CFY0MSBNR7A8T1BR5Q84/working/System Host/1/b23bcfb9-8683-4fba-b459-9389eb37a88e.contentworkflow.xml, /custom/assets/bundles/01EZ85CFY0MSBNR7A8T1BR5Q84/working/System Host/1/content.ff462f88-d9e1-4d31-b084-b73cb61976d3.host.xml, /custom/assets/bundles/01EZ85CFY0MSBNR7A8T1BR5Q84/working/System Host/f4d7c1b8-2c88-4071-abf1-a5328977b07d.contentType.json]
difference [/custom/assets/bundles/01EZ85CFY0MSBNR7A8T1BR5Q84/ROOT/bc9a1d37-dd2d-4d49-a29d-0c9be740bfaf.folder.xml, /custom/assets/bundles/01EZ85CFY0MSBNR7A8T1BR5Q84/bundle.xml, /custom/assets/bundles/01EZ85CFY0MSBNR7A8T1BR5Q84/live/System Host/1/system host.host.xml]

	at org.jgroups.util.Util.assertEquals(Util.java:185)
	at com.dotcms.publishing.PublisherAPIImplTest.publish(PublisherAPIImplTest.java:407)
	at sun.reflect.GeneratedMethodAccessor1528.invoke(Unknown Source)
	at sun.reflect.DelegatingMethodAccessorImpl.invoke(DelegatingMethodAccessorImpl.java:43)
	at java.lang.reflect.Method.invoke(Method.java:498)
	at org.junit.runners.model.FrameworkMethod$1.runReflectiveCall(FrameworkMethod.java:50)
	at org.junit.internal.runners.model.ReflectiveCallable.run(ReflectiveCallable.java:12)
	at org.junit.runners.model.FrameworkMethod.invokeExplosively(FrameworkMethod.java:47)
	at com.tngtech.java.junit.dataprovider.DataProviderFrameworkMethod.invokeExplosively(DataProviderFrameworkMethod.java:119)
	at org.junit.internal.runners.statements.InvokeMethod.evaluate(InvokeMethod.java:17)
	at org.junit.rules.TestWatcher$1.evaluate(TestWatcher.java:55)
	at org.junit.rules.RunRules.evaluate(RunRules.java:20)
	at org.junit.runners.ParentRunner.runLeaf(ParentRunner.java:325)
	at com.dotcms.junit.CustomDataProviderRunner.runChild(CustomDataProviderRunner.java:28)
	at com.dotcms.junit.CustomDataProviderRunner.runChild(CustomDataProviderRunner.java:13)
	at org.junit.runners.ParentRunner$3.run(ParentRunner.java:290)
	at org.junit.runners.ParentRunner$1.schedule(ParentRunner.java:71)
	at org.junit.runners.ParentRunner.runChildren(ParentRunner.java:288)
	at org.junit.runners.ParentRunner.access$000(ParentRunner.java:58)
	at org.junit.runners.ParentRunner$2.evaluate(ParentRunner.java:268)
	at org.junit.internal.runners.statements.RunBefores.evaluate(RunBefores.java:26)
	at org.junit.internal.runners.statements.RunAfters.evaluate(RunAfters.java:27)
	at org.junit.runners.ParentRunner.run(ParentRunner.java:363)
	at org.junit.runners.Suite.runChild(Suite.java:128)
	at org.junit.runners.Suite.runChild(Suite.java:27)
	at org.junit.runners.ParentRunner$3.run(ParentRunner.java:290)
	at org.junit.runners.ParentRunner$1.schedule(ParentRunner.java:71)
	at org.junit.runners.ParentRunner.runChildren(ParentRunner.java:288)
	at org.junit.runners.ParentRunner.access$000(ParentRunner.java:58)
	at org.junit.runners.ParentRunner$2.evaluate(ParentRunner.java:268)
	at org.junit.runners.ParentRunner.run(ParentRunner.java:363)
	at org.gradle.api.internal.tasks.testing.junit.JUnitTestClassExecutor.runTestClass(JUnitTestClassExecutor.java:106)
	at org.gradle.api.internal.tasks.testing.junit.JUnitTestClassExecutor.execute(JUnitTestClassExecutor.java:58)
	at org.gradle.api.internal.tasks.testing.junit.JUnitTestClassExecutor.execute(JUnitTestClassExecutor.java:38)
	at org.gradle.api.internal.tasks.testing.junit.AbstractJUnitTestClassProcessor.processTestClass(AbstractJUnitTestClassProcessor.java:66)
	at org.gradle.api.internal.tasks.testing.SuiteTestClassProcessor.processTestClass(SuiteTestClassProcessor.java:51)
	at sun.reflect.NativeMethodAccessorImpl.invoke0(Native Method)
	at sun.reflect.NativeMethodAccessorImpl.invoke(NativeMethodAccessorImpl.java:62)
	at sun.reflect.DelegatingMethodAccessorImpl.invoke(DelegatingMethodAccessorImpl.java:43)
	at java.lang.reflect.Method.invoke(Method.java:498)
	at org.gradle.internal.dispatch.ReflectionDispatch.dispatch(ReflectionDispatch.java:35)
	at org.gradle.internal.dispatch.ReflectionDispatch.dispatch(ReflectionDispatch.java:24)
	at org.gradle.internal.dispatch.ContextClassLoaderDispatch.dispatch(ContextClassLoaderDispatch.java:32)
	at org.gradle.internal.dispatch.ProxyDispatchAdapter$DispatchingInvocationHandler.invoke(ProxyDispatchAdapter.java:93)
	at com.sun.proxy.$Proxy2.processTestClass(Unknown Source)
	at org.gradle.api.internal.tasks.testing.worker.TestWorker.processTestClass(TestWorker.java:117)
	at sun.reflect.NativeMethodAccessorImpl.invoke0(Native Method)
	at sun.reflect.NativeMethodAccessorImpl.invoke(NativeMethodAccessorImpl.java:62)
	at sun.reflect.DelegatingMethodAccessorImpl.invoke(DelegatingMethodAccessorImpl.java:43)
	at java.lang.reflect.Method.invoke(Method.java:498)
	at org.gradle.internal.dispatch.ReflectionDispatch.dispatch(ReflectionDispatch.java:35)
	at org.gradle.internal.dispatch.ReflectionDispatch.dispatch(ReflectionDispatch.java:24)
	at org.gradle.internal.remote.internal.hub.MessageHubBackedObjectConnection$DispatchWrapper.dispatch(MessageHubBackedObjectConnection.java:155)
	at org.gradle.internal.remote.internal.hub.MessageHubBackedObjectConnection$DispatchWrapper.dispatch(MessageHubBackedObjectConnection.java:137)
	at org.gradle.internal.remote.internal.hub.MessageHub$Handler.run(MessageHub.java:404)
	at org.gradle.internal.concurrent.ExecutorPolicy$CatchAndRecordFailures.onExecute(ExecutorPolicy.java:63)
	at org.gradle.internal.concurrent.ManagedExecutorImpl$1.run(ManagedExecutorImpl.java:46)
	at java.util.concurrent.ThreadPoolExecutor.runWorker(ThreadPoolExecutor.java:1149)
	at java.util.concurrent.ThreadPoolExecutor$Worker.run(ThreadPoolExecutor.java:624)
	at org.gradle.internal.concurrent.ThreadFactoryImpl$ManagedThreadRunnable.run(ThreadFactoryImpl.java:55)
	at java.lang.Thread.run(Thread.java:748)
</pre>
</span>
</div>
<div class="test">
<a name="publish[17: com.dotcms.publishing.PublisherAPIImplTest$TestCase@6b3ba4ab]"></a>
<h3 class="failures">publish[17: com.dotcms.publishing.PublisherAPIImplTest$TestCase@6b3ba4ab]</h3>
<span class="code">
<pre>java.lang.AssertionError: Expected 5 but get 6 in /custom/assets/bundles/01EZ85CG06Y2VRZYDK712Q66YR
Expected [/custom/assets/bundles/01EZ85CG06Y2VRZYDK712Q66YR/live/test1614103525978.dotcms.com/ac5eb41f-6f06-417e-8a4e-aaaafb16dfe6.rule.xml, /custom/assets/bundles/01EZ85CG06Y2VRZYDK712Q66YR/live/default/ea74fa55-958f-4a16-bd90-5c576f37d961.rule.xml, /custom/assets/bundles/01EZ85CG06Y2VRZYDK712Q66YR/live/System Host/1/content.ff462f88-d9e1-4d31-b084-b73cb61976d3.host.xml, /custom/assets/bundles/01EZ85CG06Y2VRZYDK712Q66YR/working/System Host/1/content.ff462f88-d9e1-4d31-b084-b73cb61976d3.host.xml]
Existing [/custom/assets/bundles/01EZ85CG06Y2VRZYDK712Q66YR/bundle.xml, /custom/assets/bundles/01EZ85CG06Y2VRZYDK712Q66YR/live/System Host/1/content.ff462f88-d9e1-4d31-b084-b73cb61976d3.host.xml, /custom/assets/bundles/01EZ85CG06Y2VRZYDK712Q66YR/live/System Host/1/system host.host.xml, /custom/assets/bundles/01EZ85CG06Y2VRZYDK712Q66YR/live/default/ea74fa55-958f-4a16-bd90-5c576f37d961.rule.xml, /custom/assets/bundles/01EZ85CG06Y2VRZYDK712Q66YR/live/test1614103525978.dotcms.com/ac5eb41f-6f06-417e-8a4e-aaaafb16dfe6.rule.xml, /custom/assets/bundles/01EZ85CG06Y2VRZYDK712Q66YR/working/System Host/1/content.ff462f88-d9e1-4d31-b084-b73cb61976d3.host.xml]
difference [/custom/assets/bundles/01EZ85CG06Y2VRZYDK712Q66YR/bundle.xml, /custom/assets/bundles/01EZ85CG06Y2VRZYDK712Q66YR/live/System Host/1/system host.host.xml]

	at org.jgroups.util.Util.assertEquals(Util.java:185)
	at com.dotcms.publishing.PublisherAPIImplTest.publish(PublisherAPIImplTest.java:407)
	at sun.reflect.GeneratedMethodAccessor1528.invoke(Unknown Source)
	at sun.reflect.DelegatingMethodAccessorImpl.invoke(DelegatingMethodAccessorImpl.java:43)
	at java.lang.reflect.Method.invoke(Method.java:498)
	at org.junit.runners.model.FrameworkMethod$1.runReflectiveCall(FrameworkMethod.java:50)
	at org.junit.internal.runners.model.ReflectiveCallable.run(ReflectiveCallable.java:12)
	at org.junit.runners.model.FrameworkMethod.invokeExplosively(FrameworkMethod.java:47)
	at com.tngtech.java.junit.dataprovider.DataProviderFrameworkMethod.invokeExplosively(DataProviderFrameworkMethod.java:119)
	at org.junit.internal.runners.statements.InvokeMethod.evaluate(InvokeMethod.java:17)
	at org.junit.rules.TestWatcher$1.evaluate(TestWatcher.java:55)
	at org.junit.rules.RunRules.evaluate(RunRules.java:20)
	at org.junit.runners.ParentRunner.runLeaf(ParentRunner.java:325)
	at com.dotcms.junit.CustomDataProviderRunner.runChild(CustomDataProviderRunner.java:28)
	at com.dotcms.junit.CustomDataProviderRunner.runChild(CustomDataProviderRunner.java:13)
	at org.junit.runners.ParentRunner$3.run(ParentRunner.java:290)
	at org.junit.runners.ParentRunner$1.schedule(ParentRunner.java:71)
	at org.junit.runners.ParentRunner.runChildren(ParentRunner.java:288)
	at org.junit.runners.ParentRunner.access$000(ParentRunner.java:58)
	at org.junit.runners.ParentRunner$2.evaluate(ParentRunner.java:268)
	at org.junit.internal.runners.statements.RunBefores.evaluate(RunBefores.java:26)
	at org.junit.internal.runners.statements.RunAfters.evaluate(RunAfters.java:27)
	at org.junit.runners.ParentRunner.run(ParentRunner.java:363)
	at org.junit.runners.Suite.runChild(Suite.java:128)
	at org.junit.runners.Suite.runChild(Suite.java:27)
	at org.junit.runners.ParentRunner$3.run(ParentRunner.java:290)
	at org.junit.runners.ParentRunner$1.schedule(ParentRunner.java:71)
	at org.junit.runners.ParentRunner.runChildren(ParentRunner.java:288)
	at org.junit.runners.ParentRunner.access$000(ParentRunner.java:58)
	at org.junit.runners.ParentRunner$2.evaluate(ParentRunner.java:268)
	at org.junit.runners.ParentRunner.run(ParentRunner.java:363)
	at org.gradle.api.internal.tasks.testing.junit.JUnitTestClassExecutor.runTestClass(JUnitTestClassExecutor.java:106)
	at org.gradle.api.internal.tasks.testing.junit.JUnitTestClassExecutor.execute(JUnitTestClassExecutor.java:58)
	at org.gradle.api.internal.tasks.testing.junit.JUnitTestClassExecutor.execute(JUnitTestClassExecutor.java:38)
	at org.gradle.api.internal.tasks.testing.junit.AbstractJUnitTestClassProcessor.processTestClass(AbstractJUnitTestClassProcessor.java:66)
	at org.gradle.api.internal.tasks.testing.SuiteTestClassProcessor.processTestClass(SuiteTestClassProcessor.java:51)
	at sun.reflect.NativeMethodAccessorImpl.invoke0(Native Method)
	at sun.reflect.NativeMethodAccessorImpl.invoke(NativeMethodAccessorImpl.java:62)
	at sun.reflect.DelegatingMethodAccessorImpl.invoke(DelegatingMethodAccessorImpl.java:43)
	at java.lang.reflect.Method.invoke(Method.java:498)
	at org.gradle.internal.dispatch.ReflectionDispatch.dispatch(ReflectionDispatch.java:35)
	at org.gradle.internal.dispatch.ReflectionDispatch.dispatch(ReflectionDispatch.java:24)
	at org.gradle.internal.dispatch.ContextClassLoaderDispatch.dispatch(ContextClassLoaderDispatch.java:32)
	at org.gradle.internal.dispatch.ProxyDispatchAdapter$DispatchingInvocationHandler.invoke(ProxyDispatchAdapter.java:93)
	at com.sun.proxy.$Proxy2.processTestClass(Unknown Source)
	at org.gradle.api.internal.tasks.testing.worker.TestWorker.processTestClass(TestWorker.java:117)
	at sun.reflect.NativeMethodAccessorImpl.invoke0(Native Method)
	at sun.reflect.NativeMethodAccessorImpl.invoke(NativeMethodAccessorImpl.java:62)
	at sun.reflect.DelegatingMethodAccessorImpl.invoke(DelegatingMethodAccessorImpl.java:43)
	at java.lang.reflect.Method.invoke(Method.java:498)
	at org.gradle.internal.dispatch.ReflectionDispatch.dispatch(ReflectionDispatch.java:35)
	at org.gradle.internal.dispatch.ReflectionDispatch.dispatch(ReflectionDispatch.java:24)
	at org.gradle.internal.remote.internal.hub.MessageHubBackedObjectConnection$DispatchWrapper.dispatch(MessageHubBackedObjectConnection.java:155)
	at org.gradle.internal.remote.internal.hub.MessageHubBackedObjectConnection$DispatchWrapper.dispatch(MessageHubBackedObjectConnection.java:137)
	at org.gradle.internal.remote.internal.hub.MessageHub$Handler.run(MessageHub.java:404)
	at org.gradle.internal.concurrent.ExecutorPolicy$CatchAndRecordFailures.onExecute(ExecutorPolicy.java:63)
	at org.gradle.internal.concurrent.ManagedExecutorImpl$1.run(ManagedExecutorImpl.java:46)
	at java.util.concurrent.ThreadPoolExecutor.runWorker(ThreadPoolExecutor.java:1149)
	at java.util.concurrent.ThreadPoolExecutor$Worker.run(ThreadPoolExecutor.java:624)
	at org.gradle.internal.concurrent.ThreadFactoryImpl$ManagedThreadRunnable.run(ThreadFactoryImpl.java:55)
	at java.lang.Thread.run(Thread.java:748)
</pre>
</span>
</div>
<div class="test">
<a name="publish[1: com.dotcms.publishing.PublisherAPIImplTest$TestCase@6b8c3d8a]"></a>
<h3 class="failures">publish[1: com.dotcms.publishing.PublisherAPIImplTest$TestCase@6b8c3d8a]</h3>
<span class="code">
<pre>java.lang.AssertionError: Expected 23 but get 25 in /custom/assets/bundles/01EZ85CDZD1AH4PT67QHA9X38X
Expected [/custom/assets/bundles/01EZ85CDZD1AH4PT67QHA9X38X/working/System Host/1/1-content.442dd1a2-7eb0-4a01-976b-830669407521.content.xml, /custom/assets/bundles/01EZ85CDZD1AH4PT67QHA9X38X/live/System Host/1properties, /custom/assets/bundles/01EZ85CDZD1AH4PT67QHA9X38X/working/System Host/1/b23bcfb9-8683-4fba-b459-9389eb37a88e.contentworkflow.xml, /custom/assets/bundles/01EZ85CDZD1AH4PT67QHA9X38X/working/System Host/1/content.ff462f88-d9e1-4d31-b084-b73cb61976d3.host.xml, /custom/assets/bundles/01EZ85CDZD1AH4PT67QHA9X38X/live/System Host/ps_CG.language.xml, /custom/assets/bundles/01EZ85CDZD1AH4PT67QHA9X38X/live/System Host/1614105702281properties, /custom/assets/bundles/01EZ85CDZD1AH4PT67QHA9X38X/live/System Host/1/content.ff462f88-d9e1-4d31-b084-b73cb61976d3.host.xml, /custom/assets/bundles/01EZ85CDZD1AH4PT67QHA9X38X/working/System Host/f4d7c1b8-2c88-4071-abf1-a5328977b07d.contentType.json, /custom/assets/bundles/01EZ85CDZD1AH4PT67QHA9X38X/d61a59e1-a49c-46f2-a929-db2b4bfa88b2.workflow.xml, /custom/assets/bundles/01EZ85CDZD1AH4PT67QHA9X38X/live/default/1614105702281/2-content.105bdf9b-7b2b-43e1-98f3-0211d66694ed.content.xml, /custom/assets/bundles/01EZ85CDZD1AH4PT67QHA9X38X/live/default/ea74fa55-958f-4a16-bd90-5c576f37d961.rule.xml, /custom/assets/bundles/01EZ85CDZD1AH4PT67QHA9X38X/live/System Host/1/content.0a33eb18-a474-44ac-85bd-315f90b53889.host.xml, /custom/assets/bundles/01EZ85CDZD1AH4PT67QHA9X38X/live/test1614103520911.dotcms.com/3ec35d8d-4ba5-4071-831f-4a4b974f61f6.template.template.xml, /custom/assets/bundles/01EZ85CDZD1AH4PT67QHA9X38X/live/System Host/1/3-content.d7a4632d-ec96-4b52-83be-099c0dc8e6cd.content.xml, /custom/assets/bundles/01EZ85CDZD1AH4PT67QHA9X38X/live/System Host/1/b23bcfb9-8683-4fba-b459-9389eb37a88e.contentworkflow.xml, /custom/assets/bundles/01EZ85CDZD1AH4PT67QHA9X38X/live/System Host/en_US.language.xml, /custom/assets/bundles/01EZ85CDZD1AH4PT67QHA9X38X/working/test1614103520911.dotcms.com/4de9948d-1a4f-4f51-a37f-e7a91e72db16.containers.container.xml, /custom/assets/bundles/01EZ85CDZD1AH4PT67QHA9X38X/working/test1614103520911.dotcms.com/fbc4f221-1818-4c76-bfd8-8696b8e489e4.contentType.json, /custom/assets/bundles/01EZ85CDZD1AH4PT67QHA9X38X/live/default/1614105702281/e82233e6-539f-41aa-9f77-3307fbfc1aee.contentworkflow.xml, /custom/assets/bundles/01EZ85CDZD1AH4PT67QHA9X38X/live/System Host/1/0-content.442dd1a2-7eb0-4a01-976b-830669407521.content.xml, /custom/assets/bundles/01EZ85CDZD1AH4PT67QHA9X38X/working/test1614103520911.dotcms.com/78ec3644-5e06-4d2b-95f5-29f9819298d9.containers.container.xml, /custom/assets/bundles/01EZ85CDZD1AH4PT67QHA9X38X/live/System Host/1/2ac0e9a1-56ba-4fd2-a019-2f82c068c568.contentworkflow.xml]
Existing [/custom/assets/bundles/01EZ85CDZD1AH4PT67QHA9X38X/ROOT/bc9a1d37-dd2d-4d49-a29d-0c9be740bfaf.folder.xml, /custom/assets/bundles/01EZ85CDZD1AH4PT67QHA9X38X/bundle.xml, /custom/assets/bundles/01EZ85CDZD1AH4PT67QHA9X38X/d61a59e1-a49c-46f2-a929-db2b4bfa88b2.workflow.xml, /custom/assets/bundles/01EZ85CDZD1AH4PT67QHA9X38X/live/System Host/1/0-content.442dd1a2-7eb0-4a01-976b-830669407521.content.xml, /custom/assets/bundles/01EZ85CDZD1AH4PT67QHA9X38X/live/System Host/1/2ac0e9a1-56ba-4fd2-a019-2f82c068c568.contentworkflow.xml, /custom/assets/bundles/01EZ85CDZD1AH4PT67QHA9X38X/live/System Host/1/3-content.d7a4632d-ec96-4b52-83be-099c0dc8e6cd.content.xml, /custom/assets/bundles/01EZ85CDZD1AH4PT67QHA9X38X/live/System Host/1/b23bcfb9-8683-4fba-b459-9389eb37a88e.contentworkflow.xml, /custom/assets/bundles/01EZ85CDZD1AH4PT67QHA9X38X/live/System Host/1/content.0a33eb18-a474-44ac-85bd-315f90b53889.host.xml, /custom/assets/bundles/01EZ85CDZD1AH4PT67QHA9X38X/live/System Host/1/content.ff462f88-d9e1-4d31-b084-b73cb61976d3.host.xml, /custom/assets/bundles/01EZ85CDZD1AH4PT67QHA9X38X/live/System Host/1/system host.host.xml, /custom/assets/bundles/01EZ85CDZD1AH4PT67QHA9X38X/live/System Host/1614105702281properties, /custom/assets/bundles/01EZ85CDZD1AH4PT67QHA9X38X/live/System Host/1properties, /custom/assets/bundles/01EZ85CDZD1AH4PT67QHA9X38X/live/System Host/en_US.language.xml, /custom/assets/bundles/01EZ85CDZD1AH4PT67QHA9X38X/live/System Host/ps_CG.language.xml, /custom/assets/bundles/01EZ85CDZD1AH4PT67QHA9X38X/live/default/1614105702281/2-content.105bdf9b-7b2b-43e1-98f3-0211d66694ed.content.xml, /custom/assets/bundles/01EZ85CDZD1AH4PT67QHA9X38X/live/default/1614105702281/e82233e6-539f-41aa-9f77-3307fbfc1aee.contentworkflow.xml, /custom/assets/bundles/01EZ85CDZD1AH4PT67QHA9X38X/live/default/ea74fa55-958f-4a16-bd90-5c576f37d961.rule.xml, /custom/assets/bundles/01EZ85CDZD1AH4PT67QHA9X38X/live/test1614103520911.dotcms.com/3ec35d8d-4ba5-4071-831f-4a4b974f61f6.template.template.xml, /custom/assets/bundles/01EZ85CDZD1AH4PT67QHA9X38X/working/System Host/1/1-content.442dd1a2-7eb0-4a01-976b-830669407521.content.xml, /custom/assets/bundles/01EZ85CDZD1AH4PT67QHA9X38X/working/System Host/1/b23bcfb9-8683-4fba-b459-9389eb37a88e.contentworkflow.xml, /custom/assets/bundles/01EZ85CDZD1AH4PT67QHA9X38X/working/System Host/1/content.ff462f88-d9e1-4d31-b084-b73cb61976d3.host.xml, /custom/assets/bundles/01EZ85CDZD1AH4PT67QHA9X38X/working/System Host/f4d7c1b8-2c88-4071-abf1-a5328977b07d.contentType.json, /custom/assets/bundles/01EZ85CDZD1AH4PT67QHA9X38X/working/test1614103520911.dotcms.com/4de9948d-1a4f-4f51-a37f-e7a91e72db16.containers.container.xml, /custom/assets/bundles/01EZ85CDZD1AH4PT67QHA9X38X/working/test1614103520911.dotcms.com/78ec3644-5e06-4d2b-95f5-29f9819298d9.containers.container.xml, /custom/assets/bundles/01EZ85CDZD1AH4PT67QHA9X38X/working/test1614103520911.dotcms.com/fbc4f221-1818-4c76-bfd8-8696b8e489e4.contentType.json]
difference [/custom/assets/bundles/01EZ85CDZD1AH4PT67QHA9X38X/ROOT/bc9a1d37-dd2d-4d49-a29d-0c9be740bfaf.folder.xml, /custom/assets/bundles/01EZ85CDZD1AH4PT67QHA9X38X/bundle.xml, /custom/assets/bundles/01EZ85CDZD1AH4PT67QHA9X38X/live/System Host/1/system host.host.xml]

	at org.jgroups.util.Util.assertEquals(Util.java:185)
	at com.dotcms.publishing.PublisherAPIImplTest.publish(PublisherAPIImplTest.java:407)
	at sun.reflect.NativeMethodAccessorImpl.invoke0(Native Method)
	at sun.reflect.NativeMethodAccessorImpl.invoke(NativeMethodAccessorImpl.java:62)
	at sun.reflect.DelegatingMethodAccessorImpl.invoke(DelegatingMethodAccessorImpl.java:43)
	at java.lang.reflect.Method.invoke(Method.java:498)
	at org.junit.runners.model.FrameworkMethod$1.runReflectiveCall(FrameworkMethod.java:50)
	at org.junit.internal.runners.model.ReflectiveCallable.run(ReflectiveCallable.java:12)
	at org.junit.runners.model.FrameworkMethod.invokeExplosively(FrameworkMethod.java:47)
	at com.tngtech.java.junit.dataprovider.DataProviderFrameworkMethod.invokeExplosively(DataProviderFrameworkMethod.java:119)
	at org.junit.internal.runners.statements.InvokeMethod.evaluate(InvokeMethod.java:17)
	at org.junit.rules.TestWatcher$1.evaluate(TestWatcher.java:55)
	at org.junit.rules.RunRules.evaluate(RunRules.java:20)
	at org.junit.runners.ParentRunner.runLeaf(ParentRunner.java:325)
	at com.dotcms.junit.CustomDataProviderRunner.runChild(CustomDataProviderRunner.java:28)
	at com.dotcms.junit.CustomDataProviderRunner.runChild(CustomDataProviderRunner.java:13)
	at org.junit.runners.ParentRunner$3.run(ParentRunner.java:290)
	at org.junit.runners.ParentRunner$1.schedule(ParentRunner.java:71)
	at org.junit.runners.ParentRunner.runChildren(ParentRunner.java:288)
	at org.junit.runners.ParentRunner.access$000(ParentRunner.java:58)
	at org.junit.runners.ParentRunner$2.evaluate(ParentRunner.java:268)
	at org.junit.internal.runners.statements.RunBefores.evaluate(RunBefores.java:26)
	at org.junit.internal.runners.statements.RunAfters.evaluate(RunAfters.java:27)
	at org.junit.runners.ParentRunner.run(ParentRunner.java:363)
	at org.junit.runners.Suite.runChild(Suite.java:128)
	at org.junit.runners.Suite.runChild(Suite.java:27)
	at org.junit.runners.ParentRunner$3.run(ParentRunner.java:290)
	at org.junit.runners.ParentRunner$1.schedule(ParentRunner.java:71)
	at org.junit.runners.ParentRunner.runChildren(ParentRunner.java:288)
	at org.junit.runners.ParentRunner.access$000(ParentRunner.java:58)
	at org.junit.runners.ParentRunner$2.evaluate(ParentRunner.java:268)
	at org.junit.runners.ParentRunner.run(ParentRunner.java:363)
	at org.gradle.api.internal.tasks.testing.junit.JUnitTestClassExecutor.runTestClass(JUnitTestClassExecutor.java:106)
	at org.gradle.api.internal.tasks.testing.junit.JUnitTestClassExecutor.execute(JUnitTestClassExecutor.java:58)
	at org.gradle.api.internal.tasks.testing.junit.JUnitTestClassExecutor.execute(JUnitTestClassExecutor.java:38)
	at org.gradle.api.internal.tasks.testing.junit.AbstractJUnitTestClassProcessor.processTestClass(AbstractJUnitTestClassProcessor.java:66)
	at org.gradle.api.internal.tasks.testing.SuiteTestClassProcessor.processTestClass(SuiteTestClassProcessor.java:51)
	at sun.reflect.NativeMethodAccessorImpl.invoke0(Native Method)
	at sun.reflect.NativeMethodAccessorImpl.invoke(NativeMethodAccessorImpl.java:62)
	at sun.reflect.DelegatingMethodAccessorImpl.invoke(DelegatingMethodAccessorImpl.java:43)
	at java.lang.reflect.Method.invoke(Method.java:498)
	at org.gradle.internal.dispatch.ReflectionDispatch.dispatch(ReflectionDispatch.java:35)
	at org.gradle.internal.dispatch.ReflectionDispatch.dispatch(ReflectionDispatch.java:24)
	at org.gradle.internal.dispatch.ContextClassLoaderDispatch.dispatch(ContextClassLoaderDispatch.java:32)
	at org.gradle.internal.dispatch.ProxyDispatchAdapter$DispatchingInvocationHandler.invoke(ProxyDispatchAdapter.java:93)
	at com.sun.proxy.$Proxy2.processTestClass(Unknown Source)
	at org.gradle.api.internal.tasks.testing.worker.TestWorker.processTestClass(TestWorker.java:117)
	at sun.reflect.NativeMethodAccessorImpl.invoke0(Native Method)
	at sun.reflect.NativeMethodAccessorImpl.invoke(NativeMethodAccessorImpl.java:62)
	at sun.reflect.DelegatingMethodAccessorImpl.invoke(DelegatingMethodAccessorImpl.java:43)
	at java.lang.reflect.Method.invoke(Method.java:498)
	at org.gradle.internal.dispatch.ReflectionDispatch.dispatch(ReflectionDispatch.java:35)
	at org.gradle.internal.dispatch.ReflectionDispatch.dispatch(ReflectionDispatch.java:24)
	at org.gradle.internal.remote.internal.hub.MessageHubBackedObjectConnection$DispatchWrapper.dispatch(MessageHubBackedObjectConnection.java:155)
	at org.gradle.internal.remote.internal.hub.MessageHubBackedObjectConnection$DispatchWrapper.dispatch(MessageHubBackedObjectConnection.java:137)
	at org.gradle.internal.remote.internal.hub.MessageHub$Handler.run(MessageHub.java:404)
	at org.gradle.internal.concurrent.ExecutorPolicy$CatchAndRecordFailures.onExecute(ExecutorPolicy.java:63)
	at org.gradle.internal.concurrent.ManagedExecutorImpl$1.run(ManagedExecutorImpl.java:46)
	at java.util.concurrent.ThreadPoolExecutor.runWorker(ThreadPoolExecutor.java:1149)
	at java.util.concurrent.ThreadPoolExecutor$Worker.run(ThreadPoolExecutor.java:624)
	at org.gradle.internal.concurrent.ThreadFactoryImpl$ManagedThreadRunnable.run(ThreadFactoryImpl.java:55)
	at java.lang.Thread.run(Thread.java:748)
</pre>
</span>
</div>
<div class="test">
<a name="publish[2: com.dotcms.publishing.PublisherAPIImplTest$TestCase@5034bd10]"></a>
<h3 class="failures">publish[2: com.dotcms.publishing.PublisherAPIImplTest$TestCase@5034bd10]</h3>
<span class="code">
<pre>java.lang.AssertionError: Expected 21 but get 23 in /custom/assets/bundles/01EZ85CE3RSEZVWC93RVS37CJ9
Expected [/custom/assets/bundles/01EZ85CE3RSEZVWC93RVS37CJ9/live/System Host/ps_CG.language.xml, /custom/assets/bundles/01EZ85CE3RSEZVWC93RVS37CJ9/working/System Host/1/1-content.442dd1a2-7eb0-4a01-976b-830669407521.content.xml, /custom/assets/bundles/01EZ85CE3RSEZVWC93RVS37CJ9/working/System Host/1/content.ff462f88-d9e1-4d31-b084-b73cb61976d3.host.xml, /custom/assets/bundles/01EZ85CE3RSEZVWC93RVS37CJ9/live/System Host/1/content.53fd6e73-3d3c-403e-951e-77e83477ea3e.host.xml, /custom/assets/bundles/01EZ85CE3RSEZVWC93RVS37CJ9/working/System Host/1/b23bcfb9-8683-4fba-b459-9389eb37a88e.contentworkflow.xml, /custom/assets/bundles/01EZ85CE3RSEZVWC93RVS37CJ9/live/default/ea74fa55-958f-4a16-bd90-5c576f37d961.rule.xml, /custom/assets/bundles/01EZ85CE3RSEZVWC93RVS37CJ9/working/System Host/f4d7c1b8-2c88-4071-abf1-a5328977b07d.contentType.json, /custom/assets/bundles/01EZ85CE3RSEZVWC93RVS37CJ9/d61a59e1-a49c-46f2-a929-db2b4bfa88b2.workflow.xml, /custom/assets/bundles/01EZ85CE3RSEZVWC93RVS37CJ9/live/System Host/en_US.language.xml, /custom/assets/bundles/01EZ85CE3RSEZVWC93RVS37CJ9/live/System Host/1/3-content.d7a4632d-ec96-4b52-83be-099c0dc8e6cd.content.xml, /custom/assets/bundles/01EZ85CE3RSEZVWC93RVS37CJ9/live/System Host/1/2ac0e9a1-56ba-4fd2-a019-2f82c068c568.contentworkflow.xml, /custom/assets/bundles/01EZ85CE3RSEZVWC93RVS37CJ9/live/System Host/1properties, /custom/assets/bundles/01EZ85CE3RSEZVWC93RVS37CJ9/live/System Host/1614105702281properties, /custom/assets/bundles/01EZ85CE3RSEZVWC93RVS37CJ9/working/test1614103521863.dotcms.com/6ae30663-aa46-4898-9dfb-665ed3325150.containers.container.xml, /custom/assets/bundles/01EZ85CE3RSEZVWC93RVS37CJ9/working/test1614103521863.dotcms.com/2a3268b7-68db-4638-9bfa-a83977038852.contentType.json, /custom/assets/bundles/01EZ85CE3RSEZVWC93RVS37CJ9/live/System Host/1/content.ff462f88-d9e1-4d31-b084-b73cb61976d3.host.xml, /custom/assets/bundles/01EZ85CE3RSEZVWC93RVS37CJ9/live/System Host/1/b23bcfb9-8683-4fba-b459-9389eb37a88e.contentworkflow.xml, /custom/assets/bundles/01EZ85CE3RSEZVWC93RVS37CJ9/live/default/1614105702281/2-content.105bdf9b-7b2b-43e1-98f3-0211d66694ed.content.xml, /custom/assets/bundles/01EZ85CE3RSEZVWC93RVS37CJ9/live/System Host/1/0-content.442dd1a2-7eb0-4a01-976b-830669407521.content.xml, /custom/assets/bundles/01EZ85CE3RSEZVWC93RVS37CJ9/live/default/1614105702281/e82233e6-539f-41aa-9f77-3307fbfc1aee.contentworkflow.xml]
Existing [/custom/assets/bundles/01EZ85CE3RSEZVWC93RVS37CJ9/ROOT/bc9a1d37-dd2d-4d49-a29d-0c9be740bfaf.folder.xml, /custom/assets/bundles/01EZ85CE3RSEZVWC93RVS37CJ9/bundle.xml, /custom/assets/bundles/01EZ85CE3RSEZVWC93RVS37CJ9/d61a59e1-a49c-46f2-a929-db2b4bfa88b2.workflow.xml, /custom/assets/bundles/01EZ85CE3RSEZVWC93RVS37CJ9/live/System Host/1/0-content.442dd1a2-7eb0-4a01-976b-830669407521.content.xml, /custom/assets/bundles/01EZ85CE3RSEZVWC93RVS37CJ9/live/System Host/1/2ac0e9a1-56ba-4fd2-a019-2f82c068c568.contentworkflow.xml, /custom/assets/bundles/01EZ85CE3RSEZVWC93RVS37CJ9/live/System Host/1/3-content.d7a4632d-ec96-4b52-83be-099c0dc8e6cd.content.xml, /custom/assets/bundles/01EZ85CE3RSEZVWC93RVS37CJ9/live/System Host/1/b23bcfb9-8683-4fba-b459-9389eb37a88e.contentworkflow.xml, /custom/assets/bundles/01EZ85CE3RSEZVWC93RVS37CJ9/live/System Host/1/content.53fd6e73-3d3c-403e-951e-77e83477ea3e.host.xml, /custom/assets/bundles/01EZ85CE3RSEZVWC93RVS37CJ9/live/System Host/1/content.ff462f88-d9e1-4d31-b084-b73cb61976d3.host.xml, /custom/assets/bundles/01EZ85CE3RSEZVWC93RVS37CJ9/live/System Host/1/system host.host.xml, /custom/assets/bundles/01EZ85CE3RSEZVWC93RVS37CJ9/live/System Host/1614105702281properties, /custom/assets/bundles/01EZ85CE3RSEZVWC93RVS37CJ9/live/System Host/1properties, /custom/assets/bundles/01EZ85CE3RSEZVWC93RVS37CJ9/live/System Host/en_US.language.xml, /custom/assets/bundles/01EZ85CE3RSEZVWC93RVS37CJ9/live/System Host/ps_CG.language.xml, /custom/assets/bundles/01EZ85CE3RSEZVWC93RVS37CJ9/live/default/1614105702281/2-content.105bdf9b-7b2b-43e1-98f3-0211d66694ed.content.xml, /custom/assets/bundles/01EZ85CE3RSEZVWC93RVS37CJ9/live/default/1614105702281/e82233e6-539f-41aa-9f77-3307fbfc1aee.contentworkflow.xml, /custom/assets/bundles/01EZ85CE3RSEZVWC93RVS37CJ9/live/default/ea74fa55-958f-4a16-bd90-5c576f37d961.rule.xml, /custom/assets/bundles/01EZ85CE3RSEZVWC93RVS37CJ9/working/System Host/1/1-content.442dd1a2-7eb0-4a01-976b-830669407521.content.xml, /custom/assets/bundles/01EZ85CE3RSEZVWC93RVS37CJ9/working/System Host/1/b23bcfb9-8683-4fba-b459-9389eb37a88e.contentworkflow.xml, /custom/assets/bundles/01EZ85CE3RSEZVWC93RVS37CJ9/working/System Host/1/content.ff462f88-d9e1-4d31-b084-b73cb61976d3.host.xml, /custom/assets/bundles/01EZ85CE3RSEZVWC93RVS37CJ9/working/System Host/f4d7c1b8-2c88-4071-abf1-a5328977b07d.contentType.json, /custom/assets/bundles/01EZ85CE3RSEZVWC93RVS37CJ9/working/test1614103521863.dotcms.com/2a3268b7-68db-4638-9bfa-a83977038852.contentType.json, /custom/assets/bundles/01EZ85CE3RSEZVWC93RVS37CJ9/working/test1614103521863.dotcms.com/6ae30663-aa46-4898-9dfb-665ed3325150.containers.container.xml]
difference [/custom/assets/bundles/01EZ85CE3RSEZVWC93RVS37CJ9/ROOT/bc9a1d37-dd2d-4d49-a29d-0c9be740bfaf.folder.xml, /custom/assets/bundles/01EZ85CE3RSEZVWC93RVS37CJ9/bundle.xml, /custom/assets/bundles/01EZ85CE3RSEZVWC93RVS37CJ9/live/System Host/1/system host.host.xml]

	at org.jgroups.util.Util.assertEquals(Util.java:185)
	at com.dotcms.publishing.PublisherAPIImplTest.publish(PublisherAPIImplTest.java:407)
	at sun.reflect.NativeMethodAccessorImpl.invoke0(Native Method)
	at sun.reflect.NativeMethodAccessorImpl.invoke(NativeMethodAccessorImpl.java:62)
	at sun.reflect.DelegatingMethodAccessorImpl.invoke(DelegatingMethodAccessorImpl.java:43)
	at java.lang.reflect.Method.invoke(Method.java:498)
	at org.junit.runners.model.FrameworkMethod$1.runReflectiveCall(FrameworkMethod.java:50)
	at org.junit.internal.runners.model.ReflectiveCallable.run(ReflectiveCallable.java:12)
	at org.junit.runners.model.FrameworkMethod.invokeExplosively(FrameworkMethod.java:47)
	at com.tngtech.java.junit.dataprovider.DataProviderFrameworkMethod.invokeExplosively(DataProviderFrameworkMethod.java:119)
	at org.junit.internal.runners.statements.InvokeMethod.evaluate(InvokeMethod.java:17)
	at org.junit.rules.TestWatcher$1.evaluate(TestWatcher.java:55)
	at org.junit.rules.RunRules.evaluate(RunRules.java:20)
	at org.junit.runners.ParentRunner.runLeaf(ParentRunner.java:325)
	at com.dotcms.junit.CustomDataProviderRunner.runChild(CustomDataProviderRunner.java:28)
	at com.dotcms.junit.CustomDataProviderRunner.runChild(CustomDataProviderRunner.java:13)
	at org.junit.runners.ParentRunner$3.run(ParentRunner.java:290)
	at org.junit.runners.ParentRunner$1.schedule(ParentRunner.java:71)
	at org.junit.runners.ParentRunner.runChildren(ParentRunner.java:288)
	at org.junit.runners.ParentRunner.access$000(ParentRunner.java:58)
	at org.junit.runners.ParentRunner$2.evaluate(ParentRunner.java:268)
	at org.junit.internal.runners.statements.RunBefores.evaluate(RunBefores.java:26)
	at org.junit.internal.runners.statements.RunAfters.evaluate(RunAfters.java:27)
	at org.junit.runners.ParentRunner.run(ParentRunner.java:363)
	at org.junit.runners.Suite.runChild(Suite.java:128)
	at org.junit.runners.Suite.runChild(Suite.java:27)
	at org.junit.runners.ParentRunner$3.run(ParentRunner.java:290)
	at org.junit.runners.ParentRunner$1.schedule(ParentRunner.java:71)
	at org.junit.runners.ParentRunner.runChildren(ParentRunner.java:288)
	at org.junit.runners.ParentRunner.access$000(ParentRunner.java:58)
	at org.junit.runners.ParentRunner$2.evaluate(ParentRunner.java:268)
	at org.junit.runners.ParentRunner.run(ParentRunner.java:363)
	at org.gradle.api.internal.tasks.testing.junit.JUnitTestClassExecutor.runTestClass(JUnitTestClassExecutor.java:106)
	at org.gradle.api.internal.tasks.testing.junit.JUnitTestClassExecutor.execute(JUnitTestClassExecutor.java:58)
	at org.gradle.api.internal.tasks.testing.junit.JUnitTestClassExecutor.execute(JUnitTestClassExecutor.java:38)
	at org.gradle.api.internal.tasks.testing.junit.AbstractJUnitTestClassProcessor.processTestClass(AbstractJUnitTestClassProcessor.java:66)
	at org.gradle.api.internal.tasks.testing.SuiteTestClassProcessor.processTestClass(SuiteTestClassProcessor.java:51)
	at sun.reflect.NativeMethodAccessorImpl.invoke0(Native Method)
	at sun.reflect.NativeMethodAccessorImpl.invoke(NativeMethodAccessorImpl.java:62)
	at sun.reflect.DelegatingMethodAccessorImpl.invoke(DelegatingMethodAccessorImpl.java:43)
	at java.lang.reflect.Method.invoke(Method.java:498)
	at org.gradle.internal.dispatch.ReflectionDispatch.dispatch(ReflectionDispatch.java:35)
	at org.gradle.internal.dispatch.ReflectionDispatch.dispatch(ReflectionDispatch.java:24)
	at org.gradle.internal.dispatch.ContextClassLoaderDispatch.dispatch(ContextClassLoaderDispatch.java:32)
	at org.gradle.internal.dispatch.ProxyDispatchAdapter$DispatchingInvocationHandler.invoke(ProxyDispatchAdapter.java:93)
	at com.sun.proxy.$Proxy2.processTestClass(Unknown Source)
	at org.gradle.api.internal.tasks.testing.worker.TestWorker.processTestClass(TestWorker.java:117)
	at sun.reflect.NativeMethodAccessorImpl.invoke0(Native Method)
	at sun.reflect.NativeMethodAccessorImpl.invoke(NativeMethodAccessorImpl.java:62)
	at sun.reflect.DelegatingMethodAccessorImpl.invoke(DelegatingMethodAccessorImpl.java:43)
	at java.lang.reflect.Method.invoke(Method.java:498)
	at org.gradle.internal.dispatch.ReflectionDispatch.dispatch(ReflectionDispatch.java:35)
	at org.gradle.internal.dispatch.ReflectionDispatch.dispatch(ReflectionDispatch.java:24)
	at org.gradle.internal.remote.internal.hub.MessageHubBackedObjectConnection$DispatchWrapper.dispatch(MessageHubBackedObjectConnection.java:155)
	at org.gradle.internal.remote.internal.hub.MessageHubBackedObjectConnection$DispatchWrapper.dispatch(MessageHubBackedObjectConnection.java:137)
	at org.gradle.internal.remote.internal.hub.MessageHub$Handler.run(MessageHub.java:404)
	at org.gradle.internal.concurrent.ExecutorPolicy$CatchAndRecordFailures.onExecute(ExecutorPolicy.java:63)
	at org.gradle.internal.concurrent.ManagedExecutorImpl$1.run(ManagedExecutorImpl.java:46)
	at java.util.concurrent.ThreadPoolExecutor.runWorker(ThreadPoolExecutor.java:1149)
	at java.util.concurrent.ThreadPoolExecutor$Worker.run(ThreadPoolExecutor.java:624)
	at org.gradle.internal.concurrent.ThreadFactoryImpl$ManagedThreadRunnable.run(ThreadFactoryImpl.java:55)
	at java.lang.Thread.run(Thread.java:748)
</pre>
</span>
</div>
<div class="test">
<a name="publish[3: com.dotcms.publishing.PublisherAPIImplTest$TestCase@408e7df3]"></a>
<h3 class="failures">publish[3: com.dotcms.publishing.PublisherAPIImplTest$TestCase@408e7df3]</h3>
<span class="code">
<pre>java.lang.AssertionError: Expected 31 but get 33 in /custom/assets/bundles/01EZ85CE7X9EQV86G5BQFM8HP7
Expected [/custom/assets/bundles/01EZ85CE7X9EQV86G5BQFM8HP7/ROOT/testName1614103523849/testName1614103523855/0e2d11aa-cec5-45db-a093-04e019eb43c4.folder.xml, /custom/assets/bundles/01EZ85CE7X9EQV86G5BQFM8HP7/live/System Host/ps_CG.language.xml, /custom/assets/bundles/01EZ85CE7X9EQV86G5BQFM8HP7/working/test1614103522839.dotcms.com/testName1614103523849/testName1614103523855/d4d8c2a2-5497-43b9-b911-8c38e6ba1c89.link.xml, /custom/assets/bundles/01EZ85CE7X9EQV86G5BQFM8HP7/assets/e/e/eed70978-e278-4f47-8b62-2730c4c80e9a/fileAsset/test.jpg, /custom/assets/bundles/01EZ85CE7X9EQV86G5BQFM8HP7/working/test1614103522839.dotcms.com/1/969aeef0-e9a5-425f-b991-94ba5e83e690.contentworkflow.xml, /custom/assets/bundles/01EZ85CE7X9EQV86G5BQFM8HP7/live/System Host/1/5-content.d7a4632d-ec96-4b52-83be-099c0dc8e6cd.content.xml, /custom/assets/bundles/01EZ85CE7X9EQV86G5BQFM8HP7/working/test1614103522839.dotcms.com/1/1-eed70978-e278-4f47-8b62-2730c4c80e9a.content.xml, /custom/assets/bundles/01EZ85CE7X9EQV86G5BQFM8HP7/working/System Host/33888b6f-7a8e-4069-b1b6-5c1aa9d0a48d.contentType.json, /custom/assets/bundles/01EZ85CE7X9EQV86G5BQFM8HP7/live/System Host/1/content.ff462f88-d9e1-4d31-b084-b73cb61976d3.host.xml, /custom/assets/bundles/01EZ85CE7X9EQV86G5BQFM8HP7/live/System Host/en_US.language.xml, /custom/assets/bundles/01EZ85CE7X9EQV86G5BQFM8HP7/live/default/1614105702281/4-content.105bdf9b-7b2b-43e1-98f3-0211d66694ed.content.xml, /custom/assets/bundles/01EZ85CE7X9EQV86G5BQFM8HP7/live/System Host/1properties, /custom/assets/bundles/01EZ85CE7X9EQV86G5BQFM8HP7/ROOT/testName1614103523849/d0cb6983-308a-4e16-ba55-c4e33acd649e.folder.xml, /custom/assets/bundles/01EZ85CE7X9EQV86G5BQFM8HP7/live/System Host/1/2ac0e9a1-56ba-4fd2-a019-2f82c068c568.contentworkflow.xml, /custom/assets/bundles/01EZ85CE7X9EQV86G5BQFM8HP7/working/System Host/1/2-content.442dd1a2-7eb0-4a01-976b-830669407521.content.xml, /custom/assets/bundles/01EZ85CE7X9EQV86G5BQFM8HP7/working/test1614103522839.dotcms.com/8ac02a22-3706-4d29-b6c4-400639da6a11.contentType.json, /custom/assets/bundles/01EZ85CE7X9EQV86G5BQFM8HP7/live/System Host/1/0-content.442dd1a2-7eb0-4a01-976b-830669407521.content.xml, /custom/assets/bundles/01EZ85CE7X9EQV86G5BQFM8HP7/d61a59e1-a49c-46f2-a929-db2b4bfa88b2.workflow.xml, /custom/assets/bundles/01EZ85CE7X9EQV86G5BQFM8HP7/live/System Host/1614105702281properties, /custom/assets/bundles/01EZ85CE7X9EQV86G5BQFM8HP7/live/default/1614105702281/e82233e6-539f-41aa-9f77-3307fbfc1aee.contentworkflow.xml, /custom/assets/bundles/01EZ85CE7X9EQV86G5BQFM8HP7/ROOT/1ffe4dc0-fba2-478f-af46-7c114203cd71.folder.xml, /custom/assets/bundles/01EZ85CE7X9EQV86G5BQFM8HP7/live/System Host/1/content.e4044e92-15dc-40a0-8972-026716931d24.host.xml, /custom/assets/bundles/01EZ85CE7X9EQV86G5BQFM8HP7/working/System Host/1/b23bcfb9-8683-4fba-b459-9389eb37a88e.contentworkflow.xml, /custom/assets/bundles/01EZ85CE7X9EQV86G5BQFM8HP7/working/test1614103522839.dotcms.com/1/f0b6f2f3-80d6-4b45-b1ce-96175c09c8ea.contentworkflow.xml, /custom/assets/bundles/01EZ85CE7X9EQV86G5BQFM8HP7/working/System Host/f4d7c1b8-2c88-4071-abf1-a5328977b07d.contentType.json, /custom/assets/bundles/01EZ85CE7X9EQV86G5BQFM8HP7/assets/5/9/59834d77-7130-402d-b1bd-e7e354ac6668/fileAsset/test.jpg, /custom/assets/bundles/01EZ85CE7X9EQV86G5BQFM8HP7/working/System Host/1/content.ff462f88-d9e1-4d31-b084-b73cb61976d3.host.xml, /custom/assets/bundles/01EZ85CE7X9EQV86G5BQFM8HP7/live/default/ea74fa55-958f-4a16-bd90-5c576f37d961.rule.xml, /custom/assets/bundles/01EZ85CE7X9EQV86G5BQFM8HP7/working/test1614103522839.dotcms.com/1/3-59834d77-7130-402d-b1bd-e7e354ac6668.content.xml, /custom/assets/bundles/01EZ85CE7X9EQV86G5BQFM8HP7/live/System Host/1/b23bcfb9-8683-4fba-b459-9389eb37a88e.contentworkflow.xml]
Existing [/custom/assets/bundles/01EZ85CE7X9EQV86G5BQFM8HP7/ROOT/1ffe4dc0-fba2-478f-af46-7c114203cd71.folder.xml, /custom/assets/bundles/01EZ85CE7X9EQV86G5BQFM8HP7/ROOT/bc9a1d37-dd2d-4d49-a29d-0c9be740bfaf.folder.xml, /custom/assets/bundles/01EZ85CE7X9EQV86G5BQFM8HP7/ROOT/testName1614103523849/d0cb6983-308a-4e16-ba55-c4e33acd649e.folder.xml, /custom/assets/bundles/01EZ85CE7X9EQV86G5BQFM8HP7/ROOT/testName1614103523849/testName1614103523855/0e2d11aa-cec5-45db-a093-04e019eb43c4.folder.xml, /custom/assets/bundles/01EZ85CE7X9EQV86G5BQFM8HP7/assets/5/9/59834d77-7130-402d-b1bd-e7e354ac6668/fileAsset/test.jpg, /custom/assets/bundles/01EZ85CE7X9EQV86G5BQFM8HP7/assets/e/e/eed70978-e278-4f47-8b62-2730c4c80e9a/fileAsset/test.jpg, /custom/assets/bundles/01EZ85CE7X9EQV86G5BQFM8HP7/bundle.xml, /custom/assets/bundles/01EZ85CE7X9EQV86G5BQFM8HP7/d61a59e1-a49c-46f2-a929-db2b4bfa88b2.workflow.xml, /custom/assets/bundles/01EZ85CE7X9EQV86G5BQFM8HP7/live/System Host/1/0-content.442dd1a2-7eb0-4a01-976b-830669407521.content.xml, /custom/assets/bundles/01EZ85CE7X9EQV86G5BQFM8HP7/live/System Host/1/2ac0e9a1-56ba-4fd2-a019-2f82c068c568.contentworkflow.xml, /custom/assets/bundles/01EZ85CE7X9EQV86G5BQFM8HP7/live/System Host/1/5-content.d7a4632d-ec96-4b52-83be-099c0dc8e6cd.content.xml, /custom/assets/bundles/01EZ85CE7X9EQV86G5BQFM8HP7/live/System Host/1/b23bcfb9-8683-4fba-b459-9389eb37a88e.contentworkflow.xml, /custom/assets/bundles/01EZ85CE7X9EQV86G5BQFM8HP7/live/System Host/1/content.e4044e92-15dc-40a0-8972-026716931d24.host.xml, /custom/assets/bundles/01EZ85CE7X9EQV86G5BQFM8HP7/live/System Host/1/content.ff462f88-d9e1-4d31-b084-b73cb61976d3.host.xml, /custom/assets/bundles/01EZ85CE7X9EQV86G5BQFM8HP7/live/System Host/1/system host.host.xml, /custom/assets/bundles/01EZ85CE7X9EQV86G5BQFM8HP7/live/System Host/1614105702281properties, /custom/assets/bundles/01EZ85CE7X9EQV86G5BQFM8HP7/live/System Host/1properties, /custom/assets/bundles/01EZ85CE7X9EQV86G5BQFM8HP7/live/System Host/en_US.language.xml, /custom/assets/bundles/01EZ85CE7X9EQV86G5BQFM8HP7/live/System Host/ps_CG.language.xml, /custom/assets/bundles/01EZ85CE7X9EQV86G5BQFM8HP7/live/default/1614105702281/4-content.105bdf9b-7b2b-43e1-98f3-0211d66694ed.content.xml, /custom/assets/bundles/01EZ85CE7X9EQV86G5BQFM8HP7/live/default/1614105702281/e82233e6-539f-41aa-9f77-3307fbfc1aee.contentworkflow.xml, /custom/assets/bundles/01EZ85CE7X9EQV86G5BQFM8HP7/live/default/ea74fa55-958f-4a16-bd90-5c576f37d961.rule.xml, /custom/assets/bundles/01EZ85CE7X9EQV86G5BQFM8HP7/working/System Host/1/2-content.442dd1a2-7eb0-4a01-976b-830669407521.content.xml, /custom/assets/bundles/01EZ85CE7X9EQV86G5BQFM8HP7/working/System Host/1/b23bcfb9-8683-4fba-b459-9389eb37a88e.contentworkflow.xml, /custom/assets/bundles/01EZ85CE7X9EQV86G5BQFM8HP7/working/System Host/1/content.ff462f88-d9e1-4d31-b084-b73cb61976d3.host.xml, /custom/assets/bundles/01EZ85CE7X9EQV86G5BQFM8HP7/working/System Host/33888b6f-7a8e-4069-b1b6-5c1aa9d0a48d.contentType.json, /custom/assets/bundles/01EZ85CE7X9EQV86G5BQFM8HP7/working/System Host/f4d7c1b8-2c88-4071-abf1-a5328977b07d.contentType.json, /custom/assets/bundles/01EZ85CE7X9EQV86G5BQFM8HP7/working/test1614103522839.dotcms.com/1/1-eed70978-e278-4f47-8b62-2730c4c80e9a.content.xml, /custom/assets/bundles/01EZ85CE7X9EQV86G5BQFM8HP7/working/test1614103522839.dotcms.com/1/3-59834d77-7130-402d-b1bd-e7e354ac6668.content.xml, /custom/assets/bundles/01EZ85CE7X9EQV86G5BQFM8HP7/working/test1614103522839.dotcms.com/1/969aeef0-e9a5-425f-b991-94ba5e83e690.contentworkflow.xml, /custom/assets/bundles/01EZ85CE7X9EQV86G5BQFM8HP7/working/test1614103522839.dotcms.com/1/f0b6f2f3-80d6-4b45-b1ce-96175c09c8ea.contentworkflow.xml, /custom/assets/bundles/01EZ85CE7X9EQV86G5BQFM8HP7/working/test1614103522839.dotcms.com/8ac02a22-3706-4d29-b6c4-400639da6a11.contentType.json, /custom/assets/bundles/01EZ85CE7X9EQV86G5BQFM8HP7/working/test1614103522839.dotcms.com/testName1614103523849/testName1614103523855/d4d8c2a2-5497-43b9-b911-8c38e6ba1c89.link.xml]
difference [/custom/assets/bundles/01EZ85CE7X9EQV86G5BQFM8HP7/ROOT/bc9a1d37-dd2d-4d49-a29d-0c9be740bfaf.folder.xml, /custom/assets/bundles/01EZ85CE7X9EQV86G5BQFM8HP7/bundle.xml, /custom/assets/bundles/01EZ85CE7X9EQV86G5BQFM8HP7/live/System Host/1/system host.host.xml]

	at org.jgroups.util.Util.assertEquals(Util.java:185)
	at com.dotcms.publishing.PublisherAPIImplTest.publish(PublisherAPIImplTest.java:407)
	at sun.reflect.NativeMethodAccessorImpl.invoke0(Native Method)
	at sun.reflect.NativeMethodAccessorImpl.invoke(NativeMethodAccessorImpl.java:62)
	at sun.reflect.DelegatingMethodAccessorImpl.invoke(DelegatingMethodAccessorImpl.java:43)
	at java.lang.reflect.Method.invoke(Method.java:498)
	at org.junit.runners.model.FrameworkMethod$1.runReflectiveCall(FrameworkMethod.java:50)
	at org.junit.internal.runners.model.ReflectiveCallable.run(ReflectiveCallable.java:12)
	at org.junit.runners.model.FrameworkMethod.invokeExplosively(FrameworkMethod.java:47)
	at com.tngtech.java.junit.dataprovider.DataProviderFrameworkMethod.invokeExplosively(DataProviderFrameworkMethod.java:119)
	at org.junit.internal.runners.statements.InvokeMethod.evaluate(InvokeMethod.java:17)
	at org.junit.rules.TestWatcher$1.evaluate(TestWatcher.java:55)
	at org.junit.rules.RunRules.evaluate(RunRules.java:20)
	at org.junit.runners.ParentRunner.runLeaf(ParentRunner.java:325)
	at com.dotcms.junit.CustomDataProviderRunner.runChild(CustomDataProviderRunner.java:28)
	at com.dotcms.junit.CustomDataProviderRunner.runChild(CustomDataProviderRunner.java:13)
	at org.junit.runners.ParentRunner$3.run(ParentRunner.java:290)
	at org.junit.runners.ParentRunner$1.schedule(ParentRunner.java:71)
	at org.junit.runners.ParentRunner.runChildren(ParentRunner.java:288)
	at org.junit.runners.ParentRunner.access$000(ParentRunner.java:58)
	at org.junit.runners.ParentRunner$2.evaluate(ParentRunner.java:268)
	at org.junit.internal.runners.statements.RunBefores.evaluate(RunBefores.java:26)
	at org.junit.internal.runners.statements.RunAfters.evaluate(RunAfters.java:27)
	at org.junit.runners.ParentRunner.run(ParentRunner.java:363)
	at org.junit.runners.Suite.runChild(Suite.java:128)
	at org.junit.runners.Suite.runChild(Suite.java:27)
	at org.junit.runners.ParentRunner$3.run(ParentRunner.java:290)
	at org.junit.runners.ParentRunner$1.schedule(ParentRunner.java:71)
	at org.junit.runners.ParentRunner.runChildren(ParentRunner.java:288)
	at org.junit.runners.ParentRunner.access$000(ParentRunner.java:58)
	at org.junit.runners.ParentRunner$2.evaluate(ParentRunner.java:268)
	at org.junit.runners.ParentRunner.run(ParentRunner.java:363)
	at org.gradle.api.internal.tasks.testing.junit.JUnitTestClassExecutor.runTestClass(JUnitTestClassExecutor.java:106)
	at org.gradle.api.internal.tasks.testing.junit.JUnitTestClassExecutor.execute(JUnitTestClassExecutor.java:58)
	at org.gradle.api.internal.tasks.testing.junit.JUnitTestClassExecutor.execute(JUnitTestClassExecutor.java:38)
	at org.gradle.api.internal.tasks.testing.junit.AbstractJUnitTestClassProcessor.processTestClass(AbstractJUnitTestClassProcessor.java:66)
	at org.gradle.api.internal.tasks.testing.SuiteTestClassProcessor.processTestClass(SuiteTestClassProcessor.java:51)
	at sun.reflect.NativeMethodAccessorImpl.invoke0(Native Method)
	at sun.reflect.NativeMethodAccessorImpl.invoke(NativeMethodAccessorImpl.java:62)
	at sun.reflect.DelegatingMethodAccessorImpl.invoke(DelegatingMethodAccessorImpl.java:43)
	at java.lang.reflect.Method.invoke(Method.java:498)
	at org.gradle.internal.dispatch.ReflectionDispatch.dispatch(ReflectionDispatch.java:35)
	at org.gradle.internal.dispatch.ReflectionDispatch.dispatch(ReflectionDispatch.java:24)
	at org.gradle.internal.dispatch.ContextClassLoaderDispatch.dispatch(ContextClassLoaderDispatch.java:32)
	at org.gradle.internal.dispatch.ProxyDispatchAdapter$DispatchingInvocationHandler.invoke(ProxyDispatchAdapter.java:93)
	at com.sun.proxy.$Proxy2.processTestClass(Unknown Source)
	at org.gradle.api.internal.tasks.testing.worker.TestWorker.processTestClass(TestWorker.java:117)
	at sun.reflect.NativeMethodAccessorImpl.invoke0(Native Method)
	at sun.reflect.NativeMethodAccessorImpl.invoke(NativeMethodAccessorImpl.java:62)
	at sun.reflect.DelegatingMethodAccessorImpl.invoke(DelegatingMethodAccessorImpl.java:43)
	at java.lang.reflect.Method.invoke(Method.java:498)
	at org.gradle.internal.dispatch.ReflectionDispatch.dispatch(ReflectionDispatch.java:35)
	at org.gradle.internal.dispatch.ReflectionDispatch.dispatch(ReflectionDispatch.java:24)
	at org.gradle.internal.remote.internal.hub.MessageHubBackedObjectConnection$DispatchWrapper.dispatch(MessageHubBackedObjectConnection.java:155)
	at org.gradle.internal.remote.internal.hub.MessageHubBackedObjectConnection$DispatchWrapper.dispatch(MessageHubBackedObjectConnection.java:137)
	at org.gradle.internal.remote.internal.hub.MessageHub$Handler.run(MessageHub.java:404)
	at org.gradle.internal.concurrent.ExecutorPolicy$CatchAndRecordFailures.onExecute(ExecutorPolicy.java:63)
	at org.gradle.internal.concurrent.ManagedExecutorImpl$1.run(ManagedExecutorImpl.java:46)
	at java.util.concurrent.ThreadPoolExecutor.runWorker(ThreadPoolExecutor.java:1149)
	at java.util.concurrent.ThreadPoolExecutor$Worker.run(ThreadPoolExecutor.java:624)
	at org.gradle.internal.concurrent.ThreadFactoryImpl$ManagedThreadRunnable.run(ThreadFactoryImpl.java:55)
	at java.lang.Thread.run(Thread.java:748)
</pre>
</span>
</div>
<div class="test">
<a name="publish[4: com.dotcms.publishing.PublisherAPIImplTest$TestCase@357f0492]"></a>
<h3 class="failures">publish[4: com.dotcms.publishing.PublisherAPIImplTest$TestCase@357f0492]</h3>
<span class="code">
<pre>java.lang.AssertionError: Expected 28 but get 30 in /custom/assets/bundles/01EZ85CEFETR1FWSQ593J64N7B
Expected [/custom/assets/bundles/01EZ85CEFETR1FWSQ593J64N7B/live/default/ea74fa55-958f-4a16-bd90-5c576f37d961.rule.xml, /custom/assets/bundles/01EZ85CEFETR1FWSQ593J64N7B/working/test1614103524116.dotcms.com/1/5d658a95-747f-4916-aa1d-be5d8bdd3b45.contentworkflow.xml, /custom/assets/bundles/01EZ85CEFETR1FWSQ593J64N7B/live/System Host/1/b23bcfb9-8683-4fba-b459-9389eb37a88e.contentworkflow.xml, /custom/assets/bundles/01EZ85CEFETR1FWSQ593J64N7B/live/test1614103524116.dotcms.com/229e64f2-b181-4983-a30f-688f4b481c3c.template.template.xml, /custom/assets/bundles/01EZ85CEFETR1FWSQ593J64N7B/ROOT/d7c666d9-4071-42a0-8b81-3f8dbb337c97.folder.xml, /custom/assets/bundles/01EZ85CEFETR1FWSQ593J64N7B/live/System Host/en_US.language.xml, /custom/assets/bundles/01EZ85CEFETR1FWSQ593J64N7B/working/test1614103524116.dotcms.com/ba4a6a4e-7451-48d3-93a1-b90b54977803.contentType.json, /custom/assets/bundles/01EZ85CEFETR1FWSQ593J64N7B/working/System Host/33888b6f-7a8e-4069-b1b6-5c1aa9d0a48d.contentType.json, /custom/assets/bundles/01EZ85CEFETR1FWSQ593J64N7B/live/System Host/1/0-content.442dd1a2-7eb0-4a01-976b-830669407521.content.xml, /custom/assets/bundles/01EZ85CEFETR1FWSQ593J64N7B/live/System Host/1/content.ff462f88-d9e1-4d31-b084-b73cb61976d3.host.xml, /custom/assets/bundles/01EZ85CEFETR1FWSQ593J64N7B/live/System Host/1/2ac0e9a1-56ba-4fd2-a019-2f82c068c568.contentworkflow.xml, /custom/assets/bundles/01EZ85CEFETR1FWSQ593J64N7B/live/System Host/1/content.32517426-0f63-4b78-b878-2ad5749deaa7.host.xml, /custom/assets/bundles/01EZ85CEFETR1FWSQ593J64N7B/d61a59e1-a49c-46f2-a929-db2b4bfa88b2.workflow.xml, /custom/assets/bundles/01EZ85CEFETR1FWSQ593J64N7B/working/test1614103524116.dotcms.com/1/4-content.2e83f98a-5dca-4658-abbb-dfbc5e518836.content.xml, /custom/assets/bundles/01EZ85CEFETR1FWSQ593J64N7B/live/System Host/1614105702281properties, /custom/assets/bundles/01EZ85CEFETR1FWSQ593J64N7B/working/System Host/1/b23bcfb9-8683-4fba-b459-9389eb37a88e.contentworkflow.xml, /custom/assets/bundles/01EZ85CEFETR1FWSQ593J64N7B/live/System Host/ps_CG.language.xml, /custom/assets/bundles/01EZ85CEFETR1FWSQ593J64N7B/live/test1614103524116.dotcms.com/33776de0-8c78-4bdd-b49f-1aeba782f59b.rule.xml, /custom/assets/bundles/01EZ85CEFETR1FWSQ593J64N7B/working/test1614103524116.dotcms.com/a3ad6afc-85ed-424d-8d2f-f8835178bfa4.containers.container.xml, /custom/assets/bundles/01EZ85CEFETR1FWSQ593J64N7B/live/System Host/1properties, /custom/assets/bundles/01EZ85CEFETR1FWSQ593J64N7B/live/default/1614105702281/e82233e6-539f-41aa-9f77-3307fbfc1aee.contentworkflow.xml, /custom/assets/bundles/01EZ85CEFETR1FWSQ593J64N7B/working/System Host/1/1-content.442dd1a2-7eb0-4a01-976b-830669407521.content.xml, /custom/assets/bundles/01EZ85CEFETR1FWSQ593J64N7B/live/System Host/1/3-content.d7a4632d-ec96-4b52-83be-099c0dc8e6cd.content.xml, /custom/assets/bundles/01EZ85CEFETR1FWSQ593J64N7B/working/System Host/f4d7c1b8-2c88-4071-abf1-a5328977b07d.contentType.json, /custom/assets/bundles/01EZ85CEFETR1FWSQ593J64N7B/working/System Host/1/content.ff462f88-d9e1-4d31-b084-b73cb61976d3.host.xml, /custom/assets/bundles/01EZ85CEFETR1FWSQ593J64N7B/live/default/1614105702281/2-content.105bdf9b-7b2b-43e1-98f3-0211d66694ed.content.xml, /custom/assets/bundles/01EZ85CEFETR1FWSQ593J64N7B/working/test1614103524116.dotcms.com/67f5b31c-d087-4fc3-b77c-28a114434815.contentType.json]
Existing [/custom/assets/bundles/01EZ85CEFETR1FWSQ593J64N7B/ROOT/bc9a1d37-dd2d-4d49-a29d-0c9be740bfaf.folder.xml, /custom/assets/bundles/01EZ85CEFETR1FWSQ593J64N7B/ROOT/d7c666d9-4071-42a0-8b81-3f8dbb337c97.folder.xml, /custom/assets/bundles/01EZ85CEFETR1FWSQ593J64N7B/bundle.xml, /custom/assets/bundles/01EZ85CEFETR1FWSQ593J64N7B/d61a59e1-a49c-46f2-a929-db2b4bfa88b2.workflow.xml, /custom/assets/bundles/01EZ85CEFETR1FWSQ593J64N7B/live/System Host/1/0-content.442dd1a2-7eb0-4a01-976b-830669407521.content.xml, /custom/assets/bundles/01EZ85CEFETR1FWSQ593J64N7B/live/System Host/1/2ac0e9a1-56ba-4fd2-a019-2f82c068c568.contentworkflow.xml, /custom/assets/bundles/01EZ85CEFETR1FWSQ593J64N7B/live/System Host/1/3-content.d7a4632d-ec96-4b52-83be-099c0dc8e6cd.content.xml, /custom/assets/bundles/01EZ85CEFETR1FWSQ593J64N7B/live/System Host/1/b23bcfb9-8683-4fba-b459-9389eb37a88e.contentworkflow.xml, /custom/assets/bundles/01EZ85CEFETR1FWSQ593J64N7B/live/System Host/1/content.32517426-0f63-4b78-b878-2ad5749deaa7.host.xml, /custom/assets/bundles/01EZ85CEFETR1FWSQ593J64N7B/live/System Host/1/content.ff462f88-d9e1-4d31-b084-b73cb61976d3.host.xml, /custom/assets/bundles/01EZ85CEFETR1FWSQ593J64N7B/live/System Host/1/system host.host.xml, /custom/assets/bundles/01EZ85CEFETR1FWSQ593J64N7B/live/System Host/1614105702281properties, /custom/assets/bundles/01EZ85CEFETR1FWSQ593J64N7B/live/System Host/1properties, /custom/assets/bundles/01EZ85CEFETR1FWSQ593J64N7B/live/System Host/en_US.language.xml, /custom/assets/bundles/01EZ85CEFETR1FWSQ593J64N7B/live/System Host/ps_CG.language.xml, /custom/assets/bundles/01EZ85CEFETR1FWSQ593J64N7B/live/default/1614105702281/2-content.105bdf9b-7b2b-43e1-98f3-0211d66694ed.content.xml, /custom/assets/bundles/01EZ85CEFETR1FWSQ593J64N7B/live/default/1614105702281/e82233e6-539f-41aa-9f77-3307fbfc1aee.contentworkflow.xml, /custom/assets/bundles/01EZ85CEFETR1FWSQ593J64N7B/live/default/ea74fa55-958f-4a16-bd90-5c576f37d961.rule.xml, /custom/assets/bundles/01EZ85CEFETR1FWSQ593J64N7B/live/test1614103524116.dotcms.com/229e64f2-b181-4983-a30f-688f4b481c3c.template.template.xml, /custom/assets/bundles/01EZ85CEFETR1FWSQ593J64N7B/live/test1614103524116.dotcms.com/33776de0-8c78-4bdd-b49f-1aeba782f59b.rule.xml, /custom/assets/bundles/01EZ85CEFETR1FWSQ593J64N7B/working/System Host/1/1-content.442dd1a2-7eb0-4a01-976b-830669407521.content.xml, /custom/assets/bundles/01EZ85CEFETR1FWSQ593J64N7B/working/System Host/1/b23bcfb9-8683-4fba-b459-9389eb37a88e.contentworkflow.xml, /custom/assets/bundles/01EZ85CEFETR1FWSQ593J64N7B/working/System Host/1/content.ff462f88-d9e1-4d31-b084-b73cb61976d3.host.xml, /custom/assets/bundles/01EZ85CEFETR1FWSQ593J64N7B/working/System Host/33888b6f-7a8e-4069-b1b6-5c1aa9d0a48d.contentType.json, /custom/assets/bundles/01EZ85CEFETR1FWSQ593J64N7B/working/System Host/f4d7c1b8-2c88-4071-abf1-a5328977b07d.contentType.json, /custom/assets/bundles/01EZ85CEFETR1FWSQ593J64N7B/working/test1614103524116.dotcms.com/1/4-content.2e83f98a-5dca-4658-abbb-dfbc5e518836.content.xml, /custom/assets/bundles/01EZ85CEFETR1FWSQ593J64N7B/working/test1614103524116.dotcms.com/1/5d658a95-747f-4916-aa1d-be5d8bdd3b45.contentworkflow.xml, /custom/assets/bundles/01EZ85CEFETR1FWSQ593J64N7B/working/test1614103524116.dotcms.com/67f5b31c-d087-4fc3-b77c-28a114434815.contentType.json, /custom/assets/bundles/01EZ85CEFETR1FWSQ593J64N7B/working/test1614103524116.dotcms.com/a3ad6afc-85ed-424d-8d2f-f8835178bfa4.containers.container.xml, /custom/assets/bundles/01EZ85CEFETR1FWSQ593J64N7B/working/test1614103524116.dotcms.com/ba4a6a4e-7451-48d3-93a1-b90b54977803.contentType.json]
difference [/custom/assets/bundles/01EZ85CEFETR1FWSQ593J64N7B/ROOT/bc9a1d37-dd2d-4d49-a29d-0c9be740bfaf.folder.xml, /custom/assets/bundles/01EZ85CEFETR1FWSQ593J64N7B/bundle.xml, /custom/assets/bundles/01EZ85CEFETR1FWSQ593J64N7B/live/System Host/1/system host.host.xml]

	at org.jgroups.util.Util.assertEquals(Util.java:185)
	at com.dotcms.publishing.PublisherAPIImplTest.publish(PublisherAPIImplTest.java:407)
	at sun.reflect.NativeMethodAccessorImpl.invoke0(Native Method)
	at sun.reflect.NativeMethodAccessorImpl.invoke(NativeMethodAccessorImpl.java:62)
	at sun.reflect.DelegatingMethodAccessorImpl.invoke(DelegatingMethodAccessorImpl.java:43)
	at java.lang.reflect.Method.invoke(Method.java:498)
	at org.junit.runners.model.FrameworkMethod$1.runReflectiveCall(FrameworkMethod.java:50)
	at org.junit.internal.runners.model.ReflectiveCallable.run(ReflectiveCallable.java:12)
	at org.junit.runners.model.FrameworkMethod.invokeExplosively(FrameworkMethod.java:47)
	at com.tngtech.java.junit.dataprovider.DataProviderFrameworkMethod.invokeExplosively(DataProviderFrameworkMethod.java:119)
	at org.junit.internal.runners.statements.InvokeMethod.evaluate(InvokeMethod.java:17)
	at org.junit.rules.TestWatcher$1.evaluate(TestWatcher.java:55)
	at org.junit.rules.RunRules.evaluate(RunRules.java:20)
	at org.junit.runners.ParentRunner.runLeaf(ParentRunner.java:325)
	at com.dotcms.junit.CustomDataProviderRunner.runChild(CustomDataProviderRunner.java:28)
	at com.dotcms.junit.CustomDataProviderRunner.runChild(CustomDataProviderRunner.java:13)
	at org.junit.runners.ParentRunner$3.run(ParentRunner.java:290)
	at org.junit.runners.ParentRunner$1.schedule(ParentRunner.java:71)
	at org.junit.runners.ParentRunner.runChildren(ParentRunner.java:288)
	at org.junit.runners.ParentRunner.access$000(ParentRunner.java:58)
	at org.junit.runners.ParentRunner$2.evaluate(ParentRunner.java:268)
	at org.junit.internal.runners.statements.RunBefores.evaluate(RunBefores.java:26)
	at org.junit.internal.runners.statements.RunAfters.evaluate(RunAfters.java:27)
	at org.junit.runners.ParentRunner.run(ParentRunner.java:363)
	at org.junit.runners.Suite.runChild(Suite.java:128)
	at org.junit.runners.Suite.runChild(Suite.java:27)
	at org.junit.runners.ParentRunner$3.run(ParentRunner.java:290)
	at org.junit.runners.ParentRunner$1.schedule(ParentRunner.java:71)
	at org.junit.runners.ParentRunner.runChildren(ParentRunner.java:288)
	at org.junit.runners.ParentRunner.access$000(ParentRunner.java:58)
	at org.junit.runners.ParentRunner$2.evaluate(ParentRunner.java:268)
	at org.junit.runners.ParentRunner.run(ParentRunner.java:363)
	at org.gradle.api.internal.tasks.testing.junit.JUnitTestClassExecutor.runTestClass(JUnitTestClassExecutor.java:106)
	at org.gradle.api.internal.tasks.testing.junit.JUnitTestClassExecutor.execute(JUnitTestClassExecutor.java:58)
	at org.gradle.api.internal.tasks.testing.junit.JUnitTestClassExecutor.execute(JUnitTestClassExecutor.java:38)
	at org.gradle.api.internal.tasks.testing.junit.AbstractJUnitTestClassProcessor.processTestClass(AbstractJUnitTestClassProcessor.java:66)
	at org.gradle.api.internal.tasks.testing.SuiteTestClassProcessor.processTestClass(SuiteTestClassProcessor.java:51)
	at sun.reflect.NativeMethodAccessorImpl.invoke0(Native Method)
	at sun.reflect.NativeMethodAccessorImpl.invoke(NativeMethodAccessorImpl.java:62)
	at sun.reflect.DelegatingMethodAccessorImpl.invoke(DelegatingMethodAccessorImpl.java:43)
	at java.lang.reflect.Method.invoke(Method.java:498)
	at org.gradle.internal.dispatch.ReflectionDispatch.dispatch(ReflectionDispatch.java:35)
	at org.gradle.internal.dispatch.ReflectionDispatch.dispatch(ReflectionDispatch.java:24)
	at org.gradle.internal.dispatch.ContextClassLoaderDispatch.dispatch(ContextClassLoaderDispatch.java:32)
	at org.gradle.internal.dispatch.ProxyDispatchAdapter$DispatchingInvocationHandler.invoke(ProxyDispatchAdapter.java:93)
	at com.sun.proxy.$Proxy2.processTestClass(Unknown Source)
	at org.gradle.api.internal.tasks.testing.worker.TestWorker.processTestClass(TestWorker.java:117)
	at sun.reflect.NativeMethodAccessorImpl.invoke0(Native Method)
	at sun.reflect.NativeMethodAccessorImpl.invoke(NativeMethodAccessorImpl.java:62)
	at sun.reflect.DelegatingMethodAccessorImpl.invoke(DelegatingMethodAccessorImpl.java:43)
	at java.lang.reflect.Method.invoke(Method.java:498)
	at org.gradle.internal.dispatch.ReflectionDispatch.dispatch(ReflectionDispatch.java:35)
	at org.gradle.internal.dispatch.ReflectionDispatch.dispatch(ReflectionDispatch.java:24)
	at org.gradle.internal.remote.internal.hub.MessageHubBackedObjectConnection$DispatchWrapper.dispatch(MessageHubBackedObjectConnection.java:155)
	at org.gradle.internal.remote.internal.hub.MessageHubBackedObjectConnection$DispatchWrapper.dispatch(MessageHubBackedObjectConnection.java:137)
	at org.gradle.internal.remote.internal.hub.MessageHub$Handler.run(MessageHub.java:404)
	at org.gradle.internal.concurrent.ExecutorPolicy$CatchAndRecordFailures.onExecute(ExecutorPolicy.java:63)
	at org.gradle.internal.concurrent.ManagedExecutorImpl$1.run(ManagedExecutorImpl.java:46)
	at java.util.concurrent.ThreadPoolExecutor.runWorker(ThreadPoolExecutor.java:1149)
	at java.util.concurrent.ThreadPoolExecutor$Worker.run(ThreadPoolExecutor.java:624)
	at org.gradle.internal.concurrent.ThreadFactoryImpl$ManagedThreadRunnable.run(ThreadFactoryImpl.java:55)
	at java.lang.Thread.run(Thread.java:748)
</pre>
</span>
</div>
<div class="test">
<a name="publish[5: com.dotcms.publishing.PublisherAPIImplTest$TestCase@3f151fda]"></a>
<h3 class="failures">publish[5: com.dotcms.publishing.PublisherAPIImplTest$TestCase@3f151fda]</h3>
<span class="code">
<pre>java.lang.AssertionError: Expected 21 but get 23 in /custom/assets/bundles/01EZ85CENBDQ5S8Z327VVCTR13
Expected [/custom/assets/bundles/01EZ85CENBDQ5S8Z327VVCTR13/live/System Host/1/b23bcfb9-8683-4fba-b459-9389eb37a88e.contentworkflow.xml, /custom/assets/bundles/01EZ85CENBDQ5S8Z327VVCTR13/live/System Host/1properties, /custom/assets/bundles/01EZ85CENBDQ5S8Z327VVCTR13/live/System Host/1/content.ff462f88-d9e1-4d31-b084-b73cb61976d3.host.xml, /custom/assets/bundles/01EZ85CENBDQ5S8Z327VVCTR13/live/System Host/1614105702281properties, /custom/assets/bundles/01EZ85CENBDQ5S8Z327VVCTR13/live/default/ea74fa55-958f-4a16-bd90-5c576f37d961.rule.xml, /custom/assets/bundles/01EZ85CENBDQ5S8Z327VVCTR13/working/System Host/1/1-content.442dd1a2-7eb0-4a01-976b-830669407521.content.xml, /custom/assets/bundles/01EZ85CENBDQ5S8Z327VVCTR13/live/System Host/ps_CG.language.xml, /custom/assets/bundles/01EZ85CENBDQ5S8Z327VVCTR13/live/System Host/1/content.2e6bd9a7-b271-46f4-896a-ca95dde73aa2.host.xml, /custom/assets/bundles/01EZ85CENBDQ5S8Z327VVCTR13/working/System Host/1/b23bcfb9-8683-4fba-b459-9389eb37a88e.contentworkflow.xml, /custom/assets/bundles/01EZ85CENBDQ5S8Z327VVCTR13/live/default/1614105702281/e82233e6-539f-41aa-9f77-3307fbfc1aee.contentworkflow.xml, /custom/assets/bundles/01EZ85CENBDQ5S8Z327VVCTR13/d61a59e1-a49c-46f2-a929-db2b4bfa88b2.workflow.xml, /custom/assets/bundles/01EZ85CENBDQ5S8Z327VVCTR13/live/default/1614105702281/2-content.105bdf9b-7b2b-43e1-98f3-0211d66694ed.content.xml, /custom/assets/bundles/01EZ85CENBDQ5S8Z327VVCTR13/live/System Host/1/0-content.442dd1a2-7eb0-4a01-976b-830669407521.content.xml, /custom/assets/bundles/01EZ85CENBDQ5S8Z327VVCTR13/ROOT/d70384af-1181-4ea4-898b-ef6eef1c19d0.folder.xml, /custom/assets/bundles/01EZ85CENBDQ5S8Z327VVCTR13/working/System Host/1/content.ff462f88-d9e1-4d31-b084-b73cb61976d3.host.xml, /custom/assets/bundles/01EZ85CENBDQ5S8Z327VVCTR13/live/System Host/en_US.language.xml, /custom/assets/bundles/01EZ85CENBDQ5S8Z327VVCTR13/working/System Host/f4d7c1b8-2c88-4071-abf1-a5328977b07d.contentType.json, /custom/assets/bundles/01EZ85CENBDQ5S8Z327VVCTR13/live/System Host/1/3-content.d7a4632d-ec96-4b52-83be-099c0dc8e6cd.content.xml, /custom/assets/bundles/01EZ85CENBDQ5S8Z327VVCTR13/live/System Host/1/2ac0e9a1-56ba-4fd2-a019-2f82c068c568.contentworkflow.xml, /custom/assets/bundles/01EZ85CENBDQ5S8Z327VVCTR13/working/test1614103524983.dotcms.com/testName1614103525945/7843f36d-2d7f-4b54-b29c-71ab0b63551c.link.xml]
Existing [/custom/assets/bundles/01EZ85CENBDQ5S8Z327VVCTR13/ROOT/bc9a1d37-dd2d-4d49-a29d-0c9be740bfaf.folder.xml, /custom/assets/bundles/01EZ85CENBDQ5S8Z327VVCTR13/ROOT/d70384af-1181-4ea4-898b-ef6eef1c19d0.folder.xml, /custom/assets/bundles/01EZ85CENBDQ5S8Z327VVCTR13/bundle.xml, /custom/assets/bundles/01EZ85CENBDQ5S8Z327VVCTR13/d61a59e1-a49c-46f2-a929-db2b4bfa88b2.workflow.xml, /custom/assets/bundles/01EZ85CENBDQ5S8Z327VVCTR13/live/System Host/1/0-content.442dd1a2-7eb0-4a01-976b-830669407521.content.xml, /custom/assets/bundles/01EZ85CENBDQ5S8Z327VVCTR13/live/System Host/1/2ac0e9a1-56ba-4fd2-a019-2f82c068c568.contentworkflow.xml, /custom/assets/bundles/01EZ85CENBDQ5S8Z327VVCTR13/live/System Host/1/3-content.d7a4632d-ec96-4b52-83be-099c0dc8e6cd.content.xml, /custom/assets/bundles/01EZ85CENBDQ5S8Z327VVCTR13/live/System Host/1/b23bcfb9-8683-4fba-b459-9389eb37a88e.contentworkflow.xml, /custom/assets/bundles/01EZ85CENBDQ5S8Z327VVCTR13/live/System Host/1/content.2e6bd9a7-b271-46f4-896a-ca95dde73aa2.host.xml, /custom/assets/bundles/01EZ85CENBDQ5S8Z327VVCTR13/live/System Host/1/content.ff462f88-d9e1-4d31-b084-b73cb61976d3.host.xml, /custom/assets/bundles/01EZ85CENBDQ5S8Z327VVCTR13/live/System Host/1/system host.host.xml, /custom/assets/bundles/01EZ85CENBDQ5S8Z327VVCTR13/live/System Host/1614105702281properties, /custom/assets/bundles/01EZ85CENBDQ5S8Z327VVCTR13/live/System Host/1properties, /custom/assets/bundles/01EZ85CENBDQ5S8Z327VVCTR13/live/System Host/en_US.language.xml, /custom/assets/bundles/01EZ85CENBDQ5S8Z327VVCTR13/live/System Host/ps_CG.language.xml, /custom/assets/bundles/01EZ85CENBDQ5S8Z327VVCTR13/live/default/1614105702281/2-content.105bdf9b-7b2b-43e1-98f3-0211d66694ed.content.xml, /custom/assets/bundles/01EZ85CENBDQ5S8Z327VVCTR13/live/default/1614105702281/e82233e6-539f-41aa-9f77-3307fbfc1aee.contentworkflow.xml, /custom/assets/bundles/01EZ85CENBDQ5S8Z327VVCTR13/live/default/ea74fa55-958f-4a16-bd90-5c576f37d961.rule.xml, /custom/assets/bundles/01EZ85CENBDQ5S8Z327VVCTR13/working/System Host/1/1-content.442dd1a2-7eb0-4a01-976b-830669407521.content.xml, /custom/assets/bundles/01EZ85CENBDQ5S8Z327VVCTR13/working/System Host/1/b23bcfb9-8683-4fba-b459-9389eb37a88e.contentworkflow.xml, /custom/assets/bundles/01EZ85CENBDQ5S8Z327VVCTR13/working/System Host/1/content.ff462f88-d9e1-4d31-b084-b73cb61976d3.host.xml, /custom/assets/bundles/01EZ85CENBDQ5S8Z327VVCTR13/working/System Host/f4d7c1b8-2c88-4071-abf1-a5328977b07d.contentType.json, /custom/assets/bundles/01EZ85CENBDQ5S8Z327VVCTR13/working/test1614103524983.dotcms.com/testName1614103525945/7843f36d-2d7f-4b54-b29c-71ab0b63551c.link.xml]
difference [/custom/assets/bundles/01EZ85CENBDQ5S8Z327VVCTR13/ROOT/bc9a1d37-dd2d-4d49-a29d-0c9be740bfaf.folder.xml, /custom/assets/bundles/01EZ85CENBDQ5S8Z327VVCTR13/bundle.xml, /custom/assets/bundles/01EZ85CENBDQ5S8Z327VVCTR13/live/System Host/1/system host.host.xml]

	at org.jgroups.util.Util.assertEquals(Util.java:185)
	at com.dotcms.publishing.PublisherAPIImplTest.publish(PublisherAPIImplTest.java:407)
	at sun.reflect.NativeMethodAccessorImpl.invoke0(Native Method)
	at sun.reflect.NativeMethodAccessorImpl.invoke(NativeMethodAccessorImpl.java:62)
	at sun.reflect.DelegatingMethodAccessorImpl.invoke(DelegatingMethodAccessorImpl.java:43)
	at java.lang.reflect.Method.invoke(Method.java:498)
	at org.junit.runners.model.FrameworkMethod$1.runReflectiveCall(FrameworkMethod.java:50)
	at org.junit.internal.runners.model.ReflectiveCallable.run(ReflectiveCallable.java:12)
	at org.junit.runners.model.FrameworkMethod.invokeExplosively(FrameworkMethod.java:47)
	at com.tngtech.java.junit.dataprovider.DataProviderFrameworkMethod.invokeExplosively(DataProviderFrameworkMethod.java:119)
	at org.junit.internal.runners.statements.InvokeMethod.evaluate(InvokeMethod.java:17)
	at org.junit.rules.TestWatcher$1.evaluate(TestWatcher.java:55)
	at org.junit.rules.RunRules.evaluate(RunRules.java:20)
	at org.junit.runners.ParentRunner.runLeaf(ParentRunner.java:325)
	at com.dotcms.junit.CustomDataProviderRunner.runChild(CustomDataProviderRunner.java:28)
	at com.dotcms.junit.CustomDataProviderRunner.runChild(CustomDataProviderRunner.java:13)
	at org.junit.runners.ParentRunner$3.run(ParentRunner.java:290)
	at org.junit.runners.ParentRunner$1.schedule(ParentRunner.java:71)
	at org.junit.runners.ParentRunner.runChildren(ParentRunner.java:288)
	at org.junit.runners.ParentRunner.access$000(ParentRunner.java:58)
	at org.junit.runners.ParentRunner$2.evaluate(ParentRunner.java:268)
	at org.junit.internal.runners.statements.RunBefores.evaluate(RunBefores.java:26)
	at org.junit.internal.runners.statements.RunAfters.evaluate(RunAfters.java:27)
	at org.junit.runners.ParentRunner.run(ParentRunner.java:363)
	at org.junit.runners.Suite.runChild(Suite.java:128)
	at org.junit.runners.Suite.runChild(Suite.java:27)
	at org.junit.runners.ParentRunner$3.run(ParentRunner.java:290)
	at org.junit.runners.ParentRunner$1.schedule(ParentRunner.java:71)
	at org.junit.runners.ParentRunner.runChildren(ParentRunner.java:288)
	at org.junit.runners.ParentRunner.access$000(ParentRunner.java:58)
	at org.junit.runners.ParentRunner$2.evaluate(ParentRunner.java:268)
	at org.junit.runners.ParentRunner.run(ParentRunner.java:363)
	at org.gradle.api.internal.tasks.testing.junit.JUnitTestClassExecutor.runTestClass(JUnitTestClassExecutor.java:106)
	at org.gradle.api.internal.tasks.testing.junit.JUnitTestClassExecutor.execute(JUnitTestClassExecutor.java:58)
	at org.gradle.api.internal.tasks.testing.junit.JUnitTestClassExecutor.execute(JUnitTestClassExecutor.java:38)
	at org.gradle.api.internal.tasks.testing.junit.AbstractJUnitTestClassProcessor.processTestClass(AbstractJUnitTestClassProcessor.java:66)
	at org.gradle.api.internal.tasks.testing.SuiteTestClassProcessor.processTestClass(SuiteTestClassProcessor.java:51)
	at sun.reflect.NativeMethodAccessorImpl.invoke0(Native Method)
	at sun.reflect.NativeMethodAccessorImpl.invoke(NativeMethodAccessorImpl.java:62)
	at sun.reflect.DelegatingMethodAccessorImpl.invoke(DelegatingMethodAccessorImpl.java:43)
	at java.lang.reflect.Method.invoke(Method.java:498)
	at org.gradle.internal.dispatch.ReflectionDispatch.dispatch(ReflectionDispatch.java:35)
	at org.gradle.internal.dispatch.ReflectionDispatch.dispatch(ReflectionDispatch.java:24)
	at org.gradle.internal.dispatch.ContextClassLoaderDispatch.dispatch(ContextClassLoaderDispatch.java:32)
	at org.gradle.internal.dispatch.ProxyDispatchAdapter$DispatchingInvocationHandler.invoke(ProxyDispatchAdapter.java:93)
	at com.sun.proxy.$Proxy2.processTestClass(Unknown Source)
	at org.gradle.api.internal.tasks.testing.worker.TestWorker.processTestClass(TestWorker.java:117)
	at sun.reflect.NativeMethodAccessorImpl.invoke0(Native Method)
	at sun.reflect.NativeMethodAccessorImpl.invoke(NativeMethodAccessorImpl.java:62)
	at sun.reflect.DelegatingMethodAccessorImpl.invoke(DelegatingMethodAccessorImpl.java:43)
	at java.lang.reflect.Method.invoke(Method.java:498)
	at org.gradle.internal.dispatch.ReflectionDispatch.dispatch(ReflectionDispatch.java:35)
	at org.gradle.internal.dispatch.ReflectionDispatch.dispatch(ReflectionDispatch.java:24)
	at org.gradle.internal.remote.internal.hub.MessageHubBackedObjectConnection$DispatchWrapper.dispatch(MessageHubBackedObjectConnection.java:155)
	at org.gradle.internal.remote.internal.hub.MessageHubBackedObjectConnection$DispatchWrapper.dispatch(MessageHubBackedObjectConnection.java:137)
	at org.gradle.internal.remote.internal.hub.MessageHub$Handler.run(MessageHub.java:404)
	at org.gradle.internal.concurrent.ExecutorPolicy$CatchAndRecordFailures.onExecute(ExecutorPolicy.java:63)
	at org.gradle.internal.concurrent.ManagedExecutorImpl$1.run(ManagedExecutorImpl.java:46)
	at java.util.concurrent.ThreadPoolExecutor.runWorker(ThreadPoolExecutor.java:1149)
	at java.util.concurrent.ThreadPoolExecutor$Worker.run(ThreadPoolExecutor.java:624)
	at org.gradle.internal.concurrent.ThreadFactoryImpl$ManagedThreadRunnable.run(ThreadFactoryImpl.java:55)
	at java.lang.Thread.run(Thread.java:748)
</pre>
</span>
</div>
<div class="test">
<a name="publish[6: com.dotcms.publishing.PublisherAPIImplTest$TestCase@4a3ce915]"></a>
<h3 class="failures">publish[6: com.dotcms.publishing.PublisherAPIImplTest$TestCase@4a3ce915]</h3>
<span class="code">
<pre>java.lang.AssertionError: Expected 19 but get 21 in /custom/assets/bundles/01EZ85CERV8FRKT4S6N9PB79TK
Expected [/custom/assets/bundles/01EZ85CERV8FRKT4S6N9PB79TK/live/System Host/1614105702281properties, /custom/assets/bundles/01EZ85CERV8FRKT4S6N9PB79TK/live/System Host/1/0-content.442dd1a2-7eb0-4a01-976b-830669407521.content.xml, /custom/assets/bundles/01EZ85CERV8FRKT4S6N9PB79TK/working/System Host/f4d7c1b8-2c88-4071-abf1-a5328977b07d.contentType.json, /custom/assets/bundles/01EZ85CERV8FRKT4S6N9PB79TK/working/System Host/1/1-content.442dd1a2-7eb0-4a01-976b-830669407521.content.xml, /custom/assets/bundles/01EZ85CERV8FRKT4S6N9PB79TK/live/System Host/ps_CG.language.xml, /custom/assets/bundles/01EZ85CERV8FRKT4S6N9PB79TK/live/System Host/1/b23bcfb9-8683-4fba-b459-9389eb37a88e.contentworkflow.xml, /custom/assets/bundles/01EZ85CERV8FRKT4S6N9PB79TK/working/System Host/1/b23bcfb9-8683-4fba-b459-9389eb37a88e.contentworkflow.xml, /custom/assets/bundles/01EZ85CERV8FRKT4S6N9PB79TK/working/System Host/1/content.ff462f88-d9e1-4d31-b084-b73cb61976d3.host.xml, /custom/assets/bundles/01EZ85CERV8FRKT4S6N9PB79TK/live/default/1614105702281/e82233e6-539f-41aa-9f77-3307fbfc1aee.contentworkflow.xml, /custom/assets/bundles/01EZ85CERV8FRKT4S6N9PB79TK/live/default/ea74fa55-958f-4a16-bd90-5c576f37d961.rule.xml, /custom/assets/bundles/01EZ85CERV8FRKT4S6N9PB79TK/live/System Host/1properties, /custom/assets/bundles/01EZ85CERV8FRKT4S6N9PB79TK/live/System Host/1/2ac0e9a1-56ba-4fd2-a019-2f82c068c568.contentworkflow.xml, /custom/assets/bundles/01EZ85CERV8FRKT4S6N9PB79TK/ed66cb1c-bef1-414e-b645-54833bff26a9.workflow.xml, /custom/assets/bundles/01EZ85CERV8FRKT4S6N9PB79TK/d61a59e1-a49c-46f2-a929-db2b4bfa88b2.workflow.xml, /custom/assets/bundles/01EZ85CERV8FRKT4S6N9PB79TK/live/default/1614105702281/2-content.105bdf9b-7b2b-43e1-98f3-0211d66694ed.content.xml, /custom/assets/bundles/01EZ85CERV8FRKT4S6N9PB79TK/live/System Host/1/content.ff462f88-d9e1-4d31-b084-b73cb61976d3.host.xml, /custom/assets/bundles/01EZ85CERV8FRKT4S6N9PB79TK/live/System Host/1/3-content.d7a4632d-ec96-4b52-83be-099c0dc8e6cd.content.xml, /custom/assets/bundles/01EZ85CERV8FRKT4S6N9PB79TK/live/System Host/en_US.language.xml]
Existing [/custom/assets/bundles/01EZ85CERV8FRKT4S6N9PB79TK/ROOT/bc9a1d37-dd2d-4d49-a29d-0c9be740bfaf.folder.xml, /custom/assets/bundles/01EZ85CERV8FRKT4S6N9PB79TK/bundle.xml, /custom/assets/bundles/01EZ85CERV8FRKT4S6N9PB79TK/d61a59e1-a49c-46f2-a929-db2b4bfa88b2.workflow.xml, /custom/assets/bundles/01EZ85CERV8FRKT4S6N9PB79TK/ed66cb1c-bef1-414e-b645-54833bff26a9.workflow.xml, /custom/assets/bundles/01EZ85CERV8FRKT4S6N9PB79TK/live/System Host/1/0-content.442dd1a2-7eb0-4a01-976b-830669407521.content.xml, /custom/assets/bundles/01EZ85CERV8FRKT4S6N9PB79TK/live/System Host/1/2ac0e9a1-56ba-4fd2-a019-2f82c068c568.contentworkflow.xml, /custom/assets/bundles/01EZ85CERV8FRKT4S6N9PB79TK/live/System Host/1/3-content.d7a4632d-ec96-4b52-83be-099c0dc8e6cd.content.xml, /custom/assets/bundles/01EZ85CERV8FRKT4S6N9PB79TK/live/System Host/1/b23bcfb9-8683-4fba-b459-9389eb37a88e.contentworkflow.xml, /custom/assets/bundles/01EZ85CERV8FRKT4S6N9PB79TK/live/System Host/1/content.ff462f88-d9e1-4d31-b084-b73cb61976d3.host.xml, /custom/assets/bundles/01EZ85CERV8FRKT4S6N9PB79TK/live/System Host/1/system host.host.xml, /custom/assets/bundles/01EZ85CERV8FRKT4S6N9PB79TK/live/System Host/1614105702281properties, /custom/assets/bundles/01EZ85CERV8FRKT4S6N9PB79TK/live/System Host/1properties, /custom/assets/bundles/01EZ85CERV8FRKT4S6N9PB79TK/live/System Host/en_US.language.xml, /custom/assets/bundles/01EZ85CERV8FRKT4S6N9PB79TK/live/System Host/ps_CG.language.xml, /custom/assets/bundles/01EZ85CERV8FRKT4S6N9PB79TK/live/default/1614105702281/2-content.105bdf9b-7b2b-43e1-98f3-0211d66694ed.content.xml, /custom/assets/bundles/01EZ85CERV8FRKT4S6N9PB79TK/live/default/1614105702281/e82233e6-539f-41aa-9f77-3307fbfc1aee.contentworkflow.xml, /custom/assets/bundles/01EZ85CERV8FRKT4S6N9PB79TK/live/default/ea74fa55-958f-4a16-bd90-5c576f37d961.rule.xml, /custom/assets/bundles/01EZ85CERV8FRKT4S6N9PB79TK/working/System Host/1/1-content.442dd1a2-7eb0-4a01-976b-830669407521.content.xml, /custom/assets/bundles/01EZ85CERV8FRKT4S6N9PB79TK/working/System Host/1/b23bcfb9-8683-4fba-b459-9389eb37a88e.contentworkflow.xml, /custom/assets/bundles/01EZ85CERV8FRKT4S6N9PB79TK/working/System Host/1/content.ff462f88-d9e1-4d31-b084-b73cb61976d3.host.xml, /custom/assets/bundles/01EZ85CERV8FRKT4S6N9PB79TK/working/System Host/f4d7c1b8-2c88-4071-abf1-a5328977b07d.contentType.json]
difference [/custom/assets/bundles/01EZ85CERV8FRKT4S6N9PB79TK/ROOT/bc9a1d37-dd2d-4d49-a29d-0c9be740bfaf.folder.xml, /custom/assets/bundles/01EZ85CERV8FRKT4S6N9PB79TK/bundle.xml, /custom/assets/bundles/01EZ85CERV8FRKT4S6N9PB79TK/live/System Host/1/system host.host.xml]

	at org.jgroups.util.Util.assertEquals(Util.java:185)
	at com.dotcms.publishing.PublisherAPIImplTest.publish(PublisherAPIImplTest.java:407)
	at sun.reflect.NativeMethodAccessorImpl.invoke0(Native Method)
	at sun.reflect.NativeMethodAccessorImpl.invoke(NativeMethodAccessorImpl.java:62)
	at sun.reflect.DelegatingMethodAccessorImpl.invoke(DelegatingMethodAccessorImpl.java:43)
	at java.lang.reflect.Method.invoke(Method.java:498)
	at org.junit.runners.model.FrameworkMethod$1.runReflectiveCall(FrameworkMethod.java:50)
	at org.junit.internal.runners.model.ReflectiveCallable.run(ReflectiveCallable.java:12)
	at org.junit.runners.model.FrameworkMethod.invokeExplosively(FrameworkMethod.java:47)
	at com.tngtech.java.junit.dataprovider.DataProviderFrameworkMethod.invokeExplosively(DataProviderFrameworkMethod.java:119)
	at org.junit.internal.runners.statements.InvokeMethod.evaluate(InvokeMethod.java:17)
	at org.junit.rules.TestWatcher$1.evaluate(TestWatcher.java:55)
	at org.junit.rules.RunRules.evaluate(RunRules.java:20)
	at org.junit.runners.ParentRunner.runLeaf(ParentRunner.java:325)
	at com.dotcms.junit.CustomDataProviderRunner.runChild(CustomDataProviderRunner.java:28)
	at com.dotcms.junit.CustomDataProviderRunner.runChild(CustomDataProviderRunner.java:13)
	at org.junit.runners.ParentRunner$3.run(ParentRunner.java:290)
	at org.junit.runners.ParentRunner$1.schedule(ParentRunner.java:71)
	at org.junit.runners.ParentRunner.runChildren(ParentRunner.java:288)
	at org.junit.runners.ParentRunner.access$000(ParentRunner.java:58)
	at org.junit.runners.ParentRunner$2.evaluate(ParentRunner.java:268)
	at org.junit.internal.runners.statements.RunBefores.evaluate(RunBefores.java:26)
	at org.junit.internal.runners.statements.RunAfters.evaluate(RunAfters.java:27)
	at org.junit.runners.ParentRunner.run(ParentRunner.java:363)
	at org.junit.runners.Suite.runChild(Suite.java:128)
	at org.junit.runners.Suite.runChild(Suite.java:27)
	at org.junit.runners.ParentRunner$3.run(ParentRunner.java:290)
	at org.junit.runners.ParentRunner$1.schedule(ParentRunner.java:71)
	at org.junit.runners.ParentRunner.runChildren(ParentRunner.java:288)
	at org.junit.runners.ParentRunner.access$000(ParentRunner.java:58)
	at org.junit.runners.ParentRunner$2.evaluate(ParentRunner.java:268)
	at org.junit.runners.ParentRunner.run(ParentRunner.java:363)
	at org.gradle.api.internal.tasks.testing.junit.JUnitTestClassExecutor.runTestClass(JUnitTestClassExecutor.java:106)
	at org.gradle.api.internal.tasks.testing.junit.JUnitTestClassExecutor.execute(JUnitTestClassExecutor.java:58)
	at org.gradle.api.internal.tasks.testing.junit.JUnitTestClassExecutor.execute(JUnitTestClassExecutor.java:38)
	at org.gradle.api.internal.tasks.testing.junit.AbstractJUnitTestClassProcessor.processTestClass(AbstractJUnitTestClassProcessor.java:66)
	at org.gradle.api.internal.tasks.testing.SuiteTestClassProcessor.processTestClass(SuiteTestClassProcessor.java:51)
	at sun.reflect.NativeMethodAccessorImpl.invoke0(Native Method)
	at sun.reflect.NativeMethodAccessorImpl.invoke(NativeMethodAccessorImpl.java:62)
	at sun.reflect.DelegatingMethodAccessorImpl.invoke(DelegatingMethodAccessorImpl.java:43)
	at java.lang.reflect.Method.invoke(Method.java:498)
	at org.gradle.internal.dispatch.ReflectionDispatch.dispatch(ReflectionDispatch.java:35)
	at org.gradle.internal.dispatch.ReflectionDispatch.dispatch(ReflectionDispatch.java:24)
	at org.gradle.internal.dispatch.ContextClassLoaderDispatch.dispatch(ContextClassLoaderDispatch.java:32)
	at org.gradle.internal.dispatch.ProxyDispatchAdapter$DispatchingInvocationHandler.invoke(ProxyDispatchAdapter.java:93)
	at com.sun.proxy.$Proxy2.processTestClass(Unknown Source)
	at org.gradle.api.internal.tasks.testing.worker.TestWorker.processTestClass(TestWorker.java:117)
	at sun.reflect.NativeMethodAccessorImpl.invoke0(Native Method)
	at sun.reflect.NativeMethodAccessorImpl.invoke(NativeMethodAccessorImpl.java:62)
	at sun.reflect.DelegatingMethodAccessorImpl.invoke(DelegatingMethodAccessorImpl.java:43)
	at java.lang.reflect.Method.invoke(Method.java:498)
	at org.gradle.internal.dispatch.ReflectionDispatch.dispatch(ReflectionDispatch.java:35)
	at org.gradle.internal.dispatch.ReflectionDispatch.dispatch(ReflectionDispatch.java:24)
	at org.gradle.internal.remote.internal.hub.MessageHubBackedObjectConnection$DispatchWrapper.dispatch(MessageHubBackedObjectConnection.java:155)
	at org.gradle.internal.remote.internal.hub.MessageHubBackedObjectConnection$DispatchWrapper.dispatch(MessageHubBackedObjectConnection.java:137)
	at org.gradle.internal.remote.internal.hub.MessageHub$Handler.run(MessageHub.java:404)
	at org.gradle.internal.concurrent.ExecutorPolicy$CatchAndRecordFailures.onExecute(ExecutorPolicy.java:63)
	at org.gradle.internal.concurrent.ManagedExecutorImpl$1.run(ManagedExecutorImpl.java:46)
	at java.util.concurrent.ThreadPoolExecutor.runWorker(ThreadPoolExecutor.java:1149)
	at java.util.concurrent.ThreadPoolExecutor$Worker.run(ThreadPoolExecutor.java:624)
	at org.gradle.internal.concurrent.ThreadFactoryImpl$ManagedThreadRunnable.run(ThreadFactoryImpl.java:55)
	at java.lang.Thread.run(Thread.java:748)
</pre>
</span>
</div>
<div class="test">
<a name="publish[7: com.dotcms.publishing.PublisherAPIImplTest$TestCase@79ee6444]"></a>
<h3 class="failures">publish[7: com.dotcms.publishing.PublisherAPIImplTest$TestCase@79ee6444]</h3>
<span class="code">
<pre>java.lang.AssertionError: Expected 20 but get 22 in /custom/assets/bundles/01EZ85CEVXSQNYY3ZEQ7FH7YE3
Expected [/custom/assets/bundles/01EZ85CEVXSQNYY3ZEQ7FH7YE3/live/System Host/1properties, /custom/assets/bundles/01EZ85CEVXSQNYY3ZEQ7FH7YE3/live/System Host/1/3-content.d7a4632d-ec96-4b52-83be-099c0dc8e6cd.content.xml, /custom/assets/bundles/01EZ85CEVXSQNYY3ZEQ7FH7YE3/live/default/ea74fa55-958f-4a16-bd90-5c576f37d961.rule.xml, /custom/assets/bundles/01EZ85CEVXSQNYY3ZEQ7FH7YE3/live/System Host/1/b23bcfb9-8683-4fba-b459-9389eb37a88e.contentworkflow.xml, /custom/assets/bundles/01EZ85CEVXSQNYY3ZEQ7FH7YE3/live/System Host/1614103525977properties, /custom/assets/bundles/01EZ85CEVXSQNYY3ZEQ7FH7YE3/live/System Host/1/2ac0e9a1-56ba-4fd2-a019-2f82c068c568.contentworkflow.xml, /custom/assets/bundles/01EZ85CEVXSQNYY3ZEQ7FH7YE3/live/System Host/1614105702281properties, /custom/assets/bundles/01EZ85CEVXSQNYY3ZEQ7FH7YE3/live/default/1614105702281/2-content.105bdf9b-7b2b-43e1-98f3-0211d66694ed.content.xml, /custom/assets/bundles/01EZ85CEVXSQNYY3ZEQ7FH7YE3/live/System Host/ps_CG.language.xml, /custom/assets/bundles/01EZ85CEVXSQNYY3ZEQ7FH7YE3/live/System Host/1/content.ff462f88-d9e1-4d31-b084-b73cb61976d3.host.xml, /custom/assets/bundles/01EZ85CEVXSQNYY3ZEQ7FH7YE3/live/default/1614105702281/e82233e6-539f-41aa-9f77-3307fbfc1aee.contentworkflow.xml, /custom/assets/bundles/01EZ85CEVXSQNYY3ZEQ7FH7YE3/live/System Host/1/0-content.442dd1a2-7eb0-4a01-976b-830669407521.content.xml, /custom/assets/bundles/01EZ85CEVXSQNYY3ZEQ7FH7YE3/working/System Host/1/b23bcfb9-8683-4fba-b459-9389eb37a88e.contentworkflow.xml, /custom/assets/bundles/01EZ85CEVXSQNYY3ZEQ7FH7YE3/working/System Host/1/1-content.442dd1a2-7eb0-4a01-976b-830669407521.content.xml, /custom/assets/bundles/01EZ85CEVXSQNYY3ZEQ7FH7YE3/working/System Host/1/content.ff462f88-d9e1-4d31-b084-b73cb61976d3.host.xml, /custom/assets/bundles/01EZ85CEVXSQNYY3ZEQ7FH7YE3/working/System Host/f4d7c1b8-2c88-4071-abf1-a5328977b07d.contentType.json, /custom/assets/bundles/01EZ85CEVXSQNYY3ZEQ7FH7YE3/d61a59e1-a49c-46f2-a929-db2b4bfa88b2.workflow.xml, /custom/assets/bundles/01EZ85CEVXSQNYY3ZEQ7FH7YE3/live/System Host/en_US.language.xml, /custom/assets/bundles/01EZ85CEVXSQNYY3ZEQ7FH7YE3/live/System Host/whdjm_TESTCOUNTRYCODE1614103525977.language.xml]
Existing [/custom/assets/bundles/01EZ85CEVXSQNYY3ZEQ7FH7YE3/ROOT/bc9a1d37-dd2d-4d49-a29d-0c9be740bfaf.folder.xml, /custom/assets/bundles/01EZ85CEVXSQNYY3ZEQ7FH7YE3/bundle.xml, /custom/assets/bundles/01EZ85CEVXSQNYY3ZEQ7FH7YE3/d61a59e1-a49c-46f2-a929-db2b4bfa88b2.workflow.xml, /custom/assets/bundles/01EZ85CEVXSQNYY3ZEQ7FH7YE3/live/System Host/1/0-content.442dd1a2-7eb0-4a01-976b-830669407521.content.xml, /custom/assets/bundles/01EZ85CEVXSQNYY3ZEQ7FH7YE3/live/System Host/1/2ac0e9a1-56ba-4fd2-a019-2f82c068c568.contentworkflow.xml, /custom/assets/bundles/01EZ85CEVXSQNYY3ZEQ7FH7YE3/live/System Host/1/3-content.d7a4632d-ec96-4b52-83be-099c0dc8e6cd.content.xml, /custom/assets/bundles/01EZ85CEVXSQNYY3ZEQ7FH7YE3/live/System Host/1/b23bcfb9-8683-4fba-b459-9389eb37a88e.contentworkflow.xml, /custom/assets/bundles/01EZ85CEVXSQNYY3ZEQ7FH7YE3/live/System Host/1/content.ff462f88-d9e1-4d31-b084-b73cb61976d3.host.xml, /custom/assets/bundles/01EZ85CEVXSQNYY3ZEQ7FH7YE3/live/System Host/1/system host.host.xml, /custom/assets/bundles/01EZ85CEVXSQNYY3ZEQ7FH7YE3/live/System Host/1614103525977properties, /custom/assets/bundles/01EZ85CEVXSQNYY3ZEQ7FH7YE3/live/System Host/1614105702281properties, /custom/assets/bundles/01EZ85CEVXSQNYY3ZEQ7FH7YE3/live/System Host/1properties, /custom/assets/bundles/01EZ85CEVXSQNYY3ZEQ7FH7YE3/live/System Host/en_US.language.xml, /custom/assets/bundles/01EZ85CEVXSQNYY3ZEQ7FH7YE3/live/System Host/ps_CG.language.xml, /custom/assets/bundles/01EZ85CEVXSQNYY3ZEQ7FH7YE3/live/System Host/whdjm_TESTCOUNTRYCODE1614103525977.language.xml, /custom/assets/bundles/01EZ85CEVXSQNYY3ZEQ7FH7YE3/live/default/1614105702281/2-content.105bdf9b-7b2b-43e1-98f3-0211d66694ed.content.xml, /custom/assets/bundles/01EZ85CEVXSQNYY3ZEQ7FH7YE3/live/default/1614105702281/e82233e6-539f-41aa-9f77-3307fbfc1aee.contentworkflow.xml, /custom/assets/bundles/01EZ85CEVXSQNYY3ZEQ7FH7YE3/live/default/ea74fa55-958f-4a16-bd90-5c576f37d961.rule.xml, /custom/assets/bundles/01EZ85CEVXSQNYY3ZEQ7FH7YE3/working/System Host/1/1-content.442dd1a2-7eb0-4a01-976b-830669407521.content.xml, /custom/assets/bundles/01EZ85CEVXSQNYY3ZEQ7FH7YE3/working/System Host/1/b23bcfb9-8683-4fba-b459-9389eb37a88e.contentworkflow.xml, /custom/assets/bundles/01EZ85CEVXSQNYY3ZEQ7FH7YE3/working/System Host/1/content.ff462f88-d9e1-4d31-b084-b73cb61976d3.host.xml, /custom/assets/bundles/01EZ85CEVXSQNYY3ZEQ7FH7YE3/working/System Host/f4d7c1b8-2c88-4071-abf1-a5328977b07d.contentType.json]
difference [/custom/assets/bundles/01EZ85CEVXSQNYY3ZEQ7FH7YE3/ROOT/bc9a1d37-dd2d-4d49-a29d-0c9be740bfaf.folder.xml, /custom/assets/bundles/01EZ85CEVXSQNYY3ZEQ7FH7YE3/bundle.xml, /custom/assets/bundles/01EZ85CEVXSQNYY3ZEQ7FH7YE3/live/System Host/1/system host.host.xml]

	at org.jgroups.util.Util.assertEquals(Util.java:185)
	at com.dotcms.publishing.PublisherAPIImplTest.publish(PublisherAPIImplTest.java:407)
	at sun.reflect.NativeMethodAccessorImpl.invoke0(Native Method)
	at sun.reflect.NativeMethodAccessorImpl.invoke(NativeMethodAccessorImpl.java:62)
	at sun.reflect.DelegatingMethodAccessorImpl.invoke(DelegatingMethodAccessorImpl.java:43)
	at java.lang.reflect.Method.invoke(Method.java:498)
	at org.junit.runners.model.FrameworkMethod$1.runReflectiveCall(FrameworkMethod.java:50)
	at org.junit.internal.runners.model.ReflectiveCallable.run(ReflectiveCallable.java:12)
	at org.junit.runners.model.FrameworkMethod.invokeExplosively(FrameworkMethod.java:47)
	at com.tngtech.java.junit.dataprovider.DataProviderFrameworkMethod.invokeExplosively(DataProviderFrameworkMethod.java:119)
	at org.junit.internal.runners.statements.InvokeMethod.evaluate(InvokeMethod.java:17)
	at org.junit.rules.TestWatcher$1.evaluate(TestWatcher.java:55)
	at org.junit.rules.RunRules.evaluate(RunRules.java:20)
	at org.junit.runners.ParentRunner.runLeaf(ParentRunner.java:325)
	at com.dotcms.junit.CustomDataProviderRunner.runChild(CustomDataProviderRunner.java:28)
	at com.dotcms.junit.CustomDataProviderRunner.runChild(CustomDataProviderRunner.java:13)
	at org.junit.runners.ParentRunner$3.run(ParentRunner.java:290)
	at org.junit.runners.ParentRunner$1.schedule(ParentRunner.java:71)
	at org.junit.runners.ParentRunner.runChildren(ParentRunner.java:288)
	at org.junit.runners.ParentRunner.access$000(ParentRunner.java:58)
	at org.junit.runners.ParentRunner$2.evaluate(ParentRunner.java:268)
	at org.junit.internal.runners.statements.RunBefores.evaluate(RunBefores.java:26)
	at org.junit.internal.runners.statements.RunAfters.evaluate(RunAfters.java:27)
	at org.junit.runners.ParentRunner.run(ParentRunner.java:363)
	at org.junit.runners.Suite.runChild(Suite.java:128)
	at org.junit.runners.Suite.runChild(Suite.java:27)
	at org.junit.runners.ParentRunner$3.run(ParentRunner.java:290)
	at org.junit.runners.ParentRunner$1.schedule(ParentRunner.java:71)
	at org.junit.runners.ParentRunner.runChildren(ParentRunner.java:288)
	at org.junit.runners.ParentRunner.access$000(ParentRunner.java:58)
	at org.junit.runners.ParentRunner$2.evaluate(ParentRunner.java:268)
	at org.junit.runners.ParentRunner.run(ParentRunner.java:363)
	at org.gradle.api.internal.tasks.testing.junit.JUnitTestClassExecutor.runTestClass(JUnitTestClassExecutor.java:106)
	at org.gradle.api.internal.tasks.testing.junit.JUnitTestClassExecutor.execute(JUnitTestClassExecutor.java:58)
	at org.gradle.api.internal.tasks.testing.junit.JUnitTestClassExecutor.execute(JUnitTestClassExecutor.java:38)
	at org.gradle.api.internal.tasks.testing.junit.AbstractJUnitTestClassProcessor.processTestClass(AbstractJUnitTestClassProcessor.java:66)
	at org.gradle.api.internal.tasks.testing.SuiteTestClassProcessor.processTestClass(SuiteTestClassProcessor.java:51)
	at sun.reflect.NativeMethodAccessorImpl.invoke0(Native Method)
	at sun.reflect.NativeMethodAccessorImpl.invoke(NativeMethodAccessorImpl.java:62)
	at sun.reflect.DelegatingMethodAccessorImpl.invoke(DelegatingMethodAccessorImpl.java:43)
	at java.lang.reflect.Method.invoke(Method.java:498)
	at org.gradle.internal.dispatch.ReflectionDispatch.dispatch(ReflectionDispatch.java:35)
	at org.gradle.internal.dispatch.ReflectionDispatch.dispatch(ReflectionDispatch.java:24)
	at org.gradle.internal.dispatch.ContextClassLoaderDispatch.dispatch(ContextClassLoaderDispatch.java:32)
	at org.gradle.internal.dispatch.ProxyDispatchAdapter$DispatchingInvocationHandler.invoke(ProxyDispatchAdapter.java:93)
	at com.sun.proxy.$Proxy2.processTestClass(Unknown Source)
	at org.gradle.api.internal.tasks.testing.worker.TestWorker.processTestClass(TestWorker.java:117)
	at sun.reflect.NativeMethodAccessorImpl.invoke0(Native Method)
	at sun.reflect.NativeMethodAccessorImpl.invoke(NativeMethodAccessorImpl.java:62)
	at sun.reflect.DelegatingMethodAccessorImpl.invoke(DelegatingMethodAccessorImpl.java:43)
	at java.lang.reflect.Method.invoke(Method.java:498)
	at org.gradle.internal.dispatch.ReflectionDispatch.dispatch(ReflectionDispatch.java:35)
	at org.gradle.internal.dispatch.ReflectionDispatch.dispatch(ReflectionDispatch.java:24)
	at org.gradle.internal.remote.internal.hub.MessageHubBackedObjectConnection$DispatchWrapper.dispatch(MessageHubBackedObjectConnection.java:155)
	at org.gradle.internal.remote.internal.hub.MessageHubBackedObjectConnection$DispatchWrapper.dispatch(MessageHubBackedObjectConnection.java:137)
	at org.gradle.internal.remote.internal.hub.MessageHub$Handler.run(MessageHub.java:404)
	at org.gradle.internal.concurrent.ExecutorPolicy$CatchAndRecordFailures.onExecute(ExecutorPolicy.java:63)
	at org.gradle.internal.concurrent.ManagedExecutorImpl$1.run(ManagedExecutorImpl.java:46)
	at java.util.concurrent.ThreadPoolExecutor.runWorker(ThreadPoolExecutor.java:1149)
	at java.util.concurrent.ThreadPoolExecutor$Worker.run(ThreadPoolExecutor.java:624)
	at org.gradle.internal.concurrent.ThreadFactoryImpl$ManagedThreadRunnable.run(ThreadFactoryImpl.java:55)
	at java.lang.Thread.run(Thread.java:748)
</pre>
</span>
</div>
<div class="test">
<a name="publish[8: com.dotcms.publishing.PublisherAPIImplTest$TestCase@34f8b47f]"></a>
<h3 class="failures">publish[8: com.dotcms.publishing.PublisherAPIImplTest$TestCase@34f8b47f]</h3>
<span class="code">
<pre>java.lang.AssertionError: Expected 5 but get 6 in /custom/assets/bundles/01EZ85CF1C0NJ5XDZ3FGMKGW76
Expected [/custom/assets/bundles/01EZ85CF1C0NJ5XDZ3FGMKGW76/live/test1614103525978.dotcms.com/ac5eb41f-6f06-417e-8a4e-aaaafb16dfe6.rule.xml, /custom/assets/bundles/01EZ85CF1C0NJ5XDZ3FGMKGW76/live/System Host/1/content.ff462f88-d9e1-4d31-b084-b73cb61976d3.host.xml, /custom/assets/bundles/01EZ85CF1C0NJ5XDZ3FGMKGW76/working/System Host/1/content.ff462f88-d9e1-4d31-b084-b73cb61976d3.host.xml, /custom/assets/bundles/01EZ85CF1C0NJ5XDZ3FGMKGW76/live/default/ea74fa55-958f-4a16-bd90-5c576f37d961.rule.xml]
Existing [/custom/assets/bundles/01EZ85CF1C0NJ5XDZ3FGMKGW76/bundle.xml, /custom/assets/bundles/01EZ85CF1C0NJ5XDZ3FGMKGW76/live/System Host/1/content.ff462f88-d9e1-4d31-b084-b73cb61976d3.host.xml, /custom/assets/bundles/01EZ85CF1C0NJ5XDZ3FGMKGW76/live/System Host/1/system host.host.xml, /custom/assets/bundles/01EZ85CF1C0NJ5XDZ3FGMKGW76/live/default/ea74fa55-958f-4a16-bd90-5c576f37d961.rule.xml, /custom/assets/bundles/01EZ85CF1C0NJ5XDZ3FGMKGW76/live/test1614103525978.dotcms.com/ac5eb41f-6f06-417e-8a4e-aaaafb16dfe6.rule.xml, /custom/assets/bundles/01EZ85CF1C0NJ5XDZ3FGMKGW76/working/System Host/1/content.ff462f88-d9e1-4d31-b084-b73cb61976d3.host.xml]
difference [/custom/assets/bundles/01EZ85CF1C0NJ5XDZ3FGMKGW76/bundle.xml, /custom/assets/bundles/01EZ85CF1C0NJ5XDZ3FGMKGW76/live/System Host/1/system host.host.xml]

	at org.jgroups.util.Util.assertEquals(Util.java:185)
	at com.dotcms.publishing.PublisherAPIImplTest.publish(PublisherAPIImplTest.java:407)
	at sun.reflect.NativeMethodAccessorImpl.invoke0(Native Method)
	at sun.reflect.NativeMethodAccessorImpl.invoke(NativeMethodAccessorImpl.java:62)
	at sun.reflect.DelegatingMethodAccessorImpl.invoke(DelegatingMethodAccessorImpl.java:43)
	at java.lang.reflect.Method.invoke(Method.java:498)
	at org.junit.runners.model.FrameworkMethod$1.runReflectiveCall(FrameworkMethod.java:50)
	at org.junit.internal.runners.model.ReflectiveCallable.run(ReflectiveCallable.java:12)
	at org.junit.runners.model.FrameworkMethod.invokeExplosively(FrameworkMethod.java:47)
	at com.tngtech.java.junit.dataprovider.DataProviderFrameworkMethod.invokeExplosively(DataProviderFrameworkMethod.java:119)
	at org.junit.internal.runners.statements.InvokeMethod.evaluate(InvokeMethod.java:17)
	at org.junit.rules.TestWatcher$1.evaluate(TestWatcher.java:55)
	at org.junit.rules.RunRules.evaluate(RunRules.java:20)
	at org.junit.runners.ParentRunner.runLeaf(ParentRunner.java:325)
	at com.dotcms.junit.CustomDataProviderRunner.runChild(CustomDataProviderRunner.java:28)
	at com.dotcms.junit.CustomDataProviderRunner.runChild(CustomDataProviderRunner.java:13)
	at org.junit.runners.ParentRunner$3.run(ParentRunner.java:290)
	at org.junit.runners.ParentRunner$1.schedule(ParentRunner.java:71)
	at org.junit.runners.ParentRunner.runChildren(ParentRunner.java:288)
	at org.junit.runners.ParentRunner.access$000(ParentRunner.java:58)
	at org.junit.runners.ParentRunner$2.evaluate(ParentRunner.java:268)
	at org.junit.internal.runners.statements.RunBefores.evaluate(RunBefores.java:26)
	at org.junit.internal.runners.statements.RunAfters.evaluate(RunAfters.java:27)
	at org.junit.runners.ParentRunner.run(ParentRunner.java:363)
	at org.junit.runners.Suite.runChild(Suite.java:128)
	at org.junit.runners.Suite.runChild(Suite.java:27)
	at org.junit.runners.ParentRunner$3.run(ParentRunner.java:290)
	at org.junit.runners.ParentRunner$1.schedule(ParentRunner.java:71)
	at org.junit.runners.ParentRunner.runChildren(ParentRunner.java:288)
	at org.junit.runners.ParentRunner.access$000(ParentRunner.java:58)
	at org.junit.runners.ParentRunner$2.evaluate(ParentRunner.java:268)
	at org.junit.runners.ParentRunner.run(ParentRunner.java:363)
	at org.gradle.api.internal.tasks.testing.junit.JUnitTestClassExecutor.runTestClass(JUnitTestClassExecutor.java:106)
	at org.gradle.api.internal.tasks.testing.junit.JUnitTestClassExecutor.execute(JUnitTestClassExecutor.java:58)
	at org.gradle.api.internal.tasks.testing.junit.JUnitTestClassExecutor.execute(JUnitTestClassExecutor.java:38)
	at org.gradle.api.internal.tasks.testing.junit.AbstractJUnitTestClassProcessor.processTestClass(AbstractJUnitTestClassProcessor.java:66)
	at org.gradle.api.internal.tasks.testing.SuiteTestClassProcessor.processTestClass(SuiteTestClassProcessor.java:51)
	at sun.reflect.NativeMethodAccessorImpl.invoke0(Native Method)
	at sun.reflect.NativeMethodAccessorImpl.invoke(NativeMethodAccessorImpl.java:62)
	at sun.reflect.DelegatingMethodAccessorImpl.invoke(DelegatingMethodAccessorImpl.java:43)
	at java.lang.reflect.Method.invoke(Method.java:498)
	at org.gradle.internal.dispatch.ReflectionDispatch.dispatch(ReflectionDispatch.java:35)
	at org.gradle.internal.dispatch.ReflectionDispatch.dispatch(ReflectionDispatch.java:24)
	at org.gradle.internal.dispatch.ContextClassLoaderDispatch.dispatch(ContextClassLoaderDispatch.java:32)
	at org.gradle.internal.dispatch.ProxyDispatchAdapter$DispatchingInvocationHandler.invoke(ProxyDispatchAdapter.java:93)
	at com.sun.proxy.$Proxy2.processTestClass(Unknown Source)
	at org.gradle.api.internal.tasks.testing.worker.TestWorker.processTestClass(TestWorker.java:117)
	at sun.reflect.NativeMethodAccessorImpl.invoke0(Native Method)
	at sun.reflect.NativeMethodAccessorImpl.invoke(NativeMethodAccessorImpl.java:62)
	at sun.reflect.DelegatingMethodAccessorImpl.invoke(DelegatingMethodAccessorImpl.java:43)
	at java.lang.reflect.Method.invoke(Method.java:498)
	at org.gradle.internal.dispatch.ReflectionDispatch.dispatch(ReflectionDispatch.java:35)
	at org.gradle.internal.dispatch.ReflectionDispatch.dispatch(ReflectionDispatch.java:24)
	at org.gradle.internal.remote.internal.hub.MessageHubBackedObjectConnection$DispatchWrapper.dispatch(MessageHubBackedObjectConnection.java:155)
	at org.gradle.internal.remote.internal.hub.MessageHubBackedObjectConnection$DispatchWrapper.dispatch(MessageHubBackedObjectConnection.java:137)
	at org.gradle.internal.remote.internal.hub.MessageHub$Handler.run(MessageHub.java:404)
	at org.gradle.internal.concurrent.ExecutorPolicy$CatchAndRecordFailures.onExecute(ExecutorPolicy.java:63)
	at org.gradle.internal.concurrent.ManagedExecutorImpl$1.run(ManagedExecutorImpl.java:46)
	at java.util.concurrent.ThreadPoolExecutor.runWorker(ThreadPoolExecutor.java:1149)
	at java.util.concurrent.ThreadPoolExecutor$Worker.run(ThreadPoolExecutor.java:624)
	at org.gradle.internal.concurrent.ThreadFactoryImpl$ManagedThreadRunnable.run(ThreadFactoryImpl.java:55)
	at java.lang.Thread.run(Thread.java:748)
</pre>
</span>
</div>
<div class="test">
<a name="publish[9: com.dotcms.publishing.PublisherAPIImplTest$TestCase@230486f5]"></a>
<h3 class="failures">publish[9: com.dotcms.publishing.PublisherAPIImplTest$TestCase@230486f5]</h3>
<span class="code">
<pre>java.lang.AssertionError: Expected 24 but get 26 in /custom/assets/bundles/01EZ85CF37F5MR14DNVYY44CKV
Expected [/custom/assets/bundles/01EZ85CF37F5MR14DNVYY44CKV/live/System Host/en_US.language.xml, /custom/assets/bundles/01EZ85CF37F5MR14DNVYY44CKV/live/default/1614105702281/2-content.105bdf9b-7b2b-43e1-98f3-0211d66694ed.content.xml, /custom/assets/bundles/01EZ85CF37F5MR14DNVYY44CKV/live/System Host/1614105702281properties, /custom/assets/bundles/01EZ85CF37F5MR14DNVYY44CKV/live/System Host/1/content.aeedf6df-a33a-4ce9-9e6b-3e40670a842a.host.xml, /custom/assets/bundles/01EZ85CF37F5MR14DNVYY44CKV/working/System Host/1/content.ff462f88-d9e1-4d31-b084-b73cb61976d3.host.xml, /custom/assets/bundles/01EZ85CF37F5MR14DNVYY44CKV/working/System Host/1/b23bcfb9-8683-4fba-b459-9389eb37a88e.contentworkflow.xml, /custom/assets/bundles/01EZ85CF37F5MR14DNVYY44CKV/live/System Host/1/3-content.d7a4632d-ec96-4b52-83be-099c0dc8e6cd.content.xml, /custom/assets/bundles/01EZ85CF37F5MR14DNVYY44CKV/f48d2d2f-b5de-459c-b25d-4931eea97d1e.workflow.xml, /custom/assets/bundles/01EZ85CF37F5MR14DNVYY44CKV/live/System Host/1/2ac0e9a1-56ba-4fd2-a019-2f82c068c568.contentworkflow.xml, /custom/assets/bundles/01EZ85CF37F5MR14DNVYY44CKV/working/System Host/1/1-content.442dd1a2-7eb0-4a01-976b-830669407521.content.xml, /custom/assets/bundles/01EZ85CF37F5MR14DNVYY44CKV/live/default/ea74fa55-958f-4a16-bd90-5c576f37d961.rule.xml, /custom/assets/bundles/01EZ85CF37F5MR14DNVYY44CKV/working/test1614103519878.dotcms.com/06f56fe0-2998-4be3-86fa-00de01a173a0.contentType.json, /custom/assets/bundles/01EZ85CF37F5MR14DNVYY44CKV/working/System Host/f4d7c1b8-2c88-4071-abf1-a5328977b07d.contentType.json, /custom/assets/bundles/01EZ85CF37F5MR14DNVYY44CKV/working/test1614103519878.dotcms.com/ce1748ec-ec21-43f4-ad9d-b703a454dc9f.relationship.xml, /custom/assets/bundles/01EZ85CF37F5MR14DNVYY44CKV/working/System Host/13544153-3ad7-4c9a-b0f7-8bf8bb537837.category.dpc.xml, /custom/assets/bundles/01EZ85CF37F5MR14DNVYY44CKV/live/default/1614105702281/e82233e6-539f-41aa-9f77-3307fbfc1aee.contentworkflow.xml, /custom/assets/bundles/01EZ85CF37F5MR14DNVYY44CKV/live/System Host/1/b23bcfb9-8683-4fba-b459-9389eb37a88e.contentworkflow.xml, /custom/assets/bundles/01EZ85CF37F5MR14DNVYY44CKV/live/System Host/1properties, /custom/assets/bundles/01EZ85CF37F5MR14DNVYY44CKV/live/System Host/ps_CG.language.xml, /custom/assets/bundles/01EZ85CF37F5MR14DNVYY44CKV/live/System Host/1/0-content.442dd1a2-7eb0-4a01-976b-830669407521.content.xml, /custom/assets/bundles/01EZ85CF37F5MR14DNVYY44CKV/live/System Host/1/content.ff462f88-d9e1-4d31-b084-b73cb61976d3.host.xml, /custom/assets/bundles/01EZ85CF37F5MR14DNVYY44CKV/d61a59e1-a49c-46f2-a929-db2b4bfa88b2.workflow.xml, /custom/assets/bundles/01EZ85CF37F5MR14DNVYY44CKV/working/test1614103519878.dotcms.com/5448c83b-cd69-49c1-a118-a62e30b21bee.contentType.json]
Existing [/custom/assets/bundles/01EZ85CF37F5MR14DNVYY44CKV/ROOT/bc9a1d37-dd2d-4d49-a29d-0c9be740bfaf.folder.xml, /custom/assets/bundles/01EZ85CF37F5MR14DNVYY44CKV/bundle.xml, /custom/assets/bundles/01EZ85CF37F5MR14DNVYY44CKV/d61a59e1-a49c-46f2-a929-db2b4bfa88b2.workflow.xml, /custom/assets/bundles/01EZ85CF37F5MR14DNVYY44CKV/f48d2d2f-b5de-459c-b25d-4931eea97d1e.workflow.xml, /custom/assets/bundles/01EZ85CF37F5MR14DNVYY44CKV/live/System Host/1/0-content.442dd1a2-7eb0-4a01-976b-830669407521.content.xml, /custom/assets/bundles/01EZ85CF37F5MR14DNVYY44CKV/live/System Host/1/2ac0e9a1-56ba-4fd2-a019-2f82c068c568.contentworkflow.xml, /custom/assets/bundles/01EZ85CF37F5MR14DNVYY44CKV/live/System Host/1/3-content.d7a4632d-ec96-4b52-83be-099c0dc8e6cd.content.xml, /custom/assets/bundles/01EZ85CF37F5MR14DNVYY44CKV/live/System Host/1/b23bcfb9-8683-4fba-b459-9389eb37a88e.contentworkflow.xml, /custom/assets/bundles/01EZ85CF37F5MR14DNVYY44CKV/live/System Host/1/content.aeedf6df-a33a-4ce9-9e6b-3e40670a842a.host.xml, /custom/assets/bundles/01EZ85CF37F5MR14DNVYY44CKV/live/System Host/1/content.ff462f88-d9e1-4d31-b084-b73cb61976d3.host.xml, /custom/assets/bundles/01EZ85CF37F5MR14DNVYY44CKV/live/System Host/1/system host.host.xml, /custom/assets/bundles/01EZ85CF37F5MR14DNVYY44CKV/live/System Host/1614105702281properties, /custom/assets/bundles/01EZ85CF37F5MR14DNVYY44CKV/live/System Host/1properties, /custom/assets/bundles/01EZ85CF37F5MR14DNVYY44CKV/live/System Host/en_US.language.xml, /custom/assets/bundles/01EZ85CF37F5MR14DNVYY44CKV/live/System Host/ps_CG.language.xml, /custom/assets/bundles/01EZ85CF37F5MR14DNVYY44CKV/live/default/1614105702281/2-content.105bdf9b-7b2b-43e1-98f3-0211d66694ed.content.xml, /custom/assets/bundles/01EZ85CF37F5MR14DNVYY44CKV/live/default/1614105702281/e82233e6-539f-41aa-9f77-3307fbfc1aee.contentworkflow.xml, /custom/assets/bundles/01EZ85CF37F5MR14DNVYY44CKV/live/default/ea74fa55-958f-4a16-bd90-5c576f37d961.rule.xml, /custom/assets/bundles/01EZ85CF37F5MR14DNVYY44CKV/working/System Host/1/1-content.442dd1a2-7eb0-4a01-976b-830669407521.content.xml, /custom/assets/bundles/01EZ85CF37F5MR14DNVYY44CKV/working/System Host/1/b23bcfb9-8683-4fba-b459-9389eb37a88e.contentworkflow.xml, /custom/assets/bundles/01EZ85CF37F5MR14DNVYY44CKV/working/System Host/1/content.ff462f88-d9e1-4d31-b084-b73cb61976d3.host.xml, /custom/assets/bundles/01EZ85CF37F5MR14DNVYY44CKV/working/System Host/13544153-3ad7-4c9a-b0f7-8bf8bb537837.category.dpc.xml, /custom/assets/bundles/01EZ85CF37F5MR14DNVYY44CKV/working/System Host/f4d7c1b8-2c88-4071-abf1-a5328977b07d.contentType.json, /custom/assets/bundles/01EZ85CF37F5MR14DNVYY44CKV/working/test1614103519878.dotcms.com/06f56fe0-2998-4be3-86fa-00de01a173a0.contentType.json, /custom/assets/bundles/01EZ85CF37F5MR14DNVYY44CKV/working/test1614103519878.dotcms.com/5448c83b-cd69-49c1-a118-a62e30b21bee.contentType.json, /custom/assets/bundles/01EZ85CF37F5MR14DNVYY44CKV/working/test1614103519878.dotcms.com/ce1748ec-ec21-43f4-ad9d-b703a454dc9f.relationship.xml]
difference [/custom/assets/bundles/01EZ85CF37F5MR14DNVYY44CKV/ROOT/bc9a1d37-dd2d-4d49-a29d-0c9be740bfaf.folder.xml, /custom/assets/bundles/01EZ85CF37F5MR14DNVYY44CKV/bundle.xml, /custom/assets/bundles/01EZ85CF37F5MR14DNVYY44CKV/live/System Host/1/system host.host.xml]

	at org.jgroups.util.Util.assertEquals(Util.java:185)
	at com.dotcms.publishing.PublisherAPIImplTest.publish(PublisherAPIImplTest.java:407)
	at sun.reflect.NativeMethodAccessorImpl.invoke0(Native Method)
	at sun.reflect.NativeMethodAccessorImpl.invoke(NativeMethodAccessorImpl.java:62)
	at sun.reflect.DelegatingMethodAccessorImpl.invoke(DelegatingMethodAccessorImpl.java:43)
	at java.lang.reflect.Method.invoke(Method.java:498)
	at org.junit.runners.model.FrameworkMethod$1.runReflectiveCall(FrameworkMethod.java:50)
	at org.junit.internal.runners.model.ReflectiveCallable.run(ReflectiveCallable.java:12)
	at org.junit.runners.model.FrameworkMethod.invokeExplosively(FrameworkMethod.java:47)
	at com.tngtech.java.junit.dataprovider.DataProviderFrameworkMethod.invokeExplosively(DataProviderFrameworkMethod.java:119)
	at org.junit.internal.runners.statements.InvokeMethod.evaluate(InvokeMethod.java:17)
	at org.junit.rules.TestWatcher$1.evaluate(TestWatcher.java:55)
	at org.junit.rules.RunRules.evaluate(RunRules.java:20)
	at org.junit.runners.ParentRunner.runLeaf(ParentRunner.java:325)
	at com.dotcms.junit.CustomDataProviderRunner.runChild(CustomDataProviderRunner.java:28)
	at com.dotcms.junit.CustomDataProviderRunner.runChild(CustomDataProviderRunner.java:13)
	at org.junit.runners.ParentRunner$3.run(ParentRunner.java:290)
	at org.junit.runners.ParentRunner$1.schedule(ParentRunner.java:71)
	at org.junit.runners.ParentRunner.runChildren(ParentRunner.java:288)
	at org.junit.runners.ParentRunner.access$000(ParentRunner.java:58)
	at org.junit.runners.ParentRunner$2.evaluate(ParentRunner.java:268)
	at org.junit.internal.runners.statements.RunBefores.evaluate(RunBefores.java:26)
	at org.junit.internal.runners.statements.RunAfters.evaluate(RunAfters.java:27)
	at org.junit.runners.ParentRunner.run(ParentRunner.java:363)
	at org.junit.runners.Suite.runChild(Suite.java:128)
	at org.junit.runners.Suite.runChild(Suite.java:27)
	at org.junit.runners.ParentRunner$3.run(ParentRunner.java:290)
	at org.junit.runners.ParentRunner$1.schedule(ParentRunner.java:71)
	at org.junit.runners.ParentRunner.runChildren(ParentRunner.java:288)
	at org.junit.runners.ParentRunner.access$000(ParentRunner.java:58)
	at org.junit.runners.ParentRunner$2.evaluate(ParentRunner.java:268)
	at org.junit.runners.ParentRunner.run(ParentRunner.java:363)
	at org.gradle.api.internal.tasks.testing.junit.JUnitTestClassExecutor.runTestClass(JUnitTestClassExecutor.java:106)
	at org.gradle.api.internal.tasks.testing.junit.JUnitTestClassExecutor.execute(JUnitTestClassExecutor.java:58)
	at org.gradle.api.internal.tasks.testing.junit.JUnitTestClassExecutor.execute(JUnitTestClassExecutor.java:38)
	at org.gradle.api.internal.tasks.testing.junit.AbstractJUnitTestClassProcessor.processTestClass(AbstractJUnitTestClassProcessor.java:66)
	at org.gradle.api.internal.tasks.testing.SuiteTestClassProcessor.processTestClass(SuiteTestClassProcessor.java:51)
	at sun.reflect.NativeMethodAccessorImpl.invoke0(Native Method)
	at sun.reflect.NativeMethodAccessorImpl.invoke(NativeMethodAccessorImpl.java:62)
	at sun.reflect.DelegatingMethodAccessorImpl.invoke(DelegatingMethodAccessorImpl.java:43)
	at java.lang.reflect.Method.invoke(Method.java:498)
	at org.gradle.internal.dispatch.ReflectionDispatch.dispatch(ReflectionDispatch.java:35)
	at org.gradle.internal.dispatch.ReflectionDispatch.dispatch(ReflectionDispatch.java:24)
	at org.gradle.internal.dispatch.ContextClassLoaderDispatch.dispatch(ContextClassLoaderDispatch.java:32)
	at org.gradle.internal.dispatch.ProxyDispatchAdapter$DispatchingInvocationHandler.invoke(ProxyDispatchAdapter.java:93)
	at com.sun.proxy.$Proxy2.processTestClass(Unknown Source)
	at org.gradle.api.internal.tasks.testing.worker.TestWorker.processTestClass(TestWorker.java:117)
	at sun.reflect.NativeMethodAccessorImpl.invoke0(Native Method)
	at sun.reflect.NativeMethodAccessorImpl.invoke(NativeMethodAccessorImpl.java:62)
	at sun.reflect.DelegatingMethodAccessorImpl.invoke(DelegatingMethodAccessorImpl.java:43)
	at java.lang.reflect.Method.invoke(Method.java:498)
	at org.gradle.internal.dispatch.ReflectionDispatch.dispatch(ReflectionDispatch.java:35)
	at org.gradle.internal.dispatch.ReflectionDispatch.dispatch(ReflectionDispatch.java:24)
	at org.gradle.internal.remote.internal.hub.MessageHubBackedObjectConnection$DispatchWrapper.dispatch(MessageHubBackedObjectConnection.java:155)
	at org.gradle.internal.remote.internal.hub.MessageHubBackedObjectConnection$DispatchWrapper.dispatch(MessageHubBackedObjectConnection.java:137)
	at org.gradle.internal.remote.internal.hub.MessageHub$Handler.run(MessageHub.java:404)
	at org.gradle.internal.concurrent.ExecutorPolicy$CatchAndRecordFailures.onExecute(ExecutorPolicy.java:63)
	at org.gradle.internal.concurrent.ManagedExecutorImpl$1.run(ManagedExecutorImpl.java:46)
	at java.util.concurrent.ThreadPoolExecutor.runWorker(ThreadPoolExecutor.java:1149)
	at java.util.concurrent.ThreadPoolExecutor$Worker.run(ThreadPoolExecutor.java:624)
	at org.gradle.internal.concurrent.ThreadFactoryImpl$ManagedThreadRunnable.run(ThreadFactoryImpl.java:55)
	at java.lang.Thread.run(Thread.java:748)
</pre>
</span>
</div>
</div>
<div id="tab1" class="tab">
<h2>Tests</h2>
<table>
<thead>
<tr>
<th>Test</th>
<th>Duration</th>
<th>Result</th>
</tr>
</thead>
<tr>
<td class="failures">publish[0: com.dotcms.publishing.PublisherAPIImplTest$TestCase@37e84d95]</td>
<td class="failures">0.195s</td>
<td class="failures">failed</td>
</tr>
<tr>
<td class="failures">publish[10: com.dotcms.publishing.PublisherAPIImplTest$TestCase@edda7c1]</td>
<td class="failures">0.121s</td>
<td class="failures">failed</td>
</tr>
<tr>
<td class="failures">publish[11: com.dotcms.publishing.PublisherAPIImplTest$TestCase@49b2e1a]</td>
<td class="failures">0.134s</td>
<td class="failures">failed</td>
</tr>
<tr>
<td class="failures">publish[12: com.dotcms.publishing.PublisherAPIImplTest$TestCase@75b129ba]</td>
<td class="failures">0.156s</td>
<td class="failures">failed</td>
</tr>
<tr>
<td class="failures">publish[13: com.dotcms.publishing.PublisherAPIImplTest$TestCase@72052ad7]</td>
<td class="failures">0.164s</td>
<td class="failures">failed</td>
</tr>
<tr>
<td class="failures">publish[14: com.dotcms.publishing.PublisherAPIImplTest$TestCase@110568f9]</td>
<td class="failures">0.102s</td>
<td class="failures">failed</td>
</tr>
<tr>
<td class="failures">publish[15: com.dotcms.publishing.PublisherAPIImplTest$TestCase@4cb36f3d]</td>
<td class="failures">0.079s</td>
<td class="failures">failed</td>
</tr>
<tr>
<td class="failures">publish[16: com.dotcms.publishing.PublisherAPIImplTest$TestCase@303373e8]</td>
<td class="failures">0.069s</td>
<td class="failures">failed</td>
</tr>
<tr>
<td class="failures">publish[17: com.dotcms.publishing.PublisherAPIImplTest$TestCase@6b3ba4ab]</td>
<td class="failures">0.036s</td>
<td class="failures">failed</td>
</tr>
<tr>
<td class="failures">publish[1: com.dotcms.publishing.PublisherAPIImplTest$TestCase@6b8c3d8a]</td>
<td class="failures">0.132s</td>
<td class="failures">failed</td>
</tr>
<tr>
<td class="failures">publish[2: com.dotcms.publishing.PublisherAPIImplTest$TestCase@5034bd10]</td>
<td class="failures">0.131s</td>
<td class="failures">failed</td>
</tr>
<tr>
<td class="failures">publish[3: com.dotcms.publishing.PublisherAPIImplTest$TestCase@408e7df3]</td>
<td class="failures">0.239s</td>
<td class="failures">failed</td>
</tr>
<tr>
<td class="failures">publish[4: com.dotcms.publishing.PublisherAPIImplTest$TestCase@357f0492]</td>
<td class="failures">0.189s</td>
<td class="failures">failed</td>
</tr>
<tr>
<td class="failures">publish[5: com.dotcms.publishing.PublisherAPIImplTest$TestCase@3f151fda]</td>
<td class="failures">0.110s</td>
<td class="failures">failed</td>
</tr>
<tr>
<td class="failures">publish[6: com.dotcms.publishing.PublisherAPIImplTest$TestCase@4a3ce915]</td>
<td class="failures">0.098s</td>
<td class="failures">failed</td>
</tr>
<tr>
<td class="failures">publish[7: com.dotcms.publishing.PublisherAPIImplTest$TestCase@79ee6444]</td>
<td class="failures">0.168s</td>
<td class="failures">failed</td>
</tr>
<tr>
<td class="failures">publish[8: com.dotcms.publishing.PublisherAPIImplTest$TestCase@34f8b47f]</td>
<td class="failures">0.063s</td>
<td class="failures">failed</td>
</tr>
<tr>
<td class="failures">publish[9: com.dotcms.publishing.PublisherAPIImplTest$TestCase@230486f5]</td>
<td class="failures">0.098s</td>
<td class="failures">failed</td>
</tr>
</table>
</div>
<div id="tab2" class="tab">
<h2>Standard output</h2>
<span class="code">
<pre>

















</pre>
</span>
</div>
</div>
<div id="footer">
<p>
<div>
<label class="hidden" id="label-for-line-wrapping-toggle" for="line-wrapping-toggle">Wrap lines
<input id="line-wrapping-toggle" type="checkbox" autocomplete="off"/>
</label>
</div>Generated by 
<a href="http://www.gradle.org">Gradle 4.10.2</a> at Feb 23, 2021 7:20:50 PM</p>
</div>
</div>
</body>
</html>
