<?xml version="1.0" encoding="UTF-8"?>
<testsuite name="com.dotmarketing.portlets.workflows.ajax.WfBaseActionTest" tests="3" skipped="0" failures="0" errors="0" timestamp="2023-06-19T14:58:39" hostname="fv-az626-852" time="0.157">
  <properties/>
  <testcase name="TestOnNullCallTheDefaultCommand" classname="com.dotmarketing.portlets.workflows.ajax.WfBaseActionTest" time="0.115"/>
  <testcase name="TestNotAllowedCommands" classname="com.dotmarketing.portlets.workflows.ajax.WfBaseActionTest" time="0.019"/>
  <testcase name="TestAllowedCommands" classname="com.dotmarketing.portlets.workflows.ajax.WfBaseActionTest" time="0.022"/>
  <system-out><![CDATA[ Command ::  forbiddenMethod  on  class Mock for WfTaskAjax, hashCode: 1426006152
 Command ::  forbiddenMethod  on  class Mock for WfActionClassAjax, hashCode: 703436429
 Command ::  forbiddenMethod  on  class Mock for WfActionAjax, hashCode: 1851687509
 Command ::  forbiddenMethod  on  class Mock for WfRoleStoreAjax, hashCode: 935107580
 Command ::  forbiddenMethod  on  class Mock for WfSchemeAjax, hashCode: 779061982
 Command ::  executeActions  on  class Mock for WfTaskAjax, hashCode: 244990080
 Command ::  executeAction  on  class Mock for WfTaskAjax, hashCode: 244990080
 Command ::  action  on  class Mock for WfTaskAjax, hashCode: 244990080
 Command ::  delete  on  class Mock for WfActionClassAjax, hashCode: 685395495
 Command ::  reorder  on  class Mock for WfActionClassAjax, hashCode: 685395495
 Command ::  action  on  class Mock for WfActionClassAjax, hashCode: 685395495
 Command ::  add  on  class Mock for WfActionClassAjax, hashCode: 685395495
 Command ::  save  on  class Mock for WfActionClassAjax, hashCode: 685395495
 Command ::  deleteActionForStep  on  class Mock for WfActionAjax, hashCode: 910517467
 Command ::  add  on  class Mock for WfActionAjax, hashCode: 910517467
 Command ::  action  on  class Mock for WfActionAjax, hashCode: 910517467
 Command ::  reorder  on  class Mock for WfActionAjax, hashCode: 910517467
 Command ::  delete  on  class Mock for WfActionAjax, hashCode: 910517467
 Command ::  save  on  class Mock for WfActionAjax, hashCode: 910517467
 Command ::  rolesToJson  on  class Mock for WfRoleStoreAjax, hashCode: 873239077
 Command ::  assignable  on  class Mock for WfRoleStoreAjax, hashCode: 873239077
 Command ::  action  on  class Mock for WfRoleStoreAjax, hashCode: 873239077
 Command ::  action  on  class Mock for WfSchemeAjax, hashCode: 796577366
 Command ::  save  on  class Mock for WfSchemeAjax, hashCode: 796577366
]]></system-out>
  <system-err><![CDATA[]]></system-err>
</testsuite>
