<?xml version="1.0" encoding="UTF-8"?>
<testsuite name="com.dotcms.enterprise.publishing.remote.bundler.TemplateBundlerTest" tests="4" skipped="0" failures="0" errors="0" timestamp="2023-06-19T16:25:49" hostname="fv-az629-462" time="0.017">
  <properties/>
  <testcase name="addTemplateInBundle[0: com.dotcms.enterprise.publishing.remote.bundler.TemplateBundlerTest$TestCase@2dc3fc3c]" classname="com.dotcms.enterprise.publishing.remote.bundler.TemplateBundlerTest" time="0.005"/>
  <testcase name="addTemplateInBundle[1: com.dotcms.enterprise.publishing.remote.bundler.TemplateBundlerTest$TestCase@1c9d8d87]" classname="com.dotcms.enterprise.publishing.remote.bundler.TemplateBundlerTest" time="0.004"/>
  <testcase name="addTemplateInBundle[2: com.dotcms.enterprise.publishing.remote.bundler.TemplateBundlerTest$TestCase@c95cfb3]" classname="com.dotcms.enterprise.publishing.remote.bundler.TemplateBundlerTest" time="0.003"/>
  <testcase name="addTemplateInBundle[3: com.dotcms.enterprise.publishing.remote.bundler.TemplateBundlerTest$TestCase@17c83222]" classname="com.dotcms.enterprise.publishing.remote.bundler.TemplateBundlerTest" time="0.005"/>
  <system-out><![CDATA[]]></system-out>
  <system-err><![CDATA[]]></system-err>
</testsuite>
