<?xml version="1.0" encoding="UTF-8"?>
<testsuite name="com.dotcms.rest.api.v1.template.TemplateResourceTest" tests="31" skipped="0" failures="0" errors="0" timestamp="2023-03-13T22:59:51" hostname="fv-az442-492" time="54.789">
  <properties/>
  <testcase name="test_deleteTemplate_pageStillReferencingTemplate_failedToDelete" classname="com.dotcms.rest.api.v1.template.TemplateResourceTest" time="3.457"/>
  <testcase name="test_deleteTemplates_OneTemplateIdDoesNotExist_OneTemplateIdExists" classname="com.dotcms.rest.api.v1.template.TemplateResourceTest" time="1.711"/>
  <testcase name="test_archiveTemplate_templateIsWorking_success" classname="com.dotcms.rest.api.v1.template.TemplateResourceTest" time="1.301"/>
  <testcase name="test_publishTemplate_LimitedUserWithoutPublishPermissions_failedToPublish" classname="com.dotcms.rest.api.v1.template.TemplateResourceTest" time="1.79"/>
  <testcase name="test_unarchiveTemplate_templateIsLive_failedToUnArchived" classname="com.dotcms.rest.api.v1.template.TemplateResourceTest" time="1.27"/>
  <testcase name="test_unpublishTemplate_OneTemplateIdDoesNotExist_OneTemplateIdExists" classname="com.dotcms.rest.api.v1.template.TemplateResourceTest" time="1.043"/>
  <testcase name="test_publishTemplate_success" classname="com.dotcms.rest.api.v1.template.TemplateResourceTest" time="0.969"/>
  <testcase name="test_unarchiveTemplate_LimitedUserWithoutEditPermissions_failedToUnarchive" classname="com.dotcms.rest.api.v1.template.TemplateResourceTest" time="2.494"/>
  <testcase name="test_archiveTemplate_LimitedUserWithoutEditPermissions_failedToArchived" classname="com.dotcms.rest.api.v1.template.TemplateResourceTest" time="2.262"/>
  <testcase name="test_unpublishTemplate_templateIsArchived_failedToUnpublish" classname="com.dotcms.rest.api.v1.template.TemplateResourceTest" time="2.032"/>
  <testcase name="test_deleteTemplate_templateIsArchived_success" classname="com.dotcms.rest.api.v1.template.TemplateResourceTest" time="1.999"/>
  <testcase name="test_unpublishTemplate_success" classname="com.dotcms.rest.api.v1.template.TemplateResourceTest" time="1.33"/>
  <testcase name="test_unpublishTemplate_LimitedUserWithoutEditPermissions_failedToPublish" classname="com.dotcms.rest.api.v1.template.TemplateResourceTest" time="1.791"/>
  <testcase name="test_listTemplate_filterByHost_usingCurrentHost" classname="com.dotcms.rest.api.v1.template.TemplateResourceTest" time="2.286"/>
  <testcase name="test_unpublishTemplate_templateIsAlreadyUnpublished_success" classname="com.dotcms.rest.api.v1.template.TemplateResourceTest" time="1.705"/>
  <testcase name="test_unarchiveTemplate_templateIsWorking_failedToUnarchive" classname="com.dotcms.rest.api.v1.template.TemplateResourceTest" time="1.308"/>
  <testcase name="test_copyTemplate_success" classname="com.dotcms.rest.api.v1.template.TemplateResourceTest" time="1.025"/>
  <testcase name="test_copyTemplate_IdDoesNotBelongToAnyTemplate_failedToCopy" classname="com.dotcms.rest.api.v1.template.TemplateResourceTest" time="0.696"/>
  <testcase name="test_listTemplate_filterByHost" classname="com.dotcms.rest.api.v1.template.TemplateResourceTest" time="2.346"/>
  <testcase name="test_archiveTemplate_templateIsAlreadyArchived_success" classname="com.dotcms.rest.api.v1.template.TemplateResourceTest" time="1.681"/>
  <testcase name="test_archiveTemplates_OneTemplateIdDoesNotExist_OneTemplateIdExists" classname="com.dotcms.rest.api.v1.template.TemplateResourceTest" time="1.385"/>
  <testcase name="test_listTemplate_limitedUserNoREADPermissionsOverOneTemplate" classname="com.dotcms.rest.api.v1.template.TemplateResourceTest" time="3.006"/>
  <testcase name="test_deleteTemplate_LimitedUserWithoutEditPermissions_failedToDelete" classname="com.dotcms.rest.api.v1.template.TemplateResourceTest" time="2.443"/>
  <testcase name="test_publishTemplate_OneTemplateIdDoesNotExist_OneTemplateIdExists" classname="com.dotcms.rest.api.v1.template.TemplateResourceTest" time="1.576"/>
  <testcase name="test_unarchiveTemplates_OneTemplateIdDoesNotExist_OneTemplateIdExists" classname="com.dotcms.rest.api.v1.template.TemplateResourceTest" time="1.719"/>
  <testcase name="test_publishTemplate_templateIsAlreadyPublished_success" classname="com.dotcms.rest.api.v1.template.TemplateResourceTest" time="2.03"/>
  <testcase name="test_copyTemplate_LimitedUserWithoutReadPermissions_failedToCopy" classname="com.dotcms.rest.api.v1.template.TemplateResourceTest" time="2.057"/>
  <testcase name="test_archiveTemplate_templateIsLive_failedToArchive" classname="com.dotcms.rest.api.v1.template.TemplateResourceTest" time="1.297"/>
  <testcase name="test_publishTemplate_templateIsArchived_failedToPublish" classname="com.dotcms.rest.api.v1.template.TemplateResourceTest" time="1.749"/>
  <testcase name="test_deleteTemplate_templateIsLive_failedToDelete" classname="com.dotcms.rest.api.v1.template.TemplateResourceTest" time="1.34"/>
  <testcase name="test_unarchiveTemplate_templateIsArchived_success" classname="com.dotcms.rest.api.v1.template.TemplateResourceTest" time="1.69"/>
  <system-out><![CDATA[]]></system-out>
  <system-err><![CDATA[]]></system-err>
</testsuite>
