<?xml version="1.0" encoding="UTF-8"?>
<testsuite name="com.dotmarketing.portlets.workflows.actionlet.FourEyeApproverActionletTest" tests="3" skipped="0" failures="0" errors="0" timestamp="2023-03-15T20:53:11" hostname="fv-az576-206" time="6.715">
  <properties/>
  <testcase name="contentApprovalWithTwoApprovers" classname="com.dotmarketing.portlets.workflows.actionlet.FourEyeApproverActionletTest" time="4.108"/>
  <testcase name="contentApprovalWithOneApprover" classname="com.dotmarketing.portlets.workflows.actionlet.FourEyeApproverActionletTest" time="1.444"/>
  <testcase name="unauthorizedUserTriggeringWorkflowAction" classname="com.dotmarketing.portlets.workflows.actionlet.FourEyeApproverActionletTest" time="1.162"/>
  <system-out><![CDATA[]]></system-out>
  <system-err><![CDATA[]]></system-err>
</testsuite>
