<?xml version="1.0" encoding="UTF-8"?>
<testsuite name="com.dotmarketing.servlets.ajax.AjaxDirectorServletIntegrationTest" tests="2" skipped="0" failures="0" errors="0" timestamp="2023-03-27T23:02:44" hostname="fv-az436-122" time="7.72">
  <properties/>
  <testcase name="testService[0: com.dotmarketing.servlets.ajax.AjaxDirectorServletTestCase@36206bd8]" classname="com.dotmarketing.servlets.ajax.AjaxDirectorServletIntegrationTest" time="3.802"/>
  <testcase name="testService[1: com.dotmarketing.servlets.ajax.AjaxDirectorServletTestCase@51bcb3cb]" classname="com.dotmarketing.servlets.ajax.AjaxDirectorServletIntegrationTest" time="3.918"/>
  <system-out><![CDATA[]]></system-out>
  <system-err><![CDATA[]]></system-err>
</testsuite>
