<?xml version="1.0" encoding="UTF-8"?>
<testsuite name="com.dotcms.publishing.manifest.CSVManifestBuilderTest" tests="34" skipped="0" failures="0" errors="0" timestamp="2023-03-09T04:48:42" hostname="fv-az251-172" time="0.111">
  <properties/>
  <testcase name="exclude[0: com.dotcms.publishing.manifest.CSVManifestBuilderTest$TestCase@235fcce]" classname="com.dotcms.publishing.manifest.CSVManifestBuilderTest" time="0.001"/>
  <testcase name="exclude[1: com.dotcms.publishing.manifest.CSVManifestBuilderTest$TestCase@424896c2]" classname="com.dotcms.publishing.manifest.CSVManifestBuilderTest" time="0.001"/>
  <testcase name="exclude[2: com.dotcms.publishing.manifest.CSVManifestBuilderTest$TestCase@26db2cae]" classname="com.dotcms.publishing.manifest.CSVManifestBuilderTest" time="0.001"/>
  <testcase name="exclude[3: com.dotcms.publishing.manifest.CSVManifestBuilderTest$TestCase@6dc60469]" classname="com.dotcms.publishing.manifest.CSVManifestBuilderTest" time="0.001"/>
  <testcase name="exclude[4: com.dotcms.publishing.manifest.CSVManifestBuilderTest$TestCase@40385693]" classname="com.dotcms.publishing.manifest.CSVManifestBuilderTest" time="0.001"/>
  <testcase name="exclude[5: com.dotcms.publishing.manifest.CSVManifestBuilderTest$TestCase@46c026d0]" classname="com.dotcms.publishing.manifest.CSVManifestBuilderTest" time="0.006"/>
  <testcase name="exclude[6: com.dotcms.publishing.manifest.CSVManifestBuilderTest$TestCase@3981ccfa]" classname="com.dotcms.publishing.manifest.CSVManifestBuilderTest" time="0.001"/>
  <testcase name="exclude[7: com.dotcms.publishing.manifest.CSVManifestBuilderTest$TestCase@643972ef]" classname="com.dotcms.publishing.manifest.CSVManifestBuilderTest" time="0.001"/>
  <testcase name="exclude[8: com.dotcms.publishing.manifest.CSVManifestBuilderTest$TestCase@66372c35]" classname="com.dotcms.publishing.manifest.CSVManifestBuilderTest" time="0.001"/>
  <testcase name="exclude[9: com.dotcms.publishing.manifest.CSVManifestBuilderTest$TestCase@21867085]" classname="com.dotcms.publishing.manifest.CSVManifestBuilderTest" time="0.001"/>
  <testcase name="exclude[10: com.dotcms.publishing.manifest.CSVManifestBuilderTest$TestCase@16d78e53]" classname="com.dotcms.publishing.manifest.CSVManifestBuilderTest" time="0.001"/>
  <testcase name="exclude[11: com.dotcms.publishing.manifest.CSVManifestBuilderTest$TestCase@3956386c]" classname="com.dotcms.publishing.manifest.CSVManifestBuilderTest" time="0.001"/>
  <testcase name="exclude[12: com.dotcms.publishing.manifest.CSVManifestBuilderTest$TestCase@66dffdf7]" classname="com.dotcms.publishing.manifest.CSVManifestBuilderTest" time="0.001"/>
  <testcase name="exclude[13: com.dotcms.publishing.manifest.CSVManifestBuilderTest$TestCase@74cfabf1]" classname="com.dotcms.publishing.manifest.CSVManifestBuilderTest" time="0.005"/>
  <testcase name="exclude[14: com.dotcms.publishing.manifest.CSVManifestBuilderTest$TestCase@5e40162d]" classname="com.dotcms.publishing.manifest.CSVManifestBuilderTest" time="0.0"/>
  <testcase name="emptyManifestFile" classname="com.dotcms.publishing.manifest.CSVManifestBuilderTest" time="0.002"/>
  <testcase name="addHeader" classname="com.dotcms.publishing.manifest.CSVManifestBuilderTest" time="0.037"/>
  <testcase name="callAddHeaderAfterInclude" classname="com.dotcms.publishing.manifest.CSVManifestBuilderTest" time="0.016"/>
  <testcase name="include[0: com.dotcms.publishing.manifest.CSVManifestBuilderTest$TestCase@235fcce]" classname="com.dotcms.publishing.manifest.CSVManifestBuilderTest" time="0.001"/>
  <testcase name="include[1: com.dotcms.publishing.manifest.CSVManifestBuilderTest$TestCase@424896c2]" classname="com.dotcms.publishing.manifest.CSVManifestBuilderTest" time="0.001"/>
  <testcase name="include[2: com.dotcms.publishing.manifest.CSVManifestBuilderTest$TestCase@26db2cae]" classname="com.dotcms.publishing.manifest.CSVManifestBuilderTest" time="0.001"/>
  <testcase name="include[3: com.dotcms.publishing.manifest.CSVManifestBuilderTest$TestCase@6dc60469]" classname="com.dotcms.publishing.manifest.CSVManifestBuilderTest" time="0.001"/>
  <testcase name="include[4: com.dotcms.publishing.manifest.CSVManifestBuilderTest$TestCase@40385693]" classname="com.dotcms.publishing.manifest.CSVManifestBuilderTest" time="0.001"/>
  <testcase name="include[5: com.dotcms.publishing.manifest.CSVManifestBuilderTest$TestCase@46c026d0]" classname="com.dotcms.publishing.manifest.CSVManifestBuilderTest" time="0.001"/>
  <testcase name="include[6: com.dotcms.publishing.manifest.CSVManifestBuilderTest$TestCase@3981ccfa]" classname="com.dotcms.publishing.manifest.CSVManifestBuilderTest" time="0.001"/>
  <testcase name="include[7: com.dotcms.publishing.manifest.CSVManifestBuilderTest$TestCase@643972ef]" classname="com.dotcms.publishing.manifest.CSVManifestBuilderTest" time="0.001"/>
  <testcase name="include[8: com.dotcms.publishing.manifest.CSVManifestBuilderTest$TestCase@66372c35]" classname="com.dotcms.publishing.manifest.CSVManifestBuilderTest" time="0.001"/>
  <testcase name="include[9: com.dotcms.publishing.manifest.CSVManifestBuilderTest$TestCase@21867085]" classname="com.dotcms.publishing.manifest.CSVManifestBuilderTest" time="0.001"/>
  <testcase name="include[10: com.dotcms.publishing.manifest.CSVManifestBuilderTest$TestCase@16d78e53]" classname="com.dotcms.publishing.manifest.CSVManifestBuilderTest" time="0.001"/>
  <testcase name="include[11: com.dotcms.publishing.manifest.CSVManifestBuilderTest$TestCase@3956386c]" classname="com.dotcms.publishing.manifest.CSVManifestBuilderTest" time="0.001"/>
  <testcase name="include[12: com.dotcms.publishing.manifest.CSVManifestBuilderTest$TestCase@66dffdf7]" classname="com.dotcms.publishing.manifest.CSVManifestBuilderTest" time="0.0"/>
  <testcase name="include[13: com.dotcms.publishing.manifest.CSVManifestBuilderTest$TestCase@74cfabf1]" classname="com.dotcms.publishing.manifest.CSVManifestBuilderTest" time="0.0"/>
  <testcase name="include[14: com.dotcms.publishing.manifest.CSVManifestBuilderTest$TestCase@5e40162d]" classname="com.dotcms.publishing.manifest.CSVManifestBuilderTest" time="0.0"/>
  <testcase name="callAddHeaderAfterExclude" classname="com.dotcms.publishing.manifest.CSVManifestBuilderTest" time="0.015"/>
  <system-out><![CDATA[]]></system-out>
  <system-err><![CDATA[]]></system-err>
</testsuite>
