<?xml version="1.0" encoding="UTF-8"?>
<testsuite name="com.dotcms.content.elasticsearch.util.ESMappingUtilHelperTest" tests="12" skipped="0" failures="0" errors="0" timestamp="2023-02-22T22:10:08" hostname="fv-az444-927" time="302.279">
  <properties/>
  <testcase name="Test Name: testValidateNewsLikeMapping. Mapping Name: geomapping" classname="com.dotcms.content.elasticsearch.util.ESMappingUtilHelperTest" time="3.62"/>
  <testcase name="Test Name: testValidateNewsLikeMapping. Mapping Name: geomapping_2" classname="com.dotcms.content.elasticsearch.util.ESMappingUtilHelperTest" time="3.406"/>
  <testcase name="Test Name: testValidateNewsLikeMapping. Mapping Name: keywordmapping" classname="com.dotcms.content.elasticsearch.util.ESMappingUtilHelperTest" time="3.458"/>
  <testcase name="testMappingForDateFields" classname="com.dotcms.content.elasticsearch.util.ESMappingUtilHelperTest" time="83.217"/>
  <testcase name="testAddMappingForFields" classname="com.dotcms.content.elasticsearch.util.ESMappingUtilHelperTest" time="112.68"/>
  <testcase name="testCreateContentIndexWithCustomMappings" classname="com.dotcms.content.elasticsearch.util.ESMappingUtilHelperTest" time="83.228"/>
  <testcase name="Test Name: testValidateFileAssetMapping. Mapping Name: longmapping" classname="com.dotcms.content.elasticsearch.util.ESMappingUtilHelperTest" time="3.544"/>
  <testcase name="Test Name: testValidateFileAssetMapping. Mapping Name: keywordmapping" classname="com.dotcms.content.elasticsearch.util.ESMappingUtilHelperTest" time="4.037"/>
  <testcase name="Test Name: testValidateEventMapping. Mapping Name: template_1" classname="com.dotcms.content.elasticsearch.util.ESMappingUtilHelperTest" time="1.557"/>
  <testcase name="Test Name: testValidateEventMapping. Mapping Name: textmapping" classname="com.dotcms.content.elasticsearch.util.ESMappingUtilHelperTest" time="1.153"/>
  <testcase name="Test Name: testValidateEventMapping. Mapping Name: strings_as_dates" classname="com.dotcms.content.elasticsearch.util.ESMappingUtilHelperTest" time="1.192"/>
  <testcase name="Test Name: testValidateEventMapping. Mapping Name: permissions" classname="com.dotcms.content.elasticsearch.util.ESMappingUtilHelperTest" time="1.183"/>
  <system-out><![CDATA[]]></system-out>
  <system-err><![CDATA[]]></system-err>
</testsuite>
