<!DOCTYPE html>
<html>
<head>
<meta http-equiv="Content-Type" content="text/html; charset=utf-8"/>
<meta http-equiv="x-ua-compatible" content="IE=edge"/>
<title>Test results - Class com.dotcms.publishing.PublisherAPIImplTest</title>
<link href="../css/base-style.css" rel="stylesheet" type="text/css"/>
<link href="../css/style.css" rel="stylesheet" type="text/css"/>
<script src="../js/report.js" type="text/javascript"></script>
</head>
<body>
<div id="content">
<h1>Class com.dotcms.publishing.PublisherAPIImplTest</h1>
<div class="breadcrumbs">
<a href="../index.html">all</a> &gt; 
<a href="../packages/com.dotcms.publishing.html">com.dotcms.publishing</a> &gt; PublisherAPIImplTest</div>
<div id="summary">
<table>
<tr>
<td>
<div class="summaryGroup">
<table>
<tr>
<td>
<div class="infoBox" id="tests">
<div class="counter">18</div>
<p>tests</p>
</div>
</td>
<td>
<div class="infoBox" id="failures">
<div class="counter">12</div>
<p>failures</p>
</div>
</td>
<td>
<div class="infoBox" id="ignored">
<div class="counter">0</div>
<p>ignored</p>
</div>
</td>
<td>
<div class="infoBox" id="duration">
<div class="counter">3.471s</div>
<p>duration</p>
</div>
</td>
</tr>
</table>
</div>
</td>
<td>
<div class="infoBox failures" id="successRate">
<div class="percent">33%</div>
<p>successful</p>
</div>
</td>
</tr>
</table>
</div>
<div id="tabs">
<ul class="tabLinks">
<li>
<a href="#tab0">Failed tests</a>
</li>
<li>
<a href="#tab1">Tests</a>
</li>
<li>
<a href="#tab2">Standard output</a>
</li>
</ul>
<div id="tab0" class="tab">
<h2>Failed tests</h2>
<div class="test">
<a name="publish[0: com.dotcms.publishing.PublisherAPIImplTest$TestCase@18ac29fc]"></a>
<h3 class="failures">publish[0: com.dotcms.publishing.PublisherAPIImplTest$TestCase@18ac29fc]</h3>
<span class="code">
<pre>java.lang.AssertionError: Fail for Category:
Asset -&gt; com.dotmarketing.portlets.categories.model.Category@1b955687[categoryName=CategoryName1615327086273,description=&lt;null&gt;,key=CategoryKey1615327086273,sortOrder=1,active=true,keywords=&lt;null&gt;,categoryVelocityVarName=VelocityVarName1615327086273] 
difference -&gt; inode&gt;18abed52-7aae-40ee-b703-024972d489aa&lt;/inode&gt;&lt;categoryName&gt;CategoryName1615327086273&lt;/categoryName&gt;&lt;key&gt;CategoryKey1615327086273&lt;/key&gt;&lt;sortOrder&gt;1&lt;/sortOrder&gt;&lt;active&gt;true&lt;/active&gt;&lt;categoryVelocityVarName&gt;VelocityVarName1615327086273&lt;/categoryVelocityVarName&gt;&lt;/category&gt;&lt;children/&gt;&lt;operation&gt;PUBLISH&lt;/operation&gt;&lt;/com.dotcms.publisher.pusher.wrapper.CategoryWrapper&gt;
expected -&gt; &lt;com.dotcms.publisher.pusher.wrapper.CategoryWrapper&gt;&lt;topLevel&gt;true&lt;/topLevel&gt;&lt;category&gt;&lt;type&gt;category&lt;/type&gt;&lt;owner&gt;&lt;/owner&gt;&lt;inode&gt;18abed52-7aae-40ee-b703-024972d489aa&lt;/inode&gt;&lt;categoryName&gt;CategoryName1615327086273&lt;/categoryName&gt;&lt;key&gt;CategoryKey1615327086273&lt;/key&gt;&lt;sortOrder&gt;1&lt;/sortOrder&gt;&lt;active&gt;true&lt;/active&gt;&lt;categoryVelocityVarName&gt;VelocityVarName1615327086273&lt;/categoryVelocityVarName&gt;&lt;/category&gt;&lt;children/&gt;&lt;operation&gt;PUBLISH&lt;/operation&gt;&lt;/com.dotcms.publisher.pusher.wrapper.CategoryWrapper&gt;
real -&gt; &lt;com.dotcms.publisher.pusher.wrapper.CategoryWrapper&gt;&lt;topLevel&gt;true&lt;/topLevel&gt;&lt;category&gt;&lt;type&gt;category&lt;/type&gt;&lt;inode&gt;18abed52-7aae-40ee-b703-024972d489aa&lt;/inode&gt;&lt;categoryName&gt;CategoryName1615327086273&lt;/categoryName&gt;&lt;key&gt;CategoryKey1615327086273&lt;/key&gt;&lt;sortOrder&gt;1&lt;/sortOrder&gt;&lt;active&gt;true&lt;/active&gt;&lt;categoryVelocityVarName&gt;VelocityVarName1615327086273&lt;/categoryVelocityVarName&gt;&lt;/category&gt;&lt;children/&gt;&lt;operation&gt;PUBLISH&lt;/operation&gt;&lt;/com.dotcms.publisher.pusher.wrapper.CategoryWrapper&gt;

	at org.jgroups.util.Util.assertEquals(Util.java:185)
	at com.dotcms.test.util.FileTestUtil.assertBundleFile(FileTestUtil.java:254)
	at com.dotcms.test.util.FileTestUtil.assertBundleFile(FileTestUtil.java:151)
	at com.dotcms.publishing.PublisherAPIImplTest.publish(PublisherAPIImplTest.java:383)
	at sun.reflect.NativeMethodAccessorImpl.invoke0(Native Method)
	at sun.reflect.NativeMethodAccessorImpl.invoke(NativeMethodAccessorImpl.java:62)
	at sun.reflect.DelegatingMethodAccessorImpl.invoke(DelegatingMethodAccessorImpl.java:43)
	at java.lang.reflect.Method.invoke(Method.java:498)
	at org.junit.runners.model.FrameworkMethod$1.runReflectiveCall(FrameworkMethod.java:50)
	at org.junit.internal.runners.model.ReflectiveCallable.run(ReflectiveCallable.java:12)
	at org.junit.runners.model.FrameworkMethod.invokeExplosively(FrameworkMethod.java:47)
	at com.tngtech.java.junit.dataprovider.DataProviderFrameworkMethod.invokeExplosively(DataProviderFrameworkMethod.java:119)
	at org.junit.internal.runners.statements.InvokeMethod.evaluate(InvokeMethod.java:17)
	at org.junit.rules.TestWatcher$1.evaluate(TestWatcher.java:55)
	at org.junit.rules.RunRules.evaluate(RunRules.java:20)
	at org.junit.runners.ParentRunner.runLeaf(ParentRunner.java:325)
	at com.dotcms.junit.CustomDataProviderRunner.runChild(CustomDataProviderRunner.java:28)
	at com.dotcms.junit.CustomDataProviderRunner.runChild(CustomDataProviderRunner.java:13)
	at org.junit.runners.ParentRunner$3.run(ParentRunner.java:290)
	at org.junit.runners.ParentRunner$1.schedule(ParentRunner.java:71)
	at org.junit.runners.ParentRunner.runChildren(ParentRunner.java:288)
	at org.junit.runners.ParentRunner.access$000(ParentRunner.java:58)
	at org.junit.runners.ParentRunner$2.evaluate(ParentRunner.java:268)
	at org.junit.internal.runners.statements.RunBefores.evaluate(RunBefores.java:26)
	at org.junit.internal.runners.statements.RunAfters.evaluate(RunAfters.java:27)
	at org.junit.runners.ParentRunner.run(ParentRunner.java:363)
	at org.junit.runners.Suite.runChild(Suite.java:128)
	at org.junit.runners.Suite.runChild(Suite.java:27)
	at org.junit.runners.ParentRunner$3.run(ParentRunner.java:290)
	at org.junit.runners.ParentRunner$1.schedule(ParentRunner.java:71)
	at org.junit.runners.ParentRunner.runChildren(ParentRunner.java:288)
	at org.junit.runners.ParentRunner.access$000(ParentRunner.java:58)
	at org.junit.runners.ParentRunner$2.evaluate(ParentRunner.java:268)
	at org.junit.runners.ParentRunner.run(ParentRunner.java:363)
	at org.gradle.api.internal.tasks.testing.junit.JUnitTestClassExecutor.runTestClass(JUnitTestClassExecutor.java:106)
	at org.gradle.api.internal.tasks.testing.junit.JUnitTestClassExecutor.execute(JUnitTestClassExecutor.java:58)
	at org.gradle.api.internal.tasks.testing.junit.JUnitTestClassExecutor.execute(JUnitTestClassExecutor.java:38)
	at org.gradle.api.internal.tasks.testing.junit.AbstractJUnitTestClassProcessor.processTestClass(AbstractJUnitTestClassProcessor.java:66)
	at org.gradle.api.internal.tasks.testing.SuiteTestClassProcessor.processTestClass(SuiteTestClassProcessor.java:51)
	at sun.reflect.NativeMethodAccessorImpl.invoke0(Native Method)
	at sun.reflect.NativeMethodAccessorImpl.invoke(NativeMethodAccessorImpl.java:62)
	at sun.reflect.DelegatingMethodAccessorImpl.invoke(DelegatingMethodAccessorImpl.java:43)
	at java.lang.reflect.Method.invoke(Method.java:498)
	at org.gradle.internal.dispatch.ReflectionDispatch.dispatch(ReflectionDispatch.java:35)
	at org.gradle.internal.dispatch.ReflectionDispatch.dispatch(ReflectionDispatch.java:24)
	at org.gradle.internal.dispatch.ContextClassLoaderDispatch.dispatch(ContextClassLoaderDispatch.java:32)
	at org.gradle.internal.dispatch.ProxyDispatchAdapter$DispatchingInvocationHandler.invoke(ProxyDispatchAdapter.java:93)
	at com.sun.proxy.$Proxy2.processTestClass(Unknown Source)
	at org.gradle.api.internal.tasks.testing.worker.TestWorker.processTestClass(TestWorker.java:117)
	at sun.reflect.NativeMethodAccessorImpl.invoke0(Native Method)
	at sun.reflect.NativeMethodAccessorImpl.invoke(NativeMethodAccessorImpl.java:62)
	at sun.reflect.DelegatingMethodAccessorImpl.invoke(DelegatingMethodAccessorImpl.java:43)
	at java.lang.reflect.Method.invoke(Method.java:498)
	at org.gradle.internal.dispatch.ReflectionDispatch.dispatch(ReflectionDispatch.java:35)
	at org.gradle.internal.dispatch.ReflectionDispatch.dispatch(ReflectionDispatch.java:24)
	at org.gradle.internal.remote.internal.hub.MessageHubBackedObjectConnection$DispatchWrapper.dispatch(MessageHubBackedObjectConnection.java:155)
	at org.gradle.internal.remote.internal.hub.MessageHubBackedObjectConnection$DispatchWrapper.dispatch(MessageHubBackedObjectConnection.java:137)
	at org.gradle.internal.remote.internal.hub.MessageHub$Handler.run(MessageHub.java:404)
	at org.gradle.internal.concurrent.ExecutorPolicy$CatchAndRecordFailures.onExecute(ExecutorPolicy.java:63)
	at org.gradle.internal.concurrent.ManagedExecutorImpl$1.run(ManagedExecutorImpl.java:46)
	at java.util.concurrent.ThreadPoolExecutor.runWorker(ThreadPoolExecutor.java:1149)
	at java.util.concurrent.ThreadPoolExecutor$Worker.run(ThreadPoolExecutor.java:624)
	at org.gradle.internal.concurrent.ThreadFactoryImpl$ManagedThreadRunnable.run(ThreadFactoryImpl.java:55)
	at java.lang.Thread.run(Thread.java:748)
</pre>
</span>
</div>
<div class="test">
<a name="publish[10: com.dotcms.publishing.PublisherAPIImplTest$TestCase@64e93348]"></a>
<h3 class="failures">publish[10: com.dotcms.publishing.PublisherAPIImplTest$TestCase@64e93348]</h3>
<span class="code">
<pre>java.lang.AssertionError: Fail for Container:
Asset -&gt; com.dotmarketing.portlets.containers.model.Container@4458a5eb[code=&lt;null&gt;,maxContentlets=5,useDiv=true,sortContentletsBy=&lt;null&gt;,preLoop=&lt;div&gt;,postLoop=&lt;/div&gt;,staticify=true,luceneQuery=&lt;null&gt;,notes=testNotes1615327087320,source=DB,title=testTitle1615327087320,friendlyName=testFriendlyName1615327087320,modDate=Tue Mar 09 21:58:07 GMT 2021,modUser=system,sortOrder=0,showOnMenu=false,iDate=Tue Mar 09 21:58:07 GMT 2021,type=containers,owner=system,inode=e4e22f51-5c64-4dc8-86e2-e229df9c1c62,identifier=65aa24d0-8ae9-4cbe-8dbb-422f45e2b9a0] 
difference -&gt; &gt;&lt;com.dotmarketing.beans.ContainerStructure&gt;&lt;id&gt;0e4da54d-2e10-4927-84e7-716b3cac9942&lt;/id&gt;&lt;structureId&gt;47b8bb25-1fe0-44a1-874e-a1ca58bbf6e7&lt;/structureId&gt;&lt;containerInode&gt;e4e22f51-5c64-4dc8-86e2-e229df9c1c62&lt;/containerInode&gt;&lt;containerId&gt;65aa24d0-8ae9-4cbe-8dbb-422f45e2b9a0&lt;/containerId&gt;&lt;code&gt;&lt;/code&gt;&lt;/com.dotmarketing.beans.ContainerStructure&gt;&lt;/csList&gt;&lt;/com.dotcms.publisher.pusher.wrapper.ContainerWrapper&gt;
expected -&gt; &lt;com.dotcms.publisher.pusher.wrapper.ContainerWrapper&gt;&lt;containerId&gt;&lt;id&gt;65aa24d0-8ae9-4cbe-8dbb-422f45e2b9a0&lt;/id&gt;&lt;assetName&gt;65aa24d0-8ae9-4cbe-8dbb-422f45e2b9a0.containers&lt;/assetName&gt;&lt;assetType&gt;containers&lt;/assetType&gt;&lt;parentPath&gt;/&lt;/parentPath&gt;&lt;hostId&gt;163340cb-9cc3-4085-8816-603fb22fbfe8&lt;/hostId&gt;&lt;inode&gt;e4e22f51-5c64-4dc8-86e2-e229df9c1c62&lt;/inode&gt;&lt;identifier&gt;65aa24d0-8ae9-4cbe-8dbb-422f45e2b9a0&lt;/identifier&gt;&lt;source&gt;DB&lt;/source&gt;&lt;title&gt;testTitle1615327087320&lt;/title&gt;&lt;friendlyName&gt;testFriendlyName1615327087320&lt;/friendlyName&gt;&lt;modUser&gt;system&lt;/modUser&gt;&lt;sortOrder&gt;0&lt;/sortOrder&gt;&lt;showOnMenu&gt;false&lt;/showOnMenu&gt;&lt;maxContentlets&gt;5&lt;/maxContentlets&gt;&lt;useDiv&gt;true&lt;/useDiv&gt;&lt;preLoop&gt;&amp;lt;div&amp;gt;&lt;/preLoop&gt;&lt;postLoop&gt;&amp;lt;/div&amp;gt;&lt;/postLoop&gt;&lt;staticify&gt;true&lt;/staticify&gt;&lt;notes&gt;testNotes1615327087320&lt;/notes&gt;&lt;/container&gt;&lt;cvi class=&quot;com.dotmarketing.portlets.containers.model.ContainerVersionInfo&quot;&gt;&lt;identifier&gt;65aa24d0-8ae9-4cbe-8dbb-422f45e2b9a0&lt;/identifier&gt;&lt;workingInode&gt;e4e22f51-5c64-4dc8-86e2-e229df9c1c62&lt;/workingInode&gt;&lt;deleted&gt;false&lt;/deleted&gt;&lt;/cvi&gt;&lt;operation&gt;PUBLISH&lt;/operation&gt;&lt;csList class=&quot;com.google.common.collect.RegularImmutableList&quot; resolves-to=&quot;com.google.common.collect.ImmutableList$SerializedForm&quot;&gt;&lt;elements&gt;&lt;com.dotmarketing.beans.ContainerStructure&gt;&lt;id&gt;0e4da54d-2e10-4927-84e7-716b3cac9942&lt;/id&gt;&lt;structureId&gt;47b8bb25-1fe0-44a1-874e-a1ca58bbf6e7&lt;/structureId&gt;&lt;containerInode&gt;e4e22f51-5c64-4dc8-86e2-e229df9c1c62&lt;/containerInode&gt;&lt;containerId&gt;65aa24d0-8ae9-4cbe-8dbb-422f45e2b9a0&lt;/containerId&gt;&lt;code&gt;&lt;/code&gt;&lt;/com.dotmarketing.beans.ContainerStructure&gt;&lt;/elements&gt;&lt;/csList&gt;&lt;/com.dotcms.publisher.pusher.wrapper.ContainerWrapper&gt;
real -&gt; &lt;com.dotcms.publisher.pusher.wrapper.ContainerWrapper&gt;&lt;containerId&gt;&lt;id&gt;65aa24d0-8ae9-4cbe-8dbb-422f45e2b9a0&lt;/id&gt;&lt;assetName&gt;65aa24d0-8ae9-4cbe-8dbb-422f45e2b9a0.containers&lt;/assetName&gt;&lt;assetType&gt;containers&lt;/assetType&gt;&lt;parentPath&gt;/&lt;/parentPath&gt;&lt;hostId&gt;163340cb-9cc3-4085-8816-603fb22fbfe8&lt;/hostId&gt;&lt;inode&gt;e4e22f51-5c64-4dc8-86e2-e229df9c1c62&lt;/inode&gt;&lt;identifier&gt;65aa24d0-8ae9-4cbe-8dbb-422f45e2b9a0&lt;/identifier&gt;&lt;source&gt;DB&lt;/source&gt;&lt;title&gt;testTitle1615327087320&lt;/title&gt;&lt;friendlyName&gt;testFriendlyName1615327087320&lt;/friendlyName&gt;&lt;modUser&gt;system&lt;/modUser&gt;&lt;sortOrder&gt;0&lt;/sortOrder&gt;&lt;showOnMenu&gt;false&lt;/showOnMenu&gt;&lt;maxContentlets&gt;5&lt;/maxContentlets&gt;&lt;useDiv&gt;true&lt;/useDiv&gt;&lt;preLoop&gt;&amp;lt;div&amp;gt;&lt;/preLoop&gt;&lt;postLoop&gt;&amp;lt;/div&amp;gt;&lt;/postLoop&gt;&lt;staticify&gt;true&lt;/staticify&gt;&lt;notes&gt;testNotes1615327087320&lt;/notes&gt;&lt;/container&gt;&lt;cvi class=&quot;com.dotmarketing.portlets.containers.model.ContainerVersionInfo&quot;&gt;&lt;identifier&gt;65aa24d0-8ae9-4cbe-8dbb-422f45e2b9a0&lt;/identifier&gt;&lt;workingInode&gt;e4e22f51-5c64-4dc8-86e2-e229df9c1c62&lt;/workingInode&gt;&lt;deleted&gt;false&lt;/deleted&gt;&lt;/cvi&gt;&lt;operation&gt;PUBLISH&lt;/operation&gt;&lt;csList&gt;&lt;com.dotmarketing.beans.ContainerStructure&gt;&lt;id&gt;0e4da54d-2e10-4927-84e7-716b3cac9942&lt;/id&gt;&lt;structureId&gt;47b8bb25-1fe0-44a1-874e-a1ca58bbf6e7&lt;/structureId&gt;&lt;containerInode&gt;e4e22f51-5c64-4dc8-86e2-e229df9c1c62&lt;/containerInode&gt;&lt;containerId&gt;65aa24d0-8ae9-4cbe-8dbb-422f45e2b9a0&lt;/containerId&gt;&lt;code&gt;&lt;/code&gt;&lt;/com.dotmarketing.beans.ContainerStructure&gt;&lt;/csList&gt;&lt;/com.dotcms.publisher.pusher.wrapper.ContainerWrapper&gt;

	at org.jgroups.util.Util.assertEquals(Util.java:185)
	at com.dotcms.test.util.FileTestUtil.assertBundleFile(FileTestUtil.java:254)
	at com.dotcms.test.util.FileTestUtil.assertBundleFile(FileTestUtil.java:151)
	at com.dotcms.publishing.PublisherAPIImplTest.publish(PublisherAPIImplTest.java:383)
	at sun.reflect.NativeMethodAccessorImpl.invoke0(Native Method)
	at sun.reflect.NativeMethodAccessorImpl.invoke(NativeMethodAccessorImpl.java:62)
	at sun.reflect.DelegatingMethodAccessorImpl.invoke(DelegatingMethodAccessorImpl.java:43)
	at java.lang.reflect.Method.invoke(Method.java:498)
	at org.junit.runners.model.FrameworkMethod$1.runReflectiveCall(FrameworkMethod.java:50)
	at org.junit.internal.runners.model.ReflectiveCallable.run(ReflectiveCallable.java:12)
	at org.junit.runners.model.FrameworkMethod.invokeExplosively(FrameworkMethod.java:47)
	at com.tngtech.java.junit.dataprovider.DataProviderFrameworkMethod.invokeExplosively(DataProviderFrameworkMethod.java:119)
	at org.junit.internal.runners.statements.InvokeMethod.evaluate(InvokeMethod.java:17)
	at org.junit.rules.TestWatcher$1.evaluate(TestWatcher.java:55)
	at org.junit.rules.RunRules.evaluate(RunRules.java:20)
	at org.junit.runners.ParentRunner.runLeaf(ParentRunner.java:325)
	at com.dotcms.junit.CustomDataProviderRunner.runChild(CustomDataProviderRunner.java:28)
	at com.dotcms.junit.CustomDataProviderRunner.runChild(CustomDataProviderRunner.java:13)
	at org.junit.runners.ParentRunner$3.run(ParentRunner.java:290)
	at org.junit.runners.ParentRunner$1.schedule(ParentRunner.java:71)
	at org.junit.runners.ParentRunner.runChildren(ParentRunner.java:288)
	at org.junit.runners.ParentRunner.access$000(ParentRunner.java:58)
	at org.junit.runners.ParentRunner$2.evaluate(ParentRunner.java:268)
	at org.junit.internal.runners.statements.RunBefores.evaluate(RunBefores.java:26)
	at org.junit.internal.runners.statements.RunAfters.evaluate(RunAfters.java:27)
	at org.junit.runners.ParentRunner.run(ParentRunner.java:363)
	at org.junit.runners.Suite.runChild(Suite.java:128)
	at org.junit.runners.Suite.runChild(Suite.java:27)
	at org.junit.runners.ParentRunner$3.run(ParentRunner.java:290)
	at org.junit.runners.ParentRunner$1.schedule(ParentRunner.java:71)
	at org.junit.runners.ParentRunner.runChildren(ParentRunner.java:288)
	at org.junit.runners.ParentRunner.access$000(ParentRunner.java:58)
	at org.junit.runners.ParentRunner$2.evaluate(ParentRunner.java:268)
	at org.junit.runners.ParentRunner.run(ParentRunner.java:363)
	at org.gradle.api.internal.tasks.testing.junit.JUnitTestClassExecutor.runTestClass(JUnitTestClassExecutor.java:106)
	at org.gradle.api.internal.tasks.testing.junit.JUnitTestClassExecutor.execute(JUnitTestClassExecutor.java:58)
	at org.gradle.api.internal.tasks.testing.junit.JUnitTestClassExecutor.execute(JUnitTestClassExecutor.java:38)
	at org.gradle.api.internal.tasks.testing.junit.AbstractJUnitTestClassProcessor.processTestClass(AbstractJUnitTestClassProcessor.java:66)
	at org.gradle.api.internal.tasks.testing.SuiteTestClassProcessor.processTestClass(SuiteTestClassProcessor.java:51)
	at sun.reflect.NativeMethodAccessorImpl.invoke0(Native Method)
	at sun.reflect.NativeMethodAccessorImpl.invoke(NativeMethodAccessorImpl.java:62)
	at sun.reflect.DelegatingMethodAccessorImpl.invoke(DelegatingMethodAccessorImpl.java:43)
	at java.lang.reflect.Method.invoke(Method.java:498)
	at org.gradle.internal.dispatch.ReflectionDispatch.dispatch(ReflectionDispatch.java:35)
	at org.gradle.internal.dispatch.ReflectionDispatch.dispatch(ReflectionDispatch.java:24)
	at org.gradle.internal.dispatch.ContextClassLoaderDispatch.dispatch(ContextClassLoaderDispatch.java:32)
	at org.gradle.internal.dispatch.ProxyDispatchAdapter$DispatchingInvocationHandler.invoke(ProxyDispatchAdapter.java:93)
	at com.sun.proxy.$Proxy2.processTestClass(Unknown Source)
	at org.gradle.api.internal.tasks.testing.worker.TestWorker.processTestClass(TestWorker.java:117)
	at sun.reflect.NativeMethodAccessorImpl.invoke0(Native Method)
	at sun.reflect.NativeMethodAccessorImpl.invoke(NativeMethodAccessorImpl.java:62)
	at sun.reflect.DelegatingMethodAccessorImpl.invoke(DelegatingMethodAccessorImpl.java:43)
	at java.lang.reflect.Method.invoke(Method.java:498)
	at org.gradle.internal.dispatch.ReflectionDispatch.dispatch(ReflectionDispatch.java:35)
	at org.gradle.internal.dispatch.ReflectionDispatch.dispatch(ReflectionDispatch.java:24)
	at org.gradle.internal.remote.internal.hub.MessageHubBackedObjectConnection$DispatchWrapper.dispatch(MessageHubBackedObjectConnection.java:155)
	at org.gradle.internal.remote.internal.hub.MessageHubBackedObjectConnection$DispatchWrapper.dispatch(MessageHubBackedObjectConnection.java:137)
	at org.gradle.internal.remote.internal.hub.MessageHub$Handler.run(MessageHub.java:404)
	at org.gradle.internal.concurrent.ExecutorPolicy$CatchAndRecordFailures.onExecute(ExecutorPolicy.java:63)
	at org.gradle.internal.concurrent.ManagedExecutorImpl$1.run(ManagedExecutorImpl.java:46)
	at java.util.concurrent.ThreadPoolExecutor.runWorker(ThreadPoolExecutor.java:1149)
	at java.util.concurrent.ThreadPoolExecutor$Worker.run(ThreadPoolExecutor.java:624)
	at org.gradle.internal.concurrent.ThreadFactoryImpl$ManagedThreadRunnable.run(ThreadFactoryImpl.java:55)
	at java.lang.Thread.run(Thread.java:748)
</pre>
</span>
</div>
<div class="test">
<a name="publish[11: com.dotcms.publishing.PublisherAPIImplTest$TestCase@61b25fa6]"></a>
<h3 class="failures">publish[11: com.dotcms.publishing.PublisherAPIImplTest$TestCase@61b25fa6]</h3>
<span class="code">
<pre>java.lang.AssertionError: Fail for Container:
Asset -&gt; com.dotmarketing.portlets.containers.model.Container@11e21f39[code=&lt;null&gt;,maxContentlets=5,useDiv=true,sortContentletsBy=&lt;null&gt;,preLoop=&lt;div&gt;,postLoop=&lt;/div&gt;,staticify=true,luceneQuery=&lt;null&gt;,notes=testNotes1615327088359,source=DB,title=testTitle1615327088359,friendlyName=testFriendlyName1615327088359,modDate=Tue Mar 09 21:58:08 GMT 2021,modUser=system,sortOrder=0,showOnMenu=false,iDate=Tue Mar 09 21:58:08 GMT 2021,type=containers,owner=system,inode=222e2db8-d6e7-4174-af93-9cc2e6776a5d,identifier=b559d0a5-fcab-48db-bc2c-8fccafef9afd] 
difference -&gt; &gt;&lt;com.dotmarketing.beans.ContainerStructure&gt;&lt;id&gt;d225613d-c28f-47a2-80de-b2b766171e29&lt;/id&gt;&lt;structureId&gt;f5476c9e-1ec4-4420-a76f-fa4c2ef52108&lt;/structureId&gt;&lt;containerInode&gt;222e2db8-d6e7-4174-af93-9cc2e6776a5d&lt;/containerInode&gt;&lt;containerId&gt;b559d0a5-fcab-48db-bc2c-8fccafef9afd&lt;/containerId&gt;&lt;code&gt;&lt;/code&gt;&lt;/com.dotmarketing.beans.ContainerStructure&gt;&lt;/csList&gt;&lt;/com.dotcms.publisher.pusher.wrapper.ContainerWrapper&gt;
expected -&gt; &lt;com.dotcms.publisher.pusher.wrapper.ContainerWrapper&gt;&lt;containerId&gt;&lt;id&gt;b559d0a5-fcab-48db-bc2c-8fccafef9afd&lt;/id&gt;&lt;assetName&gt;b559d0a5-fcab-48db-bc2c-8fccafef9afd.containers&lt;/assetName&gt;&lt;assetType&gt;containers&lt;/assetType&gt;&lt;parentPath&gt;/&lt;/parentPath&gt;&lt;hostId&gt;23880431-72e6-48b7-9283-984ec82931fc&lt;/hostId&gt;&lt;inode&gt;222e2db8-d6e7-4174-af93-9cc2e6776a5d&lt;/inode&gt;&lt;identifier&gt;b559d0a5-fcab-48db-bc2c-8fccafef9afd&lt;/identifier&gt;&lt;source&gt;DB&lt;/source&gt;&lt;title&gt;testTitle1615327088359&lt;/title&gt;&lt;friendlyName&gt;testFriendlyName1615327088359&lt;/friendlyName&gt;&lt;modUser&gt;system&lt;/modUser&gt;&lt;sortOrder&gt;0&lt;/sortOrder&gt;&lt;showOnMenu&gt;false&lt;/showOnMenu&gt;&lt;maxContentlets&gt;5&lt;/maxContentlets&gt;&lt;useDiv&gt;true&lt;/useDiv&gt;&lt;preLoop&gt;&amp;lt;div&amp;gt;&lt;/preLoop&gt;&lt;postLoop&gt;&amp;lt;/div&amp;gt;&lt;/postLoop&gt;&lt;staticify&gt;true&lt;/staticify&gt;&lt;notes&gt;testNotes1615327088359&lt;/notes&gt;&lt;/container&gt;&lt;cvi class=&quot;com.dotmarketing.portlets.containers.model.ContainerVersionInfo&quot;&gt;&lt;identifier&gt;b559d0a5-fcab-48db-bc2c-8fccafef9afd&lt;/identifier&gt;&lt;workingInode&gt;222e2db8-d6e7-4174-af93-9cc2e6776a5d&lt;/workingInode&gt;&lt;deleted&gt;false&lt;/deleted&gt;&lt;/cvi&gt;&lt;operation&gt;PUBLISH&lt;/operation&gt;&lt;csList class=&quot;com.google.common.collect.RegularImmutableList&quot; resolves-to=&quot;com.google.common.collect.ImmutableList$SerializedForm&quot;&gt;&lt;elements&gt;&lt;com.dotmarketing.beans.ContainerStructure&gt;&lt;id&gt;d225613d-c28f-47a2-80de-b2b766171e29&lt;/id&gt;&lt;structureId&gt;f5476c9e-1ec4-4420-a76f-fa4c2ef52108&lt;/structureId&gt;&lt;containerInode&gt;222e2db8-d6e7-4174-af93-9cc2e6776a5d&lt;/containerInode&gt;&lt;containerId&gt;b559d0a5-fcab-48db-bc2c-8fccafef9afd&lt;/containerId&gt;&lt;code&gt;&lt;/code&gt;&lt;/com.dotmarketing.beans.ContainerStructure&gt;&lt;/elements&gt;&lt;/csList&gt;&lt;/com.dotcms.publisher.pusher.wrapper.ContainerWrapper&gt;
real -&gt; &lt;com.dotcms.publisher.pusher.wrapper.ContainerWrapper&gt;&lt;containerId&gt;&lt;id&gt;b559d0a5-fcab-48db-bc2c-8fccafef9afd&lt;/id&gt;&lt;assetName&gt;b559d0a5-fcab-48db-bc2c-8fccafef9afd.containers&lt;/assetName&gt;&lt;assetType&gt;containers&lt;/assetType&gt;&lt;parentPath&gt;/&lt;/parentPath&gt;&lt;hostId&gt;23880431-72e6-48b7-9283-984ec82931fc&lt;/hostId&gt;&lt;inode&gt;222e2db8-d6e7-4174-af93-9cc2e6776a5d&lt;/inode&gt;&lt;identifier&gt;b559d0a5-fcab-48db-bc2c-8fccafef9afd&lt;/identifier&gt;&lt;source&gt;DB&lt;/source&gt;&lt;title&gt;testTitle1615327088359&lt;/title&gt;&lt;friendlyName&gt;testFriendlyName1615327088359&lt;/friendlyName&gt;&lt;modUser&gt;system&lt;/modUser&gt;&lt;sortOrder&gt;0&lt;/sortOrder&gt;&lt;showOnMenu&gt;false&lt;/showOnMenu&gt;&lt;maxContentlets&gt;5&lt;/maxContentlets&gt;&lt;useDiv&gt;true&lt;/useDiv&gt;&lt;preLoop&gt;&amp;lt;div&amp;gt;&lt;/preLoop&gt;&lt;postLoop&gt;&amp;lt;/div&amp;gt;&lt;/postLoop&gt;&lt;staticify&gt;true&lt;/staticify&gt;&lt;notes&gt;testNotes1615327088359&lt;/notes&gt;&lt;/container&gt;&lt;cvi class=&quot;com.dotmarketing.portlets.containers.model.ContainerVersionInfo&quot;&gt;&lt;identifier&gt;b559d0a5-fcab-48db-bc2c-8fccafef9afd&lt;/identifier&gt;&lt;workingInode&gt;222e2db8-d6e7-4174-af93-9cc2e6776a5d&lt;/workingInode&gt;&lt;deleted&gt;false&lt;/deleted&gt;&lt;/cvi&gt;&lt;operation&gt;PUBLISH&lt;/operation&gt;&lt;csList&gt;&lt;com.dotmarketing.beans.ContainerStructure&gt;&lt;id&gt;d225613d-c28f-47a2-80de-b2b766171e29&lt;/id&gt;&lt;structureId&gt;f5476c9e-1ec4-4420-a76f-fa4c2ef52108&lt;/structureId&gt;&lt;containerInode&gt;222e2db8-d6e7-4174-af93-9cc2e6776a5d&lt;/containerInode&gt;&lt;containerId&gt;b559d0a5-fcab-48db-bc2c-8fccafef9afd&lt;/containerId&gt;&lt;code&gt;&lt;/code&gt;&lt;/com.dotmarketing.beans.ContainerStructure&gt;&lt;/csList&gt;&lt;/com.dotcms.publisher.pusher.wrapper.ContainerWrapper&gt;

	at org.jgroups.util.Util.assertEquals(Util.java:185)
	at com.dotcms.test.util.FileTestUtil.assertBundleFile(FileTestUtil.java:254)
	at com.dotcms.test.util.FileTestUtil.assertBundleFile(FileTestUtil.java:191)
	at com.dotcms.publishing.PublisherAPIImplTest.publish(PublisherAPIImplTest.java:379)
	at sun.reflect.NativeMethodAccessorImpl.invoke0(Native Method)
	at sun.reflect.NativeMethodAccessorImpl.invoke(NativeMethodAccessorImpl.java:62)
	at sun.reflect.DelegatingMethodAccessorImpl.invoke(DelegatingMethodAccessorImpl.java:43)
	at java.lang.reflect.Method.invoke(Method.java:498)
	at org.junit.runners.model.FrameworkMethod$1.runReflectiveCall(FrameworkMethod.java:50)
	at org.junit.internal.runners.model.ReflectiveCallable.run(ReflectiveCallable.java:12)
	at org.junit.runners.model.FrameworkMethod.invokeExplosively(FrameworkMethod.java:47)
	at com.tngtech.java.junit.dataprovider.DataProviderFrameworkMethod.invokeExplosively(DataProviderFrameworkMethod.java:119)
	at org.junit.internal.runners.statements.InvokeMethod.evaluate(InvokeMethod.java:17)
	at org.junit.rules.TestWatcher$1.evaluate(TestWatcher.java:55)
	at org.junit.rules.RunRules.evaluate(RunRules.java:20)
	at org.junit.runners.ParentRunner.runLeaf(ParentRunner.java:325)
	at com.dotcms.junit.CustomDataProviderRunner.runChild(CustomDataProviderRunner.java:28)
	at com.dotcms.junit.CustomDataProviderRunner.runChild(CustomDataProviderRunner.java:13)
	at org.junit.runners.ParentRunner$3.run(ParentRunner.java:290)
	at org.junit.runners.ParentRunner$1.schedule(ParentRunner.java:71)
	at org.junit.runners.ParentRunner.runChildren(ParentRunner.java:288)
	at org.junit.runners.ParentRunner.access$000(ParentRunner.java:58)
	at org.junit.runners.ParentRunner$2.evaluate(ParentRunner.java:268)
	at org.junit.internal.runners.statements.RunBefores.evaluate(RunBefores.java:26)
	at org.junit.internal.runners.statements.RunAfters.evaluate(RunAfters.java:27)
	at org.junit.runners.ParentRunner.run(ParentRunner.java:363)
	at org.junit.runners.Suite.runChild(Suite.java:128)
	at org.junit.runners.Suite.runChild(Suite.java:27)
	at org.junit.runners.ParentRunner$3.run(ParentRunner.java:290)
	at org.junit.runners.ParentRunner$1.schedule(ParentRunner.java:71)
	at org.junit.runners.ParentRunner.runChildren(ParentRunner.java:288)
	at org.junit.runners.ParentRunner.access$000(ParentRunner.java:58)
	at org.junit.runners.ParentRunner$2.evaluate(ParentRunner.java:268)
	at org.junit.runners.ParentRunner.run(ParentRunner.java:363)
	at org.gradle.api.internal.tasks.testing.junit.JUnitTestClassExecutor.runTestClass(JUnitTestClassExecutor.java:106)
	at org.gradle.api.internal.tasks.testing.junit.JUnitTestClassExecutor.execute(JUnitTestClassExecutor.java:58)
	at org.gradle.api.internal.tasks.testing.junit.JUnitTestClassExecutor.execute(JUnitTestClassExecutor.java:38)
	at org.gradle.api.internal.tasks.testing.junit.AbstractJUnitTestClassProcessor.processTestClass(AbstractJUnitTestClassProcessor.java:66)
	at org.gradle.api.internal.tasks.testing.SuiteTestClassProcessor.processTestClass(SuiteTestClassProcessor.java:51)
	at sun.reflect.NativeMethodAccessorImpl.invoke0(Native Method)
	at sun.reflect.NativeMethodAccessorImpl.invoke(NativeMethodAccessorImpl.java:62)
	at sun.reflect.DelegatingMethodAccessorImpl.invoke(DelegatingMethodAccessorImpl.java:43)
	at java.lang.reflect.Method.invoke(Method.java:498)
	at org.gradle.internal.dispatch.ReflectionDispatch.dispatch(ReflectionDispatch.java:35)
	at org.gradle.internal.dispatch.ReflectionDispatch.dispatch(ReflectionDispatch.java:24)
	at org.gradle.internal.dispatch.ContextClassLoaderDispatch.dispatch(ContextClassLoaderDispatch.java:32)
	at org.gradle.internal.dispatch.ProxyDispatchAdapter$DispatchingInvocationHandler.invoke(ProxyDispatchAdapter.java:93)
	at com.sun.proxy.$Proxy2.processTestClass(Unknown Source)
	at org.gradle.api.internal.tasks.testing.worker.TestWorker.processTestClass(TestWorker.java:117)
	at sun.reflect.NativeMethodAccessorImpl.invoke0(Native Method)
	at sun.reflect.NativeMethodAccessorImpl.invoke(NativeMethodAccessorImpl.java:62)
	at sun.reflect.DelegatingMethodAccessorImpl.invoke(DelegatingMethodAccessorImpl.java:43)
	at java.lang.reflect.Method.invoke(Method.java:498)
	at org.gradle.internal.dispatch.ReflectionDispatch.dispatch(ReflectionDispatch.java:35)
	at org.gradle.internal.dispatch.ReflectionDispatch.dispatch(ReflectionDispatch.java:24)
	at org.gradle.internal.remote.internal.hub.MessageHubBackedObjectConnection$DispatchWrapper.dispatch(MessageHubBackedObjectConnection.java:155)
	at org.gradle.internal.remote.internal.hub.MessageHubBackedObjectConnection$DispatchWrapper.dispatch(MessageHubBackedObjectConnection.java:137)
	at org.gradle.internal.remote.internal.hub.MessageHub$Handler.run(MessageHub.java:404)
	at org.gradle.internal.concurrent.ExecutorPolicy$CatchAndRecordFailures.onExecute(ExecutorPolicy.java:63)
	at org.gradle.internal.concurrent.ManagedExecutorImpl$1.run(ManagedExecutorImpl.java:46)
	at java.util.concurrent.ThreadPoolExecutor.runWorker(ThreadPoolExecutor.java:1149)
	at java.util.concurrent.ThreadPoolExecutor$Worker.run(ThreadPoolExecutor.java:624)
	at org.gradle.internal.concurrent.ThreadFactoryImpl$ManagedThreadRunnable.run(ThreadFactoryImpl.java:55)
	at java.lang.Thread.run(Thread.java:748)
</pre>
</span>
</div>
<div class="test">
<a name="publish[12: com.dotcms.publishing.PublisherAPIImplTest$TestCase@739c9798]"></a>
<h3 class="failures">publish[12: com.dotcms.publishing.PublisherAPIImplTest$TestCase@739c9798]</h3>
<span class="code">
<pre>java.lang.AssertionError: Fail for Folder:
Asset -&gt; com.dotmarketing.portlets.folders.model.Folder@36597981[name=testName1615327089373,sortOrder=0,showOnMenu=false,hostId=fd8f68ae-93ac-4e6f-8077-8e4570effddb,title=testTitle1615327089373,filesMasks=&lt;null&gt;,defaultFileType=33888b6f-7a8e-4069-b1b6-5c1aa9d0a48d,modDate=2021-03-09 21:58:09.0,iDate=2021-03-09 21:58:09.0,type=folder,owner=&lt;null&gt;,inode=fd585974-b340-40b7-89ff-6bb7c399f2a7,identifier=652e27fb-096e-46f3-bbb1-b258f1503d2e] 
difference -&gt; inode&gt;fd585974-b340-40b7-89ff-6bb7c399f2a7&lt;/inode&gt;&lt;identifier&gt;652e27fb-096e-46f3-bbb1-b258f1503d2e&lt;/identifier&gt;&lt;name&gt;testName1615327089373&lt;/name&gt;&lt;sortOrder&gt;0&lt;/sortOrder&gt;&lt;showOnMenu&gt;false&lt;/showOnMenu&gt;&lt;hostId&gt;fd8f68ae-93ac-4e6f-8077-8e4570effddb&lt;/hostId&gt;&lt;title&gt;testTitle1615327089373&lt;/title&gt;&lt;defaultFileType&gt;33888b6f-7a8e-4069-b1b6-5c1aa9d0a48d&lt;/defaultFileType&gt;&lt;/folder&gt;&lt;folderId&gt;&lt;id&gt;652e27fb-096e-46f3-bbb1-b258f1503d2e&lt;/id&gt;&lt;assetName&gt;testName1615327089373&lt;/assetName&gt;&lt;assetType&gt;folder&lt;/assetType&gt;&lt;hostId&gt;fd8f68ae-93ac-4e6f-8077-8e4570effddb&lt;/hostId&gt;&lt;assetSubType&gt;Host&lt;/assetSubType&gt;&lt;/hostId&gt;&lt;operation&gt;PUBLISH&lt;/operation&gt;&lt;/com.dotcms.publisher.pusher.wrapper.FolderWrapper&gt;
expected -&gt; &lt;com.dotcms.publisher.pusher.wrapper.FolderWrapper&gt;&lt;folder&gt;&lt;type&gt;folder&lt;/type&gt;&lt;assetSubType&gt;Host&lt;/assetSubType&gt;&lt;/hostId&gt;&lt;operation&gt;PUBLISH&lt;/operation&gt;&lt;/com.dotcms.publisher.pusher.wrapper.FolderWrapper&gt;
real -&gt; &lt;com.dotcms.publisher.pusher.wrapper.FolderWrapper&gt;&lt;folder&gt;&lt;type&gt;folder&lt;/type&gt;&lt;inode&gt;fd585974-b340-40b7-89ff-6bb7c399f2a7&lt;/inode&gt;&lt;identifier&gt;652e27fb-096e-46f3-bbb1-b258f1503d2e&lt;/identifier&gt;&lt;name&gt;testName1615327089373&lt;/name&gt;&lt;sortOrder&gt;0&lt;/sortOrder&gt;&lt;showOnMenu&gt;false&lt;/showOnMenu&gt;&lt;hostId&gt;fd8f68ae-93ac-4e6f-8077-8e4570effddb&lt;/hostId&gt;&lt;title&gt;testTitle1615327089373&lt;/title&gt;&lt;defaultFileType&gt;33888b6f-7a8e-4069-b1b6-5c1aa9d0a48d&lt;/defaultFileType&gt;&lt;/folder&gt;&lt;folderId&gt;&lt;id&gt;652e27fb-096e-46f3-bbb1-b258f1503d2e&lt;/id&gt;&lt;assetName&gt;testName1615327089373&lt;/assetName&gt;&lt;assetType&gt;folder&lt;/assetType&gt;&lt;hostId&gt;fd8f68ae-93ac-4e6f-8077-8e4570effddb&lt;/hostId&gt;&lt;assetSubType&gt;Host&lt;/assetSubType&gt;&lt;/hostId&gt;&lt;operation&gt;PUBLISH&lt;/operation&gt;&lt;/com.dotcms.publisher.pusher.wrapper.FolderWrapper&gt;

	at org.jgroups.util.Util.assertEquals(Util.java:185)
	at com.dotcms.test.util.FileTestUtil.assertBundleFile(FileTestUtil.java:254)
	at com.dotcms.test.util.FileTestUtil.assertBundleFile(FileTestUtil.java:191)
	at com.dotcms.publishing.PublisherAPIImplTest.publish(PublisherAPIImplTest.java:379)
	at sun.reflect.NativeMethodAccessorImpl.invoke0(Native Method)
	at sun.reflect.NativeMethodAccessorImpl.invoke(NativeMethodAccessorImpl.java:62)
	at sun.reflect.DelegatingMethodAccessorImpl.invoke(DelegatingMethodAccessorImpl.java:43)
	at java.lang.reflect.Method.invoke(Method.java:498)
	at org.junit.runners.model.FrameworkMethod$1.runReflectiveCall(FrameworkMethod.java:50)
	at org.junit.internal.runners.model.ReflectiveCallable.run(ReflectiveCallable.java:12)
	at org.junit.runners.model.FrameworkMethod.invokeExplosively(FrameworkMethod.java:47)
	at com.tngtech.java.junit.dataprovider.DataProviderFrameworkMethod.invokeExplosively(DataProviderFrameworkMethod.java:119)
	at org.junit.internal.runners.statements.InvokeMethod.evaluate(InvokeMethod.java:17)
	at org.junit.rules.TestWatcher$1.evaluate(TestWatcher.java:55)
	at org.junit.rules.RunRules.evaluate(RunRules.java:20)
	at org.junit.runners.ParentRunner.runLeaf(ParentRunner.java:325)
	at com.dotcms.junit.CustomDataProviderRunner.runChild(CustomDataProviderRunner.java:28)
	at com.dotcms.junit.CustomDataProviderRunner.runChild(CustomDataProviderRunner.java:13)
	at org.junit.runners.ParentRunner$3.run(ParentRunner.java:290)
	at org.junit.runners.ParentRunner$1.schedule(ParentRunner.java:71)
	at org.junit.runners.ParentRunner.runChildren(ParentRunner.java:288)
	at org.junit.runners.ParentRunner.access$000(ParentRunner.java:58)
	at org.junit.runners.ParentRunner$2.evaluate(ParentRunner.java:268)
	at org.junit.internal.runners.statements.RunBefores.evaluate(RunBefores.java:26)
	at org.junit.internal.runners.statements.RunAfters.evaluate(RunAfters.java:27)
	at org.junit.runners.ParentRunner.run(ParentRunner.java:363)
	at org.junit.runners.Suite.runChild(Suite.java:128)
	at org.junit.runners.Suite.runChild(Suite.java:27)
	at org.junit.runners.ParentRunner$3.run(ParentRunner.java:290)
	at org.junit.runners.ParentRunner$1.schedule(ParentRunner.java:71)
	at org.junit.runners.ParentRunner.runChildren(ParentRunner.java:288)
	at org.junit.runners.ParentRunner.access$000(ParentRunner.java:58)
	at org.junit.runners.ParentRunner$2.evaluate(ParentRunner.java:268)
	at org.junit.runners.ParentRunner.run(ParentRunner.java:363)
	at org.gradle.api.internal.tasks.testing.junit.JUnitTestClassExecutor.runTestClass(JUnitTestClassExecutor.java:106)
	at org.gradle.api.internal.tasks.testing.junit.JUnitTestClassExecutor.execute(JUnitTestClassExecutor.java:58)
	at org.gradle.api.internal.tasks.testing.junit.JUnitTestClassExecutor.execute(JUnitTestClassExecutor.java:38)
	at org.gradle.api.internal.tasks.testing.junit.AbstractJUnitTestClassProcessor.processTestClass(AbstractJUnitTestClassProcessor.java:66)
	at org.gradle.api.internal.tasks.testing.SuiteTestClassProcessor.processTestClass(SuiteTestClassProcessor.java:51)
	at sun.reflect.NativeMethodAccessorImpl.invoke0(Native Method)
	at sun.reflect.NativeMethodAccessorImpl.invoke(NativeMethodAccessorImpl.java:62)
	at sun.reflect.DelegatingMethodAccessorImpl.invoke(DelegatingMethodAccessorImpl.java:43)
	at java.lang.reflect.Method.invoke(Method.java:498)
	at org.gradle.internal.dispatch.ReflectionDispatch.dispatch(ReflectionDispatch.java:35)
	at org.gradle.internal.dispatch.ReflectionDispatch.dispatch(ReflectionDispatch.java:24)
	at org.gradle.internal.dispatch.ContextClassLoaderDispatch.dispatch(ContextClassLoaderDispatch.java:32)
	at org.gradle.internal.dispatch.ProxyDispatchAdapter$DispatchingInvocationHandler.invoke(ProxyDispatchAdapter.java:93)
	at com.sun.proxy.$Proxy2.processTestClass(Unknown Source)
	at org.gradle.api.internal.tasks.testing.worker.TestWorker.processTestClass(TestWorker.java:117)
	at sun.reflect.NativeMethodAccessorImpl.invoke0(Native Method)
	at sun.reflect.NativeMethodAccessorImpl.invoke(NativeMethodAccessorImpl.java:62)
	at sun.reflect.DelegatingMethodAccessorImpl.invoke(DelegatingMethodAccessorImpl.java:43)
	at java.lang.reflect.Method.invoke(Method.java:498)
	at org.gradle.internal.dispatch.ReflectionDispatch.dispatch(ReflectionDispatch.java:35)
	at org.gradle.internal.dispatch.ReflectionDispatch.dispatch(ReflectionDispatch.java:24)
	at org.gradle.internal.remote.internal.hub.MessageHubBackedObjectConnection$DispatchWrapper.dispatch(MessageHubBackedObjectConnection.java:155)
	at org.gradle.internal.remote.internal.hub.MessageHubBackedObjectConnection$DispatchWrapper.dispatch(MessageHubBackedObjectConnection.java:137)
	at org.gradle.internal.remote.internal.hub.MessageHub$Handler.run(MessageHub.java:404)
	at org.gradle.internal.concurrent.ExecutorPolicy$CatchAndRecordFailures.onExecute(ExecutorPolicy.java:63)
	at org.gradle.internal.concurrent.ManagedExecutorImpl$1.run(ManagedExecutorImpl.java:46)
	at java.util.concurrent.ThreadPoolExecutor.runWorker(ThreadPoolExecutor.java:1149)
	at java.util.concurrent.ThreadPoolExecutor$Worker.run(ThreadPoolExecutor.java:624)
	at org.gradle.internal.concurrent.ThreadFactoryImpl$ManagedThreadRunnable.run(ThreadFactoryImpl.java:55)
	at java.lang.Thread.run(Thread.java:748)
</pre>
</span>
</div>
<div class="test">
<a name="publish[13: com.dotcms.publishing.PublisherAPIImplTest$TestCase@4d6aafe9]"></a>
<h3 class="failures">publish[13: com.dotcms.publishing.PublisherAPIImplTest$TestCase@4d6aafe9]</h3>
<span class="code">
<pre>java.lang.AssertionError: Fail for Folder:
Asset -&gt; com.dotmarketing.portlets.folders.model.Folder@5a40f4f9[name=testName1615327090411,sortOrder=0,showOnMenu=false,hostId=c76653de-c356-4759-a046-3dab2783d081,title=testTitle1615327090411,filesMasks=&lt;null&gt;,defaultFileType=33888b6f-7a8e-4069-b1b6-5c1aa9d0a48d,modDate=2021-03-09 21:58:10.0,iDate=2021-03-09 21:58:10.0,type=folder,owner=&lt;null&gt;,inode=4bc7b8e2-f6a9-4c89-9230-8e8f2ca46ba6,identifier=27d915b6-01e6-43e8-928a-afe349e740b4] 
difference -&gt; inode&gt;4bc7b8e2-f6a9-4c89-9230-8e8f2ca46ba6&lt;/inode&gt;&lt;identifier&gt;27d915b6-01e6-43e8-928a-afe349e740b4&lt;/identifier&gt;&lt;name&gt;testName1615327090411&lt;/name&gt;&lt;sortOrder&gt;0&lt;/sortOrder&gt;&lt;showOnMenu&gt;false&lt;/showOnMenu&gt;&lt;hostId&gt;c76653de-c356-4759-a046-3dab2783d081&lt;/hostId&gt;&lt;title&gt;testTitle1615327090411&lt;/title&gt;&lt;defaultFileType&gt;33888b6f-7a8e-4069-b1b6-5c1aa9d0a48d&lt;/defaultFileType&gt;&lt;/folder&gt;&lt;folderId&gt;&lt;id&gt;27d915b6-01e6-43e8-928a-afe349e740b4&lt;/id&gt;&lt;assetName&gt;testName1615327090411&lt;/assetName&gt;&lt;assetType&gt;folder&lt;/assetType&gt;&lt;hostId&gt;c76653de-c356-4759-a046-3dab2783d081&lt;/hostId&gt;&lt;assetSubType&gt;Host&lt;/assetSubType&gt;&lt;/hostId&gt;&lt;operation&gt;PUBLISH&lt;/operation&gt;&lt;/com.dotcms.publisher.pusher.wrapper.FolderWrapper&gt;
expected -&gt; &lt;com.dotcms.publisher.pusher.wrapper.FolderWrapper&gt;&lt;folder&gt;&lt;type&gt;folder&lt;/type&gt;&lt;assetSubType&gt;Host&lt;/assetSubType&gt;&lt;/hostId&gt;&lt;operation&gt;PUBLISH&lt;/operation&gt;&lt;/com.dotcms.publisher.pusher.wrapper.FolderWrapper&gt;
real -&gt; &lt;com.dotcms.publisher.pusher.wrapper.FolderWrapper&gt;&lt;folder&gt;&lt;type&gt;folder&lt;/type&gt;&lt;inode&gt;4bc7b8e2-f6a9-4c89-9230-8e8f2ca46ba6&lt;/inode&gt;&lt;identifier&gt;27d915b6-01e6-43e8-928a-afe349e740b4&lt;/identifier&gt;&lt;name&gt;testName1615327090411&lt;/name&gt;&lt;sortOrder&gt;0&lt;/sortOrder&gt;&lt;showOnMenu&gt;false&lt;/showOnMenu&gt;&lt;hostId&gt;c76653de-c356-4759-a046-3dab2783d081&lt;/hostId&gt;&lt;title&gt;testTitle1615327090411&lt;/title&gt;&lt;defaultFileType&gt;33888b6f-7a8e-4069-b1b6-5c1aa9d0a48d&lt;/defaultFileType&gt;&lt;/folder&gt;&lt;folderId&gt;&lt;id&gt;27d915b6-01e6-43e8-928a-afe349e740b4&lt;/id&gt;&lt;assetName&gt;testName1615327090411&lt;/assetName&gt;&lt;assetType&gt;folder&lt;/assetType&gt;&lt;hostId&gt;c76653de-c356-4759-a046-3dab2783d081&lt;/hostId&gt;&lt;assetSubType&gt;Host&lt;/assetSubType&gt;&lt;/hostId&gt;&lt;operation&gt;PUBLISH&lt;/operation&gt;&lt;/com.dotcms.publisher.pusher.wrapper.FolderWrapper&gt;

	at org.jgroups.util.Util.assertEquals(Util.java:185)
	at com.dotcms.test.util.FileTestUtil.assertBundleFile(FileTestUtil.java:254)
	at com.dotcms.test.util.FileTestUtil.assertBundleFile(FileTestUtil.java:151)
	at com.dotcms.publishing.PublisherAPIImplTest.publish(PublisherAPIImplTest.java:383)
	at sun.reflect.NativeMethodAccessorImpl.invoke0(Native Method)
	at sun.reflect.NativeMethodAccessorImpl.invoke(NativeMethodAccessorImpl.java:62)
	at sun.reflect.DelegatingMethodAccessorImpl.invoke(DelegatingMethodAccessorImpl.java:43)
	at java.lang.reflect.Method.invoke(Method.java:498)
	at org.junit.runners.model.FrameworkMethod$1.runReflectiveCall(FrameworkMethod.java:50)
	at org.junit.internal.runners.model.ReflectiveCallable.run(ReflectiveCallable.java:12)
	at org.junit.runners.model.FrameworkMethod.invokeExplosively(FrameworkMethod.java:47)
	at com.tngtech.java.junit.dataprovider.DataProviderFrameworkMethod.invokeExplosively(DataProviderFrameworkMethod.java:119)
	at org.junit.internal.runners.statements.InvokeMethod.evaluate(InvokeMethod.java:17)
	at org.junit.rules.TestWatcher$1.evaluate(TestWatcher.java:55)
	at org.junit.rules.RunRules.evaluate(RunRules.java:20)
	at org.junit.runners.ParentRunner.runLeaf(ParentRunner.java:325)
	at com.dotcms.junit.CustomDataProviderRunner.runChild(CustomDataProviderRunner.java:28)
	at com.dotcms.junit.CustomDataProviderRunner.runChild(CustomDataProviderRunner.java:13)
	at org.junit.runners.ParentRunner$3.run(ParentRunner.java:290)
	at org.junit.runners.ParentRunner$1.schedule(ParentRunner.java:71)
	at org.junit.runners.ParentRunner.runChildren(ParentRunner.java:288)
	at org.junit.runners.ParentRunner.access$000(ParentRunner.java:58)
	at org.junit.runners.ParentRunner$2.evaluate(ParentRunner.java:268)
	at org.junit.internal.runners.statements.RunBefores.evaluate(RunBefores.java:26)
	at org.junit.internal.runners.statements.RunAfters.evaluate(RunAfters.java:27)
	at org.junit.runners.ParentRunner.run(ParentRunner.java:363)
	at org.junit.runners.Suite.runChild(Suite.java:128)
	at org.junit.runners.Suite.runChild(Suite.java:27)
	at org.junit.runners.ParentRunner$3.run(ParentRunner.java:290)
	at org.junit.runners.ParentRunner$1.schedule(ParentRunner.java:71)
	at org.junit.runners.ParentRunner.runChildren(ParentRunner.java:288)
	at org.junit.runners.ParentRunner.access$000(ParentRunner.java:58)
	at org.junit.runners.ParentRunner$2.evaluate(ParentRunner.java:268)
	at org.junit.runners.ParentRunner.run(ParentRunner.java:363)
	at org.gradle.api.internal.tasks.testing.junit.JUnitTestClassExecutor.runTestClass(JUnitTestClassExecutor.java:106)
	at org.gradle.api.internal.tasks.testing.junit.JUnitTestClassExecutor.execute(JUnitTestClassExecutor.java:58)
	at org.gradle.api.internal.tasks.testing.junit.JUnitTestClassExecutor.execute(JUnitTestClassExecutor.java:38)
	at org.gradle.api.internal.tasks.testing.junit.AbstractJUnitTestClassProcessor.processTestClass(AbstractJUnitTestClassProcessor.java:66)
	at org.gradle.api.internal.tasks.testing.SuiteTestClassProcessor.processTestClass(SuiteTestClassProcessor.java:51)
	at sun.reflect.NativeMethodAccessorImpl.invoke0(Native Method)
	at sun.reflect.NativeMethodAccessorImpl.invoke(NativeMethodAccessorImpl.java:62)
	at sun.reflect.DelegatingMethodAccessorImpl.invoke(DelegatingMethodAccessorImpl.java:43)
	at java.lang.reflect.Method.invoke(Method.java:498)
	at org.gradle.internal.dispatch.ReflectionDispatch.dispatch(ReflectionDispatch.java:35)
	at org.gradle.internal.dispatch.ReflectionDispatch.dispatch(ReflectionDispatch.java:24)
	at org.gradle.internal.dispatch.ContextClassLoaderDispatch.dispatch(ContextClassLoaderDispatch.java:32)
	at org.gradle.internal.dispatch.ProxyDispatchAdapter$DispatchingInvocationHandler.invoke(ProxyDispatchAdapter.java:93)
	at com.sun.proxy.$Proxy2.processTestClass(Unknown Source)
	at org.gradle.api.internal.tasks.testing.worker.TestWorker.processTestClass(TestWorker.java:117)
	at sun.reflect.NativeMethodAccessorImpl.invoke0(Native Method)
	at sun.reflect.NativeMethodAccessorImpl.invoke(NativeMethodAccessorImpl.java:62)
	at sun.reflect.DelegatingMethodAccessorImpl.invoke(DelegatingMethodAccessorImpl.java:43)
	at java.lang.reflect.Method.invoke(Method.java:498)
	at org.gradle.internal.dispatch.ReflectionDispatch.dispatch(ReflectionDispatch.java:35)
	at org.gradle.internal.dispatch.ReflectionDispatch.dispatch(ReflectionDispatch.java:24)
	at org.gradle.internal.remote.internal.hub.MessageHubBackedObjectConnection$DispatchWrapper.dispatch(MessageHubBackedObjectConnection.java:155)
	at org.gradle.internal.remote.internal.hub.MessageHubBackedObjectConnection$DispatchWrapper.dispatch(MessageHubBackedObjectConnection.java:137)
	at org.gradle.internal.remote.internal.hub.MessageHub$Handler.run(MessageHub.java:404)
	at org.gradle.internal.concurrent.ExecutorPolicy$CatchAndRecordFailures.onExecute(ExecutorPolicy.java:63)
	at org.gradle.internal.concurrent.ManagedExecutorImpl$1.run(ManagedExecutorImpl.java:46)
	at java.util.concurrent.ThreadPoolExecutor.runWorker(ThreadPoolExecutor.java:1149)
	at java.util.concurrent.ThreadPoolExecutor$Worker.run(ThreadPoolExecutor.java:624)
	at org.gradle.internal.concurrent.ThreadFactoryImpl$ManagedThreadRunnable.run(ThreadFactoryImpl.java:55)
	at java.lang.Thread.run(Thread.java:748)
</pre>
</span>
</div>
<div class="test">
<a name="publish[14: com.dotcms.publishing.PublisherAPIImplTest$TestCase@6034a67f]"></a>
<h3 class="failures">publish[14: com.dotcms.publishing.PublisherAPIImplTest$TestCase@6034a67f]</h3>
<span class="code">
<pre>java.lang.AssertionError: Fail for Link:
Asset -&gt; com.dotmarketing.portlets.links.model.Link@1a1dd8d 
difference -&gt; linkType&gt;EXTERNAL&lt;/linkType&gt;&lt;hostId&gt;73a86294-1382-4327-b03e-8262e3033e03&lt;/hostId&gt;&lt;/com.dotmarketing.portlets.links.model.Link&gt;&lt;/links&gt;&lt;vi class=&quot;com.dotmarketing.portlets.links.model.LinkVersionInfo&quot;&gt;&lt;identifier&gt;5e44ce18-c7be-4e62-a791-2fe21ede6fa5&lt;/identifier&gt;&lt;workingInode&gt;93d94806-90c5-484a-ac3f-2fecf7445dc2&lt;/workingInode&gt;&lt;deleted&gt;false&lt;/deleted&gt;&lt;/vi&gt;&lt;operation&gt;PUBLISH&lt;/operation&gt;&lt;/com.dotcms.publisher.pusher.wrapper.LinkWrapper&gt;
expected -&gt; &lt;com.dotcms.publisher.pusher.wrapper.LinkWrapper&gt;&lt;linkId&gt;&lt;id&gt;5e44ce18-c7be-4e62-a791-2fe21ede6fa5&lt;/id&gt;&lt;assetName&gt;93d94806-90c5-484a-ac3f-2fecf7445dc2&lt;/assetName&gt;&lt;assetType&gt;links&lt;/assetType&gt;&lt;parentPath&gt;/testName1615327091392/&lt;/parentPath&gt;&lt;hostId&gt;73a86294-1382-4327-b03e-8262e3033e03&lt;/hostId&gt;&lt;inode&gt;93d94806-90c5-484a-ac3f-2fecf7445dc2&lt;/inode&gt;&lt;identifier&gt;5e44ce18-c7be-4e62-a791-2fe21ede6fa5&lt;/identifier&gt;&lt;source&gt;DB&lt;/source&gt;&lt;title&gt;LinkTitle1615327091399&lt;/title&gt;&lt;friendlyName&gt;LinkTitle1615327091399&lt;/friendlyName&gt;&lt;modUser&gt;system&lt;/modUser&gt;&lt;sortOrder&gt;0&lt;/sortOrder&gt;&lt;showOnMenu&gt;false&lt;/showOnMenu&gt;&lt;parent&gt;/testName1615327091392/&lt;/parent&gt;&lt;protocal&gt;https://&lt;/protocal&gt;&lt;url&gt;www.google.com&lt;/url&gt;&lt;target&gt;_blank&lt;/target&gt;&lt;internalLinkIdentifier&gt;&lt;/internalLinkIdentifier&gt;&lt;linkType&gt;EXTERNAL&lt;/linkType&gt;&lt;linkCode&gt;&lt;/linkCode&gt;&lt;hostId&gt;73a86294-1382-4327-b03e-8262e3033e03&lt;/hostId&gt;&lt;/com.dotmarketing.portlets.links.model.Link&gt;&lt;/links&gt;&lt;vi class=&quot;com.dotmarketing.portlets.links.model.LinkVersionInfo&quot;&gt;&lt;identifier&gt;5e44ce18-c7be-4e62-a791-2fe21ede6fa5&lt;/identifier&gt;&lt;workingInode&gt;93d94806-90c5-484a-ac3f-2fecf7445dc2&lt;/workingInode&gt;&lt;deleted&gt;false&lt;/deleted&gt;&lt;/vi&gt;&lt;operation&gt;PUBLISH&lt;/operation&gt;&lt;/com.dotcms.publisher.pusher.wrapper.LinkWrapper&gt;
real -&gt; &lt;com.dotcms.publisher.pusher.wrapper.LinkWrapper&gt;&lt;linkId&gt;&lt;id&gt;5e44ce18-c7be-4e62-a791-2fe21ede6fa5&lt;/id&gt;&lt;assetName&gt;93d94806-90c5-484a-ac3f-2fecf7445dc2&lt;/assetName&gt;&lt;assetType&gt;links&lt;/assetType&gt;&lt;parentPath&gt;/testName1615327091392/&lt;/parentPath&gt;&lt;hostId&gt;73a86294-1382-4327-b03e-8262e3033e03&lt;/hostId&gt;&lt;inode&gt;93d94806-90c5-484a-ac3f-2fecf7445dc2&lt;/inode&gt;&lt;identifier&gt;5e44ce18-c7be-4e62-a791-2fe21ede6fa5&lt;/identifier&gt;&lt;source&gt;DB&lt;/source&gt;&lt;title&gt;LinkTitle1615327091399&lt;/title&gt;&lt;friendlyName&gt;LinkTitle1615327091399&lt;/friendlyName&gt;&lt;modUser&gt;system&lt;/modUser&gt;&lt;sortOrder&gt;0&lt;/sortOrder&gt;&lt;showOnMenu&gt;false&lt;/showOnMenu&gt;&lt;parent&gt;/testName1615327091392/&lt;/parent&gt;&lt;protocal&gt;https://&lt;/protocal&gt;&lt;url&gt;www.google.com&lt;/url&gt;&lt;target&gt;_blank&lt;/target&gt;&lt;linkType&gt;EXTERNAL&lt;/linkType&gt;&lt;hostId&gt;73a86294-1382-4327-b03e-8262e3033e03&lt;/hostId&gt;&lt;/com.dotmarketing.portlets.links.model.Link&gt;&lt;/links&gt;&lt;vi class=&quot;com.dotmarketing.portlets.links.model.LinkVersionInfo&quot;&gt;&lt;identifier&gt;5e44ce18-c7be-4e62-a791-2fe21ede6fa5&lt;/identifier&gt;&lt;workingInode&gt;93d94806-90c5-484a-ac3f-2fecf7445dc2&lt;/workingInode&gt;&lt;deleted&gt;false&lt;/deleted&gt;&lt;/vi&gt;&lt;operation&gt;PUBLISH&lt;/operation&gt;&lt;/com.dotcms.publisher.pusher.wrapper.LinkWrapper&gt;

	at org.jgroups.util.Util.assertEquals(Util.java:185)
	at com.dotcms.test.util.FileTestUtil.assertBundleFile(FileTestUtil.java:254)
	at com.dotcms.test.util.FileTestUtil.assertBundleFile(FileTestUtil.java:191)
	at com.dotcms.publishing.PublisherAPIImplTest.publish(PublisherAPIImplTest.java:379)
	at sun.reflect.NativeMethodAccessorImpl.invoke0(Native Method)
	at sun.reflect.NativeMethodAccessorImpl.invoke(NativeMethodAccessorImpl.java:62)
	at sun.reflect.DelegatingMethodAccessorImpl.invoke(DelegatingMethodAccessorImpl.java:43)
	at java.lang.reflect.Method.invoke(Method.java:498)
	at org.junit.runners.model.FrameworkMethod$1.runReflectiveCall(FrameworkMethod.java:50)
	at org.junit.internal.runners.model.ReflectiveCallable.run(ReflectiveCallable.java:12)
	at org.junit.runners.model.FrameworkMethod.invokeExplosively(FrameworkMethod.java:47)
	at com.tngtech.java.junit.dataprovider.DataProviderFrameworkMethod.invokeExplosively(DataProviderFrameworkMethod.java:119)
	at org.junit.internal.runners.statements.InvokeMethod.evaluate(InvokeMethod.java:17)
	at org.junit.rules.TestWatcher$1.evaluate(TestWatcher.java:55)
	at org.junit.rules.RunRules.evaluate(RunRules.java:20)
	at org.junit.runners.ParentRunner.runLeaf(ParentRunner.java:325)
	at com.dotcms.junit.CustomDataProviderRunner.runChild(CustomDataProviderRunner.java:28)
	at com.dotcms.junit.CustomDataProviderRunner.runChild(CustomDataProviderRunner.java:13)
	at org.junit.runners.ParentRunner$3.run(ParentRunner.java:290)
	at org.junit.runners.ParentRunner$1.schedule(ParentRunner.java:71)
	at org.junit.runners.ParentRunner.runChildren(ParentRunner.java:288)
	at org.junit.runners.ParentRunner.access$000(ParentRunner.java:58)
	at org.junit.runners.ParentRunner$2.evaluate(ParentRunner.java:268)
	at org.junit.internal.runners.statements.RunBefores.evaluate(RunBefores.java:26)
	at org.junit.internal.runners.statements.RunAfters.evaluate(RunAfters.java:27)
	at org.junit.runners.ParentRunner.run(ParentRunner.java:363)
	at org.junit.runners.Suite.runChild(Suite.java:128)
	at org.junit.runners.Suite.runChild(Suite.java:27)
	at org.junit.runners.ParentRunner$3.run(ParentRunner.java:290)
	at org.junit.runners.ParentRunner$1.schedule(ParentRunner.java:71)
	at org.junit.runners.ParentRunner.runChildren(ParentRunner.java:288)
	at org.junit.runners.ParentRunner.access$000(ParentRunner.java:58)
	at org.junit.runners.ParentRunner$2.evaluate(ParentRunner.java:268)
	at org.junit.runners.ParentRunner.run(ParentRunner.java:363)
	at org.gradle.api.internal.tasks.testing.junit.JUnitTestClassExecutor.runTestClass(JUnitTestClassExecutor.java:106)
	at org.gradle.api.internal.tasks.testing.junit.JUnitTestClassExecutor.execute(JUnitTestClassExecutor.java:58)
	at org.gradle.api.internal.tasks.testing.junit.JUnitTestClassExecutor.execute(JUnitTestClassExecutor.java:38)
	at org.gradle.api.internal.tasks.testing.junit.AbstractJUnitTestClassProcessor.processTestClass(AbstractJUnitTestClassProcessor.java:66)
	at org.gradle.api.internal.tasks.testing.SuiteTestClassProcessor.processTestClass(SuiteTestClassProcessor.java:51)
	at sun.reflect.NativeMethodAccessorImpl.invoke0(Native Method)
	at sun.reflect.NativeMethodAccessorImpl.invoke(NativeMethodAccessorImpl.java:62)
	at sun.reflect.DelegatingMethodAccessorImpl.invoke(DelegatingMethodAccessorImpl.java:43)
	at java.lang.reflect.Method.invoke(Method.java:498)
	at org.gradle.internal.dispatch.ReflectionDispatch.dispatch(ReflectionDispatch.java:35)
	at org.gradle.internal.dispatch.ReflectionDispatch.dispatch(ReflectionDispatch.java:24)
	at org.gradle.internal.dispatch.ContextClassLoaderDispatch.dispatch(ContextClassLoaderDispatch.java:32)
	at org.gradle.internal.dispatch.ProxyDispatchAdapter$DispatchingInvocationHandler.invoke(ProxyDispatchAdapter.java:93)
	at com.sun.proxy.$Proxy2.processTestClass(Unknown Source)
	at org.gradle.api.internal.tasks.testing.worker.TestWorker.processTestClass(TestWorker.java:117)
	at sun.reflect.NativeMethodAccessorImpl.invoke0(Native Method)
	at sun.reflect.NativeMethodAccessorImpl.invoke(NativeMethodAccessorImpl.java:62)
	at sun.reflect.DelegatingMethodAccessorImpl.invoke(DelegatingMethodAccessorImpl.java:43)
	at java.lang.reflect.Method.invoke(Method.java:498)
	at org.gradle.internal.dispatch.ReflectionDispatch.dispatch(ReflectionDispatch.java:35)
	at org.gradle.internal.dispatch.ReflectionDispatch.dispatch(ReflectionDispatch.java:24)
	at org.gradle.internal.remote.internal.hub.MessageHubBackedObjectConnection$DispatchWrapper.dispatch(MessageHubBackedObjectConnection.java:155)
	at org.gradle.internal.remote.internal.hub.MessageHubBackedObjectConnection$DispatchWrapper.dispatch(MessageHubBackedObjectConnection.java:137)
	at org.gradle.internal.remote.internal.hub.MessageHub$Handler.run(MessageHub.java:404)
	at org.gradle.internal.concurrent.ExecutorPolicy$CatchAndRecordFailures.onExecute(ExecutorPolicy.java:63)
	at org.gradle.internal.concurrent.ManagedExecutorImpl$1.run(ManagedExecutorImpl.java:46)
	at java.util.concurrent.ThreadPoolExecutor.runWorker(ThreadPoolExecutor.java:1149)
	at java.util.concurrent.ThreadPoolExecutor$Worker.run(ThreadPoolExecutor.java:624)
	at org.gradle.internal.concurrent.ThreadFactoryImpl$ManagedThreadRunnable.run(ThreadFactoryImpl.java:55)
	at java.lang.Thread.run(Thread.java:748)
</pre>
</span>
</div>
<div class="test">
<a name="publish[1: com.dotcms.publishing.PublisherAPIImplTest$TestCase@277db3c7]"></a>
<h3 class="failures">publish[1: com.dotcms.publishing.PublisherAPIImplTest$TestCase@277db3c7]</h3>
<span class="code">
<pre>java.lang.AssertionError: Fail for Container:
Asset -&gt; com.dotmarketing.portlets.containers.model.Container@4458a5eb[code=&lt;null&gt;,maxContentlets=5,useDiv=true,sortContentletsBy=&lt;null&gt;,preLoop=&lt;div&gt;,postLoop=&lt;/div&gt;,staticify=true,luceneQuery=&lt;null&gt;,notes=testNotes1615327087320,source=DB,title=testTitle1615327087320,friendlyName=testFriendlyName1615327087320,modDate=Tue Mar 09 21:58:07 GMT 2021,modUser=system,sortOrder=0,showOnMenu=false,iDate=Tue Mar 09 21:58:07 GMT 2021,type=containers,owner=system,inode=e4e22f51-5c64-4dc8-86e2-e229df9c1c62,identifier=65aa24d0-8ae9-4cbe-8dbb-422f45e2b9a0] 
difference -&gt; &gt;&lt;com.dotmarketing.beans.ContainerStructure&gt;&lt;id&gt;0e4da54d-2e10-4927-84e7-716b3cac9942&lt;/id&gt;&lt;structureId&gt;47b8bb25-1fe0-44a1-874e-a1ca58bbf6e7&lt;/structureId&gt;&lt;containerInode&gt;e4e22f51-5c64-4dc8-86e2-e229df9c1c62&lt;/containerInode&gt;&lt;containerId&gt;65aa24d0-8ae9-4cbe-8dbb-422f45e2b9a0&lt;/containerId&gt;&lt;code&gt;&lt;/code&gt;&lt;/com.dotmarketing.beans.ContainerStructure&gt;&lt;/csList&gt;&lt;/com.dotcms.publisher.pusher.wrapper.ContainerWrapper&gt;
expected -&gt; &lt;com.dotcms.publisher.pusher.wrapper.ContainerWrapper&gt;&lt;containerId&gt;&lt;id&gt;65aa24d0-8ae9-4cbe-8dbb-422f45e2b9a0&lt;/id&gt;&lt;assetName&gt;65aa24d0-8ae9-4cbe-8dbb-422f45e2b9a0.containers&lt;/assetName&gt;&lt;assetType&gt;containers&lt;/assetType&gt;&lt;parentPath&gt;/&lt;/parentPath&gt;&lt;hostId&gt;163340cb-9cc3-4085-8816-603fb22fbfe8&lt;/hostId&gt;&lt;inode&gt;e4e22f51-5c64-4dc8-86e2-e229df9c1c62&lt;/inode&gt;&lt;identifier&gt;65aa24d0-8ae9-4cbe-8dbb-422f45e2b9a0&lt;/identifier&gt;&lt;source&gt;DB&lt;/source&gt;&lt;title&gt;testTitle1615327087320&lt;/title&gt;&lt;friendlyName&gt;testFriendlyName1615327087320&lt;/friendlyName&gt;&lt;modUser&gt;system&lt;/modUser&gt;&lt;sortOrder&gt;0&lt;/sortOrder&gt;&lt;showOnMenu&gt;false&lt;/showOnMenu&gt;&lt;maxContentlets&gt;5&lt;/maxContentlets&gt;&lt;useDiv&gt;true&lt;/useDiv&gt;&lt;preLoop&gt;&amp;lt;div&amp;gt;&lt;/preLoop&gt;&lt;postLoop&gt;&amp;lt;/div&amp;gt;&lt;/postLoop&gt;&lt;staticify&gt;true&lt;/staticify&gt;&lt;notes&gt;testNotes1615327087320&lt;/notes&gt;&lt;/container&gt;&lt;cvi class=&quot;com.dotmarketing.portlets.containers.model.ContainerVersionInfo&quot;&gt;&lt;identifier&gt;65aa24d0-8ae9-4cbe-8dbb-422f45e2b9a0&lt;/identifier&gt;&lt;workingInode&gt;e4e22f51-5c64-4dc8-86e2-e229df9c1c62&lt;/workingInode&gt;&lt;deleted&gt;false&lt;/deleted&gt;&lt;/cvi&gt;&lt;operation&gt;PUBLISH&lt;/operation&gt;&lt;csList class=&quot;com.google.common.collect.RegularImmutableList&quot; resolves-to=&quot;com.google.common.collect.ImmutableList$SerializedForm&quot;&gt;&lt;elements&gt;&lt;com.dotmarketing.beans.ContainerStructure&gt;&lt;id&gt;0e4da54d-2e10-4927-84e7-716b3cac9942&lt;/id&gt;&lt;structureId&gt;47b8bb25-1fe0-44a1-874e-a1ca58bbf6e7&lt;/structureId&gt;&lt;containerInode&gt;e4e22f51-5c64-4dc8-86e2-e229df9c1c62&lt;/containerInode&gt;&lt;containerId&gt;65aa24d0-8ae9-4cbe-8dbb-422f45e2b9a0&lt;/containerId&gt;&lt;code&gt;&lt;/code&gt;&lt;/com.dotmarketing.beans.ContainerStructure&gt;&lt;/elements&gt;&lt;/csList&gt;&lt;/com.dotcms.publisher.pusher.wrapper.ContainerWrapper&gt;
real -&gt; &lt;com.dotcms.publisher.pusher.wrapper.ContainerWrapper&gt;&lt;containerId&gt;&lt;id&gt;65aa24d0-8ae9-4cbe-8dbb-422f45e2b9a0&lt;/id&gt;&lt;assetName&gt;65aa24d0-8ae9-4cbe-8dbb-422f45e2b9a0.containers&lt;/assetName&gt;&lt;assetType&gt;containers&lt;/assetType&gt;&lt;parentPath&gt;/&lt;/parentPath&gt;&lt;hostId&gt;163340cb-9cc3-4085-8816-603fb22fbfe8&lt;/hostId&gt;&lt;inode&gt;e4e22f51-5c64-4dc8-86e2-e229df9c1c62&lt;/inode&gt;&lt;identifier&gt;65aa24d0-8ae9-4cbe-8dbb-422f45e2b9a0&lt;/identifier&gt;&lt;source&gt;DB&lt;/source&gt;&lt;title&gt;testTitle1615327087320&lt;/title&gt;&lt;friendlyName&gt;testFriendlyName1615327087320&lt;/friendlyName&gt;&lt;modUser&gt;system&lt;/modUser&gt;&lt;sortOrder&gt;0&lt;/sortOrder&gt;&lt;showOnMenu&gt;false&lt;/showOnMenu&gt;&lt;maxContentlets&gt;5&lt;/maxContentlets&gt;&lt;useDiv&gt;true&lt;/useDiv&gt;&lt;preLoop&gt;&amp;lt;div&amp;gt;&lt;/preLoop&gt;&lt;postLoop&gt;&amp;lt;/div&amp;gt;&lt;/postLoop&gt;&lt;staticify&gt;true&lt;/staticify&gt;&lt;notes&gt;testNotes1615327087320&lt;/notes&gt;&lt;/container&gt;&lt;cvi class=&quot;com.dotmarketing.portlets.containers.model.ContainerVersionInfo&quot;&gt;&lt;identifier&gt;65aa24d0-8ae9-4cbe-8dbb-422f45e2b9a0&lt;/identifier&gt;&lt;workingInode&gt;e4e22f51-5c64-4dc8-86e2-e229df9c1c62&lt;/workingInode&gt;&lt;deleted&gt;false&lt;/deleted&gt;&lt;/cvi&gt;&lt;operation&gt;PUBLISH&lt;/operation&gt;&lt;csList&gt;&lt;com.dotmarketing.beans.ContainerStructure&gt;&lt;id&gt;0e4da54d-2e10-4927-84e7-716b3cac9942&lt;/id&gt;&lt;structureId&gt;47b8bb25-1fe0-44a1-874e-a1ca58bbf6e7&lt;/structureId&gt;&lt;containerInode&gt;e4e22f51-5c64-4dc8-86e2-e229df9c1c62&lt;/containerInode&gt;&lt;containerId&gt;65aa24d0-8ae9-4cbe-8dbb-422f45e2b9a0&lt;/containerId&gt;&lt;code&gt;&lt;/code&gt;&lt;/com.dotmarketing.beans.ContainerStructure&gt;&lt;/csList&gt;&lt;/com.dotcms.publisher.pusher.wrapper.ContainerWrapper&gt;

	at org.jgroups.util.Util.assertEquals(Util.java:185)
	at com.dotcms.test.util.FileTestUtil.assertBundleFile(FileTestUtil.java:254)
	at com.dotcms.test.util.FileTestUtil.assertBundleFile(FileTestUtil.java:151)
	at com.dotcms.publishing.PublisherAPIImplTest.publish(PublisherAPIImplTest.java:383)
	at sun.reflect.NativeMethodAccessorImpl.invoke0(Native Method)
	at sun.reflect.NativeMethodAccessorImpl.invoke(NativeMethodAccessorImpl.java:62)
	at sun.reflect.DelegatingMethodAccessorImpl.invoke(DelegatingMethodAccessorImpl.java:43)
	at java.lang.reflect.Method.invoke(Method.java:498)
	at org.junit.runners.model.FrameworkMethod$1.runReflectiveCall(FrameworkMethod.java:50)
	at org.junit.internal.runners.model.ReflectiveCallable.run(ReflectiveCallable.java:12)
	at org.junit.runners.model.FrameworkMethod.invokeExplosively(FrameworkMethod.java:47)
	at com.tngtech.java.junit.dataprovider.DataProviderFrameworkMethod.invokeExplosively(DataProviderFrameworkMethod.java:119)
	at org.junit.internal.runners.statements.InvokeMethod.evaluate(InvokeMethod.java:17)
	at org.junit.rules.TestWatcher$1.evaluate(TestWatcher.java:55)
	at org.junit.rules.RunRules.evaluate(RunRules.java:20)
	at org.junit.runners.ParentRunner.runLeaf(ParentRunner.java:325)
	at com.dotcms.junit.CustomDataProviderRunner.runChild(CustomDataProviderRunner.java:28)
	at com.dotcms.junit.CustomDataProviderRunner.runChild(CustomDataProviderRunner.java:13)
	at org.junit.runners.ParentRunner$3.run(ParentRunner.java:290)
	at org.junit.runners.ParentRunner$1.schedule(ParentRunner.java:71)
	at org.junit.runners.ParentRunner.runChildren(ParentRunner.java:288)
	at org.junit.runners.ParentRunner.access$000(ParentRunner.java:58)
	at org.junit.runners.ParentRunner$2.evaluate(ParentRunner.java:268)
	at org.junit.internal.runners.statements.RunBefores.evaluate(RunBefores.java:26)
	at org.junit.internal.runners.statements.RunAfters.evaluate(RunAfters.java:27)
	at org.junit.runners.ParentRunner.run(ParentRunner.java:363)
	at org.junit.runners.Suite.runChild(Suite.java:128)
	at org.junit.runners.Suite.runChild(Suite.java:27)
	at org.junit.runners.ParentRunner$3.run(ParentRunner.java:290)
	at org.junit.runners.ParentRunner$1.schedule(ParentRunner.java:71)
	at org.junit.runners.ParentRunner.runChildren(ParentRunner.java:288)
	at org.junit.runners.ParentRunner.access$000(ParentRunner.java:58)
	at org.junit.runners.ParentRunner$2.evaluate(ParentRunner.java:268)
	at org.junit.runners.ParentRunner.run(ParentRunner.java:363)
	at org.gradle.api.internal.tasks.testing.junit.JUnitTestClassExecutor.runTestClass(JUnitTestClassExecutor.java:106)
	at org.gradle.api.internal.tasks.testing.junit.JUnitTestClassExecutor.execute(JUnitTestClassExecutor.java:58)
	at org.gradle.api.internal.tasks.testing.junit.JUnitTestClassExecutor.execute(JUnitTestClassExecutor.java:38)
	at org.gradle.api.internal.tasks.testing.junit.AbstractJUnitTestClassProcessor.processTestClass(AbstractJUnitTestClassProcessor.java:66)
	at org.gradle.api.internal.tasks.testing.SuiteTestClassProcessor.processTestClass(SuiteTestClassProcessor.java:51)
	at sun.reflect.NativeMethodAccessorImpl.invoke0(Native Method)
	at sun.reflect.NativeMethodAccessorImpl.invoke(NativeMethodAccessorImpl.java:62)
	at sun.reflect.DelegatingMethodAccessorImpl.invoke(DelegatingMethodAccessorImpl.java:43)
	at java.lang.reflect.Method.invoke(Method.java:498)
	at org.gradle.internal.dispatch.ReflectionDispatch.dispatch(ReflectionDispatch.java:35)
	at org.gradle.internal.dispatch.ReflectionDispatch.dispatch(ReflectionDispatch.java:24)
	at org.gradle.internal.dispatch.ContextClassLoaderDispatch.dispatch(ContextClassLoaderDispatch.java:32)
	at org.gradle.internal.dispatch.ProxyDispatchAdapter$DispatchingInvocationHandler.invoke(ProxyDispatchAdapter.java:93)
	at com.sun.proxy.$Proxy2.processTestClass(Unknown Source)
	at org.gradle.api.internal.tasks.testing.worker.TestWorker.processTestClass(TestWorker.java:117)
	at sun.reflect.NativeMethodAccessorImpl.invoke0(Native Method)
	at sun.reflect.NativeMethodAccessorImpl.invoke(NativeMethodAccessorImpl.java:62)
	at sun.reflect.DelegatingMethodAccessorImpl.invoke(DelegatingMethodAccessorImpl.java:43)
	at java.lang.reflect.Method.invoke(Method.java:498)
	at org.gradle.internal.dispatch.ReflectionDispatch.dispatch(ReflectionDispatch.java:35)
	at org.gradle.internal.dispatch.ReflectionDispatch.dispatch(ReflectionDispatch.java:24)
	at org.gradle.internal.remote.internal.hub.MessageHubBackedObjectConnection$DispatchWrapper.dispatch(MessageHubBackedObjectConnection.java:155)
	at org.gradle.internal.remote.internal.hub.MessageHubBackedObjectConnection$DispatchWrapper.dispatch(MessageHubBackedObjectConnection.java:137)
	at org.gradle.internal.remote.internal.hub.MessageHub$Handler.run(MessageHub.java:404)
	at org.gradle.internal.concurrent.ExecutorPolicy$CatchAndRecordFailures.onExecute(ExecutorPolicy.java:63)
	at org.gradle.internal.concurrent.ManagedExecutorImpl$1.run(ManagedExecutorImpl.java:46)
	at java.util.concurrent.ThreadPoolExecutor.runWorker(ThreadPoolExecutor.java:1149)
	at java.util.concurrent.ThreadPoolExecutor$Worker.run(ThreadPoolExecutor.java:624)
	at org.gradle.internal.concurrent.ThreadFactoryImpl$ManagedThreadRunnable.run(ThreadFactoryImpl.java:55)
	at java.lang.Thread.run(Thread.java:748)
</pre>
</span>
</div>
<div class="test">
<a name="publish[2: com.dotcms.publishing.PublisherAPIImplTest$TestCase@af70656]"></a>
<h3 class="failures">publish[2: com.dotcms.publishing.PublisherAPIImplTest$TestCase@af70656]</h3>
<span class="code">
<pre>java.lang.AssertionError: Fail for Container:
Asset -&gt; com.dotmarketing.portlets.containers.model.Container@11e21f39[code=&lt;null&gt;,maxContentlets=5,useDiv=true,sortContentletsBy=&lt;null&gt;,preLoop=&lt;div&gt;,postLoop=&lt;/div&gt;,staticify=true,luceneQuery=&lt;null&gt;,notes=testNotes1615327088359,source=DB,title=testTitle1615327088359,friendlyName=testFriendlyName1615327088359,modDate=Tue Mar 09 21:58:08 GMT 2021,modUser=system,sortOrder=0,showOnMenu=false,iDate=Tue Mar 09 21:58:08 GMT 2021,type=containers,owner=system,inode=222e2db8-d6e7-4174-af93-9cc2e6776a5d,identifier=b559d0a5-fcab-48db-bc2c-8fccafef9afd] 
difference -&gt; &gt;&lt;com.dotmarketing.beans.ContainerStructure&gt;&lt;id&gt;d225613d-c28f-47a2-80de-b2b766171e29&lt;/id&gt;&lt;structureId&gt;f5476c9e-1ec4-4420-a76f-fa4c2ef52108&lt;/structureId&gt;&lt;containerInode&gt;222e2db8-d6e7-4174-af93-9cc2e6776a5d&lt;/containerInode&gt;&lt;containerId&gt;b559d0a5-fcab-48db-bc2c-8fccafef9afd&lt;/containerId&gt;&lt;code&gt;&lt;/code&gt;&lt;/com.dotmarketing.beans.ContainerStructure&gt;&lt;/csList&gt;&lt;/com.dotcms.publisher.pusher.wrapper.ContainerWrapper&gt;
expected -&gt; &lt;com.dotcms.publisher.pusher.wrapper.ContainerWrapper&gt;&lt;containerId&gt;&lt;id&gt;b559d0a5-fcab-48db-bc2c-8fccafef9afd&lt;/id&gt;&lt;assetName&gt;b559d0a5-fcab-48db-bc2c-8fccafef9afd.containers&lt;/assetName&gt;&lt;assetType&gt;containers&lt;/assetType&gt;&lt;parentPath&gt;/&lt;/parentPath&gt;&lt;hostId&gt;23880431-72e6-48b7-9283-984ec82931fc&lt;/hostId&gt;&lt;inode&gt;222e2db8-d6e7-4174-af93-9cc2e6776a5d&lt;/inode&gt;&lt;identifier&gt;b559d0a5-fcab-48db-bc2c-8fccafef9afd&lt;/identifier&gt;&lt;source&gt;DB&lt;/source&gt;&lt;title&gt;testTitle1615327088359&lt;/title&gt;&lt;friendlyName&gt;testFriendlyName1615327088359&lt;/friendlyName&gt;&lt;modUser&gt;system&lt;/modUser&gt;&lt;sortOrder&gt;0&lt;/sortOrder&gt;&lt;showOnMenu&gt;false&lt;/showOnMenu&gt;&lt;maxContentlets&gt;5&lt;/maxContentlets&gt;&lt;useDiv&gt;true&lt;/useDiv&gt;&lt;preLoop&gt;&amp;lt;div&amp;gt;&lt;/preLoop&gt;&lt;postLoop&gt;&amp;lt;/div&amp;gt;&lt;/postLoop&gt;&lt;staticify&gt;true&lt;/staticify&gt;&lt;notes&gt;testNotes1615327088359&lt;/notes&gt;&lt;/container&gt;&lt;cvi class=&quot;com.dotmarketing.portlets.containers.model.ContainerVersionInfo&quot;&gt;&lt;identifier&gt;b559d0a5-fcab-48db-bc2c-8fccafef9afd&lt;/identifier&gt;&lt;workingInode&gt;222e2db8-d6e7-4174-af93-9cc2e6776a5d&lt;/workingInode&gt;&lt;deleted&gt;false&lt;/deleted&gt;&lt;/cvi&gt;&lt;operation&gt;PUBLISH&lt;/operation&gt;&lt;csList class=&quot;com.google.common.collect.RegularImmutableList&quot; resolves-to=&quot;com.google.common.collect.ImmutableList$SerializedForm&quot;&gt;&lt;elements&gt;&lt;com.dotmarketing.beans.ContainerStructure&gt;&lt;id&gt;d225613d-c28f-47a2-80de-b2b766171e29&lt;/id&gt;&lt;structureId&gt;f5476c9e-1ec4-4420-a76f-fa4c2ef52108&lt;/structureId&gt;&lt;containerInode&gt;222e2db8-d6e7-4174-af93-9cc2e6776a5d&lt;/containerInode&gt;&lt;containerId&gt;b559d0a5-fcab-48db-bc2c-8fccafef9afd&lt;/containerId&gt;&lt;code&gt;&lt;/code&gt;&lt;/com.dotmarketing.beans.ContainerStructure&gt;&lt;/elements&gt;&lt;/csList&gt;&lt;/com.dotcms.publisher.pusher.wrapper.ContainerWrapper&gt;
real -&gt; &lt;com.dotcms.publisher.pusher.wrapper.ContainerWrapper&gt;&lt;containerId&gt;&lt;id&gt;b559d0a5-fcab-48db-bc2c-8fccafef9afd&lt;/id&gt;&lt;assetName&gt;b559d0a5-fcab-48db-bc2c-8fccafef9afd.containers&lt;/assetName&gt;&lt;assetType&gt;containers&lt;/assetType&gt;&lt;parentPath&gt;/&lt;/parentPath&gt;&lt;hostId&gt;23880431-72e6-48b7-9283-984ec82931fc&lt;/hostId&gt;&lt;inode&gt;222e2db8-d6e7-4174-af93-9cc2e6776a5d&lt;/inode&gt;&lt;identifier&gt;b559d0a5-fcab-48db-bc2c-8fccafef9afd&lt;/identifier&gt;&lt;source&gt;DB&lt;/source&gt;&lt;title&gt;testTitle1615327088359&lt;/title&gt;&lt;friendlyName&gt;testFriendlyName1615327088359&lt;/friendlyName&gt;&lt;modUser&gt;system&lt;/modUser&gt;&lt;sortOrder&gt;0&lt;/sortOrder&gt;&lt;showOnMenu&gt;false&lt;/showOnMenu&gt;&lt;maxContentlets&gt;5&lt;/maxContentlets&gt;&lt;useDiv&gt;true&lt;/useDiv&gt;&lt;preLoop&gt;&amp;lt;div&amp;gt;&lt;/preLoop&gt;&lt;postLoop&gt;&amp;lt;/div&amp;gt;&lt;/postLoop&gt;&lt;staticify&gt;true&lt;/staticify&gt;&lt;notes&gt;testNotes1615327088359&lt;/notes&gt;&lt;/container&gt;&lt;cvi class=&quot;com.dotmarketing.portlets.containers.model.ContainerVersionInfo&quot;&gt;&lt;identifier&gt;b559d0a5-fcab-48db-bc2c-8fccafef9afd&lt;/identifier&gt;&lt;workingInode&gt;222e2db8-d6e7-4174-af93-9cc2e6776a5d&lt;/workingInode&gt;&lt;deleted&gt;false&lt;/deleted&gt;&lt;/cvi&gt;&lt;operation&gt;PUBLISH&lt;/operation&gt;&lt;csList&gt;&lt;com.dotmarketing.beans.ContainerStructure&gt;&lt;id&gt;d225613d-c28f-47a2-80de-b2b766171e29&lt;/id&gt;&lt;structureId&gt;f5476c9e-1ec4-4420-a76f-fa4c2ef52108&lt;/structureId&gt;&lt;containerInode&gt;222e2db8-d6e7-4174-af93-9cc2e6776a5d&lt;/containerInode&gt;&lt;containerId&gt;b559d0a5-fcab-48db-bc2c-8fccafef9afd&lt;/containerId&gt;&lt;code&gt;&lt;/code&gt;&lt;/com.dotmarketing.beans.ContainerStructure&gt;&lt;/csList&gt;&lt;/com.dotcms.publisher.pusher.wrapper.ContainerWrapper&gt;

	at org.jgroups.util.Util.assertEquals(Util.java:185)
	at com.dotcms.test.util.FileTestUtil.assertBundleFile(FileTestUtil.java:254)
	at com.dotcms.test.util.FileTestUtil.assertBundleFile(FileTestUtil.java:191)
	at com.dotcms.publishing.PublisherAPIImplTest.publish(PublisherAPIImplTest.java:379)
	at sun.reflect.NativeMethodAccessorImpl.invoke0(Native Method)
	at sun.reflect.NativeMethodAccessorImpl.invoke(NativeMethodAccessorImpl.java:62)
	at sun.reflect.DelegatingMethodAccessorImpl.invoke(DelegatingMethodAccessorImpl.java:43)
	at java.lang.reflect.Method.invoke(Method.java:498)
	at org.junit.runners.model.FrameworkMethod$1.runReflectiveCall(FrameworkMethod.java:50)
	at org.junit.internal.runners.model.ReflectiveCallable.run(ReflectiveCallable.java:12)
	at org.junit.runners.model.FrameworkMethod.invokeExplosively(FrameworkMethod.java:47)
	at com.tngtech.java.junit.dataprovider.DataProviderFrameworkMethod.invokeExplosively(DataProviderFrameworkMethod.java:119)
	at org.junit.internal.runners.statements.InvokeMethod.evaluate(InvokeMethod.java:17)
	at org.junit.rules.TestWatcher$1.evaluate(TestWatcher.java:55)
	at org.junit.rules.RunRules.evaluate(RunRules.java:20)
	at org.junit.runners.ParentRunner.runLeaf(ParentRunner.java:325)
	at com.dotcms.junit.CustomDataProviderRunner.runChild(CustomDataProviderRunner.java:28)
	at com.dotcms.junit.CustomDataProviderRunner.runChild(CustomDataProviderRunner.java:13)
	at org.junit.runners.ParentRunner$3.run(ParentRunner.java:290)
	at org.junit.runners.ParentRunner$1.schedule(ParentRunner.java:71)
	at org.junit.runners.ParentRunner.runChildren(ParentRunner.java:288)
	at org.junit.runners.ParentRunner.access$000(ParentRunner.java:58)
	at org.junit.runners.ParentRunner$2.evaluate(ParentRunner.java:268)
	at org.junit.internal.runners.statements.RunBefores.evaluate(RunBefores.java:26)
	at org.junit.internal.runners.statements.RunAfters.evaluate(RunAfters.java:27)
	at org.junit.runners.ParentRunner.run(ParentRunner.java:363)
	at org.junit.runners.Suite.runChild(Suite.java:128)
	at org.junit.runners.Suite.runChild(Suite.java:27)
	at org.junit.runners.ParentRunner$3.run(ParentRunner.java:290)
	at org.junit.runners.ParentRunner$1.schedule(ParentRunner.java:71)
	at org.junit.runners.ParentRunner.runChildren(ParentRunner.java:288)
	at org.junit.runners.ParentRunner.access$000(ParentRunner.java:58)
	at org.junit.runners.ParentRunner$2.evaluate(ParentRunner.java:268)
	at org.junit.runners.ParentRunner.run(ParentRunner.java:363)
	at org.gradle.api.internal.tasks.testing.junit.JUnitTestClassExecutor.runTestClass(JUnitTestClassExecutor.java:106)
	at org.gradle.api.internal.tasks.testing.junit.JUnitTestClassExecutor.execute(JUnitTestClassExecutor.java:58)
	at org.gradle.api.internal.tasks.testing.junit.JUnitTestClassExecutor.execute(JUnitTestClassExecutor.java:38)
	at org.gradle.api.internal.tasks.testing.junit.AbstractJUnitTestClassProcessor.processTestClass(AbstractJUnitTestClassProcessor.java:66)
	at org.gradle.api.internal.tasks.testing.SuiteTestClassProcessor.processTestClass(SuiteTestClassProcessor.java:51)
	at sun.reflect.NativeMethodAccessorImpl.invoke0(Native Method)
	at sun.reflect.NativeMethodAccessorImpl.invoke(NativeMethodAccessorImpl.java:62)
	at sun.reflect.DelegatingMethodAccessorImpl.invoke(DelegatingMethodAccessorImpl.java:43)
	at java.lang.reflect.Method.invoke(Method.java:498)
	at org.gradle.internal.dispatch.ReflectionDispatch.dispatch(ReflectionDispatch.java:35)
	at org.gradle.internal.dispatch.ReflectionDispatch.dispatch(ReflectionDispatch.java:24)
	at org.gradle.internal.dispatch.ContextClassLoaderDispatch.dispatch(ContextClassLoaderDispatch.java:32)
	at org.gradle.internal.dispatch.ProxyDispatchAdapter$DispatchingInvocationHandler.invoke(ProxyDispatchAdapter.java:93)
	at com.sun.proxy.$Proxy2.processTestClass(Unknown Source)
	at org.gradle.api.internal.tasks.testing.worker.TestWorker.processTestClass(TestWorker.java:117)
	at sun.reflect.NativeMethodAccessorImpl.invoke0(Native Method)
	at sun.reflect.NativeMethodAccessorImpl.invoke(NativeMethodAccessorImpl.java:62)
	at sun.reflect.DelegatingMethodAccessorImpl.invoke(DelegatingMethodAccessorImpl.java:43)
	at java.lang.reflect.Method.invoke(Method.java:498)
	at org.gradle.internal.dispatch.ReflectionDispatch.dispatch(ReflectionDispatch.java:35)
	at org.gradle.internal.dispatch.ReflectionDispatch.dispatch(ReflectionDispatch.java:24)
	at org.gradle.internal.remote.internal.hub.MessageHubBackedObjectConnection$DispatchWrapper.dispatch(MessageHubBackedObjectConnection.java:155)
	at org.gradle.internal.remote.internal.hub.MessageHubBackedObjectConnection$DispatchWrapper.dispatch(MessageHubBackedObjectConnection.java:137)
	at org.gradle.internal.remote.internal.hub.MessageHub$Handler.run(MessageHub.java:404)
	at org.gradle.internal.concurrent.ExecutorPolicy$CatchAndRecordFailures.onExecute(ExecutorPolicy.java:63)
	at org.gradle.internal.concurrent.ManagedExecutorImpl$1.run(ManagedExecutorImpl.java:46)
	at java.util.concurrent.ThreadPoolExecutor.runWorker(ThreadPoolExecutor.java:1149)
	at java.util.concurrent.ThreadPoolExecutor$Worker.run(ThreadPoolExecutor.java:624)
	at org.gradle.internal.concurrent.ThreadFactoryImpl$ManagedThreadRunnable.run(ThreadFactoryImpl.java:55)
	at java.lang.Thread.run(Thread.java:748)
</pre>
</span>
</div>
<div class="test">
<a name="publish[3: com.dotcms.publishing.PublisherAPIImplTest$TestCase@441cc14d]"></a>
<h3 class="failures">publish[3: com.dotcms.publishing.PublisherAPIImplTest$TestCase@441cc14d]</h3>
<span class="code">
<pre>java.lang.AssertionError: Fail for Folder:
Asset -&gt; com.dotmarketing.portlets.folders.model.Folder@36597981[name=testName1615327089373,sortOrder=0,showOnMenu=false,hostId=fd8f68ae-93ac-4e6f-8077-8e4570effddb,title=testTitle1615327089373,filesMasks=&lt;null&gt;,defaultFileType=33888b6f-7a8e-4069-b1b6-5c1aa9d0a48d,modDate=2021-03-09 21:58:09.0,iDate=2021-03-09 21:58:09.0,type=folder,owner=&lt;null&gt;,inode=fd585974-b340-40b7-89ff-6bb7c399f2a7,identifier=652e27fb-096e-46f3-bbb1-b258f1503d2e] 
difference -&gt; inode&gt;fd585974-b340-40b7-89ff-6bb7c399f2a7&lt;/inode&gt;&lt;identifier&gt;652e27fb-096e-46f3-bbb1-b258f1503d2e&lt;/identifier&gt;&lt;name&gt;testName1615327089373&lt;/name&gt;&lt;sortOrder&gt;0&lt;/sortOrder&gt;&lt;showOnMenu&gt;false&lt;/showOnMenu&gt;&lt;hostId&gt;fd8f68ae-93ac-4e6f-8077-8e4570effddb&lt;/hostId&gt;&lt;title&gt;testTitle1615327089373&lt;/title&gt;&lt;defaultFileType&gt;33888b6f-7a8e-4069-b1b6-5c1aa9d0a48d&lt;/defaultFileType&gt;&lt;/folder&gt;&lt;folderId&gt;&lt;id&gt;652e27fb-096e-46f3-bbb1-b258f1503d2e&lt;/id&gt;&lt;assetName&gt;testName1615327089373&lt;/assetName&gt;&lt;assetType&gt;folder&lt;/assetType&gt;&lt;hostId&gt;fd8f68ae-93ac-4e6f-8077-8e4570effddb&lt;/hostId&gt;&lt;assetSubType&gt;Host&lt;/assetSubType&gt;&lt;/hostId&gt;&lt;operation&gt;PUBLISH&lt;/operation&gt;&lt;/com.dotcms.publisher.pusher.wrapper.FolderWrapper&gt;
expected -&gt; &lt;com.dotcms.publisher.pusher.wrapper.FolderWrapper&gt;&lt;folder&gt;&lt;type&gt;folder&lt;/type&gt;&lt;assetSubType&gt;Host&lt;/assetSubType&gt;&lt;/hostId&gt;&lt;operation&gt;PUBLISH&lt;/operation&gt;&lt;/com.dotcms.publisher.pusher.wrapper.FolderWrapper&gt;
real -&gt; &lt;com.dotcms.publisher.pusher.wrapper.FolderWrapper&gt;&lt;folder&gt;&lt;type&gt;folder&lt;/type&gt;&lt;inode&gt;fd585974-b340-40b7-89ff-6bb7c399f2a7&lt;/inode&gt;&lt;identifier&gt;652e27fb-096e-46f3-bbb1-b258f1503d2e&lt;/identifier&gt;&lt;name&gt;testName1615327089373&lt;/name&gt;&lt;sortOrder&gt;0&lt;/sortOrder&gt;&lt;showOnMenu&gt;false&lt;/showOnMenu&gt;&lt;hostId&gt;fd8f68ae-93ac-4e6f-8077-8e4570effddb&lt;/hostId&gt;&lt;title&gt;testTitle1615327089373&lt;/title&gt;&lt;defaultFileType&gt;33888b6f-7a8e-4069-b1b6-5c1aa9d0a48d&lt;/defaultFileType&gt;&lt;/folder&gt;&lt;folderId&gt;&lt;id&gt;652e27fb-096e-46f3-bbb1-b258f1503d2e&lt;/id&gt;&lt;assetName&gt;testName1615327089373&lt;/assetName&gt;&lt;assetType&gt;folder&lt;/assetType&gt;&lt;hostId&gt;fd8f68ae-93ac-4e6f-8077-8e4570effddb&lt;/hostId&gt;&lt;assetSubType&gt;Host&lt;/assetSubType&gt;&lt;/hostId&gt;&lt;operation&gt;PUBLISH&lt;/operation&gt;&lt;/com.dotcms.publisher.pusher.wrapper.FolderWrapper&gt;

	at org.jgroups.util.Util.assertEquals(Util.java:185)
	at com.dotcms.test.util.FileTestUtil.assertBundleFile(FileTestUtil.java:254)
	at com.dotcms.test.util.FileTestUtil.assertBundleFile(FileTestUtil.java:191)
	at com.dotcms.publishing.PublisherAPIImplTest.publish(PublisherAPIImplTest.java:379)
	at sun.reflect.NativeMethodAccessorImpl.invoke0(Native Method)
	at sun.reflect.NativeMethodAccessorImpl.invoke(NativeMethodAccessorImpl.java:62)
	at sun.reflect.DelegatingMethodAccessorImpl.invoke(DelegatingMethodAccessorImpl.java:43)
	at java.lang.reflect.Method.invoke(Method.java:498)
	at org.junit.runners.model.FrameworkMethod$1.runReflectiveCall(FrameworkMethod.java:50)
	at org.junit.internal.runners.model.ReflectiveCallable.run(ReflectiveCallable.java:12)
	at org.junit.runners.model.FrameworkMethod.invokeExplosively(FrameworkMethod.java:47)
	at com.tngtech.java.junit.dataprovider.DataProviderFrameworkMethod.invokeExplosively(DataProviderFrameworkMethod.java:119)
	at org.junit.internal.runners.statements.InvokeMethod.evaluate(InvokeMethod.java:17)
	at org.junit.rules.TestWatcher$1.evaluate(TestWatcher.java:55)
	at org.junit.rules.RunRules.evaluate(RunRules.java:20)
	at org.junit.runners.ParentRunner.runLeaf(ParentRunner.java:325)
	at com.dotcms.junit.CustomDataProviderRunner.runChild(CustomDataProviderRunner.java:28)
	at com.dotcms.junit.CustomDataProviderRunner.runChild(CustomDataProviderRunner.java:13)
	at org.junit.runners.ParentRunner$3.run(ParentRunner.java:290)
	at org.junit.runners.ParentRunner$1.schedule(ParentRunner.java:71)
	at org.junit.runners.ParentRunner.runChildren(ParentRunner.java:288)
	at org.junit.runners.ParentRunner.access$000(ParentRunner.java:58)
	at org.junit.runners.ParentRunner$2.evaluate(ParentRunner.java:268)
	at org.junit.internal.runners.statements.RunBefores.evaluate(RunBefores.java:26)
	at org.junit.internal.runners.statements.RunAfters.evaluate(RunAfters.java:27)
	at org.junit.runners.ParentRunner.run(ParentRunner.java:363)
	at org.junit.runners.Suite.runChild(Suite.java:128)
	at org.junit.runners.Suite.runChild(Suite.java:27)
	at org.junit.runners.ParentRunner$3.run(ParentRunner.java:290)
	at org.junit.runners.ParentRunner$1.schedule(ParentRunner.java:71)
	at org.junit.runners.ParentRunner.runChildren(ParentRunner.java:288)
	at org.junit.runners.ParentRunner.access$000(ParentRunner.java:58)
	at org.junit.runners.ParentRunner$2.evaluate(ParentRunner.java:268)
	at org.junit.runners.ParentRunner.run(ParentRunner.java:363)
	at org.gradle.api.internal.tasks.testing.junit.JUnitTestClassExecutor.runTestClass(JUnitTestClassExecutor.java:106)
	at org.gradle.api.internal.tasks.testing.junit.JUnitTestClassExecutor.execute(JUnitTestClassExecutor.java:58)
	at org.gradle.api.internal.tasks.testing.junit.JUnitTestClassExecutor.execute(JUnitTestClassExecutor.java:38)
	at org.gradle.api.internal.tasks.testing.junit.AbstractJUnitTestClassProcessor.processTestClass(AbstractJUnitTestClassProcessor.java:66)
	at org.gradle.api.internal.tasks.testing.SuiteTestClassProcessor.processTestClass(SuiteTestClassProcessor.java:51)
	at sun.reflect.NativeMethodAccessorImpl.invoke0(Native Method)
	at sun.reflect.NativeMethodAccessorImpl.invoke(NativeMethodAccessorImpl.java:62)
	at sun.reflect.DelegatingMethodAccessorImpl.invoke(DelegatingMethodAccessorImpl.java:43)
	at java.lang.reflect.Method.invoke(Method.java:498)
	at org.gradle.internal.dispatch.ReflectionDispatch.dispatch(ReflectionDispatch.java:35)
	at org.gradle.internal.dispatch.ReflectionDispatch.dispatch(ReflectionDispatch.java:24)
	at org.gradle.internal.dispatch.ContextClassLoaderDispatch.dispatch(ContextClassLoaderDispatch.java:32)
	at org.gradle.internal.dispatch.ProxyDispatchAdapter$DispatchingInvocationHandler.invoke(ProxyDispatchAdapter.java:93)
	at com.sun.proxy.$Proxy2.processTestClass(Unknown Source)
	at org.gradle.api.internal.tasks.testing.worker.TestWorker.processTestClass(TestWorker.java:117)
	at sun.reflect.NativeMethodAccessorImpl.invoke0(Native Method)
	at sun.reflect.NativeMethodAccessorImpl.invoke(NativeMethodAccessorImpl.java:62)
	at sun.reflect.DelegatingMethodAccessorImpl.invoke(DelegatingMethodAccessorImpl.java:43)
	at java.lang.reflect.Method.invoke(Method.java:498)
	at org.gradle.internal.dispatch.ReflectionDispatch.dispatch(ReflectionDispatch.java:35)
	at org.gradle.internal.dispatch.ReflectionDispatch.dispatch(ReflectionDispatch.java:24)
	at org.gradle.internal.remote.internal.hub.MessageHubBackedObjectConnection$DispatchWrapper.dispatch(MessageHubBackedObjectConnection.java:155)
	at org.gradle.internal.remote.internal.hub.MessageHubBackedObjectConnection$DispatchWrapper.dispatch(MessageHubBackedObjectConnection.java:137)
	at org.gradle.internal.remote.internal.hub.MessageHub$Handler.run(MessageHub.java:404)
	at org.gradle.internal.concurrent.ExecutorPolicy$CatchAndRecordFailures.onExecute(ExecutorPolicy.java:63)
	at org.gradle.internal.concurrent.ManagedExecutorImpl$1.run(ManagedExecutorImpl.java:46)
	at java.util.concurrent.ThreadPoolExecutor.runWorker(ThreadPoolExecutor.java:1149)
	at java.util.concurrent.ThreadPoolExecutor$Worker.run(ThreadPoolExecutor.java:624)
	at org.gradle.internal.concurrent.ThreadFactoryImpl$ManagedThreadRunnable.run(ThreadFactoryImpl.java:55)
	at java.lang.Thread.run(Thread.java:748)
</pre>
</span>
</div>
<div class="test">
<a name="publish[4: com.dotcms.publishing.PublisherAPIImplTest$TestCase@3d86e3fb]"></a>
<h3 class="failures">publish[4: com.dotcms.publishing.PublisherAPIImplTest$TestCase@3d86e3fb]</h3>
<span class="code">
<pre>java.lang.AssertionError: Fail for Folder:
Asset -&gt; com.dotmarketing.portlets.folders.model.Folder@5a40f4f9[name=testName1615327090411,sortOrder=0,showOnMenu=false,hostId=c76653de-c356-4759-a046-3dab2783d081,title=testTitle1615327090411,filesMasks=&lt;null&gt;,defaultFileType=33888b6f-7a8e-4069-b1b6-5c1aa9d0a48d,modDate=2021-03-09 21:58:10.0,iDate=2021-03-09 21:58:10.0,type=folder,owner=&lt;null&gt;,inode=4bc7b8e2-f6a9-4c89-9230-8e8f2ca46ba6,identifier=27d915b6-01e6-43e8-928a-afe349e740b4] 
difference -&gt; inode&gt;4bc7b8e2-f6a9-4c89-9230-8e8f2ca46ba6&lt;/inode&gt;&lt;identifier&gt;27d915b6-01e6-43e8-928a-afe349e740b4&lt;/identifier&gt;&lt;name&gt;testName1615327090411&lt;/name&gt;&lt;sortOrder&gt;0&lt;/sortOrder&gt;&lt;showOnMenu&gt;false&lt;/showOnMenu&gt;&lt;hostId&gt;c76653de-c356-4759-a046-3dab2783d081&lt;/hostId&gt;&lt;title&gt;testTitle1615327090411&lt;/title&gt;&lt;defaultFileType&gt;33888b6f-7a8e-4069-b1b6-5c1aa9d0a48d&lt;/defaultFileType&gt;&lt;/folder&gt;&lt;folderId&gt;&lt;id&gt;27d915b6-01e6-43e8-928a-afe349e740b4&lt;/id&gt;&lt;assetName&gt;testName1615327090411&lt;/assetName&gt;&lt;assetType&gt;folder&lt;/assetType&gt;&lt;hostId&gt;c76653de-c356-4759-a046-3dab2783d081&lt;/hostId&gt;&lt;assetSubType&gt;Host&lt;/assetSubType&gt;&lt;/hostId&gt;&lt;operation&gt;PUBLISH&lt;/operation&gt;&lt;/com.dotcms.publisher.pusher.wrapper.FolderWrapper&gt;
expected -&gt; &lt;com.dotcms.publisher.pusher.wrapper.FolderWrapper&gt;&lt;folder&gt;&lt;type&gt;folder&lt;/type&gt;&lt;assetSubType&gt;Host&lt;/assetSubType&gt;&lt;/hostId&gt;&lt;operation&gt;PUBLISH&lt;/operation&gt;&lt;/com.dotcms.publisher.pusher.wrapper.FolderWrapper&gt;
real -&gt; &lt;com.dotcms.publisher.pusher.wrapper.FolderWrapper&gt;&lt;folder&gt;&lt;type&gt;folder&lt;/type&gt;&lt;inode&gt;4bc7b8e2-f6a9-4c89-9230-8e8f2ca46ba6&lt;/inode&gt;&lt;identifier&gt;27d915b6-01e6-43e8-928a-afe349e740b4&lt;/identifier&gt;&lt;name&gt;testName1615327090411&lt;/name&gt;&lt;sortOrder&gt;0&lt;/sortOrder&gt;&lt;showOnMenu&gt;false&lt;/showOnMenu&gt;&lt;hostId&gt;c76653de-c356-4759-a046-3dab2783d081&lt;/hostId&gt;&lt;title&gt;testTitle1615327090411&lt;/title&gt;&lt;defaultFileType&gt;33888b6f-7a8e-4069-b1b6-5c1aa9d0a48d&lt;/defaultFileType&gt;&lt;/folder&gt;&lt;folderId&gt;&lt;id&gt;27d915b6-01e6-43e8-928a-afe349e740b4&lt;/id&gt;&lt;assetName&gt;testName1615327090411&lt;/assetName&gt;&lt;assetType&gt;folder&lt;/assetType&gt;&lt;hostId&gt;c76653de-c356-4759-a046-3dab2783d081&lt;/hostId&gt;&lt;assetSubType&gt;Host&lt;/assetSubType&gt;&lt;/hostId&gt;&lt;operation&gt;PUBLISH&lt;/operation&gt;&lt;/com.dotcms.publisher.pusher.wrapper.FolderWrapper&gt;

	at org.jgroups.util.Util.assertEquals(Util.java:185)
	at com.dotcms.test.util.FileTestUtil.assertBundleFile(FileTestUtil.java:254)
	at com.dotcms.test.util.FileTestUtil.assertBundleFile(FileTestUtil.java:151)
	at com.dotcms.publishing.PublisherAPIImplTest.publish(PublisherAPIImplTest.java:383)
	at sun.reflect.NativeMethodAccessorImpl.invoke0(Native Method)
	at sun.reflect.NativeMethodAccessorImpl.invoke(NativeMethodAccessorImpl.java:62)
	at sun.reflect.DelegatingMethodAccessorImpl.invoke(DelegatingMethodAccessorImpl.java:43)
	at java.lang.reflect.Method.invoke(Method.java:498)
	at org.junit.runners.model.FrameworkMethod$1.runReflectiveCall(FrameworkMethod.java:50)
	at org.junit.internal.runners.model.ReflectiveCallable.run(ReflectiveCallable.java:12)
	at org.junit.runners.model.FrameworkMethod.invokeExplosively(FrameworkMethod.java:47)
	at com.tngtech.java.junit.dataprovider.DataProviderFrameworkMethod.invokeExplosively(DataProviderFrameworkMethod.java:119)
	at org.junit.internal.runners.statements.InvokeMethod.evaluate(InvokeMethod.java:17)
	at org.junit.rules.TestWatcher$1.evaluate(TestWatcher.java:55)
	at org.junit.rules.RunRules.evaluate(RunRules.java:20)
	at org.junit.runners.ParentRunner.runLeaf(ParentRunner.java:325)
	at com.dotcms.junit.CustomDataProviderRunner.runChild(CustomDataProviderRunner.java:28)
	at com.dotcms.junit.CustomDataProviderRunner.runChild(CustomDataProviderRunner.java:13)
	at org.junit.runners.ParentRunner$3.run(ParentRunner.java:290)
	at org.junit.runners.ParentRunner$1.schedule(ParentRunner.java:71)
	at org.junit.runners.ParentRunner.runChildren(ParentRunner.java:288)
	at org.junit.runners.ParentRunner.access$000(ParentRunner.java:58)
	at org.junit.runners.ParentRunner$2.evaluate(ParentRunner.java:268)
	at org.junit.internal.runners.statements.RunBefores.evaluate(RunBefores.java:26)
	at org.junit.internal.runners.statements.RunAfters.evaluate(RunAfters.java:27)
	at org.junit.runners.ParentRunner.run(ParentRunner.java:363)
	at org.junit.runners.Suite.runChild(Suite.java:128)
	at org.junit.runners.Suite.runChild(Suite.java:27)
	at org.junit.runners.ParentRunner$3.run(ParentRunner.java:290)
	at org.junit.runners.ParentRunner$1.schedule(ParentRunner.java:71)
	at org.junit.runners.ParentRunner.runChildren(ParentRunner.java:288)
	at org.junit.runners.ParentRunner.access$000(ParentRunner.java:58)
	at org.junit.runners.ParentRunner$2.evaluate(ParentRunner.java:268)
	at org.junit.runners.ParentRunner.run(ParentRunner.java:363)
	at org.gradle.api.internal.tasks.testing.junit.JUnitTestClassExecutor.runTestClass(JUnitTestClassExecutor.java:106)
	at org.gradle.api.internal.tasks.testing.junit.JUnitTestClassExecutor.execute(JUnitTestClassExecutor.java:58)
	at org.gradle.api.internal.tasks.testing.junit.JUnitTestClassExecutor.execute(JUnitTestClassExecutor.java:38)
	at org.gradle.api.internal.tasks.testing.junit.AbstractJUnitTestClassProcessor.processTestClass(AbstractJUnitTestClassProcessor.java:66)
	at org.gradle.api.internal.tasks.testing.SuiteTestClassProcessor.processTestClass(SuiteTestClassProcessor.java:51)
	at sun.reflect.NativeMethodAccessorImpl.invoke0(Native Method)
	at sun.reflect.NativeMethodAccessorImpl.invoke(NativeMethodAccessorImpl.java:62)
	at sun.reflect.DelegatingMethodAccessorImpl.invoke(DelegatingMethodAccessorImpl.java:43)
	at java.lang.reflect.Method.invoke(Method.java:498)
	at org.gradle.internal.dispatch.ReflectionDispatch.dispatch(ReflectionDispatch.java:35)
	at org.gradle.internal.dispatch.ReflectionDispatch.dispatch(ReflectionDispatch.java:24)
	at org.gradle.internal.dispatch.ContextClassLoaderDispatch.dispatch(ContextClassLoaderDispatch.java:32)
	at org.gradle.internal.dispatch.ProxyDispatchAdapter$DispatchingInvocationHandler.invoke(ProxyDispatchAdapter.java:93)
	at com.sun.proxy.$Proxy2.processTestClass(Unknown Source)
	at org.gradle.api.internal.tasks.testing.worker.TestWorker.processTestClass(TestWorker.java:117)
	at sun.reflect.NativeMethodAccessorImpl.invoke0(Native Method)
	at sun.reflect.NativeMethodAccessorImpl.invoke(NativeMethodAccessorImpl.java:62)
	at sun.reflect.DelegatingMethodAccessorImpl.invoke(DelegatingMethodAccessorImpl.java:43)
	at java.lang.reflect.Method.invoke(Method.java:498)
	at org.gradle.internal.dispatch.ReflectionDispatch.dispatch(ReflectionDispatch.java:35)
	at org.gradle.internal.dispatch.ReflectionDispatch.dispatch(ReflectionDispatch.java:24)
	at org.gradle.internal.remote.internal.hub.MessageHubBackedObjectConnection$DispatchWrapper.dispatch(MessageHubBackedObjectConnection.java:155)
	at org.gradle.internal.remote.internal.hub.MessageHubBackedObjectConnection$DispatchWrapper.dispatch(MessageHubBackedObjectConnection.java:137)
	at org.gradle.internal.remote.internal.hub.MessageHub$Handler.run(MessageHub.java:404)
	at org.gradle.internal.concurrent.ExecutorPolicy$CatchAndRecordFailures.onExecute(ExecutorPolicy.java:63)
	at org.gradle.internal.concurrent.ManagedExecutorImpl$1.run(ManagedExecutorImpl.java:46)
	at java.util.concurrent.ThreadPoolExecutor.runWorker(ThreadPoolExecutor.java:1149)
	at java.util.concurrent.ThreadPoolExecutor$Worker.run(ThreadPoolExecutor.java:624)
	at org.gradle.internal.concurrent.ThreadFactoryImpl$ManagedThreadRunnable.run(ThreadFactoryImpl.java:55)
	at java.lang.Thread.run(Thread.java:748)
</pre>
</span>
</div>
<div class="test">
<a name="publish[5: com.dotcms.publishing.PublisherAPIImplTest$TestCase@772f8c07]"></a>
<h3 class="failures">publish[5: com.dotcms.publishing.PublisherAPIImplTest$TestCase@772f8c07]</h3>
<span class="code">
<pre>java.lang.AssertionError: Fail for Link:
Asset -&gt; com.dotmarketing.portlets.links.model.Link@1a1dd8d 
difference -&gt; linkType&gt;EXTERNAL&lt;/linkType&gt;&lt;hostId&gt;73a86294-1382-4327-b03e-8262e3033e03&lt;/hostId&gt;&lt;/com.dotmarketing.portlets.links.model.Link&gt;&lt;/links&gt;&lt;vi class=&quot;com.dotmarketing.portlets.links.model.LinkVersionInfo&quot;&gt;&lt;identifier&gt;5e44ce18-c7be-4e62-a791-2fe21ede6fa5&lt;/identifier&gt;&lt;workingInode&gt;93d94806-90c5-484a-ac3f-2fecf7445dc2&lt;/workingInode&gt;&lt;deleted&gt;false&lt;/deleted&gt;&lt;/vi&gt;&lt;operation&gt;PUBLISH&lt;/operation&gt;&lt;/com.dotcms.publisher.pusher.wrapper.LinkWrapper&gt;
expected -&gt; &lt;com.dotcms.publisher.pusher.wrapper.LinkWrapper&gt;&lt;linkId&gt;&lt;id&gt;5e44ce18-c7be-4e62-a791-2fe21ede6fa5&lt;/id&gt;&lt;assetName&gt;93d94806-90c5-484a-ac3f-2fecf7445dc2&lt;/assetName&gt;&lt;assetType&gt;links&lt;/assetType&gt;&lt;parentPath&gt;/testName1615327091392/&lt;/parentPath&gt;&lt;hostId&gt;73a86294-1382-4327-b03e-8262e3033e03&lt;/hostId&gt;&lt;inode&gt;93d94806-90c5-484a-ac3f-2fecf7445dc2&lt;/inode&gt;&lt;identifier&gt;5e44ce18-c7be-4e62-a791-2fe21ede6fa5&lt;/identifier&gt;&lt;source&gt;DB&lt;/source&gt;&lt;title&gt;LinkTitle1615327091399&lt;/title&gt;&lt;friendlyName&gt;LinkTitle1615327091399&lt;/friendlyName&gt;&lt;modUser&gt;system&lt;/modUser&gt;&lt;sortOrder&gt;0&lt;/sortOrder&gt;&lt;showOnMenu&gt;false&lt;/showOnMenu&gt;&lt;parent&gt;/testName1615327091392/&lt;/parent&gt;&lt;protocal&gt;https://&lt;/protocal&gt;&lt;url&gt;www.google.com&lt;/url&gt;&lt;target&gt;_blank&lt;/target&gt;&lt;internalLinkIdentifier&gt;&lt;/internalLinkIdentifier&gt;&lt;linkType&gt;EXTERNAL&lt;/linkType&gt;&lt;linkCode&gt;&lt;/linkCode&gt;&lt;hostId&gt;73a86294-1382-4327-b03e-8262e3033e03&lt;/hostId&gt;&lt;/com.dotmarketing.portlets.links.model.Link&gt;&lt;/links&gt;&lt;vi class=&quot;com.dotmarketing.portlets.links.model.LinkVersionInfo&quot;&gt;&lt;identifier&gt;5e44ce18-c7be-4e62-a791-2fe21ede6fa5&lt;/identifier&gt;&lt;workingInode&gt;93d94806-90c5-484a-ac3f-2fecf7445dc2&lt;/workingInode&gt;&lt;deleted&gt;false&lt;/deleted&gt;&lt;/vi&gt;&lt;operation&gt;PUBLISH&lt;/operation&gt;&lt;/com.dotcms.publisher.pusher.wrapper.LinkWrapper&gt;
real -&gt; &lt;com.dotcms.publisher.pusher.wrapper.LinkWrapper&gt;&lt;linkId&gt;&lt;id&gt;5e44ce18-c7be-4e62-a791-2fe21ede6fa5&lt;/id&gt;&lt;assetName&gt;93d94806-90c5-484a-ac3f-2fecf7445dc2&lt;/assetName&gt;&lt;assetType&gt;links&lt;/assetType&gt;&lt;parentPath&gt;/testName1615327091392/&lt;/parentPath&gt;&lt;hostId&gt;73a86294-1382-4327-b03e-8262e3033e03&lt;/hostId&gt;&lt;inode&gt;93d94806-90c5-484a-ac3f-2fecf7445dc2&lt;/inode&gt;&lt;identifier&gt;5e44ce18-c7be-4e62-a791-2fe21ede6fa5&lt;/identifier&gt;&lt;source&gt;DB&lt;/source&gt;&lt;title&gt;LinkTitle1615327091399&lt;/title&gt;&lt;friendlyName&gt;LinkTitle1615327091399&lt;/friendlyName&gt;&lt;modUser&gt;system&lt;/modUser&gt;&lt;sortOrder&gt;0&lt;/sortOrder&gt;&lt;showOnMenu&gt;false&lt;/showOnMenu&gt;&lt;parent&gt;/testName1615327091392/&lt;/parent&gt;&lt;protocal&gt;https://&lt;/protocal&gt;&lt;url&gt;www.google.com&lt;/url&gt;&lt;target&gt;_blank&lt;/target&gt;&lt;linkType&gt;EXTERNAL&lt;/linkType&gt;&lt;hostId&gt;73a86294-1382-4327-b03e-8262e3033e03&lt;/hostId&gt;&lt;/com.dotmarketing.portlets.links.model.Link&gt;&lt;/links&gt;&lt;vi class=&quot;com.dotmarketing.portlets.links.model.LinkVersionInfo&quot;&gt;&lt;identifier&gt;5e44ce18-c7be-4e62-a791-2fe21ede6fa5&lt;/identifier&gt;&lt;workingInode&gt;93d94806-90c5-484a-ac3f-2fecf7445dc2&lt;/workingInode&gt;&lt;deleted&gt;false&lt;/deleted&gt;&lt;/vi&gt;&lt;operation&gt;PUBLISH&lt;/operation&gt;&lt;/com.dotcms.publisher.pusher.wrapper.LinkWrapper&gt;

	at org.jgroups.util.Util.assertEquals(Util.java:185)
	at com.dotcms.test.util.FileTestUtil.assertBundleFile(FileTestUtil.java:254)
	at com.dotcms.test.util.FileTestUtil.assertBundleFile(FileTestUtil.java:191)
	at com.dotcms.publishing.PublisherAPIImplTest.publish(PublisherAPIImplTest.java:379)
	at sun.reflect.NativeMethodAccessorImpl.invoke0(Native Method)
	at sun.reflect.NativeMethodAccessorImpl.invoke(NativeMethodAccessorImpl.java:62)
	at sun.reflect.DelegatingMethodAccessorImpl.invoke(DelegatingMethodAccessorImpl.java:43)
	at java.lang.reflect.Method.invoke(Method.java:498)
	at org.junit.runners.model.FrameworkMethod$1.runReflectiveCall(FrameworkMethod.java:50)
	at org.junit.internal.runners.model.ReflectiveCallable.run(ReflectiveCallable.java:12)
	at org.junit.runners.model.FrameworkMethod.invokeExplosively(FrameworkMethod.java:47)
	at com.tngtech.java.junit.dataprovider.DataProviderFrameworkMethod.invokeExplosively(DataProviderFrameworkMethod.java:119)
	at org.junit.internal.runners.statements.InvokeMethod.evaluate(InvokeMethod.java:17)
	at org.junit.rules.TestWatcher$1.evaluate(TestWatcher.java:55)
	at org.junit.rules.RunRules.evaluate(RunRules.java:20)
	at org.junit.runners.ParentRunner.runLeaf(ParentRunner.java:325)
	at com.dotcms.junit.CustomDataProviderRunner.runChild(CustomDataProviderRunner.java:28)
	at com.dotcms.junit.CustomDataProviderRunner.runChild(CustomDataProviderRunner.java:13)
	at org.junit.runners.ParentRunner$3.run(ParentRunner.java:290)
	at org.junit.runners.ParentRunner$1.schedule(ParentRunner.java:71)
	at org.junit.runners.ParentRunner.runChildren(ParentRunner.java:288)
	at org.junit.runners.ParentRunner.access$000(ParentRunner.java:58)
	at org.junit.runners.ParentRunner$2.evaluate(ParentRunner.java:268)
	at org.junit.internal.runners.statements.RunBefores.evaluate(RunBefores.java:26)
	at org.junit.internal.runners.statements.RunAfters.evaluate(RunAfters.java:27)
	at org.junit.runners.ParentRunner.run(ParentRunner.java:363)
	at org.junit.runners.Suite.runChild(Suite.java:128)
	at org.junit.runners.Suite.runChild(Suite.java:27)
	at org.junit.runners.ParentRunner$3.run(ParentRunner.java:290)
	at org.junit.runners.ParentRunner$1.schedule(ParentRunner.java:71)
	at org.junit.runners.ParentRunner.runChildren(ParentRunner.java:288)
	at org.junit.runners.ParentRunner.access$000(ParentRunner.java:58)
	at org.junit.runners.ParentRunner$2.evaluate(ParentRunner.java:268)
	at org.junit.runners.ParentRunner.run(ParentRunner.java:363)
	at org.gradle.api.internal.tasks.testing.junit.JUnitTestClassExecutor.runTestClass(JUnitTestClassExecutor.java:106)
	at org.gradle.api.internal.tasks.testing.junit.JUnitTestClassExecutor.execute(JUnitTestClassExecutor.java:58)
	at org.gradle.api.internal.tasks.testing.junit.JUnitTestClassExecutor.execute(JUnitTestClassExecutor.java:38)
	at org.gradle.api.internal.tasks.testing.junit.AbstractJUnitTestClassProcessor.processTestClass(AbstractJUnitTestClassProcessor.java:66)
	at org.gradle.api.internal.tasks.testing.SuiteTestClassProcessor.processTestClass(SuiteTestClassProcessor.java:51)
	at sun.reflect.NativeMethodAccessorImpl.invoke0(Native Method)
	at sun.reflect.NativeMethodAccessorImpl.invoke(NativeMethodAccessorImpl.java:62)
	at sun.reflect.DelegatingMethodAccessorImpl.invoke(DelegatingMethodAccessorImpl.java:43)
	at java.lang.reflect.Method.invoke(Method.java:498)
	at org.gradle.internal.dispatch.ReflectionDispatch.dispatch(ReflectionDispatch.java:35)
	at org.gradle.internal.dispatch.ReflectionDispatch.dispatch(ReflectionDispatch.java:24)
	at org.gradle.internal.dispatch.ContextClassLoaderDispatch.dispatch(ContextClassLoaderDispatch.java:32)
	at org.gradle.internal.dispatch.ProxyDispatchAdapter$DispatchingInvocationHandler.invoke(ProxyDispatchAdapter.java:93)
	at com.sun.proxy.$Proxy2.processTestClass(Unknown Source)
	at org.gradle.api.internal.tasks.testing.worker.TestWorker.processTestClass(TestWorker.java:117)
	at sun.reflect.NativeMethodAccessorImpl.invoke0(Native Method)
	at sun.reflect.NativeMethodAccessorImpl.invoke(NativeMethodAccessorImpl.java:62)
	at sun.reflect.DelegatingMethodAccessorImpl.invoke(DelegatingMethodAccessorImpl.java:43)
	at java.lang.reflect.Method.invoke(Method.java:498)
	at org.gradle.internal.dispatch.ReflectionDispatch.dispatch(ReflectionDispatch.java:35)
	at org.gradle.internal.dispatch.ReflectionDispatch.dispatch(ReflectionDispatch.java:24)
	at org.gradle.internal.remote.internal.hub.MessageHubBackedObjectConnection$DispatchWrapper.dispatch(MessageHubBackedObjectConnection.java:155)
	at org.gradle.internal.remote.internal.hub.MessageHubBackedObjectConnection$DispatchWrapper.dispatch(MessageHubBackedObjectConnection.java:137)
	at org.gradle.internal.remote.internal.hub.MessageHub$Handler.run(MessageHub.java:404)
	at org.gradle.internal.concurrent.ExecutorPolicy$CatchAndRecordFailures.onExecute(ExecutorPolicy.java:63)
	at org.gradle.internal.concurrent.ManagedExecutorImpl$1.run(ManagedExecutorImpl.java:46)
	at java.util.concurrent.ThreadPoolExecutor.runWorker(ThreadPoolExecutor.java:1149)
	at java.util.concurrent.ThreadPoolExecutor$Worker.run(ThreadPoolExecutor.java:624)
	at org.gradle.internal.concurrent.ThreadFactoryImpl$ManagedThreadRunnable.run(ThreadFactoryImpl.java:55)
	at java.lang.Thread.run(Thread.java:748)
</pre>
</span>
</div>
<div class="test">
<a name="publish[9: com.dotcms.publishing.PublisherAPIImplTest$TestCase@663b0e6c]"></a>
<h3 class="failures">publish[9: com.dotcms.publishing.PublisherAPIImplTest$TestCase@663b0e6c]</h3>
<span class="code">
<pre>java.lang.AssertionError: Fail for Category:
Asset -&gt; com.dotmarketing.portlets.categories.model.Category@1b955687[categoryName=CategoryName1615327086273,description=&lt;null&gt;,key=CategoryKey1615327086273,sortOrder=1,active=true,keywords=&lt;null&gt;,categoryVelocityVarName=VelocityVarName1615327086273] 
difference -&gt; inode&gt;18abed52-7aae-40ee-b703-024972d489aa&lt;/inode&gt;&lt;categoryName&gt;CategoryName1615327086273&lt;/categoryName&gt;&lt;key&gt;CategoryKey1615327086273&lt;/key&gt;&lt;sortOrder&gt;1&lt;/sortOrder&gt;&lt;active&gt;true&lt;/active&gt;&lt;categoryVelocityVarName&gt;VelocityVarName1615327086273&lt;/categoryVelocityVarName&gt;&lt;/category&gt;&lt;children/&gt;&lt;operation&gt;PUBLISH&lt;/operation&gt;&lt;/com.dotcms.publisher.pusher.wrapper.CategoryWrapper&gt;
expected -&gt; &lt;com.dotcms.publisher.pusher.wrapper.CategoryWrapper&gt;&lt;topLevel&gt;true&lt;/topLevel&gt;&lt;category&gt;&lt;type&gt;category&lt;/type&gt;&lt;owner&gt;&lt;/owner&gt;&lt;inode&gt;18abed52-7aae-40ee-b703-024972d489aa&lt;/inode&gt;&lt;categoryName&gt;CategoryName1615327086273&lt;/categoryName&gt;&lt;key&gt;CategoryKey1615327086273&lt;/key&gt;&lt;sortOrder&gt;1&lt;/sortOrder&gt;&lt;active&gt;true&lt;/active&gt;&lt;categoryVelocityVarName&gt;VelocityVarName1615327086273&lt;/categoryVelocityVarName&gt;&lt;/category&gt;&lt;children/&gt;&lt;operation&gt;PUBLISH&lt;/operation&gt;&lt;/com.dotcms.publisher.pusher.wrapper.CategoryWrapper&gt;
real -&gt; &lt;com.dotcms.publisher.pusher.wrapper.CategoryWrapper&gt;&lt;topLevel&gt;true&lt;/topLevel&gt;&lt;category&gt;&lt;type&gt;category&lt;/type&gt;&lt;inode&gt;18abed52-7aae-40ee-b703-024972d489aa&lt;/inode&gt;&lt;categoryName&gt;CategoryName1615327086273&lt;/categoryName&gt;&lt;key&gt;CategoryKey1615327086273&lt;/key&gt;&lt;sortOrder&gt;1&lt;/sortOrder&gt;&lt;active&gt;true&lt;/active&gt;&lt;categoryVelocityVarName&gt;VelocityVarName1615327086273&lt;/categoryVelocityVarName&gt;&lt;/category&gt;&lt;children/&gt;&lt;operation&gt;PUBLISH&lt;/operation&gt;&lt;/com.dotcms.publisher.pusher.wrapper.CategoryWrapper&gt;

	at org.jgroups.util.Util.assertEquals(Util.java:185)
	at com.dotcms.test.util.FileTestUtil.assertBundleFile(FileTestUtil.java:254)
	at com.dotcms.test.util.FileTestUtil.assertBundleFile(FileTestUtil.java:151)
	at com.dotcms.publishing.PublisherAPIImplTest.publish(PublisherAPIImplTest.java:383)
	at sun.reflect.NativeMethodAccessorImpl.invoke0(Native Method)
	at sun.reflect.NativeMethodAccessorImpl.invoke(NativeMethodAccessorImpl.java:62)
	at sun.reflect.DelegatingMethodAccessorImpl.invoke(DelegatingMethodAccessorImpl.java:43)
	at java.lang.reflect.Method.invoke(Method.java:498)
	at org.junit.runners.model.FrameworkMethod$1.runReflectiveCall(FrameworkMethod.java:50)
	at org.junit.internal.runners.model.ReflectiveCallable.run(ReflectiveCallable.java:12)
	at org.junit.runners.model.FrameworkMethod.invokeExplosively(FrameworkMethod.java:47)
	at com.tngtech.java.junit.dataprovider.DataProviderFrameworkMethod.invokeExplosively(DataProviderFrameworkMethod.java:119)
	at org.junit.internal.runners.statements.InvokeMethod.evaluate(InvokeMethod.java:17)
	at org.junit.rules.TestWatcher$1.evaluate(TestWatcher.java:55)
	at org.junit.rules.RunRules.evaluate(RunRules.java:20)
	at org.junit.runners.ParentRunner.runLeaf(ParentRunner.java:325)
	at com.dotcms.junit.CustomDataProviderRunner.runChild(CustomDataProviderRunner.java:28)
	at com.dotcms.junit.CustomDataProviderRunner.runChild(CustomDataProviderRunner.java:13)
	at org.junit.runners.ParentRunner$3.run(ParentRunner.java:290)
	at org.junit.runners.ParentRunner$1.schedule(ParentRunner.java:71)
	at org.junit.runners.ParentRunner.runChildren(ParentRunner.java:288)
	at org.junit.runners.ParentRunner.access$000(ParentRunner.java:58)
	at org.junit.runners.ParentRunner$2.evaluate(ParentRunner.java:268)
	at org.junit.internal.runners.statements.RunBefores.evaluate(RunBefores.java:26)
	at org.junit.internal.runners.statements.RunAfters.evaluate(RunAfters.java:27)
	at org.junit.runners.ParentRunner.run(ParentRunner.java:363)
	at org.junit.runners.Suite.runChild(Suite.java:128)
	at org.junit.runners.Suite.runChild(Suite.java:27)
	at org.junit.runners.ParentRunner$3.run(ParentRunner.java:290)
	at org.junit.runners.ParentRunner$1.schedule(ParentRunner.java:71)
	at org.junit.runners.ParentRunner.runChildren(ParentRunner.java:288)
	at org.junit.runners.ParentRunner.access$000(ParentRunner.java:58)
	at org.junit.runners.ParentRunner$2.evaluate(ParentRunner.java:268)
	at org.junit.runners.ParentRunner.run(ParentRunner.java:363)
	at org.gradle.api.internal.tasks.testing.junit.JUnitTestClassExecutor.runTestClass(JUnitTestClassExecutor.java:106)
	at org.gradle.api.internal.tasks.testing.junit.JUnitTestClassExecutor.execute(JUnitTestClassExecutor.java:58)
	at org.gradle.api.internal.tasks.testing.junit.JUnitTestClassExecutor.execute(JUnitTestClassExecutor.java:38)
	at org.gradle.api.internal.tasks.testing.junit.AbstractJUnitTestClassProcessor.processTestClass(AbstractJUnitTestClassProcessor.java:66)
	at org.gradle.api.internal.tasks.testing.SuiteTestClassProcessor.processTestClass(SuiteTestClassProcessor.java:51)
	at sun.reflect.NativeMethodAccessorImpl.invoke0(Native Method)
	at sun.reflect.NativeMethodAccessorImpl.invoke(NativeMethodAccessorImpl.java:62)
	at sun.reflect.DelegatingMethodAccessorImpl.invoke(DelegatingMethodAccessorImpl.java:43)
	at java.lang.reflect.Method.invoke(Method.java:498)
	at org.gradle.internal.dispatch.ReflectionDispatch.dispatch(ReflectionDispatch.java:35)
	at org.gradle.internal.dispatch.ReflectionDispatch.dispatch(ReflectionDispatch.java:24)
	at org.gradle.internal.dispatch.ContextClassLoaderDispatch.dispatch(ContextClassLoaderDispatch.java:32)
	at org.gradle.internal.dispatch.ProxyDispatchAdapter$DispatchingInvocationHandler.invoke(ProxyDispatchAdapter.java:93)
	at com.sun.proxy.$Proxy2.processTestClass(Unknown Source)
	at org.gradle.api.internal.tasks.testing.worker.TestWorker.processTestClass(TestWorker.java:117)
	at sun.reflect.NativeMethodAccessorImpl.invoke0(Native Method)
	at sun.reflect.NativeMethodAccessorImpl.invoke(NativeMethodAccessorImpl.java:62)
	at sun.reflect.DelegatingMethodAccessorImpl.invoke(DelegatingMethodAccessorImpl.java:43)
	at java.lang.reflect.Method.invoke(Method.java:498)
	at org.gradle.internal.dispatch.ReflectionDispatch.dispatch(ReflectionDispatch.java:35)
	at org.gradle.internal.dispatch.ReflectionDispatch.dispatch(ReflectionDispatch.java:24)
	at org.gradle.internal.remote.internal.hub.MessageHubBackedObjectConnection$DispatchWrapper.dispatch(MessageHubBackedObjectConnection.java:155)
	at org.gradle.internal.remote.internal.hub.MessageHubBackedObjectConnection$DispatchWrapper.dispatch(MessageHubBackedObjectConnection.java:137)
	at org.gradle.internal.remote.internal.hub.MessageHub$Handler.run(MessageHub.java:404)
	at org.gradle.internal.concurrent.ExecutorPolicy$CatchAndRecordFailures.onExecute(ExecutorPolicy.java:63)
	at org.gradle.internal.concurrent.ManagedExecutorImpl$1.run(ManagedExecutorImpl.java:46)
	at java.util.concurrent.ThreadPoolExecutor.runWorker(ThreadPoolExecutor.java:1149)
	at java.util.concurrent.ThreadPoolExecutor$Worker.run(ThreadPoolExecutor.java:624)
	at org.gradle.internal.concurrent.ThreadFactoryImpl$ManagedThreadRunnable.run(ThreadFactoryImpl.java:55)
	at java.lang.Thread.run(Thread.java:748)
</pre>
</span>
</div>
</div>
<div id="tab1" class="tab">
<h2>Tests</h2>
<table>
<thead>
<tr>
<th>Test</th>
<th>Duration</th>
<th>Result</th>
</tr>
</thead>
<tr>
<td class="failures">publish[0: com.dotcms.publishing.PublisherAPIImplTest$TestCase@18ac29fc]</td>
<td class="failures">0.186s</td>
<td class="failures">failed</td>
</tr>
<tr>
<td class="failures">publish[10: com.dotcms.publishing.PublisherAPIImplTest$TestCase@64e93348]</td>
<td class="failures">0.086s</td>
<td class="failures">failed</td>
</tr>
<tr>
<td class="failures">publish[11: com.dotcms.publishing.PublisherAPIImplTest$TestCase@61b25fa6]</td>
<td class="failures">0.095s</td>
<td class="failures">failed</td>
</tr>
<tr>
<td class="failures">publish[12: com.dotcms.publishing.PublisherAPIImplTest$TestCase@739c9798]</td>
<td class="failures">0.581s</td>
<td class="failures">failed</td>
</tr>
<tr>
<td class="failures">publish[13: com.dotcms.publishing.PublisherAPIImplTest$TestCase@4d6aafe9]</td>
<td class="failures">0.376s</td>
<td class="failures">failed</td>
</tr>
<tr>
<td class="failures">publish[14: com.dotcms.publishing.PublisherAPIImplTest$TestCase@6034a67f]</td>
<td class="failures">0.086s</td>
<td class="failures">failed</td>
</tr>
<tr>
<td class="success">publish[15: com.dotcms.publishing.PublisherAPIImplTest$TestCase@13888ab0]</td>
<td class="success">0.082s</td>
<td class="success">passed</td>
</tr>
<tr>
<td class="success">publish[16: com.dotcms.publishing.PublisherAPIImplTest$TestCase@4bfef0e]</td>
<td class="success">0.078s</td>
<td class="success">passed</td>
</tr>
<tr>
<td class="success">publish[17: com.dotcms.publishing.PublisherAPIImplTest$TestCase@1cb20d97]</td>
<td class="success">0.034s</td>
<td class="success">passed</td>
</tr>
<tr>
<td class="failures">publish[1: com.dotcms.publishing.PublisherAPIImplTest$TestCase@277db3c7]</td>
<td class="failures">0.115s</td>
<td class="failures">failed</td>
</tr>
<tr>
<td class="failures">publish[2: com.dotcms.publishing.PublisherAPIImplTest$TestCase@af70656]</td>
<td class="failures">0.112s</td>
<td class="failures">failed</td>
</tr>
<tr>
<td class="failures">publish[3: com.dotcms.publishing.PublisherAPIImplTest$TestCase@441cc14d]</td>
<td class="failures">0.747s</td>
<td class="failures">failed</td>
</tr>
<tr>
<td class="failures">publish[4: com.dotcms.publishing.PublisherAPIImplTest$TestCase@3d86e3fb]</td>
<td class="failures">0.443s</td>
<td class="failures">failed</td>
</tr>
<tr>
<td class="failures">publish[5: com.dotcms.publishing.PublisherAPIImplTest$TestCase@772f8c07]</td>
<td class="failures">0.096s</td>
<td class="failures">failed</td>
</tr>
<tr>
<td class="success">publish[6: com.dotcms.publishing.PublisherAPIImplTest$TestCase@4558f102]</td>
<td class="success">0.088s</td>
<td class="success">passed</td>
</tr>
<tr>
<td class="success">publish[7: com.dotcms.publishing.PublisherAPIImplTest$TestCase@67ec564d]</td>
<td class="success">0.125s</td>
<td class="success">passed</td>
</tr>
<tr>
<td class="success">publish[8: com.dotcms.publishing.PublisherAPIImplTest$TestCase@6d7ff870]</td>
<td class="success">0.050s</td>
<td class="success">passed</td>
</tr>
<tr>
<td class="failures">publish[9: com.dotcms.publishing.PublisherAPIImplTest$TestCase@663b0e6c]</td>
<td class="failures">0.091s</td>
<td class="failures">failed</td>
</tr>
</table>
</div>
<div id="tab2" class="tab">
<h2>Standard output</h2>
<span class="code">
<pre>

















</pre>
</span>
</div>
</div>
<div id="footer">
<p>
<div>
<label class="hidden" id="label-for-line-wrapping-toggle" for="line-wrapping-toggle">Wrap lines
<input id="line-wrapping-toggle" type="checkbox" autocomplete="off"/>
</label>
</div>Generated by 
<a href="http://www.gradle.org">Gradle 4.10.2</a> at Mar 9, 2021 11:22:49 PM</p>
</div>
</div>
</body>
</html>
