<!DOCTYPE html>
<html>
<head>
<meta http-equiv="Content-Type" content="text/html; charset=utf-8"/>
<meta http-equiv="x-ua-compatible" content="IE=edge"/>
<title>Test results - Class com.dotcms.publishing.PublisherAPIImplTest</title>
<link href="../css/base-style.css" rel="stylesheet" type="text/css"/>
<link href="../css/style.css" rel="stylesheet" type="text/css"/>
<script src="../js/report.js" type="text/javascript"></script>
</head>
<body>
<div id="content">
<h1>Class com.dotcms.publishing.PublisherAPIImplTest</h1>
<div class="breadcrumbs">
<a href="../index.html">all</a> &gt; 
<a href="../packages/com.dotcms.publishing.html">com.dotcms.publishing</a> &gt; PublisherAPIImplTest</div>
<div id="summary">
<table>
<tr>
<td>
<div class="summaryGroup">
<table>
<tr>
<td>
<div class="infoBox" id="tests">
<div class="counter">18</div>
<p>tests</p>
</div>
</td>
<td>
<div class="infoBox" id="failures">
<div class="counter">18</div>
<p>failures</p>
</div>
</td>
<td>
<div class="infoBox" id="ignored">
<div class="counter">0</div>
<p>ignored</p>
</div>
</td>
<td>
<div class="infoBox" id="duration">
<div class="counter">1.949s</div>
<p>duration</p>
</div>
</td>
</tr>
</table>
</div>
</td>
<td>
<div class="infoBox failures" id="successRate">
<div class="percent">0%</div>
<p>successful</p>
</div>
</td>
</tr>
</table>
</div>
<div id="tabs">
<ul class="tabLinks">
<li>
<a href="#tab0">Failed tests</a>
</li>
<li>
<a href="#tab1">Tests</a>
</li>
<li>
<a href="#tab2">Standard output</a>
</li>
</ul>
<div id="tab0" class="tab">
<h2>Failed tests</h2>
<div class="test">
<a name="publish[0: com.dotcms.publishing.PublisherAPIImplTest$TestCase@2dd98307]"></a>
<h3 class="failures">publish[0: com.dotcms.publishing.PublisherAPIImplTest$TestCase@2dd98307]</h3>
<span class="code">
<pre>java.lang.AssertionError: Expected 24 but get 26 in /custom/assets/bundles/01EYRKRCDGQDXKK6BH8AM3ZYBX
Expected [/custom/assets/bundles/01EYRKRCDGQDXKK6BH8AM3ZYBX/live/System Host/1/2030b8b0-2d76-448d-97b5-61f5a26e434a.contentworkflow.xml, /custom/assets/bundles/01EYRKRCDGQDXKK6BH8AM3ZYBX/live/System Host/1/content.6f032a46-096f-420e-b50d-23059525de8c.host.xml, /custom/assets/bundles/01EYRKRCDGQDXKK6BH8AM3ZYBX/a3ea60ff-5fbc-4150-aab0-2cb735e2ded9.workflow.xml, /custom/assets/bundles/01EYRKRCDGQDXKK6BH8AM3ZYBX/live/System Host/1/0-content.08a87575-65a1-436d-9e9f-adccc241ea4e.content.xml, /custom/assets/bundles/01EYRKRCDGQDXKK6BH8AM3ZYBX/d61a59e1-a49c-46f2-a929-db2b4bfa88b2.workflow.xml, /custom/assets/bundles/01EYRKRCDGQDXKK6BH8AM3ZYBX/working/test1613581585243.dotcms.com/9c5ff789-1ccb-4a8b-96fd-c0b63ee50076.contentType.json, /custom/assets/bundles/01EYRKRCDGQDXKK6BH8AM3ZYBX/working/System Host/f4d7c1b8-2c88-4071-abf1-a5328977b07d.contentType.json, /custom/assets/bundles/01EYRKRCDGQDXKK6BH8AM3ZYBX/live/default/cdb61b9f-afcb-4ee2-90c2-4b3858190e06.rule.xml, /custom/assets/bundles/01EYRKRCDGQDXKK6BH8AM3ZYBX/live/System Host/1properties, /custom/assets/bundles/01EYRKRCDGQDXKK6BH8AM3ZYBX/working/System Host/1/content.ff462f88-d9e1-4d31-b084-b73cb61976d3.host.xml, /custom/assets/bundles/01EYRKRCDGQDXKK6BH8AM3ZYBX/working/test1613581585243.dotcms.com/0972685d-693d-4f50-8357-63b0ef593e04.contentType.json, /custom/assets/bundles/01EYRKRCDGQDXKK6BH8AM3ZYBX/working/System Host/b6e28a88-5266-479f-8970-224336c0b844.category.dpc.xml, /custom/assets/bundles/01EYRKRCDGQDXKK6BH8AM3ZYBX/live/System Host/kq_TW.language.xml, /custom/assets/bundles/01EYRKRCDGQDXKK6BH8AM3ZYBX/live/System Host/1/content.ff462f88-d9e1-4d31-b084-b73cb61976d3.host.xml, /custom/assets/bundles/01EYRKRCDGQDXKK6BH8AM3ZYBX/live/System Host/1/3-content.5032bde4-e2ca-4b2d-955a-870d50a8697d.content.xml, /custom/assets/bundles/01EYRKRCDGQDXKK6BH8AM3ZYBX/live/default/1613583766317/2-content.47f5e0c3-ee5f-49b5-af14-f9369e420284.content.xml, /custom/assets/bundles/01EYRKRCDGQDXKK6BH8AM3ZYBX/working/test1613581585243.dotcms.com/bcc2e84e-ea4f-493e-8b66-909505d211ff.relationship.xml, /custom/assets/bundles/01EYRKRCDGQDXKK6BH8AM3ZYBX/live/System Host/1613583766317properties, /custom/assets/bundles/01EYRKRCDGQDXKK6BH8AM3ZYBX/working/System Host/1/2030b8b0-2d76-448d-97b5-61f5a26e434a.contentworkflow.xml, /custom/assets/bundles/01EYRKRCDGQDXKK6BH8AM3ZYBX/live/System Host/en_US.language.xml, /custom/assets/bundles/01EYRKRCDGQDXKK6BH8AM3ZYBX/live/default/1613583766317/6cba0aa1-bea6-4f3f-b567-2a4c1a76e866.contentworkflow.xml, /custom/assets/bundles/01EYRKRCDGQDXKK6BH8AM3ZYBX/live/System Host/1/305b6c96-91d7-443d-a84f-4eee62330959.contentworkflow.xml, /custom/assets/bundles/01EYRKRCDGQDXKK6BH8AM3ZYBX/working/System Host/1/1-content.08a87575-65a1-436d-9e9f-adccc241ea4e.content.xml]
Existing [/custom/assets/bundles/01EYRKRCDGQDXKK6BH8AM3ZYBX/ROOT/bc9a1d37-dd2d-4d49-a29d-0c9be740bfaf.folder.xml, /custom/assets/bundles/01EYRKRCDGQDXKK6BH8AM3ZYBX/a3ea60ff-5fbc-4150-aab0-2cb735e2ded9.workflow.xml, /custom/assets/bundles/01EYRKRCDGQDXKK6BH8AM3ZYBX/bundle.xml, /custom/assets/bundles/01EYRKRCDGQDXKK6BH8AM3ZYBX/d61a59e1-a49c-46f2-a929-db2b4bfa88b2.workflow.xml, /custom/assets/bundles/01EYRKRCDGQDXKK6BH8AM3ZYBX/live/System Host/1/0-content.08a87575-65a1-436d-9e9f-adccc241ea4e.content.xml, /custom/assets/bundles/01EYRKRCDGQDXKK6BH8AM3ZYBX/live/System Host/1/2030b8b0-2d76-448d-97b5-61f5a26e434a.contentworkflow.xml, /custom/assets/bundles/01EYRKRCDGQDXKK6BH8AM3ZYBX/live/System Host/1/3-content.5032bde4-e2ca-4b2d-955a-870d50a8697d.content.xml, /custom/assets/bundles/01EYRKRCDGQDXKK6BH8AM3ZYBX/live/System Host/1/305b6c96-91d7-443d-a84f-4eee62330959.contentworkflow.xml, /custom/assets/bundles/01EYRKRCDGQDXKK6BH8AM3ZYBX/live/System Host/1/content.6f032a46-096f-420e-b50d-23059525de8c.host.xml, /custom/assets/bundles/01EYRKRCDGQDXKK6BH8AM3ZYBX/live/System Host/1/content.ff462f88-d9e1-4d31-b084-b73cb61976d3.host.xml, /custom/assets/bundles/01EYRKRCDGQDXKK6BH8AM3ZYBX/live/System Host/1/system host.host.xml, /custom/assets/bundles/01EYRKRCDGQDXKK6BH8AM3ZYBX/live/System Host/1613583766317properties, /custom/assets/bundles/01EYRKRCDGQDXKK6BH8AM3ZYBX/live/System Host/1properties, /custom/assets/bundles/01EYRKRCDGQDXKK6BH8AM3ZYBX/live/System Host/en_US.language.xml, /custom/assets/bundles/01EYRKRCDGQDXKK6BH8AM3ZYBX/live/System Host/kq_TW.language.xml, /custom/assets/bundles/01EYRKRCDGQDXKK6BH8AM3ZYBX/live/default/1613583766317/2-content.47f5e0c3-ee5f-49b5-af14-f9369e420284.content.xml, /custom/assets/bundles/01EYRKRCDGQDXKK6BH8AM3ZYBX/live/default/1613583766317/6cba0aa1-bea6-4f3f-b567-2a4c1a76e866.contentworkflow.xml, /custom/assets/bundles/01EYRKRCDGQDXKK6BH8AM3ZYBX/live/default/cdb61b9f-afcb-4ee2-90c2-4b3858190e06.rule.xml, /custom/assets/bundles/01EYRKRCDGQDXKK6BH8AM3ZYBX/working/System Host/1/1-content.08a87575-65a1-436d-9e9f-adccc241ea4e.content.xml, /custom/assets/bundles/01EYRKRCDGQDXKK6BH8AM3ZYBX/working/System Host/1/2030b8b0-2d76-448d-97b5-61f5a26e434a.contentworkflow.xml, /custom/assets/bundles/01EYRKRCDGQDXKK6BH8AM3ZYBX/working/System Host/1/content.ff462f88-d9e1-4d31-b084-b73cb61976d3.host.xml, /custom/assets/bundles/01EYRKRCDGQDXKK6BH8AM3ZYBX/working/System Host/b6e28a88-5266-479f-8970-224336c0b844.category.dpc.xml, /custom/assets/bundles/01EYRKRCDGQDXKK6BH8AM3ZYBX/working/System Host/f4d7c1b8-2c88-4071-abf1-a5328977b07d.contentType.json, /custom/assets/bundles/01EYRKRCDGQDXKK6BH8AM3ZYBX/working/test1613581585243.dotcms.com/0972685d-693d-4f50-8357-63b0ef593e04.contentType.json, /custom/assets/bundles/01EYRKRCDGQDXKK6BH8AM3ZYBX/working/test1613581585243.dotcms.com/9c5ff789-1ccb-4a8b-96fd-c0b63ee50076.contentType.json, /custom/assets/bundles/01EYRKRCDGQDXKK6BH8AM3ZYBX/working/test1613581585243.dotcms.com/bcc2e84e-ea4f-493e-8b66-909505d211ff.relationship.xml]
difference [/custom/assets/bundles/01EYRKRCDGQDXKK6BH8AM3ZYBX/ROOT/bc9a1d37-dd2d-4d49-a29d-0c9be740bfaf.folder.xml, /custom/assets/bundles/01EYRKRCDGQDXKK6BH8AM3ZYBX/bundle.xml, /custom/assets/bundles/01EYRKRCDGQDXKK6BH8AM3ZYBX/live/System Host/1/system host.host.xml]

	at org.jgroups.util.Util.assertEquals(Util.java:185)
	at com.dotcms.publishing.PublisherAPIImplTest.publish(PublisherAPIImplTest.java:407)
	at sun.reflect.NativeMethodAccessorImpl.invoke0(Native Method)
	at sun.reflect.NativeMethodAccessorImpl.invoke(NativeMethodAccessorImpl.java:62)
	at sun.reflect.DelegatingMethodAccessorImpl.invoke(DelegatingMethodAccessorImpl.java:43)
	at java.lang.reflect.Method.invoke(Method.java:498)
	at org.junit.runners.model.FrameworkMethod$1.runReflectiveCall(FrameworkMethod.java:50)
	at org.junit.internal.runners.model.ReflectiveCallable.run(ReflectiveCallable.java:12)
	at org.junit.runners.model.FrameworkMethod.invokeExplosively(FrameworkMethod.java:47)
	at com.tngtech.java.junit.dataprovider.DataProviderFrameworkMethod.invokeExplosively(DataProviderFrameworkMethod.java:119)
	at org.junit.internal.runners.statements.InvokeMethod.evaluate(InvokeMethod.java:17)
	at org.junit.rules.TestWatcher$1.evaluate(TestWatcher.java:55)
	at org.junit.rules.RunRules.evaluate(RunRules.java:20)
	at org.junit.runners.ParentRunner.runLeaf(ParentRunner.java:325)
	at com.dotcms.junit.CustomDataProviderRunner.runChild(CustomDataProviderRunner.java:28)
	at com.dotcms.junit.CustomDataProviderRunner.runChild(CustomDataProviderRunner.java:13)
	at org.junit.runners.ParentRunner$3.run(ParentRunner.java:290)
	at org.junit.runners.ParentRunner$1.schedule(ParentRunner.java:71)
	at org.junit.runners.ParentRunner.runChildren(ParentRunner.java:288)
	at org.junit.runners.ParentRunner.access$000(ParentRunner.java:58)
	at org.junit.runners.ParentRunner$2.evaluate(ParentRunner.java:268)
	at org.junit.internal.runners.statements.RunBefores.evaluate(RunBefores.java:26)
	at org.junit.internal.runners.statements.RunAfters.evaluate(RunAfters.java:27)
	at org.junit.runners.ParentRunner.run(ParentRunner.java:363)
	at org.junit.runners.Suite.runChild(Suite.java:128)
	at org.junit.runners.Suite.runChild(Suite.java:27)
	at org.junit.runners.ParentRunner$3.run(ParentRunner.java:290)
	at org.junit.runners.ParentRunner$1.schedule(ParentRunner.java:71)
	at org.junit.runners.ParentRunner.runChildren(ParentRunner.java:288)
	at org.junit.runners.ParentRunner.access$000(ParentRunner.java:58)
	at org.junit.runners.ParentRunner$2.evaluate(ParentRunner.java:268)
	at org.junit.runners.ParentRunner.run(ParentRunner.java:363)
	at org.gradle.api.internal.tasks.testing.junit.JUnitTestClassExecutor.runTestClass(JUnitTestClassExecutor.java:106)
	at org.gradle.api.internal.tasks.testing.junit.JUnitTestClassExecutor.execute(JUnitTestClassExecutor.java:58)
	at org.gradle.api.internal.tasks.testing.junit.JUnitTestClassExecutor.execute(JUnitTestClassExecutor.java:38)
	at org.gradle.api.internal.tasks.testing.junit.AbstractJUnitTestClassProcessor.processTestClass(AbstractJUnitTestClassProcessor.java:66)
	at org.gradle.api.internal.tasks.testing.SuiteTestClassProcessor.processTestClass(SuiteTestClassProcessor.java:51)
	at sun.reflect.NativeMethodAccessorImpl.invoke0(Native Method)
	at sun.reflect.NativeMethodAccessorImpl.invoke(NativeMethodAccessorImpl.java:62)
	at sun.reflect.DelegatingMethodAccessorImpl.invoke(DelegatingMethodAccessorImpl.java:43)
	at java.lang.reflect.Method.invoke(Method.java:498)
	at org.gradle.internal.dispatch.ReflectionDispatch.dispatch(ReflectionDispatch.java:35)
	at org.gradle.internal.dispatch.ReflectionDispatch.dispatch(ReflectionDispatch.java:24)
	at org.gradle.internal.dispatch.ContextClassLoaderDispatch.dispatch(ContextClassLoaderDispatch.java:32)
	at org.gradle.internal.dispatch.ProxyDispatchAdapter$DispatchingInvocationHandler.invoke(ProxyDispatchAdapter.java:93)
	at com.sun.proxy.$Proxy2.processTestClass(Unknown Source)
	at org.gradle.api.internal.tasks.testing.worker.TestWorker.processTestClass(TestWorker.java:117)
	at sun.reflect.NativeMethodAccessorImpl.invoke0(Native Method)
	at sun.reflect.NativeMethodAccessorImpl.invoke(NativeMethodAccessorImpl.java:62)
	at sun.reflect.DelegatingMethodAccessorImpl.invoke(DelegatingMethodAccessorImpl.java:43)
	at java.lang.reflect.Method.invoke(Method.java:498)
	at org.gradle.internal.dispatch.ReflectionDispatch.dispatch(ReflectionDispatch.java:35)
	at org.gradle.internal.dispatch.ReflectionDispatch.dispatch(ReflectionDispatch.java:24)
	at org.gradle.internal.remote.internal.hub.MessageHubBackedObjectConnection$DispatchWrapper.dispatch(MessageHubBackedObjectConnection.java:155)
	at org.gradle.internal.remote.internal.hub.MessageHubBackedObjectConnection$DispatchWrapper.dispatch(MessageHubBackedObjectConnection.java:137)
	at org.gradle.internal.remote.internal.hub.MessageHub$Handler.run(MessageHub.java:404)
	at org.gradle.internal.concurrent.ExecutorPolicy$CatchAndRecordFailures.onExecute(ExecutorPolicy.java:63)
	at org.gradle.internal.concurrent.ManagedExecutorImpl$1.run(ManagedExecutorImpl.java:46)
	at java.util.concurrent.ThreadPoolExecutor.runWorker(ThreadPoolExecutor.java:1149)
	at java.util.concurrent.ThreadPoolExecutor$Worker.run(ThreadPoolExecutor.java:624)
	at org.gradle.internal.concurrent.ThreadFactoryImpl$ManagedThreadRunnable.run(ThreadFactoryImpl.java:55)
	at java.lang.Thread.run(Thread.java:748)
</pre>
</span>
</div>
<div class="test">
<a name="publish[10: com.dotcms.publishing.PublisherAPIImplTest$TestCase@2e9bccf]"></a>
<h3 class="failures">publish[10: com.dotcms.publishing.PublisherAPIImplTest$TestCase@2e9bccf]</h3>
<span class="code">
<pre>java.lang.AssertionError: Expected 23 but get 25 in /custom/assets/bundles/01EYRKRDJHCXXZBWNVDAZ02C9F
Expected [/custom/assets/bundles/01EYRKRDJHCXXZBWNVDAZ02C9F/live/default/1613583766317/2-content.47f5e0c3-ee5f-49b5-af14-f9369e420284.content.xml, /custom/assets/bundles/01EYRKRDJHCXXZBWNVDAZ02C9F/live/System Host/1/305b6c96-91d7-443d-a84f-4eee62330959.contentworkflow.xml, /custom/assets/bundles/01EYRKRDJHCXXZBWNVDAZ02C9F/working/System Host/1/2030b8b0-2d76-448d-97b5-61f5a26e434a.contentworkflow.xml, /custom/assets/bundles/01EYRKRDJHCXXZBWNVDAZ02C9F/live/test1613581586274.dotcms.com/c135648b-cc58-44a4-82e5-9334b3e6c95d.template.template.xml, /custom/assets/bundles/01EYRKRDJHCXXZBWNVDAZ02C9F/working/test1613581586274.dotcms.com/40f8fb94-1469-412c-a22c-4c7943d37263.containers.container.xml, /custom/assets/bundles/01EYRKRDJHCXXZBWNVDAZ02C9F/live/System Host/1/content.ff462f88-d9e1-4d31-b084-b73cb61976d3.host.xml, /custom/assets/bundles/01EYRKRDJHCXXZBWNVDAZ02C9F/live/System Host/1/2030b8b0-2d76-448d-97b5-61f5a26e434a.contentworkflow.xml, /custom/assets/bundles/01EYRKRDJHCXXZBWNVDAZ02C9F/live/System Host/1/3-content.5032bde4-e2ca-4b2d-955a-870d50a8697d.content.xml, /custom/assets/bundles/01EYRKRDJHCXXZBWNVDAZ02C9F/working/System Host/1/1-content.08a87575-65a1-436d-9e9f-adccc241ea4e.content.xml, /custom/assets/bundles/01EYRKRDJHCXXZBWNVDAZ02C9F/working/test1613581586274.dotcms.com/36f85a8b-61fb-4fc4-9a19-2ecc3f4a38ed.contentType.json, /custom/assets/bundles/01EYRKRDJHCXXZBWNVDAZ02C9F/live/default/1613583766317/6cba0aa1-bea6-4f3f-b567-2a4c1a76e866.contentworkflow.xml, /custom/assets/bundles/01EYRKRDJHCXXZBWNVDAZ02C9F/live/System Host/kq_TW.language.xml, /custom/assets/bundles/01EYRKRDJHCXXZBWNVDAZ02C9F/working/System Host/1/content.ff462f88-d9e1-4d31-b084-b73cb61976d3.host.xml, /custom/assets/bundles/01EYRKRDJHCXXZBWNVDAZ02C9F/live/default/cdb61b9f-afcb-4ee2-90c2-4b3858190e06.rule.xml, /custom/assets/bundles/01EYRKRDJHCXXZBWNVDAZ02C9F/live/System Host/en_US.language.xml, /custom/assets/bundles/01EYRKRDJHCXXZBWNVDAZ02C9F/working/test1613581586274.dotcms.com/22e890ba-ad90-4391-a3b2-dc7a127bdead.containers.container.xml, /custom/assets/bundles/01EYRKRDJHCXXZBWNVDAZ02C9F/live/System Host/1/0-content.08a87575-65a1-436d-9e9f-adccc241ea4e.content.xml, /custom/assets/bundles/01EYRKRDJHCXXZBWNVDAZ02C9F/working/System Host/f4d7c1b8-2c88-4071-abf1-a5328977b07d.contentType.json, /custom/assets/bundles/01EYRKRDJHCXXZBWNVDAZ02C9F/live/System Host/1properties, /custom/assets/bundles/01EYRKRDJHCXXZBWNVDAZ02C9F/live/System Host/1613583766317properties, /custom/assets/bundles/01EYRKRDJHCXXZBWNVDAZ02C9F/live/System Host/1/content.88dc7988-577f-41c1-8218-55dd12934754.host.xml, /custom/assets/bundles/01EYRKRDJHCXXZBWNVDAZ02C9F/d61a59e1-a49c-46f2-a929-db2b4bfa88b2.workflow.xml]
Existing [/custom/assets/bundles/01EYRKRDJHCXXZBWNVDAZ02C9F/ROOT/bc9a1d37-dd2d-4d49-a29d-0c9be740bfaf.folder.xml, /custom/assets/bundles/01EYRKRDJHCXXZBWNVDAZ02C9F/bundle.xml, /custom/assets/bundles/01EYRKRDJHCXXZBWNVDAZ02C9F/d61a59e1-a49c-46f2-a929-db2b4bfa88b2.workflow.xml, /custom/assets/bundles/01EYRKRDJHCXXZBWNVDAZ02C9F/live/System Host/1/0-content.08a87575-65a1-436d-9e9f-adccc241ea4e.content.xml, /custom/assets/bundles/01EYRKRDJHCXXZBWNVDAZ02C9F/live/System Host/1/2030b8b0-2d76-448d-97b5-61f5a26e434a.contentworkflow.xml, /custom/assets/bundles/01EYRKRDJHCXXZBWNVDAZ02C9F/live/System Host/1/3-content.5032bde4-e2ca-4b2d-955a-870d50a8697d.content.xml, /custom/assets/bundles/01EYRKRDJHCXXZBWNVDAZ02C9F/live/System Host/1/305b6c96-91d7-443d-a84f-4eee62330959.contentworkflow.xml, /custom/assets/bundles/01EYRKRDJHCXXZBWNVDAZ02C9F/live/System Host/1/content.88dc7988-577f-41c1-8218-55dd12934754.host.xml, /custom/assets/bundles/01EYRKRDJHCXXZBWNVDAZ02C9F/live/System Host/1/content.ff462f88-d9e1-4d31-b084-b73cb61976d3.host.xml, /custom/assets/bundles/01EYRKRDJHCXXZBWNVDAZ02C9F/live/System Host/1/system host.host.xml, /custom/assets/bundles/01EYRKRDJHCXXZBWNVDAZ02C9F/live/System Host/1613583766317properties, /custom/assets/bundles/01EYRKRDJHCXXZBWNVDAZ02C9F/live/System Host/1properties, /custom/assets/bundles/01EYRKRDJHCXXZBWNVDAZ02C9F/live/System Host/en_US.language.xml, /custom/assets/bundles/01EYRKRDJHCXXZBWNVDAZ02C9F/live/System Host/kq_TW.language.xml, /custom/assets/bundles/01EYRKRDJHCXXZBWNVDAZ02C9F/live/default/1613583766317/2-content.47f5e0c3-ee5f-49b5-af14-f9369e420284.content.xml, /custom/assets/bundles/01EYRKRDJHCXXZBWNVDAZ02C9F/live/default/1613583766317/6cba0aa1-bea6-4f3f-b567-2a4c1a76e866.contentworkflow.xml, /custom/assets/bundles/01EYRKRDJHCXXZBWNVDAZ02C9F/live/default/cdb61b9f-afcb-4ee2-90c2-4b3858190e06.rule.xml, /custom/assets/bundles/01EYRKRDJHCXXZBWNVDAZ02C9F/live/test1613581586274.dotcms.com/c135648b-cc58-44a4-82e5-9334b3e6c95d.template.template.xml, /custom/assets/bundles/01EYRKRDJHCXXZBWNVDAZ02C9F/working/System Host/1/1-content.08a87575-65a1-436d-9e9f-adccc241ea4e.content.xml, /custom/assets/bundles/01EYRKRDJHCXXZBWNVDAZ02C9F/working/System Host/1/2030b8b0-2d76-448d-97b5-61f5a26e434a.contentworkflow.xml, /custom/assets/bundles/01EYRKRDJHCXXZBWNVDAZ02C9F/working/System Host/1/content.ff462f88-d9e1-4d31-b084-b73cb61976d3.host.xml, /custom/assets/bundles/01EYRKRDJHCXXZBWNVDAZ02C9F/working/System Host/f4d7c1b8-2c88-4071-abf1-a5328977b07d.contentType.json, /custom/assets/bundles/01EYRKRDJHCXXZBWNVDAZ02C9F/working/test1613581586274.dotcms.com/22e890ba-ad90-4391-a3b2-dc7a127bdead.containers.container.xml, /custom/assets/bundles/01EYRKRDJHCXXZBWNVDAZ02C9F/working/test1613581586274.dotcms.com/36f85a8b-61fb-4fc4-9a19-2ecc3f4a38ed.contentType.json, /custom/assets/bundles/01EYRKRDJHCXXZBWNVDAZ02C9F/working/test1613581586274.dotcms.com/40f8fb94-1469-412c-a22c-4c7943d37263.containers.container.xml]
difference [/custom/assets/bundles/01EYRKRDJHCXXZBWNVDAZ02C9F/ROOT/bc9a1d37-dd2d-4d49-a29d-0c9be740bfaf.folder.xml, /custom/assets/bundles/01EYRKRDJHCXXZBWNVDAZ02C9F/bundle.xml, /custom/assets/bundles/01EYRKRDJHCXXZBWNVDAZ02C9F/live/System Host/1/system host.host.xml]

	at org.jgroups.util.Util.assertEquals(Util.java:185)
	at com.dotcms.publishing.PublisherAPIImplTest.publish(PublisherAPIImplTest.java:407)
	at sun.reflect.NativeMethodAccessorImpl.invoke0(Native Method)
	at sun.reflect.NativeMethodAccessorImpl.invoke(NativeMethodAccessorImpl.java:62)
	at sun.reflect.DelegatingMethodAccessorImpl.invoke(DelegatingMethodAccessorImpl.java:43)
	at java.lang.reflect.Method.invoke(Method.java:498)
	at org.junit.runners.model.FrameworkMethod$1.runReflectiveCall(FrameworkMethod.java:50)
	at org.junit.internal.runners.model.ReflectiveCallable.run(ReflectiveCallable.java:12)
	at org.junit.runners.model.FrameworkMethod.invokeExplosively(FrameworkMethod.java:47)
	at com.tngtech.java.junit.dataprovider.DataProviderFrameworkMethod.invokeExplosively(DataProviderFrameworkMethod.java:119)
	at org.junit.internal.runners.statements.InvokeMethod.evaluate(InvokeMethod.java:17)
	at org.junit.rules.TestWatcher$1.evaluate(TestWatcher.java:55)
	at org.junit.rules.RunRules.evaluate(RunRules.java:20)
	at org.junit.runners.ParentRunner.runLeaf(ParentRunner.java:325)
	at com.dotcms.junit.CustomDataProviderRunner.runChild(CustomDataProviderRunner.java:28)
	at com.dotcms.junit.CustomDataProviderRunner.runChild(CustomDataProviderRunner.java:13)
	at org.junit.runners.ParentRunner$3.run(ParentRunner.java:290)
	at org.junit.runners.ParentRunner$1.schedule(ParentRunner.java:71)
	at org.junit.runners.ParentRunner.runChildren(ParentRunner.java:288)
	at org.junit.runners.ParentRunner.access$000(ParentRunner.java:58)
	at org.junit.runners.ParentRunner$2.evaluate(ParentRunner.java:268)
	at org.junit.internal.runners.statements.RunBefores.evaluate(RunBefores.java:26)
	at org.junit.internal.runners.statements.RunAfters.evaluate(RunAfters.java:27)
	at org.junit.runners.ParentRunner.run(ParentRunner.java:363)
	at org.junit.runners.Suite.runChild(Suite.java:128)
	at org.junit.runners.Suite.runChild(Suite.java:27)
	at org.junit.runners.ParentRunner$3.run(ParentRunner.java:290)
	at org.junit.runners.ParentRunner$1.schedule(ParentRunner.java:71)
	at org.junit.runners.ParentRunner.runChildren(ParentRunner.java:288)
	at org.junit.runners.ParentRunner.access$000(ParentRunner.java:58)
	at org.junit.runners.ParentRunner$2.evaluate(ParentRunner.java:268)
	at org.junit.runners.ParentRunner.run(ParentRunner.java:363)
	at org.gradle.api.internal.tasks.testing.junit.JUnitTestClassExecutor.runTestClass(JUnitTestClassExecutor.java:106)
	at org.gradle.api.internal.tasks.testing.junit.JUnitTestClassExecutor.execute(JUnitTestClassExecutor.java:58)
	at org.gradle.api.internal.tasks.testing.junit.JUnitTestClassExecutor.execute(JUnitTestClassExecutor.java:38)
	at org.gradle.api.internal.tasks.testing.junit.AbstractJUnitTestClassProcessor.processTestClass(AbstractJUnitTestClassProcessor.java:66)
	at org.gradle.api.internal.tasks.testing.SuiteTestClassProcessor.processTestClass(SuiteTestClassProcessor.java:51)
	at sun.reflect.NativeMethodAccessorImpl.invoke0(Native Method)
	at sun.reflect.NativeMethodAccessorImpl.invoke(NativeMethodAccessorImpl.java:62)
	at sun.reflect.DelegatingMethodAccessorImpl.invoke(DelegatingMethodAccessorImpl.java:43)
	at java.lang.reflect.Method.invoke(Method.java:498)
	at org.gradle.internal.dispatch.ReflectionDispatch.dispatch(ReflectionDispatch.java:35)
	at org.gradle.internal.dispatch.ReflectionDispatch.dispatch(ReflectionDispatch.java:24)
	at org.gradle.internal.dispatch.ContextClassLoaderDispatch.dispatch(ContextClassLoaderDispatch.java:32)
	at org.gradle.internal.dispatch.ProxyDispatchAdapter$DispatchingInvocationHandler.invoke(ProxyDispatchAdapter.java:93)
	at com.sun.proxy.$Proxy2.processTestClass(Unknown Source)
	at org.gradle.api.internal.tasks.testing.worker.TestWorker.processTestClass(TestWorker.java:117)
	at sun.reflect.NativeMethodAccessorImpl.invoke0(Native Method)
	at sun.reflect.NativeMethodAccessorImpl.invoke(NativeMethodAccessorImpl.java:62)
	at sun.reflect.DelegatingMethodAccessorImpl.invoke(DelegatingMethodAccessorImpl.java:43)
	at java.lang.reflect.Method.invoke(Method.java:498)
	at org.gradle.internal.dispatch.ReflectionDispatch.dispatch(ReflectionDispatch.java:35)
	at org.gradle.internal.dispatch.ReflectionDispatch.dispatch(ReflectionDispatch.java:24)
	at org.gradle.internal.remote.internal.hub.MessageHubBackedObjectConnection$DispatchWrapper.dispatch(MessageHubBackedObjectConnection.java:155)
	at org.gradle.internal.remote.internal.hub.MessageHubBackedObjectConnection$DispatchWrapper.dispatch(MessageHubBackedObjectConnection.java:137)
	at org.gradle.internal.remote.internal.hub.MessageHub$Handler.run(MessageHub.java:404)
	at org.gradle.internal.concurrent.ExecutorPolicy$CatchAndRecordFailures.onExecute(ExecutorPolicy.java:63)
	at org.gradle.internal.concurrent.ManagedExecutorImpl$1.run(ManagedExecutorImpl.java:46)
	at java.util.concurrent.ThreadPoolExecutor.runWorker(ThreadPoolExecutor.java:1149)
	at java.util.concurrent.ThreadPoolExecutor$Worker.run(ThreadPoolExecutor.java:624)
	at org.gradle.internal.concurrent.ThreadFactoryImpl$ManagedThreadRunnable.run(ThreadFactoryImpl.java:55)
	at java.lang.Thread.run(Thread.java:748)
</pre>
</span>
</div>
<div class="test">
<a name="publish[11: com.dotcms.publishing.PublisherAPIImplTest$TestCase@6417794b]"></a>
<h3 class="failures">publish[11: com.dotcms.publishing.PublisherAPIImplTest$TestCase@6417794b]</h3>
<span class="code">
<pre>java.lang.AssertionError: Expected 21 but get 23 in /custom/assets/bundles/01EYRKRDNXHHBWGPH9MDDQTB32
Expected [/custom/assets/bundles/01EYRKRDNXHHBWGPH9MDDQTB32/live/System Host/1/3-content.5032bde4-e2ca-4b2d-955a-870d50a8697d.content.xml, /custom/assets/bundles/01EYRKRDNXHHBWGPH9MDDQTB32/live/System Host/1/content.79c7aaf4-74d8-4caa-ae76-857861384302.host.xml, /custom/assets/bundles/01EYRKRDNXHHBWGPH9MDDQTB32/working/System Host/1/content.ff462f88-d9e1-4d31-b084-b73cb61976d3.host.xml, /custom/assets/bundles/01EYRKRDNXHHBWGPH9MDDQTB32/live/default/cdb61b9f-afcb-4ee2-90c2-4b3858190e06.rule.xml, /custom/assets/bundles/01EYRKRDNXHHBWGPH9MDDQTB32/live/System Host/1/305b6c96-91d7-443d-a84f-4eee62330959.contentworkflow.xml, /custom/assets/bundles/01EYRKRDNXHHBWGPH9MDDQTB32/live/System Host/1/content.ff462f88-d9e1-4d31-b084-b73cb61976d3.host.xml, /custom/assets/bundles/01EYRKRDNXHHBWGPH9MDDQTB32/live/System Host/1/2030b8b0-2d76-448d-97b5-61f5a26e434a.contentworkflow.xml, /custom/assets/bundles/01EYRKRDNXHHBWGPH9MDDQTB32/working/test1613581587289.dotcms.com/adab421e-3617-4285-8d91-a02acecf3545.containers.container.xml, /custom/assets/bundles/01EYRKRDNXHHBWGPH9MDDQTB32/live/System Host/1613583766317properties, /custom/assets/bundles/01EYRKRDNXHHBWGPH9MDDQTB32/live/default/1613583766317/6cba0aa1-bea6-4f3f-b567-2a4c1a76e866.contentworkflow.xml, /custom/assets/bundles/01EYRKRDNXHHBWGPH9MDDQTB32/live/System Host/1properties, /custom/assets/bundles/01EYRKRDNXHHBWGPH9MDDQTB32/live/default/1613583766317/2-content.47f5e0c3-ee5f-49b5-af14-f9369e420284.content.xml, /custom/assets/bundles/01EYRKRDNXHHBWGPH9MDDQTB32/live/System Host/1/0-content.08a87575-65a1-436d-9e9f-adccc241ea4e.content.xml, /custom/assets/bundles/01EYRKRDNXHHBWGPH9MDDQTB32/working/System Host/1/2030b8b0-2d76-448d-97b5-61f5a26e434a.contentworkflow.xml, /custom/assets/bundles/01EYRKRDNXHHBWGPH9MDDQTB32/live/System Host/kq_TW.language.xml, /custom/assets/bundles/01EYRKRDNXHHBWGPH9MDDQTB32/live/System Host/en_US.language.xml, /custom/assets/bundles/01EYRKRDNXHHBWGPH9MDDQTB32/d61a59e1-a49c-46f2-a929-db2b4bfa88b2.workflow.xml, /custom/assets/bundles/01EYRKRDNXHHBWGPH9MDDQTB32/working/test1613581587289.dotcms.com/a06f2f0a-1006-40d0-82d5-6151b1f8b18f.contentType.json, /custom/assets/bundles/01EYRKRDNXHHBWGPH9MDDQTB32/working/System Host/f4d7c1b8-2c88-4071-abf1-a5328977b07d.contentType.json, /custom/assets/bundles/01EYRKRDNXHHBWGPH9MDDQTB32/working/System Host/1/1-content.08a87575-65a1-436d-9e9f-adccc241ea4e.content.xml]
Existing [/custom/assets/bundles/01EYRKRDNXHHBWGPH9MDDQTB32/ROOT/bc9a1d37-dd2d-4d49-a29d-0c9be740bfaf.folder.xml, /custom/assets/bundles/01EYRKRDNXHHBWGPH9MDDQTB32/bundle.xml, /custom/assets/bundles/01EYRKRDNXHHBWGPH9MDDQTB32/d61a59e1-a49c-46f2-a929-db2b4bfa88b2.workflow.xml, /custom/assets/bundles/01EYRKRDNXHHBWGPH9MDDQTB32/live/System Host/1/0-content.08a87575-65a1-436d-9e9f-adccc241ea4e.content.xml, /custom/assets/bundles/01EYRKRDNXHHBWGPH9MDDQTB32/live/System Host/1/2030b8b0-2d76-448d-97b5-61f5a26e434a.contentworkflow.xml, /custom/assets/bundles/01EYRKRDNXHHBWGPH9MDDQTB32/live/System Host/1/3-content.5032bde4-e2ca-4b2d-955a-870d50a8697d.content.xml, /custom/assets/bundles/01EYRKRDNXHHBWGPH9MDDQTB32/live/System Host/1/305b6c96-91d7-443d-a84f-4eee62330959.contentworkflow.xml, /custom/assets/bundles/01EYRKRDNXHHBWGPH9MDDQTB32/live/System Host/1/content.79c7aaf4-74d8-4caa-ae76-857861384302.host.xml, /custom/assets/bundles/01EYRKRDNXHHBWGPH9MDDQTB32/live/System Host/1/content.ff462f88-d9e1-4d31-b084-b73cb61976d3.host.xml, /custom/assets/bundles/01EYRKRDNXHHBWGPH9MDDQTB32/live/System Host/1/system host.host.xml, /custom/assets/bundles/01EYRKRDNXHHBWGPH9MDDQTB32/live/System Host/1613583766317properties, /custom/assets/bundles/01EYRKRDNXHHBWGPH9MDDQTB32/live/System Host/1properties, /custom/assets/bundles/01EYRKRDNXHHBWGPH9MDDQTB32/live/System Host/en_US.language.xml, /custom/assets/bundles/01EYRKRDNXHHBWGPH9MDDQTB32/live/System Host/kq_TW.language.xml, /custom/assets/bundles/01EYRKRDNXHHBWGPH9MDDQTB32/live/default/1613583766317/2-content.47f5e0c3-ee5f-49b5-af14-f9369e420284.content.xml, /custom/assets/bundles/01EYRKRDNXHHBWGPH9MDDQTB32/live/default/1613583766317/6cba0aa1-bea6-4f3f-b567-2a4c1a76e866.contentworkflow.xml, /custom/assets/bundles/01EYRKRDNXHHBWGPH9MDDQTB32/live/default/cdb61b9f-afcb-4ee2-90c2-4b3858190e06.rule.xml, /custom/assets/bundles/01EYRKRDNXHHBWGPH9MDDQTB32/working/System Host/1/1-content.08a87575-65a1-436d-9e9f-adccc241ea4e.content.xml, /custom/assets/bundles/01EYRKRDNXHHBWGPH9MDDQTB32/working/System Host/1/2030b8b0-2d76-448d-97b5-61f5a26e434a.contentworkflow.xml, /custom/assets/bundles/01EYRKRDNXHHBWGPH9MDDQTB32/working/System Host/1/content.ff462f88-d9e1-4d31-b084-b73cb61976d3.host.xml, /custom/assets/bundles/01EYRKRDNXHHBWGPH9MDDQTB32/working/System Host/f4d7c1b8-2c88-4071-abf1-a5328977b07d.contentType.json, /custom/assets/bundles/01EYRKRDNXHHBWGPH9MDDQTB32/working/test1613581587289.dotcms.com/a06f2f0a-1006-40d0-82d5-6151b1f8b18f.contentType.json, /custom/assets/bundles/01EYRKRDNXHHBWGPH9MDDQTB32/working/test1613581587289.dotcms.com/adab421e-3617-4285-8d91-a02acecf3545.containers.container.xml]
difference [/custom/assets/bundles/01EYRKRDNXHHBWGPH9MDDQTB32/ROOT/bc9a1d37-dd2d-4d49-a29d-0c9be740bfaf.folder.xml, /custom/assets/bundles/01EYRKRDNXHHBWGPH9MDDQTB32/bundle.xml, /custom/assets/bundles/01EYRKRDNXHHBWGPH9MDDQTB32/live/System Host/1/system host.host.xml]

	at org.jgroups.util.Util.assertEquals(Util.java:185)
	at com.dotcms.publishing.PublisherAPIImplTest.publish(PublisherAPIImplTest.java:407)
	at sun.reflect.NativeMethodAccessorImpl.invoke0(Native Method)
	at sun.reflect.NativeMethodAccessorImpl.invoke(NativeMethodAccessorImpl.java:62)
	at sun.reflect.DelegatingMethodAccessorImpl.invoke(DelegatingMethodAccessorImpl.java:43)
	at java.lang.reflect.Method.invoke(Method.java:498)
	at org.junit.runners.model.FrameworkMethod$1.runReflectiveCall(FrameworkMethod.java:50)
	at org.junit.internal.runners.model.ReflectiveCallable.run(ReflectiveCallable.java:12)
	at org.junit.runners.model.FrameworkMethod.invokeExplosively(FrameworkMethod.java:47)
	at com.tngtech.java.junit.dataprovider.DataProviderFrameworkMethod.invokeExplosively(DataProviderFrameworkMethod.java:119)
	at org.junit.internal.runners.statements.InvokeMethod.evaluate(InvokeMethod.java:17)
	at org.junit.rules.TestWatcher$1.evaluate(TestWatcher.java:55)
	at org.junit.rules.RunRules.evaluate(RunRules.java:20)
	at org.junit.runners.ParentRunner.runLeaf(ParentRunner.java:325)
	at com.dotcms.junit.CustomDataProviderRunner.runChild(CustomDataProviderRunner.java:28)
	at com.dotcms.junit.CustomDataProviderRunner.runChild(CustomDataProviderRunner.java:13)
	at org.junit.runners.ParentRunner$3.run(ParentRunner.java:290)
	at org.junit.runners.ParentRunner$1.schedule(ParentRunner.java:71)
	at org.junit.runners.ParentRunner.runChildren(ParentRunner.java:288)
	at org.junit.runners.ParentRunner.access$000(ParentRunner.java:58)
	at org.junit.runners.ParentRunner$2.evaluate(ParentRunner.java:268)
	at org.junit.internal.runners.statements.RunBefores.evaluate(RunBefores.java:26)
	at org.junit.internal.runners.statements.RunAfters.evaluate(RunAfters.java:27)
	at org.junit.runners.ParentRunner.run(ParentRunner.java:363)
	at org.junit.runners.Suite.runChild(Suite.java:128)
	at org.junit.runners.Suite.runChild(Suite.java:27)
	at org.junit.runners.ParentRunner$3.run(ParentRunner.java:290)
	at org.junit.runners.ParentRunner$1.schedule(ParentRunner.java:71)
	at org.junit.runners.ParentRunner.runChildren(ParentRunner.java:288)
	at org.junit.runners.ParentRunner.access$000(ParentRunner.java:58)
	at org.junit.runners.ParentRunner$2.evaluate(ParentRunner.java:268)
	at org.junit.runners.ParentRunner.run(ParentRunner.java:363)
	at org.gradle.api.internal.tasks.testing.junit.JUnitTestClassExecutor.runTestClass(JUnitTestClassExecutor.java:106)
	at org.gradle.api.internal.tasks.testing.junit.JUnitTestClassExecutor.execute(JUnitTestClassExecutor.java:58)
	at org.gradle.api.internal.tasks.testing.junit.JUnitTestClassExecutor.execute(JUnitTestClassExecutor.java:38)
	at org.gradle.api.internal.tasks.testing.junit.AbstractJUnitTestClassProcessor.processTestClass(AbstractJUnitTestClassProcessor.java:66)
	at org.gradle.api.internal.tasks.testing.SuiteTestClassProcessor.processTestClass(SuiteTestClassProcessor.java:51)
	at sun.reflect.NativeMethodAccessorImpl.invoke0(Native Method)
	at sun.reflect.NativeMethodAccessorImpl.invoke(NativeMethodAccessorImpl.java:62)
	at sun.reflect.DelegatingMethodAccessorImpl.invoke(DelegatingMethodAccessorImpl.java:43)
	at java.lang.reflect.Method.invoke(Method.java:498)
	at org.gradle.internal.dispatch.ReflectionDispatch.dispatch(ReflectionDispatch.java:35)
	at org.gradle.internal.dispatch.ReflectionDispatch.dispatch(ReflectionDispatch.java:24)
	at org.gradle.internal.dispatch.ContextClassLoaderDispatch.dispatch(ContextClassLoaderDispatch.java:32)
	at org.gradle.internal.dispatch.ProxyDispatchAdapter$DispatchingInvocationHandler.invoke(ProxyDispatchAdapter.java:93)
	at com.sun.proxy.$Proxy2.processTestClass(Unknown Source)
	at org.gradle.api.internal.tasks.testing.worker.TestWorker.processTestClass(TestWorker.java:117)
	at sun.reflect.NativeMethodAccessorImpl.invoke0(Native Method)
	at sun.reflect.NativeMethodAccessorImpl.invoke(NativeMethodAccessorImpl.java:62)
	at sun.reflect.DelegatingMethodAccessorImpl.invoke(DelegatingMethodAccessorImpl.java:43)
	at java.lang.reflect.Method.invoke(Method.java:498)
	at org.gradle.internal.dispatch.ReflectionDispatch.dispatch(ReflectionDispatch.java:35)
	at org.gradle.internal.dispatch.ReflectionDispatch.dispatch(ReflectionDispatch.java:24)
	at org.gradle.internal.remote.internal.hub.MessageHubBackedObjectConnection$DispatchWrapper.dispatch(MessageHubBackedObjectConnection.java:155)
	at org.gradle.internal.remote.internal.hub.MessageHubBackedObjectConnection$DispatchWrapper.dispatch(MessageHubBackedObjectConnection.java:137)
	at org.gradle.internal.remote.internal.hub.MessageHub$Handler.run(MessageHub.java:404)
	at org.gradle.internal.concurrent.ExecutorPolicy$CatchAndRecordFailures.onExecute(ExecutorPolicy.java:63)
	at org.gradle.internal.concurrent.ManagedExecutorImpl$1.run(ManagedExecutorImpl.java:46)
	at java.util.concurrent.ThreadPoolExecutor.runWorker(ThreadPoolExecutor.java:1149)
	at java.util.concurrent.ThreadPoolExecutor$Worker.run(ThreadPoolExecutor.java:624)
	at org.gradle.internal.concurrent.ThreadFactoryImpl$ManagedThreadRunnable.run(ThreadFactoryImpl.java:55)
	at java.lang.Thread.run(Thread.java:748)
</pre>
</span>
</div>
<div class="test">
<a name="publish[12: com.dotcms.publishing.PublisherAPIImplTest$TestCase@4b46c3c3]"></a>
<h3 class="failures">publish[12: com.dotcms.publishing.PublisherAPIImplTest$TestCase@4b46c3c3]</h3>
<span class="code">
<pre>java.lang.AssertionError: Expected 31 but get 33 in /custom/assets/bundles/01EYRKRDTMZXJNZ9ETHTZWGKDA
Expected [/custom/assets/bundles/01EYRKRDTMZXJNZ9ETHTZWGKDA/assets/e/0/e01cc918-345e-4f71-93a4-ae55e89599c2/fileAsset/test.jpg, /custom/assets/bundles/01EYRKRDTMZXJNZ9ETHTZWGKDA/working/test1613581588204.dotcms.com/1/50ddded1-fe48-4d93-b6b4-83b31c707426.contentworkflow.xml, /custom/assets/bundles/01EYRKRDTMZXJNZ9ETHTZWGKDA/ROOT/b36ab9ec-66d2-4082-b43a-6bf1be51fb30.folder.xml, /custom/assets/bundles/01EYRKRDTMZXJNZ9ETHTZWGKDA/ROOT/testName1613581589210/testName1613581589219/5d376e75-c7b7-4586-80e2-37c50929543c.folder.xml, /custom/assets/bundles/01EYRKRDTMZXJNZ9ETHTZWGKDA/live/default/1613583766317/6cba0aa1-bea6-4f3f-b567-2a4c1a76e866.contentworkflow.xml, /custom/assets/bundles/01EYRKRDTMZXJNZ9ETHTZWGKDA/working/System Host/1/2030b8b0-2d76-448d-97b5-61f5a26e434a.contentworkflow.xml, /custom/assets/bundles/01EYRKRDTMZXJNZ9ETHTZWGKDA/working/test1613581588204.dotcms.com/4ba4a1f0-f246-4451-ab52-6fdf982a2fb2.contentType.json, /custom/assets/bundles/01EYRKRDTMZXJNZ9ETHTZWGKDA/live/System Host/1properties, /custom/assets/bundles/01EYRKRDTMZXJNZ9ETHTZWGKDA/working/System Host/33888b6f-7a8e-4069-b1b6-5c1aa9d0a48d.contentType.json, /custom/assets/bundles/01EYRKRDTMZXJNZ9ETHTZWGKDA/working/test1613581588204.dotcms.com/1/4510a826-b491-4a3b-8ffd-ec3d9e17526d.contentworkflow.xml, /custom/assets/bundles/01EYRKRDTMZXJNZ9ETHTZWGKDA/assets/f/d/fdfdd9ee-d71a-4534-8467-a7daaa4ffb3d/fileAsset/test.jpg, /custom/assets/bundles/01EYRKRDTMZXJNZ9ETHTZWGKDA/live/System Host/1613583766317properties, /custom/assets/bundles/01EYRKRDTMZXJNZ9ETHTZWGKDA/live/default/cdb61b9f-afcb-4ee2-90c2-4b3858190e06.rule.xml, /custom/assets/bundles/01EYRKRDTMZXJNZ9ETHTZWGKDA/working/System Host/f4d7c1b8-2c88-4071-abf1-a5328977b07d.contentType.json, /custom/assets/bundles/01EYRKRDTMZXJNZ9ETHTZWGKDA/working/test1613581588204.dotcms.com/1/4-fdfdd9ee-d71a-4534-8467-a7daaa4ffb3d.content.xml, /custom/assets/bundles/01EYRKRDTMZXJNZ9ETHTZWGKDA/live/default/1613583766317/3-content.47f5e0c3-ee5f-49b5-af14-f9369e420284.content.xml, /custom/assets/bundles/01EYRKRDTMZXJNZ9ETHTZWGKDA/live/System Host/en_US.language.xml, /custom/assets/bundles/01EYRKRDTMZXJNZ9ETHTZWGKDA/live/System Host/1/5-content.5032bde4-e2ca-4b2d-955a-870d50a8697d.content.xml, /custom/assets/bundles/01EYRKRDTMZXJNZ9ETHTZWGKDA/working/test1613581588204.dotcms.com/testName1613581589210/testName1613581589219/4b5370fa-48e9-47e4-9b07-60cb59d0c69d.link.xml, /custom/assets/bundles/01EYRKRDTMZXJNZ9ETHTZWGKDA/live/System Host/kq_TW.language.xml, /custom/assets/bundles/01EYRKRDTMZXJNZ9ETHTZWGKDA/live/System Host/1/content.93623617-9790-408e-bd29-0493a74f96d1.host.xml, /custom/assets/bundles/01EYRKRDTMZXJNZ9ETHTZWGKDA/working/System Host/1/2-content.08a87575-65a1-436d-9e9f-adccc241ea4e.content.xml, /custom/assets/bundles/01EYRKRDTMZXJNZ9ETHTZWGKDA/ROOT/testName1613581589210/d4bace40-591b-4100-98f9-a6e4ef87bede.folder.xml, /custom/assets/bundles/01EYRKRDTMZXJNZ9ETHTZWGKDA/live/System Host/1/1-content.08a87575-65a1-436d-9e9f-adccc241ea4e.content.xml, /custom/assets/bundles/01EYRKRDTMZXJNZ9ETHTZWGKDA/live/System Host/1/2030b8b0-2d76-448d-97b5-61f5a26e434a.contentworkflow.xml, /custom/assets/bundles/01EYRKRDTMZXJNZ9ETHTZWGKDA/working/test1613581588204.dotcms.com/1/0-e01cc918-345e-4f71-93a4-ae55e89599c2.content.xml, /custom/assets/bundles/01EYRKRDTMZXJNZ9ETHTZWGKDA/live/System Host/1/305b6c96-91d7-443d-a84f-4eee62330959.contentworkflow.xml, /custom/assets/bundles/01EYRKRDTMZXJNZ9ETHTZWGKDA/d61a59e1-a49c-46f2-a929-db2b4bfa88b2.workflow.xml, /custom/assets/bundles/01EYRKRDTMZXJNZ9ETHTZWGKDA/working/System Host/1/content.ff462f88-d9e1-4d31-b084-b73cb61976d3.host.xml, /custom/assets/bundles/01EYRKRDTMZXJNZ9ETHTZWGKDA/live/System Host/1/content.ff462f88-d9e1-4d31-b084-b73cb61976d3.host.xml]
Existing [/custom/assets/bundles/01EYRKRDTMZXJNZ9ETHTZWGKDA/ROOT/b36ab9ec-66d2-4082-b43a-6bf1be51fb30.folder.xml, /custom/assets/bundles/01EYRKRDTMZXJNZ9ETHTZWGKDA/ROOT/bc9a1d37-dd2d-4d49-a29d-0c9be740bfaf.folder.xml, /custom/assets/bundles/01EYRKRDTMZXJNZ9ETHTZWGKDA/ROOT/testName1613581589210/d4bace40-591b-4100-98f9-a6e4ef87bede.folder.xml, /custom/assets/bundles/01EYRKRDTMZXJNZ9ETHTZWGKDA/ROOT/testName1613581589210/testName1613581589219/5d376e75-c7b7-4586-80e2-37c50929543c.folder.xml, /custom/assets/bundles/01EYRKRDTMZXJNZ9ETHTZWGKDA/assets/e/0/e01cc918-345e-4f71-93a4-ae55e89599c2/fileAsset/test.jpg, /custom/assets/bundles/01EYRKRDTMZXJNZ9ETHTZWGKDA/assets/f/d/fdfdd9ee-d71a-4534-8467-a7daaa4ffb3d/fileAsset/test.jpg, /custom/assets/bundles/01EYRKRDTMZXJNZ9ETHTZWGKDA/bundle.xml, /custom/assets/bundles/01EYRKRDTMZXJNZ9ETHTZWGKDA/d61a59e1-a49c-46f2-a929-db2b4bfa88b2.workflow.xml, /custom/assets/bundles/01EYRKRDTMZXJNZ9ETHTZWGKDA/live/System Host/1/1-content.08a87575-65a1-436d-9e9f-adccc241ea4e.content.xml, /custom/assets/bundles/01EYRKRDTMZXJNZ9ETHTZWGKDA/live/System Host/1/2030b8b0-2d76-448d-97b5-61f5a26e434a.contentworkflow.xml, /custom/assets/bundles/01EYRKRDTMZXJNZ9ETHTZWGKDA/live/System Host/1/305b6c96-91d7-443d-a84f-4eee62330959.contentworkflow.xml, /custom/assets/bundles/01EYRKRDTMZXJNZ9ETHTZWGKDA/live/System Host/1/5-content.5032bde4-e2ca-4b2d-955a-870d50a8697d.content.xml, /custom/assets/bundles/01EYRKRDTMZXJNZ9ETHTZWGKDA/live/System Host/1/content.93623617-9790-408e-bd29-0493a74f96d1.host.xml, /custom/assets/bundles/01EYRKRDTMZXJNZ9ETHTZWGKDA/live/System Host/1/content.ff462f88-d9e1-4d31-b084-b73cb61976d3.host.xml, /custom/assets/bundles/01EYRKRDTMZXJNZ9ETHTZWGKDA/live/System Host/1/system host.host.xml, /custom/assets/bundles/01EYRKRDTMZXJNZ9ETHTZWGKDA/live/System Host/1613583766317properties, /custom/assets/bundles/01EYRKRDTMZXJNZ9ETHTZWGKDA/live/System Host/1properties, /custom/assets/bundles/01EYRKRDTMZXJNZ9ETHTZWGKDA/live/System Host/en_US.language.xml, /custom/assets/bundles/01EYRKRDTMZXJNZ9ETHTZWGKDA/live/System Host/kq_TW.language.xml, /custom/assets/bundles/01EYRKRDTMZXJNZ9ETHTZWGKDA/live/default/1613583766317/3-content.47f5e0c3-ee5f-49b5-af14-f9369e420284.content.xml, /custom/assets/bundles/01EYRKRDTMZXJNZ9ETHTZWGKDA/live/default/1613583766317/6cba0aa1-bea6-4f3f-b567-2a4c1a76e866.contentworkflow.xml, /custom/assets/bundles/01EYRKRDTMZXJNZ9ETHTZWGKDA/live/default/cdb61b9f-afcb-4ee2-90c2-4b3858190e06.rule.xml, /custom/assets/bundles/01EYRKRDTMZXJNZ9ETHTZWGKDA/working/System Host/1/2-content.08a87575-65a1-436d-9e9f-adccc241ea4e.content.xml, /custom/assets/bundles/01EYRKRDTMZXJNZ9ETHTZWGKDA/working/System Host/1/2030b8b0-2d76-448d-97b5-61f5a26e434a.contentworkflow.xml, /custom/assets/bundles/01EYRKRDTMZXJNZ9ETHTZWGKDA/working/System Host/1/content.ff462f88-d9e1-4d31-b084-b73cb61976d3.host.xml, /custom/assets/bundles/01EYRKRDTMZXJNZ9ETHTZWGKDA/working/System Host/33888b6f-7a8e-4069-b1b6-5c1aa9d0a48d.contentType.json, /custom/assets/bundles/01EYRKRDTMZXJNZ9ETHTZWGKDA/working/System Host/f4d7c1b8-2c88-4071-abf1-a5328977b07d.contentType.json, /custom/assets/bundles/01EYRKRDTMZXJNZ9ETHTZWGKDA/working/test1613581588204.dotcms.com/1/0-e01cc918-345e-4f71-93a4-ae55e89599c2.content.xml, /custom/assets/bundles/01EYRKRDTMZXJNZ9ETHTZWGKDA/working/test1613581588204.dotcms.com/1/4-fdfdd9ee-d71a-4534-8467-a7daaa4ffb3d.content.xml, /custom/assets/bundles/01EYRKRDTMZXJNZ9ETHTZWGKDA/working/test1613581588204.dotcms.com/1/4510a826-b491-4a3b-8ffd-ec3d9e17526d.contentworkflow.xml, /custom/assets/bundles/01EYRKRDTMZXJNZ9ETHTZWGKDA/working/test1613581588204.dotcms.com/1/50ddded1-fe48-4d93-b6b4-83b31c707426.contentworkflow.xml, /custom/assets/bundles/01EYRKRDTMZXJNZ9ETHTZWGKDA/working/test1613581588204.dotcms.com/4ba4a1f0-f246-4451-ab52-6fdf982a2fb2.contentType.json, /custom/assets/bundles/01EYRKRDTMZXJNZ9ETHTZWGKDA/working/test1613581588204.dotcms.com/testName1613581589210/testName1613581589219/4b5370fa-48e9-47e4-9b07-60cb59d0c69d.link.xml]
difference [/custom/assets/bundles/01EYRKRDTMZXJNZ9ETHTZWGKDA/ROOT/bc9a1d37-dd2d-4d49-a29d-0c9be740bfaf.folder.xml, /custom/assets/bundles/01EYRKRDTMZXJNZ9ETHTZWGKDA/bundle.xml, /custom/assets/bundles/01EYRKRDTMZXJNZ9ETHTZWGKDA/live/System Host/1/system host.host.xml]

	at org.jgroups.util.Util.assertEquals(Util.java:185)
	at com.dotcms.publishing.PublisherAPIImplTest.publish(PublisherAPIImplTest.java:407)
	at sun.reflect.NativeMethodAccessorImpl.invoke0(Native Method)
	at sun.reflect.NativeMethodAccessorImpl.invoke(NativeMethodAccessorImpl.java:62)
	at sun.reflect.DelegatingMethodAccessorImpl.invoke(DelegatingMethodAccessorImpl.java:43)
	at java.lang.reflect.Method.invoke(Method.java:498)
	at org.junit.runners.model.FrameworkMethod$1.runReflectiveCall(FrameworkMethod.java:50)
	at org.junit.internal.runners.model.ReflectiveCallable.run(ReflectiveCallable.java:12)
	at org.junit.runners.model.FrameworkMethod.invokeExplosively(FrameworkMethod.java:47)
	at com.tngtech.java.junit.dataprovider.DataProviderFrameworkMethod.invokeExplosively(DataProviderFrameworkMethod.java:119)
	at org.junit.internal.runners.statements.InvokeMethod.evaluate(InvokeMethod.java:17)
	at org.junit.rules.TestWatcher$1.evaluate(TestWatcher.java:55)
	at org.junit.rules.RunRules.evaluate(RunRules.java:20)
	at org.junit.runners.ParentRunner.runLeaf(ParentRunner.java:325)
	at com.dotcms.junit.CustomDataProviderRunner.runChild(CustomDataProviderRunner.java:28)
	at com.dotcms.junit.CustomDataProviderRunner.runChild(CustomDataProviderRunner.java:13)
	at org.junit.runners.ParentRunner$3.run(ParentRunner.java:290)
	at org.junit.runners.ParentRunner$1.schedule(ParentRunner.java:71)
	at org.junit.runners.ParentRunner.runChildren(ParentRunner.java:288)
	at org.junit.runners.ParentRunner.access$000(ParentRunner.java:58)
	at org.junit.runners.ParentRunner$2.evaluate(ParentRunner.java:268)
	at org.junit.internal.runners.statements.RunBefores.evaluate(RunBefores.java:26)
	at org.junit.internal.runners.statements.RunAfters.evaluate(RunAfters.java:27)
	at org.junit.runners.ParentRunner.run(ParentRunner.java:363)
	at org.junit.runners.Suite.runChild(Suite.java:128)
	at org.junit.runners.Suite.runChild(Suite.java:27)
	at org.junit.runners.ParentRunner$3.run(ParentRunner.java:290)
	at org.junit.runners.ParentRunner$1.schedule(ParentRunner.java:71)
	at org.junit.runners.ParentRunner.runChildren(ParentRunner.java:288)
	at org.junit.runners.ParentRunner.access$000(ParentRunner.java:58)
	at org.junit.runners.ParentRunner$2.evaluate(ParentRunner.java:268)
	at org.junit.runners.ParentRunner.run(ParentRunner.java:363)
	at org.gradle.api.internal.tasks.testing.junit.JUnitTestClassExecutor.runTestClass(JUnitTestClassExecutor.java:106)
	at org.gradle.api.internal.tasks.testing.junit.JUnitTestClassExecutor.execute(JUnitTestClassExecutor.java:58)
	at org.gradle.api.internal.tasks.testing.junit.JUnitTestClassExecutor.execute(JUnitTestClassExecutor.java:38)
	at org.gradle.api.internal.tasks.testing.junit.AbstractJUnitTestClassProcessor.processTestClass(AbstractJUnitTestClassProcessor.java:66)
	at org.gradle.api.internal.tasks.testing.SuiteTestClassProcessor.processTestClass(SuiteTestClassProcessor.java:51)
	at sun.reflect.NativeMethodAccessorImpl.invoke0(Native Method)
	at sun.reflect.NativeMethodAccessorImpl.invoke(NativeMethodAccessorImpl.java:62)
	at sun.reflect.DelegatingMethodAccessorImpl.invoke(DelegatingMethodAccessorImpl.java:43)
	at java.lang.reflect.Method.invoke(Method.java:498)
	at org.gradle.internal.dispatch.ReflectionDispatch.dispatch(ReflectionDispatch.java:35)
	at org.gradle.internal.dispatch.ReflectionDispatch.dispatch(ReflectionDispatch.java:24)
	at org.gradle.internal.dispatch.ContextClassLoaderDispatch.dispatch(ContextClassLoaderDispatch.java:32)
	at org.gradle.internal.dispatch.ProxyDispatchAdapter$DispatchingInvocationHandler.invoke(ProxyDispatchAdapter.java:93)
	at com.sun.proxy.$Proxy2.processTestClass(Unknown Source)
	at org.gradle.api.internal.tasks.testing.worker.TestWorker.processTestClass(TestWorker.java:117)
	at sun.reflect.NativeMethodAccessorImpl.invoke0(Native Method)
	at sun.reflect.NativeMethodAccessorImpl.invoke(NativeMethodAccessorImpl.java:62)
	at sun.reflect.DelegatingMethodAccessorImpl.invoke(DelegatingMethodAccessorImpl.java:43)
	at java.lang.reflect.Method.invoke(Method.java:498)
	at org.gradle.internal.dispatch.ReflectionDispatch.dispatch(ReflectionDispatch.java:35)
	at org.gradle.internal.dispatch.ReflectionDispatch.dispatch(ReflectionDispatch.java:24)
	at org.gradle.internal.remote.internal.hub.MessageHubBackedObjectConnection$DispatchWrapper.dispatch(MessageHubBackedObjectConnection.java:155)
	at org.gradle.internal.remote.internal.hub.MessageHubBackedObjectConnection$DispatchWrapper.dispatch(MessageHubBackedObjectConnection.java:137)
	at org.gradle.internal.remote.internal.hub.MessageHub$Handler.run(MessageHub.java:404)
	at org.gradle.internal.concurrent.ExecutorPolicy$CatchAndRecordFailures.onExecute(ExecutorPolicy.java:63)
	at org.gradle.internal.concurrent.ManagedExecutorImpl$1.run(ManagedExecutorImpl.java:46)
	at java.util.concurrent.ThreadPoolExecutor.runWorker(ThreadPoolExecutor.java:1149)
	at java.util.concurrent.ThreadPoolExecutor$Worker.run(ThreadPoolExecutor.java:624)
	at org.gradle.internal.concurrent.ThreadFactoryImpl$ManagedThreadRunnable.run(ThreadFactoryImpl.java:55)
	at java.lang.Thread.run(Thread.java:748)
</pre>
</span>
</div>
<div class="test">
<a name="publish[13: com.dotcms.publishing.PublisherAPIImplTest$TestCase@c6c92af]"></a>
<h3 class="failures">publish[13: com.dotcms.publishing.PublisherAPIImplTest$TestCase@c6c92af]</h3>
<span class="code">
<pre>java.lang.AssertionError: Expected 28 but get 30 in /custom/assets/bundles/01EYRKRE066GZXZXWAB452RY1B
Expected [/custom/assets/bundles/01EYRKRE066GZXZXWAB452RY1B/working/System Host/33888b6f-7a8e-4069-b1b6-5c1aa9d0a48d.contentType.json, /custom/assets/bundles/01EYRKRE066GZXZXWAB452RY1B/live/default/1613583766317/2-content.47f5e0c3-ee5f-49b5-af14-f9369e420284.content.xml, /custom/assets/bundles/01EYRKRE066GZXZXWAB452RY1B/live/System Host/1/content.ff462f88-d9e1-4d31-b084-b73cb61976d3.host.xml, /custom/assets/bundles/01EYRKRE066GZXZXWAB452RY1B/d61a59e1-a49c-46f2-a929-db2b4bfa88b2.workflow.xml, /custom/assets/bundles/01EYRKRE066GZXZXWAB452RY1B/live/System Host/en_US.language.xml, /custom/assets/bundles/01EYRKRE066GZXZXWAB452RY1B/working/test1613581589471.dotcms.com/57665be8-d45d-4bdf-b3fb-119ad7aec5e6.containers.container.xml, /custom/assets/bundles/01EYRKRE066GZXZXWAB452RY1B/live/System Host/1/content.e7b78620-49a1-4cba-90f8-1e5c88934bec.host.xml, /custom/assets/bundles/01EYRKRE066GZXZXWAB452RY1B/live/default/cdb61b9f-afcb-4ee2-90c2-4b3858190e06.rule.xml, /custom/assets/bundles/01EYRKRE066GZXZXWAB452RY1B/live/System Host/1/4-content.5032bde4-e2ca-4b2d-955a-870d50a8697d.content.xml, /custom/assets/bundles/01EYRKRE066GZXZXWAB452RY1B/live/System Host/1/305b6c96-91d7-443d-a84f-4eee62330959.contentworkflow.xml, /custom/assets/bundles/01EYRKRE066GZXZXWAB452RY1B/live/System Host/1properties, /custom/assets/bundles/01EYRKRE066GZXZXWAB452RY1B/live/System Host/1613583766317properties, /custom/assets/bundles/01EYRKRE066GZXZXWAB452RY1B/working/System Host/1/content.ff462f88-d9e1-4d31-b084-b73cb61976d3.host.xml, /custom/assets/bundles/01EYRKRE066GZXZXWAB452RY1B/working/System Host/1/1-content.08a87575-65a1-436d-9e9f-adccc241ea4e.content.xml, /custom/assets/bundles/01EYRKRE066GZXZXWAB452RY1B/ROOT/a5348a0b-9f97-4f96-819d-4b08014c44d0.folder.xml, /custom/assets/bundles/01EYRKRE066GZXZXWAB452RY1B/working/test1613581589471.dotcms.com/1/e0fd7262-e43d-424d-bdc6-ecd63c7e9c1e.contentworkflow.xml, /custom/assets/bundles/01EYRKRE066GZXZXWAB452RY1B/live/default/1613583766317/6cba0aa1-bea6-4f3f-b567-2a4c1a76e866.contentworkflow.xml, /custom/assets/bundles/01EYRKRE066GZXZXWAB452RY1B/live/System Host/1/2030b8b0-2d76-448d-97b5-61f5a26e434a.contentworkflow.xml, /custom/assets/bundles/01EYRKRE066GZXZXWAB452RY1B/live/System Host/1/0-content.08a87575-65a1-436d-9e9f-adccc241ea4e.content.xml, /custom/assets/bundles/01EYRKRE066GZXZXWAB452RY1B/working/test1613581589471.dotcms.com/1/3-content.b36b5fb8-5e58-4b19-b474-fe78a928124d.content.xml, /custom/assets/bundles/01EYRKRE066GZXZXWAB452RY1B/live/System Host/kq_TW.language.xml, /custom/assets/bundles/01EYRKRE066GZXZXWAB452RY1B/live/test1613581589471.dotcms.com/237e3486-fa1f-4e7e-a4d8-28cda9a4f0db.template.template.xml, /custom/assets/bundles/01EYRKRE066GZXZXWAB452RY1B/working/test1613581589471.dotcms.com/1a3feb7c-34fe-4a9d-ba23-9b635cebcb5a.contentType.json, /custom/assets/bundles/01EYRKRE066GZXZXWAB452RY1B/live/test1613581589471.dotcms.com/4dc33e8c-a753-4d0a-8bcb-52a179a79c60.rule.xml, /custom/assets/bundles/01EYRKRE066GZXZXWAB452RY1B/working/System Host/f4d7c1b8-2c88-4071-abf1-a5328977b07d.contentType.json, /custom/assets/bundles/01EYRKRE066GZXZXWAB452RY1B/working/test1613581589471.dotcms.com/e9cb398a-bdf2-4cb3-b6cb-374eeb34a0b5.contentType.json, /custom/assets/bundles/01EYRKRE066GZXZXWAB452RY1B/working/System Host/1/2030b8b0-2d76-448d-97b5-61f5a26e434a.contentworkflow.xml]
Existing [/custom/assets/bundles/01EYRKRE066GZXZXWAB452RY1B/ROOT/a5348a0b-9f97-4f96-819d-4b08014c44d0.folder.xml, /custom/assets/bundles/01EYRKRE066GZXZXWAB452RY1B/ROOT/bc9a1d37-dd2d-4d49-a29d-0c9be740bfaf.folder.xml, /custom/assets/bundles/01EYRKRE066GZXZXWAB452RY1B/bundle.xml, /custom/assets/bundles/01EYRKRE066GZXZXWAB452RY1B/d61a59e1-a49c-46f2-a929-db2b4bfa88b2.workflow.xml, /custom/assets/bundles/01EYRKRE066GZXZXWAB452RY1B/live/System Host/1/0-content.08a87575-65a1-436d-9e9f-adccc241ea4e.content.xml, /custom/assets/bundles/01EYRKRE066GZXZXWAB452RY1B/live/System Host/1/2030b8b0-2d76-448d-97b5-61f5a26e434a.contentworkflow.xml, /custom/assets/bundles/01EYRKRE066GZXZXWAB452RY1B/live/System Host/1/305b6c96-91d7-443d-a84f-4eee62330959.contentworkflow.xml, /custom/assets/bundles/01EYRKRE066GZXZXWAB452RY1B/live/System Host/1/4-content.5032bde4-e2ca-4b2d-955a-870d50a8697d.content.xml, /custom/assets/bundles/01EYRKRE066GZXZXWAB452RY1B/live/System Host/1/content.e7b78620-49a1-4cba-90f8-1e5c88934bec.host.xml, /custom/assets/bundles/01EYRKRE066GZXZXWAB452RY1B/live/System Host/1/content.ff462f88-d9e1-4d31-b084-b73cb61976d3.host.xml, /custom/assets/bundles/01EYRKRE066GZXZXWAB452RY1B/live/System Host/1/system host.host.xml, /custom/assets/bundles/01EYRKRE066GZXZXWAB452RY1B/live/System Host/1613583766317properties, /custom/assets/bundles/01EYRKRE066GZXZXWAB452RY1B/live/System Host/1properties, /custom/assets/bundles/01EYRKRE066GZXZXWAB452RY1B/live/System Host/en_US.language.xml, /custom/assets/bundles/01EYRKRE066GZXZXWAB452RY1B/live/System Host/kq_TW.language.xml, /custom/assets/bundles/01EYRKRE066GZXZXWAB452RY1B/live/default/1613583766317/2-content.47f5e0c3-ee5f-49b5-af14-f9369e420284.content.xml, /custom/assets/bundles/01EYRKRE066GZXZXWAB452RY1B/live/default/1613583766317/6cba0aa1-bea6-4f3f-b567-2a4c1a76e866.contentworkflow.xml, /custom/assets/bundles/01EYRKRE066GZXZXWAB452RY1B/live/default/cdb61b9f-afcb-4ee2-90c2-4b3858190e06.rule.xml, /custom/assets/bundles/01EYRKRE066GZXZXWAB452RY1B/live/test1613581589471.dotcms.com/237e3486-fa1f-4e7e-a4d8-28cda9a4f0db.template.template.xml, /custom/assets/bundles/01EYRKRE066GZXZXWAB452RY1B/live/test1613581589471.dotcms.com/4dc33e8c-a753-4d0a-8bcb-52a179a79c60.rule.xml, /custom/assets/bundles/01EYRKRE066GZXZXWAB452RY1B/working/System Host/1/1-content.08a87575-65a1-436d-9e9f-adccc241ea4e.content.xml, /custom/assets/bundles/01EYRKRE066GZXZXWAB452RY1B/working/System Host/1/2030b8b0-2d76-448d-97b5-61f5a26e434a.contentworkflow.xml, /custom/assets/bundles/01EYRKRE066GZXZXWAB452RY1B/working/System Host/1/content.ff462f88-d9e1-4d31-b084-b73cb61976d3.host.xml, /custom/assets/bundles/01EYRKRE066GZXZXWAB452RY1B/working/System Host/33888b6f-7a8e-4069-b1b6-5c1aa9d0a48d.contentType.json, /custom/assets/bundles/01EYRKRE066GZXZXWAB452RY1B/working/System Host/f4d7c1b8-2c88-4071-abf1-a5328977b07d.contentType.json, /custom/assets/bundles/01EYRKRE066GZXZXWAB452RY1B/working/test1613581589471.dotcms.com/1/3-content.b36b5fb8-5e58-4b19-b474-fe78a928124d.content.xml, /custom/assets/bundles/01EYRKRE066GZXZXWAB452RY1B/working/test1613581589471.dotcms.com/1/e0fd7262-e43d-424d-bdc6-ecd63c7e9c1e.contentworkflow.xml, /custom/assets/bundles/01EYRKRE066GZXZXWAB452RY1B/working/test1613581589471.dotcms.com/1a3feb7c-34fe-4a9d-ba23-9b635cebcb5a.contentType.json, /custom/assets/bundles/01EYRKRE066GZXZXWAB452RY1B/working/test1613581589471.dotcms.com/57665be8-d45d-4bdf-b3fb-119ad7aec5e6.containers.container.xml, /custom/assets/bundles/01EYRKRE066GZXZXWAB452RY1B/working/test1613581589471.dotcms.com/e9cb398a-bdf2-4cb3-b6cb-374eeb34a0b5.contentType.json]
difference [/custom/assets/bundles/01EYRKRE066GZXZXWAB452RY1B/ROOT/bc9a1d37-dd2d-4d49-a29d-0c9be740bfaf.folder.xml, /custom/assets/bundles/01EYRKRE066GZXZXWAB452RY1B/bundle.xml, /custom/assets/bundles/01EYRKRE066GZXZXWAB452RY1B/live/System Host/1/system host.host.xml]

	at org.jgroups.util.Util.assertEquals(Util.java:185)
	at com.dotcms.publishing.PublisherAPIImplTest.publish(PublisherAPIImplTest.java:407)
	at sun.reflect.NativeMethodAccessorImpl.invoke0(Native Method)
	at sun.reflect.NativeMethodAccessorImpl.invoke(NativeMethodAccessorImpl.java:62)
	at sun.reflect.DelegatingMethodAccessorImpl.invoke(DelegatingMethodAccessorImpl.java:43)
	at java.lang.reflect.Method.invoke(Method.java:498)
	at org.junit.runners.model.FrameworkMethod$1.runReflectiveCall(FrameworkMethod.java:50)
	at org.junit.internal.runners.model.ReflectiveCallable.run(ReflectiveCallable.java:12)
	at org.junit.runners.model.FrameworkMethod.invokeExplosively(FrameworkMethod.java:47)
	at com.tngtech.java.junit.dataprovider.DataProviderFrameworkMethod.invokeExplosively(DataProviderFrameworkMethod.java:119)
	at org.junit.internal.runners.statements.InvokeMethod.evaluate(InvokeMethod.java:17)
	at org.junit.rules.TestWatcher$1.evaluate(TestWatcher.java:55)
	at org.junit.rules.RunRules.evaluate(RunRules.java:20)
	at org.junit.runners.ParentRunner.runLeaf(ParentRunner.java:325)
	at com.dotcms.junit.CustomDataProviderRunner.runChild(CustomDataProviderRunner.java:28)
	at com.dotcms.junit.CustomDataProviderRunner.runChild(CustomDataProviderRunner.java:13)
	at org.junit.runners.ParentRunner$3.run(ParentRunner.java:290)
	at org.junit.runners.ParentRunner$1.schedule(ParentRunner.java:71)
	at org.junit.runners.ParentRunner.runChildren(ParentRunner.java:288)
	at org.junit.runners.ParentRunner.access$000(ParentRunner.java:58)
	at org.junit.runners.ParentRunner$2.evaluate(ParentRunner.java:268)
	at org.junit.internal.runners.statements.RunBefores.evaluate(RunBefores.java:26)
	at org.junit.internal.runners.statements.RunAfters.evaluate(RunAfters.java:27)
	at org.junit.runners.ParentRunner.run(ParentRunner.java:363)
	at org.junit.runners.Suite.runChild(Suite.java:128)
	at org.junit.runners.Suite.runChild(Suite.java:27)
	at org.junit.runners.ParentRunner$3.run(ParentRunner.java:290)
	at org.junit.runners.ParentRunner$1.schedule(ParentRunner.java:71)
	at org.junit.runners.ParentRunner.runChildren(ParentRunner.java:288)
	at org.junit.runners.ParentRunner.access$000(ParentRunner.java:58)
	at org.junit.runners.ParentRunner$2.evaluate(ParentRunner.java:268)
	at org.junit.runners.ParentRunner.run(ParentRunner.java:363)
	at org.gradle.api.internal.tasks.testing.junit.JUnitTestClassExecutor.runTestClass(JUnitTestClassExecutor.java:106)
	at org.gradle.api.internal.tasks.testing.junit.JUnitTestClassExecutor.execute(JUnitTestClassExecutor.java:58)
	at org.gradle.api.internal.tasks.testing.junit.JUnitTestClassExecutor.execute(JUnitTestClassExecutor.java:38)
	at org.gradle.api.internal.tasks.testing.junit.AbstractJUnitTestClassProcessor.processTestClass(AbstractJUnitTestClassProcessor.java:66)
	at org.gradle.api.internal.tasks.testing.SuiteTestClassProcessor.processTestClass(SuiteTestClassProcessor.java:51)
	at sun.reflect.NativeMethodAccessorImpl.invoke0(Native Method)
	at sun.reflect.NativeMethodAccessorImpl.invoke(NativeMethodAccessorImpl.java:62)
	at sun.reflect.DelegatingMethodAccessorImpl.invoke(DelegatingMethodAccessorImpl.java:43)
	at java.lang.reflect.Method.invoke(Method.java:498)
	at org.gradle.internal.dispatch.ReflectionDispatch.dispatch(ReflectionDispatch.java:35)
	at org.gradle.internal.dispatch.ReflectionDispatch.dispatch(ReflectionDispatch.java:24)
	at org.gradle.internal.dispatch.ContextClassLoaderDispatch.dispatch(ContextClassLoaderDispatch.java:32)
	at org.gradle.internal.dispatch.ProxyDispatchAdapter$DispatchingInvocationHandler.invoke(ProxyDispatchAdapter.java:93)
	at com.sun.proxy.$Proxy2.processTestClass(Unknown Source)
	at org.gradle.api.internal.tasks.testing.worker.TestWorker.processTestClass(TestWorker.java:117)
	at sun.reflect.NativeMethodAccessorImpl.invoke0(Native Method)
	at sun.reflect.NativeMethodAccessorImpl.invoke(NativeMethodAccessorImpl.java:62)
	at sun.reflect.DelegatingMethodAccessorImpl.invoke(DelegatingMethodAccessorImpl.java:43)
	at java.lang.reflect.Method.invoke(Method.java:498)
	at org.gradle.internal.dispatch.ReflectionDispatch.dispatch(ReflectionDispatch.java:35)
	at org.gradle.internal.dispatch.ReflectionDispatch.dispatch(ReflectionDispatch.java:24)
	at org.gradle.internal.remote.internal.hub.MessageHubBackedObjectConnection$DispatchWrapper.dispatch(MessageHubBackedObjectConnection.java:155)
	at org.gradle.internal.remote.internal.hub.MessageHubBackedObjectConnection$DispatchWrapper.dispatch(MessageHubBackedObjectConnection.java:137)
	at org.gradle.internal.remote.internal.hub.MessageHub$Handler.run(MessageHub.java:404)
	at org.gradle.internal.concurrent.ExecutorPolicy$CatchAndRecordFailures.onExecute(ExecutorPolicy.java:63)
	at org.gradle.internal.concurrent.ManagedExecutorImpl$1.run(ManagedExecutorImpl.java:46)
	at java.util.concurrent.ThreadPoolExecutor.runWorker(ThreadPoolExecutor.java:1149)
	at java.util.concurrent.ThreadPoolExecutor$Worker.run(ThreadPoolExecutor.java:624)
	at org.gradle.internal.concurrent.ThreadFactoryImpl$ManagedThreadRunnable.run(ThreadFactoryImpl.java:55)
	at java.lang.Thread.run(Thread.java:748)
</pre>
</span>
</div>
<div class="test">
<a name="publish[14: com.dotcms.publishing.PublisherAPIImplTest$TestCase@432c4829]"></a>
<h3 class="failures">publish[14: com.dotcms.publishing.PublisherAPIImplTest$TestCase@432c4829]</h3>
<span class="code">
<pre>java.lang.AssertionError: Expected 21 but get 23 in /custom/assets/bundles/01EYRKRE3KCW5MZRYX6P1HQBEW
Expected [/custom/assets/bundles/01EYRKRE3KCW5MZRYX6P1HQBEW/working/System Host/1/1-content.08a87575-65a1-436d-9e9f-adccc241ea4e.content.xml, /custom/assets/bundles/01EYRKRE3KCW5MZRYX6P1HQBEW/working/System Host/1/2030b8b0-2d76-448d-97b5-61f5a26e434a.contentworkflow.xml, /custom/assets/bundles/01EYRKRE3KCW5MZRYX6P1HQBEW/live/default/1613583766317/2-content.47f5e0c3-ee5f-49b5-af14-f9369e420284.content.xml, /custom/assets/bundles/01EYRKRE3KCW5MZRYX6P1HQBEW/live/System Host/1/3-content.5032bde4-e2ca-4b2d-955a-870d50a8697d.content.xml, /custom/assets/bundles/01EYRKRE3KCW5MZRYX6P1HQBEW/live/System Host/1/content.ff462f88-d9e1-4d31-b084-b73cb61976d3.host.xml, /custom/assets/bundles/01EYRKRE3KCW5MZRYX6P1HQBEW/live/System Host/1/content.f530a6b0-7506-4bcd-8418-b1fe4dc195e3.host.xml, /custom/assets/bundles/01EYRKRE3KCW5MZRYX6P1HQBEW/live/System Host/en_US.language.xml, /custom/assets/bundles/01EYRKRE3KCW5MZRYX6P1HQBEW/ROOT/c431903a-c555-4683-a5dc-01d8e4e0e2db.folder.xml, /custom/assets/bundles/01EYRKRE3KCW5MZRYX6P1HQBEW/live/System Host/1613583766317properties, /custom/assets/bundles/01EYRKRE3KCW5MZRYX6P1HQBEW/live/System Host/kq_TW.language.xml, /custom/assets/bundles/01EYRKRE3KCW5MZRYX6P1HQBEW/live/default/1613583766317/6cba0aa1-bea6-4f3f-b567-2a4c1a76e866.contentworkflow.xml, /custom/assets/bundles/01EYRKRE3KCW5MZRYX6P1HQBEW/working/System Host/1/content.ff462f88-d9e1-4d31-b084-b73cb61976d3.host.xml, /custom/assets/bundles/01EYRKRE3KCW5MZRYX6P1HQBEW/live/System Host/1/0-content.08a87575-65a1-436d-9e9f-adccc241ea4e.content.xml, /custom/assets/bundles/01EYRKRE3KCW5MZRYX6P1HQBEW/live/System Host/1/2030b8b0-2d76-448d-97b5-61f5a26e434a.contentworkflow.xml, /custom/assets/bundles/01EYRKRE3KCW5MZRYX6P1HQBEW/live/default/cdb61b9f-afcb-4ee2-90c2-4b3858190e06.rule.xml, /custom/assets/bundles/01EYRKRE3KCW5MZRYX6P1HQBEW/live/System Host/1properties, /custom/assets/bundles/01EYRKRE3KCW5MZRYX6P1HQBEW/working/System Host/f4d7c1b8-2c88-4071-abf1-a5328977b07d.contentType.json, /custom/assets/bundles/01EYRKRE3KCW5MZRYX6P1HQBEW/live/System Host/1/305b6c96-91d7-443d-a84f-4eee62330959.contentworkflow.xml, /custom/assets/bundles/01EYRKRE3KCW5MZRYX6P1HQBEW/d61a59e1-a49c-46f2-a929-db2b4bfa88b2.workflow.xml, /custom/assets/bundles/01EYRKRE3KCW5MZRYX6P1HQBEW/working/test1613581590441.dotcms.com/testName1613581591273/fbe8b356-6e1b-4cd1-bbb2-15937beaeb63.link.xml]
Existing [/custom/assets/bundles/01EYRKRE3KCW5MZRYX6P1HQBEW/ROOT/bc9a1d37-dd2d-4d49-a29d-0c9be740bfaf.folder.xml, /custom/assets/bundles/01EYRKRE3KCW5MZRYX6P1HQBEW/ROOT/c431903a-c555-4683-a5dc-01d8e4e0e2db.folder.xml, /custom/assets/bundles/01EYRKRE3KCW5MZRYX6P1HQBEW/bundle.xml, /custom/assets/bundles/01EYRKRE3KCW5MZRYX6P1HQBEW/d61a59e1-a49c-46f2-a929-db2b4bfa88b2.workflow.xml, /custom/assets/bundles/01EYRKRE3KCW5MZRYX6P1HQBEW/live/System Host/1/0-content.08a87575-65a1-436d-9e9f-adccc241ea4e.content.xml, /custom/assets/bundles/01EYRKRE3KCW5MZRYX6P1HQBEW/live/System Host/1/2030b8b0-2d76-448d-97b5-61f5a26e434a.contentworkflow.xml, /custom/assets/bundles/01EYRKRE3KCW5MZRYX6P1HQBEW/live/System Host/1/3-content.5032bde4-e2ca-4b2d-955a-870d50a8697d.content.xml, /custom/assets/bundles/01EYRKRE3KCW5MZRYX6P1HQBEW/live/System Host/1/305b6c96-91d7-443d-a84f-4eee62330959.contentworkflow.xml, /custom/assets/bundles/01EYRKRE3KCW5MZRYX6P1HQBEW/live/System Host/1/content.f530a6b0-7506-4bcd-8418-b1fe4dc195e3.host.xml, /custom/assets/bundles/01EYRKRE3KCW5MZRYX6P1HQBEW/live/System Host/1/content.ff462f88-d9e1-4d31-b084-b73cb61976d3.host.xml, /custom/assets/bundles/01EYRKRE3KCW5MZRYX6P1HQBEW/live/System Host/1/system host.host.xml, /custom/assets/bundles/01EYRKRE3KCW5MZRYX6P1HQBEW/live/System Host/1613583766317properties, /custom/assets/bundles/01EYRKRE3KCW5MZRYX6P1HQBEW/live/System Host/1properties, /custom/assets/bundles/01EYRKRE3KCW5MZRYX6P1HQBEW/live/System Host/en_US.language.xml, /custom/assets/bundles/01EYRKRE3KCW5MZRYX6P1HQBEW/live/System Host/kq_TW.language.xml, /custom/assets/bundles/01EYRKRE3KCW5MZRYX6P1HQBEW/live/default/1613583766317/2-content.47f5e0c3-ee5f-49b5-af14-f9369e420284.content.xml, /custom/assets/bundles/01EYRKRE3KCW5MZRYX6P1HQBEW/live/default/1613583766317/6cba0aa1-bea6-4f3f-b567-2a4c1a76e866.contentworkflow.xml, /custom/assets/bundles/01EYRKRE3KCW5MZRYX6P1HQBEW/live/default/cdb61b9f-afcb-4ee2-90c2-4b3858190e06.rule.xml, /custom/assets/bundles/01EYRKRE3KCW5MZRYX6P1HQBEW/working/System Host/1/1-content.08a87575-65a1-436d-9e9f-adccc241ea4e.content.xml, /custom/assets/bundles/01EYRKRE3KCW5MZRYX6P1HQBEW/working/System Host/1/2030b8b0-2d76-448d-97b5-61f5a26e434a.contentworkflow.xml, /custom/assets/bundles/01EYRKRE3KCW5MZRYX6P1HQBEW/working/System Host/1/content.ff462f88-d9e1-4d31-b084-b73cb61976d3.host.xml, /custom/assets/bundles/01EYRKRE3KCW5MZRYX6P1HQBEW/working/System Host/f4d7c1b8-2c88-4071-abf1-a5328977b07d.contentType.json, /custom/assets/bundles/01EYRKRE3KCW5MZRYX6P1HQBEW/working/test1613581590441.dotcms.com/testName1613581591273/fbe8b356-6e1b-4cd1-bbb2-15937beaeb63.link.xml]
difference [/custom/assets/bundles/01EYRKRE3KCW5MZRYX6P1HQBEW/ROOT/bc9a1d37-dd2d-4d49-a29d-0c9be740bfaf.folder.xml, /custom/assets/bundles/01EYRKRE3KCW5MZRYX6P1HQBEW/bundle.xml, /custom/assets/bundles/01EYRKRE3KCW5MZRYX6P1HQBEW/live/System Host/1/system host.host.xml]

	at org.jgroups.util.Util.assertEquals(Util.java:185)
	at com.dotcms.publishing.PublisherAPIImplTest.publish(PublisherAPIImplTest.java:407)
	at sun.reflect.NativeMethodAccessorImpl.invoke0(Native Method)
	at sun.reflect.NativeMethodAccessorImpl.invoke(NativeMethodAccessorImpl.java:62)
	at sun.reflect.DelegatingMethodAccessorImpl.invoke(DelegatingMethodAccessorImpl.java:43)
	at java.lang.reflect.Method.invoke(Method.java:498)
	at org.junit.runners.model.FrameworkMethod$1.runReflectiveCall(FrameworkMethod.java:50)
	at org.junit.internal.runners.model.ReflectiveCallable.run(ReflectiveCallable.java:12)
	at org.junit.runners.model.FrameworkMethod.invokeExplosively(FrameworkMethod.java:47)
	at com.tngtech.java.junit.dataprovider.DataProviderFrameworkMethod.invokeExplosively(DataProviderFrameworkMethod.java:119)
	at org.junit.internal.runners.statements.InvokeMethod.evaluate(InvokeMethod.java:17)
	at org.junit.rules.TestWatcher$1.evaluate(TestWatcher.java:55)
	at org.junit.rules.RunRules.evaluate(RunRules.java:20)
	at org.junit.runners.ParentRunner.runLeaf(ParentRunner.java:325)
	at com.dotcms.junit.CustomDataProviderRunner.runChild(CustomDataProviderRunner.java:28)
	at com.dotcms.junit.CustomDataProviderRunner.runChild(CustomDataProviderRunner.java:13)
	at org.junit.runners.ParentRunner$3.run(ParentRunner.java:290)
	at org.junit.runners.ParentRunner$1.schedule(ParentRunner.java:71)
	at org.junit.runners.ParentRunner.runChildren(ParentRunner.java:288)
	at org.junit.runners.ParentRunner.access$000(ParentRunner.java:58)
	at org.junit.runners.ParentRunner$2.evaluate(ParentRunner.java:268)
	at org.junit.internal.runners.statements.RunBefores.evaluate(RunBefores.java:26)
	at org.junit.internal.runners.statements.RunAfters.evaluate(RunAfters.java:27)
	at org.junit.runners.ParentRunner.run(ParentRunner.java:363)
	at org.junit.runners.Suite.runChild(Suite.java:128)
	at org.junit.runners.Suite.runChild(Suite.java:27)
	at org.junit.runners.ParentRunner$3.run(ParentRunner.java:290)
	at org.junit.runners.ParentRunner$1.schedule(ParentRunner.java:71)
	at org.junit.runners.ParentRunner.runChildren(ParentRunner.java:288)
	at org.junit.runners.ParentRunner.access$000(ParentRunner.java:58)
	at org.junit.runners.ParentRunner$2.evaluate(ParentRunner.java:268)
	at org.junit.runners.ParentRunner.run(ParentRunner.java:363)
	at org.gradle.api.internal.tasks.testing.junit.JUnitTestClassExecutor.runTestClass(JUnitTestClassExecutor.java:106)
	at org.gradle.api.internal.tasks.testing.junit.JUnitTestClassExecutor.execute(JUnitTestClassExecutor.java:58)
	at org.gradle.api.internal.tasks.testing.junit.JUnitTestClassExecutor.execute(JUnitTestClassExecutor.java:38)
	at org.gradle.api.internal.tasks.testing.junit.AbstractJUnitTestClassProcessor.processTestClass(AbstractJUnitTestClassProcessor.java:66)
	at org.gradle.api.internal.tasks.testing.SuiteTestClassProcessor.processTestClass(SuiteTestClassProcessor.java:51)
	at sun.reflect.NativeMethodAccessorImpl.invoke0(Native Method)
	at sun.reflect.NativeMethodAccessorImpl.invoke(NativeMethodAccessorImpl.java:62)
	at sun.reflect.DelegatingMethodAccessorImpl.invoke(DelegatingMethodAccessorImpl.java:43)
	at java.lang.reflect.Method.invoke(Method.java:498)
	at org.gradle.internal.dispatch.ReflectionDispatch.dispatch(ReflectionDispatch.java:35)
	at org.gradle.internal.dispatch.ReflectionDispatch.dispatch(ReflectionDispatch.java:24)
	at org.gradle.internal.dispatch.ContextClassLoaderDispatch.dispatch(ContextClassLoaderDispatch.java:32)
	at org.gradle.internal.dispatch.ProxyDispatchAdapter$DispatchingInvocationHandler.invoke(ProxyDispatchAdapter.java:93)
	at com.sun.proxy.$Proxy2.processTestClass(Unknown Source)
	at org.gradle.api.internal.tasks.testing.worker.TestWorker.processTestClass(TestWorker.java:117)
	at sun.reflect.NativeMethodAccessorImpl.invoke0(Native Method)
	at sun.reflect.NativeMethodAccessorImpl.invoke(NativeMethodAccessorImpl.java:62)
	at sun.reflect.DelegatingMethodAccessorImpl.invoke(DelegatingMethodAccessorImpl.java:43)
	at java.lang.reflect.Method.invoke(Method.java:498)
	at org.gradle.internal.dispatch.ReflectionDispatch.dispatch(ReflectionDispatch.java:35)
	at org.gradle.internal.dispatch.ReflectionDispatch.dispatch(ReflectionDispatch.java:24)
	at org.gradle.internal.remote.internal.hub.MessageHubBackedObjectConnection$DispatchWrapper.dispatch(MessageHubBackedObjectConnection.java:155)
	at org.gradle.internal.remote.internal.hub.MessageHubBackedObjectConnection$DispatchWrapper.dispatch(MessageHubBackedObjectConnection.java:137)
	at org.gradle.internal.remote.internal.hub.MessageHub$Handler.run(MessageHub.java:404)
	at org.gradle.internal.concurrent.ExecutorPolicy$CatchAndRecordFailures.onExecute(ExecutorPolicy.java:63)
	at org.gradle.internal.concurrent.ManagedExecutorImpl$1.run(ManagedExecutorImpl.java:46)
	at java.util.concurrent.ThreadPoolExecutor.runWorker(ThreadPoolExecutor.java:1149)
	at java.util.concurrent.ThreadPoolExecutor$Worker.run(ThreadPoolExecutor.java:624)
	at org.gradle.internal.concurrent.ThreadFactoryImpl$ManagedThreadRunnable.run(ThreadFactoryImpl.java:55)
	at java.lang.Thread.run(Thread.java:748)
</pre>
</span>
</div>
<div class="test">
<a name="publish[15: com.dotcms.publishing.PublisherAPIImplTest$TestCase@1caeac26]"></a>
<h3 class="failures">publish[15: com.dotcms.publishing.PublisherAPIImplTest$TestCase@1caeac26]</h3>
<span class="code">
<pre>java.lang.AssertionError: Expected 19 but get 21 in /custom/assets/bundles/01EYRKRE6ACA545WQGQA1WPR7M
Expected [/custom/assets/bundles/01EYRKRE6ACA545WQGQA1WPR7M/live/System Host/en_US.language.xml, /custom/assets/bundles/01EYRKRE6ACA545WQGQA1WPR7M/live/default/cdb61b9f-afcb-4ee2-90c2-4b3858190e06.rule.xml, /custom/assets/bundles/01EYRKRE6ACA545WQGQA1WPR7M/live/default/1613583766317/6cba0aa1-bea6-4f3f-b567-2a4c1a76e866.contentworkflow.xml, /custom/assets/bundles/01EYRKRE6ACA545WQGQA1WPR7M/live/System Host/1/305b6c96-91d7-443d-a84f-4eee62330959.contentworkflow.xml, /custom/assets/bundles/01EYRKRE6ACA545WQGQA1WPR7M/live/System Host/1613583766317properties, /custom/assets/bundles/01EYRKRE6ACA545WQGQA1WPR7M/d61a59e1-a49c-46f2-a929-db2b4bfa88b2.workflow.xml, /custom/assets/bundles/01EYRKRE6ACA545WQGQA1WPR7M/live/System Host/1/2030b8b0-2d76-448d-97b5-61f5a26e434a.contentworkflow.xml, /custom/assets/bundles/01EYRKRE6ACA545WQGQA1WPR7M/live/System Host/1/0-content.08a87575-65a1-436d-9e9f-adccc241ea4e.content.xml, /custom/assets/bundles/01EYRKRE6ACA545WQGQA1WPR7M/live/System Host/1properties, /custom/assets/bundles/01EYRKRE6ACA545WQGQA1WPR7M/working/System Host/1/content.ff462f88-d9e1-4d31-b084-b73cb61976d3.host.xml, /custom/assets/bundles/01EYRKRE6ACA545WQGQA1WPR7M/working/System Host/1/1-content.08a87575-65a1-436d-9e9f-adccc241ea4e.content.xml, /custom/assets/bundles/01EYRKRE6ACA545WQGQA1WPR7M/live/System Host/1/content.ff462f88-d9e1-4d31-b084-b73cb61976d3.host.xml, /custom/assets/bundles/01EYRKRE6ACA545WQGQA1WPR7M/live/System Host/kq_TW.language.xml, /custom/assets/bundles/01EYRKRE6ACA545WQGQA1WPR7M/ad1a5525-ec14-47db-9523-8403d84649c3.workflow.xml, /custom/assets/bundles/01EYRKRE6ACA545WQGQA1WPR7M/live/default/1613583766317/2-content.47f5e0c3-ee5f-49b5-af14-f9369e420284.content.xml, /custom/assets/bundles/01EYRKRE6ACA545WQGQA1WPR7M/working/System Host/f4d7c1b8-2c88-4071-abf1-a5328977b07d.contentType.json, /custom/assets/bundles/01EYRKRE6ACA545WQGQA1WPR7M/live/System Host/1/3-content.5032bde4-e2ca-4b2d-955a-870d50a8697d.content.xml, /custom/assets/bundles/01EYRKRE6ACA545WQGQA1WPR7M/working/System Host/1/2030b8b0-2d76-448d-97b5-61f5a26e434a.contentworkflow.xml]
Existing [/custom/assets/bundles/01EYRKRE6ACA545WQGQA1WPR7M/ROOT/bc9a1d37-dd2d-4d49-a29d-0c9be740bfaf.folder.xml, /custom/assets/bundles/01EYRKRE6ACA545WQGQA1WPR7M/ad1a5525-ec14-47db-9523-8403d84649c3.workflow.xml, /custom/assets/bundles/01EYRKRE6ACA545WQGQA1WPR7M/bundle.xml, /custom/assets/bundles/01EYRKRE6ACA545WQGQA1WPR7M/d61a59e1-a49c-46f2-a929-db2b4bfa88b2.workflow.xml, /custom/assets/bundles/01EYRKRE6ACA545WQGQA1WPR7M/live/System Host/1/0-content.08a87575-65a1-436d-9e9f-adccc241ea4e.content.xml, /custom/assets/bundles/01EYRKRE6ACA545WQGQA1WPR7M/live/System Host/1/2030b8b0-2d76-448d-97b5-61f5a26e434a.contentworkflow.xml, /custom/assets/bundles/01EYRKRE6ACA545WQGQA1WPR7M/live/System Host/1/3-content.5032bde4-e2ca-4b2d-955a-870d50a8697d.content.xml, /custom/assets/bundles/01EYRKRE6ACA545WQGQA1WPR7M/live/System Host/1/305b6c96-91d7-443d-a84f-4eee62330959.contentworkflow.xml, /custom/assets/bundles/01EYRKRE6ACA545WQGQA1WPR7M/live/System Host/1/content.ff462f88-d9e1-4d31-b084-b73cb61976d3.host.xml, /custom/assets/bundles/01EYRKRE6ACA545WQGQA1WPR7M/live/System Host/1/system host.host.xml, /custom/assets/bundles/01EYRKRE6ACA545WQGQA1WPR7M/live/System Host/1613583766317properties, /custom/assets/bundles/01EYRKRE6ACA545WQGQA1WPR7M/live/System Host/1properties, /custom/assets/bundles/01EYRKRE6ACA545WQGQA1WPR7M/live/System Host/en_US.language.xml, /custom/assets/bundles/01EYRKRE6ACA545WQGQA1WPR7M/live/System Host/kq_TW.language.xml, /custom/assets/bundles/01EYRKRE6ACA545WQGQA1WPR7M/live/default/1613583766317/2-content.47f5e0c3-ee5f-49b5-af14-f9369e420284.content.xml, /custom/assets/bundles/01EYRKRE6ACA545WQGQA1WPR7M/live/default/1613583766317/6cba0aa1-bea6-4f3f-b567-2a4c1a76e866.contentworkflow.xml, /custom/assets/bundles/01EYRKRE6ACA545WQGQA1WPR7M/live/default/cdb61b9f-afcb-4ee2-90c2-4b3858190e06.rule.xml, /custom/assets/bundles/01EYRKRE6ACA545WQGQA1WPR7M/working/System Host/1/1-content.08a87575-65a1-436d-9e9f-adccc241ea4e.content.xml, /custom/assets/bundles/01EYRKRE6ACA545WQGQA1WPR7M/working/System Host/1/2030b8b0-2d76-448d-97b5-61f5a26e434a.contentworkflow.xml, /custom/assets/bundles/01EYRKRE6ACA545WQGQA1WPR7M/working/System Host/1/content.ff462f88-d9e1-4d31-b084-b73cb61976d3.host.xml, /custom/assets/bundles/01EYRKRE6ACA545WQGQA1WPR7M/working/System Host/f4d7c1b8-2c88-4071-abf1-a5328977b07d.contentType.json]
difference [/custom/assets/bundles/01EYRKRE6ACA545WQGQA1WPR7M/ROOT/bc9a1d37-dd2d-4d49-a29d-0c9be740bfaf.folder.xml, /custom/assets/bundles/01EYRKRE6ACA545WQGQA1WPR7M/bundle.xml, /custom/assets/bundles/01EYRKRE6ACA545WQGQA1WPR7M/live/System Host/1/system host.host.xml]

	at org.jgroups.util.Util.assertEquals(Util.java:185)
	at com.dotcms.publishing.PublisherAPIImplTest.publish(PublisherAPIImplTest.java:407)
	at sun.reflect.NativeMethodAccessorImpl.invoke0(Native Method)
	at sun.reflect.NativeMethodAccessorImpl.invoke(NativeMethodAccessorImpl.java:62)
	at sun.reflect.DelegatingMethodAccessorImpl.invoke(DelegatingMethodAccessorImpl.java:43)
	at java.lang.reflect.Method.invoke(Method.java:498)
	at org.junit.runners.model.FrameworkMethod$1.runReflectiveCall(FrameworkMethod.java:50)
	at org.junit.internal.runners.model.ReflectiveCallable.run(ReflectiveCallable.java:12)
	at org.junit.runners.model.FrameworkMethod.invokeExplosively(FrameworkMethod.java:47)
	at com.tngtech.java.junit.dataprovider.DataProviderFrameworkMethod.invokeExplosively(DataProviderFrameworkMethod.java:119)
	at org.junit.internal.runners.statements.InvokeMethod.evaluate(InvokeMethod.java:17)
	at org.junit.rules.TestWatcher$1.evaluate(TestWatcher.java:55)
	at org.junit.rules.RunRules.evaluate(RunRules.java:20)
	at org.junit.runners.ParentRunner.runLeaf(ParentRunner.java:325)
	at com.dotcms.junit.CustomDataProviderRunner.runChild(CustomDataProviderRunner.java:28)
	at com.dotcms.junit.CustomDataProviderRunner.runChild(CustomDataProviderRunner.java:13)
	at org.junit.runners.ParentRunner$3.run(ParentRunner.java:290)
	at org.junit.runners.ParentRunner$1.schedule(ParentRunner.java:71)
	at org.junit.runners.ParentRunner.runChildren(ParentRunner.java:288)
	at org.junit.runners.ParentRunner.access$000(ParentRunner.java:58)
	at org.junit.runners.ParentRunner$2.evaluate(ParentRunner.java:268)
	at org.junit.internal.runners.statements.RunBefores.evaluate(RunBefores.java:26)
	at org.junit.internal.runners.statements.RunAfters.evaluate(RunAfters.java:27)
	at org.junit.runners.ParentRunner.run(ParentRunner.java:363)
	at org.junit.runners.Suite.runChild(Suite.java:128)
	at org.junit.runners.Suite.runChild(Suite.java:27)
	at org.junit.runners.ParentRunner$3.run(ParentRunner.java:290)
	at org.junit.runners.ParentRunner$1.schedule(ParentRunner.java:71)
	at org.junit.runners.ParentRunner.runChildren(ParentRunner.java:288)
	at org.junit.runners.ParentRunner.access$000(ParentRunner.java:58)
	at org.junit.runners.ParentRunner$2.evaluate(ParentRunner.java:268)
	at org.junit.runners.ParentRunner.run(ParentRunner.java:363)
	at org.gradle.api.internal.tasks.testing.junit.JUnitTestClassExecutor.runTestClass(JUnitTestClassExecutor.java:106)
	at org.gradle.api.internal.tasks.testing.junit.JUnitTestClassExecutor.execute(JUnitTestClassExecutor.java:58)
	at org.gradle.api.internal.tasks.testing.junit.JUnitTestClassExecutor.execute(JUnitTestClassExecutor.java:38)
	at org.gradle.api.internal.tasks.testing.junit.AbstractJUnitTestClassProcessor.processTestClass(AbstractJUnitTestClassProcessor.java:66)
	at org.gradle.api.internal.tasks.testing.SuiteTestClassProcessor.processTestClass(SuiteTestClassProcessor.java:51)
	at sun.reflect.NativeMethodAccessorImpl.invoke0(Native Method)
	at sun.reflect.NativeMethodAccessorImpl.invoke(NativeMethodAccessorImpl.java:62)
	at sun.reflect.DelegatingMethodAccessorImpl.invoke(DelegatingMethodAccessorImpl.java:43)
	at java.lang.reflect.Method.invoke(Method.java:498)
	at org.gradle.internal.dispatch.ReflectionDispatch.dispatch(ReflectionDispatch.java:35)
	at org.gradle.internal.dispatch.ReflectionDispatch.dispatch(ReflectionDispatch.java:24)
	at org.gradle.internal.dispatch.ContextClassLoaderDispatch.dispatch(ContextClassLoaderDispatch.java:32)
	at org.gradle.internal.dispatch.ProxyDispatchAdapter$DispatchingInvocationHandler.invoke(ProxyDispatchAdapter.java:93)
	at com.sun.proxy.$Proxy2.processTestClass(Unknown Source)
	at org.gradle.api.internal.tasks.testing.worker.TestWorker.processTestClass(TestWorker.java:117)
	at sun.reflect.NativeMethodAccessorImpl.invoke0(Native Method)
	at sun.reflect.NativeMethodAccessorImpl.invoke(NativeMethodAccessorImpl.java:62)
	at sun.reflect.DelegatingMethodAccessorImpl.invoke(DelegatingMethodAccessorImpl.java:43)
	at java.lang.reflect.Method.invoke(Method.java:498)
	at org.gradle.internal.dispatch.ReflectionDispatch.dispatch(ReflectionDispatch.java:35)
	at org.gradle.internal.dispatch.ReflectionDispatch.dispatch(ReflectionDispatch.java:24)
	at org.gradle.internal.remote.internal.hub.MessageHubBackedObjectConnection$DispatchWrapper.dispatch(MessageHubBackedObjectConnection.java:155)
	at org.gradle.internal.remote.internal.hub.MessageHubBackedObjectConnection$DispatchWrapper.dispatch(MessageHubBackedObjectConnection.java:137)
	at org.gradle.internal.remote.internal.hub.MessageHub$Handler.run(MessageHub.java:404)
	at org.gradle.internal.concurrent.ExecutorPolicy$CatchAndRecordFailures.onExecute(ExecutorPolicy.java:63)
	at org.gradle.internal.concurrent.ManagedExecutorImpl$1.run(ManagedExecutorImpl.java:46)
	at java.util.concurrent.ThreadPoolExecutor.runWorker(ThreadPoolExecutor.java:1149)
	at java.util.concurrent.ThreadPoolExecutor$Worker.run(ThreadPoolExecutor.java:624)
	at org.gradle.internal.concurrent.ThreadFactoryImpl$ManagedThreadRunnable.run(ThreadFactoryImpl.java:55)
	at java.lang.Thread.run(Thread.java:748)
</pre>
</span>
</div>
<div class="test">
<a name="publish[16: com.dotcms.publishing.PublisherAPIImplTest$TestCase@618b3cab]"></a>
<h3 class="failures">publish[16: com.dotcms.publishing.PublisherAPIImplTest$TestCase@618b3cab]</h3>
<span class="code">
<pre>java.lang.AssertionError: Expected 20 but get 22 in /custom/assets/bundles/01EYRKRE8H29279GQRZ5GPTZTS
Expected [/custom/assets/bundles/01EYRKRE8H29279GQRZ5GPTZTS/live/System Host/1/3-content.5032bde4-e2ca-4b2d-955a-870d50a8697d.content.xml, /custom/assets/bundles/01EYRKRE8H29279GQRZ5GPTZTS/live/System Host/1/content.ff462f88-d9e1-4d31-b084-b73cb61976d3.host.xml, /custom/assets/bundles/01EYRKRE8H29279GQRZ5GPTZTS/live/default/1613583766317/6cba0aa1-bea6-4f3f-b567-2a4c1a76e866.contentworkflow.xml, /custom/assets/bundles/01EYRKRE8H29279GQRZ5GPTZTS/live/System Host/1/305b6c96-91d7-443d-a84f-4eee62330959.contentworkflow.xml, /custom/assets/bundles/01EYRKRE8H29279GQRZ5GPTZTS/live/default/cdb61b9f-afcb-4ee2-90c2-4b3858190e06.rule.xml, /custom/assets/bundles/01EYRKRE8H29279GQRZ5GPTZTS/live/default/1613583766317/2-content.47f5e0c3-ee5f-49b5-af14-f9369e420284.content.xml, /custom/assets/bundles/01EYRKRE8H29279GQRZ5GPTZTS/working/System Host/1/content.ff462f88-d9e1-4d31-b084-b73cb61976d3.host.xml, /custom/assets/bundles/01EYRKRE8H29279GQRZ5GPTZTS/live/System Host/1613583766317properties, /custom/assets/bundles/01EYRKRE8H29279GQRZ5GPTZTS/live/System Host/1/2030b8b0-2d76-448d-97b5-61f5a26e434a.contentworkflow.xml, /custom/assets/bundles/01EYRKRE8H29279GQRZ5GPTZTS/live/System Host/1613581591299properties, /custom/assets/bundles/01EYRKRE8H29279GQRZ5GPTZTS/live/System Host/84zsl_TESTCOUNTRYCODE1613581591299.language.xml, /custom/assets/bundles/01EYRKRE8H29279GQRZ5GPTZTS/working/System Host/1/2030b8b0-2d76-448d-97b5-61f5a26e434a.contentworkflow.xml, /custom/assets/bundles/01EYRKRE8H29279GQRZ5GPTZTS/live/System Host/1/0-content.08a87575-65a1-436d-9e9f-adccc241ea4e.content.xml, /custom/assets/bundles/01EYRKRE8H29279GQRZ5GPTZTS/live/System Host/1properties, /custom/assets/bundles/01EYRKRE8H29279GQRZ5GPTZTS/live/System Host/en_US.language.xml, /custom/assets/bundles/01EYRKRE8H29279GQRZ5GPTZTS/working/System Host/1/1-content.08a87575-65a1-436d-9e9f-adccc241ea4e.content.xml, /custom/assets/bundles/01EYRKRE8H29279GQRZ5GPTZTS/working/System Host/f4d7c1b8-2c88-4071-abf1-a5328977b07d.contentType.json, /custom/assets/bundles/01EYRKRE8H29279GQRZ5GPTZTS/live/System Host/kq_TW.language.xml, /custom/assets/bundles/01EYRKRE8H29279GQRZ5GPTZTS/d61a59e1-a49c-46f2-a929-db2b4bfa88b2.workflow.xml]
Existing [/custom/assets/bundles/01EYRKRE8H29279GQRZ5GPTZTS/ROOT/bc9a1d37-dd2d-4d49-a29d-0c9be740bfaf.folder.xml, /custom/assets/bundles/01EYRKRE8H29279GQRZ5GPTZTS/bundle.xml, /custom/assets/bundles/01EYRKRE8H29279GQRZ5GPTZTS/d61a59e1-a49c-46f2-a929-db2b4bfa88b2.workflow.xml, /custom/assets/bundles/01EYRKRE8H29279GQRZ5GPTZTS/live/System Host/1/0-content.08a87575-65a1-436d-9e9f-adccc241ea4e.content.xml, /custom/assets/bundles/01EYRKRE8H29279GQRZ5GPTZTS/live/System Host/1/2030b8b0-2d76-448d-97b5-61f5a26e434a.contentworkflow.xml, /custom/assets/bundles/01EYRKRE8H29279GQRZ5GPTZTS/live/System Host/1/3-content.5032bde4-e2ca-4b2d-955a-870d50a8697d.content.xml, /custom/assets/bundles/01EYRKRE8H29279GQRZ5GPTZTS/live/System Host/1/305b6c96-91d7-443d-a84f-4eee62330959.contentworkflow.xml, /custom/assets/bundles/01EYRKRE8H29279GQRZ5GPTZTS/live/System Host/1/content.ff462f88-d9e1-4d31-b084-b73cb61976d3.host.xml, /custom/assets/bundles/01EYRKRE8H29279GQRZ5GPTZTS/live/System Host/1/system host.host.xml, /custom/assets/bundles/01EYRKRE8H29279GQRZ5GPTZTS/live/System Host/1613581591299properties, /custom/assets/bundles/01EYRKRE8H29279GQRZ5GPTZTS/live/System Host/1613583766317properties, /custom/assets/bundles/01EYRKRE8H29279GQRZ5GPTZTS/live/System Host/1properties, /custom/assets/bundles/01EYRKRE8H29279GQRZ5GPTZTS/live/System Host/84zsl_TESTCOUNTRYCODE1613581591299.language.xml, /custom/assets/bundles/01EYRKRE8H29279GQRZ5GPTZTS/live/System Host/en_US.language.xml, /custom/assets/bundles/01EYRKRE8H29279GQRZ5GPTZTS/live/System Host/kq_TW.language.xml, /custom/assets/bundles/01EYRKRE8H29279GQRZ5GPTZTS/live/default/1613583766317/2-content.47f5e0c3-ee5f-49b5-af14-f9369e420284.content.xml, /custom/assets/bundles/01EYRKRE8H29279GQRZ5GPTZTS/live/default/1613583766317/6cba0aa1-bea6-4f3f-b567-2a4c1a76e866.contentworkflow.xml, /custom/assets/bundles/01EYRKRE8H29279GQRZ5GPTZTS/live/default/cdb61b9f-afcb-4ee2-90c2-4b3858190e06.rule.xml, /custom/assets/bundles/01EYRKRE8H29279GQRZ5GPTZTS/working/System Host/1/1-content.08a87575-65a1-436d-9e9f-adccc241ea4e.content.xml, /custom/assets/bundles/01EYRKRE8H29279GQRZ5GPTZTS/working/System Host/1/2030b8b0-2d76-448d-97b5-61f5a26e434a.contentworkflow.xml, /custom/assets/bundles/01EYRKRE8H29279GQRZ5GPTZTS/working/System Host/1/content.ff462f88-d9e1-4d31-b084-b73cb61976d3.host.xml, /custom/assets/bundles/01EYRKRE8H29279GQRZ5GPTZTS/working/System Host/f4d7c1b8-2c88-4071-abf1-a5328977b07d.contentType.json]
difference [/custom/assets/bundles/01EYRKRE8H29279GQRZ5GPTZTS/ROOT/bc9a1d37-dd2d-4d49-a29d-0c9be740bfaf.folder.xml, /custom/assets/bundles/01EYRKRE8H29279GQRZ5GPTZTS/bundle.xml, /custom/assets/bundles/01EYRKRE8H29279GQRZ5GPTZTS/live/System Host/1/system host.host.xml]

	at org.jgroups.util.Util.assertEquals(Util.java:185)
	at com.dotcms.publishing.PublisherAPIImplTest.publish(PublisherAPIImplTest.java:407)
	at sun.reflect.GeneratedMethodAccessor1528.invoke(Unknown Source)
	at sun.reflect.DelegatingMethodAccessorImpl.invoke(DelegatingMethodAccessorImpl.java:43)
	at java.lang.reflect.Method.invoke(Method.java:498)
	at org.junit.runners.model.FrameworkMethod$1.runReflectiveCall(FrameworkMethod.java:50)
	at org.junit.internal.runners.model.ReflectiveCallable.run(ReflectiveCallable.java:12)
	at org.junit.runners.model.FrameworkMethod.invokeExplosively(FrameworkMethod.java:47)
	at com.tngtech.java.junit.dataprovider.DataProviderFrameworkMethod.invokeExplosively(DataProviderFrameworkMethod.java:119)
	at org.junit.internal.runners.statements.InvokeMethod.evaluate(InvokeMethod.java:17)
	at org.junit.rules.TestWatcher$1.evaluate(TestWatcher.java:55)
	at org.junit.rules.RunRules.evaluate(RunRules.java:20)
	at org.junit.runners.ParentRunner.runLeaf(ParentRunner.java:325)
	at com.dotcms.junit.CustomDataProviderRunner.runChild(CustomDataProviderRunner.java:28)
	at com.dotcms.junit.CustomDataProviderRunner.runChild(CustomDataProviderRunner.java:13)
	at org.junit.runners.ParentRunner$3.run(ParentRunner.java:290)
	at org.junit.runners.ParentRunner$1.schedule(ParentRunner.java:71)
	at org.junit.runners.ParentRunner.runChildren(ParentRunner.java:288)
	at org.junit.runners.ParentRunner.access$000(ParentRunner.java:58)
	at org.junit.runners.ParentRunner$2.evaluate(ParentRunner.java:268)
	at org.junit.internal.runners.statements.RunBefores.evaluate(RunBefores.java:26)
	at org.junit.internal.runners.statements.RunAfters.evaluate(RunAfters.java:27)
	at org.junit.runners.ParentRunner.run(ParentRunner.java:363)
	at org.junit.runners.Suite.runChild(Suite.java:128)
	at org.junit.runners.Suite.runChild(Suite.java:27)
	at org.junit.runners.ParentRunner$3.run(ParentRunner.java:290)
	at org.junit.runners.ParentRunner$1.schedule(ParentRunner.java:71)
	at org.junit.runners.ParentRunner.runChildren(ParentRunner.java:288)
	at org.junit.runners.ParentRunner.access$000(ParentRunner.java:58)
	at org.junit.runners.ParentRunner$2.evaluate(ParentRunner.java:268)
	at org.junit.runners.ParentRunner.run(ParentRunner.java:363)
	at org.gradle.api.internal.tasks.testing.junit.JUnitTestClassExecutor.runTestClass(JUnitTestClassExecutor.java:106)
	at org.gradle.api.internal.tasks.testing.junit.JUnitTestClassExecutor.execute(JUnitTestClassExecutor.java:58)
	at org.gradle.api.internal.tasks.testing.junit.JUnitTestClassExecutor.execute(JUnitTestClassExecutor.java:38)
	at org.gradle.api.internal.tasks.testing.junit.AbstractJUnitTestClassProcessor.processTestClass(AbstractJUnitTestClassProcessor.java:66)
	at org.gradle.api.internal.tasks.testing.SuiteTestClassProcessor.processTestClass(SuiteTestClassProcessor.java:51)
	at sun.reflect.NativeMethodAccessorImpl.invoke0(Native Method)
	at sun.reflect.NativeMethodAccessorImpl.invoke(NativeMethodAccessorImpl.java:62)
	at sun.reflect.DelegatingMethodAccessorImpl.invoke(DelegatingMethodAccessorImpl.java:43)
	at java.lang.reflect.Method.invoke(Method.java:498)
	at org.gradle.internal.dispatch.ReflectionDispatch.dispatch(ReflectionDispatch.java:35)
	at org.gradle.internal.dispatch.ReflectionDispatch.dispatch(ReflectionDispatch.java:24)
	at org.gradle.internal.dispatch.ContextClassLoaderDispatch.dispatch(ContextClassLoaderDispatch.java:32)
	at org.gradle.internal.dispatch.ProxyDispatchAdapter$DispatchingInvocationHandler.invoke(ProxyDispatchAdapter.java:93)
	at com.sun.proxy.$Proxy2.processTestClass(Unknown Source)
	at org.gradle.api.internal.tasks.testing.worker.TestWorker.processTestClass(TestWorker.java:117)
	at sun.reflect.NativeMethodAccessorImpl.invoke0(Native Method)
	at sun.reflect.NativeMethodAccessorImpl.invoke(NativeMethodAccessorImpl.java:62)
	at sun.reflect.DelegatingMethodAccessorImpl.invoke(DelegatingMethodAccessorImpl.java:43)
	at java.lang.reflect.Method.invoke(Method.java:498)
	at org.gradle.internal.dispatch.ReflectionDispatch.dispatch(ReflectionDispatch.java:35)
	at org.gradle.internal.dispatch.ReflectionDispatch.dispatch(ReflectionDispatch.java:24)
	at org.gradle.internal.remote.internal.hub.MessageHubBackedObjectConnection$DispatchWrapper.dispatch(MessageHubBackedObjectConnection.java:155)
	at org.gradle.internal.remote.internal.hub.MessageHubBackedObjectConnection$DispatchWrapper.dispatch(MessageHubBackedObjectConnection.java:137)
	at org.gradle.internal.remote.internal.hub.MessageHub$Handler.run(MessageHub.java:404)
	at org.gradle.internal.concurrent.ExecutorPolicy$CatchAndRecordFailures.onExecute(ExecutorPolicy.java:63)
	at org.gradle.internal.concurrent.ManagedExecutorImpl$1.run(ManagedExecutorImpl.java:46)
	at java.util.concurrent.ThreadPoolExecutor.runWorker(ThreadPoolExecutor.java:1149)
	at java.util.concurrent.ThreadPoolExecutor$Worker.run(ThreadPoolExecutor.java:624)
	at org.gradle.internal.concurrent.ThreadFactoryImpl$ManagedThreadRunnable.run(ThreadFactoryImpl.java:55)
	at java.lang.Thread.run(Thread.java:748)
</pre>
</span>
</div>
<div class="test">
<a name="publish[17: com.dotcms.publishing.PublisherAPIImplTest$TestCase@99a33df]"></a>
<h3 class="failures">publish[17: com.dotcms.publishing.PublisherAPIImplTest$TestCase@99a33df]</h3>
<span class="code">
<pre>java.lang.AssertionError: Expected 5 but get 6 in /custom/assets/bundles/01EYRKREAK9YA0P7GA6EKSK0K9
Expected [/custom/assets/bundles/01EYRKREAK9YA0P7GA6EKSK0K9/live/default/cdb61b9f-afcb-4ee2-90c2-4b3858190e06.rule.xml, /custom/assets/bundles/01EYRKREAK9YA0P7GA6EKSK0K9/live/System Host/1/content.ff462f88-d9e1-4d31-b084-b73cb61976d3.host.xml, /custom/assets/bundles/01EYRKREAK9YA0P7GA6EKSK0K9/live/test1613581591300.dotcms.com/bab55b60-e183-4e9e-a1c8-2651cbe37158.rule.xml, /custom/assets/bundles/01EYRKREAK9YA0P7GA6EKSK0K9/working/System Host/1/content.ff462f88-d9e1-4d31-b084-b73cb61976d3.host.xml]
Existing [/custom/assets/bundles/01EYRKREAK9YA0P7GA6EKSK0K9/bundle.xml, /custom/assets/bundles/01EYRKREAK9YA0P7GA6EKSK0K9/live/System Host/1/content.ff462f88-d9e1-4d31-b084-b73cb61976d3.host.xml, /custom/assets/bundles/01EYRKREAK9YA0P7GA6EKSK0K9/live/System Host/1/system host.host.xml, /custom/assets/bundles/01EYRKREAK9YA0P7GA6EKSK0K9/live/default/cdb61b9f-afcb-4ee2-90c2-4b3858190e06.rule.xml, /custom/assets/bundles/01EYRKREAK9YA0P7GA6EKSK0K9/live/test1613581591300.dotcms.com/bab55b60-e183-4e9e-a1c8-2651cbe37158.rule.xml, /custom/assets/bundles/01EYRKREAK9YA0P7GA6EKSK0K9/working/System Host/1/content.ff462f88-d9e1-4d31-b084-b73cb61976d3.host.xml]
difference [/custom/assets/bundles/01EYRKREAK9YA0P7GA6EKSK0K9/bundle.xml, /custom/assets/bundles/01EYRKREAK9YA0P7GA6EKSK0K9/live/System Host/1/system host.host.xml]

	at org.jgroups.util.Util.assertEquals(Util.java:185)
	at com.dotcms.publishing.PublisherAPIImplTest.publish(PublisherAPIImplTest.java:407)
	at sun.reflect.GeneratedMethodAccessor1528.invoke(Unknown Source)
	at sun.reflect.DelegatingMethodAccessorImpl.invoke(DelegatingMethodAccessorImpl.java:43)
	at java.lang.reflect.Method.invoke(Method.java:498)
	at org.junit.runners.model.FrameworkMethod$1.runReflectiveCall(FrameworkMethod.java:50)
	at org.junit.internal.runners.model.ReflectiveCallable.run(ReflectiveCallable.java:12)
	at org.junit.runners.model.FrameworkMethod.invokeExplosively(FrameworkMethod.java:47)
	at com.tngtech.java.junit.dataprovider.DataProviderFrameworkMethod.invokeExplosively(DataProviderFrameworkMethod.java:119)
	at org.junit.internal.runners.statements.InvokeMethod.evaluate(InvokeMethod.java:17)
	at org.junit.rules.TestWatcher$1.evaluate(TestWatcher.java:55)
	at org.junit.rules.RunRules.evaluate(RunRules.java:20)
	at org.junit.runners.ParentRunner.runLeaf(ParentRunner.java:325)
	at com.dotcms.junit.CustomDataProviderRunner.runChild(CustomDataProviderRunner.java:28)
	at com.dotcms.junit.CustomDataProviderRunner.runChild(CustomDataProviderRunner.java:13)
	at org.junit.runners.ParentRunner$3.run(ParentRunner.java:290)
	at org.junit.runners.ParentRunner$1.schedule(ParentRunner.java:71)
	at org.junit.runners.ParentRunner.runChildren(ParentRunner.java:288)
	at org.junit.runners.ParentRunner.access$000(ParentRunner.java:58)
	at org.junit.runners.ParentRunner$2.evaluate(ParentRunner.java:268)
	at org.junit.internal.runners.statements.RunBefores.evaluate(RunBefores.java:26)
	at org.junit.internal.runners.statements.RunAfters.evaluate(RunAfters.java:27)
	at org.junit.runners.ParentRunner.run(ParentRunner.java:363)
	at org.junit.runners.Suite.runChild(Suite.java:128)
	at org.junit.runners.Suite.runChild(Suite.java:27)
	at org.junit.runners.ParentRunner$3.run(ParentRunner.java:290)
	at org.junit.runners.ParentRunner$1.schedule(ParentRunner.java:71)
	at org.junit.runners.ParentRunner.runChildren(ParentRunner.java:288)
	at org.junit.runners.ParentRunner.access$000(ParentRunner.java:58)
	at org.junit.runners.ParentRunner$2.evaluate(ParentRunner.java:268)
	at org.junit.runners.ParentRunner.run(ParentRunner.java:363)
	at org.gradle.api.internal.tasks.testing.junit.JUnitTestClassExecutor.runTestClass(JUnitTestClassExecutor.java:106)
	at org.gradle.api.internal.tasks.testing.junit.JUnitTestClassExecutor.execute(JUnitTestClassExecutor.java:58)
	at org.gradle.api.internal.tasks.testing.junit.JUnitTestClassExecutor.execute(JUnitTestClassExecutor.java:38)
	at org.gradle.api.internal.tasks.testing.junit.AbstractJUnitTestClassProcessor.processTestClass(AbstractJUnitTestClassProcessor.java:66)
	at org.gradle.api.internal.tasks.testing.SuiteTestClassProcessor.processTestClass(SuiteTestClassProcessor.java:51)
	at sun.reflect.NativeMethodAccessorImpl.invoke0(Native Method)
	at sun.reflect.NativeMethodAccessorImpl.invoke(NativeMethodAccessorImpl.java:62)
	at sun.reflect.DelegatingMethodAccessorImpl.invoke(DelegatingMethodAccessorImpl.java:43)
	at java.lang.reflect.Method.invoke(Method.java:498)
	at org.gradle.internal.dispatch.ReflectionDispatch.dispatch(ReflectionDispatch.java:35)
	at org.gradle.internal.dispatch.ReflectionDispatch.dispatch(ReflectionDispatch.java:24)
	at org.gradle.internal.dispatch.ContextClassLoaderDispatch.dispatch(ContextClassLoaderDispatch.java:32)
	at org.gradle.internal.dispatch.ProxyDispatchAdapter$DispatchingInvocationHandler.invoke(ProxyDispatchAdapter.java:93)
	at com.sun.proxy.$Proxy2.processTestClass(Unknown Source)
	at org.gradle.api.internal.tasks.testing.worker.TestWorker.processTestClass(TestWorker.java:117)
	at sun.reflect.NativeMethodAccessorImpl.invoke0(Native Method)
	at sun.reflect.NativeMethodAccessorImpl.invoke(NativeMethodAccessorImpl.java:62)
	at sun.reflect.DelegatingMethodAccessorImpl.invoke(DelegatingMethodAccessorImpl.java:43)
	at java.lang.reflect.Method.invoke(Method.java:498)
	at org.gradle.internal.dispatch.ReflectionDispatch.dispatch(ReflectionDispatch.java:35)
	at org.gradle.internal.dispatch.ReflectionDispatch.dispatch(ReflectionDispatch.java:24)
	at org.gradle.internal.remote.internal.hub.MessageHubBackedObjectConnection$DispatchWrapper.dispatch(MessageHubBackedObjectConnection.java:155)
	at org.gradle.internal.remote.internal.hub.MessageHubBackedObjectConnection$DispatchWrapper.dispatch(MessageHubBackedObjectConnection.java:137)
	at org.gradle.internal.remote.internal.hub.MessageHub$Handler.run(MessageHub.java:404)
	at org.gradle.internal.concurrent.ExecutorPolicy$CatchAndRecordFailures.onExecute(ExecutorPolicy.java:63)
	at org.gradle.internal.concurrent.ManagedExecutorImpl$1.run(ManagedExecutorImpl.java:46)
	at java.util.concurrent.ThreadPoolExecutor.runWorker(ThreadPoolExecutor.java:1149)
	at java.util.concurrent.ThreadPoolExecutor$Worker.run(ThreadPoolExecutor.java:624)
	at org.gradle.internal.concurrent.ThreadFactoryImpl$ManagedThreadRunnable.run(ThreadFactoryImpl.java:55)
	at java.lang.Thread.run(Thread.java:748)
</pre>
</span>
</div>
<div class="test">
<a name="publish[1: com.dotcms.publishing.PublisherAPIImplTest$TestCase@1bf164eb]"></a>
<h3 class="failures">publish[1: com.dotcms.publishing.PublisherAPIImplTest$TestCase@1bf164eb]</h3>
<span class="code">
<pre>java.lang.AssertionError: Expected 23 but get 25 in /custom/assets/bundles/01EYRKRCKC85A3B6ZKKX80N5JG
Expected [/custom/assets/bundles/01EYRKRCKC85A3B6ZKKX80N5JG/live/System Host/1/content.88dc7988-577f-41c1-8218-55dd12934754.host.xml, /custom/assets/bundles/01EYRKRCKC85A3B6ZKKX80N5JG/working/test1613581586274.dotcms.com/40f8fb94-1469-412c-a22c-4c7943d37263.containers.container.xml, /custom/assets/bundles/01EYRKRCKC85A3B6ZKKX80N5JG/live/System Host/1613583766317properties, /custom/assets/bundles/01EYRKRCKC85A3B6ZKKX80N5JG/live/default/cdb61b9f-afcb-4ee2-90c2-4b3858190e06.rule.xml, /custom/assets/bundles/01EYRKRCKC85A3B6ZKKX80N5JG/live/test1613581586274.dotcms.com/c135648b-cc58-44a4-82e5-9334b3e6c95d.template.template.xml, /custom/assets/bundles/01EYRKRCKC85A3B6ZKKX80N5JG/live/System Host/1properties, /custom/assets/bundles/01EYRKRCKC85A3B6ZKKX80N5JG/d61a59e1-a49c-46f2-a929-db2b4bfa88b2.workflow.xml, /custom/assets/bundles/01EYRKRCKC85A3B6ZKKX80N5JG/working/System Host/1/content.ff462f88-d9e1-4d31-b084-b73cb61976d3.host.xml, /custom/assets/bundles/01EYRKRCKC85A3B6ZKKX80N5JG/live/System Host/kq_TW.language.xml, /custom/assets/bundles/01EYRKRCKC85A3B6ZKKX80N5JG/live/System Host/1/content.ff462f88-d9e1-4d31-b084-b73cb61976d3.host.xml, /custom/assets/bundles/01EYRKRCKC85A3B6ZKKX80N5JG/live/System Host/1/0-content.08a87575-65a1-436d-9e9f-adccc241ea4e.content.xml, /custom/assets/bundles/01EYRKRCKC85A3B6ZKKX80N5JG/working/System Host/1/2030b8b0-2d76-448d-97b5-61f5a26e434a.contentworkflow.xml, /custom/assets/bundles/01EYRKRCKC85A3B6ZKKX80N5JG/live/default/1613583766317/2-content.47f5e0c3-ee5f-49b5-af14-f9369e420284.content.xml, /custom/assets/bundles/01EYRKRCKC85A3B6ZKKX80N5JG/live/System Host/1/2030b8b0-2d76-448d-97b5-61f5a26e434a.contentworkflow.xml, /custom/assets/bundles/01EYRKRCKC85A3B6ZKKX80N5JG/working/test1613581586274.dotcms.com/22e890ba-ad90-4391-a3b2-dc7a127bdead.containers.container.xml, /custom/assets/bundles/01EYRKRCKC85A3B6ZKKX80N5JG/live/System Host/1/3-content.5032bde4-e2ca-4b2d-955a-870d50a8697d.content.xml, /custom/assets/bundles/01EYRKRCKC85A3B6ZKKX80N5JG/live/System Host/en_US.language.xml, /custom/assets/bundles/01EYRKRCKC85A3B6ZKKX80N5JG/working/test1613581586274.dotcms.com/36f85a8b-61fb-4fc4-9a19-2ecc3f4a38ed.contentType.json, /custom/assets/bundles/01EYRKRCKC85A3B6ZKKX80N5JG/live/default/1613583766317/6cba0aa1-bea6-4f3f-b567-2a4c1a76e866.contentworkflow.xml, /custom/assets/bundles/01EYRKRCKC85A3B6ZKKX80N5JG/working/System Host/f4d7c1b8-2c88-4071-abf1-a5328977b07d.contentType.json, /custom/assets/bundles/01EYRKRCKC85A3B6ZKKX80N5JG/working/System Host/1/1-content.08a87575-65a1-436d-9e9f-adccc241ea4e.content.xml, /custom/assets/bundles/01EYRKRCKC85A3B6ZKKX80N5JG/live/System Host/1/305b6c96-91d7-443d-a84f-4eee62330959.contentworkflow.xml]
Existing [/custom/assets/bundles/01EYRKRCKC85A3B6ZKKX80N5JG/ROOT/bc9a1d37-dd2d-4d49-a29d-0c9be740bfaf.folder.xml, /custom/assets/bundles/01EYRKRCKC85A3B6ZKKX80N5JG/bundle.xml, /custom/assets/bundles/01EYRKRCKC85A3B6ZKKX80N5JG/d61a59e1-a49c-46f2-a929-db2b4bfa88b2.workflow.xml, /custom/assets/bundles/01EYRKRCKC85A3B6ZKKX80N5JG/live/System Host/1/0-content.08a87575-65a1-436d-9e9f-adccc241ea4e.content.xml, /custom/assets/bundles/01EYRKRCKC85A3B6ZKKX80N5JG/live/System Host/1/2030b8b0-2d76-448d-97b5-61f5a26e434a.contentworkflow.xml, /custom/assets/bundles/01EYRKRCKC85A3B6ZKKX80N5JG/live/System Host/1/3-content.5032bde4-e2ca-4b2d-955a-870d50a8697d.content.xml, /custom/assets/bundles/01EYRKRCKC85A3B6ZKKX80N5JG/live/System Host/1/305b6c96-91d7-443d-a84f-4eee62330959.contentworkflow.xml, /custom/assets/bundles/01EYRKRCKC85A3B6ZKKX80N5JG/live/System Host/1/content.88dc7988-577f-41c1-8218-55dd12934754.host.xml, /custom/assets/bundles/01EYRKRCKC85A3B6ZKKX80N5JG/live/System Host/1/content.ff462f88-d9e1-4d31-b084-b73cb61976d3.host.xml, /custom/assets/bundles/01EYRKRCKC85A3B6ZKKX80N5JG/live/System Host/1/system host.host.xml, /custom/assets/bundles/01EYRKRCKC85A3B6ZKKX80N5JG/live/System Host/1613583766317properties, /custom/assets/bundles/01EYRKRCKC85A3B6ZKKX80N5JG/live/System Host/1properties, /custom/assets/bundles/01EYRKRCKC85A3B6ZKKX80N5JG/live/System Host/en_US.language.xml, /custom/assets/bundles/01EYRKRCKC85A3B6ZKKX80N5JG/live/System Host/kq_TW.language.xml, /custom/assets/bundles/01EYRKRCKC85A3B6ZKKX80N5JG/live/default/1613583766317/2-content.47f5e0c3-ee5f-49b5-af14-f9369e420284.content.xml, /custom/assets/bundles/01EYRKRCKC85A3B6ZKKX80N5JG/live/default/1613583766317/6cba0aa1-bea6-4f3f-b567-2a4c1a76e866.contentworkflow.xml, /custom/assets/bundles/01EYRKRCKC85A3B6ZKKX80N5JG/live/default/cdb61b9f-afcb-4ee2-90c2-4b3858190e06.rule.xml, /custom/assets/bundles/01EYRKRCKC85A3B6ZKKX80N5JG/live/test1613581586274.dotcms.com/c135648b-cc58-44a4-82e5-9334b3e6c95d.template.template.xml, /custom/assets/bundles/01EYRKRCKC85A3B6ZKKX80N5JG/working/System Host/1/1-content.08a87575-65a1-436d-9e9f-adccc241ea4e.content.xml, /custom/assets/bundles/01EYRKRCKC85A3B6ZKKX80N5JG/working/System Host/1/2030b8b0-2d76-448d-97b5-61f5a26e434a.contentworkflow.xml, /custom/assets/bundles/01EYRKRCKC85A3B6ZKKX80N5JG/working/System Host/1/content.ff462f88-d9e1-4d31-b084-b73cb61976d3.host.xml, /custom/assets/bundles/01EYRKRCKC85A3B6ZKKX80N5JG/working/System Host/f4d7c1b8-2c88-4071-abf1-a5328977b07d.contentType.json, /custom/assets/bundles/01EYRKRCKC85A3B6ZKKX80N5JG/working/test1613581586274.dotcms.com/22e890ba-ad90-4391-a3b2-dc7a127bdead.containers.container.xml, /custom/assets/bundles/01EYRKRCKC85A3B6ZKKX80N5JG/working/test1613581586274.dotcms.com/36f85a8b-61fb-4fc4-9a19-2ecc3f4a38ed.contentType.json, /custom/assets/bundles/01EYRKRCKC85A3B6ZKKX80N5JG/working/test1613581586274.dotcms.com/40f8fb94-1469-412c-a22c-4c7943d37263.containers.container.xml]
difference [/custom/assets/bundles/01EYRKRCKC85A3B6ZKKX80N5JG/ROOT/bc9a1d37-dd2d-4d49-a29d-0c9be740bfaf.folder.xml, /custom/assets/bundles/01EYRKRCKC85A3B6ZKKX80N5JG/bundle.xml, /custom/assets/bundles/01EYRKRCKC85A3B6ZKKX80N5JG/live/System Host/1/system host.host.xml]

	at org.jgroups.util.Util.assertEquals(Util.java:185)
	at com.dotcms.publishing.PublisherAPIImplTest.publish(PublisherAPIImplTest.java:407)
	at sun.reflect.NativeMethodAccessorImpl.invoke0(Native Method)
	at sun.reflect.NativeMethodAccessorImpl.invoke(NativeMethodAccessorImpl.java:62)
	at sun.reflect.DelegatingMethodAccessorImpl.invoke(DelegatingMethodAccessorImpl.java:43)
	at java.lang.reflect.Method.invoke(Method.java:498)
	at org.junit.runners.model.FrameworkMethod$1.runReflectiveCall(FrameworkMethod.java:50)
	at org.junit.internal.runners.model.ReflectiveCallable.run(ReflectiveCallable.java:12)
	at org.junit.runners.model.FrameworkMethod.invokeExplosively(FrameworkMethod.java:47)
	at com.tngtech.java.junit.dataprovider.DataProviderFrameworkMethod.invokeExplosively(DataProviderFrameworkMethod.java:119)
	at org.junit.internal.runners.statements.InvokeMethod.evaluate(InvokeMethod.java:17)
	at org.junit.rules.TestWatcher$1.evaluate(TestWatcher.java:55)
	at org.junit.rules.RunRules.evaluate(RunRules.java:20)
	at org.junit.runners.ParentRunner.runLeaf(ParentRunner.java:325)
	at com.dotcms.junit.CustomDataProviderRunner.runChild(CustomDataProviderRunner.java:28)
	at com.dotcms.junit.CustomDataProviderRunner.runChild(CustomDataProviderRunner.java:13)
	at org.junit.runners.ParentRunner$3.run(ParentRunner.java:290)
	at org.junit.runners.ParentRunner$1.schedule(ParentRunner.java:71)
	at org.junit.runners.ParentRunner.runChildren(ParentRunner.java:288)
	at org.junit.runners.ParentRunner.access$000(ParentRunner.java:58)
	at org.junit.runners.ParentRunner$2.evaluate(ParentRunner.java:268)
	at org.junit.internal.runners.statements.RunBefores.evaluate(RunBefores.java:26)
	at org.junit.internal.runners.statements.RunAfters.evaluate(RunAfters.java:27)
	at org.junit.runners.ParentRunner.run(ParentRunner.java:363)
	at org.junit.runners.Suite.runChild(Suite.java:128)
	at org.junit.runners.Suite.runChild(Suite.java:27)
	at org.junit.runners.ParentRunner$3.run(ParentRunner.java:290)
	at org.junit.runners.ParentRunner$1.schedule(ParentRunner.java:71)
	at org.junit.runners.ParentRunner.runChildren(ParentRunner.java:288)
	at org.junit.runners.ParentRunner.access$000(ParentRunner.java:58)
	at org.junit.runners.ParentRunner$2.evaluate(ParentRunner.java:268)
	at org.junit.runners.ParentRunner.run(ParentRunner.java:363)
	at org.gradle.api.internal.tasks.testing.junit.JUnitTestClassExecutor.runTestClass(JUnitTestClassExecutor.java:106)
	at org.gradle.api.internal.tasks.testing.junit.JUnitTestClassExecutor.execute(JUnitTestClassExecutor.java:58)
	at org.gradle.api.internal.tasks.testing.junit.JUnitTestClassExecutor.execute(JUnitTestClassExecutor.java:38)
	at org.gradle.api.internal.tasks.testing.junit.AbstractJUnitTestClassProcessor.processTestClass(AbstractJUnitTestClassProcessor.java:66)
	at org.gradle.api.internal.tasks.testing.SuiteTestClassProcessor.processTestClass(SuiteTestClassProcessor.java:51)
	at sun.reflect.NativeMethodAccessorImpl.invoke0(Native Method)
	at sun.reflect.NativeMethodAccessorImpl.invoke(NativeMethodAccessorImpl.java:62)
	at sun.reflect.DelegatingMethodAccessorImpl.invoke(DelegatingMethodAccessorImpl.java:43)
	at java.lang.reflect.Method.invoke(Method.java:498)
	at org.gradle.internal.dispatch.ReflectionDispatch.dispatch(ReflectionDispatch.java:35)
	at org.gradle.internal.dispatch.ReflectionDispatch.dispatch(ReflectionDispatch.java:24)
	at org.gradle.internal.dispatch.ContextClassLoaderDispatch.dispatch(ContextClassLoaderDispatch.java:32)
	at org.gradle.internal.dispatch.ProxyDispatchAdapter$DispatchingInvocationHandler.invoke(ProxyDispatchAdapter.java:93)
	at com.sun.proxy.$Proxy2.processTestClass(Unknown Source)
	at org.gradle.api.internal.tasks.testing.worker.TestWorker.processTestClass(TestWorker.java:117)
	at sun.reflect.NativeMethodAccessorImpl.invoke0(Native Method)
	at sun.reflect.NativeMethodAccessorImpl.invoke(NativeMethodAccessorImpl.java:62)
	at sun.reflect.DelegatingMethodAccessorImpl.invoke(DelegatingMethodAccessorImpl.java:43)
	at java.lang.reflect.Method.invoke(Method.java:498)
	at org.gradle.internal.dispatch.ReflectionDispatch.dispatch(ReflectionDispatch.java:35)
	at org.gradle.internal.dispatch.ReflectionDispatch.dispatch(ReflectionDispatch.java:24)
	at org.gradle.internal.remote.internal.hub.MessageHubBackedObjectConnection$DispatchWrapper.dispatch(MessageHubBackedObjectConnection.java:155)
	at org.gradle.internal.remote.internal.hub.MessageHubBackedObjectConnection$DispatchWrapper.dispatch(MessageHubBackedObjectConnection.java:137)
	at org.gradle.internal.remote.internal.hub.MessageHub$Handler.run(MessageHub.java:404)
	at org.gradle.internal.concurrent.ExecutorPolicy$CatchAndRecordFailures.onExecute(ExecutorPolicy.java:63)
	at org.gradle.internal.concurrent.ManagedExecutorImpl$1.run(ManagedExecutorImpl.java:46)
	at java.util.concurrent.ThreadPoolExecutor.runWorker(ThreadPoolExecutor.java:1149)
	at java.util.concurrent.ThreadPoolExecutor$Worker.run(ThreadPoolExecutor.java:624)
	at org.gradle.internal.concurrent.ThreadFactoryImpl$ManagedThreadRunnable.run(ThreadFactoryImpl.java:55)
	at java.lang.Thread.run(Thread.java:748)
</pre>
</span>
</div>
<div class="test">
<a name="publish[2: com.dotcms.publishing.PublisherAPIImplTest$TestCase@50a58bf3]"></a>
<h3 class="failures">publish[2: com.dotcms.publishing.PublisherAPIImplTest$TestCase@50a58bf3]</h3>
<span class="code">
<pre>java.lang.AssertionError: Expected 21 but get 23 in /custom/assets/bundles/01EYRKRCQ4ZB4ZGAD6ZHPJ4NVT
Expected [/custom/assets/bundles/01EYRKRCQ4ZB4ZGAD6ZHPJ4NVT/working/System Host/1/content.ff462f88-d9e1-4d31-b084-b73cb61976d3.host.xml, /custom/assets/bundles/01EYRKRCQ4ZB4ZGAD6ZHPJ4NVT/live/System Host/1613583766317properties, /custom/assets/bundles/01EYRKRCQ4ZB4ZGAD6ZHPJ4NVT/live/System Host/en_US.language.xml, /custom/assets/bundles/01EYRKRCQ4ZB4ZGAD6ZHPJ4NVT/live/System Host/1/0-content.08a87575-65a1-436d-9e9f-adccc241ea4e.content.xml, /custom/assets/bundles/01EYRKRCQ4ZB4ZGAD6ZHPJ4NVT/working/System Host/f4d7c1b8-2c88-4071-abf1-a5328977b07d.contentType.json, /custom/assets/bundles/01EYRKRCQ4ZB4ZGAD6ZHPJ4NVT/live/System Host/1/3-content.5032bde4-e2ca-4b2d-955a-870d50a8697d.content.xml, /custom/assets/bundles/01EYRKRCQ4ZB4ZGAD6ZHPJ4NVT/working/System Host/1/1-content.08a87575-65a1-436d-9e9f-adccc241ea4e.content.xml, /custom/assets/bundles/01EYRKRCQ4ZB4ZGAD6ZHPJ4NVT/live/System Host/1/305b6c96-91d7-443d-a84f-4eee62330959.contentworkflow.xml, /custom/assets/bundles/01EYRKRCQ4ZB4ZGAD6ZHPJ4NVT/working/test1613581587289.dotcms.com/adab421e-3617-4285-8d91-a02acecf3545.containers.container.xml, /custom/assets/bundles/01EYRKRCQ4ZB4ZGAD6ZHPJ4NVT/d61a59e1-a49c-46f2-a929-db2b4bfa88b2.workflow.xml, /custom/assets/bundles/01EYRKRCQ4ZB4ZGAD6ZHPJ4NVT/live/System Host/1/2030b8b0-2d76-448d-97b5-61f5a26e434a.contentworkflow.xml, /custom/assets/bundles/01EYRKRCQ4ZB4ZGAD6ZHPJ4NVT/live/System Host/1properties, /custom/assets/bundles/01EYRKRCQ4ZB4ZGAD6ZHPJ4NVT/live/System Host/1/content.ff462f88-d9e1-4d31-b084-b73cb61976d3.host.xml, /custom/assets/bundles/01EYRKRCQ4ZB4ZGAD6ZHPJ4NVT/live/default/1613583766317/6cba0aa1-bea6-4f3f-b567-2a4c1a76e866.contentworkflow.xml, /custom/assets/bundles/01EYRKRCQ4ZB4ZGAD6ZHPJ4NVT/live/System Host/kq_TW.language.xml, /custom/assets/bundles/01EYRKRCQ4ZB4ZGAD6ZHPJ4NVT/live/default/cdb61b9f-afcb-4ee2-90c2-4b3858190e06.rule.xml, /custom/assets/bundles/01EYRKRCQ4ZB4ZGAD6ZHPJ4NVT/working/test1613581587289.dotcms.com/a06f2f0a-1006-40d0-82d5-6151b1f8b18f.contentType.json, /custom/assets/bundles/01EYRKRCQ4ZB4ZGAD6ZHPJ4NVT/live/System Host/1/content.79c7aaf4-74d8-4caa-ae76-857861384302.host.xml, /custom/assets/bundles/01EYRKRCQ4ZB4ZGAD6ZHPJ4NVT/live/default/1613583766317/2-content.47f5e0c3-ee5f-49b5-af14-f9369e420284.content.xml, /custom/assets/bundles/01EYRKRCQ4ZB4ZGAD6ZHPJ4NVT/working/System Host/1/2030b8b0-2d76-448d-97b5-61f5a26e434a.contentworkflow.xml]
Existing [/custom/assets/bundles/01EYRKRCQ4ZB4ZGAD6ZHPJ4NVT/ROOT/bc9a1d37-dd2d-4d49-a29d-0c9be740bfaf.folder.xml, /custom/assets/bundles/01EYRKRCQ4ZB4ZGAD6ZHPJ4NVT/bundle.xml, /custom/assets/bundles/01EYRKRCQ4ZB4ZGAD6ZHPJ4NVT/d61a59e1-a49c-46f2-a929-db2b4bfa88b2.workflow.xml, /custom/assets/bundles/01EYRKRCQ4ZB4ZGAD6ZHPJ4NVT/live/System Host/1/0-content.08a87575-65a1-436d-9e9f-adccc241ea4e.content.xml, /custom/assets/bundles/01EYRKRCQ4ZB4ZGAD6ZHPJ4NVT/live/System Host/1/2030b8b0-2d76-448d-97b5-61f5a26e434a.contentworkflow.xml, /custom/assets/bundles/01EYRKRCQ4ZB4ZGAD6ZHPJ4NVT/live/System Host/1/3-content.5032bde4-e2ca-4b2d-955a-870d50a8697d.content.xml, /custom/assets/bundles/01EYRKRCQ4ZB4ZGAD6ZHPJ4NVT/live/System Host/1/305b6c96-91d7-443d-a84f-4eee62330959.contentworkflow.xml, /custom/assets/bundles/01EYRKRCQ4ZB4ZGAD6ZHPJ4NVT/live/System Host/1/content.79c7aaf4-74d8-4caa-ae76-857861384302.host.xml, /custom/assets/bundles/01EYRKRCQ4ZB4ZGAD6ZHPJ4NVT/live/System Host/1/content.ff462f88-d9e1-4d31-b084-b73cb61976d3.host.xml, /custom/assets/bundles/01EYRKRCQ4ZB4ZGAD6ZHPJ4NVT/live/System Host/1/system host.host.xml, /custom/assets/bundles/01EYRKRCQ4ZB4ZGAD6ZHPJ4NVT/live/System Host/1613583766317properties, /custom/assets/bundles/01EYRKRCQ4ZB4ZGAD6ZHPJ4NVT/live/System Host/1properties, /custom/assets/bundles/01EYRKRCQ4ZB4ZGAD6ZHPJ4NVT/live/System Host/en_US.language.xml, /custom/assets/bundles/01EYRKRCQ4ZB4ZGAD6ZHPJ4NVT/live/System Host/kq_TW.language.xml, /custom/assets/bundles/01EYRKRCQ4ZB4ZGAD6ZHPJ4NVT/live/default/1613583766317/2-content.47f5e0c3-ee5f-49b5-af14-f9369e420284.content.xml, /custom/assets/bundles/01EYRKRCQ4ZB4ZGAD6ZHPJ4NVT/live/default/1613583766317/6cba0aa1-bea6-4f3f-b567-2a4c1a76e866.contentworkflow.xml, /custom/assets/bundles/01EYRKRCQ4ZB4ZGAD6ZHPJ4NVT/live/default/cdb61b9f-afcb-4ee2-90c2-4b3858190e06.rule.xml, /custom/assets/bundles/01EYRKRCQ4ZB4ZGAD6ZHPJ4NVT/working/System Host/1/1-content.08a87575-65a1-436d-9e9f-adccc241ea4e.content.xml, /custom/assets/bundles/01EYRKRCQ4ZB4ZGAD6ZHPJ4NVT/working/System Host/1/2030b8b0-2d76-448d-97b5-61f5a26e434a.contentworkflow.xml, /custom/assets/bundles/01EYRKRCQ4ZB4ZGAD6ZHPJ4NVT/working/System Host/1/content.ff462f88-d9e1-4d31-b084-b73cb61976d3.host.xml, /custom/assets/bundles/01EYRKRCQ4ZB4ZGAD6ZHPJ4NVT/working/System Host/f4d7c1b8-2c88-4071-abf1-a5328977b07d.contentType.json, /custom/assets/bundles/01EYRKRCQ4ZB4ZGAD6ZHPJ4NVT/working/test1613581587289.dotcms.com/a06f2f0a-1006-40d0-82d5-6151b1f8b18f.contentType.json, /custom/assets/bundles/01EYRKRCQ4ZB4ZGAD6ZHPJ4NVT/working/test1613581587289.dotcms.com/adab421e-3617-4285-8d91-a02acecf3545.containers.container.xml]
difference [/custom/assets/bundles/01EYRKRCQ4ZB4ZGAD6ZHPJ4NVT/ROOT/bc9a1d37-dd2d-4d49-a29d-0c9be740bfaf.folder.xml, /custom/assets/bundles/01EYRKRCQ4ZB4ZGAD6ZHPJ4NVT/bundle.xml, /custom/assets/bundles/01EYRKRCQ4ZB4ZGAD6ZHPJ4NVT/live/System Host/1/system host.host.xml]

	at org.jgroups.util.Util.assertEquals(Util.java:185)
	at com.dotcms.publishing.PublisherAPIImplTest.publish(PublisherAPIImplTest.java:407)
	at sun.reflect.NativeMethodAccessorImpl.invoke0(Native Method)
	at sun.reflect.NativeMethodAccessorImpl.invoke(NativeMethodAccessorImpl.java:62)
	at sun.reflect.DelegatingMethodAccessorImpl.invoke(DelegatingMethodAccessorImpl.java:43)
	at java.lang.reflect.Method.invoke(Method.java:498)
	at org.junit.runners.model.FrameworkMethod$1.runReflectiveCall(FrameworkMethod.java:50)
	at org.junit.internal.runners.model.ReflectiveCallable.run(ReflectiveCallable.java:12)
	at org.junit.runners.model.FrameworkMethod.invokeExplosively(FrameworkMethod.java:47)
	at com.tngtech.java.junit.dataprovider.DataProviderFrameworkMethod.invokeExplosively(DataProviderFrameworkMethod.java:119)
	at org.junit.internal.runners.statements.InvokeMethod.evaluate(InvokeMethod.java:17)
	at org.junit.rules.TestWatcher$1.evaluate(TestWatcher.java:55)
	at org.junit.rules.RunRules.evaluate(RunRules.java:20)
	at org.junit.runners.ParentRunner.runLeaf(ParentRunner.java:325)
	at com.dotcms.junit.CustomDataProviderRunner.runChild(CustomDataProviderRunner.java:28)
	at com.dotcms.junit.CustomDataProviderRunner.runChild(CustomDataProviderRunner.java:13)
	at org.junit.runners.ParentRunner$3.run(ParentRunner.java:290)
	at org.junit.runners.ParentRunner$1.schedule(ParentRunner.java:71)
	at org.junit.runners.ParentRunner.runChildren(ParentRunner.java:288)
	at org.junit.runners.ParentRunner.access$000(ParentRunner.java:58)
	at org.junit.runners.ParentRunner$2.evaluate(ParentRunner.java:268)
	at org.junit.internal.runners.statements.RunBefores.evaluate(RunBefores.java:26)
	at org.junit.internal.runners.statements.RunAfters.evaluate(RunAfters.java:27)
	at org.junit.runners.ParentRunner.run(ParentRunner.java:363)
	at org.junit.runners.Suite.runChild(Suite.java:128)
	at org.junit.runners.Suite.runChild(Suite.java:27)
	at org.junit.runners.ParentRunner$3.run(ParentRunner.java:290)
	at org.junit.runners.ParentRunner$1.schedule(ParentRunner.java:71)
	at org.junit.runners.ParentRunner.runChildren(ParentRunner.java:288)
	at org.junit.runners.ParentRunner.access$000(ParentRunner.java:58)
	at org.junit.runners.ParentRunner$2.evaluate(ParentRunner.java:268)
	at org.junit.runners.ParentRunner.run(ParentRunner.java:363)
	at org.gradle.api.internal.tasks.testing.junit.JUnitTestClassExecutor.runTestClass(JUnitTestClassExecutor.java:106)
	at org.gradle.api.internal.tasks.testing.junit.JUnitTestClassExecutor.execute(JUnitTestClassExecutor.java:58)
	at org.gradle.api.internal.tasks.testing.junit.JUnitTestClassExecutor.execute(JUnitTestClassExecutor.java:38)
	at org.gradle.api.internal.tasks.testing.junit.AbstractJUnitTestClassProcessor.processTestClass(AbstractJUnitTestClassProcessor.java:66)
	at org.gradle.api.internal.tasks.testing.SuiteTestClassProcessor.processTestClass(SuiteTestClassProcessor.java:51)
	at sun.reflect.NativeMethodAccessorImpl.invoke0(Native Method)
	at sun.reflect.NativeMethodAccessorImpl.invoke(NativeMethodAccessorImpl.java:62)
	at sun.reflect.DelegatingMethodAccessorImpl.invoke(DelegatingMethodAccessorImpl.java:43)
	at java.lang.reflect.Method.invoke(Method.java:498)
	at org.gradle.internal.dispatch.ReflectionDispatch.dispatch(ReflectionDispatch.java:35)
	at org.gradle.internal.dispatch.ReflectionDispatch.dispatch(ReflectionDispatch.java:24)
	at org.gradle.internal.dispatch.ContextClassLoaderDispatch.dispatch(ContextClassLoaderDispatch.java:32)
	at org.gradle.internal.dispatch.ProxyDispatchAdapter$DispatchingInvocationHandler.invoke(ProxyDispatchAdapter.java:93)
	at com.sun.proxy.$Proxy2.processTestClass(Unknown Source)
	at org.gradle.api.internal.tasks.testing.worker.TestWorker.processTestClass(TestWorker.java:117)
	at sun.reflect.NativeMethodAccessorImpl.invoke0(Native Method)
	at sun.reflect.NativeMethodAccessorImpl.invoke(NativeMethodAccessorImpl.java:62)
	at sun.reflect.DelegatingMethodAccessorImpl.invoke(DelegatingMethodAccessorImpl.java:43)
	at java.lang.reflect.Method.invoke(Method.java:498)
	at org.gradle.internal.dispatch.ReflectionDispatch.dispatch(ReflectionDispatch.java:35)
	at org.gradle.internal.dispatch.ReflectionDispatch.dispatch(ReflectionDispatch.java:24)
	at org.gradle.internal.remote.internal.hub.MessageHubBackedObjectConnection$DispatchWrapper.dispatch(MessageHubBackedObjectConnection.java:155)
	at org.gradle.internal.remote.internal.hub.MessageHubBackedObjectConnection$DispatchWrapper.dispatch(MessageHubBackedObjectConnection.java:137)
	at org.gradle.internal.remote.internal.hub.MessageHub$Handler.run(MessageHub.java:404)
	at org.gradle.internal.concurrent.ExecutorPolicy$CatchAndRecordFailures.onExecute(ExecutorPolicy.java:63)
	at org.gradle.internal.concurrent.ManagedExecutorImpl$1.run(ManagedExecutorImpl.java:46)
	at java.util.concurrent.ThreadPoolExecutor.runWorker(ThreadPoolExecutor.java:1149)
	at java.util.concurrent.ThreadPoolExecutor$Worker.run(ThreadPoolExecutor.java:624)
	at org.gradle.internal.concurrent.ThreadFactoryImpl$ManagedThreadRunnable.run(ThreadFactoryImpl.java:55)
	at java.lang.Thread.run(Thread.java:748)
</pre>
</span>
</div>
<div class="test">
<a name="publish[3: com.dotcms.publishing.PublisherAPIImplTest$TestCase@26ed9b54]"></a>
<h3 class="failures">publish[3: com.dotcms.publishing.PublisherAPIImplTest$TestCase@26ed9b54]</h3>
<span class="code">
<pre>java.lang.AssertionError: Expected 31 but get 33 in /custom/assets/bundles/01EYRKRCT78CP8RK4CX4AVQ39F
Expected [/custom/assets/bundles/01EYRKRCT78CP8RK4CX4AVQ39F/live/System Host/1/content.93623617-9790-408e-bd29-0493a74f96d1.host.xml, /custom/assets/bundles/01EYRKRCT78CP8RK4CX4AVQ39F/assets/f/d/fdfdd9ee-d71a-4534-8467-a7daaa4ffb3d/fileAsset/test.jpg, /custom/assets/bundles/01EYRKRCT78CP8RK4CX4AVQ39F/ROOT/testName1613581589210/d4bace40-591b-4100-98f9-a6e4ef87bede.folder.xml, /custom/assets/bundles/01EYRKRCT78CP8RK4CX4AVQ39F/working/System Host/1/2-content.08a87575-65a1-436d-9e9f-adccc241ea4e.content.xml, /custom/assets/bundles/01EYRKRCT78CP8RK4CX4AVQ39F/live/System Host/1/1-content.08a87575-65a1-436d-9e9f-adccc241ea4e.content.xml, /custom/assets/bundles/01EYRKRCT78CP8RK4CX4AVQ39F/working/System Host/1/2030b8b0-2d76-448d-97b5-61f5a26e434a.contentworkflow.xml, /custom/assets/bundles/01EYRKRCT78CP8RK4CX4AVQ39F/ROOT/testName1613581589210/testName1613581589219/5d376e75-c7b7-4586-80e2-37c50929543c.folder.xml, /custom/assets/bundles/01EYRKRCT78CP8RK4CX4AVQ39F/live/System Host/1613583766317properties, /custom/assets/bundles/01EYRKRCT78CP8RK4CX4AVQ39F/live/System Host/1properties, /custom/assets/bundles/01EYRKRCT78CP8RK4CX4AVQ39F/working/System Host/33888b6f-7a8e-4069-b1b6-5c1aa9d0a48d.contentType.json, /custom/assets/bundles/01EYRKRCT78CP8RK4CX4AVQ39F/working/test1613581588204.dotcms.com/1/0-e01cc918-345e-4f71-93a4-ae55e89599c2.content.xml, /custom/assets/bundles/01EYRKRCT78CP8RK4CX4AVQ39F/working/test1613581588204.dotcms.com/1/4-fdfdd9ee-d71a-4534-8467-a7daaa4ffb3d.content.xml, /custom/assets/bundles/01EYRKRCT78CP8RK4CX4AVQ39F/working/test1613581588204.dotcms.com/4ba4a1f0-f246-4451-ab52-6fdf982a2fb2.contentType.json, /custom/assets/bundles/01EYRKRCT78CP8RK4CX4AVQ39F/live/System Host/1/content.ff462f88-d9e1-4d31-b084-b73cb61976d3.host.xml, /custom/assets/bundles/01EYRKRCT78CP8RK4CX4AVQ39F/live/System Host/1/2030b8b0-2d76-448d-97b5-61f5a26e434a.contentworkflow.xml, /custom/assets/bundles/01EYRKRCT78CP8RK4CX4AVQ39F/working/System Host/1/content.ff462f88-d9e1-4d31-b084-b73cb61976d3.host.xml, /custom/assets/bundles/01EYRKRCT78CP8RK4CX4AVQ39F/working/test1613581588204.dotcms.com/1/4510a826-b491-4a3b-8ffd-ec3d9e17526d.contentworkflow.xml, /custom/assets/bundles/01EYRKRCT78CP8RK4CX4AVQ39F/d61a59e1-a49c-46f2-a929-db2b4bfa88b2.workflow.xml, /custom/assets/bundles/01EYRKRCT78CP8RK4CX4AVQ39F/live/System Host/1/305b6c96-91d7-443d-a84f-4eee62330959.contentworkflow.xml, /custom/assets/bundles/01EYRKRCT78CP8RK4CX4AVQ39F/working/test1613581588204.dotcms.com/1/50ddded1-fe48-4d93-b6b4-83b31c707426.contentworkflow.xml, /custom/assets/bundles/01EYRKRCT78CP8RK4CX4AVQ39F/live/System Host/en_US.language.xml, /custom/assets/bundles/01EYRKRCT78CP8RK4CX4AVQ39F/working/test1613581588204.dotcms.com/testName1613581589210/testName1613581589219/4b5370fa-48e9-47e4-9b07-60cb59d0c69d.link.xml, /custom/assets/bundles/01EYRKRCT78CP8RK4CX4AVQ39F/live/System Host/kq_TW.language.xml, /custom/assets/bundles/01EYRKRCT78CP8RK4CX4AVQ39F/ROOT/b36ab9ec-66d2-4082-b43a-6bf1be51fb30.folder.xml, /custom/assets/bundles/01EYRKRCT78CP8RK4CX4AVQ39F/live/default/1613583766317/3-content.47f5e0c3-ee5f-49b5-af14-f9369e420284.content.xml, /custom/assets/bundles/01EYRKRCT78CP8RK4CX4AVQ39F/live/default/1613583766317/6cba0aa1-bea6-4f3f-b567-2a4c1a76e866.contentworkflow.xml, /custom/assets/bundles/01EYRKRCT78CP8RK4CX4AVQ39F/live/default/cdb61b9f-afcb-4ee2-90c2-4b3858190e06.rule.xml, /custom/assets/bundles/01EYRKRCT78CP8RK4CX4AVQ39F/working/System Host/f4d7c1b8-2c88-4071-abf1-a5328977b07d.contentType.json, /custom/assets/bundles/01EYRKRCT78CP8RK4CX4AVQ39F/live/System Host/1/5-content.5032bde4-e2ca-4b2d-955a-870d50a8697d.content.xml, /custom/assets/bundles/01EYRKRCT78CP8RK4CX4AVQ39F/assets/e/0/e01cc918-345e-4f71-93a4-ae55e89599c2/fileAsset/test.jpg]
Existing [/custom/assets/bundles/01EYRKRCT78CP8RK4CX4AVQ39F/ROOT/b36ab9ec-66d2-4082-b43a-6bf1be51fb30.folder.xml, /custom/assets/bundles/01EYRKRCT78CP8RK4CX4AVQ39F/ROOT/bc9a1d37-dd2d-4d49-a29d-0c9be740bfaf.folder.xml, /custom/assets/bundles/01EYRKRCT78CP8RK4CX4AVQ39F/ROOT/testName1613581589210/d4bace40-591b-4100-98f9-a6e4ef87bede.folder.xml, /custom/assets/bundles/01EYRKRCT78CP8RK4CX4AVQ39F/ROOT/testName1613581589210/testName1613581589219/5d376e75-c7b7-4586-80e2-37c50929543c.folder.xml, /custom/assets/bundles/01EYRKRCT78CP8RK4CX4AVQ39F/assets/e/0/e01cc918-345e-4f71-93a4-ae55e89599c2/fileAsset/test.jpg, /custom/assets/bundles/01EYRKRCT78CP8RK4CX4AVQ39F/assets/f/d/fdfdd9ee-d71a-4534-8467-a7daaa4ffb3d/fileAsset/test.jpg, /custom/assets/bundles/01EYRKRCT78CP8RK4CX4AVQ39F/bundle.xml, /custom/assets/bundles/01EYRKRCT78CP8RK4CX4AVQ39F/d61a59e1-a49c-46f2-a929-db2b4bfa88b2.workflow.xml, /custom/assets/bundles/01EYRKRCT78CP8RK4CX4AVQ39F/live/System Host/1/1-content.08a87575-65a1-436d-9e9f-adccc241ea4e.content.xml, /custom/assets/bundles/01EYRKRCT78CP8RK4CX4AVQ39F/live/System Host/1/2030b8b0-2d76-448d-97b5-61f5a26e434a.contentworkflow.xml, /custom/assets/bundles/01EYRKRCT78CP8RK4CX4AVQ39F/live/System Host/1/305b6c96-91d7-443d-a84f-4eee62330959.contentworkflow.xml, /custom/assets/bundles/01EYRKRCT78CP8RK4CX4AVQ39F/live/System Host/1/5-content.5032bde4-e2ca-4b2d-955a-870d50a8697d.content.xml, /custom/assets/bundles/01EYRKRCT78CP8RK4CX4AVQ39F/live/System Host/1/content.93623617-9790-408e-bd29-0493a74f96d1.host.xml, /custom/assets/bundles/01EYRKRCT78CP8RK4CX4AVQ39F/live/System Host/1/content.ff462f88-d9e1-4d31-b084-b73cb61976d3.host.xml, /custom/assets/bundles/01EYRKRCT78CP8RK4CX4AVQ39F/live/System Host/1/system host.host.xml, /custom/assets/bundles/01EYRKRCT78CP8RK4CX4AVQ39F/live/System Host/1613583766317properties, /custom/assets/bundles/01EYRKRCT78CP8RK4CX4AVQ39F/live/System Host/1properties, /custom/assets/bundles/01EYRKRCT78CP8RK4CX4AVQ39F/live/System Host/en_US.language.xml, /custom/assets/bundles/01EYRKRCT78CP8RK4CX4AVQ39F/live/System Host/kq_TW.language.xml, /custom/assets/bundles/01EYRKRCT78CP8RK4CX4AVQ39F/live/default/1613583766317/3-content.47f5e0c3-ee5f-49b5-af14-f9369e420284.content.xml, /custom/assets/bundles/01EYRKRCT78CP8RK4CX4AVQ39F/live/default/1613583766317/6cba0aa1-bea6-4f3f-b567-2a4c1a76e866.contentworkflow.xml, /custom/assets/bundles/01EYRKRCT78CP8RK4CX4AVQ39F/live/default/cdb61b9f-afcb-4ee2-90c2-4b3858190e06.rule.xml, /custom/assets/bundles/01EYRKRCT78CP8RK4CX4AVQ39F/working/System Host/1/2-content.08a87575-65a1-436d-9e9f-adccc241ea4e.content.xml, /custom/assets/bundles/01EYRKRCT78CP8RK4CX4AVQ39F/working/System Host/1/2030b8b0-2d76-448d-97b5-61f5a26e434a.contentworkflow.xml, /custom/assets/bundles/01EYRKRCT78CP8RK4CX4AVQ39F/working/System Host/1/content.ff462f88-d9e1-4d31-b084-b73cb61976d3.host.xml, /custom/assets/bundles/01EYRKRCT78CP8RK4CX4AVQ39F/working/System Host/33888b6f-7a8e-4069-b1b6-5c1aa9d0a48d.contentType.json, /custom/assets/bundles/01EYRKRCT78CP8RK4CX4AVQ39F/working/System Host/f4d7c1b8-2c88-4071-abf1-a5328977b07d.contentType.json, /custom/assets/bundles/01EYRKRCT78CP8RK4CX4AVQ39F/working/test1613581588204.dotcms.com/1/0-e01cc918-345e-4f71-93a4-ae55e89599c2.content.xml, /custom/assets/bundles/01EYRKRCT78CP8RK4CX4AVQ39F/working/test1613581588204.dotcms.com/1/4-fdfdd9ee-d71a-4534-8467-a7daaa4ffb3d.content.xml, /custom/assets/bundles/01EYRKRCT78CP8RK4CX4AVQ39F/working/test1613581588204.dotcms.com/1/4510a826-b491-4a3b-8ffd-ec3d9e17526d.contentworkflow.xml, /custom/assets/bundles/01EYRKRCT78CP8RK4CX4AVQ39F/working/test1613581588204.dotcms.com/1/50ddded1-fe48-4d93-b6b4-83b31c707426.contentworkflow.xml, /custom/assets/bundles/01EYRKRCT78CP8RK4CX4AVQ39F/working/test1613581588204.dotcms.com/4ba4a1f0-f246-4451-ab52-6fdf982a2fb2.contentType.json, /custom/assets/bundles/01EYRKRCT78CP8RK4CX4AVQ39F/working/test1613581588204.dotcms.com/testName1613581589210/testName1613581589219/4b5370fa-48e9-47e4-9b07-60cb59d0c69d.link.xml]
difference [/custom/assets/bundles/01EYRKRCT78CP8RK4CX4AVQ39F/ROOT/bc9a1d37-dd2d-4d49-a29d-0c9be740bfaf.folder.xml, /custom/assets/bundles/01EYRKRCT78CP8RK4CX4AVQ39F/bundle.xml, /custom/assets/bundles/01EYRKRCT78CP8RK4CX4AVQ39F/live/System Host/1/system host.host.xml]

	at org.jgroups.util.Util.assertEquals(Util.java:185)
	at com.dotcms.publishing.PublisherAPIImplTest.publish(PublisherAPIImplTest.java:407)
	at sun.reflect.NativeMethodAccessorImpl.invoke0(Native Method)
	at sun.reflect.NativeMethodAccessorImpl.invoke(NativeMethodAccessorImpl.java:62)
	at sun.reflect.DelegatingMethodAccessorImpl.invoke(DelegatingMethodAccessorImpl.java:43)
	at java.lang.reflect.Method.invoke(Method.java:498)
	at org.junit.runners.model.FrameworkMethod$1.runReflectiveCall(FrameworkMethod.java:50)
	at org.junit.internal.runners.model.ReflectiveCallable.run(ReflectiveCallable.java:12)
	at org.junit.runners.model.FrameworkMethod.invokeExplosively(FrameworkMethod.java:47)
	at com.tngtech.java.junit.dataprovider.DataProviderFrameworkMethod.invokeExplosively(DataProviderFrameworkMethod.java:119)
	at org.junit.internal.runners.statements.InvokeMethod.evaluate(InvokeMethod.java:17)
	at org.junit.rules.TestWatcher$1.evaluate(TestWatcher.java:55)
	at org.junit.rules.RunRules.evaluate(RunRules.java:20)
	at org.junit.runners.ParentRunner.runLeaf(ParentRunner.java:325)
	at com.dotcms.junit.CustomDataProviderRunner.runChild(CustomDataProviderRunner.java:28)
	at com.dotcms.junit.CustomDataProviderRunner.runChild(CustomDataProviderRunner.java:13)
	at org.junit.runners.ParentRunner$3.run(ParentRunner.java:290)
	at org.junit.runners.ParentRunner$1.schedule(ParentRunner.java:71)
	at org.junit.runners.ParentRunner.runChildren(ParentRunner.java:288)
	at org.junit.runners.ParentRunner.access$000(ParentRunner.java:58)
	at org.junit.runners.ParentRunner$2.evaluate(ParentRunner.java:268)
	at org.junit.internal.runners.statements.RunBefores.evaluate(RunBefores.java:26)
	at org.junit.internal.runners.statements.RunAfters.evaluate(RunAfters.java:27)
	at org.junit.runners.ParentRunner.run(ParentRunner.java:363)
	at org.junit.runners.Suite.runChild(Suite.java:128)
	at org.junit.runners.Suite.runChild(Suite.java:27)
	at org.junit.runners.ParentRunner$3.run(ParentRunner.java:290)
	at org.junit.runners.ParentRunner$1.schedule(ParentRunner.java:71)
	at org.junit.runners.ParentRunner.runChildren(ParentRunner.java:288)
	at org.junit.runners.ParentRunner.access$000(ParentRunner.java:58)
	at org.junit.runners.ParentRunner$2.evaluate(ParentRunner.java:268)
	at org.junit.runners.ParentRunner.run(ParentRunner.java:363)
	at org.gradle.api.internal.tasks.testing.junit.JUnitTestClassExecutor.runTestClass(JUnitTestClassExecutor.java:106)
	at org.gradle.api.internal.tasks.testing.junit.JUnitTestClassExecutor.execute(JUnitTestClassExecutor.java:58)
	at org.gradle.api.internal.tasks.testing.junit.JUnitTestClassExecutor.execute(JUnitTestClassExecutor.java:38)
	at org.gradle.api.internal.tasks.testing.junit.AbstractJUnitTestClassProcessor.processTestClass(AbstractJUnitTestClassProcessor.java:66)
	at org.gradle.api.internal.tasks.testing.SuiteTestClassProcessor.processTestClass(SuiteTestClassProcessor.java:51)
	at sun.reflect.NativeMethodAccessorImpl.invoke0(Native Method)
	at sun.reflect.NativeMethodAccessorImpl.invoke(NativeMethodAccessorImpl.java:62)
	at sun.reflect.DelegatingMethodAccessorImpl.invoke(DelegatingMethodAccessorImpl.java:43)
	at java.lang.reflect.Method.invoke(Method.java:498)
	at org.gradle.internal.dispatch.ReflectionDispatch.dispatch(ReflectionDispatch.java:35)
	at org.gradle.internal.dispatch.ReflectionDispatch.dispatch(ReflectionDispatch.java:24)
	at org.gradle.internal.dispatch.ContextClassLoaderDispatch.dispatch(ContextClassLoaderDispatch.java:32)
	at org.gradle.internal.dispatch.ProxyDispatchAdapter$DispatchingInvocationHandler.invoke(ProxyDispatchAdapter.java:93)
	at com.sun.proxy.$Proxy2.processTestClass(Unknown Source)
	at org.gradle.api.internal.tasks.testing.worker.TestWorker.processTestClass(TestWorker.java:117)
	at sun.reflect.NativeMethodAccessorImpl.invoke0(Native Method)
	at sun.reflect.NativeMethodAccessorImpl.invoke(NativeMethodAccessorImpl.java:62)
	at sun.reflect.DelegatingMethodAccessorImpl.invoke(DelegatingMethodAccessorImpl.java:43)
	at java.lang.reflect.Method.invoke(Method.java:498)
	at org.gradle.internal.dispatch.ReflectionDispatch.dispatch(ReflectionDispatch.java:35)
	at org.gradle.internal.dispatch.ReflectionDispatch.dispatch(ReflectionDispatch.java:24)
	at org.gradle.internal.remote.internal.hub.MessageHubBackedObjectConnection$DispatchWrapper.dispatch(MessageHubBackedObjectConnection.java:155)
	at org.gradle.internal.remote.internal.hub.MessageHubBackedObjectConnection$DispatchWrapper.dispatch(MessageHubBackedObjectConnection.java:137)
	at org.gradle.internal.remote.internal.hub.MessageHub$Handler.run(MessageHub.java:404)
	at org.gradle.internal.concurrent.ExecutorPolicy$CatchAndRecordFailures.onExecute(ExecutorPolicy.java:63)
	at org.gradle.internal.concurrent.ManagedExecutorImpl$1.run(ManagedExecutorImpl.java:46)
	at java.util.concurrent.ThreadPoolExecutor.runWorker(ThreadPoolExecutor.java:1149)
	at java.util.concurrent.ThreadPoolExecutor$Worker.run(ThreadPoolExecutor.java:624)
	at org.gradle.internal.concurrent.ThreadFactoryImpl$ManagedThreadRunnable.run(ThreadFactoryImpl.java:55)
	at java.lang.Thread.run(Thread.java:748)
</pre>
</span>
</div>
<div class="test">
<a name="publish[4: com.dotcms.publishing.PublisherAPIImplTest$TestCase@47cdf535]"></a>
<h3 class="failures">publish[4: com.dotcms.publishing.PublisherAPIImplTest$TestCase@47cdf535]</h3>
<span class="code">
<pre>java.lang.AssertionError: Expected 28 but get 30 in /custom/assets/bundles/01EYRKRCZR4BB2ZR8Y7FXKJ9A5
Expected [/custom/assets/bundles/01EYRKRCZR4BB2ZR8Y7FXKJ9A5/live/System Host/en_US.language.xml, /custom/assets/bundles/01EYRKRCZR4BB2ZR8Y7FXKJ9A5/d61a59e1-a49c-46f2-a929-db2b4bfa88b2.workflow.xml, /custom/assets/bundles/01EYRKRCZR4BB2ZR8Y7FXKJ9A5/live/System Host/1/305b6c96-91d7-443d-a84f-4eee62330959.contentworkflow.xml, /custom/assets/bundles/01EYRKRCZR4BB2ZR8Y7FXKJ9A5/ROOT/a5348a0b-9f97-4f96-819d-4b08014c44d0.folder.xml, /custom/assets/bundles/01EYRKRCZR4BB2ZR8Y7FXKJ9A5/live/System Host/kq_TW.language.xml, /custom/assets/bundles/01EYRKRCZR4BB2ZR8Y7FXKJ9A5/live/System Host/1/content.e7b78620-49a1-4cba-90f8-1e5c88934bec.host.xml, /custom/assets/bundles/01EYRKRCZR4BB2ZR8Y7FXKJ9A5/working/test1613581589471.dotcms.com/1a3feb7c-34fe-4a9d-ba23-9b635cebcb5a.contentType.json, /custom/assets/bundles/01EYRKRCZR4BB2ZR8Y7FXKJ9A5/working/System Host/1/1-content.08a87575-65a1-436d-9e9f-adccc241ea4e.content.xml, /custom/assets/bundles/01EYRKRCZR4BB2ZR8Y7FXKJ9A5/live/System Host/1/4-content.5032bde4-e2ca-4b2d-955a-870d50a8697d.content.xml, /custom/assets/bundles/01EYRKRCZR4BB2ZR8Y7FXKJ9A5/live/System Host/1613583766317properties, /custom/assets/bundles/01EYRKRCZR4BB2ZR8Y7FXKJ9A5/live/System Host/1/0-content.08a87575-65a1-436d-9e9f-adccc241ea4e.content.xml, /custom/assets/bundles/01EYRKRCZR4BB2ZR8Y7FXKJ9A5/working/System Host/f4d7c1b8-2c88-4071-abf1-a5328977b07d.contentType.json, /custom/assets/bundles/01EYRKRCZR4BB2ZR8Y7FXKJ9A5/working/test1613581589471.dotcms.com/e9cb398a-bdf2-4cb3-b6cb-374eeb34a0b5.contentType.json, /custom/assets/bundles/01EYRKRCZR4BB2ZR8Y7FXKJ9A5/working/System Host/1/2030b8b0-2d76-448d-97b5-61f5a26e434a.contentworkflow.xml, /custom/assets/bundles/01EYRKRCZR4BB2ZR8Y7FXKJ9A5/live/System Host/1/2030b8b0-2d76-448d-97b5-61f5a26e434a.contentworkflow.xml, /custom/assets/bundles/01EYRKRCZR4BB2ZR8Y7FXKJ9A5/live/default/1613583766317/2-content.47f5e0c3-ee5f-49b5-af14-f9369e420284.content.xml, /custom/assets/bundles/01EYRKRCZR4BB2ZR8Y7FXKJ9A5/live/test1613581589471.dotcms.com/4dc33e8c-a753-4d0a-8bcb-52a179a79c60.rule.xml, /custom/assets/bundles/01EYRKRCZR4BB2ZR8Y7FXKJ9A5/live/default/1613583766317/6cba0aa1-bea6-4f3f-b567-2a4c1a76e866.contentworkflow.xml, /custom/assets/bundles/01EYRKRCZR4BB2ZR8Y7FXKJ9A5/working/System Host/1/content.ff462f88-d9e1-4d31-b084-b73cb61976d3.host.xml, /custom/assets/bundles/01EYRKRCZR4BB2ZR8Y7FXKJ9A5/live/test1613581589471.dotcms.com/237e3486-fa1f-4e7e-a4d8-28cda9a4f0db.template.template.xml, /custom/assets/bundles/01EYRKRCZR4BB2ZR8Y7FXKJ9A5/working/test1613581589471.dotcms.com/57665be8-d45d-4bdf-b3fb-119ad7aec5e6.containers.container.xml, /custom/assets/bundles/01EYRKRCZR4BB2ZR8Y7FXKJ9A5/live/System Host/1/content.ff462f88-d9e1-4d31-b084-b73cb61976d3.host.xml, /custom/assets/bundles/01EYRKRCZR4BB2ZR8Y7FXKJ9A5/working/test1613581589471.dotcms.com/1/e0fd7262-e43d-424d-bdc6-ecd63c7e9c1e.contentworkflow.xml, /custom/assets/bundles/01EYRKRCZR4BB2ZR8Y7FXKJ9A5/live/default/cdb61b9f-afcb-4ee2-90c2-4b3858190e06.rule.xml, /custom/assets/bundles/01EYRKRCZR4BB2ZR8Y7FXKJ9A5/working/System Host/33888b6f-7a8e-4069-b1b6-5c1aa9d0a48d.contentType.json, /custom/assets/bundles/01EYRKRCZR4BB2ZR8Y7FXKJ9A5/live/System Host/1properties, /custom/assets/bundles/01EYRKRCZR4BB2ZR8Y7FXKJ9A5/working/test1613581589471.dotcms.com/1/3-content.b36b5fb8-5e58-4b19-b474-fe78a928124d.content.xml]
Existing [/custom/assets/bundles/01EYRKRCZR4BB2ZR8Y7FXKJ9A5/ROOT/a5348a0b-9f97-4f96-819d-4b08014c44d0.folder.xml, /custom/assets/bundles/01EYRKRCZR4BB2ZR8Y7FXKJ9A5/ROOT/bc9a1d37-dd2d-4d49-a29d-0c9be740bfaf.folder.xml, /custom/assets/bundles/01EYRKRCZR4BB2ZR8Y7FXKJ9A5/bundle.xml, /custom/assets/bundles/01EYRKRCZR4BB2ZR8Y7FXKJ9A5/d61a59e1-a49c-46f2-a929-db2b4bfa88b2.workflow.xml, /custom/assets/bundles/01EYRKRCZR4BB2ZR8Y7FXKJ9A5/live/System Host/1/0-content.08a87575-65a1-436d-9e9f-adccc241ea4e.content.xml, /custom/assets/bundles/01EYRKRCZR4BB2ZR8Y7FXKJ9A5/live/System Host/1/2030b8b0-2d76-448d-97b5-61f5a26e434a.contentworkflow.xml, /custom/assets/bundles/01EYRKRCZR4BB2ZR8Y7FXKJ9A5/live/System Host/1/305b6c96-91d7-443d-a84f-4eee62330959.contentworkflow.xml, /custom/assets/bundles/01EYRKRCZR4BB2ZR8Y7FXKJ9A5/live/System Host/1/4-content.5032bde4-e2ca-4b2d-955a-870d50a8697d.content.xml, /custom/assets/bundles/01EYRKRCZR4BB2ZR8Y7FXKJ9A5/live/System Host/1/content.e7b78620-49a1-4cba-90f8-1e5c88934bec.host.xml, /custom/assets/bundles/01EYRKRCZR4BB2ZR8Y7FXKJ9A5/live/System Host/1/content.ff462f88-d9e1-4d31-b084-b73cb61976d3.host.xml, /custom/assets/bundles/01EYRKRCZR4BB2ZR8Y7FXKJ9A5/live/System Host/1/system host.host.xml, /custom/assets/bundles/01EYRKRCZR4BB2ZR8Y7FXKJ9A5/live/System Host/1613583766317properties, /custom/assets/bundles/01EYRKRCZR4BB2ZR8Y7FXKJ9A5/live/System Host/1properties, /custom/assets/bundles/01EYRKRCZR4BB2ZR8Y7FXKJ9A5/live/System Host/en_US.language.xml, /custom/assets/bundles/01EYRKRCZR4BB2ZR8Y7FXKJ9A5/live/System Host/kq_TW.language.xml, /custom/assets/bundles/01EYRKRCZR4BB2ZR8Y7FXKJ9A5/live/default/1613583766317/2-content.47f5e0c3-ee5f-49b5-af14-f9369e420284.content.xml, /custom/assets/bundles/01EYRKRCZR4BB2ZR8Y7FXKJ9A5/live/default/1613583766317/6cba0aa1-bea6-4f3f-b567-2a4c1a76e866.contentworkflow.xml, /custom/assets/bundles/01EYRKRCZR4BB2ZR8Y7FXKJ9A5/live/default/cdb61b9f-afcb-4ee2-90c2-4b3858190e06.rule.xml, /custom/assets/bundles/01EYRKRCZR4BB2ZR8Y7FXKJ9A5/live/test1613581589471.dotcms.com/237e3486-fa1f-4e7e-a4d8-28cda9a4f0db.template.template.xml, /custom/assets/bundles/01EYRKRCZR4BB2ZR8Y7FXKJ9A5/live/test1613581589471.dotcms.com/4dc33e8c-a753-4d0a-8bcb-52a179a79c60.rule.xml, /custom/assets/bundles/01EYRKRCZR4BB2ZR8Y7FXKJ9A5/working/System Host/1/1-content.08a87575-65a1-436d-9e9f-adccc241ea4e.content.xml, /custom/assets/bundles/01EYRKRCZR4BB2ZR8Y7FXKJ9A5/working/System Host/1/2030b8b0-2d76-448d-97b5-61f5a26e434a.contentworkflow.xml, /custom/assets/bundles/01EYRKRCZR4BB2ZR8Y7FXKJ9A5/working/System Host/1/content.ff462f88-d9e1-4d31-b084-b73cb61976d3.host.xml, /custom/assets/bundles/01EYRKRCZR4BB2ZR8Y7FXKJ9A5/working/System Host/33888b6f-7a8e-4069-b1b6-5c1aa9d0a48d.contentType.json, /custom/assets/bundles/01EYRKRCZR4BB2ZR8Y7FXKJ9A5/working/System Host/f4d7c1b8-2c88-4071-abf1-a5328977b07d.contentType.json, /custom/assets/bundles/01EYRKRCZR4BB2ZR8Y7FXKJ9A5/working/test1613581589471.dotcms.com/1/3-content.b36b5fb8-5e58-4b19-b474-fe78a928124d.content.xml, /custom/assets/bundles/01EYRKRCZR4BB2ZR8Y7FXKJ9A5/working/test1613581589471.dotcms.com/1/e0fd7262-e43d-424d-bdc6-ecd63c7e9c1e.contentworkflow.xml, /custom/assets/bundles/01EYRKRCZR4BB2ZR8Y7FXKJ9A5/working/test1613581589471.dotcms.com/1a3feb7c-34fe-4a9d-ba23-9b635cebcb5a.contentType.json, /custom/assets/bundles/01EYRKRCZR4BB2ZR8Y7FXKJ9A5/working/test1613581589471.dotcms.com/57665be8-d45d-4bdf-b3fb-119ad7aec5e6.containers.container.xml, /custom/assets/bundles/01EYRKRCZR4BB2ZR8Y7FXKJ9A5/working/test1613581589471.dotcms.com/e9cb398a-bdf2-4cb3-b6cb-374eeb34a0b5.contentType.json]
difference [/custom/assets/bundles/01EYRKRCZR4BB2ZR8Y7FXKJ9A5/ROOT/bc9a1d37-dd2d-4d49-a29d-0c9be740bfaf.folder.xml, /custom/assets/bundles/01EYRKRCZR4BB2ZR8Y7FXKJ9A5/bundle.xml, /custom/assets/bundles/01EYRKRCZR4BB2ZR8Y7FXKJ9A5/live/System Host/1/system host.host.xml]

	at org.jgroups.util.Util.assertEquals(Util.java:185)
	at com.dotcms.publishing.PublisherAPIImplTest.publish(PublisherAPIImplTest.java:407)
	at sun.reflect.NativeMethodAccessorImpl.invoke0(Native Method)
	at sun.reflect.NativeMethodAccessorImpl.invoke(NativeMethodAccessorImpl.java:62)
	at sun.reflect.DelegatingMethodAccessorImpl.invoke(DelegatingMethodAccessorImpl.java:43)
	at java.lang.reflect.Method.invoke(Method.java:498)
	at org.junit.runners.model.FrameworkMethod$1.runReflectiveCall(FrameworkMethod.java:50)
	at org.junit.internal.runners.model.ReflectiveCallable.run(ReflectiveCallable.java:12)
	at org.junit.runners.model.FrameworkMethod.invokeExplosively(FrameworkMethod.java:47)
	at com.tngtech.java.junit.dataprovider.DataProviderFrameworkMethod.invokeExplosively(DataProviderFrameworkMethod.java:119)
	at org.junit.internal.runners.statements.InvokeMethod.evaluate(InvokeMethod.java:17)
	at org.junit.rules.TestWatcher$1.evaluate(TestWatcher.java:55)
	at org.junit.rules.RunRules.evaluate(RunRules.java:20)
	at org.junit.runners.ParentRunner.runLeaf(ParentRunner.java:325)
	at com.dotcms.junit.CustomDataProviderRunner.runChild(CustomDataProviderRunner.java:28)
	at com.dotcms.junit.CustomDataProviderRunner.runChild(CustomDataProviderRunner.java:13)
	at org.junit.runners.ParentRunner$3.run(ParentRunner.java:290)
	at org.junit.runners.ParentRunner$1.schedule(ParentRunner.java:71)
	at org.junit.runners.ParentRunner.runChildren(ParentRunner.java:288)
	at org.junit.runners.ParentRunner.access$000(ParentRunner.java:58)
	at org.junit.runners.ParentRunner$2.evaluate(ParentRunner.java:268)
	at org.junit.internal.runners.statements.RunBefores.evaluate(RunBefores.java:26)
	at org.junit.internal.runners.statements.RunAfters.evaluate(RunAfters.java:27)
	at org.junit.runners.ParentRunner.run(ParentRunner.java:363)
	at org.junit.runners.Suite.runChild(Suite.java:128)
	at org.junit.runners.Suite.runChild(Suite.java:27)
	at org.junit.runners.ParentRunner$3.run(ParentRunner.java:290)
	at org.junit.runners.ParentRunner$1.schedule(ParentRunner.java:71)
	at org.junit.runners.ParentRunner.runChildren(ParentRunner.java:288)
	at org.junit.runners.ParentRunner.access$000(ParentRunner.java:58)
	at org.junit.runners.ParentRunner$2.evaluate(ParentRunner.java:268)
	at org.junit.runners.ParentRunner.run(ParentRunner.java:363)
	at org.gradle.api.internal.tasks.testing.junit.JUnitTestClassExecutor.runTestClass(JUnitTestClassExecutor.java:106)
	at org.gradle.api.internal.tasks.testing.junit.JUnitTestClassExecutor.execute(JUnitTestClassExecutor.java:58)
	at org.gradle.api.internal.tasks.testing.junit.JUnitTestClassExecutor.execute(JUnitTestClassExecutor.java:38)
	at org.gradle.api.internal.tasks.testing.junit.AbstractJUnitTestClassProcessor.processTestClass(AbstractJUnitTestClassProcessor.java:66)
	at org.gradle.api.internal.tasks.testing.SuiteTestClassProcessor.processTestClass(SuiteTestClassProcessor.java:51)
	at sun.reflect.NativeMethodAccessorImpl.invoke0(Native Method)
	at sun.reflect.NativeMethodAccessorImpl.invoke(NativeMethodAccessorImpl.java:62)
	at sun.reflect.DelegatingMethodAccessorImpl.invoke(DelegatingMethodAccessorImpl.java:43)
	at java.lang.reflect.Method.invoke(Method.java:498)
	at org.gradle.internal.dispatch.ReflectionDispatch.dispatch(ReflectionDispatch.java:35)
	at org.gradle.internal.dispatch.ReflectionDispatch.dispatch(ReflectionDispatch.java:24)
	at org.gradle.internal.dispatch.ContextClassLoaderDispatch.dispatch(ContextClassLoaderDispatch.java:32)
	at org.gradle.internal.dispatch.ProxyDispatchAdapter$DispatchingInvocationHandler.invoke(ProxyDispatchAdapter.java:93)
	at com.sun.proxy.$Proxy2.processTestClass(Unknown Source)
	at org.gradle.api.internal.tasks.testing.worker.TestWorker.processTestClass(TestWorker.java:117)
	at sun.reflect.NativeMethodAccessorImpl.invoke0(Native Method)
	at sun.reflect.NativeMethodAccessorImpl.invoke(NativeMethodAccessorImpl.java:62)
	at sun.reflect.DelegatingMethodAccessorImpl.invoke(DelegatingMethodAccessorImpl.java:43)
	at java.lang.reflect.Method.invoke(Method.java:498)
	at org.gradle.internal.dispatch.ReflectionDispatch.dispatch(ReflectionDispatch.java:35)
	at org.gradle.internal.dispatch.ReflectionDispatch.dispatch(ReflectionDispatch.java:24)
	at org.gradle.internal.remote.internal.hub.MessageHubBackedObjectConnection$DispatchWrapper.dispatch(MessageHubBackedObjectConnection.java:155)
	at org.gradle.internal.remote.internal.hub.MessageHubBackedObjectConnection$DispatchWrapper.dispatch(MessageHubBackedObjectConnection.java:137)
	at org.gradle.internal.remote.internal.hub.MessageHub$Handler.run(MessageHub.java:404)
	at org.gradle.internal.concurrent.ExecutorPolicy$CatchAndRecordFailures.onExecute(ExecutorPolicy.java:63)
	at org.gradle.internal.concurrent.ManagedExecutorImpl$1.run(ManagedExecutorImpl.java:46)
	at java.util.concurrent.ThreadPoolExecutor.runWorker(ThreadPoolExecutor.java:1149)
	at java.util.concurrent.ThreadPoolExecutor$Worker.run(ThreadPoolExecutor.java:624)
	at org.gradle.internal.concurrent.ThreadFactoryImpl$ManagedThreadRunnable.run(ThreadFactoryImpl.java:55)
	at java.lang.Thread.run(Thread.java:748)
</pre>
</span>
</div>
<div class="test">
<a name="publish[5: com.dotcms.publishing.PublisherAPIImplTest$TestCase@578b171b]"></a>
<h3 class="failures">publish[5: com.dotcms.publishing.PublisherAPIImplTest$TestCase@578b171b]</h3>
<span class="code">
<pre>java.lang.AssertionError: Expected 21 but get 23 in /custom/assets/bundles/01EYRKRD60ACYYY5GHG400R1G9
Expected [/custom/assets/bundles/01EYRKRD60ACYYY5GHG400R1G9/live/default/1613583766317/6cba0aa1-bea6-4f3f-b567-2a4c1a76e866.contentworkflow.xml, /custom/assets/bundles/01EYRKRD60ACYYY5GHG400R1G9/live/System Host/1/3-content.5032bde4-e2ca-4b2d-955a-870d50a8697d.content.xml, /custom/assets/bundles/01EYRKRD60ACYYY5GHG400R1G9/working/test1613581590441.dotcms.com/testName1613581591273/fbe8b356-6e1b-4cd1-bbb2-15937beaeb63.link.xml, /custom/assets/bundles/01EYRKRD60ACYYY5GHG400R1G9/working/System Host/f4d7c1b8-2c88-4071-abf1-a5328977b07d.contentType.json, /custom/assets/bundles/01EYRKRD60ACYYY5GHG400R1G9/d61a59e1-a49c-46f2-a929-db2b4bfa88b2.workflow.xml, /custom/assets/bundles/01EYRKRD60ACYYY5GHG400R1G9/live/System Host/kq_TW.language.xml, /custom/assets/bundles/01EYRKRD60ACYYY5GHG400R1G9/live/System Host/1/305b6c96-91d7-443d-a84f-4eee62330959.contentworkflow.xml, /custom/assets/bundles/01EYRKRD60ACYYY5GHG400R1G9/working/System Host/1/content.ff462f88-d9e1-4d31-b084-b73cb61976d3.host.xml, /custom/assets/bundles/01EYRKRD60ACYYY5GHG400R1G9/working/System Host/1/1-content.08a87575-65a1-436d-9e9f-adccc241ea4e.content.xml, /custom/assets/bundles/01EYRKRD60ACYYY5GHG400R1G9/live/default/cdb61b9f-afcb-4ee2-90c2-4b3858190e06.rule.xml, /custom/assets/bundles/01EYRKRD60ACYYY5GHG400R1G9/ROOT/c431903a-c555-4683-a5dc-01d8e4e0e2db.folder.xml, /custom/assets/bundles/01EYRKRD60ACYYY5GHG400R1G9/live/System Host/1/2030b8b0-2d76-448d-97b5-61f5a26e434a.contentworkflow.xml, /custom/assets/bundles/01EYRKRD60ACYYY5GHG400R1G9/working/System Host/1/2030b8b0-2d76-448d-97b5-61f5a26e434a.contentworkflow.xml, /custom/assets/bundles/01EYRKRD60ACYYY5GHG400R1G9/live/System Host/1/0-content.08a87575-65a1-436d-9e9f-adccc241ea4e.content.xml, /custom/assets/bundles/01EYRKRD60ACYYY5GHG400R1G9/live/System Host/en_US.language.xml, /custom/assets/bundles/01EYRKRD60ACYYY5GHG400R1G9/live/System Host/1/content.ff462f88-d9e1-4d31-b084-b73cb61976d3.host.xml, /custom/assets/bundles/01EYRKRD60ACYYY5GHG400R1G9/live/System Host/1/content.f530a6b0-7506-4bcd-8418-b1fe4dc195e3.host.xml, /custom/assets/bundles/01EYRKRD60ACYYY5GHG400R1G9/live/System Host/1613583766317properties, /custom/assets/bundles/01EYRKRD60ACYYY5GHG400R1G9/live/default/1613583766317/2-content.47f5e0c3-ee5f-49b5-af14-f9369e420284.content.xml, /custom/assets/bundles/01EYRKRD60ACYYY5GHG400R1G9/live/System Host/1properties]
Existing [/custom/assets/bundles/01EYRKRD60ACYYY5GHG400R1G9/ROOT/bc9a1d37-dd2d-4d49-a29d-0c9be740bfaf.folder.xml, /custom/assets/bundles/01EYRKRD60ACYYY5GHG400R1G9/ROOT/c431903a-c555-4683-a5dc-01d8e4e0e2db.folder.xml, /custom/assets/bundles/01EYRKRD60ACYYY5GHG400R1G9/bundle.xml, /custom/assets/bundles/01EYRKRD60ACYYY5GHG400R1G9/d61a59e1-a49c-46f2-a929-db2b4bfa88b2.workflow.xml, /custom/assets/bundles/01EYRKRD60ACYYY5GHG400R1G9/live/System Host/1/0-content.08a87575-65a1-436d-9e9f-adccc241ea4e.content.xml, /custom/assets/bundles/01EYRKRD60ACYYY5GHG400R1G9/live/System Host/1/2030b8b0-2d76-448d-97b5-61f5a26e434a.contentworkflow.xml, /custom/assets/bundles/01EYRKRD60ACYYY5GHG400R1G9/live/System Host/1/3-content.5032bde4-e2ca-4b2d-955a-870d50a8697d.content.xml, /custom/assets/bundles/01EYRKRD60ACYYY5GHG400R1G9/live/System Host/1/305b6c96-91d7-443d-a84f-4eee62330959.contentworkflow.xml, /custom/assets/bundles/01EYRKRD60ACYYY5GHG400R1G9/live/System Host/1/content.f530a6b0-7506-4bcd-8418-b1fe4dc195e3.host.xml, /custom/assets/bundles/01EYRKRD60ACYYY5GHG400R1G9/live/System Host/1/content.ff462f88-d9e1-4d31-b084-b73cb61976d3.host.xml, /custom/assets/bundles/01EYRKRD60ACYYY5GHG400R1G9/live/System Host/1/system host.host.xml, /custom/assets/bundles/01EYRKRD60ACYYY5GHG400R1G9/live/System Host/1613583766317properties, /custom/assets/bundles/01EYRKRD60ACYYY5GHG400R1G9/live/System Host/1properties, /custom/assets/bundles/01EYRKRD60ACYYY5GHG400R1G9/live/System Host/en_US.language.xml, /custom/assets/bundles/01EYRKRD60ACYYY5GHG400R1G9/live/System Host/kq_TW.language.xml, /custom/assets/bundles/01EYRKRD60ACYYY5GHG400R1G9/live/default/1613583766317/2-content.47f5e0c3-ee5f-49b5-af14-f9369e420284.content.xml, /custom/assets/bundles/01EYRKRD60ACYYY5GHG400R1G9/live/default/1613583766317/6cba0aa1-bea6-4f3f-b567-2a4c1a76e866.contentworkflow.xml, /custom/assets/bundles/01EYRKRD60ACYYY5GHG400R1G9/live/default/cdb61b9f-afcb-4ee2-90c2-4b3858190e06.rule.xml, /custom/assets/bundles/01EYRKRD60ACYYY5GHG400R1G9/working/System Host/1/1-content.08a87575-65a1-436d-9e9f-adccc241ea4e.content.xml, /custom/assets/bundles/01EYRKRD60ACYYY5GHG400R1G9/working/System Host/1/2030b8b0-2d76-448d-97b5-61f5a26e434a.contentworkflow.xml, /custom/assets/bundles/01EYRKRD60ACYYY5GHG400R1G9/working/System Host/1/content.ff462f88-d9e1-4d31-b084-b73cb61976d3.host.xml, /custom/assets/bundles/01EYRKRD60ACYYY5GHG400R1G9/working/System Host/f4d7c1b8-2c88-4071-abf1-a5328977b07d.contentType.json, /custom/assets/bundles/01EYRKRD60ACYYY5GHG400R1G9/working/test1613581590441.dotcms.com/testName1613581591273/fbe8b356-6e1b-4cd1-bbb2-15937beaeb63.link.xml]
difference [/custom/assets/bundles/01EYRKRD60ACYYY5GHG400R1G9/ROOT/bc9a1d37-dd2d-4d49-a29d-0c9be740bfaf.folder.xml, /custom/assets/bundles/01EYRKRD60ACYYY5GHG400R1G9/bundle.xml, /custom/assets/bundles/01EYRKRD60ACYYY5GHG400R1G9/live/System Host/1/system host.host.xml]

	at org.jgroups.util.Util.assertEquals(Util.java:185)
	at com.dotcms.publishing.PublisherAPIImplTest.publish(PublisherAPIImplTest.java:407)
	at sun.reflect.NativeMethodAccessorImpl.invoke0(Native Method)
	at sun.reflect.NativeMethodAccessorImpl.invoke(NativeMethodAccessorImpl.java:62)
	at sun.reflect.DelegatingMethodAccessorImpl.invoke(DelegatingMethodAccessorImpl.java:43)
	at java.lang.reflect.Method.invoke(Method.java:498)
	at org.junit.runners.model.FrameworkMethod$1.runReflectiveCall(FrameworkMethod.java:50)
	at org.junit.internal.runners.model.ReflectiveCallable.run(ReflectiveCallable.java:12)
	at org.junit.runners.model.FrameworkMethod.invokeExplosively(FrameworkMethod.java:47)
	at com.tngtech.java.junit.dataprovider.DataProviderFrameworkMethod.invokeExplosively(DataProviderFrameworkMethod.java:119)
	at org.junit.internal.runners.statements.InvokeMethod.evaluate(InvokeMethod.java:17)
	at org.junit.rules.TestWatcher$1.evaluate(TestWatcher.java:55)
	at org.junit.rules.RunRules.evaluate(RunRules.java:20)
	at org.junit.runners.ParentRunner.runLeaf(ParentRunner.java:325)
	at com.dotcms.junit.CustomDataProviderRunner.runChild(CustomDataProviderRunner.java:28)
	at com.dotcms.junit.CustomDataProviderRunner.runChild(CustomDataProviderRunner.java:13)
	at org.junit.runners.ParentRunner$3.run(ParentRunner.java:290)
	at org.junit.runners.ParentRunner$1.schedule(ParentRunner.java:71)
	at org.junit.runners.ParentRunner.runChildren(ParentRunner.java:288)
	at org.junit.runners.ParentRunner.access$000(ParentRunner.java:58)
	at org.junit.runners.ParentRunner$2.evaluate(ParentRunner.java:268)
	at org.junit.internal.runners.statements.RunBefores.evaluate(RunBefores.java:26)
	at org.junit.internal.runners.statements.RunAfters.evaluate(RunAfters.java:27)
	at org.junit.runners.ParentRunner.run(ParentRunner.java:363)
	at org.junit.runners.Suite.runChild(Suite.java:128)
	at org.junit.runners.Suite.runChild(Suite.java:27)
	at org.junit.runners.ParentRunner$3.run(ParentRunner.java:290)
	at org.junit.runners.ParentRunner$1.schedule(ParentRunner.java:71)
	at org.junit.runners.ParentRunner.runChildren(ParentRunner.java:288)
	at org.junit.runners.ParentRunner.access$000(ParentRunner.java:58)
	at org.junit.runners.ParentRunner$2.evaluate(ParentRunner.java:268)
	at org.junit.runners.ParentRunner.run(ParentRunner.java:363)
	at org.gradle.api.internal.tasks.testing.junit.JUnitTestClassExecutor.runTestClass(JUnitTestClassExecutor.java:106)
	at org.gradle.api.internal.tasks.testing.junit.JUnitTestClassExecutor.execute(JUnitTestClassExecutor.java:58)
	at org.gradle.api.internal.tasks.testing.junit.JUnitTestClassExecutor.execute(JUnitTestClassExecutor.java:38)
	at org.gradle.api.internal.tasks.testing.junit.AbstractJUnitTestClassProcessor.processTestClass(AbstractJUnitTestClassProcessor.java:66)
	at org.gradle.api.internal.tasks.testing.SuiteTestClassProcessor.processTestClass(SuiteTestClassProcessor.java:51)
	at sun.reflect.NativeMethodAccessorImpl.invoke0(Native Method)
	at sun.reflect.NativeMethodAccessorImpl.invoke(NativeMethodAccessorImpl.java:62)
	at sun.reflect.DelegatingMethodAccessorImpl.invoke(DelegatingMethodAccessorImpl.java:43)
	at java.lang.reflect.Method.invoke(Method.java:498)
	at org.gradle.internal.dispatch.ReflectionDispatch.dispatch(ReflectionDispatch.java:35)
	at org.gradle.internal.dispatch.ReflectionDispatch.dispatch(ReflectionDispatch.java:24)
	at org.gradle.internal.dispatch.ContextClassLoaderDispatch.dispatch(ContextClassLoaderDispatch.java:32)
	at org.gradle.internal.dispatch.ProxyDispatchAdapter$DispatchingInvocationHandler.invoke(ProxyDispatchAdapter.java:93)
	at com.sun.proxy.$Proxy2.processTestClass(Unknown Source)
	at org.gradle.api.internal.tasks.testing.worker.TestWorker.processTestClass(TestWorker.java:117)
	at sun.reflect.NativeMethodAccessorImpl.invoke0(Native Method)
	at sun.reflect.NativeMethodAccessorImpl.invoke(NativeMethodAccessorImpl.java:62)
	at sun.reflect.DelegatingMethodAccessorImpl.invoke(DelegatingMethodAccessorImpl.java:43)
	at java.lang.reflect.Method.invoke(Method.java:498)
	at org.gradle.internal.dispatch.ReflectionDispatch.dispatch(ReflectionDispatch.java:35)
	at org.gradle.internal.dispatch.ReflectionDispatch.dispatch(ReflectionDispatch.java:24)
	at org.gradle.internal.remote.internal.hub.MessageHubBackedObjectConnection$DispatchWrapper.dispatch(MessageHubBackedObjectConnection.java:155)
	at org.gradle.internal.remote.internal.hub.MessageHubBackedObjectConnection$DispatchWrapper.dispatch(MessageHubBackedObjectConnection.java:137)
	at org.gradle.internal.remote.internal.hub.MessageHub$Handler.run(MessageHub.java:404)
	at org.gradle.internal.concurrent.ExecutorPolicy$CatchAndRecordFailures.onExecute(ExecutorPolicy.java:63)
	at org.gradle.internal.concurrent.ManagedExecutorImpl$1.run(ManagedExecutorImpl.java:46)
	at java.util.concurrent.ThreadPoolExecutor.runWorker(ThreadPoolExecutor.java:1149)
	at java.util.concurrent.ThreadPoolExecutor$Worker.run(ThreadPoolExecutor.java:624)
	at org.gradle.internal.concurrent.ThreadFactoryImpl$ManagedThreadRunnable.run(ThreadFactoryImpl.java:55)
	at java.lang.Thread.run(Thread.java:748)
</pre>
</span>
</div>
<div class="test">
<a name="publish[6: com.dotcms.publishing.PublisherAPIImplTest$TestCase@2b0de40a]"></a>
<h3 class="failures">publish[6: com.dotcms.publishing.PublisherAPIImplTest$TestCase@2b0de40a]</h3>
<span class="code">
<pre>java.lang.AssertionError: Expected 19 but get 21 in /custom/assets/bundles/01EYRKRD8QPQSYEF2T7N676VFB
Expected [/custom/assets/bundles/01EYRKRD8QPQSYEF2T7N676VFB/d61a59e1-a49c-46f2-a929-db2b4bfa88b2.workflow.xml, /custom/assets/bundles/01EYRKRD8QPQSYEF2T7N676VFB/live/default/cdb61b9f-afcb-4ee2-90c2-4b3858190e06.rule.xml, /custom/assets/bundles/01EYRKRD8QPQSYEF2T7N676VFB/working/System Host/1/1-content.08a87575-65a1-436d-9e9f-adccc241ea4e.content.xml, /custom/assets/bundles/01EYRKRD8QPQSYEF2T7N676VFB/live/System Host/1/305b6c96-91d7-443d-a84f-4eee62330959.contentworkflow.xml, /custom/assets/bundles/01EYRKRD8QPQSYEF2T7N676VFB/live/System Host/1/0-content.08a87575-65a1-436d-9e9f-adccc241ea4e.content.xml, /custom/assets/bundles/01EYRKRD8QPQSYEF2T7N676VFB/working/System Host/1/content.ff462f88-d9e1-4d31-b084-b73cb61976d3.host.xml, /custom/assets/bundles/01EYRKRD8QPQSYEF2T7N676VFB/working/System Host/1/2030b8b0-2d76-448d-97b5-61f5a26e434a.contentworkflow.xml, /custom/assets/bundles/01EYRKRD8QPQSYEF2T7N676VFB/live/System Host/1/2030b8b0-2d76-448d-97b5-61f5a26e434a.contentworkflow.xml, /custom/assets/bundles/01EYRKRD8QPQSYEF2T7N676VFB/live/default/1613583766317/6cba0aa1-bea6-4f3f-b567-2a4c1a76e866.contentworkflow.xml, /custom/assets/bundles/01EYRKRD8QPQSYEF2T7N676VFB/live/System Host/1/content.ff462f88-d9e1-4d31-b084-b73cb61976d3.host.xml, /custom/assets/bundles/01EYRKRD8QPQSYEF2T7N676VFB/live/System Host/1613583766317properties, /custom/assets/bundles/01EYRKRD8QPQSYEF2T7N676VFB/working/System Host/f4d7c1b8-2c88-4071-abf1-a5328977b07d.contentType.json, /custom/assets/bundles/01EYRKRD8QPQSYEF2T7N676VFB/ad1a5525-ec14-47db-9523-8403d84649c3.workflow.xml, /custom/assets/bundles/01EYRKRD8QPQSYEF2T7N676VFB/live/default/1613583766317/2-content.47f5e0c3-ee5f-49b5-af14-f9369e420284.content.xml, /custom/assets/bundles/01EYRKRD8QPQSYEF2T7N676VFB/live/System Host/1/3-content.5032bde4-e2ca-4b2d-955a-870d50a8697d.content.xml, /custom/assets/bundles/01EYRKRD8QPQSYEF2T7N676VFB/live/System Host/en_US.language.xml, /custom/assets/bundles/01EYRKRD8QPQSYEF2T7N676VFB/live/System Host/kq_TW.language.xml, /custom/assets/bundles/01EYRKRD8QPQSYEF2T7N676VFB/live/System Host/1properties]
Existing [/custom/assets/bundles/01EYRKRD8QPQSYEF2T7N676VFB/ROOT/bc9a1d37-dd2d-4d49-a29d-0c9be740bfaf.folder.xml, /custom/assets/bundles/01EYRKRD8QPQSYEF2T7N676VFB/ad1a5525-ec14-47db-9523-8403d84649c3.workflow.xml, /custom/assets/bundles/01EYRKRD8QPQSYEF2T7N676VFB/bundle.xml, /custom/assets/bundles/01EYRKRD8QPQSYEF2T7N676VFB/d61a59e1-a49c-46f2-a929-db2b4bfa88b2.workflow.xml, /custom/assets/bundles/01EYRKRD8QPQSYEF2T7N676VFB/live/System Host/1/0-content.08a87575-65a1-436d-9e9f-adccc241ea4e.content.xml, /custom/assets/bundles/01EYRKRD8QPQSYEF2T7N676VFB/live/System Host/1/2030b8b0-2d76-448d-97b5-61f5a26e434a.contentworkflow.xml, /custom/assets/bundles/01EYRKRD8QPQSYEF2T7N676VFB/live/System Host/1/3-content.5032bde4-e2ca-4b2d-955a-870d50a8697d.content.xml, /custom/assets/bundles/01EYRKRD8QPQSYEF2T7N676VFB/live/System Host/1/305b6c96-91d7-443d-a84f-4eee62330959.contentworkflow.xml, /custom/assets/bundles/01EYRKRD8QPQSYEF2T7N676VFB/live/System Host/1/content.ff462f88-d9e1-4d31-b084-b73cb61976d3.host.xml, /custom/assets/bundles/01EYRKRD8QPQSYEF2T7N676VFB/live/System Host/1/system host.host.xml, /custom/assets/bundles/01EYRKRD8QPQSYEF2T7N676VFB/live/System Host/1613583766317properties, /custom/assets/bundles/01EYRKRD8QPQSYEF2T7N676VFB/live/System Host/1properties, /custom/assets/bundles/01EYRKRD8QPQSYEF2T7N676VFB/live/System Host/en_US.language.xml, /custom/assets/bundles/01EYRKRD8QPQSYEF2T7N676VFB/live/System Host/kq_TW.language.xml, /custom/assets/bundles/01EYRKRD8QPQSYEF2T7N676VFB/live/default/1613583766317/2-content.47f5e0c3-ee5f-49b5-af14-f9369e420284.content.xml, /custom/assets/bundles/01EYRKRD8QPQSYEF2T7N676VFB/live/default/1613583766317/6cba0aa1-bea6-4f3f-b567-2a4c1a76e866.contentworkflow.xml, /custom/assets/bundles/01EYRKRD8QPQSYEF2T7N676VFB/live/default/cdb61b9f-afcb-4ee2-90c2-4b3858190e06.rule.xml, /custom/assets/bundles/01EYRKRD8QPQSYEF2T7N676VFB/working/System Host/1/1-content.08a87575-65a1-436d-9e9f-adccc241ea4e.content.xml, /custom/assets/bundles/01EYRKRD8QPQSYEF2T7N676VFB/working/System Host/1/2030b8b0-2d76-448d-97b5-61f5a26e434a.contentworkflow.xml, /custom/assets/bundles/01EYRKRD8QPQSYEF2T7N676VFB/working/System Host/1/content.ff462f88-d9e1-4d31-b084-b73cb61976d3.host.xml, /custom/assets/bundles/01EYRKRD8QPQSYEF2T7N676VFB/working/System Host/f4d7c1b8-2c88-4071-abf1-a5328977b07d.contentType.json]
difference [/custom/assets/bundles/01EYRKRD8QPQSYEF2T7N676VFB/ROOT/bc9a1d37-dd2d-4d49-a29d-0c9be740bfaf.folder.xml, /custom/assets/bundles/01EYRKRD8QPQSYEF2T7N676VFB/bundle.xml, /custom/assets/bundles/01EYRKRD8QPQSYEF2T7N676VFB/live/System Host/1/system host.host.xml]

	at org.jgroups.util.Util.assertEquals(Util.java:185)
	at com.dotcms.publishing.PublisherAPIImplTest.publish(PublisherAPIImplTest.java:407)
	at sun.reflect.NativeMethodAccessorImpl.invoke0(Native Method)
	at sun.reflect.NativeMethodAccessorImpl.invoke(NativeMethodAccessorImpl.java:62)
	at sun.reflect.DelegatingMethodAccessorImpl.invoke(DelegatingMethodAccessorImpl.java:43)
	at java.lang.reflect.Method.invoke(Method.java:498)
	at org.junit.runners.model.FrameworkMethod$1.runReflectiveCall(FrameworkMethod.java:50)
	at org.junit.internal.runners.model.ReflectiveCallable.run(ReflectiveCallable.java:12)
	at org.junit.runners.model.FrameworkMethod.invokeExplosively(FrameworkMethod.java:47)
	at com.tngtech.java.junit.dataprovider.DataProviderFrameworkMethod.invokeExplosively(DataProviderFrameworkMethod.java:119)
	at org.junit.internal.runners.statements.InvokeMethod.evaluate(InvokeMethod.java:17)
	at org.junit.rules.TestWatcher$1.evaluate(TestWatcher.java:55)
	at org.junit.rules.RunRules.evaluate(RunRules.java:20)
	at org.junit.runners.ParentRunner.runLeaf(ParentRunner.java:325)
	at com.dotcms.junit.CustomDataProviderRunner.runChild(CustomDataProviderRunner.java:28)
	at com.dotcms.junit.CustomDataProviderRunner.runChild(CustomDataProviderRunner.java:13)
	at org.junit.runners.ParentRunner$3.run(ParentRunner.java:290)
	at org.junit.runners.ParentRunner$1.schedule(ParentRunner.java:71)
	at org.junit.runners.ParentRunner.runChildren(ParentRunner.java:288)
	at org.junit.runners.ParentRunner.access$000(ParentRunner.java:58)
	at org.junit.runners.ParentRunner$2.evaluate(ParentRunner.java:268)
	at org.junit.internal.runners.statements.RunBefores.evaluate(RunBefores.java:26)
	at org.junit.internal.runners.statements.RunAfters.evaluate(RunAfters.java:27)
	at org.junit.runners.ParentRunner.run(ParentRunner.java:363)
	at org.junit.runners.Suite.runChild(Suite.java:128)
	at org.junit.runners.Suite.runChild(Suite.java:27)
	at org.junit.runners.ParentRunner$3.run(ParentRunner.java:290)
	at org.junit.runners.ParentRunner$1.schedule(ParentRunner.java:71)
	at org.junit.runners.ParentRunner.runChildren(ParentRunner.java:288)
	at org.junit.runners.ParentRunner.access$000(ParentRunner.java:58)
	at org.junit.runners.ParentRunner$2.evaluate(ParentRunner.java:268)
	at org.junit.runners.ParentRunner.run(ParentRunner.java:363)
	at org.gradle.api.internal.tasks.testing.junit.JUnitTestClassExecutor.runTestClass(JUnitTestClassExecutor.java:106)
	at org.gradle.api.internal.tasks.testing.junit.JUnitTestClassExecutor.execute(JUnitTestClassExecutor.java:58)
	at org.gradle.api.internal.tasks.testing.junit.JUnitTestClassExecutor.execute(JUnitTestClassExecutor.java:38)
	at org.gradle.api.internal.tasks.testing.junit.AbstractJUnitTestClassProcessor.processTestClass(AbstractJUnitTestClassProcessor.java:66)
	at org.gradle.api.internal.tasks.testing.SuiteTestClassProcessor.processTestClass(SuiteTestClassProcessor.java:51)
	at sun.reflect.NativeMethodAccessorImpl.invoke0(Native Method)
	at sun.reflect.NativeMethodAccessorImpl.invoke(NativeMethodAccessorImpl.java:62)
	at sun.reflect.DelegatingMethodAccessorImpl.invoke(DelegatingMethodAccessorImpl.java:43)
	at java.lang.reflect.Method.invoke(Method.java:498)
	at org.gradle.internal.dispatch.ReflectionDispatch.dispatch(ReflectionDispatch.java:35)
	at org.gradle.internal.dispatch.ReflectionDispatch.dispatch(ReflectionDispatch.java:24)
	at org.gradle.internal.dispatch.ContextClassLoaderDispatch.dispatch(ContextClassLoaderDispatch.java:32)
	at org.gradle.internal.dispatch.ProxyDispatchAdapter$DispatchingInvocationHandler.invoke(ProxyDispatchAdapter.java:93)
	at com.sun.proxy.$Proxy2.processTestClass(Unknown Source)
	at org.gradle.api.internal.tasks.testing.worker.TestWorker.processTestClass(TestWorker.java:117)
	at sun.reflect.NativeMethodAccessorImpl.invoke0(Native Method)
	at sun.reflect.NativeMethodAccessorImpl.invoke(NativeMethodAccessorImpl.java:62)
	at sun.reflect.DelegatingMethodAccessorImpl.invoke(DelegatingMethodAccessorImpl.java:43)
	at java.lang.reflect.Method.invoke(Method.java:498)
	at org.gradle.internal.dispatch.ReflectionDispatch.dispatch(ReflectionDispatch.java:35)
	at org.gradle.internal.dispatch.ReflectionDispatch.dispatch(ReflectionDispatch.java:24)
	at org.gradle.internal.remote.internal.hub.MessageHubBackedObjectConnection$DispatchWrapper.dispatch(MessageHubBackedObjectConnection.java:155)
	at org.gradle.internal.remote.internal.hub.MessageHubBackedObjectConnection$DispatchWrapper.dispatch(MessageHubBackedObjectConnection.java:137)
	at org.gradle.internal.remote.internal.hub.MessageHub$Handler.run(MessageHub.java:404)
	at org.gradle.internal.concurrent.ExecutorPolicy$CatchAndRecordFailures.onExecute(ExecutorPolicy.java:63)
	at org.gradle.internal.concurrent.ManagedExecutorImpl$1.run(ManagedExecutorImpl.java:46)
	at java.util.concurrent.ThreadPoolExecutor.runWorker(ThreadPoolExecutor.java:1149)
	at java.util.concurrent.ThreadPoolExecutor$Worker.run(ThreadPoolExecutor.java:624)
	at org.gradle.internal.concurrent.ThreadFactoryImpl$ManagedThreadRunnable.run(ThreadFactoryImpl.java:55)
	at java.lang.Thread.run(Thread.java:748)
</pre>
</span>
</div>
<div class="test">
<a name="publish[7: com.dotcms.publishing.PublisherAPIImplTest$TestCase@61f0fd04]"></a>
<h3 class="failures">publish[7: com.dotcms.publishing.PublisherAPIImplTest$TestCase@61f0fd04]</h3>
<span class="code">
<pre>java.lang.AssertionError: Expected 20 but get 22 in /custom/assets/bundles/01EYRKRDBFB8YV0CK5A6XEZXMH
Expected [/custom/assets/bundles/01EYRKRDBFB8YV0CK5A6XEZXMH/live/System Host/1613581591299properties, /custom/assets/bundles/01EYRKRDBFB8YV0CK5A6XEZXMH/live/System Host/1properties, /custom/assets/bundles/01EYRKRDBFB8YV0CK5A6XEZXMH/live/default/cdb61b9f-afcb-4ee2-90c2-4b3858190e06.rule.xml, /custom/assets/bundles/01EYRKRDBFB8YV0CK5A6XEZXMH/d61a59e1-a49c-46f2-a929-db2b4bfa88b2.workflow.xml, /custom/assets/bundles/01EYRKRDBFB8YV0CK5A6XEZXMH/live/System Host/1/0-content.08a87575-65a1-436d-9e9f-adccc241ea4e.content.xml, /custom/assets/bundles/01EYRKRDBFB8YV0CK5A6XEZXMH/live/System Host/kq_TW.language.xml, /custom/assets/bundles/01EYRKRDBFB8YV0CK5A6XEZXMH/live/System Host/en_US.language.xml, /custom/assets/bundles/01EYRKRDBFB8YV0CK5A6XEZXMH/live/default/1613583766317/2-content.47f5e0c3-ee5f-49b5-af14-f9369e420284.content.xml, /custom/assets/bundles/01EYRKRDBFB8YV0CK5A6XEZXMH/live/System Host/1/3-content.5032bde4-e2ca-4b2d-955a-870d50a8697d.content.xml, /custom/assets/bundles/01EYRKRDBFB8YV0CK5A6XEZXMH/live/System Host/84zsl_TESTCOUNTRYCODE1613581591299.language.xml, /custom/assets/bundles/01EYRKRDBFB8YV0CK5A6XEZXMH/working/System Host/f4d7c1b8-2c88-4071-abf1-a5328977b07d.contentType.json, /custom/assets/bundles/01EYRKRDBFB8YV0CK5A6XEZXMH/working/System Host/1/1-content.08a87575-65a1-436d-9e9f-adccc241ea4e.content.xml, /custom/assets/bundles/01EYRKRDBFB8YV0CK5A6XEZXMH/live/System Host/1/content.ff462f88-d9e1-4d31-b084-b73cb61976d3.host.xml, /custom/assets/bundles/01EYRKRDBFB8YV0CK5A6XEZXMH/live/System Host/1613583766317properties, /custom/assets/bundles/01EYRKRDBFB8YV0CK5A6XEZXMH/live/System Host/1/2030b8b0-2d76-448d-97b5-61f5a26e434a.contentworkflow.xml, /custom/assets/bundles/01EYRKRDBFB8YV0CK5A6XEZXMH/working/System Host/1/2030b8b0-2d76-448d-97b5-61f5a26e434a.contentworkflow.xml, /custom/assets/bundles/01EYRKRDBFB8YV0CK5A6XEZXMH/live/default/1613583766317/6cba0aa1-bea6-4f3f-b567-2a4c1a76e866.contentworkflow.xml, /custom/assets/bundles/01EYRKRDBFB8YV0CK5A6XEZXMH/live/System Host/1/305b6c96-91d7-443d-a84f-4eee62330959.contentworkflow.xml, /custom/assets/bundles/01EYRKRDBFB8YV0CK5A6XEZXMH/working/System Host/1/content.ff462f88-d9e1-4d31-b084-b73cb61976d3.host.xml]
Existing [/custom/assets/bundles/01EYRKRDBFB8YV0CK5A6XEZXMH/ROOT/bc9a1d37-dd2d-4d49-a29d-0c9be740bfaf.folder.xml, /custom/assets/bundles/01EYRKRDBFB8YV0CK5A6XEZXMH/bundle.xml, /custom/assets/bundles/01EYRKRDBFB8YV0CK5A6XEZXMH/d61a59e1-a49c-46f2-a929-db2b4bfa88b2.workflow.xml, /custom/assets/bundles/01EYRKRDBFB8YV0CK5A6XEZXMH/live/System Host/1/0-content.08a87575-65a1-436d-9e9f-adccc241ea4e.content.xml, /custom/assets/bundles/01EYRKRDBFB8YV0CK5A6XEZXMH/live/System Host/1/2030b8b0-2d76-448d-97b5-61f5a26e434a.contentworkflow.xml, /custom/assets/bundles/01EYRKRDBFB8YV0CK5A6XEZXMH/live/System Host/1/3-content.5032bde4-e2ca-4b2d-955a-870d50a8697d.content.xml, /custom/assets/bundles/01EYRKRDBFB8YV0CK5A6XEZXMH/live/System Host/1/305b6c96-91d7-443d-a84f-4eee62330959.contentworkflow.xml, /custom/assets/bundles/01EYRKRDBFB8YV0CK5A6XEZXMH/live/System Host/1/content.ff462f88-d9e1-4d31-b084-b73cb61976d3.host.xml, /custom/assets/bundles/01EYRKRDBFB8YV0CK5A6XEZXMH/live/System Host/1/system host.host.xml, /custom/assets/bundles/01EYRKRDBFB8YV0CK5A6XEZXMH/live/System Host/1613581591299properties, /custom/assets/bundles/01EYRKRDBFB8YV0CK5A6XEZXMH/live/System Host/1613583766317properties, /custom/assets/bundles/01EYRKRDBFB8YV0CK5A6XEZXMH/live/System Host/1properties, /custom/assets/bundles/01EYRKRDBFB8YV0CK5A6XEZXMH/live/System Host/84zsl_TESTCOUNTRYCODE1613581591299.language.xml, /custom/assets/bundles/01EYRKRDBFB8YV0CK5A6XEZXMH/live/System Host/en_US.language.xml, /custom/assets/bundles/01EYRKRDBFB8YV0CK5A6XEZXMH/live/System Host/kq_TW.language.xml, /custom/assets/bundles/01EYRKRDBFB8YV0CK5A6XEZXMH/live/default/1613583766317/2-content.47f5e0c3-ee5f-49b5-af14-f9369e420284.content.xml, /custom/assets/bundles/01EYRKRDBFB8YV0CK5A6XEZXMH/live/default/1613583766317/6cba0aa1-bea6-4f3f-b567-2a4c1a76e866.contentworkflow.xml, /custom/assets/bundles/01EYRKRDBFB8YV0CK5A6XEZXMH/live/default/cdb61b9f-afcb-4ee2-90c2-4b3858190e06.rule.xml, /custom/assets/bundles/01EYRKRDBFB8YV0CK5A6XEZXMH/working/System Host/1/1-content.08a87575-65a1-436d-9e9f-adccc241ea4e.content.xml, /custom/assets/bundles/01EYRKRDBFB8YV0CK5A6XEZXMH/working/System Host/1/2030b8b0-2d76-448d-97b5-61f5a26e434a.contentworkflow.xml, /custom/assets/bundles/01EYRKRDBFB8YV0CK5A6XEZXMH/working/System Host/1/content.ff462f88-d9e1-4d31-b084-b73cb61976d3.host.xml, /custom/assets/bundles/01EYRKRDBFB8YV0CK5A6XEZXMH/working/System Host/f4d7c1b8-2c88-4071-abf1-a5328977b07d.contentType.json]
difference [/custom/assets/bundles/01EYRKRDBFB8YV0CK5A6XEZXMH/ROOT/bc9a1d37-dd2d-4d49-a29d-0c9be740bfaf.folder.xml, /custom/assets/bundles/01EYRKRDBFB8YV0CK5A6XEZXMH/bundle.xml, /custom/assets/bundles/01EYRKRDBFB8YV0CK5A6XEZXMH/live/System Host/1/system host.host.xml]

	at org.jgroups.util.Util.assertEquals(Util.java:185)
	at com.dotcms.publishing.PublisherAPIImplTest.publish(PublisherAPIImplTest.java:407)
	at sun.reflect.NativeMethodAccessorImpl.invoke0(Native Method)
	at sun.reflect.NativeMethodAccessorImpl.invoke(NativeMethodAccessorImpl.java:62)
	at sun.reflect.DelegatingMethodAccessorImpl.invoke(DelegatingMethodAccessorImpl.java:43)
	at java.lang.reflect.Method.invoke(Method.java:498)
	at org.junit.runners.model.FrameworkMethod$1.runReflectiveCall(FrameworkMethod.java:50)
	at org.junit.internal.runners.model.ReflectiveCallable.run(ReflectiveCallable.java:12)
	at org.junit.runners.model.FrameworkMethod.invokeExplosively(FrameworkMethod.java:47)
	at com.tngtech.java.junit.dataprovider.DataProviderFrameworkMethod.invokeExplosively(DataProviderFrameworkMethod.java:119)
	at org.junit.internal.runners.statements.InvokeMethod.evaluate(InvokeMethod.java:17)
	at org.junit.rules.TestWatcher$1.evaluate(TestWatcher.java:55)
	at org.junit.rules.RunRules.evaluate(RunRules.java:20)
	at org.junit.runners.ParentRunner.runLeaf(ParentRunner.java:325)
	at com.dotcms.junit.CustomDataProviderRunner.runChild(CustomDataProviderRunner.java:28)
	at com.dotcms.junit.CustomDataProviderRunner.runChild(CustomDataProviderRunner.java:13)
	at org.junit.runners.ParentRunner$3.run(ParentRunner.java:290)
	at org.junit.runners.ParentRunner$1.schedule(ParentRunner.java:71)
	at org.junit.runners.ParentRunner.runChildren(ParentRunner.java:288)
	at org.junit.runners.ParentRunner.access$000(ParentRunner.java:58)
	at org.junit.runners.ParentRunner$2.evaluate(ParentRunner.java:268)
	at org.junit.internal.runners.statements.RunBefores.evaluate(RunBefores.java:26)
	at org.junit.internal.runners.statements.RunAfters.evaluate(RunAfters.java:27)
	at org.junit.runners.ParentRunner.run(ParentRunner.java:363)
	at org.junit.runners.Suite.runChild(Suite.java:128)
	at org.junit.runners.Suite.runChild(Suite.java:27)
	at org.junit.runners.ParentRunner$3.run(ParentRunner.java:290)
	at org.junit.runners.ParentRunner$1.schedule(ParentRunner.java:71)
	at org.junit.runners.ParentRunner.runChildren(ParentRunner.java:288)
	at org.junit.runners.ParentRunner.access$000(ParentRunner.java:58)
	at org.junit.runners.ParentRunner$2.evaluate(ParentRunner.java:268)
	at org.junit.runners.ParentRunner.run(ParentRunner.java:363)
	at org.gradle.api.internal.tasks.testing.junit.JUnitTestClassExecutor.runTestClass(JUnitTestClassExecutor.java:106)
	at org.gradle.api.internal.tasks.testing.junit.JUnitTestClassExecutor.execute(JUnitTestClassExecutor.java:58)
	at org.gradle.api.internal.tasks.testing.junit.JUnitTestClassExecutor.execute(JUnitTestClassExecutor.java:38)
	at org.gradle.api.internal.tasks.testing.junit.AbstractJUnitTestClassProcessor.processTestClass(AbstractJUnitTestClassProcessor.java:66)
	at org.gradle.api.internal.tasks.testing.SuiteTestClassProcessor.processTestClass(SuiteTestClassProcessor.java:51)
	at sun.reflect.NativeMethodAccessorImpl.invoke0(Native Method)
	at sun.reflect.NativeMethodAccessorImpl.invoke(NativeMethodAccessorImpl.java:62)
	at sun.reflect.DelegatingMethodAccessorImpl.invoke(DelegatingMethodAccessorImpl.java:43)
	at java.lang.reflect.Method.invoke(Method.java:498)
	at org.gradle.internal.dispatch.ReflectionDispatch.dispatch(ReflectionDispatch.java:35)
	at org.gradle.internal.dispatch.ReflectionDispatch.dispatch(ReflectionDispatch.java:24)
	at org.gradle.internal.dispatch.ContextClassLoaderDispatch.dispatch(ContextClassLoaderDispatch.java:32)
	at org.gradle.internal.dispatch.ProxyDispatchAdapter$DispatchingInvocationHandler.invoke(ProxyDispatchAdapter.java:93)
	at com.sun.proxy.$Proxy2.processTestClass(Unknown Source)
	at org.gradle.api.internal.tasks.testing.worker.TestWorker.processTestClass(TestWorker.java:117)
	at sun.reflect.NativeMethodAccessorImpl.invoke0(Native Method)
	at sun.reflect.NativeMethodAccessorImpl.invoke(NativeMethodAccessorImpl.java:62)
	at sun.reflect.DelegatingMethodAccessorImpl.invoke(DelegatingMethodAccessorImpl.java:43)
	at java.lang.reflect.Method.invoke(Method.java:498)
	at org.gradle.internal.dispatch.ReflectionDispatch.dispatch(ReflectionDispatch.java:35)
	at org.gradle.internal.dispatch.ReflectionDispatch.dispatch(ReflectionDispatch.java:24)
	at org.gradle.internal.remote.internal.hub.MessageHubBackedObjectConnection$DispatchWrapper.dispatch(MessageHubBackedObjectConnection.java:155)
	at org.gradle.internal.remote.internal.hub.MessageHubBackedObjectConnection$DispatchWrapper.dispatch(MessageHubBackedObjectConnection.java:137)
	at org.gradle.internal.remote.internal.hub.MessageHub$Handler.run(MessageHub.java:404)
	at org.gradle.internal.concurrent.ExecutorPolicy$CatchAndRecordFailures.onExecute(ExecutorPolicy.java:63)
	at org.gradle.internal.concurrent.ManagedExecutorImpl$1.run(ManagedExecutorImpl.java:46)
	at java.util.concurrent.ThreadPoolExecutor.runWorker(ThreadPoolExecutor.java:1149)
	at java.util.concurrent.ThreadPoolExecutor$Worker.run(ThreadPoolExecutor.java:624)
	at org.gradle.internal.concurrent.ThreadFactoryImpl$ManagedThreadRunnable.run(ThreadFactoryImpl.java:55)
	at java.lang.Thread.run(Thread.java:748)
</pre>
</span>
</div>
<div class="test">
<a name="publish[8: com.dotcms.publishing.PublisherAPIImplTest$TestCase@49bcc852]"></a>
<h3 class="failures">publish[8: com.dotcms.publishing.PublisherAPIImplTest$TestCase@49bcc852]</h3>
<span class="code">
<pre>java.lang.AssertionError: Expected 5 but get 6 in /custom/assets/bundles/01EYRKRDE3ADSY5QC3XKY6EB6A
Expected [/custom/assets/bundles/01EYRKRDE3ADSY5QC3XKY6EB6A/live/System Host/1/content.ff462f88-d9e1-4d31-b084-b73cb61976d3.host.xml, /custom/assets/bundles/01EYRKRDE3ADSY5QC3XKY6EB6A/live/default/cdb61b9f-afcb-4ee2-90c2-4b3858190e06.rule.xml, /custom/assets/bundles/01EYRKRDE3ADSY5QC3XKY6EB6A/working/System Host/1/content.ff462f88-d9e1-4d31-b084-b73cb61976d3.host.xml, /custom/assets/bundles/01EYRKRDE3ADSY5QC3XKY6EB6A/live/test1613581591300.dotcms.com/bab55b60-e183-4e9e-a1c8-2651cbe37158.rule.xml]
Existing [/custom/assets/bundles/01EYRKRDE3ADSY5QC3XKY6EB6A/bundle.xml, /custom/assets/bundles/01EYRKRDE3ADSY5QC3XKY6EB6A/live/System Host/1/content.ff462f88-d9e1-4d31-b084-b73cb61976d3.host.xml, /custom/assets/bundles/01EYRKRDE3ADSY5QC3XKY6EB6A/live/System Host/1/system host.host.xml, /custom/assets/bundles/01EYRKRDE3ADSY5QC3XKY6EB6A/live/default/cdb61b9f-afcb-4ee2-90c2-4b3858190e06.rule.xml, /custom/assets/bundles/01EYRKRDE3ADSY5QC3XKY6EB6A/live/test1613581591300.dotcms.com/bab55b60-e183-4e9e-a1c8-2651cbe37158.rule.xml, /custom/assets/bundles/01EYRKRDE3ADSY5QC3XKY6EB6A/working/System Host/1/content.ff462f88-d9e1-4d31-b084-b73cb61976d3.host.xml]
difference [/custom/assets/bundles/01EYRKRDE3ADSY5QC3XKY6EB6A/bundle.xml, /custom/assets/bundles/01EYRKRDE3ADSY5QC3XKY6EB6A/live/System Host/1/system host.host.xml]

	at org.jgroups.util.Util.assertEquals(Util.java:185)
	at com.dotcms.publishing.PublisherAPIImplTest.publish(PublisherAPIImplTest.java:407)
	at sun.reflect.NativeMethodAccessorImpl.invoke0(Native Method)
	at sun.reflect.NativeMethodAccessorImpl.invoke(NativeMethodAccessorImpl.java:62)
	at sun.reflect.DelegatingMethodAccessorImpl.invoke(DelegatingMethodAccessorImpl.java:43)
	at java.lang.reflect.Method.invoke(Method.java:498)
	at org.junit.runners.model.FrameworkMethod$1.runReflectiveCall(FrameworkMethod.java:50)
	at org.junit.internal.runners.model.ReflectiveCallable.run(ReflectiveCallable.java:12)
	at org.junit.runners.model.FrameworkMethod.invokeExplosively(FrameworkMethod.java:47)
	at com.tngtech.java.junit.dataprovider.DataProviderFrameworkMethod.invokeExplosively(DataProviderFrameworkMethod.java:119)
	at org.junit.internal.runners.statements.InvokeMethod.evaluate(InvokeMethod.java:17)
	at org.junit.rules.TestWatcher$1.evaluate(TestWatcher.java:55)
	at org.junit.rules.RunRules.evaluate(RunRules.java:20)
	at org.junit.runners.ParentRunner.runLeaf(ParentRunner.java:325)
	at com.dotcms.junit.CustomDataProviderRunner.runChild(CustomDataProviderRunner.java:28)
	at com.dotcms.junit.CustomDataProviderRunner.runChild(CustomDataProviderRunner.java:13)
	at org.junit.runners.ParentRunner$3.run(ParentRunner.java:290)
	at org.junit.runners.ParentRunner$1.schedule(ParentRunner.java:71)
	at org.junit.runners.ParentRunner.runChildren(ParentRunner.java:288)
	at org.junit.runners.ParentRunner.access$000(ParentRunner.java:58)
	at org.junit.runners.ParentRunner$2.evaluate(ParentRunner.java:268)
	at org.junit.internal.runners.statements.RunBefores.evaluate(RunBefores.java:26)
	at org.junit.internal.runners.statements.RunAfters.evaluate(RunAfters.java:27)
	at org.junit.runners.ParentRunner.run(ParentRunner.java:363)
	at org.junit.runners.Suite.runChild(Suite.java:128)
	at org.junit.runners.Suite.runChild(Suite.java:27)
	at org.junit.runners.ParentRunner$3.run(ParentRunner.java:290)
	at org.junit.runners.ParentRunner$1.schedule(ParentRunner.java:71)
	at org.junit.runners.ParentRunner.runChildren(ParentRunner.java:288)
	at org.junit.runners.ParentRunner.access$000(ParentRunner.java:58)
	at org.junit.runners.ParentRunner$2.evaluate(ParentRunner.java:268)
	at org.junit.runners.ParentRunner.run(ParentRunner.java:363)
	at org.gradle.api.internal.tasks.testing.junit.JUnitTestClassExecutor.runTestClass(JUnitTestClassExecutor.java:106)
	at org.gradle.api.internal.tasks.testing.junit.JUnitTestClassExecutor.execute(JUnitTestClassExecutor.java:58)
	at org.gradle.api.internal.tasks.testing.junit.JUnitTestClassExecutor.execute(JUnitTestClassExecutor.java:38)
	at org.gradle.api.internal.tasks.testing.junit.AbstractJUnitTestClassProcessor.processTestClass(AbstractJUnitTestClassProcessor.java:66)
	at org.gradle.api.internal.tasks.testing.SuiteTestClassProcessor.processTestClass(SuiteTestClassProcessor.java:51)
	at sun.reflect.NativeMethodAccessorImpl.invoke0(Native Method)
	at sun.reflect.NativeMethodAccessorImpl.invoke(NativeMethodAccessorImpl.java:62)
	at sun.reflect.DelegatingMethodAccessorImpl.invoke(DelegatingMethodAccessorImpl.java:43)
	at java.lang.reflect.Method.invoke(Method.java:498)
	at org.gradle.internal.dispatch.ReflectionDispatch.dispatch(ReflectionDispatch.java:35)
	at org.gradle.internal.dispatch.ReflectionDispatch.dispatch(ReflectionDispatch.java:24)
	at org.gradle.internal.dispatch.ContextClassLoaderDispatch.dispatch(ContextClassLoaderDispatch.java:32)
	at org.gradle.internal.dispatch.ProxyDispatchAdapter$DispatchingInvocationHandler.invoke(ProxyDispatchAdapter.java:93)
	at com.sun.proxy.$Proxy2.processTestClass(Unknown Source)
	at org.gradle.api.internal.tasks.testing.worker.TestWorker.processTestClass(TestWorker.java:117)
	at sun.reflect.NativeMethodAccessorImpl.invoke0(Native Method)
	at sun.reflect.NativeMethodAccessorImpl.invoke(NativeMethodAccessorImpl.java:62)
	at sun.reflect.DelegatingMethodAccessorImpl.invoke(DelegatingMethodAccessorImpl.java:43)
	at java.lang.reflect.Method.invoke(Method.java:498)
	at org.gradle.internal.dispatch.ReflectionDispatch.dispatch(ReflectionDispatch.java:35)
	at org.gradle.internal.dispatch.ReflectionDispatch.dispatch(ReflectionDispatch.java:24)
	at org.gradle.internal.remote.internal.hub.MessageHubBackedObjectConnection$DispatchWrapper.dispatch(MessageHubBackedObjectConnection.java:155)
	at org.gradle.internal.remote.internal.hub.MessageHubBackedObjectConnection$DispatchWrapper.dispatch(MessageHubBackedObjectConnection.java:137)
	at org.gradle.internal.remote.internal.hub.MessageHub$Handler.run(MessageHub.java:404)
	at org.gradle.internal.concurrent.ExecutorPolicy$CatchAndRecordFailures.onExecute(ExecutorPolicy.java:63)
	at org.gradle.internal.concurrent.ManagedExecutorImpl$1.run(ManagedExecutorImpl.java:46)
	at java.util.concurrent.ThreadPoolExecutor.runWorker(ThreadPoolExecutor.java:1149)
	at java.util.concurrent.ThreadPoolExecutor$Worker.run(ThreadPoolExecutor.java:624)
	at org.gradle.internal.concurrent.ThreadFactoryImpl$ManagedThreadRunnable.run(ThreadFactoryImpl.java:55)
	at java.lang.Thread.run(Thread.java:748)
</pre>
</span>
</div>
<div class="test">
<a name="publish[9: com.dotcms.publishing.PublisherAPIImplTest$TestCase@46003db1]"></a>
<h3 class="failures">publish[9: com.dotcms.publishing.PublisherAPIImplTest$TestCase@46003db1]</h3>
<span class="code">
<pre>java.lang.AssertionError: Expected 24 but get 26 in /custom/assets/bundles/01EYRKRDFDJH8NH7TD72SY5HTK
Expected [/custom/assets/bundles/01EYRKRDFDJH8NH7TD72SY5HTK/working/System Host/1/2030b8b0-2d76-448d-97b5-61f5a26e434a.contentworkflow.xml, /custom/assets/bundles/01EYRKRDFDJH8NH7TD72SY5HTK/working/test1613581585243.dotcms.com/9c5ff789-1ccb-4a8b-96fd-c0b63ee50076.contentType.json, /custom/assets/bundles/01EYRKRDFDJH8NH7TD72SY5HTK/live/default/cdb61b9f-afcb-4ee2-90c2-4b3858190e06.rule.xml, /custom/assets/bundles/01EYRKRDFDJH8NH7TD72SY5HTK/live/System Host/kq_TW.language.xml, /custom/assets/bundles/01EYRKRDFDJH8NH7TD72SY5HTK/live/System Host/1/305b6c96-91d7-443d-a84f-4eee62330959.contentworkflow.xml, /custom/assets/bundles/01EYRKRDFDJH8NH7TD72SY5HTK/live/System Host/1/0-content.08a87575-65a1-436d-9e9f-adccc241ea4e.content.xml, /custom/assets/bundles/01EYRKRDFDJH8NH7TD72SY5HTK/working/test1613581585243.dotcms.com/0972685d-693d-4f50-8357-63b0ef593e04.contentType.json, /custom/assets/bundles/01EYRKRDFDJH8NH7TD72SY5HTK/live/default/1613583766317/2-content.47f5e0c3-ee5f-49b5-af14-f9369e420284.content.xml, /custom/assets/bundles/01EYRKRDFDJH8NH7TD72SY5HTK/live/System Host/1/content.ff462f88-d9e1-4d31-b084-b73cb61976d3.host.xml, /custom/assets/bundles/01EYRKRDFDJH8NH7TD72SY5HTK/a3ea60ff-5fbc-4150-aab0-2cb735e2ded9.workflow.xml, /custom/assets/bundles/01EYRKRDFDJH8NH7TD72SY5HTK/live/System Host/1/3-content.5032bde4-e2ca-4b2d-955a-870d50a8697d.content.xml, /custom/assets/bundles/01EYRKRDFDJH8NH7TD72SY5HTK/live/System Host/en_US.language.xml, /custom/assets/bundles/01EYRKRDFDJH8NH7TD72SY5HTK/live/default/1613583766317/6cba0aa1-bea6-4f3f-b567-2a4c1a76e866.contentworkflow.xml, /custom/assets/bundles/01EYRKRDFDJH8NH7TD72SY5HTK/working/System Host/f4d7c1b8-2c88-4071-abf1-a5328977b07d.contentType.json, /custom/assets/bundles/01EYRKRDFDJH8NH7TD72SY5HTK/live/System Host/1613583766317properties, /custom/assets/bundles/01EYRKRDFDJH8NH7TD72SY5HTK/working/System Host/1/content.ff462f88-d9e1-4d31-b084-b73cb61976d3.host.xml, /custom/assets/bundles/01EYRKRDFDJH8NH7TD72SY5HTK/live/System Host/1/2030b8b0-2d76-448d-97b5-61f5a26e434a.contentworkflow.xml, /custom/assets/bundles/01EYRKRDFDJH8NH7TD72SY5HTK/live/System Host/1/content.6f032a46-096f-420e-b50d-23059525de8c.host.xml, /custom/assets/bundles/01EYRKRDFDJH8NH7TD72SY5HTK/d61a59e1-a49c-46f2-a929-db2b4bfa88b2.workflow.xml, /custom/assets/bundles/01EYRKRDFDJH8NH7TD72SY5HTK/working/System Host/1/1-content.08a87575-65a1-436d-9e9f-adccc241ea4e.content.xml, /custom/assets/bundles/01EYRKRDFDJH8NH7TD72SY5HTK/working/System Host/b6e28a88-5266-479f-8970-224336c0b844.category.dpc.xml, /custom/assets/bundles/01EYRKRDFDJH8NH7TD72SY5HTK/working/test1613581585243.dotcms.com/bcc2e84e-ea4f-493e-8b66-909505d211ff.relationship.xml, /custom/assets/bundles/01EYRKRDFDJH8NH7TD72SY5HTK/live/System Host/1properties]
Existing [/custom/assets/bundles/01EYRKRDFDJH8NH7TD72SY5HTK/ROOT/bc9a1d37-dd2d-4d49-a29d-0c9be740bfaf.folder.xml, /custom/assets/bundles/01EYRKRDFDJH8NH7TD72SY5HTK/a3ea60ff-5fbc-4150-aab0-2cb735e2ded9.workflow.xml, /custom/assets/bundles/01EYRKRDFDJH8NH7TD72SY5HTK/bundle.xml, /custom/assets/bundles/01EYRKRDFDJH8NH7TD72SY5HTK/d61a59e1-a49c-46f2-a929-db2b4bfa88b2.workflow.xml, /custom/assets/bundles/01EYRKRDFDJH8NH7TD72SY5HTK/live/System Host/1/0-content.08a87575-65a1-436d-9e9f-adccc241ea4e.content.xml, /custom/assets/bundles/01EYRKRDFDJH8NH7TD72SY5HTK/live/System Host/1/2030b8b0-2d76-448d-97b5-61f5a26e434a.contentworkflow.xml, /custom/assets/bundles/01EYRKRDFDJH8NH7TD72SY5HTK/live/System Host/1/3-content.5032bde4-e2ca-4b2d-955a-870d50a8697d.content.xml, /custom/assets/bundles/01EYRKRDFDJH8NH7TD72SY5HTK/live/System Host/1/305b6c96-91d7-443d-a84f-4eee62330959.contentworkflow.xml, /custom/assets/bundles/01EYRKRDFDJH8NH7TD72SY5HTK/live/System Host/1/content.6f032a46-096f-420e-b50d-23059525de8c.host.xml, /custom/assets/bundles/01EYRKRDFDJH8NH7TD72SY5HTK/live/System Host/1/content.ff462f88-d9e1-4d31-b084-b73cb61976d3.host.xml, /custom/assets/bundles/01EYRKRDFDJH8NH7TD72SY5HTK/live/System Host/1/system host.host.xml, /custom/assets/bundles/01EYRKRDFDJH8NH7TD72SY5HTK/live/System Host/1613583766317properties, /custom/assets/bundles/01EYRKRDFDJH8NH7TD72SY5HTK/live/System Host/1properties, /custom/assets/bundles/01EYRKRDFDJH8NH7TD72SY5HTK/live/System Host/en_US.language.xml, /custom/assets/bundles/01EYRKRDFDJH8NH7TD72SY5HTK/live/System Host/kq_TW.language.xml, /custom/assets/bundles/01EYRKRDFDJH8NH7TD72SY5HTK/live/default/1613583766317/2-content.47f5e0c3-ee5f-49b5-af14-f9369e420284.content.xml, /custom/assets/bundles/01EYRKRDFDJH8NH7TD72SY5HTK/live/default/1613583766317/6cba0aa1-bea6-4f3f-b567-2a4c1a76e866.contentworkflow.xml, /custom/assets/bundles/01EYRKRDFDJH8NH7TD72SY5HTK/live/default/cdb61b9f-afcb-4ee2-90c2-4b3858190e06.rule.xml, /custom/assets/bundles/01EYRKRDFDJH8NH7TD72SY5HTK/working/System Host/1/1-content.08a87575-65a1-436d-9e9f-adccc241ea4e.content.xml, /custom/assets/bundles/01EYRKRDFDJH8NH7TD72SY5HTK/working/System Host/1/2030b8b0-2d76-448d-97b5-61f5a26e434a.contentworkflow.xml, /custom/assets/bundles/01EYRKRDFDJH8NH7TD72SY5HTK/working/System Host/1/content.ff462f88-d9e1-4d31-b084-b73cb61976d3.host.xml, /custom/assets/bundles/01EYRKRDFDJH8NH7TD72SY5HTK/working/System Host/b6e28a88-5266-479f-8970-224336c0b844.category.dpc.xml, /custom/assets/bundles/01EYRKRDFDJH8NH7TD72SY5HTK/working/System Host/f4d7c1b8-2c88-4071-abf1-a5328977b07d.contentType.json, /custom/assets/bundles/01EYRKRDFDJH8NH7TD72SY5HTK/working/test1613581585243.dotcms.com/0972685d-693d-4f50-8357-63b0ef593e04.contentType.json, /custom/assets/bundles/01EYRKRDFDJH8NH7TD72SY5HTK/working/test1613581585243.dotcms.com/9c5ff789-1ccb-4a8b-96fd-c0b63ee50076.contentType.json, /custom/assets/bundles/01EYRKRDFDJH8NH7TD72SY5HTK/working/test1613581585243.dotcms.com/bcc2e84e-ea4f-493e-8b66-909505d211ff.relationship.xml]
difference [/custom/assets/bundles/01EYRKRDFDJH8NH7TD72SY5HTK/ROOT/bc9a1d37-dd2d-4d49-a29d-0c9be740bfaf.folder.xml, /custom/assets/bundles/01EYRKRDFDJH8NH7TD72SY5HTK/bundle.xml, /custom/assets/bundles/01EYRKRDFDJH8NH7TD72SY5HTK/live/System Host/1/system host.host.xml]

	at org.jgroups.util.Util.assertEquals(Util.java:185)
	at com.dotcms.publishing.PublisherAPIImplTest.publish(PublisherAPIImplTest.java:407)
	at sun.reflect.NativeMethodAccessorImpl.invoke0(Native Method)
	at sun.reflect.NativeMethodAccessorImpl.invoke(NativeMethodAccessorImpl.java:62)
	at sun.reflect.DelegatingMethodAccessorImpl.invoke(DelegatingMethodAccessorImpl.java:43)
	at java.lang.reflect.Method.invoke(Method.java:498)
	at org.junit.runners.model.FrameworkMethod$1.runReflectiveCall(FrameworkMethod.java:50)
	at org.junit.internal.runners.model.ReflectiveCallable.run(ReflectiveCallable.java:12)
	at org.junit.runners.model.FrameworkMethod.invokeExplosively(FrameworkMethod.java:47)
	at com.tngtech.java.junit.dataprovider.DataProviderFrameworkMethod.invokeExplosively(DataProviderFrameworkMethod.java:119)
	at org.junit.internal.runners.statements.InvokeMethod.evaluate(InvokeMethod.java:17)
	at org.junit.rules.TestWatcher$1.evaluate(TestWatcher.java:55)
	at org.junit.rules.RunRules.evaluate(RunRules.java:20)
	at org.junit.runners.ParentRunner.runLeaf(ParentRunner.java:325)
	at com.dotcms.junit.CustomDataProviderRunner.runChild(CustomDataProviderRunner.java:28)
	at com.dotcms.junit.CustomDataProviderRunner.runChild(CustomDataProviderRunner.java:13)
	at org.junit.runners.ParentRunner$3.run(ParentRunner.java:290)
	at org.junit.runners.ParentRunner$1.schedule(ParentRunner.java:71)
	at org.junit.runners.ParentRunner.runChildren(ParentRunner.java:288)
	at org.junit.runners.ParentRunner.access$000(ParentRunner.java:58)
	at org.junit.runners.ParentRunner$2.evaluate(ParentRunner.java:268)
	at org.junit.internal.runners.statements.RunBefores.evaluate(RunBefores.java:26)
	at org.junit.internal.runners.statements.RunAfters.evaluate(RunAfters.java:27)
	at org.junit.runners.ParentRunner.run(ParentRunner.java:363)
	at org.junit.runners.Suite.runChild(Suite.java:128)
	at org.junit.runners.Suite.runChild(Suite.java:27)
	at org.junit.runners.ParentRunner$3.run(ParentRunner.java:290)
	at org.junit.runners.ParentRunner$1.schedule(ParentRunner.java:71)
	at org.junit.runners.ParentRunner.runChildren(ParentRunner.java:288)
	at org.junit.runners.ParentRunner.access$000(ParentRunner.java:58)
	at org.junit.runners.ParentRunner$2.evaluate(ParentRunner.java:268)
	at org.junit.runners.ParentRunner.run(ParentRunner.java:363)
	at org.gradle.api.internal.tasks.testing.junit.JUnitTestClassExecutor.runTestClass(JUnitTestClassExecutor.java:106)
	at org.gradle.api.internal.tasks.testing.junit.JUnitTestClassExecutor.execute(JUnitTestClassExecutor.java:58)
	at org.gradle.api.internal.tasks.testing.junit.JUnitTestClassExecutor.execute(JUnitTestClassExecutor.java:38)
	at org.gradle.api.internal.tasks.testing.junit.AbstractJUnitTestClassProcessor.processTestClass(AbstractJUnitTestClassProcessor.java:66)
	at org.gradle.api.internal.tasks.testing.SuiteTestClassProcessor.processTestClass(SuiteTestClassProcessor.java:51)
	at sun.reflect.NativeMethodAccessorImpl.invoke0(Native Method)
	at sun.reflect.NativeMethodAccessorImpl.invoke(NativeMethodAccessorImpl.java:62)
	at sun.reflect.DelegatingMethodAccessorImpl.invoke(DelegatingMethodAccessorImpl.java:43)
	at java.lang.reflect.Method.invoke(Method.java:498)
	at org.gradle.internal.dispatch.ReflectionDispatch.dispatch(ReflectionDispatch.java:35)
	at org.gradle.internal.dispatch.ReflectionDispatch.dispatch(ReflectionDispatch.java:24)
	at org.gradle.internal.dispatch.ContextClassLoaderDispatch.dispatch(ContextClassLoaderDispatch.java:32)
	at org.gradle.internal.dispatch.ProxyDispatchAdapter$DispatchingInvocationHandler.invoke(ProxyDispatchAdapter.java:93)
	at com.sun.proxy.$Proxy2.processTestClass(Unknown Source)
	at org.gradle.api.internal.tasks.testing.worker.TestWorker.processTestClass(TestWorker.java:117)
	at sun.reflect.NativeMethodAccessorImpl.invoke0(Native Method)
	at sun.reflect.NativeMethodAccessorImpl.invoke(NativeMethodAccessorImpl.java:62)
	at sun.reflect.DelegatingMethodAccessorImpl.invoke(DelegatingMethodAccessorImpl.java:43)
	at java.lang.reflect.Method.invoke(Method.java:498)
	at org.gradle.internal.dispatch.ReflectionDispatch.dispatch(ReflectionDispatch.java:35)
	at org.gradle.internal.dispatch.ReflectionDispatch.dispatch(ReflectionDispatch.java:24)
	at org.gradle.internal.remote.internal.hub.MessageHubBackedObjectConnection$DispatchWrapper.dispatch(MessageHubBackedObjectConnection.java:155)
	at org.gradle.internal.remote.internal.hub.MessageHubBackedObjectConnection$DispatchWrapper.dispatch(MessageHubBackedObjectConnection.java:137)
	at org.gradle.internal.remote.internal.hub.MessageHub$Handler.run(MessageHub.java:404)
	at org.gradle.internal.concurrent.ExecutorPolicy$CatchAndRecordFailures.onExecute(ExecutorPolicy.java:63)
	at org.gradle.internal.concurrent.ManagedExecutorImpl$1.run(ManagedExecutorImpl.java:46)
	at java.util.concurrent.ThreadPoolExecutor.runWorker(ThreadPoolExecutor.java:1149)
	at java.util.concurrent.ThreadPoolExecutor$Worker.run(ThreadPoolExecutor.java:624)
	at org.gradle.internal.concurrent.ThreadFactoryImpl$ManagedThreadRunnable.run(ThreadFactoryImpl.java:55)
	at java.lang.Thread.run(Thread.java:748)
</pre>
</span>
</div>
</div>
<div id="tab1" class="tab">
<h2>Tests</h2>
<table>
<thead>
<tr>
<th>Test</th>
<th>Duration</th>
<th>Result</th>
</tr>
</thead>
<tr>
<td class="failures">publish[0: com.dotcms.publishing.PublisherAPIImplTest$TestCase@2dd98307]</td>
<td class="failures">0.181s</td>
<td class="failures">failed</td>
</tr>
<tr>
<td class="failures">publish[10: com.dotcms.publishing.PublisherAPIImplTest$TestCase@2e9bccf]</td>
<td class="failures">0.106s</td>
<td class="failures">failed</td>
</tr>
<tr>
<td class="failures">publish[11: com.dotcms.publishing.PublisherAPIImplTest$TestCase@6417794b]</td>
<td class="failures">0.138s</td>
<td class="failures">failed</td>
</tr>
<tr>
<td class="failures">publish[12: com.dotcms.publishing.PublisherAPIImplTest$TestCase@4b46c3c3]</td>
<td class="failures">0.180s</td>
<td class="failures">failed</td>
</tr>
<tr>
<td class="failures">publish[13: com.dotcms.publishing.PublisherAPIImplTest$TestCase@c6c92af]</td>
<td class="failures">0.105s</td>
<td class="failures">failed</td>
</tr>
<tr>
<td class="failures">publish[14: com.dotcms.publishing.PublisherAPIImplTest$TestCase@432c4829]</td>
<td class="failures">0.089s</td>
<td class="failures">failed</td>
</tr>
<tr>
<td class="failures">publish[15: com.dotcms.publishing.PublisherAPIImplTest$TestCase@1caeac26]</td>
<td class="failures">0.071s</td>
<td class="failures">failed</td>
</tr>
<tr>
<td class="failures">publish[16: com.dotcms.publishing.PublisherAPIImplTest$TestCase@618b3cab]</td>
<td class="failures">0.063s</td>
<td class="failures">failed</td>
</tr>
<tr>
<td class="failures">publish[17: com.dotcms.publishing.PublisherAPIImplTest$TestCase@99a33df]</td>
<td class="failures">0.031s</td>
<td class="failures">failed</td>
</tr>
<tr>
<td class="failures">publish[1: com.dotcms.publishing.PublisherAPIImplTest$TestCase@1bf164eb]</td>
<td class="failures">0.117s</td>
<td class="failures">failed</td>
</tr>
<tr>
<td class="failures">publish[2: com.dotcms.publishing.PublisherAPIImplTest$TestCase@50a58bf3]</td>
<td class="failures">0.096s</td>
<td class="failures">failed</td>
</tr>
<tr>
<td class="failures">publish[3: com.dotcms.publishing.PublisherAPIImplTest$TestCase@26ed9b54]</td>
<td class="failures">0.176s</td>
<td class="failures">failed</td>
</tr>
<tr>
<td class="failures">publish[4: com.dotcms.publishing.PublisherAPIImplTest$TestCase@47cdf535]</td>
<td class="failures">0.196s</td>
<td class="failures">failed</td>
</tr>
<tr>
<td class="failures">publish[5: com.dotcms.publishing.PublisherAPIImplTest$TestCase@578b171b]</td>
<td class="failures">0.086s</td>
<td class="failures">failed</td>
</tr>
<tr>
<td class="failures">publish[6: com.dotcms.publishing.PublisherAPIImplTest$TestCase@2b0de40a]</td>
<td class="failures">0.091s</td>
<td class="failures">failed</td>
</tr>
<tr>
<td class="failures">publish[7: com.dotcms.publishing.PublisherAPIImplTest$TestCase@61f0fd04]</td>
<td class="failures">0.084s</td>
<td class="failures">failed</td>
</tr>
<tr>
<td class="failures">publish[8: com.dotcms.publishing.PublisherAPIImplTest$TestCase@49bcc852]</td>
<td class="failures">0.041s</td>
<td class="failures">failed</td>
</tr>
<tr>
<td class="failures">publish[9: com.dotcms.publishing.PublisherAPIImplTest$TestCase@46003db1]</td>
<td class="failures">0.098s</td>
<td class="failures">failed</td>
</tr>
</table>
</div>
<div id="tab2" class="tab">
<h2>Standard output</h2>
<span class="code">
<pre>

















</pre>
</span>
</div>
</div>
<div id="footer">
<p>
<div>
<label class="hidden" id="label-for-line-wrapping-toggle" for="line-wrapping-toggle">Wrap lines
<input id="line-wrapping-toggle" type="checkbox" autocomplete="off"/>
</label>
</div>Generated by 
<a href="http://www.gradle.org">Gradle 4.10.2</a> at Feb 17, 2021 6:24:10 PM</p>
</div>
</div>
</body>
</html>
