<!DOCTYPE html>
<html>
<head>
<meta http-equiv="Content-Type" content="text/html; charset=utf-8"/>
<meta http-equiv="x-ua-compatible" content="IE=edge"/>
<title>Test results - Class com.dotcms.publishing.PublisherAPIImplTest</title>
<link href="../css/base-style.css" rel="stylesheet" type="text/css"/>
<link href="../css/style.css" rel="stylesheet" type="text/css"/>
<script src="../js/report.js" type="text/javascript"></script>
</head>
<body>
<div id="content">
<h1>Class com.dotcms.publishing.PublisherAPIImplTest</h1>
<div class="breadcrumbs">
<a href="../index.html">all</a> &gt; 
<a href="../packages/com.dotcms.publishing.html">com.dotcms.publishing</a> &gt; PublisherAPIImplTest</div>
<div id="summary">
<table>
<tr>
<td>
<div class="summaryGroup">
<table>
<tr>
<td>
<div class="infoBox" id="tests">
<div class="counter">18</div>
<p>tests</p>
</div>
</td>
<td>
<div class="infoBox" id="failures">
<div class="counter">18</div>
<p>failures</p>
</div>
</td>
<td>
<div class="infoBox" id="ignored">
<div class="counter">0</div>
<p>ignored</p>
</div>
</td>
<td>
<div class="infoBox" id="duration">
<div class="counter">1.984s</div>
<p>duration</p>
</div>
</td>
</tr>
</table>
</div>
</td>
<td>
<div class="infoBox failures" id="successRate">
<div class="percent">0%</div>
<p>successful</p>
</div>
</td>
</tr>
</table>
</div>
<div id="tabs">
<ul class="tabLinks">
<li>
<a href="#tab0">Failed tests</a>
</li>
<li>
<a href="#tab1">Tests</a>
</li>
<li>
<a href="#tab2">Standard output</a>
</li>
</ul>
<div id="tab0" class="tab">
<h2>Failed tests</h2>
<div class="test">
<a name="publish[0: com.dotcms.publishing.PublisherAPIImplTest$TestCase@6417794b]"></a>
<h3 class="failures">publish[0: com.dotcms.publishing.PublisherAPIImplTest$TestCase@6417794b]</h3>
<span class="code">
<pre>java.lang.AssertionError: Expected 24 but get 26 in /custom/assets/bundles/01EYVMBTV4GVVVAB5B4K4YC30C
Expected [/custom/assets/bundles/01EYVMBTV4GVVVAB5B4K4YC30C/live/System Host/1/732a2f1a-1e55-4246-9cad-70509c8cbd16.contentworkflow.xml, /custom/assets/bundles/01EYVMBTV4GVVVAB5B4K4YC30C/live/System Host/1613684989926properties, /custom/assets/bundles/01EYVMBTV4GVVVAB5B4K4YC30C/live/default/eee817bb-70c4-43e3-a565-706bab25906b.rule.xml, /custom/assets/bundles/01EYVMBTV4GVVVAB5B4K4YC30C/working/test1613682797982.dotcms.com/f591dd44-a4fc-4e5b-981a-1645390b87b8.contentType.json, /custom/assets/bundles/01EYVMBTV4GVVVAB5B4K4YC30C/live/System Host/xj_RS.language.xml, /custom/assets/bundles/01EYVMBTV4GVVVAB5B4K4YC30C/working/System Host/1/3-content.e798fadb-0df7-46a7-80ef-c2638a5f3814.content.xml, /custom/assets/bundles/01EYVMBTV4GVVVAB5B4K4YC30C/working/System Host/1/732a2f1a-1e55-4246-9cad-70509c8cbd16.contentworkflow.xml, /custom/assets/bundles/01EYVMBTV4GVVVAB5B4K4YC30C/live/System Host/1/1-content.e798fadb-0df7-46a7-80ef-c2638a5f3814.content.xml, /custom/assets/bundles/01EYVMBTV4GVVVAB5B4K4YC30C/d61a59e1-a49c-46f2-a929-db2b4bfa88b2.workflow.xml, /custom/assets/bundles/01EYVMBTV4GVVVAB5B4K4YC30C/working/System Host/1/content.ff462f88-d9e1-4d31-b084-b73cb61976d3.host.xml, /custom/assets/bundles/01EYVMBTV4GVVVAB5B4K4YC30C/working/test1613682797982.dotcms.com/7628ff78-5a18-4164-96ae-fe5b69bca5b7.contentType.json, /custom/assets/bundles/01EYVMBTV4GVVVAB5B4K4YC30C/live/System Host/1/2-content.6533e62e-e14e-42c1-9d83-046693190f44.content.xml, /custom/assets/bundles/01EYVMBTV4GVVVAB5B4K4YC30C/live/System Host/1properties, /custom/assets/bundles/01EYVMBTV4GVVVAB5B4K4YC30C/live/default/1613684989926/0-content.5b4f6053-78c8-4601-bc3d-d0478c778511.content.xml, /custom/assets/bundles/01EYVMBTV4GVVVAB5B4K4YC30C/live/default/1613684989926/5199800b-d29c-4fa5-b16b-827ee8c7fd2e.contentworkflow.xml, /custom/assets/bundles/01EYVMBTV4GVVVAB5B4K4YC30C/f1523a82-1a83-4e85-ae35-cf43a4784523.workflow.xml, /custom/assets/bundles/01EYVMBTV4GVVVAB5B4K4YC30C/working/test1613682797982.dotcms.com/fb4b6d79-5e1a-4d0b-b4f4-6a856aaf7a83.relationship.xml, /custom/assets/bundles/01EYVMBTV4GVVVAB5B4K4YC30C/live/System Host/1/content.ff462f88-d9e1-4d31-b084-b73cb61976d3.host.xml, /custom/assets/bundles/01EYVMBTV4GVVVAB5B4K4YC30C/live/System Host/1/b6c91117-e27c-4e90-a878-4c96e1555f9d.contentworkflow.xml, /custom/assets/bundles/01EYVMBTV4GVVVAB5B4K4YC30C/live/System Host/en_US.language.xml, /custom/assets/bundles/01EYVMBTV4GVVVAB5B4K4YC30C/working/System Host/f4d7c1b8-2c88-4071-abf1-a5328977b07d.contentType.json, /custom/assets/bundles/01EYVMBTV4GVVVAB5B4K4YC30C/working/System Host/2e17a602-127a-48ac-9834-f99594102596.category.dpc.xml, /custom/assets/bundles/01EYVMBTV4GVVVAB5B4K4YC30C/live/System Host/1/content.db2fdc08-fe50-4aec-a6d1-0ca6c0f3fd89.host.xml]
Existing [/custom/assets/bundles/01EYVMBTV4GVVVAB5B4K4YC30C/ROOT/bc9a1d37-dd2d-4d49-a29d-0c9be740bfaf.folder.xml, /custom/assets/bundles/01EYVMBTV4GVVVAB5B4K4YC30C/bundle.xml, /custom/assets/bundles/01EYVMBTV4GVVVAB5B4K4YC30C/d61a59e1-a49c-46f2-a929-db2b4bfa88b2.workflow.xml, /custom/assets/bundles/01EYVMBTV4GVVVAB5B4K4YC30C/f1523a82-1a83-4e85-ae35-cf43a4784523.workflow.xml, /custom/assets/bundles/01EYVMBTV4GVVVAB5B4K4YC30C/live/System Host/1/1-content.e798fadb-0df7-46a7-80ef-c2638a5f3814.content.xml, /custom/assets/bundles/01EYVMBTV4GVVVAB5B4K4YC30C/live/System Host/1/2-content.6533e62e-e14e-42c1-9d83-046693190f44.content.xml, /custom/assets/bundles/01EYVMBTV4GVVVAB5B4K4YC30C/live/System Host/1/732a2f1a-1e55-4246-9cad-70509c8cbd16.contentworkflow.xml, /custom/assets/bundles/01EYVMBTV4GVVVAB5B4K4YC30C/live/System Host/1/b6c91117-e27c-4e90-a878-4c96e1555f9d.contentworkflow.xml, /custom/assets/bundles/01EYVMBTV4GVVVAB5B4K4YC30C/live/System Host/1/content.db2fdc08-fe50-4aec-a6d1-0ca6c0f3fd89.host.xml, /custom/assets/bundles/01EYVMBTV4GVVVAB5B4K4YC30C/live/System Host/1/content.ff462f88-d9e1-4d31-b084-b73cb61976d3.host.xml, /custom/assets/bundles/01EYVMBTV4GVVVAB5B4K4YC30C/live/System Host/1/system host.host.xml, /custom/assets/bundles/01EYVMBTV4GVVVAB5B4K4YC30C/live/System Host/1613684989926properties, /custom/assets/bundles/01EYVMBTV4GVVVAB5B4K4YC30C/live/System Host/1properties, /custom/assets/bundles/01EYVMBTV4GVVVAB5B4K4YC30C/live/System Host/en_US.language.xml, /custom/assets/bundles/01EYVMBTV4GVVVAB5B4K4YC30C/live/System Host/xj_RS.language.xml, /custom/assets/bundles/01EYVMBTV4GVVVAB5B4K4YC30C/live/default/1613684989926/0-content.5b4f6053-78c8-4601-bc3d-d0478c778511.content.xml, /custom/assets/bundles/01EYVMBTV4GVVVAB5B4K4YC30C/live/default/1613684989926/5199800b-d29c-4fa5-b16b-827ee8c7fd2e.contentworkflow.xml, /custom/assets/bundles/01EYVMBTV4GVVVAB5B4K4YC30C/live/default/eee817bb-70c4-43e3-a565-706bab25906b.rule.xml, /custom/assets/bundles/01EYVMBTV4GVVVAB5B4K4YC30C/working/System Host/1/3-content.e798fadb-0df7-46a7-80ef-c2638a5f3814.content.xml, /custom/assets/bundles/01EYVMBTV4GVVVAB5B4K4YC30C/working/System Host/1/732a2f1a-1e55-4246-9cad-70509c8cbd16.contentworkflow.xml, /custom/assets/bundles/01EYVMBTV4GVVVAB5B4K4YC30C/working/System Host/1/content.ff462f88-d9e1-4d31-b084-b73cb61976d3.host.xml, /custom/assets/bundles/01EYVMBTV4GVVVAB5B4K4YC30C/working/System Host/2e17a602-127a-48ac-9834-f99594102596.category.dpc.xml, /custom/assets/bundles/01EYVMBTV4GVVVAB5B4K4YC30C/working/System Host/f4d7c1b8-2c88-4071-abf1-a5328977b07d.contentType.json, /custom/assets/bundles/01EYVMBTV4GVVVAB5B4K4YC30C/working/test1613682797982.dotcms.com/7628ff78-5a18-4164-96ae-fe5b69bca5b7.contentType.json, /custom/assets/bundles/01EYVMBTV4GVVVAB5B4K4YC30C/working/test1613682797982.dotcms.com/f591dd44-a4fc-4e5b-981a-1645390b87b8.contentType.json, /custom/assets/bundles/01EYVMBTV4GVVVAB5B4K4YC30C/working/test1613682797982.dotcms.com/fb4b6d79-5e1a-4d0b-b4f4-6a856aaf7a83.relationship.xml]
difference [/custom/assets/bundles/01EYVMBTV4GVVVAB5B4K4YC30C/ROOT/bc9a1d37-dd2d-4d49-a29d-0c9be740bfaf.folder.xml, /custom/assets/bundles/01EYVMBTV4GVVVAB5B4K4YC30C/bundle.xml, /custom/assets/bundles/01EYVMBTV4GVVVAB5B4K4YC30C/live/System Host/1/system host.host.xml]

	at org.jgroups.util.Util.assertEquals(Util.java:185)
	at com.dotcms.publishing.PublisherAPIImplTest.publish(PublisherAPIImplTest.java:407)
	at sun.reflect.NativeMethodAccessorImpl.invoke0(Native Method)
	at sun.reflect.NativeMethodAccessorImpl.invoke(NativeMethodAccessorImpl.java:62)
	at sun.reflect.DelegatingMethodAccessorImpl.invoke(DelegatingMethodAccessorImpl.java:43)
	at java.lang.reflect.Method.invoke(Method.java:498)
	at org.junit.runners.model.FrameworkMethod$1.runReflectiveCall(FrameworkMethod.java:50)
	at org.junit.internal.runners.model.ReflectiveCallable.run(ReflectiveCallable.java:12)
	at org.junit.runners.model.FrameworkMethod.invokeExplosively(FrameworkMethod.java:47)
	at com.tngtech.java.junit.dataprovider.DataProviderFrameworkMethod.invokeExplosively(DataProviderFrameworkMethod.java:119)
	at org.junit.internal.runners.statements.InvokeMethod.evaluate(InvokeMethod.java:17)
	at org.junit.rules.TestWatcher$1.evaluate(TestWatcher.java:55)
	at org.junit.rules.RunRules.evaluate(RunRules.java:20)
	at org.junit.runners.ParentRunner.runLeaf(ParentRunner.java:325)
	at com.dotcms.junit.CustomDataProviderRunner.runChild(CustomDataProviderRunner.java:28)
	at com.dotcms.junit.CustomDataProviderRunner.runChild(CustomDataProviderRunner.java:13)
	at org.junit.runners.ParentRunner$3.run(ParentRunner.java:290)
	at org.junit.runners.ParentRunner$1.schedule(ParentRunner.java:71)
	at org.junit.runners.ParentRunner.runChildren(ParentRunner.java:288)
	at org.junit.runners.ParentRunner.access$000(ParentRunner.java:58)
	at org.junit.runners.ParentRunner$2.evaluate(ParentRunner.java:268)
	at org.junit.internal.runners.statements.RunBefores.evaluate(RunBefores.java:26)
	at org.junit.internal.runners.statements.RunAfters.evaluate(RunAfters.java:27)
	at org.junit.runners.ParentRunner.run(ParentRunner.java:363)
	at org.junit.runners.Suite.runChild(Suite.java:128)
	at org.junit.runners.Suite.runChild(Suite.java:27)
	at org.junit.runners.ParentRunner$3.run(ParentRunner.java:290)
	at org.junit.runners.ParentRunner$1.schedule(ParentRunner.java:71)
	at org.junit.runners.ParentRunner.runChildren(ParentRunner.java:288)
	at org.junit.runners.ParentRunner.access$000(ParentRunner.java:58)
	at org.junit.runners.ParentRunner$2.evaluate(ParentRunner.java:268)
	at org.junit.runners.ParentRunner.run(ParentRunner.java:363)
	at org.gradle.api.internal.tasks.testing.junit.JUnitTestClassExecutor.runTestClass(JUnitTestClassExecutor.java:106)
	at org.gradle.api.internal.tasks.testing.junit.JUnitTestClassExecutor.execute(JUnitTestClassExecutor.java:58)
	at org.gradle.api.internal.tasks.testing.junit.JUnitTestClassExecutor.execute(JUnitTestClassExecutor.java:38)
	at org.gradle.api.internal.tasks.testing.junit.AbstractJUnitTestClassProcessor.processTestClass(AbstractJUnitTestClassProcessor.java:66)
	at org.gradle.api.internal.tasks.testing.SuiteTestClassProcessor.processTestClass(SuiteTestClassProcessor.java:51)
	at sun.reflect.NativeMethodAccessorImpl.invoke0(Native Method)
	at sun.reflect.NativeMethodAccessorImpl.invoke(NativeMethodAccessorImpl.java:62)
	at sun.reflect.DelegatingMethodAccessorImpl.invoke(DelegatingMethodAccessorImpl.java:43)
	at java.lang.reflect.Method.invoke(Method.java:498)
	at org.gradle.internal.dispatch.ReflectionDispatch.dispatch(ReflectionDispatch.java:35)
	at org.gradle.internal.dispatch.ReflectionDispatch.dispatch(ReflectionDispatch.java:24)
	at org.gradle.internal.dispatch.ContextClassLoaderDispatch.dispatch(ContextClassLoaderDispatch.java:32)
	at org.gradle.internal.dispatch.ProxyDispatchAdapter$DispatchingInvocationHandler.invoke(ProxyDispatchAdapter.java:93)
	at com.sun.proxy.$Proxy2.processTestClass(Unknown Source)
	at org.gradle.api.internal.tasks.testing.worker.TestWorker.processTestClass(TestWorker.java:117)
	at sun.reflect.NativeMethodAccessorImpl.invoke0(Native Method)
	at sun.reflect.NativeMethodAccessorImpl.invoke(NativeMethodAccessorImpl.java:62)
	at sun.reflect.DelegatingMethodAccessorImpl.invoke(DelegatingMethodAccessorImpl.java:43)
	at java.lang.reflect.Method.invoke(Method.java:498)
	at org.gradle.internal.dispatch.ReflectionDispatch.dispatch(ReflectionDispatch.java:35)
	at org.gradle.internal.dispatch.ReflectionDispatch.dispatch(ReflectionDispatch.java:24)
	at org.gradle.internal.remote.internal.hub.MessageHubBackedObjectConnection$DispatchWrapper.dispatch(MessageHubBackedObjectConnection.java:155)
	at org.gradle.internal.remote.internal.hub.MessageHubBackedObjectConnection$DispatchWrapper.dispatch(MessageHubBackedObjectConnection.java:137)
	at org.gradle.internal.remote.internal.hub.MessageHub$Handler.run(MessageHub.java:404)
	at org.gradle.internal.concurrent.ExecutorPolicy$CatchAndRecordFailures.onExecute(ExecutorPolicy.java:63)
	at org.gradle.internal.concurrent.ManagedExecutorImpl$1.run(ManagedExecutorImpl.java:46)
	at java.util.concurrent.ThreadPoolExecutor.runWorker(ThreadPoolExecutor.java:1149)
	at java.util.concurrent.ThreadPoolExecutor$Worker.run(ThreadPoolExecutor.java:624)
	at org.gradle.internal.concurrent.ThreadFactoryImpl$ManagedThreadRunnable.run(ThreadFactoryImpl.java:55)
	at java.lang.Thread.run(Thread.java:748)
</pre>
</span>
</div>
<div class="test">
<a name="publish[10: com.dotcms.publishing.PublisherAPIImplTest$TestCase@217acbb4]"></a>
<h3 class="failures">publish[10: com.dotcms.publishing.PublisherAPIImplTest$TestCase@217acbb4]</h3>
<span class="code">
<pre>java.lang.AssertionError: Expected 23 but get 25 in /custom/assets/bundles/01EYVMBW047E8P4J5S8R1DTQHZ
Expected [/custom/assets/bundles/01EYVMBW047E8P4J5S8R1DTQHZ/working/System Host/f4d7c1b8-2c88-4071-abf1-a5328977b07d.contentType.json, /custom/assets/bundles/01EYVMBW047E8P4J5S8R1DTQHZ/working/test1613682799019.dotcms.com/a5f81030-3080-489a-8790-33dda85287c8.containers.container.xml, /custom/assets/bundles/01EYVMBW047E8P4J5S8R1DTQHZ/live/System Host/1/content.0856bdac-c683-44ff-91a4-ea6525e50f49.host.xml, /custom/assets/bundles/01EYVMBW047E8P4J5S8R1DTQHZ/live/System Host/en_US.language.xml, /custom/assets/bundles/01EYVMBW047E8P4J5S8R1DTQHZ/live/System Host/xj_RS.language.xml, /custom/assets/bundles/01EYVMBW047E8P4J5S8R1DTQHZ/live/default/1613684989926/5199800b-d29c-4fa5-b16b-827ee8c7fd2e.contentworkflow.xml, /custom/assets/bundles/01EYVMBW047E8P4J5S8R1DTQHZ/live/System Host/1properties, /custom/assets/bundles/01EYVMBW047E8P4J5S8R1DTQHZ/live/System Host/1/b6c91117-e27c-4e90-a878-4c96e1555f9d.contentworkflow.xml, /custom/assets/bundles/01EYVMBW047E8P4J5S8R1DTQHZ/live/test1613682799019.dotcms.com/5f18850b-5532-4515-8632-5c601d42d705.template.template.xml, /custom/assets/bundles/01EYVMBW047E8P4J5S8R1DTQHZ/live/System Host/1613684989926properties, /custom/assets/bundles/01EYVMBW047E8P4J5S8R1DTQHZ/d61a59e1-a49c-46f2-a929-db2b4bfa88b2.workflow.xml, /custom/assets/bundles/01EYVMBW047E8P4J5S8R1DTQHZ/live/System Host/1/content.ff462f88-d9e1-4d31-b084-b73cb61976d3.host.xml, /custom/assets/bundles/01EYVMBW047E8P4J5S8R1DTQHZ/working/System Host/1/content.ff462f88-d9e1-4d31-b084-b73cb61976d3.host.xml, /custom/assets/bundles/01EYVMBW047E8P4J5S8R1DTQHZ/live/System Host/1/1-content.e798fadb-0df7-46a7-80ef-c2638a5f3814.content.xml, /custom/assets/bundles/01EYVMBW047E8P4J5S8R1DTQHZ/live/System Host/1/732a2f1a-1e55-4246-9cad-70509c8cbd16.contentworkflow.xml, /custom/assets/bundles/01EYVMBW047E8P4J5S8R1DTQHZ/working/System Host/1/3-content.e798fadb-0df7-46a7-80ef-c2638a5f3814.content.xml, /custom/assets/bundles/01EYVMBW047E8P4J5S8R1DTQHZ/working/test1613682799019.dotcms.com/38afd18d-0fd8-4418-8951-2e46128cd960.contentType.json, /custom/assets/bundles/01EYVMBW047E8P4J5S8R1DTQHZ/live/default/eee817bb-70c4-43e3-a565-706bab25906b.rule.xml, /custom/assets/bundles/01EYVMBW047E8P4J5S8R1DTQHZ/working/test1613682799019.dotcms.com/18183860-6633-4340-8848-5ef3cfa69e55.containers.container.xml, /custom/assets/bundles/01EYVMBW047E8P4J5S8R1DTQHZ/working/System Host/1/732a2f1a-1e55-4246-9cad-70509c8cbd16.contentworkflow.xml, /custom/assets/bundles/01EYVMBW047E8P4J5S8R1DTQHZ/live/System Host/1/2-content.6533e62e-e14e-42c1-9d83-046693190f44.content.xml, /custom/assets/bundles/01EYVMBW047E8P4J5S8R1DTQHZ/live/default/1613684989926/0-content.5b4f6053-78c8-4601-bc3d-d0478c778511.content.xml]
Existing [/custom/assets/bundles/01EYVMBW047E8P4J5S8R1DTQHZ/ROOT/bc9a1d37-dd2d-4d49-a29d-0c9be740bfaf.folder.xml, /custom/assets/bundles/01EYVMBW047E8P4J5S8R1DTQHZ/bundle.xml, /custom/assets/bundles/01EYVMBW047E8P4J5S8R1DTQHZ/d61a59e1-a49c-46f2-a929-db2b4bfa88b2.workflow.xml, /custom/assets/bundles/01EYVMBW047E8P4J5S8R1DTQHZ/live/System Host/1/1-content.e798fadb-0df7-46a7-80ef-c2638a5f3814.content.xml, /custom/assets/bundles/01EYVMBW047E8P4J5S8R1DTQHZ/live/System Host/1/2-content.6533e62e-e14e-42c1-9d83-046693190f44.content.xml, /custom/assets/bundles/01EYVMBW047E8P4J5S8R1DTQHZ/live/System Host/1/732a2f1a-1e55-4246-9cad-70509c8cbd16.contentworkflow.xml, /custom/assets/bundles/01EYVMBW047E8P4J5S8R1DTQHZ/live/System Host/1/b6c91117-e27c-4e90-a878-4c96e1555f9d.contentworkflow.xml, /custom/assets/bundles/01EYVMBW047E8P4J5S8R1DTQHZ/live/System Host/1/content.0856bdac-c683-44ff-91a4-ea6525e50f49.host.xml, /custom/assets/bundles/01EYVMBW047E8P4J5S8R1DTQHZ/live/System Host/1/content.ff462f88-d9e1-4d31-b084-b73cb61976d3.host.xml, /custom/assets/bundles/01EYVMBW047E8P4J5S8R1DTQHZ/live/System Host/1/system host.host.xml, /custom/assets/bundles/01EYVMBW047E8P4J5S8R1DTQHZ/live/System Host/1613684989926properties, /custom/assets/bundles/01EYVMBW047E8P4J5S8R1DTQHZ/live/System Host/1properties, /custom/assets/bundles/01EYVMBW047E8P4J5S8R1DTQHZ/live/System Host/en_US.language.xml, /custom/assets/bundles/01EYVMBW047E8P4J5S8R1DTQHZ/live/System Host/xj_RS.language.xml, /custom/assets/bundles/01EYVMBW047E8P4J5S8R1DTQHZ/live/default/1613684989926/0-content.5b4f6053-78c8-4601-bc3d-d0478c778511.content.xml, /custom/assets/bundles/01EYVMBW047E8P4J5S8R1DTQHZ/live/default/1613684989926/5199800b-d29c-4fa5-b16b-827ee8c7fd2e.contentworkflow.xml, /custom/assets/bundles/01EYVMBW047E8P4J5S8R1DTQHZ/live/default/eee817bb-70c4-43e3-a565-706bab25906b.rule.xml, /custom/assets/bundles/01EYVMBW047E8P4J5S8R1DTQHZ/live/test1613682799019.dotcms.com/5f18850b-5532-4515-8632-5c601d42d705.template.template.xml, /custom/assets/bundles/01EYVMBW047E8P4J5S8R1DTQHZ/working/System Host/1/3-content.e798fadb-0df7-46a7-80ef-c2638a5f3814.content.xml, /custom/assets/bundles/01EYVMBW047E8P4J5S8R1DTQHZ/working/System Host/1/732a2f1a-1e55-4246-9cad-70509c8cbd16.contentworkflow.xml, /custom/assets/bundles/01EYVMBW047E8P4J5S8R1DTQHZ/working/System Host/1/content.ff462f88-d9e1-4d31-b084-b73cb61976d3.host.xml, /custom/assets/bundles/01EYVMBW047E8P4J5S8R1DTQHZ/working/System Host/f4d7c1b8-2c88-4071-abf1-a5328977b07d.contentType.json, /custom/assets/bundles/01EYVMBW047E8P4J5S8R1DTQHZ/working/test1613682799019.dotcms.com/18183860-6633-4340-8848-5ef3cfa69e55.containers.container.xml, /custom/assets/bundles/01EYVMBW047E8P4J5S8R1DTQHZ/working/test1613682799019.dotcms.com/38afd18d-0fd8-4418-8951-2e46128cd960.contentType.json, /custom/assets/bundles/01EYVMBW047E8P4J5S8R1DTQHZ/working/test1613682799019.dotcms.com/a5f81030-3080-489a-8790-33dda85287c8.containers.container.xml]
difference [/custom/assets/bundles/01EYVMBW047E8P4J5S8R1DTQHZ/ROOT/bc9a1d37-dd2d-4d49-a29d-0c9be740bfaf.folder.xml, /custom/assets/bundles/01EYVMBW047E8P4J5S8R1DTQHZ/bundle.xml, /custom/assets/bundles/01EYVMBW047E8P4J5S8R1DTQHZ/live/System Host/1/system host.host.xml]

	at org.jgroups.util.Util.assertEquals(Util.java:185)
	at com.dotcms.publishing.PublisherAPIImplTest.publish(PublisherAPIImplTest.java:407)
	at sun.reflect.NativeMethodAccessorImpl.invoke0(Native Method)
	at sun.reflect.NativeMethodAccessorImpl.invoke(NativeMethodAccessorImpl.java:62)
	at sun.reflect.DelegatingMethodAccessorImpl.invoke(DelegatingMethodAccessorImpl.java:43)
	at java.lang.reflect.Method.invoke(Method.java:498)
	at org.junit.runners.model.FrameworkMethod$1.runReflectiveCall(FrameworkMethod.java:50)
	at org.junit.internal.runners.model.ReflectiveCallable.run(ReflectiveCallable.java:12)
	at org.junit.runners.model.FrameworkMethod.invokeExplosively(FrameworkMethod.java:47)
	at com.tngtech.java.junit.dataprovider.DataProviderFrameworkMethod.invokeExplosively(DataProviderFrameworkMethod.java:119)
	at org.junit.internal.runners.statements.InvokeMethod.evaluate(InvokeMethod.java:17)
	at org.junit.rules.TestWatcher$1.evaluate(TestWatcher.java:55)
	at org.junit.rules.RunRules.evaluate(RunRules.java:20)
	at org.junit.runners.ParentRunner.runLeaf(ParentRunner.java:325)
	at com.dotcms.junit.CustomDataProviderRunner.runChild(CustomDataProviderRunner.java:28)
	at com.dotcms.junit.CustomDataProviderRunner.runChild(CustomDataProviderRunner.java:13)
	at org.junit.runners.ParentRunner$3.run(ParentRunner.java:290)
	at org.junit.runners.ParentRunner$1.schedule(ParentRunner.java:71)
	at org.junit.runners.ParentRunner.runChildren(ParentRunner.java:288)
	at org.junit.runners.ParentRunner.access$000(ParentRunner.java:58)
	at org.junit.runners.ParentRunner$2.evaluate(ParentRunner.java:268)
	at org.junit.internal.runners.statements.RunBefores.evaluate(RunBefores.java:26)
	at org.junit.internal.runners.statements.RunAfters.evaluate(RunAfters.java:27)
	at org.junit.runners.ParentRunner.run(ParentRunner.java:363)
	at org.junit.runners.Suite.runChild(Suite.java:128)
	at org.junit.runners.Suite.runChild(Suite.java:27)
	at org.junit.runners.ParentRunner$3.run(ParentRunner.java:290)
	at org.junit.runners.ParentRunner$1.schedule(ParentRunner.java:71)
	at org.junit.runners.ParentRunner.runChildren(ParentRunner.java:288)
	at org.junit.runners.ParentRunner.access$000(ParentRunner.java:58)
	at org.junit.runners.ParentRunner$2.evaluate(ParentRunner.java:268)
	at org.junit.runners.ParentRunner.run(ParentRunner.java:363)
	at org.gradle.api.internal.tasks.testing.junit.JUnitTestClassExecutor.runTestClass(JUnitTestClassExecutor.java:106)
	at org.gradle.api.internal.tasks.testing.junit.JUnitTestClassExecutor.execute(JUnitTestClassExecutor.java:58)
	at org.gradle.api.internal.tasks.testing.junit.JUnitTestClassExecutor.execute(JUnitTestClassExecutor.java:38)
	at org.gradle.api.internal.tasks.testing.junit.AbstractJUnitTestClassProcessor.processTestClass(AbstractJUnitTestClassProcessor.java:66)
	at org.gradle.api.internal.tasks.testing.SuiteTestClassProcessor.processTestClass(SuiteTestClassProcessor.java:51)
	at sun.reflect.NativeMethodAccessorImpl.invoke0(Native Method)
	at sun.reflect.NativeMethodAccessorImpl.invoke(NativeMethodAccessorImpl.java:62)
	at sun.reflect.DelegatingMethodAccessorImpl.invoke(DelegatingMethodAccessorImpl.java:43)
	at java.lang.reflect.Method.invoke(Method.java:498)
	at org.gradle.internal.dispatch.ReflectionDispatch.dispatch(ReflectionDispatch.java:35)
	at org.gradle.internal.dispatch.ReflectionDispatch.dispatch(ReflectionDispatch.java:24)
	at org.gradle.internal.dispatch.ContextClassLoaderDispatch.dispatch(ContextClassLoaderDispatch.java:32)
	at org.gradle.internal.dispatch.ProxyDispatchAdapter$DispatchingInvocationHandler.invoke(ProxyDispatchAdapter.java:93)
	at com.sun.proxy.$Proxy2.processTestClass(Unknown Source)
	at org.gradle.api.internal.tasks.testing.worker.TestWorker.processTestClass(TestWorker.java:117)
	at sun.reflect.NativeMethodAccessorImpl.invoke0(Native Method)
	at sun.reflect.NativeMethodAccessorImpl.invoke(NativeMethodAccessorImpl.java:62)
	at sun.reflect.DelegatingMethodAccessorImpl.invoke(DelegatingMethodAccessorImpl.java:43)
	at java.lang.reflect.Method.invoke(Method.java:498)
	at org.gradle.internal.dispatch.ReflectionDispatch.dispatch(ReflectionDispatch.java:35)
	at org.gradle.internal.dispatch.ReflectionDispatch.dispatch(ReflectionDispatch.java:24)
	at org.gradle.internal.remote.internal.hub.MessageHubBackedObjectConnection$DispatchWrapper.dispatch(MessageHubBackedObjectConnection.java:155)
	at org.gradle.internal.remote.internal.hub.MessageHubBackedObjectConnection$DispatchWrapper.dispatch(MessageHubBackedObjectConnection.java:137)
	at org.gradle.internal.remote.internal.hub.MessageHub$Handler.run(MessageHub.java:404)
	at org.gradle.internal.concurrent.ExecutorPolicy$CatchAndRecordFailures.onExecute(ExecutorPolicy.java:63)
	at org.gradle.internal.concurrent.ManagedExecutorImpl$1.run(ManagedExecutorImpl.java:46)
	at java.util.concurrent.ThreadPoolExecutor.runWorker(ThreadPoolExecutor.java:1149)
	at java.util.concurrent.ThreadPoolExecutor$Worker.run(ThreadPoolExecutor.java:624)
	at org.gradle.internal.concurrent.ThreadFactoryImpl$ManagedThreadRunnable.run(ThreadFactoryImpl.java:55)
	at java.lang.Thread.run(Thread.java:748)
</pre>
</span>
</div>
<div class="test">
<a name="publish[11: com.dotcms.publishing.PublisherAPIImplTest$TestCase@3bc81029]"></a>
<h3 class="failures">publish[11: com.dotcms.publishing.PublisherAPIImplTest$TestCase@3bc81029]</h3>
<span class="code">
<pre>java.lang.AssertionError: Expected 21 but get 23 in /custom/assets/bundles/01EYVMBW33KVG1SNN8W22AA758
Expected [/custom/assets/bundles/01EYVMBW33KVG1SNN8W22AA758/live/System Host/en_US.language.xml, /custom/assets/bundles/01EYVMBW33KVG1SNN8W22AA758/live/System Host/1properties, /custom/assets/bundles/01EYVMBW33KVG1SNN8W22AA758/working/test1613682799950.dotcms.com/c7df97af-fe53-4b0b-b4c3-7192b19422c7.containers.container.xml, /custom/assets/bundles/01EYVMBW33KVG1SNN8W22AA758/live/default/1613684989926/5199800b-d29c-4fa5-b16b-827ee8c7fd2e.contentworkflow.xml, /custom/assets/bundles/01EYVMBW33KVG1SNN8W22AA758/live/System Host/1/2-content.6533e62e-e14e-42c1-9d83-046693190f44.content.xml, /custom/assets/bundles/01EYVMBW33KVG1SNN8W22AA758/working/test1613682799950.dotcms.com/8116f2a7-766a-4dd5-b33c-d44fde492e2c.contentType.json, /custom/assets/bundles/01EYVMBW33KVG1SNN8W22AA758/live/System Host/1/b6c91117-e27c-4e90-a878-4c96e1555f9d.contentworkflow.xml, /custom/assets/bundles/01EYVMBW33KVG1SNN8W22AA758/live/System Host/1/1-content.e798fadb-0df7-46a7-80ef-c2638a5f3814.content.xml, /custom/assets/bundles/01EYVMBW33KVG1SNN8W22AA758/d61a59e1-a49c-46f2-a929-db2b4bfa88b2.workflow.xml, /custom/assets/bundles/01EYVMBW33KVG1SNN8W22AA758/working/System Host/1/732a2f1a-1e55-4246-9cad-70509c8cbd16.contentworkflow.xml, /custom/assets/bundles/01EYVMBW33KVG1SNN8W22AA758/live/System Host/1/732a2f1a-1e55-4246-9cad-70509c8cbd16.contentworkflow.xml, /custom/assets/bundles/01EYVMBW33KVG1SNN8W22AA758/live/System Host/xj_RS.language.xml, /custom/assets/bundles/01EYVMBW33KVG1SNN8W22AA758/live/default/eee817bb-70c4-43e3-a565-706bab25906b.rule.xml, /custom/assets/bundles/01EYVMBW33KVG1SNN8W22AA758/live/System Host/1/content.97b2f6a0-08a7-4710-999d-f89751f16d3b.host.xml, /custom/assets/bundles/01EYVMBW33KVG1SNN8W22AA758/working/System Host/1/content.ff462f88-d9e1-4d31-b084-b73cb61976d3.host.xml, /custom/assets/bundles/01EYVMBW33KVG1SNN8W22AA758/working/System Host/1/3-content.e798fadb-0df7-46a7-80ef-c2638a5f3814.content.xml, /custom/assets/bundles/01EYVMBW33KVG1SNN8W22AA758/live/System Host/1613684989926properties, /custom/assets/bundles/01EYVMBW33KVG1SNN8W22AA758/live/default/1613684989926/0-content.5b4f6053-78c8-4601-bc3d-d0478c778511.content.xml, /custom/assets/bundles/01EYVMBW33KVG1SNN8W22AA758/working/System Host/f4d7c1b8-2c88-4071-abf1-a5328977b07d.contentType.json, /custom/assets/bundles/01EYVMBW33KVG1SNN8W22AA758/live/System Host/1/content.ff462f88-d9e1-4d31-b084-b73cb61976d3.host.xml]
Existing [/custom/assets/bundles/01EYVMBW33KVG1SNN8W22AA758/ROOT/bc9a1d37-dd2d-4d49-a29d-0c9be740bfaf.folder.xml, /custom/assets/bundles/01EYVMBW33KVG1SNN8W22AA758/bundle.xml, /custom/assets/bundles/01EYVMBW33KVG1SNN8W22AA758/d61a59e1-a49c-46f2-a929-db2b4bfa88b2.workflow.xml, /custom/assets/bundles/01EYVMBW33KVG1SNN8W22AA758/live/System Host/1/1-content.e798fadb-0df7-46a7-80ef-c2638a5f3814.content.xml, /custom/assets/bundles/01EYVMBW33KVG1SNN8W22AA758/live/System Host/1/2-content.6533e62e-e14e-42c1-9d83-046693190f44.content.xml, /custom/assets/bundles/01EYVMBW33KVG1SNN8W22AA758/live/System Host/1/732a2f1a-1e55-4246-9cad-70509c8cbd16.contentworkflow.xml, /custom/assets/bundles/01EYVMBW33KVG1SNN8W22AA758/live/System Host/1/b6c91117-e27c-4e90-a878-4c96e1555f9d.contentworkflow.xml, /custom/assets/bundles/01EYVMBW33KVG1SNN8W22AA758/live/System Host/1/content.97b2f6a0-08a7-4710-999d-f89751f16d3b.host.xml, /custom/assets/bundles/01EYVMBW33KVG1SNN8W22AA758/live/System Host/1/content.ff462f88-d9e1-4d31-b084-b73cb61976d3.host.xml, /custom/assets/bundles/01EYVMBW33KVG1SNN8W22AA758/live/System Host/1/system host.host.xml, /custom/assets/bundles/01EYVMBW33KVG1SNN8W22AA758/live/System Host/1613684989926properties, /custom/assets/bundles/01EYVMBW33KVG1SNN8W22AA758/live/System Host/1properties, /custom/assets/bundles/01EYVMBW33KVG1SNN8W22AA758/live/System Host/en_US.language.xml, /custom/assets/bundles/01EYVMBW33KVG1SNN8W22AA758/live/System Host/xj_RS.language.xml, /custom/assets/bundles/01EYVMBW33KVG1SNN8W22AA758/live/default/1613684989926/0-content.5b4f6053-78c8-4601-bc3d-d0478c778511.content.xml, /custom/assets/bundles/01EYVMBW33KVG1SNN8W22AA758/live/default/1613684989926/5199800b-d29c-4fa5-b16b-827ee8c7fd2e.contentworkflow.xml, /custom/assets/bundles/01EYVMBW33KVG1SNN8W22AA758/live/default/eee817bb-70c4-43e3-a565-706bab25906b.rule.xml, /custom/assets/bundles/01EYVMBW33KVG1SNN8W22AA758/working/System Host/1/3-content.e798fadb-0df7-46a7-80ef-c2638a5f3814.content.xml, /custom/assets/bundles/01EYVMBW33KVG1SNN8W22AA758/working/System Host/1/732a2f1a-1e55-4246-9cad-70509c8cbd16.contentworkflow.xml, /custom/assets/bundles/01EYVMBW33KVG1SNN8W22AA758/working/System Host/1/content.ff462f88-d9e1-4d31-b084-b73cb61976d3.host.xml, /custom/assets/bundles/01EYVMBW33KVG1SNN8W22AA758/working/System Host/f4d7c1b8-2c88-4071-abf1-a5328977b07d.contentType.json, /custom/assets/bundles/01EYVMBW33KVG1SNN8W22AA758/working/test1613682799950.dotcms.com/8116f2a7-766a-4dd5-b33c-d44fde492e2c.contentType.json, /custom/assets/bundles/01EYVMBW33KVG1SNN8W22AA758/working/test1613682799950.dotcms.com/c7df97af-fe53-4b0b-b4c3-7192b19422c7.containers.container.xml]
difference [/custom/assets/bundles/01EYVMBW33KVG1SNN8W22AA758/ROOT/bc9a1d37-dd2d-4d49-a29d-0c9be740bfaf.folder.xml, /custom/assets/bundles/01EYVMBW33KVG1SNN8W22AA758/bundle.xml, /custom/assets/bundles/01EYVMBW33KVG1SNN8W22AA758/live/System Host/1/system host.host.xml]

	at org.jgroups.util.Util.assertEquals(Util.java:185)
	at com.dotcms.publishing.PublisherAPIImplTest.publish(PublisherAPIImplTest.java:407)
	at sun.reflect.NativeMethodAccessorImpl.invoke0(Native Method)
	at sun.reflect.NativeMethodAccessorImpl.invoke(NativeMethodAccessorImpl.java:62)
	at sun.reflect.DelegatingMethodAccessorImpl.invoke(DelegatingMethodAccessorImpl.java:43)
	at java.lang.reflect.Method.invoke(Method.java:498)
	at org.junit.runners.model.FrameworkMethod$1.runReflectiveCall(FrameworkMethod.java:50)
	at org.junit.internal.runners.model.ReflectiveCallable.run(ReflectiveCallable.java:12)
	at org.junit.runners.model.FrameworkMethod.invokeExplosively(FrameworkMethod.java:47)
	at com.tngtech.java.junit.dataprovider.DataProviderFrameworkMethod.invokeExplosively(DataProviderFrameworkMethod.java:119)
	at org.junit.internal.runners.statements.InvokeMethod.evaluate(InvokeMethod.java:17)
	at org.junit.rules.TestWatcher$1.evaluate(TestWatcher.java:55)
	at org.junit.rules.RunRules.evaluate(RunRules.java:20)
	at org.junit.runners.ParentRunner.runLeaf(ParentRunner.java:325)
	at com.dotcms.junit.CustomDataProviderRunner.runChild(CustomDataProviderRunner.java:28)
	at com.dotcms.junit.CustomDataProviderRunner.runChild(CustomDataProviderRunner.java:13)
	at org.junit.runners.ParentRunner$3.run(ParentRunner.java:290)
	at org.junit.runners.ParentRunner$1.schedule(ParentRunner.java:71)
	at org.junit.runners.ParentRunner.runChildren(ParentRunner.java:288)
	at org.junit.runners.ParentRunner.access$000(ParentRunner.java:58)
	at org.junit.runners.ParentRunner$2.evaluate(ParentRunner.java:268)
	at org.junit.internal.runners.statements.RunBefores.evaluate(RunBefores.java:26)
	at org.junit.internal.runners.statements.RunAfters.evaluate(RunAfters.java:27)
	at org.junit.runners.ParentRunner.run(ParentRunner.java:363)
	at org.junit.runners.Suite.runChild(Suite.java:128)
	at org.junit.runners.Suite.runChild(Suite.java:27)
	at org.junit.runners.ParentRunner$3.run(ParentRunner.java:290)
	at org.junit.runners.ParentRunner$1.schedule(ParentRunner.java:71)
	at org.junit.runners.ParentRunner.runChildren(ParentRunner.java:288)
	at org.junit.runners.ParentRunner.access$000(ParentRunner.java:58)
	at org.junit.runners.ParentRunner$2.evaluate(ParentRunner.java:268)
	at org.junit.runners.ParentRunner.run(ParentRunner.java:363)
	at org.gradle.api.internal.tasks.testing.junit.JUnitTestClassExecutor.runTestClass(JUnitTestClassExecutor.java:106)
	at org.gradle.api.internal.tasks.testing.junit.JUnitTestClassExecutor.execute(JUnitTestClassExecutor.java:58)
	at org.gradle.api.internal.tasks.testing.junit.JUnitTestClassExecutor.execute(JUnitTestClassExecutor.java:38)
	at org.gradle.api.internal.tasks.testing.junit.AbstractJUnitTestClassProcessor.processTestClass(AbstractJUnitTestClassProcessor.java:66)
	at org.gradle.api.internal.tasks.testing.SuiteTestClassProcessor.processTestClass(SuiteTestClassProcessor.java:51)
	at sun.reflect.NativeMethodAccessorImpl.invoke0(Native Method)
	at sun.reflect.NativeMethodAccessorImpl.invoke(NativeMethodAccessorImpl.java:62)
	at sun.reflect.DelegatingMethodAccessorImpl.invoke(DelegatingMethodAccessorImpl.java:43)
	at java.lang.reflect.Method.invoke(Method.java:498)
	at org.gradle.internal.dispatch.ReflectionDispatch.dispatch(ReflectionDispatch.java:35)
	at org.gradle.internal.dispatch.ReflectionDispatch.dispatch(ReflectionDispatch.java:24)
	at org.gradle.internal.dispatch.ContextClassLoaderDispatch.dispatch(ContextClassLoaderDispatch.java:32)
	at org.gradle.internal.dispatch.ProxyDispatchAdapter$DispatchingInvocationHandler.invoke(ProxyDispatchAdapter.java:93)
	at com.sun.proxy.$Proxy2.processTestClass(Unknown Source)
	at org.gradle.api.internal.tasks.testing.worker.TestWorker.processTestClass(TestWorker.java:117)
	at sun.reflect.NativeMethodAccessorImpl.invoke0(Native Method)
	at sun.reflect.NativeMethodAccessorImpl.invoke(NativeMethodAccessorImpl.java:62)
	at sun.reflect.DelegatingMethodAccessorImpl.invoke(DelegatingMethodAccessorImpl.java:43)
	at java.lang.reflect.Method.invoke(Method.java:498)
	at org.gradle.internal.dispatch.ReflectionDispatch.dispatch(ReflectionDispatch.java:35)
	at org.gradle.internal.dispatch.ReflectionDispatch.dispatch(ReflectionDispatch.java:24)
	at org.gradle.internal.remote.internal.hub.MessageHubBackedObjectConnection$DispatchWrapper.dispatch(MessageHubBackedObjectConnection.java:155)
	at org.gradle.internal.remote.internal.hub.MessageHubBackedObjectConnection$DispatchWrapper.dispatch(MessageHubBackedObjectConnection.java:137)
	at org.gradle.internal.remote.internal.hub.MessageHub$Handler.run(MessageHub.java:404)
	at org.gradle.internal.concurrent.ExecutorPolicy$CatchAndRecordFailures.onExecute(ExecutorPolicy.java:63)
	at org.gradle.internal.concurrent.ManagedExecutorImpl$1.run(ManagedExecutorImpl.java:46)
	at java.util.concurrent.ThreadPoolExecutor.runWorker(ThreadPoolExecutor.java:1149)
	at java.util.concurrent.ThreadPoolExecutor$Worker.run(ThreadPoolExecutor.java:624)
	at org.gradle.internal.concurrent.ThreadFactoryImpl$ManagedThreadRunnable.run(ThreadFactoryImpl.java:55)
	at java.lang.Thread.run(Thread.java:748)
</pre>
</span>
</div>
<div class="test">
<a name="publish[12: com.dotcms.publishing.PublisherAPIImplTest$TestCase@7ab21d94]"></a>
<h3 class="failures">publish[12: com.dotcms.publishing.PublisherAPIImplTest$TestCase@7ab21d94]</h3>
<span class="code">
<pre>java.lang.AssertionError: Expected 31 but get 33 in /custom/assets/bundles/01EYVMBW6A0VH4ZTC1GRY0DXR7
Expected [/custom/assets/bundles/01EYVMBW6A0VH4ZTC1GRY0DXR7/ROOT/7e0d8edb-2c8b-4034-b530-8870d5087042.folder.xml, /custom/assets/bundles/01EYVMBW6A0VH4ZTC1GRY0DXR7/working/test1613682800973.dotcms.com/1/b190bcdd-cc30-43a7-9ffc-85b8ce9ddaa6.contentworkflow.xml, /custom/assets/bundles/01EYVMBW6A0VH4ZTC1GRY0DXR7/live/default/1613684989926/5199800b-d29c-4fa5-b16b-827ee8c7fd2e.contentworkflow.xml, /custom/assets/bundles/01EYVMBW6A0VH4ZTC1GRY0DXR7/live/System Host/1/content.ff462f88-d9e1-4d31-b084-b73cb61976d3.host.xml, /custom/assets/bundles/01EYVMBW6A0VH4ZTC1GRY0DXR7/live/System Host/xj_RS.language.xml, /custom/assets/bundles/01EYVMBW6A0VH4ZTC1GRY0DXR7/working/test1613682800973.dotcms.com/testName1613682801938/testName1613682801943/3e350e02-0c09-43a9-885c-5b2022578c31.link.xml, /custom/assets/bundles/01EYVMBW6A0VH4ZTC1GRY0DXR7/working/System Host/1/732a2f1a-1e55-4246-9cad-70509c8cbd16.contentworkflow.xml, /custom/assets/bundles/01EYVMBW6A0VH4ZTC1GRY0DXR7/assets/6/e/6ecf0244-09a1-4305-9dd5-fb01d72fcd69/fileAsset/test.jpg, /custom/assets/bundles/01EYVMBW6A0VH4ZTC1GRY0DXR7/working/test1613682800973.dotcms.com/8cbf2ed4-9c80-4847-8466-5baf97913197.contentType.json, /custom/assets/bundles/01EYVMBW6A0VH4ZTC1GRY0DXR7/live/System Host/1/content.779fb2a3-efe5-4f08-b185-6e58a6896877.host.xml, /custom/assets/bundles/01EYVMBW6A0VH4ZTC1GRY0DXR7/live/System Host/1properties, /custom/assets/bundles/01EYVMBW6A0VH4ZTC1GRY0DXR7/live/default/eee817bb-70c4-43e3-a565-706bab25906b.rule.xml, /custom/assets/bundles/01EYVMBW6A0VH4ZTC1GRY0DXR7/ROOT/testName1613682801938/b64dd764-cd2f-4ab2-a236-4105cb733988.folder.xml, /custom/assets/bundles/01EYVMBW6A0VH4ZTC1GRY0DXR7/live/System Host/1/2-content.e798fadb-0df7-46a7-80ef-c2638a5f3814.content.xml, /custom/assets/bundles/01EYVMBW6A0VH4ZTC1GRY0DXR7/d61a59e1-a49c-46f2-a929-db2b4bfa88b2.workflow.xml, /custom/assets/bundles/01EYVMBW6A0VH4ZTC1GRY0DXR7/working/test1613682800973.dotcms.com/1/5-6ecf0244-09a1-4305-9dd5-fb01d72fcd69.content.xml, /custom/assets/bundles/01EYVMBW6A0VH4ZTC1GRY0DXR7/working/System Host/1/content.ff462f88-d9e1-4d31-b084-b73cb61976d3.host.xml, /custom/assets/bundles/01EYVMBW6A0VH4ZTC1GRY0DXR7/live/System Host/1/3-content.6533e62e-e14e-42c1-9d83-046693190f44.content.xml, /custom/assets/bundles/01EYVMBW6A0VH4ZTC1GRY0DXR7/live/System Host/1/b6c91117-e27c-4e90-a878-4c96e1555f9d.contentworkflow.xml, /custom/assets/bundles/01EYVMBW6A0VH4ZTC1GRY0DXR7/working/System Host/33888b6f-7a8e-4069-b1b6-5c1aa9d0a48d.contentType.json, /custom/assets/bundles/01EYVMBW6A0VH4ZTC1GRY0DXR7/working/System Host/f4d7c1b8-2c88-4071-abf1-a5328977b07d.contentType.json, /custom/assets/bundles/01EYVMBW6A0VH4ZTC1GRY0DXR7/live/System Host/en_US.language.xml, /custom/assets/bundles/01EYVMBW6A0VH4ZTC1GRY0DXR7/ROOT/testName1613682801938/testName1613682801943/d762abbc-9348-4eb4-b4e9-bdffa8215df3.folder.xml, /custom/assets/bundles/01EYVMBW6A0VH4ZTC1GRY0DXR7/working/test1613682800973.dotcms.com/1/1ba019c8-b4bc-4e5b-943a-78edc40842d1.contentworkflow.xml, /custom/assets/bundles/01EYVMBW6A0VH4ZTC1GRY0DXR7/working/System Host/1/4-content.e798fadb-0df7-46a7-80ef-c2638a5f3814.content.xml, /custom/assets/bundles/01EYVMBW6A0VH4ZTC1GRY0DXR7/live/default/1613684989926/0-content.5b4f6053-78c8-4601-bc3d-d0478c778511.content.xml, /custom/assets/bundles/01EYVMBW6A0VH4ZTC1GRY0DXR7/assets/1/8/18f0c7bf-c38f-41a9-b400-a6f262d425cb/fileAsset/test.jpg, /custom/assets/bundles/01EYVMBW6A0VH4ZTC1GRY0DXR7/live/System Host/1/732a2f1a-1e55-4246-9cad-70509c8cbd16.contentworkflow.xml, /custom/assets/bundles/01EYVMBW6A0VH4ZTC1GRY0DXR7/live/System Host/1613684989926properties, /custom/assets/bundles/01EYVMBW6A0VH4ZTC1GRY0DXR7/working/test1613682800973.dotcms.com/1/1-18f0c7bf-c38f-41a9-b400-a6f262d425cb.content.xml]
Existing [/custom/assets/bundles/01EYVMBW6A0VH4ZTC1GRY0DXR7/ROOT/7e0d8edb-2c8b-4034-b530-8870d5087042.folder.xml, /custom/assets/bundles/01EYVMBW6A0VH4ZTC1GRY0DXR7/ROOT/bc9a1d37-dd2d-4d49-a29d-0c9be740bfaf.folder.xml, /custom/assets/bundles/01EYVMBW6A0VH4ZTC1GRY0DXR7/ROOT/testName1613682801938/b64dd764-cd2f-4ab2-a236-4105cb733988.folder.xml, /custom/assets/bundles/01EYVMBW6A0VH4ZTC1GRY0DXR7/ROOT/testName1613682801938/testName1613682801943/d762abbc-9348-4eb4-b4e9-bdffa8215df3.folder.xml, /custom/assets/bundles/01EYVMBW6A0VH4ZTC1GRY0DXR7/assets/1/8/18f0c7bf-c38f-41a9-b400-a6f262d425cb/fileAsset/test.jpg, /custom/assets/bundles/01EYVMBW6A0VH4ZTC1GRY0DXR7/assets/6/e/6ecf0244-09a1-4305-9dd5-fb01d72fcd69/fileAsset/test.jpg, /custom/assets/bundles/01EYVMBW6A0VH4ZTC1GRY0DXR7/bundle.xml, /custom/assets/bundles/01EYVMBW6A0VH4ZTC1GRY0DXR7/d61a59e1-a49c-46f2-a929-db2b4bfa88b2.workflow.xml, /custom/assets/bundles/01EYVMBW6A0VH4ZTC1GRY0DXR7/live/System Host/1/2-content.e798fadb-0df7-46a7-80ef-c2638a5f3814.content.xml, /custom/assets/bundles/01EYVMBW6A0VH4ZTC1GRY0DXR7/live/System Host/1/3-content.6533e62e-e14e-42c1-9d83-046693190f44.content.xml, /custom/assets/bundles/01EYVMBW6A0VH4ZTC1GRY0DXR7/live/System Host/1/732a2f1a-1e55-4246-9cad-70509c8cbd16.contentworkflow.xml, /custom/assets/bundles/01EYVMBW6A0VH4ZTC1GRY0DXR7/live/System Host/1/b6c91117-e27c-4e90-a878-4c96e1555f9d.contentworkflow.xml, /custom/assets/bundles/01EYVMBW6A0VH4ZTC1GRY0DXR7/live/System Host/1/content.779fb2a3-efe5-4f08-b185-6e58a6896877.host.xml, /custom/assets/bundles/01EYVMBW6A0VH4ZTC1GRY0DXR7/live/System Host/1/content.ff462f88-d9e1-4d31-b084-b73cb61976d3.host.xml, /custom/assets/bundles/01EYVMBW6A0VH4ZTC1GRY0DXR7/live/System Host/1/system host.host.xml, /custom/assets/bundles/01EYVMBW6A0VH4ZTC1GRY0DXR7/live/System Host/1613684989926properties, /custom/assets/bundles/01EYVMBW6A0VH4ZTC1GRY0DXR7/live/System Host/1properties, /custom/assets/bundles/01EYVMBW6A0VH4ZTC1GRY0DXR7/live/System Host/en_US.language.xml, /custom/assets/bundles/01EYVMBW6A0VH4ZTC1GRY0DXR7/live/System Host/xj_RS.language.xml, /custom/assets/bundles/01EYVMBW6A0VH4ZTC1GRY0DXR7/live/default/1613684989926/0-content.5b4f6053-78c8-4601-bc3d-d0478c778511.content.xml, /custom/assets/bundles/01EYVMBW6A0VH4ZTC1GRY0DXR7/live/default/1613684989926/5199800b-d29c-4fa5-b16b-827ee8c7fd2e.contentworkflow.xml, /custom/assets/bundles/01EYVMBW6A0VH4ZTC1GRY0DXR7/live/default/eee817bb-70c4-43e3-a565-706bab25906b.rule.xml, /custom/assets/bundles/01EYVMBW6A0VH4ZTC1GRY0DXR7/working/System Host/1/4-content.e798fadb-0df7-46a7-80ef-c2638a5f3814.content.xml, /custom/assets/bundles/01EYVMBW6A0VH4ZTC1GRY0DXR7/working/System Host/1/732a2f1a-1e55-4246-9cad-70509c8cbd16.contentworkflow.xml, /custom/assets/bundles/01EYVMBW6A0VH4ZTC1GRY0DXR7/working/System Host/1/content.ff462f88-d9e1-4d31-b084-b73cb61976d3.host.xml, /custom/assets/bundles/01EYVMBW6A0VH4ZTC1GRY0DXR7/working/System Host/33888b6f-7a8e-4069-b1b6-5c1aa9d0a48d.contentType.json, /custom/assets/bundles/01EYVMBW6A0VH4ZTC1GRY0DXR7/working/System Host/f4d7c1b8-2c88-4071-abf1-a5328977b07d.contentType.json, /custom/assets/bundles/01EYVMBW6A0VH4ZTC1GRY0DXR7/working/test1613682800973.dotcms.com/1/1-18f0c7bf-c38f-41a9-b400-a6f262d425cb.content.xml, /custom/assets/bundles/01EYVMBW6A0VH4ZTC1GRY0DXR7/working/test1613682800973.dotcms.com/1/1ba019c8-b4bc-4e5b-943a-78edc40842d1.contentworkflow.xml, /custom/assets/bundles/01EYVMBW6A0VH4ZTC1GRY0DXR7/working/test1613682800973.dotcms.com/1/5-6ecf0244-09a1-4305-9dd5-fb01d72fcd69.content.xml, /custom/assets/bundles/01EYVMBW6A0VH4ZTC1GRY0DXR7/working/test1613682800973.dotcms.com/1/b190bcdd-cc30-43a7-9ffc-85b8ce9ddaa6.contentworkflow.xml, /custom/assets/bundles/01EYVMBW6A0VH4ZTC1GRY0DXR7/working/test1613682800973.dotcms.com/8cbf2ed4-9c80-4847-8466-5baf97913197.contentType.json, /custom/assets/bundles/01EYVMBW6A0VH4ZTC1GRY0DXR7/working/test1613682800973.dotcms.com/testName1613682801938/testName1613682801943/3e350e02-0c09-43a9-885c-5b2022578c31.link.xml]
difference [/custom/assets/bundles/01EYVMBW6A0VH4ZTC1GRY0DXR7/ROOT/bc9a1d37-dd2d-4d49-a29d-0c9be740bfaf.folder.xml, /custom/assets/bundles/01EYVMBW6A0VH4ZTC1GRY0DXR7/bundle.xml, /custom/assets/bundles/01EYVMBW6A0VH4ZTC1GRY0DXR7/live/System Host/1/system host.host.xml]

	at org.jgroups.util.Util.assertEquals(Util.java:185)
	at com.dotcms.publishing.PublisherAPIImplTest.publish(PublisherAPIImplTest.java:407)
	at sun.reflect.NativeMethodAccessorImpl.invoke0(Native Method)
	at sun.reflect.NativeMethodAccessorImpl.invoke(NativeMethodAccessorImpl.java:62)
	at sun.reflect.DelegatingMethodAccessorImpl.invoke(DelegatingMethodAccessorImpl.java:43)
	at java.lang.reflect.Method.invoke(Method.java:498)
	at org.junit.runners.model.FrameworkMethod$1.runReflectiveCall(FrameworkMethod.java:50)
	at org.junit.internal.runners.model.ReflectiveCallable.run(ReflectiveCallable.java:12)
	at org.junit.runners.model.FrameworkMethod.invokeExplosively(FrameworkMethod.java:47)
	at com.tngtech.java.junit.dataprovider.DataProviderFrameworkMethod.invokeExplosively(DataProviderFrameworkMethod.java:119)
	at org.junit.internal.runners.statements.InvokeMethod.evaluate(InvokeMethod.java:17)
	at org.junit.rules.TestWatcher$1.evaluate(TestWatcher.java:55)
	at org.junit.rules.RunRules.evaluate(RunRules.java:20)
	at org.junit.runners.ParentRunner.runLeaf(ParentRunner.java:325)
	at com.dotcms.junit.CustomDataProviderRunner.runChild(CustomDataProviderRunner.java:28)
	at com.dotcms.junit.CustomDataProviderRunner.runChild(CustomDataProviderRunner.java:13)
	at org.junit.runners.ParentRunner$3.run(ParentRunner.java:290)
	at org.junit.runners.ParentRunner$1.schedule(ParentRunner.java:71)
	at org.junit.runners.ParentRunner.runChildren(ParentRunner.java:288)
	at org.junit.runners.ParentRunner.access$000(ParentRunner.java:58)
	at org.junit.runners.ParentRunner$2.evaluate(ParentRunner.java:268)
	at org.junit.internal.runners.statements.RunBefores.evaluate(RunBefores.java:26)
	at org.junit.internal.runners.statements.RunAfters.evaluate(RunAfters.java:27)
	at org.junit.runners.ParentRunner.run(ParentRunner.java:363)
	at org.junit.runners.Suite.runChild(Suite.java:128)
	at org.junit.runners.Suite.runChild(Suite.java:27)
	at org.junit.runners.ParentRunner$3.run(ParentRunner.java:290)
	at org.junit.runners.ParentRunner$1.schedule(ParentRunner.java:71)
	at org.junit.runners.ParentRunner.runChildren(ParentRunner.java:288)
	at org.junit.runners.ParentRunner.access$000(ParentRunner.java:58)
	at org.junit.runners.ParentRunner$2.evaluate(ParentRunner.java:268)
	at org.junit.runners.ParentRunner.run(ParentRunner.java:363)
	at org.gradle.api.internal.tasks.testing.junit.JUnitTestClassExecutor.runTestClass(JUnitTestClassExecutor.java:106)
	at org.gradle.api.internal.tasks.testing.junit.JUnitTestClassExecutor.execute(JUnitTestClassExecutor.java:58)
	at org.gradle.api.internal.tasks.testing.junit.JUnitTestClassExecutor.execute(JUnitTestClassExecutor.java:38)
	at org.gradle.api.internal.tasks.testing.junit.AbstractJUnitTestClassProcessor.processTestClass(AbstractJUnitTestClassProcessor.java:66)
	at org.gradle.api.internal.tasks.testing.SuiteTestClassProcessor.processTestClass(SuiteTestClassProcessor.java:51)
	at sun.reflect.NativeMethodAccessorImpl.invoke0(Native Method)
	at sun.reflect.NativeMethodAccessorImpl.invoke(NativeMethodAccessorImpl.java:62)
	at sun.reflect.DelegatingMethodAccessorImpl.invoke(DelegatingMethodAccessorImpl.java:43)
	at java.lang.reflect.Method.invoke(Method.java:498)
	at org.gradle.internal.dispatch.ReflectionDispatch.dispatch(ReflectionDispatch.java:35)
	at org.gradle.internal.dispatch.ReflectionDispatch.dispatch(ReflectionDispatch.java:24)
	at org.gradle.internal.dispatch.ContextClassLoaderDispatch.dispatch(ContextClassLoaderDispatch.java:32)
	at org.gradle.internal.dispatch.ProxyDispatchAdapter$DispatchingInvocationHandler.invoke(ProxyDispatchAdapter.java:93)
	at com.sun.proxy.$Proxy2.processTestClass(Unknown Source)
	at org.gradle.api.internal.tasks.testing.worker.TestWorker.processTestClass(TestWorker.java:117)
	at sun.reflect.NativeMethodAccessorImpl.invoke0(Native Method)
	at sun.reflect.NativeMethodAccessorImpl.invoke(NativeMethodAccessorImpl.java:62)
	at sun.reflect.DelegatingMethodAccessorImpl.invoke(DelegatingMethodAccessorImpl.java:43)
	at java.lang.reflect.Method.invoke(Method.java:498)
	at org.gradle.internal.dispatch.ReflectionDispatch.dispatch(ReflectionDispatch.java:35)
	at org.gradle.internal.dispatch.ReflectionDispatch.dispatch(ReflectionDispatch.java:24)
	at org.gradle.internal.remote.internal.hub.MessageHubBackedObjectConnection$DispatchWrapper.dispatch(MessageHubBackedObjectConnection.java:155)
	at org.gradle.internal.remote.internal.hub.MessageHubBackedObjectConnection$DispatchWrapper.dispatch(MessageHubBackedObjectConnection.java:137)
	at org.gradle.internal.remote.internal.hub.MessageHub$Handler.run(MessageHub.java:404)
	at org.gradle.internal.concurrent.ExecutorPolicy$CatchAndRecordFailures.onExecute(ExecutorPolicy.java:63)
	at org.gradle.internal.concurrent.ManagedExecutorImpl$1.run(ManagedExecutorImpl.java:46)
	at java.util.concurrent.ThreadPoolExecutor.runWorker(ThreadPoolExecutor.java:1149)
	at java.util.concurrent.ThreadPoolExecutor$Worker.run(ThreadPoolExecutor.java:624)
	at org.gradle.internal.concurrent.ThreadFactoryImpl$ManagedThreadRunnable.run(ThreadFactoryImpl.java:55)
	at java.lang.Thread.run(Thread.java:748)
</pre>
</span>
</div>
<div class="test">
<a name="publish[13: com.dotcms.publishing.PublisherAPIImplTest$TestCase@3301c3ed]"></a>
<h3 class="failures">publish[13: com.dotcms.publishing.PublisherAPIImplTest$TestCase@3301c3ed]</h3>
<span class="code">
<pre>java.lang.AssertionError: Expected 28 but get 30 in /custom/assets/bundles/01EYVMBWC7QXCW6B7XX88H7KKZ
Expected [/custom/assets/bundles/01EYVMBWC7QXCW6B7XX88H7KKZ/live/System Host/1/content.79383cc4-6c54-4eb6-8f30-899ab964889a.host.xml, /custom/assets/bundles/01EYVMBWC7QXCW6B7XX88H7KKZ/live/System Host/1properties, /custom/assets/bundles/01EYVMBWC7QXCW6B7XX88H7KKZ/working/System Host/f4d7c1b8-2c88-4071-abf1-a5328977b07d.contentType.json, /custom/assets/bundles/01EYVMBWC7QXCW6B7XX88H7KKZ/live/System Host/xj_RS.language.xml, /custom/assets/bundles/01EYVMBWC7QXCW6B7XX88H7KKZ/d61a59e1-a49c-46f2-a929-db2b4bfa88b2.workflow.xml, /custom/assets/bundles/01EYVMBWC7QXCW6B7XX88H7KKZ/live/default/1613684989926/5199800b-d29c-4fa5-b16b-827ee8c7fd2e.contentworkflow.xml, /custom/assets/bundles/01EYVMBWC7QXCW6B7XX88H7KKZ/working/System Host/33888b6f-7a8e-4069-b1b6-5c1aa9d0a48d.contentType.json, /custom/assets/bundles/01EYVMBWC7QXCW6B7XX88H7KKZ/working/test1613682802245.dotcms.com/1/1286e748-bb46-421e-88de-8b42a49ec38f.contentworkflow.xml, /custom/assets/bundles/01EYVMBWC7QXCW6B7XX88H7KKZ/live/test1613682802245.dotcms.com/37ef52e3-2355-4788-95da-00b0979824c4.rule.xml, /custom/assets/bundles/01EYVMBWC7QXCW6B7XX88H7KKZ/working/test1613682802245.dotcms.com/d37fb80c-5354-45db-b25d-de8c2ce39495.containers.container.xml, /custom/assets/bundles/01EYVMBWC7QXCW6B7XX88H7KKZ/live/System Host/1/732a2f1a-1e55-4246-9cad-70509c8cbd16.contentworkflow.xml, /custom/assets/bundles/01EYVMBWC7QXCW6B7XX88H7KKZ/live/System Host/1613684989926properties, /custom/assets/bundles/01EYVMBWC7QXCW6B7XX88H7KKZ/live/System Host/1/content.ff462f88-d9e1-4d31-b084-b73cb61976d3.host.xml, /custom/assets/bundles/01EYVMBWC7QXCW6B7XX88H7KKZ/live/System Host/1/b6c91117-e27c-4e90-a878-4c96e1555f9d.contentworkflow.xml, /custom/assets/bundles/01EYVMBWC7QXCW6B7XX88H7KKZ/live/default/eee817bb-70c4-43e3-a565-706bab25906b.rule.xml, /custom/assets/bundles/01EYVMBWC7QXCW6B7XX88H7KKZ/live/System Host/1/2-content.e798fadb-0df7-46a7-80ef-c2638a5f3814.content.xml, /custom/assets/bundles/01EYVMBWC7QXCW6B7XX88H7KKZ/live/System Host/1/3-content.6533e62e-e14e-42c1-9d83-046693190f44.content.xml, /custom/assets/bundles/01EYVMBWC7QXCW6B7XX88H7KKZ/live/default/1613684989926/0-content.5b4f6053-78c8-4601-bc3d-d0478c778511.content.xml, /custom/assets/bundles/01EYVMBWC7QXCW6B7XX88H7KKZ/working/test1613682802245.dotcms.com/d7ecc279-5a57-46d1-bd8a-8129ff634079.contentType.json, /custom/assets/bundles/01EYVMBWC7QXCW6B7XX88H7KKZ/working/System Host/1/4-content.e798fadb-0df7-46a7-80ef-c2638a5f3814.content.xml, /custom/assets/bundles/01EYVMBWC7QXCW6B7XX88H7KKZ/working/System Host/1/732a2f1a-1e55-4246-9cad-70509c8cbd16.contentworkflow.xml, /custom/assets/bundles/01EYVMBWC7QXCW6B7XX88H7KKZ/live/System Host/en_US.language.xml, /custom/assets/bundles/01EYVMBWC7QXCW6B7XX88H7KKZ/working/System Host/1/content.ff462f88-d9e1-4d31-b084-b73cb61976d3.host.xml, /custom/assets/bundles/01EYVMBWC7QXCW6B7XX88H7KKZ/ROOT/1c9ea27e-9692-4c8e-b843-d7f74152ac87.folder.xml, /custom/assets/bundles/01EYVMBWC7QXCW6B7XX88H7KKZ/working/test1613682802245.dotcms.com/1/1-content.630405ab-572f-4eb4-bfe3-914e169615b0.content.xml, /custom/assets/bundles/01EYVMBWC7QXCW6B7XX88H7KKZ/working/test1613682802245.dotcms.com/44f420cf-53ad-4c90-be2c-a7a754e6b1d3.contentType.json, /custom/assets/bundles/01EYVMBWC7QXCW6B7XX88H7KKZ/live/test1613682802245.dotcms.com/e899482d-9ef3-4a94-b308-1e319298a5aa.template.template.xml]
Existing [/custom/assets/bundles/01EYVMBWC7QXCW6B7XX88H7KKZ/ROOT/1c9ea27e-9692-4c8e-b843-d7f74152ac87.folder.xml, /custom/assets/bundles/01EYVMBWC7QXCW6B7XX88H7KKZ/ROOT/bc9a1d37-dd2d-4d49-a29d-0c9be740bfaf.folder.xml, /custom/assets/bundles/01EYVMBWC7QXCW6B7XX88H7KKZ/bundle.xml, /custom/assets/bundles/01EYVMBWC7QXCW6B7XX88H7KKZ/d61a59e1-a49c-46f2-a929-db2b4bfa88b2.workflow.xml, /custom/assets/bundles/01EYVMBWC7QXCW6B7XX88H7KKZ/live/System Host/1/2-content.e798fadb-0df7-46a7-80ef-c2638a5f3814.content.xml, /custom/assets/bundles/01EYVMBWC7QXCW6B7XX88H7KKZ/live/System Host/1/3-content.6533e62e-e14e-42c1-9d83-046693190f44.content.xml, /custom/assets/bundles/01EYVMBWC7QXCW6B7XX88H7KKZ/live/System Host/1/732a2f1a-1e55-4246-9cad-70509c8cbd16.contentworkflow.xml, /custom/assets/bundles/01EYVMBWC7QXCW6B7XX88H7KKZ/live/System Host/1/b6c91117-e27c-4e90-a878-4c96e1555f9d.contentworkflow.xml, /custom/assets/bundles/01EYVMBWC7QXCW6B7XX88H7KKZ/live/System Host/1/content.79383cc4-6c54-4eb6-8f30-899ab964889a.host.xml, /custom/assets/bundles/01EYVMBWC7QXCW6B7XX88H7KKZ/live/System Host/1/content.ff462f88-d9e1-4d31-b084-b73cb61976d3.host.xml, /custom/assets/bundles/01EYVMBWC7QXCW6B7XX88H7KKZ/live/System Host/1/system host.host.xml, /custom/assets/bundles/01EYVMBWC7QXCW6B7XX88H7KKZ/live/System Host/1613684989926properties, /custom/assets/bundles/01EYVMBWC7QXCW6B7XX88H7KKZ/live/System Host/1properties, /custom/assets/bundles/01EYVMBWC7QXCW6B7XX88H7KKZ/live/System Host/en_US.language.xml, /custom/assets/bundles/01EYVMBWC7QXCW6B7XX88H7KKZ/live/System Host/xj_RS.language.xml, /custom/assets/bundles/01EYVMBWC7QXCW6B7XX88H7KKZ/live/default/1613684989926/0-content.5b4f6053-78c8-4601-bc3d-d0478c778511.content.xml, /custom/assets/bundles/01EYVMBWC7QXCW6B7XX88H7KKZ/live/default/1613684989926/5199800b-d29c-4fa5-b16b-827ee8c7fd2e.contentworkflow.xml, /custom/assets/bundles/01EYVMBWC7QXCW6B7XX88H7KKZ/live/default/eee817bb-70c4-43e3-a565-706bab25906b.rule.xml, /custom/assets/bundles/01EYVMBWC7QXCW6B7XX88H7KKZ/live/test1613682802245.dotcms.com/37ef52e3-2355-4788-95da-00b0979824c4.rule.xml, /custom/assets/bundles/01EYVMBWC7QXCW6B7XX88H7KKZ/live/test1613682802245.dotcms.com/e899482d-9ef3-4a94-b308-1e319298a5aa.template.template.xml, /custom/assets/bundles/01EYVMBWC7QXCW6B7XX88H7KKZ/working/System Host/1/4-content.e798fadb-0df7-46a7-80ef-c2638a5f3814.content.xml, /custom/assets/bundles/01EYVMBWC7QXCW6B7XX88H7KKZ/working/System Host/1/732a2f1a-1e55-4246-9cad-70509c8cbd16.contentworkflow.xml, /custom/assets/bundles/01EYVMBWC7QXCW6B7XX88H7KKZ/working/System Host/1/content.ff462f88-d9e1-4d31-b084-b73cb61976d3.host.xml, /custom/assets/bundles/01EYVMBWC7QXCW6B7XX88H7KKZ/working/System Host/33888b6f-7a8e-4069-b1b6-5c1aa9d0a48d.contentType.json, /custom/assets/bundles/01EYVMBWC7QXCW6B7XX88H7KKZ/working/System Host/f4d7c1b8-2c88-4071-abf1-a5328977b07d.contentType.json, /custom/assets/bundles/01EYVMBWC7QXCW6B7XX88H7KKZ/working/test1613682802245.dotcms.com/1/1-content.630405ab-572f-4eb4-bfe3-914e169615b0.content.xml, /custom/assets/bundles/01EYVMBWC7QXCW6B7XX88H7KKZ/working/test1613682802245.dotcms.com/1/1286e748-bb46-421e-88de-8b42a49ec38f.contentworkflow.xml, /custom/assets/bundles/01EYVMBWC7QXCW6B7XX88H7KKZ/working/test1613682802245.dotcms.com/44f420cf-53ad-4c90-be2c-a7a754e6b1d3.contentType.json, /custom/assets/bundles/01EYVMBWC7QXCW6B7XX88H7KKZ/working/test1613682802245.dotcms.com/d37fb80c-5354-45db-b25d-de8c2ce39495.containers.container.xml, /custom/assets/bundles/01EYVMBWC7QXCW6B7XX88H7KKZ/working/test1613682802245.dotcms.com/d7ecc279-5a57-46d1-bd8a-8129ff634079.contentType.json]
difference [/custom/assets/bundles/01EYVMBWC7QXCW6B7XX88H7KKZ/ROOT/bc9a1d37-dd2d-4d49-a29d-0c9be740bfaf.folder.xml, /custom/assets/bundles/01EYVMBWC7QXCW6B7XX88H7KKZ/bundle.xml, /custom/assets/bundles/01EYVMBWC7QXCW6B7XX88H7KKZ/live/System Host/1/system host.host.xml]

	at org.jgroups.util.Util.assertEquals(Util.java:185)
	at com.dotcms.publishing.PublisherAPIImplTest.publish(PublisherAPIImplTest.java:407)
	at sun.reflect.NativeMethodAccessorImpl.invoke0(Native Method)
	at sun.reflect.NativeMethodAccessorImpl.invoke(NativeMethodAccessorImpl.java:62)
	at sun.reflect.DelegatingMethodAccessorImpl.invoke(DelegatingMethodAccessorImpl.java:43)
	at java.lang.reflect.Method.invoke(Method.java:498)
	at org.junit.runners.model.FrameworkMethod$1.runReflectiveCall(FrameworkMethod.java:50)
	at org.junit.internal.runners.model.ReflectiveCallable.run(ReflectiveCallable.java:12)
	at org.junit.runners.model.FrameworkMethod.invokeExplosively(FrameworkMethod.java:47)
	at com.tngtech.java.junit.dataprovider.DataProviderFrameworkMethod.invokeExplosively(DataProviderFrameworkMethod.java:119)
	at org.junit.internal.runners.statements.InvokeMethod.evaluate(InvokeMethod.java:17)
	at org.junit.rules.TestWatcher$1.evaluate(TestWatcher.java:55)
	at org.junit.rules.RunRules.evaluate(RunRules.java:20)
	at org.junit.runners.ParentRunner.runLeaf(ParentRunner.java:325)
	at com.dotcms.junit.CustomDataProviderRunner.runChild(CustomDataProviderRunner.java:28)
	at com.dotcms.junit.CustomDataProviderRunner.runChild(CustomDataProviderRunner.java:13)
	at org.junit.runners.ParentRunner$3.run(ParentRunner.java:290)
	at org.junit.runners.ParentRunner$1.schedule(ParentRunner.java:71)
	at org.junit.runners.ParentRunner.runChildren(ParentRunner.java:288)
	at org.junit.runners.ParentRunner.access$000(ParentRunner.java:58)
	at org.junit.runners.ParentRunner$2.evaluate(ParentRunner.java:268)
	at org.junit.internal.runners.statements.RunBefores.evaluate(RunBefores.java:26)
	at org.junit.internal.runners.statements.RunAfters.evaluate(RunAfters.java:27)
	at org.junit.runners.ParentRunner.run(ParentRunner.java:363)
	at org.junit.runners.Suite.runChild(Suite.java:128)
	at org.junit.runners.Suite.runChild(Suite.java:27)
	at org.junit.runners.ParentRunner$3.run(ParentRunner.java:290)
	at org.junit.runners.ParentRunner$1.schedule(ParentRunner.java:71)
	at org.junit.runners.ParentRunner.runChildren(ParentRunner.java:288)
	at org.junit.runners.ParentRunner.access$000(ParentRunner.java:58)
	at org.junit.runners.ParentRunner$2.evaluate(ParentRunner.java:268)
	at org.junit.runners.ParentRunner.run(ParentRunner.java:363)
	at org.gradle.api.internal.tasks.testing.junit.JUnitTestClassExecutor.runTestClass(JUnitTestClassExecutor.java:106)
	at org.gradle.api.internal.tasks.testing.junit.JUnitTestClassExecutor.execute(JUnitTestClassExecutor.java:58)
	at org.gradle.api.internal.tasks.testing.junit.JUnitTestClassExecutor.execute(JUnitTestClassExecutor.java:38)
	at org.gradle.api.internal.tasks.testing.junit.AbstractJUnitTestClassProcessor.processTestClass(AbstractJUnitTestClassProcessor.java:66)
	at org.gradle.api.internal.tasks.testing.SuiteTestClassProcessor.processTestClass(SuiteTestClassProcessor.java:51)
	at sun.reflect.NativeMethodAccessorImpl.invoke0(Native Method)
	at sun.reflect.NativeMethodAccessorImpl.invoke(NativeMethodAccessorImpl.java:62)
	at sun.reflect.DelegatingMethodAccessorImpl.invoke(DelegatingMethodAccessorImpl.java:43)
	at java.lang.reflect.Method.invoke(Method.java:498)
	at org.gradle.internal.dispatch.ReflectionDispatch.dispatch(ReflectionDispatch.java:35)
	at org.gradle.internal.dispatch.ReflectionDispatch.dispatch(ReflectionDispatch.java:24)
	at org.gradle.internal.dispatch.ContextClassLoaderDispatch.dispatch(ContextClassLoaderDispatch.java:32)
	at org.gradle.internal.dispatch.ProxyDispatchAdapter$DispatchingInvocationHandler.invoke(ProxyDispatchAdapter.java:93)
	at com.sun.proxy.$Proxy2.processTestClass(Unknown Source)
	at org.gradle.api.internal.tasks.testing.worker.TestWorker.processTestClass(TestWorker.java:117)
	at sun.reflect.NativeMethodAccessorImpl.invoke0(Native Method)
	at sun.reflect.NativeMethodAccessorImpl.invoke(NativeMethodAccessorImpl.java:62)
	at sun.reflect.DelegatingMethodAccessorImpl.invoke(DelegatingMethodAccessorImpl.java:43)
	at java.lang.reflect.Method.invoke(Method.java:498)
	at org.gradle.internal.dispatch.ReflectionDispatch.dispatch(ReflectionDispatch.java:35)
	at org.gradle.internal.dispatch.ReflectionDispatch.dispatch(ReflectionDispatch.java:24)
	at org.gradle.internal.remote.internal.hub.MessageHubBackedObjectConnection$DispatchWrapper.dispatch(MessageHubBackedObjectConnection.java:155)
	at org.gradle.internal.remote.internal.hub.MessageHubBackedObjectConnection$DispatchWrapper.dispatch(MessageHubBackedObjectConnection.java:137)
	at org.gradle.internal.remote.internal.hub.MessageHub$Handler.run(MessageHub.java:404)
	at org.gradle.internal.concurrent.ExecutorPolicy$CatchAndRecordFailures.onExecute(ExecutorPolicy.java:63)
	at org.gradle.internal.concurrent.ManagedExecutorImpl$1.run(ManagedExecutorImpl.java:46)
	at java.util.concurrent.ThreadPoolExecutor.runWorker(ThreadPoolExecutor.java:1149)
	at java.util.concurrent.ThreadPoolExecutor$Worker.run(ThreadPoolExecutor.java:624)
	at org.gradle.internal.concurrent.ThreadFactoryImpl$ManagedThreadRunnable.run(ThreadFactoryImpl.java:55)
	at java.lang.Thread.run(Thread.java:748)
</pre>
</span>
</div>
<div class="test">
<a name="publish[14: com.dotcms.publishing.PublisherAPIImplTest$TestCase@44d18952]"></a>
<h3 class="failures">publish[14: com.dotcms.publishing.PublisherAPIImplTest$TestCase@44d18952]</h3>
<span class="code">
<pre>java.lang.AssertionError: Expected 21 but get 23 in /custom/assets/bundles/01EYVMBWFMJNBSK1TDB8739APQ
Expected [/custom/assets/bundles/01EYVMBWFMJNBSK1TDB8739APQ/live/System Host/xj_RS.language.xml, /custom/assets/bundles/01EYVMBWFMJNBSK1TDB8739APQ/live/System Host/1/b6c91117-e27c-4e90-a878-4c96e1555f9d.contentworkflow.xml, /custom/assets/bundles/01EYVMBWFMJNBSK1TDB8739APQ/working/System Host/f4d7c1b8-2c88-4071-abf1-a5328977b07d.contentType.json, /custom/assets/bundles/01EYVMBWFMJNBSK1TDB8739APQ/working/System Host/1/3-content.e798fadb-0df7-46a7-80ef-c2638a5f3814.content.xml, /custom/assets/bundles/01EYVMBWFMJNBSK1TDB8739APQ/live/System Host/1/content.2bb9549d-68e4-416f-a29e-ba7dfc2c26a3.host.xml, /custom/assets/bundles/01EYVMBWFMJNBSK1TDB8739APQ/live/System Host/1/content.ff462f88-d9e1-4d31-b084-b73cb61976d3.host.xml, /custom/assets/bundles/01EYVMBWFMJNBSK1TDB8739APQ/live/System Host/1properties, /custom/assets/bundles/01EYVMBWFMJNBSK1TDB8739APQ/working/System Host/1/732a2f1a-1e55-4246-9cad-70509c8cbd16.contentworkflow.xml, /custom/assets/bundles/01EYVMBWFMJNBSK1TDB8739APQ/live/System Host/1/732a2f1a-1e55-4246-9cad-70509c8cbd16.contentworkflow.xml, /custom/assets/bundles/01EYVMBWFMJNBSK1TDB8739APQ/ROOT/75d559a5-3cf0-4705-b564-8fa53cdb2c4a.folder.xml, /custom/assets/bundles/01EYVMBWFMJNBSK1TDB8739APQ/working/test1613682803130.dotcms.com/testName1613682803995/7e232d16-8813-4aa4-b9bd-d8a941874d79.link.xml, /custom/assets/bundles/01EYVMBWFMJNBSK1TDB8739APQ/d61a59e1-a49c-46f2-a929-db2b4bfa88b2.workflow.xml, /custom/assets/bundles/01EYVMBWFMJNBSK1TDB8739APQ/live/System Host/en_US.language.xml, /custom/assets/bundles/01EYVMBWFMJNBSK1TDB8739APQ/live/System Host/1/2-content.6533e62e-e14e-42c1-9d83-046693190f44.content.xml, /custom/assets/bundles/01EYVMBWFMJNBSK1TDB8739APQ/working/System Host/1/content.ff462f88-d9e1-4d31-b084-b73cb61976d3.host.xml, /custom/assets/bundles/01EYVMBWFMJNBSK1TDB8739APQ/live/System Host/1613684989926properties, /custom/assets/bundles/01EYVMBWFMJNBSK1TDB8739APQ/live/System Host/1/1-content.e798fadb-0df7-46a7-80ef-c2638a5f3814.content.xml, /custom/assets/bundles/01EYVMBWFMJNBSK1TDB8739APQ/live/default/eee817bb-70c4-43e3-a565-706bab25906b.rule.xml, /custom/assets/bundles/01EYVMBWFMJNBSK1TDB8739APQ/live/default/1613684989926/0-content.5b4f6053-78c8-4601-bc3d-d0478c778511.content.xml, /custom/assets/bundles/01EYVMBWFMJNBSK1TDB8739APQ/live/default/1613684989926/5199800b-d29c-4fa5-b16b-827ee8c7fd2e.contentworkflow.xml]
Existing [/custom/assets/bundles/01EYVMBWFMJNBSK1TDB8739APQ/ROOT/75d559a5-3cf0-4705-b564-8fa53cdb2c4a.folder.xml, /custom/assets/bundles/01EYVMBWFMJNBSK1TDB8739APQ/ROOT/bc9a1d37-dd2d-4d49-a29d-0c9be740bfaf.folder.xml, /custom/assets/bundles/01EYVMBWFMJNBSK1TDB8739APQ/bundle.xml, /custom/assets/bundles/01EYVMBWFMJNBSK1TDB8739APQ/d61a59e1-a49c-46f2-a929-db2b4bfa88b2.workflow.xml, /custom/assets/bundles/01EYVMBWFMJNBSK1TDB8739APQ/live/System Host/1/1-content.e798fadb-0df7-46a7-80ef-c2638a5f3814.content.xml, /custom/assets/bundles/01EYVMBWFMJNBSK1TDB8739APQ/live/System Host/1/2-content.6533e62e-e14e-42c1-9d83-046693190f44.content.xml, /custom/assets/bundles/01EYVMBWFMJNBSK1TDB8739APQ/live/System Host/1/732a2f1a-1e55-4246-9cad-70509c8cbd16.contentworkflow.xml, /custom/assets/bundles/01EYVMBWFMJNBSK1TDB8739APQ/live/System Host/1/b6c91117-e27c-4e90-a878-4c96e1555f9d.contentworkflow.xml, /custom/assets/bundles/01EYVMBWFMJNBSK1TDB8739APQ/live/System Host/1/content.2bb9549d-68e4-416f-a29e-ba7dfc2c26a3.host.xml, /custom/assets/bundles/01EYVMBWFMJNBSK1TDB8739APQ/live/System Host/1/content.ff462f88-d9e1-4d31-b084-b73cb61976d3.host.xml, /custom/assets/bundles/01EYVMBWFMJNBSK1TDB8739APQ/live/System Host/1/system host.host.xml, /custom/assets/bundles/01EYVMBWFMJNBSK1TDB8739APQ/live/System Host/1613684989926properties, /custom/assets/bundles/01EYVMBWFMJNBSK1TDB8739APQ/live/System Host/1properties, /custom/assets/bundles/01EYVMBWFMJNBSK1TDB8739APQ/live/System Host/en_US.language.xml, /custom/assets/bundles/01EYVMBWFMJNBSK1TDB8739APQ/live/System Host/xj_RS.language.xml, /custom/assets/bundles/01EYVMBWFMJNBSK1TDB8739APQ/live/default/1613684989926/0-content.5b4f6053-78c8-4601-bc3d-d0478c778511.content.xml, /custom/assets/bundles/01EYVMBWFMJNBSK1TDB8739APQ/live/default/1613684989926/5199800b-d29c-4fa5-b16b-827ee8c7fd2e.contentworkflow.xml, /custom/assets/bundles/01EYVMBWFMJNBSK1TDB8739APQ/live/default/eee817bb-70c4-43e3-a565-706bab25906b.rule.xml, /custom/assets/bundles/01EYVMBWFMJNBSK1TDB8739APQ/working/System Host/1/3-content.e798fadb-0df7-46a7-80ef-c2638a5f3814.content.xml, /custom/assets/bundles/01EYVMBWFMJNBSK1TDB8739APQ/working/System Host/1/732a2f1a-1e55-4246-9cad-70509c8cbd16.contentworkflow.xml, /custom/assets/bundles/01EYVMBWFMJNBSK1TDB8739APQ/working/System Host/1/content.ff462f88-d9e1-4d31-b084-b73cb61976d3.host.xml, /custom/assets/bundles/01EYVMBWFMJNBSK1TDB8739APQ/working/System Host/f4d7c1b8-2c88-4071-abf1-a5328977b07d.contentType.json, /custom/assets/bundles/01EYVMBWFMJNBSK1TDB8739APQ/working/test1613682803130.dotcms.com/testName1613682803995/7e232d16-8813-4aa4-b9bd-d8a941874d79.link.xml]
difference [/custom/assets/bundles/01EYVMBWFMJNBSK1TDB8739APQ/ROOT/bc9a1d37-dd2d-4d49-a29d-0c9be740bfaf.folder.xml, /custom/assets/bundles/01EYVMBWFMJNBSK1TDB8739APQ/bundle.xml, /custom/assets/bundles/01EYVMBWFMJNBSK1TDB8739APQ/live/System Host/1/system host.host.xml]

	at org.jgroups.util.Util.assertEquals(Util.java:185)
	at com.dotcms.publishing.PublisherAPIImplTest.publish(PublisherAPIImplTest.java:407)
	at sun.reflect.NativeMethodAccessorImpl.invoke0(Native Method)
	at sun.reflect.NativeMethodAccessorImpl.invoke(NativeMethodAccessorImpl.java:62)
	at sun.reflect.DelegatingMethodAccessorImpl.invoke(DelegatingMethodAccessorImpl.java:43)
	at java.lang.reflect.Method.invoke(Method.java:498)
	at org.junit.runners.model.FrameworkMethod$1.runReflectiveCall(FrameworkMethod.java:50)
	at org.junit.internal.runners.model.ReflectiveCallable.run(ReflectiveCallable.java:12)
	at org.junit.runners.model.FrameworkMethod.invokeExplosively(FrameworkMethod.java:47)
	at com.tngtech.java.junit.dataprovider.DataProviderFrameworkMethod.invokeExplosively(DataProviderFrameworkMethod.java:119)
	at org.junit.internal.runners.statements.InvokeMethod.evaluate(InvokeMethod.java:17)
	at org.junit.rules.TestWatcher$1.evaluate(TestWatcher.java:55)
	at org.junit.rules.RunRules.evaluate(RunRules.java:20)
	at org.junit.runners.ParentRunner.runLeaf(ParentRunner.java:325)
	at com.dotcms.junit.CustomDataProviderRunner.runChild(CustomDataProviderRunner.java:28)
	at com.dotcms.junit.CustomDataProviderRunner.runChild(CustomDataProviderRunner.java:13)
	at org.junit.runners.ParentRunner$3.run(ParentRunner.java:290)
	at org.junit.runners.ParentRunner$1.schedule(ParentRunner.java:71)
	at org.junit.runners.ParentRunner.runChildren(ParentRunner.java:288)
	at org.junit.runners.ParentRunner.access$000(ParentRunner.java:58)
	at org.junit.runners.ParentRunner$2.evaluate(ParentRunner.java:268)
	at org.junit.internal.runners.statements.RunBefores.evaluate(RunBefores.java:26)
	at org.junit.internal.runners.statements.RunAfters.evaluate(RunAfters.java:27)
	at org.junit.runners.ParentRunner.run(ParentRunner.java:363)
	at org.junit.runners.Suite.runChild(Suite.java:128)
	at org.junit.runners.Suite.runChild(Suite.java:27)
	at org.junit.runners.ParentRunner$3.run(ParentRunner.java:290)
	at org.junit.runners.ParentRunner$1.schedule(ParentRunner.java:71)
	at org.junit.runners.ParentRunner.runChildren(ParentRunner.java:288)
	at org.junit.runners.ParentRunner.access$000(ParentRunner.java:58)
	at org.junit.runners.ParentRunner$2.evaluate(ParentRunner.java:268)
	at org.junit.runners.ParentRunner.run(ParentRunner.java:363)
	at org.gradle.api.internal.tasks.testing.junit.JUnitTestClassExecutor.runTestClass(JUnitTestClassExecutor.java:106)
	at org.gradle.api.internal.tasks.testing.junit.JUnitTestClassExecutor.execute(JUnitTestClassExecutor.java:58)
	at org.gradle.api.internal.tasks.testing.junit.JUnitTestClassExecutor.execute(JUnitTestClassExecutor.java:38)
	at org.gradle.api.internal.tasks.testing.junit.AbstractJUnitTestClassProcessor.processTestClass(AbstractJUnitTestClassProcessor.java:66)
	at org.gradle.api.internal.tasks.testing.SuiteTestClassProcessor.processTestClass(SuiteTestClassProcessor.java:51)
	at sun.reflect.NativeMethodAccessorImpl.invoke0(Native Method)
	at sun.reflect.NativeMethodAccessorImpl.invoke(NativeMethodAccessorImpl.java:62)
	at sun.reflect.DelegatingMethodAccessorImpl.invoke(DelegatingMethodAccessorImpl.java:43)
	at java.lang.reflect.Method.invoke(Method.java:498)
	at org.gradle.internal.dispatch.ReflectionDispatch.dispatch(ReflectionDispatch.java:35)
	at org.gradle.internal.dispatch.ReflectionDispatch.dispatch(ReflectionDispatch.java:24)
	at org.gradle.internal.dispatch.ContextClassLoaderDispatch.dispatch(ContextClassLoaderDispatch.java:32)
	at org.gradle.internal.dispatch.ProxyDispatchAdapter$DispatchingInvocationHandler.invoke(ProxyDispatchAdapter.java:93)
	at com.sun.proxy.$Proxy2.processTestClass(Unknown Source)
	at org.gradle.api.internal.tasks.testing.worker.TestWorker.processTestClass(TestWorker.java:117)
	at sun.reflect.NativeMethodAccessorImpl.invoke0(Native Method)
	at sun.reflect.NativeMethodAccessorImpl.invoke(NativeMethodAccessorImpl.java:62)
	at sun.reflect.DelegatingMethodAccessorImpl.invoke(DelegatingMethodAccessorImpl.java:43)
	at java.lang.reflect.Method.invoke(Method.java:498)
	at org.gradle.internal.dispatch.ReflectionDispatch.dispatch(ReflectionDispatch.java:35)
	at org.gradle.internal.dispatch.ReflectionDispatch.dispatch(ReflectionDispatch.java:24)
	at org.gradle.internal.remote.internal.hub.MessageHubBackedObjectConnection$DispatchWrapper.dispatch(MessageHubBackedObjectConnection.java:155)
	at org.gradle.internal.remote.internal.hub.MessageHubBackedObjectConnection$DispatchWrapper.dispatch(MessageHubBackedObjectConnection.java:137)
	at org.gradle.internal.remote.internal.hub.MessageHub$Handler.run(MessageHub.java:404)
	at org.gradle.internal.concurrent.ExecutorPolicy$CatchAndRecordFailures.onExecute(ExecutorPolicy.java:63)
	at org.gradle.internal.concurrent.ManagedExecutorImpl$1.run(ManagedExecutorImpl.java:46)
	at java.util.concurrent.ThreadPoolExecutor.runWorker(ThreadPoolExecutor.java:1149)
	at java.util.concurrent.ThreadPoolExecutor$Worker.run(ThreadPoolExecutor.java:624)
	at org.gradle.internal.concurrent.ThreadFactoryImpl$ManagedThreadRunnable.run(ThreadFactoryImpl.java:55)
	at java.lang.Thread.run(Thread.java:748)
</pre>
</span>
</div>
<div class="test">
<a name="publish[15: com.dotcms.publishing.PublisherAPIImplTest$TestCase@3fe380b9]"></a>
<h3 class="failures">publish[15: com.dotcms.publishing.PublisherAPIImplTest$TestCase@3fe380b9]</h3>
<span class="code">
<pre>java.lang.AssertionError: Expected 19 but get 21 in /custom/assets/bundles/01EYVMBWKJAFG14KB0A56Z0N4G
Expected [/custom/assets/bundles/01EYVMBWKJAFG14KB0A56Z0N4G/live/System Host/en_US.language.xml, /custom/assets/bundles/01EYVMBWKJAFG14KB0A56Z0N4G/working/System Host/f4d7c1b8-2c88-4071-abf1-a5328977b07d.contentType.json, /custom/assets/bundles/01EYVMBWKJAFG14KB0A56Z0N4G/live/System Host/1613684989926properties, /custom/assets/bundles/01EYVMBWKJAFG14KB0A56Z0N4G/live/System Host/1/content.ff462f88-d9e1-4d31-b084-b73cb61976d3.host.xml, /custom/assets/bundles/01EYVMBWKJAFG14KB0A56Z0N4G/live/System Host/1properties, /custom/assets/bundles/01EYVMBWKJAFG14KB0A56Z0N4G/working/System Host/1/content.ff462f88-d9e1-4d31-b084-b73cb61976d3.host.xml, /custom/assets/bundles/01EYVMBWKJAFG14KB0A56Z0N4G/efb48bb3-04b3-4ae0-a04e-c34ad3544e9e.workflow.xml, /custom/assets/bundles/01EYVMBWKJAFG14KB0A56Z0N4G/live/System Host/1/2-content.6533e62e-e14e-42c1-9d83-046693190f44.content.xml, /custom/assets/bundles/01EYVMBWKJAFG14KB0A56Z0N4G/live/default/eee817bb-70c4-43e3-a565-706bab25906b.rule.xml, /custom/assets/bundles/01EYVMBWKJAFG14KB0A56Z0N4G/d61a59e1-a49c-46f2-a929-db2b4bfa88b2.workflow.xml, /custom/assets/bundles/01EYVMBWKJAFG14KB0A56Z0N4G/working/System Host/1/3-content.e798fadb-0df7-46a7-80ef-c2638a5f3814.content.xml, /custom/assets/bundles/01EYVMBWKJAFG14KB0A56Z0N4G/live/System Host/1/b6c91117-e27c-4e90-a878-4c96e1555f9d.contentworkflow.xml, /custom/assets/bundles/01EYVMBWKJAFG14KB0A56Z0N4G/live/System Host/xj_RS.language.xml, /custom/assets/bundles/01EYVMBWKJAFG14KB0A56Z0N4G/working/System Host/1/732a2f1a-1e55-4246-9cad-70509c8cbd16.contentworkflow.xml, /custom/assets/bundles/01EYVMBWKJAFG14KB0A56Z0N4G/live/System Host/1/732a2f1a-1e55-4246-9cad-70509c8cbd16.contentworkflow.xml, /custom/assets/bundles/01EYVMBWKJAFG14KB0A56Z0N4G/live/default/1613684989926/5199800b-d29c-4fa5-b16b-827ee8c7fd2e.contentworkflow.xml, /custom/assets/bundles/01EYVMBWKJAFG14KB0A56Z0N4G/live/System Host/1/1-content.e798fadb-0df7-46a7-80ef-c2638a5f3814.content.xml, /custom/assets/bundles/01EYVMBWKJAFG14KB0A56Z0N4G/live/default/1613684989926/0-content.5b4f6053-78c8-4601-bc3d-d0478c778511.content.xml]
Existing [/custom/assets/bundles/01EYVMBWKJAFG14KB0A56Z0N4G/ROOT/bc9a1d37-dd2d-4d49-a29d-0c9be740bfaf.folder.xml, /custom/assets/bundles/01EYVMBWKJAFG14KB0A56Z0N4G/bundle.xml, /custom/assets/bundles/01EYVMBWKJAFG14KB0A56Z0N4G/d61a59e1-a49c-46f2-a929-db2b4bfa88b2.workflow.xml, /custom/assets/bundles/01EYVMBWKJAFG14KB0A56Z0N4G/efb48bb3-04b3-4ae0-a04e-c34ad3544e9e.workflow.xml, /custom/assets/bundles/01EYVMBWKJAFG14KB0A56Z0N4G/live/System Host/1/1-content.e798fadb-0df7-46a7-80ef-c2638a5f3814.content.xml, /custom/assets/bundles/01EYVMBWKJAFG14KB0A56Z0N4G/live/System Host/1/2-content.6533e62e-e14e-42c1-9d83-046693190f44.content.xml, /custom/assets/bundles/01EYVMBWKJAFG14KB0A56Z0N4G/live/System Host/1/732a2f1a-1e55-4246-9cad-70509c8cbd16.contentworkflow.xml, /custom/assets/bundles/01EYVMBWKJAFG14KB0A56Z0N4G/live/System Host/1/b6c91117-e27c-4e90-a878-4c96e1555f9d.contentworkflow.xml, /custom/assets/bundles/01EYVMBWKJAFG14KB0A56Z0N4G/live/System Host/1/content.ff462f88-d9e1-4d31-b084-b73cb61976d3.host.xml, /custom/assets/bundles/01EYVMBWKJAFG14KB0A56Z0N4G/live/System Host/1/system host.host.xml, /custom/assets/bundles/01EYVMBWKJAFG14KB0A56Z0N4G/live/System Host/1613684989926properties, /custom/assets/bundles/01EYVMBWKJAFG14KB0A56Z0N4G/live/System Host/1properties, /custom/assets/bundles/01EYVMBWKJAFG14KB0A56Z0N4G/live/System Host/en_US.language.xml, /custom/assets/bundles/01EYVMBWKJAFG14KB0A56Z0N4G/live/System Host/xj_RS.language.xml, /custom/assets/bundles/01EYVMBWKJAFG14KB0A56Z0N4G/live/default/1613684989926/0-content.5b4f6053-78c8-4601-bc3d-d0478c778511.content.xml, /custom/assets/bundles/01EYVMBWKJAFG14KB0A56Z0N4G/live/default/1613684989926/5199800b-d29c-4fa5-b16b-827ee8c7fd2e.contentworkflow.xml, /custom/assets/bundles/01EYVMBWKJAFG14KB0A56Z0N4G/live/default/eee817bb-70c4-43e3-a565-706bab25906b.rule.xml, /custom/assets/bundles/01EYVMBWKJAFG14KB0A56Z0N4G/working/System Host/1/3-content.e798fadb-0df7-46a7-80ef-c2638a5f3814.content.xml, /custom/assets/bundles/01EYVMBWKJAFG14KB0A56Z0N4G/working/System Host/1/732a2f1a-1e55-4246-9cad-70509c8cbd16.contentworkflow.xml, /custom/assets/bundles/01EYVMBWKJAFG14KB0A56Z0N4G/working/System Host/1/content.ff462f88-d9e1-4d31-b084-b73cb61976d3.host.xml, /custom/assets/bundles/01EYVMBWKJAFG14KB0A56Z0N4G/working/System Host/f4d7c1b8-2c88-4071-abf1-a5328977b07d.contentType.json]
difference [/custom/assets/bundles/01EYVMBWKJAFG14KB0A56Z0N4G/ROOT/bc9a1d37-dd2d-4d49-a29d-0c9be740bfaf.folder.xml, /custom/assets/bundles/01EYVMBWKJAFG14KB0A56Z0N4G/bundle.xml, /custom/assets/bundles/01EYVMBWKJAFG14KB0A56Z0N4G/live/System Host/1/system host.host.xml]

	at org.jgroups.util.Util.assertEquals(Util.java:185)
	at com.dotcms.publishing.PublisherAPIImplTest.publish(PublisherAPIImplTest.java:407)
	at sun.reflect.NativeMethodAccessorImpl.invoke0(Native Method)
	at sun.reflect.NativeMethodAccessorImpl.invoke(NativeMethodAccessorImpl.java:62)
	at sun.reflect.DelegatingMethodAccessorImpl.invoke(DelegatingMethodAccessorImpl.java:43)
	at java.lang.reflect.Method.invoke(Method.java:498)
	at org.junit.runners.model.FrameworkMethod$1.runReflectiveCall(FrameworkMethod.java:50)
	at org.junit.internal.runners.model.ReflectiveCallable.run(ReflectiveCallable.java:12)
	at org.junit.runners.model.FrameworkMethod.invokeExplosively(FrameworkMethod.java:47)
	at com.tngtech.java.junit.dataprovider.DataProviderFrameworkMethod.invokeExplosively(DataProviderFrameworkMethod.java:119)
	at org.junit.internal.runners.statements.InvokeMethod.evaluate(InvokeMethod.java:17)
	at org.junit.rules.TestWatcher$1.evaluate(TestWatcher.java:55)
	at org.junit.rules.RunRules.evaluate(RunRules.java:20)
	at org.junit.runners.ParentRunner.runLeaf(ParentRunner.java:325)
	at com.dotcms.junit.CustomDataProviderRunner.runChild(CustomDataProviderRunner.java:28)
	at com.dotcms.junit.CustomDataProviderRunner.runChild(CustomDataProviderRunner.java:13)
	at org.junit.runners.ParentRunner$3.run(ParentRunner.java:290)
	at org.junit.runners.ParentRunner$1.schedule(ParentRunner.java:71)
	at org.junit.runners.ParentRunner.runChildren(ParentRunner.java:288)
	at org.junit.runners.ParentRunner.access$000(ParentRunner.java:58)
	at org.junit.runners.ParentRunner$2.evaluate(ParentRunner.java:268)
	at org.junit.internal.runners.statements.RunBefores.evaluate(RunBefores.java:26)
	at org.junit.internal.runners.statements.RunAfters.evaluate(RunAfters.java:27)
	at org.junit.runners.ParentRunner.run(ParentRunner.java:363)
	at org.junit.runners.Suite.runChild(Suite.java:128)
	at org.junit.runners.Suite.runChild(Suite.java:27)
	at org.junit.runners.ParentRunner$3.run(ParentRunner.java:290)
	at org.junit.runners.ParentRunner$1.schedule(ParentRunner.java:71)
	at org.junit.runners.ParentRunner.runChildren(ParentRunner.java:288)
	at org.junit.runners.ParentRunner.access$000(ParentRunner.java:58)
	at org.junit.runners.ParentRunner$2.evaluate(ParentRunner.java:268)
	at org.junit.runners.ParentRunner.run(ParentRunner.java:363)
	at org.gradle.api.internal.tasks.testing.junit.JUnitTestClassExecutor.runTestClass(JUnitTestClassExecutor.java:106)
	at org.gradle.api.internal.tasks.testing.junit.JUnitTestClassExecutor.execute(JUnitTestClassExecutor.java:58)
	at org.gradle.api.internal.tasks.testing.junit.JUnitTestClassExecutor.execute(JUnitTestClassExecutor.java:38)
	at org.gradle.api.internal.tasks.testing.junit.AbstractJUnitTestClassProcessor.processTestClass(AbstractJUnitTestClassProcessor.java:66)
	at org.gradle.api.internal.tasks.testing.SuiteTestClassProcessor.processTestClass(SuiteTestClassProcessor.java:51)
	at sun.reflect.NativeMethodAccessorImpl.invoke0(Native Method)
	at sun.reflect.NativeMethodAccessorImpl.invoke(NativeMethodAccessorImpl.java:62)
	at sun.reflect.DelegatingMethodAccessorImpl.invoke(DelegatingMethodAccessorImpl.java:43)
	at java.lang.reflect.Method.invoke(Method.java:498)
	at org.gradle.internal.dispatch.ReflectionDispatch.dispatch(ReflectionDispatch.java:35)
	at org.gradle.internal.dispatch.ReflectionDispatch.dispatch(ReflectionDispatch.java:24)
	at org.gradle.internal.dispatch.ContextClassLoaderDispatch.dispatch(ContextClassLoaderDispatch.java:32)
	at org.gradle.internal.dispatch.ProxyDispatchAdapter$DispatchingInvocationHandler.invoke(ProxyDispatchAdapter.java:93)
	at com.sun.proxy.$Proxy2.processTestClass(Unknown Source)
	at org.gradle.api.internal.tasks.testing.worker.TestWorker.processTestClass(TestWorker.java:117)
	at sun.reflect.NativeMethodAccessorImpl.invoke0(Native Method)
	at sun.reflect.NativeMethodAccessorImpl.invoke(NativeMethodAccessorImpl.java:62)
	at sun.reflect.DelegatingMethodAccessorImpl.invoke(DelegatingMethodAccessorImpl.java:43)
	at java.lang.reflect.Method.invoke(Method.java:498)
	at org.gradle.internal.dispatch.ReflectionDispatch.dispatch(ReflectionDispatch.java:35)
	at org.gradle.internal.dispatch.ReflectionDispatch.dispatch(ReflectionDispatch.java:24)
	at org.gradle.internal.remote.internal.hub.MessageHubBackedObjectConnection$DispatchWrapper.dispatch(MessageHubBackedObjectConnection.java:155)
	at org.gradle.internal.remote.internal.hub.MessageHubBackedObjectConnection$DispatchWrapper.dispatch(MessageHubBackedObjectConnection.java:137)
	at org.gradle.internal.remote.internal.hub.MessageHub$Handler.run(MessageHub.java:404)
	at org.gradle.internal.concurrent.ExecutorPolicy$CatchAndRecordFailures.onExecute(ExecutorPolicy.java:63)
	at org.gradle.internal.concurrent.ManagedExecutorImpl$1.run(ManagedExecutorImpl.java:46)
	at java.util.concurrent.ThreadPoolExecutor.runWorker(ThreadPoolExecutor.java:1149)
	at java.util.concurrent.ThreadPoolExecutor$Worker.run(ThreadPoolExecutor.java:624)
	at org.gradle.internal.concurrent.ThreadFactoryImpl$ManagedThreadRunnable.run(ThreadFactoryImpl.java:55)
	at java.lang.Thread.run(Thread.java:748)
</pre>
</span>
</div>
<div class="test">
<a name="publish[16: com.dotcms.publishing.PublisherAPIImplTest$TestCase@55d7746c]"></a>
<h3 class="failures">publish[16: com.dotcms.publishing.PublisherAPIImplTest$TestCase@55d7746c]</h3>
<span class="code">
<pre>java.lang.AssertionError: Expected 20 but get 22 in /custom/assets/bundles/01EYVMBWP52F14C13FBKQM0BWP
Expected [/custom/assets/bundles/01EYVMBWP52F14C13FBKQM0BWP/live/System Host/1/b6c91117-e27c-4e90-a878-4c96e1555f9d.contentworkflow.xml, /custom/assets/bundles/01EYVMBWP52F14C13FBKQM0BWP/live/default/eee817bb-70c4-43e3-a565-706bab25906b.rule.xml, /custom/assets/bundles/01EYVMBWP52F14C13FBKQM0BWP/live/System Host/1613684989926properties, /custom/assets/bundles/01EYVMBWP52F14C13FBKQM0BWP/d61a59e1-a49c-46f2-a929-db2b4bfa88b2.workflow.xml, /custom/assets/bundles/01EYVMBWP52F14C13FBKQM0BWP/working/System Host/1/732a2f1a-1e55-4246-9cad-70509c8cbd16.contentworkflow.xml, /custom/assets/bundles/01EYVMBWP52F14C13FBKQM0BWP/live/System Host/1properties, /custom/assets/bundles/01EYVMBWP52F14C13FBKQM0BWP/live/default/1613684989926/0-content.5b4f6053-78c8-4601-bc3d-d0478c778511.content.xml, /custom/assets/bundles/01EYVMBWP52F14C13FBKQM0BWP/live/System Host/1/732a2f1a-1e55-4246-9cad-70509c8cbd16.contentworkflow.xml, /custom/assets/bundles/01EYVMBWP52F14C13FBKQM0BWP/working/System Host/1/content.ff462f88-d9e1-4d31-b084-b73cb61976d3.host.xml, /custom/assets/bundles/01EYVMBWP52F14C13FBKQM0BWP/working/System Host/1/3-content.e798fadb-0df7-46a7-80ef-c2638a5f3814.content.xml, /custom/assets/bundles/01EYVMBWP52F14C13FBKQM0BWP/live/System Host/1/content.ff462f88-d9e1-4d31-b084-b73cb61976d3.host.xml, /custom/assets/bundles/01EYVMBWP52F14C13FBKQM0BWP/live/System Host/1/2-content.6533e62e-e14e-42c1-9d83-046693190f44.content.xml, /custom/assets/bundles/01EYVMBWP52F14C13FBKQM0BWP/live/System Host/hcopl_TESTCOUNTRYCODE1613682804021.language.xml, /custom/assets/bundles/01EYVMBWP52F14C13FBKQM0BWP/live/System Host/xj_RS.language.xml, /custom/assets/bundles/01EYVMBWP52F14C13FBKQM0BWP/working/System Host/f4d7c1b8-2c88-4071-abf1-a5328977b07d.contentType.json, /custom/assets/bundles/01EYVMBWP52F14C13FBKQM0BWP/live/System Host/1/1-content.e798fadb-0df7-46a7-80ef-c2638a5f3814.content.xml, /custom/assets/bundles/01EYVMBWP52F14C13FBKQM0BWP/live/System Host/1613682804022properties, /custom/assets/bundles/01EYVMBWP52F14C13FBKQM0BWP/live/default/1613684989926/5199800b-d29c-4fa5-b16b-827ee8c7fd2e.contentworkflow.xml, /custom/assets/bundles/01EYVMBWP52F14C13FBKQM0BWP/live/System Host/en_US.language.xml]
Existing [/custom/assets/bundles/01EYVMBWP52F14C13FBKQM0BWP/ROOT/bc9a1d37-dd2d-4d49-a29d-0c9be740bfaf.folder.xml, /custom/assets/bundles/01EYVMBWP52F14C13FBKQM0BWP/bundle.xml, /custom/assets/bundles/01EYVMBWP52F14C13FBKQM0BWP/d61a59e1-a49c-46f2-a929-db2b4bfa88b2.workflow.xml, /custom/assets/bundles/01EYVMBWP52F14C13FBKQM0BWP/live/System Host/1/1-content.e798fadb-0df7-46a7-80ef-c2638a5f3814.content.xml, /custom/assets/bundles/01EYVMBWP52F14C13FBKQM0BWP/live/System Host/1/2-content.6533e62e-e14e-42c1-9d83-046693190f44.content.xml, /custom/assets/bundles/01EYVMBWP52F14C13FBKQM0BWP/live/System Host/1/732a2f1a-1e55-4246-9cad-70509c8cbd16.contentworkflow.xml, /custom/assets/bundles/01EYVMBWP52F14C13FBKQM0BWP/live/System Host/1/b6c91117-e27c-4e90-a878-4c96e1555f9d.contentworkflow.xml, /custom/assets/bundles/01EYVMBWP52F14C13FBKQM0BWP/live/System Host/1/content.ff462f88-d9e1-4d31-b084-b73cb61976d3.host.xml, /custom/assets/bundles/01EYVMBWP52F14C13FBKQM0BWP/live/System Host/1/system host.host.xml, /custom/assets/bundles/01EYVMBWP52F14C13FBKQM0BWP/live/System Host/1613682804022properties, /custom/assets/bundles/01EYVMBWP52F14C13FBKQM0BWP/live/System Host/1613684989926properties, /custom/assets/bundles/01EYVMBWP52F14C13FBKQM0BWP/live/System Host/1properties, /custom/assets/bundles/01EYVMBWP52F14C13FBKQM0BWP/live/System Host/en_US.language.xml, /custom/assets/bundles/01EYVMBWP52F14C13FBKQM0BWP/live/System Host/hcopl_TESTCOUNTRYCODE1613682804021.language.xml, /custom/assets/bundles/01EYVMBWP52F14C13FBKQM0BWP/live/System Host/xj_RS.language.xml, /custom/assets/bundles/01EYVMBWP52F14C13FBKQM0BWP/live/default/1613684989926/0-content.5b4f6053-78c8-4601-bc3d-d0478c778511.content.xml, /custom/assets/bundles/01EYVMBWP52F14C13FBKQM0BWP/live/default/1613684989926/5199800b-d29c-4fa5-b16b-827ee8c7fd2e.contentworkflow.xml, /custom/assets/bundles/01EYVMBWP52F14C13FBKQM0BWP/live/default/eee817bb-70c4-43e3-a565-706bab25906b.rule.xml, /custom/assets/bundles/01EYVMBWP52F14C13FBKQM0BWP/working/System Host/1/3-content.e798fadb-0df7-46a7-80ef-c2638a5f3814.content.xml, /custom/assets/bundles/01EYVMBWP52F14C13FBKQM0BWP/working/System Host/1/732a2f1a-1e55-4246-9cad-70509c8cbd16.contentworkflow.xml, /custom/assets/bundles/01EYVMBWP52F14C13FBKQM0BWP/working/System Host/1/content.ff462f88-d9e1-4d31-b084-b73cb61976d3.host.xml, /custom/assets/bundles/01EYVMBWP52F14C13FBKQM0BWP/working/System Host/f4d7c1b8-2c88-4071-abf1-a5328977b07d.contentType.json]
difference [/custom/assets/bundles/01EYVMBWP52F14C13FBKQM0BWP/ROOT/bc9a1d37-dd2d-4d49-a29d-0c9be740bfaf.folder.xml, /custom/assets/bundles/01EYVMBWP52F14C13FBKQM0BWP/bundle.xml, /custom/assets/bundles/01EYVMBWP52F14C13FBKQM0BWP/live/System Host/1/system host.host.xml]

	at org.jgroups.util.Util.assertEquals(Util.java:185)
	at com.dotcms.publishing.PublisherAPIImplTest.publish(PublisherAPIImplTest.java:407)
	at sun.reflect.GeneratedMethodAccessor1526.invoke(Unknown Source)
	at sun.reflect.DelegatingMethodAccessorImpl.invoke(DelegatingMethodAccessorImpl.java:43)
	at java.lang.reflect.Method.invoke(Method.java:498)
	at org.junit.runners.model.FrameworkMethod$1.runReflectiveCall(FrameworkMethod.java:50)
	at org.junit.internal.runners.model.ReflectiveCallable.run(ReflectiveCallable.java:12)
	at org.junit.runners.model.FrameworkMethod.invokeExplosively(FrameworkMethod.java:47)
	at com.tngtech.java.junit.dataprovider.DataProviderFrameworkMethod.invokeExplosively(DataProviderFrameworkMethod.java:119)
	at org.junit.internal.runners.statements.InvokeMethod.evaluate(InvokeMethod.java:17)
	at org.junit.rules.TestWatcher$1.evaluate(TestWatcher.java:55)
	at org.junit.rules.RunRules.evaluate(RunRules.java:20)
	at org.junit.runners.ParentRunner.runLeaf(ParentRunner.java:325)
	at com.dotcms.junit.CustomDataProviderRunner.runChild(CustomDataProviderRunner.java:28)
	at com.dotcms.junit.CustomDataProviderRunner.runChild(CustomDataProviderRunner.java:13)
	at org.junit.runners.ParentRunner$3.run(ParentRunner.java:290)
	at org.junit.runners.ParentRunner$1.schedule(ParentRunner.java:71)
	at org.junit.runners.ParentRunner.runChildren(ParentRunner.java:288)
	at org.junit.runners.ParentRunner.access$000(ParentRunner.java:58)
	at org.junit.runners.ParentRunner$2.evaluate(ParentRunner.java:268)
	at org.junit.internal.runners.statements.RunBefores.evaluate(RunBefores.java:26)
	at org.junit.internal.runners.statements.RunAfters.evaluate(RunAfters.java:27)
	at org.junit.runners.ParentRunner.run(ParentRunner.java:363)
	at org.junit.runners.Suite.runChild(Suite.java:128)
	at org.junit.runners.Suite.runChild(Suite.java:27)
	at org.junit.runners.ParentRunner$3.run(ParentRunner.java:290)
	at org.junit.runners.ParentRunner$1.schedule(ParentRunner.java:71)
	at org.junit.runners.ParentRunner.runChildren(ParentRunner.java:288)
	at org.junit.runners.ParentRunner.access$000(ParentRunner.java:58)
	at org.junit.runners.ParentRunner$2.evaluate(ParentRunner.java:268)
	at org.junit.runners.ParentRunner.run(ParentRunner.java:363)
	at org.gradle.api.internal.tasks.testing.junit.JUnitTestClassExecutor.runTestClass(JUnitTestClassExecutor.java:106)
	at org.gradle.api.internal.tasks.testing.junit.JUnitTestClassExecutor.execute(JUnitTestClassExecutor.java:58)
	at org.gradle.api.internal.tasks.testing.junit.JUnitTestClassExecutor.execute(JUnitTestClassExecutor.java:38)
	at org.gradle.api.internal.tasks.testing.junit.AbstractJUnitTestClassProcessor.processTestClass(AbstractJUnitTestClassProcessor.java:66)
	at org.gradle.api.internal.tasks.testing.SuiteTestClassProcessor.processTestClass(SuiteTestClassProcessor.java:51)
	at sun.reflect.NativeMethodAccessorImpl.invoke0(Native Method)
	at sun.reflect.NativeMethodAccessorImpl.invoke(NativeMethodAccessorImpl.java:62)
	at sun.reflect.DelegatingMethodAccessorImpl.invoke(DelegatingMethodAccessorImpl.java:43)
	at java.lang.reflect.Method.invoke(Method.java:498)
	at org.gradle.internal.dispatch.ReflectionDispatch.dispatch(ReflectionDispatch.java:35)
	at org.gradle.internal.dispatch.ReflectionDispatch.dispatch(ReflectionDispatch.java:24)
	at org.gradle.internal.dispatch.ContextClassLoaderDispatch.dispatch(ContextClassLoaderDispatch.java:32)
	at org.gradle.internal.dispatch.ProxyDispatchAdapter$DispatchingInvocationHandler.invoke(ProxyDispatchAdapter.java:93)
	at com.sun.proxy.$Proxy2.processTestClass(Unknown Source)
	at org.gradle.api.internal.tasks.testing.worker.TestWorker.processTestClass(TestWorker.java:117)
	at sun.reflect.NativeMethodAccessorImpl.invoke0(Native Method)
	at sun.reflect.NativeMethodAccessorImpl.invoke(NativeMethodAccessorImpl.java:62)
	at sun.reflect.DelegatingMethodAccessorImpl.invoke(DelegatingMethodAccessorImpl.java:43)
	at java.lang.reflect.Method.invoke(Method.java:498)
	at org.gradle.internal.dispatch.ReflectionDispatch.dispatch(ReflectionDispatch.java:35)
	at org.gradle.internal.dispatch.ReflectionDispatch.dispatch(ReflectionDispatch.java:24)
	at org.gradle.internal.remote.internal.hub.MessageHubBackedObjectConnection$DispatchWrapper.dispatch(MessageHubBackedObjectConnection.java:155)
	at org.gradle.internal.remote.internal.hub.MessageHubBackedObjectConnection$DispatchWrapper.dispatch(MessageHubBackedObjectConnection.java:137)
	at org.gradle.internal.remote.internal.hub.MessageHub$Handler.run(MessageHub.java:404)
	at org.gradle.internal.concurrent.ExecutorPolicy$CatchAndRecordFailures.onExecute(ExecutorPolicy.java:63)
	at org.gradle.internal.concurrent.ManagedExecutorImpl$1.run(ManagedExecutorImpl.java:46)
	at java.util.concurrent.ThreadPoolExecutor.runWorker(ThreadPoolExecutor.java:1149)
	at java.util.concurrent.ThreadPoolExecutor$Worker.run(ThreadPoolExecutor.java:624)
	at org.gradle.internal.concurrent.ThreadFactoryImpl$ManagedThreadRunnable.run(ThreadFactoryImpl.java:55)
	at java.lang.Thread.run(Thread.java:748)
</pre>
</span>
</div>
<div class="test">
<a name="publish[17: com.dotcms.publishing.PublisherAPIImplTest$TestCase@68f4db90]"></a>
<h3 class="failures">publish[17: com.dotcms.publishing.PublisherAPIImplTest$TestCase@68f4db90]</h3>
<span class="code">
<pre>java.lang.AssertionError: Expected 5 but get 6 in /custom/assets/bundles/01EYVMBWRDK09VC04RBJEPMX17
Expected [/custom/assets/bundles/01EYVMBWRDK09VC04RBJEPMX17/live/System Host/1/content.ff462f88-d9e1-4d31-b084-b73cb61976d3.host.xml, /custom/assets/bundles/01EYVMBWRDK09VC04RBJEPMX17/live/test1613682804023.dotcms.com/b2396fd8-6b33-4d59-8928-599e7503daed.rule.xml, /custom/assets/bundles/01EYVMBWRDK09VC04RBJEPMX17/working/System Host/1/content.ff462f88-d9e1-4d31-b084-b73cb61976d3.host.xml, /custom/assets/bundles/01EYVMBWRDK09VC04RBJEPMX17/live/default/eee817bb-70c4-43e3-a565-706bab25906b.rule.xml]
Existing [/custom/assets/bundles/01EYVMBWRDK09VC04RBJEPMX17/bundle.xml, /custom/assets/bundles/01EYVMBWRDK09VC04RBJEPMX17/live/System Host/1/content.ff462f88-d9e1-4d31-b084-b73cb61976d3.host.xml, /custom/assets/bundles/01EYVMBWRDK09VC04RBJEPMX17/live/System Host/1/system host.host.xml, /custom/assets/bundles/01EYVMBWRDK09VC04RBJEPMX17/live/default/eee817bb-70c4-43e3-a565-706bab25906b.rule.xml, /custom/assets/bundles/01EYVMBWRDK09VC04RBJEPMX17/live/test1613682804023.dotcms.com/b2396fd8-6b33-4d59-8928-599e7503daed.rule.xml, /custom/assets/bundles/01EYVMBWRDK09VC04RBJEPMX17/working/System Host/1/content.ff462f88-d9e1-4d31-b084-b73cb61976d3.host.xml]
difference [/custom/assets/bundles/01EYVMBWRDK09VC04RBJEPMX17/bundle.xml, /custom/assets/bundles/01EYVMBWRDK09VC04RBJEPMX17/live/System Host/1/system host.host.xml]

	at org.jgroups.util.Util.assertEquals(Util.java:185)
	at com.dotcms.publishing.PublisherAPIImplTest.publish(PublisherAPIImplTest.java:407)
	at sun.reflect.GeneratedMethodAccessor1526.invoke(Unknown Source)
	at sun.reflect.DelegatingMethodAccessorImpl.invoke(DelegatingMethodAccessorImpl.java:43)
	at java.lang.reflect.Method.invoke(Method.java:498)
	at org.junit.runners.model.FrameworkMethod$1.runReflectiveCall(FrameworkMethod.java:50)
	at org.junit.internal.runners.model.ReflectiveCallable.run(ReflectiveCallable.java:12)
	at org.junit.runners.model.FrameworkMethod.invokeExplosively(FrameworkMethod.java:47)
	at com.tngtech.java.junit.dataprovider.DataProviderFrameworkMethod.invokeExplosively(DataProviderFrameworkMethod.java:119)
	at org.junit.internal.runners.statements.InvokeMethod.evaluate(InvokeMethod.java:17)
	at org.junit.rules.TestWatcher$1.evaluate(TestWatcher.java:55)
	at org.junit.rules.RunRules.evaluate(RunRules.java:20)
	at org.junit.runners.ParentRunner.runLeaf(ParentRunner.java:325)
	at com.dotcms.junit.CustomDataProviderRunner.runChild(CustomDataProviderRunner.java:28)
	at com.dotcms.junit.CustomDataProviderRunner.runChild(CustomDataProviderRunner.java:13)
	at org.junit.runners.ParentRunner$3.run(ParentRunner.java:290)
	at org.junit.runners.ParentRunner$1.schedule(ParentRunner.java:71)
	at org.junit.runners.ParentRunner.runChildren(ParentRunner.java:288)
	at org.junit.runners.ParentRunner.access$000(ParentRunner.java:58)
	at org.junit.runners.ParentRunner$2.evaluate(ParentRunner.java:268)
	at org.junit.internal.runners.statements.RunBefores.evaluate(RunBefores.java:26)
	at org.junit.internal.runners.statements.RunAfters.evaluate(RunAfters.java:27)
	at org.junit.runners.ParentRunner.run(ParentRunner.java:363)
	at org.junit.runners.Suite.runChild(Suite.java:128)
	at org.junit.runners.Suite.runChild(Suite.java:27)
	at org.junit.runners.ParentRunner$3.run(ParentRunner.java:290)
	at org.junit.runners.ParentRunner$1.schedule(ParentRunner.java:71)
	at org.junit.runners.ParentRunner.runChildren(ParentRunner.java:288)
	at org.junit.runners.ParentRunner.access$000(ParentRunner.java:58)
	at org.junit.runners.ParentRunner$2.evaluate(ParentRunner.java:268)
	at org.junit.runners.ParentRunner.run(ParentRunner.java:363)
	at org.gradle.api.internal.tasks.testing.junit.JUnitTestClassExecutor.runTestClass(JUnitTestClassExecutor.java:106)
	at org.gradle.api.internal.tasks.testing.junit.JUnitTestClassExecutor.execute(JUnitTestClassExecutor.java:58)
	at org.gradle.api.internal.tasks.testing.junit.JUnitTestClassExecutor.execute(JUnitTestClassExecutor.java:38)
	at org.gradle.api.internal.tasks.testing.junit.AbstractJUnitTestClassProcessor.processTestClass(AbstractJUnitTestClassProcessor.java:66)
	at org.gradle.api.internal.tasks.testing.SuiteTestClassProcessor.processTestClass(SuiteTestClassProcessor.java:51)
	at sun.reflect.NativeMethodAccessorImpl.invoke0(Native Method)
	at sun.reflect.NativeMethodAccessorImpl.invoke(NativeMethodAccessorImpl.java:62)
	at sun.reflect.DelegatingMethodAccessorImpl.invoke(DelegatingMethodAccessorImpl.java:43)
	at java.lang.reflect.Method.invoke(Method.java:498)
	at org.gradle.internal.dispatch.ReflectionDispatch.dispatch(ReflectionDispatch.java:35)
	at org.gradle.internal.dispatch.ReflectionDispatch.dispatch(ReflectionDispatch.java:24)
	at org.gradle.internal.dispatch.ContextClassLoaderDispatch.dispatch(ContextClassLoaderDispatch.java:32)
	at org.gradle.internal.dispatch.ProxyDispatchAdapter$DispatchingInvocationHandler.invoke(ProxyDispatchAdapter.java:93)
	at com.sun.proxy.$Proxy2.processTestClass(Unknown Source)
	at org.gradle.api.internal.tasks.testing.worker.TestWorker.processTestClass(TestWorker.java:117)
	at sun.reflect.NativeMethodAccessorImpl.invoke0(Native Method)
	at sun.reflect.NativeMethodAccessorImpl.invoke(NativeMethodAccessorImpl.java:62)
	at sun.reflect.DelegatingMethodAccessorImpl.invoke(DelegatingMethodAccessorImpl.java:43)
	at java.lang.reflect.Method.invoke(Method.java:498)
	at org.gradle.internal.dispatch.ReflectionDispatch.dispatch(ReflectionDispatch.java:35)
	at org.gradle.internal.dispatch.ReflectionDispatch.dispatch(ReflectionDispatch.java:24)
	at org.gradle.internal.remote.internal.hub.MessageHubBackedObjectConnection$DispatchWrapper.dispatch(MessageHubBackedObjectConnection.java:155)
	at org.gradle.internal.remote.internal.hub.MessageHubBackedObjectConnection$DispatchWrapper.dispatch(MessageHubBackedObjectConnection.java:137)
	at org.gradle.internal.remote.internal.hub.MessageHub$Handler.run(MessageHub.java:404)
	at org.gradle.internal.concurrent.ExecutorPolicy$CatchAndRecordFailures.onExecute(ExecutorPolicy.java:63)
	at org.gradle.internal.concurrent.ManagedExecutorImpl$1.run(ManagedExecutorImpl.java:46)
	at java.util.concurrent.ThreadPoolExecutor.runWorker(ThreadPoolExecutor.java:1149)
	at java.util.concurrent.ThreadPoolExecutor$Worker.run(ThreadPoolExecutor.java:624)
	at org.gradle.internal.concurrent.ThreadFactoryImpl$ManagedThreadRunnable.run(ThreadFactoryImpl.java:55)
	at java.lang.Thread.run(Thread.java:748)
</pre>
</span>
</div>
<div class="test">
<a name="publish[1: com.dotcms.publishing.PublisherAPIImplTest$TestCase@4b46c3c3]"></a>
<h3 class="failures">publish[1: com.dotcms.publishing.PublisherAPIImplTest$TestCase@4b46c3c3]</h3>
<span class="code">
<pre>java.lang.AssertionError: Expected 23 but get 25 in /custom/assets/bundles/01EYVMBV176ZZB9CJ0512TSXQQ
Expected [/custom/assets/bundles/01EYVMBV176ZZB9CJ0512TSXQQ/live/System Host/1/content.0856bdac-c683-44ff-91a4-ea6525e50f49.host.xml, /custom/assets/bundles/01EYVMBV176ZZB9CJ0512TSXQQ/live/System Host/1613684989926properties, /custom/assets/bundles/01EYVMBV176ZZB9CJ0512TSXQQ/d61a59e1-a49c-46f2-a929-db2b4bfa88b2.workflow.xml, /custom/assets/bundles/01EYVMBV176ZZB9CJ0512TSXQQ/live/default/1613684989926/5199800b-d29c-4fa5-b16b-827ee8c7fd2e.contentworkflow.xml, /custom/assets/bundles/01EYVMBV176ZZB9CJ0512TSXQQ/working/test1613682799019.dotcms.com/38afd18d-0fd8-4418-8951-2e46128cd960.contentType.json, /custom/assets/bundles/01EYVMBV176ZZB9CJ0512TSXQQ/live/System Host/1/content.ff462f88-d9e1-4d31-b084-b73cb61976d3.host.xml, /custom/assets/bundles/01EYVMBV176ZZB9CJ0512TSXQQ/working/System Host/f4d7c1b8-2c88-4071-abf1-a5328977b07d.contentType.json, /custom/assets/bundles/01EYVMBV176ZZB9CJ0512TSXQQ/live/System Host/1/1-content.e798fadb-0df7-46a7-80ef-c2638a5f3814.content.xml, /custom/assets/bundles/01EYVMBV176ZZB9CJ0512TSXQQ/live/System Host/xj_RS.language.xml, /custom/assets/bundles/01EYVMBV176ZZB9CJ0512TSXQQ/working/System Host/1/3-content.e798fadb-0df7-46a7-80ef-c2638a5f3814.content.xml, /custom/assets/bundles/01EYVMBV176ZZB9CJ0512TSXQQ/working/test1613682799019.dotcms.com/a5f81030-3080-489a-8790-33dda85287c8.containers.container.xml, /custom/assets/bundles/01EYVMBV176ZZB9CJ0512TSXQQ/working/System Host/1/732a2f1a-1e55-4246-9cad-70509c8cbd16.contentworkflow.xml, /custom/assets/bundles/01EYVMBV176ZZB9CJ0512TSXQQ/live/test1613682799019.dotcms.com/5f18850b-5532-4515-8632-5c601d42d705.template.template.xml, /custom/assets/bundles/01EYVMBV176ZZB9CJ0512TSXQQ/working/test1613682799019.dotcms.com/18183860-6633-4340-8848-5ef3cfa69e55.containers.container.xml, /custom/assets/bundles/01EYVMBV176ZZB9CJ0512TSXQQ/live/System Host/en_US.language.xml, /custom/assets/bundles/01EYVMBV176ZZB9CJ0512TSXQQ/live/System Host/1properties, /custom/assets/bundles/01EYVMBV176ZZB9CJ0512TSXQQ/working/System Host/1/content.ff462f88-d9e1-4d31-b084-b73cb61976d3.host.xml, /custom/assets/bundles/01EYVMBV176ZZB9CJ0512TSXQQ/live/default/1613684989926/0-content.5b4f6053-78c8-4601-bc3d-d0478c778511.content.xml, /custom/assets/bundles/01EYVMBV176ZZB9CJ0512TSXQQ/live/System Host/1/2-content.6533e62e-e14e-42c1-9d83-046693190f44.content.xml, /custom/assets/bundles/01EYVMBV176ZZB9CJ0512TSXQQ/live/default/eee817bb-70c4-43e3-a565-706bab25906b.rule.xml, /custom/assets/bundles/01EYVMBV176ZZB9CJ0512TSXQQ/live/System Host/1/732a2f1a-1e55-4246-9cad-70509c8cbd16.contentworkflow.xml, /custom/assets/bundles/01EYVMBV176ZZB9CJ0512TSXQQ/live/System Host/1/b6c91117-e27c-4e90-a878-4c96e1555f9d.contentworkflow.xml]
Existing [/custom/assets/bundles/01EYVMBV176ZZB9CJ0512TSXQQ/ROOT/bc9a1d37-dd2d-4d49-a29d-0c9be740bfaf.folder.xml, /custom/assets/bundles/01EYVMBV176ZZB9CJ0512TSXQQ/bundle.xml, /custom/assets/bundles/01EYVMBV176ZZB9CJ0512TSXQQ/d61a59e1-a49c-46f2-a929-db2b4bfa88b2.workflow.xml, /custom/assets/bundles/01EYVMBV176ZZB9CJ0512TSXQQ/live/System Host/1/1-content.e798fadb-0df7-46a7-80ef-c2638a5f3814.content.xml, /custom/assets/bundles/01EYVMBV176ZZB9CJ0512TSXQQ/live/System Host/1/2-content.6533e62e-e14e-42c1-9d83-046693190f44.content.xml, /custom/assets/bundles/01EYVMBV176ZZB9CJ0512TSXQQ/live/System Host/1/732a2f1a-1e55-4246-9cad-70509c8cbd16.contentworkflow.xml, /custom/assets/bundles/01EYVMBV176ZZB9CJ0512TSXQQ/live/System Host/1/b6c91117-e27c-4e90-a878-4c96e1555f9d.contentworkflow.xml, /custom/assets/bundles/01EYVMBV176ZZB9CJ0512TSXQQ/live/System Host/1/content.0856bdac-c683-44ff-91a4-ea6525e50f49.host.xml, /custom/assets/bundles/01EYVMBV176ZZB9CJ0512TSXQQ/live/System Host/1/content.ff462f88-d9e1-4d31-b084-b73cb61976d3.host.xml, /custom/assets/bundles/01EYVMBV176ZZB9CJ0512TSXQQ/live/System Host/1/system host.host.xml, /custom/assets/bundles/01EYVMBV176ZZB9CJ0512TSXQQ/live/System Host/1613684989926properties, /custom/assets/bundles/01EYVMBV176ZZB9CJ0512TSXQQ/live/System Host/1properties, /custom/assets/bundles/01EYVMBV176ZZB9CJ0512TSXQQ/live/System Host/en_US.language.xml, /custom/assets/bundles/01EYVMBV176ZZB9CJ0512TSXQQ/live/System Host/xj_RS.language.xml, /custom/assets/bundles/01EYVMBV176ZZB9CJ0512TSXQQ/live/default/1613684989926/0-content.5b4f6053-78c8-4601-bc3d-d0478c778511.content.xml, /custom/assets/bundles/01EYVMBV176ZZB9CJ0512TSXQQ/live/default/1613684989926/5199800b-d29c-4fa5-b16b-827ee8c7fd2e.contentworkflow.xml, /custom/assets/bundles/01EYVMBV176ZZB9CJ0512TSXQQ/live/default/eee817bb-70c4-43e3-a565-706bab25906b.rule.xml, /custom/assets/bundles/01EYVMBV176ZZB9CJ0512TSXQQ/live/test1613682799019.dotcms.com/5f18850b-5532-4515-8632-5c601d42d705.template.template.xml, /custom/assets/bundles/01EYVMBV176ZZB9CJ0512TSXQQ/working/System Host/1/3-content.e798fadb-0df7-46a7-80ef-c2638a5f3814.content.xml, /custom/assets/bundles/01EYVMBV176ZZB9CJ0512TSXQQ/working/System Host/1/732a2f1a-1e55-4246-9cad-70509c8cbd16.contentworkflow.xml, /custom/assets/bundles/01EYVMBV176ZZB9CJ0512TSXQQ/working/System Host/1/content.ff462f88-d9e1-4d31-b084-b73cb61976d3.host.xml, /custom/assets/bundles/01EYVMBV176ZZB9CJ0512TSXQQ/working/System Host/f4d7c1b8-2c88-4071-abf1-a5328977b07d.contentType.json, /custom/assets/bundles/01EYVMBV176ZZB9CJ0512TSXQQ/working/test1613682799019.dotcms.com/18183860-6633-4340-8848-5ef3cfa69e55.containers.container.xml, /custom/assets/bundles/01EYVMBV176ZZB9CJ0512TSXQQ/working/test1613682799019.dotcms.com/38afd18d-0fd8-4418-8951-2e46128cd960.contentType.json, /custom/assets/bundles/01EYVMBV176ZZB9CJ0512TSXQQ/working/test1613682799019.dotcms.com/a5f81030-3080-489a-8790-33dda85287c8.containers.container.xml]
difference [/custom/assets/bundles/01EYVMBV176ZZB9CJ0512TSXQQ/ROOT/bc9a1d37-dd2d-4d49-a29d-0c9be740bfaf.folder.xml, /custom/assets/bundles/01EYVMBV176ZZB9CJ0512TSXQQ/bundle.xml, /custom/assets/bundles/01EYVMBV176ZZB9CJ0512TSXQQ/live/System Host/1/system host.host.xml]

	at org.jgroups.util.Util.assertEquals(Util.java:185)
	at com.dotcms.publishing.PublisherAPIImplTest.publish(PublisherAPIImplTest.java:407)
	at sun.reflect.NativeMethodAccessorImpl.invoke0(Native Method)
	at sun.reflect.NativeMethodAccessorImpl.invoke(NativeMethodAccessorImpl.java:62)
	at sun.reflect.DelegatingMethodAccessorImpl.invoke(DelegatingMethodAccessorImpl.java:43)
	at java.lang.reflect.Method.invoke(Method.java:498)
	at org.junit.runners.model.FrameworkMethod$1.runReflectiveCall(FrameworkMethod.java:50)
	at org.junit.internal.runners.model.ReflectiveCallable.run(ReflectiveCallable.java:12)
	at org.junit.runners.model.FrameworkMethod.invokeExplosively(FrameworkMethod.java:47)
	at com.tngtech.java.junit.dataprovider.DataProviderFrameworkMethod.invokeExplosively(DataProviderFrameworkMethod.java:119)
	at org.junit.internal.runners.statements.InvokeMethod.evaluate(InvokeMethod.java:17)
	at org.junit.rules.TestWatcher$1.evaluate(TestWatcher.java:55)
	at org.junit.rules.RunRules.evaluate(RunRules.java:20)
	at org.junit.runners.ParentRunner.runLeaf(ParentRunner.java:325)
	at com.dotcms.junit.CustomDataProviderRunner.runChild(CustomDataProviderRunner.java:28)
	at com.dotcms.junit.CustomDataProviderRunner.runChild(CustomDataProviderRunner.java:13)
	at org.junit.runners.ParentRunner$3.run(ParentRunner.java:290)
	at org.junit.runners.ParentRunner$1.schedule(ParentRunner.java:71)
	at org.junit.runners.ParentRunner.runChildren(ParentRunner.java:288)
	at org.junit.runners.ParentRunner.access$000(ParentRunner.java:58)
	at org.junit.runners.ParentRunner$2.evaluate(ParentRunner.java:268)
	at org.junit.internal.runners.statements.RunBefores.evaluate(RunBefores.java:26)
	at org.junit.internal.runners.statements.RunAfters.evaluate(RunAfters.java:27)
	at org.junit.runners.ParentRunner.run(ParentRunner.java:363)
	at org.junit.runners.Suite.runChild(Suite.java:128)
	at org.junit.runners.Suite.runChild(Suite.java:27)
	at org.junit.runners.ParentRunner$3.run(ParentRunner.java:290)
	at org.junit.runners.ParentRunner$1.schedule(ParentRunner.java:71)
	at org.junit.runners.ParentRunner.runChildren(ParentRunner.java:288)
	at org.junit.runners.ParentRunner.access$000(ParentRunner.java:58)
	at org.junit.runners.ParentRunner$2.evaluate(ParentRunner.java:268)
	at org.junit.runners.ParentRunner.run(ParentRunner.java:363)
	at org.gradle.api.internal.tasks.testing.junit.JUnitTestClassExecutor.runTestClass(JUnitTestClassExecutor.java:106)
	at org.gradle.api.internal.tasks.testing.junit.JUnitTestClassExecutor.execute(JUnitTestClassExecutor.java:58)
	at org.gradle.api.internal.tasks.testing.junit.JUnitTestClassExecutor.execute(JUnitTestClassExecutor.java:38)
	at org.gradle.api.internal.tasks.testing.junit.AbstractJUnitTestClassProcessor.processTestClass(AbstractJUnitTestClassProcessor.java:66)
	at org.gradle.api.internal.tasks.testing.SuiteTestClassProcessor.processTestClass(SuiteTestClassProcessor.java:51)
	at sun.reflect.NativeMethodAccessorImpl.invoke0(Native Method)
	at sun.reflect.NativeMethodAccessorImpl.invoke(NativeMethodAccessorImpl.java:62)
	at sun.reflect.DelegatingMethodAccessorImpl.invoke(DelegatingMethodAccessorImpl.java:43)
	at java.lang.reflect.Method.invoke(Method.java:498)
	at org.gradle.internal.dispatch.ReflectionDispatch.dispatch(ReflectionDispatch.java:35)
	at org.gradle.internal.dispatch.ReflectionDispatch.dispatch(ReflectionDispatch.java:24)
	at org.gradle.internal.dispatch.ContextClassLoaderDispatch.dispatch(ContextClassLoaderDispatch.java:32)
	at org.gradle.internal.dispatch.ProxyDispatchAdapter$DispatchingInvocationHandler.invoke(ProxyDispatchAdapter.java:93)
	at com.sun.proxy.$Proxy2.processTestClass(Unknown Source)
	at org.gradle.api.internal.tasks.testing.worker.TestWorker.processTestClass(TestWorker.java:117)
	at sun.reflect.NativeMethodAccessorImpl.invoke0(Native Method)
	at sun.reflect.NativeMethodAccessorImpl.invoke(NativeMethodAccessorImpl.java:62)
	at sun.reflect.DelegatingMethodAccessorImpl.invoke(DelegatingMethodAccessorImpl.java:43)
	at java.lang.reflect.Method.invoke(Method.java:498)
	at org.gradle.internal.dispatch.ReflectionDispatch.dispatch(ReflectionDispatch.java:35)
	at org.gradle.internal.dispatch.ReflectionDispatch.dispatch(ReflectionDispatch.java:24)
	at org.gradle.internal.remote.internal.hub.MessageHubBackedObjectConnection$DispatchWrapper.dispatch(MessageHubBackedObjectConnection.java:155)
	at org.gradle.internal.remote.internal.hub.MessageHubBackedObjectConnection$DispatchWrapper.dispatch(MessageHubBackedObjectConnection.java:137)
	at org.gradle.internal.remote.internal.hub.MessageHub$Handler.run(MessageHub.java:404)
	at org.gradle.internal.concurrent.ExecutorPolicy$CatchAndRecordFailures.onExecute(ExecutorPolicy.java:63)
	at org.gradle.internal.concurrent.ManagedExecutorImpl$1.run(ManagedExecutorImpl.java:46)
	at java.util.concurrent.ThreadPoolExecutor.runWorker(ThreadPoolExecutor.java:1149)
	at java.util.concurrent.ThreadPoolExecutor$Worker.run(ThreadPoolExecutor.java:624)
	at org.gradle.internal.concurrent.ThreadFactoryImpl$ManagedThreadRunnable.run(ThreadFactoryImpl.java:55)
	at java.lang.Thread.run(Thread.java:748)
</pre>
</span>
</div>
<div class="test">
<a name="publish[2: com.dotcms.publishing.PublisherAPIImplTest$TestCase@c6c92af]"></a>
<h3 class="failures">publish[2: com.dotcms.publishing.PublisherAPIImplTest$TestCase@c6c92af]</h3>
<span class="code">
<pre>java.lang.AssertionError: Expected 21 but get 23 in /custom/assets/bundles/01EYVMBV57F90Q78B18NEVA60D
Expected [/custom/assets/bundles/01EYVMBV57F90Q78B18NEVA60D/d61a59e1-a49c-46f2-a929-db2b4bfa88b2.workflow.xml, /custom/assets/bundles/01EYVMBV57F90Q78B18NEVA60D/working/System Host/1/3-content.e798fadb-0df7-46a7-80ef-c2638a5f3814.content.xml, /custom/assets/bundles/01EYVMBV57F90Q78B18NEVA60D/working/test1613682799950.dotcms.com/8116f2a7-766a-4dd5-b33c-d44fde492e2c.contentType.json, /custom/assets/bundles/01EYVMBV57F90Q78B18NEVA60D/live/default/1613684989926/0-content.5b4f6053-78c8-4601-bc3d-d0478c778511.content.xml, /custom/assets/bundles/01EYVMBV57F90Q78B18NEVA60D/live/default/eee817bb-70c4-43e3-a565-706bab25906b.rule.xml, /custom/assets/bundles/01EYVMBV57F90Q78B18NEVA60D/live/System Host/1/732a2f1a-1e55-4246-9cad-70509c8cbd16.contentworkflow.xml, /custom/assets/bundles/01EYVMBV57F90Q78B18NEVA60D/live/System Host/1613684989926properties, /custom/assets/bundles/01EYVMBV57F90Q78B18NEVA60D/live/System Host/1/1-content.e798fadb-0df7-46a7-80ef-c2638a5f3814.content.xml, /custom/assets/bundles/01EYVMBV57F90Q78B18NEVA60D/working/System Host/f4d7c1b8-2c88-4071-abf1-a5328977b07d.contentType.json, /custom/assets/bundles/01EYVMBV57F90Q78B18NEVA60D/live/System Host/1properties, /custom/assets/bundles/01EYVMBV57F90Q78B18NEVA60D/working/System Host/1/content.ff462f88-d9e1-4d31-b084-b73cb61976d3.host.xml, /custom/assets/bundles/01EYVMBV57F90Q78B18NEVA60D/working/System Host/1/732a2f1a-1e55-4246-9cad-70509c8cbd16.contentworkflow.xml, /custom/assets/bundles/01EYVMBV57F90Q78B18NEVA60D/live/System Host/1/content.ff462f88-d9e1-4d31-b084-b73cb61976d3.host.xml, /custom/assets/bundles/01EYVMBV57F90Q78B18NEVA60D/live/System Host/1/2-content.6533e62e-e14e-42c1-9d83-046693190f44.content.xml, /custom/assets/bundles/01EYVMBV57F90Q78B18NEVA60D/live/System Host/1/content.97b2f6a0-08a7-4710-999d-f89751f16d3b.host.xml, /custom/assets/bundles/01EYVMBV57F90Q78B18NEVA60D/live/System Host/en_US.language.xml, /custom/assets/bundles/01EYVMBV57F90Q78B18NEVA60D/live/default/1613684989926/5199800b-d29c-4fa5-b16b-827ee8c7fd2e.contentworkflow.xml, /custom/assets/bundles/01EYVMBV57F90Q78B18NEVA60D/live/System Host/1/b6c91117-e27c-4e90-a878-4c96e1555f9d.contentworkflow.xml, /custom/assets/bundles/01EYVMBV57F90Q78B18NEVA60D/working/test1613682799950.dotcms.com/c7df97af-fe53-4b0b-b4c3-7192b19422c7.containers.container.xml, /custom/assets/bundles/01EYVMBV57F90Q78B18NEVA60D/live/System Host/xj_RS.language.xml]
Existing [/custom/assets/bundles/01EYVMBV57F90Q78B18NEVA60D/ROOT/bc9a1d37-dd2d-4d49-a29d-0c9be740bfaf.folder.xml, /custom/assets/bundles/01EYVMBV57F90Q78B18NEVA60D/bundle.xml, /custom/assets/bundles/01EYVMBV57F90Q78B18NEVA60D/d61a59e1-a49c-46f2-a929-db2b4bfa88b2.workflow.xml, /custom/assets/bundles/01EYVMBV57F90Q78B18NEVA60D/live/System Host/1/1-content.e798fadb-0df7-46a7-80ef-c2638a5f3814.content.xml, /custom/assets/bundles/01EYVMBV57F90Q78B18NEVA60D/live/System Host/1/2-content.6533e62e-e14e-42c1-9d83-046693190f44.content.xml, /custom/assets/bundles/01EYVMBV57F90Q78B18NEVA60D/live/System Host/1/732a2f1a-1e55-4246-9cad-70509c8cbd16.contentworkflow.xml, /custom/assets/bundles/01EYVMBV57F90Q78B18NEVA60D/live/System Host/1/b6c91117-e27c-4e90-a878-4c96e1555f9d.contentworkflow.xml, /custom/assets/bundles/01EYVMBV57F90Q78B18NEVA60D/live/System Host/1/content.97b2f6a0-08a7-4710-999d-f89751f16d3b.host.xml, /custom/assets/bundles/01EYVMBV57F90Q78B18NEVA60D/live/System Host/1/content.ff462f88-d9e1-4d31-b084-b73cb61976d3.host.xml, /custom/assets/bundles/01EYVMBV57F90Q78B18NEVA60D/live/System Host/1/system host.host.xml, /custom/assets/bundles/01EYVMBV57F90Q78B18NEVA60D/live/System Host/1613684989926properties, /custom/assets/bundles/01EYVMBV57F90Q78B18NEVA60D/live/System Host/1properties, /custom/assets/bundles/01EYVMBV57F90Q78B18NEVA60D/live/System Host/en_US.language.xml, /custom/assets/bundles/01EYVMBV57F90Q78B18NEVA60D/live/System Host/xj_RS.language.xml, /custom/assets/bundles/01EYVMBV57F90Q78B18NEVA60D/live/default/1613684989926/0-content.5b4f6053-78c8-4601-bc3d-d0478c778511.content.xml, /custom/assets/bundles/01EYVMBV57F90Q78B18NEVA60D/live/default/1613684989926/5199800b-d29c-4fa5-b16b-827ee8c7fd2e.contentworkflow.xml, /custom/assets/bundles/01EYVMBV57F90Q78B18NEVA60D/live/default/eee817bb-70c4-43e3-a565-706bab25906b.rule.xml, /custom/assets/bundles/01EYVMBV57F90Q78B18NEVA60D/working/System Host/1/3-content.e798fadb-0df7-46a7-80ef-c2638a5f3814.content.xml, /custom/assets/bundles/01EYVMBV57F90Q78B18NEVA60D/working/System Host/1/732a2f1a-1e55-4246-9cad-70509c8cbd16.contentworkflow.xml, /custom/assets/bundles/01EYVMBV57F90Q78B18NEVA60D/working/System Host/1/content.ff462f88-d9e1-4d31-b084-b73cb61976d3.host.xml, /custom/assets/bundles/01EYVMBV57F90Q78B18NEVA60D/working/System Host/f4d7c1b8-2c88-4071-abf1-a5328977b07d.contentType.json, /custom/assets/bundles/01EYVMBV57F90Q78B18NEVA60D/working/test1613682799950.dotcms.com/8116f2a7-766a-4dd5-b33c-d44fde492e2c.contentType.json, /custom/assets/bundles/01EYVMBV57F90Q78B18NEVA60D/working/test1613682799950.dotcms.com/c7df97af-fe53-4b0b-b4c3-7192b19422c7.containers.container.xml]
difference [/custom/assets/bundles/01EYVMBV57F90Q78B18NEVA60D/ROOT/bc9a1d37-dd2d-4d49-a29d-0c9be740bfaf.folder.xml, /custom/assets/bundles/01EYVMBV57F90Q78B18NEVA60D/bundle.xml, /custom/assets/bundles/01EYVMBV57F90Q78B18NEVA60D/live/System Host/1/system host.host.xml]

	at org.jgroups.util.Util.assertEquals(Util.java:185)
	at com.dotcms.publishing.PublisherAPIImplTest.publish(PublisherAPIImplTest.java:407)
	at sun.reflect.NativeMethodAccessorImpl.invoke0(Native Method)
	at sun.reflect.NativeMethodAccessorImpl.invoke(NativeMethodAccessorImpl.java:62)
	at sun.reflect.DelegatingMethodAccessorImpl.invoke(DelegatingMethodAccessorImpl.java:43)
	at java.lang.reflect.Method.invoke(Method.java:498)
	at org.junit.runners.model.FrameworkMethod$1.runReflectiveCall(FrameworkMethod.java:50)
	at org.junit.internal.runners.model.ReflectiveCallable.run(ReflectiveCallable.java:12)
	at org.junit.runners.model.FrameworkMethod.invokeExplosively(FrameworkMethod.java:47)
	at com.tngtech.java.junit.dataprovider.DataProviderFrameworkMethod.invokeExplosively(DataProviderFrameworkMethod.java:119)
	at org.junit.internal.runners.statements.InvokeMethod.evaluate(InvokeMethod.java:17)
	at org.junit.rules.TestWatcher$1.evaluate(TestWatcher.java:55)
	at org.junit.rules.RunRules.evaluate(RunRules.java:20)
	at org.junit.runners.ParentRunner.runLeaf(ParentRunner.java:325)
	at com.dotcms.junit.CustomDataProviderRunner.runChild(CustomDataProviderRunner.java:28)
	at com.dotcms.junit.CustomDataProviderRunner.runChild(CustomDataProviderRunner.java:13)
	at org.junit.runners.ParentRunner$3.run(ParentRunner.java:290)
	at org.junit.runners.ParentRunner$1.schedule(ParentRunner.java:71)
	at org.junit.runners.ParentRunner.runChildren(ParentRunner.java:288)
	at org.junit.runners.ParentRunner.access$000(ParentRunner.java:58)
	at org.junit.runners.ParentRunner$2.evaluate(ParentRunner.java:268)
	at org.junit.internal.runners.statements.RunBefores.evaluate(RunBefores.java:26)
	at org.junit.internal.runners.statements.RunAfters.evaluate(RunAfters.java:27)
	at org.junit.runners.ParentRunner.run(ParentRunner.java:363)
	at org.junit.runners.Suite.runChild(Suite.java:128)
	at org.junit.runners.Suite.runChild(Suite.java:27)
	at org.junit.runners.ParentRunner$3.run(ParentRunner.java:290)
	at org.junit.runners.ParentRunner$1.schedule(ParentRunner.java:71)
	at org.junit.runners.ParentRunner.runChildren(ParentRunner.java:288)
	at org.junit.runners.ParentRunner.access$000(ParentRunner.java:58)
	at org.junit.runners.ParentRunner$2.evaluate(ParentRunner.java:268)
	at org.junit.runners.ParentRunner.run(ParentRunner.java:363)
	at org.gradle.api.internal.tasks.testing.junit.JUnitTestClassExecutor.runTestClass(JUnitTestClassExecutor.java:106)
	at org.gradle.api.internal.tasks.testing.junit.JUnitTestClassExecutor.execute(JUnitTestClassExecutor.java:58)
	at org.gradle.api.internal.tasks.testing.junit.JUnitTestClassExecutor.execute(JUnitTestClassExecutor.java:38)
	at org.gradle.api.internal.tasks.testing.junit.AbstractJUnitTestClassProcessor.processTestClass(AbstractJUnitTestClassProcessor.java:66)
	at org.gradle.api.internal.tasks.testing.SuiteTestClassProcessor.processTestClass(SuiteTestClassProcessor.java:51)
	at sun.reflect.NativeMethodAccessorImpl.invoke0(Native Method)
	at sun.reflect.NativeMethodAccessorImpl.invoke(NativeMethodAccessorImpl.java:62)
	at sun.reflect.DelegatingMethodAccessorImpl.invoke(DelegatingMethodAccessorImpl.java:43)
	at java.lang.reflect.Method.invoke(Method.java:498)
	at org.gradle.internal.dispatch.ReflectionDispatch.dispatch(ReflectionDispatch.java:35)
	at org.gradle.internal.dispatch.ReflectionDispatch.dispatch(ReflectionDispatch.java:24)
	at org.gradle.internal.dispatch.ContextClassLoaderDispatch.dispatch(ContextClassLoaderDispatch.java:32)
	at org.gradle.internal.dispatch.ProxyDispatchAdapter$DispatchingInvocationHandler.invoke(ProxyDispatchAdapter.java:93)
	at com.sun.proxy.$Proxy2.processTestClass(Unknown Source)
	at org.gradle.api.internal.tasks.testing.worker.TestWorker.processTestClass(TestWorker.java:117)
	at sun.reflect.NativeMethodAccessorImpl.invoke0(Native Method)
	at sun.reflect.NativeMethodAccessorImpl.invoke(NativeMethodAccessorImpl.java:62)
	at sun.reflect.DelegatingMethodAccessorImpl.invoke(DelegatingMethodAccessorImpl.java:43)
	at java.lang.reflect.Method.invoke(Method.java:498)
	at org.gradle.internal.dispatch.ReflectionDispatch.dispatch(ReflectionDispatch.java:35)
	at org.gradle.internal.dispatch.ReflectionDispatch.dispatch(ReflectionDispatch.java:24)
	at org.gradle.internal.remote.internal.hub.MessageHubBackedObjectConnection$DispatchWrapper.dispatch(MessageHubBackedObjectConnection.java:155)
	at org.gradle.internal.remote.internal.hub.MessageHubBackedObjectConnection$DispatchWrapper.dispatch(MessageHubBackedObjectConnection.java:137)
	at org.gradle.internal.remote.internal.hub.MessageHub$Handler.run(MessageHub.java:404)
	at org.gradle.internal.concurrent.ExecutorPolicy$CatchAndRecordFailures.onExecute(ExecutorPolicy.java:63)
	at org.gradle.internal.concurrent.ManagedExecutorImpl$1.run(ManagedExecutorImpl.java:46)
	at java.util.concurrent.ThreadPoolExecutor.runWorker(ThreadPoolExecutor.java:1149)
	at java.util.concurrent.ThreadPoolExecutor$Worker.run(ThreadPoolExecutor.java:624)
	at org.gradle.internal.concurrent.ThreadFactoryImpl$ManagedThreadRunnable.run(ThreadFactoryImpl.java:55)
	at java.lang.Thread.run(Thread.java:748)
</pre>
</span>
</div>
<div class="test">
<a name="publish[3: com.dotcms.publishing.PublisherAPIImplTest$TestCase@432c4829]"></a>
<h3 class="failures">publish[3: com.dotcms.publishing.PublisherAPIImplTest$TestCase@432c4829]</h3>
<span class="code">
<pre>java.lang.AssertionError: Expected 31 but get 33 in /custom/assets/bundles/01EYVMBV88RPWTBV44552M87VD
Expected [/custom/assets/bundles/01EYVMBV88RPWTBV44552M87VD/live/default/1613684989926/0-content.5b4f6053-78c8-4601-bc3d-d0478c778511.content.xml, /custom/assets/bundles/01EYVMBV88RPWTBV44552M87VD/live/System Host/1/content.ff462f88-d9e1-4d31-b084-b73cb61976d3.host.xml, /custom/assets/bundles/01EYVMBV88RPWTBV44552M87VD/working/System Host/33888b6f-7a8e-4069-b1b6-5c1aa9d0a48d.contentType.json, /custom/assets/bundles/01EYVMBV88RPWTBV44552M87VD/live/System Host/1/content.779fb2a3-efe5-4f08-b185-6e58a6896877.host.xml, /custom/assets/bundles/01EYVMBV88RPWTBV44552M87VD/live/default/eee817bb-70c4-43e3-a565-706bab25906b.rule.xml, /custom/assets/bundles/01EYVMBV88RPWTBV44552M87VD/working/test1613682800973.dotcms.com/testName1613682801938/testName1613682801943/3e350e02-0c09-43a9-885c-5b2022578c31.link.xml, /custom/assets/bundles/01EYVMBV88RPWTBV44552M87VD/working/test1613682800973.dotcms.com/1/5-6ecf0244-09a1-4305-9dd5-fb01d72fcd69.content.xml, /custom/assets/bundles/01EYVMBV88RPWTBV44552M87VD/live/System Host/xj_RS.language.xml, /custom/assets/bundles/01EYVMBV88RPWTBV44552M87VD/working/test1613682800973.dotcms.com/1/1ba019c8-b4bc-4e5b-943a-78edc40842d1.contentworkflow.xml, /custom/assets/bundles/01EYVMBV88RPWTBV44552M87VD/live/System Host/1/732a2f1a-1e55-4246-9cad-70509c8cbd16.contentworkflow.xml, /custom/assets/bundles/01EYVMBV88RPWTBV44552M87VD/working/test1613682800973.dotcms.com/8cbf2ed4-9c80-4847-8466-5baf97913197.contentType.json, /custom/assets/bundles/01EYVMBV88RPWTBV44552M87VD/live/System Host/1/3-content.6533e62e-e14e-42c1-9d83-046693190f44.content.xml, /custom/assets/bundles/01EYVMBV88RPWTBV44552M87VD/working/System Host/f4d7c1b8-2c88-4071-abf1-a5328977b07d.contentType.json, /custom/assets/bundles/01EYVMBV88RPWTBV44552M87VD/live/System Host/1properties, /custom/assets/bundles/01EYVMBV88RPWTBV44552M87VD/working/test1613682800973.dotcms.com/1/1-18f0c7bf-c38f-41a9-b400-a6f262d425cb.content.xml, /custom/assets/bundles/01EYVMBV88RPWTBV44552M87VD/live/System Host/en_US.language.xml, /custom/assets/bundles/01EYVMBV88RPWTBV44552M87VD/working/System Host/1/732a2f1a-1e55-4246-9cad-70509c8cbd16.contentworkflow.xml, /custom/assets/bundles/01EYVMBV88RPWTBV44552M87VD/ROOT/testName1613682801938/b64dd764-cd2f-4ab2-a236-4105cb733988.folder.xml, /custom/assets/bundles/01EYVMBV88RPWTBV44552M87VD/working/System Host/1/4-content.e798fadb-0df7-46a7-80ef-c2638a5f3814.content.xml, /custom/assets/bundles/01EYVMBV88RPWTBV44552M87VD/live/System Host/1/b6c91117-e27c-4e90-a878-4c96e1555f9d.contentworkflow.xml, /custom/assets/bundles/01EYVMBV88RPWTBV44552M87VD/assets/6/e/6ecf0244-09a1-4305-9dd5-fb01d72fcd69/fileAsset/test.jpg, /custom/assets/bundles/01EYVMBV88RPWTBV44552M87VD/live/System Host/1613684989926properties, /custom/assets/bundles/01EYVMBV88RPWTBV44552M87VD/assets/1/8/18f0c7bf-c38f-41a9-b400-a6f262d425cb/fileAsset/test.jpg, /custom/assets/bundles/01EYVMBV88RPWTBV44552M87VD/ROOT/testName1613682801938/testName1613682801943/d762abbc-9348-4eb4-b4e9-bdffa8215df3.folder.xml, /custom/assets/bundles/01EYVMBV88RPWTBV44552M87VD/working/test1613682800973.dotcms.com/1/b190bcdd-cc30-43a7-9ffc-85b8ce9ddaa6.contentworkflow.xml, /custom/assets/bundles/01EYVMBV88RPWTBV44552M87VD/working/System Host/1/content.ff462f88-d9e1-4d31-b084-b73cb61976d3.host.xml, /custom/assets/bundles/01EYVMBV88RPWTBV44552M87VD/live/System Host/1/2-content.e798fadb-0df7-46a7-80ef-c2638a5f3814.content.xml, /custom/assets/bundles/01EYVMBV88RPWTBV44552M87VD/d61a59e1-a49c-46f2-a929-db2b4bfa88b2.workflow.xml, /custom/assets/bundles/01EYVMBV88RPWTBV44552M87VD/ROOT/7e0d8edb-2c8b-4034-b530-8870d5087042.folder.xml, /custom/assets/bundles/01EYVMBV88RPWTBV44552M87VD/live/default/1613684989926/5199800b-d29c-4fa5-b16b-827ee8c7fd2e.contentworkflow.xml]
Existing [/custom/assets/bundles/01EYVMBV88RPWTBV44552M87VD/ROOT/7e0d8edb-2c8b-4034-b530-8870d5087042.folder.xml, /custom/assets/bundles/01EYVMBV88RPWTBV44552M87VD/ROOT/bc9a1d37-dd2d-4d49-a29d-0c9be740bfaf.folder.xml, /custom/assets/bundles/01EYVMBV88RPWTBV44552M87VD/ROOT/testName1613682801938/b64dd764-cd2f-4ab2-a236-4105cb733988.folder.xml, /custom/assets/bundles/01EYVMBV88RPWTBV44552M87VD/ROOT/testName1613682801938/testName1613682801943/d762abbc-9348-4eb4-b4e9-bdffa8215df3.folder.xml, /custom/assets/bundles/01EYVMBV88RPWTBV44552M87VD/assets/1/8/18f0c7bf-c38f-41a9-b400-a6f262d425cb/fileAsset/test.jpg, /custom/assets/bundles/01EYVMBV88RPWTBV44552M87VD/assets/6/e/6ecf0244-09a1-4305-9dd5-fb01d72fcd69/fileAsset/test.jpg, /custom/assets/bundles/01EYVMBV88RPWTBV44552M87VD/bundle.xml, /custom/assets/bundles/01EYVMBV88RPWTBV44552M87VD/d61a59e1-a49c-46f2-a929-db2b4bfa88b2.workflow.xml, /custom/assets/bundles/01EYVMBV88RPWTBV44552M87VD/live/System Host/1/2-content.e798fadb-0df7-46a7-80ef-c2638a5f3814.content.xml, /custom/assets/bundles/01EYVMBV88RPWTBV44552M87VD/live/System Host/1/3-content.6533e62e-e14e-42c1-9d83-046693190f44.content.xml, /custom/assets/bundles/01EYVMBV88RPWTBV44552M87VD/live/System Host/1/732a2f1a-1e55-4246-9cad-70509c8cbd16.contentworkflow.xml, /custom/assets/bundles/01EYVMBV88RPWTBV44552M87VD/live/System Host/1/b6c91117-e27c-4e90-a878-4c96e1555f9d.contentworkflow.xml, /custom/assets/bundles/01EYVMBV88RPWTBV44552M87VD/live/System Host/1/content.779fb2a3-efe5-4f08-b185-6e58a6896877.host.xml, /custom/assets/bundles/01EYVMBV88RPWTBV44552M87VD/live/System Host/1/content.ff462f88-d9e1-4d31-b084-b73cb61976d3.host.xml, /custom/assets/bundles/01EYVMBV88RPWTBV44552M87VD/live/System Host/1/system host.host.xml, /custom/assets/bundles/01EYVMBV88RPWTBV44552M87VD/live/System Host/1613684989926properties, /custom/assets/bundles/01EYVMBV88RPWTBV44552M87VD/live/System Host/1properties, /custom/assets/bundles/01EYVMBV88RPWTBV44552M87VD/live/System Host/en_US.language.xml, /custom/assets/bundles/01EYVMBV88RPWTBV44552M87VD/live/System Host/xj_RS.language.xml, /custom/assets/bundles/01EYVMBV88RPWTBV44552M87VD/live/default/1613684989926/0-content.5b4f6053-78c8-4601-bc3d-d0478c778511.content.xml, /custom/assets/bundles/01EYVMBV88RPWTBV44552M87VD/live/default/1613684989926/5199800b-d29c-4fa5-b16b-827ee8c7fd2e.contentworkflow.xml, /custom/assets/bundles/01EYVMBV88RPWTBV44552M87VD/live/default/eee817bb-70c4-43e3-a565-706bab25906b.rule.xml, /custom/assets/bundles/01EYVMBV88RPWTBV44552M87VD/working/System Host/1/4-content.e798fadb-0df7-46a7-80ef-c2638a5f3814.content.xml, /custom/assets/bundles/01EYVMBV88RPWTBV44552M87VD/working/System Host/1/732a2f1a-1e55-4246-9cad-70509c8cbd16.contentworkflow.xml, /custom/assets/bundles/01EYVMBV88RPWTBV44552M87VD/working/System Host/1/content.ff462f88-d9e1-4d31-b084-b73cb61976d3.host.xml, /custom/assets/bundles/01EYVMBV88RPWTBV44552M87VD/working/System Host/33888b6f-7a8e-4069-b1b6-5c1aa9d0a48d.contentType.json, /custom/assets/bundles/01EYVMBV88RPWTBV44552M87VD/working/System Host/f4d7c1b8-2c88-4071-abf1-a5328977b07d.contentType.json, /custom/assets/bundles/01EYVMBV88RPWTBV44552M87VD/working/test1613682800973.dotcms.com/1/1-18f0c7bf-c38f-41a9-b400-a6f262d425cb.content.xml, /custom/assets/bundles/01EYVMBV88RPWTBV44552M87VD/working/test1613682800973.dotcms.com/1/1ba019c8-b4bc-4e5b-943a-78edc40842d1.contentworkflow.xml, /custom/assets/bundles/01EYVMBV88RPWTBV44552M87VD/working/test1613682800973.dotcms.com/1/5-6ecf0244-09a1-4305-9dd5-fb01d72fcd69.content.xml, /custom/assets/bundles/01EYVMBV88RPWTBV44552M87VD/working/test1613682800973.dotcms.com/1/b190bcdd-cc30-43a7-9ffc-85b8ce9ddaa6.contentworkflow.xml, /custom/assets/bundles/01EYVMBV88RPWTBV44552M87VD/working/test1613682800973.dotcms.com/8cbf2ed4-9c80-4847-8466-5baf97913197.contentType.json, /custom/assets/bundles/01EYVMBV88RPWTBV44552M87VD/working/test1613682800973.dotcms.com/testName1613682801938/testName1613682801943/3e350e02-0c09-43a9-885c-5b2022578c31.link.xml]
difference [/custom/assets/bundles/01EYVMBV88RPWTBV44552M87VD/ROOT/bc9a1d37-dd2d-4d49-a29d-0c9be740bfaf.folder.xml, /custom/assets/bundles/01EYVMBV88RPWTBV44552M87VD/bundle.xml, /custom/assets/bundles/01EYVMBV88RPWTBV44552M87VD/live/System Host/1/system host.host.xml]

	at org.jgroups.util.Util.assertEquals(Util.java:185)
	at com.dotcms.publishing.PublisherAPIImplTest.publish(PublisherAPIImplTest.java:407)
	at sun.reflect.NativeMethodAccessorImpl.invoke0(Native Method)
	at sun.reflect.NativeMethodAccessorImpl.invoke(NativeMethodAccessorImpl.java:62)
	at sun.reflect.DelegatingMethodAccessorImpl.invoke(DelegatingMethodAccessorImpl.java:43)
	at java.lang.reflect.Method.invoke(Method.java:498)
	at org.junit.runners.model.FrameworkMethod$1.runReflectiveCall(FrameworkMethod.java:50)
	at org.junit.internal.runners.model.ReflectiveCallable.run(ReflectiveCallable.java:12)
	at org.junit.runners.model.FrameworkMethod.invokeExplosively(FrameworkMethod.java:47)
	at com.tngtech.java.junit.dataprovider.DataProviderFrameworkMethod.invokeExplosively(DataProviderFrameworkMethod.java:119)
	at org.junit.internal.runners.statements.InvokeMethod.evaluate(InvokeMethod.java:17)
	at org.junit.rules.TestWatcher$1.evaluate(TestWatcher.java:55)
	at org.junit.rules.RunRules.evaluate(RunRules.java:20)
	at org.junit.runners.ParentRunner.runLeaf(ParentRunner.java:325)
	at com.dotcms.junit.CustomDataProviderRunner.runChild(CustomDataProviderRunner.java:28)
	at com.dotcms.junit.CustomDataProviderRunner.runChild(CustomDataProviderRunner.java:13)
	at org.junit.runners.ParentRunner$3.run(ParentRunner.java:290)
	at org.junit.runners.ParentRunner$1.schedule(ParentRunner.java:71)
	at org.junit.runners.ParentRunner.runChildren(ParentRunner.java:288)
	at org.junit.runners.ParentRunner.access$000(ParentRunner.java:58)
	at org.junit.runners.ParentRunner$2.evaluate(ParentRunner.java:268)
	at org.junit.internal.runners.statements.RunBefores.evaluate(RunBefores.java:26)
	at org.junit.internal.runners.statements.RunAfters.evaluate(RunAfters.java:27)
	at org.junit.runners.ParentRunner.run(ParentRunner.java:363)
	at org.junit.runners.Suite.runChild(Suite.java:128)
	at org.junit.runners.Suite.runChild(Suite.java:27)
	at org.junit.runners.ParentRunner$3.run(ParentRunner.java:290)
	at org.junit.runners.ParentRunner$1.schedule(ParentRunner.java:71)
	at org.junit.runners.ParentRunner.runChildren(ParentRunner.java:288)
	at org.junit.runners.ParentRunner.access$000(ParentRunner.java:58)
	at org.junit.runners.ParentRunner$2.evaluate(ParentRunner.java:268)
	at org.junit.runners.ParentRunner.run(ParentRunner.java:363)
	at org.gradle.api.internal.tasks.testing.junit.JUnitTestClassExecutor.runTestClass(JUnitTestClassExecutor.java:106)
	at org.gradle.api.internal.tasks.testing.junit.JUnitTestClassExecutor.execute(JUnitTestClassExecutor.java:58)
	at org.gradle.api.internal.tasks.testing.junit.JUnitTestClassExecutor.execute(JUnitTestClassExecutor.java:38)
	at org.gradle.api.internal.tasks.testing.junit.AbstractJUnitTestClassProcessor.processTestClass(AbstractJUnitTestClassProcessor.java:66)
	at org.gradle.api.internal.tasks.testing.SuiteTestClassProcessor.processTestClass(SuiteTestClassProcessor.java:51)
	at sun.reflect.NativeMethodAccessorImpl.invoke0(Native Method)
	at sun.reflect.NativeMethodAccessorImpl.invoke(NativeMethodAccessorImpl.java:62)
	at sun.reflect.DelegatingMethodAccessorImpl.invoke(DelegatingMethodAccessorImpl.java:43)
	at java.lang.reflect.Method.invoke(Method.java:498)
	at org.gradle.internal.dispatch.ReflectionDispatch.dispatch(ReflectionDispatch.java:35)
	at org.gradle.internal.dispatch.ReflectionDispatch.dispatch(ReflectionDispatch.java:24)
	at org.gradle.internal.dispatch.ContextClassLoaderDispatch.dispatch(ContextClassLoaderDispatch.java:32)
	at org.gradle.internal.dispatch.ProxyDispatchAdapter$DispatchingInvocationHandler.invoke(ProxyDispatchAdapter.java:93)
	at com.sun.proxy.$Proxy2.processTestClass(Unknown Source)
	at org.gradle.api.internal.tasks.testing.worker.TestWorker.processTestClass(TestWorker.java:117)
	at sun.reflect.NativeMethodAccessorImpl.invoke0(Native Method)
	at sun.reflect.NativeMethodAccessorImpl.invoke(NativeMethodAccessorImpl.java:62)
	at sun.reflect.DelegatingMethodAccessorImpl.invoke(DelegatingMethodAccessorImpl.java:43)
	at java.lang.reflect.Method.invoke(Method.java:498)
	at org.gradle.internal.dispatch.ReflectionDispatch.dispatch(ReflectionDispatch.java:35)
	at org.gradle.internal.dispatch.ReflectionDispatch.dispatch(ReflectionDispatch.java:24)
	at org.gradle.internal.remote.internal.hub.MessageHubBackedObjectConnection$DispatchWrapper.dispatch(MessageHubBackedObjectConnection.java:155)
	at org.gradle.internal.remote.internal.hub.MessageHubBackedObjectConnection$DispatchWrapper.dispatch(MessageHubBackedObjectConnection.java:137)
	at org.gradle.internal.remote.internal.hub.MessageHub$Handler.run(MessageHub.java:404)
	at org.gradle.internal.concurrent.ExecutorPolicy$CatchAndRecordFailures.onExecute(ExecutorPolicy.java:63)
	at org.gradle.internal.concurrent.ManagedExecutorImpl$1.run(ManagedExecutorImpl.java:46)
	at java.util.concurrent.ThreadPoolExecutor.runWorker(ThreadPoolExecutor.java:1149)
	at java.util.concurrent.ThreadPoolExecutor$Worker.run(ThreadPoolExecutor.java:624)
	at org.gradle.internal.concurrent.ThreadFactoryImpl$ManagedThreadRunnable.run(ThreadFactoryImpl.java:55)
	at java.lang.Thread.run(Thread.java:748)
</pre>
</span>
</div>
<div class="test">
<a name="publish[4: com.dotcms.publishing.PublisherAPIImplTest$TestCase@1caeac26]"></a>
<h3 class="failures">publish[4: com.dotcms.publishing.PublisherAPIImplTest$TestCase@1caeac26]</h3>
<span class="code">
<pre>java.lang.AssertionError: Expected 28 but get 30 in /custom/assets/bundles/01EYVMBVDWV3P3HG09YA0PRA7Z
Expected [/custom/assets/bundles/01EYVMBVDWV3P3HG09YA0PRA7Z/live/System Host/xj_RS.language.xml, /custom/assets/bundles/01EYVMBVDWV3P3HG09YA0PRA7Z/working/System Host/33888b6f-7a8e-4069-b1b6-5c1aa9d0a48d.contentType.json, /custom/assets/bundles/01EYVMBVDWV3P3HG09YA0PRA7Z/working/test1613682802245.dotcms.com/44f420cf-53ad-4c90-be2c-a7a754e6b1d3.contentType.json, /custom/assets/bundles/01EYVMBVDWV3P3HG09YA0PRA7Z/live/System Host/1/3-content.6533e62e-e14e-42c1-9d83-046693190f44.content.xml, /custom/assets/bundles/01EYVMBVDWV3P3HG09YA0PRA7Z/d61a59e1-a49c-46f2-a929-db2b4bfa88b2.workflow.xml, /custom/assets/bundles/01EYVMBVDWV3P3HG09YA0PRA7Z/working/test1613682802245.dotcms.com/1/1286e748-bb46-421e-88de-8b42a49ec38f.contentworkflow.xml, /custom/assets/bundles/01EYVMBVDWV3P3HG09YA0PRA7Z/live/default/1613684989926/0-content.5b4f6053-78c8-4601-bc3d-d0478c778511.content.xml, /custom/assets/bundles/01EYVMBVDWV3P3HG09YA0PRA7Z/live/System Host/1613684989926properties, /custom/assets/bundles/01EYVMBVDWV3P3HG09YA0PRA7Z/live/System Host/1/2-content.e798fadb-0df7-46a7-80ef-c2638a5f3814.content.xml, /custom/assets/bundles/01EYVMBVDWV3P3HG09YA0PRA7Z/ROOT/1c9ea27e-9692-4c8e-b843-d7f74152ac87.folder.xml, /custom/assets/bundles/01EYVMBVDWV3P3HG09YA0PRA7Z/working/System Host/f4d7c1b8-2c88-4071-abf1-a5328977b07d.contentType.json, /custom/assets/bundles/01EYVMBVDWV3P3HG09YA0PRA7Z/live/default/eee817bb-70c4-43e3-a565-706bab25906b.rule.xml, /custom/assets/bundles/01EYVMBVDWV3P3HG09YA0PRA7Z/live/System Host/1properties, /custom/assets/bundles/01EYVMBVDWV3P3HG09YA0PRA7Z/live/System Host/1/content.ff462f88-d9e1-4d31-b084-b73cb61976d3.host.xml, /custom/assets/bundles/01EYVMBVDWV3P3HG09YA0PRA7Z/live/System Host/1/732a2f1a-1e55-4246-9cad-70509c8cbd16.contentworkflow.xml, /custom/assets/bundles/01EYVMBVDWV3P3HG09YA0PRA7Z/working/test1613682802245.dotcms.com/d37fb80c-5354-45db-b25d-de8c2ce39495.containers.container.xml, /custom/assets/bundles/01EYVMBVDWV3P3HG09YA0PRA7Z/live/System Host/1/content.79383cc4-6c54-4eb6-8f30-899ab964889a.host.xml, /custom/assets/bundles/01EYVMBVDWV3P3HG09YA0PRA7Z/working/System Host/1/content.ff462f88-d9e1-4d31-b084-b73cb61976d3.host.xml, /custom/assets/bundles/01EYVMBVDWV3P3HG09YA0PRA7Z/live/test1613682802245.dotcms.com/e899482d-9ef3-4a94-b308-1e319298a5aa.template.template.xml, /custom/assets/bundles/01EYVMBVDWV3P3HG09YA0PRA7Z/live/System Host/en_US.language.xml, /custom/assets/bundles/01EYVMBVDWV3P3HG09YA0PRA7Z/live/test1613682802245.dotcms.com/37ef52e3-2355-4788-95da-00b0979824c4.rule.xml, /custom/assets/bundles/01EYVMBVDWV3P3HG09YA0PRA7Z/working/test1613682802245.dotcms.com/d7ecc279-5a57-46d1-bd8a-8129ff634079.contentType.json, /custom/assets/bundles/01EYVMBVDWV3P3HG09YA0PRA7Z/live/System Host/1/b6c91117-e27c-4e90-a878-4c96e1555f9d.contentworkflow.xml, /custom/assets/bundles/01EYVMBVDWV3P3HG09YA0PRA7Z/live/default/1613684989926/5199800b-d29c-4fa5-b16b-827ee8c7fd2e.contentworkflow.xml, /custom/assets/bundles/01EYVMBVDWV3P3HG09YA0PRA7Z/working/System Host/1/732a2f1a-1e55-4246-9cad-70509c8cbd16.contentworkflow.xml, /custom/assets/bundles/01EYVMBVDWV3P3HG09YA0PRA7Z/working/System Host/1/4-content.e798fadb-0df7-46a7-80ef-c2638a5f3814.content.xml, /custom/assets/bundles/01EYVMBVDWV3P3HG09YA0PRA7Z/working/test1613682802245.dotcms.com/1/1-content.630405ab-572f-4eb4-bfe3-914e169615b0.content.xml]
Existing [/custom/assets/bundles/01EYVMBVDWV3P3HG09YA0PRA7Z/ROOT/1c9ea27e-9692-4c8e-b843-d7f74152ac87.folder.xml, /custom/assets/bundles/01EYVMBVDWV3P3HG09YA0PRA7Z/ROOT/bc9a1d37-dd2d-4d49-a29d-0c9be740bfaf.folder.xml, /custom/assets/bundles/01EYVMBVDWV3P3HG09YA0PRA7Z/bundle.xml, /custom/assets/bundles/01EYVMBVDWV3P3HG09YA0PRA7Z/d61a59e1-a49c-46f2-a929-db2b4bfa88b2.workflow.xml, /custom/assets/bundles/01EYVMBVDWV3P3HG09YA0PRA7Z/live/System Host/1/2-content.e798fadb-0df7-46a7-80ef-c2638a5f3814.content.xml, /custom/assets/bundles/01EYVMBVDWV3P3HG09YA0PRA7Z/live/System Host/1/3-content.6533e62e-e14e-42c1-9d83-046693190f44.content.xml, /custom/assets/bundles/01EYVMBVDWV3P3HG09YA0PRA7Z/live/System Host/1/732a2f1a-1e55-4246-9cad-70509c8cbd16.contentworkflow.xml, /custom/assets/bundles/01EYVMBVDWV3P3HG09YA0PRA7Z/live/System Host/1/b6c91117-e27c-4e90-a878-4c96e1555f9d.contentworkflow.xml, /custom/assets/bundles/01EYVMBVDWV3P3HG09YA0PRA7Z/live/System Host/1/content.79383cc4-6c54-4eb6-8f30-899ab964889a.host.xml, /custom/assets/bundles/01EYVMBVDWV3P3HG09YA0PRA7Z/live/System Host/1/content.ff462f88-d9e1-4d31-b084-b73cb61976d3.host.xml, /custom/assets/bundles/01EYVMBVDWV3P3HG09YA0PRA7Z/live/System Host/1/system host.host.xml, /custom/assets/bundles/01EYVMBVDWV3P3HG09YA0PRA7Z/live/System Host/1613684989926properties, /custom/assets/bundles/01EYVMBVDWV3P3HG09YA0PRA7Z/live/System Host/1properties, /custom/assets/bundles/01EYVMBVDWV3P3HG09YA0PRA7Z/live/System Host/en_US.language.xml, /custom/assets/bundles/01EYVMBVDWV3P3HG09YA0PRA7Z/live/System Host/xj_RS.language.xml, /custom/assets/bundles/01EYVMBVDWV3P3HG09YA0PRA7Z/live/default/1613684989926/0-content.5b4f6053-78c8-4601-bc3d-d0478c778511.content.xml, /custom/assets/bundles/01EYVMBVDWV3P3HG09YA0PRA7Z/live/default/1613684989926/5199800b-d29c-4fa5-b16b-827ee8c7fd2e.contentworkflow.xml, /custom/assets/bundles/01EYVMBVDWV3P3HG09YA0PRA7Z/live/default/eee817bb-70c4-43e3-a565-706bab25906b.rule.xml, /custom/assets/bundles/01EYVMBVDWV3P3HG09YA0PRA7Z/live/test1613682802245.dotcms.com/37ef52e3-2355-4788-95da-00b0979824c4.rule.xml, /custom/assets/bundles/01EYVMBVDWV3P3HG09YA0PRA7Z/live/test1613682802245.dotcms.com/e899482d-9ef3-4a94-b308-1e319298a5aa.template.template.xml, /custom/assets/bundles/01EYVMBVDWV3P3HG09YA0PRA7Z/working/System Host/1/4-content.e798fadb-0df7-46a7-80ef-c2638a5f3814.content.xml, /custom/assets/bundles/01EYVMBVDWV3P3HG09YA0PRA7Z/working/System Host/1/732a2f1a-1e55-4246-9cad-70509c8cbd16.contentworkflow.xml, /custom/assets/bundles/01EYVMBVDWV3P3HG09YA0PRA7Z/working/System Host/1/content.ff462f88-d9e1-4d31-b084-b73cb61976d3.host.xml, /custom/assets/bundles/01EYVMBVDWV3P3HG09YA0PRA7Z/working/System Host/33888b6f-7a8e-4069-b1b6-5c1aa9d0a48d.contentType.json, /custom/assets/bundles/01EYVMBVDWV3P3HG09YA0PRA7Z/working/System Host/f4d7c1b8-2c88-4071-abf1-a5328977b07d.contentType.json, /custom/assets/bundles/01EYVMBVDWV3P3HG09YA0PRA7Z/working/test1613682802245.dotcms.com/1/1-content.630405ab-572f-4eb4-bfe3-914e169615b0.content.xml, /custom/assets/bundles/01EYVMBVDWV3P3HG09YA0PRA7Z/working/test1613682802245.dotcms.com/1/1286e748-bb46-421e-88de-8b42a49ec38f.contentworkflow.xml, /custom/assets/bundles/01EYVMBVDWV3P3HG09YA0PRA7Z/working/test1613682802245.dotcms.com/44f420cf-53ad-4c90-be2c-a7a754e6b1d3.contentType.json, /custom/assets/bundles/01EYVMBVDWV3P3HG09YA0PRA7Z/working/test1613682802245.dotcms.com/d37fb80c-5354-45db-b25d-de8c2ce39495.containers.container.xml, /custom/assets/bundles/01EYVMBVDWV3P3HG09YA0PRA7Z/working/test1613682802245.dotcms.com/d7ecc279-5a57-46d1-bd8a-8129ff634079.contentType.json]
difference [/custom/assets/bundles/01EYVMBVDWV3P3HG09YA0PRA7Z/ROOT/bc9a1d37-dd2d-4d49-a29d-0c9be740bfaf.folder.xml, /custom/assets/bundles/01EYVMBVDWV3P3HG09YA0PRA7Z/bundle.xml, /custom/assets/bundles/01EYVMBVDWV3P3HG09YA0PRA7Z/live/System Host/1/system host.host.xml]

	at org.jgroups.util.Util.assertEquals(Util.java:185)
	at com.dotcms.publishing.PublisherAPIImplTest.publish(PublisherAPIImplTest.java:407)
	at sun.reflect.NativeMethodAccessorImpl.invoke0(Native Method)
	at sun.reflect.NativeMethodAccessorImpl.invoke(NativeMethodAccessorImpl.java:62)
	at sun.reflect.DelegatingMethodAccessorImpl.invoke(DelegatingMethodAccessorImpl.java:43)
	at java.lang.reflect.Method.invoke(Method.java:498)
	at org.junit.runners.model.FrameworkMethod$1.runReflectiveCall(FrameworkMethod.java:50)
	at org.junit.internal.runners.model.ReflectiveCallable.run(ReflectiveCallable.java:12)
	at org.junit.runners.model.FrameworkMethod.invokeExplosively(FrameworkMethod.java:47)
	at com.tngtech.java.junit.dataprovider.DataProviderFrameworkMethod.invokeExplosively(DataProviderFrameworkMethod.java:119)
	at org.junit.internal.runners.statements.InvokeMethod.evaluate(InvokeMethod.java:17)
	at org.junit.rules.TestWatcher$1.evaluate(TestWatcher.java:55)
	at org.junit.rules.RunRules.evaluate(RunRules.java:20)
	at org.junit.runners.ParentRunner.runLeaf(ParentRunner.java:325)
	at com.dotcms.junit.CustomDataProviderRunner.runChild(CustomDataProviderRunner.java:28)
	at com.dotcms.junit.CustomDataProviderRunner.runChild(CustomDataProviderRunner.java:13)
	at org.junit.runners.ParentRunner$3.run(ParentRunner.java:290)
	at org.junit.runners.ParentRunner$1.schedule(ParentRunner.java:71)
	at org.junit.runners.ParentRunner.runChildren(ParentRunner.java:288)
	at org.junit.runners.ParentRunner.access$000(ParentRunner.java:58)
	at org.junit.runners.ParentRunner$2.evaluate(ParentRunner.java:268)
	at org.junit.internal.runners.statements.RunBefores.evaluate(RunBefores.java:26)
	at org.junit.internal.runners.statements.RunAfters.evaluate(RunAfters.java:27)
	at org.junit.runners.ParentRunner.run(ParentRunner.java:363)
	at org.junit.runners.Suite.runChild(Suite.java:128)
	at org.junit.runners.Suite.runChild(Suite.java:27)
	at org.junit.runners.ParentRunner$3.run(ParentRunner.java:290)
	at org.junit.runners.ParentRunner$1.schedule(ParentRunner.java:71)
	at org.junit.runners.ParentRunner.runChildren(ParentRunner.java:288)
	at org.junit.runners.ParentRunner.access$000(ParentRunner.java:58)
	at org.junit.runners.ParentRunner$2.evaluate(ParentRunner.java:268)
	at org.junit.runners.ParentRunner.run(ParentRunner.java:363)
	at org.gradle.api.internal.tasks.testing.junit.JUnitTestClassExecutor.runTestClass(JUnitTestClassExecutor.java:106)
	at org.gradle.api.internal.tasks.testing.junit.JUnitTestClassExecutor.execute(JUnitTestClassExecutor.java:58)
	at org.gradle.api.internal.tasks.testing.junit.JUnitTestClassExecutor.execute(JUnitTestClassExecutor.java:38)
	at org.gradle.api.internal.tasks.testing.junit.AbstractJUnitTestClassProcessor.processTestClass(AbstractJUnitTestClassProcessor.java:66)
	at org.gradle.api.internal.tasks.testing.SuiteTestClassProcessor.processTestClass(SuiteTestClassProcessor.java:51)
	at sun.reflect.NativeMethodAccessorImpl.invoke0(Native Method)
	at sun.reflect.NativeMethodAccessorImpl.invoke(NativeMethodAccessorImpl.java:62)
	at sun.reflect.DelegatingMethodAccessorImpl.invoke(DelegatingMethodAccessorImpl.java:43)
	at java.lang.reflect.Method.invoke(Method.java:498)
	at org.gradle.internal.dispatch.ReflectionDispatch.dispatch(ReflectionDispatch.java:35)
	at org.gradle.internal.dispatch.ReflectionDispatch.dispatch(ReflectionDispatch.java:24)
	at org.gradle.internal.dispatch.ContextClassLoaderDispatch.dispatch(ContextClassLoaderDispatch.java:32)
	at org.gradle.internal.dispatch.ProxyDispatchAdapter$DispatchingInvocationHandler.invoke(ProxyDispatchAdapter.java:93)
	at com.sun.proxy.$Proxy2.processTestClass(Unknown Source)
	at org.gradle.api.internal.tasks.testing.worker.TestWorker.processTestClass(TestWorker.java:117)
	at sun.reflect.NativeMethodAccessorImpl.invoke0(Native Method)
	at sun.reflect.NativeMethodAccessorImpl.invoke(NativeMethodAccessorImpl.java:62)
	at sun.reflect.DelegatingMethodAccessorImpl.invoke(DelegatingMethodAccessorImpl.java:43)
	at java.lang.reflect.Method.invoke(Method.java:498)
	at org.gradle.internal.dispatch.ReflectionDispatch.dispatch(ReflectionDispatch.java:35)
	at org.gradle.internal.dispatch.ReflectionDispatch.dispatch(ReflectionDispatch.java:24)
	at org.gradle.internal.remote.internal.hub.MessageHubBackedObjectConnection$DispatchWrapper.dispatch(MessageHubBackedObjectConnection.java:155)
	at org.gradle.internal.remote.internal.hub.MessageHubBackedObjectConnection$DispatchWrapper.dispatch(MessageHubBackedObjectConnection.java:137)
	at org.gradle.internal.remote.internal.hub.MessageHub$Handler.run(MessageHub.java:404)
	at org.gradle.internal.concurrent.ExecutorPolicy$CatchAndRecordFailures.onExecute(ExecutorPolicy.java:63)
	at org.gradle.internal.concurrent.ManagedExecutorImpl$1.run(ManagedExecutorImpl.java:46)
	at java.util.concurrent.ThreadPoolExecutor.runWorker(ThreadPoolExecutor.java:1149)
	at java.util.concurrent.ThreadPoolExecutor$Worker.run(ThreadPoolExecutor.java:624)
	at org.gradle.internal.concurrent.ThreadFactoryImpl$ManagedThreadRunnable.run(ThreadFactoryImpl.java:55)
	at java.lang.Thread.run(Thread.java:748)
</pre>
</span>
</div>
<div class="test">
<a name="publish[5: com.dotcms.publishing.PublisherAPIImplTest$TestCase@618b3cab]"></a>
<h3 class="failures">publish[5: com.dotcms.publishing.PublisherAPIImplTest$TestCase@618b3cab]</h3>
<span class="code">
<pre>java.lang.AssertionError: Expected 21 but get 23 in /custom/assets/bundles/01EYVMBVM7FHZ8XP5A0TDCKENW
Expected [/custom/assets/bundles/01EYVMBVM7FHZ8XP5A0TDCKENW/working/System Host/1/732a2f1a-1e55-4246-9cad-70509c8cbd16.contentworkflow.xml, /custom/assets/bundles/01EYVMBVM7FHZ8XP5A0TDCKENW/d61a59e1-a49c-46f2-a929-db2b4bfa88b2.workflow.xml, /custom/assets/bundles/01EYVMBVM7FHZ8XP5A0TDCKENW/live/System Host/1/732a2f1a-1e55-4246-9cad-70509c8cbd16.contentworkflow.xml, /custom/assets/bundles/01EYVMBVM7FHZ8XP5A0TDCKENW/live/default/eee817bb-70c4-43e3-a565-706bab25906b.rule.xml, /custom/assets/bundles/01EYVMBVM7FHZ8XP5A0TDCKENW/live/System Host/1/2-content.6533e62e-e14e-42c1-9d83-046693190f44.content.xml, /custom/assets/bundles/01EYVMBVM7FHZ8XP5A0TDCKENW/working/System Host/1/content.ff462f88-d9e1-4d31-b084-b73cb61976d3.host.xml, /custom/assets/bundles/01EYVMBVM7FHZ8XP5A0TDCKENW/live/System Host/1/b6c91117-e27c-4e90-a878-4c96e1555f9d.contentworkflow.xml, /custom/assets/bundles/01EYVMBVM7FHZ8XP5A0TDCKENW/working/System Host/f4d7c1b8-2c88-4071-abf1-a5328977b07d.contentType.json, /custom/assets/bundles/01EYVMBVM7FHZ8XP5A0TDCKENW/live/System Host/1/content.ff462f88-d9e1-4d31-b084-b73cb61976d3.host.xml, /custom/assets/bundles/01EYVMBVM7FHZ8XP5A0TDCKENW/live/default/1613684989926/5199800b-d29c-4fa5-b16b-827ee8c7fd2e.contentworkflow.xml, /custom/assets/bundles/01EYVMBVM7FHZ8XP5A0TDCKENW/live/System Host/1properties, /custom/assets/bundles/01EYVMBVM7FHZ8XP5A0TDCKENW/live/System Host/1613684989926properties, /custom/assets/bundles/01EYVMBVM7FHZ8XP5A0TDCKENW/live/System Host/1/1-content.e798fadb-0df7-46a7-80ef-c2638a5f3814.content.xml, /custom/assets/bundles/01EYVMBVM7FHZ8XP5A0TDCKENW/ROOT/75d559a5-3cf0-4705-b564-8fa53cdb2c4a.folder.xml, /custom/assets/bundles/01EYVMBVM7FHZ8XP5A0TDCKENW/live/System Host/en_US.language.xml, /custom/assets/bundles/01EYVMBVM7FHZ8XP5A0TDCKENW/live/default/1613684989926/0-content.5b4f6053-78c8-4601-bc3d-d0478c778511.content.xml, /custom/assets/bundles/01EYVMBVM7FHZ8XP5A0TDCKENW/live/System Host/1/content.2bb9549d-68e4-416f-a29e-ba7dfc2c26a3.host.xml, /custom/assets/bundles/01EYVMBVM7FHZ8XP5A0TDCKENW/working/System Host/1/3-content.e798fadb-0df7-46a7-80ef-c2638a5f3814.content.xml, /custom/assets/bundles/01EYVMBVM7FHZ8XP5A0TDCKENW/working/test1613682803130.dotcms.com/testName1613682803995/7e232d16-8813-4aa4-b9bd-d8a941874d79.link.xml, /custom/assets/bundles/01EYVMBVM7FHZ8XP5A0TDCKENW/live/System Host/xj_RS.language.xml]
Existing [/custom/assets/bundles/01EYVMBVM7FHZ8XP5A0TDCKENW/ROOT/75d559a5-3cf0-4705-b564-8fa53cdb2c4a.folder.xml, /custom/assets/bundles/01EYVMBVM7FHZ8XP5A0TDCKENW/ROOT/bc9a1d37-dd2d-4d49-a29d-0c9be740bfaf.folder.xml, /custom/assets/bundles/01EYVMBVM7FHZ8XP5A0TDCKENW/bundle.xml, /custom/assets/bundles/01EYVMBVM7FHZ8XP5A0TDCKENW/d61a59e1-a49c-46f2-a929-db2b4bfa88b2.workflow.xml, /custom/assets/bundles/01EYVMBVM7FHZ8XP5A0TDCKENW/live/System Host/1/1-content.e798fadb-0df7-46a7-80ef-c2638a5f3814.content.xml, /custom/assets/bundles/01EYVMBVM7FHZ8XP5A0TDCKENW/live/System Host/1/2-content.6533e62e-e14e-42c1-9d83-046693190f44.content.xml, /custom/assets/bundles/01EYVMBVM7FHZ8XP5A0TDCKENW/live/System Host/1/732a2f1a-1e55-4246-9cad-70509c8cbd16.contentworkflow.xml, /custom/assets/bundles/01EYVMBVM7FHZ8XP5A0TDCKENW/live/System Host/1/b6c91117-e27c-4e90-a878-4c96e1555f9d.contentworkflow.xml, /custom/assets/bundles/01EYVMBVM7FHZ8XP5A0TDCKENW/live/System Host/1/content.2bb9549d-68e4-416f-a29e-ba7dfc2c26a3.host.xml, /custom/assets/bundles/01EYVMBVM7FHZ8XP5A0TDCKENW/live/System Host/1/content.ff462f88-d9e1-4d31-b084-b73cb61976d3.host.xml, /custom/assets/bundles/01EYVMBVM7FHZ8XP5A0TDCKENW/live/System Host/1/system host.host.xml, /custom/assets/bundles/01EYVMBVM7FHZ8XP5A0TDCKENW/live/System Host/1613684989926properties, /custom/assets/bundles/01EYVMBVM7FHZ8XP5A0TDCKENW/live/System Host/1properties, /custom/assets/bundles/01EYVMBVM7FHZ8XP5A0TDCKENW/live/System Host/en_US.language.xml, /custom/assets/bundles/01EYVMBVM7FHZ8XP5A0TDCKENW/live/System Host/xj_RS.language.xml, /custom/assets/bundles/01EYVMBVM7FHZ8XP5A0TDCKENW/live/default/1613684989926/0-content.5b4f6053-78c8-4601-bc3d-d0478c778511.content.xml, /custom/assets/bundles/01EYVMBVM7FHZ8XP5A0TDCKENW/live/default/1613684989926/5199800b-d29c-4fa5-b16b-827ee8c7fd2e.contentworkflow.xml, /custom/assets/bundles/01EYVMBVM7FHZ8XP5A0TDCKENW/live/default/eee817bb-70c4-43e3-a565-706bab25906b.rule.xml, /custom/assets/bundles/01EYVMBVM7FHZ8XP5A0TDCKENW/working/System Host/1/3-content.e798fadb-0df7-46a7-80ef-c2638a5f3814.content.xml, /custom/assets/bundles/01EYVMBVM7FHZ8XP5A0TDCKENW/working/System Host/1/732a2f1a-1e55-4246-9cad-70509c8cbd16.contentworkflow.xml, /custom/assets/bundles/01EYVMBVM7FHZ8XP5A0TDCKENW/working/System Host/1/content.ff462f88-d9e1-4d31-b084-b73cb61976d3.host.xml, /custom/assets/bundles/01EYVMBVM7FHZ8XP5A0TDCKENW/working/System Host/f4d7c1b8-2c88-4071-abf1-a5328977b07d.contentType.json, /custom/assets/bundles/01EYVMBVM7FHZ8XP5A0TDCKENW/working/test1613682803130.dotcms.com/testName1613682803995/7e232d16-8813-4aa4-b9bd-d8a941874d79.link.xml]
difference [/custom/assets/bundles/01EYVMBVM7FHZ8XP5A0TDCKENW/ROOT/bc9a1d37-dd2d-4d49-a29d-0c9be740bfaf.folder.xml, /custom/assets/bundles/01EYVMBVM7FHZ8XP5A0TDCKENW/bundle.xml, /custom/assets/bundles/01EYVMBVM7FHZ8XP5A0TDCKENW/live/System Host/1/system host.host.xml]

	at org.jgroups.util.Util.assertEquals(Util.java:185)
	at com.dotcms.publishing.PublisherAPIImplTest.publish(PublisherAPIImplTest.java:407)
	at sun.reflect.NativeMethodAccessorImpl.invoke0(Native Method)
	at sun.reflect.NativeMethodAccessorImpl.invoke(NativeMethodAccessorImpl.java:62)
	at sun.reflect.DelegatingMethodAccessorImpl.invoke(DelegatingMethodAccessorImpl.java:43)
	at java.lang.reflect.Method.invoke(Method.java:498)
	at org.junit.runners.model.FrameworkMethod$1.runReflectiveCall(FrameworkMethod.java:50)
	at org.junit.internal.runners.model.ReflectiveCallable.run(ReflectiveCallable.java:12)
	at org.junit.runners.model.FrameworkMethod.invokeExplosively(FrameworkMethod.java:47)
	at com.tngtech.java.junit.dataprovider.DataProviderFrameworkMethod.invokeExplosively(DataProviderFrameworkMethod.java:119)
	at org.junit.internal.runners.statements.InvokeMethod.evaluate(InvokeMethod.java:17)
	at org.junit.rules.TestWatcher$1.evaluate(TestWatcher.java:55)
	at org.junit.rules.RunRules.evaluate(RunRules.java:20)
	at org.junit.runners.ParentRunner.runLeaf(ParentRunner.java:325)
	at com.dotcms.junit.CustomDataProviderRunner.runChild(CustomDataProviderRunner.java:28)
	at com.dotcms.junit.CustomDataProviderRunner.runChild(CustomDataProviderRunner.java:13)
	at org.junit.runners.ParentRunner$3.run(ParentRunner.java:290)
	at org.junit.runners.ParentRunner$1.schedule(ParentRunner.java:71)
	at org.junit.runners.ParentRunner.runChildren(ParentRunner.java:288)
	at org.junit.runners.ParentRunner.access$000(ParentRunner.java:58)
	at org.junit.runners.ParentRunner$2.evaluate(ParentRunner.java:268)
	at org.junit.internal.runners.statements.RunBefores.evaluate(RunBefores.java:26)
	at org.junit.internal.runners.statements.RunAfters.evaluate(RunAfters.java:27)
	at org.junit.runners.ParentRunner.run(ParentRunner.java:363)
	at org.junit.runners.Suite.runChild(Suite.java:128)
	at org.junit.runners.Suite.runChild(Suite.java:27)
	at org.junit.runners.ParentRunner$3.run(ParentRunner.java:290)
	at org.junit.runners.ParentRunner$1.schedule(ParentRunner.java:71)
	at org.junit.runners.ParentRunner.runChildren(ParentRunner.java:288)
	at org.junit.runners.ParentRunner.access$000(ParentRunner.java:58)
	at org.junit.runners.ParentRunner$2.evaluate(ParentRunner.java:268)
	at org.junit.runners.ParentRunner.run(ParentRunner.java:363)
	at org.gradle.api.internal.tasks.testing.junit.JUnitTestClassExecutor.runTestClass(JUnitTestClassExecutor.java:106)
	at org.gradle.api.internal.tasks.testing.junit.JUnitTestClassExecutor.execute(JUnitTestClassExecutor.java:58)
	at org.gradle.api.internal.tasks.testing.junit.JUnitTestClassExecutor.execute(JUnitTestClassExecutor.java:38)
	at org.gradle.api.internal.tasks.testing.junit.AbstractJUnitTestClassProcessor.processTestClass(AbstractJUnitTestClassProcessor.java:66)
	at org.gradle.api.internal.tasks.testing.SuiteTestClassProcessor.processTestClass(SuiteTestClassProcessor.java:51)
	at sun.reflect.NativeMethodAccessorImpl.invoke0(Native Method)
	at sun.reflect.NativeMethodAccessorImpl.invoke(NativeMethodAccessorImpl.java:62)
	at sun.reflect.DelegatingMethodAccessorImpl.invoke(DelegatingMethodAccessorImpl.java:43)
	at java.lang.reflect.Method.invoke(Method.java:498)
	at org.gradle.internal.dispatch.ReflectionDispatch.dispatch(ReflectionDispatch.java:35)
	at org.gradle.internal.dispatch.ReflectionDispatch.dispatch(ReflectionDispatch.java:24)
	at org.gradle.internal.dispatch.ContextClassLoaderDispatch.dispatch(ContextClassLoaderDispatch.java:32)
	at org.gradle.internal.dispatch.ProxyDispatchAdapter$DispatchingInvocationHandler.invoke(ProxyDispatchAdapter.java:93)
	at com.sun.proxy.$Proxy2.processTestClass(Unknown Source)
	at org.gradle.api.internal.tasks.testing.worker.TestWorker.processTestClass(TestWorker.java:117)
	at sun.reflect.NativeMethodAccessorImpl.invoke0(Native Method)
	at sun.reflect.NativeMethodAccessorImpl.invoke(NativeMethodAccessorImpl.java:62)
	at sun.reflect.DelegatingMethodAccessorImpl.invoke(DelegatingMethodAccessorImpl.java:43)
	at java.lang.reflect.Method.invoke(Method.java:498)
	at org.gradle.internal.dispatch.ReflectionDispatch.dispatch(ReflectionDispatch.java:35)
	at org.gradle.internal.dispatch.ReflectionDispatch.dispatch(ReflectionDispatch.java:24)
	at org.gradle.internal.remote.internal.hub.MessageHubBackedObjectConnection$DispatchWrapper.dispatch(MessageHubBackedObjectConnection.java:155)
	at org.gradle.internal.remote.internal.hub.MessageHubBackedObjectConnection$DispatchWrapper.dispatch(MessageHubBackedObjectConnection.java:137)
	at org.gradle.internal.remote.internal.hub.MessageHub$Handler.run(MessageHub.java:404)
	at org.gradle.internal.concurrent.ExecutorPolicy$CatchAndRecordFailures.onExecute(ExecutorPolicy.java:63)
	at org.gradle.internal.concurrent.ManagedExecutorImpl$1.run(ManagedExecutorImpl.java:46)
	at java.util.concurrent.ThreadPoolExecutor.runWorker(ThreadPoolExecutor.java:1149)
	at java.util.concurrent.ThreadPoolExecutor$Worker.run(ThreadPoolExecutor.java:624)
	at org.gradle.internal.concurrent.ThreadFactoryImpl$ManagedThreadRunnable.run(ThreadFactoryImpl.java:55)
	at java.lang.Thread.run(Thread.java:748)
</pre>
</span>
</div>
<div class="test">
<a name="publish[6: com.dotcms.publishing.PublisherAPIImplTest$TestCase@99a33df]"></a>
<h3 class="failures">publish[6: com.dotcms.publishing.PublisherAPIImplTest$TestCase@99a33df]</h3>
<span class="code">
<pre>java.lang.AssertionError: Expected 19 but get 21 in /custom/assets/bundles/01EYVMBVQ47KCK0V7T4E30SPG5
Expected [/custom/assets/bundles/01EYVMBVQ47KCK0V7T4E30SPG5/live/System Host/1/2-content.6533e62e-e14e-42c1-9d83-046693190f44.content.xml, /custom/assets/bundles/01EYVMBVQ47KCK0V7T4E30SPG5/working/System Host/f4d7c1b8-2c88-4071-abf1-a5328977b07d.contentType.json, /custom/assets/bundles/01EYVMBVQ47KCK0V7T4E30SPG5/d61a59e1-a49c-46f2-a929-db2b4bfa88b2.workflow.xml, /custom/assets/bundles/01EYVMBVQ47KCK0V7T4E30SPG5/live/System Host/1/732a2f1a-1e55-4246-9cad-70509c8cbd16.contentworkflow.xml, /custom/assets/bundles/01EYVMBVQ47KCK0V7T4E30SPG5/efb48bb3-04b3-4ae0-a04e-c34ad3544e9e.workflow.xml, /custom/assets/bundles/01EYVMBVQ47KCK0V7T4E30SPG5/live/default/1613684989926/5199800b-d29c-4fa5-b16b-827ee8c7fd2e.contentworkflow.xml, /custom/assets/bundles/01EYVMBVQ47KCK0V7T4E30SPG5/live/default/1613684989926/0-content.5b4f6053-78c8-4601-bc3d-d0478c778511.content.xml, /custom/assets/bundles/01EYVMBVQ47KCK0V7T4E30SPG5/working/System Host/1/3-content.e798fadb-0df7-46a7-80ef-c2638a5f3814.content.xml, /custom/assets/bundles/01EYVMBVQ47KCK0V7T4E30SPG5/live/System Host/en_US.language.xml, /custom/assets/bundles/01EYVMBVQ47KCK0V7T4E30SPG5/live/System Host/xj_RS.language.xml, /custom/assets/bundles/01EYVMBVQ47KCK0V7T4E30SPG5/working/System Host/1/content.ff462f88-d9e1-4d31-b084-b73cb61976d3.host.xml, /custom/assets/bundles/01EYVMBVQ47KCK0V7T4E30SPG5/live/System Host/1/1-content.e798fadb-0df7-46a7-80ef-c2638a5f3814.content.xml, /custom/assets/bundles/01EYVMBVQ47KCK0V7T4E30SPG5/live/default/eee817bb-70c4-43e3-a565-706bab25906b.rule.xml, /custom/assets/bundles/01EYVMBVQ47KCK0V7T4E30SPG5/live/System Host/1613684989926properties, /custom/assets/bundles/01EYVMBVQ47KCK0V7T4E30SPG5/live/System Host/1/content.ff462f88-d9e1-4d31-b084-b73cb61976d3.host.xml, /custom/assets/bundles/01EYVMBVQ47KCK0V7T4E30SPG5/live/System Host/1/b6c91117-e27c-4e90-a878-4c96e1555f9d.contentworkflow.xml, /custom/assets/bundles/01EYVMBVQ47KCK0V7T4E30SPG5/live/System Host/1properties, /custom/assets/bundles/01EYVMBVQ47KCK0V7T4E30SPG5/working/System Host/1/732a2f1a-1e55-4246-9cad-70509c8cbd16.contentworkflow.xml]
Existing [/custom/assets/bundles/01EYVMBVQ47KCK0V7T4E30SPG5/ROOT/bc9a1d37-dd2d-4d49-a29d-0c9be740bfaf.folder.xml, /custom/assets/bundles/01EYVMBVQ47KCK0V7T4E30SPG5/bundle.xml, /custom/assets/bundles/01EYVMBVQ47KCK0V7T4E30SPG5/d61a59e1-a49c-46f2-a929-db2b4bfa88b2.workflow.xml, /custom/assets/bundles/01EYVMBVQ47KCK0V7T4E30SPG5/efb48bb3-04b3-4ae0-a04e-c34ad3544e9e.workflow.xml, /custom/assets/bundles/01EYVMBVQ47KCK0V7T4E30SPG5/live/System Host/1/1-content.e798fadb-0df7-46a7-80ef-c2638a5f3814.content.xml, /custom/assets/bundles/01EYVMBVQ47KCK0V7T4E30SPG5/live/System Host/1/2-content.6533e62e-e14e-42c1-9d83-046693190f44.content.xml, /custom/assets/bundles/01EYVMBVQ47KCK0V7T4E30SPG5/live/System Host/1/732a2f1a-1e55-4246-9cad-70509c8cbd16.contentworkflow.xml, /custom/assets/bundles/01EYVMBVQ47KCK0V7T4E30SPG5/live/System Host/1/b6c91117-e27c-4e90-a878-4c96e1555f9d.contentworkflow.xml, /custom/assets/bundles/01EYVMBVQ47KCK0V7T4E30SPG5/live/System Host/1/content.ff462f88-d9e1-4d31-b084-b73cb61976d3.host.xml, /custom/assets/bundles/01EYVMBVQ47KCK0V7T4E30SPG5/live/System Host/1/system host.host.xml, /custom/assets/bundles/01EYVMBVQ47KCK0V7T4E30SPG5/live/System Host/1613684989926properties, /custom/assets/bundles/01EYVMBVQ47KCK0V7T4E30SPG5/live/System Host/1properties, /custom/assets/bundles/01EYVMBVQ47KCK0V7T4E30SPG5/live/System Host/en_US.language.xml, /custom/assets/bundles/01EYVMBVQ47KCK0V7T4E30SPG5/live/System Host/xj_RS.language.xml, /custom/assets/bundles/01EYVMBVQ47KCK0V7T4E30SPG5/live/default/1613684989926/0-content.5b4f6053-78c8-4601-bc3d-d0478c778511.content.xml, /custom/assets/bundles/01EYVMBVQ47KCK0V7T4E30SPG5/live/default/1613684989926/5199800b-d29c-4fa5-b16b-827ee8c7fd2e.contentworkflow.xml, /custom/assets/bundles/01EYVMBVQ47KCK0V7T4E30SPG5/live/default/eee817bb-70c4-43e3-a565-706bab25906b.rule.xml, /custom/assets/bundles/01EYVMBVQ47KCK0V7T4E30SPG5/working/System Host/1/3-content.e798fadb-0df7-46a7-80ef-c2638a5f3814.content.xml, /custom/assets/bundles/01EYVMBVQ47KCK0V7T4E30SPG5/working/System Host/1/732a2f1a-1e55-4246-9cad-70509c8cbd16.contentworkflow.xml, /custom/assets/bundles/01EYVMBVQ47KCK0V7T4E30SPG5/working/System Host/1/content.ff462f88-d9e1-4d31-b084-b73cb61976d3.host.xml, /custom/assets/bundles/01EYVMBVQ47KCK0V7T4E30SPG5/working/System Host/f4d7c1b8-2c88-4071-abf1-a5328977b07d.contentType.json]
difference [/custom/assets/bundles/01EYVMBVQ47KCK0V7T4E30SPG5/ROOT/bc9a1d37-dd2d-4d49-a29d-0c9be740bfaf.folder.xml, /custom/assets/bundles/01EYVMBVQ47KCK0V7T4E30SPG5/bundle.xml, /custom/assets/bundles/01EYVMBVQ47KCK0V7T4E30SPG5/live/System Host/1/system host.host.xml]

	at org.jgroups.util.Util.assertEquals(Util.java:185)
	at com.dotcms.publishing.PublisherAPIImplTest.publish(PublisherAPIImplTest.java:407)
	at sun.reflect.NativeMethodAccessorImpl.invoke0(Native Method)
	at sun.reflect.NativeMethodAccessorImpl.invoke(NativeMethodAccessorImpl.java:62)
	at sun.reflect.DelegatingMethodAccessorImpl.invoke(DelegatingMethodAccessorImpl.java:43)
	at java.lang.reflect.Method.invoke(Method.java:498)
	at org.junit.runners.model.FrameworkMethod$1.runReflectiveCall(FrameworkMethod.java:50)
	at org.junit.internal.runners.model.ReflectiveCallable.run(ReflectiveCallable.java:12)
	at org.junit.runners.model.FrameworkMethod.invokeExplosively(FrameworkMethod.java:47)
	at com.tngtech.java.junit.dataprovider.DataProviderFrameworkMethod.invokeExplosively(DataProviderFrameworkMethod.java:119)
	at org.junit.internal.runners.statements.InvokeMethod.evaluate(InvokeMethod.java:17)
	at org.junit.rules.TestWatcher$1.evaluate(TestWatcher.java:55)
	at org.junit.rules.RunRules.evaluate(RunRules.java:20)
	at org.junit.runners.ParentRunner.runLeaf(ParentRunner.java:325)
	at com.dotcms.junit.CustomDataProviderRunner.runChild(CustomDataProviderRunner.java:28)
	at com.dotcms.junit.CustomDataProviderRunner.runChild(CustomDataProviderRunner.java:13)
	at org.junit.runners.ParentRunner$3.run(ParentRunner.java:290)
	at org.junit.runners.ParentRunner$1.schedule(ParentRunner.java:71)
	at org.junit.runners.ParentRunner.runChildren(ParentRunner.java:288)
	at org.junit.runners.ParentRunner.access$000(ParentRunner.java:58)
	at org.junit.runners.ParentRunner$2.evaluate(ParentRunner.java:268)
	at org.junit.internal.runners.statements.RunBefores.evaluate(RunBefores.java:26)
	at org.junit.internal.runners.statements.RunAfters.evaluate(RunAfters.java:27)
	at org.junit.runners.ParentRunner.run(ParentRunner.java:363)
	at org.junit.runners.Suite.runChild(Suite.java:128)
	at org.junit.runners.Suite.runChild(Suite.java:27)
	at org.junit.runners.ParentRunner$3.run(ParentRunner.java:290)
	at org.junit.runners.ParentRunner$1.schedule(ParentRunner.java:71)
	at org.junit.runners.ParentRunner.runChildren(ParentRunner.java:288)
	at org.junit.runners.ParentRunner.access$000(ParentRunner.java:58)
	at org.junit.runners.ParentRunner$2.evaluate(ParentRunner.java:268)
	at org.junit.runners.ParentRunner.run(ParentRunner.java:363)
	at org.gradle.api.internal.tasks.testing.junit.JUnitTestClassExecutor.runTestClass(JUnitTestClassExecutor.java:106)
	at org.gradle.api.internal.tasks.testing.junit.JUnitTestClassExecutor.execute(JUnitTestClassExecutor.java:58)
	at org.gradle.api.internal.tasks.testing.junit.JUnitTestClassExecutor.execute(JUnitTestClassExecutor.java:38)
	at org.gradle.api.internal.tasks.testing.junit.AbstractJUnitTestClassProcessor.processTestClass(AbstractJUnitTestClassProcessor.java:66)
	at org.gradle.api.internal.tasks.testing.SuiteTestClassProcessor.processTestClass(SuiteTestClassProcessor.java:51)
	at sun.reflect.NativeMethodAccessorImpl.invoke0(Native Method)
	at sun.reflect.NativeMethodAccessorImpl.invoke(NativeMethodAccessorImpl.java:62)
	at sun.reflect.DelegatingMethodAccessorImpl.invoke(DelegatingMethodAccessorImpl.java:43)
	at java.lang.reflect.Method.invoke(Method.java:498)
	at org.gradle.internal.dispatch.ReflectionDispatch.dispatch(ReflectionDispatch.java:35)
	at org.gradle.internal.dispatch.ReflectionDispatch.dispatch(ReflectionDispatch.java:24)
	at org.gradle.internal.dispatch.ContextClassLoaderDispatch.dispatch(ContextClassLoaderDispatch.java:32)
	at org.gradle.internal.dispatch.ProxyDispatchAdapter$DispatchingInvocationHandler.invoke(ProxyDispatchAdapter.java:93)
	at com.sun.proxy.$Proxy2.processTestClass(Unknown Source)
	at org.gradle.api.internal.tasks.testing.worker.TestWorker.processTestClass(TestWorker.java:117)
	at sun.reflect.NativeMethodAccessorImpl.invoke0(Native Method)
	at sun.reflect.NativeMethodAccessorImpl.invoke(NativeMethodAccessorImpl.java:62)
	at sun.reflect.DelegatingMethodAccessorImpl.invoke(DelegatingMethodAccessorImpl.java:43)
	at java.lang.reflect.Method.invoke(Method.java:498)
	at org.gradle.internal.dispatch.ReflectionDispatch.dispatch(ReflectionDispatch.java:35)
	at org.gradle.internal.dispatch.ReflectionDispatch.dispatch(ReflectionDispatch.java:24)
	at org.gradle.internal.remote.internal.hub.MessageHubBackedObjectConnection$DispatchWrapper.dispatch(MessageHubBackedObjectConnection.java:155)
	at org.gradle.internal.remote.internal.hub.MessageHubBackedObjectConnection$DispatchWrapper.dispatch(MessageHubBackedObjectConnection.java:137)
	at org.gradle.internal.remote.internal.hub.MessageHub$Handler.run(MessageHub.java:404)
	at org.gradle.internal.concurrent.ExecutorPolicy$CatchAndRecordFailures.onExecute(ExecutorPolicy.java:63)
	at org.gradle.internal.concurrent.ManagedExecutorImpl$1.run(ManagedExecutorImpl.java:46)
	at java.util.concurrent.ThreadPoolExecutor.runWorker(ThreadPoolExecutor.java:1149)
	at java.util.concurrent.ThreadPoolExecutor$Worker.run(ThreadPoolExecutor.java:624)
	at org.gradle.internal.concurrent.ThreadFactoryImpl$ManagedThreadRunnable.run(ThreadFactoryImpl.java:55)
	at java.lang.Thread.run(Thread.java:748)
</pre>
</span>
</div>
<div class="test">
<a name="publish[7: com.dotcms.publishing.PublisherAPIImplTest$TestCase@28565fc5]"></a>
<h3 class="failures">publish[7: com.dotcms.publishing.PublisherAPIImplTest$TestCase@28565fc5]</h3>
<span class="code">
<pre>java.lang.AssertionError: Expected 20 but get 22 in /custom/assets/bundles/01EYVMBVSKHM5BPKVX38HEXVAE
Expected [/custom/assets/bundles/01EYVMBVSKHM5BPKVX38HEXVAE/live/default/1613684989926/5199800b-d29c-4fa5-b16b-827ee8c7fd2e.contentworkflow.xml, /custom/assets/bundles/01EYVMBVSKHM5BPKVX38HEXVAE/live/System Host/xj_RS.language.xml, /custom/assets/bundles/01EYVMBVSKHM5BPKVX38HEXVAE/working/System Host/1/3-content.e798fadb-0df7-46a7-80ef-c2638a5f3814.content.xml, /custom/assets/bundles/01EYVMBVSKHM5BPKVX38HEXVAE/live/default/1613684989926/0-content.5b4f6053-78c8-4601-bc3d-d0478c778511.content.xml, /custom/assets/bundles/01EYVMBVSKHM5BPKVX38HEXVAE/live/System Host/1613684989926properties, /custom/assets/bundles/01EYVMBVSKHM5BPKVX38HEXVAE/live/System Host/1/content.ff462f88-d9e1-4d31-b084-b73cb61976d3.host.xml, /custom/assets/bundles/01EYVMBVSKHM5BPKVX38HEXVAE/working/System Host/f4d7c1b8-2c88-4071-abf1-a5328977b07d.contentType.json, /custom/assets/bundles/01EYVMBVSKHM5BPKVX38HEXVAE/live/default/eee817bb-70c4-43e3-a565-706bab25906b.rule.xml, /custom/assets/bundles/01EYVMBVSKHM5BPKVX38HEXVAE/live/System Host/1613682804022properties, /custom/assets/bundles/01EYVMBVSKHM5BPKVX38HEXVAE/live/System Host/1/b6c91117-e27c-4e90-a878-4c96e1555f9d.contentworkflow.xml, /custom/assets/bundles/01EYVMBVSKHM5BPKVX38HEXVAE/live/System Host/1properties, /custom/assets/bundles/01EYVMBVSKHM5BPKVX38HEXVAE/live/System Host/1/1-content.e798fadb-0df7-46a7-80ef-c2638a5f3814.content.xml, /custom/assets/bundles/01EYVMBVSKHM5BPKVX38HEXVAE/live/System Host/hcopl_TESTCOUNTRYCODE1613682804021.language.xml, /custom/assets/bundles/01EYVMBVSKHM5BPKVX38HEXVAE/working/System Host/1/content.ff462f88-d9e1-4d31-b084-b73cb61976d3.host.xml, /custom/assets/bundles/01EYVMBVSKHM5BPKVX38HEXVAE/live/System Host/1/2-content.6533e62e-e14e-42c1-9d83-046693190f44.content.xml, /custom/assets/bundles/01EYVMBVSKHM5BPKVX38HEXVAE/live/System Host/en_US.language.xml, /custom/assets/bundles/01EYVMBVSKHM5BPKVX38HEXVAE/d61a59e1-a49c-46f2-a929-db2b4bfa88b2.workflow.xml, /custom/assets/bundles/01EYVMBVSKHM5BPKVX38HEXVAE/working/System Host/1/732a2f1a-1e55-4246-9cad-70509c8cbd16.contentworkflow.xml, /custom/assets/bundles/01EYVMBVSKHM5BPKVX38HEXVAE/live/System Host/1/732a2f1a-1e55-4246-9cad-70509c8cbd16.contentworkflow.xml]
Existing [/custom/assets/bundles/01EYVMBVSKHM5BPKVX38HEXVAE/ROOT/bc9a1d37-dd2d-4d49-a29d-0c9be740bfaf.folder.xml, /custom/assets/bundles/01EYVMBVSKHM5BPKVX38HEXVAE/bundle.xml, /custom/assets/bundles/01EYVMBVSKHM5BPKVX38HEXVAE/d61a59e1-a49c-46f2-a929-db2b4bfa88b2.workflow.xml, /custom/assets/bundles/01EYVMBVSKHM5BPKVX38HEXVAE/live/System Host/1/1-content.e798fadb-0df7-46a7-80ef-c2638a5f3814.content.xml, /custom/assets/bundles/01EYVMBVSKHM5BPKVX38HEXVAE/live/System Host/1/2-content.6533e62e-e14e-42c1-9d83-046693190f44.content.xml, /custom/assets/bundles/01EYVMBVSKHM5BPKVX38HEXVAE/live/System Host/1/732a2f1a-1e55-4246-9cad-70509c8cbd16.contentworkflow.xml, /custom/assets/bundles/01EYVMBVSKHM5BPKVX38HEXVAE/live/System Host/1/b6c91117-e27c-4e90-a878-4c96e1555f9d.contentworkflow.xml, /custom/assets/bundles/01EYVMBVSKHM5BPKVX38HEXVAE/live/System Host/1/content.ff462f88-d9e1-4d31-b084-b73cb61976d3.host.xml, /custom/assets/bundles/01EYVMBVSKHM5BPKVX38HEXVAE/live/System Host/1/system host.host.xml, /custom/assets/bundles/01EYVMBVSKHM5BPKVX38HEXVAE/live/System Host/1613682804022properties, /custom/assets/bundles/01EYVMBVSKHM5BPKVX38HEXVAE/live/System Host/1613684989926properties, /custom/assets/bundles/01EYVMBVSKHM5BPKVX38HEXVAE/live/System Host/1properties, /custom/assets/bundles/01EYVMBVSKHM5BPKVX38HEXVAE/live/System Host/en_US.language.xml, /custom/assets/bundles/01EYVMBVSKHM5BPKVX38HEXVAE/live/System Host/hcopl_TESTCOUNTRYCODE1613682804021.language.xml, /custom/assets/bundles/01EYVMBVSKHM5BPKVX38HEXVAE/live/System Host/xj_RS.language.xml, /custom/assets/bundles/01EYVMBVSKHM5BPKVX38HEXVAE/live/default/1613684989926/0-content.5b4f6053-78c8-4601-bc3d-d0478c778511.content.xml, /custom/assets/bundles/01EYVMBVSKHM5BPKVX38HEXVAE/live/default/1613684989926/5199800b-d29c-4fa5-b16b-827ee8c7fd2e.contentworkflow.xml, /custom/assets/bundles/01EYVMBVSKHM5BPKVX38HEXVAE/live/default/eee817bb-70c4-43e3-a565-706bab25906b.rule.xml, /custom/assets/bundles/01EYVMBVSKHM5BPKVX38HEXVAE/working/System Host/1/3-content.e798fadb-0df7-46a7-80ef-c2638a5f3814.content.xml, /custom/assets/bundles/01EYVMBVSKHM5BPKVX38HEXVAE/working/System Host/1/732a2f1a-1e55-4246-9cad-70509c8cbd16.contentworkflow.xml, /custom/assets/bundles/01EYVMBVSKHM5BPKVX38HEXVAE/working/System Host/1/content.ff462f88-d9e1-4d31-b084-b73cb61976d3.host.xml, /custom/assets/bundles/01EYVMBVSKHM5BPKVX38HEXVAE/working/System Host/f4d7c1b8-2c88-4071-abf1-a5328977b07d.contentType.json]
difference [/custom/assets/bundles/01EYVMBVSKHM5BPKVX38HEXVAE/ROOT/bc9a1d37-dd2d-4d49-a29d-0c9be740bfaf.folder.xml, /custom/assets/bundles/01EYVMBVSKHM5BPKVX38HEXVAE/bundle.xml, /custom/assets/bundles/01EYVMBVSKHM5BPKVX38HEXVAE/live/System Host/1/system host.host.xml]

	at org.jgroups.util.Util.assertEquals(Util.java:185)
	at com.dotcms.publishing.PublisherAPIImplTest.publish(PublisherAPIImplTest.java:407)
	at sun.reflect.NativeMethodAccessorImpl.invoke0(Native Method)
	at sun.reflect.NativeMethodAccessorImpl.invoke(NativeMethodAccessorImpl.java:62)
	at sun.reflect.DelegatingMethodAccessorImpl.invoke(DelegatingMethodAccessorImpl.java:43)
	at java.lang.reflect.Method.invoke(Method.java:498)
	at org.junit.runners.model.FrameworkMethod$1.runReflectiveCall(FrameworkMethod.java:50)
	at org.junit.internal.runners.model.ReflectiveCallable.run(ReflectiveCallable.java:12)
	at org.junit.runners.model.FrameworkMethod.invokeExplosively(FrameworkMethod.java:47)
	at com.tngtech.java.junit.dataprovider.DataProviderFrameworkMethod.invokeExplosively(DataProviderFrameworkMethod.java:119)
	at org.junit.internal.runners.statements.InvokeMethod.evaluate(InvokeMethod.java:17)
	at org.junit.rules.TestWatcher$1.evaluate(TestWatcher.java:55)
	at org.junit.rules.RunRules.evaluate(RunRules.java:20)
	at org.junit.runners.ParentRunner.runLeaf(ParentRunner.java:325)
	at com.dotcms.junit.CustomDataProviderRunner.runChild(CustomDataProviderRunner.java:28)
	at com.dotcms.junit.CustomDataProviderRunner.runChild(CustomDataProviderRunner.java:13)
	at org.junit.runners.ParentRunner$3.run(ParentRunner.java:290)
	at org.junit.runners.ParentRunner$1.schedule(ParentRunner.java:71)
	at org.junit.runners.ParentRunner.runChildren(ParentRunner.java:288)
	at org.junit.runners.ParentRunner.access$000(ParentRunner.java:58)
	at org.junit.runners.ParentRunner$2.evaluate(ParentRunner.java:268)
	at org.junit.internal.runners.statements.RunBefores.evaluate(RunBefores.java:26)
	at org.junit.internal.runners.statements.RunAfters.evaluate(RunAfters.java:27)
	at org.junit.runners.ParentRunner.run(ParentRunner.java:363)
	at org.junit.runners.Suite.runChild(Suite.java:128)
	at org.junit.runners.Suite.runChild(Suite.java:27)
	at org.junit.runners.ParentRunner$3.run(ParentRunner.java:290)
	at org.junit.runners.ParentRunner$1.schedule(ParentRunner.java:71)
	at org.junit.runners.ParentRunner.runChildren(ParentRunner.java:288)
	at org.junit.runners.ParentRunner.access$000(ParentRunner.java:58)
	at org.junit.runners.ParentRunner$2.evaluate(ParentRunner.java:268)
	at org.junit.runners.ParentRunner.run(ParentRunner.java:363)
	at org.gradle.api.internal.tasks.testing.junit.JUnitTestClassExecutor.runTestClass(JUnitTestClassExecutor.java:106)
	at org.gradle.api.internal.tasks.testing.junit.JUnitTestClassExecutor.execute(JUnitTestClassExecutor.java:58)
	at org.gradle.api.internal.tasks.testing.junit.JUnitTestClassExecutor.execute(JUnitTestClassExecutor.java:38)
	at org.gradle.api.internal.tasks.testing.junit.AbstractJUnitTestClassProcessor.processTestClass(AbstractJUnitTestClassProcessor.java:66)
	at org.gradle.api.internal.tasks.testing.SuiteTestClassProcessor.processTestClass(SuiteTestClassProcessor.java:51)
	at sun.reflect.NativeMethodAccessorImpl.invoke0(Native Method)
	at sun.reflect.NativeMethodAccessorImpl.invoke(NativeMethodAccessorImpl.java:62)
	at sun.reflect.DelegatingMethodAccessorImpl.invoke(DelegatingMethodAccessorImpl.java:43)
	at java.lang.reflect.Method.invoke(Method.java:498)
	at org.gradle.internal.dispatch.ReflectionDispatch.dispatch(ReflectionDispatch.java:35)
	at org.gradle.internal.dispatch.ReflectionDispatch.dispatch(ReflectionDispatch.java:24)
	at org.gradle.internal.dispatch.ContextClassLoaderDispatch.dispatch(ContextClassLoaderDispatch.java:32)
	at org.gradle.internal.dispatch.ProxyDispatchAdapter$DispatchingInvocationHandler.invoke(ProxyDispatchAdapter.java:93)
	at com.sun.proxy.$Proxy2.processTestClass(Unknown Source)
	at org.gradle.api.internal.tasks.testing.worker.TestWorker.processTestClass(TestWorker.java:117)
	at sun.reflect.NativeMethodAccessorImpl.invoke0(Native Method)
	at sun.reflect.NativeMethodAccessorImpl.invoke(NativeMethodAccessorImpl.java:62)
	at sun.reflect.DelegatingMethodAccessorImpl.invoke(DelegatingMethodAccessorImpl.java:43)
	at java.lang.reflect.Method.invoke(Method.java:498)
	at org.gradle.internal.dispatch.ReflectionDispatch.dispatch(ReflectionDispatch.java:35)
	at org.gradle.internal.dispatch.ReflectionDispatch.dispatch(ReflectionDispatch.java:24)
	at org.gradle.internal.remote.internal.hub.MessageHubBackedObjectConnection$DispatchWrapper.dispatch(MessageHubBackedObjectConnection.java:155)
	at org.gradle.internal.remote.internal.hub.MessageHubBackedObjectConnection$DispatchWrapper.dispatch(MessageHubBackedObjectConnection.java:137)
	at org.gradle.internal.remote.internal.hub.MessageHub$Handler.run(MessageHub.java:404)
	at org.gradle.internal.concurrent.ExecutorPolicy$CatchAndRecordFailures.onExecute(ExecutorPolicy.java:63)
	at org.gradle.internal.concurrent.ManagedExecutorImpl$1.run(ManagedExecutorImpl.java:46)
	at java.util.concurrent.ThreadPoolExecutor.runWorker(ThreadPoolExecutor.java:1149)
	at java.util.concurrent.ThreadPoolExecutor$Worker.run(ThreadPoolExecutor.java:624)
	at org.gradle.internal.concurrent.ThreadFactoryImpl$ManagedThreadRunnable.run(ThreadFactoryImpl.java:55)
	at java.lang.Thread.run(Thread.java:748)
</pre>
</span>
</div>
<div class="test">
<a name="publish[8: com.dotcms.publishing.PublisherAPIImplTest$TestCase@41701975]"></a>
<h3 class="failures">publish[8: com.dotcms.publishing.PublisherAPIImplTest$TestCase@41701975]</h3>
<span class="code">
<pre>java.lang.AssertionError: Expected 5 but get 6 in /custom/assets/bundles/01EYVMBVW35E95WPS0PBCE3WW0
Expected [/custom/assets/bundles/01EYVMBVW35E95WPS0PBCE3WW0/live/System Host/1/content.ff462f88-d9e1-4d31-b084-b73cb61976d3.host.xml, /custom/assets/bundles/01EYVMBVW35E95WPS0PBCE3WW0/working/System Host/1/content.ff462f88-d9e1-4d31-b084-b73cb61976d3.host.xml, /custom/assets/bundles/01EYVMBVW35E95WPS0PBCE3WW0/live/test1613682804023.dotcms.com/b2396fd8-6b33-4d59-8928-599e7503daed.rule.xml, /custom/assets/bundles/01EYVMBVW35E95WPS0PBCE3WW0/live/default/eee817bb-70c4-43e3-a565-706bab25906b.rule.xml]
Existing [/custom/assets/bundles/01EYVMBVW35E95WPS0PBCE3WW0/bundle.xml, /custom/assets/bundles/01EYVMBVW35E95WPS0PBCE3WW0/live/System Host/1/content.ff462f88-d9e1-4d31-b084-b73cb61976d3.host.xml, /custom/assets/bundles/01EYVMBVW35E95WPS0PBCE3WW0/live/System Host/1/system host.host.xml, /custom/assets/bundles/01EYVMBVW35E95WPS0PBCE3WW0/live/default/eee817bb-70c4-43e3-a565-706bab25906b.rule.xml, /custom/assets/bundles/01EYVMBVW35E95WPS0PBCE3WW0/live/test1613682804023.dotcms.com/b2396fd8-6b33-4d59-8928-599e7503daed.rule.xml, /custom/assets/bundles/01EYVMBVW35E95WPS0PBCE3WW0/working/System Host/1/content.ff462f88-d9e1-4d31-b084-b73cb61976d3.host.xml]
difference [/custom/assets/bundles/01EYVMBVW35E95WPS0PBCE3WW0/bundle.xml, /custom/assets/bundles/01EYVMBVW35E95WPS0PBCE3WW0/live/System Host/1/system host.host.xml]

	at org.jgroups.util.Util.assertEquals(Util.java:185)
	at com.dotcms.publishing.PublisherAPIImplTest.publish(PublisherAPIImplTest.java:407)
	at sun.reflect.NativeMethodAccessorImpl.invoke0(Native Method)
	at sun.reflect.NativeMethodAccessorImpl.invoke(NativeMethodAccessorImpl.java:62)
	at sun.reflect.DelegatingMethodAccessorImpl.invoke(DelegatingMethodAccessorImpl.java:43)
	at java.lang.reflect.Method.invoke(Method.java:498)
	at org.junit.runners.model.FrameworkMethod$1.runReflectiveCall(FrameworkMethod.java:50)
	at org.junit.internal.runners.model.ReflectiveCallable.run(ReflectiveCallable.java:12)
	at org.junit.runners.model.FrameworkMethod.invokeExplosively(FrameworkMethod.java:47)
	at com.tngtech.java.junit.dataprovider.DataProviderFrameworkMethod.invokeExplosively(DataProviderFrameworkMethod.java:119)
	at org.junit.internal.runners.statements.InvokeMethod.evaluate(InvokeMethod.java:17)
	at org.junit.rules.TestWatcher$1.evaluate(TestWatcher.java:55)
	at org.junit.rules.RunRules.evaluate(RunRules.java:20)
	at org.junit.runners.ParentRunner.runLeaf(ParentRunner.java:325)
	at com.dotcms.junit.CustomDataProviderRunner.runChild(CustomDataProviderRunner.java:28)
	at com.dotcms.junit.CustomDataProviderRunner.runChild(CustomDataProviderRunner.java:13)
	at org.junit.runners.ParentRunner$3.run(ParentRunner.java:290)
	at org.junit.runners.ParentRunner$1.schedule(ParentRunner.java:71)
	at org.junit.runners.ParentRunner.runChildren(ParentRunner.java:288)
	at org.junit.runners.ParentRunner.access$000(ParentRunner.java:58)
	at org.junit.runners.ParentRunner$2.evaluate(ParentRunner.java:268)
	at org.junit.internal.runners.statements.RunBefores.evaluate(RunBefores.java:26)
	at org.junit.internal.runners.statements.RunAfters.evaluate(RunAfters.java:27)
	at org.junit.runners.ParentRunner.run(ParentRunner.java:363)
	at org.junit.runners.Suite.runChild(Suite.java:128)
	at org.junit.runners.Suite.runChild(Suite.java:27)
	at org.junit.runners.ParentRunner$3.run(ParentRunner.java:290)
	at org.junit.runners.ParentRunner$1.schedule(ParentRunner.java:71)
	at org.junit.runners.ParentRunner.runChildren(ParentRunner.java:288)
	at org.junit.runners.ParentRunner.access$000(ParentRunner.java:58)
	at org.junit.runners.ParentRunner$2.evaluate(ParentRunner.java:268)
	at org.junit.runners.ParentRunner.run(ParentRunner.java:363)
	at org.gradle.api.internal.tasks.testing.junit.JUnitTestClassExecutor.runTestClass(JUnitTestClassExecutor.java:106)
	at org.gradle.api.internal.tasks.testing.junit.JUnitTestClassExecutor.execute(JUnitTestClassExecutor.java:58)
	at org.gradle.api.internal.tasks.testing.junit.JUnitTestClassExecutor.execute(JUnitTestClassExecutor.java:38)
	at org.gradle.api.internal.tasks.testing.junit.AbstractJUnitTestClassProcessor.processTestClass(AbstractJUnitTestClassProcessor.java:66)
	at org.gradle.api.internal.tasks.testing.SuiteTestClassProcessor.processTestClass(SuiteTestClassProcessor.java:51)
	at sun.reflect.NativeMethodAccessorImpl.invoke0(Native Method)
	at sun.reflect.NativeMethodAccessorImpl.invoke(NativeMethodAccessorImpl.java:62)
	at sun.reflect.DelegatingMethodAccessorImpl.invoke(DelegatingMethodAccessorImpl.java:43)
	at java.lang.reflect.Method.invoke(Method.java:498)
	at org.gradle.internal.dispatch.ReflectionDispatch.dispatch(ReflectionDispatch.java:35)
	at org.gradle.internal.dispatch.ReflectionDispatch.dispatch(ReflectionDispatch.java:24)
	at org.gradle.internal.dispatch.ContextClassLoaderDispatch.dispatch(ContextClassLoaderDispatch.java:32)
	at org.gradle.internal.dispatch.ProxyDispatchAdapter$DispatchingInvocationHandler.invoke(ProxyDispatchAdapter.java:93)
	at com.sun.proxy.$Proxy2.processTestClass(Unknown Source)
	at org.gradle.api.internal.tasks.testing.worker.TestWorker.processTestClass(TestWorker.java:117)
	at sun.reflect.NativeMethodAccessorImpl.invoke0(Native Method)
	at sun.reflect.NativeMethodAccessorImpl.invoke(NativeMethodAccessorImpl.java:62)
	at sun.reflect.DelegatingMethodAccessorImpl.invoke(DelegatingMethodAccessorImpl.java:43)
	at java.lang.reflect.Method.invoke(Method.java:498)
	at org.gradle.internal.dispatch.ReflectionDispatch.dispatch(ReflectionDispatch.java:35)
	at org.gradle.internal.dispatch.ReflectionDispatch.dispatch(ReflectionDispatch.java:24)
	at org.gradle.internal.remote.internal.hub.MessageHubBackedObjectConnection$DispatchWrapper.dispatch(MessageHubBackedObjectConnection.java:155)
	at org.gradle.internal.remote.internal.hub.MessageHubBackedObjectConnection$DispatchWrapper.dispatch(MessageHubBackedObjectConnection.java:137)
	at org.gradle.internal.remote.internal.hub.MessageHub$Handler.run(MessageHub.java:404)
	at org.gradle.internal.concurrent.ExecutorPolicy$CatchAndRecordFailures.onExecute(ExecutorPolicy.java:63)
	at org.gradle.internal.concurrent.ManagedExecutorImpl$1.run(ManagedExecutorImpl.java:46)
	at java.util.concurrent.ThreadPoolExecutor.runWorker(ThreadPoolExecutor.java:1149)
	at java.util.concurrent.ThreadPoolExecutor$Worker.run(ThreadPoolExecutor.java:624)
	at org.gradle.internal.concurrent.ThreadFactoryImpl$ManagedThreadRunnable.run(ThreadFactoryImpl.java:55)
	at java.lang.Thread.run(Thread.java:748)
</pre>
</span>
</div>
<div class="test">
<a name="publish[9: com.dotcms.publishing.PublisherAPIImplTest$TestCase@79a61b94]"></a>
<h3 class="failures">publish[9: com.dotcms.publishing.PublisherAPIImplTest$TestCase@79a61b94]</h3>
<span class="code">
<pre>java.lang.AssertionError: Expected 24 but get 26 in /custom/assets/bundles/01EYVMBVXT8MD37Y7CSW624YQT
Expected [/custom/assets/bundles/01EYVMBVXT8MD37Y7CSW624YQT/live/System Host/1/b6c91117-e27c-4e90-a878-4c96e1555f9d.contentworkflow.xml, /custom/assets/bundles/01EYVMBVXT8MD37Y7CSW624YQT/working/System Host/1/3-content.e798fadb-0df7-46a7-80ef-c2638a5f3814.content.xml, /custom/assets/bundles/01EYVMBVXT8MD37Y7CSW624YQT/working/System Host/2e17a602-127a-48ac-9834-f99594102596.category.dpc.xml, /custom/assets/bundles/01EYVMBVXT8MD37Y7CSW624YQT/live/System Host/1/content.ff462f88-d9e1-4d31-b084-b73cb61976d3.host.xml, /custom/assets/bundles/01EYVMBVXT8MD37Y7CSW624YQT/working/System Host/1/732a2f1a-1e55-4246-9cad-70509c8cbd16.contentworkflow.xml, /custom/assets/bundles/01EYVMBVXT8MD37Y7CSW624YQT/live/System Host/1properties, /custom/assets/bundles/01EYVMBVXT8MD37Y7CSW624YQT/live/System Host/1/2-content.6533e62e-e14e-42c1-9d83-046693190f44.content.xml, /custom/assets/bundles/01EYVMBVXT8MD37Y7CSW624YQT/live/default/1613684989926/5199800b-d29c-4fa5-b16b-827ee8c7fd2e.contentworkflow.xml, /custom/assets/bundles/01EYVMBVXT8MD37Y7CSW624YQT/live/default/eee817bb-70c4-43e3-a565-706bab25906b.rule.xml, /custom/assets/bundles/01EYVMBVXT8MD37Y7CSW624YQT/f1523a82-1a83-4e85-ae35-cf43a4784523.workflow.xml, /custom/assets/bundles/01EYVMBVXT8MD37Y7CSW624YQT/live/System Host/1/content.db2fdc08-fe50-4aec-a6d1-0ca6c0f3fd89.host.xml, /custom/assets/bundles/01EYVMBVXT8MD37Y7CSW624YQT/working/test1613682797982.dotcms.com/7628ff78-5a18-4164-96ae-fe5b69bca5b7.contentType.json, /custom/assets/bundles/01EYVMBVXT8MD37Y7CSW624YQT/live/System Host/1/1-content.e798fadb-0df7-46a7-80ef-c2638a5f3814.content.xml, /custom/assets/bundles/01EYVMBVXT8MD37Y7CSW624YQT/working/test1613682797982.dotcms.com/fb4b6d79-5e1a-4d0b-b4f4-6a856aaf7a83.relationship.xml, /custom/assets/bundles/01EYVMBVXT8MD37Y7CSW624YQT/live/System Host/1/732a2f1a-1e55-4246-9cad-70509c8cbd16.contentworkflow.xml, /custom/assets/bundles/01EYVMBVXT8MD37Y7CSW624YQT/live/System Host/en_US.language.xml, /custom/assets/bundles/01EYVMBVXT8MD37Y7CSW624YQT/working/System Host/f4d7c1b8-2c88-4071-abf1-a5328977b07d.contentType.json, /custom/assets/bundles/01EYVMBVXT8MD37Y7CSW624YQT/working/System Host/1/content.ff462f88-d9e1-4d31-b084-b73cb61976d3.host.xml, /custom/assets/bundles/01EYVMBVXT8MD37Y7CSW624YQT/live/default/1613684989926/0-content.5b4f6053-78c8-4601-bc3d-d0478c778511.content.xml, /custom/assets/bundles/01EYVMBVXT8MD37Y7CSW624YQT/live/System Host/1613684989926properties, /custom/assets/bundles/01EYVMBVXT8MD37Y7CSW624YQT/working/test1613682797982.dotcms.com/f591dd44-a4fc-4e5b-981a-1645390b87b8.contentType.json, /custom/assets/bundles/01EYVMBVXT8MD37Y7CSW624YQT/d61a59e1-a49c-46f2-a929-db2b4bfa88b2.workflow.xml, /custom/assets/bundles/01EYVMBVXT8MD37Y7CSW624YQT/live/System Host/xj_RS.language.xml]
Existing [/custom/assets/bundles/01EYVMBVXT8MD37Y7CSW624YQT/ROOT/bc9a1d37-dd2d-4d49-a29d-0c9be740bfaf.folder.xml, /custom/assets/bundles/01EYVMBVXT8MD37Y7CSW624YQT/bundle.xml, /custom/assets/bundles/01EYVMBVXT8MD37Y7CSW624YQT/d61a59e1-a49c-46f2-a929-db2b4bfa88b2.workflow.xml, /custom/assets/bundles/01EYVMBVXT8MD37Y7CSW624YQT/f1523a82-1a83-4e85-ae35-cf43a4784523.workflow.xml, /custom/assets/bundles/01EYVMBVXT8MD37Y7CSW624YQT/live/System Host/1/1-content.e798fadb-0df7-46a7-80ef-c2638a5f3814.content.xml, /custom/assets/bundles/01EYVMBVXT8MD37Y7CSW624YQT/live/System Host/1/2-content.6533e62e-e14e-42c1-9d83-046693190f44.content.xml, /custom/assets/bundles/01EYVMBVXT8MD37Y7CSW624YQT/live/System Host/1/732a2f1a-1e55-4246-9cad-70509c8cbd16.contentworkflow.xml, /custom/assets/bundles/01EYVMBVXT8MD37Y7CSW624YQT/live/System Host/1/b6c91117-e27c-4e90-a878-4c96e1555f9d.contentworkflow.xml, /custom/assets/bundles/01EYVMBVXT8MD37Y7CSW624YQT/live/System Host/1/content.db2fdc08-fe50-4aec-a6d1-0ca6c0f3fd89.host.xml, /custom/assets/bundles/01EYVMBVXT8MD37Y7CSW624YQT/live/System Host/1/content.ff462f88-d9e1-4d31-b084-b73cb61976d3.host.xml, /custom/assets/bundles/01EYVMBVXT8MD37Y7CSW624YQT/live/System Host/1/system host.host.xml, /custom/assets/bundles/01EYVMBVXT8MD37Y7CSW624YQT/live/System Host/1613684989926properties, /custom/assets/bundles/01EYVMBVXT8MD37Y7CSW624YQT/live/System Host/1properties, /custom/assets/bundles/01EYVMBVXT8MD37Y7CSW624YQT/live/System Host/en_US.language.xml, /custom/assets/bundles/01EYVMBVXT8MD37Y7CSW624YQT/live/System Host/xj_RS.language.xml, /custom/assets/bundles/01EYVMBVXT8MD37Y7CSW624YQT/live/default/1613684989926/0-content.5b4f6053-78c8-4601-bc3d-d0478c778511.content.xml, /custom/assets/bundles/01EYVMBVXT8MD37Y7CSW624YQT/live/default/1613684989926/5199800b-d29c-4fa5-b16b-827ee8c7fd2e.contentworkflow.xml, /custom/assets/bundles/01EYVMBVXT8MD37Y7CSW624YQT/live/default/eee817bb-70c4-43e3-a565-706bab25906b.rule.xml, /custom/assets/bundles/01EYVMBVXT8MD37Y7CSW624YQT/working/System Host/1/3-content.e798fadb-0df7-46a7-80ef-c2638a5f3814.content.xml, /custom/assets/bundles/01EYVMBVXT8MD37Y7CSW624YQT/working/System Host/1/732a2f1a-1e55-4246-9cad-70509c8cbd16.contentworkflow.xml, /custom/assets/bundles/01EYVMBVXT8MD37Y7CSW624YQT/working/System Host/1/content.ff462f88-d9e1-4d31-b084-b73cb61976d3.host.xml, /custom/assets/bundles/01EYVMBVXT8MD37Y7CSW624YQT/working/System Host/2e17a602-127a-48ac-9834-f99594102596.category.dpc.xml, /custom/assets/bundles/01EYVMBVXT8MD37Y7CSW624YQT/working/System Host/f4d7c1b8-2c88-4071-abf1-a5328977b07d.contentType.json, /custom/assets/bundles/01EYVMBVXT8MD37Y7CSW624YQT/working/test1613682797982.dotcms.com/7628ff78-5a18-4164-96ae-fe5b69bca5b7.contentType.json, /custom/assets/bundles/01EYVMBVXT8MD37Y7CSW624YQT/working/test1613682797982.dotcms.com/f591dd44-a4fc-4e5b-981a-1645390b87b8.contentType.json, /custom/assets/bundles/01EYVMBVXT8MD37Y7CSW624YQT/working/test1613682797982.dotcms.com/fb4b6d79-5e1a-4d0b-b4f4-6a856aaf7a83.relationship.xml]
difference [/custom/assets/bundles/01EYVMBVXT8MD37Y7CSW624YQT/ROOT/bc9a1d37-dd2d-4d49-a29d-0c9be740bfaf.folder.xml, /custom/assets/bundles/01EYVMBVXT8MD37Y7CSW624YQT/bundle.xml, /custom/assets/bundles/01EYVMBVXT8MD37Y7CSW624YQT/live/System Host/1/system host.host.xml]

	at org.jgroups.util.Util.assertEquals(Util.java:185)
	at com.dotcms.publishing.PublisherAPIImplTest.publish(PublisherAPIImplTest.java:407)
	at sun.reflect.NativeMethodAccessorImpl.invoke0(Native Method)
	at sun.reflect.NativeMethodAccessorImpl.invoke(NativeMethodAccessorImpl.java:62)
	at sun.reflect.DelegatingMethodAccessorImpl.invoke(DelegatingMethodAccessorImpl.java:43)
	at java.lang.reflect.Method.invoke(Method.java:498)
	at org.junit.runners.model.FrameworkMethod$1.runReflectiveCall(FrameworkMethod.java:50)
	at org.junit.internal.runners.model.ReflectiveCallable.run(ReflectiveCallable.java:12)
	at org.junit.runners.model.FrameworkMethod.invokeExplosively(FrameworkMethod.java:47)
	at com.tngtech.java.junit.dataprovider.DataProviderFrameworkMethod.invokeExplosively(DataProviderFrameworkMethod.java:119)
	at org.junit.internal.runners.statements.InvokeMethod.evaluate(InvokeMethod.java:17)
	at org.junit.rules.TestWatcher$1.evaluate(TestWatcher.java:55)
	at org.junit.rules.RunRules.evaluate(RunRules.java:20)
	at org.junit.runners.ParentRunner.runLeaf(ParentRunner.java:325)
	at com.dotcms.junit.CustomDataProviderRunner.runChild(CustomDataProviderRunner.java:28)
	at com.dotcms.junit.CustomDataProviderRunner.runChild(CustomDataProviderRunner.java:13)
	at org.junit.runners.ParentRunner$3.run(ParentRunner.java:290)
	at org.junit.runners.ParentRunner$1.schedule(ParentRunner.java:71)
	at org.junit.runners.ParentRunner.runChildren(ParentRunner.java:288)
	at org.junit.runners.ParentRunner.access$000(ParentRunner.java:58)
	at org.junit.runners.ParentRunner$2.evaluate(ParentRunner.java:268)
	at org.junit.internal.runners.statements.RunBefores.evaluate(RunBefores.java:26)
	at org.junit.internal.runners.statements.RunAfters.evaluate(RunAfters.java:27)
	at org.junit.runners.ParentRunner.run(ParentRunner.java:363)
	at org.junit.runners.Suite.runChild(Suite.java:128)
	at org.junit.runners.Suite.runChild(Suite.java:27)
	at org.junit.runners.ParentRunner$3.run(ParentRunner.java:290)
	at org.junit.runners.ParentRunner$1.schedule(ParentRunner.java:71)
	at org.junit.runners.ParentRunner.runChildren(ParentRunner.java:288)
	at org.junit.runners.ParentRunner.access$000(ParentRunner.java:58)
	at org.junit.runners.ParentRunner$2.evaluate(ParentRunner.java:268)
	at org.junit.runners.ParentRunner.run(ParentRunner.java:363)
	at org.gradle.api.internal.tasks.testing.junit.JUnitTestClassExecutor.runTestClass(JUnitTestClassExecutor.java:106)
	at org.gradle.api.internal.tasks.testing.junit.JUnitTestClassExecutor.execute(JUnitTestClassExecutor.java:58)
	at org.gradle.api.internal.tasks.testing.junit.JUnitTestClassExecutor.execute(JUnitTestClassExecutor.java:38)
	at org.gradle.api.internal.tasks.testing.junit.AbstractJUnitTestClassProcessor.processTestClass(AbstractJUnitTestClassProcessor.java:66)
	at org.gradle.api.internal.tasks.testing.SuiteTestClassProcessor.processTestClass(SuiteTestClassProcessor.java:51)
	at sun.reflect.NativeMethodAccessorImpl.invoke0(Native Method)
	at sun.reflect.NativeMethodAccessorImpl.invoke(NativeMethodAccessorImpl.java:62)
	at sun.reflect.DelegatingMethodAccessorImpl.invoke(DelegatingMethodAccessorImpl.java:43)
	at java.lang.reflect.Method.invoke(Method.java:498)
	at org.gradle.internal.dispatch.ReflectionDispatch.dispatch(ReflectionDispatch.java:35)
	at org.gradle.internal.dispatch.ReflectionDispatch.dispatch(ReflectionDispatch.java:24)
	at org.gradle.internal.dispatch.ContextClassLoaderDispatch.dispatch(ContextClassLoaderDispatch.java:32)
	at org.gradle.internal.dispatch.ProxyDispatchAdapter$DispatchingInvocationHandler.invoke(ProxyDispatchAdapter.java:93)
	at com.sun.proxy.$Proxy2.processTestClass(Unknown Source)
	at org.gradle.api.internal.tasks.testing.worker.TestWorker.processTestClass(TestWorker.java:117)
	at sun.reflect.NativeMethodAccessorImpl.invoke0(Native Method)
	at sun.reflect.NativeMethodAccessorImpl.invoke(NativeMethodAccessorImpl.java:62)
	at sun.reflect.DelegatingMethodAccessorImpl.invoke(DelegatingMethodAccessorImpl.java:43)
	at java.lang.reflect.Method.invoke(Method.java:498)
	at org.gradle.internal.dispatch.ReflectionDispatch.dispatch(ReflectionDispatch.java:35)
	at org.gradle.internal.dispatch.ReflectionDispatch.dispatch(ReflectionDispatch.java:24)
	at org.gradle.internal.remote.internal.hub.MessageHubBackedObjectConnection$DispatchWrapper.dispatch(MessageHubBackedObjectConnection.java:155)
	at org.gradle.internal.remote.internal.hub.MessageHubBackedObjectConnection$DispatchWrapper.dispatch(MessageHubBackedObjectConnection.java:137)
	at org.gradle.internal.remote.internal.hub.MessageHub$Handler.run(MessageHub.java:404)
	at org.gradle.internal.concurrent.ExecutorPolicy$CatchAndRecordFailures.onExecute(ExecutorPolicy.java:63)
	at org.gradle.internal.concurrent.ManagedExecutorImpl$1.run(ManagedExecutorImpl.java:46)
	at java.util.concurrent.ThreadPoolExecutor.runWorker(ThreadPoolExecutor.java:1149)
	at java.util.concurrent.ThreadPoolExecutor$Worker.run(ThreadPoolExecutor.java:624)
	at org.gradle.internal.concurrent.ThreadFactoryImpl$ManagedThreadRunnable.run(ThreadFactoryImpl.java:55)
	at java.lang.Thread.run(Thread.java:748)
</pre>
</span>
</div>
</div>
<div id="tab1" class="tab">
<h2>Tests</h2>
<table>
<thead>
<tr>
<th>Test</th>
<th>Duration</th>
<th>Result</th>
</tr>
</thead>
<tr>
<td class="failures">publish[0: com.dotcms.publishing.PublisherAPIImplTest$TestCase@6417794b]</td>
<td class="failures">0.194s</td>
<td class="failures">failed</td>
</tr>
<tr>
<td class="failures">publish[10: com.dotcms.publishing.PublisherAPIImplTest$TestCase@217acbb4]</td>
<td class="failures">0.086s</td>
<td class="failures">failed</td>
</tr>
<tr>
<td class="failures">publish[11: com.dotcms.publishing.PublisherAPIImplTest$TestCase@3bc81029]</td>
<td class="failures">0.104s</td>
<td class="failures">failed</td>
</tr>
<tr>
<td class="failures">publish[12: com.dotcms.publishing.PublisherAPIImplTest$TestCase@7ab21d94]</td>
<td class="failures">0.197s</td>
<td class="failures">failed</td>
</tr>
<tr>
<td class="failures">publish[13: com.dotcms.publishing.PublisherAPIImplTest$TestCase@3301c3ed]</td>
<td class="failures">0.100s</td>
<td class="failures">failed</td>
</tr>
<tr>
<td class="failures">publish[14: com.dotcms.publishing.PublisherAPIImplTest$TestCase@44d18952]</td>
<td class="failures">0.135s</td>
<td class="failures">failed</td>
</tr>
<tr>
<td class="failures">publish[15: com.dotcms.publishing.PublisherAPIImplTest$TestCase@3fe380b9]</td>
<td class="failures">0.083s</td>
<td class="failures">failed</td>
</tr>
<tr>
<td class="failures">publish[16: com.dotcms.publishing.PublisherAPIImplTest$TestCase@55d7746c]</td>
<td class="failures">0.064s</td>
<td class="failures">failed</td>
</tr>
<tr>
<td class="failures">publish[17: com.dotcms.publishing.PublisherAPIImplTest$TestCase@68f4db90]</td>
<td class="failures">0.038s</td>
<td class="failures">failed</td>
</tr>
<tr>
<td class="failures">publish[1: com.dotcms.publishing.PublisherAPIImplTest$TestCase@4b46c3c3]</td>
<td class="failures">0.124s</td>
<td class="failures">failed</td>
</tr>
<tr>
<td class="failures">publish[2: com.dotcms.publishing.PublisherAPIImplTest$TestCase@c6c92af]</td>
<td class="failures">0.098s</td>
<td class="failures">failed</td>
</tr>
<tr>
<td class="failures">publish[3: com.dotcms.publishing.PublisherAPIImplTest$TestCase@432c4829]</td>
<td class="failures">0.178s</td>
<td class="failures">failed</td>
</tr>
<tr>
<td class="failures">publish[4: com.dotcms.publishing.PublisherAPIImplTest$TestCase@1caeac26]</td>
<td class="failures">0.203s</td>
<td class="failures">failed</td>
</tr>
<tr>
<td class="failures">publish[5: com.dotcms.publishing.PublisherAPIImplTest$TestCase@618b3cab]</td>
<td class="failures">0.087s</td>
<td class="failures">failed</td>
</tr>
<tr>
<td class="failures">publish[6: com.dotcms.publishing.PublisherAPIImplTest$TestCase@99a33df]</td>
<td class="failures">0.083s</td>
<td class="failures">failed</td>
</tr>
<tr>
<td class="failures">publish[7: com.dotcms.publishing.PublisherAPIImplTest$TestCase@28565fc5]</td>
<td class="failures">0.083s</td>
<td class="failures">failed</td>
</tr>
<tr>
<td class="failures">publish[8: com.dotcms.publishing.PublisherAPIImplTest$TestCase@41701975]</td>
<td class="failures">0.055s</td>
<td class="failures">failed</td>
</tr>
<tr>
<td class="failures">publish[9: com.dotcms.publishing.PublisherAPIImplTest$TestCase@79a61b94]</td>
<td class="failures">0.072s</td>
<td class="failures">failed</td>
</tr>
</table>
</div>
<div id="tab2" class="tab">
<h2>Standard output</h2>
<span class="code">
<pre>

















</pre>
</span>
</div>
</div>
<div id="footer">
<p>
<div>
<label class="hidden" id="label-for-line-wrapping-toggle" for="line-wrapping-toggle">Wrap lines
<input id="line-wrapping-toggle" type="checkbox" autocomplete="off"/>
</label>
</div>Generated by 
<a href="http://www.gradle.org">Gradle 4.10.2</a> at Feb 18, 2021 10:32:31 PM</p>
</div>
</div>
</body>
</html>
