<!DOCTYPE html>
<html>
<head>
<meta http-equiv="Content-Type" content="text/html; charset=utf-8"/>
<meta http-equiv="x-ua-compatible" content="IE=edge"/>
<title>Test results - Class com.dotcms.content.elasticsearch.util.ESMappingUtilHelperTest</title>
<link href="../css/base-style.css" rel="stylesheet" type="text/css"/>
<link href="../css/style.css" rel="stylesheet" type="text/css"/>
<script src="../js/report.js" type="text/javascript"></script>
</head>
<body>
<div id="content">
<h1>Class com.dotcms.content.elasticsearch.util.ESMappingUtilHelperTest</h1>
<div class="breadcrumbs">
<a href="../index.html">all</a> &gt; 
<a href="../packages/com.dotcms.content.elasticsearch.util.html">com.dotcms.content.elasticsearch.util</a> &gt; ESMappingUtilHelperTest</div>
<div id="summary">
<table>
<tr>
<td>
<div class="summaryGroup">
<table>
<tr>
<td>
<div class="infoBox" id="tests">
<div class="counter">26</div>
<p>tests</p>
</div>
</td>
<td>
<div class="infoBox" id="failures">
<div class="counter">1</div>
<p>failures</p>
</div>
</td>
<td>
<div class="infoBox" id="ignored">
<div class="counter">0</div>
<p>ignored</p>
</div>
</td>
<td>
<div class="infoBox" id="duration">
<div class="counter">19m27.65s</div>
<p>duration</p>
</div>
</td>
</tr>
</table>
</div>
</td>
<td>
<div class="infoBox failures" id="successRate">
<div class="percent">96%</div>
<p>successful</p>
</div>
</td>
</tr>
</table>
</div>
<div id="tabs">
<ul class="tabLinks">
<li>
<a href="#tab0">Failed tests</a>
</li>
<li>
<a href="#tab1">Tests</a>
</li>
<li>
<a href="#tab2">Standard error</a>
</li>
</ul>
<div id="tab0" class="tab">
<h2>Failed tests</h2>
<div class="test">
<a name="Test Name: testValidateNewsLikeMapping. Mapping Name: keywordmapping"></a>
<h3 class="failures">Test Name: testValidateNewsLikeMapping. Mapping Name: keywordmapping</h3>
<span class="code">
<pre>com.dotmarketing.exception.DotHibernateException: Unable to close Hibernate Session 
	at com.dotmarketing.db.HibernateUtil.commitTransaction(HibernateUtil.java:1158)
	at com.dotmarketing.db.LocalTransaction.wrapReturnWithListeners(LocalTransaction.java:62)
	at com.dotcms.aspects.interceptors.WrapInTransactionMethodInterceptor.invoke(WrapInTransactionMethodInterceptor.java:23)
	at com.dotcms.aspects.aspectj.WrapInTransactionAspect.invoke(WrapInTransactionAspect.java:41)
	at com.dotcms.content.elasticsearch.business.ESContentletAPIImpl.checkin(ESContentletAPIImpl.java:4138)
	at com.dotcms.content.elasticsearch.business.ESContentletAPIImpl.checkin_aroundBody138(ESContentletAPIImpl.java:4090)
	at com.dotcms.content.elasticsearch.business.ESContentletAPIImpl$AjcClosure139.run(ESContentletAPIImpl.java:1)
	at org.aspectj.runtime.reflect.JoinPointImpl.proceed(JoinPointImpl.java:149)
	at com.dotcms.aspects.aspectj.AspectJDelegateMethodInvocation.proceed(AspectJDelegateMethodInvocation.java:42)
	at com.dotcms.aspects.interceptors.CloseDBIfOpenedMethodInterceptor.invoke(CloseDBIfOpenedMethodInterceptor.java:29)
	at com.dotcms.aspects.aspectj.CloseDBIfOpenedAspect.invoke(CloseDBIfOpenedAspect.java:41)
	at com.dotcms.content.elasticsearch.business.ESContentletAPIImpl.checkin(ESContentletAPIImpl.java:4083)
	at com.dotcms.content.elasticsearch.business.ESContentletAPIImpl.checkin(ESContentletAPIImpl.java:4065)
	at com.dotcms.content.elasticsearch.business.ESContentletAPIImpl.checkin_aroundBody126(ESContentletAPIImpl.java:4014)
	at com.dotcms.content.elasticsearch.business.ESContentletAPIImpl$AjcClosure127.run(ESContentletAPIImpl.java:1)
	at org.aspectj.runtime.reflect.JoinPointImpl.proceed(JoinPointImpl.java:149)
	at com.dotcms.aspects.aspectj.AspectJDelegateMethodInvocation.proceed(AspectJDelegateMethodInvocation.java:42)
	at com.dotcms.aspects.interceptors.CloseDBIfOpenedMethodInterceptor.invoke(CloseDBIfOpenedMethodInterceptor.java:29)
	at com.dotcms.aspects.aspectj.CloseDBIfOpenedAspect.invoke(CloseDBIfOpenedAspect.java:41)
	at com.dotcms.content.elasticsearch.business.ESContentletAPIImpl.checkin(ESContentletAPIImpl.java:4011)
	at com.dotmarketing.portlets.contentlet.business.ContentletAPIInterceptor.checkin(ContentletAPIInterceptor.java:194)
	at com.dotcms.content.elasticsearch.util.ESMappingUtilHelperTest.testValidateNewsLikeMapping(ESMappingUtilHelperTest.java:466)
	at sun.reflect.NativeMethodAccessorImpl.invoke0(Native Method)
	at sun.reflect.NativeMethodAccessorImpl.invoke(NativeMethodAccessorImpl.java:62)
	at sun.reflect.DelegatingMethodAccessorImpl.invoke(DelegatingMethodAccessorImpl.java:43)
	at java.lang.reflect.Method.invoke(Method.java:498)
	at org.junit.runners.model.FrameworkMethod$1.runReflectiveCall(FrameworkMethod.java:50)
	at org.junit.internal.runners.model.ReflectiveCallable.run(ReflectiveCallable.java:12)
	at org.junit.runners.model.FrameworkMethod.invokeExplosively(FrameworkMethod.java:47)
	at com.tngtech.java.junit.dataprovider.DataProviderFrameworkMethod.invokeExplosively(DataProviderFrameworkMethod.java:119)
	at org.junit.internal.runners.statements.InvokeMethod.evaluate(InvokeMethod.java:17)
	at org.junit.rules.TestWatcher$1.evaluate(TestWatcher.java:55)
	at org.junit.rules.RunRules.evaluate(RunRules.java:20)
	at org.junit.runners.ParentRunner.runLeaf(ParentRunner.java:325)
	at com.dotcms.junit.CustomDataProviderRunner.runChild(CustomDataProviderRunner.java:28)
	at com.dotcms.junit.CustomDataProviderRunner.runChild(CustomDataProviderRunner.java:13)
	at org.junit.runners.ParentRunner$3.run(ParentRunner.java:290)
	at org.junit.runners.ParentRunner$1.schedule(ParentRunner.java:71)
	at org.junit.runners.ParentRunner.runChildren(ParentRunner.java:288)
	at org.junit.runners.ParentRunner.access$000(ParentRunner.java:58)
	at org.junit.runners.ParentRunner$2.evaluate(ParentRunner.java:268)
	at org.junit.internal.runners.statements.RunBefores.evaluate(RunBefores.java:26)
	at org.junit.runners.ParentRunner.run(ParentRunner.java:363)
	at org.junit.runners.Suite.runChild(Suite.java:128)
	at org.junit.runners.Suite.runChild(Suite.java:27)
	at org.junit.runners.ParentRunner$3.run(ParentRunner.java:290)
	at org.junit.runners.ParentRunner$1.schedule(ParentRunner.java:71)
	at org.junit.runners.ParentRunner.runChildren(ParentRunner.java:288)
	at org.junit.runners.ParentRunner.access$000(ParentRunner.java:58)
	at org.junit.runners.ParentRunner$2.evaluate(ParentRunner.java:268)
	at org.junit.runners.ParentRunner.run(ParentRunner.java:363)
	at org.gradle.api.internal.tasks.testing.junit.JUnitTestClassExecutor.runTestClass(JUnitTestClassExecutor.java:106)
	at org.gradle.api.internal.tasks.testing.junit.JUnitTestClassExecutor.execute(JUnitTestClassExecutor.java:58)
	at org.gradle.api.internal.tasks.testing.junit.JUnitTestClassExecutor.execute(JUnitTestClassExecutor.java:38)
	at org.gradle.api.internal.tasks.testing.junit.AbstractJUnitTestClassProcessor.processTestClass(AbstractJUnitTestClassProcessor.java:66)
	at org.gradle.api.internal.tasks.testing.SuiteTestClassProcessor.processTestClass(SuiteTestClassProcessor.java:51)
	at sun.reflect.NativeMethodAccessorImpl.invoke0(Native Method)
	at sun.reflect.NativeMethodAccessorImpl.invoke(NativeMethodAccessorImpl.java:62)
	at sun.reflect.DelegatingMethodAccessorImpl.invoke(DelegatingMethodAccessorImpl.java:43)
	at java.lang.reflect.Method.invoke(Method.java:498)
	at org.gradle.internal.dispatch.ReflectionDispatch.dispatch(ReflectionDispatch.java:35)
	at org.gradle.internal.dispatch.ReflectionDispatch.dispatch(ReflectionDispatch.java:24)
	at org.gradle.internal.dispatch.ContextClassLoaderDispatch.dispatch(ContextClassLoaderDispatch.java:32)
	at org.gradle.internal.dispatch.ProxyDispatchAdapter$DispatchingInvocationHandler.invoke(ProxyDispatchAdapter.java:93)
	at com.sun.proxy.$Proxy2.processTestClass(Unknown Source)
	at org.gradle.api.internal.tasks.testing.worker.TestWorker.processTestClass(TestWorker.java:117)
	at sun.reflect.NativeMethodAccessorImpl.invoke0(Native Method)
	at sun.reflect.NativeMethodAccessorImpl.invoke(NativeMethodAccessorImpl.java:62)
	at sun.reflect.DelegatingMethodAccessorImpl.invoke(DelegatingMethodAccessorImpl.java:43)
	at java.lang.reflect.Method.invoke(Method.java:498)
	at org.gradle.internal.dispatch.ReflectionDispatch.dispatch(ReflectionDispatch.java:35)
	at org.gradle.internal.dispatch.ReflectionDispatch.dispatch(ReflectionDispatch.java:24)
	at org.gradle.internal.remote.internal.hub.MessageHubBackedObjectConnection$DispatchWrapper.dispatch(MessageHubBackedObjectConnection.java:155)
	at org.gradle.internal.remote.internal.hub.MessageHubBackedObjectConnection$DispatchWrapper.dispatch(MessageHubBackedObjectConnection.java:137)
	at org.gradle.internal.remote.internal.hub.MessageHub$Handler.run(MessageHub.java:404)
	at org.gradle.internal.concurrent.ExecutorPolicy$CatchAndRecordFailures.onExecute(ExecutorPolicy.java:63)
	at org.gradle.internal.concurrent.ManagedExecutorImpl$1.run(ManagedExecutorImpl.java:46)
	at java.util.concurrent.ThreadPoolExecutor.runWorker(ThreadPoolExecutor.java:1149)
	at java.util.concurrent.ThreadPoolExecutor$Worker.run(ThreadPoolExecutor.java:624)
	at org.gradle.internal.concurrent.ThreadFactoryImpl$ManagedThreadRunnable.run(ThreadFactoryImpl.java:55)
	at java.lang.Thread.run(Thread.java:748)
Caused by: com.dotmarketing.business.DotStateException: An error occurred when mapping properties of Contentlet with ID 'dd130483-4015-448c-990c-37c63ebb13e6': Content Type with ID 'a7536c17-22ae-4ea5-b347-563f13ed9bc6' was not found via API.
	at com.dotmarketing.db.DotRunnableThread.run(DotRunnableThread.java:56)
	at com.dotmarketing.db.HibernateUtil.finalizeCommitListeners(HibernateUtil.java:1068)
	at com.dotmarketing.db.HibernateUtil.commitTransaction(HibernateUtil.java:1152)
	... 80 more
Caused by: com.dotcms.content.business.DotMappingException: An error occurred when mapping properties of Contentlet with ID 'dd130483-4015-448c-990c-37c63ebb13e6': Content Type with ID 'a7536c17-22ae-4ea5-b347-563f13ed9bc6' was not found via API.
	at com.dotcms.content.elasticsearch.business.ESMappingAPIImpl.toMap_aroundBody0(ESMappingAPIImpl.java:389)
	at com.dotcms.content.elasticsearch.business.ESMappingAPIImpl$AjcClosure1.run(ESMappingAPIImpl.java:1)
	at org.aspectj.runtime.reflect.JoinPointImpl.proceed(JoinPointImpl.java:149)
	at com.dotcms.aspects.aspectj.AspectJDelegateMethodInvocation.proceed(AspectJDelegateMethodInvocation.java:42)
	at com.dotcms.aspects.interceptors.CloseDBIfOpenedMethodInterceptor.invoke(CloseDBIfOpenedMethodInterceptor.java:29)
	at com.dotcms.aspects.aspectj.CloseDBIfOpenedAspect.invoke(CloseDBIfOpenedAspect.java:41)
	at com.dotcms.content.elasticsearch.business.ESMappingAPIImpl.toMap(ESMappingAPIImpl.java:211)
	at com.dotcms.content.elasticsearch.business.ContentletIndexAPIImpl.addBulkRequest(ContentletIndexAPIImpl.java:747)
	at com.dotcms.content.elasticsearch.business.ContentletIndexAPIImpl.appendBulkRequest(ContentletIndexAPIImpl.java:710)
	at com.dotcms.content.elasticsearch.business.ContentletIndexAPIImpl.createBulkRequest(ContentletIndexAPIImpl.java:598)
	at com.dotcms.content.elasticsearch.business.ContentletIndexAPIImpl.indexContentListNow(ContentletIndexAPIImpl.java:550)
	at com.dotcms.content.elasticsearch.business.ContentletIndexAPIImpl.addContentToIndex(ContentletIndexAPIImpl.java:544)
	at com.dotcms.content.elasticsearch.business.ContentletIndexAPIImpl.lambda$3(ContentletIndexAPIImpl.java:503)
	at com.dotmarketing.db.HibernateUtil$DotSyncRunnable.run(HibernateUtil.java:929)
	at com.dotmarketing.db.DotRunnableThread.internalRunner(DotRunnableThread.java:99)
	at com.dotmarketing.db.LocalTransaction.wrap(LocalTransaction.java:158)
	at com.dotmarketing.db.DotRunnableThread.run(DotRunnableThread.java:53)
	... 82 more
Caused by: com.dotmarketing.exception.DotDataException: Content Type with ID 'a7536c17-22ae-4ea5-b347-563f13ed9bc6' was not found via API.
	at com.dotcms.content.elasticsearch.business.ESMappingAPIImpl.toMap_aroundBody0(ESMappingAPIImpl.java:238)
	... 98 more
</pre>
</span>
</div>
</div>
<div id="tab1" class="tab">
<h2>Tests</h2>
<table>
<thead>
<tr>
<th>Test</th>
<th>Duration</th>
<th>Result</th>
</tr>
</thead>
<tr>
<td class="success">Test Name: testAddMappingForFields. Mapping Name: dates_as_text</td>
<td class="success">1m4.36s</td>
<td class="success">passed</td>
</tr>
<tr>
<td class="success">Test Name: testAddMappingForFields. Mapping Name: geomapping</td>
<td class="success">1m8.77s</td>
<td class="success">passed</td>
</tr>
<tr>
<td class="success">Test Name: testAddMappingForFields. Mapping Name: keywordmapping</td>
<td class="success">1m10.22s</td>
<td class="success">passed</td>
</tr>
<tr>
<td class="success">Test Name: testAddMappingForFields. Mapping Name: permissions</td>
<td class="success">1m9.84s</td>
<td class="success">passed</td>
</tr>
<tr>
<td class="success">Test Name: testAddMappingForFields. Mapping Name: radio_as_boolean</td>
<td class="success">1m11.29s</td>
<td class="success">passed</td>
</tr>
<tr>
<td class="success">Test Name: testAddMappingForFields. Mapping Name: radio_as_float</td>
<td class="success">1m7.86s</td>
<td class="success">passed</td>
</tr>
<tr>
<td class="success">Test Name: testAddMappingForFields. Mapping Name: radio_as_integer</td>
<td class="success">1m8.48s</td>
<td class="success">passed</td>
</tr>
<tr>
<td class="success">Test Name: testAddMappingForFields. Mapping Name: select_as_boolean</td>
<td class="success">1m9.48s</td>
<td class="success">passed</td>
</tr>
<tr>
<td class="success">Test Name: testAddMappingForFields. Mapping Name: select_as_float</td>
<td class="success">1m11.87s</td>
<td class="success">passed</td>
</tr>
<tr>
<td class="success">Test Name: testAddMappingForFields. Mapping Name: select_as_integer</td>
<td class="success">1m11.15s</td>
<td class="success">passed</td>
</tr>
<tr>
<td class="success">Test Name: testAddMappingForFields. Mapping Name: strings_as_date_times</td>
<td class="success">1m6.08s</td>
<td class="success">passed</td>
</tr>
<tr>
<td class="success">Test Name: testAddMappingForFields. Mapping Name: strings_as_dates</td>
<td class="success">1m1.45s</td>
<td class="success">passed</td>
</tr>
<tr>
<td class="success">Test Name: testAddMappingForFields. Mapping Name: tags</td>
<td class="success">1m7.16s</td>
<td class="success">passed</td>
</tr>
<tr>
<td class="success">Test Name: testAddMappingForFields. Mapping Name: text_as_float</td>
<td class="success">1m10.69s</td>
<td class="success">passed</td>
</tr>
<tr>
<td class="success">Test Name: testAddMappingForFields. Mapping Name: text_as_integer</td>
<td class="success">1m10.59s</td>
<td class="success">passed</td>
</tr>
<tr>
<td class="success">Test Name: testAddMappingForFields. Mapping Name: uniqueField</td>
<td class="success">1m2.38s</td>
<td class="success">passed</td>
</tr>
<tr>
<td class="success">Test Name: testValidateEventMapping. Mapping Name: permissions</td>
<td class="success">0.387s</td>
<td class="success">passed</td>
</tr>
<tr>
<td class="success">Test Name: testValidateEventMapping. Mapping Name: strings_as_dates</td>
<td class="success">0.442s</td>
<td class="success">passed</td>
</tr>
<tr>
<td class="success">Test Name: testValidateEventMapping. Mapping Name: template_1</td>
<td class="success">1.463s</td>
<td class="success">passed</td>
</tr>
<tr>
<td class="success">Test Name: testValidateEventMapping. Mapping Name: textmapping</td>
<td class="success">0.390s</td>
<td class="success">passed</td>
</tr>
<tr>
<td class="success">Test Name: testValidateFileAssetMapping. Mapping Name: keywordmapping</td>
<td class="success">3.048s</td>
<td class="success">passed</td>
</tr>
<tr>
<td class="success">Test Name: testValidateFileAssetMapping. Mapping Name: longmapping</td>
<td class="success">3.492s</td>
<td class="success">passed</td>
</tr>
<tr>
<td class="success">Test Name: testValidateNewsLikeMapping. Mapping Name: geomapping</td>
<td class="success">4.327s</td>
<td class="success">passed</td>
</tr>
<tr>
<td class="success">Test Name: testValidateNewsLikeMapping. Mapping Name: geomapping_2</td>
<td class="success">4.471s</td>
<td class="success">passed</td>
</tr>
<tr>
<td class="failures">Test Name: testValidateNewsLikeMapping. Mapping Name: keywordmapping</td>
<td class="failures">4.209s</td>
<td class="failures">failed</td>
</tr>
<tr>
<td class="success">testCreateContentIndexWithCustomMappings</td>
<td class="success">53.763s</td>
<td class="success">passed</td>
</tr>
</table>
</div>
<div id="tab2" class="tab">
<h2>Standard error</h2>
<span class="code">
<pre>Feb 23, 2021 8:35:41 PM com.hazelcast.internal.diagnostics.HealthMonitor
INFO: [172.18.0.3]:5701 [dev] [3.9.2] processors=2, physical.memory.total=6.8G, physical.memory.free=354.8M, swap.space.total=4.0G, swap.space.free=4.0G, heap.memory.used=1.1G, heap.memory.free=210.3M, heap.memory.total=1.3G, heap.memory.max=1.5G, heap.memory.used/total=83.94%, heap.memory.used/max=71.02%, minor.gc.count=593, minor.gc.time=13543ms, major.gc.count=6, major.gc.time=3927ms, load.process=0.02%, load.system=0.50%, load.systemAverage=148.88%, thread.count=572, thread.peakCount=584, cluster.timeDiff=0, event.q.size=0, executor.q.async.size=0, executor.q.client.size=0, executor.q.query.size=0, executor.q.scheduled.size=0, executor.q.io.size=0, executor.q.system.size=0, executor.q.operations.size=0, executor.q.priorityOperation.size=0, operations.completed.count=2, executor.q.mapLoad.size=0, executor.q.mapLoadAllKeys.size=0, executor.q.cluster.size=0, executor.q.response.size=0, operations.running.count=0, operations.pending.invocations.percentage=0.00%, operations.pending.invocations.count=0, proxy.count=0, clientEndpoint.count=0, connection.active.count=0, client.connection.count=0, connection.count=0
Feb 23, 2021 8:44:21 PM com.hazelcast.internal.diagnostics.HealthMonitor
INFO: [172.18.0.3]:5701 [dev] [3.9.2] processors=2, physical.memory.total=6.8G, physical.memory.free=314.3M, swap.space.total=4.0G, swap.space.free=4.0G, heap.memory.used=1.1G, heap.memory.free=220.9M, heap.memory.total=1.3G, heap.memory.max=1.5G, heap.memory.used/total=83.24%, heap.memory.used/max=70.92%, minor.gc.count=603, minor.gc.time=13757ms, major.gc.count=6, major.gc.time=3927ms, load.process=0.03%, load.system=0.47%, load.systemAverage=120.41%, thread.count=570, thread.peakCount=584, cluster.timeDiff=0, event.q.size=0, executor.q.async.size=0, executor.q.client.size=0, executor.q.query.size=0, executor.q.scheduled.size=0, executor.q.io.size=0, executor.q.system.size=0, executor.q.operations.size=0, executor.q.priorityOperation.size=0, operations.completed.count=2, executor.q.mapLoad.size=0, executor.q.mapLoadAllKeys.size=0, executor.q.cluster.size=0, executor.q.response.size=0, operations.running.count=0, operations.pending.invocations.percentage=0.00%, operations.pending.invocations.count=0, proxy.count=0, clientEndpoint.count=0, connection.active.count=0, client.connection.count=0, connection.count=0
Feb 23, 2021 8:44:41 PM com.hazelcast.internal.diagnostics.HealthMonitor
INFO: [172.18.0.3]:5701 [dev] [3.9.2] processors=2, physical.memory.total=6.8G, physical.memory.free=313.7M, swap.space.total=4.0G, swap.space.free=4.0G, heap.memory.used=1.1G, heap.memory.free=176.2M, heap.memory.total=1.3G, heap.memory.max=1.5G, heap.memory.used/total=86.63%, heap.memory.used/max=73.81%, minor.gc.count=603, minor.gc.time=13757ms, major.gc.count=6, major.gc.time=3927ms, load.process=0.02%, load.system=0.50%, load.systemAverage=145.36%, thread.count=572, thread.peakCount=584, cluster.timeDiff=0, event.q.size=0, executor.q.async.size=0, executor.q.client.size=0, executor.q.query.size=0, executor.q.scheduled.size=0, executor.q.io.size=0, executor.q.system.size=0, executor.q.operations.size=0, executor.q.priorityOperation.size=0, operations.completed.count=2, executor.q.mapLoad.size=0, executor.q.mapLoadAllKeys.size=0, executor.q.cluster.size=0, executor.q.response.size=0, operations.running.count=0, operations.pending.invocations.percentage=0.00%, operations.pending.invocations.count=0, proxy.count=0, clientEndpoint.count=0, connection.active.count=0, client.connection.count=0, connection.count=0
Feb 23, 2021 8:45:21 PM com.hazelcast.internal.diagnostics.HealthMonitor
INFO: [172.18.0.3]:5701 [dev] [3.9.2] processors=2, physical.memory.total=6.8G, physical.memory.free=312.1M, swap.space.total=4.0G, swap.space.free=4.0G, heap.memory.used=1.1G, heap.memory.free=197.5M, heap.memory.total=1.3G, heap.memory.max=1.5G, heap.memory.used/total=85.03%, heap.memory.used/max=72.50%, minor.gc.count=604, minor.gc.time=13800ms, major.gc.count=6, major.gc.time=3927ms, load.process=0.04%, load.system=0.41%, load.systemAverage=154.64%, thread.count=570, thread.peakCount=584, cluster.timeDiff=0, event.q.size=0, executor.q.async.size=0, executor.q.client.size=0, executor.q.query.size=0, executor.q.scheduled.size=0, executor.q.io.size=0, executor.q.system.size=0, executor.q.operations.size=0, executor.q.priorityOperation.size=0, operations.completed.count=2, executor.q.mapLoad.size=0, executor.q.mapLoadAllKeys.size=0, executor.q.cluster.size=0, executor.q.response.size=0, operations.running.count=0, operations.pending.invocations.percentage=0.00%, operations.pending.invocations.count=0, proxy.count=0, clientEndpoint.count=0, connection.active.count=0, client.connection.count=0, connection.count=0
Feb 23, 2021 8:49:01 PM com.hazelcast.internal.diagnostics.HealthMonitor
INFO: [172.18.0.3]:5701 [dev] [3.9.2] processors=2, physical.memory.total=6.8G, physical.memory.free=301.0M, swap.space.total=4.0G, swap.space.free=4.0G, heap.memory.used=1.1G, heap.memory.free=207.3M, heap.memory.total=1.3G, heap.memory.max=1.5G, heap.memory.used/total=84.29%, heap.memory.used/max=71.92%, minor.gc.count=608, minor.gc.time=13881ms, major.gc.count=6, major.gc.time=3927ms, load.process=0.05%, load.system=0.46%, load.systemAverage=157.96%, thread.count=573, thread.peakCount=584, cluster.timeDiff=0, event.q.size=0, executor.q.async.size=0, executor.q.client.size=0, executor.q.query.size=0, executor.q.scheduled.size=0, executor.q.io.size=0, executor.q.system.size=0, executor.q.operations.size=0, executor.q.priorityOperation.size=0, operations.completed.count=2, executor.q.mapLoad.size=0, executor.q.mapLoadAllKeys.size=0, executor.q.cluster.size=0, executor.q.response.size=0, operations.running.count=0, operations.pending.invocations.percentage=0.00%, operations.pending.invocations.count=0, proxy.count=0, clientEndpoint.count=0, connection.active.count=0, client.connection.count=0, connection.count=0
Feb 23, 2021 8:49:21 PM com.hazelcast.internal.diagnostics.HealthMonitor
INFO: [172.18.0.3]:5701 [dev] [3.9.2] processors=2, physical.memory.total=6.8G, physical.memory.free=314.5M, swap.space.total=4.0G, swap.space.free=4.0G, heap.memory.used=1.1G, heap.memory.free=175.9M, heap.memory.total=1.3G, heap.memory.max=1.5G, heap.memory.used/total=86.68%, heap.memory.used/max=73.96%, minor.gc.count=608, minor.gc.time=13881ms, major.gc.count=6, major.gc.time=3927ms, load.process=0.01%, load.system=0.51%, load.systemAverage=149.46%, thread.count=570, thread.peakCount=584, cluster.timeDiff=0, event.q.size=0, executor.q.async.size=0, executor.q.client.size=0, executor.q.query.size=0, executor.q.scheduled.size=0, executor.q.io.size=0, executor.q.system.size=0, executor.q.operations.size=0, executor.q.priorityOperation.size=0, operations.completed.count=2, executor.q.mapLoad.size=0, executor.q.mapLoadAllKeys.size=0, executor.q.cluster.size=0, executor.q.response.size=0, operations.running.count=0, operations.pending.invocations.percentage=0.00%, operations.pending.invocations.count=0, proxy.count=0, clientEndpoint.count=0, connection.active.count=0, client.connection.count=0, connection.count=0
</pre>
</span>
</div>
</div>
<div id="footer">
<p>
<div>
<label class="hidden" id="label-for-line-wrapping-toggle" for="line-wrapping-toggle">Wrap lines
<input id="line-wrapping-toggle" type="checkbox" autocomplete="off"/>
</label>
</div>Generated by 
<a href="http://www.gradle.org">Gradle 4.10.2</a> at Feb 23, 2021 8:55:29 PM</p>
</div>
</div>
</body>
</html>
