<!DOCTYPE html>
<html>
<head>
<meta http-equiv="Content-Type" content="text/html; charset=utf-8"/>
<meta http-equiv="x-ua-compatible" content="IE=edge"/>
<title>Test results - Class com.dotcms.publishing.PublisherAPIImplTest</title>
<link href="../css/base-style.css" rel="stylesheet" type="text/css"/>
<link href="../css/style.css" rel="stylesheet" type="text/css"/>
<script src="../js/report.js" type="text/javascript"></script>
</head>
<body>
<div id="content">
<h1>Class com.dotcms.publishing.PublisherAPIImplTest</h1>
<div class="breadcrumbs">
<a href="../index.html">all</a> &gt; 
<a href="../packages/com.dotcms.publishing.html">com.dotcms.publishing</a> &gt; PublisherAPIImplTest</div>
<div id="summary">
<table>
<tr>
<td>
<div class="summaryGroup">
<table>
<tr>
<td>
<div class="infoBox" id="tests">
<div class="counter">18</div>
<p>tests</p>
</div>
</td>
<td>
<div class="infoBox" id="failures">
<div class="counter">18</div>
<p>failures</p>
</div>
</td>
<td>
<div class="infoBox" id="ignored">
<div class="counter">0</div>
<p>ignored</p>
</div>
</td>
<td>
<div class="infoBox" id="duration">
<div class="counter">1.696s</div>
<p>duration</p>
</div>
</td>
</tr>
</table>
</div>
</td>
<td>
<div class="infoBox failures" id="successRate">
<div class="percent">0%</div>
<p>successful</p>
</div>
</td>
</tr>
</table>
</div>
<div id="tabs">
<ul class="tabLinks">
<li>
<a href="#tab0">Failed tests</a>
</li>
<li>
<a href="#tab1">Tests</a>
</li>
<li>
<a href="#tab2">Standard output</a>
</li>
</ul>
<div id="tab0" class="tab">
<h2>Failed tests</h2>
<div class="test">
<a name="publish[0: com.dotcms.publishing.PublisherAPIImplTest$TestCase@12d6c158]"></a>
<h3 class="failures">publish[0: com.dotcms.publishing.PublisherAPIImplTest$TestCase@12d6c158]</h3>
<span class="code">
<pre>java.lang.AssertionError: Expected 24 but get 26 in /custom/assets/bundles/01EYTZHRVM73TE27GQZ7RPP3EX
Expected [/custom/assets/bundles/01EYTZHRVM73TE27GQZ7RPP3EX/working/System Host/1/2-content.210ef630-69f9-4a64-ab52-f192fc4db2ca.content.xml, /custom/assets/bundles/01EYTZHRVM73TE27GQZ7RPP3EX/live/System Host/1/0-content.210ef630-69f9-4a64-ab52-f192fc4db2ca.content.xml, /custom/assets/bundles/01EYTZHRVM73TE27GQZ7RPP3EX/live/default/bc029935-9eb2-47db-a192-3d72d8cc00d2.rule.xml, /custom/assets/bundles/01EYTZHRVM73TE27GQZ7RPP3EX/working/test1613661341503.dotcms.com/e7a528c4-df70-436a-b9fc-c22f4694a79e.contentType.json, /custom/assets/bundles/01EYTZHRVM73TE27GQZ7RPP3EX/d61a59e1-a49c-46f2-a929-db2b4bfa88b2.workflow.xml, /custom/assets/bundles/01EYTZHRVM73TE27GQZ7RPP3EX/live/default/1613663444592/3-content.5b0db4f6-aa15-4c07-a5ba-1f767cee9500.content.xml, /custom/assets/bundles/01EYTZHRVM73TE27GQZ7RPP3EX/live/System Host/1properties, /custom/assets/bundles/01EYTZHRVM73TE27GQZ7RPP3EX/live/System Host/wz_UI.language.xml, /custom/assets/bundles/01EYTZHRVM73TE27GQZ7RPP3EX/live/System Host/1613663444592properties, /custom/assets/bundles/01EYTZHRVM73TE27GQZ7RPP3EX/working/System Host/f4d7c1b8-2c88-4071-abf1-a5328977b07d.contentType.json, /custom/assets/bundles/01EYTZHRVM73TE27GQZ7RPP3EX/working/System Host/1/c4f0183e-69d4-428c-9192-9838ed9324fc.contentworkflow.xml, /custom/assets/bundles/01EYTZHRVM73TE27GQZ7RPP3EX/live/System Host/en_US.language.xml, /custom/assets/bundles/01EYTZHRVM73TE27GQZ7RPP3EX/live/System Host/1/content.31159b8c-d5ff-4894-8b5f-e443f681d5c3.host.xml, /custom/assets/bundles/01EYTZHRVM73TE27GQZ7RPP3EX/live/System Host/1/1-content.60a70877-d2c4-4c45-b94e-57e8f9bbc827.content.xml, /custom/assets/bundles/01EYTZHRVM73TE27GQZ7RPP3EX/8d170ead-80f6-4e8a-8cdb-11de9f8d0694.workflow.xml, /custom/assets/bundles/01EYTZHRVM73TE27GQZ7RPP3EX/live/System Host/1/content.ff462f88-d9e1-4d31-b084-b73cb61976d3.host.xml, /custom/assets/bundles/01EYTZHRVM73TE27GQZ7RPP3EX/live/System Host/1/7ecd9b3c-0e10-4a15-8720-88534ace5e61.contentworkflow.xml, /custom/assets/bundles/01EYTZHRVM73TE27GQZ7RPP3EX/live/default/1613663444592/29933c69-cdd0-40e4-83b8-94a6da3ba11e.contentworkflow.xml, /custom/assets/bundles/01EYTZHRVM73TE27GQZ7RPP3EX/working/test1613661341503.dotcms.com/a57afb3d-17a5-4cda-a70a-1c2f1e47907e.relationship.xml, /custom/assets/bundles/01EYTZHRVM73TE27GQZ7RPP3EX/working/test1613661341503.dotcms.com/a4924aca-a1dc-4354-9767-c1fac5445ef4.contentType.json, /custom/assets/bundles/01EYTZHRVM73TE27GQZ7RPP3EX/live/System Host/1/c4f0183e-69d4-428c-9192-9838ed9324fc.contentworkflow.xml, /custom/assets/bundles/01EYTZHRVM73TE27GQZ7RPP3EX/working/System Host/1/content.ff462f88-d9e1-4d31-b084-b73cb61976d3.host.xml, /custom/assets/bundles/01EYTZHRVM73TE27GQZ7RPP3EX/working/System Host/1c33de52-b8c9-4516-84eb-57e4ec6624b4.category.dpc.xml]
Existing [/custom/assets/bundles/01EYTZHRVM73TE27GQZ7RPP3EX/8d170ead-80f6-4e8a-8cdb-11de9f8d0694.workflow.xml, /custom/assets/bundles/01EYTZHRVM73TE27GQZ7RPP3EX/ROOT/bc9a1d37-dd2d-4d49-a29d-0c9be740bfaf.folder.xml, /custom/assets/bundles/01EYTZHRVM73TE27GQZ7RPP3EX/bundle.xml, /custom/assets/bundles/01EYTZHRVM73TE27GQZ7RPP3EX/d61a59e1-a49c-46f2-a929-db2b4bfa88b2.workflow.xml, /custom/assets/bundles/01EYTZHRVM73TE27GQZ7RPP3EX/live/System Host/1/0-content.210ef630-69f9-4a64-ab52-f192fc4db2ca.content.xml, /custom/assets/bundles/01EYTZHRVM73TE27GQZ7RPP3EX/live/System Host/1/1-content.60a70877-d2c4-4c45-b94e-57e8f9bbc827.content.xml, /custom/assets/bundles/01EYTZHRVM73TE27GQZ7RPP3EX/live/System Host/1/7ecd9b3c-0e10-4a15-8720-88534ace5e61.contentworkflow.xml, /custom/assets/bundles/01EYTZHRVM73TE27GQZ7RPP3EX/live/System Host/1/c4f0183e-69d4-428c-9192-9838ed9324fc.contentworkflow.xml, /custom/assets/bundles/01EYTZHRVM73TE27GQZ7RPP3EX/live/System Host/1/content.31159b8c-d5ff-4894-8b5f-e443f681d5c3.host.xml, /custom/assets/bundles/01EYTZHRVM73TE27GQZ7RPP3EX/live/System Host/1/content.ff462f88-d9e1-4d31-b084-b73cb61976d3.host.xml, /custom/assets/bundles/01EYTZHRVM73TE27GQZ7RPP3EX/live/System Host/1/system host.host.xml, /custom/assets/bundles/01EYTZHRVM73TE27GQZ7RPP3EX/live/System Host/1613663444592properties, /custom/assets/bundles/01EYTZHRVM73TE27GQZ7RPP3EX/live/System Host/1properties, /custom/assets/bundles/01EYTZHRVM73TE27GQZ7RPP3EX/live/System Host/en_US.language.xml, /custom/assets/bundles/01EYTZHRVM73TE27GQZ7RPP3EX/live/System Host/wz_UI.language.xml, /custom/assets/bundles/01EYTZHRVM73TE27GQZ7RPP3EX/live/default/1613663444592/29933c69-cdd0-40e4-83b8-94a6da3ba11e.contentworkflow.xml, /custom/assets/bundles/01EYTZHRVM73TE27GQZ7RPP3EX/live/default/1613663444592/3-content.5b0db4f6-aa15-4c07-a5ba-1f767cee9500.content.xml, /custom/assets/bundles/01EYTZHRVM73TE27GQZ7RPP3EX/live/default/bc029935-9eb2-47db-a192-3d72d8cc00d2.rule.xml, /custom/assets/bundles/01EYTZHRVM73TE27GQZ7RPP3EX/working/System Host/1/2-content.210ef630-69f9-4a64-ab52-f192fc4db2ca.content.xml, /custom/assets/bundles/01EYTZHRVM73TE27GQZ7RPP3EX/working/System Host/1/c4f0183e-69d4-428c-9192-9838ed9324fc.contentworkflow.xml, /custom/assets/bundles/01EYTZHRVM73TE27GQZ7RPP3EX/working/System Host/1/content.ff462f88-d9e1-4d31-b084-b73cb61976d3.host.xml, /custom/assets/bundles/01EYTZHRVM73TE27GQZ7RPP3EX/working/System Host/1c33de52-b8c9-4516-84eb-57e4ec6624b4.category.dpc.xml, /custom/assets/bundles/01EYTZHRVM73TE27GQZ7RPP3EX/working/System Host/f4d7c1b8-2c88-4071-abf1-a5328977b07d.contentType.json, /custom/assets/bundles/01EYTZHRVM73TE27GQZ7RPP3EX/working/test1613661341503.dotcms.com/a4924aca-a1dc-4354-9767-c1fac5445ef4.contentType.json, /custom/assets/bundles/01EYTZHRVM73TE27GQZ7RPP3EX/working/test1613661341503.dotcms.com/a57afb3d-17a5-4cda-a70a-1c2f1e47907e.relationship.xml, /custom/assets/bundles/01EYTZHRVM73TE27GQZ7RPP3EX/working/test1613661341503.dotcms.com/e7a528c4-df70-436a-b9fc-c22f4694a79e.contentType.json]
difference [/custom/assets/bundles/01EYTZHRVM73TE27GQZ7RPP3EX/ROOT/bc9a1d37-dd2d-4d49-a29d-0c9be740bfaf.folder.xml, /custom/assets/bundles/01EYTZHRVM73TE27GQZ7RPP3EX/bundle.xml, /custom/assets/bundles/01EYTZHRVM73TE27GQZ7RPP3EX/live/System Host/1/system host.host.xml]

	at org.jgroups.util.Util.assertEquals(Util.java:185)
	at com.dotcms.publishing.PublisherAPIImplTest.publish(PublisherAPIImplTest.java:407)
	at sun.reflect.NativeMethodAccessorImpl.invoke0(Native Method)
	at sun.reflect.NativeMethodAccessorImpl.invoke(NativeMethodAccessorImpl.java:62)
	at sun.reflect.DelegatingMethodAccessorImpl.invoke(DelegatingMethodAccessorImpl.java:43)
	at java.lang.reflect.Method.invoke(Method.java:498)
	at org.junit.runners.model.FrameworkMethod$1.runReflectiveCall(FrameworkMethod.java:50)
	at org.junit.internal.runners.model.ReflectiveCallable.run(ReflectiveCallable.java:12)
	at org.junit.runners.model.FrameworkMethod.invokeExplosively(FrameworkMethod.java:47)
	at com.tngtech.java.junit.dataprovider.DataProviderFrameworkMethod.invokeExplosively(DataProviderFrameworkMethod.java:119)
	at org.junit.internal.runners.statements.InvokeMethod.evaluate(InvokeMethod.java:17)
	at org.junit.rules.TestWatcher$1.evaluate(TestWatcher.java:55)
	at org.junit.rules.RunRules.evaluate(RunRules.java:20)
	at org.junit.runners.ParentRunner.runLeaf(ParentRunner.java:325)
	at com.dotcms.junit.CustomDataProviderRunner.runChild(CustomDataProviderRunner.java:28)
	at com.dotcms.junit.CustomDataProviderRunner.runChild(CustomDataProviderRunner.java:13)
	at org.junit.runners.ParentRunner$3.run(ParentRunner.java:290)
	at org.junit.runners.ParentRunner$1.schedule(ParentRunner.java:71)
	at org.junit.runners.ParentRunner.runChildren(ParentRunner.java:288)
	at org.junit.runners.ParentRunner.access$000(ParentRunner.java:58)
	at org.junit.runners.ParentRunner$2.evaluate(ParentRunner.java:268)
	at org.junit.internal.runners.statements.RunBefores.evaluate(RunBefores.java:26)
	at org.junit.internal.runners.statements.RunAfters.evaluate(RunAfters.java:27)
	at org.junit.runners.ParentRunner.run(ParentRunner.java:363)
	at org.junit.runners.Suite.runChild(Suite.java:128)
	at org.junit.runners.Suite.runChild(Suite.java:27)
	at org.junit.runners.ParentRunner$3.run(ParentRunner.java:290)
	at org.junit.runners.ParentRunner$1.schedule(ParentRunner.java:71)
	at org.junit.runners.ParentRunner.runChildren(ParentRunner.java:288)
	at org.junit.runners.ParentRunner.access$000(ParentRunner.java:58)
	at org.junit.runners.ParentRunner$2.evaluate(ParentRunner.java:268)
	at org.junit.runners.ParentRunner.run(ParentRunner.java:363)
	at org.gradle.api.internal.tasks.testing.junit.JUnitTestClassExecutor.runTestClass(JUnitTestClassExecutor.java:106)
	at org.gradle.api.internal.tasks.testing.junit.JUnitTestClassExecutor.execute(JUnitTestClassExecutor.java:58)
	at org.gradle.api.internal.tasks.testing.junit.JUnitTestClassExecutor.execute(JUnitTestClassExecutor.java:38)
	at org.gradle.api.internal.tasks.testing.junit.AbstractJUnitTestClassProcessor.processTestClass(AbstractJUnitTestClassProcessor.java:66)
	at org.gradle.api.internal.tasks.testing.SuiteTestClassProcessor.processTestClass(SuiteTestClassProcessor.java:51)
	at sun.reflect.NativeMethodAccessorImpl.invoke0(Native Method)
	at sun.reflect.NativeMethodAccessorImpl.invoke(NativeMethodAccessorImpl.java:62)
	at sun.reflect.DelegatingMethodAccessorImpl.invoke(DelegatingMethodAccessorImpl.java:43)
	at java.lang.reflect.Method.invoke(Method.java:498)
	at org.gradle.internal.dispatch.ReflectionDispatch.dispatch(ReflectionDispatch.java:35)
	at org.gradle.internal.dispatch.ReflectionDispatch.dispatch(ReflectionDispatch.java:24)
	at org.gradle.internal.dispatch.ContextClassLoaderDispatch.dispatch(ContextClassLoaderDispatch.java:32)
	at org.gradle.internal.dispatch.ProxyDispatchAdapter$DispatchingInvocationHandler.invoke(ProxyDispatchAdapter.java:93)
	at com.sun.proxy.$Proxy2.processTestClass(Unknown Source)
	at org.gradle.api.internal.tasks.testing.worker.TestWorker.processTestClass(TestWorker.java:117)
	at sun.reflect.NativeMethodAccessorImpl.invoke0(Native Method)
	at sun.reflect.NativeMethodAccessorImpl.invoke(NativeMethodAccessorImpl.java:62)
	at sun.reflect.DelegatingMethodAccessorImpl.invoke(DelegatingMethodAccessorImpl.java:43)
	at java.lang.reflect.Method.invoke(Method.java:498)
	at org.gradle.internal.dispatch.ReflectionDispatch.dispatch(ReflectionDispatch.java:35)
	at org.gradle.internal.dispatch.ReflectionDispatch.dispatch(ReflectionDispatch.java:24)
	at org.gradle.internal.remote.internal.hub.MessageHubBackedObjectConnection$DispatchWrapper.dispatch(MessageHubBackedObjectConnection.java:155)
	at org.gradle.internal.remote.internal.hub.MessageHubBackedObjectConnection$DispatchWrapper.dispatch(MessageHubBackedObjectConnection.java:137)
	at org.gradle.internal.remote.internal.hub.MessageHub$Handler.run(MessageHub.java:404)
	at org.gradle.internal.concurrent.ExecutorPolicy$CatchAndRecordFailures.onExecute(ExecutorPolicy.java:63)
	at org.gradle.internal.concurrent.ManagedExecutorImpl$1.run(ManagedExecutorImpl.java:46)
	at java.util.concurrent.ThreadPoolExecutor.runWorker(ThreadPoolExecutor.java:1149)
	at java.util.concurrent.ThreadPoolExecutor$Worker.run(ThreadPoolExecutor.java:624)
	at org.gradle.internal.concurrent.ThreadFactoryImpl$ManagedThreadRunnable.run(ThreadFactoryImpl.java:55)
	at java.lang.Thread.run(Thread.java:748)
</pre>
</span>
</div>
<div class="test">
<a name="publish[10: com.dotcms.publishing.PublisherAPIImplTest$TestCase@4af71419]"></a>
<h3 class="failures">publish[10: com.dotcms.publishing.PublisherAPIImplTest$TestCase@4af71419]</h3>
<span class="code">
<pre>java.lang.AssertionError: Expected 23 but get 25 in /custom/assets/bundles/01EYTZHSZEMKT9JDCR2XWJSVPT
Expected [/custom/assets/bundles/01EYTZHSZEMKT9JDCR2XWJSVPT/live/System Host/1properties, /custom/assets/bundles/01EYTZHSZEMKT9JDCR2XWJSVPT/working/System Host/1/content.ff462f88-d9e1-4d31-b084-b73cb61976d3.host.xml, /custom/assets/bundles/01EYTZHSZEMKT9JDCR2XWJSVPT/live/System Host/1/c4f0183e-69d4-428c-9192-9838ed9324fc.contentworkflow.xml, /custom/assets/bundles/01EYTZHSZEMKT9JDCR2XWJSVPT/live/default/bc029935-9eb2-47db-a192-3d72d8cc00d2.rule.xml, /custom/assets/bundles/01EYTZHSZEMKT9JDCR2XWJSVPT/live/System Host/1/0-content.210ef630-69f9-4a64-ab52-f192fc4db2ca.content.xml, /custom/assets/bundles/01EYTZHSZEMKT9JDCR2XWJSVPT/working/test1613661342497.dotcms.com/ffaf2f90-fe2c-468b-b5f1-290989d64d48.contentType.json, /custom/assets/bundles/01EYTZHSZEMKT9JDCR2XWJSVPT/live/default/1613663444592/29933c69-cdd0-40e4-83b8-94a6da3ba11e.contentworkflow.xml, /custom/assets/bundles/01EYTZHSZEMKT9JDCR2XWJSVPT/live/System Host/en_US.language.xml, /custom/assets/bundles/01EYTZHSZEMKT9JDCR2XWJSVPT/working/System Host/1/2-content.210ef630-69f9-4a64-ab52-f192fc4db2ca.content.xml, /custom/assets/bundles/01EYTZHSZEMKT9JDCR2XWJSVPT/live/System Host/1613663444592properties, /custom/assets/bundles/01EYTZHSZEMKT9JDCR2XWJSVPT/working/test1613661342497.dotcms.com/64649059-0c51-4230-8c34-4b2962b03b79.containers.container.xml, /custom/assets/bundles/01EYTZHSZEMKT9JDCR2XWJSVPT/live/test1613661342497.dotcms.com/1463a9f4-f409-4c04-ab82-fcf00830ad4e.template.template.xml, /custom/assets/bundles/01EYTZHSZEMKT9JDCR2XWJSVPT/live/System Host/1/content.ff462f88-d9e1-4d31-b084-b73cb61976d3.host.xml, /custom/assets/bundles/01EYTZHSZEMKT9JDCR2XWJSVPT/working/System Host/f4d7c1b8-2c88-4071-abf1-a5328977b07d.contentType.json, /custom/assets/bundles/01EYTZHSZEMKT9JDCR2XWJSVPT/live/System Host/1/content.91f00942-48ce-404f-bb67-f4e29b2770e2.host.xml, /custom/assets/bundles/01EYTZHSZEMKT9JDCR2XWJSVPT/live/default/1613663444592/3-content.5b0db4f6-aa15-4c07-a5ba-1f767cee9500.content.xml, /custom/assets/bundles/01EYTZHSZEMKT9JDCR2XWJSVPT/live/System Host/1/7ecd9b3c-0e10-4a15-8720-88534ace5e61.contentworkflow.xml, /custom/assets/bundles/01EYTZHSZEMKT9JDCR2XWJSVPT/working/System Host/1/c4f0183e-69d4-428c-9192-9838ed9324fc.contentworkflow.xml, /custom/assets/bundles/01EYTZHSZEMKT9JDCR2XWJSVPT/live/System Host/wz_UI.language.xml, /custom/assets/bundles/01EYTZHSZEMKT9JDCR2XWJSVPT/working/test1613661342497.dotcms.com/1aaa85d2-0ee1-49ae-94df-994afcadfc22.containers.container.xml, /custom/assets/bundles/01EYTZHSZEMKT9JDCR2XWJSVPT/live/System Host/1/1-content.60a70877-d2c4-4c45-b94e-57e8f9bbc827.content.xml, /custom/assets/bundles/01EYTZHSZEMKT9JDCR2XWJSVPT/d61a59e1-a49c-46f2-a929-db2b4bfa88b2.workflow.xml]
Existing [/custom/assets/bundles/01EYTZHSZEMKT9JDCR2XWJSVPT/ROOT/bc9a1d37-dd2d-4d49-a29d-0c9be740bfaf.folder.xml, /custom/assets/bundles/01EYTZHSZEMKT9JDCR2XWJSVPT/bundle.xml, /custom/assets/bundles/01EYTZHSZEMKT9JDCR2XWJSVPT/d61a59e1-a49c-46f2-a929-db2b4bfa88b2.workflow.xml, /custom/assets/bundles/01EYTZHSZEMKT9JDCR2XWJSVPT/live/System Host/1/0-content.210ef630-69f9-4a64-ab52-f192fc4db2ca.content.xml, /custom/assets/bundles/01EYTZHSZEMKT9JDCR2XWJSVPT/live/System Host/1/1-content.60a70877-d2c4-4c45-b94e-57e8f9bbc827.content.xml, /custom/assets/bundles/01EYTZHSZEMKT9JDCR2XWJSVPT/live/System Host/1/7ecd9b3c-0e10-4a15-8720-88534ace5e61.contentworkflow.xml, /custom/assets/bundles/01EYTZHSZEMKT9JDCR2XWJSVPT/live/System Host/1/c4f0183e-69d4-428c-9192-9838ed9324fc.contentworkflow.xml, /custom/assets/bundles/01EYTZHSZEMKT9JDCR2XWJSVPT/live/System Host/1/content.91f00942-48ce-404f-bb67-f4e29b2770e2.host.xml, /custom/assets/bundles/01EYTZHSZEMKT9JDCR2XWJSVPT/live/System Host/1/content.ff462f88-d9e1-4d31-b084-b73cb61976d3.host.xml, /custom/assets/bundles/01EYTZHSZEMKT9JDCR2XWJSVPT/live/System Host/1/system host.host.xml, /custom/assets/bundles/01EYTZHSZEMKT9JDCR2XWJSVPT/live/System Host/1613663444592properties, /custom/assets/bundles/01EYTZHSZEMKT9JDCR2XWJSVPT/live/System Host/1properties, /custom/assets/bundles/01EYTZHSZEMKT9JDCR2XWJSVPT/live/System Host/en_US.language.xml, /custom/assets/bundles/01EYTZHSZEMKT9JDCR2XWJSVPT/live/System Host/wz_UI.language.xml, /custom/assets/bundles/01EYTZHSZEMKT9JDCR2XWJSVPT/live/default/1613663444592/29933c69-cdd0-40e4-83b8-94a6da3ba11e.contentworkflow.xml, /custom/assets/bundles/01EYTZHSZEMKT9JDCR2XWJSVPT/live/default/1613663444592/3-content.5b0db4f6-aa15-4c07-a5ba-1f767cee9500.content.xml, /custom/assets/bundles/01EYTZHSZEMKT9JDCR2XWJSVPT/live/default/bc029935-9eb2-47db-a192-3d72d8cc00d2.rule.xml, /custom/assets/bundles/01EYTZHSZEMKT9JDCR2XWJSVPT/live/test1613661342497.dotcms.com/1463a9f4-f409-4c04-ab82-fcf00830ad4e.template.template.xml, /custom/assets/bundles/01EYTZHSZEMKT9JDCR2XWJSVPT/working/System Host/1/2-content.210ef630-69f9-4a64-ab52-f192fc4db2ca.content.xml, /custom/assets/bundles/01EYTZHSZEMKT9JDCR2XWJSVPT/working/System Host/1/c4f0183e-69d4-428c-9192-9838ed9324fc.contentworkflow.xml, /custom/assets/bundles/01EYTZHSZEMKT9JDCR2XWJSVPT/working/System Host/1/content.ff462f88-d9e1-4d31-b084-b73cb61976d3.host.xml, /custom/assets/bundles/01EYTZHSZEMKT9JDCR2XWJSVPT/working/System Host/f4d7c1b8-2c88-4071-abf1-a5328977b07d.contentType.json, /custom/assets/bundles/01EYTZHSZEMKT9JDCR2XWJSVPT/working/test1613661342497.dotcms.com/1aaa85d2-0ee1-49ae-94df-994afcadfc22.containers.container.xml, /custom/assets/bundles/01EYTZHSZEMKT9JDCR2XWJSVPT/working/test1613661342497.dotcms.com/64649059-0c51-4230-8c34-4b2962b03b79.containers.container.xml, /custom/assets/bundles/01EYTZHSZEMKT9JDCR2XWJSVPT/working/test1613661342497.dotcms.com/ffaf2f90-fe2c-468b-b5f1-290989d64d48.contentType.json]
difference [/custom/assets/bundles/01EYTZHSZEMKT9JDCR2XWJSVPT/ROOT/bc9a1d37-dd2d-4d49-a29d-0c9be740bfaf.folder.xml, /custom/assets/bundles/01EYTZHSZEMKT9JDCR2XWJSVPT/bundle.xml, /custom/assets/bundles/01EYTZHSZEMKT9JDCR2XWJSVPT/live/System Host/1/system host.host.xml]

	at org.jgroups.util.Util.assertEquals(Util.java:185)
	at com.dotcms.publishing.PublisherAPIImplTest.publish(PublisherAPIImplTest.java:407)
	at sun.reflect.NativeMethodAccessorImpl.invoke0(Native Method)
	at sun.reflect.NativeMethodAccessorImpl.invoke(NativeMethodAccessorImpl.java:62)
	at sun.reflect.DelegatingMethodAccessorImpl.invoke(DelegatingMethodAccessorImpl.java:43)
	at java.lang.reflect.Method.invoke(Method.java:498)
	at org.junit.runners.model.FrameworkMethod$1.runReflectiveCall(FrameworkMethod.java:50)
	at org.junit.internal.runners.model.ReflectiveCallable.run(ReflectiveCallable.java:12)
	at org.junit.runners.model.FrameworkMethod.invokeExplosively(FrameworkMethod.java:47)
	at com.tngtech.java.junit.dataprovider.DataProviderFrameworkMethod.invokeExplosively(DataProviderFrameworkMethod.java:119)
	at org.junit.internal.runners.statements.InvokeMethod.evaluate(InvokeMethod.java:17)
	at org.junit.rules.TestWatcher$1.evaluate(TestWatcher.java:55)
	at org.junit.rules.RunRules.evaluate(RunRules.java:20)
	at org.junit.runners.ParentRunner.runLeaf(ParentRunner.java:325)
	at com.dotcms.junit.CustomDataProviderRunner.runChild(CustomDataProviderRunner.java:28)
	at com.dotcms.junit.CustomDataProviderRunner.runChild(CustomDataProviderRunner.java:13)
	at org.junit.runners.ParentRunner$3.run(ParentRunner.java:290)
	at org.junit.runners.ParentRunner$1.schedule(ParentRunner.java:71)
	at org.junit.runners.ParentRunner.runChildren(ParentRunner.java:288)
	at org.junit.runners.ParentRunner.access$000(ParentRunner.java:58)
	at org.junit.runners.ParentRunner$2.evaluate(ParentRunner.java:268)
	at org.junit.internal.runners.statements.RunBefores.evaluate(RunBefores.java:26)
	at org.junit.internal.runners.statements.RunAfters.evaluate(RunAfters.java:27)
	at org.junit.runners.ParentRunner.run(ParentRunner.java:363)
	at org.junit.runners.Suite.runChild(Suite.java:128)
	at org.junit.runners.Suite.runChild(Suite.java:27)
	at org.junit.runners.ParentRunner$3.run(ParentRunner.java:290)
	at org.junit.runners.ParentRunner$1.schedule(ParentRunner.java:71)
	at org.junit.runners.ParentRunner.runChildren(ParentRunner.java:288)
	at org.junit.runners.ParentRunner.access$000(ParentRunner.java:58)
	at org.junit.runners.ParentRunner$2.evaluate(ParentRunner.java:268)
	at org.junit.runners.ParentRunner.run(ParentRunner.java:363)
	at org.gradle.api.internal.tasks.testing.junit.JUnitTestClassExecutor.runTestClass(JUnitTestClassExecutor.java:106)
	at org.gradle.api.internal.tasks.testing.junit.JUnitTestClassExecutor.execute(JUnitTestClassExecutor.java:58)
	at org.gradle.api.internal.tasks.testing.junit.JUnitTestClassExecutor.execute(JUnitTestClassExecutor.java:38)
	at org.gradle.api.internal.tasks.testing.junit.AbstractJUnitTestClassProcessor.processTestClass(AbstractJUnitTestClassProcessor.java:66)
	at org.gradle.api.internal.tasks.testing.SuiteTestClassProcessor.processTestClass(SuiteTestClassProcessor.java:51)
	at sun.reflect.NativeMethodAccessorImpl.invoke0(Native Method)
	at sun.reflect.NativeMethodAccessorImpl.invoke(NativeMethodAccessorImpl.java:62)
	at sun.reflect.DelegatingMethodAccessorImpl.invoke(DelegatingMethodAccessorImpl.java:43)
	at java.lang.reflect.Method.invoke(Method.java:498)
	at org.gradle.internal.dispatch.ReflectionDispatch.dispatch(ReflectionDispatch.java:35)
	at org.gradle.internal.dispatch.ReflectionDispatch.dispatch(ReflectionDispatch.java:24)
	at org.gradle.internal.dispatch.ContextClassLoaderDispatch.dispatch(ContextClassLoaderDispatch.java:32)
	at org.gradle.internal.dispatch.ProxyDispatchAdapter$DispatchingInvocationHandler.invoke(ProxyDispatchAdapter.java:93)
	at com.sun.proxy.$Proxy2.processTestClass(Unknown Source)
	at org.gradle.api.internal.tasks.testing.worker.TestWorker.processTestClass(TestWorker.java:117)
	at sun.reflect.NativeMethodAccessorImpl.invoke0(Native Method)
	at sun.reflect.NativeMethodAccessorImpl.invoke(NativeMethodAccessorImpl.java:62)
	at sun.reflect.DelegatingMethodAccessorImpl.invoke(DelegatingMethodAccessorImpl.java:43)
	at java.lang.reflect.Method.invoke(Method.java:498)
	at org.gradle.internal.dispatch.ReflectionDispatch.dispatch(ReflectionDispatch.java:35)
	at org.gradle.internal.dispatch.ReflectionDispatch.dispatch(ReflectionDispatch.java:24)
	at org.gradle.internal.remote.internal.hub.MessageHubBackedObjectConnection$DispatchWrapper.dispatch(MessageHubBackedObjectConnection.java:155)
	at org.gradle.internal.remote.internal.hub.MessageHubBackedObjectConnection$DispatchWrapper.dispatch(MessageHubBackedObjectConnection.java:137)
	at org.gradle.internal.remote.internal.hub.MessageHub$Handler.run(MessageHub.java:404)
	at org.gradle.internal.concurrent.ExecutorPolicy$CatchAndRecordFailures.onExecute(ExecutorPolicy.java:63)
	at org.gradle.internal.concurrent.ManagedExecutorImpl$1.run(ManagedExecutorImpl.java:46)
	at java.util.concurrent.ThreadPoolExecutor.runWorker(ThreadPoolExecutor.java:1149)
	at java.util.concurrent.ThreadPoolExecutor$Worker.run(ThreadPoolExecutor.java:624)
	at org.gradle.internal.concurrent.ThreadFactoryImpl$ManagedThreadRunnable.run(ThreadFactoryImpl.java:55)
	at java.lang.Thread.run(Thread.java:748)
</pre>
</span>
</div>
<div class="test">
<a name="publish[11: com.dotcms.publishing.PublisherAPIImplTest$TestCase@36290d99]"></a>
<h3 class="failures">publish[11: com.dotcms.publishing.PublisherAPIImplTest$TestCase@36290d99]</h3>
<span class="code">
<pre>java.lang.AssertionError: Expected 21 but get 23 in /custom/assets/bundles/01EYTZHT1DXT0N225S88PMBZJ2
Expected [/custom/assets/bundles/01EYTZHT1DXT0N225S88PMBZJ2/working/test1613661343530.dotcms.com/9018849f-e65d-4ae3-b38c-91d706cd8b67.contentType.json, /custom/assets/bundles/01EYTZHT1DXT0N225S88PMBZJ2/live/System Host/en_US.language.xml, /custom/assets/bundles/01EYTZHT1DXT0N225S88PMBZJ2/live/default/1613663444592/3-content.5b0db4f6-aa15-4c07-a5ba-1f767cee9500.content.xml, /custom/assets/bundles/01EYTZHT1DXT0N225S88PMBZJ2/live/System Host/wz_UI.language.xml, /custom/assets/bundles/01EYTZHT1DXT0N225S88PMBZJ2/working/System Host/1/content.ff462f88-d9e1-4d31-b084-b73cb61976d3.host.xml, /custom/assets/bundles/01EYTZHT1DXT0N225S88PMBZJ2/working/test1613661343530.dotcms.com/d4fdfbfa-d36b-4ab4-ac40-c1e8a5092818.containers.container.xml, /custom/assets/bundles/01EYTZHT1DXT0N225S88PMBZJ2/live/System Host/1/c4f0183e-69d4-428c-9192-9838ed9324fc.contentworkflow.xml, /custom/assets/bundles/01EYTZHT1DXT0N225S88PMBZJ2/live/System Host/1properties, /custom/assets/bundles/01EYTZHT1DXT0N225S88PMBZJ2/live/System Host/1/content.ce5957fe-bb72-4cb7-be80-6ee887435d7f.host.xml, /custom/assets/bundles/01EYTZHT1DXT0N225S88PMBZJ2/live/System Host/1/1-content.60a70877-d2c4-4c45-b94e-57e8f9bbc827.content.xml, /custom/assets/bundles/01EYTZHT1DXT0N225S88PMBZJ2/live/default/bc029935-9eb2-47db-a192-3d72d8cc00d2.rule.xml, /custom/assets/bundles/01EYTZHT1DXT0N225S88PMBZJ2/live/default/1613663444592/29933c69-cdd0-40e4-83b8-94a6da3ba11e.contentworkflow.xml, /custom/assets/bundles/01EYTZHT1DXT0N225S88PMBZJ2/live/System Host/1/7ecd9b3c-0e10-4a15-8720-88534ace5e61.contentworkflow.xml, /custom/assets/bundles/01EYTZHT1DXT0N225S88PMBZJ2/live/System Host/1613663444592properties, /custom/assets/bundles/01EYTZHT1DXT0N225S88PMBZJ2/live/System Host/1/0-content.210ef630-69f9-4a64-ab52-f192fc4db2ca.content.xml, /custom/assets/bundles/01EYTZHT1DXT0N225S88PMBZJ2/working/System Host/1/2-content.210ef630-69f9-4a64-ab52-f192fc4db2ca.content.xml, /custom/assets/bundles/01EYTZHT1DXT0N225S88PMBZJ2/live/System Host/1/content.ff462f88-d9e1-4d31-b084-b73cb61976d3.host.xml, /custom/assets/bundles/01EYTZHT1DXT0N225S88PMBZJ2/d61a59e1-a49c-46f2-a929-db2b4bfa88b2.workflow.xml, /custom/assets/bundles/01EYTZHT1DXT0N225S88PMBZJ2/working/System Host/f4d7c1b8-2c88-4071-abf1-a5328977b07d.contentType.json, /custom/assets/bundles/01EYTZHT1DXT0N225S88PMBZJ2/working/System Host/1/c4f0183e-69d4-428c-9192-9838ed9324fc.contentworkflow.xml]
Existing [/custom/assets/bundles/01EYTZHT1DXT0N225S88PMBZJ2/ROOT/bc9a1d37-dd2d-4d49-a29d-0c9be740bfaf.folder.xml, /custom/assets/bundles/01EYTZHT1DXT0N225S88PMBZJ2/bundle.xml, /custom/assets/bundles/01EYTZHT1DXT0N225S88PMBZJ2/d61a59e1-a49c-46f2-a929-db2b4bfa88b2.workflow.xml, /custom/assets/bundles/01EYTZHT1DXT0N225S88PMBZJ2/live/System Host/1/0-content.210ef630-69f9-4a64-ab52-f192fc4db2ca.content.xml, /custom/assets/bundles/01EYTZHT1DXT0N225S88PMBZJ2/live/System Host/1/1-content.60a70877-d2c4-4c45-b94e-57e8f9bbc827.content.xml, /custom/assets/bundles/01EYTZHT1DXT0N225S88PMBZJ2/live/System Host/1/7ecd9b3c-0e10-4a15-8720-88534ace5e61.contentworkflow.xml, /custom/assets/bundles/01EYTZHT1DXT0N225S88PMBZJ2/live/System Host/1/c4f0183e-69d4-428c-9192-9838ed9324fc.contentworkflow.xml, /custom/assets/bundles/01EYTZHT1DXT0N225S88PMBZJ2/live/System Host/1/content.ce5957fe-bb72-4cb7-be80-6ee887435d7f.host.xml, /custom/assets/bundles/01EYTZHT1DXT0N225S88PMBZJ2/live/System Host/1/content.ff462f88-d9e1-4d31-b084-b73cb61976d3.host.xml, /custom/assets/bundles/01EYTZHT1DXT0N225S88PMBZJ2/live/System Host/1/system host.host.xml, /custom/assets/bundles/01EYTZHT1DXT0N225S88PMBZJ2/live/System Host/1613663444592properties, /custom/assets/bundles/01EYTZHT1DXT0N225S88PMBZJ2/live/System Host/1properties, /custom/assets/bundles/01EYTZHT1DXT0N225S88PMBZJ2/live/System Host/en_US.language.xml, /custom/assets/bundles/01EYTZHT1DXT0N225S88PMBZJ2/live/System Host/wz_UI.language.xml, /custom/assets/bundles/01EYTZHT1DXT0N225S88PMBZJ2/live/default/1613663444592/29933c69-cdd0-40e4-83b8-94a6da3ba11e.contentworkflow.xml, /custom/assets/bundles/01EYTZHT1DXT0N225S88PMBZJ2/live/default/1613663444592/3-content.5b0db4f6-aa15-4c07-a5ba-1f767cee9500.content.xml, /custom/assets/bundles/01EYTZHT1DXT0N225S88PMBZJ2/live/default/bc029935-9eb2-47db-a192-3d72d8cc00d2.rule.xml, /custom/assets/bundles/01EYTZHT1DXT0N225S88PMBZJ2/working/System Host/1/2-content.210ef630-69f9-4a64-ab52-f192fc4db2ca.content.xml, /custom/assets/bundles/01EYTZHT1DXT0N225S88PMBZJ2/working/System Host/1/c4f0183e-69d4-428c-9192-9838ed9324fc.contentworkflow.xml, /custom/assets/bundles/01EYTZHT1DXT0N225S88PMBZJ2/working/System Host/1/content.ff462f88-d9e1-4d31-b084-b73cb61976d3.host.xml, /custom/assets/bundles/01EYTZHT1DXT0N225S88PMBZJ2/working/System Host/f4d7c1b8-2c88-4071-abf1-a5328977b07d.contentType.json, /custom/assets/bundles/01EYTZHT1DXT0N225S88PMBZJ2/working/test1613661343530.dotcms.com/9018849f-e65d-4ae3-b38c-91d706cd8b67.contentType.json, /custom/assets/bundles/01EYTZHT1DXT0N225S88PMBZJ2/working/test1613661343530.dotcms.com/d4fdfbfa-d36b-4ab4-ac40-c1e8a5092818.containers.container.xml]
difference [/custom/assets/bundles/01EYTZHT1DXT0N225S88PMBZJ2/ROOT/bc9a1d37-dd2d-4d49-a29d-0c9be740bfaf.folder.xml, /custom/assets/bundles/01EYTZHT1DXT0N225S88PMBZJ2/bundle.xml, /custom/assets/bundles/01EYTZHT1DXT0N225S88PMBZJ2/live/System Host/1/system host.host.xml]

	at org.jgroups.util.Util.assertEquals(Util.java:185)
	at com.dotcms.publishing.PublisherAPIImplTest.publish(PublisherAPIImplTest.java:407)
	at sun.reflect.NativeMethodAccessorImpl.invoke0(Native Method)
	at sun.reflect.NativeMethodAccessorImpl.invoke(NativeMethodAccessorImpl.java:62)
	at sun.reflect.DelegatingMethodAccessorImpl.invoke(DelegatingMethodAccessorImpl.java:43)
	at java.lang.reflect.Method.invoke(Method.java:498)
	at org.junit.runners.model.FrameworkMethod$1.runReflectiveCall(FrameworkMethod.java:50)
	at org.junit.internal.runners.model.ReflectiveCallable.run(ReflectiveCallable.java:12)
	at org.junit.runners.model.FrameworkMethod.invokeExplosively(FrameworkMethod.java:47)
	at com.tngtech.java.junit.dataprovider.DataProviderFrameworkMethod.invokeExplosively(DataProviderFrameworkMethod.java:119)
	at org.junit.internal.runners.statements.InvokeMethod.evaluate(InvokeMethod.java:17)
	at org.junit.rules.TestWatcher$1.evaluate(TestWatcher.java:55)
	at org.junit.rules.RunRules.evaluate(RunRules.java:20)
	at org.junit.runners.ParentRunner.runLeaf(ParentRunner.java:325)
	at com.dotcms.junit.CustomDataProviderRunner.runChild(CustomDataProviderRunner.java:28)
	at com.dotcms.junit.CustomDataProviderRunner.runChild(CustomDataProviderRunner.java:13)
	at org.junit.runners.ParentRunner$3.run(ParentRunner.java:290)
	at org.junit.runners.ParentRunner$1.schedule(ParentRunner.java:71)
	at org.junit.runners.ParentRunner.runChildren(ParentRunner.java:288)
	at org.junit.runners.ParentRunner.access$000(ParentRunner.java:58)
	at org.junit.runners.ParentRunner$2.evaluate(ParentRunner.java:268)
	at org.junit.internal.runners.statements.RunBefores.evaluate(RunBefores.java:26)
	at org.junit.internal.runners.statements.RunAfters.evaluate(RunAfters.java:27)
	at org.junit.runners.ParentRunner.run(ParentRunner.java:363)
	at org.junit.runners.Suite.runChild(Suite.java:128)
	at org.junit.runners.Suite.runChild(Suite.java:27)
	at org.junit.runners.ParentRunner$3.run(ParentRunner.java:290)
	at org.junit.runners.ParentRunner$1.schedule(ParentRunner.java:71)
	at org.junit.runners.ParentRunner.runChildren(ParentRunner.java:288)
	at org.junit.runners.ParentRunner.access$000(ParentRunner.java:58)
	at org.junit.runners.ParentRunner$2.evaluate(ParentRunner.java:268)
	at org.junit.runners.ParentRunner.run(ParentRunner.java:363)
	at org.gradle.api.internal.tasks.testing.junit.JUnitTestClassExecutor.runTestClass(JUnitTestClassExecutor.java:106)
	at org.gradle.api.internal.tasks.testing.junit.JUnitTestClassExecutor.execute(JUnitTestClassExecutor.java:58)
	at org.gradle.api.internal.tasks.testing.junit.JUnitTestClassExecutor.execute(JUnitTestClassExecutor.java:38)
	at org.gradle.api.internal.tasks.testing.junit.AbstractJUnitTestClassProcessor.processTestClass(AbstractJUnitTestClassProcessor.java:66)
	at org.gradle.api.internal.tasks.testing.SuiteTestClassProcessor.processTestClass(SuiteTestClassProcessor.java:51)
	at sun.reflect.NativeMethodAccessorImpl.invoke0(Native Method)
	at sun.reflect.NativeMethodAccessorImpl.invoke(NativeMethodAccessorImpl.java:62)
	at sun.reflect.DelegatingMethodAccessorImpl.invoke(DelegatingMethodAccessorImpl.java:43)
	at java.lang.reflect.Method.invoke(Method.java:498)
	at org.gradle.internal.dispatch.ReflectionDispatch.dispatch(ReflectionDispatch.java:35)
	at org.gradle.internal.dispatch.ReflectionDispatch.dispatch(ReflectionDispatch.java:24)
	at org.gradle.internal.dispatch.ContextClassLoaderDispatch.dispatch(ContextClassLoaderDispatch.java:32)
	at org.gradle.internal.dispatch.ProxyDispatchAdapter$DispatchingInvocationHandler.invoke(ProxyDispatchAdapter.java:93)
	at com.sun.proxy.$Proxy2.processTestClass(Unknown Source)
	at org.gradle.api.internal.tasks.testing.worker.TestWorker.processTestClass(TestWorker.java:117)
	at sun.reflect.NativeMethodAccessorImpl.invoke0(Native Method)
	at sun.reflect.NativeMethodAccessorImpl.invoke(NativeMethodAccessorImpl.java:62)
	at sun.reflect.DelegatingMethodAccessorImpl.invoke(DelegatingMethodAccessorImpl.java:43)
	at java.lang.reflect.Method.invoke(Method.java:498)
	at org.gradle.internal.dispatch.ReflectionDispatch.dispatch(ReflectionDispatch.java:35)
	at org.gradle.internal.dispatch.ReflectionDispatch.dispatch(ReflectionDispatch.java:24)
	at org.gradle.internal.remote.internal.hub.MessageHubBackedObjectConnection$DispatchWrapper.dispatch(MessageHubBackedObjectConnection.java:155)
	at org.gradle.internal.remote.internal.hub.MessageHubBackedObjectConnection$DispatchWrapper.dispatch(MessageHubBackedObjectConnection.java:137)
	at org.gradle.internal.remote.internal.hub.MessageHub$Handler.run(MessageHub.java:404)
	at org.gradle.internal.concurrent.ExecutorPolicy$CatchAndRecordFailures.onExecute(ExecutorPolicy.java:63)
	at org.gradle.internal.concurrent.ManagedExecutorImpl$1.run(ManagedExecutorImpl.java:46)
	at java.util.concurrent.ThreadPoolExecutor.runWorker(ThreadPoolExecutor.java:1149)
	at java.util.concurrent.ThreadPoolExecutor$Worker.run(ThreadPoolExecutor.java:624)
	at org.gradle.internal.concurrent.ThreadFactoryImpl$ManagedThreadRunnable.run(ThreadFactoryImpl.java:55)
	at java.lang.Thread.run(Thread.java:748)
</pre>
</span>
</div>
<div class="test">
<a name="publish[12: com.dotcms.publishing.PublisherAPIImplTest$TestCase@61e14b1d]"></a>
<h3 class="failures">publish[12: com.dotcms.publishing.PublisherAPIImplTest$TestCase@61e14b1d]</h3>
<span class="code">
<pre>java.lang.AssertionError: Expected 31 but get 33 in /custom/assets/bundles/01EYTZHT3YAQ48ZQGV9E2HABD2
Expected [/custom/assets/bundles/01EYTZHT3YAQ48ZQGV9E2HABD2/live/System Host/1/2-content.60a70877-d2c4-4c45-b94e-57e8f9bbc827.content.xml, /custom/assets/bundles/01EYTZHT3YAQ48ZQGV9E2HABD2/live/System Host/1/c4f0183e-69d4-428c-9192-9838ed9324fc.contentworkflow.xml, /custom/assets/bundles/01EYTZHT3YAQ48ZQGV9E2HABD2/ROOT/21297e71-a4ca-49d0-9bda-6bd6ba1c8174.folder.xml, /custom/assets/bundles/01EYTZHT3YAQ48ZQGV9E2HABD2/live/System Host/1613663444592properties, /custom/assets/bundles/01EYTZHT3YAQ48ZQGV9E2HABD2/ROOT/testName1613661345481/4e00fb8d-51e3-4a73-9811-f26a626fbf75.folder.xml, /custom/assets/bundles/01EYTZHT3YAQ48ZQGV9E2HABD2/live/System Host/1/0-content.210ef630-69f9-4a64-ab52-f192fc4db2ca.content.xml, /custom/assets/bundles/01EYTZHT3YAQ48ZQGV9E2HABD2/live/System Host/wz_UI.language.xml, /custom/assets/bundles/01EYTZHT3YAQ48ZQGV9E2HABD2/working/test1613661344472.dotcms.com/1/f15ac9da-bf13-45af-a72a-4a96e3de5585.contentworkflow.xml, /custom/assets/bundles/01EYTZHT3YAQ48ZQGV9E2HABD2/live/System Host/1/7ecd9b3c-0e10-4a15-8720-88534ace5e61.contentworkflow.xml, /custom/assets/bundles/01EYTZHT3YAQ48ZQGV9E2HABD2/d61a59e1-a49c-46f2-a929-db2b4bfa88b2.workflow.xml, /custom/assets/bundles/01EYTZHT3YAQ48ZQGV9E2HABD2/live/default/1613663444592/4-content.5b0db4f6-aa15-4c07-a5ba-1f767cee9500.content.xml, /custom/assets/bundles/01EYTZHT3YAQ48ZQGV9E2HABD2/assets/5/f/5fdca872-0a58-4ad5-b2e0-07c3568ec4bc/fileAsset/test.jpg, /custom/assets/bundles/01EYTZHT3YAQ48ZQGV9E2HABD2/live/System Host/en_US.language.xml, /custom/assets/bundles/01EYTZHT3YAQ48ZQGV9E2HABD2/live/System Host/1properties, /custom/assets/bundles/01EYTZHT3YAQ48ZQGV9E2HABD2/working/test1613661344472.dotcms.com/testName1613661345481/testName1613661345490/a58bafb4-44d2-46b9-89b2-eb690f932c76.link.xml, /custom/assets/bundles/01EYTZHT3YAQ48ZQGV9E2HABD2/working/System Host/1/c4f0183e-69d4-428c-9192-9838ed9324fc.contentworkflow.xml, /custom/assets/bundles/01EYTZHT3YAQ48ZQGV9E2HABD2/working/test1613661344472.dotcms.com/1/1-5fdca872-0a58-4ad5-b2e0-07c3568ec4bc.content.xml, /custom/assets/bundles/01EYTZHT3YAQ48ZQGV9E2HABD2/working/test1613661344472.dotcms.com/3170caa9-4dc2-4e8e-9502-1e25aac54adb.contentType.json, /custom/assets/bundles/01EYTZHT3YAQ48ZQGV9E2HABD2/working/System Host/1/3-content.210ef630-69f9-4a64-ab52-f192fc4db2ca.content.xml, /custom/assets/bundles/01EYTZHT3YAQ48ZQGV9E2HABD2/working/System Host/33888b6f-7a8e-4069-b1b6-5c1aa9d0a48d.contentType.json, /custom/assets/bundles/01EYTZHT3YAQ48ZQGV9E2HABD2/live/default/bc029935-9eb2-47db-a192-3d72d8cc00d2.rule.xml, /custom/assets/bundles/01EYTZHT3YAQ48ZQGV9E2HABD2/working/System Host/1/content.ff462f88-d9e1-4d31-b084-b73cb61976d3.host.xml, /custom/assets/bundles/01EYTZHT3YAQ48ZQGV9E2HABD2/working/System Host/f4d7c1b8-2c88-4071-abf1-a5328977b07d.contentType.json, /custom/assets/bundles/01EYTZHT3YAQ48ZQGV9E2HABD2/live/System Host/1/content.1926e936-7631-4a44-8b7e-a63a2a38ea58.host.xml, /custom/assets/bundles/01EYTZHT3YAQ48ZQGV9E2HABD2/assets/9/c/9cd2514f-3c3f-4564-bc45-ef77aa4cf3b0/fileAsset/test.jpg, /custom/assets/bundles/01EYTZHT3YAQ48ZQGV9E2HABD2/live/default/1613663444592/29933c69-cdd0-40e4-83b8-94a6da3ba11e.contentworkflow.xml, /custom/assets/bundles/01EYTZHT3YAQ48ZQGV9E2HABD2/ROOT/testName1613661345481/testName1613661345490/f624beaf-7c69-46df-9ab4-6e967336f870.folder.xml, /custom/assets/bundles/01EYTZHT3YAQ48ZQGV9E2HABD2/working/test1613661344472.dotcms.com/1/5-9cd2514f-3c3f-4564-bc45-ef77aa4cf3b0.content.xml, /custom/assets/bundles/01EYTZHT3YAQ48ZQGV9E2HABD2/working/test1613661344472.dotcms.com/1/8e1c5a20-1315-412e-99c0-016f65e5f5c4.contentworkflow.xml, /custom/assets/bundles/01EYTZHT3YAQ48ZQGV9E2HABD2/live/System Host/1/content.ff462f88-d9e1-4d31-b084-b73cb61976d3.host.xml]
Existing [/custom/assets/bundles/01EYTZHT3YAQ48ZQGV9E2HABD2/ROOT/21297e71-a4ca-49d0-9bda-6bd6ba1c8174.folder.xml, /custom/assets/bundles/01EYTZHT3YAQ48ZQGV9E2HABD2/ROOT/bc9a1d37-dd2d-4d49-a29d-0c9be740bfaf.folder.xml, /custom/assets/bundles/01EYTZHT3YAQ48ZQGV9E2HABD2/ROOT/testName1613661345481/4e00fb8d-51e3-4a73-9811-f26a626fbf75.folder.xml, /custom/assets/bundles/01EYTZHT3YAQ48ZQGV9E2HABD2/ROOT/testName1613661345481/testName1613661345490/f624beaf-7c69-46df-9ab4-6e967336f870.folder.xml, /custom/assets/bundles/01EYTZHT3YAQ48ZQGV9E2HABD2/assets/5/f/5fdca872-0a58-4ad5-b2e0-07c3568ec4bc/fileAsset/test.jpg, /custom/assets/bundles/01EYTZHT3YAQ48ZQGV9E2HABD2/assets/9/c/9cd2514f-3c3f-4564-bc45-ef77aa4cf3b0/fileAsset/test.jpg, /custom/assets/bundles/01EYTZHT3YAQ48ZQGV9E2HABD2/bundle.xml, /custom/assets/bundles/01EYTZHT3YAQ48ZQGV9E2HABD2/d61a59e1-a49c-46f2-a929-db2b4bfa88b2.workflow.xml, /custom/assets/bundles/01EYTZHT3YAQ48ZQGV9E2HABD2/live/System Host/1/0-content.210ef630-69f9-4a64-ab52-f192fc4db2ca.content.xml, /custom/assets/bundles/01EYTZHT3YAQ48ZQGV9E2HABD2/live/System Host/1/2-content.60a70877-d2c4-4c45-b94e-57e8f9bbc827.content.xml, /custom/assets/bundles/01EYTZHT3YAQ48ZQGV9E2HABD2/live/System Host/1/7ecd9b3c-0e10-4a15-8720-88534ace5e61.contentworkflow.xml, /custom/assets/bundles/01EYTZHT3YAQ48ZQGV9E2HABD2/live/System Host/1/c4f0183e-69d4-428c-9192-9838ed9324fc.contentworkflow.xml, /custom/assets/bundles/01EYTZHT3YAQ48ZQGV9E2HABD2/live/System Host/1/content.1926e936-7631-4a44-8b7e-a63a2a38ea58.host.xml, /custom/assets/bundles/01EYTZHT3YAQ48ZQGV9E2HABD2/live/System Host/1/content.ff462f88-d9e1-4d31-b084-b73cb61976d3.host.xml, /custom/assets/bundles/01EYTZHT3YAQ48ZQGV9E2HABD2/live/System Host/1/system host.host.xml, /custom/assets/bundles/01EYTZHT3YAQ48ZQGV9E2HABD2/live/System Host/1613663444592properties, /custom/assets/bundles/01EYTZHT3YAQ48ZQGV9E2HABD2/live/System Host/1properties, /custom/assets/bundles/01EYTZHT3YAQ48ZQGV9E2HABD2/live/System Host/en_US.language.xml, /custom/assets/bundles/01EYTZHT3YAQ48ZQGV9E2HABD2/live/System Host/wz_UI.language.xml, /custom/assets/bundles/01EYTZHT3YAQ48ZQGV9E2HABD2/live/default/1613663444592/29933c69-cdd0-40e4-83b8-94a6da3ba11e.contentworkflow.xml, /custom/assets/bundles/01EYTZHT3YAQ48ZQGV9E2HABD2/live/default/1613663444592/4-content.5b0db4f6-aa15-4c07-a5ba-1f767cee9500.content.xml, /custom/assets/bundles/01EYTZHT3YAQ48ZQGV9E2HABD2/live/default/bc029935-9eb2-47db-a192-3d72d8cc00d2.rule.xml, /custom/assets/bundles/01EYTZHT3YAQ48ZQGV9E2HABD2/working/System Host/1/3-content.210ef630-69f9-4a64-ab52-f192fc4db2ca.content.xml, /custom/assets/bundles/01EYTZHT3YAQ48ZQGV9E2HABD2/working/System Host/1/c4f0183e-69d4-428c-9192-9838ed9324fc.contentworkflow.xml, /custom/assets/bundles/01EYTZHT3YAQ48ZQGV9E2HABD2/working/System Host/1/content.ff462f88-d9e1-4d31-b084-b73cb61976d3.host.xml, /custom/assets/bundles/01EYTZHT3YAQ48ZQGV9E2HABD2/working/System Host/33888b6f-7a8e-4069-b1b6-5c1aa9d0a48d.contentType.json, /custom/assets/bundles/01EYTZHT3YAQ48ZQGV9E2HABD2/working/System Host/f4d7c1b8-2c88-4071-abf1-a5328977b07d.contentType.json, /custom/assets/bundles/01EYTZHT3YAQ48ZQGV9E2HABD2/working/test1613661344472.dotcms.com/1/1-5fdca872-0a58-4ad5-b2e0-07c3568ec4bc.content.xml, /custom/assets/bundles/01EYTZHT3YAQ48ZQGV9E2HABD2/working/test1613661344472.dotcms.com/1/5-9cd2514f-3c3f-4564-bc45-ef77aa4cf3b0.content.xml, /custom/assets/bundles/01EYTZHT3YAQ48ZQGV9E2HABD2/working/test1613661344472.dotcms.com/1/8e1c5a20-1315-412e-99c0-016f65e5f5c4.contentworkflow.xml, /custom/assets/bundles/01EYTZHT3YAQ48ZQGV9E2HABD2/working/test1613661344472.dotcms.com/1/f15ac9da-bf13-45af-a72a-4a96e3de5585.contentworkflow.xml, /custom/assets/bundles/01EYTZHT3YAQ48ZQGV9E2HABD2/working/test1613661344472.dotcms.com/3170caa9-4dc2-4e8e-9502-1e25aac54adb.contentType.json, /custom/assets/bundles/01EYTZHT3YAQ48ZQGV9E2HABD2/working/test1613661344472.dotcms.com/testName1613661345481/testName1613661345490/a58bafb4-44d2-46b9-89b2-eb690f932c76.link.xml]
difference [/custom/assets/bundles/01EYTZHT3YAQ48ZQGV9E2HABD2/ROOT/bc9a1d37-dd2d-4d49-a29d-0c9be740bfaf.folder.xml, /custom/assets/bundles/01EYTZHT3YAQ48ZQGV9E2HABD2/bundle.xml, /custom/assets/bundles/01EYTZHT3YAQ48ZQGV9E2HABD2/live/System Host/1/system host.host.xml]

	at org.jgroups.util.Util.assertEquals(Util.java:185)
	at com.dotcms.publishing.PublisherAPIImplTest.publish(PublisherAPIImplTest.java:407)
	at sun.reflect.NativeMethodAccessorImpl.invoke0(Native Method)
	at sun.reflect.NativeMethodAccessorImpl.invoke(NativeMethodAccessorImpl.java:62)
	at sun.reflect.DelegatingMethodAccessorImpl.invoke(DelegatingMethodAccessorImpl.java:43)
	at java.lang.reflect.Method.invoke(Method.java:498)
	at org.junit.runners.model.FrameworkMethod$1.runReflectiveCall(FrameworkMethod.java:50)
	at org.junit.internal.runners.model.ReflectiveCallable.run(ReflectiveCallable.java:12)
	at org.junit.runners.model.FrameworkMethod.invokeExplosively(FrameworkMethod.java:47)
	at com.tngtech.java.junit.dataprovider.DataProviderFrameworkMethod.invokeExplosively(DataProviderFrameworkMethod.java:119)
	at org.junit.internal.runners.statements.InvokeMethod.evaluate(InvokeMethod.java:17)
	at org.junit.rules.TestWatcher$1.evaluate(TestWatcher.java:55)
	at org.junit.rules.RunRules.evaluate(RunRules.java:20)
	at org.junit.runners.ParentRunner.runLeaf(ParentRunner.java:325)
	at com.dotcms.junit.CustomDataProviderRunner.runChild(CustomDataProviderRunner.java:28)
	at com.dotcms.junit.CustomDataProviderRunner.runChild(CustomDataProviderRunner.java:13)
	at org.junit.runners.ParentRunner$3.run(ParentRunner.java:290)
	at org.junit.runners.ParentRunner$1.schedule(ParentRunner.java:71)
	at org.junit.runners.ParentRunner.runChildren(ParentRunner.java:288)
	at org.junit.runners.ParentRunner.access$000(ParentRunner.java:58)
	at org.junit.runners.ParentRunner$2.evaluate(ParentRunner.java:268)
	at org.junit.internal.runners.statements.RunBefores.evaluate(RunBefores.java:26)
	at org.junit.internal.runners.statements.RunAfters.evaluate(RunAfters.java:27)
	at org.junit.runners.ParentRunner.run(ParentRunner.java:363)
	at org.junit.runners.Suite.runChild(Suite.java:128)
	at org.junit.runners.Suite.runChild(Suite.java:27)
	at org.junit.runners.ParentRunner$3.run(ParentRunner.java:290)
	at org.junit.runners.ParentRunner$1.schedule(ParentRunner.java:71)
	at org.junit.runners.ParentRunner.runChildren(ParentRunner.java:288)
	at org.junit.runners.ParentRunner.access$000(ParentRunner.java:58)
	at org.junit.runners.ParentRunner$2.evaluate(ParentRunner.java:268)
	at org.junit.runners.ParentRunner.run(ParentRunner.java:363)
	at org.gradle.api.internal.tasks.testing.junit.JUnitTestClassExecutor.runTestClass(JUnitTestClassExecutor.java:106)
	at org.gradle.api.internal.tasks.testing.junit.JUnitTestClassExecutor.execute(JUnitTestClassExecutor.java:58)
	at org.gradle.api.internal.tasks.testing.junit.JUnitTestClassExecutor.execute(JUnitTestClassExecutor.java:38)
	at org.gradle.api.internal.tasks.testing.junit.AbstractJUnitTestClassProcessor.processTestClass(AbstractJUnitTestClassProcessor.java:66)
	at org.gradle.api.internal.tasks.testing.SuiteTestClassProcessor.processTestClass(SuiteTestClassProcessor.java:51)
	at sun.reflect.NativeMethodAccessorImpl.invoke0(Native Method)
	at sun.reflect.NativeMethodAccessorImpl.invoke(NativeMethodAccessorImpl.java:62)
	at sun.reflect.DelegatingMethodAccessorImpl.invoke(DelegatingMethodAccessorImpl.java:43)
	at java.lang.reflect.Method.invoke(Method.java:498)
	at org.gradle.internal.dispatch.ReflectionDispatch.dispatch(ReflectionDispatch.java:35)
	at org.gradle.internal.dispatch.ReflectionDispatch.dispatch(ReflectionDispatch.java:24)
	at org.gradle.internal.dispatch.ContextClassLoaderDispatch.dispatch(ContextClassLoaderDispatch.java:32)
	at org.gradle.internal.dispatch.ProxyDispatchAdapter$DispatchingInvocationHandler.invoke(ProxyDispatchAdapter.java:93)
	at com.sun.proxy.$Proxy2.processTestClass(Unknown Source)
	at org.gradle.api.internal.tasks.testing.worker.TestWorker.processTestClass(TestWorker.java:117)
	at sun.reflect.NativeMethodAccessorImpl.invoke0(Native Method)
	at sun.reflect.NativeMethodAccessorImpl.invoke(NativeMethodAccessorImpl.java:62)
	at sun.reflect.DelegatingMethodAccessorImpl.invoke(DelegatingMethodAccessorImpl.java:43)
	at java.lang.reflect.Method.invoke(Method.java:498)
	at org.gradle.internal.dispatch.ReflectionDispatch.dispatch(ReflectionDispatch.java:35)
	at org.gradle.internal.dispatch.ReflectionDispatch.dispatch(ReflectionDispatch.java:24)
	at org.gradle.internal.remote.internal.hub.MessageHubBackedObjectConnection$DispatchWrapper.dispatch(MessageHubBackedObjectConnection.java:155)
	at org.gradle.internal.remote.internal.hub.MessageHubBackedObjectConnection$DispatchWrapper.dispatch(MessageHubBackedObjectConnection.java:137)
	at org.gradle.internal.remote.internal.hub.MessageHub$Handler.run(MessageHub.java:404)
	at org.gradle.internal.concurrent.ExecutorPolicy$CatchAndRecordFailures.onExecute(ExecutorPolicy.java:63)
	at org.gradle.internal.concurrent.ManagedExecutorImpl$1.run(ManagedExecutorImpl.java:46)
	at java.util.concurrent.ThreadPoolExecutor.runWorker(ThreadPoolExecutor.java:1149)
	at java.util.concurrent.ThreadPoolExecutor$Worker.run(ThreadPoolExecutor.java:624)
	at org.gradle.internal.concurrent.ThreadFactoryImpl$ManagedThreadRunnable.run(ThreadFactoryImpl.java:55)
	at java.lang.Thread.run(Thread.java:748)
</pre>
</span>
</div>
<div class="test">
<a name="publish[13: com.dotcms.publishing.PublisherAPIImplTest$TestCase@47f9ef47]"></a>
<h3 class="failures">publish[13: com.dotcms.publishing.PublisherAPIImplTest$TestCase@47f9ef47]</h3>
<span class="code">
<pre>java.lang.AssertionError: Expected 28 but get 30 in /custom/assets/bundles/01EYTZHT734M1ZN5J8EH1ET2JE
Expected [/custom/assets/bundles/01EYTZHT734M1ZN5J8EH1ET2JE/live/test1613661345773.dotcms.com/c34f214b-9333-4594-bf07-4c06abfb1d00.template.template.xml, /custom/assets/bundles/01EYTZHT734M1ZN5J8EH1ET2JE/working/test1613661345773.dotcms.com/1e94770e-2f79-43bb-800b-0a99bc1588f1.containers.container.xml, /custom/assets/bundles/01EYTZHT734M1ZN5J8EH1ET2JE/live/System Host/1/1-content.60a70877-d2c4-4c45-b94e-57e8f9bbc827.content.xml, /custom/assets/bundles/01EYTZHT734M1ZN5J8EH1ET2JE/live/System Host/1613663444592properties, /custom/assets/bundles/01EYTZHT734M1ZN5J8EH1ET2JE/working/System Host/1/2-content.210ef630-69f9-4a64-ab52-f192fc4db2ca.content.xml, /custom/assets/bundles/01EYTZHT734M1ZN5J8EH1ET2JE/working/System Host/1/content.ff462f88-d9e1-4d31-b084-b73cb61976d3.host.xml, /custom/assets/bundles/01EYTZHT734M1ZN5J8EH1ET2JE/d61a59e1-a49c-46f2-a929-db2b4bfa88b2.workflow.xml, /custom/assets/bundles/01EYTZHT734M1ZN5J8EH1ET2JE/live/default/1613663444592/3-content.5b0db4f6-aa15-4c07-a5ba-1f767cee9500.content.xml, /custom/assets/bundles/01EYTZHT734M1ZN5J8EH1ET2JE/live/System Host/1/content.dba1ad35-23c9-4056-b845-5d44b24097c1.host.xml, /custom/assets/bundles/01EYTZHT734M1ZN5J8EH1ET2JE/working/test1613661345773.dotcms.com/1/01ce2f84-67de-48e4-8abb-958112fc1f37.contentworkflow.xml, /custom/assets/bundles/01EYTZHT734M1ZN5J8EH1ET2JE/working/System Host/1/c4f0183e-69d4-428c-9192-9838ed9324fc.contentworkflow.xml, /custom/assets/bundles/01EYTZHT734M1ZN5J8EH1ET2JE/live/System Host/1/7ecd9b3c-0e10-4a15-8720-88534ace5e61.contentworkflow.xml, /custom/assets/bundles/01EYTZHT734M1ZN5J8EH1ET2JE/live/default/bc029935-9eb2-47db-a192-3d72d8cc00d2.rule.xml, /custom/assets/bundles/01EYTZHT734M1ZN5J8EH1ET2JE/live/default/1613663444592/29933c69-cdd0-40e4-83b8-94a6da3ba11e.contentworkflow.xml, /custom/assets/bundles/01EYTZHT734M1ZN5J8EH1ET2JE/live/System Host/en_US.language.xml, /custom/assets/bundles/01EYTZHT734M1ZN5J8EH1ET2JE/working/test1613661345773.dotcms.com/f2e50426-9e31-413f-ba50-d604e1ca3fc4.contentType.json, /custom/assets/bundles/01EYTZHT734M1ZN5J8EH1ET2JE/working/System Host/33888b6f-7a8e-4069-b1b6-5c1aa9d0a48d.contentType.json, /custom/assets/bundles/01EYTZHT734M1ZN5J8EH1ET2JE/live/System Host/1/c4f0183e-69d4-428c-9192-9838ed9324fc.contentworkflow.xml, /custom/assets/bundles/01EYTZHT734M1ZN5J8EH1ET2JE/working/System Host/f4d7c1b8-2c88-4071-abf1-a5328977b07d.contentType.json, /custom/assets/bundles/01EYTZHT734M1ZN5J8EH1ET2JE/live/System Host/1/0-content.210ef630-69f9-4a64-ab52-f192fc4db2ca.content.xml, /custom/assets/bundles/01EYTZHT734M1ZN5J8EH1ET2JE/live/System Host/wz_UI.language.xml, /custom/assets/bundles/01EYTZHT734M1ZN5J8EH1ET2JE/ROOT/87193af4-c9a1-4c17-bcf3-524bd3f95156.folder.xml, /custom/assets/bundles/01EYTZHT734M1ZN5J8EH1ET2JE/live/System Host/1/content.ff462f88-d9e1-4d31-b084-b73cb61976d3.host.xml, /custom/assets/bundles/01EYTZHT734M1ZN5J8EH1ET2JE/working/test1613661345773.dotcms.com/1/4-content.90e079a8-8cda-4451-97f7-709cf39e6f43.content.xml, /custom/assets/bundles/01EYTZHT734M1ZN5J8EH1ET2JE/live/System Host/1properties, /custom/assets/bundles/01EYTZHT734M1ZN5J8EH1ET2JE/live/test1613661345773.dotcms.com/3846cb83-e8e2-41fd-a865-e6cf2754bc91.rule.xml, /custom/assets/bundles/01EYTZHT734M1ZN5J8EH1ET2JE/working/test1613661345773.dotcms.com/c15e6fa1-27e0-4c05-a408-a24d93b2a8b0.contentType.json]
Existing [/custom/assets/bundles/01EYTZHT734M1ZN5J8EH1ET2JE/ROOT/87193af4-c9a1-4c17-bcf3-524bd3f95156.folder.xml, /custom/assets/bundles/01EYTZHT734M1ZN5J8EH1ET2JE/ROOT/bc9a1d37-dd2d-4d49-a29d-0c9be740bfaf.folder.xml, /custom/assets/bundles/01EYTZHT734M1ZN5J8EH1ET2JE/bundle.xml, /custom/assets/bundles/01EYTZHT734M1ZN5J8EH1ET2JE/d61a59e1-a49c-46f2-a929-db2b4bfa88b2.workflow.xml, /custom/assets/bundles/01EYTZHT734M1ZN5J8EH1ET2JE/live/System Host/1/0-content.210ef630-69f9-4a64-ab52-f192fc4db2ca.content.xml, /custom/assets/bundles/01EYTZHT734M1ZN5J8EH1ET2JE/live/System Host/1/1-content.60a70877-d2c4-4c45-b94e-57e8f9bbc827.content.xml, /custom/assets/bundles/01EYTZHT734M1ZN5J8EH1ET2JE/live/System Host/1/7ecd9b3c-0e10-4a15-8720-88534ace5e61.contentworkflow.xml, /custom/assets/bundles/01EYTZHT734M1ZN5J8EH1ET2JE/live/System Host/1/c4f0183e-69d4-428c-9192-9838ed9324fc.contentworkflow.xml, /custom/assets/bundles/01EYTZHT734M1ZN5J8EH1ET2JE/live/System Host/1/content.dba1ad35-23c9-4056-b845-5d44b24097c1.host.xml, /custom/assets/bundles/01EYTZHT734M1ZN5J8EH1ET2JE/live/System Host/1/content.ff462f88-d9e1-4d31-b084-b73cb61976d3.host.xml, /custom/assets/bundles/01EYTZHT734M1ZN5J8EH1ET2JE/live/System Host/1/system host.host.xml, /custom/assets/bundles/01EYTZHT734M1ZN5J8EH1ET2JE/live/System Host/1613663444592properties, /custom/assets/bundles/01EYTZHT734M1ZN5J8EH1ET2JE/live/System Host/1properties, /custom/assets/bundles/01EYTZHT734M1ZN5J8EH1ET2JE/live/System Host/en_US.language.xml, /custom/assets/bundles/01EYTZHT734M1ZN5J8EH1ET2JE/live/System Host/wz_UI.language.xml, /custom/assets/bundles/01EYTZHT734M1ZN5J8EH1ET2JE/live/default/1613663444592/29933c69-cdd0-40e4-83b8-94a6da3ba11e.contentworkflow.xml, /custom/assets/bundles/01EYTZHT734M1ZN5J8EH1ET2JE/live/default/1613663444592/3-content.5b0db4f6-aa15-4c07-a5ba-1f767cee9500.content.xml, /custom/assets/bundles/01EYTZHT734M1ZN5J8EH1ET2JE/live/default/bc029935-9eb2-47db-a192-3d72d8cc00d2.rule.xml, /custom/assets/bundles/01EYTZHT734M1ZN5J8EH1ET2JE/live/test1613661345773.dotcms.com/3846cb83-e8e2-41fd-a865-e6cf2754bc91.rule.xml, /custom/assets/bundles/01EYTZHT734M1ZN5J8EH1ET2JE/live/test1613661345773.dotcms.com/c34f214b-9333-4594-bf07-4c06abfb1d00.template.template.xml, /custom/assets/bundles/01EYTZHT734M1ZN5J8EH1ET2JE/working/System Host/1/2-content.210ef630-69f9-4a64-ab52-f192fc4db2ca.content.xml, /custom/assets/bundles/01EYTZHT734M1ZN5J8EH1ET2JE/working/System Host/1/c4f0183e-69d4-428c-9192-9838ed9324fc.contentworkflow.xml, /custom/assets/bundles/01EYTZHT734M1ZN5J8EH1ET2JE/working/System Host/1/content.ff462f88-d9e1-4d31-b084-b73cb61976d3.host.xml, /custom/assets/bundles/01EYTZHT734M1ZN5J8EH1ET2JE/working/System Host/33888b6f-7a8e-4069-b1b6-5c1aa9d0a48d.contentType.json, /custom/assets/bundles/01EYTZHT734M1ZN5J8EH1ET2JE/working/System Host/f4d7c1b8-2c88-4071-abf1-a5328977b07d.contentType.json, /custom/assets/bundles/01EYTZHT734M1ZN5J8EH1ET2JE/working/test1613661345773.dotcms.com/1/01ce2f84-67de-48e4-8abb-958112fc1f37.contentworkflow.xml, /custom/assets/bundles/01EYTZHT734M1ZN5J8EH1ET2JE/working/test1613661345773.dotcms.com/1/4-content.90e079a8-8cda-4451-97f7-709cf39e6f43.content.xml, /custom/assets/bundles/01EYTZHT734M1ZN5J8EH1ET2JE/working/test1613661345773.dotcms.com/1e94770e-2f79-43bb-800b-0a99bc1588f1.containers.container.xml, /custom/assets/bundles/01EYTZHT734M1ZN5J8EH1ET2JE/working/test1613661345773.dotcms.com/c15e6fa1-27e0-4c05-a408-a24d93b2a8b0.contentType.json, /custom/assets/bundles/01EYTZHT734M1ZN5J8EH1ET2JE/working/test1613661345773.dotcms.com/f2e50426-9e31-413f-ba50-d604e1ca3fc4.contentType.json]
difference [/custom/assets/bundles/01EYTZHT734M1ZN5J8EH1ET2JE/ROOT/bc9a1d37-dd2d-4d49-a29d-0c9be740bfaf.folder.xml, /custom/assets/bundles/01EYTZHT734M1ZN5J8EH1ET2JE/bundle.xml, /custom/assets/bundles/01EYTZHT734M1ZN5J8EH1ET2JE/live/System Host/1/system host.host.xml]

	at org.jgroups.util.Util.assertEquals(Util.java:185)
	at com.dotcms.publishing.PublisherAPIImplTest.publish(PublisherAPIImplTest.java:407)
	at sun.reflect.NativeMethodAccessorImpl.invoke0(Native Method)
	at sun.reflect.NativeMethodAccessorImpl.invoke(NativeMethodAccessorImpl.java:62)
	at sun.reflect.DelegatingMethodAccessorImpl.invoke(DelegatingMethodAccessorImpl.java:43)
	at java.lang.reflect.Method.invoke(Method.java:498)
	at org.junit.runners.model.FrameworkMethod$1.runReflectiveCall(FrameworkMethod.java:50)
	at org.junit.internal.runners.model.ReflectiveCallable.run(ReflectiveCallable.java:12)
	at org.junit.runners.model.FrameworkMethod.invokeExplosively(FrameworkMethod.java:47)
	at com.tngtech.java.junit.dataprovider.DataProviderFrameworkMethod.invokeExplosively(DataProviderFrameworkMethod.java:119)
	at org.junit.internal.runners.statements.InvokeMethod.evaluate(InvokeMethod.java:17)
	at org.junit.rules.TestWatcher$1.evaluate(TestWatcher.java:55)
	at org.junit.rules.RunRules.evaluate(RunRules.java:20)
	at org.junit.runners.ParentRunner.runLeaf(ParentRunner.java:325)
	at com.dotcms.junit.CustomDataProviderRunner.runChild(CustomDataProviderRunner.java:28)
	at com.dotcms.junit.CustomDataProviderRunner.runChild(CustomDataProviderRunner.java:13)
	at org.junit.runners.ParentRunner$3.run(ParentRunner.java:290)
	at org.junit.runners.ParentRunner$1.schedule(ParentRunner.java:71)
	at org.junit.runners.ParentRunner.runChildren(ParentRunner.java:288)
	at org.junit.runners.ParentRunner.access$000(ParentRunner.java:58)
	at org.junit.runners.ParentRunner$2.evaluate(ParentRunner.java:268)
	at org.junit.internal.runners.statements.RunBefores.evaluate(RunBefores.java:26)
	at org.junit.internal.runners.statements.RunAfters.evaluate(RunAfters.java:27)
	at org.junit.runners.ParentRunner.run(ParentRunner.java:363)
	at org.junit.runners.Suite.runChild(Suite.java:128)
	at org.junit.runners.Suite.runChild(Suite.java:27)
	at org.junit.runners.ParentRunner$3.run(ParentRunner.java:290)
	at org.junit.runners.ParentRunner$1.schedule(ParentRunner.java:71)
	at org.junit.runners.ParentRunner.runChildren(ParentRunner.java:288)
	at org.junit.runners.ParentRunner.access$000(ParentRunner.java:58)
	at org.junit.runners.ParentRunner$2.evaluate(ParentRunner.java:268)
	at org.junit.runners.ParentRunner.run(ParentRunner.java:363)
	at org.gradle.api.internal.tasks.testing.junit.JUnitTestClassExecutor.runTestClass(JUnitTestClassExecutor.java:106)
	at org.gradle.api.internal.tasks.testing.junit.JUnitTestClassExecutor.execute(JUnitTestClassExecutor.java:58)
	at org.gradle.api.internal.tasks.testing.junit.JUnitTestClassExecutor.execute(JUnitTestClassExecutor.java:38)
	at org.gradle.api.internal.tasks.testing.junit.AbstractJUnitTestClassProcessor.processTestClass(AbstractJUnitTestClassProcessor.java:66)
	at org.gradle.api.internal.tasks.testing.SuiteTestClassProcessor.processTestClass(SuiteTestClassProcessor.java:51)
	at sun.reflect.NativeMethodAccessorImpl.invoke0(Native Method)
	at sun.reflect.NativeMethodAccessorImpl.invoke(NativeMethodAccessorImpl.java:62)
	at sun.reflect.DelegatingMethodAccessorImpl.invoke(DelegatingMethodAccessorImpl.java:43)
	at java.lang.reflect.Method.invoke(Method.java:498)
	at org.gradle.internal.dispatch.ReflectionDispatch.dispatch(ReflectionDispatch.java:35)
	at org.gradle.internal.dispatch.ReflectionDispatch.dispatch(ReflectionDispatch.java:24)
	at org.gradle.internal.dispatch.ContextClassLoaderDispatch.dispatch(ContextClassLoaderDispatch.java:32)
	at org.gradle.internal.dispatch.ProxyDispatchAdapter$DispatchingInvocationHandler.invoke(ProxyDispatchAdapter.java:93)
	at com.sun.proxy.$Proxy2.processTestClass(Unknown Source)
	at org.gradle.api.internal.tasks.testing.worker.TestWorker.processTestClass(TestWorker.java:117)
	at sun.reflect.NativeMethodAccessorImpl.invoke0(Native Method)
	at sun.reflect.NativeMethodAccessorImpl.invoke(NativeMethodAccessorImpl.java:62)
	at sun.reflect.DelegatingMethodAccessorImpl.invoke(DelegatingMethodAccessorImpl.java:43)
	at java.lang.reflect.Method.invoke(Method.java:498)
	at org.gradle.internal.dispatch.ReflectionDispatch.dispatch(ReflectionDispatch.java:35)
	at org.gradle.internal.dispatch.ReflectionDispatch.dispatch(ReflectionDispatch.java:24)
	at org.gradle.internal.remote.internal.hub.MessageHubBackedObjectConnection$DispatchWrapper.dispatch(MessageHubBackedObjectConnection.java:155)
	at org.gradle.internal.remote.internal.hub.MessageHubBackedObjectConnection$DispatchWrapper.dispatch(MessageHubBackedObjectConnection.java:137)
	at org.gradle.internal.remote.internal.hub.MessageHub$Handler.run(MessageHub.java:404)
	at org.gradle.internal.concurrent.ExecutorPolicy$CatchAndRecordFailures.onExecute(ExecutorPolicy.java:63)
	at org.gradle.internal.concurrent.ManagedExecutorImpl$1.run(ManagedExecutorImpl.java:46)
	at java.util.concurrent.ThreadPoolExecutor.runWorker(ThreadPoolExecutor.java:1149)
	at java.util.concurrent.ThreadPoolExecutor$Worker.run(ThreadPoolExecutor.java:624)
	at org.gradle.internal.concurrent.ThreadFactoryImpl$ManagedThreadRunnable.run(ThreadFactoryImpl.java:55)
	at java.lang.Thread.run(Thread.java:748)
</pre>
</span>
</div>
<div class="test">
<a name="publish[14: com.dotcms.publishing.PublisherAPIImplTest$TestCase@35dc7c7d]"></a>
<h3 class="failures">publish[14: com.dotcms.publishing.PublisherAPIImplTest$TestCase@35dc7c7d]</h3>
<span class="code">
<pre>java.lang.AssertionError: Expected 21 but get 23 in /custom/assets/bundles/01EYTZHTA1J22PCT1QJ448TNKM
Expected [/custom/assets/bundles/01EYTZHTA1J22PCT1QJ448TNKM/live/System Host/1/7ecd9b3c-0e10-4a15-8720-88534ace5e61.contentworkflow.xml, /custom/assets/bundles/01EYTZHTA1J22PCT1QJ448TNKM/working/System Host/1/content.ff462f88-d9e1-4d31-b084-b73cb61976d3.host.xml, /custom/assets/bundles/01EYTZHTA1J22PCT1QJ448TNKM/live/default/1613663444592/3-content.5b0db4f6-aa15-4c07-a5ba-1f767cee9500.content.xml, /custom/assets/bundles/01EYTZHTA1J22PCT1QJ448TNKM/live/default/1613663444592/29933c69-cdd0-40e4-83b8-94a6da3ba11e.contentworkflow.xml, /custom/assets/bundles/01EYTZHTA1J22PCT1QJ448TNKM/ROOT/900b3a44-d3e5-4be2-a75a-b3fdd6f6ed27.folder.xml, /custom/assets/bundles/01EYTZHTA1J22PCT1QJ448TNKM/live/System Host/wz_UI.language.xml, /custom/assets/bundles/01EYTZHTA1J22PCT1QJ448TNKM/working/System Host/1/2-content.210ef630-69f9-4a64-ab52-f192fc4db2ca.content.xml, /custom/assets/bundles/01EYTZHTA1J22PCT1QJ448TNKM/live/System Host/1/c4f0183e-69d4-428c-9192-9838ed9324fc.contentworkflow.xml, /custom/assets/bundles/01EYTZHTA1J22PCT1QJ448TNKM/working/System Host/f4d7c1b8-2c88-4071-abf1-a5328977b07d.contentType.json, /custom/assets/bundles/01EYTZHTA1J22PCT1QJ448TNKM/live/System Host/1613663444592properties, /custom/assets/bundles/01EYTZHTA1J22PCT1QJ448TNKM/working/test1613661346662.dotcms.com/testName1613661347513/2bd62eaa-5ba9-44c9-af4c-93453154dcf2.link.xml, /custom/assets/bundles/01EYTZHTA1J22PCT1QJ448TNKM/live/System Host/1/1-content.60a70877-d2c4-4c45-b94e-57e8f9bbc827.content.xml, /custom/assets/bundles/01EYTZHTA1J22PCT1QJ448TNKM/live/System Host/en_US.language.xml, /custom/assets/bundles/01EYTZHTA1J22PCT1QJ448TNKM/d61a59e1-a49c-46f2-a929-db2b4bfa88b2.workflow.xml, /custom/assets/bundles/01EYTZHTA1J22PCT1QJ448TNKM/live/System Host/1/0-content.210ef630-69f9-4a64-ab52-f192fc4db2ca.content.xml, /custom/assets/bundles/01EYTZHTA1J22PCT1QJ448TNKM/working/System Host/1/c4f0183e-69d4-428c-9192-9838ed9324fc.contentworkflow.xml, /custom/assets/bundles/01EYTZHTA1J22PCT1QJ448TNKM/live/System Host/1/content.ff462f88-d9e1-4d31-b084-b73cb61976d3.host.xml, /custom/assets/bundles/01EYTZHTA1J22PCT1QJ448TNKM/live/default/bc029935-9eb2-47db-a192-3d72d8cc00d2.rule.xml, /custom/assets/bundles/01EYTZHTA1J22PCT1QJ448TNKM/live/System Host/1properties, /custom/assets/bundles/01EYTZHTA1J22PCT1QJ448TNKM/live/System Host/1/content.3e9f4dd8-06d9-4df1-a600-15ab75cdfd08.host.xml]
Existing [/custom/assets/bundles/01EYTZHTA1J22PCT1QJ448TNKM/ROOT/900b3a44-d3e5-4be2-a75a-b3fdd6f6ed27.folder.xml, /custom/assets/bundles/01EYTZHTA1J22PCT1QJ448TNKM/ROOT/bc9a1d37-dd2d-4d49-a29d-0c9be740bfaf.folder.xml, /custom/assets/bundles/01EYTZHTA1J22PCT1QJ448TNKM/bundle.xml, /custom/assets/bundles/01EYTZHTA1J22PCT1QJ448TNKM/d61a59e1-a49c-46f2-a929-db2b4bfa88b2.workflow.xml, /custom/assets/bundles/01EYTZHTA1J22PCT1QJ448TNKM/live/System Host/1/0-content.210ef630-69f9-4a64-ab52-f192fc4db2ca.content.xml, /custom/assets/bundles/01EYTZHTA1J22PCT1QJ448TNKM/live/System Host/1/1-content.60a70877-d2c4-4c45-b94e-57e8f9bbc827.content.xml, /custom/assets/bundles/01EYTZHTA1J22PCT1QJ448TNKM/live/System Host/1/7ecd9b3c-0e10-4a15-8720-88534ace5e61.contentworkflow.xml, /custom/assets/bundles/01EYTZHTA1J22PCT1QJ448TNKM/live/System Host/1/c4f0183e-69d4-428c-9192-9838ed9324fc.contentworkflow.xml, /custom/assets/bundles/01EYTZHTA1J22PCT1QJ448TNKM/live/System Host/1/content.3e9f4dd8-06d9-4df1-a600-15ab75cdfd08.host.xml, /custom/assets/bundles/01EYTZHTA1J22PCT1QJ448TNKM/live/System Host/1/content.ff462f88-d9e1-4d31-b084-b73cb61976d3.host.xml, /custom/assets/bundles/01EYTZHTA1J22PCT1QJ448TNKM/live/System Host/1/system host.host.xml, /custom/assets/bundles/01EYTZHTA1J22PCT1QJ448TNKM/live/System Host/1613663444592properties, /custom/assets/bundles/01EYTZHTA1J22PCT1QJ448TNKM/live/System Host/1properties, /custom/assets/bundles/01EYTZHTA1J22PCT1QJ448TNKM/live/System Host/en_US.language.xml, /custom/assets/bundles/01EYTZHTA1J22PCT1QJ448TNKM/live/System Host/wz_UI.language.xml, /custom/assets/bundles/01EYTZHTA1J22PCT1QJ448TNKM/live/default/1613663444592/29933c69-cdd0-40e4-83b8-94a6da3ba11e.contentworkflow.xml, /custom/assets/bundles/01EYTZHTA1J22PCT1QJ448TNKM/live/default/1613663444592/3-content.5b0db4f6-aa15-4c07-a5ba-1f767cee9500.content.xml, /custom/assets/bundles/01EYTZHTA1J22PCT1QJ448TNKM/live/default/bc029935-9eb2-47db-a192-3d72d8cc00d2.rule.xml, /custom/assets/bundles/01EYTZHTA1J22PCT1QJ448TNKM/working/System Host/1/2-content.210ef630-69f9-4a64-ab52-f192fc4db2ca.content.xml, /custom/assets/bundles/01EYTZHTA1J22PCT1QJ448TNKM/working/System Host/1/c4f0183e-69d4-428c-9192-9838ed9324fc.contentworkflow.xml, /custom/assets/bundles/01EYTZHTA1J22PCT1QJ448TNKM/working/System Host/1/content.ff462f88-d9e1-4d31-b084-b73cb61976d3.host.xml, /custom/assets/bundles/01EYTZHTA1J22PCT1QJ448TNKM/working/System Host/f4d7c1b8-2c88-4071-abf1-a5328977b07d.contentType.json, /custom/assets/bundles/01EYTZHTA1J22PCT1QJ448TNKM/working/test1613661346662.dotcms.com/testName1613661347513/2bd62eaa-5ba9-44c9-af4c-93453154dcf2.link.xml]
difference [/custom/assets/bundles/01EYTZHTA1J22PCT1QJ448TNKM/ROOT/bc9a1d37-dd2d-4d49-a29d-0c9be740bfaf.folder.xml, /custom/assets/bundles/01EYTZHTA1J22PCT1QJ448TNKM/bundle.xml, /custom/assets/bundles/01EYTZHTA1J22PCT1QJ448TNKM/live/System Host/1/system host.host.xml]

	at org.jgroups.util.Util.assertEquals(Util.java:185)
	at com.dotcms.publishing.PublisherAPIImplTest.publish(PublisherAPIImplTest.java:407)
	at sun.reflect.NativeMethodAccessorImpl.invoke0(Native Method)
	at sun.reflect.NativeMethodAccessorImpl.invoke(NativeMethodAccessorImpl.java:62)
	at sun.reflect.DelegatingMethodAccessorImpl.invoke(DelegatingMethodAccessorImpl.java:43)
	at java.lang.reflect.Method.invoke(Method.java:498)
	at org.junit.runners.model.FrameworkMethod$1.runReflectiveCall(FrameworkMethod.java:50)
	at org.junit.internal.runners.model.ReflectiveCallable.run(ReflectiveCallable.java:12)
	at org.junit.runners.model.FrameworkMethod.invokeExplosively(FrameworkMethod.java:47)
	at com.tngtech.java.junit.dataprovider.DataProviderFrameworkMethod.invokeExplosively(DataProviderFrameworkMethod.java:119)
	at org.junit.internal.runners.statements.InvokeMethod.evaluate(InvokeMethod.java:17)
	at org.junit.rules.TestWatcher$1.evaluate(TestWatcher.java:55)
	at org.junit.rules.RunRules.evaluate(RunRules.java:20)
	at org.junit.runners.ParentRunner.runLeaf(ParentRunner.java:325)
	at com.dotcms.junit.CustomDataProviderRunner.runChild(CustomDataProviderRunner.java:28)
	at com.dotcms.junit.CustomDataProviderRunner.runChild(CustomDataProviderRunner.java:13)
	at org.junit.runners.ParentRunner$3.run(ParentRunner.java:290)
	at org.junit.runners.ParentRunner$1.schedule(ParentRunner.java:71)
	at org.junit.runners.ParentRunner.runChildren(ParentRunner.java:288)
	at org.junit.runners.ParentRunner.access$000(ParentRunner.java:58)
	at org.junit.runners.ParentRunner$2.evaluate(ParentRunner.java:268)
	at org.junit.internal.runners.statements.RunBefores.evaluate(RunBefores.java:26)
	at org.junit.internal.runners.statements.RunAfters.evaluate(RunAfters.java:27)
	at org.junit.runners.ParentRunner.run(ParentRunner.java:363)
	at org.junit.runners.Suite.runChild(Suite.java:128)
	at org.junit.runners.Suite.runChild(Suite.java:27)
	at org.junit.runners.ParentRunner$3.run(ParentRunner.java:290)
	at org.junit.runners.ParentRunner$1.schedule(ParentRunner.java:71)
	at org.junit.runners.ParentRunner.runChildren(ParentRunner.java:288)
	at org.junit.runners.ParentRunner.access$000(ParentRunner.java:58)
	at org.junit.runners.ParentRunner$2.evaluate(ParentRunner.java:268)
	at org.junit.runners.ParentRunner.run(ParentRunner.java:363)
	at org.gradle.api.internal.tasks.testing.junit.JUnitTestClassExecutor.runTestClass(JUnitTestClassExecutor.java:106)
	at org.gradle.api.internal.tasks.testing.junit.JUnitTestClassExecutor.execute(JUnitTestClassExecutor.java:58)
	at org.gradle.api.internal.tasks.testing.junit.JUnitTestClassExecutor.execute(JUnitTestClassExecutor.java:38)
	at org.gradle.api.internal.tasks.testing.junit.AbstractJUnitTestClassProcessor.processTestClass(AbstractJUnitTestClassProcessor.java:66)
	at org.gradle.api.internal.tasks.testing.SuiteTestClassProcessor.processTestClass(SuiteTestClassProcessor.java:51)
	at sun.reflect.NativeMethodAccessorImpl.invoke0(Native Method)
	at sun.reflect.NativeMethodAccessorImpl.invoke(NativeMethodAccessorImpl.java:62)
	at sun.reflect.DelegatingMethodAccessorImpl.invoke(DelegatingMethodAccessorImpl.java:43)
	at java.lang.reflect.Method.invoke(Method.java:498)
	at org.gradle.internal.dispatch.ReflectionDispatch.dispatch(ReflectionDispatch.java:35)
	at org.gradle.internal.dispatch.ReflectionDispatch.dispatch(ReflectionDispatch.java:24)
	at org.gradle.internal.dispatch.ContextClassLoaderDispatch.dispatch(ContextClassLoaderDispatch.java:32)
	at org.gradle.internal.dispatch.ProxyDispatchAdapter$DispatchingInvocationHandler.invoke(ProxyDispatchAdapter.java:93)
	at com.sun.proxy.$Proxy2.processTestClass(Unknown Source)
	at org.gradle.api.internal.tasks.testing.worker.TestWorker.processTestClass(TestWorker.java:117)
	at sun.reflect.NativeMethodAccessorImpl.invoke0(Native Method)
	at sun.reflect.NativeMethodAccessorImpl.invoke(NativeMethodAccessorImpl.java:62)
	at sun.reflect.DelegatingMethodAccessorImpl.invoke(DelegatingMethodAccessorImpl.java:43)
	at java.lang.reflect.Method.invoke(Method.java:498)
	at org.gradle.internal.dispatch.ReflectionDispatch.dispatch(ReflectionDispatch.java:35)
	at org.gradle.internal.dispatch.ReflectionDispatch.dispatch(ReflectionDispatch.java:24)
	at org.gradle.internal.remote.internal.hub.MessageHubBackedObjectConnection$DispatchWrapper.dispatch(MessageHubBackedObjectConnection.java:155)
	at org.gradle.internal.remote.internal.hub.MessageHubBackedObjectConnection$DispatchWrapper.dispatch(MessageHubBackedObjectConnection.java:137)
	at org.gradle.internal.remote.internal.hub.MessageHub$Handler.run(MessageHub.java:404)
	at org.gradle.internal.concurrent.ExecutorPolicy$CatchAndRecordFailures.onExecute(ExecutorPolicy.java:63)
	at org.gradle.internal.concurrent.ManagedExecutorImpl$1.run(ManagedExecutorImpl.java:46)
	at java.util.concurrent.ThreadPoolExecutor.runWorker(ThreadPoolExecutor.java:1149)
	at java.util.concurrent.ThreadPoolExecutor$Worker.run(ThreadPoolExecutor.java:624)
	at org.gradle.internal.concurrent.ThreadFactoryImpl$ManagedThreadRunnable.run(ThreadFactoryImpl.java:55)
	at java.lang.Thread.run(Thread.java:748)
</pre>
</span>
</div>
<div class="test">
<a name="publish[15: com.dotcms.publishing.PublisherAPIImplTest$TestCase@4be7ea9a]"></a>
<h3 class="failures">publish[15: com.dotcms.publishing.PublisherAPIImplTest$TestCase@4be7ea9a]</h3>
<span class="code">
<pre>java.lang.AssertionError: Expected 19 but get 21 in /custom/assets/bundles/01EYTZHTC6NRE2KE18SB8QM2H4
Expected [/custom/assets/bundles/01EYTZHTC6NRE2KE18SB8QM2H4/live/System Host/1613663444592properties, /custom/assets/bundles/01EYTZHTC6NRE2KE18SB8QM2H4/752eb4ef-9b21-4d82-a78d-00a93deab009.workflow.xml, /custom/assets/bundles/01EYTZHTC6NRE2KE18SB8QM2H4/live/default/1613663444592/29933c69-cdd0-40e4-83b8-94a6da3ba11e.contentworkflow.xml, /custom/assets/bundles/01EYTZHTC6NRE2KE18SB8QM2H4/working/System Host/1/content.ff462f88-d9e1-4d31-b084-b73cb61976d3.host.xml, /custom/assets/bundles/01EYTZHTC6NRE2KE18SB8QM2H4/live/System Host/1/c4f0183e-69d4-428c-9192-9838ed9324fc.contentworkflow.xml, /custom/assets/bundles/01EYTZHTC6NRE2KE18SB8QM2H4/live/System Host/en_US.language.xml, /custom/assets/bundles/01EYTZHTC6NRE2KE18SB8QM2H4/live/System Host/1/7ecd9b3c-0e10-4a15-8720-88534ace5e61.contentworkflow.xml, /custom/assets/bundles/01EYTZHTC6NRE2KE18SB8QM2H4/working/System Host/1/2-content.210ef630-69f9-4a64-ab52-f192fc4db2ca.content.xml, /custom/assets/bundles/01EYTZHTC6NRE2KE18SB8QM2H4/live/System Host/1/0-content.210ef630-69f9-4a64-ab52-f192fc4db2ca.content.xml, /custom/assets/bundles/01EYTZHTC6NRE2KE18SB8QM2H4/live/System Host/1/content.ff462f88-d9e1-4d31-b084-b73cb61976d3.host.xml, /custom/assets/bundles/01EYTZHTC6NRE2KE18SB8QM2H4/live/System Host/1properties, /custom/assets/bundles/01EYTZHTC6NRE2KE18SB8QM2H4/live/System Host/wz_UI.language.xml, /custom/assets/bundles/01EYTZHTC6NRE2KE18SB8QM2H4/d61a59e1-a49c-46f2-a929-db2b4bfa88b2.workflow.xml, /custom/assets/bundles/01EYTZHTC6NRE2KE18SB8QM2H4/working/System Host/f4d7c1b8-2c88-4071-abf1-a5328977b07d.contentType.json, /custom/assets/bundles/01EYTZHTC6NRE2KE18SB8QM2H4/live/System Host/1/1-content.60a70877-d2c4-4c45-b94e-57e8f9bbc827.content.xml, /custom/assets/bundles/01EYTZHTC6NRE2KE18SB8QM2H4/live/default/bc029935-9eb2-47db-a192-3d72d8cc00d2.rule.xml, /custom/assets/bundles/01EYTZHTC6NRE2KE18SB8QM2H4/live/default/1613663444592/3-content.5b0db4f6-aa15-4c07-a5ba-1f767cee9500.content.xml, /custom/assets/bundles/01EYTZHTC6NRE2KE18SB8QM2H4/working/System Host/1/c4f0183e-69d4-428c-9192-9838ed9324fc.contentworkflow.xml]
Existing [/custom/assets/bundles/01EYTZHTC6NRE2KE18SB8QM2H4/752eb4ef-9b21-4d82-a78d-00a93deab009.workflow.xml, /custom/assets/bundles/01EYTZHTC6NRE2KE18SB8QM2H4/ROOT/bc9a1d37-dd2d-4d49-a29d-0c9be740bfaf.folder.xml, /custom/assets/bundles/01EYTZHTC6NRE2KE18SB8QM2H4/bundle.xml, /custom/assets/bundles/01EYTZHTC6NRE2KE18SB8QM2H4/d61a59e1-a49c-46f2-a929-db2b4bfa88b2.workflow.xml, /custom/assets/bundles/01EYTZHTC6NRE2KE18SB8QM2H4/live/System Host/1/0-content.210ef630-69f9-4a64-ab52-f192fc4db2ca.content.xml, /custom/assets/bundles/01EYTZHTC6NRE2KE18SB8QM2H4/live/System Host/1/1-content.60a70877-d2c4-4c45-b94e-57e8f9bbc827.content.xml, /custom/assets/bundles/01EYTZHTC6NRE2KE18SB8QM2H4/live/System Host/1/7ecd9b3c-0e10-4a15-8720-88534ace5e61.contentworkflow.xml, /custom/assets/bundles/01EYTZHTC6NRE2KE18SB8QM2H4/live/System Host/1/c4f0183e-69d4-428c-9192-9838ed9324fc.contentworkflow.xml, /custom/assets/bundles/01EYTZHTC6NRE2KE18SB8QM2H4/live/System Host/1/content.ff462f88-d9e1-4d31-b084-b73cb61976d3.host.xml, /custom/assets/bundles/01EYTZHTC6NRE2KE18SB8QM2H4/live/System Host/1/system host.host.xml, /custom/assets/bundles/01EYTZHTC6NRE2KE18SB8QM2H4/live/System Host/1613663444592properties, /custom/assets/bundles/01EYTZHTC6NRE2KE18SB8QM2H4/live/System Host/1properties, /custom/assets/bundles/01EYTZHTC6NRE2KE18SB8QM2H4/live/System Host/en_US.language.xml, /custom/assets/bundles/01EYTZHTC6NRE2KE18SB8QM2H4/live/System Host/wz_UI.language.xml, /custom/assets/bundles/01EYTZHTC6NRE2KE18SB8QM2H4/live/default/1613663444592/29933c69-cdd0-40e4-83b8-94a6da3ba11e.contentworkflow.xml, /custom/assets/bundles/01EYTZHTC6NRE2KE18SB8QM2H4/live/default/1613663444592/3-content.5b0db4f6-aa15-4c07-a5ba-1f767cee9500.content.xml, /custom/assets/bundles/01EYTZHTC6NRE2KE18SB8QM2H4/live/default/bc029935-9eb2-47db-a192-3d72d8cc00d2.rule.xml, /custom/assets/bundles/01EYTZHTC6NRE2KE18SB8QM2H4/working/System Host/1/2-content.210ef630-69f9-4a64-ab52-f192fc4db2ca.content.xml, /custom/assets/bundles/01EYTZHTC6NRE2KE18SB8QM2H4/working/System Host/1/c4f0183e-69d4-428c-9192-9838ed9324fc.contentworkflow.xml, /custom/assets/bundles/01EYTZHTC6NRE2KE18SB8QM2H4/working/System Host/1/content.ff462f88-d9e1-4d31-b084-b73cb61976d3.host.xml, /custom/assets/bundles/01EYTZHTC6NRE2KE18SB8QM2H4/working/System Host/f4d7c1b8-2c88-4071-abf1-a5328977b07d.contentType.json]
difference [/custom/assets/bundles/01EYTZHTC6NRE2KE18SB8QM2H4/ROOT/bc9a1d37-dd2d-4d49-a29d-0c9be740bfaf.folder.xml, /custom/assets/bundles/01EYTZHTC6NRE2KE18SB8QM2H4/bundle.xml, /custom/assets/bundles/01EYTZHTC6NRE2KE18SB8QM2H4/live/System Host/1/system host.host.xml]

	at org.jgroups.util.Util.assertEquals(Util.java:185)
	at com.dotcms.publishing.PublisherAPIImplTest.publish(PublisherAPIImplTest.java:407)
	at sun.reflect.NativeMethodAccessorImpl.invoke0(Native Method)
	at sun.reflect.NativeMethodAccessorImpl.invoke(NativeMethodAccessorImpl.java:62)
	at sun.reflect.DelegatingMethodAccessorImpl.invoke(DelegatingMethodAccessorImpl.java:43)
	at java.lang.reflect.Method.invoke(Method.java:498)
	at org.junit.runners.model.FrameworkMethod$1.runReflectiveCall(FrameworkMethod.java:50)
	at org.junit.internal.runners.model.ReflectiveCallable.run(ReflectiveCallable.java:12)
	at org.junit.runners.model.FrameworkMethod.invokeExplosively(FrameworkMethod.java:47)
	at com.tngtech.java.junit.dataprovider.DataProviderFrameworkMethod.invokeExplosively(DataProviderFrameworkMethod.java:119)
	at org.junit.internal.runners.statements.InvokeMethod.evaluate(InvokeMethod.java:17)
	at org.junit.rules.TestWatcher$1.evaluate(TestWatcher.java:55)
	at org.junit.rules.RunRules.evaluate(RunRules.java:20)
	at org.junit.runners.ParentRunner.runLeaf(ParentRunner.java:325)
	at com.dotcms.junit.CustomDataProviderRunner.runChild(CustomDataProviderRunner.java:28)
	at com.dotcms.junit.CustomDataProviderRunner.runChild(CustomDataProviderRunner.java:13)
	at org.junit.runners.ParentRunner$3.run(ParentRunner.java:290)
	at org.junit.runners.ParentRunner$1.schedule(ParentRunner.java:71)
	at org.junit.runners.ParentRunner.runChildren(ParentRunner.java:288)
	at org.junit.runners.ParentRunner.access$000(ParentRunner.java:58)
	at org.junit.runners.ParentRunner$2.evaluate(ParentRunner.java:268)
	at org.junit.internal.runners.statements.RunBefores.evaluate(RunBefores.java:26)
	at org.junit.internal.runners.statements.RunAfters.evaluate(RunAfters.java:27)
	at org.junit.runners.ParentRunner.run(ParentRunner.java:363)
	at org.junit.runners.Suite.runChild(Suite.java:128)
	at org.junit.runners.Suite.runChild(Suite.java:27)
	at org.junit.runners.ParentRunner$3.run(ParentRunner.java:290)
	at org.junit.runners.ParentRunner$1.schedule(ParentRunner.java:71)
	at org.junit.runners.ParentRunner.runChildren(ParentRunner.java:288)
	at org.junit.runners.ParentRunner.access$000(ParentRunner.java:58)
	at org.junit.runners.ParentRunner$2.evaluate(ParentRunner.java:268)
	at org.junit.runners.ParentRunner.run(ParentRunner.java:363)
	at org.gradle.api.internal.tasks.testing.junit.JUnitTestClassExecutor.runTestClass(JUnitTestClassExecutor.java:106)
	at org.gradle.api.internal.tasks.testing.junit.JUnitTestClassExecutor.execute(JUnitTestClassExecutor.java:58)
	at org.gradle.api.internal.tasks.testing.junit.JUnitTestClassExecutor.execute(JUnitTestClassExecutor.java:38)
	at org.gradle.api.internal.tasks.testing.junit.AbstractJUnitTestClassProcessor.processTestClass(AbstractJUnitTestClassProcessor.java:66)
	at org.gradle.api.internal.tasks.testing.SuiteTestClassProcessor.processTestClass(SuiteTestClassProcessor.java:51)
	at sun.reflect.NativeMethodAccessorImpl.invoke0(Native Method)
	at sun.reflect.NativeMethodAccessorImpl.invoke(NativeMethodAccessorImpl.java:62)
	at sun.reflect.DelegatingMethodAccessorImpl.invoke(DelegatingMethodAccessorImpl.java:43)
	at java.lang.reflect.Method.invoke(Method.java:498)
	at org.gradle.internal.dispatch.ReflectionDispatch.dispatch(ReflectionDispatch.java:35)
	at org.gradle.internal.dispatch.ReflectionDispatch.dispatch(ReflectionDispatch.java:24)
	at org.gradle.internal.dispatch.ContextClassLoaderDispatch.dispatch(ContextClassLoaderDispatch.java:32)
	at org.gradle.internal.dispatch.ProxyDispatchAdapter$DispatchingInvocationHandler.invoke(ProxyDispatchAdapter.java:93)
	at com.sun.proxy.$Proxy2.processTestClass(Unknown Source)
	at org.gradle.api.internal.tasks.testing.worker.TestWorker.processTestClass(TestWorker.java:117)
	at sun.reflect.NativeMethodAccessorImpl.invoke0(Native Method)
	at sun.reflect.NativeMethodAccessorImpl.invoke(NativeMethodAccessorImpl.java:62)
	at sun.reflect.DelegatingMethodAccessorImpl.invoke(DelegatingMethodAccessorImpl.java:43)
	at java.lang.reflect.Method.invoke(Method.java:498)
	at org.gradle.internal.dispatch.ReflectionDispatch.dispatch(ReflectionDispatch.java:35)
	at org.gradle.internal.dispatch.ReflectionDispatch.dispatch(ReflectionDispatch.java:24)
	at org.gradle.internal.remote.internal.hub.MessageHubBackedObjectConnection$DispatchWrapper.dispatch(MessageHubBackedObjectConnection.java:155)
	at org.gradle.internal.remote.internal.hub.MessageHubBackedObjectConnection$DispatchWrapper.dispatch(MessageHubBackedObjectConnection.java:137)
	at org.gradle.internal.remote.internal.hub.MessageHub$Handler.run(MessageHub.java:404)
	at org.gradle.internal.concurrent.ExecutorPolicy$CatchAndRecordFailures.onExecute(ExecutorPolicy.java:63)
	at org.gradle.internal.concurrent.ManagedExecutorImpl$1.run(ManagedExecutorImpl.java:46)
	at java.util.concurrent.ThreadPoolExecutor.runWorker(ThreadPoolExecutor.java:1149)
	at java.util.concurrent.ThreadPoolExecutor$Worker.run(ThreadPoolExecutor.java:624)
	at org.gradle.internal.concurrent.ThreadFactoryImpl$ManagedThreadRunnable.run(ThreadFactoryImpl.java:55)
	at java.lang.Thread.run(Thread.java:748)
</pre>
</span>
</div>
<div class="test">
<a name="publish[16: com.dotcms.publishing.PublisherAPIImplTest$TestCase@20b5e958]"></a>
<h3 class="failures">publish[16: com.dotcms.publishing.PublisherAPIImplTest$TestCase@20b5e958]</h3>
<span class="code">
<pre>java.lang.AssertionError: Expected 20 but get 22 in /custom/assets/bundles/01EYTZHTE3ZJ2V40RR0EWSZ3B6
Expected [/custom/assets/bundles/01EYTZHTE3ZJ2V40RR0EWSZ3B6/live/System Host/en_US.language.xml, /custom/assets/bundles/01EYTZHTE3ZJ2V40RR0EWSZ3B6/live/System Host/1613661347532properties, /custom/assets/bundles/01EYTZHTE3ZJ2V40RR0EWSZ3B6/live/System Host/1/7ecd9b3c-0e10-4a15-8720-88534ace5e61.contentworkflow.xml, /custom/assets/bundles/01EYTZHTE3ZJ2V40RR0EWSZ3B6/live/System Host/1/0-content.210ef630-69f9-4a64-ab52-f192fc4db2ca.content.xml, /custom/assets/bundles/01EYTZHTE3ZJ2V40RR0EWSZ3B6/live/default/bc029935-9eb2-47db-a192-3d72d8cc00d2.rule.xml, /custom/assets/bundles/01EYTZHTE3ZJ2V40RR0EWSZ3B6/live/default/1613663444592/3-content.5b0db4f6-aa15-4c07-a5ba-1f767cee9500.content.xml, /custom/assets/bundles/01EYTZHTE3ZJ2V40RR0EWSZ3B6/live/System Host/wz_UI.language.xml, /custom/assets/bundles/01EYTZHTE3ZJ2V40RR0EWSZ3B6/live/System Host/1/c4f0183e-69d4-428c-9192-9838ed9324fc.contentworkflow.xml, /custom/assets/bundles/01EYTZHTE3ZJ2V40RR0EWSZ3B6/working/System Host/1/2-content.210ef630-69f9-4a64-ab52-f192fc4db2ca.content.xml, /custom/assets/bundles/01EYTZHTE3ZJ2V40RR0EWSZ3B6/working/System Host/1/c4f0183e-69d4-428c-9192-9838ed9324fc.contentworkflow.xml, /custom/assets/bundles/01EYTZHTE3ZJ2V40RR0EWSZ3B6/live/default/1613663444592/29933c69-cdd0-40e4-83b8-94a6da3ba11e.contentworkflow.xml, /custom/assets/bundles/01EYTZHTE3ZJ2V40RR0EWSZ3B6/live/System Host/1/1-content.60a70877-d2c4-4c45-b94e-57e8f9bbc827.content.xml, /custom/assets/bundles/01EYTZHTE3ZJ2V40RR0EWSZ3B6/working/System Host/1/content.ff462f88-d9e1-4d31-b084-b73cb61976d3.host.xml, /custom/assets/bundles/01EYTZHTE3ZJ2V40RR0EWSZ3B6/live/System Host/1/content.ff462f88-d9e1-4d31-b084-b73cb61976d3.host.xml, /custom/assets/bundles/01EYTZHTE3ZJ2V40RR0EWSZ3B6/working/System Host/f4d7c1b8-2c88-4071-abf1-a5328977b07d.contentType.json, /custom/assets/bundles/01EYTZHTE3ZJ2V40RR0EWSZ3B6/live/System Host/1properties, /custom/assets/bundles/01EYTZHTE3ZJ2V40RR0EWSZ3B6/live/System Host/1613663444592properties, /custom/assets/bundles/01EYTZHTE3ZJ2V40RR0EWSZ3B6/d61a59e1-a49c-46f2-a929-db2b4bfa88b2.workflow.xml, /custom/assets/bundles/01EYTZHTE3ZJ2V40RR0EWSZ3B6/live/System Host/hwzbp_TESTCOUNTRYCODE1613661347532.language.xml]
Existing [/custom/assets/bundles/01EYTZHTE3ZJ2V40RR0EWSZ3B6/ROOT/bc9a1d37-dd2d-4d49-a29d-0c9be740bfaf.folder.xml, /custom/assets/bundles/01EYTZHTE3ZJ2V40RR0EWSZ3B6/bundle.xml, /custom/assets/bundles/01EYTZHTE3ZJ2V40RR0EWSZ3B6/d61a59e1-a49c-46f2-a929-db2b4bfa88b2.workflow.xml, /custom/assets/bundles/01EYTZHTE3ZJ2V40RR0EWSZ3B6/live/System Host/1/0-content.210ef630-69f9-4a64-ab52-f192fc4db2ca.content.xml, /custom/assets/bundles/01EYTZHTE3ZJ2V40RR0EWSZ3B6/live/System Host/1/1-content.60a70877-d2c4-4c45-b94e-57e8f9bbc827.content.xml, /custom/assets/bundles/01EYTZHTE3ZJ2V40RR0EWSZ3B6/live/System Host/1/7ecd9b3c-0e10-4a15-8720-88534ace5e61.contentworkflow.xml, /custom/assets/bundles/01EYTZHTE3ZJ2V40RR0EWSZ3B6/live/System Host/1/c4f0183e-69d4-428c-9192-9838ed9324fc.contentworkflow.xml, /custom/assets/bundles/01EYTZHTE3ZJ2V40RR0EWSZ3B6/live/System Host/1/content.ff462f88-d9e1-4d31-b084-b73cb61976d3.host.xml, /custom/assets/bundles/01EYTZHTE3ZJ2V40RR0EWSZ3B6/live/System Host/1/system host.host.xml, /custom/assets/bundles/01EYTZHTE3ZJ2V40RR0EWSZ3B6/live/System Host/1613661347532properties, /custom/assets/bundles/01EYTZHTE3ZJ2V40RR0EWSZ3B6/live/System Host/1613663444592properties, /custom/assets/bundles/01EYTZHTE3ZJ2V40RR0EWSZ3B6/live/System Host/1properties, /custom/assets/bundles/01EYTZHTE3ZJ2V40RR0EWSZ3B6/live/System Host/en_US.language.xml, /custom/assets/bundles/01EYTZHTE3ZJ2V40RR0EWSZ3B6/live/System Host/hwzbp_TESTCOUNTRYCODE1613661347532.language.xml, /custom/assets/bundles/01EYTZHTE3ZJ2V40RR0EWSZ3B6/live/System Host/wz_UI.language.xml, /custom/assets/bundles/01EYTZHTE3ZJ2V40RR0EWSZ3B6/live/default/1613663444592/29933c69-cdd0-40e4-83b8-94a6da3ba11e.contentworkflow.xml, /custom/assets/bundles/01EYTZHTE3ZJ2V40RR0EWSZ3B6/live/default/1613663444592/3-content.5b0db4f6-aa15-4c07-a5ba-1f767cee9500.content.xml, /custom/assets/bundles/01EYTZHTE3ZJ2V40RR0EWSZ3B6/live/default/bc029935-9eb2-47db-a192-3d72d8cc00d2.rule.xml, /custom/assets/bundles/01EYTZHTE3ZJ2V40RR0EWSZ3B6/working/System Host/1/2-content.210ef630-69f9-4a64-ab52-f192fc4db2ca.content.xml, /custom/assets/bundles/01EYTZHTE3ZJ2V40RR0EWSZ3B6/working/System Host/1/c4f0183e-69d4-428c-9192-9838ed9324fc.contentworkflow.xml, /custom/assets/bundles/01EYTZHTE3ZJ2V40RR0EWSZ3B6/working/System Host/1/content.ff462f88-d9e1-4d31-b084-b73cb61976d3.host.xml, /custom/assets/bundles/01EYTZHTE3ZJ2V40RR0EWSZ3B6/working/System Host/f4d7c1b8-2c88-4071-abf1-a5328977b07d.contentType.json]
difference [/custom/assets/bundles/01EYTZHTE3ZJ2V40RR0EWSZ3B6/ROOT/bc9a1d37-dd2d-4d49-a29d-0c9be740bfaf.folder.xml, /custom/assets/bundles/01EYTZHTE3ZJ2V40RR0EWSZ3B6/bundle.xml, /custom/assets/bundles/01EYTZHTE3ZJ2V40RR0EWSZ3B6/live/System Host/1/system host.host.xml]

	at org.jgroups.util.Util.assertEquals(Util.java:185)
	at com.dotcms.publishing.PublisherAPIImplTest.publish(PublisherAPIImplTest.java:407)
	at sun.reflect.GeneratedMethodAccessor1528.invoke(Unknown Source)
	at sun.reflect.DelegatingMethodAccessorImpl.invoke(DelegatingMethodAccessorImpl.java:43)
	at java.lang.reflect.Method.invoke(Method.java:498)
	at org.junit.runners.model.FrameworkMethod$1.runReflectiveCall(FrameworkMethod.java:50)
	at org.junit.internal.runners.model.ReflectiveCallable.run(ReflectiveCallable.java:12)
	at org.junit.runners.model.FrameworkMethod.invokeExplosively(FrameworkMethod.java:47)
	at com.tngtech.java.junit.dataprovider.DataProviderFrameworkMethod.invokeExplosively(DataProviderFrameworkMethod.java:119)
	at org.junit.internal.runners.statements.InvokeMethod.evaluate(InvokeMethod.java:17)
	at org.junit.rules.TestWatcher$1.evaluate(TestWatcher.java:55)
	at org.junit.rules.RunRules.evaluate(RunRules.java:20)
	at org.junit.runners.ParentRunner.runLeaf(ParentRunner.java:325)
	at com.dotcms.junit.CustomDataProviderRunner.runChild(CustomDataProviderRunner.java:28)
	at com.dotcms.junit.CustomDataProviderRunner.runChild(CustomDataProviderRunner.java:13)
	at org.junit.runners.ParentRunner$3.run(ParentRunner.java:290)
	at org.junit.runners.ParentRunner$1.schedule(ParentRunner.java:71)
	at org.junit.runners.ParentRunner.runChildren(ParentRunner.java:288)
	at org.junit.runners.ParentRunner.access$000(ParentRunner.java:58)
	at org.junit.runners.ParentRunner$2.evaluate(ParentRunner.java:268)
	at org.junit.internal.runners.statements.RunBefores.evaluate(RunBefores.java:26)
	at org.junit.internal.runners.statements.RunAfters.evaluate(RunAfters.java:27)
	at org.junit.runners.ParentRunner.run(ParentRunner.java:363)
	at org.junit.runners.Suite.runChild(Suite.java:128)
	at org.junit.runners.Suite.runChild(Suite.java:27)
	at org.junit.runners.ParentRunner$3.run(ParentRunner.java:290)
	at org.junit.runners.ParentRunner$1.schedule(ParentRunner.java:71)
	at org.junit.runners.ParentRunner.runChildren(ParentRunner.java:288)
	at org.junit.runners.ParentRunner.access$000(ParentRunner.java:58)
	at org.junit.runners.ParentRunner$2.evaluate(ParentRunner.java:268)
	at org.junit.runners.ParentRunner.run(ParentRunner.java:363)
	at org.gradle.api.internal.tasks.testing.junit.JUnitTestClassExecutor.runTestClass(JUnitTestClassExecutor.java:106)
	at org.gradle.api.internal.tasks.testing.junit.JUnitTestClassExecutor.execute(JUnitTestClassExecutor.java:58)
	at org.gradle.api.internal.tasks.testing.junit.JUnitTestClassExecutor.execute(JUnitTestClassExecutor.java:38)
	at org.gradle.api.internal.tasks.testing.junit.AbstractJUnitTestClassProcessor.processTestClass(AbstractJUnitTestClassProcessor.java:66)
	at org.gradle.api.internal.tasks.testing.SuiteTestClassProcessor.processTestClass(SuiteTestClassProcessor.java:51)
	at sun.reflect.NativeMethodAccessorImpl.invoke0(Native Method)
	at sun.reflect.NativeMethodAccessorImpl.invoke(NativeMethodAccessorImpl.java:62)
	at sun.reflect.DelegatingMethodAccessorImpl.invoke(DelegatingMethodAccessorImpl.java:43)
	at java.lang.reflect.Method.invoke(Method.java:498)
	at org.gradle.internal.dispatch.ReflectionDispatch.dispatch(ReflectionDispatch.java:35)
	at org.gradle.internal.dispatch.ReflectionDispatch.dispatch(ReflectionDispatch.java:24)
	at org.gradle.internal.dispatch.ContextClassLoaderDispatch.dispatch(ContextClassLoaderDispatch.java:32)
	at org.gradle.internal.dispatch.ProxyDispatchAdapter$DispatchingInvocationHandler.invoke(ProxyDispatchAdapter.java:93)
	at com.sun.proxy.$Proxy2.processTestClass(Unknown Source)
	at org.gradle.api.internal.tasks.testing.worker.TestWorker.processTestClass(TestWorker.java:117)
	at sun.reflect.NativeMethodAccessorImpl.invoke0(Native Method)
	at sun.reflect.NativeMethodAccessorImpl.invoke(NativeMethodAccessorImpl.java:62)
	at sun.reflect.DelegatingMethodAccessorImpl.invoke(DelegatingMethodAccessorImpl.java:43)
	at java.lang.reflect.Method.invoke(Method.java:498)
	at org.gradle.internal.dispatch.ReflectionDispatch.dispatch(ReflectionDispatch.java:35)
	at org.gradle.internal.dispatch.ReflectionDispatch.dispatch(ReflectionDispatch.java:24)
	at org.gradle.internal.remote.internal.hub.MessageHubBackedObjectConnection$DispatchWrapper.dispatch(MessageHubBackedObjectConnection.java:155)
	at org.gradle.internal.remote.internal.hub.MessageHubBackedObjectConnection$DispatchWrapper.dispatch(MessageHubBackedObjectConnection.java:137)
	at org.gradle.internal.remote.internal.hub.MessageHub$Handler.run(MessageHub.java:404)
	at org.gradle.internal.concurrent.ExecutorPolicy$CatchAndRecordFailures.onExecute(ExecutorPolicy.java:63)
	at org.gradle.internal.concurrent.ManagedExecutorImpl$1.run(ManagedExecutorImpl.java:46)
	at java.util.concurrent.ThreadPoolExecutor.runWorker(ThreadPoolExecutor.java:1149)
	at java.util.concurrent.ThreadPoolExecutor$Worker.run(ThreadPoolExecutor.java:624)
	at org.gradle.internal.concurrent.ThreadFactoryImpl$ManagedThreadRunnable.run(ThreadFactoryImpl.java:55)
	at java.lang.Thread.run(Thread.java:748)
</pre>
</span>
</div>
<div class="test">
<a name="publish[17: com.dotcms.publishing.PublisherAPIImplTest$TestCase@283eb9de]"></a>
<h3 class="failures">publish[17: com.dotcms.publishing.PublisherAPIImplTest$TestCase@283eb9de]</h3>
<span class="code">
<pre>java.lang.AssertionError: Expected 5 but get 6 in /custom/assets/bundles/01EYTZHTG8CDEZBMTPKWFX76TS
Expected [/custom/assets/bundles/01EYTZHTG8CDEZBMTPKWFX76TS/working/System Host/1/content.ff462f88-d9e1-4d31-b084-b73cb61976d3.host.xml, /custom/assets/bundles/01EYTZHTG8CDEZBMTPKWFX76TS/live/test1613661347533.dotcms.com/606afdbe-6d98-4ed0-b654-7ab6b7e2c4b8.rule.xml, /custom/assets/bundles/01EYTZHTG8CDEZBMTPKWFX76TS/live/default/bc029935-9eb2-47db-a192-3d72d8cc00d2.rule.xml, /custom/assets/bundles/01EYTZHTG8CDEZBMTPKWFX76TS/live/System Host/1/content.ff462f88-d9e1-4d31-b084-b73cb61976d3.host.xml]
Existing [/custom/assets/bundles/01EYTZHTG8CDEZBMTPKWFX76TS/bundle.xml, /custom/assets/bundles/01EYTZHTG8CDEZBMTPKWFX76TS/live/System Host/1/content.ff462f88-d9e1-4d31-b084-b73cb61976d3.host.xml, /custom/assets/bundles/01EYTZHTG8CDEZBMTPKWFX76TS/live/System Host/1/system host.host.xml, /custom/assets/bundles/01EYTZHTG8CDEZBMTPKWFX76TS/live/default/bc029935-9eb2-47db-a192-3d72d8cc00d2.rule.xml, /custom/assets/bundles/01EYTZHTG8CDEZBMTPKWFX76TS/live/test1613661347533.dotcms.com/606afdbe-6d98-4ed0-b654-7ab6b7e2c4b8.rule.xml, /custom/assets/bundles/01EYTZHTG8CDEZBMTPKWFX76TS/working/System Host/1/content.ff462f88-d9e1-4d31-b084-b73cb61976d3.host.xml]
difference [/custom/assets/bundles/01EYTZHTG8CDEZBMTPKWFX76TS/bundle.xml, /custom/assets/bundles/01EYTZHTG8CDEZBMTPKWFX76TS/live/System Host/1/system host.host.xml]

	at org.jgroups.util.Util.assertEquals(Util.java:185)
	at com.dotcms.publishing.PublisherAPIImplTest.publish(PublisherAPIImplTest.java:407)
	at sun.reflect.GeneratedMethodAccessor1528.invoke(Unknown Source)
	at sun.reflect.DelegatingMethodAccessorImpl.invoke(DelegatingMethodAccessorImpl.java:43)
	at java.lang.reflect.Method.invoke(Method.java:498)
	at org.junit.runners.model.FrameworkMethod$1.runReflectiveCall(FrameworkMethod.java:50)
	at org.junit.internal.runners.model.ReflectiveCallable.run(ReflectiveCallable.java:12)
	at org.junit.runners.model.FrameworkMethod.invokeExplosively(FrameworkMethod.java:47)
	at com.tngtech.java.junit.dataprovider.DataProviderFrameworkMethod.invokeExplosively(DataProviderFrameworkMethod.java:119)
	at org.junit.internal.runners.statements.InvokeMethod.evaluate(InvokeMethod.java:17)
	at org.junit.rules.TestWatcher$1.evaluate(TestWatcher.java:55)
	at org.junit.rules.RunRules.evaluate(RunRules.java:20)
	at org.junit.runners.ParentRunner.runLeaf(ParentRunner.java:325)
	at com.dotcms.junit.CustomDataProviderRunner.runChild(CustomDataProviderRunner.java:28)
	at com.dotcms.junit.CustomDataProviderRunner.runChild(CustomDataProviderRunner.java:13)
	at org.junit.runners.ParentRunner$3.run(ParentRunner.java:290)
	at org.junit.runners.ParentRunner$1.schedule(ParentRunner.java:71)
	at org.junit.runners.ParentRunner.runChildren(ParentRunner.java:288)
	at org.junit.runners.ParentRunner.access$000(ParentRunner.java:58)
	at org.junit.runners.ParentRunner$2.evaluate(ParentRunner.java:268)
	at org.junit.internal.runners.statements.RunBefores.evaluate(RunBefores.java:26)
	at org.junit.internal.runners.statements.RunAfters.evaluate(RunAfters.java:27)
	at org.junit.runners.ParentRunner.run(ParentRunner.java:363)
	at org.junit.runners.Suite.runChild(Suite.java:128)
	at org.junit.runners.Suite.runChild(Suite.java:27)
	at org.junit.runners.ParentRunner$3.run(ParentRunner.java:290)
	at org.junit.runners.ParentRunner$1.schedule(ParentRunner.java:71)
	at org.junit.runners.ParentRunner.runChildren(ParentRunner.java:288)
	at org.junit.runners.ParentRunner.access$000(ParentRunner.java:58)
	at org.junit.runners.ParentRunner$2.evaluate(ParentRunner.java:268)
	at org.junit.runners.ParentRunner.run(ParentRunner.java:363)
	at org.gradle.api.internal.tasks.testing.junit.JUnitTestClassExecutor.runTestClass(JUnitTestClassExecutor.java:106)
	at org.gradle.api.internal.tasks.testing.junit.JUnitTestClassExecutor.execute(JUnitTestClassExecutor.java:58)
	at org.gradle.api.internal.tasks.testing.junit.JUnitTestClassExecutor.execute(JUnitTestClassExecutor.java:38)
	at org.gradle.api.internal.tasks.testing.junit.AbstractJUnitTestClassProcessor.processTestClass(AbstractJUnitTestClassProcessor.java:66)
	at org.gradle.api.internal.tasks.testing.SuiteTestClassProcessor.processTestClass(SuiteTestClassProcessor.java:51)
	at sun.reflect.NativeMethodAccessorImpl.invoke0(Native Method)
	at sun.reflect.NativeMethodAccessorImpl.invoke(NativeMethodAccessorImpl.java:62)
	at sun.reflect.DelegatingMethodAccessorImpl.invoke(DelegatingMethodAccessorImpl.java:43)
	at java.lang.reflect.Method.invoke(Method.java:498)
	at org.gradle.internal.dispatch.ReflectionDispatch.dispatch(ReflectionDispatch.java:35)
	at org.gradle.internal.dispatch.ReflectionDispatch.dispatch(ReflectionDispatch.java:24)
	at org.gradle.internal.dispatch.ContextClassLoaderDispatch.dispatch(ContextClassLoaderDispatch.java:32)
	at org.gradle.internal.dispatch.ProxyDispatchAdapter$DispatchingInvocationHandler.invoke(ProxyDispatchAdapter.java:93)
	at com.sun.proxy.$Proxy2.processTestClass(Unknown Source)
	at org.gradle.api.internal.tasks.testing.worker.TestWorker.processTestClass(TestWorker.java:117)
	at sun.reflect.NativeMethodAccessorImpl.invoke0(Native Method)
	at sun.reflect.NativeMethodAccessorImpl.invoke(NativeMethodAccessorImpl.java:62)
	at sun.reflect.DelegatingMethodAccessorImpl.invoke(DelegatingMethodAccessorImpl.java:43)
	at java.lang.reflect.Method.invoke(Method.java:498)
	at org.gradle.internal.dispatch.ReflectionDispatch.dispatch(ReflectionDispatch.java:35)
	at org.gradle.internal.dispatch.ReflectionDispatch.dispatch(ReflectionDispatch.java:24)
	at org.gradle.internal.remote.internal.hub.MessageHubBackedObjectConnection$DispatchWrapper.dispatch(MessageHubBackedObjectConnection.java:155)
	at org.gradle.internal.remote.internal.hub.MessageHubBackedObjectConnection$DispatchWrapper.dispatch(MessageHubBackedObjectConnection.java:137)
	at org.gradle.internal.remote.internal.hub.MessageHub$Handler.run(MessageHub.java:404)
	at org.gradle.internal.concurrent.ExecutorPolicy$CatchAndRecordFailures.onExecute(ExecutorPolicy.java:63)
	at org.gradle.internal.concurrent.ManagedExecutorImpl$1.run(ManagedExecutorImpl.java:46)
	at java.util.concurrent.ThreadPoolExecutor.runWorker(ThreadPoolExecutor.java:1149)
	at java.util.concurrent.ThreadPoolExecutor$Worker.run(ThreadPoolExecutor.java:624)
	at org.gradle.internal.concurrent.ThreadFactoryImpl$ManagedThreadRunnable.run(ThreadFactoryImpl.java:55)
	at java.lang.Thread.run(Thread.java:748)
</pre>
</span>
</div>
<div class="test">
<a name="publish[1: com.dotcms.publishing.PublisherAPIImplTest$TestCase@104b4fe6]"></a>
<h3 class="failures">publish[1: com.dotcms.publishing.PublisherAPIImplTest$TestCase@104b4fe6]</h3>
<span class="code">
<pre>java.lang.AssertionError: Expected 23 but get 25 in /custom/assets/bundles/01EYTZHS0Y0MDZWKGC252KAH2H
Expected [/custom/assets/bundles/01EYTZHS0Y0MDZWKGC252KAH2H/working/test1613661342497.dotcms.com/1aaa85d2-0ee1-49ae-94df-994afcadfc22.containers.container.xml, /custom/assets/bundles/01EYTZHS0Y0MDZWKGC252KAH2H/live/System Host/1/7ecd9b3c-0e10-4a15-8720-88534ace5e61.contentworkflow.xml, /custom/assets/bundles/01EYTZHS0Y0MDZWKGC252KAH2H/live/System Host/wz_UI.language.xml, /custom/assets/bundles/01EYTZHS0Y0MDZWKGC252KAH2H/d61a59e1-a49c-46f2-a929-db2b4bfa88b2.workflow.xml, /custom/assets/bundles/01EYTZHS0Y0MDZWKGC252KAH2H/live/System Host/1/content.91f00942-48ce-404f-bb67-f4e29b2770e2.host.xml, /custom/assets/bundles/01EYTZHS0Y0MDZWKGC252KAH2H/live/System Host/1/content.ff462f88-d9e1-4d31-b084-b73cb61976d3.host.xml, /custom/assets/bundles/01EYTZHS0Y0MDZWKGC252KAH2H/live/System Host/1/1-content.60a70877-d2c4-4c45-b94e-57e8f9bbc827.content.xml, /custom/assets/bundles/01EYTZHS0Y0MDZWKGC252KAH2H/live/default/1613663444592/3-content.5b0db4f6-aa15-4c07-a5ba-1f767cee9500.content.xml, /custom/assets/bundles/01EYTZHS0Y0MDZWKGC252KAH2H/working/test1613661342497.dotcms.com/64649059-0c51-4230-8c34-4b2962b03b79.containers.container.xml, /custom/assets/bundles/01EYTZHS0Y0MDZWKGC252KAH2H/live/System Host/1properties, /custom/assets/bundles/01EYTZHS0Y0MDZWKGC252KAH2H/live/default/1613663444592/29933c69-cdd0-40e4-83b8-94a6da3ba11e.contentworkflow.xml, /custom/assets/bundles/01EYTZHS0Y0MDZWKGC252KAH2H/working/System Host/1/2-content.210ef630-69f9-4a64-ab52-f192fc4db2ca.content.xml, /custom/assets/bundles/01EYTZHS0Y0MDZWKGC252KAH2H/working/test1613661342497.dotcms.com/ffaf2f90-fe2c-468b-b5f1-290989d64d48.contentType.json, /custom/assets/bundles/01EYTZHS0Y0MDZWKGC252KAH2H/working/System Host/1/c4f0183e-69d4-428c-9192-9838ed9324fc.contentworkflow.xml, /custom/assets/bundles/01EYTZHS0Y0MDZWKGC252KAH2H/live/System Host/1/0-content.210ef630-69f9-4a64-ab52-f192fc4db2ca.content.xml, /custom/assets/bundles/01EYTZHS0Y0MDZWKGC252KAH2H/live/default/bc029935-9eb2-47db-a192-3d72d8cc00d2.rule.xml, /custom/assets/bundles/01EYTZHS0Y0MDZWKGC252KAH2H/live/test1613661342497.dotcms.com/1463a9f4-f409-4c04-ab82-fcf00830ad4e.template.template.xml, /custom/assets/bundles/01EYTZHS0Y0MDZWKGC252KAH2H/working/System Host/f4d7c1b8-2c88-4071-abf1-a5328977b07d.contentType.json, /custom/assets/bundles/01EYTZHS0Y0MDZWKGC252KAH2H/working/System Host/1/content.ff462f88-d9e1-4d31-b084-b73cb61976d3.host.xml, /custom/assets/bundles/01EYTZHS0Y0MDZWKGC252KAH2H/live/System Host/1/c4f0183e-69d4-428c-9192-9838ed9324fc.contentworkflow.xml, /custom/assets/bundles/01EYTZHS0Y0MDZWKGC252KAH2H/live/System Host/en_US.language.xml, /custom/assets/bundles/01EYTZHS0Y0MDZWKGC252KAH2H/live/System Host/1613663444592properties]
Existing [/custom/assets/bundles/01EYTZHS0Y0MDZWKGC252KAH2H/ROOT/bc9a1d37-dd2d-4d49-a29d-0c9be740bfaf.folder.xml, /custom/assets/bundles/01EYTZHS0Y0MDZWKGC252KAH2H/bundle.xml, /custom/assets/bundles/01EYTZHS0Y0MDZWKGC252KAH2H/d61a59e1-a49c-46f2-a929-db2b4bfa88b2.workflow.xml, /custom/assets/bundles/01EYTZHS0Y0MDZWKGC252KAH2H/live/System Host/1/0-content.210ef630-69f9-4a64-ab52-f192fc4db2ca.content.xml, /custom/assets/bundles/01EYTZHS0Y0MDZWKGC252KAH2H/live/System Host/1/1-content.60a70877-d2c4-4c45-b94e-57e8f9bbc827.content.xml, /custom/assets/bundles/01EYTZHS0Y0MDZWKGC252KAH2H/live/System Host/1/7ecd9b3c-0e10-4a15-8720-88534ace5e61.contentworkflow.xml, /custom/assets/bundles/01EYTZHS0Y0MDZWKGC252KAH2H/live/System Host/1/c4f0183e-69d4-428c-9192-9838ed9324fc.contentworkflow.xml, /custom/assets/bundles/01EYTZHS0Y0MDZWKGC252KAH2H/live/System Host/1/content.91f00942-48ce-404f-bb67-f4e29b2770e2.host.xml, /custom/assets/bundles/01EYTZHS0Y0MDZWKGC252KAH2H/live/System Host/1/content.ff462f88-d9e1-4d31-b084-b73cb61976d3.host.xml, /custom/assets/bundles/01EYTZHS0Y0MDZWKGC252KAH2H/live/System Host/1/system host.host.xml, /custom/assets/bundles/01EYTZHS0Y0MDZWKGC252KAH2H/live/System Host/1613663444592properties, /custom/assets/bundles/01EYTZHS0Y0MDZWKGC252KAH2H/live/System Host/1properties, /custom/assets/bundles/01EYTZHS0Y0MDZWKGC252KAH2H/live/System Host/en_US.language.xml, /custom/assets/bundles/01EYTZHS0Y0MDZWKGC252KAH2H/live/System Host/wz_UI.language.xml, /custom/assets/bundles/01EYTZHS0Y0MDZWKGC252KAH2H/live/default/1613663444592/29933c69-cdd0-40e4-83b8-94a6da3ba11e.contentworkflow.xml, /custom/assets/bundles/01EYTZHS0Y0MDZWKGC252KAH2H/live/default/1613663444592/3-content.5b0db4f6-aa15-4c07-a5ba-1f767cee9500.content.xml, /custom/assets/bundles/01EYTZHS0Y0MDZWKGC252KAH2H/live/default/bc029935-9eb2-47db-a192-3d72d8cc00d2.rule.xml, /custom/assets/bundles/01EYTZHS0Y0MDZWKGC252KAH2H/live/test1613661342497.dotcms.com/1463a9f4-f409-4c04-ab82-fcf00830ad4e.template.template.xml, /custom/assets/bundles/01EYTZHS0Y0MDZWKGC252KAH2H/working/System Host/1/2-content.210ef630-69f9-4a64-ab52-f192fc4db2ca.content.xml, /custom/assets/bundles/01EYTZHS0Y0MDZWKGC252KAH2H/working/System Host/1/c4f0183e-69d4-428c-9192-9838ed9324fc.contentworkflow.xml, /custom/assets/bundles/01EYTZHS0Y0MDZWKGC252KAH2H/working/System Host/1/content.ff462f88-d9e1-4d31-b084-b73cb61976d3.host.xml, /custom/assets/bundles/01EYTZHS0Y0MDZWKGC252KAH2H/working/System Host/f4d7c1b8-2c88-4071-abf1-a5328977b07d.contentType.json, /custom/assets/bundles/01EYTZHS0Y0MDZWKGC252KAH2H/working/test1613661342497.dotcms.com/1aaa85d2-0ee1-49ae-94df-994afcadfc22.containers.container.xml, /custom/assets/bundles/01EYTZHS0Y0MDZWKGC252KAH2H/working/test1613661342497.dotcms.com/64649059-0c51-4230-8c34-4b2962b03b79.containers.container.xml, /custom/assets/bundles/01EYTZHS0Y0MDZWKGC252KAH2H/working/test1613661342497.dotcms.com/ffaf2f90-fe2c-468b-b5f1-290989d64d48.contentType.json]
difference [/custom/assets/bundles/01EYTZHS0Y0MDZWKGC252KAH2H/ROOT/bc9a1d37-dd2d-4d49-a29d-0c9be740bfaf.folder.xml, /custom/assets/bundles/01EYTZHS0Y0MDZWKGC252KAH2H/bundle.xml, /custom/assets/bundles/01EYTZHS0Y0MDZWKGC252KAH2H/live/System Host/1/system host.host.xml]

	at org.jgroups.util.Util.assertEquals(Util.java:185)
	at com.dotcms.publishing.PublisherAPIImplTest.publish(PublisherAPIImplTest.java:407)
	at sun.reflect.NativeMethodAccessorImpl.invoke0(Native Method)
	at sun.reflect.NativeMethodAccessorImpl.invoke(NativeMethodAccessorImpl.java:62)
	at sun.reflect.DelegatingMethodAccessorImpl.invoke(DelegatingMethodAccessorImpl.java:43)
	at java.lang.reflect.Method.invoke(Method.java:498)
	at org.junit.runners.model.FrameworkMethod$1.runReflectiveCall(FrameworkMethod.java:50)
	at org.junit.internal.runners.model.ReflectiveCallable.run(ReflectiveCallable.java:12)
	at org.junit.runners.model.FrameworkMethod.invokeExplosively(FrameworkMethod.java:47)
	at com.tngtech.java.junit.dataprovider.DataProviderFrameworkMethod.invokeExplosively(DataProviderFrameworkMethod.java:119)
	at org.junit.internal.runners.statements.InvokeMethod.evaluate(InvokeMethod.java:17)
	at org.junit.rules.TestWatcher$1.evaluate(TestWatcher.java:55)
	at org.junit.rules.RunRules.evaluate(RunRules.java:20)
	at org.junit.runners.ParentRunner.runLeaf(ParentRunner.java:325)
	at com.dotcms.junit.CustomDataProviderRunner.runChild(CustomDataProviderRunner.java:28)
	at com.dotcms.junit.CustomDataProviderRunner.runChild(CustomDataProviderRunner.java:13)
	at org.junit.runners.ParentRunner$3.run(ParentRunner.java:290)
	at org.junit.runners.ParentRunner$1.schedule(ParentRunner.java:71)
	at org.junit.runners.ParentRunner.runChildren(ParentRunner.java:288)
	at org.junit.runners.ParentRunner.access$000(ParentRunner.java:58)
	at org.junit.runners.ParentRunner$2.evaluate(ParentRunner.java:268)
	at org.junit.internal.runners.statements.RunBefores.evaluate(RunBefores.java:26)
	at org.junit.internal.runners.statements.RunAfters.evaluate(RunAfters.java:27)
	at org.junit.runners.ParentRunner.run(ParentRunner.java:363)
	at org.junit.runners.Suite.runChild(Suite.java:128)
	at org.junit.runners.Suite.runChild(Suite.java:27)
	at org.junit.runners.ParentRunner$3.run(ParentRunner.java:290)
	at org.junit.runners.ParentRunner$1.schedule(ParentRunner.java:71)
	at org.junit.runners.ParentRunner.runChildren(ParentRunner.java:288)
	at org.junit.runners.ParentRunner.access$000(ParentRunner.java:58)
	at org.junit.runners.ParentRunner$2.evaluate(ParentRunner.java:268)
	at org.junit.runners.ParentRunner.run(ParentRunner.java:363)
	at org.gradle.api.internal.tasks.testing.junit.JUnitTestClassExecutor.runTestClass(JUnitTestClassExecutor.java:106)
	at org.gradle.api.internal.tasks.testing.junit.JUnitTestClassExecutor.execute(JUnitTestClassExecutor.java:58)
	at org.gradle.api.internal.tasks.testing.junit.JUnitTestClassExecutor.execute(JUnitTestClassExecutor.java:38)
	at org.gradle.api.internal.tasks.testing.junit.AbstractJUnitTestClassProcessor.processTestClass(AbstractJUnitTestClassProcessor.java:66)
	at org.gradle.api.internal.tasks.testing.SuiteTestClassProcessor.processTestClass(SuiteTestClassProcessor.java:51)
	at sun.reflect.NativeMethodAccessorImpl.invoke0(Native Method)
	at sun.reflect.NativeMethodAccessorImpl.invoke(NativeMethodAccessorImpl.java:62)
	at sun.reflect.DelegatingMethodAccessorImpl.invoke(DelegatingMethodAccessorImpl.java:43)
	at java.lang.reflect.Method.invoke(Method.java:498)
	at org.gradle.internal.dispatch.ReflectionDispatch.dispatch(ReflectionDispatch.java:35)
	at org.gradle.internal.dispatch.ReflectionDispatch.dispatch(ReflectionDispatch.java:24)
	at org.gradle.internal.dispatch.ContextClassLoaderDispatch.dispatch(ContextClassLoaderDispatch.java:32)
	at org.gradle.internal.dispatch.ProxyDispatchAdapter$DispatchingInvocationHandler.invoke(ProxyDispatchAdapter.java:93)
	at com.sun.proxy.$Proxy2.processTestClass(Unknown Source)
	at org.gradle.api.internal.tasks.testing.worker.TestWorker.processTestClass(TestWorker.java:117)
	at sun.reflect.NativeMethodAccessorImpl.invoke0(Native Method)
	at sun.reflect.NativeMethodAccessorImpl.invoke(NativeMethodAccessorImpl.java:62)
	at sun.reflect.DelegatingMethodAccessorImpl.invoke(DelegatingMethodAccessorImpl.java:43)
	at java.lang.reflect.Method.invoke(Method.java:498)
	at org.gradle.internal.dispatch.ReflectionDispatch.dispatch(ReflectionDispatch.java:35)
	at org.gradle.internal.dispatch.ReflectionDispatch.dispatch(ReflectionDispatch.java:24)
	at org.gradle.internal.remote.internal.hub.MessageHubBackedObjectConnection$DispatchWrapper.dispatch(MessageHubBackedObjectConnection.java:155)
	at org.gradle.internal.remote.internal.hub.MessageHubBackedObjectConnection$DispatchWrapper.dispatch(MessageHubBackedObjectConnection.java:137)
	at org.gradle.internal.remote.internal.hub.MessageHub$Handler.run(MessageHub.java:404)
	at org.gradle.internal.concurrent.ExecutorPolicy$CatchAndRecordFailures.onExecute(ExecutorPolicy.java:63)
	at org.gradle.internal.concurrent.ManagedExecutorImpl$1.run(ManagedExecutorImpl.java:46)
	at java.util.concurrent.ThreadPoolExecutor.runWorker(ThreadPoolExecutor.java:1149)
	at java.util.concurrent.ThreadPoolExecutor$Worker.run(ThreadPoolExecutor.java:624)
	at org.gradle.internal.concurrent.ThreadFactoryImpl$ManagedThreadRunnable.run(ThreadFactoryImpl.java:55)
	at java.lang.Thread.run(Thread.java:748)
</pre>
</span>
</div>
<div class="test">
<a name="publish[2: com.dotcms.publishing.PublisherAPIImplTest$TestCase@13def244]"></a>
<h3 class="failures">publish[2: com.dotcms.publishing.PublisherAPIImplTest$TestCase@13def244]</h3>
<span class="code">
<pre>java.lang.AssertionError: Expected 21 but get 23 in /custom/assets/bundles/01EYTZHS4F984NNR59BDW0EMF8
Expected [/custom/assets/bundles/01EYTZHS4F984NNR59BDW0EMF8/working/System Host/1/c4f0183e-69d4-428c-9192-9838ed9324fc.contentworkflow.xml, /custom/assets/bundles/01EYTZHS4F984NNR59BDW0EMF8/live/System Host/en_US.language.xml, /custom/assets/bundles/01EYTZHS4F984NNR59BDW0EMF8/live/default/bc029935-9eb2-47db-a192-3d72d8cc00d2.rule.xml, /custom/assets/bundles/01EYTZHS4F984NNR59BDW0EMF8/live/System Host/1613663444592properties, /custom/assets/bundles/01EYTZHS4F984NNR59BDW0EMF8/live/System Host/1/7ecd9b3c-0e10-4a15-8720-88534ace5e61.contentworkflow.xml, /custom/assets/bundles/01EYTZHS4F984NNR59BDW0EMF8/live/System Host/1/0-content.210ef630-69f9-4a64-ab52-f192fc4db2ca.content.xml, /custom/assets/bundles/01EYTZHS4F984NNR59BDW0EMF8/live/System Host/1/1-content.60a70877-d2c4-4c45-b94e-57e8f9bbc827.content.xml, /custom/assets/bundles/01EYTZHS4F984NNR59BDW0EMF8/working/test1613661343530.dotcms.com/9018849f-e65d-4ae3-b38c-91d706cd8b67.contentType.json, /custom/assets/bundles/01EYTZHS4F984NNR59BDW0EMF8/live/System Host/1properties, /custom/assets/bundles/01EYTZHS4F984NNR59BDW0EMF8/live/System Host/wz_UI.language.xml, /custom/assets/bundles/01EYTZHS4F984NNR59BDW0EMF8/live/default/1613663444592/29933c69-cdd0-40e4-83b8-94a6da3ba11e.contentworkflow.xml, /custom/assets/bundles/01EYTZHS4F984NNR59BDW0EMF8/working/test1613661343530.dotcms.com/d4fdfbfa-d36b-4ab4-ac40-c1e8a5092818.containers.container.xml, /custom/assets/bundles/01EYTZHS4F984NNR59BDW0EMF8/live/System Host/1/content.ce5957fe-bb72-4cb7-be80-6ee887435d7f.host.xml, /custom/assets/bundles/01EYTZHS4F984NNR59BDW0EMF8/d61a59e1-a49c-46f2-a929-db2b4bfa88b2.workflow.xml, /custom/assets/bundles/01EYTZHS4F984NNR59BDW0EMF8/working/System Host/f4d7c1b8-2c88-4071-abf1-a5328977b07d.contentType.json, /custom/assets/bundles/01EYTZHS4F984NNR59BDW0EMF8/working/System Host/1/2-content.210ef630-69f9-4a64-ab52-f192fc4db2ca.content.xml, /custom/assets/bundles/01EYTZHS4F984NNR59BDW0EMF8/live/System Host/1/content.ff462f88-d9e1-4d31-b084-b73cb61976d3.host.xml, /custom/assets/bundles/01EYTZHS4F984NNR59BDW0EMF8/live/default/1613663444592/3-content.5b0db4f6-aa15-4c07-a5ba-1f767cee9500.content.xml, /custom/assets/bundles/01EYTZHS4F984NNR59BDW0EMF8/working/System Host/1/content.ff462f88-d9e1-4d31-b084-b73cb61976d3.host.xml, /custom/assets/bundles/01EYTZHS4F984NNR59BDW0EMF8/live/System Host/1/c4f0183e-69d4-428c-9192-9838ed9324fc.contentworkflow.xml]
Existing [/custom/assets/bundles/01EYTZHS4F984NNR59BDW0EMF8/ROOT/bc9a1d37-dd2d-4d49-a29d-0c9be740bfaf.folder.xml, /custom/assets/bundles/01EYTZHS4F984NNR59BDW0EMF8/bundle.xml, /custom/assets/bundles/01EYTZHS4F984NNR59BDW0EMF8/d61a59e1-a49c-46f2-a929-db2b4bfa88b2.workflow.xml, /custom/assets/bundles/01EYTZHS4F984NNR59BDW0EMF8/live/System Host/1/0-content.210ef630-69f9-4a64-ab52-f192fc4db2ca.content.xml, /custom/assets/bundles/01EYTZHS4F984NNR59BDW0EMF8/live/System Host/1/1-content.60a70877-d2c4-4c45-b94e-57e8f9bbc827.content.xml, /custom/assets/bundles/01EYTZHS4F984NNR59BDW0EMF8/live/System Host/1/7ecd9b3c-0e10-4a15-8720-88534ace5e61.contentworkflow.xml, /custom/assets/bundles/01EYTZHS4F984NNR59BDW0EMF8/live/System Host/1/c4f0183e-69d4-428c-9192-9838ed9324fc.contentworkflow.xml, /custom/assets/bundles/01EYTZHS4F984NNR59BDW0EMF8/live/System Host/1/content.ce5957fe-bb72-4cb7-be80-6ee887435d7f.host.xml, /custom/assets/bundles/01EYTZHS4F984NNR59BDW0EMF8/live/System Host/1/content.ff462f88-d9e1-4d31-b084-b73cb61976d3.host.xml, /custom/assets/bundles/01EYTZHS4F984NNR59BDW0EMF8/live/System Host/1/system host.host.xml, /custom/assets/bundles/01EYTZHS4F984NNR59BDW0EMF8/live/System Host/1613663444592properties, /custom/assets/bundles/01EYTZHS4F984NNR59BDW0EMF8/live/System Host/1properties, /custom/assets/bundles/01EYTZHS4F984NNR59BDW0EMF8/live/System Host/en_US.language.xml, /custom/assets/bundles/01EYTZHS4F984NNR59BDW0EMF8/live/System Host/wz_UI.language.xml, /custom/assets/bundles/01EYTZHS4F984NNR59BDW0EMF8/live/default/1613663444592/29933c69-cdd0-40e4-83b8-94a6da3ba11e.contentworkflow.xml, /custom/assets/bundles/01EYTZHS4F984NNR59BDW0EMF8/live/default/1613663444592/3-content.5b0db4f6-aa15-4c07-a5ba-1f767cee9500.content.xml, /custom/assets/bundles/01EYTZHS4F984NNR59BDW0EMF8/live/default/bc029935-9eb2-47db-a192-3d72d8cc00d2.rule.xml, /custom/assets/bundles/01EYTZHS4F984NNR59BDW0EMF8/working/System Host/1/2-content.210ef630-69f9-4a64-ab52-f192fc4db2ca.content.xml, /custom/assets/bundles/01EYTZHS4F984NNR59BDW0EMF8/working/System Host/1/c4f0183e-69d4-428c-9192-9838ed9324fc.contentworkflow.xml, /custom/assets/bundles/01EYTZHS4F984NNR59BDW0EMF8/working/System Host/1/content.ff462f88-d9e1-4d31-b084-b73cb61976d3.host.xml, /custom/assets/bundles/01EYTZHS4F984NNR59BDW0EMF8/working/System Host/f4d7c1b8-2c88-4071-abf1-a5328977b07d.contentType.json, /custom/assets/bundles/01EYTZHS4F984NNR59BDW0EMF8/working/test1613661343530.dotcms.com/9018849f-e65d-4ae3-b38c-91d706cd8b67.contentType.json, /custom/assets/bundles/01EYTZHS4F984NNR59BDW0EMF8/working/test1613661343530.dotcms.com/d4fdfbfa-d36b-4ab4-ac40-c1e8a5092818.containers.container.xml]
difference [/custom/assets/bundles/01EYTZHS4F984NNR59BDW0EMF8/ROOT/bc9a1d37-dd2d-4d49-a29d-0c9be740bfaf.folder.xml, /custom/assets/bundles/01EYTZHS4F984NNR59BDW0EMF8/bundle.xml, /custom/assets/bundles/01EYTZHS4F984NNR59BDW0EMF8/live/System Host/1/system host.host.xml]

	at org.jgroups.util.Util.assertEquals(Util.java:185)
	at com.dotcms.publishing.PublisherAPIImplTest.publish(PublisherAPIImplTest.java:407)
	at sun.reflect.NativeMethodAccessorImpl.invoke0(Native Method)
	at sun.reflect.NativeMethodAccessorImpl.invoke(NativeMethodAccessorImpl.java:62)
	at sun.reflect.DelegatingMethodAccessorImpl.invoke(DelegatingMethodAccessorImpl.java:43)
	at java.lang.reflect.Method.invoke(Method.java:498)
	at org.junit.runners.model.FrameworkMethod$1.runReflectiveCall(FrameworkMethod.java:50)
	at org.junit.internal.runners.model.ReflectiveCallable.run(ReflectiveCallable.java:12)
	at org.junit.runners.model.FrameworkMethod.invokeExplosively(FrameworkMethod.java:47)
	at com.tngtech.java.junit.dataprovider.DataProviderFrameworkMethod.invokeExplosively(DataProviderFrameworkMethod.java:119)
	at org.junit.internal.runners.statements.InvokeMethod.evaluate(InvokeMethod.java:17)
	at org.junit.rules.TestWatcher$1.evaluate(TestWatcher.java:55)
	at org.junit.rules.RunRules.evaluate(RunRules.java:20)
	at org.junit.runners.ParentRunner.runLeaf(ParentRunner.java:325)
	at com.dotcms.junit.CustomDataProviderRunner.runChild(CustomDataProviderRunner.java:28)
	at com.dotcms.junit.CustomDataProviderRunner.runChild(CustomDataProviderRunner.java:13)
	at org.junit.runners.ParentRunner$3.run(ParentRunner.java:290)
	at org.junit.runners.ParentRunner$1.schedule(ParentRunner.java:71)
	at org.junit.runners.ParentRunner.runChildren(ParentRunner.java:288)
	at org.junit.runners.ParentRunner.access$000(ParentRunner.java:58)
	at org.junit.runners.ParentRunner$2.evaluate(ParentRunner.java:268)
	at org.junit.internal.runners.statements.RunBefores.evaluate(RunBefores.java:26)
	at org.junit.internal.runners.statements.RunAfters.evaluate(RunAfters.java:27)
	at org.junit.runners.ParentRunner.run(ParentRunner.java:363)
	at org.junit.runners.Suite.runChild(Suite.java:128)
	at org.junit.runners.Suite.runChild(Suite.java:27)
	at org.junit.runners.ParentRunner$3.run(ParentRunner.java:290)
	at org.junit.runners.ParentRunner$1.schedule(ParentRunner.java:71)
	at org.junit.runners.ParentRunner.runChildren(ParentRunner.java:288)
	at org.junit.runners.ParentRunner.access$000(ParentRunner.java:58)
	at org.junit.runners.ParentRunner$2.evaluate(ParentRunner.java:268)
	at org.junit.runners.ParentRunner.run(ParentRunner.java:363)
	at org.gradle.api.internal.tasks.testing.junit.JUnitTestClassExecutor.runTestClass(JUnitTestClassExecutor.java:106)
	at org.gradle.api.internal.tasks.testing.junit.JUnitTestClassExecutor.execute(JUnitTestClassExecutor.java:58)
	at org.gradle.api.internal.tasks.testing.junit.JUnitTestClassExecutor.execute(JUnitTestClassExecutor.java:38)
	at org.gradle.api.internal.tasks.testing.junit.AbstractJUnitTestClassProcessor.processTestClass(AbstractJUnitTestClassProcessor.java:66)
	at org.gradle.api.internal.tasks.testing.SuiteTestClassProcessor.processTestClass(SuiteTestClassProcessor.java:51)
	at sun.reflect.NativeMethodAccessorImpl.invoke0(Native Method)
	at sun.reflect.NativeMethodAccessorImpl.invoke(NativeMethodAccessorImpl.java:62)
	at sun.reflect.DelegatingMethodAccessorImpl.invoke(DelegatingMethodAccessorImpl.java:43)
	at java.lang.reflect.Method.invoke(Method.java:498)
	at org.gradle.internal.dispatch.ReflectionDispatch.dispatch(ReflectionDispatch.java:35)
	at org.gradle.internal.dispatch.ReflectionDispatch.dispatch(ReflectionDispatch.java:24)
	at org.gradle.internal.dispatch.ContextClassLoaderDispatch.dispatch(ContextClassLoaderDispatch.java:32)
	at org.gradle.internal.dispatch.ProxyDispatchAdapter$DispatchingInvocationHandler.invoke(ProxyDispatchAdapter.java:93)
	at com.sun.proxy.$Proxy2.processTestClass(Unknown Source)
	at org.gradle.api.internal.tasks.testing.worker.TestWorker.processTestClass(TestWorker.java:117)
	at sun.reflect.NativeMethodAccessorImpl.invoke0(Native Method)
	at sun.reflect.NativeMethodAccessorImpl.invoke(NativeMethodAccessorImpl.java:62)
	at sun.reflect.DelegatingMethodAccessorImpl.invoke(DelegatingMethodAccessorImpl.java:43)
	at java.lang.reflect.Method.invoke(Method.java:498)
	at org.gradle.internal.dispatch.ReflectionDispatch.dispatch(ReflectionDispatch.java:35)
	at org.gradle.internal.dispatch.ReflectionDispatch.dispatch(ReflectionDispatch.java:24)
	at org.gradle.internal.remote.internal.hub.MessageHubBackedObjectConnection$DispatchWrapper.dispatch(MessageHubBackedObjectConnection.java:155)
	at org.gradle.internal.remote.internal.hub.MessageHubBackedObjectConnection$DispatchWrapper.dispatch(MessageHubBackedObjectConnection.java:137)
	at org.gradle.internal.remote.internal.hub.MessageHub$Handler.run(MessageHub.java:404)
	at org.gradle.internal.concurrent.ExecutorPolicy$CatchAndRecordFailures.onExecute(ExecutorPolicy.java:63)
	at org.gradle.internal.concurrent.ManagedExecutorImpl$1.run(ManagedExecutorImpl.java:46)
	at java.util.concurrent.ThreadPoolExecutor.runWorker(ThreadPoolExecutor.java:1149)
	at java.util.concurrent.ThreadPoolExecutor$Worker.run(ThreadPoolExecutor.java:624)
	at org.gradle.internal.concurrent.ThreadFactoryImpl$ManagedThreadRunnable.run(ThreadFactoryImpl.java:55)
	at java.lang.Thread.run(Thread.java:748)
</pre>
</span>
</div>
<div class="test">
<a name="publish[3: com.dotcms.publishing.PublisherAPIImplTest$TestCase@23b0837]"></a>
<h3 class="failures">publish[3: com.dotcms.publishing.PublisherAPIImplTest$TestCase@23b0837]</h3>
<span class="code">
<pre>java.lang.AssertionError: Expected 31 but get 33 in /custom/assets/bundles/01EYTZHS7X0RKFPHBEK64VPYTE
Expected [/custom/assets/bundles/01EYTZHS7X0RKFPHBEK64VPYTE/working/System Host/f4d7c1b8-2c88-4071-abf1-a5328977b07d.contentType.json, /custom/assets/bundles/01EYTZHS7X0RKFPHBEK64VPYTE/working/test1613661344472.dotcms.com/1/1-5fdca872-0a58-4ad5-b2e0-07c3568ec4bc.content.xml, /custom/assets/bundles/01EYTZHS7X0RKFPHBEK64VPYTE/live/default/1613663444592/29933c69-cdd0-40e4-83b8-94a6da3ba11e.contentworkflow.xml, /custom/assets/bundles/01EYTZHS7X0RKFPHBEK64VPYTE/working/System Host/1/c4f0183e-69d4-428c-9192-9838ed9324fc.contentworkflow.xml, /custom/assets/bundles/01EYTZHS7X0RKFPHBEK64VPYTE/live/System Host/1613663444592properties, /custom/assets/bundles/01EYTZHS7X0RKFPHBEK64VPYTE/working/test1613661344472.dotcms.com/testName1613661345481/testName1613661345490/a58bafb4-44d2-46b9-89b2-eb690f932c76.link.xml, /custom/assets/bundles/01EYTZHS7X0RKFPHBEK64VPYTE/live/default/1613663444592/4-content.5b0db4f6-aa15-4c07-a5ba-1f767cee9500.content.xml, /custom/assets/bundles/01EYTZHS7X0RKFPHBEK64VPYTE/working/System Host/1/3-content.210ef630-69f9-4a64-ab52-f192fc4db2ca.content.xml, /custom/assets/bundles/01EYTZHS7X0RKFPHBEK64VPYTE/ROOT/testName1613661345481/testName1613661345490/f624beaf-7c69-46df-9ab4-6e967336f870.folder.xml, /custom/assets/bundles/01EYTZHS7X0RKFPHBEK64VPYTE/live/System Host/1/content.ff462f88-d9e1-4d31-b084-b73cb61976d3.host.xml, /custom/assets/bundles/01EYTZHS7X0RKFPHBEK64VPYTE/assets/9/c/9cd2514f-3c3f-4564-bc45-ef77aa4cf3b0/fileAsset/test.jpg, /custom/assets/bundles/01EYTZHS7X0RKFPHBEK64VPYTE/working/System Host/1/content.ff462f88-d9e1-4d31-b084-b73cb61976d3.host.xml, /custom/assets/bundles/01EYTZHS7X0RKFPHBEK64VPYTE/ROOT/testName1613661345481/4e00fb8d-51e3-4a73-9811-f26a626fbf75.folder.xml, /custom/assets/bundles/01EYTZHS7X0RKFPHBEK64VPYTE/live/System Host/1/7ecd9b3c-0e10-4a15-8720-88534ace5e61.contentworkflow.xml, /custom/assets/bundles/01EYTZHS7X0RKFPHBEK64VPYTE/live/System Host/1/c4f0183e-69d4-428c-9192-9838ed9324fc.contentworkflow.xml, /custom/assets/bundles/01EYTZHS7X0RKFPHBEK64VPYTE/working/System Host/33888b6f-7a8e-4069-b1b6-5c1aa9d0a48d.contentType.json, /custom/assets/bundles/01EYTZHS7X0RKFPHBEK64VPYTE/d61a59e1-a49c-46f2-a929-db2b4bfa88b2.workflow.xml, /custom/assets/bundles/01EYTZHS7X0RKFPHBEK64VPYTE/ROOT/21297e71-a4ca-49d0-9bda-6bd6ba1c8174.folder.xml, /custom/assets/bundles/01EYTZHS7X0RKFPHBEK64VPYTE/working/test1613661344472.dotcms.com/1/5-9cd2514f-3c3f-4564-bc45-ef77aa4cf3b0.content.xml, /custom/assets/bundles/01EYTZHS7X0RKFPHBEK64VPYTE/working/test1613661344472.dotcms.com/1/f15ac9da-bf13-45af-a72a-4a96e3de5585.contentworkflow.xml, /custom/assets/bundles/01EYTZHS7X0RKFPHBEK64VPYTE/live/System Host/1properties, /custom/assets/bundles/01EYTZHS7X0RKFPHBEK64VPYTE/live/System Host/1/2-content.60a70877-d2c4-4c45-b94e-57e8f9bbc827.content.xml, /custom/assets/bundles/01EYTZHS7X0RKFPHBEK64VPYTE/live/System Host/en_US.language.xml, /custom/assets/bundles/01EYTZHS7X0RKFPHBEK64VPYTE/working/test1613661344472.dotcms.com/3170caa9-4dc2-4e8e-9502-1e25aac54adb.contentType.json, /custom/assets/bundles/01EYTZHS7X0RKFPHBEK64VPYTE/live/System Host/wz_UI.language.xml, /custom/assets/bundles/01EYTZHS7X0RKFPHBEK64VPYTE/live/System Host/1/0-content.210ef630-69f9-4a64-ab52-f192fc4db2ca.content.xml, /custom/assets/bundles/01EYTZHS7X0RKFPHBEK64VPYTE/working/test1613661344472.dotcms.com/1/8e1c5a20-1315-412e-99c0-016f65e5f5c4.contentworkflow.xml, /custom/assets/bundles/01EYTZHS7X0RKFPHBEK64VPYTE/live/System Host/1/content.1926e936-7631-4a44-8b7e-a63a2a38ea58.host.xml, /custom/assets/bundles/01EYTZHS7X0RKFPHBEK64VPYTE/live/default/bc029935-9eb2-47db-a192-3d72d8cc00d2.rule.xml, /custom/assets/bundles/01EYTZHS7X0RKFPHBEK64VPYTE/assets/5/f/5fdca872-0a58-4ad5-b2e0-07c3568ec4bc/fileAsset/test.jpg]
Existing [/custom/assets/bundles/01EYTZHS7X0RKFPHBEK64VPYTE/ROOT/21297e71-a4ca-49d0-9bda-6bd6ba1c8174.folder.xml, /custom/assets/bundles/01EYTZHS7X0RKFPHBEK64VPYTE/ROOT/bc9a1d37-dd2d-4d49-a29d-0c9be740bfaf.folder.xml, /custom/assets/bundles/01EYTZHS7X0RKFPHBEK64VPYTE/ROOT/testName1613661345481/4e00fb8d-51e3-4a73-9811-f26a626fbf75.folder.xml, /custom/assets/bundles/01EYTZHS7X0RKFPHBEK64VPYTE/ROOT/testName1613661345481/testName1613661345490/f624beaf-7c69-46df-9ab4-6e967336f870.folder.xml, /custom/assets/bundles/01EYTZHS7X0RKFPHBEK64VPYTE/assets/5/f/5fdca872-0a58-4ad5-b2e0-07c3568ec4bc/fileAsset/test.jpg, /custom/assets/bundles/01EYTZHS7X0RKFPHBEK64VPYTE/assets/9/c/9cd2514f-3c3f-4564-bc45-ef77aa4cf3b0/fileAsset/test.jpg, /custom/assets/bundles/01EYTZHS7X0RKFPHBEK64VPYTE/bundle.xml, /custom/assets/bundles/01EYTZHS7X0RKFPHBEK64VPYTE/d61a59e1-a49c-46f2-a929-db2b4bfa88b2.workflow.xml, /custom/assets/bundles/01EYTZHS7X0RKFPHBEK64VPYTE/live/System Host/1/0-content.210ef630-69f9-4a64-ab52-f192fc4db2ca.content.xml, /custom/assets/bundles/01EYTZHS7X0RKFPHBEK64VPYTE/live/System Host/1/2-content.60a70877-d2c4-4c45-b94e-57e8f9bbc827.content.xml, /custom/assets/bundles/01EYTZHS7X0RKFPHBEK64VPYTE/live/System Host/1/7ecd9b3c-0e10-4a15-8720-88534ace5e61.contentworkflow.xml, /custom/assets/bundles/01EYTZHS7X0RKFPHBEK64VPYTE/live/System Host/1/c4f0183e-69d4-428c-9192-9838ed9324fc.contentworkflow.xml, /custom/assets/bundles/01EYTZHS7X0RKFPHBEK64VPYTE/live/System Host/1/content.1926e936-7631-4a44-8b7e-a63a2a38ea58.host.xml, /custom/assets/bundles/01EYTZHS7X0RKFPHBEK64VPYTE/live/System Host/1/content.ff462f88-d9e1-4d31-b084-b73cb61976d3.host.xml, /custom/assets/bundles/01EYTZHS7X0RKFPHBEK64VPYTE/live/System Host/1/system host.host.xml, /custom/assets/bundles/01EYTZHS7X0RKFPHBEK64VPYTE/live/System Host/1613663444592properties, /custom/assets/bundles/01EYTZHS7X0RKFPHBEK64VPYTE/live/System Host/1properties, /custom/assets/bundles/01EYTZHS7X0RKFPHBEK64VPYTE/live/System Host/en_US.language.xml, /custom/assets/bundles/01EYTZHS7X0RKFPHBEK64VPYTE/live/System Host/wz_UI.language.xml, /custom/assets/bundles/01EYTZHS7X0RKFPHBEK64VPYTE/live/default/1613663444592/29933c69-cdd0-40e4-83b8-94a6da3ba11e.contentworkflow.xml, /custom/assets/bundles/01EYTZHS7X0RKFPHBEK64VPYTE/live/default/1613663444592/4-content.5b0db4f6-aa15-4c07-a5ba-1f767cee9500.content.xml, /custom/assets/bundles/01EYTZHS7X0RKFPHBEK64VPYTE/live/default/bc029935-9eb2-47db-a192-3d72d8cc00d2.rule.xml, /custom/assets/bundles/01EYTZHS7X0RKFPHBEK64VPYTE/working/System Host/1/3-content.210ef630-69f9-4a64-ab52-f192fc4db2ca.content.xml, /custom/assets/bundles/01EYTZHS7X0RKFPHBEK64VPYTE/working/System Host/1/c4f0183e-69d4-428c-9192-9838ed9324fc.contentworkflow.xml, /custom/assets/bundles/01EYTZHS7X0RKFPHBEK64VPYTE/working/System Host/1/content.ff462f88-d9e1-4d31-b084-b73cb61976d3.host.xml, /custom/assets/bundles/01EYTZHS7X0RKFPHBEK64VPYTE/working/System Host/33888b6f-7a8e-4069-b1b6-5c1aa9d0a48d.contentType.json, /custom/assets/bundles/01EYTZHS7X0RKFPHBEK64VPYTE/working/System Host/f4d7c1b8-2c88-4071-abf1-a5328977b07d.contentType.json, /custom/assets/bundles/01EYTZHS7X0RKFPHBEK64VPYTE/working/test1613661344472.dotcms.com/1/1-5fdca872-0a58-4ad5-b2e0-07c3568ec4bc.content.xml, /custom/assets/bundles/01EYTZHS7X0RKFPHBEK64VPYTE/working/test1613661344472.dotcms.com/1/5-9cd2514f-3c3f-4564-bc45-ef77aa4cf3b0.content.xml, /custom/assets/bundles/01EYTZHS7X0RKFPHBEK64VPYTE/working/test1613661344472.dotcms.com/1/8e1c5a20-1315-412e-99c0-016f65e5f5c4.contentworkflow.xml, /custom/assets/bundles/01EYTZHS7X0RKFPHBEK64VPYTE/working/test1613661344472.dotcms.com/1/f15ac9da-bf13-45af-a72a-4a96e3de5585.contentworkflow.xml, /custom/assets/bundles/01EYTZHS7X0RKFPHBEK64VPYTE/working/test1613661344472.dotcms.com/3170caa9-4dc2-4e8e-9502-1e25aac54adb.contentType.json, /custom/assets/bundles/01EYTZHS7X0RKFPHBEK64VPYTE/working/test1613661344472.dotcms.com/testName1613661345481/testName1613661345490/a58bafb4-44d2-46b9-89b2-eb690f932c76.link.xml]
difference [/custom/assets/bundles/01EYTZHS7X0RKFPHBEK64VPYTE/ROOT/bc9a1d37-dd2d-4d49-a29d-0c9be740bfaf.folder.xml, /custom/assets/bundles/01EYTZHS7X0RKFPHBEK64VPYTE/bundle.xml, /custom/assets/bundles/01EYTZHS7X0RKFPHBEK64VPYTE/live/System Host/1/system host.host.xml]

	at org.jgroups.util.Util.assertEquals(Util.java:185)
	at com.dotcms.publishing.PublisherAPIImplTest.publish(PublisherAPIImplTest.java:407)
	at sun.reflect.NativeMethodAccessorImpl.invoke0(Native Method)
	at sun.reflect.NativeMethodAccessorImpl.invoke(NativeMethodAccessorImpl.java:62)
	at sun.reflect.DelegatingMethodAccessorImpl.invoke(DelegatingMethodAccessorImpl.java:43)
	at java.lang.reflect.Method.invoke(Method.java:498)
	at org.junit.runners.model.FrameworkMethod$1.runReflectiveCall(FrameworkMethod.java:50)
	at org.junit.internal.runners.model.ReflectiveCallable.run(ReflectiveCallable.java:12)
	at org.junit.runners.model.FrameworkMethod.invokeExplosively(FrameworkMethod.java:47)
	at com.tngtech.java.junit.dataprovider.DataProviderFrameworkMethod.invokeExplosively(DataProviderFrameworkMethod.java:119)
	at org.junit.internal.runners.statements.InvokeMethod.evaluate(InvokeMethod.java:17)
	at org.junit.rules.TestWatcher$1.evaluate(TestWatcher.java:55)
	at org.junit.rules.RunRules.evaluate(RunRules.java:20)
	at org.junit.runners.ParentRunner.runLeaf(ParentRunner.java:325)
	at com.dotcms.junit.CustomDataProviderRunner.runChild(CustomDataProviderRunner.java:28)
	at com.dotcms.junit.CustomDataProviderRunner.runChild(CustomDataProviderRunner.java:13)
	at org.junit.runners.ParentRunner$3.run(ParentRunner.java:290)
	at org.junit.runners.ParentRunner$1.schedule(ParentRunner.java:71)
	at org.junit.runners.ParentRunner.runChildren(ParentRunner.java:288)
	at org.junit.runners.ParentRunner.access$000(ParentRunner.java:58)
	at org.junit.runners.ParentRunner$2.evaluate(ParentRunner.java:268)
	at org.junit.internal.runners.statements.RunBefores.evaluate(RunBefores.java:26)
	at org.junit.internal.runners.statements.RunAfters.evaluate(RunAfters.java:27)
	at org.junit.runners.ParentRunner.run(ParentRunner.java:363)
	at org.junit.runners.Suite.runChild(Suite.java:128)
	at org.junit.runners.Suite.runChild(Suite.java:27)
	at org.junit.runners.ParentRunner$3.run(ParentRunner.java:290)
	at org.junit.runners.ParentRunner$1.schedule(ParentRunner.java:71)
	at org.junit.runners.ParentRunner.runChildren(ParentRunner.java:288)
	at org.junit.runners.ParentRunner.access$000(ParentRunner.java:58)
	at org.junit.runners.ParentRunner$2.evaluate(ParentRunner.java:268)
	at org.junit.runners.ParentRunner.run(ParentRunner.java:363)
	at org.gradle.api.internal.tasks.testing.junit.JUnitTestClassExecutor.runTestClass(JUnitTestClassExecutor.java:106)
	at org.gradle.api.internal.tasks.testing.junit.JUnitTestClassExecutor.execute(JUnitTestClassExecutor.java:58)
	at org.gradle.api.internal.tasks.testing.junit.JUnitTestClassExecutor.execute(JUnitTestClassExecutor.java:38)
	at org.gradle.api.internal.tasks.testing.junit.AbstractJUnitTestClassProcessor.processTestClass(AbstractJUnitTestClassProcessor.java:66)
	at org.gradle.api.internal.tasks.testing.SuiteTestClassProcessor.processTestClass(SuiteTestClassProcessor.java:51)
	at sun.reflect.NativeMethodAccessorImpl.invoke0(Native Method)
	at sun.reflect.NativeMethodAccessorImpl.invoke(NativeMethodAccessorImpl.java:62)
	at sun.reflect.DelegatingMethodAccessorImpl.invoke(DelegatingMethodAccessorImpl.java:43)
	at java.lang.reflect.Method.invoke(Method.java:498)
	at org.gradle.internal.dispatch.ReflectionDispatch.dispatch(ReflectionDispatch.java:35)
	at org.gradle.internal.dispatch.ReflectionDispatch.dispatch(ReflectionDispatch.java:24)
	at org.gradle.internal.dispatch.ContextClassLoaderDispatch.dispatch(ContextClassLoaderDispatch.java:32)
	at org.gradle.internal.dispatch.ProxyDispatchAdapter$DispatchingInvocationHandler.invoke(ProxyDispatchAdapter.java:93)
	at com.sun.proxy.$Proxy2.processTestClass(Unknown Source)
	at org.gradle.api.internal.tasks.testing.worker.TestWorker.processTestClass(TestWorker.java:117)
	at sun.reflect.NativeMethodAccessorImpl.invoke0(Native Method)
	at sun.reflect.NativeMethodAccessorImpl.invoke(NativeMethodAccessorImpl.java:62)
	at sun.reflect.DelegatingMethodAccessorImpl.invoke(DelegatingMethodAccessorImpl.java:43)
	at java.lang.reflect.Method.invoke(Method.java:498)
	at org.gradle.internal.dispatch.ReflectionDispatch.dispatch(ReflectionDispatch.java:35)
	at org.gradle.internal.dispatch.ReflectionDispatch.dispatch(ReflectionDispatch.java:24)
	at org.gradle.internal.remote.internal.hub.MessageHubBackedObjectConnection$DispatchWrapper.dispatch(MessageHubBackedObjectConnection.java:155)
	at org.gradle.internal.remote.internal.hub.MessageHubBackedObjectConnection$DispatchWrapper.dispatch(MessageHubBackedObjectConnection.java:137)
	at org.gradle.internal.remote.internal.hub.MessageHub$Handler.run(MessageHub.java:404)
	at org.gradle.internal.concurrent.ExecutorPolicy$CatchAndRecordFailures.onExecute(ExecutorPolicy.java:63)
	at org.gradle.internal.concurrent.ManagedExecutorImpl$1.run(ManagedExecutorImpl.java:46)
	at java.util.concurrent.ThreadPoolExecutor.runWorker(ThreadPoolExecutor.java:1149)
	at java.util.concurrent.ThreadPoolExecutor$Worker.run(ThreadPoolExecutor.java:624)
	at org.gradle.internal.concurrent.ThreadFactoryImpl$ManagedThreadRunnable.run(ThreadFactoryImpl.java:55)
	at java.lang.Thread.run(Thread.java:748)
</pre>
</span>
</div>
<div class="test">
<a name="publish[4: com.dotcms.publishing.PublisherAPIImplTest$TestCase@26c3c529]"></a>
<h3 class="failures">publish[4: com.dotcms.publishing.PublisherAPIImplTest$TestCase@26c3c529]</h3>
<span class="code">
<pre>java.lang.AssertionError: Expected 28 but get 30 in /custom/assets/bundles/01EYTZHSDCN4Q4C15QQD8DSH9M
Expected [/custom/assets/bundles/01EYTZHSDCN4Q4C15QQD8DSH9M/live/System Host/1/content.ff462f88-d9e1-4d31-b084-b73cb61976d3.host.xml, /custom/assets/bundles/01EYTZHSDCN4Q4C15QQD8DSH9M/live/System Host/1properties, /custom/assets/bundles/01EYTZHSDCN4Q4C15QQD8DSH9M/live/System Host/1/0-content.210ef630-69f9-4a64-ab52-f192fc4db2ca.content.xml, /custom/assets/bundles/01EYTZHSDCN4Q4C15QQD8DSH9M/live/System Host/1/1-content.60a70877-d2c4-4c45-b94e-57e8f9bbc827.content.xml, /custom/assets/bundles/01EYTZHSDCN4Q4C15QQD8DSH9M/live/test1613661345773.dotcms.com/c34f214b-9333-4594-bf07-4c06abfb1d00.template.template.xml, /custom/assets/bundles/01EYTZHSDCN4Q4C15QQD8DSH9M/d61a59e1-a49c-46f2-a929-db2b4bfa88b2.workflow.xml, /custom/assets/bundles/01EYTZHSDCN4Q4C15QQD8DSH9M/working/test1613661345773.dotcms.com/1/4-content.90e079a8-8cda-4451-97f7-709cf39e6f43.content.xml, /custom/assets/bundles/01EYTZHSDCN4Q4C15QQD8DSH9M/working/System Host/1/2-content.210ef630-69f9-4a64-ab52-f192fc4db2ca.content.xml, /custom/assets/bundles/01EYTZHSDCN4Q4C15QQD8DSH9M/live/System Host/1613663444592properties, /custom/assets/bundles/01EYTZHSDCN4Q4C15QQD8DSH9M/live/System Host/en_US.language.xml, /custom/assets/bundles/01EYTZHSDCN4Q4C15QQD8DSH9M/live/System Host/1/content.dba1ad35-23c9-4056-b845-5d44b24097c1.host.xml, /custom/assets/bundles/01EYTZHSDCN4Q4C15QQD8DSH9M/live/test1613661345773.dotcms.com/3846cb83-e8e2-41fd-a865-e6cf2754bc91.rule.xml, /custom/assets/bundles/01EYTZHSDCN4Q4C15QQD8DSH9M/working/test1613661345773.dotcms.com/1/01ce2f84-67de-48e4-8abb-958112fc1f37.contentworkflow.xml, /custom/assets/bundles/01EYTZHSDCN4Q4C15QQD8DSH9M/live/System Host/wz_UI.language.xml, /custom/assets/bundles/01EYTZHSDCN4Q4C15QQD8DSH9M/working/System Host/f4d7c1b8-2c88-4071-abf1-a5328977b07d.contentType.json, /custom/assets/bundles/01EYTZHSDCN4Q4C15QQD8DSH9M/working/System Host/33888b6f-7a8e-4069-b1b6-5c1aa9d0a48d.contentType.json, /custom/assets/bundles/01EYTZHSDCN4Q4C15QQD8DSH9M/live/System Host/1/7ecd9b3c-0e10-4a15-8720-88534ace5e61.contentworkflow.xml, /custom/assets/bundles/01EYTZHSDCN4Q4C15QQD8DSH9M/working/test1613661345773.dotcms.com/f2e50426-9e31-413f-ba50-d604e1ca3fc4.contentType.json, /custom/assets/bundles/01EYTZHSDCN4Q4C15QQD8DSH9M/live/default/1613663444592/29933c69-cdd0-40e4-83b8-94a6da3ba11e.contentworkflow.xml, /custom/assets/bundles/01EYTZHSDCN4Q4C15QQD8DSH9M/working/test1613661345773.dotcms.com/1e94770e-2f79-43bb-800b-0a99bc1588f1.containers.container.xml, /custom/assets/bundles/01EYTZHSDCN4Q4C15QQD8DSH9M/live/default/1613663444592/3-content.5b0db4f6-aa15-4c07-a5ba-1f767cee9500.content.xml, /custom/assets/bundles/01EYTZHSDCN4Q4C15QQD8DSH9M/working/System Host/1/c4f0183e-69d4-428c-9192-9838ed9324fc.contentworkflow.xml, /custom/assets/bundles/01EYTZHSDCN4Q4C15QQD8DSH9M/live/System Host/1/c4f0183e-69d4-428c-9192-9838ed9324fc.contentworkflow.xml, /custom/assets/bundles/01EYTZHSDCN4Q4C15QQD8DSH9M/ROOT/87193af4-c9a1-4c17-bcf3-524bd3f95156.folder.xml, /custom/assets/bundles/01EYTZHSDCN4Q4C15QQD8DSH9M/live/default/bc029935-9eb2-47db-a192-3d72d8cc00d2.rule.xml, /custom/assets/bundles/01EYTZHSDCN4Q4C15QQD8DSH9M/working/System Host/1/content.ff462f88-d9e1-4d31-b084-b73cb61976d3.host.xml, /custom/assets/bundles/01EYTZHSDCN4Q4C15QQD8DSH9M/working/test1613661345773.dotcms.com/c15e6fa1-27e0-4c05-a408-a24d93b2a8b0.contentType.json]
Existing [/custom/assets/bundles/01EYTZHSDCN4Q4C15QQD8DSH9M/ROOT/87193af4-c9a1-4c17-bcf3-524bd3f95156.folder.xml, /custom/assets/bundles/01EYTZHSDCN4Q4C15QQD8DSH9M/ROOT/bc9a1d37-dd2d-4d49-a29d-0c9be740bfaf.folder.xml, /custom/assets/bundles/01EYTZHSDCN4Q4C15QQD8DSH9M/bundle.xml, /custom/assets/bundles/01EYTZHSDCN4Q4C15QQD8DSH9M/d61a59e1-a49c-46f2-a929-db2b4bfa88b2.workflow.xml, /custom/assets/bundles/01EYTZHSDCN4Q4C15QQD8DSH9M/live/System Host/1/0-content.210ef630-69f9-4a64-ab52-f192fc4db2ca.content.xml, /custom/assets/bundles/01EYTZHSDCN4Q4C15QQD8DSH9M/live/System Host/1/1-content.60a70877-d2c4-4c45-b94e-57e8f9bbc827.content.xml, /custom/assets/bundles/01EYTZHSDCN4Q4C15QQD8DSH9M/live/System Host/1/7ecd9b3c-0e10-4a15-8720-88534ace5e61.contentworkflow.xml, /custom/assets/bundles/01EYTZHSDCN4Q4C15QQD8DSH9M/live/System Host/1/c4f0183e-69d4-428c-9192-9838ed9324fc.contentworkflow.xml, /custom/assets/bundles/01EYTZHSDCN4Q4C15QQD8DSH9M/live/System Host/1/content.dba1ad35-23c9-4056-b845-5d44b24097c1.host.xml, /custom/assets/bundles/01EYTZHSDCN4Q4C15QQD8DSH9M/live/System Host/1/content.ff462f88-d9e1-4d31-b084-b73cb61976d3.host.xml, /custom/assets/bundles/01EYTZHSDCN4Q4C15QQD8DSH9M/live/System Host/1/system host.host.xml, /custom/assets/bundles/01EYTZHSDCN4Q4C15QQD8DSH9M/live/System Host/1613663444592properties, /custom/assets/bundles/01EYTZHSDCN4Q4C15QQD8DSH9M/live/System Host/1properties, /custom/assets/bundles/01EYTZHSDCN4Q4C15QQD8DSH9M/live/System Host/en_US.language.xml, /custom/assets/bundles/01EYTZHSDCN4Q4C15QQD8DSH9M/live/System Host/wz_UI.language.xml, /custom/assets/bundles/01EYTZHSDCN4Q4C15QQD8DSH9M/live/default/1613663444592/29933c69-cdd0-40e4-83b8-94a6da3ba11e.contentworkflow.xml, /custom/assets/bundles/01EYTZHSDCN4Q4C15QQD8DSH9M/live/default/1613663444592/3-content.5b0db4f6-aa15-4c07-a5ba-1f767cee9500.content.xml, /custom/assets/bundles/01EYTZHSDCN4Q4C15QQD8DSH9M/live/default/bc029935-9eb2-47db-a192-3d72d8cc00d2.rule.xml, /custom/assets/bundles/01EYTZHSDCN4Q4C15QQD8DSH9M/live/test1613661345773.dotcms.com/3846cb83-e8e2-41fd-a865-e6cf2754bc91.rule.xml, /custom/assets/bundles/01EYTZHSDCN4Q4C15QQD8DSH9M/live/test1613661345773.dotcms.com/c34f214b-9333-4594-bf07-4c06abfb1d00.template.template.xml, /custom/assets/bundles/01EYTZHSDCN4Q4C15QQD8DSH9M/working/System Host/1/2-content.210ef630-69f9-4a64-ab52-f192fc4db2ca.content.xml, /custom/assets/bundles/01EYTZHSDCN4Q4C15QQD8DSH9M/working/System Host/1/c4f0183e-69d4-428c-9192-9838ed9324fc.contentworkflow.xml, /custom/assets/bundles/01EYTZHSDCN4Q4C15QQD8DSH9M/working/System Host/1/content.ff462f88-d9e1-4d31-b084-b73cb61976d3.host.xml, /custom/assets/bundles/01EYTZHSDCN4Q4C15QQD8DSH9M/working/System Host/33888b6f-7a8e-4069-b1b6-5c1aa9d0a48d.contentType.json, /custom/assets/bundles/01EYTZHSDCN4Q4C15QQD8DSH9M/working/System Host/f4d7c1b8-2c88-4071-abf1-a5328977b07d.contentType.json, /custom/assets/bundles/01EYTZHSDCN4Q4C15QQD8DSH9M/working/test1613661345773.dotcms.com/1/01ce2f84-67de-48e4-8abb-958112fc1f37.contentworkflow.xml, /custom/assets/bundles/01EYTZHSDCN4Q4C15QQD8DSH9M/working/test1613661345773.dotcms.com/1/4-content.90e079a8-8cda-4451-97f7-709cf39e6f43.content.xml, /custom/assets/bundles/01EYTZHSDCN4Q4C15QQD8DSH9M/working/test1613661345773.dotcms.com/1e94770e-2f79-43bb-800b-0a99bc1588f1.containers.container.xml, /custom/assets/bundles/01EYTZHSDCN4Q4C15QQD8DSH9M/working/test1613661345773.dotcms.com/c15e6fa1-27e0-4c05-a408-a24d93b2a8b0.contentType.json, /custom/assets/bundles/01EYTZHSDCN4Q4C15QQD8DSH9M/working/test1613661345773.dotcms.com/f2e50426-9e31-413f-ba50-d604e1ca3fc4.contentType.json]
difference [/custom/assets/bundles/01EYTZHSDCN4Q4C15QQD8DSH9M/ROOT/bc9a1d37-dd2d-4d49-a29d-0c9be740bfaf.folder.xml, /custom/assets/bundles/01EYTZHSDCN4Q4C15QQD8DSH9M/bundle.xml, /custom/assets/bundles/01EYTZHSDCN4Q4C15QQD8DSH9M/live/System Host/1/system host.host.xml]

	at org.jgroups.util.Util.assertEquals(Util.java:185)
	at com.dotcms.publishing.PublisherAPIImplTest.publish(PublisherAPIImplTest.java:407)
	at sun.reflect.NativeMethodAccessorImpl.invoke0(Native Method)
	at sun.reflect.NativeMethodAccessorImpl.invoke(NativeMethodAccessorImpl.java:62)
	at sun.reflect.DelegatingMethodAccessorImpl.invoke(DelegatingMethodAccessorImpl.java:43)
	at java.lang.reflect.Method.invoke(Method.java:498)
	at org.junit.runners.model.FrameworkMethod$1.runReflectiveCall(FrameworkMethod.java:50)
	at org.junit.internal.runners.model.ReflectiveCallable.run(ReflectiveCallable.java:12)
	at org.junit.runners.model.FrameworkMethod.invokeExplosively(FrameworkMethod.java:47)
	at com.tngtech.java.junit.dataprovider.DataProviderFrameworkMethod.invokeExplosively(DataProviderFrameworkMethod.java:119)
	at org.junit.internal.runners.statements.InvokeMethod.evaluate(InvokeMethod.java:17)
	at org.junit.rules.TestWatcher$1.evaluate(TestWatcher.java:55)
	at org.junit.rules.RunRules.evaluate(RunRules.java:20)
	at org.junit.runners.ParentRunner.runLeaf(ParentRunner.java:325)
	at com.dotcms.junit.CustomDataProviderRunner.runChild(CustomDataProviderRunner.java:28)
	at com.dotcms.junit.CustomDataProviderRunner.runChild(CustomDataProviderRunner.java:13)
	at org.junit.runners.ParentRunner$3.run(ParentRunner.java:290)
	at org.junit.runners.ParentRunner$1.schedule(ParentRunner.java:71)
	at org.junit.runners.ParentRunner.runChildren(ParentRunner.java:288)
	at org.junit.runners.ParentRunner.access$000(ParentRunner.java:58)
	at org.junit.runners.ParentRunner$2.evaluate(ParentRunner.java:268)
	at org.junit.internal.runners.statements.RunBefores.evaluate(RunBefores.java:26)
	at org.junit.internal.runners.statements.RunAfters.evaluate(RunAfters.java:27)
	at org.junit.runners.ParentRunner.run(ParentRunner.java:363)
	at org.junit.runners.Suite.runChild(Suite.java:128)
	at org.junit.runners.Suite.runChild(Suite.java:27)
	at org.junit.runners.ParentRunner$3.run(ParentRunner.java:290)
	at org.junit.runners.ParentRunner$1.schedule(ParentRunner.java:71)
	at org.junit.runners.ParentRunner.runChildren(ParentRunner.java:288)
	at org.junit.runners.ParentRunner.access$000(ParentRunner.java:58)
	at org.junit.runners.ParentRunner$2.evaluate(ParentRunner.java:268)
	at org.junit.runners.ParentRunner.run(ParentRunner.java:363)
	at org.gradle.api.internal.tasks.testing.junit.JUnitTestClassExecutor.runTestClass(JUnitTestClassExecutor.java:106)
	at org.gradle.api.internal.tasks.testing.junit.JUnitTestClassExecutor.execute(JUnitTestClassExecutor.java:58)
	at org.gradle.api.internal.tasks.testing.junit.JUnitTestClassExecutor.execute(JUnitTestClassExecutor.java:38)
	at org.gradle.api.internal.tasks.testing.junit.AbstractJUnitTestClassProcessor.processTestClass(AbstractJUnitTestClassProcessor.java:66)
	at org.gradle.api.internal.tasks.testing.SuiteTestClassProcessor.processTestClass(SuiteTestClassProcessor.java:51)
	at sun.reflect.NativeMethodAccessorImpl.invoke0(Native Method)
	at sun.reflect.NativeMethodAccessorImpl.invoke(NativeMethodAccessorImpl.java:62)
	at sun.reflect.DelegatingMethodAccessorImpl.invoke(DelegatingMethodAccessorImpl.java:43)
	at java.lang.reflect.Method.invoke(Method.java:498)
	at org.gradle.internal.dispatch.ReflectionDispatch.dispatch(ReflectionDispatch.java:35)
	at org.gradle.internal.dispatch.ReflectionDispatch.dispatch(ReflectionDispatch.java:24)
	at org.gradle.internal.dispatch.ContextClassLoaderDispatch.dispatch(ContextClassLoaderDispatch.java:32)
	at org.gradle.internal.dispatch.ProxyDispatchAdapter$DispatchingInvocationHandler.invoke(ProxyDispatchAdapter.java:93)
	at com.sun.proxy.$Proxy2.processTestClass(Unknown Source)
	at org.gradle.api.internal.tasks.testing.worker.TestWorker.processTestClass(TestWorker.java:117)
	at sun.reflect.NativeMethodAccessorImpl.invoke0(Native Method)
	at sun.reflect.NativeMethodAccessorImpl.invoke(NativeMethodAccessorImpl.java:62)
	at sun.reflect.DelegatingMethodAccessorImpl.invoke(DelegatingMethodAccessorImpl.java:43)
	at java.lang.reflect.Method.invoke(Method.java:498)
	at org.gradle.internal.dispatch.ReflectionDispatch.dispatch(ReflectionDispatch.java:35)
	at org.gradle.internal.dispatch.ReflectionDispatch.dispatch(ReflectionDispatch.java:24)
	at org.gradle.internal.remote.internal.hub.MessageHubBackedObjectConnection$DispatchWrapper.dispatch(MessageHubBackedObjectConnection.java:155)
	at org.gradle.internal.remote.internal.hub.MessageHubBackedObjectConnection$DispatchWrapper.dispatch(MessageHubBackedObjectConnection.java:137)
	at org.gradle.internal.remote.internal.hub.MessageHub$Handler.run(MessageHub.java:404)
	at org.gradle.internal.concurrent.ExecutorPolicy$CatchAndRecordFailures.onExecute(ExecutorPolicy.java:63)
	at org.gradle.internal.concurrent.ManagedExecutorImpl$1.run(ManagedExecutorImpl.java:46)
	at java.util.concurrent.ThreadPoolExecutor.runWorker(ThreadPoolExecutor.java:1149)
	at java.util.concurrent.ThreadPoolExecutor$Worker.run(ThreadPoolExecutor.java:624)
	at org.gradle.internal.concurrent.ThreadFactoryImpl$ManagedThreadRunnable.run(ThreadFactoryImpl.java:55)
	at java.lang.Thread.run(Thread.java:748)
</pre>
</span>
</div>
<div class="test">
<a name="publish[5: com.dotcms.publishing.PublisherAPIImplTest$TestCase@6c3d9a68]"></a>
<h3 class="failures">publish[5: com.dotcms.publishing.PublisherAPIImplTest$TestCase@6c3d9a68]</h3>
<span class="code">
<pre>java.lang.AssertionError: Expected 21 but get 23 in /custom/assets/bundles/01EYTZHSJTK0SC978JCA2R2G5T
Expected [/custom/assets/bundles/01EYTZHSJTK0SC978JCA2R2G5T/live/System Host/1/7ecd9b3c-0e10-4a15-8720-88534ace5e61.contentworkflow.xml, /custom/assets/bundles/01EYTZHSJTK0SC978JCA2R2G5T/live/System Host/en_US.language.xml, /custom/assets/bundles/01EYTZHSJTK0SC978JCA2R2G5T/working/System Host/1/2-content.210ef630-69f9-4a64-ab52-f192fc4db2ca.content.xml, /custom/assets/bundles/01EYTZHSJTK0SC978JCA2R2G5T/d61a59e1-a49c-46f2-a929-db2b4bfa88b2.workflow.xml, /custom/assets/bundles/01EYTZHSJTK0SC978JCA2R2G5T/live/System Host/1/0-content.210ef630-69f9-4a64-ab52-f192fc4db2ca.content.xml, /custom/assets/bundles/01EYTZHSJTK0SC978JCA2R2G5T/live/System Host/1/c4f0183e-69d4-428c-9192-9838ed9324fc.contentworkflow.xml, /custom/assets/bundles/01EYTZHSJTK0SC978JCA2R2G5T/working/System Host/1/content.ff462f88-d9e1-4d31-b084-b73cb61976d3.host.xml, /custom/assets/bundles/01EYTZHSJTK0SC978JCA2R2G5T/live/System Host/1/content.3e9f4dd8-06d9-4df1-a600-15ab75cdfd08.host.xml, /custom/assets/bundles/01EYTZHSJTK0SC978JCA2R2G5T/live/System Host/1/content.ff462f88-d9e1-4d31-b084-b73cb61976d3.host.xml, /custom/assets/bundles/01EYTZHSJTK0SC978JCA2R2G5T/live/System Host/1properties, /custom/assets/bundles/01EYTZHSJTK0SC978JCA2R2G5T/ROOT/900b3a44-d3e5-4be2-a75a-b3fdd6f6ed27.folder.xml, /custom/assets/bundles/01EYTZHSJTK0SC978JCA2R2G5T/working/System Host/f4d7c1b8-2c88-4071-abf1-a5328977b07d.contentType.json, /custom/assets/bundles/01EYTZHSJTK0SC978JCA2R2G5T/live/default/1613663444592/29933c69-cdd0-40e4-83b8-94a6da3ba11e.contentworkflow.xml, /custom/assets/bundles/01EYTZHSJTK0SC978JCA2R2G5T/live/default/bc029935-9eb2-47db-a192-3d72d8cc00d2.rule.xml, /custom/assets/bundles/01EYTZHSJTK0SC978JCA2R2G5T/live/System Host/1613663444592properties, /custom/assets/bundles/01EYTZHSJTK0SC978JCA2R2G5T/live/System Host/1/1-content.60a70877-d2c4-4c45-b94e-57e8f9bbc827.content.xml, /custom/assets/bundles/01EYTZHSJTK0SC978JCA2R2G5T/live/System Host/wz_UI.language.xml, /custom/assets/bundles/01EYTZHSJTK0SC978JCA2R2G5T/working/test1613661346662.dotcms.com/testName1613661347513/2bd62eaa-5ba9-44c9-af4c-93453154dcf2.link.xml, /custom/assets/bundles/01EYTZHSJTK0SC978JCA2R2G5T/live/default/1613663444592/3-content.5b0db4f6-aa15-4c07-a5ba-1f767cee9500.content.xml, /custom/assets/bundles/01EYTZHSJTK0SC978JCA2R2G5T/working/System Host/1/c4f0183e-69d4-428c-9192-9838ed9324fc.contentworkflow.xml]
Existing [/custom/assets/bundles/01EYTZHSJTK0SC978JCA2R2G5T/ROOT/900b3a44-d3e5-4be2-a75a-b3fdd6f6ed27.folder.xml, /custom/assets/bundles/01EYTZHSJTK0SC978JCA2R2G5T/ROOT/bc9a1d37-dd2d-4d49-a29d-0c9be740bfaf.folder.xml, /custom/assets/bundles/01EYTZHSJTK0SC978JCA2R2G5T/bundle.xml, /custom/assets/bundles/01EYTZHSJTK0SC978JCA2R2G5T/d61a59e1-a49c-46f2-a929-db2b4bfa88b2.workflow.xml, /custom/assets/bundles/01EYTZHSJTK0SC978JCA2R2G5T/live/System Host/1/0-content.210ef630-69f9-4a64-ab52-f192fc4db2ca.content.xml, /custom/assets/bundles/01EYTZHSJTK0SC978JCA2R2G5T/live/System Host/1/1-content.60a70877-d2c4-4c45-b94e-57e8f9bbc827.content.xml, /custom/assets/bundles/01EYTZHSJTK0SC978JCA2R2G5T/live/System Host/1/7ecd9b3c-0e10-4a15-8720-88534ace5e61.contentworkflow.xml, /custom/assets/bundles/01EYTZHSJTK0SC978JCA2R2G5T/live/System Host/1/c4f0183e-69d4-428c-9192-9838ed9324fc.contentworkflow.xml, /custom/assets/bundles/01EYTZHSJTK0SC978JCA2R2G5T/live/System Host/1/content.3e9f4dd8-06d9-4df1-a600-15ab75cdfd08.host.xml, /custom/assets/bundles/01EYTZHSJTK0SC978JCA2R2G5T/live/System Host/1/content.ff462f88-d9e1-4d31-b084-b73cb61976d3.host.xml, /custom/assets/bundles/01EYTZHSJTK0SC978JCA2R2G5T/live/System Host/1/system host.host.xml, /custom/assets/bundles/01EYTZHSJTK0SC978JCA2R2G5T/live/System Host/1613663444592properties, /custom/assets/bundles/01EYTZHSJTK0SC978JCA2R2G5T/live/System Host/1properties, /custom/assets/bundles/01EYTZHSJTK0SC978JCA2R2G5T/live/System Host/en_US.language.xml, /custom/assets/bundles/01EYTZHSJTK0SC978JCA2R2G5T/live/System Host/wz_UI.language.xml, /custom/assets/bundles/01EYTZHSJTK0SC978JCA2R2G5T/live/default/1613663444592/29933c69-cdd0-40e4-83b8-94a6da3ba11e.contentworkflow.xml, /custom/assets/bundles/01EYTZHSJTK0SC978JCA2R2G5T/live/default/1613663444592/3-content.5b0db4f6-aa15-4c07-a5ba-1f767cee9500.content.xml, /custom/assets/bundles/01EYTZHSJTK0SC978JCA2R2G5T/live/default/bc029935-9eb2-47db-a192-3d72d8cc00d2.rule.xml, /custom/assets/bundles/01EYTZHSJTK0SC978JCA2R2G5T/working/System Host/1/2-content.210ef630-69f9-4a64-ab52-f192fc4db2ca.content.xml, /custom/assets/bundles/01EYTZHSJTK0SC978JCA2R2G5T/working/System Host/1/c4f0183e-69d4-428c-9192-9838ed9324fc.contentworkflow.xml, /custom/assets/bundles/01EYTZHSJTK0SC978JCA2R2G5T/working/System Host/1/content.ff462f88-d9e1-4d31-b084-b73cb61976d3.host.xml, /custom/assets/bundles/01EYTZHSJTK0SC978JCA2R2G5T/working/System Host/f4d7c1b8-2c88-4071-abf1-a5328977b07d.contentType.json, /custom/assets/bundles/01EYTZHSJTK0SC978JCA2R2G5T/working/test1613661346662.dotcms.com/testName1613661347513/2bd62eaa-5ba9-44c9-af4c-93453154dcf2.link.xml]
difference [/custom/assets/bundles/01EYTZHSJTK0SC978JCA2R2G5T/ROOT/bc9a1d37-dd2d-4d49-a29d-0c9be740bfaf.folder.xml, /custom/assets/bundles/01EYTZHSJTK0SC978JCA2R2G5T/bundle.xml, /custom/assets/bundles/01EYTZHSJTK0SC978JCA2R2G5T/live/System Host/1/system host.host.xml]

	at org.jgroups.util.Util.assertEquals(Util.java:185)
	at com.dotcms.publishing.PublisherAPIImplTest.publish(PublisherAPIImplTest.java:407)
	at sun.reflect.NativeMethodAccessorImpl.invoke0(Native Method)
	at sun.reflect.NativeMethodAccessorImpl.invoke(NativeMethodAccessorImpl.java:62)
	at sun.reflect.DelegatingMethodAccessorImpl.invoke(DelegatingMethodAccessorImpl.java:43)
	at java.lang.reflect.Method.invoke(Method.java:498)
	at org.junit.runners.model.FrameworkMethod$1.runReflectiveCall(FrameworkMethod.java:50)
	at org.junit.internal.runners.model.ReflectiveCallable.run(ReflectiveCallable.java:12)
	at org.junit.runners.model.FrameworkMethod.invokeExplosively(FrameworkMethod.java:47)
	at com.tngtech.java.junit.dataprovider.DataProviderFrameworkMethod.invokeExplosively(DataProviderFrameworkMethod.java:119)
	at org.junit.internal.runners.statements.InvokeMethod.evaluate(InvokeMethod.java:17)
	at org.junit.rules.TestWatcher$1.evaluate(TestWatcher.java:55)
	at org.junit.rules.RunRules.evaluate(RunRules.java:20)
	at org.junit.runners.ParentRunner.runLeaf(ParentRunner.java:325)
	at com.dotcms.junit.CustomDataProviderRunner.runChild(CustomDataProviderRunner.java:28)
	at com.dotcms.junit.CustomDataProviderRunner.runChild(CustomDataProviderRunner.java:13)
	at org.junit.runners.ParentRunner$3.run(ParentRunner.java:290)
	at org.junit.runners.ParentRunner$1.schedule(ParentRunner.java:71)
	at org.junit.runners.ParentRunner.runChildren(ParentRunner.java:288)
	at org.junit.runners.ParentRunner.access$000(ParentRunner.java:58)
	at org.junit.runners.ParentRunner$2.evaluate(ParentRunner.java:268)
	at org.junit.internal.runners.statements.RunBefores.evaluate(RunBefores.java:26)
	at org.junit.internal.runners.statements.RunAfters.evaluate(RunAfters.java:27)
	at org.junit.runners.ParentRunner.run(ParentRunner.java:363)
	at org.junit.runners.Suite.runChild(Suite.java:128)
	at org.junit.runners.Suite.runChild(Suite.java:27)
	at org.junit.runners.ParentRunner$3.run(ParentRunner.java:290)
	at org.junit.runners.ParentRunner$1.schedule(ParentRunner.java:71)
	at org.junit.runners.ParentRunner.runChildren(ParentRunner.java:288)
	at org.junit.runners.ParentRunner.access$000(ParentRunner.java:58)
	at org.junit.runners.ParentRunner$2.evaluate(ParentRunner.java:268)
	at org.junit.runners.ParentRunner.run(ParentRunner.java:363)
	at org.gradle.api.internal.tasks.testing.junit.JUnitTestClassExecutor.runTestClass(JUnitTestClassExecutor.java:106)
	at org.gradle.api.internal.tasks.testing.junit.JUnitTestClassExecutor.execute(JUnitTestClassExecutor.java:58)
	at org.gradle.api.internal.tasks.testing.junit.JUnitTestClassExecutor.execute(JUnitTestClassExecutor.java:38)
	at org.gradle.api.internal.tasks.testing.junit.AbstractJUnitTestClassProcessor.processTestClass(AbstractJUnitTestClassProcessor.java:66)
	at org.gradle.api.internal.tasks.testing.SuiteTestClassProcessor.processTestClass(SuiteTestClassProcessor.java:51)
	at sun.reflect.NativeMethodAccessorImpl.invoke0(Native Method)
	at sun.reflect.NativeMethodAccessorImpl.invoke(NativeMethodAccessorImpl.java:62)
	at sun.reflect.DelegatingMethodAccessorImpl.invoke(DelegatingMethodAccessorImpl.java:43)
	at java.lang.reflect.Method.invoke(Method.java:498)
	at org.gradle.internal.dispatch.ReflectionDispatch.dispatch(ReflectionDispatch.java:35)
	at org.gradle.internal.dispatch.ReflectionDispatch.dispatch(ReflectionDispatch.java:24)
	at org.gradle.internal.dispatch.ContextClassLoaderDispatch.dispatch(ContextClassLoaderDispatch.java:32)
	at org.gradle.internal.dispatch.ProxyDispatchAdapter$DispatchingInvocationHandler.invoke(ProxyDispatchAdapter.java:93)
	at com.sun.proxy.$Proxy2.processTestClass(Unknown Source)
	at org.gradle.api.internal.tasks.testing.worker.TestWorker.processTestClass(TestWorker.java:117)
	at sun.reflect.NativeMethodAccessorImpl.invoke0(Native Method)
	at sun.reflect.NativeMethodAccessorImpl.invoke(NativeMethodAccessorImpl.java:62)
	at sun.reflect.DelegatingMethodAccessorImpl.invoke(DelegatingMethodAccessorImpl.java:43)
	at java.lang.reflect.Method.invoke(Method.java:498)
	at org.gradle.internal.dispatch.ReflectionDispatch.dispatch(ReflectionDispatch.java:35)
	at org.gradle.internal.dispatch.ReflectionDispatch.dispatch(ReflectionDispatch.java:24)
	at org.gradle.internal.remote.internal.hub.MessageHubBackedObjectConnection$DispatchWrapper.dispatch(MessageHubBackedObjectConnection.java:155)
	at org.gradle.internal.remote.internal.hub.MessageHubBackedObjectConnection$DispatchWrapper.dispatch(MessageHubBackedObjectConnection.java:137)
	at org.gradle.internal.remote.internal.hub.MessageHub$Handler.run(MessageHub.java:404)
	at org.gradle.internal.concurrent.ExecutorPolicy$CatchAndRecordFailures.onExecute(ExecutorPolicy.java:63)
	at org.gradle.internal.concurrent.ManagedExecutorImpl$1.run(ManagedExecutorImpl.java:46)
	at java.util.concurrent.ThreadPoolExecutor.runWorker(ThreadPoolExecutor.java:1149)
	at java.util.concurrent.ThreadPoolExecutor$Worker.run(ThreadPoolExecutor.java:624)
	at org.gradle.internal.concurrent.ThreadFactoryImpl$ManagedThreadRunnable.run(ThreadFactoryImpl.java:55)
	at java.lang.Thread.run(Thread.java:748)
</pre>
</span>
</div>
<div class="test">
<a name="publish[6: com.dotcms.publishing.PublisherAPIImplTest$TestCase@8150979]"></a>
<h3 class="failures">publish[6: com.dotcms.publishing.PublisherAPIImplTest$TestCase@8150979]</h3>
<span class="code">
<pre>java.lang.AssertionError: Expected 19 but get 21 in /custom/assets/bundles/01EYTZHSN0FY10Q1PWB4X5DCA0
Expected [/custom/assets/bundles/01EYTZHSN0FY10Q1PWB4X5DCA0/live/System Host/en_US.language.xml, /custom/assets/bundles/01EYTZHSN0FY10Q1PWB4X5DCA0/live/default/1613663444592/3-content.5b0db4f6-aa15-4c07-a5ba-1f767cee9500.content.xml, /custom/assets/bundles/01EYTZHSN0FY10Q1PWB4X5DCA0/752eb4ef-9b21-4d82-a78d-00a93deab009.workflow.xml, /custom/assets/bundles/01EYTZHSN0FY10Q1PWB4X5DCA0/live/System Host/1613663444592properties, /custom/assets/bundles/01EYTZHSN0FY10Q1PWB4X5DCA0/live/System Host/1properties, /custom/assets/bundles/01EYTZHSN0FY10Q1PWB4X5DCA0/live/default/bc029935-9eb2-47db-a192-3d72d8cc00d2.rule.xml, /custom/assets/bundles/01EYTZHSN0FY10Q1PWB4X5DCA0/working/System Host/1/content.ff462f88-d9e1-4d31-b084-b73cb61976d3.host.xml, /custom/assets/bundles/01EYTZHSN0FY10Q1PWB4X5DCA0/live/System Host/wz_UI.language.xml, /custom/assets/bundles/01EYTZHSN0FY10Q1PWB4X5DCA0/working/System Host/1/2-content.210ef630-69f9-4a64-ab52-f192fc4db2ca.content.xml, /custom/assets/bundles/01EYTZHSN0FY10Q1PWB4X5DCA0/live/System Host/1/1-content.60a70877-d2c4-4c45-b94e-57e8f9bbc827.content.xml, /custom/assets/bundles/01EYTZHSN0FY10Q1PWB4X5DCA0/live/default/1613663444592/29933c69-cdd0-40e4-83b8-94a6da3ba11e.contentworkflow.xml, /custom/assets/bundles/01EYTZHSN0FY10Q1PWB4X5DCA0/live/System Host/1/0-content.210ef630-69f9-4a64-ab52-f192fc4db2ca.content.xml, /custom/assets/bundles/01EYTZHSN0FY10Q1PWB4X5DCA0/live/System Host/1/content.ff462f88-d9e1-4d31-b084-b73cb61976d3.host.xml, /custom/assets/bundles/01EYTZHSN0FY10Q1PWB4X5DCA0/live/System Host/1/7ecd9b3c-0e10-4a15-8720-88534ace5e61.contentworkflow.xml, /custom/assets/bundles/01EYTZHSN0FY10Q1PWB4X5DCA0/working/System Host/1/c4f0183e-69d4-428c-9192-9838ed9324fc.contentworkflow.xml, /custom/assets/bundles/01EYTZHSN0FY10Q1PWB4X5DCA0/live/System Host/1/c4f0183e-69d4-428c-9192-9838ed9324fc.contentworkflow.xml, /custom/assets/bundles/01EYTZHSN0FY10Q1PWB4X5DCA0/working/System Host/f4d7c1b8-2c88-4071-abf1-a5328977b07d.contentType.json, /custom/assets/bundles/01EYTZHSN0FY10Q1PWB4X5DCA0/d61a59e1-a49c-46f2-a929-db2b4bfa88b2.workflow.xml]
Existing [/custom/assets/bundles/01EYTZHSN0FY10Q1PWB4X5DCA0/752eb4ef-9b21-4d82-a78d-00a93deab009.workflow.xml, /custom/assets/bundles/01EYTZHSN0FY10Q1PWB4X5DCA0/ROOT/bc9a1d37-dd2d-4d49-a29d-0c9be740bfaf.folder.xml, /custom/assets/bundles/01EYTZHSN0FY10Q1PWB4X5DCA0/bundle.xml, /custom/assets/bundles/01EYTZHSN0FY10Q1PWB4X5DCA0/d61a59e1-a49c-46f2-a929-db2b4bfa88b2.workflow.xml, /custom/assets/bundles/01EYTZHSN0FY10Q1PWB4X5DCA0/live/System Host/1/0-content.210ef630-69f9-4a64-ab52-f192fc4db2ca.content.xml, /custom/assets/bundles/01EYTZHSN0FY10Q1PWB4X5DCA0/live/System Host/1/1-content.60a70877-d2c4-4c45-b94e-57e8f9bbc827.content.xml, /custom/assets/bundles/01EYTZHSN0FY10Q1PWB4X5DCA0/live/System Host/1/7ecd9b3c-0e10-4a15-8720-88534ace5e61.contentworkflow.xml, /custom/assets/bundles/01EYTZHSN0FY10Q1PWB4X5DCA0/live/System Host/1/c4f0183e-69d4-428c-9192-9838ed9324fc.contentworkflow.xml, /custom/assets/bundles/01EYTZHSN0FY10Q1PWB4X5DCA0/live/System Host/1/content.ff462f88-d9e1-4d31-b084-b73cb61976d3.host.xml, /custom/assets/bundles/01EYTZHSN0FY10Q1PWB4X5DCA0/live/System Host/1/system host.host.xml, /custom/assets/bundles/01EYTZHSN0FY10Q1PWB4X5DCA0/live/System Host/1613663444592properties, /custom/assets/bundles/01EYTZHSN0FY10Q1PWB4X5DCA0/live/System Host/1properties, /custom/assets/bundles/01EYTZHSN0FY10Q1PWB4X5DCA0/live/System Host/en_US.language.xml, /custom/assets/bundles/01EYTZHSN0FY10Q1PWB4X5DCA0/live/System Host/wz_UI.language.xml, /custom/assets/bundles/01EYTZHSN0FY10Q1PWB4X5DCA0/live/default/1613663444592/29933c69-cdd0-40e4-83b8-94a6da3ba11e.contentworkflow.xml, /custom/assets/bundles/01EYTZHSN0FY10Q1PWB4X5DCA0/live/default/1613663444592/3-content.5b0db4f6-aa15-4c07-a5ba-1f767cee9500.content.xml, /custom/assets/bundles/01EYTZHSN0FY10Q1PWB4X5DCA0/live/default/bc029935-9eb2-47db-a192-3d72d8cc00d2.rule.xml, /custom/assets/bundles/01EYTZHSN0FY10Q1PWB4X5DCA0/working/System Host/1/2-content.210ef630-69f9-4a64-ab52-f192fc4db2ca.content.xml, /custom/assets/bundles/01EYTZHSN0FY10Q1PWB4X5DCA0/working/System Host/1/c4f0183e-69d4-428c-9192-9838ed9324fc.contentworkflow.xml, /custom/assets/bundles/01EYTZHSN0FY10Q1PWB4X5DCA0/working/System Host/1/content.ff462f88-d9e1-4d31-b084-b73cb61976d3.host.xml, /custom/assets/bundles/01EYTZHSN0FY10Q1PWB4X5DCA0/working/System Host/f4d7c1b8-2c88-4071-abf1-a5328977b07d.contentType.json]
difference [/custom/assets/bundles/01EYTZHSN0FY10Q1PWB4X5DCA0/ROOT/bc9a1d37-dd2d-4d49-a29d-0c9be740bfaf.folder.xml, /custom/assets/bundles/01EYTZHSN0FY10Q1PWB4X5DCA0/bundle.xml, /custom/assets/bundles/01EYTZHSN0FY10Q1PWB4X5DCA0/live/System Host/1/system host.host.xml]

	at org.jgroups.util.Util.assertEquals(Util.java:185)
	at com.dotcms.publishing.PublisherAPIImplTest.publish(PublisherAPIImplTest.java:407)
	at sun.reflect.NativeMethodAccessorImpl.invoke0(Native Method)
	at sun.reflect.NativeMethodAccessorImpl.invoke(NativeMethodAccessorImpl.java:62)
	at sun.reflect.DelegatingMethodAccessorImpl.invoke(DelegatingMethodAccessorImpl.java:43)
	at java.lang.reflect.Method.invoke(Method.java:498)
	at org.junit.runners.model.FrameworkMethod$1.runReflectiveCall(FrameworkMethod.java:50)
	at org.junit.internal.runners.model.ReflectiveCallable.run(ReflectiveCallable.java:12)
	at org.junit.runners.model.FrameworkMethod.invokeExplosively(FrameworkMethod.java:47)
	at com.tngtech.java.junit.dataprovider.DataProviderFrameworkMethod.invokeExplosively(DataProviderFrameworkMethod.java:119)
	at org.junit.internal.runners.statements.InvokeMethod.evaluate(InvokeMethod.java:17)
	at org.junit.rules.TestWatcher$1.evaluate(TestWatcher.java:55)
	at org.junit.rules.RunRules.evaluate(RunRules.java:20)
	at org.junit.runners.ParentRunner.runLeaf(ParentRunner.java:325)
	at com.dotcms.junit.CustomDataProviderRunner.runChild(CustomDataProviderRunner.java:28)
	at com.dotcms.junit.CustomDataProviderRunner.runChild(CustomDataProviderRunner.java:13)
	at org.junit.runners.ParentRunner$3.run(ParentRunner.java:290)
	at org.junit.runners.ParentRunner$1.schedule(ParentRunner.java:71)
	at org.junit.runners.ParentRunner.runChildren(ParentRunner.java:288)
	at org.junit.runners.ParentRunner.access$000(ParentRunner.java:58)
	at org.junit.runners.ParentRunner$2.evaluate(ParentRunner.java:268)
	at org.junit.internal.runners.statements.RunBefores.evaluate(RunBefores.java:26)
	at org.junit.internal.runners.statements.RunAfters.evaluate(RunAfters.java:27)
	at org.junit.runners.ParentRunner.run(ParentRunner.java:363)
	at org.junit.runners.Suite.runChild(Suite.java:128)
	at org.junit.runners.Suite.runChild(Suite.java:27)
	at org.junit.runners.ParentRunner$3.run(ParentRunner.java:290)
	at org.junit.runners.ParentRunner$1.schedule(ParentRunner.java:71)
	at org.junit.runners.ParentRunner.runChildren(ParentRunner.java:288)
	at org.junit.runners.ParentRunner.access$000(ParentRunner.java:58)
	at org.junit.runners.ParentRunner$2.evaluate(ParentRunner.java:268)
	at org.junit.runners.ParentRunner.run(ParentRunner.java:363)
	at org.gradle.api.internal.tasks.testing.junit.JUnitTestClassExecutor.runTestClass(JUnitTestClassExecutor.java:106)
	at org.gradle.api.internal.tasks.testing.junit.JUnitTestClassExecutor.execute(JUnitTestClassExecutor.java:58)
	at org.gradle.api.internal.tasks.testing.junit.JUnitTestClassExecutor.execute(JUnitTestClassExecutor.java:38)
	at org.gradle.api.internal.tasks.testing.junit.AbstractJUnitTestClassProcessor.processTestClass(AbstractJUnitTestClassProcessor.java:66)
	at org.gradle.api.internal.tasks.testing.SuiteTestClassProcessor.processTestClass(SuiteTestClassProcessor.java:51)
	at sun.reflect.NativeMethodAccessorImpl.invoke0(Native Method)
	at sun.reflect.NativeMethodAccessorImpl.invoke(NativeMethodAccessorImpl.java:62)
	at sun.reflect.DelegatingMethodAccessorImpl.invoke(DelegatingMethodAccessorImpl.java:43)
	at java.lang.reflect.Method.invoke(Method.java:498)
	at org.gradle.internal.dispatch.ReflectionDispatch.dispatch(ReflectionDispatch.java:35)
	at org.gradle.internal.dispatch.ReflectionDispatch.dispatch(ReflectionDispatch.java:24)
	at org.gradle.internal.dispatch.ContextClassLoaderDispatch.dispatch(ContextClassLoaderDispatch.java:32)
	at org.gradle.internal.dispatch.ProxyDispatchAdapter$DispatchingInvocationHandler.invoke(ProxyDispatchAdapter.java:93)
	at com.sun.proxy.$Proxy2.processTestClass(Unknown Source)
	at org.gradle.api.internal.tasks.testing.worker.TestWorker.processTestClass(TestWorker.java:117)
	at sun.reflect.NativeMethodAccessorImpl.invoke0(Native Method)
	at sun.reflect.NativeMethodAccessorImpl.invoke(NativeMethodAccessorImpl.java:62)
	at sun.reflect.DelegatingMethodAccessorImpl.invoke(DelegatingMethodAccessorImpl.java:43)
	at java.lang.reflect.Method.invoke(Method.java:498)
	at org.gradle.internal.dispatch.ReflectionDispatch.dispatch(ReflectionDispatch.java:35)
	at org.gradle.internal.dispatch.ReflectionDispatch.dispatch(ReflectionDispatch.java:24)
	at org.gradle.internal.remote.internal.hub.MessageHubBackedObjectConnection$DispatchWrapper.dispatch(MessageHubBackedObjectConnection.java:155)
	at org.gradle.internal.remote.internal.hub.MessageHubBackedObjectConnection$DispatchWrapper.dispatch(MessageHubBackedObjectConnection.java:137)
	at org.gradle.internal.remote.internal.hub.MessageHub$Handler.run(MessageHub.java:404)
	at org.gradle.internal.concurrent.ExecutorPolicy$CatchAndRecordFailures.onExecute(ExecutorPolicy.java:63)
	at org.gradle.internal.concurrent.ManagedExecutorImpl$1.run(ManagedExecutorImpl.java:46)
	at java.util.concurrent.ThreadPoolExecutor.runWorker(ThreadPoolExecutor.java:1149)
	at java.util.concurrent.ThreadPoolExecutor$Worker.run(ThreadPoolExecutor.java:624)
	at org.gradle.internal.concurrent.ThreadFactoryImpl$ManagedThreadRunnable.run(ThreadFactoryImpl.java:55)
	at java.lang.Thread.run(Thread.java:748)
</pre>
</span>
</div>
<div class="test">
<a name="publish[7: com.dotcms.publishing.PublisherAPIImplTest$TestCase@5235c2fc]"></a>
<h3 class="failures">publish[7: com.dotcms.publishing.PublisherAPIImplTest$TestCase@5235c2fc]</h3>
<span class="code">
<pre>java.lang.AssertionError: Expected 20 but get 22 in /custom/assets/bundles/01EYTZHSR0T8X4N9ZVKXHY2JJC
Expected [/custom/assets/bundles/01EYTZHSR0T8X4N9ZVKXHY2JJC/live/System Host/wz_UI.language.xml, /custom/assets/bundles/01EYTZHSR0T8X4N9ZVKXHY2JJC/live/System Host/hwzbp_TESTCOUNTRYCODE1613661347532.language.xml, /custom/assets/bundles/01EYTZHSR0T8X4N9ZVKXHY2JJC/working/System Host/1/content.ff462f88-d9e1-4d31-b084-b73cb61976d3.host.xml, /custom/assets/bundles/01EYTZHSR0T8X4N9ZVKXHY2JJC/live/System Host/1/content.ff462f88-d9e1-4d31-b084-b73cb61976d3.host.xml, /custom/assets/bundles/01EYTZHSR0T8X4N9ZVKXHY2JJC/live/default/bc029935-9eb2-47db-a192-3d72d8cc00d2.rule.xml, /custom/assets/bundles/01EYTZHSR0T8X4N9ZVKXHY2JJC/working/System Host/1/c4f0183e-69d4-428c-9192-9838ed9324fc.contentworkflow.xml, /custom/assets/bundles/01EYTZHSR0T8X4N9ZVKXHY2JJC/live/System Host/1properties, /custom/assets/bundles/01EYTZHSR0T8X4N9ZVKXHY2JJC/live/System Host/1/c4f0183e-69d4-428c-9192-9838ed9324fc.contentworkflow.xml, /custom/assets/bundles/01EYTZHSR0T8X4N9ZVKXHY2JJC/live/System Host/1613661347532properties, /custom/assets/bundles/01EYTZHSR0T8X4N9ZVKXHY2JJC/working/System Host/f4d7c1b8-2c88-4071-abf1-a5328977b07d.contentType.json, /custom/assets/bundles/01EYTZHSR0T8X4N9ZVKXHY2JJC/live/System Host/1/7ecd9b3c-0e10-4a15-8720-88534ace5e61.contentworkflow.xml, /custom/assets/bundles/01EYTZHSR0T8X4N9ZVKXHY2JJC/live/System Host/en_US.language.xml, /custom/assets/bundles/01EYTZHSR0T8X4N9ZVKXHY2JJC/live/default/1613663444592/3-content.5b0db4f6-aa15-4c07-a5ba-1f767cee9500.content.xml, /custom/assets/bundles/01EYTZHSR0T8X4N9ZVKXHY2JJC/working/System Host/1/2-content.210ef630-69f9-4a64-ab52-f192fc4db2ca.content.xml, /custom/assets/bundles/01EYTZHSR0T8X4N9ZVKXHY2JJC/live/default/1613663444592/29933c69-cdd0-40e4-83b8-94a6da3ba11e.contentworkflow.xml, /custom/assets/bundles/01EYTZHSR0T8X4N9ZVKXHY2JJC/live/System Host/1613663444592properties, /custom/assets/bundles/01EYTZHSR0T8X4N9ZVKXHY2JJC/live/System Host/1/0-content.210ef630-69f9-4a64-ab52-f192fc4db2ca.content.xml, /custom/assets/bundles/01EYTZHSR0T8X4N9ZVKXHY2JJC/live/System Host/1/1-content.60a70877-d2c4-4c45-b94e-57e8f9bbc827.content.xml, /custom/assets/bundles/01EYTZHSR0T8X4N9ZVKXHY2JJC/d61a59e1-a49c-46f2-a929-db2b4bfa88b2.workflow.xml]
Existing [/custom/assets/bundles/01EYTZHSR0T8X4N9ZVKXHY2JJC/ROOT/bc9a1d37-dd2d-4d49-a29d-0c9be740bfaf.folder.xml, /custom/assets/bundles/01EYTZHSR0T8X4N9ZVKXHY2JJC/bundle.xml, /custom/assets/bundles/01EYTZHSR0T8X4N9ZVKXHY2JJC/d61a59e1-a49c-46f2-a929-db2b4bfa88b2.workflow.xml, /custom/assets/bundles/01EYTZHSR0T8X4N9ZVKXHY2JJC/live/System Host/1/0-content.210ef630-69f9-4a64-ab52-f192fc4db2ca.content.xml, /custom/assets/bundles/01EYTZHSR0T8X4N9ZVKXHY2JJC/live/System Host/1/1-content.60a70877-d2c4-4c45-b94e-57e8f9bbc827.content.xml, /custom/assets/bundles/01EYTZHSR0T8X4N9ZVKXHY2JJC/live/System Host/1/7ecd9b3c-0e10-4a15-8720-88534ace5e61.contentworkflow.xml, /custom/assets/bundles/01EYTZHSR0T8X4N9ZVKXHY2JJC/live/System Host/1/c4f0183e-69d4-428c-9192-9838ed9324fc.contentworkflow.xml, /custom/assets/bundles/01EYTZHSR0T8X4N9ZVKXHY2JJC/live/System Host/1/content.ff462f88-d9e1-4d31-b084-b73cb61976d3.host.xml, /custom/assets/bundles/01EYTZHSR0T8X4N9ZVKXHY2JJC/live/System Host/1/system host.host.xml, /custom/assets/bundles/01EYTZHSR0T8X4N9ZVKXHY2JJC/live/System Host/1613661347532properties, /custom/assets/bundles/01EYTZHSR0T8X4N9ZVKXHY2JJC/live/System Host/1613663444592properties, /custom/assets/bundles/01EYTZHSR0T8X4N9ZVKXHY2JJC/live/System Host/1properties, /custom/assets/bundles/01EYTZHSR0T8X4N9ZVKXHY2JJC/live/System Host/en_US.language.xml, /custom/assets/bundles/01EYTZHSR0T8X4N9ZVKXHY2JJC/live/System Host/hwzbp_TESTCOUNTRYCODE1613661347532.language.xml, /custom/assets/bundles/01EYTZHSR0T8X4N9ZVKXHY2JJC/live/System Host/wz_UI.language.xml, /custom/assets/bundles/01EYTZHSR0T8X4N9ZVKXHY2JJC/live/default/1613663444592/29933c69-cdd0-40e4-83b8-94a6da3ba11e.contentworkflow.xml, /custom/assets/bundles/01EYTZHSR0T8X4N9ZVKXHY2JJC/live/default/1613663444592/3-content.5b0db4f6-aa15-4c07-a5ba-1f767cee9500.content.xml, /custom/assets/bundles/01EYTZHSR0T8X4N9ZVKXHY2JJC/live/default/bc029935-9eb2-47db-a192-3d72d8cc00d2.rule.xml, /custom/assets/bundles/01EYTZHSR0T8X4N9ZVKXHY2JJC/working/System Host/1/2-content.210ef630-69f9-4a64-ab52-f192fc4db2ca.content.xml, /custom/assets/bundles/01EYTZHSR0T8X4N9ZVKXHY2JJC/working/System Host/1/c4f0183e-69d4-428c-9192-9838ed9324fc.contentworkflow.xml, /custom/assets/bundles/01EYTZHSR0T8X4N9ZVKXHY2JJC/working/System Host/1/content.ff462f88-d9e1-4d31-b084-b73cb61976d3.host.xml, /custom/assets/bundles/01EYTZHSR0T8X4N9ZVKXHY2JJC/working/System Host/f4d7c1b8-2c88-4071-abf1-a5328977b07d.contentType.json]
difference [/custom/assets/bundles/01EYTZHSR0T8X4N9ZVKXHY2JJC/ROOT/bc9a1d37-dd2d-4d49-a29d-0c9be740bfaf.folder.xml, /custom/assets/bundles/01EYTZHSR0T8X4N9ZVKXHY2JJC/bundle.xml, /custom/assets/bundles/01EYTZHSR0T8X4N9ZVKXHY2JJC/live/System Host/1/system host.host.xml]

	at org.jgroups.util.Util.assertEquals(Util.java:185)
	at com.dotcms.publishing.PublisherAPIImplTest.publish(PublisherAPIImplTest.java:407)
	at sun.reflect.NativeMethodAccessorImpl.invoke0(Native Method)
	at sun.reflect.NativeMethodAccessorImpl.invoke(NativeMethodAccessorImpl.java:62)
	at sun.reflect.DelegatingMethodAccessorImpl.invoke(DelegatingMethodAccessorImpl.java:43)
	at java.lang.reflect.Method.invoke(Method.java:498)
	at org.junit.runners.model.FrameworkMethod$1.runReflectiveCall(FrameworkMethod.java:50)
	at org.junit.internal.runners.model.ReflectiveCallable.run(ReflectiveCallable.java:12)
	at org.junit.runners.model.FrameworkMethod.invokeExplosively(FrameworkMethod.java:47)
	at com.tngtech.java.junit.dataprovider.DataProviderFrameworkMethod.invokeExplosively(DataProviderFrameworkMethod.java:119)
	at org.junit.internal.runners.statements.InvokeMethod.evaluate(InvokeMethod.java:17)
	at org.junit.rules.TestWatcher$1.evaluate(TestWatcher.java:55)
	at org.junit.rules.RunRules.evaluate(RunRules.java:20)
	at org.junit.runners.ParentRunner.runLeaf(ParentRunner.java:325)
	at com.dotcms.junit.CustomDataProviderRunner.runChild(CustomDataProviderRunner.java:28)
	at com.dotcms.junit.CustomDataProviderRunner.runChild(CustomDataProviderRunner.java:13)
	at org.junit.runners.ParentRunner$3.run(ParentRunner.java:290)
	at org.junit.runners.ParentRunner$1.schedule(ParentRunner.java:71)
	at org.junit.runners.ParentRunner.runChildren(ParentRunner.java:288)
	at org.junit.runners.ParentRunner.access$000(ParentRunner.java:58)
	at org.junit.runners.ParentRunner$2.evaluate(ParentRunner.java:268)
	at org.junit.internal.runners.statements.RunBefores.evaluate(RunBefores.java:26)
	at org.junit.internal.runners.statements.RunAfters.evaluate(RunAfters.java:27)
	at org.junit.runners.ParentRunner.run(ParentRunner.java:363)
	at org.junit.runners.Suite.runChild(Suite.java:128)
	at org.junit.runners.Suite.runChild(Suite.java:27)
	at org.junit.runners.ParentRunner$3.run(ParentRunner.java:290)
	at org.junit.runners.ParentRunner$1.schedule(ParentRunner.java:71)
	at org.junit.runners.ParentRunner.runChildren(ParentRunner.java:288)
	at org.junit.runners.ParentRunner.access$000(ParentRunner.java:58)
	at org.junit.runners.ParentRunner$2.evaluate(ParentRunner.java:268)
	at org.junit.runners.ParentRunner.run(ParentRunner.java:363)
	at org.gradle.api.internal.tasks.testing.junit.JUnitTestClassExecutor.runTestClass(JUnitTestClassExecutor.java:106)
	at org.gradle.api.internal.tasks.testing.junit.JUnitTestClassExecutor.execute(JUnitTestClassExecutor.java:58)
	at org.gradle.api.internal.tasks.testing.junit.JUnitTestClassExecutor.execute(JUnitTestClassExecutor.java:38)
	at org.gradle.api.internal.tasks.testing.junit.AbstractJUnitTestClassProcessor.processTestClass(AbstractJUnitTestClassProcessor.java:66)
	at org.gradle.api.internal.tasks.testing.SuiteTestClassProcessor.processTestClass(SuiteTestClassProcessor.java:51)
	at sun.reflect.NativeMethodAccessorImpl.invoke0(Native Method)
	at sun.reflect.NativeMethodAccessorImpl.invoke(NativeMethodAccessorImpl.java:62)
	at sun.reflect.DelegatingMethodAccessorImpl.invoke(DelegatingMethodAccessorImpl.java:43)
	at java.lang.reflect.Method.invoke(Method.java:498)
	at org.gradle.internal.dispatch.ReflectionDispatch.dispatch(ReflectionDispatch.java:35)
	at org.gradle.internal.dispatch.ReflectionDispatch.dispatch(ReflectionDispatch.java:24)
	at org.gradle.internal.dispatch.ContextClassLoaderDispatch.dispatch(ContextClassLoaderDispatch.java:32)
	at org.gradle.internal.dispatch.ProxyDispatchAdapter$DispatchingInvocationHandler.invoke(ProxyDispatchAdapter.java:93)
	at com.sun.proxy.$Proxy2.processTestClass(Unknown Source)
	at org.gradle.api.internal.tasks.testing.worker.TestWorker.processTestClass(TestWorker.java:117)
	at sun.reflect.NativeMethodAccessorImpl.invoke0(Native Method)
	at sun.reflect.NativeMethodAccessorImpl.invoke(NativeMethodAccessorImpl.java:62)
	at sun.reflect.DelegatingMethodAccessorImpl.invoke(DelegatingMethodAccessorImpl.java:43)
	at java.lang.reflect.Method.invoke(Method.java:498)
	at org.gradle.internal.dispatch.ReflectionDispatch.dispatch(ReflectionDispatch.java:35)
	at org.gradle.internal.dispatch.ReflectionDispatch.dispatch(ReflectionDispatch.java:24)
	at org.gradle.internal.remote.internal.hub.MessageHubBackedObjectConnection$DispatchWrapper.dispatch(MessageHubBackedObjectConnection.java:155)
	at org.gradle.internal.remote.internal.hub.MessageHubBackedObjectConnection$DispatchWrapper.dispatch(MessageHubBackedObjectConnection.java:137)
	at org.gradle.internal.remote.internal.hub.MessageHub$Handler.run(MessageHub.java:404)
	at org.gradle.internal.concurrent.ExecutorPolicy$CatchAndRecordFailures.onExecute(ExecutorPolicy.java:63)
	at org.gradle.internal.concurrent.ManagedExecutorImpl$1.run(ManagedExecutorImpl.java:46)
	at java.util.concurrent.ThreadPoolExecutor.runWorker(ThreadPoolExecutor.java:1149)
	at java.util.concurrent.ThreadPoolExecutor$Worker.run(ThreadPoolExecutor.java:624)
	at org.gradle.internal.concurrent.ThreadFactoryImpl$ManagedThreadRunnable.run(ThreadFactoryImpl.java:55)
	at java.lang.Thread.run(Thread.java:748)
</pre>
</span>
</div>
<div class="test">
<a name="publish[8: com.dotcms.publishing.PublisherAPIImplTest$TestCase@6a67af1e]"></a>
<h3 class="failures">publish[8: com.dotcms.publishing.PublisherAPIImplTest$TestCase@6a67af1e]</h3>
<span class="code">
<pre>java.lang.AssertionError: Expected 5 but get 6 in /custom/assets/bundles/01EYTZHSVCWH3RA5FQW8C6C638
Expected [/custom/assets/bundles/01EYTZHSVCWH3RA5FQW8C6C638/live/test1613661347533.dotcms.com/606afdbe-6d98-4ed0-b654-7ab6b7e2c4b8.rule.xml, /custom/assets/bundles/01EYTZHSVCWH3RA5FQW8C6C638/working/System Host/1/content.ff462f88-d9e1-4d31-b084-b73cb61976d3.host.xml, /custom/assets/bundles/01EYTZHSVCWH3RA5FQW8C6C638/live/System Host/1/content.ff462f88-d9e1-4d31-b084-b73cb61976d3.host.xml, /custom/assets/bundles/01EYTZHSVCWH3RA5FQW8C6C638/live/default/bc029935-9eb2-47db-a192-3d72d8cc00d2.rule.xml]
Existing [/custom/assets/bundles/01EYTZHSVCWH3RA5FQW8C6C638/bundle.xml, /custom/assets/bundles/01EYTZHSVCWH3RA5FQW8C6C638/live/System Host/1/content.ff462f88-d9e1-4d31-b084-b73cb61976d3.host.xml, /custom/assets/bundles/01EYTZHSVCWH3RA5FQW8C6C638/live/System Host/1/system host.host.xml, /custom/assets/bundles/01EYTZHSVCWH3RA5FQW8C6C638/live/default/bc029935-9eb2-47db-a192-3d72d8cc00d2.rule.xml, /custom/assets/bundles/01EYTZHSVCWH3RA5FQW8C6C638/live/test1613661347533.dotcms.com/606afdbe-6d98-4ed0-b654-7ab6b7e2c4b8.rule.xml, /custom/assets/bundles/01EYTZHSVCWH3RA5FQW8C6C638/working/System Host/1/content.ff462f88-d9e1-4d31-b084-b73cb61976d3.host.xml]
difference [/custom/assets/bundles/01EYTZHSVCWH3RA5FQW8C6C638/bundle.xml, /custom/assets/bundles/01EYTZHSVCWH3RA5FQW8C6C638/live/System Host/1/system host.host.xml]

	at org.jgroups.util.Util.assertEquals(Util.java:185)
	at com.dotcms.publishing.PublisherAPIImplTest.publish(PublisherAPIImplTest.java:407)
	at sun.reflect.NativeMethodAccessorImpl.invoke0(Native Method)
	at sun.reflect.NativeMethodAccessorImpl.invoke(NativeMethodAccessorImpl.java:62)
	at sun.reflect.DelegatingMethodAccessorImpl.invoke(DelegatingMethodAccessorImpl.java:43)
	at java.lang.reflect.Method.invoke(Method.java:498)
	at org.junit.runners.model.FrameworkMethod$1.runReflectiveCall(FrameworkMethod.java:50)
	at org.junit.internal.runners.model.ReflectiveCallable.run(ReflectiveCallable.java:12)
	at org.junit.runners.model.FrameworkMethod.invokeExplosively(FrameworkMethod.java:47)
	at com.tngtech.java.junit.dataprovider.DataProviderFrameworkMethod.invokeExplosively(DataProviderFrameworkMethod.java:119)
	at org.junit.internal.runners.statements.InvokeMethod.evaluate(InvokeMethod.java:17)
	at org.junit.rules.TestWatcher$1.evaluate(TestWatcher.java:55)
	at org.junit.rules.RunRules.evaluate(RunRules.java:20)
	at org.junit.runners.ParentRunner.runLeaf(ParentRunner.java:325)
	at com.dotcms.junit.CustomDataProviderRunner.runChild(CustomDataProviderRunner.java:28)
	at com.dotcms.junit.CustomDataProviderRunner.runChild(CustomDataProviderRunner.java:13)
	at org.junit.runners.ParentRunner$3.run(ParentRunner.java:290)
	at org.junit.runners.ParentRunner$1.schedule(ParentRunner.java:71)
	at org.junit.runners.ParentRunner.runChildren(ParentRunner.java:288)
	at org.junit.runners.ParentRunner.access$000(ParentRunner.java:58)
	at org.junit.runners.ParentRunner$2.evaluate(ParentRunner.java:268)
	at org.junit.internal.runners.statements.RunBefores.evaluate(RunBefores.java:26)
	at org.junit.internal.runners.statements.RunAfters.evaluate(RunAfters.java:27)
	at org.junit.runners.ParentRunner.run(ParentRunner.java:363)
	at org.junit.runners.Suite.runChild(Suite.java:128)
	at org.junit.runners.Suite.runChild(Suite.java:27)
	at org.junit.runners.ParentRunner$3.run(ParentRunner.java:290)
	at org.junit.runners.ParentRunner$1.schedule(ParentRunner.java:71)
	at org.junit.runners.ParentRunner.runChildren(ParentRunner.java:288)
	at org.junit.runners.ParentRunner.access$000(ParentRunner.java:58)
	at org.junit.runners.ParentRunner$2.evaluate(ParentRunner.java:268)
	at org.junit.runners.ParentRunner.run(ParentRunner.java:363)
	at org.gradle.api.internal.tasks.testing.junit.JUnitTestClassExecutor.runTestClass(JUnitTestClassExecutor.java:106)
	at org.gradle.api.internal.tasks.testing.junit.JUnitTestClassExecutor.execute(JUnitTestClassExecutor.java:58)
	at org.gradle.api.internal.tasks.testing.junit.JUnitTestClassExecutor.execute(JUnitTestClassExecutor.java:38)
	at org.gradle.api.internal.tasks.testing.junit.AbstractJUnitTestClassProcessor.processTestClass(AbstractJUnitTestClassProcessor.java:66)
	at org.gradle.api.internal.tasks.testing.SuiteTestClassProcessor.processTestClass(SuiteTestClassProcessor.java:51)
	at sun.reflect.NativeMethodAccessorImpl.invoke0(Native Method)
	at sun.reflect.NativeMethodAccessorImpl.invoke(NativeMethodAccessorImpl.java:62)
	at sun.reflect.DelegatingMethodAccessorImpl.invoke(DelegatingMethodAccessorImpl.java:43)
	at java.lang.reflect.Method.invoke(Method.java:498)
	at org.gradle.internal.dispatch.ReflectionDispatch.dispatch(ReflectionDispatch.java:35)
	at org.gradle.internal.dispatch.ReflectionDispatch.dispatch(ReflectionDispatch.java:24)
	at org.gradle.internal.dispatch.ContextClassLoaderDispatch.dispatch(ContextClassLoaderDispatch.java:32)
	at org.gradle.internal.dispatch.ProxyDispatchAdapter$DispatchingInvocationHandler.invoke(ProxyDispatchAdapter.java:93)
	at com.sun.proxy.$Proxy2.processTestClass(Unknown Source)
	at org.gradle.api.internal.tasks.testing.worker.TestWorker.processTestClass(TestWorker.java:117)
	at sun.reflect.NativeMethodAccessorImpl.invoke0(Native Method)
	at sun.reflect.NativeMethodAccessorImpl.invoke(NativeMethodAccessorImpl.java:62)
	at sun.reflect.DelegatingMethodAccessorImpl.invoke(DelegatingMethodAccessorImpl.java:43)
	at java.lang.reflect.Method.invoke(Method.java:498)
	at org.gradle.internal.dispatch.ReflectionDispatch.dispatch(ReflectionDispatch.java:35)
	at org.gradle.internal.dispatch.ReflectionDispatch.dispatch(ReflectionDispatch.java:24)
	at org.gradle.internal.remote.internal.hub.MessageHubBackedObjectConnection$DispatchWrapper.dispatch(MessageHubBackedObjectConnection.java:155)
	at org.gradle.internal.remote.internal.hub.MessageHubBackedObjectConnection$DispatchWrapper.dispatch(MessageHubBackedObjectConnection.java:137)
	at org.gradle.internal.remote.internal.hub.MessageHub$Handler.run(MessageHub.java:404)
	at org.gradle.internal.concurrent.ExecutorPolicy$CatchAndRecordFailures.onExecute(ExecutorPolicy.java:63)
	at org.gradle.internal.concurrent.ManagedExecutorImpl$1.run(ManagedExecutorImpl.java:46)
	at java.util.concurrent.ThreadPoolExecutor.runWorker(ThreadPoolExecutor.java:1149)
	at java.util.concurrent.ThreadPoolExecutor$Worker.run(ThreadPoolExecutor.java:624)
	at org.gradle.internal.concurrent.ThreadFactoryImpl$ManagedThreadRunnable.run(ThreadFactoryImpl.java:55)
	at java.lang.Thread.run(Thread.java:748)
</pre>
</span>
</div>
<div class="test">
<a name="publish[9: com.dotcms.publishing.PublisherAPIImplTest$TestCase@6a0986e0]"></a>
<h3 class="failures">publish[9: com.dotcms.publishing.PublisherAPIImplTest$TestCase@6a0986e0]</h3>
<span class="code">
<pre>java.lang.AssertionError: Expected 24 but get 26 in /custom/assets/bundles/01EYTZHSWYCP96G8YKVS1XEP7D
Expected [/custom/assets/bundles/01EYTZHSWYCP96G8YKVS1XEP7D/working/System Host/1/c4f0183e-69d4-428c-9192-9838ed9324fc.contentworkflow.xml, /custom/assets/bundles/01EYTZHSWYCP96G8YKVS1XEP7D/live/System Host/1/c4f0183e-69d4-428c-9192-9838ed9324fc.contentworkflow.xml, /custom/assets/bundles/01EYTZHSWYCP96G8YKVS1XEP7D/live/System Host/1properties, /custom/assets/bundles/01EYTZHSWYCP96G8YKVS1XEP7D/working/test1613661341503.dotcms.com/a4924aca-a1dc-4354-9767-c1fac5445ef4.contentType.json, /custom/assets/bundles/01EYTZHSWYCP96G8YKVS1XEP7D/working/System Host/1/content.ff462f88-d9e1-4d31-b084-b73cb61976d3.host.xml, /custom/assets/bundles/01EYTZHSWYCP96G8YKVS1XEP7D/working/test1613661341503.dotcms.com/e7a528c4-df70-436a-b9fc-c22f4694a79e.contentType.json, /custom/assets/bundles/01EYTZHSWYCP96G8YKVS1XEP7D/live/System Host/1/0-content.210ef630-69f9-4a64-ab52-f192fc4db2ca.content.xml, /custom/assets/bundles/01EYTZHSWYCP96G8YKVS1XEP7D/live/System Host/1613663444592properties, /custom/assets/bundles/01EYTZHSWYCP96G8YKVS1XEP7D/live/System Host/en_US.language.xml, /custom/assets/bundles/01EYTZHSWYCP96G8YKVS1XEP7D/live/System Host/1/1-content.60a70877-d2c4-4c45-b94e-57e8f9bbc827.content.xml, /custom/assets/bundles/01EYTZHSWYCP96G8YKVS1XEP7D/working/System Host/1c33de52-b8c9-4516-84eb-57e4ec6624b4.category.dpc.xml, /custom/assets/bundles/01EYTZHSWYCP96G8YKVS1XEP7D/live/System Host/1/content.31159b8c-d5ff-4894-8b5f-e443f681d5c3.host.xml, /custom/assets/bundles/01EYTZHSWYCP96G8YKVS1XEP7D/live/System Host/wz_UI.language.xml, /custom/assets/bundles/01EYTZHSWYCP96G8YKVS1XEP7D/working/System Host/1/2-content.210ef630-69f9-4a64-ab52-f192fc4db2ca.content.xml, /custom/assets/bundles/01EYTZHSWYCP96G8YKVS1XEP7D/live/default/1613663444592/29933c69-cdd0-40e4-83b8-94a6da3ba11e.contentworkflow.xml, /custom/assets/bundles/01EYTZHSWYCP96G8YKVS1XEP7D/live/default/1613663444592/3-content.5b0db4f6-aa15-4c07-a5ba-1f767cee9500.content.xml, /custom/assets/bundles/01EYTZHSWYCP96G8YKVS1XEP7D/live/System Host/1/7ecd9b3c-0e10-4a15-8720-88534ace5e61.contentworkflow.xml, /custom/assets/bundles/01EYTZHSWYCP96G8YKVS1XEP7D/working/test1613661341503.dotcms.com/a57afb3d-17a5-4cda-a70a-1c2f1e47907e.relationship.xml, /custom/assets/bundles/01EYTZHSWYCP96G8YKVS1XEP7D/working/System Host/f4d7c1b8-2c88-4071-abf1-a5328977b07d.contentType.json, /custom/assets/bundles/01EYTZHSWYCP96G8YKVS1XEP7D/live/System Host/1/content.ff462f88-d9e1-4d31-b084-b73cb61976d3.host.xml, /custom/assets/bundles/01EYTZHSWYCP96G8YKVS1XEP7D/live/default/bc029935-9eb2-47db-a192-3d72d8cc00d2.rule.xml, /custom/assets/bundles/01EYTZHSWYCP96G8YKVS1XEP7D/d61a59e1-a49c-46f2-a929-db2b4bfa88b2.workflow.xml, /custom/assets/bundles/01EYTZHSWYCP96G8YKVS1XEP7D/8d170ead-80f6-4e8a-8cdb-11de9f8d0694.workflow.xml]
Existing [/custom/assets/bundles/01EYTZHSWYCP96G8YKVS1XEP7D/8d170ead-80f6-4e8a-8cdb-11de9f8d0694.workflow.xml, /custom/assets/bundles/01EYTZHSWYCP96G8YKVS1XEP7D/ROOT/bc9a1d37-dd2d-4d49-a29d-0c9be740bfaf.folder.xml, /custom/assets/bundles/01EYTZHSWYCP96G8YKVS1XEP7D/bundle.xml, /custom/assets/bundles/01EYTZHSWYCP96G8YKVS1XEP7D/d61a59e1-a49c-46f2-a929-db2b4bfa88b2.workflow.xml, /custom/assets/bundles/01EYTZHSWYCP96G8YKVS1XEP7D/live/System Host/1/0-content.210ef630-69f9-4a64-ab52-f192fc4db2ca.content.xml, /custom/assets/bundles/01EYTZHSWYCP96G8YKVS1XEP7D/live/System Host/1/1-content.60a70877-d2c4-4c45-b94e-57e8f9bbc827.content.xml, /custom/assets/bundles/01EYTZHSWYCP96G8YKVS1XEP7D/live/System Host/1/7ecd9b3c-0e10-4a15-8720-88534ace5e61.contentworkflow.xml, /custom/assets/bundles/01EYTZHSWYCP96G8YKVS1XEP7D/live/System Host/1/c4f0183e-69d4-428c-9192-9838ed9324fc.contentworkflow.xml, /custom/assets/bundles/01EYTZHSWYCP96G8YKVS1XEP7D/live/System Host/1/content.31159b8c-d5ff-4894-8b5f-e443f681d5c3.host.xml, /custom/assets/bundles/01EYTZHSWYCP96G8YKVS1XEP7D/live/System Host/1/content.ff462f88-d9e1-4d31-b084-b73cb61976d3.host.xml, /custom/assets/bundles/01EYTZHSWYCP96G8YKVS1XEP7D/live/System Host/1/system host.host.xml, /custom/assets/bundles/01EYTZHSWYCP96G8YKVS1XEP7D/live/System Host/1613663444592properties, /custom/assets/bundles/01EYTZHSWYCP96G8YKVS1XEP7D/live/System Host/1properties, /custom/assets/bundles/01EYTZHSWYCP96G8YKVS1XEP7D/live/System Host/en_US.language.xml, /custom/assets/bundles/01EYTZHSWYCP96G8YKVS1XEP7D/live/System Host/wz_UI.language.xml, /custom/assets/bundles/01EYTZHSWYCP96G8YKVS1XEP7D/live/default/1613663444592/29933c69-cdd0-40e4-83b8-94a6da3ba11e.contentworkflow.xml, /custom/assets/bundles/01EYTZHSWYCP96G8YKVS1XEP7D/live/default/1613663444592/3-content.5b0db4f6-aa15-4c07-a5ba-1f767cee9500.content.xml, /custom/assets/bundles/01EYTZHSWYCP96G8YKVS1XEP7D/live/default/bc029935-9eb2-47db-a192-3d72d8cc00d2.rule.xml, /custom/assets/bundles/01EYTZHSWYCP96G8YKVS1XEP7D/working/System Host/1/2-content.210ef630-69f9-4a64-ab52-f192fc4db2ca.content.xml, /custom/assets/bundles/01EYTZHSWYCP96G8YKVS1XEP7D/working/System Host/1/c4f0183e-69d4-428c-9192-9838ed9324fc.contentworkflow.xml, /custom/assets/bundles/01EYTZHSWYCP96G8YKVS1XEP7D/working/System Host/1/content.ff462f88-d9e1-4d31-b084-b73cb61976d3.host.xml, /custom/assets/bundles/01EYTZHSWYCP96G8YKVS1XEP7D/working/System Host/1c33de52-b8c9-4516-84eb-57e4ec6624b4.category.dpc.xml, /custom/assets/bundles/01EYTZHSWYCP96G8YKVS1XEP7D/working/System Host/f4d7c1b8-2c88-4071-abf1-a5328977b07d.contentType.json, /custom/assets/bundles/01EYTZHSWYCP96G8YKVS1XEP7D/working/test1613661341503.dotcms.com/a4924aca-a1dc-4354-9767-c1fac5445ef4.contentType.json, /custom/assets/bundles/01EYTZHSWYCP96G8YKVS1XEP7D/working/test1613661341503.dotcms.com/a57afb3d-17a5-4cda-a70a-1c2f1e47907e.relationship.xml, /custom/assets/bundles/01EYTZHSWYCP96G8YKVS1XEP7D/working/test1613661341503.dotcms.com/e7a528c4-df70-436a-b9fc-c22f4694a79e.contentType.json]
difference [/custom/assets/bundles/01EYTZHSWYCP96G8YKVS1XEP7D/ROOT/bc9a1d37-dd2d-4d49-a29d-0c9be740bfaf.folder.xml, /custom/assets/bundles/01EYTZHSWYCP96G8YKVS1XEP7D/bundle.xml, /custom/assets/bundles/01EYTZHSWYCP96G8YKVS1XEP7D/live/System Host/1/system host.host.xml]

	at org.jgroups.util.Util.assertEquals(Util.java:185)
	at com.dotcms.publishing.PublisherAPIImplTest.publish(PublisherAPIImplTest.java:407)
	at sun.reflect.NativeMethodAccessorImpl.invoke0(Native Method)
	at sun.reflect.NativeMethodAccessorImpl.invoke(NativeMethodAccessorImpl.java:62)
	at sun.reflect.DelegatingMethodAccessorImpl.invoke(DelegatingMethodAccessorImpl.java:43)
	at java.lang.reflect.Method.invoke(Method.java:498)
	at org.junit.runners.model.FrameworkMethod$1.runReflectiveCall(FrameworkMethod.java:50)
	at org.junit.internal.runners.model.ReflectiveCallable.run(ReflectiveCallable.java:12)
	at org.junit.runners.model.FrameworkMethod.invokeExplosively(FrameworkMethod.java:47)
	at com.tngtech.java.junit.dataprovider.DataProviderFrameworkMethod.invokeExplosively(DataProviderFrameworkMethod.java:119)
	at org.junit.internal.runners.statements.InvokeMethod.evaluate(InvokeMethod.java:17)
	at org.junit.rules.TestWatcher$1.evaluate(TestWatcher.java:55)
	at org.junit.rules.RunRules.evaluate(RunRules.java:20)
	at org.junit.runners.ParentRunner.runLeaf(ParentRunner.java:325)
	at com.dotcms.junit.CustomDataProviderRunner.runChild(CustomDataProviderRunner.java:28)
	at com.dotcms.junit.CustomDataProviderRunner.runChild(CustomDataProviderRunner.java:13)
	at org.junit.runners.ParentRunner$3.run(ParentRunner.java:290)
	at org.junit.runners.ParentRunner$1.schedule(ParentRunner.java:71)
	at org.junit.runners.ParentRunner.runChildren(ParentRunner.java:288)
	at org.junit.runners.ParentRunner.access$000(ParentRunner.java:58)
	at org.junit.runners.ParentRunner$2.evaluate(ParentRunner.java:268)
	at org.junit.internal.runners.statements.RunBefores.evaluate(RunBefores.java:26)
	at org.junit.internal.runners.statements.RunAfters.evaluate(RunAfters.java:27)
	at org.junit.runners.ParentRunner.run(ParentRunner.java:363)
	at org.junit.runners.Suite.runChild(Suite.java:128)
	at org.junit.runners.Suite.runChild(Suite.java:27)
	at org.junit.runners.ParentRunner$3.run(ParentRunner.java:290)
	at org.junit.runners.ParentRunner$1.schedule(ParentRunner.java:71)
	at org.junit.runners.ParentRunner.runChildren(ParentRunner.java:288)
	at org.junit.runners.ParentRunner.access$000(ParentRunner.java:58)
	at org.junit.runners.ParentRunner$2.evaluate(ParentRunner.java:268)
	at org.junit.runners.ParentRunner.run(ParentRunner.java:363)
	at org.gradle.api.internal.tasks.testing.junit.JUnitTestClassExecutor.runTestClass(JUnitTestClassExecutor.java:106)
	at org.gradle.api.internal.tasks.testing.junit.JUnitTestClassExecutor.execute(JUnitTestClassExecutor.java:58)
	at org.gradle.api.internal.tasks.testing.junit.JUnitTestClassExecutor.execute(JUnitTestClassExecutor.java:38)
	at org.gradle.api.internal.tasks.testing.junit.AbstractJUnitTestClassProcessor.processTestClass(AbstractJUnitTestClassProcessor.java:66)
	at org.gradle.api.internal.tasks.testing.SuiteTestClassProcessor.processTestClass(SuiteTestClassProcessor.java:51)
	at sun.reflect.NativeMethodAccessorImpl.invoke0(Native Method)
	at sun.reflect.NativeMethodAccessorImpl.invoke(NativeMethodAccessorImpl.java:62)
	at sun.reflect.DelegatingMethodAccessorImpl.invoke(DelegatingMethodAccessorImpl.java:43)
	at java.lang.reflect.Method.invoke(Method.java:498)
	at org.gradle.internal.dispatch.ReflectionDispatch.dispatch(ReflectionDispatch.java:35)
	at org.gradle.internal.dispatch.ReflectionDispatch.dispatch(ReflectionDispatch.java:24)
	at org.gradle.internal.dispatch.ContextClassLoaderDispatch.dispatch(ContextClassLoaderDispatch.java:32)
	at org.gradle.internal.dispatch.ProxyDispatchAdapter$DispatchingInvocationHandler.invoke(ProxyDispatchAdapter.java:93)
	at com.sun.proxy.$Proxy2.processTestClass(Unknown Source)
	at org.gradle.api.internal.tasks.testing.worker.TestWorker.processTestClass(TestWorker.java:117)
	at sun.reflect.NativeMethodAccessorImpl.invoke0(Native Method)
	at sun.reflect.NativeMethodAccessorImpl.invoke(NativeMethodAccessorImpl.java:62)
	at sun.reflect.DelegatingMethodAccessorImpl.invoke(DelegatingMethodAccessorImpl.java:43)
	at java.lang.reflect.Method.invoke(Method.java:498)
	at org.gradle.internal.dispatch.ReflectionDispatch.dispatch(ReflectionDispatch.java:35)
	at org.gradle.internal.dispatch.ReflectionDispatch.dispatch(ReflectionDispatch.java:24)
	at org.gradle.internal.remote.internal.hub.MessageHubBackedObjectConnection$DispatchWrapper.dispatch(MessageHubBackedObjectConnection.java:155)
	at org.gradle.internal.remote.internal.hub.MessageHubBackedObjectConnection$DispatchWrapper.dispatch(MessageHubBackedObjectConnection.java:137)
	at org.gradle.internal.remote.internal.hub.MessageHub$Handler.run(MessageHub.java:404)
	at org.gradle.internal.concurrent.ExecutorPolicy$CatchAndRecordFailures.onExecute(ExecutorPolicy.java:63)
	at org.gradle.internal.concurrent.ManagedExecutorImpl$1.run(ManagedExecutorImpl.java:46)
	at java.util.concurrent.ThreadPoolExecutor.runWorker(ThreadPoolExecutor.java:1149)
	at java.util.concurrent.ThreadPoolExecutor$Worker.run(ThreadPoolExecutor.java:624)
	at org.gradle.internal.concurrent.ThreadFactoryImpl$ManagedThreadRunnable.run(ThreadFactoryImpl.java:55)
	at java.lang.Thread.run(Thread.java:748)
</pre>
</span>
</div>
</div>
<div id="tab1" class="tab">
<h2>Tests</h2>
<table>
<thead>
<tr>
<th>Test</th>
<th>Duration</th>
<th>Result</th>
</tr>
</thead>
<tr>
<td class="failures">publish[0: com.dotcms.publishing.PublisherAPIImplTest$TestCase@12d6c158]</td>
<td class="failures">0.160s</td>
<td class="failures">failed</td>
</tr>
<tr>
<td class="failures">publish[10: com.dotcms.publishing.PublisherAPIImplTest$TestCase@4af71419]</td>
<td class="failures">0.063s</td>
<td class="failures">failed</td>
</tr>
<tr>
<td class="failures">publish[11: com.dotcms.publishing.PublisherAPIImplTest$TestCase@36290d99]</td>
<td class="failures">0.080s</td>
<td class="failures">failed</td>
</tr>
<tr>
<td class="failures">publish[12: com.dotcms.publishing.PublisherAPIImplTest$TestCase@61e14b1d]</td>
<td class="failures">0.101s</td>
<td class="failures">failed</td>
</tr>
<tr>
<td class="failures">publish[13: com.dotcms.publishing.PublisherAPIImplTest$TestCase@47f9ef47]</td>
<td class="failures">0.093s</td>
<td class="failures">failed</td>
</tr>
<tr>
<td class="failures">publish[14: com.dotcms.publishing.PublisherAPIImplTest$TestCase@35dc7c7d]</td>
<td class="failures">0.067s</td>
<td class="failures">failed</td>
</tr>
<tr>
<td class="failures">publish[15: com.dotcms.publishing.PublisherAPIImplTest$TestCase@4be7ea9a]</td>
<td class="failures">0.059s</td>
<td class="failures">failed</td>
</tr>
<tr>
<td class="failures">publish[16: com.dotcms.publishing.PublisherAPIImplTest$TestCase@20b5e958]</td>
<td class="failures">0.068s</td>
<td class="failures">failed</td>
</tr>
<tr>
<td class="failures">publish[17: com.dotcms.publishing.PublisherAPIImplTest$TestCase@283eb9de]</td>
<td class="failures">0.029s</td>
<td class="failures">failed</td>
</tr>
<tr>
<td class="failures">publish[1: com.dotcms.publishing.PublisherAPIImplTest$TestCase@104b4fe6]</td>
<td class="failures">0.123s</td>
<td class="failures">failed</td>
</tr>
<tr>
<td class="failures">publish[2: com.dotcms.publishing.PublisherAPIImplTest$TestCase@13def244]</td>
<td class="failures">0.109s</td>
<td class="failures">failed</td>
</tr>
<tr>
<td class="failures">publish[3: com.dotcms.publishing.PublisherAPIImplTest$TestCase@23b0837]</td>
<td class="failures">0.173s</td>
<td class="failures">failed</td>
</tr>
<tr>
<td class="failures">publish[4: com.dotcms.publishing.PublisherAPIImplTest$TestCase@26c3c529]</td>
<td class="failures">0.174s</td>
<td class="failures">failed</td>
</tr>
<tr>
<td class="failures">publish[5: com.dotcms.publishing.PublisherAPIImplTest$TestCase@6c3d9a68]</td>
<td class="failures">0.071s</td>
<td class="failures">failed</td>
</tr>
<tr>
<td class="failures">publish[6: com.dotcms.publishing.PublisherAPIImplTest$TestCase@8150979]</td>
<td class="failures">0.093s</td>
<td class="failures">failed</td>
</tr>
<tr>
<td class="failures">publish[7: com.dotcms.publishing.PublisherAPIImplTest$TestCase@5235c2fc]</td>
<td class="failures">0.107s</td>
<td class="failures">failed</td>
</tr>
<tr>
<td class="failures">publish[8: com.dotcms.publishing.PublisherAPIImplTest$TestCase@6a67af1e]</td>
<td class="failures">0.050s</td>
<td class="failures">failed</td>
</tr>
<tr>
<td class="failures">publish[9: com.dotcms.publishing.PublisherAPIImplTest$TestCase@6a0986e0]</td>
<td class="failures">0.076s</td>
<td class="failures">failed</td>
</tr>
</table>
</div>
<div id="tab2" class="tab">
<h2>Standard output</h2>
<span class="code">
<pre>

















</pre>
</span>
</div>
</div>
<div id="footer">
<p>
<div>
<label class="hidden" id="label-for-line-wrapping-toggle" for="line-wrapping-toggle">Wrap lines
<input id="line-wrapping-toggle" type="checkbox" autocomplete="off"/>
</label>
</div>Generated by 
<a href="http://www.gradle.org">Gradle 4.10.2</a> at Feb 18, 2021 4:28:45 PM</p>
</div>
</div>
</body>
</html>
