<!DOCTYPE html>
<html>
<head>
<meta http-equiv="Content-Type" content="text/html; charset=utf-8"/>
<meta http-equiv="x-ua-compatible" content="IE=edge"/>
<title>Test results - Class com.dotmarketing.portlets.templates.business.TemplateAPITest</title>
<link href="../css/base-style.css" rel="stylesheet" type="text/css"/>
<link href="../css/style.css" rel="stylesheet" type="text/css"/>
<script src="../js/report.js" type="text/javascript"></script>
</head>
<body>
<div id="content">
<h1>Class com.dotmarketing.portlets.templates.business.TemplateAPITest</h1>
<div class="breadcrumbs">
<a href="../index.html">all</a> &gt; 
<a href="../packages/com.dotmarketing.portlets.templates.business.html">com.dotmarketing.portlets.templates.business</a> &gt; TemplateAPITest</div>
<div id="summary">
<table>
<tr>
<td>
<div class="summaryGroup">
<table>
<tr>
<td>
<div class="infoBox" id="tests">
<div class="counter">28</div>
<p>tests</p>
</div>
</td>
<td>
<div class="infoBox" id="failures">
<div class="counter">2</div>
<p>failures</p>
</div>
</td>
<td>
<div class="infoBox" id="ignored">
<div class="counter">0</div>
<p>ignored</p>
</div>
</td>
<td>
<div class="infoBox" id="duration">
<div class="counter">4.935s</div>
<p>duration</p>
</div>
</td>
</tr>
</table>
</div>
</td>
<td>
<div class="infoBox failures" id="successRate">
<div class="percent">92%</div>
<p>successful</p>
</div>
</td>
</tr>
</table>
</div>
<div id="tabs">
<ul class="tabLinks">
<li>
<a href="#tab0">Failed tests</a>
</li>
<li>
<a href="#tab1">Tests</a>
</li>
</ul>
<div id="tab0" class="tab">
<h2>Failed tests</h2>
<div class="test">
<a name="test_saveTemplate_limitedUser_noEnoughPermissions_fail"></a>
<h3 class="failures">test_saveTemplate_limitedUser_noEnoughPermissions_fail</h3>
<span class="code">
<pre>java.lang.Exception: Unexpected exception, expected&lt;com.dotmarketing.exception.DotSecurityException&gt; but was&lt;com.dotmarketing.exception.DotDataException&gt;
	at org.junit.internal.runners.statements.ExpectException.evaluate(ExpectException.java:28)
	at org.junit.internal.runners.statements.RunBefores.evaluate(RunBefores.java:26)
	at org.junit.internal.runners.statements.RunAfters.evaluate(RunAfters.java:27)
	at org.junit.rules.TestWatcher$1.evaluate(TestWatcher.java:55)
	at org.junit.rules.RunRules.evaluate(RunRules.java:20)
	at org.junit.runners.ParentRunner.runLeaf(ParentRunner.java:325)
	at com.dotcms.junit.CustomDataProviderRunner.runChild(CustomDataProviderRunner.java:28)
	at com.dotcms.junit.CustomDataProviderRunner.runChild(CustomDataProviderRunner.java:13)
	at org.junit.runners.ParentRunner$3.run(ParentRunner.java:290)
	at org.junit.runners.ParentRunner$1.schedule(ParentRunner.java:71)
	at org.junit.runners.ParentRunner.runChildren(ParentRunner.java:288)
	at org.junit.runners.ParentRunner.access$000(ParentRunner.java:58)
	at org.junit.runners.ParentRunner$2.evaluate(ParentRunner.java:268)
	at org.junit.internal.runners.statements.RunBefores.evaluate(RunBefores.java:26)
	at org.junit.runners.ParentRunner.run(ParentRunner.java:363)
	at org.junit.runners.Suite.runChild(Suite.java:128)
	at org.junit.runners.Suite.runChild(Suite.java:27)
	at org.junit.runners.ParentRunner$3.run(ParentRunner.java:290)
	at org.junit.runners.ParentRunner$1.schedule(ParentRunner.java:71)
	at org.junit.runners.ParentRunner.runChildren(ParentRunner.java:288)
	at org.junit.runners.ParentRunner.access$000(ParentRunner.java:58)
	at org.junit.runners.ParentRunner$2.evaluate(ParentRunner.java:268)
	at org.junit.runners.ParentRunner.run(ParentRunner.java:363)
	at org.gradle.api.internal.tasks.testing.junit.JUnitTestClassExecutor.runTestClass(JUnitTestClassExecutor.java:106)
	at org.gradle.api.internal.tasks.testing.junit.JUnitTestClassExecutor.execute(JUnitTestClassExecutor.java:58)
	at org.gradle.api.internal.tasks.testing.junit.JUnitTestClassExecutor.execute(JUnitTestClassExecutor.java:38)
	at org.gradle.api.internal.tasks.testing.junit.AbstractJUnitTestClassProcessor.processTestClass(AbstractJUnitTestClassProcessor.java:66)
	at org.gradle.api.internal.tasks.testing.SuiteTestClassProcessor.processTestClass(SuiteTestClassProcessor.java:51)
	at sun.reflect.NativeMethodAccessorImpl.invoke0(Native Method)
	at sun.reflect.NativeMethodAccessorImpl.invoke(NativeMethodAccessorImpl.java:62)
	at sun.reflect.DelegatingMethodAccessorImpl.invoke(DelegatingMethodAccessorImpl.java:43)
	at java.lang.reflect.Method.invoke(Method.java:498)
	at org.gradle.internal.dispatch.ReflectionDispatch.dispatch(ReflectionDispatch.java:35)
	at org.gradle.internal.dispatch.ReflectionDispatch.dispatch(ReflectionDispatch.java:24)
	at org.gradle.internal.dispatch.ContextClassLoaderDispatch.dispatch(ContextClassLoaderDispatch.java:32)
	at org.gradle.internal.dispatch.ProxyDispatchAdapter$DispatchingInvocationHandler.invoke(ProxyDispatchAdapter.java:93)
	at com.sun.proxy.$Proxy2.processTestClass(Unknown Source)
	at org.gradle.api.internal.tasks.testing.worker.TestWorker.processTestClass(TestWorker.java:117)
	at sun.reflect.NativeMethodAccessorImpl.invoke0(Native Method)
	at sun.reflect.NativeMethodAccessorImpl.invoke(NativeMethodAccessorImpl.java:62)
	at sun.reflect.DelegatingMethodAccessorImpl.invoke(DelegatingMethodAccessorImpl.java:43)
	at java.lang.reflect.Method.invoke(Method.java:498)
	at org.gradle.internal.dispatch.ReflectionDispatch.dispatch(ReflectionDispatch.java:35)
	at org.gradle.internal.dispatch.ReflectionDispatch.dispatch(ReflectionDispatch.java:24)
	at org.gradle.internal.remote.internal.hub.MessageHubBackedObjectConnection$DispatchWrapper.dispatch(MessageHubBackedObjectConnection.java:155)
	at org.gradle.internal.remote.internal.hub.MessageHubBackedObjectConnection$DispatchWrapper.dispatch(MessageHubBackedObjectConnection.java:137)
	at org.gradle.internal.remote.internal.hub.MessageHub$Handler.run(MessageHub.java:404)
	at org.gradle.internal.concurrent.ExecutorPolicy$CatchAndRecordFailures.onExecute(ExecutorPolicy.java:63)
	at org.gradle.internal.concurrent.ManagedExecutorImpl$1.run(ManagedExecutorImpl.java:46)
	at java.util.concurrent.ThreadPoolExecutor.runWorker(ThreadPoolExecutor.java:1149)
	at java.util.concurrent.ThreadPoolExecutor$Worker.run(ThreadPoolExecutor.java:624)
	at org.gradle.internal.concurrent.ThreadFactoryImpl$ManagedThreadRunnable.run(ThreadFactoryImpl.java:55)
	at java.lang.Thread.run(Thread.java:748)
Caused by: com.dotmarketing.exception.DotDataException: ERROR: current transaction is aborted, commands ignored until end of transaction block{
  &quot;SQL&quot;: [&quot;update user_ set companyid=?, createdate=?, mod_date=?, password_=?, passwordencrypted=?, passwordexpirationdate=?, passwordreset=?, firstname=?, middlename=?, lastname=?, nickname=?, male=?, birthday=?, emailaddress=?, smsid=?, aimid=?, icqid=?, msnid=?, ymid=?, favoriteactivity=?, favoritebibleverse=?, favoritefood=?, favoritemovie=?, favoritemusic=?, languageid=?, timezoneid=?, skinid=?, dottedskins=?, roundedskins=?, greeting=?, resolution=?, refreshrate=?, layoutids=?, comments=?, logindate=?, loginip=?, lastlogindate=?, lastloginip=?, failedloginattempts=?, agreedtotermsofuse=?, active_=?, delete_in_progress=?, delete_date=?, additional_info=? where userid = ?&quot;],
  &quot;maxRows&quot;: [-1],
  &quot;offest&quot;: [0],
  &quot;params&quot;: [
    &quot;dotcms.org&quot;,
    &quot;2021-02-05 00:32:39.874&quot;,
    &quot;2021-02-05 00:32:39.931&quot;,
    &quot;1612485159871&quot;,
    true,
    null,
    false,
    &quot;testFirstName1612485159871&quot;,
    null,
    &quot;testLastName1612485159871&quot;,
    null,
    true,
    null,
    &quot;testemailaddress@1612485159871.com&quot;,
    null,
    null,
    null,
    null,
    null,
    null,
    null,
    null,
    null,
    null,
    &quot;en_US&quot;,
    &quot;GMT&quot;,
    &quot;dd836a2d-5105-4305-863d-95bb0d4b2e1c&quot;,
    false,
    false,
    &quot;Welcome, 67e47b25-3bd7-470c-b5d2-6c0c94c40dfd 67e47b25-3bd7-470c-b5d2-6c0c94c40dfd!&quot;,
    null,
    null,
    &quot;&quot;,
    null,
    null,
    null,
    null,
    null,
    0,
    false,
    true,
    false,
    null,
    null,
    &quot;67e47b25-3bd7-470c-b5d2-6c0c94c40dfd&quot;
  ]
}
	at com.dotmarketing.common.db.DotConnect.loadResult(DotConnect.java:273)
	at com.dotmarketing.business.UserFactoryImpl.updateUser(UserFactoryImpl.java:321)
	at com.dotmarketing.business.UserFactoryImpl.save(UserFactoryImpl.java:250)
	at com.dotmarketing.business.UserAPIImpl.save_aroundBody50(UserAPIImpl.java:395)
	at com.dotmarketing.business.UserAPIImpl$AjcClosure51.run(UserAPIImpl.java:1)
	at org.aspectj.runtime.reflect.JoinPointImpl.proceed(JoinPointImpl.java:149)
	at com.dotcms.aspects.aspectj.AspectJDelegateMethodInvocation.proceed(AspectJDelegateMethodInvocation.java:42)
	at com.dotmarketing.db.LocalTransaction.wrapReturnWithListeners(LocalTransaction.java:59)
	at com.dotcms.aspects.interceptors.WrapInTransactionMethodInterceptor.invoke(WrapInTransactionMethodInterceptor.java:23)
	at com.dotcms.aspects.aspectj.WrapInTransactionAspect.invoke(WrapInTransactionAspect.java:41)
	at com.dotmarketing.business.UserAPIImpl.save(UserAPIImpl.java:384)
	at com.dotmarketing.portlets.templates.business.TemplateAPITest.test_saveTemplate_limitedUser_noEnoughPermissions_fail(TemplateAPITest.java:824)
	at sun.reflect.NativeMethodAccessorImpl.invoke0(Native Method)
	at sun.reflect.NativeMethodAccessorImpl.invoke(NativeMethodAccessorImpl.java:62)
	at sun.reflect.DelegatingMethodAccessorImpl.invoke(DelegatingMethodAccessorImpl.java:43)
	at java.lang.reflect.Method.invoke(Method.java:498)
	at org.junit.runners.model.FrameworkMethod$1.runReflectiveCall(FrameworkMethod.java:50)
	at org.junit.internal.runners.model.ReflectiveCallable.run(ReflectiveCallable.java:12)
	at org.junit.runners.model.FrameworkMethod.invokeExplosively(FrameworkMethod.java:47)
	at org.junit.internal.runners.statements.InvokeMethod.evaluate(InvokeMethod.java:17)
	at org.junit.internal.runners.statements.ExpectException.evaluate(ExpectException.java:19)
	... 52 more
Caused by: org.postgresql.util.PSQLException: ERROR: current transaction is aborted, commands ignored until end of transaction block
	at org.postgresql.core.v3.QueryExecutorImpl.receiveErrorResponse(QueryExecutorImpl.java:2497)
	at org.postgresql.core.v3.QueryExecutorImpl.processResults(QueryExecutorImpl.java:2233)
	at org.postgresql.core.v3.QueryExecutorImpl.execute(QueryExecutorImpl.java:310)
	at org.postgresql.jdbc.PgStatement.executeInternal(PgStatement.java:446)
	at org.postgresql.jdbc.PgStatement.execute(PgStatement.java:370)
	at org.postgresql.jdbc.PgPreparedStatement.executeWithFlags(PgPreparedStatement.java:149)
	at org.postgresql.jdbc.PgPreparedStatement.execute(PgPreparedStatement.java:138)
	at com.zaxxer.hikari.pool.ProxyPreparedStatement.execute(ProxyPreparedStatement.java:44)
	at com.zaxxer.hikari.pool.HikariProxyPreparedStatement.execute(HikariProxyPreparedStatement.java)
	at com.dotmarketing.common.db.DotConnect.executeQuery(DotConnect.java:619)
	at com.dotmarketing.common.db.DotConnect.executeQuery(DotConnect.java:532)
	at com.dotmarketing.common.db.DotConnect.loadResult(DotConnect.java:271)
	... 72 more
Caused by: org.postgresql.util.PSQLException: ERROR: relation &quot;use_&quot; does not exist
  Position: 15
	at org.postgresql.core.v3.QueryExecutorImpl.receiveErrorResponse(QueryExecutorImpl.java:2497)
	at org.postgresql.core.v3.QueryExecutorImpl.processResults(QueryExecutorImpl.java:2233)
	at org.postgresql.core.v3.QueryExecutorImpl.execute(QueryExecutorImpl.java:310)
	at org.postgresql.jdbc.PgStatement.executeInternal(PgStatement.java:446)
	at org.postgresql.jdbc.PgStatement.execute(PgStatement.java:370)
	at org.postgresql.jdbc.PgPreparedStatement.executeWithFlags(PgPreparedStatement.java:149)
	at org.postgresql.jdbc.PgPreparedStatement.executeQuery(PgPreparedStatement.java:108)
	at com.zaxxer.hikari.pool.ProxyPreparedStatement.executeQuery(ProxyPreparedStatement.java:52)
	at com.zaxxer.hikari.pool.HikariProxyPreparedStatement.executeQuery(HikariProxyPreparedStatement.java)
	at com.dotmarketing.common.db.DotConnect.executeQuery(DotConnect.java:629)
	at com.dotmarketing.common.db.DotConnect.executeQuery(DotConnect.java:532)
	at com.dotmarketing.common.db.DotConnect.loadResult(DotConnect.java:271)
	at com.dotmarketing.common.db.DotConnect.loadObjectResults(DotConnect.java:925)
	at com.dotmarketing.business.UserFactoryImpl.loadByUserEmailAndCompany(UserFactoryImpl.java:122)
	at com.dotmarketing.business.UserFactoryImpl.updateUser(UserFactoryImpl.java:289)
	... 71 more
</pre>
</span>
</div>
<div class="test">
<a name="test_saveTemplate_limitedUser_success"></a>
<h3 class="failures">test_saveTemplate_limitedUser_success</h3>
<span class="code">
<pre>com.dotmarketing.exception.DotDataException: ERROR: current transaction is aborted, commands ignored until end of transaction block{
  &quot;SQL&quot;: [&quot;update user_ set companyid=?, createdate=?, mod_date=?, password_=?, passwordencrypted=?, passwordexpirationdate=?, passwordreset=?, firstname=?, middlename=?, lastname=?, nickname=?, male=?, birthday=?, emailaddress=?, smsid=?, aimid=?, icqid=?, msnid=?, ymid=?, favoriteactivity=?, favoritebibleverse=?, favoritefood=?, favoritemovie=?, favoritemusic=?, languageid=?, timezoneid=?, skinid=?, dottedskins=?, roundedskins=?, greeting=?, resolution=?, refreshrate=?, layoutids=?, comments=?, logindate=?, loginip=?, lastlogindate=?, lastloginip=?, failedloginattempts=?, agreedtotermsofuse=?, active_=?, delete_in_progress=?, delete_date=?, additional_info=? where userid = ?&quot;],
  &quot;maxRows&quot;: [-1],
  &quot;offest&quot;: [0],
  &quot;params&quot;: [
    &quot;dotcms.org&quot;,
    &quot;2021-02-05 00:32:38.484&quot;,
    &quot;2021-02-05 00:32:38.541&quot;,
    &quot;1612485158480&quot;,
    true,
    null,
    false,
    &quot;testFirstName1612485158480&quot;,
    null,
    &quot;testLastName1612485158480&quot;,
    null,
    true,
    null,
    &quot;testemailaddress@1612485158480.com&quot;,
    null,
    null,
    null,
    null,
    null,
    null,
    null,
    null,
    null,
    null,
    &quot;en_US&quot;,
    &quot;GMT&quot;,
    &quot;d34d10e6-3e2c-4487-afea-cd53d599be26&quot;,
    false,
    false,
    &quot;Welcome, 480c1c77-18c1-402c-b15d-80a5ef7cdcc9 480c1c77-18c1-402c-b15d-80a5ef7cdcc9!&quot;,
    null,
    null,
    &quot;&quot;,
    null,
    null,
    null,
    null,
    null,
    0,
    false,
    true,
    false,
    null,
    null,
    &quot;480c1c77-18c1-402c-b15d-80a5ef7cdcc9&quot;
  ]
}
	at com.dotmarketing.common.db.DotConnect.loadResult(DotConnect.java:273)
	at com.dotmarketing.business.UserFactoryImpl.updateUser(UserFactoryImpl.java:321)
	at com.dotmarketing.business.UserFactoryImpl.save(UserFactoryImpl.java:250)
	at com.dotmarketing.business.UserAPIImpl.save_aroundBody50(UserAPIImpl.java:395)
	at com.dotmarketing.business.UserAPIImpl$AjcClosure51.run(UserAPIImpl.java:1)
	at org.aspectj.runtime.reflect.JoinPointImpl.proceed(JoinPointImpl.java:149)
	at com.dotcms.aspects.aspectj.AspectJDelegateMethodInvocation.proceed(AspectJDelegateMethodInvocation.java:42)
	at com.dotmarketing.db.LocalTransaction.wrapReturnWithListeners(LocalTransaction.java:59)
	at com.dotcms.aspects.interceptors.WrapInTransactionMethodInterceptor.invoke(WrapInTransactionMethodInterceptor.java:23)
	at com.dotcms.aspects.aspectj.WrapInTransactionAspect.invoke(WrapInTransactionAspect.java:41)
	at com.dotmarketing.business.UserAPIImpl.save(UserAPIImpl.java:384)
	at com.dotmarketing.portlets.templates.business.TemplateAPITest.test_saveTemplate_limitedUser_success(TemplateAPITest.java:845)
	at sun.reflect.NativeMethodAccessorImpl.invoke0(Native Method)
	at sun.reflect.NativeMethodAccessorImpl.invoke(NativeMethodAccessorImpl.java:62)
	at sun.reflect.DelegatingMethodAccessorImpl.invoke(DelegatingMethodAccessorImpl.java:43)
	at java.lang.reflect.Method.invoke(Method.java:498)
	at org.junit.runners.model.FrameworkMethod$1.runReflectiveCall(FrameworkMethod.java:50)
	at org.junit.internal.runners.model.ReflectiveCallable.run(ReflectiveCallable.java:12)
	at org.junit.runners.model.FrameworkMethod.invokeExplosively(FrameworkMethod.java:47)
	at org.junit.internal.runners.statements.InvokeMethod.evaluate(InvokeMethod.java:17)
	at org.junit.internal.runners.statements.RunBefores.evaluate(RunBefores.java:26)
	at org.junit.internal.runners.statements.RunAfters.evaluate(RunAfters.java:27)
	at org.junit.rules.TestWatcher$1.evaluate(TestWatcher.java:55)
	at org.junit.rules.RunRules.evaluate(RunRules.java:20)
	at org.junit.runners.ParentRunner.runLeaf(ParentRunner.java:325)
	at com.dotcms.junit.CustomDataProviderRunner.runChild(CustomDataProviderRunner.java:28)
	at com.dotcms.junit.CustomDataProviderRunner.runChild(CustomDataProviderRunner.java:13)
	at org.junit.runners.ParentRunner$3.run(ParentRunner.java:290)
	at org.junit.runners.ParentRunner$1.schedule(ParentRunner.java:71)
	at org.junit.runners.ParentRunner.runChildren(ParentRunner.java:288)
	at org.junit.runners.ParentRunner.access$000(ParentRunner.java:58)
	at org.junit.runners.ParentRunner$2.evaluate(ParentRunner.java:268)
	at org.junit.internal.runners.statements.RunBefores.evaluate(RunBefores.java:26)
	at org.junit.runners.ParentRunner.run(ParentRunner.java:363)
	at org.junit.runners.Suite.runChild(Suite.java:128)
	at org.junit.runners.Suite.runChild(Suite.java:27)
	at org.junit.runners.ParentRunner$3.run(ParentRunner.java:290)
	at org.junit.runners.ParentRunner$1.schedule(ParentRunner.java:71)
	at org.junit.runners.ParentRunner.runChildren(ParentRunner.java:288)
	at org.junit.runners.ParentRunner.access$000(ParentRunner.java:58)
	at org.junit.runners.ParentRunner$2.evaluate(ParentRunner.java:268)
	at org.junit.runners.ParentRunner.run(ParentRunner.java:363)
	at org.gradle.api.internal.tasks.testing.junit.JUnitTestClassExecutor.runTestClass(JUnitTestClassExecutor.java:106)
	at org.gradle.api.internal.tasks.testing.junit.JUnitTestClassExecutor.execute(JUnitTestClassExecutor.java:58)
	at org.gradle.api.internal.tasks.testing.junit.JUnitTestClassExecutor.execute(JUnitTestClassExecutor.java:38)
	at org.gradle.api.internal.tasks.testing.junit.AbstractJUnitTestClassProcessor.processTestClass(AbstractJUnitTestClassProcessor.java:66)
	at org.gradle.api.internal.tasks.testing.SuiteTestClassProcessor.processTestClass(SuiteTestClassProcessor.java:51)
	at sun.reflect.NativeMethodAccessorImpl.invoke0(Native Method)
	at sun.reflect.NativeMethodAccessorImpl.invoke(NativeMethodAccessorImpl.java:62)
	at sun.reflect.DelegatingMethodAccessorImpl.invoke(DelegatingMethodAccessorImpl.java:43)
	at java.lang.reflect.Method.invoke(Method.java:498)
	at org.gradle.internal.dispatch.ReflectionDispatch.dispatch(ReflectionDispatch.java:35)
	at org.gradle.internal.dispatch.ReflectionDispatch.dispatch(ReflectionDispatch.java:24)
	at org.gradle.internal.dispatch.ContextClassLoaderDispatch.dispatch(ContextClassLoaderDispatch.java:32)
	at org.gradle.internal.dispatch.ProxyDispatchAdapter$DispatchingInvocationHandler.invoke(ProxyDispatchAdapter.java:93)
	at com.sun.proxy.$Proxy2.processTestClass(Unknown Source)
	at org.gradle.api.internal.tasks.testing.worker.TestWorker.processTestClass(TestWorker.java:117)
	at sun.reflect.NativeMethodAccessorImpl.invoke0(Native Method)
	at sun.reflect.NativeMethodAccessorImpl.invoke(NativeMethodAccessorImpl.java:62)
	at sun.reflect.DelegatingMethodAccessorImpl.invoke(DelegatingMethodAccessorImpl.java:43)
	at java.lang.reflect.Method.invoke(Method.java:498)
	at org.gradle.internal.dispatch.ReflectionDispatch.dispatch(ReflectionDispatch.java:35)
	at org.gradle.internal.dispatch.ReflectionDispatch.dispatch(ReflectionDispatch.java:24)
	at org.gradle.internal.remote.internal.hub.MessageHubBackedObjectConnection$DispatchWrapper.dispatch(MessageHubBackedObjectConnection.java:155)
	at org.gradle.internal.remote.internal.hub.MessageHubBackedObjectConnection$DispatchWrapper.dispatch(MessageHubBackedObjectConnection.java:137)
	at org.gradle.internal.remote.internal.hub.MessageHub$Handler.run(MessageHub.java:404)
	at org.gradle.internal.concurrent.ExecutorPolicy$CatchAndRecordFailures.onExecute(ExecutorPolicy.java:63)
	at org.gradle.internal.concurrent.ManagedExecutorImpl$1.run(ManagedExecutorImpl.java:46)
	at java.util.concurrent.ThreadPoolExecutor.runWorker(ThreadPoolExecutor.java:1149)
	at java.util.concurrent.ThreadPoolExecutor$Worker.run(ThreadPoolExecutor.java:624)
	at org.gradle.internal.concurrent.ThreadFactoryImpl$ManagedThreadRunnable.run(ThreadFactoryImpl.java:55)
	at java.lang.Thread.run(Thread.java:748)
Caused by: org.postgresql.util.PSQLException: ERROR: current transaction is aborted, commands ignored until end of transaction block
	at org.postgresql.core.v3.QueryExecutorImpl.receiveErrorResponse(QueryExecutorImpl.java:2497)
	at org.postgresql.core.v3.QueryExecutorImpl.processResults(QueryExecutorImpl.java:2233)
	at org.postgresql.core.v3.QueryExecutorImpl.execute(QueryExecutorImpl.java:310)
	at org.postgresql.jdbc.PgStatement.executeInternal(PgStatement.java:446)
	at org.postgresql.jdbc.PgStatement.execute(PgStatement.java:370)
	at org.postgresql.jdbc.PgPreparedStatement.executeWithFlags(PgPreparedStatement.java:149)
	at org.postgresql.jdbc.PgPreparedStatement.execute(PgPreparedStatement.java:138)
	at com.zaxxer.hikari.pool.ProxyPreparedStatement.execute(ProxyPreparedStatement.java:44)
	at com.zaxxer.hikari.pool.HikariProxyPreparedStatement.execute(HikariProxyPreparedStatement.java)
	at com.dotmarketing.common.db.DotConnect.executeQuery(DotConnect.java:619)
	at com.dotmarketing.common.db.DotConnect.executeQuery(DotConnect.java:532)
	at com.dotmarketing.common.db.DotConnect.loadResult(DotConnect.java:271)
	... 71 more
Caused by: org.postgresql.util.PSQLException: ERROR: relation &quot;use_&quot; does not exist
  Position: 15
	at org.postgresql.core.v3.QueryExecutorImpl.receiveErrorResponse(QueryExecutorImpl.java:2497)
	at org.postgresql.core.v3.QueryExecutorImpl.processResults(QueryExecutorImpl.java:2233)
	at org.postgresql.core.v3.QueryExecutorImpl.execute(QueryExecutorImpl.java:310)
	at org.postgresql.jdbc.PgStatement.executeInternal(PgStatement.java:446)
	at org.postgresql.jdbc.PgStatement.execute(PgStatement.java:370)
	at org.postgresql.jdbc.PgPreparedStatement.executeWithFlags(PgPreparedStatement.java:149)
	at org.postgresql.jdbc.PgPreparedStatement.executeQuery(PgPreparedStatement.java:108)
	at com.zaxxer.hikari.pool.ProxyPreparedStatement.executeQuery(ProxyPreparedStatement.java:52)
	at com.zaxxer.hikari.pool.HikariProxyPreparedStatement.executeQuery(HikariProxyPreparedStatement.java)
	at com.dotmarketing.common.db.DotConnect.executeQuery(DotConnect.java:629)
	at com.dotmarketing.common.db.DotConnect.executeQuery(DotConnect.java:532)
	at com.dotmarketing.common.db.DotConnect.loadResult(DotConnect.java:271)
	at com.dotmarketing.common.db.DotConnect.loadObjectResults(DotConnect.java:925)
	at com.dotmarketing.business.UserFactoryImpl.loadByUserEmailAndCompany(UserFactoryImpl.java:122)
	at com.dotmarketing.business.UserFactoryImpl.updateUser(UserFactoryImpl.java:289)
	... 70 more
</pre>
</span>
</div>
</div>
<div id="tab1" class="tab">
<h2>Tests</h2>
<table>
<thead>
<tr>
<th>Test</th>
<th>Duration</th>
<th>Result</th>
</tr>
</thead>
<tr>
<td class="success">archiveTemplate_expects_archive_true</td>
<td class="success">0.011s</td>
<td class="success">passed</td>
</tr>
<tr>
<td class="success">archiveTemplate_expects_unarchive_true</td>
<td class="success">0.017s</td>
<td class="success">passed</td>
</tr>
<tr>
<td class="success">copyTemplate</td>
<td class="success">0.079s</td>
<td class="success">passed</td>
</tr>
<tr>
<td class="success">delete</td>
<td class="success">0.064s</td>
<td class="success">passed</td>
</tr>
<tr>
<td class="success">findLiveTemplate</td>
<td class="success">0.017s</td>
<td class="success">passed</td>
</tr>
<tr>
<td class="success">findPagesByTemplate</td>
<td class="success">0.858s</td>
<td class="success">passed</td>
</tr>
<tr>
<td class="success">getContainersUUIDFromDrawTemplateBodyDoubleCommasTest</td>
<td class="success">0s</td>
<td class="success">passed</td>
</tr>
<tr>
<td class="success">getContainersUUIDFromDrawTemplateBodyLegacyTest</td>
<td class="success">0.001s</td>
<td class="success">passed</td>
</tr>
<tr>
<td class="success">getContainersUUIDFromDrawTemplateBodyTest</td>
<td class="success">0.001s</td>
<td class="success">passed</td>
</tr>
<tr>
<td class="success">getContainersUUIDFromDrawTemplateBodyTestNullInput</td>
<td class="success">0s</td>
<td class="success">passed</td>
</tr>
<tr>
<td class="success">publishTemplate_expects_live_true</td>
<td class="success">0.016s</td>
<td class="success">passed</td>
</tr>
<tr>
<td class="success">testFindLiveTemplateNoNPE</td>
<td class="success">0s</td>
<td class="success">passed</td>
</tr>
<tr>
<td class="success">testFindTemplates</td>
<td class="success">0.053s</td>
<td class="success">passed</td>
</tr>
<tr>
<td class="success">testFindTemplatesAssignedTo</td>
<td class="success">0.040s</td>
<td class="success">passed</td>
</tr>
<tr>
<td class="success">testFindTemplatesNoLayout</td>
<td class="success">0.074s</td>
<td class="success">passed</td>
</tr>
<tr>
<td class="success">testFindTemplatesUserCanUse_IncludeUniqueFilter_ShouldListOnlyOneResult</td>
<td class="success">0.053s</td>
<td class="success">passed</td>
</tr>
<tr>
<td class="success">testFindWorkingTemplateByName</td>
<td class="success">1.019s</td>
<td class="success">passed</td>
</tr>
<tr>
<td class="success">testFindWorkingTemplateNoNPE</td>
<td class="success">0s</td>
<td class="success">passed</td>
</tr>
<tr>
<td class="success">test_findAllVersions_IdentifierNotBelongToTemplate_returnEmptyList</td>
<td class="success">0.001s</td>
<td class="success">passed</td>
</tr>
<tr>
<td class="success">test_findAllVersions_success</td>
<td class="success">0.022s</td>
<td class="success">passed</td>
</tr>
<tr>
<td class="success">test_find_inode_not_exist_return_Null</td>
<td class="success">0.001s</td>
<td class="success">passed</td>
</tr>
<tr>
<td class="success">test_find_success</td>
<td class="success">0.013s</td>
<td class="success">passed</td>
</tr>
<tr>
<td class="success">test_newTemplate_checkIfSavesOwnerAndCreateDateOnIdentifier</td>
<td class="success">0.012s</td>
<td class="success">passed</td>
</tr>
<tr>
<td class="success">test_saveTemplate_editExistingTemplate</td>
<td class="success">0.451s</td>
<td class="success">passed</td>
</tr>
<tr>
<td class="failures">test_saveTemplate_limitedUser_noEnoughPermissions_fail</td>
<td class="failures">0.063s</td>
<td class="failures">failed</td>
</tr>
<tr>
<td class="failures">test_saveTemplate_limitedUser_success</td>
<td class="failures">0.990s</td>
<td class="failures">failed</td>
</tr>
<tr>
<td class="success">test_saveTemplate_newTemplate</td>
<td class="success">1.032s</td>
<td class="success">passed</td>
</tr>
<tr>
<td class="success">unpublishTemplate_expects_live_false</td>
<td class="success">0.047s</td>
<td class="success">passed</td>
</tr>
</table>
</div>
</div>
<div id="footer">
<p>
<div>
<label class="hidden" id="label-for-line-wrapping-toggle" for="line-wrapping-toggle">Wrap lines
<input id="line-wrapping-toggle" type="checkbox" autocomplete="off"/>
</label>
</div>Generated by 
<a href="http://www.gradle.org">Gradle 4.10.2</a> at Feb 5, 2021 1:01:46 AM</p>
</div>
</div>
</body>
</html>
