<!DOCTYPE html>
<html>
<head>
<meta http-equiv="Content-Type" content="text/html; charset=utf-8"/>
<meta http-equiv="x-ua-compatible" content="IE=edge"/>
<title>Test results - Class com.dotcms.publishing.PublisherAPIImplTest</title>
<link href="../css/base-style.css" rel="stylesheet" type="text/css"/>
<link href="../css/style.css" rel="stylesheet" type="text/css"/>
<script src="../js/report.js" type="text/javascript"></script>
</head>
<body>
<div id="content">
<h1>Class com.dotcms.publishing.PublisherAPIImplTest</h1>
<div class="breadcrumbs">
<a href="../index.html">all</a> &gt; 
<a href="../packages/com.dotcms.publishing.html">com.dotcms.publishing</a> &gt; PublisherAPIImplTest</div>
<div id="summary">
<table>
<tr>
<td>
<div class="summaryGroup">
<table>
<tr>
<td>
<div class="infoBox" id="tests">
<div class="counter">18</div>
<p>tests</p>
</div>
</td>
<td>
<div class="infoBox" id="failures">
<div class="counter">18</div>
<p>failures</p>
</div>
</td>
<td>
<div class="infoBox" id="ignored">
<div class="counter">0</div>
<p>ignored</p>
</div>
</td>
<td>
<div class="infoBox" id="duration">
<div class="counter">2.243s</div>
<p>duration</p>
</div>
</td>
</tr>
</table>
</div>
</td>
<td>
<div class="infoBox failures" id="successRate">
<div class="percent">0%</div>
<p>successful</p>
</div>
</td>
</tr>
</table>
</div>
<div id="tabs">
<ul class="tabLinks">
<li>
<a href="#tab0">Failed tests</a>
</li>
<li>
<a href="#tab1">Tests</a>
</li>
<li>
<a href="#tab2">Standard output</a>
</li>
</ul>
<div id="tab0" class="tab">
<h2>Failed tests</h2>
<div class="test">
<a name="publish[0: com.dotcms.publishing.PublisherAPIImplTest$TestCase@66c719b0]"></a>
<h3 class="failures">publish[0: com.dotcms.publishing.PublisherAPIImplTest$TestCase@66c719b0]</h3>
<span class="code">
<pre>java.lang.AssertionError: Expected 24 but get 26 in /custom/assets/bundles/01EZ59SR8RQ3RPZBAVBKYT581R
Expected [/custom/assets/bundles/01EZ59SR8RQ3RPZBAVBKYT581R/working/test1614007247886.dotcms.com/68614192-d0d0-4e42-8e47-2a6898189c1d.contentType.json, /custom/assets/bundles/01EZ59SR8RQ3RPZBAVBKYT581R/working/System Host/1/331b905c-30a2-46c3-b6ac-e91e20c3c246.contentworkflow.xml, /custom/assets/bundles/01EZ59SR8RQ3RPZBAVBKYT581R/live/default/1614009489250/086f16d1-d768-46fe-a32d-1403888f9e1f.contentworkflow.xml, /custom/assets/bundles/01EZ59SR8RQ3RPZBAVBKYT581R/live/System Host/tf_ZA.language.xml, /custom/assets/bundles/01EZ59SR8RQ3RPZBAVBKYT581R/live/System Host/1/content.8c49ce09-9151-4ae4-9bf6-3255b4fb17ad.host.xml, /custom/assets/bundles/01EZ59SR8RQ3RPZBAVBKYT581R/working/System Host/f66bf05a-e9e7-45fd-b8f7-6f3b4c79c56b.category.dpc.xml, /custom/assets/bundles/01EZ59SR8RQ3RPZBAVBKYT581R/working/test1614007247886.dotcms.com/c598dadb-5f1e-44e9-9e6e-9a16cd9afe56.relationship.xml, /custom/assets/bundles/01EZ59SR8RQ3RPZBAVBKYT581R/live/System Host/1614009489250properties, /custom/assets/bundles/01EZ59SR8RQ3RPZBAVBKYT581R/live/default/0578beaa-164c-41ae-bdd4-12490b1cfa5e.rule.xml, /custom/assets/bundles/01EZ59SR8RQ3RPZBAVBKYT581R/live/System Host/1/content.ff462f88-d9e1-4d31-b084-b73cb61976d3.host.xml, /custom/assets/bundles/01EZ59SR8RQ3RPZBAVBKYT581R/d61a59e1-a49c-46f2-a929-db2b4bfa88b2.workflow.xml, /custom/assets/bundles/01EZ59SR8RQ3RPZBAVBKYT581R/live/default/1614009489250/0-content.7946546d-6c52-45fb-8053-4f79ff2d4495.content.xml, /custom/assets/bundles/01EZ59SR8RQ3RPZBAVBKYT581R/live/System Host/1properties, /custom/assets/bundles/01EZ59SR8RQ3RPZBAVBKYT581R/live/System Host/1/e59cedec-f4ff-43eb-b3e0-7b6359e63e1c.contentworkflow.xml, /custom/assets/bundles/01EZ59SR8RQ3RPZBAVBKYT581R/live/System Host/1/331b905c-30a2-46c3-b6ac-e91e20c3c246.contentworkflow.xml, /custom/assets/bundles/01EZ59SR8RQ3RPZBAVBKYT581R/cd53487b-ce88-466c-9906-73adef57945f.workflow.xml, /custom/assets/bundles/01EZ59SR8RQ3RPZBAVBKYT581R/working/System Host/1/2-content.a4c51300-d58e-48d4-b5d9-0d33bf2ac79f.content.xml, /custom/assets/bundles/01EZ59SR8RQ3RPZBAVBKYT581R/live/System Host/en_US.language.xml, /custom/assets/bundles/01EZ59SR8RQ3RPZBAVBKYT581R/working/test1614007247886.dotcms.com/ddc1cf2b-c19b-499e-a89b-3b8fcd63ec5d.contentType.json, /custom/assets/bundles/01EZ59SR8RQ3RPZBAVBKYT581R/working/System Host/1/content.ff462f88-d9e1-4d31-b084-b73cb61976d3.host.xml, /custom/assets/bundles/01EZ59SR8RQ3RPZBAVBKYT581R/live/System Host/1/3-content.a4c51300-d58e-48d4-b5d9-0d33bf2ac79f.content.xml, /custom/assets/bundles/01EZ59SR8RQ3RPZBAVBKYT581R/working/System Host/f4d7c1b8-2c88-4071-abf1-a5328977b07d.contentType.json, /custom/assets/bundles/01EZ59SR8RQ3RPZBAVBKYT581R/live/System Host/1/1-content.27652c0f-b294-440a-9103-347730ac289b.content.xml]
Existing [/custom/assets/bundles/01EZ59SR8RQ3RPZBAVBKYT581R/ROOT/bc9a1d37-dd2d-4d49-a29d-0c9be740bfaf.folder.xml, /custom/assets/bundles/01EZ59SR8RQ3RPZBAVBKYT581R/bundle.xml, /custom/assets/bundles/01EZ59SR8RQ3RPZBAVBKYT581R/cd53487b-ce88-466c-9906-73adef57945f.workflow.xml, /custom/assets/bundles/01EZ59SR8RQ3RPZBAVBKYT581R/d61a59e1-a49c-46f2-a929-db2b4bfa88b2.workflow.xml, /custom/assets/bundles/01EZ59SR8RQ3RPZBAVBKYT581R/live/System Host/1/1-content.27652c0f-b294-440a-9103-347730ac289b.content.xml, /custom/assets/bundles/01EZ59SR8RQ3RPZBAVBKYT581R/live/System Host/1/3-content.a4c51300-d58e-48d4-b5d9-0d33bf2ac79f.content.xml, /custom/assets/bundles/01EZ59SR8RQ3RPZBAVBKYT581R/live/System Host/1/331b905c-30a2-46c3-b6ac-e91e20c3c246.contentworkflow.xml, /custom/assets/bundles/01EZ59SR8RQ3RPZBAVBKYT581R/live/System Host/1/content.8c49ce09-9151-4ae4-9bf6-3255b4fb17ad.host.xml, /custom/assets/bundles/01EZ59SR8RQ3RPZBAVBKYT581R/live/System Host/1/content.ff462f88-d9e1-4d31-b084-b73cb61976d3.host.xml, /custom/assets/bundles/01EZ59SR8RQ3RPZBAVBKYT581R/live/System Host/1/e59cedec-f4ff-43eb-b3e0-7b6359e63e1c.contentworkflow.xml, /custom/assets/bundles/01EZ59SR8RQ3RPZBAVBKYT581R/live/System Host/1/system host.host.xml, /custom/assets/bundles/01EZ59SR8RQ3RPZBAVBKYT581R/live/System Host/1614009489250properties, /custom/assets/bundles/01EZ59SR8RQ3RPZBAVBKYT581R/live/System Host/1properties, /custom/assets/bundles/01EZ59SR8RQ3RPZBAVBKYT581R/live/System Host/en_US.language.xml, /custom/assets/bundles/01EZ59SR8RQ3RPZBAVBKYT581R/live/System Host/tf_ZA.language.xml, /custom/assets/bundles/01EZ59SR8RQ3RPZBAVBKYT581R/live/default/0578beaa-164c-41ae-bdd4-12490b1cfa5e.rule.xml, /custom/assets/bundles/01EZ59SR8RQ3RPZBAVBKYT581R/live/default/1614009489250/0-content.7946546d-6c52-45fb-8053-4f79ff2d4495.content.xml, /custom/assets/bundles/01EZ59SR8RQ3RPZBAVBKYT581R/live/default/1614009489250/086f16d1-d768-46fe-a32d-1403888f9e1f.contentworkflow.xml, /custom/assets/bundles/01EZ59SR8RQ3RPZBAVBKYT581R/working/System Host/1/2-content.a4c51300-d58e-48d4-b5d9-0d33bf2ac79f.content.xml, /custom/assets/bundles/01EZ59SR8RQ3RPZBAVBKYT581R/working/System Host/1/331b905c-30a2-46c3-b6ac-e91e20c3c246.contentworkflow.xml, /custom/assets/bundles/01EZ59SR8RQ3RPZBAVBKYT581R/working/System Host/1/content.ff462f88-d9e1-4d31-b084-b73cb61976d3.host.xml, /custom/assets/bundles/01EZ59SR8RQ3RPZBAVBKYT581R/working/System Host/f4d7c1b8-2c88-4071-abf1-a5328977b07d.contentType.json, /custom/assets/bundles/01EZ59SR8RQ3RPZBAVBKYT581R/working/System Host/f66bf05a-e9e7-45fd-b8f7-6f3b4c79c56b.category.dpc.xml, /custom/assets/bundles/01EZ59SR8RQ3RPZBAVBKYT581R/working/test1614007247886.dotcms.com/68614192-d0d0-4e42-8e47-2a6898189c1d.contentType.json, /custom/assets/bundles/01EZ59SR8RQ3RPZBAVBKYT581R/working/test1614007247886.dotcms.com/c598dadb-5f1e-44e9-9e6e-9a16cd9afe56.relationship.xml, /custom/assets/bundles/01EZ59SR8RQ3RPZBAVBKYT581R/working/test1614007247886.dotcms.com/ddc1cf2b-c19b-499e-a89b-3b8fcd63ec5d.contentType.json]
difference [/custom/assets/bundles/01EZ59SR8RQ3RPZBAVBKYT581R/ROOT/bc9a1d37-dd2d-4d49-a29d-0c9be740bfaf.folder.xml, /custom/assets/bundles/01EZ59SR8RQ3RPZBAVBKYT581R/bundle.xml, /custom/assets/bundles/01EZ59SR8RQ3RPZBAVBKYT581R/live/System Host/1/system host.host.xml]

	at org.jgroups.util.Util.assertEquals(Util.java:185)
	at com.dotcms.publishing.PublisherAPIImplTest.publish(PublisherAPIImplTest.java:407)
	at sun.reflect.NativeMethodAccessorImpl.invoke0(Native Method)
	at sun.reflect.NativeMethodAccessorImpl.invoke(NativeMethodAccessorImpl.java:62)
	at sun.reflect.DelegatingMethodAccessorImpl.invoke(DelegatingMethodAccessorImpl.java:43)
	at java.lang.reflect.Method.invoke(Method.java:498)
	at org.junit.runners.model.FrameworkMethod$1.runReflectiveCall(FrameworkMethod.java:50)
	at org.junit.internal.runners.model.ReflectiveCallable.run(ReflectiveCallable.java:12)
	at org.junit.runners.model.FrameworkMethod.invokeExplosively(FrameworkMethod.java:47)
	at com.tngtech.java.junit.dataprovider.DataProviderFrameworkMethod.invokeExplosively(DataProviderFrameworkMethod.java:119)
	at org.junit.internal.runners.statements.InvokeMethod.evaluate(InvokeMethod.java:17)
	at org.junit.rules.TestWatcher$1.evaluate(TestWatcher.java:55)
	at org.junit.rules.RunRules.evaluate(RunRules.java:20)
	at org.junit.runners.ParentRunner.runLeaf(ParentRunner.java:325)
	at com.dotcms.junit.CustomDataProviderRunner.runChild(CustomDataProviderRunner.java:28)
	at com.dotcms.junit.CustomDataProviderRunner.runChild(CustomDataProviderRunner.java:13)
	at org.junit.runners.ParentRunner$3.run(ParentRunner.java:290)
	at org.junit.runners.ParentRunner$1.schedule(ParentRunner.java:71)
	at org.junit.runners.ParentRunner.runChildren(ParentRunner.java:288)
	at org.junit.runners.ParentRunner.access$000(ParentRunner.java:58)
	at org.junit.runners.ParentRunner$2.evaluate(ParentRunner.java:268)
	at org.junit.internal.runners.statements.RunBefores.evaluate(RunBefores.java:26)
	at org.junit.internal.runners.statements.RunAfters.evaluate(RunAfters.java:27)
	at org.junit.runners.ParentRunner.run(ParentRunner.java:363)
	at org.junit.runners.Suite.runChild(Suite.java:128)
	at org.junit.runners.Suite.runChild(Suite.java:27)
	at org.junit.runners.ParentRunner$3.run(ParentRunner.java:290)
	at org.junit.runners.ParentRunner$1.schedule(ParentRunner.java:71)
	at org.junit.runners.ParentRunner.runChildren(ParentRunner.java:288)
	at org.junit.runners.ParentRunner.access$000(ParentRunner.java:58)
	at org.junit.runners.ParentRunner$2.evaluate(ParentRunner.java:268)
	at org.junit.runners.ParentRunner.run(ParentRunner.java:363)
	at org.gradle.api.internal.tasks.testing.junit.JUnitTestClassExecutor.runTestClass(JUnitTestClassExecutor.java:106)
	at org.gradle.api.internal.tasks.testing.junit.JUnitTestClassExecutor.execute(JUnitTestClassExecutor.java:58)
	at org.gradle.api.internal.tasks.testing.junit.JUnitTestClassExecutor.execute(JUnitTestClassExecutor.java:38)
	at org.gradle.api.internal.tasks.testing.junit.AbstractJUnitTestClassProcessor.processTestClass(AbstractJUnitTestClassProcessor.java:66)
	at org.gradle.api.internal.tasks.testing.SuiteTestClassProcessor.processTestClass(SuiteTestClassProcessor.java:51)
	at sun.reflect.NativeMethodAccessorImpl.invoke0(Native Method)
	at sun.reflect.NativeMethodAccessorImpl.invoke(NativeMethodAccessorImpl.java:62)
	at sun.reflect.DelegatingMethodAccessorImpl.invoke(DelegatingMethodAccessorImpl.java:43)
	at java.lang.reflect.Method.invoke(Method.java:498)
	at org.gradle.internal.dispatch.ReflectionDispatch.dispatch(ReflectionDispatch.java:35)
	at org.gradle.internal.dispatch.ReflectionDispatch.dispatch(ReflectionDispatch.java:24)
	at org.gradle.internal.dispatch.ContextClassLoaderDispatch.dispatch(ContextClassLoaderDispatch.java:32)
	at org.gradle.internal.dispatch.ProxyDispatchAdapter$DispatchingInvocationHandler.invoke(ProxyDispatchAdapter.java:93)
	at com.sun.proxy.$Proxy2.processTestClass(Unknown Source)
	at org.gradle.api.internal.tasks.testing.worker.TestWorker.processTestClass(TestWorker.java:117)
	at sun.reflect.NativeMethodAccessorImpl.invoke0(Native Method)
	at sun.reflect.NativeMethodAccessorImpl.invoke(NativeMethodAccessorImpl.java:62)
	at sun.reflect.DelegatingMethodAccessorImpl.invoke(DelegatingMethodAccessorImpl.java:43)
	at java.lang.reflect.Method.invoke(Method.java:498)
	at org.gradle.internal.dispatch.ReflectionDispatch.dispatch(ReflectionDispatch.java:35)
	at org.gradle.internal.dispatch.ReflectionDispatch.dispatch(ReflectionDispatch.java:24)
	at org.gradle.internal.remote.internal.hub.MessageHubBackedObjectConnection$DispatchWrapper.dispatch(MessageHubBackedObjectConnection.java:155)
	at org.gradle.internal.remote.internal.hub.MessageHubBackedObjectConnection$DispatchWrapper.dispatch(MessageHubBackedObjectConnection.java:137)
	at org.gradle.internal.remote.internal.hub.MessageHub$Handler.run(MessageHub.java:404)
	at org.gradle.internal.concurrent.ExecutorPolicy$CatchAndRecordFailures.onExecute(ExecutorPolicy.java:63)
	at org.gradle.internal.concurrent.ManagedExecutorImpl$1.run(ManagedExecutorImpl.java:46)
	at java.util.concurrent.ThreadPoolExecutor.runWorker(ThreadPoolExecutor.java:1149)
	at java.util.concurrent.ThreadPoolExecutor$Worker.run(ThreadPoolExecutor.java:624)
	at org.gradle.internal.concurrent.ThreadFactoryImpl$ManagedThreadRunnable.run(ThreadFactoryImpl.java:55)
	at java.lang.Thread.run(Thread.java:748)
</pre>
</span>
</div>
<div class="test">
<a name="publish[10: com.dotcms.publishing.PublisherAPIImplTest$TestCase@4c579566]"></a>
<h3 class="failures">publish[10: com.dotcms.publishing.PublisherAPIImplTest$TestCase@4c579566]</h3>
<span class="code">
<pre>java.lang.AssertionError: Expected 23 but get 25 in /custom/assets/bundles/01EZ59SSKYNRJM3XZYTHGY1NVB
Expected [/custom/assets/bundles/01EZ59SSKYNRJM3XZYTHGY1NVB/live/System Host/1/1-content.27652c0f-b294-440a-9103-347730ac289b.content.xml, /custom/assets/bundles/01EZ59SSKYNRJM3XZYTHGY1NVB/live/default/1614009489250/0-content.7946546d-6c52-45fb-8053-4f79ff2d4495.content.xml, /custom/assets/bundles/01EZ59SSKYNRJM3XZYTHGY1NVB/working/System Host/1/2-content.a4c51300-d58e-48d4-b5d9-0d33bf2ac79f.content.xml, /custom/assets/bundles/01EZ59SSKYNRJM3XZYTHGY1NVB/live/System Host/1/331b905c-30a2-46c3-b6ac-e91e20c3c246.contentworkflow.xml, /custom/assets/bundles/01EZ59SSKYNRJM3XZYTHGY1NVB/working/System Host/f4d7c1b8-2c88-4071-abf1-a5328977b07d.contentType.json, /custom/assets/bundles/01EZ59SSKYNRJM3XZYTHGY1NVB/live/System Host/1614009489250properties, /custom/assets/bundles/01EZ59SSKYNRJM3XZYTHGY1NVB/live/System Host/en_US.language.xml, /custom/assets/bundles/01EZ59SSKYNRJM3XZYTHGY1NVB/working/test1614007248904.dotcms.com/2eb6cdfa-5e95-4789-b30f-732e7138adfe.contentType.json, /custom/assets/bundles/01EZ59SSKYNRJM3XZYTHGY1NVB/live/System Host/1/content.ff462f88-d9e1-4d31-b084-b73cb61976d3.host.xml, /custom/assets/bundles/01EZ59SSKYNRJM3XZYTHGY1NVB/working/System Host/1/331b905c-30a2-46c3-b6ac-e91e20c3c246.contentworkflow.xml, /custom/assets/bundles/01EZ59SSKYNRJM3XZYTHGY1NVB/live/System Host/1/3-content.a4c51300-d58e-48d4-b5d9-0d33bf2ac79f.content.xml, /custom/assets/bundles/01EZ59SSKYNRJM3XZYTHGY1NVB/d61a59e1-a49c-46f2-a929-db2b4bfa88b2.workflow.xml, /custom/assets/bundles/01EZ59SSKYNRJM3XZYTHGY1NVB/working/test1614007248904.dotcms.com/188d19cd-1f6a-42b1-b5b0-71b1e8e5198b.containers.container.xml, /custom/assets/bundles/01EZ59SSKYNRJM3XZYTHGY1NVB/live/System Host/tf_ZA.language.xml, /custom/assets/bundles/01EZ59SSKYNRJM3XZYTHGY1NVB/live/System Host/1properties, /custom/assets/bundles/01EZ59SSKYNRJM3XZYTHGY1NVB/live/System Host/1/content.b0af339c-4bac-4a3f-85c1-7bd6e9671acf.host.xml, /custom/assets/bundles/01EZ59SSKYNRJM3XZYTHGY1NVB/working/test1614007248904.dotcms.com/330da0df-b29a-43b2-9f29-2fa9cf8af224.containers.container.xml, /custom/assets/bundles/01EZ59SSKYNRJM3XZYTHGY1NVB/live/System Host/1/e59cedec-f4ff-43eb-b3e0-7b6359e63e1c.contentworkflow.xml, /custom/assets/bundles/01EZ59SSKYNRJM3XZYTHGY1NVB/live/test1614007248904.dotcms.com/9a6e08ad-d480-4493-b91a-ec4b66271ff6.template.template.xml, /custom/assets/bundles/01EZ59SSKYNRJM3XZYTHGY1NVB/live/default/1614009489250/086f16d1-d768-46fe-a32d-1403888f9e1f.contentworkflow.xml, /custom/assets/bundles/01EZ59SSKYNRJM3XZYTHGY1NVB/working/System Host/1/content.ff462f88-d9e1-4d31-b084-b73cb61976d3.host.xml, /custom/assets/bundles/01EZ59SSKYNRJM3XZYTHGY1NVB/live/default/0578beaa-164c-41ae-bdd4-12490b1cfa5e.rule.xml]
Existing [/custom/assets/bundles/01EZ59SSKYNRJM3XZYTHGY1NVB/ROOT/bc9a1d37-dd2d-4d49-a29d-0c9be740bfaf.folder.xml, /custom/assets/bundles/01EZ59SSKYNRJM3XZYTHGY1NVB/bundle.xml, /custom/assets/bundles/01EZ59SSKYNRJM3XZYTHGY1NVB/d61a59e1-a49c-46f2-a929-db2b4bfa88b2.workflow.xml, /custom/assets/bundles/01EZ59SSKYNRJM3XZYTHGY1NVB/live/System Host/1/1-content.27652c0f-b294-440a-9103-347730ac289b.content.xml, /custom/assets/bundles/01EZ59SSKYNRJM3XZYTHGY1NVB/live/System Host/1/3-content.a4c51300-d58e-48d4-b5d9-0d33bf2ac79f.content.xml, /custom/assets/bundles/01EZ59SSKYNRJM3XZYTHGY1NVB/live/System Host/1/331b905c-30a2-46c3-b6ac-e91e20c3c246.contentworkflow.xml, /custom/assets/bundles/01EZ59SSKYNRJM3XZYTHGY1NVB/live/System Host/1/content.b0af339c-4bac-4a3f-85c1-7bd6e9671acf.host.xml, /custom/assets/bundles/01EZ59SSKYNRJM3XZYTHGY1NVB/live/System Host/1/content.ff462f88-d9e1-4d31-b084-b73cb61976d3.host.xml, /custom/assets/bundles/01EZ59SSKYNRJM3XZYTHGY1NVB/live/System Host/1/e59cedec-f4ff-43eb-b3e0-7b6359e63e1c.contentworkflow.xml, /custom/assets/bundles/01EZ59SSKYNRJM3XZYTHGY1NVB/live/System Host/1/system host.host.xml, /custom/assets/bundles/01EZ59SSKYNRJM3XZYTHGY1NVB/live/System Host/1614009489250properties, /custom/assets/bundles/01EZ59SSKYNRJM3XZYTHGY1NVB/live/System Host/1properties, /custom/assets/bundles/01EZ59SSKYNRJM3XZYTHGY1NVB/live/System Host/en_US.language.xml, /custom/assets/bundles/01EZ59SSKYNRJM3XZYTHGY1NVB/live/System Host/tf_ZA.language.xml, /custom/assets/bundles/01EZ59SSKYNRJM3XZYTHGY1NVB/live/default/0578beaa-164c-41ae-bdd4-12490b1cfa5e.rule.xml, /custom/assets/bundles/01EZ59SSKYNRJM3XZYTHGY1NVB/live/default/1614009489250/0-content.7946546d-6c52-45fb-8053-4f79ff2d4495.content.xml, /custom/assets/bundles/01EZ59SSKYNRJM3XZYTHGY1NVB/live/default/1614009489250/086f16d1-d768-46fe-a32d-1403888f9e1f.contentworkflow.xml, /custom/assets/bundles/01EZ59SSKYNRJM3XZYTHGY1NVB/live/test1614007248904.dotcms.com/9a6e08ad-d480-4493-b91a-ec4b66271ff6.template.template.xml, /custom/assets/bundles/01EZ59SSKYNRJM3XZYTHGY1NVB/working/System Host/1/2-content.a4c51300-d58e-48d4-b5d9-0d33bf2ac79f.content.xml, /custom/assets/bundles/01EZ59SSKYNRJM3XZYTHGY1NVB/working/System Host/1/331b905c-30a2-46c3-b6ac-e91e20c3c246.contentworkflow.xml, /custom/assets/bundles/01EZ59SSKYNRJM3XZYTHGY1NVB/working/System Host/1/content.ff462f88-d9e1-4d31-b084-b73cb61976d3.host.xml, /custom/assets/bundles/01EZ59SSKYNRJM3XZYTHGY1NVB/working/System Host/f4d7c1b8-2c88-4071-abf1-a5328977b07d.contentType.json, /custom/assets/bundles/01EZ59SSKYNRJM3XZYTHGY1NVB/working/test1614007248904.dotcms.com/188d19cd-1f6a-42b1-b5b0-71b1e8e5198b.containers.container.xml, /custom/assets/bundles/01EZ59SSKYNRJM3XZYTHGY1NVB/working/test1614007248904.dotcms.com/2eb6cdfa-5e95-4789-b30f-732e7138adfe.contentType.json, /custom/assets/bundles/01EZ59SSKYNRJM3XZYTHGY1NVB/working/test1614007248904.dotcms.com/330da0df-b29a-43b2-9f29-2fa9cf8af224.containers.container.xml]
difference [/custom/assets/bundles/01EZ59SSKYNRJM3XZYTHGY1NVB/ROOT/bc9a1d37-dd2d-4d49-a29d-0c9be740bfaf.folder.xml, /custom/assets/bundles/01EZ59SSKYNRJM3XZYTHGY1NVB/bundle.xml, /custom/assets/bundles/01EZ59SSKYNRJM3XZYTHGY1NVB/live/System Host/1/system host.host.xml]

	at org.jgroups.util.Util.assertEquals(Util.java:185)
	at com.dotcms.publishing.PublisherAPIImplTest.publish(PublisherAPIImplTest.java:407)
	at sun.reflect.NativeMethodAccessorImpl.invoke0(Native Method)
	at sun.reflect.NativeMethodAccessorImpl.invoke(NativeMethodAccessorImpl.java:62)
	at sun.reflect.DelegatingMethodAccessorImpl.invoke(DelegatingMethodAccessorImpl.java:43)
	at java.lang.reflect.Method.invoke(Method.java:498)
	at org.junit.runners.model.FrameworkMethod$1.runReflectiveCall(FrameworkMethod.java:50)
	at org.junit.internal.runners.model.ReflectiveCallable.run(ReflectiveCallable.java:12)
	at org.junit.runners.model.FrameworkMethod.invokeExplosively(FrameworkMethod.java:47)
	at com.tngtech.java.junit.dataprovider.DataProviderFrameworkMethod.invokeExplosively(DataProviderFrameworkMethod.java:119)
	at org.junit.internal.runners.statements.InvokeMethod.evaluate(InvokeMethod.java:17)
	at org.junit.rules.TestWatcher$1.evaluate(TestWatcher.java:55)
	at org.junit.rules.RunRules.evaluate(RunRules.java:20)
	at org.junit.runners.ParentRunner.runLeaf(ParentRunner.java:325)
	at com.dotcms.junit.CustomDataProviderRunner.runChild(CustomDataProviderRunner.java:28)
	at com.dotcms.junit.CustomDataProviderRunner.runChild(CustomDataProviderRunner.java:13)
	at org.junit.runners.ParentRunner$3.run(ParentRunner.java:290)
	at org.junit.runners.ParentRunner$1.schedule(ParentRunner.java:71)
	at org.junit.runners.ParentRunner.runChildren(ParentRunner.java:288)
	at org.junit.runners.ParentRunner.access$000(ParentRunner.java:58)
	at org.junit.runners.ParentRunner$2.evaluate(ParentRunner.java:268)
	at org.junit.internal.runners.statements.RunBefores.evaluate(RunBefores.java:26)
	at org.junit.internal.runners.statements.RunAfters.evaluate(RunAfters.java:27)
	at org.junit.runners.ParentRunner.run(ParentRunner.java:363)
	at org.junit.runners.Suite.runChild(Suite.java:128)
	at org.junit.runners.Suite.runChild(Suite.java:27)
	at org.junit.runners.ParentRunner$3.run(ParentRunner.java:290)
	at org.junit.runners.ParentRunner$1.schedule(ParentRunner.java:71)
	at org.junit.runners.ParentRunner.runChildren(ParentRunner.java:288)
	at org.junit.runners.ParentRunner.access$000(ParentRunner.java:58)
	at org.junit.runners.ParentRunner$2.evaluate(ParentRunner.java:268)
	at org.junit.runners.ParentRunner.run(ParentRunner.java:363)
	at org.gradle.api.internal.tasks.testing.junit.JUnitTestClassExecutor.runTestClass(JUnitTestClassExecutor.java:106)
	at org.gradle.api.internal.tasks.testing.junit.JUnitTestClassExecutor.execute(JUnitTestClassExecutor.java:58)
	at org.gradle.api.internal.tasks.testing.junit.JUnitTestClassExecutor.execute(JUnitTestClassExecutor.java:38)
	at org.gradle.api.internal.tasks.testing.junit.AbstractJUnitTestClassProcessor.processTestClass(AbstractJUnitTestClassProcessor.java:66)
	at org.gradle.api.internal.tasks.testing.SuiteTestClassProcessor.processTestClass(SuiteTestClassProcessor.java:51)
	at sun.reflect.NativeMethodAccessorImpl.invoke0(Native Method)
	at sun.reflect.NativeMethodAccessorImpl.invoke(NativeMethodAccessorImpl.java:62)
	at sun.reflect.DelegatingMethodAccessorImpl.invoke(DelegatingMethodAccessorImpl.java:43)
	at java.lang.reflect.Method.invoke(Method.java:498)
	at org.gradle.internal.dispatch.ReflectionDispatch.dispatch(ReflectionDispatch.java:35)
	at org.gradle.internal.dispatch.ReflectionDispatch.dispatch(ReflectionDispatch.java:24)
	at org.gradle.internal.dispatch.ContextClassLoaderDispatch.dispatch(ContextClassLoaderDispatch.java:32)
	at org.gradle.internal.dispatch.ProxyDispatchAdapter$DispatchingInvocationHandler.invoke(ProxyDispatchAdapter.java:93)
	at com.sun.proxy.$Proxy2.processTestClass(Unknown Source)
	at org.gradle.api.internal.tasks.testing.worker.TestWorker.processTestClass(TestWorker.java:117)
	at sun.reflect.NativeMethodAccessorImpl.invoke0(Native Method)
	at sun.reflect.NativeMethodAccessorImpl.invoke(NativeMethodAccessorImpl.java:62)
	at sun.reflect.DelegatingMethodAccessorImpl.invoke(DelegatingMethodAccessorImpl.java:43)
	at java.lang.reflect.Method.invoke(Method.java:498)
	at org.gradle.internal.dispatch.ReflectionDispatch.dispatch(ReflectionDispatch.java:35)
	at org.gradle.internal.dispatch.ReflectionDispatch.dispatch(ReflectionDispatch.java:24)
	at org.gradle.internal.remote.internal.hub.MessageHubBackedObjectConnection$DispatchWrapper.dispatch(MessageHubBackedObjectConnection.java:155)
	at org.gradle.internal.remote.internal.hub.MessageHubBackedObjectConnection$DispatchWrapper.dispatch(MessageHubBackedObjectConnection.java:137)
	at org.gradle.internal.remote.internal.hub.MessageHub$Handler.run(MessageHub.java:404)
	at org.gradle.internal.concurrent.ExecutorPolicy$CatchAndRecordFailures.onExecute(ExecutorPolicy.java:63)
	at org.gradle.internal.concurrent.ManagedExecutorImpl$1.run(ManagedExecutorImpl.java:46)
	at java.util.concurrent.ThreadPoolExecutor.runWorker(ThreadPoolExecutor.java:1149)
	at java.util.concurrent.ThreadPoolExecutor$Worker.run(ThreadPoolExecutor.java:624)
	at org.gradle.internal.concurrent.ThreadFactoryImpl$ManagedThreadRunnable.run(ThreadFactoryImpl.java:55)
	at java.lang.Thread.run(Thread.java:748)
</pre>
</span>
</div>
<div class="test">
<a name="publish[11: com.dotcms.publishing.PublisherAPIImplTest$TestCase@6d5d1eac]"></a>
<h3 class="failures">publish[11: com.dotcms.publishing.PublisherAPIImplTest$TestCase@6d5d1eac]</h3>
<span class="code">
<pre>java.lang.AssertionError: Expected 21 but get 23 in /custom/assets/bundles/01EZ59SSQ542SXV29A2BHPJZND
Expected [/custom/assets/bundles/01EZ59SSQ542SXV29A2BHPJZND/live/System Host/1/3-content.a4c51300-d58e-48d4-b5d9-0d33bf2ac79f.content.xml, /custom/assets/bundles/01EZ59SSQ542SXV29A2BHPJZND/live/default/1614009489250/086f16d1-d768-46fe-a32d-1403888f9e1f.contentworkflow.xml, /custom/assets/bundles/01EZ59SSQ542SXV29A2BHPJZND/working/test1614007249879.dotcms.com/78b006dc-5576-4f15-9945-aa534e546ac3.containers.container.xml, /custom/assets/bundles/01EZ59SSQ542SXV29A2BHPJZND/working/System Host/1/331b905c-30a2-46c3-b6ac-e91e20c3c246.contentworkflow.xml, /custom/assets/bundles/01EZ59SSQ542SXV29A2BHPJZND/live/System Host/1/e59cedec-f4ff-43eb-b3e0-7b6359e63e1c.contentworkflow.xml, /custom/assets/bundles/01EZ59SSQ542SXV29A2BHPJZND/live/System Host/1/331b905c-30a2-46c3-b6ac-e91e20c3c246.contentworkflow.xml, /custom/assets/bundles/01EZ59SSQ542SXV29A2BHPJZND/live/System Host/en_US.language.xml, /custom/assets/bundles/01EZ59SSQ542SXV29A2BHPJZND/working/System Host/f4d7c1b8-2c88-4071-abf1-a5328977b07d.contentType.json, /custom/assets/bundles/01EZ59SSQ542SXV29A2BHPJZND/working/System Host/1/2-content.a4c51300-d58e-48d4-b5d9-0d33bf2ac79f.content.xml, /custom/assets/bundles/01EZ59SSQ542SXV29A2BHPJZND/live/System Host/1/1-content.27652c0f-b294-440a-9103-347730ac289b.content.xml, /custom/assets/bundles/01EZ59SSQ542SXV29A2BHPJZND/live/default/0578beaa-164c-41ae-bdd4-12490b1cfa5e.rule.xml, /custom/assets/bundles/01EZ59SSQ542SXV29A2BHPJZND/working/test1614007249879.dotcms.com/8bb47285-79f5-40c7-8e0c-f766a67a0ebd.contentType.json, /custom/assets/bundles/01EZ59SSQ542SXV29A2BHPJZND/live/System Host/1properties, /custom/assets/bundles/01EZ59SSQ542SXV29A2BHPJZND/live/System Host/1614009489250properties, /custom/assets/bundles/01EZ59SSQ542SXV29A2BHPJZND/d61a59e1-a49c-46f2-a929-db2b4bfa88b2.workflow.xml, /custom/assets/bundles/01EZ59SSQ542SXV29A2BHPJZND/working/System Host/1/content.ff462f88-d9e1-4d31-b084-b73cb61976d3.host.xml, /custom/assets/bundles/01EZ59SSQ542SXV29A2BHPJZND/live/System Host/1/content.3f77b26e-e186-4eff-9cd8-4778c0bf43ff.host.xml, /custom/assets/bundles/01EZ59SSQ542SXV29A2BHPJZND/live/System Host/tf_ZA.language.xml, /custom/assets/bundles/01EZ59SSQ542SXV29A2BHPJZND/live/default/1614009489250/0-content.7946546d-6c52-45fb-8053-4f79ff2d4495.content.xml, /custom/assets/bundles/01EZ59SSQ542SXV29A2BHPJZND/live/System Host/1/content.ff462f88-d9e1-4d31-b084-b73cb61976d3.host.xml]
Existing [/custom/assets/bundles/01EZ59SSQ542SXV29A2BHPJZND/ROOT/bc9a1d37-dd2d-4d49-a29d-0c9be740bfaf.folder.xml, /custom/assets/bundles/01EZ59SSQ542SXV29A2BHPJZND/bundle.xml, /custom/assets/bundles/01EZ59SSQ542SXV29A2BHPJZND/d61a59e1-a49c-46f2-a929-db2b4bfa88b2.workflow.xml, /custom/assets/bundles/01EZ59SSQ542SXV29A2BHPJZND/live/System Host/1/1-content.27652c0f-b294-440a-9103-347730ac289b.content.xml, /custom/assets/bundles/01EZ59SSQ542SXV29A2BHPJZND/live/System Host/1/3-content.a4c51300-d58e-48d4-b5d9-0d33bf2ac79f.content.xml, /custom/assets/bundles/01EZ59SSQ542SXV29A2BHPJZND/live/System Host/1/331b905c-30a2-46c3-b6ac-e91e20c3c246.contentworkflow.xml, /custom/assets/bundles/01EZ59SSQ542SXV29A2BHPJZND/live/System Host/1/content.3f77b26e-e186-4eff-9cd8-4778c0bf43ff.host.xml, /custom/assets/bundles/01EZ59SSQ542SXV29A2BHPJZND/live/System Host/1/content.ff462f88-d9e1-4d31-b084-b73cb61976d3.host.xml, /custom/assets/bundles/01EZ59SSQ542SXV29A2BHPJZND/live/System Host/1/e59cedec-f4ff-43eb-b3e0-7b6359e63e1c.contentworkflow.xml, /custom/assets/bundles/01EZ59SSQ542SXV29A2BHPJZND/live/System Host/1/system host.host.xml, /custom/assets/bundles/01EZ59SSQ542SXV29A2BHPJZND/live/System Host/1614009489250properties, /custom/assets/bundles/01EZ59SSQ542SXV29A2BHPJZND/live/System Host/1properties, /custom/assets/bundles/01EZ59SSQ542SXV29A2BHPJZND/live/System Host/en_US.language.xml, /custom/assets/bundles/01EZ59SSQ542SXV29A2BHPJZND/live/System Host/tf_ZA.language.xml, /custom/assets/bundles/01EZ59SSQ542SXV29A2BHPJZND/live/default/0578beaa-164c-41ae-bdd4-12490b1cfa5e.rule.xml, /custom/assets/bundles/01EZ59SSQ542SXV29A2BHPJZND/live/default/1614009489250/0-content.7946546d-6c52-45fb-8053-4f79ff2d4495.content.xml, /custom/assets/bundles/01EZ59SSQ542SXV29A2BHPJZND/live/default/1614009489250/086f16d1-d768-46fe-a32d-1403888f9e1f.contentworkflow.xml, /custom/assets/bundles/01EZ59SSQ542SXV29A2BHPJZND/working/System Host/1/2-content.a4c51300-d58e-48d4-b5d9-0d33bf2ac79f.content.xml, /custom/assets/bundles/01EZ59SSQ542SXV29A2BHPJZND/working/System Host/1/331b905c-30a2-46c3-b6ac-e91e20c3c246.contentworkflow.xml, /custom/assets/bundles/01EZ59SSQ542SXV29A2BHPJZND/working/System Host/1/content.ff462f88-d9e1-4d31-b084-b73cb61976d3.host.xml, /custom/assets/bundles/01EZ59SSQ542SXV29A2BHPJZND/working/System Host/f4d7c1b8-2c88-4071-abf1-a5328977b07d.contentType.json, /custom/assets/bundles/01EZ59SSQ542SXV29A2BHPJZND/working/test1614007249879.dotcms.com/78b006dc-5576-4f15-9945-aa534e546ac3.containers.container.xml, /custom/assets/bundles/01EZ59SSQ542SXV29A2BHPJZND/working/test1614007249879.dotcms.com/8bb47285-79f5-40c7-8e0c-f766a67a0ebd.contentType.json]
difference [/custom/assets/bundles/01EZ59SSQ542SXV29A2BHPJZND/ROOT/bc9a1d37-dd2d-4d49-a29d-0c9be740bfaf.folder.xml, /custom/assets/bundles/01EZ59SSQ542SXV29A2BHPJZND/bundle.xml, /custom/assets/bundles/01EZ59SSQ542SXV29A2BHPJZND/live/System Host/1/system host.host.xml]

	at org.jgroups.util.Util.assertEquals(Util.java:185)
	at com.dotcms.publishing.PublisherAPIImplTest.publish(PublisherAPIImplTest.java:407)
	at sun.reflect.NativeMethodAccessorImpl.invoke0(Native Method)
	at sun.reflect.NativeMethodAccessorImpl.invoke(NativeMethodAccessorImpl.java:62)
	at sun.reflect.DelegatingMethodAccessorImpl.invoke(DelegatingMethodAccessorImpl.java:43)
	at java.lang.reflect.Method.invoke(Method.java:498)
	at org.junit.runners.model.FrameworkMethod$1.runReflectiveCall(FrameworkMethod.java:50)
	at org.junit.internal.runners.model.ReflectiveCallable.run(ReflectiveCallable.java:12)
	at org.junit.runners.model.FrameworkMethod.invokeExplosively(FrameworkMethod.java:47)
	at com.tngtech.java.junit.dataprovider.DataProviderFrameworkMethod.invokeExplosively(DataProviderFrameworkMethod.java:119)
	at org.junit.internal.runners.statements.InvokeMethod.evaluate(InvokeMethod.java:17)
	at org.junit.rules.TestWatcher$1.evaluate(TestWatcher.java:55)
	at org.junit.rules.RunRules.evaluate(RunRules.java:20)
	at org.junit.runners.ParentRunner.runLeaf(ParentRunner.java:325)
	at com.dotcms.junit.CustomDataProviderRunner.runChild(CustomDataProviderRunner.java:28)
	at com.dotcms.junit.CustomDataProviderRunner.runChild(CustomDataProviderRunner.java:13)
	at org.junit.runners.ParentRunner$3.run(ParentRunner.java:290)
	at org.junit.runners.ParentRunner$1.schedule(ParentRunner.java:71)
	at org.junit.runners.ParentRunner.runChildren(ParentRunner.java:288)
	at org.junit.runners.ParentRunner.access$000(ParentRunner.java:58)
	at org.junit.runners.ParentRunner$2.evaluate(ParentRunner.java:268)
	at org.junit.internal.runners.statements.RunBefores.evaluate(RunBefores.java:26)
	at org.junit.internal.runners.statements.RunAfters.evaluate(RunAfters.java:27)
	at org.junit.runners.ParentRunner.run(ParentRunner.java:363)
	at org.junit.runners.Suite.runChild(Suite.java:128)
	at org.junit.runners.Suite.runChild(Suite.java:27)
	at org.junit.runners.ParentRunner$3.run(ParentRunner.java:290)
	at org.junit.runners.ParentRunner$1.schedule(ParentRunner.java:71)
	at org.junit.runners.ParentRunner.runChildren(ParentRunner.java:288)
	at org.junit.runners.ParentRunner.access$000(ParentRunner.java:58)
	at org.junit.runners.ParentRunner$2.evaluate(ParentRunner.java:268)
	at org.junit.runners.ParentRunner.run(ParentRunner.java:363)
	at org.gradle.api.internal.tasks.testing.junit.JUnitTestClassExecutor.runTestClass(JUnitTestClassExecutor.java:106)
	at org.gradle.api.internal.tasks.testing.junit.JUnitTestClassExecutor.execute(JUnitTestClassExecutor.java:58)
	at org.gradle.api.internal.tasks.testing.junit.JUnitTestClassExecutor.execute(JUnitTestClassExecutor.java:38)
	at org.gradle.api.internal.tasks.testing.junit.AbstractJUnitTestClassProcessor.processTestClass(AbstractJUnitTestClassProcessor.java:66)
	at org.gradle.api.internal.tasks.testing.SuiteTestClassProcessor.processTestClass(SuiteTestClassProcessor.java:51)
	at sun.reflect.NativeMethodAccessorImpl.invoke0(Native Method)
	at sun.reflect.NativeMethodAccessorImpl.invoke(NativeMethodAccessorImpl.java:62)
	at sun.reflect.DelegatingMethodAccessorImpl.invoke(DelegatingMethodAccessorImpl.java:43)
	at java.lang.reflect.Method.invoke(Method.java:498)
	at org.gradle.internal.dispatch.ReflectionDispatch.dispatch(ReflectionDispatch.java:35)
	at org.gradle.internal.dispatch.ReflectionDispatch.dispatch(ReflectionDispatch.java:24)
	at org.gradle.internal.dispatch.ContextClassLoaderDispatch.dispatch(ContextClassLoaderDispatch.java:32)
	at org.gradle.internal.dispatch.ProxyDispatchAdapter$DispatchingInvocationHandler.invoke(ProxyDispatchAdapter.java:93)
	at com.sun.proxy.$Proxy2.processTestClass(Unknown Source)
	at org.gradle.api.internal.tasks.testing.worker.TestWorker.processTestClass(TestWorker.java:117)
	at sun.reflect.NativeMethodAccessorImpl.invoke0(Native Method)
	at sun.reflect.NativeMethodAccessorImpl.invoke(NativeMethodAccessorImpl.java:62)
	at sun.reflect.DelegatingMethodAccessorImpl.invoke(DelegatingMethodAccessorImpl.java:43)
	at java.lang.reflect.Method.invoke(Method.java:498)
	at org.gradle.internal.dispatch.ReflectionDispatch.dispatch(ReflectionDispatch.java:35)
	at org.gradle.internal.dispatch.ReflectionDispatch.dispatch(ReflectionDispatch.java:24)
	at org.gradle.internal.remote.internal.hub.MessageHubBackedObjectConnection$DispatchWrapper.dispatch(MessageHubBackedObjectConnection.java:155)
	at org.gradle.internal.remote.internal.hub.MessageHubBackedObjectConnection$DispatchWrapper.dispatch(MessageHubBackedObjectConnection.java:137)
	at org.gradle.internal.remote.internal.hub.MessageHub$Handler.run(MessageHub.java:404)
	at org.gradle.internal.concurrent.ExecutorPolicy$CatchAndRecordFailures.onExecute(ExecutorPolicy.java:63)
	at org.gradle.internal.concurrent.ManagedExecutorImpl$1.run(ManagedExecutorImpl.java:46)
	at java.util.concurrent.ThreadPoolExecutor.runWorker(ThreadPoolExecutor.java:1149)
	at java.util.concurrent.ThreadPoolExecutor$Worker.run(ThreadPoolExecutor.java:624)
	at org.gradle.internal.concurrent.ThreadFactoryImpl$ManagedThreadRunnable.run(ThreadFactoryImpl.java:55)
	at java.lang.Thread.run(Thread.java:748)
</pre>
</span>
</div>
<div class="test">
<a name="publish[12: com.dotcms.publishing.PublisherAPIImplTest$TestCase@4786b075]"></a>
<h3 class="failures">publish[12: com.dotcms.publishing.PublisherAPIImplTest$TestCase@4786b075]</h3>
<span class="code">
<pre>java.lang.AssertionError: Expected 31 but get 33 in /custom/assets/bundles/01EZ59SSTNETK6PRVG1A5C96DR
Expected [/custom/assets/bundles/01EZ59SSTNETK6PRVG1A5C96DR/ROOT/testName1614007251874/53a01042-adb8-4616-8264-d94dbe39a8bc.folder.xml, /custom/assets/bundles/01EZ59SSTNETK6PRVG1A5C96DR/working/test1614007250867.dotcms.com/1/1-deedf3e5-795c-4102-850a-528a3b85c4f7.content.xml, /custom/assets/bundles/01EZ59SSTNETK6PRVG1A5C96DR/d61a59e1-a49c-46f2-a929-db2b4bfa88b2.workflow.xml, /custom/assets/bundles/01EZ59SSTNETK6PRVG1A5C96DR/live/System Host/tf_ZA.language.xml, /custom/assets/bundles/01EZ59SSTNETK6PRVG1A5C96DR/live/System Host/1/content.6f0b7c47-3659-4ca8-b982-e8f9267b5ea0.host.xml, /custom/assets/bundles/01EZ59SSTNETK6PRVG1A5C96DR/ROOT/c25fc759-4b46-4337-80f1-cb4a85cc3124.folder.xml, /custom/assets/bundles/01EZ59SSTNETK6PRVG1A5C96DR/live/System Host/1/331b905c-30a2-46c3-b6ac-e91e20c3c246.contentworkflow.xml, /custom/assets/bundles/01EZ59SSTNETK6PRVG1A5C96DR/working/test1614007250867.dotcms.com/testName1614007251874/testName1614007251884/48859e94-3abe-4805-943a-fafa4fd71ac9.link.xml, /custom/assets/bundles/01EZ59SSTNETK6PRVG1A5C96DR/live/System Host/1/e59cedec-f4ff-43eb-b3e0-7b6359e63e1c.contentworkflow.xml, /custom/assets/bundles/01EZ59SSTNETK6PRVG1A5C96DR/live/System Host/1614009489250properties, /custom/assets/bundles/01EZ59SSTNETK6PRVG1A5C96DR/working/System Host/f4d7c1b8-2c88-4071-abf1-a5328977b07d.contentType.json, /custom/assets/bundles/01EZ59SSTNETK6PRVG1A5C96DR/working/System Host/1/331b905c-30a2-46c3-b6ac-e91e20c3c246.contentworkflow.xml, /custom/assets/bundles/01EZ59SSTNETK6PRVG1A5C96DR/live/default/1614009489250/086f16d1-d768-46fe-a32d-1403888f9e1f.contentworkflow.xml, /custom/assets/bundles/01EZ59SSTNETK6PRVG1A5C96DR/live/default/1614009489250/2-content.7946546d-6c52-45fb-8053-4f79ff2d4495.content.xml, /custom/assets/bundles/01EZ59SSTNETK6PRVG1A5C96DR/live/System Host/1/content.ff462f88-d9e1-4d31-b084-b73cb61976d3.host.xml, /custom/assets/bundles/01EZ59SSTNETK6PRVG1A5C96DR/working/System Host/1/content.ff462f88-d9e1-4d31-b084-b73cb61976d3.host.xml, /custom/assets/bundles/01EZ59SSTNETK6PRVG1A5C96DR/assets/6/9/69a6c224-cf54-4590-a109-d0891cffc72c/fileAsset/test.jpg, /custom/assets/bundles/01EZ59SSTNETK6PRVG1A5C96DR/working/test1614007250867.dotcms.com/1/3a78bc0b-389e-4673-9963-1b1494f33cc5.contentworkflow.xml, /custom/assets/bundles/01EZ59SSTNETK6PRVG1A5C96DR/assets/d/e/deedf3e5-795c-4102-850a-528a3b85c4f7/fileAsset/test.jpg, /custom/assets/bundles/01EZ59SSTNETK6PRVG1A5C96DR/live/default/0578beaa-164c-41ae-bdd4-12490b1cfa5e.rule.xml, /custom/assets/bundles/01EZ59SSTNETK6PRVG1A5C96DR/working/test1614007250867.dotcms.com/1/336e1820-552a-47bf-8164-4c118241fc24.contentworkflow.xml, /custom/assets/bundles/01EZ59SSTNETK6PRVG1A5C96DR/working/test1614007250867.dotcms.com/1/0-69a6c224-cf54-4590-a109-d0891cffc72c.content.xml, /custom/assets/bundles/01EZ59SSTNETK6PRVG1A5C96DR/ROOT/testName1614007251874/testName1614007251884/b1dfa54b-5319-4742-8db8-055196c3ec54.folder.xml, /custom/assets/bundles/01EZ59SSTNETK6PRVG1A5C96DR/working/System Host/1/4-content.a4c51300-d58e-48d4-b5d9-0d33bf2ac79f.content.xml, /custom/assets/bundles/01EZ59SSTNETK6PRVG1A5C96DR/working/test1614007250867.dotcms.com/8dcb0a07-85ac-4644-93b9-6f215ca26994.contentType.json, /custom/assets/bundles/01EZ59SSTNETK6PRVG1A5C96DR/working/System Host/33888b6f-7a8e-4069-b1b6-5c1aa9d0a48d.contentType.json, /custom/assets/bundles/01EZ59SSTNETK6PRVG1A5C96DR/live/System Host/1/5-content.a4c51300-d58e-48d4-b5d9-0d33bf2ac79f.content.xml, /custom/assets/bundles/01EZ59SSTNETK6PRVG1A5C96DR/live/System Host/en_US.language.xml, /custom/assets/bundles/01EZ59SSTNETK6PRVG1A5C96DR/live/System Host/1/3-content.27652c0f-b294-440a-9103-347730ac289b.content.xml, /custom/assets/bundles/01EZ59SSTNETK6PRVG1A5C96DR/live/System Host/1properties]
Existing [/custom/assets/bundles/01EZ59SSTNETK6PRVG1A5C96DR/ROOT/bc9a1d37-dd2d-4d49-a29d-0c9be740bfaf.folder.xml, /custom/assets/bundles/01EZ59SSTNETK6PRVG1A5C96DR/ROOT/c25fc759-4b46-4337-80f1-cb4a85cc3124.folder.xml, /custom/assets/bundles/01EZ59SSTNETK6PRVG1A5C96DR/ROOT/testName1614007251874/53a01042-adb8-4616-8264-d94dbe39a8bc.folder.xml, /custom/assets/bundles/01EZ59SSTNETK6PRVG1A5C96DR/ROOT/testName1614007251874/testName1614007251884/b1dfa54b-5319-4742-8db8-055196c3ec54.folder.xml, /custom/assets/bundles/01EZ59SSTNETK6PRVG1A5C96DR/assets/6/9/69a6c224-cf54-4590-a109-d0891cffc72c/fileAsset/test.jpg, /custom/assets/bundles/01EZ59SSTNETK6PRVG1A5C96DR/assets/d/e/deedf3e5-795c-4102-850a-528a3b85c4f7/fileAsset/test.jpg, /custom/assets/bundles/01EZ59SSTNETK6PRVG1A5C96DR/bundle.xml, /custom/assets/bundles/01EZ59SSTNETK6PRVG1A5C96DR/d61a59e1-a49c-46f2-a929-db2b4bfa88b2.workflow.xml, /custom/assets/bundles/01EZ59SSTNETK6PRVG1A5C96DR/live/System Host/1/3-content.27652c0f-b294-440a-9103-347730ac289b.content.xml, /custom/assets/bundles/01EZ59SSTNETK6PRVG1A5C96DR/live/System Host/1/331b905c-30a2-46c3-b6ac-e91e20c3c246.contentworkflow.xml, /custom/assets/bundles/01EZ59SSTNETK6PRVG1A5C96DR/live/System Host/1/5-content.a4c51300-d58e-48d4-b5d9-0d33bf2ac79f.content.xml, /custom/assets/bundles/01EZ59SSTNETK6PRVG1A5C96DR/live/System Host/1/content.6f0b7c47-3659-4ca8-b982-e8f9267b5ea0.host.xml, /custom/assets/bundles/01EZ59SSTNETK6PRVG1A5C96DR/live/System Host/1/content.ff462f88-d9e1-4d31-b084-b73cb61976d3.host.xml, /custom/assets/bundles/01EZ59SSTNETK6PRVG1A5C96DR/live/System Host/1/e59cedec-f4ff-43eb-b3e0-7b6359e63e1c.contentworkflow.xml, /custom/assets/bundles/01EZ59SSTNETK6PRVG1A5C96DR/live/System Host/1/system host.host.xml, /custom/assets/bundles/01EZ59SSTNETK6PRVG1A5C96DR/live/System Host/1614009489250properties, /custom/assets/bundles/01EZ59SSTNETK6PRVG1A5C96DR/live/System Host/1properties, /custom/assets/bundles/01EZ59SSTNETK6PRVG1A5C96DR/live/System Host/en_US.language.xml, /custom/assets/bundles/01EZ59SSTNETK6PRVG1A5C96DR/live/System Host/tf_ZA.language.xml, /custom/assets/bundles/01EZ59SSTNETK6PRVG1A5C96DR/live/default/0578beaa-164c-41ae-bdd4-12490b1cfa5e.rule.xml, /custom/assets/bundles/01EZ59SSTNETK6PRVG1A5C96DR/live/default/1614009489250/086f16d1-d768-46fe-a32d-1403888f9e1f.contentworkflow.xml, /custom/assets/bundles/01EZ59SSTNETK6PRVG1A5C96DR/live/default/1614009489250/2-content.7946546d-6c52-45fb-8053-4f79ff2d4495.content.xml, /custom/assets/bundles/01EZ59SSTNETK6PRVG1A5C96DR/working/System Host/1/331b905c-30a2-46c3-b6ac-e91e20c3c246.contentworkflow.xml, /custom/assets/bundles/01EZ59SSTNETK6PRVG1A5C96DR/working/System Host/1/4-content.a4c51300-d58e-48d4-b5d9-0d33bf2ac79f.content.xml, /custom/assets/bundles/01EZ59SSTNETK6PRVG1A5C96DR/working/System Host/1/content.ff462f88-d9e1-4d31-b084-b73cb61976d3.host.xml, /custom/assets/bundles/01EZ59SSTNETK6PRVG1A5C96DR/working/System Host/33888b6f-7a8e-4069-b1b6-5c1aa9d0a48d.contentType.json, /custom/assets/bundles/01EZ59SSTNETK6PRVG1A5C96DR/working/System Host/f4d7c1b8-2c88-4071-abf1-a5328977b07d.contentType.json, /custom/assets/bundles/01EZ59SSTNETK6PRVG1A5C96DR/working/test1614007250867.dotcms.com/1/0-69a6c224-cf54-4590-a109-d0891cffc72c.content.xml, /custom/assets/bundles/01EZ59SSTNETK6PRVG1A5C96DR/working/test1614007250867.dotcms.com/1/1-deedf3e5-795c-4102-850a-528a3b85c4f7.content.xml, /custom/assets/bundles/01EZ59SSTNETK6PRVG1A5C96DR/working/test1614007250867.dotcms.com/1/336e1820-552a-47bf-8164-4c118241fc24.contentworkflow.xml, /custom/assets/bundles/01EZ59SSTNETK6PRVG1A5C96DR/working/test1614007250867.dotcms.com/1/3a78bc0b-389e-4673-9963-1b1494f33cc5.contentworkflow.xml, /custom/assets/bundles/01EZ59SSTNETK6PRVG1A5C96DR/working/test1614007250867.dotcms.com/8dcb0a07-85ac-4644-93b9-6f215ca26994.contentType.json, /custom/assets/bundles/01EZ59SSTNETK6PRVG1A5C96DR/working/test1614007250867.dotcms.com/testName1614007251874/testName1614007251884/48859e94-3abe-4805-943a-fafa4fd71ac9.link.xml]
difference [/custom/assets/bundles/01EZ59SSTNETK6PRVG1A5C96DR/ROOT/bc9a1d37-dd2d-4d49-a29d-0c9be740bfaf.folder.xml, /custom/assets/bundles/01EZ59SSTNETK6PRVG1A5C96DR/bundle.xml, /custom/assets/bundles/01EZ59SSTNETK6PRVG1A5C96DR/live/System Host/1/system host.host.xml]

	at org.jgroups.util.Util.assertEquals(Util.java:185)
	at com.dotcms.publishing.PublisherAPIImplTest.publish(PublisherAPIImplTest.java:407)
	at sun.reflect.NativeMethodAccessorImpl.invoke0(Native Method)
	at sun.reflect.NativeMethodAccessorImpl.invoke(NativeMethodAccessorImpl.java:62)
	at sun.reflect.DelegatingMethodAccessorImpl.invoke(DelegatingMethodAccessorImpl.java:43)
	at java.lang.reflect.Method.invoke(Method.java:498)
	at org.junit.runners.model.FrameworkMethod$1.runReflectiveCall(FrameworkMethod.java:50)
	at org.junit.internal.runners.model.ReflectiveCallable.run(ReflectiveCallable.java:12)
	at org.junit.runners.model.FrameworkMethod.invokeExplosively(FrameworkMethod.java:47)
	at com.tngtech.java.junit.dataprovider.DataProviderFrameworkMethod.invokeExplosively(DataProviderFrameworkMethod.java:119)
	at org.junit.internal.runners.statements.InvokeMethod.evaluate(InvokeMethod.java:17)
	at org.junit.rules.TestWatcher$1.evaluate(TestWatcher.java:55)
	at org.junit.rules.RunRules.evaluate(RunRules.java:20)
	at org.junit.runners.ParentRunner.runLeaf(ParentRunner.java:325)
	at com.dotcms.junit.CustomDataProviderRunner.runChild(CustomDataProviderRunner.java:28)
	at com.dotcms.junit.CustomDataProviderRunner.runChild(CustomDataProviderRunner.java:13)
	at org.junit.runners.ParentRunner$3.run(ParentRunner.java:290)
	at org.junit.runners.ParentRunner$1.schedule(ParentRunner.java:71)
	at org.junit.runners.ParentRunner.runChildren(ParentRunner.java:288)
	at org.junit.runners.ParentRunner.access$000(ParentRunner.java:58)
	at org.junit.runners.ParentRunner$2.evaluate(ParentRunner.java:268)
	at org.junit.internal.runners.statements.RunBefores.evaluate(RunBefores.java:26)
	at org.junit.internal.runners.statements.RunAfters.evaluate(RunAfters.java:27)
	at org.junit.runners.ParentRunner.run(ParentRunner.java:363)
	at org.junit.runners.Suite.runChild(Suite.java:128)
	at org.junit.runners.Suite.runChild(Suite.java:27)
	at org.junit.runners.ParentRunner$3.run(ParentRunner.java:290)
	at org.junit.runners.ParentRunner$1.schedule(ParentRunner.java:71)
	at org.junit.runners.ParentRunner.runChildren(ParentRunner.java:288)
	at org.junit.runners.ParentRunner.access$000(ParentRunner.java:58)
	at org.junit.runners.ParentRunner$2.evaluate(ParentRunner.java:268)
	at org.junit.runners.ParentRunner.run(ParentRunner.java:363)
	at org.gradle.api.internal.tasks.testing.junit.JUnitTestClassExecutor.runTestClass(JUnitTestClassExecutor.java:106)
	at org.gradle.api.internal.tasks.testing.junit.JUnitTestClassExecutor.execute(JUnitTestClassExecutor.java:58)
	at org.gradle.api.internal.tasks.testing.junit.JUnitTestClassExecutor.execute(JUnitTestClassExecutor.java:38)
	at org.gradle.api.internal.tasks.testing.junit.AbstractJUnitTestClassProcessor.processTestClass(AbstractJUnitTestClassProcessor.java:66)
	at org.gradle.api.internal.tasks.testing.SuiteTestClassProcessor.processTestClass(SuiteTestClassProcessor.java:51)
	at sun.reflect.NativeMethodAccessorImpl.invoke0(Native Method)
	at sun.reflect.NativeMethodAccessorImpl.invoke(NativeMethodAccessorImpl.java:62)
	at sun.reflect.DelegatingMethodAccessorImpl.invoke(DelegatingMethodAccessorImpl.java:43)
	at java.lang.reflect.Method.invoke(Method.java:498)
	at org.gradle.internal.dispatch.ReflectionDispatch.dispatch(ReflectionDispatch.java:35)
	at org.gradle.internal.dispatch.ReflectionDispatch.dispatch(ReflectionDispatch.java:24)
	at org.gradle.internal.dispatch.ContextClassLoaderDispatch.dispatch(ContextClassLoaderDispatch.java:32)
	at org.gradle.internal.dispatch.ProxyDispatchAdapter$DispatchingInvocationHandler.invoke(ProxyDispatchAdapter.java:93)
	at com.sun.proxy.$Proxy2.processTestClass(Unknown Source)
	at org.gradle.api.internal.tasks.testing.worker.TestWorker.processTestClass(TestWorker.java:117)
	at sun.reflect.NativeMethodAccessorImpl.invoke0(Native Method)
	at sun.reflect.NativeMethodAccessorImpl.invoke(NativeMethodAccessorImpl.java:62)
	at sun.reflect.DelegatingMethodAccessorImpl.invoke(DelegatingMethodAccessorImpl.java:43)
	at java.lang.reflect.Method.invoke(Method.java:498)
	at org.gradle.internal.dispatch.ReflectionDispatch.dispatch(ReflectionDispatch.java:35)
	at org.gradle.internal.dispatch.ReflectionDispatch.dispatch(ReflectionDispatch.java:24)
	at org.gradle.internal.remote.internal.hub.MessageHubBackedObjectConnection$DispatchWrapper.dispatch(MessageHubBackedObjectConnection.java:155)
	at org.gradle.internal.remote.internal.hub.MessageHubBackedObjectConnection$DispatchWrapper.dispatch(MessageHubBackedObjectConnection.java:137)
	at org.gradle.internal.remote.internal.hub.MessageHub$Handler.run(MessageHub.java:404)
	at org.gradle.internal.concurrent.ExecutorPolicy$CatchAndRecordFailures.onExecute(ExecutorPolicy.java:63)
	at org.gradle.internal.concurrent.ManagedExecutorImpl$1.run(ManagedExecutorImpl.java:46)
	at java.util.concurrent.ThreadPoolExecutor.runWorker(ThreadPoolExecutor.java:1149)
	at java.util.concurrent.ThreadPoolExecutor$Worker.run(ThreadPoolExecutor.java:624)
	at org.gradle.internal.concurrent.ThreadFactoryImpl$ManagedThreadRunnable.run(ThreadFactoryImpl.java:55)
	at java.lang.Thread.run(Thread.java:748)
</pre>
</span>
</div>
<div class="test">
<a name="publish[13: com.dotcms.publishing.PublisherAPIImplTest$TestCase@3d9b00ae]"></a>
<h3 class="failures">publish[13: com.dotcms.publishing.PublisherAPIImplTest$TestCase@3d9b00ae]</h3>
<span class="code">
<pre>java.lang.AssertionError: Expected 28 but get 30 in /custom/assets/bundles/01EZ59ST2Y2MB31X73F10ZWQ6M
Expected [/custom/assets/bundles/01EZ59ST2Y2MB31X73F10ZWQ6M/live/default/0578beaa-164c-41ae-bdd4-12490b1cfa5e.rule.xml, /custom/assets/bundles/01EZ59ST2Y2MB31X73F10ZWQ6M/live/System Host/1/content.ff462f88-d9e1-4d31-b084-b73cb61976d3.host.xml, /custom/assets/bundles/01EZ59ST2Y2MB31X73F10ZWQ6M/live/System Host/1/2-content.27652c0f-b294-440a-9103-347730ac289b.content.xml, /custom/assets/bundles/01EZ59ST2Y2MB31X73F10ZWQ6M/live/test1614007252152.dotcms.com/339826b2-93b2-4ee0-bdb7-cbba4839d992.rule.xml, /custom/assets/bundles/01EZ59ST2Y2MB31X73F10ZWQ6M/working/test1614007252152.dotcms.com/1/74efa0b3-61a9-4bca-bc2d-c2e022b20cc0.contentworkflow.xml, /custom/assets/bundles/01EZ59ST2Y2MB31X73F10ZWQ6M/working/System Host/1/331b905c-30a2-46c3-b6ac-e91e20c3c246.contentworkflow.xml, /custom/assets/bundles/01EZ59ST2Y2MB31X73F10ZWQ6M/live/System Host/1/e59cedec-f4ff-43eb-b3e0-7b6359e63e1c.contentworkflow.xml, /custom/assets/bundles/01EZ59ST2Y2MB31X73F10ZWQ6M/live/default/1614009489250/086f16d1-d768-46fe-a32d-1403888f9e1f.contentworkflow.xml, /custom/assets/bundles/01EZ59ST2Y2MB31X73F10ZWQ6M/working/System Host/1/content.ff462f88-d9e1-4d31-b084-b73cb61976d3.host.xml, /custom/assets/bundles/01EZ59ST2Y2MB31X73F10ZWQ6M/working/System Host/f4d7c1b8-2c88-4071-abf1-a5328977b07d.contentType.json, /custom/assets/bundles/01EZ59ST2Y2MB31X73F10ZWQ6M/live/System Host/1/content.6add3861-b77c-4b2e-8f3e-ac3150260a45.host.xml, /custom/assets/bundles/01EZ59ST2Y2MB31X73F10ZWQ6M/live/System Host/1properties, /custom/assets/bundles/01EZ59ST2Y2MB31X73F10ZWQ6M/d61a59e1-a49c-46f2-a929-db2b4bfa88b2.workflow.xml, /custom/assets/bundles/01EZ59ST2Y2MB31X73F10ZWQ6M/working/test1614007252152.dotcms.com/b6ea089b-7c42-40a0-8a69-ca6a2bc330ba.contentType.json, /custom/assets/bundles/01EZ59ST2Y2MB31X73F10ZWQ6M/working/test1614007252152.dotcms.com/1/0-content.6e0ddd56-8d72-4868-9a0e-558e6d0ab4ee.content.xml, /custom/assets/bundles/01EZ59ST2Y2MB31X73F10ZWQ6M/live/System Host/tf_ZA.language.xml, /custom/assets/bundles/01EZ59ST2Y2MB31X73F10ZWQ6M/live/System Host/1/4-content.a4c51300-d58e-48d4-b5d9-0d33bf2ac79f.content.xml, /custom/assets/bundles/01EZ59ST2Y2MB31X73F10ZWQ6M/live/default/1614009489250/1-content.7946546d-6c52-45fb-8053-4f79ff2d4495.content.xml, /custom/assets/bundles/01EZ59ST2Y2MB31X73F10ZWQ6M/live/System Host/en_US.language.xml, /custom/assets/bundles/01EZ59ST2Y2MB31X73F10ZWQ6M/live/System Host/1614009489250properties, /custom/assets/bundles/01EZ59ST2Y2MB31X73F10ZWQ6M/working/test1614007252152.dotcms.com/a2a9c4c9-76d9-4160-8754-74de1dbb267e.contentType.json, /custom/assets/bundles/01EZ59ST2Y2MB31X73F10ZWQ6M/live/System Host/1/331b905c-30a2-46c3-b6ac-e91e20c3c246.contentworkflow.xml, /custom/assets/bundles/01EZ59ST2Y2MB31X73F10ZWQ6M/ROOT/d7b4f005-2fcd-4427-8013-aa28b2bf2490.folder.xml, /custom/assets/bundles/01EZ59ST2Y2MB31X73F10ZWQ6M/working/System Host/1/3-content.a4c51300-d58e-48d4-b5d9-0d33bf2ac79f.content.xml, /custom/assets/bundles/01EZ59ST2Y2MB31X73F10ZWQ6M/working/test1614007252152.dotcms.com/0da5a4f8-4b97-4104-83ca-a0b935ce3055.containers.container.xml, /custom/assets/bundles/01EZ59ST2Y2MB31X73F10ZWQ6M/live/test1614007252152.dotcms.com/b684e052-5939-47fe-948d-ae9a18445b59.template.template.xml, /custom/assets/bundles/01EZ59ST2Y2MB31X73F10ZWQ6M/working/System Host/33888b6f-7a8e-4069-b1b6-5c1aa9d0a48d.contentType.json]
Existing [/custom/assets/bundles/01EZ59ST2Y2MB31X73F10ZWQ6M/ROOT/bc9a1d37-dd2d-4d49-a29d-0c9be740bfaf.folder.xml, /custom/assets/bundles/01EZ59ST2Y2MB31X73F10ZWQ6M/ROOT/d7b4f005-2fcd-4427-8013-aa28b2bf2490.folder.xml, /custom/assets/bundles/01EZ59ST2Y2MB31X73F10ZWQ6M/bundle.xml, /custom/assets/bundles/01EZ59ST2Y2MB31X73F10ZWQ6M/d61a59e1-a49c-46f2-a929-db2b4bfa88b2.workflow.xml, /custom/assets/bundles/01EZ59ST2Y2MB31X73F10ZWQ6M/live/System Host/1/2-content.27652c0f-b294-440a-9103-347730ac289b.content.xml, /custom/assets/bundles/01EZ59ST2Y2MB31X73F10ZWQ6M/live/System Host/1/331b905c-30a2-46c3-b6ac-e91e20c3c246.contentworkflow.xml, /custom/assets/bundles/01EZ59ST2Y2MB31X73F10ZWQ6M/live/System Host/1/4-content.a4c51300-d58e-48d4-b5d9-0d33bf2ac79f.content.xml, /custom/assets/bundles/01EZ59ST2Y2MB31X73F10ZWQ6M/live/System Host/1/content.6add3861-b77c-4b2e-8f3e-ac3150260a45.host.xml, /custom/assets/bundles/01EZ59ST2Y2MB31X73F10ZWQ6M/live/System Host/1/content.ff462f88-d9e1-4d31-b084-b73cb61976d3.host.xml, /custom/assets/bundles/01EZ59ST2Y2MB31X73F10ZWQ6M/live/System Host/1/e59cedec-f4ff-43eb-b3e0-7b6359e63e1c.contentworkflow.xml, /custom/assets/bundles/01EZ59ST2Y2MB31X73F10ZWQ6M/live/System Host/1/system host.host.xml, /custom/assets/bundles/01EZ59ST2Y2MB31X73F10ZWQ6M/live/System Host/1614009489250properties, /custom/assets/bundles/01EZ59ST2Y2MB31X73F10ZWQ6M/live/System Host/1properties, /custom/assets/bundles/01EZ59ST2Y2MB31X73F10ZWQ6M/live/System Host/en_US.language.xml, /custom/assets/bundles/01EZ59ST2Y2MB31X73F10ZWQ6M/live/System Host/tf_ZA.language.xml, /custom/assets/bundles/01EZ59ST2Y2MB31X73F10ZWQ6M/live/default/0578beaa-164c-41ae-bdd4-12490b1cfa5e.rule.xml, /custom/assets/bundles/01EZ59ST2Y2MB31X73F10ZWQ6M/live/default/1614009489250/086f16d1-d768-46fe-a32d-1403888f9e1f.contentworkflow.xml, /custom/assets/bundles/01EZ59ST2Y2MB31X73F10ZWQ6M/live/default/1614009489250/1-content.7946546d-6c52-45fb-8053-4f79ff2d4495.content.xml, /custom/assets/bundles/01EZ59ST2Y2MB31X73F10ZWQ6M/live/test1614007252152.dotcms.com/339826b2-93b2-4ee0-bdb7-cbba4839d992.rule.xml, /custom/assets/bundles/01EZ59ST2Y2MB31X73F10ZWQ6M/live/test1614007252152.dotcms.com/b684e052-5939-47fe-948d-ae9a18445b59.template.template.xml, /custom/assets/bundles/01EZ59ST2Y2MB31X73F10ZWQ6M/working/System Host/1/3-content.a4c51300-d58e-48d4-b5d9-0d33bf2ac79f.content.xml, /custom/assets/bundles/01EZ59ST2Y2MB31X73F10ZWQ6M/working/System Host/1/331b905c-30a2-46c3-b6ac-e91e20c3c246.contentworkflow.xml, /custom/assets/bundles/01EZ59ST2Y2MB31X73F10ZWQ6M/working/System Host/1/content.ff462f88-d9e1-4d31-b084-b73cb61976d3.host.xml, /custom/assets/bundles/01EZ59ST2Y2MB31X73F10ZWQ6M/working/System Host/33888b6f-7a8e-4069-b1b6-5c1aa9d0a48d.contentType.json, /custom/assets/bundles/01EZ59ST2Y2MB31X73F10ZWQ6M/working/System Host/f4d7c1b8-2c88-4071-abf1-a5328977b07d.contentType.json, /custom/assets/bundles/01EZ59ST2Y2MB31X73F10ZWQ6M/working/test1614007252152.dotcms.com/0da5a4f8-4b97-4104-83ca-a0b935ce3055.containers.container.xml, /custom/assets/bundles/01EZ59ST2Y2MB31X73F10ZWQ6M/working/test1614007252152.dotcms.com/1/0-content.6e0ddd56-8d72-4868-9a0e-558e6d0ab4ee.content.xml, /custom/assets/bundles/01EZ59ST2Y2MB31X73F10ZWQ6M/working/test1614007252152.dotcms.com/1/74efa0b3-61a9-4bca-bc2d-c2e022b20cc0.contentworkflow.xml, /custom/assets/bundles/01EZ59ST2Y2MB31X73F10ZWQ6M/working/test1614007252152.dotcms.com/a2a9c4c9-76d9-4160-8754-74de1dbb267e.contentType.json, /custom/assets/bundles/01EZ59ST2Y2MB31X73F10ZWQ6M/working/test1614007252152.dotcms.com/b6ea089b-7c42-40a0-8a69-ca6a2bc330ba.contentType.json]
difference [/custom/assets/bundles/01EZ59ST2Y2MB31X73F10ZWQ6M/ROOT/bc9a1d37-dd2d-4d49-a29d-0c9be740bfaf.folder.xml, /custom/assets/bundles/01EZ59ST2Y2MB31X73F10ZWQ6M/bundle.xml, /custom/assets/bundles/01EZ59ST2Y2MB31X73F10ZWQ6M/live/System Host/1/system host.host.xml]

	at org.jgroups.util.Util.assertEquals(Util.java:185)
	at com.dotcms.publishing.PublisherAPIImplTest.publish(PublisherAPIImplTest.java:407)
	at sun.reflect.NativeMethodAccessorImpl.invoke0(Native Method)
	at sun.reflect.NativeMethodAccessorImpl.invoke(NativeMethodAccessorImpl.java:62)
	at sun.reflect.DelegatingMethodAccessorImpl.invoke(DelegatingMethodAccessorImpl.java:43)
	at java.lang.reflect.Method.invoke(Method.java:498)
	at org.junit.runners.model.FrameworkMethod$1.runReflectiveCall(FrameworkMethod.java:50)
	at org.junit.internal.runners.model.ReflectiveCallable.run(ReflectiveCallable.java:12)
	at org.junit.runners.model.FrameworkMethod.invokeExplosively(FrameworkMethod.java:47)
	at com.tngtech.java.junit.dataprovider.DataProviderFrameworkMethod.invokeExplosively(DataProviderFrameworkMethod.java:119)
	at org.junit.internal.runners.statements.InvokeMethod.evaluate(InvokeMethod.java:17)
	at org.junit.rules.TestWatcher$1.evaluate(TestWatcher.java:55)
	at org.junit.rules.RunRules.evaluate(RunRules.java:20)
	at org.junit.runners.ParentRunner.runLeaf(ParentRunner.java:325)
	at com.dotcms.junit.CustomDataProviderRunner.runChild(CustomDataProviderRunner.java:28)
	at com.dotcms.junit.CustomDataProviderRunner.runChild(CustomDataProviderRunner.java:13)
	at org.junit.runners.ParentRunner$3.run(ParentRunner.java:290)
	at org.junit.runners.ParentRunner$1.schedule(ParentRunner.java:71)
	at org.junit.runners.ParentRunner.runChildren(ParentRunner.java:288)
	at org.junit.runners.ParentRunner.access$000(ParentRunner.java:58)
	at org.junit.runners.ParentRunner$2.evaluate(ParentRunner.java:268)
	at org.junit.internal.runners.statements.RunBefores.evaluate(RunBefores.java:26)
	at org.junit.internal.runners.statements.RunAfters.evaluate(RunAfters.java:27)
	at org.junit.runners.ParentRunner.run(ParentRunner.java:363)
	at org.junit.runners.Suite.runChild(Suite.java:128)
	at org.junit.runners.Suite.runChild(Suite.java:27)
	at org.junit.runners.ParentRunner$3.run(ParentRunner.java:290)
	at org.junit.runners.ParentRunner$1.schedule(ParentRunner.java:71)
	at org.junit.runners.ParentRunner.runChildren(ParentRunner.java:288)
	at org.junit.runners.ParentRunner.access$000(ParentRunner.java:58)
	at org.junit.runners.ParentRunner$2.evaluate(ParentRunner.java:268)
	at org.junit.runners.ParentRunner.run(ParentRunner.java:363)
	at org.gradle.api.internal.tasks.testing.junit.JUnitTestClassExecutor.runTestClass(JUnitTestClassExecutor.java:106)
	at org.gradle.api.internal.tasks.testing.junit.JUnitTestClassExecutor.execute(JUnitTestClassExecutor.java:58)
	at org.gradle.api.internal.tasks.testing.junit.JUnitTestClassExecutor.execute(JUnitTestClassExecutor.java:38)
	at org.gradle.api.internal.tasks.testing.junit.AbstractJUnitTestClassProcessor.processTestClass(AbstractJUnitTestClassProcessor.java:66)
	at org.gradle.api.internal.tasks.testing.SuiteTestClassProcessor.processTestClass(SuiteTestClassProcessor.java:51)
	at sun.reflect.NativeMethodAccessorImpl.invoke0(Native Method)
	at sun.reflect.NativeMethodAccessorImpl.invoke(NativeMethodAccessorImpl.java:62)
	at sun.reflect.DelegatingMethodAccessorImpl.invoke(DelegatingMethodAccessorImpl.java:43)
	at java.lang.reflect.Method.invoke(Method.java:498)
	at org.gradle.internal.dispatch.ReflectionDispatch.dispatch(ReflectionDispatch.java:35)
	at org.gradle.internal.dispatch.ReflectionDispatch.dispatch(ReflectionDispatch.java:24)
	at org.gradle.internal.dispatch.ContextClassLoaderDispatch.dispatch(ContextClassLoaderDispatch.java:32)
	at org.gradle.internal.dispatch.ProxyDispatchAdapter$DispatchingInvocationHandler.invoke(ProxyDispatchAdapter.java:93)
	at com.sun.proxy.$Proxy2.processTestClass(Unknown Source)
	at org.gradle.api.internal.tasks.testing.worker.TestWorker.processTestClass(TestWorker.java:117)
	at sun.reflect.NativeMethodAccessorImpl.invoke0(Native Method)
	at sun.reflect.NativeMethodAccessorImpl.invoke(NativeMethodAccessorImpl.java:62)
	at sun.reflect.DelegatingMethodAccessorImpl.invoke(DelegatingMethodAccessorImpl.java:43)
	at java.lang.reflect.Method.invoke(Method.java:498)
	at org.gradle.internal.dispatch.ReflectionDispatch.dispatch(ReflectionDispatch.java:35)
	at org.gradle.internal.dispatch.ReflectionDispatch.dispatch(ReflectionDispatch.java:24)
	at org.gradle.internal.remote.internal.hub.MessageHubBackedObjectConnection$DispatchWrapper.dispatch(MessageHubBackedObjectConnection.java:155)
	at org.gradle.internal.remote.internal.hub.MessageHubBackedObjectConnection$DispatchWrapper.dispatch(MessageHubBackedObjectConnection.java:137)
	at org.gradle.internal.remote.internal.hub.MessageHub$Handler.run(MessageHub.java:404)
	at org.gradle.internal.concurrent.ExecutorPolicy$CatchAndRecordFailures.onExecute(ExecutorPolicy.java:63)
	at org.gradle.internal.concurrent.ManagedExecutorImpl$1.run(ManagedExecutorImpl.java:46)
	at java.util.concurrent.ThreadPoolExecutor.runWorker(ThreadPoolExecutor.java:1149)
	at java.util.concurrent.ThreadPoolExecutor$Worker.run(ThreadPoolExecutor.java:624)
	at org.gradle.internal.concurrent.ThreadFactoryImpl$ManagedThreadRunnable.run(ThreadFactoryImpl.java:55)
	at java.lang.Thread.run(Thread.java:748)
</pre>
</span>
</div>
<div class="test">
<a name="publish[14: com.dotcms.publishing.PublisherAPIImplTest$TestCase@4d974ede]"></a>
<h3 class="failures">publish[14: com.dotcms.publishing.PublisherAPIImplTest$TestCase@4d974ede]</h3>
<span class="code">
<pre>java.lang.AssertionError: Expected 21 but get 23 in /custom/assets/bundles/01EZ59ST6VXJMC4033S123EDA4
Expected [/custom/assets/bundles/01EZ59ST6VXJMC4033S123EDA4/live/default/1614009489250/0-content.7946546d-6c52-45fb-8053-4f79ff2d4495.content.xml, /custom/assets/bundles/01EZ59ST6VXJMC4033S123EDA4/d61a59e1-a49c-46f2-a929-db2b4bfa88b2.workflow.xml, /custom/assets/bundles/01EZ59ST6VXJMC4033S123EDA4/live/System Host/1/e59cedec-f4ff-43eb-b3e0-7b6359e63e1c.contentworkflow.xml, /custom/assets/bundles/01EZ59ST6VXJMC4033S123EDA4/working/System Host/1/2-content.a4c51300-d58e-48d4-b5d9-0d33bf2ac79f.content.xml, /custom/assets/bundles/01EZ59ST6VXJMC4033S123EDA4/live/System Host/en_US.language.xml, /custom/assets/bundles/01EZ59ST6VXJMC4033S123EDA4/ROOT/0be89748-3802-4696-93d4-ebf570a2510a.folder.xml, /custom/assets/bundles/01EZ59ST6VXJMC4033S123EDA4/live/System Host/1614009489250properties, /custom/assets/bundles/01EZ59ST6VXJMC4033S123EDA4/live/System Host/1properties, /custom/assets/bundles/01EZ59ST6VXJMC4033S123EDA4/working/System Host/1/content.ff462f88-d9e1-4d31-b084-b73cb61976d3.host.xml, /custom/assets/bundles/01EZ59ST6VXJMC4033S123EDA4/live/System Host/1/331b905c-30a2-46c3-b6ac-e91e20c3c246.contentworkflow.xml, /custom/assets/bundles/01EZ59ST6VXJMC4033S123EDA4/live/default/1614009489250/086f16d1-d768-46fe-a32d-1403888f9e1f.contentworkflow.xml, /custom/assets/bundles/01EZ59ST6VXJMC4033S123EDA4/live/System Host/1/content.03d7b966-4c12-4764-8ffc-a64336a21494.host.xml, /custom/assets/bundles/01EZ59ST6VXJMC4033S123EDA4/working/System Host/f4d7c1b8-2c88-4071-abf1-a5328977b07d.contentType.json, /custom/assets/bundles/01EZ59ST6VXJMC4033S123EDA4/live/System Host/1/content.ff462f88-d9e1-4d31-b084-b73cb61976d3.host.xml, /custom/assets/bundles/01EZ59ST6VXJMC4033S123EDA4/working/System Host/1/331b905c-30a2-46c3-b6ac-e91e20c3c246.contentworkflow.xml, /custom/assets/bundles/01EZ59ST6VXJMC4033S123EDA4/live/System Host/1/3-content.a4c51300-d58e-48d4-b5d9-0d33bf2ac79f.content.xml, /custom/assets/bundles/01EZ59ST6VXJMC4033S123EDA4/live/default/0578beaa-164c-41ae-bdd4-12490b1cfa5e.rule.xml, /custom/assets/bundles/01EZ59ST6VXJMC4033S123EDA4/live/System Host/tf_ZA.language.xml, /custom/assets/bundles/01EZ59ST6VXJMC4033S123EDA4/working/test1614007253127.dotcms.com/testName1614007253930/2ef4558d-dcf9-4961-ae5a-94f4ebd1664c.link.xml, /custom/assets/bundles/01EZ59ST6VXJMC4033S123EDA4/live/System Host/1/1-content.27652c0f-b294-440a-9103-347730ac289b.content.xml]
Existing [/custom/assets/bundles/01EZ59ST6VXJMC4033S123EDA4/ROOT/0be89748-3802-4696-93d4-ebf570a2510a.folder.xml, /custom/assets/bundles/01EZ59ST6VXJMC4033S123EDA4/ROOT/bc9a1d37-dd2d-4d49-a29d-0c9be740bfaf.folder.xml, /custom/assets/bundles/01EZ59ST6VXJMC4033S123EDA4/bundle.xml, /custom/assets/bundles/01EZ59ST6VXJMC4033S123EDA4/d61a59e1-a49c-46f2-a929-db2b4bfa88b2.workflow.xml, /custom/assets/bundles/01EZ59ST6VXJMC4033S123EDA4/live/System Host/1/1-content.27652c0f-b294-440a-9103-347730ac289b.content.xml, /custom/assets/bundles/01EZ59ST6VXJMC4033S123EDA4/live/System Host/1/3-content.a4c51300-d58e-48d4-b5d9-0d33bf2ac79f.content.xml, /custom/assets/bundles/01EZ59ST6VXJMC4033S123EDA4/live/System Host/1/331b905c-30a2-46c3-b6ac-e91e20c3c246.contentworkflow.xml, /custom/assets/bundles/01EZ59ST6VXJMC4033S123EDA4/live/System Host/1/content.03d7b966-4c12-4764-8ffc-a64336a21494.host.xml, /custom/assets/bundles/01EZ59ST6VXJMC4033S123EDA4/live/System Host/1/content.ff462f88-d9e1-4d31-b084-b73cb61976d3.host.xml, /custom/assets/bundles/01EZ59ST6VXJMC4033S123EDA4/live/System Host/1/e59cedec-f4ff-43eb-b3e0-7b6359e63e1c.contentworkflow.xml, /custom/assets/bundles/01EZ59ST6VXJMC4033S123EDA4/live/System Host/1/system host.host.xml, /custom/assets/bundles/01EZ59ST6VXJMC4033S123EDA4/live/System Host/1614009489250properties, /custom/assets/bundles/01EZ59ST6VXJMC4033S123EDA4/live/System Host/1properties, /custom/assets/bundles/01EZ59ST6VXJMC4033S123EDA4/live/System Host/en_US.language.xml, /custom/assets/bundles/01EZ59ST6VXJMC4033S123EDA4/live/System Host/tf_ZA.language.xml, /custom/assets/bundles/01EZ59ST6VXJMC4033S123EDA4/live/default/0578beaa-164c-41ae-bdd4-12490b1cfa5e.rule.xml, /custom/assets/bundles/01EZ59ST6VXJMC4033S123EDA4/live/default/1614009489250/0-content.7946546d-6c52-45fb-8053-4f79ff2d4495.content.xml, /custom/assets/bundles/01EZ59ST6VXJMC4033S123EDA4/live/default/1614009489250/086f16d1-d768-46fe-a32d-1403888f9e1f.contentworkflow.xml, /custom/assets/bundles/01EZ59ST6VXJMC4033S123EDA4/working/System Host/1/2-content.a4c51300-d58e-48d4-b5d9-0d33bf2ac79f.content.xml, /custom/assets/bundles/01EZ59ST6VXJMC4033S123EDA4/working/System Host/1/331b905c-30a2-46c3-b6ac-e91e20c3c246.contentworkflow.xml, /custom/assets/bundles/01EZ59ST6VXJMC4033S123EDA4/working/System Host/1/content.ff462f88-d9e1-4d31-b084-b73cb61976d3.host.xml, /custom/assets/bundles/01EZ59ST6VXJMC4033S123EDA4/working/System Host/f4d7c1b8-2c88-4071-abf1-a5328977b07d.contentType.json, /custom/assets/bundles/01EZ59ST6VXJMC4033S123EDA4/working/test1614007253127.dotcms.com/testName1614007253930/2ef4558d-dcf9-4961-ae5a-94f4ebd1664c.link.xml]
difference [/custom/assets/bundles/01EZ59ST6VXJMC4033S123EDA4/ROOT/bc9a1d37-dd2d-4d49-a29d-0c9be740bfaf.folder.xml, /custom/assets/bundles/01EZ59ST6VXJMC4033S123EDA4/bundle.xml, /custom/assets/bundles/01EZ59ST6VXJMC4033S123EDA4/live/System Host/1/system host.host.xml]

	at org.jgroups.util.Util.assertEquals(Util.java:185)
	at com.dotcms.publishing.PublisherAPIImplTest.publish(PublisherAPIImplTest.java:407)
	at sun.reflect.NativeMethodAccessorImpl.invoke0(Native Method)
	at sun.reflect.NativeMethodAccessorImpl.invoke(NativeMethodAccessorImpl.java:62)
	at sun.reflect.DelegatingMethodAccessorImpl.invoke(DelegatingMethodAccessorImpl.java:43)
	at java.lang.reflect.Method.invoke(Method.java:498)
	at org.junit.runners.model.FrameworkMethod$1.runReflectiveCall(FrameworkMethod.java:50)
	at org.junit.internal.runners.model.ReflectiveCallable.run(ReflectiveCallable.java:12)
	at org.junit.runners.model.FrameworkMethod.invokeExplosively(FrameworkMethod.java:47)
	at com.tngtech.java.junit.dataprovider.DataProviderFrameworkMethod.invokeExplosively(DataProviderFrameworkMethod.java:119)
	at org.junit.internal.runners.statements.InvokeMethod.evaluate(InvokeMethod.java:17)
	at org.junit.rules.TestWatcher$1.evaluate(TestWatcher.java:55)
	at org.junit.rules.RunRules.evaluate(RunRules.java:20)
	at org.junit.runners.ParentRunner.runLeaf(ParentRunner.java:325)
	at com.dotcms.junit.CustomDataProviderRunner.runChild(CustomDataProviderRunner.java:28)
	at com.dotcms.junit.CustomDataProviderRunner.runChild(CustomDataProviderRunner.java:13)
	at org.junit.runners.ParentRunner$3.run(ParentRunner.java:290)
	at org.junit.runners.ParentRunner$1.schedule(ParentRunner.java:71)
	at org.junit.runners.ParentRunner.runChildren(ParentRunner.java:288)
	at org.junit.runners.ParentRunner.access$000(ParentRunner.java:58)
	at org.junit.runners.ParentRunner$2.evaluate(ParentRunner.java:268)
	at org.junit.internal.runners.statements.RunBefores.evaluate(RunBefores.java:26)
	at org.junit.internal.runners.statements.RunAfters.evaluate(RunAfters.java:27)
	at org.junit.runners.ParentRunner.run(ParentRunner.java:363)
	at org.junit.runners.Suite.runChild(Suite.java:128)
	at org.junit.runners.Suite.runChild(Suite.java:27)
	at org.junit.runners.ParentRunner$3.run(ParentRunner.java:290)
	at org.junit.runners.ParentRunner$1.schedule(ParentRunner.java:71)
	at org.junit.runners.ParentRunner.runChildren(ParentRunner.java:288)
	at org.junit.runners.ParentRunner.access$000(ParentRunner.java:58)
	at org.junit.runners.ParentRunner$2.evaluate(ParentRunner.java:268)
	at org.junit.runners.ParentRunner.run(ParentRunner.java:363)
	at org.gradle.api.internal.tasks.testing.junit.JUnitTestClassExecutor.runTestClass(JUnitTestClassExecutor.java:106)
	at org.gradle.api.internal.tasks.testing.junit.JUnitTestClassExecutor.execute(JUnitTestClassExecutor.java:58)
	at org.gradle.api.internal.tasks.testing.junit.JUnitTestClassExecutor.execute(JUnitTestClassExecutor.java:38)
	at org.gradle.api.internal.tasks.testing.junit.AbstractJUnitTestClassProcessor.processTestClass(AbstractJUnitTestClassProcessor.java:66)
	at org.gradle.api.internal.tasks.testing.SuiteTestClassProcessor.processTestClass(SuiteTestClassProcessor.java:51)
	at sun.reflect.NativeMethodAccessorImpl.invoke0(Native Method)
	at sun.reflect.NativeMethodAccessorImpl.invoke(NativeMethodAccessorImpl.java:62)
	at sun.reflect.DelegatingMethodAccessorImpl.invoke(DelegatingMethodAccessorImpl.java:43)
	at java.lang.reflect.Method.invoke(Method.java:498)
	at org.gradle.internal.dispatch.ReflectionDispatch.dispatch(ReflectionDispatch.java:35)
	at org.gradle.internal.dispatch.ReflectionDispatch.dispatch(ReflectionDispatch.java:24)
	at org.gradle.internal.dispatch.ContextClassLoaderDispatch.dispatch(ContextClassLoaderDispatch.java:32)
	at org.gradle.internal.dispatch.ProxyDispatchAdapter$DispatchingInvocationHandler.invoke(ProxyDispatchAdapter.java:93)
	at com.sun.proxy.$Proxy2.processTestClass(Unknown Source)
	at org.gradle.api.internal.tasks.testing.worker.TestWorker.processTestClass(TestWorker.java:117)
	at sun.reflect.NativeMethodAccessorImpl.invoke0(Native Method)
	at sun.reflect.NativeMethodAccessorImpl.invoke(NativeMethodAccessorImpl.java:62)
	at sun.reflect.DelegatingMethodAccessorImpl.invoke(DelegatingMethodAccessorImpl.java:43)
	at java.lang.reflect.Method.invoke(Method.java:498)
	at org.gradle.internal.dispatch.ReflectionDispatch.dispatch(ReflectionDispatch.java:35)
	at org.gradle.internal.dispatch.ReflectionDispatch.dispatch(ReflectionDispatch.java:24)
	at org.gradle.internal.remote.internal.hub.MessageHubBackedObjectConnection$DispatchWrapper.dispatch(MessageHubBackedObjectConnection.java:155)
	at org.gradle.internal.remote.internal.hub.MessageHubBackedObjectConnection$DispatchWrapper.dispatch(MessageHubBackedObjectConnection.java:137)
	at org.gradle.internal.remote.internal.hub.MessageHub$Handler.run(MessageHub.java:404)
	at org.gradle.internal.concurrent.ExecutorPolicy$CatchAndRecordFailures.onExecute(ExecutorPolicy.java:63)
	at org.gradle.internal.concurrent.ManagedExecutorImpl$1.run(ManagedExecutorImpl.java:46)
	at java.util.concurrent.ThreadPoolExecutor.runWorker(ThreadPoolExecutor.java:1149)
	at java.util.concurrent.ThreadPoolExecutor$Worker.run(ThreadPoolExecutor.java:624)
	at org.gradle.internal.concurrent.ThreadFactoryImpl$ManagedThreadRunnable.run(ThreadFactoryImpl.java:55)
	at java.lang.Thread.run(Thread.java:748)
</pre>
</span>
</div>
<div class="test">
<a name="publish[15: com.dotcms.publishing.PublisherAPIImplTest$TestCase@483a91be]"></a>
<h3 class="failures">publish[15: com.dotcms.publishing.PublisherAPIImplTest$TestCase@483a91be]</h3>
<span class="code">
<pre>java.lang.AssertionError: Expected 19 but get 21 in /custom/assets/bundles/01EZ59ST9W9YVFDY38VPHZQ3JA
Expected [/custom/assets/bundles/01EZ59ST9W9YVFDY38VPHZQ3JA/d61a59e1-a49c-46f2-a929-db2b4bfa88b2.workflow.xml, /custom/assets/bundles/01EZ59ST9W9YVFDY38VPHZQ3JA/live/System Host/1/e59cedec-f4ff-43eb-b3e0-7b6359e63e1c.contentworkflow.xml, /custom/assets/bundles/01EZ59ST9W9YVFDY38VPHZQ3JA/live/System Host/1/1-content.27652c0f-b294-440a-9103-347730ac289b.content.xml, /custom/assets/bundles/01EZ59ST9W9YVFDY38VPHZQ3JA/working/System Host/1/2-content.a4c51300-d58e-48d4-b5d9-0d33bf2ac79f.content.xml, /custom/assets/bundles/01EZ59ST9W9YVFDY38VPHZQ3JA/working/System Host/1/content.ff462f88-d9e1-4d31-b084-b73cb61976d3.host.xml, /custom/assets/bundles/01EZ59ST9W9YVFDY38VPHZQ3JA/live/System Host/tf_ZA.language.xml, /custom/assets/bundles/01EZ59ST9W9YVFDY38VPHZQ3JA/live/default/0578beaa-164c-41ae-bdd4-12490b1cfa5e.rule.xml, /custom/assets/bundles/01EZ59ST9W9YVFDY38VPHZQ3JA/live/System Host/1614009489250properties, /custom/assets/bundles/01EZ59ST9W9YVFDY38VPHZQ3JA/working/System Host/1/331b905c-30a2-46c3-b6ac-e91e20c3c246.contentworkflow.xml, /custom/assets/bundles/01EZ59ST9W9YVFDY38VPHZQ3JA/1a7cefc4-0680-48a7-8d12-0fbc5c3a4bfa.workflow.xml, /custom/assets/bundles/01EZ59ST9W9YVFDY38VPHZQ3JA/live/System Host/en_US.language.xml, /custom/assets/bundles/01EZ59ST9W9YVFDY38VPHZQ3JA/live/System Host/1properties, /custom/assets/bundles/01EZ59ST9W9YVFDY38VPHZQ3JA/live/default/1614009489250/0-content.7946546d-6c52-45fb-8053-4f79ff2d4495.content.xml, /custom/assets/bundles/01EZ59ST9W9YVFDY38VPHZQ3JA/working/System Host/f4d7c1b8-2c88-4071-abf1-a5328977b07d.contentType.json, /custom/assets/bundles/01EZ59ST9W9YVFDY38VPHZQ3JA/live/System Host/1/3-content.a4c51300-d58e-48d4-b5d9-0d33bf2ac79f.content.xml, /custom/assets/bundles/01EZ59ST9W9YVFDY38VPHZQ3JA/live/System Host/1/content.ff462f88-d9e1-4d31-b084-b73cb61976d3.host.xml, /custom/assets/bundles/01EZ59ST9W9YVFDY38VPHZQ3JA/live/System Host/1/331b905c-30a2-46c3-b6ac-e91e20c3c246.contentworkflow.xml, /custom/assets/bundles/01EZ59ST9W9YVFDY38VPHZQ3JA/live/default/1614009489250/086f16d1-d768-46fe-a32d-1403888f9e1f.contentworkflow.xml]
Existing [/custom/assets/bundles/01EZ59ST9W9YVFDY38VPHZQ3JA/1a7cefc4-0680-48a7-8d12-0fbc5c3a4bfa.workflow.xml, /custom/assets/bundles/01EZ59ST9W9YVFDY38VPHZQ3JA/ROOT/bc9a1d37-dd2d-4d49-a29d-0c9be740bfaf.folder.xml, /custom/assets/bundles/01EZ59ST9W9YVFDY38VPHZQ3JA/bundle.xml, /custom/assets/bundles/01EZ59ST9W9YVFDY38VPHZQ3JA/d61a59e1-a49c-46f2-a929-db2b4bfa88b2.workflow.xml, /custom/assets/bundles/01EZ59ST9W9YVFDY38VPHZQ3JA/live/System Host/1/1-content.27652c0f-b294-440a-9103-347730ac289b.content.xml, /custom/assets/bundles/01EZ59ST9W9YVFDY38VPHZQ3JA/live/System Host/1/3-content.a4c51300-d58e-48d4-b5d9-0d33bf2ac79f.content.xml, /custom/assets/bundles/01EZ59ST9W9YVFDY38VPHZQ3JA/live/System Host/1/331b905c-30a2-46c3-b6ac-e91e20c3c246.contentworkflow.xml, /custom/assets/bundles/01EZ59ST9W9YVFDY38VPHZQ3JA/live/System Host/1/content.ff462f88-d9e1-4d31-b084-b73cb61976d3.host.xml, /custom/assets/bundles/01EZ59ST9W9YVFDY38VPHZQ3JA/live/System Host/1/e59cedec-f4ff-43eb-b3e0-7b6359e63e1c.contentworkflow.xml, /custom/assets/bundles/01EZ59ST9W9YVFDY38VPHZQ3JA/live/System Host/1/system host.host.xml, /custom/assets/bundles/01EZ59ST9W9YVFDY38VPHZQ3JA/live/System Host/1614009489250properties, /custom/assets/bundles/01EZ59ST9W9YVFDY38VPHZQ3JA/live/System Host/1properties, /custom/assets/bundles/01EZ59ST9W9YVFDY38VPHZQ3JA/live/System Host/en_US.language.xml, /custom/assets/bundles/01EZ59ST9W9YVFDY38VPHZQ3JA/live/System Host/tf_ZA.language.xml, /custom/assets/bundles/01EZ59ST9W9YVFDY38VPHZQ3JA/live/default/0578beaa-164c-41ae-bdd4-12490b1cfa5e.rule.xml, /custom/assets/bundles/01EZ59ST9W9YVFDY38VPHZQ3JA/live/default/1614009489250/0-content.7946546d-6c52-45fb-8053-4f79ff2d4495.content.xml, /custom/assets/bundles/01EZ59ST9W9YVFDY38VPHZQ3JA/live/default/1614009489250/086f16d1-d768-46fe-a32d-1403888f9e1f.contentworkflow.xml, /custom/assets/bundles/01EZ59ST9W9YVFDY38VPHZQ3JA/working/System Host/1/2-content.a4c51300-d58e-48d4-b5d9-0d33bf2ac79f.content.xml, /custom/assets/bundles/01EZ59ST9W9YVFDY38VPHZQ3JA/working/System Host/1/331b905c-30a2-46c3-b6ac-e91e20c3c246.contentworkflow.xml, /custom/assets/bundles/01EZ59ST9W9YVFDY38VPHZQ3JA/working/System Host/1/content.ff462f88-d9e1-4d31-b084-b73cb61976d3.host.xml, /custom/assets/bundles/01EZ59ST9W9YVFDY38VPHZQ3JA/working/System Host/f4d7c1b8-2c88-4071-abf1-a5328977b07d.contentType.json]
difference [/custom/assets/bundles/01EZ59ST9W9YVFDY38VPHZQ3JA/ROOT/bc9a1d37-dd2d-4d49-a29d-0c9be740bfaf.folder.xml, /custom/assets/bundles/01EZ59ST9W9YVFDY38VPHZQ3JA/bundle.xml, /custom/assets/bundles/01EZ59ST9W9YVFDY38VPHZQ3JA/live/System Host/1/system host.host.xml]

	at org.jgroups.util.Util.assertEquals(Util.java:185)
	at com.dotcms.publishing.PublisherAPIImplTest.publish(PublisherAPIImplTest.java:407)
	at sun.reflect.NativeMethodAccessorImpl.invoke0(Native Method)
	at sun.reflect.NativeMethodAccessorImpl.invoke(NativeMethodAccessorImpl.java:62)
	at sun.reflect.DelegatingMethodAccessorImpl.invoke(DelegatingMethodAccessorImpl.java:43)
	at java.lang.reflect.Method.invoke(Method.java:498)
	at org.junit.runners.model.FrameworkMethod$1.runReflectiveCall(FrameworkMethod.java:50)
	at org.junit.internal.runners.model.ReflectiveCallable.run(ReflectiveCallable.java:12)
	at org.junit.runners.model.FrameworkMethod.invokeExplosively(FrameworkMethod.java:47)
	at com.tngtech.java.junit.dataprovider.DataProviderFrameworkMethod.invokeExplosively(DataProviderFrameworkMethod.java:119)
	at org.junit.internal.runners.statements.InvokeMethod.evaluate(InvokeMethod.java:17)
	at org.junit.rules.TestWatcher$1.evaluate(TestWatcher.java:55)
	at org.junit.rules.RunRules.evaluate(RunRules.java:20)
	at org.junit.runners.ParentRunner.runLeaf(ParentRunner.java:325)
	at com.dotcms.junit.CustomDataProviderRunner.runChild(CustomDataProviderRunner.java:28)
	at com.dotcms.junit.CustomDataProviderRunner.runChild(CustomDataProviderRunner.java:13)
	at org.junit.runners.ParentRunner$3.run(ParentRunner.java:290)
	at org.junit.runners.ParentRunner$1.schedule(ParentRunner.java:71)
	at org.junit.runners.ParentRunner.runChildren(ParentRunner.java:288)
	at org.junit.runners.ParentRunner.access$000(ParentRunner.java:58)
	at org.junit.runners.ParentRunner$2.evaluate(ParentRunner.java:268)
	at org.junit.internal.runners.statements.RunBefores.evaluate(RunBefores.java:26)
	at org.junit.internal.runners.statements.RunAfters.evaluate(RunAfters.java:27)
	at org.junit.runners.ParentRunner.run(ParentRunner.java:363)
	at org.junit.runners.Suite.runChild(Suite.java:128)
	at org.junit.runners.Suite.runChild(Suite.java:27)
	at org.junit.runners.ParentRunner$3.run(ParentRunner.java:290)
	at org.junit.runners.ParentRunner$1.schedule(ParentRunner.java:71)
	at org.junit.runners.ParentRunner.runChildren(ParentRunner.java:288)
	at org.junit.runners.ParentRunner.access$000(ParentRunner.java:58)
	at org.junit.runners.ParentRunner$2.evaluate(ParentRunner.java:268)
	at org.junit.runners.ParentRunner.run(ParentRunner.java:363)
	at org.gradle.api.internal.tasks.testing.junit.JUnitTestClassExecutor.runTestClass(JUnitTestClassExecutor.java:106)
	at org.gradle.api.internal.tasks.testing.junit.JUnitTestClassExecutor.execute(JUnitTestClassExecutor.java:58)
	at org.gradle.api.internal.tasks.testing.junit.JUnitTestClassExecutor.execute(JUnitTestClassExecutor.java:38)
	at org.gradle.api.internal.tasks.testing.junit.AbstractJUnitTestClassProcessor.processTestClass(AbstractJUnitTestClassProcessor.java:66)
	at org.gradle.api.internal.tasks.testing.SuiteTestClassProcessor.processTestClass(SuiteTestClassProcessor.java:51)
	at sun.reflect.NativeMethodAccessorImpl.invoke0(Native Method)
	at sun.reflect.NativeMethodAccessorImpl.invoke(NativeMethodAccessorImpl.java:62)
	at sun.reflect.DelegatingMethodAccessorImpl.invoke(DelegatingMethodAccessorImpl.java:43)
	at java.lang.reflect.Method.invoke(Method.java:498)
	at org.gradle.internal.dispatch.ReflectionDispatch.dispatch(ReflectionDispatch.java:35)
	at org.gradle.internal.dispatch.ReflectionDispatch.dispatch(ReflectionDispatch.java:24)
	at org.gradle.internal.dispatch.ContextClassLoaderDispatch.dispatch(ContextClassLoaderDispatch.java:32)
	at org.gradle.internal.dispatch.ProxyDispatchAdapter$DispatchingInvocationHandler.invoke(ProxyDispatchAdapter.java:93)
	at com.sun.proxy.$Proxy2.processTestClass(Unknown Source)
	at org.gradle.api.internal.tasks.testing.worker.TestWorker.processTestClass(TestWorker.java:117)
	at sun.reflect.NativeMethodAccessorImpl.invoke0(Native Method)
	at sun.reflect.NativeMethodAccessorImpl.invoke(NativeMethodAccessorImpl.java:62)
	at sun.reflect.DelegatingMethodAccessorImpl.invoke(DelegatingMethodAccessorImpl.java:43)
	at java.lang.reflect.Method.invoke(Method.java:498)
	at org.gradle.internal.dispatch.ReflectionDispatch.dispatch(ReflectionDispatch.java:35)
	at org.gradle.internal.dispatch.ReflectionDispatch.dispatch(ReflectionDispatch.java:24)
	at org.gradle.internal.remote.internal.hub.MessageHubBackedObjectConnection$DispatchWrapper.dispatch(MessageHubBackedObjectConnection.java:155)
	at org.gradle.internal.remote.internal.hub.MessageHubBackedObjectConnection$DispatchWrapper.dispatch(MessageHubBackedObjectConnection.java:137)
	at org.gradle.internal.remote.internal.hub.MessageHub$Handler.run(MessageHub.java:404)
	at org.gradle.internal.concurrent.ExecutorPolicy$CatchAndRecordFailures.onExecute(ExecutorPolicy.java:63)
	at org.gradle.internal.concurrent.ManagedExecutorImpl$1.run(ManagedExecutorImpl.java:46)
	at java.util.concurrent.ThreadPoolExecutor.runWorker(ThreadPoolExecutor.java:1149)
	at java.util.concurrent.ThreadPoolExecutor$Worker.run(ThreadPoolExecutor.java:624)
	at org.gradle.internal.concurrent.ThreadFactoryImpl$ManagedThreadRunnable.run(ThreadFactoryImpl.java:55)
	at java.lang.Thread.run(Thread.java:748)
</pre>
</span>
</div>
<div class="test">
<a name="publish[16: com.dotcms.publishing.PublisherAPIImplTest$TestCase@3a4d85d4]"></a>
<h3 class="failures">publish[16: com.dotcms.publishing.PublisherAPIImplTest$TestCase@3a4d85d4]</h3>
<span class="code">
<pre>java.lang.AssertionError: Expected 20 but get 22 in /custom/assets/bundles/01EZ59STCGH9X3PMJ30QCV7MH3
Expected [/custom/assets/bundles/01EZ59STCGH9X3PMJ30QCV7MH3/working/System Host/f4d7c1b8-2c88-4071-abf1-a5328977b07d.contentType.json, /custom/assets/bundles/01EZ59STCGH9X3PMJ30QCV7MH3/live/System Host/tf_ZA.language.xml, /custom/assets/bundles/01EZ59STCGH9X3PMJ30QCV7MH3/live/System Host/1/331b905c-30a2-46c3-b6ac-e91e20c3c246.contentworkflow.xml, /custom/assets/bundles/01EZ59STCGH9X3PMJ30QCV7MH3/live/default/0578beaa-164c-41ae-bdd4-12490b1cfa5e.rule.xml, /custom/assets/bundles/01EZ59STCGH9X3PMJ30QCV7MH3/live/System Host/1/1-content.27652c0f-b294-440a-9103-347730ac289b.content.xml, /custom/assets/bundles/01EZ59STCGH9X3PMJ30QCV7MH3/working/System Host/1/content.ff462f88-d9e1-4d31-b084-b73cb61976d3.host.xml, /custom/assets/bundles/01EZ59STCGH9X3PMJ30QCV7MH3/live/default/1614009489250/0-content.7946546d-6c52-45fb-8053-4f79ff2d4495.content.xml, /custom/assets/bundles/01EZ59STCGH9X3PMJ30QCV7MH3/d61a59e1-a49c-46f2-a929-db2b4bfa88b2.workflow.xml, /custom/assets/bundles/01EZ59STCGH9X3PMJ30QCV7MH3/live/System Host/1/content.ff462f88-d9e1-4d31-b084-b73cb61976d3.host.xml, /custom/assets/bundles/01EZ59STCGH9X3PMJ30QCV7MH3/live/default/1614009489250/086f16d1-d768-46fe-a32d-1403888f9e1f.contentworkflow.xml, /custom/assets/bundles/01EZ59STCGH9X3PMJ30QCV7MH3/live/System Host/1properties, /custom/assets/bundles/01EZ59STCGH9X3PMJ30QCV7MH3/live/System Host/ejuhy_TESTCOUNTRYCODE1614007253952.language.xml, /custom/assets/bundles/01EZ59STCGH9X3PMJ30QCV7MH3/live/System Host/1614007253952properties, /custom/assets/bundles/01EZ59STCGH9X3PMJ30QCV7MH3/working/System Host/1/331b905c-30a2-46c3-b6ac-e91e20c3c246.contentworkflow.xml, /custom/assets/bundles/01EZ59STCGH9X3PMJ30QCV7MH3/live/System Host/en_US.language.xml, /custom/assets/bundles/01EZ59STCGH9X3PMJ30QCV7MH3/live/System Host/1/3-content.a4c51300-d58e-48d4-b5d9-0d33bf2ac79f.content.xml, /custom/assets/bundles/01EZ59STCGH9X3PMJ30QCV7MH3/live/System Host/1/e59cedec-f4ff-43eb-b3e0-7b6359e63e1c.contentworkflow.xml, /custom/assets/bundles/01EZ59STCGH9X3PMJ30QCV7MH3/working/System Host/1/2-content.a4c51300-d58e-48d4-b5d9-0d33bf2ac79f.content.xml, /custom/assets/bundles/01EZ59STCGH9X3PMJ30QCV7MH3/live/System Host/1614009489250properties]
Existing [/custom/assets/bundles/01EZ59STCGH9X3PMJ30QCV7MH3/ROOT/bc9a1d37-dd2d-4d49-a29d-0c9be740bfaf.folder.xml, /custom/assets/bundles/01EZ59STCGH9X3PMJ30QCV7MH3/bundle.xml, /custom/assets/bundles/01EZ59STCGH9X3PMJ30QCV7MH3/d61a59e1-a49c-46f2-a929-db2b4bfa88b2.workflow.xml, /custom/assets/bundles/01EZ59STCGH9X3PMJ30QCV7MH3/live/System Host/1/1-content.27652c0f-b294-440a-9103-347730ac289b.content.xml, /custom/assets/bundles/01EZ59STCGH9X3PMJ30QCV7MH3/live/System Host/1/3-content.a4c51300-d58e-48d4-b5d9-0d33bf2ac79f.content.xml, /custom/assets/bundles/01EZ59STCGH9X3PMJ30QCV7MH3/live/System Host/1/331b905c-30a2-46c3-b6ac-e91e20c3c246.contentworkflow.xml, /custom/assets/bundles/01EZ59STCGH9X3PMJ30QCV7MH3/live/System Host/1/content.ff462f88-d9e1-4d31-b084-b73cb61976d3.host.xml, /custom/assets/bundles/01EZ59STCGH9X3PMJ30QCV7MH3/live/System Host/1/e59cedec-f4ff-43eb-b3e0-7b6359e63e1c.contentworkflow.xml, /custom/assets/bundles/01EZ59STCGH9X3PMJ30QCV7MH3/live/System Host/1/system host.host.xml, /custom/assets/bundles/01EZ59STCGH9X3PMJ30QCV7MH3/live/System Host/1614007253952properties, /custom/assets/bundles/01EZ59STCGH9X3PMJ30QCV7MH3/live/System Host/1614009489250properties, /custom/assets/bundles/01EZ59STCGH9X3PMJ30QCV7MH3/live/System Host/1properties, /custom/assets/bundles/01EZ59STCGH9X3PMJ30QCV7MH3/live/System Host/ejuhy_TESTCOUNTRYCODE1614007253952.language.xml, /custom/assets/bundles/01EZ59STCGH9X3PMJ30QCV7MH3/live/System Host/en_US.language.xml, /custom/assets/bundles/01EZ59STCGH9X3PMJ30QCV7MH3/live/System Host/tf_ZA.language.xml, /custom/assets/bundles/01EZ59STCGH9X3PMJ30QCV7MH3/live/default/0578beaa-164c-41ae-bdd4-12490b1cfa5e.rule.xml, /custom/assets/bundles/01EZ59STCGH9X3PMJ30QCV7MH3/live/default/1614009489250/0-content.7946546d-6c52-45fb-8053-4f79ff2d4495.content.xml, /custom/assets/bundles/01EZ59STCGH9X3PMJ30QCV7MH3/live/default/1614009489250/086f16d1-d768-46fe-a32d-1403888f9e1f.contentworkflow.xml, /custom/assets/bundles/01EZ59STCGH9X3PMJ30QCV7MH3/working/System Host/1/2-content.a4c51300-d58e-48d4-b5d9-0d33bf2ac79f.content.xml, /custom/assets/bundles/01EZ59STCGH9X3PMJ30QCV7MH3/working/System Host/1/331b905c-30a2-46c3-b6ac-e91e20c3c246.contentworkflow.xml, /custom/assets/bundles/01EZ59STCGH9X3PMJ30QCV7MH3/working/System Host/1/content.ff462f88-d9e1-4d31-b084-b73cb61976d3.host.xml, /custom/assets/bundles/01EZ59STCGH9X3PMJ30QCV7MH3/working/System Host/f4d7c1b8-2c88-4071-abf1-a5328977b07d.contentType.json]
difference [/custom/assets/bundles/01EZ59STCGH9X3PMJ30QCV7MH3/ROOT/bc9a1d37-dd2d-4d49-a29d-0c9be740bfaf.folder.xml, /custom/assets/bundles/01EZ59STCGH9X3PMJ30QCV7MH3/bundle.xml, /custom/assets/bundles/01EZ59STCGH9X3PMJ30QCV7MH3/live/System Host/1/system host.host.xml]

	at org.jgroups.util.Util.assertEquals(Util.java:185)
	at com.dotcms.publishing.PublisherAPIImplTest.publish(PublisherAPIImplTest.java:407)
	at sun.reflect.GeneratedMethodAccessor1528.invoke(Unknown Source)
	at sun.reflect.DelegatingMethodAccessorImpl.invoke(DelegatingMethodAccessorImpl.java:43)
	at java.lang.reflect.Method.invoke(Method.java:498)
	at org.junit.runners.model.FrameworkMethod$1.runReflectiveCall(FrameworkMethod.java:50)
	at org.junit.internal.runners.model.ReflectiveCallable.run(ReflectiveCallable.java:12)
	at org.junit.runners.model.FrameworkMethod.invokeExplosively(FrameworkMethod.java:47)
	at com.tngtech.java.junit.dataprovider.DataProviderFrameworkMethod.invokeExplosively(DataProviderFrameworkMethod.java:119)
	at org.junit.internal.runners.statements.InvokeMethod.evaluate(InvokeMethod.java:17)
	at org.junit.rules.TestWatcher$1.evaluate(TestWatcher.java:55)
	at org.junit.rules.RunRules.evaluate(RunRules.java:20)
	at org.junit.runners.ParentRunner.runLeaf(ParentRunner.java:325)
	at com.dotcms.junit.CustomDataProviderRunner.runChild(CustomDataProviderRunner.java:28)
	at com.dotcms.junit.CustomDataProviderRunner.runChild(CustomDataProviderRunner.java:13)
	at org.junit.runners.ParentRunner$3.run(ParentRunner.java:290)
	at org.junit.runners.ParentRunner$1.schedule(ParentRunner.java:71)
	at org.junit.runners.ParentRunner.runChildren(ParentRunner.java:288)
	at org.junit.runners.ParentRunner.access$000(ParentRunner.java:58)
	at org.junit.runners.ParentRunner$2.evaluate(ParentRunner.java:268)
	at org.junit.internal.runners.statements.RunBefores.evaluate(RunBefores.java:26)
	at org.junit.internal.runners.statements.RunAfters.evaluate(RunAfters.java:27)
	at org.junit.runners.ParentRunner.run(ParentRunner.java:363)
	at org.junit.runners.Suite.runChild(Suite.java:128)
	at org.junit.runners.Suite.runChild(Suite.java:27)
	at org.junit.runners.ParentRunner$3.run(ParentRunner.java:290)
	at org.junit.runners.ParentRunner$1.schedule(ParentRunner.java:71)
	at org.junit.runners.ParentRunner.runChildren(ParentRunner.java:288)
	at org.junit.runners.ParentRunner.access$000(ParentRunner.java:58)
	at org.junit.runners.ParentRunner$2.evaluate(ParentRunner.java:268)
	at org.junit.runners.ParentRunner.run(ParentRunner.java:363)
	at org.gradle.api.internal.tasks.testing.junit.JUnitTestClassExecutor.runTestClass(JUnitTestClassExecutor.java:106)
	at org.gradle.api.internal.tasks.testing.junit.JUnitTestClassExecutor.execute(JUnitTestClassExecutor.java:58)
	at org.gradle.api.internal.tasks.testing.junit.JUnitTestClassExecutor.execute(JUnitTestClassExecutor.java:38)
	at org.gradle.api.internal.tasks.testing.junit.AbstractJUnitTestClassProcessor.processTestClass(AbstractJUnitTestClassProcessor.java:66)
	at org.gradle.api.internal.tasks.testing.SuiteTestClassProcessor.processTestClass(SuiteTestClassProcessor.java:51)
	at sun.reflect.NativeMethodAccessorImpl.invoke0(Native Method)
	at sun.reflect.NativeMethodAccessorImpl.invoke(NativeMethodAccessorImpl.java:62)
	at sun.reflect.DelegatingMethodAccessorImpl.invoke(DelegatingMethodAccessorImpl.java:43)
	at java.lang.reflect.Method.invoke(Method.java:498)
	at org.gradle.internal.dispatch.ReflectionDispatch.dispatch(ReflectionDispatch.java:35)
	at org.gradle.internal.dispatch.ReflectionDispatch.dispatch(ReflectionDispatch.java:24)
	at org.gradle.internal.dispatch.ContextClassLoaderDispatch.dispatch(ContextClassLoaderDispatch.java:32)
	at org.gradle.internal.dispatch.ProxyDispatchAdapter$DispatchingInvocationHandler.invoke(ProxyDispatchAdapter.java:93)
	at com.sun.proxy.$Proxy2.processTestClass(Unknown Source)
	at org.gradle.api.internal.tasks.testing.worker.TestWorker.processTestClass(TestWorker.java:117)
	at sun.reflect.NativeMethodAccessorImpl.invoke0(Native Method)
	at sun.reflect.NativeMethodAccessorImpl.invoke(NativeMethodAccessorImpl.java:62)
	at sun.reflect.DelegatingMethodAccessorImpl.invoke(DelegatingMethodAccessorImpl.java:43)
	at java.lang.reflect.Method.invoke(Method.java:498)
	at org.gradle.internal.dispatch.ReflectionDispatch.dispatch(ReflectionDispatch.java:35)
	at org.gradle.internal.dispatch.ReflectionDispatch.dispatch(ReflectionDispatch.java:24)
	at org.gradle.internal.remote.internal.hub.MessageHubBackedObjectConnection$DispatchWrapper.dispatch(MessageHubBackedObjectConnection.java:155)
	at org.gradle.internal.remote.internal.hub.MessageHubBackedObjectConnection$DispatchWrapper.dispatch(MessageHubBackedObjectConnection.java:137)
	at org.gradle.internal.remote.internal.hub.MessageHub$Handler.run(MessageHub.java:404)
	at org.gradle.internal.concurrent.ExecutorPolicy$CatchAndRecordFailures.onExecute(ExecutorPolicy.java:63)
	at org.gradle.internal.concurrent.ManagedExecutorImpl$1.run(ManagedExecutorImpl.java:46)
	at java.util.concurrent.ThreadPoolExecutor.runWorker(ThreadPoolExecutor.java:1149)
	at java.util.concurrent.ThreadPoolExecutor$Worker.run(ThreadPoolExecutor.java:624)
	at org.gradle.internal.concurrent.ThreadFactoryImpl$ManagedThreadRunnable.run(ThreadFactoryImpl.java:55)
	at java.lang.Thread.run(Thread.java:748)
</pre>
</span>
</div>
<div class="test">
<a name="publish[17: com.dotcms.publishing.PublisherAPIImplTest$TestCase@5fb66c43]"></a>
<h3 class="failures">publish[17: com.dotcms.publishing.PublisherAPIImplTest$TestCase@5fb66c43]</h3>
<span class="code">
<pre>java.lang.AssertionError: Expected 5 but get 6 in /custom/assets/bundles/01EZ59STF6PTPTBP0B26Z9565A
Expected [/custom/assets/bundles/01EZ59STF6PTPTBP0B26Z9565A/live/test1614007253953.dotcms.com/17ce069a-992a-4bf2-9936-e6dbcbf617b6.rule.xml, /custom/assets/bundles/01EZ59STF6PTPTBP0B26Z9565A/working/System Host/1/content.ff462f88-d9e1-4d31-b084-b73cb61976d3.host.xml, /custom/assets/bundles/01EZ59STF6PTPTBP0B26Z9565A/live/System Host/1/content.ff462f88-d9e1-4d31-b084-b73cb61976d3.host.xml, /custom/assets/bundles/01EZ59STF6PTPTBP0B26Z9565A/live/default/0578beaa-164c-41ae-bdd4-12490b1cfa5e.rule.xml]
Existing [/custom/assets/bundles/01EZ59STF6PTPTBP0B26Z9565A/bundle.xml, /custom/assets/bundles/01EZ59STF6PTPTBP0B26Z9565A/live/System Host/1/content.ff462f88-d9e1-4d31-b084-b73cb61976d3.host.xml, /custom/assets/bundles/01EZ59STF6PTPTBP0B26Z9565A/live/System Host/1/system host.host.xml, /custom/assets/bundles/01EZ59STF6PTPTBP0B26Z9565A/live/default/0578beaa-164c-41ae-bdd4-12490b1cfa5e.rule.xml, /custom/assets/bundles/01EZ59STF6PTPTBP0B26Z9565A/live/test1614007253953.dotcms.com/17ce069a-992a-4bf2-9936-e6dbcbf617b6.rule.xml, /custom/assets/bundles/01EZ59STF6PTPTBP0B26Z9565A/working/System Host/1/content.ff462f88-d9e1-4d31-b084-b73cb61976d3.host.xml]
difference [/custom/assets/bundles/01EZ59STF6PTPTBP0B26Z9565A/bundle.xml, /custom/assets/bundles/01EZ59STF6PTPTBP0B26Z9565A/live/System Host/1/system host.host.xml]

	at org.jgroups.util.Util.assertEquals(Util.java:185)
	at com.dotcms.publishing.PublisherAPIImplTest.publish(PublisherAPIImplTest.java:407)
	at sun.reflect.GeneratedMethodAccessor1528.invoke(Unknown Source)
	at sun.reflect.DelegatingMethodAccessorImpl.invoke(DelegatingMethodAccessorImpl.java:43)
	at java.lang.reflect.Method.invoke(Method.java:498)
	at org.junit.runners.model.FrameworkMethod$1.runReflectiveCall(FrameworkMethod.java:50)
	at org.junit.internal.runners.model.ReflectiveCallable.run(ReflectiveCallable.java:12)
	at org.junit.runners.model.FrameworkMethod.invokeExplosively(FrameworkMethod.java:47)
	at com.tngtech.java.junit.dataprovider.DataProviderFrameworkMethod.invokeExplosively(DataProviderFrameworkMethod.java:119)
	at org.junit.internal.runners.statements.InvokeMethod.evaluate(InvokeMethod.java:17)
	at org.junit.rules.TestWatcher$1.evaluate(TestWatcher.java:55)
	at org.junit.rules.RunRules.evaluate(RunRules.java:20)
	at org.junit.runners.ParentRunner.runLeaf(ParentRunner.java:325)
	at com.dotcms.junit.CustomDataProviderRunner.runChild(CustomDataProviderRunner.java:28)
	at com.dotcms.junit.CustomDataProviderRunner.runChild(CustomDataProviderRunner.java:13)
	at org.junit.runners.ParentRunner$3.run(ParentRunner.java:290)
	at org.junit.runners.ParentRunner$1.schedule(ParentRunner.java:71)
	at org.junit.runners.ParentRunner.runChildren(ParentRunner.java:288)
	at org.junit.runners.ParentRunner.access$000(ParentRunner.java:58)
	at org.junit.runners.ParentRunner$2.evaluate(ParentRunner.java:268)
	at org.junit.internal.runners.statements.RunBefores.evaluate(RunBefores.java:26)
	at org.junit.internal.runners.statements.RunAfters.evaluate(RunAfters.java:27)
	at org.junit.runners.ParentRunner.run(ParentRunner.java:363)
	at org.junit.runners.Suite.runChild(Suite.java:128)
	at org.junit.runners.Suite.runChild(Suite.java:27)
	at org.junit.runners.ParentRunner$3.run(ParentRunner.java:290)
	at org.junit.runners.ParentRunner$1.schedule(ParentRunner.java:71)
	at org.junit.runners.ParentRunner.runChildren(ParentRunner.java:288)
	at org.junit.runners.ParentRunner.access$000(ParentRunner.java:58)
	at org.junit.runners.ParentRunner$2.evaluate(ParentRunner.java:268)
	at org.junit.runners.ParentRunner.run(ParentRunner.java:363)
	at org.gradle.api.internal.tasks.testing.junit.JUnitTestClassExecutor.runTestClass(JUnitTestClassExecutor.java:106)
	at org.gradle.api.internal.tasks.testing.junit.JUnitTestClassExecutor.execute(JUnitTestClassExecutor.java:58)
	at org.gradle.api.internal.tasks.testing.junit.JUnitTestClassExecutor.execute(JUnitTestClassExecutor.java:38)
	at org.gradle.api.internal.tasks.testing.junit.AbstractJUnitTestClassProcessor.processTestClass(AbstractJUnitTestClassProcessor.java:66)
	at org.gradle.api.internal.tasks.testing.SuiteTestClassProcessor.processTestClass(SuiteTestClassProcessor.java:51)
	at sun.reflect.NativeMethodAccessorImpl.invoke0(Native Method)
	at sun.reflect.NativeMethodAccessorImpl.invoke(NativeMethodAccessorImpl.java:62)
	at sun.reflect.DelegatingMethodAccessorImpl.invoke(DelegatingMethodAccessorImpl.java:43)
	at java.lang.reflect.Method.invoke(Method.java:498)
	at org.gradle.internal.dispatch.ReflectionDispatch.dispatch(ReflectionDispatch.java:35)
	at org.gradle.internal.dispatch.ReflectionDispatch.dispatch(ReflectionDispatch.java:24)
	at org.gradle.internal.dispatch.ContextClassLoaderDispatch.dispatch(ContextClassLoaderDispatch.java:32)
	at org.gradle.internal.dispatch.ProxyDispatchAdapter$DispatchingInvocationHandler.invoke(ProxyDispatchAdapter.java:93)
	at com.sun.proxy.$Proxy2.processTestClass(Unknown Source)
	at org.gradle.api.internal.tasks.testing.worker.TestWorker.processTestClass(TestWorker.java:117)
	at sun.reflect.NativeMethodAccessorImpl.invoke0(Native Method)
	at sun.reflect.NativeMethodAccessorImpl.invoke(NativeMethodAccessorImpl.java:62)
	at sun.reflect.DelegatingMethodAccessorImpl.invoke(DelegatingMethodAccessorImpl.java:43)
	at java.lang.reflect.Method.invoke(Method.java:498)
	at org.gradle.internal.dispatch.ReflectionDispatch.dispatch(ReflectionDispatch.java:35)
	at org.gradle.internal.dispatch.ReflectionDispatch.dispatch(ReflectionDispatch.java:24)
	at org.gradle.internal.remote.internal.hub.MessageHubBackedObjectConnection$DispatchWrapper.dispatch(MessageHubBackedObjectConnection.java:155)
	at org.gradle.internal.remote.internal.hub.MessageHubBackedObjectConnection$DispatchWrapper.dispatch(MessageHubBackedObjectConnection.java:137)
	at org.gradle.internal.remote.internal.hub.MessageHub$Handler.run(MessageHub.java:404)
	at org.gradle.internal.concurrent.ExecutorPolicy$CatchAndRecordFailures.onExecute(ExecutorPolicy.java:63)
	at org.gradle.internal.concurrent.ManagedExecutorImpl$1.run(ManagedExecutorImpl.java:46)
	at java.util.concurrent.ThreadPoolExecutor.runWorker(ThreadPoolExecutor.java:1149)
	at java.util.concurrent.ThreadPoolExecutor$Worker.run(ThreadPoolExecutor.java:624)
	at org.gradle.internal.concurrent.ThreadFactoryImpl$ManagedThreadRunnable.run(ThreadFactoryImpl.java:55)
	at java.lang.Thread.run(Thread.java:748)
</pre>
</span>
</div>
<div class="test">
<a name="publish[1: com.dotcms.publishing.PublisherAPIImplTest$TestCase@3955a899]"></a>
<h3 class="failures">publish[1: com.dotcms.publishing.PublisherAPIImplTest$TestCase@3955a899]</h3>
<span class="code">
<pre>java.lang.AssertionError: Expected 23 but get 25 in /custom/assets/bundles/01EZ59SRFB40X98GAJH7PXDHRB
Expected [/custom/assets/bundles/01EZ59SRFB40X98GAJH7PXDHRB/live/System Host/1/1-content.27652c0f-b294-440a-9103-347730ac289b.content.xml, /custom/assets/bundles/01EZ59SRFB40X98GAJH7PXDHRB/live/System Host/1/content.ff462f88-d9e1-4d31-b084-b73cb61976d3.host.xml, /custom/assets/bundles/01EZ59SRFB40X98GAJH7PXDHRB/working/System Host/1/content.ff462f88-d9e1-4d31-b084-b73cb61976d3.host.xml, /custom/assets/bundles/01EZ59SRFB40X98GAJH7PXDHRB/live/System Host/1/331b905c-30a2-46c3-b6ac-e91e20c3c246.contentworkflow.xml, /custom/assets/bundles/01EZ59SRFB40X98GAJH7PXDHRB/live/test1614007248904.dotcms.com/9a6e08ad-d480-4493-b91a-ec4b66271ff6.template.template.xml, /custom/assets/bundles/01EZ59SRFB40X98GAJH7PXDHRB/live/System Host/1properties, /custom/assets/bundles/01EZ59SRFB40X98GAJH7PXDHRB/working/test1614007248904.dotcms.com/330da0df-b29a-43b2-9f29-2fa9cf8af224.containers.container.xml, /custom/assets/bundles/01EZ59SRFB40X98GAJH7PXDHRB/live/default/0578beaa-164c-41ae-bdd4-12490b1cfa5e.rule.xml, /custom/assets/bundles/01EZ59SRFB40X98GAJH7PXDHRB/working/test1614007248904.dotcms.com/2eb6cdfa-5e95-4789-b30f-732e7138adfe.contentType.json, /custom/assets/bundles/01EZ59SRFB40X98GAJH7PXDHRB/working/System Host/f4d7c1b8-2c88-4071-abf1-a5328977b07d.contentType.json, /custom/assets/bundles/01EZ59SRFB40X98GAJH7PXDHRB/working/test1614007248904.dotcms.com/188d19cd-1f6a-42b1-b5b0-71b1e8e5198b.containers.container.xml, /custom/assets/bundles/01EZ59SRFB40X98GAJH7PXDHRB/live/System Host/en_US.language.xml, /custom/assets/bundles/01EZ59SRFB40X98GAJH7PXDHRB/working/System Host/1/331b905c-30a2-46c3-b6ac-e91e20c3c246.contentworkflow.xml, /custom/assets/bundles/01EZ59SRFB40X98GAJH7PXDHRB/live/System Host/1/3-content.a4c51300-d58e-48d4-b5d9-0d33bf2ac79f.content.xml, /custom/assets/bundles/01EZ59SRFB40X98GAJH7PXDHRB/live/System Host/1/content.b0af339c-4bac-4a3f-85c1-7bd6e9671acf.host.xml, /custom/assets/bundles/01EZ59SRFB40X98GAJH7PXDHRB/live/System Host/1614009489250properties, /custom/assets/bundles/01EZ59SRFB40X98GAJH7PXDHRB/live/default/1614009489250/0-content.7946546d-6c52-45fb-8053-4f79ff2d4495.content.xml, /custom/assets/bundles/01EZ59SRFB40X98GAJH7PXDHRB/working/System Host/1/2-content.a4c51300-d58e-48d4-b5d9-0d33bf2ac79f.content.xml, /custom/assets/bundles/01EZ59SRFB40X98GAJH7PXDHRB/d61a59e1-a49c-46f2-a929-db2b4bfa88b2.workflow.xml, /custom/assets/bundles/01EZ59SRFB40X98GAJH7PXDHRB/live/System Host/1/e59cedec-f4ff-43eb-b3e0-7b6359e63e1c.contentworkflow.xml, /custom/assets/bundles/01EZ59SRFB40X98GAJH7PXDHRB/live/System Host/tf_ZA.language.xml, /custom/assets/bundles/01EZ59SRFB40X98GAJH7PXDHRB/live/default/1614009489250/086f16d1-d768-46fe-a32d-1403888f9e1f.contentworkflow.xml]
Existing [/custom/assets/bundles/01EZ59SRFB40X98GAJH7PXDHRB/ROOT/bc9a1d37-dd2d-4d49-a29d-0c9be740bfaf.folder.xml, /custom/assets/bundles/01EZ59SRFB40X98GAJH7PXDHRB/bundle.xml, /custom/assets/bundles/01EZ59SRFB40X98GAJH7PXDHRB/d61a59e1-a49c-46f2-a929-db2b4bfa88b2.workflow.xml, /custom/assets/bundles/01EZ59SRFB40X98GAJH7PXDHRB/live/System Host/1/1-content.27652c0f-b294-440a-9103-347730ac289b.content.xml, /custom/assets/bundles/01EZ59SRFB40X98GAJH7PXDHRB/live/System Host/1/3-content.a4c51300-d58e-48d4-b5d9-0d33bf2ac79f.content.xml, /custom/assets/bundles/01EZ59SRFB40X98GAJH7PXDHRB/live/System Host/1/331b905c-30a2-46c3-b6ac-e91e20c3c246.contentworkflow.xml, /custom/assets/bundles/01EZ59SRFB40X98GAJH7PXDHRB/live/System Host/1/content.b0af339c-4bac-4a3f-85c1-7bd6e9671acf.host.xml, /custom/assets/bundles/01EZ59SRFB40X98GAJH7PXDHRB/live/System Host/1/content.ff462f88-d9e1-4d31-b084-b73cb61976d3.host.xml, /custom/assets/bundles/01EZ59SRFB40X98GAJH7PXDHRB/live/System Host/1/e59cedec-f4ff-43eb-b3e0-7b6359e63e1c.contentworkflow.xml, /custom/assets/bundles/01EZ59SRFB40X98GAJH7PXDHRB/live/System Host/1/system host.host.xml, /custom/assets/bundles/01EZ59SRFB40X98GAJH7PXDHRB/live/System Host/1614009489250properties, /custom/assets/bundles/01EZ59SRFB40X98GAJH7PXDHRB/live/System Host/1properties, /custom/assets/bundles/01EZ59SRFB40X98GAJH7PXDHRB/live/System Host/en_US.language.xml, /custom/assets/bundles/01EZ59SRFB40X98GAJH7PXDHRB/live/System Host/tf_ZA.language.xml, /custom/assets/bundles/01EZ59SRFB40X98GAJH7PXDHRB/live/default/0578beaa-164c-41ae-bdd4-12490b1cfa5e.rule.xml, /custom/assets/bundles/01EZ59SRFB40X98GAJH7PXDHRB/live/default/1614009489250/0-content.7946546d-6c52-45fb-8053-4f79ff2d4495.content.xml, /custom/assets/bundles/01EZ59SRFB40X98GAJH7PXDHRB/live/default/1614009489250/086f16d1-d768-46fe-a32d-1403888f9e1f.contentworkflow.xml, /custom/assets/bundles/01EZ59SRFB40X98GAJH7PXDHRB/live/test1614007248904.dotcms.com/9a6e08ad-d480-4493-b91a-ec4b66271ff6.template.template.xml, /custom/assets/bundles/01EZ59SRFB40X98GAJH7PXDHRB/working/System Host/1/2-content.a4c51300-d58e-48d4-b5d9-0d33bf2ac79f.content.xml, /custom/assets/bundles/01EZ59SRFB40X98GAJH7PXDHRB/working/System Host/1/331b905c-30a2-46c3-b6ac-e91e20c3c246.contentworkflow.xml, /custom/assets/bundles/01EZ59SRFB40X98GAJH7PXDHRB/working/System Host/1/content.ff462f88-d9e1-4d31-b084-b73cb61976d3.host.xml, /custom/assets/bundles/01EZ59SRFB40X98GAJH7PXDHRB/working/System Host/f4d7c1b8-2c88-4071-abf1-a5328977b07d.contentType.json, /custom/assets/bundles/01EZ59SRFB40X98GAJH7PXDHRB/working/test1614007248904.dotcms.com/188d19cd-1f6a-42b1-b5b0-71b1e8e5198b.containers.container.xml, /custom/assets/bundles/01EZ59SRFB40X98GAJH7PXDHRB/working/test1614007248904.dotcms.com/2eb6cdfa-5e95-4789-b30f-732e7138adfe.contentType.json, /custom/assets/bundles/01EZ59SRFB40X98GAJH7PXDHRB/working/test1614007248904.dotcms.com/330da0df-b29a-43b2-9f29-2fa9cf8af224.containers.container.xml]
difference [/custom/assets/bundles/01EZ59SRFB40X98GAJH7PXDHRB/ROOT/bc9a1d37-dd2d-4d49-a29d-0c9be740bfaf.folder.xml, /custom/assets/bundles/01EZ59SRFB40X98GAJH7PXDHRB/bundle.xml, /custom/assets/bundles/01EZ59SRFB40X98GAJH7PXDHRB/live/System Host/1/system host.host.xml]

	at org.jgroups.util.Util.assertEquals(Util.java:185)
	at com.dotcms.publishing.PublisherAPIImplTest.publish(PublisherAPIImplTest.java:407)
	at sun.reflect.NativeMethodAccessorImpl.invoke0(Native Method)
	at sun.reflect.NativeMethodAccessorImpl.invoke(NativeMethodAccessorImpl.java:62)
	at sun.reflect.DelegatingMethodAccessorImpl.invoke(DelegatingMethodAccessorImpl.java:43)
	at java.lang.reflect.Method.invoke(Method.java:498)
	at org.junit.runners.model.FrameworkMethod$1.runReflectiveCall(FrameworkMethod.java:50)
	at org.junit.internal.runners.model.ReflectiveCallable.run(ReflectiveCallable.java:12)
	at org.junit.runners.model.FrameworkMethod.invokeExplosively(FrameworkMethod.java:47)
	at com.tngtech.java.junit.dataprovider.DataProviderFrameworkMethod.invokeExplosively(DataProviderFrameworkMethod.java:119)
	at org.junit.internal.runners.statements.InvokeMethod.evaluate(InvokeMethod.java:17)
	at org.junit.rules.TestWatcher$1.evaluate(TestWatcher.java:55)
	at org.junit.rules.RunRules.evaluate(RunRules.java:20)
	at org.junit.runners.ParentRunner.runLeaf(ParentRunner.java:325)
	at com.dotcms.junit.CustomDataProviderRunner.runChild(CustomDataProviderRunner.java:28)
	at com.dotcms.junit.CustomDataProviderRunner.runChild(CustomDataProviderRunner.java:13)
	at org.junit.runners.ParentRunner$3.run(ParentRunner.java:290)
	at org.junit.runners.ParentRunner$1.schedule(ParentRunner.java:71)
	at org.junit.runners.ParentRunner.runChildren(ParentRunner.java:288)
	at org.junit.runners.ParentRunner.access$000(ParentRunner.java:58)
	at org.junit.runners.ParentRunner$2.evaluate(ParentRunner.java:268)
	at org.junit.internal.runners.statements.RunBefores.evaluate(RunBefores.java:26)
	at org.junit.internal.runners.statements.RunAfters.evaluate(RunAfters.java:27)
	at org.junit.runners.ParentRunner.run(ParentRunner.java:363)
	at org.junit.runners.Suite.runChild(Suite.java:128)
	at org.junit.runners.Suite.runChild(Suite.java:27)
	at org.junit.runners.ParentRunner$3.run(ParentRunner.java:290)
	at org.junit.runners.ParentRunner$1.schedule(ParentRunner.java:71)
	at org.junit.runners.ParentRunner.runChildren(ParentRunner.java:288)
	at org.junit.runners.ParentRunner.access$000(ParentRunner.java:58)
	at org.junit.runners.ParentRunner$2.evaluate(ParentRunner.java:268)
	at org.junit.runners.ParentRunner.run(ParentRunner.java:363)
	at org.gradle.api.internal.tasks.testing.junit.JUnitTestClassExecutor.runTestClass(JUnitTestClassExecutor.java:106)
	at org.gradle.api.internal.tasks.testing.junit.JUnitTestClassExecutor.execute(JUnitTestClassExecutor.java:58)
	at org.gradle.api.internal.tasks.testing.junit.JUnitTestClassExecutor.execute(JUnitTestClassExecutor.java:38)
	at org.gradle.api.internal.tasks.testing.junit.AbstractJUnitTestClassProcessor.processTestClass(AbstractJUnitTestClassProcessor.java:66)
	at org.gradle.api.internal.tasks.testing.SuiteTestClassProcessor.processTestClass(SuiteTestClassProcessor.java:51)
	at sun.reflect.NativeMethodAccessorImpl.invoke0(Native Method)
	at sun.reflect.NativeMethodAccessorImpl.invoke(NativeMethodAccessorImpl.java:62)
	at sun.reflect.DelegatingMethodAccessorImpl.invoke(DelegatingMethodAccessorImpl.java:43)
	at java.lang.reflect.Method.invoke(Method.java:498)
	at org.gradle.internal.dispatch.ReflectionDispatch.dispatch(ReflectionDispatch.java:35)
	at org.gradle.internal.dispatch.ReflectionDispatch.dispatch(ReflectionDispatch.java:24)
	at org.gradle.internal.dispatch.ContextClassLoaderDispatch.dispatch(ContextClassLoaderDispatch.java:32)
	at org.gradle.internal.dispatch.ProxyDispatchAdapter$DispatchingInvocationHandler.invoke(ProxyDispatchAdapter.java:93)
	at com.sun.proxy.$Proxy2.processTestClass(Unknown Source)
	at org.gradle.api.internal.tasks.testing.worker.TestWorker.processTestClass(TestWorker.java:117)
	at sun.reflect.NativeMethodAccessorImpl.invoke0(Native Method)
	at sun.reflect.NativeMethodAccessorImpl.invoke(NativeMethodAccessorImpl.java:62)
	at sun.reflect.DelegatingMethodAccessorImpl.invoke(DelegatingMethodAccessorImpl.java:43)
	at java.lang.reflect.Method.invoke(Method.java:498)
	at org.gradle.internal.dispatch.ReflectionDispatch.dispatch(ReflectionDispatch.java:35)
	at org.gradle.internal.dispatch.ReflectionDispatch.dispatch(ReflectionDispatch.java:24)
	at org.gradle.internal.remote.internal.hub.MessageHubBackedObjectConnection$DispatchWrapper.dispatch(MessageHubBackedObjectConnection.java:155)
	at org.gradle.internal.remote.internal.hub.MessageHubBackedObjectConnection$DispatchWrapper.dispatch(MessageHubBackedObjectConnection.java:137)
	at org.gradle.internal.remote.internal.hub.MessageHub$Handler.run(MessageHub.java:404)
	at org.gradle.internal.concurrent.ExecutorPolicy$CatchAndRecordFailures.onExecute(ExecutorPolicy.java:63)
	at org.gradle.internal.concurrent.ManagedExecutorImpl$1.run(ManagedExecutorImpl.java:46)
	at java.util.concurrent.ThreadPoolExecutor.runWorker(ThreadPoolExecutor.java:1149)
	at java.util.concurrent.ThreadPoolExecutor$Worker.run(ThreadPoolExecutor.java:624)
	at org.gradle.internal.concurrent.ThreadFactoryImpl$ManagedThreadRunnable.run(ThreadFactoryImpl.java:55)
	at java.lang.Thread.run(Thread.java:748)
</pre>
</span>
</div>
<div class="test">
<a name="publish[2: com.dotcms.publishing.PublisherAPIImplTest$TestCase@4dd453cc]"></a>
<h3 class="failures">publish[2: com.dotcms.publishing.PublisherAPIImplTest$TestCase@4dd453cc]</h3>
<span class="code">
<pre>java.lang.AssertionError: Expected 21 but get 23 in /custom/assets/bundles/01EZ59SRKFVEFD6KTY2VDXSA9Q
Expected [/custom/assets/bundles/01EZ59SRKFVEFD6KTY2VDXSA9Q/working/System Host/1/331b905c-30a2-46c3-b6ac-e91e20c3c246.contentworkflow.xml, /custom/assets/bundles/01EZ59SRKFVEFD6KTY2VDXSA9Q/live/System Host/1/1-content.27652c0f-b294-440a-9103-347730ac289b.content.xml, /custom/assets/bundles/01EZ59SRKFVEFD6KTY2VDXSA9Q/working/test1614007249879.dotcms.com/8bb47285-79f5-40c7-8e0c-f766a67a0ebd.contentType.json, /custom/assets/bundles/01EZ59SRKFVEFD6KTY2VDXSA9Q/live/System Host/1/content.ff462f88-d9e1-4d31-b084-b73cb61976d3.host.xml, /custom/assets/bundles/01EZ59SRKFVEFD6KTY2VDXSA9Q/working/System Host/1/content.ff462f88-d9e1-4d31-b084-b73cb61976d3.host.xml, /custom/assets/bundles/01EZ59SRKFVEFD6KTY2VDXSA9Q/live/default/1614009489250/0-content.7946546d-6c52-45fb-8053-4f79ff2d4495.content.xml, /custom/assets/bundles/01EZ59SRKFVEFD6KTY2VDXSA9Q/live/System Host/1/331b905c-30a2-46c3-b6ac-e91e20c3c246.contentworkflow.xml, /custom/assets/bundles/01EZ59SRKFVEFD6KTY2VDXSA9Q/working/System Host/f4d7c1b8-2c88-4071-abf1-a5328977b07d.contentType.json, /custom/assets/bundles/01EZ59SRKFVEFD6KTY2VDXSA9Q/live/System Host/en_US.language.xml, /custom/assets/bundles/01EZ59SRKFVEFD6KTY2VDXSA9Q/live/System Host/1properties, /custom/assets/bundles/01EZ59SRKFVEFD6KTY2VDXSA9Q/live/default/1614009489250/086f16d1-d768-46fe-a32d-1403888f9e1f.contentworkflow.xml, /custom/assets/bundles/01EZ59SRKFVEFD6KTY2VDXSA9Q/working/test1614007249879.dotcms.com/78b006dc-5576-4f15-9945-aa534e546ac3.containers.container.xml, /custom/assets/bundles/01EZ59SRKFVEFD6KTY2VDXSA9Q/live/System Host/1/e59cedec-f4ff-43eb-b3e0-7b6359e63e1c.contentworkflow.xml, /custom/assets/bundles/01EZ59SRKFVEFD6KTY2VDXSA9Q/live/System Host/1/3-content.a4c51300-d58e-48d4-b5d9-0d33bf2ac79f.content.xml, /custom/assets/bundles/01EZ59SRKFVEFD6KTY2VDXSA9Q/live/System Host/tf_ZA.language.xml, /custom/assets/bundles/01EZ59SRKFVEFD6KTY2VDXSA9Q/d61a59e1-a49c-46f2-a929-db2b4bfa88b2.workflow.xml, /custom/assets/bundles/01EZ59SRKFVEFD6KTY2VDXSA9Q/live/System Host/1614009489250properties, /custom/assets/bundles/01EZ59SRKFVEFD6KTY2VDXSA9Q/live/System Host/1/content.3f77b26e-e186-4eff-9cd8-4778c0bf43ff.host.xml, /custom/assets/bundles/01EZ59SRKFVEFD6KTY2VDXSA9Q/working/System Host/1/2-content.a4c51300-d58e-48d4-b5d9-0d33bf2ac79f.content.xml, /custom/assets/bundles/01EZ59SRKFVEFD6KTY2VDXSA9Q/live/default/0578beaa-164c-41ae-bdd4-12490b1cfa5e.rule.xml]
Existing [/custom/assets/bundles/01EZ59SRKFVEFD6KTY2VDXSA9Q/ROOT/bc9a1d37-dd2d-4d49-a29d-0c9be740bfaf.folder.xml, /custom/assets/bundles/01EZ59SRKFVEFD6KTY2VDXSA9Q/bundle.xml, /custom/assets/bundles/01EZ59SRKFVEFD6KTY2VDXSA9Q/d61a59e1-a49c-46f2-a929-db2b4bfa88b2.workflow.xml, /custom/assets/bundles/01EZ59SRKFVEFD6KTY2VDXSA9Q/live/System Host/1/1-content.27652c0f-b294-440a-9103-347730ac289b.content.xml, /custom/assets/bundles/01EZ59SRKFVEFD6KTY2VDXSA9Q/live/System Host/1/3-content.a4c51300-d58e-48d4-b5d9-0d33bf2ac79f.content.xml, /custom/assets/bundles/01EZ59SRKFVEFD6KTY2VDXSA9Q/live/System Host/1/331b905c-30a2-46c3-b6ac-e91e20c3c246.contentworkflow.xml, /custom/assets/bundles/01EZ59SRKFVEFD6KTY2VDXSA9Q/live/System Host/1/content.3f77b26e-e186-4eff-9cd8-4778c0bf43ff.host.xml, /custom/assets/bundles/01EZ59SRKFVEFD6KTY2VDXSA9Q/live/System Host/1/content.ff462f88-d9e1-4d31-b084-b73cb61976d3.host.xml, /custom/assets/bundles/01EZ59SRKFVEFD6KTY2VDXSA9Q/live/System Host/1/e59cedec-f4ff-43eb-b3e0-7b6359e63e1c.contentworkflow.xml, /custom/assets/bundles/01EZ59SRKFVEFD6KTY2VDXSA9Q/live/System Host/1/system host.host.xml, /custom/assets/bundles/01EZ59SRKFVEFD6KTY2VDXSA9Q/live/System Host/1614009489250properties, /custom/assets/bundles/01EZ59SRKFVEFD6KTY2VDXSA9Q/live/System Host/1properties, /custom/assets/bundles/01EZ59SRKFVEFD6KTY2VDXSA9Q/live/System Host/en_US.language.xml, /custom/assets/bundles/01EZ59SRKFVEFD6KTY2VDXSA9Q/live/System Host/tf_ZA.language.xml, /custom/assets/bundles/01EZ59SRKFVEFD6KTY2VDXSA9Q/live/default/0578beaa-164c-41ae-bdd4-12490b1cfa5e.rule.xml, /custom/assets/bundles/01EZ59SRKFVEFD6KTY2VDXSA9Q/live/default/1614009489250/0-content.7946546d-6c52-45fb-8053-4f79ff2d4495.content.xml, /custom/assets/bundles/01EZ59SRKFVEFD6KTY2VDXSA9Q/live/default/1614009489250/086f16d1-d768-46fe-a32d-1403888f9e1f.contentworkflow.xml, /custom/assets/bundles/01EZ59SRKFVEFD6KTY2VDXSA9Q/working/System Host/1/2-content.a4c51300-d58e-48d4-b5d9-0d33bf2ac79f.content.xml, /custom/assets/bundles/01EZ59SRKFVEFD6KTY2VDXSA9Q/working/System Host/1/331b905c-30a2-46c3-b6ac-e91e20c3c246.contentworkflow.xml, /custom/assets/bundles/01EZ59SRKFVEFD6KTY2VDXSA9Q/working/System Host/1/content.ff462f88-d9e1-4d31-b084-b73cb61976d3.host.xml, /custom/assets/bundles/01EZ59SRKFVEFD6KTY2VDXSA9Q/working/System Host/f4d7c1b8-2c88-4071-abf1-a5328977b07d.contentType.json, /custom/assets/bundles/01EZ59SRKFVEFD6KTY2VDXSA9Q/working/test1614007249879.dotcms.com/78b006dc-5576-4f15-9945-aa534e546ac3.containers.container.xml, /custom/assets/bundles/01EZ59SRKFVEFD6KTY2VDXSA9Q/working/test1614007249879.dotcms.com/8bb47285-79f5-40c7-8e0c-f766a67a0ebd.contentType.json]
difference [/custom/assets/bundles/01EZ59SRKFVEFD6KTY2VDXSA9Q/ROOT/bc9a1d37-dd2d-4d49-a29d-0c9be740bfaf.folder.xml, /custom/assets/bundles/01EZ59SRKFVEFD6KTY2VDXSA9Q/bundle.xml, /custom/assets/bundles/01EZ59SRKFVEFD6KTY2VDXSA9Q/live/System Host/1/system host.host.xml]

	at org.jgroups.util.Util.assertEquals(Util.java:185)
	at com.dotcms.publishing.PublisherAPIImplTest.publish(PublisherAPIImplTest.java:407)
	at sun.reflect.NativeMethodAccessorImpl.invoke0(Native Method)
	at sun.reflect.NativeMethodAccessorImpl.invoke(NativeMethodAccessorImpl.java:62)
	at sun.reflect.DelegatingMethodAccessorImpl.invoke(DelegatingMethodAccessorImpl.java:43)
	at java.lang.reflect.Method.invoke(Method.java:498)
	at org.junit.runners.model.FrameworkMethod$1.runReflectiveCall(FrameworkMethod.java:50)
	at org.junit.internal.runners.model.ReflectiveCallable.run(ReflectiveCallable.java:12)
	at org.junit.runners.model.FrameworkMethod.invokeExplosively(FrameworkMethod.java:47)
	at com.tngtech.java.junit.dataprovider.DataProviderFrameworkMethod.invokeExplosively(DataProviderFrameworkMethod.java:119)
	at org.junit.internal.runners.statements.InvokeMethod.evaluate(InvokeMethod.java:17)
	at org.junit.rules.TestWatcher$1.evaluate(TestWatcher.java:55)
	at org.junit.rules.RunRules.evaluate(RunRules.java:20)
	at org.junit.runners.ParentRunner.runLeaf(ParentRunner.java:325)
	at com.dotcms.junit.CustomDataProviderRunner.runChild(CustomDataProviderRunner.java:28)
	at com.dotcms.junit.CustomDataProviderRunner.runChild(CustomDataProviderRunner.java:13)
	at org.junit.runners.ParentRunner$3.run(ParentRunner.java:290)
	at org.junit.runners.ParentRunner$1.schedule(ParentRunner.java:71)
	at org.junit.runners.ParentRunner.runChildren(ParentRunner.java:288)
	at org.junit.runners.ParentRunner.access$000(ParentRunner.java:58)
	at org.junit.runners.ParentRunner$2.evaluate(ParentRunner.java:268)
	at org.junit.internal.runners.statements.RunBefores.evaluate(RunBefores.java:26)
	at org.junit.internal.runners.statements.RunAfters.evaluate(RunAfters.java:27)
	at org.junit.runners.ParentRunner.run(ParentRunner.java:363)
	at org.junit.runners.Suite.runChild(Suite.java:128)
	at org.junit.runners.Suite.runChild(Suite.java:27)
	at org.junit.runners.ParentRunner$3.run(ParentRunner.java:290)
	at org.junit.runners.ParentRunner$1.schedule(ParentRunner.java:71)
	at org.junit.runners.ParentRunner.runChildren(ParentRunner.java:288)
	at org.junit.runners.ParentRunner.access$000(ParentRunner.java:58)
	at org.junit.runners.ParentRunner$2.evaluate(ParentRunner.java:268)
	at org.junit.runners.ParentRunner.run(ParentRunner.java:363)
	at org.gradle.api.internal.tasks.testing.junit.JUnitTestClassExecutor.runTestClass(JUnitTestClassExecutor.java:106)
	at org.gradle.api.internal.tasks.testing.junit.JUnitTestClassExecutor.execute(JUnitTestClassExecutor.java:58)
	at org.gradle.api.internal.tasks.testing.junit.JUnitTestClassExecutor.execute(JUnitTestClassExecutor.java:38)
	at org.gradle.api.internal.tasks.testing.junit.AbstractJUnitTestClassProcessor.processTestClass(AbstractJUnitTestClassProcessor.java:66)
	at org.gradle.api.internal.tasks.testing.SuiteTestClassProcessor.processTestClass(SuiteTestClassProcessor.java:51)
	at sun.reflect.NativeMethodAccessorImpl.invoke0(Native Method)
	at sun.reflect.NativeMethodAccessorImpl.invoke(NativeMethodAccessorImpl.java:62)
	at sun.reflect.DelegatingMethodAccessorImpl.invoke(DelegatingMethodAccessorImpl.java:43)
	at java.lang.reflect.Method.invoke(Method.java:498)
	at org.gradle.internal.dispatch.ReflectionDispatch.dispatch(ReflectionDispatch.java:35)
	at org.gradle.internal.dispatch.ReflectionDispatch.dispatch(ReflectionDispatch.java:24)
	at org.gradle.internal.dispatch.ContextClassLoaderDispatch.dispatch(ContextClassLoaderDispatch.java:32)
	at org.gradle.internal.dispatch.ProxyDispatchAdapter$DispatchingInvocationHandler.invoke(ProxyDispatchAdapter.java:93)
	at com.sun.proxy.$Proxy2.processTestClass(Unknown Source)
	at org.gradle.api.internal.tasks.testing.worker.TestWorker.processTestClass(TestWorker.java:117)
	at sun.reflect.NativeMethodAccessorImpl.invoke0(Native Method)
	at sun.reflect.NativeMethodAccessorImpl.invoke(NativeMethodAccessorImpl.java:62)
	at sun.reflect.DelegatingMethodAccessorImpl.invoke(DelegatingMethodAccessorImpl.java:43)
	at java.lang.reflect.Method.invoke(Method.java:498)
	at org.gradle.internal.dispatch.ReflectionDispatch.dispatch(ReflectionDispatch.java:35)
	at org.gradle.internal.dispatch.ReflectionDispatch.dispatch(ReflectionDispatch.java:24)
	at org.gradle.internal.remote.internal.hub.MessageHubBackedObjectConnection$DispatchWrapper.dispatch(MessageHubBackedObjectConnection.java:155)
	at org.gradle.internal.remote.internal.hub.MessageHubBackedObjectConnection$DispatchWrapper.dispatch(MessageHubBackedObjectConnection.java:137)
	at org.gradle.internal.remote.internal.hub.MessageHub$Handler.run(MessageHub.java:404)
	at org.gradle.internal.concurrent.ExecutorPolicy$CatchAndRecordFailures.onExecute(ExecutorPolicy.java:63)
	at org.gradle.internal.concurrent.ManagedExecutorImpl$1.run(ManagedExecutorImpl.java:46)
	at java.util.concurrent.ThreadPoolExecutor.runWorker(ThreadPoolExecutor.java:1149)
	at java.util.concurrent.ThreadPoolExecutor$Worker.run(ThreadPoolExecutor.java:624)
	at org.gradle.internal.concurrent.ThreadFactoryImpl$ManagedThreadRunnable.run(ThreadFactoryImpl.java:55)
	at java.lang.Thread.run(Thread.java:748)
</pre>
</span>
</div>
<div class="test">
<a name="publish[3: com.dotcms.publishing.PublisherAPIImplTest$TestCase@5770e093]"></a>
<h3 class="failures">publish[3: com.dotcms.publishing.PublisherAPIImplTest$TestCase@5770e093]</h3>
<span class="code">
<pre>java.lang.AssertionError: Expected 31 but get 33 in /custom/assets/bundles/01EZ59SRQQJWJW41E5PMTK7BMP
Expected [/custom/assets/bundles/01EZ59SRQQJWJW41E5PMTK7BMP/working/System Host/33888b6f-7a8e-4069-b1b6-5c1aa9d0a48d.contentType.json, /custom/assets/bundles/01EZ59SRQQJWJW41E5PMTK7BMP/working/test1614007250867.dotcms.com/1/3a78bc0b-389e-4673-9963-1b1494f33cc5.contentworkflow.xml, /custom/assets/bundles/01EZ59SRQQJWJW41E5PMTK7BMP/working/System Host/1/331b905c-30a2-46c3-b6ac-e91e20c3c246.contentworkflow.xml, /custom/assets/bundles/01EZ59SRQQJWJW41E5PMTK7BMP/live/System Host/en_US.language.xml, /custom/assets/bundles/01EZ59SRQQJWJW41E5PMTK7BMP/live/System Host/1/e59cedec-f4ff-43eb-b3e0-7b6359e63e1c.contentworkflow.xml, /custom/assets/bundles/01EZ59SRQQJWJW41E5PMTK7BMP/live/default/1614009489250/2-content.7946546d-6c52-45fb-8053-4f79ff2d4495.content.xml, /custom/assets/bundles/01EZ59SRQQJWJW41E5PMTK7BMP/live/System Host/1properties, /custom/assets/bundles/01EZ59SRQQJWJW41E5PMTK7BMP/working/System Host/f4d7c1b8-2c88-4071-abf1-a5328977b07d.contentType.json, /custom/assets/bundles/01EZ59SRQQJWJW41E5PMTK7BMP/live/default/1614009489250/086f16d1-d768-46fe-a32d-1403888f9e1f.contentworkflow.xml, /custom/assets/bundles/01EZ59SRQQJWJW41E5PMTK7BMP/live/System Host/1/3-content.27652c0f-b294-440a-9103-347730ac289b.content.xml, /custom/assets/bundles/01EZ59SRQQJWJW41E5PMTK7BMP/live/System Host/1/5-content.a4c51300-d58e-48d4-b5d9-0d33bf2ac79f.content.xml, /custom/assets/bundles/01EZ59SRQQJWJW41E5PMTK7BMP/live/System Host/1/content.6f0b7c47-3659-4ca8-b982-e8f9267b5ea0.host.xml, /custom/assets/bundles/01EZ59SRQQJWJW41E5PMTK7BMP/live/System Host/1614009489250properties, /custom/assets/bundles/01EZ59SRQQJWJW41E5PMTK7BMP/working/System Host/1/4-content.a4c51300-d58e-48d4-b5d9-0d33bf2ac79f.content.xml, /custom/assets/bundles/01EZ59SRQQJWJW41E5PMTK7BMP/live/System Host/tf_ZA.language.xml, /custom/assets/bundles/01EZ59SRQQJWJW41E5PMTK7BMP/working/test1614007250867.dotcms.com/1/0-69a6c224-cf54-4590-a109-d0891cffc72c.content.xml, /custom/assets/bundles/01EZ59SRQQJWJW41E5PMTK7BMP/live/System Host/1/content.ff462f88-d9e1-4d31-b084-b73cb61976d3.host.xml, /custom/assets/bundles/01EZ59SRQQJWJW41E5PMTK7BMP/working/test1614007250867.dotcms.com/testName1614007251874/testName1614007251884/48859e94-3abe-4805-943a-fafa4fd71ac9.link.xml, /custom/assets/bundles/01EZ59SRQQJWJW41E5PMTK7BMP/working/test1614007250867.dotcms.com/1/336e1820-552a-47bf-8164-4c118241fc24.contentworkflow.xml, /custom/assets/bundles/01EZ59SRQQJWJW41E5PMTK7BMP/ROOT/testName1614007251874/testName1614007251884/b1dfa54b-5319-4742-8db8-055196c3ec54.folder.xml, /custom/assets/bundles/01EZ59SRQQJWJW41E5PMTK7BMP/working/test1614007250867.dotcms.com/1/1-deedf3e5-795c-4102-850a-528a3b85c4f7.content.xml, /custom/assets/bundles/01EZ59SRQQJWJW41E5PMTK7BMP/ROOT/testName1614007251874/53a01042-adb8-4616-8264-d94dbe39a8bc.folder.xml, /custom/assets/bundles/01EZ59SRQQJWJW41E5PMTK7BMP/assets/6/9/69a6c224-cf54-4590-a109-d0891cffc72c/fileAsset/test.jpg, /custom/assets/bundles/01EZ59SRQQJWJW41E5PMTK7BMP/working/test1614007250867.dotcms.com/8dcb0a07-85ac-4644-93b9-6f215ca26994.contentType.json, /custom/assets/bundles/01EZ59SRQQJWJW41E5PMTK7BMP/ROOT/c25fc759-4b46-4337-80f1-cb4a85cc3124.folder.xml, /custom/assets/bundles/01EZ59SRQQJWJW41E5PMTK7BMP/live/default/0578beaa-164c-41ae-bdd4-12490b1cfa5e.rule.xml, /custom/assets/bundles/01EZ59SRQQJWJW41E5PMTK7BMP/live/System Host/1/331b905c-30a2-46c3-b6ac-e91e20c3c246.contentworkflow.xml, /custom/assets/bundles/01EZ59SRQQJWJW41E5PMTK7BMP/assets/d/e/deedf3e5-795c-4102-850a-528a3b85c4f7/fileAsset/test.jpg, /custom/assets/bundles/01EZ59SRQQJWJW41E5PMTK7BMP/working/System Host/1/content.ff462f88-d9e1-4d31-b084-b73cb61976d3.host.xml, /custom/assets/bundles/01EZ59SRQQJWJW41E5PMTK7BMP/d61a59e1-a49c-46f2-a929-db2b4bfa88b2.workflow.xml]
Existing [/custom/assets/bundles/01EZ59SRQQJWJW41E5PMTK7BMP/ROOT/bc9a1d37-dd2d-4d49-a29d-0c9be740bfaf.folder.xml, /custom/assets/bundles/01EZ59SRQQJWJW41E5PMTK7BMP/ROOT/c25fc759-4b46-4337-80f1-cb4a85cc3124.folder.xml, /custom/assets/bundles/01EZ59SRQQJWJW41E5PMTK7BMP/ROOT/testName1614007251874/53a01042-adb8-4616-8264-d94dbe39a8bc.folder.xml, /custom/assets/bundles/01EZ59SRQQJWJW41E5PMTK7BMP/ROOT/testName1614007251874/testName1614007251884/b1dfa54b-5319-4742-8db8-055196c3ec54.folder.xml, /custom/assets/bundles/01EZ59SRQQJWJW41E5PMTK7BMP/assets/6/9/69a6c224-cf54-4590-a109-d0891cffc72c/fileAsset/test.jpg, /custom/assets/bundles/01EZ59SRQQJWJW41E5PMTK7BMP/assets/d/e/deedf3e5-795c-4102-850a-528a3b85c4f7/fileAsset/test.jpg, /custom/assets/bundles/01EZ59SRQQJWJW41E5PMTK7BMP/bundle.xml, /custom/assets/bundles/01EZ59SRQQJWJW41E5PMTK7BMP/d61a59e1-a49c-46f2-a929-db2b4bfa88b2.workflow.xml, /custom/assets/bundles/01EZ59SRQQJWJW41E5PMTK7BMP/live/System Host/1/3-content.27652c0f-b294-440a-9103-347730ac289b.content.xml, /custom/assets/bundles/01EZ59SRQQJWJW41E5PMTK7BMP/live/System Host/1/331b905c-30a2-46c3-b6ac-e91e20c3c246.contentworkflow.xml, /custom/assets/bundles/01EZ59SRQQJWJW41E5PMTK7BMP/live/System Host/1/5-content.a4c51300-d58e-48d4-b5d9-0d33bf2ac79f.content.xml, /custom/assets/bundles/01EZ59SRQQJWJW41E5PMTK7BMP/live/System Host/1/content.6f0b7c47-3659-4ca8-b982-e8f9267b5ea0.host.xml, /custom/assets/bundles/01EZ59SRQQJWJW41E5PMTK7BMP/live/System Host/1/content.ff462f88-d9e1-4d31-b084-b73cb61976d3.host.xml, /custom/assets/bundles/01EZ59SRQQJWJW41E5PMTK7BMP/live/System Host/1/e59cedec-f4ff-43eb-b3e0-7b6359e63e1c.contentworkflow.xml, /custom/assets/bundles/01EZ59SRQQJWJW41E5PMTK7BMP/live/System Host/1/system host.host.xml, /custom/assets/bundles/01EZ59SRQQJWJW41E5PMTK7BMP/live/System Host/1614009489250properties, /custom/assets/bundles/01EZ59SRQQJWJW41E5PMTK7BMP/live/System Host/1properties, /custom/assets/bundles/01EZ59SRQQJWJW41E5PMTK7BMP/live/System Host/en_US.language.xml, /custom/assets/bundles/01EZ59SRQQJWJW41E5PMTK7BMP/live/System Host/tf_ZA.language.xml, /custom/assets/bundles/01EZ59SRQQJWJW41E5PMTK7BMP/live/default/0578beaa-164c-41ae-bdd4-12490b1cfa5e.rule.xml, /custom/assets/bundles/01EZ59SRQQJWJW41E5PMTK7BMP/live/default/1614009489250/086f16d1-d768-46fe-a32d-1403888f9e1f.contentworkflow.xml, /custom/assets/bundles/01EZ59SRQQJWJW41E5PMTK7BMP/live/default/1614009489250/2-content.7946546d-6c52-45fb-8053-4f79ff2d4495.content.xml, /custom/assets/bundles/01EZ59SRQQJWJW41E5PMTK7BMP/working/System Host/1/331b905c-30a2-46c3-b6ac-e91e20c3c246.contentworkflow.xml, /custom/assets/bundles/01EZ59SRQQJWJW41E5PMTK7BMP/working/System Host/1/4-content.a4c51300-d58e-48d4-b5d9-0d33bf2ac79f.content.xml, /custom/assets/bundles/01EZ59SRQQJWJW41E5PMTK7BMP/working/System Host/1/content.ff462f88-d9e1-4d31-b084-b73cb61976d3.host.xml, /custom/assets/bundles/01EZ59SRQQJWJW41E5PMTK7BMP/working/System Host/33888b6f-7a8e-4069-b1b6-5c1aa9d0a48d.contentType.json, /custom/assets/bundles/01EZ59SRQQJWJW41E5PMTK7BMP/working/System Host/f4d7c1b8-2c88-4071-abf1-a5328977b07d.contentType.json, /custom/assets/bundles/01EZ59SRQQJWJW41E5PMTK7BMP/working/test1614007250867.dotcms.com/1/0-69a6c224-cf54-4590-a109-d0891cffc72c.content.xml, /custom/assets/bundles/01EZ59SRQQJWJW41E5PMTK7BMP/working/test1614007250867.dotcms.com/1/1-deedf3e5-795c-4102-850a-528a3b85c4f7.content.xml, /custom/assets/bundles/01EZ59SRQQJWJW41E5PMTK7BMP/working/test1614007250867.dotcms.com/1/336e1820-552a-47bf-8164-4c118241fc24.contentworkflow.xml, /custom/assets/bundles/01EZ59SRQQJWJW41E5PMTK7BMP/working/test1614007250867.dotcms.com/1/3a78bc0b-389e-4673-9963-1b1494f33cc5.contentworkflow.xml, /custom/assets/bundles/01EZ59SRQQJWJW41E5PMTK7BMP/working/test1614007250867.dotcms.com/8dcb0a07-85ac-4644-93b9-6f215ca26994.contentType.json, /custom/assets/bundles/01EZ59SRQQJWJW41E5PMTK7BMP/working/test1614007250867.dotcms.com/testName1614007251874/testName1614007251884/48859e94-3abe-4805-943a-fafa4fd71ac9.link.xml]
difference [/custom/assets/bundles/01EZ59SRQQJWJW41E5PMTK7BMP/ROOT/bc9a1d37-dd2d-4d49-a29d-0c9be740bfaf.folder.xml, /custom/assets/bundles/01EZ59SRQQJWJW41E5PMTK7BMP/bundle.xml, /custom/assets/bundles/01EZ59SRQQJWJW41E5PMTK7BMP/live/System Host/1/system host.host.xml]

	at org.jgroups.util.Util.assertEquals(Util.java:185)
	at com.dotcms.publishing.PublisherAPIImplTest.publish(PublisherAPIImplTest.java:407)
	at sun.reflect.NativeMethodAccessorImpl.invoke0(Native Method)
	at sun.reflect.NativeMethodAccessorImpl.invoke(NativeMethodAccessorImpl.java:62)
	at sun.reflect.DelegatingMethodAccessorImpl.invoke(DelegatingMethodAccessorImpl.java:43)
	at java.lang.reflect.Method.invoke(Method.java:498)
	at org.junit.runners.model.FrameworkMethod$1.runReflectiveCall(FrameworkMethod.java:50)
	at org.junit.internal.runners.model.ReflectiveCallable.run(ReflectiveCallable.java:12)
	at org.junit.runners.model.FrameworkMethod.invokeExplosively(FrameworkMethod.java:47)
	at com.tngtech.java.junit.dataprovider.DataProviderFrameworkMethod.invokeExplosively(DataProviderFrameworkMethod.java:119)
	at org.junit.internal.runners.statements.InvokeMethod.evaluate(InvokeMethod.java:17)
	at org.junit.rules.TestWatcher$1.evaluate(TestWatcher.java:55)
	at org.junit.rules.RunRules.evaluate(RunRules.java:20)
	at org.junit.runners.ParentRunner.runLeaf(ParentRunner.java:325)
	at com.dotcms.junit.CustomDataProviderRunner.runChild(CustomDataProviderRunner.java:28)
	at com.dotcms.junit.CustomDataProviderRunner.runChild(CustomDataProviderRunner.java:13)
	at org.junit.runners.ParentRunner$3.run(ParentRunner.java:290)
	at org.junit.runners.ParentRunner$1.schedule(ParentRunner.java:71)
	at org.junit.runners.ParentRunner.runChildren(ParentRunner.java:288)
	at org.junit.runners.ParentRunner.access$000(ParentRunner.java:58)
	at org.junit.runners.ParentRunner$2.evaluate(ParentRunner.java:268)
	at org.junit.internal.runners.statements.RunBefores.evaluate(RunBefores.java:26)
	at org.junit.internal.runners.statements.RunAfters.evaluate(RunAfters.java:27)
	at org.junit.runners.ParentRunner.run(ParentRunner.java:363)
	at org.junit.runners.Suite.runChild(Suite.java:128)
	at org.junit.runners.Suite.runChild(Suite.java:27)
	at org.junit.runners.ParentRunner$3.run(ParentRunner.java:290)
	at org.junit.runners.ParentRunner$1.schedule(ParentRunner.java:71)
	at org.junit.runners.ParentRunner.runChildren(ParentRunner.java:288)
	at org.junit.runners.ParentRunner.access$000(ParentRunner.java:58)
	at org.junit.runners.ParentRunner$2.evaluate(ParentRunner.java:268)
	at org.junit.runners.ParentRunner.run(ParentRunner.java:363)
	at org.gradle.api.internal.tasks.testing.junit.JUnitTestClassExecutor.runTestClass(JUnitTestClassExecutor.java:106)
	at org.gradle.api.internal.tasks.testing.junit.JUnitTestClassExecutor.execute(JUnitTestClassExecutor.java:58)
	at org.gradle.api.internal.tasks.testing.junit.JUnitTestClassExecutor.execute(JUnitTestClassExecutor.java:38)
	at org.gradle.api.internal.tasks.testing.junit.AbstractJUnitTestClassProcessor.processTestClass(AbstractJUnitTestClassProcessor.java:66)
	at org.gradle.api.internal.tasks.testing.SuiteTestClassProcessor.processTestClass(SuiteTestClassProcessor.java:51)
	at sun.reflect.NativeMethodAccessorImpl.invoke0(Native Method)
	at sun.reflect.NativeMethodAccessorImpl.invoke(NativeMethodAccessorImpl.java:62)
	at sun.reflect.DelegatingMethodAccessorImpl.invoke(DelegatingMethodAccessorImpl.java:43)
	at java.lang.reflect.Method.invoke(Method.java:498)
	at org.gradle.internal.dispatch.ReflectionDispatch.dispatch(ReflectionDispatch.java:35)
	at org.gradle.internal.dispatch.ReflectionDispatch.dispatch(ReflectionDispatch.java:24)
	at org.gradle.internal.dispatch.ContextClassLoaderDispatch.dispatch(ContextClassLoaderDispatch.java:32)
	at org.gradle.internal.dispatch.ProxyDispatchAdapter$DispatchingInvocationHandler.invoke(ProxyDispatchAdapter.java:93)
	at com.sun.proxy.$Proxy2.processTestClass(Unknown Source)
	at org.gradle.api.internal.tasks.testing.worker.TestWorker.processTestClass(TestWorker.java:117)
	at sun.reflect.NativeMethodAccessorImpl.invoke0(Native Method)
	at sun.reflect.NativeMethodAccessorImpl.invoke(NativeMethodAccessorImpl.java:62)
	at sun.reflect.DelegatingMethodAccessorImpl.invoke(DelegatingMethodAccessorImpl.java:43)
	at java.lang.reflect.Method.invoke(Method.java:498)
	at org.gradle.internal.dispatch.ReflectionDispatch.dispatch(ReflectionDispatch.java:35)
	at org.gradle.internal.dispatch.ReflectionDispatch.dispatch(ReflectionDispatch.java:24)
	at org.gradle.internal.remote.internal.hub.MessageHubBackedObjectConnection$DispatchWrapper.dispatch(MessageHubBackedObjectConnection.java:155)
	at org.gradle.internal.remote.internal.hub.MessageHubBackedObjectConnection$DispatchWrapper.dispatch(MessageHubBackedObjectConnection.java:137)
	at org.gradle.internal.remote.internal.hub.MessageHub$Handler.run(MessageHub.java:404)
	at org.gradle.internal.concurrent.ExecutorPolicy$CatchAndRecordFailures.onExecute(ExecutorPolicy.java:63)
	at org.gradle.internal.concurrent.ManagedExecutorImpl$1.run(ManagedExecutorImpl.java:46)
	at java.util.concurrent.ThreadPoolExecutor.runWorker(ThreadPoolExecutor.java:1149)
	at java.util.concurrent.ThreadPoolExecutor$Worker.run(ThreadPoolExecutor.java:624)
	at org.gradle.internal.concurrent.ThreadFactoryImpl$ManagedThreadRunnable.run(ThreadFactoryImpl.java:55)
	at java.lang.Thread.run(Thread.java:748)
</pre>
</span>
</div>
<div class="test">
<a name="publish[4: com.dotcms.publishing.PublisherAPIImplTest$TestCase@9247954]"></a>
<h3 class="failures">publish[4: com.dotcms.publishing.PublisherAPIImplTest$TestCase@9247954]</h3>
<span class="code">
<pre>java.lang.AssertionError: Expected 28 but get 30 in /custom/assets/bundles/01EZ59SRZDT4XYBVWGMEHAEWK9
Expected [/custom/assets/bundles/01EZ59SRZDT4XYBVWGMEHAEWK9/live/System Host/1/content.ff462f88-d9e1-4d31-b084-b73cb61976d3.host.xml, /custom/assets/bundles/01EZ59SRZDT4XYBVWGMEHAEWK9/working/test1614007252152.dotcms.com/1/0-content.6e0ddd56-8d72-4868-9a0e-558e6d0ab4ee.content.xml, /custom/assets/bundles/01EZ59SRZDT4XYBVWGMEHAEWK9/live/System Host/tf_ZA.language.xml, /custom/assets/bundles/01EZ59SRZDT4XYBVWGMEHAEWK9/working/System Host/1/331b905c-30a2-46c3-b6ac-e91e20c3c246.contentworkflow.xml, /custom/assets/bundles/01EZ59SRZDT4XYBVWGMEHAEWK9/live/System Host/1/4-content.a4c51300-d58e-48d4-b5d9-0d33bf2ac79f.content.xml, /custom/assets/bundles/01EZ59SRZDT4XYBVWGMEHAEWK9/live/System Host/1/content.6add3861-b77c-4b2e-8f3e-ac3150260a45.host.xml, /custom/assets/bundles/01EZ59SRZDT4XYBVWGMEHAEWK9/live/System Host/en_US.language.xml, /custom/assets/bundles/01EZ59SRZDT4XYBVWGMEHAEWK9/live/System Host/1/e59cedec-f4ff-43eb-b3e0-7b6359e63e1c.contentworkflow.xml, /custom/assets/bundles/01EZ59SRZDT4XYBVWGMEHAEWK9/working/System Host/33888b6f-7a8e-4069-b1b6-5c1aa9d0a48d.contentType.json, /custom/assets/bundles/01EZ59SRZDT4XYBVWGMEHAEWK9/working/test1614007252152.dotcms.com/b6ea089b-7c42-40a0-8a69-ca6a2bc330ba.contentType.json, /custom/assets/bundles/01EZ59SRZDT4XYBVWGMEHAEWK9/live/default/1614009489250/1-content.7946546d-6c52-45fb-8053-4f79ff2d4495.content.xml, /custom/assets/bundles/01EZ59SRZDT4XYBVWGMEHAEWK9/working/System Host/1/content.ff462f88-d9e1-4d31-b084-b73cb61976d3.host.xml, /custom/assets/bundles/01EZ59SRZDT4XYBVWGMEHAEWK9/live/test1614007252152.dotcms.com/b684e052-5939-47fe-948d-ae9a18445b59.template.template.xml, /custom/assets/bundles/01EZ59SRZDT4XYBVWGMEHAEWK9/live/default/0578beaa-164c-41ae-bdd4-12490b1cfa5e.rule.xml, /custom/assets/bundles/01EZ59SRZDT4XYBVWGMEHAEWK9/working/System Host/1/3-content.a4c51300-d58e-48d4-b5d9-0d33bf2ac79f.content.xml, /custom/assets/bundles/01EZ59SRZDT4XYBVWGMEHAEWK9/working/test1614007252152.dotcms.com/0da5a4f8-4b97-4104-83ca-a0b935ce3055.containers.container.xml, /custom/assets/bundles/01EZ59SRZDT4XYBVWGMEHAEWK9/live/System Host/1614009489250properties, /custom/assets/bundles/01EZ59SRZDT4XYBVWGMEHAEWK9/working/test1614007252152.dotcms.com/a2a9c4c9-76d9-4160-8754-74de1dbb267e.contentType.json, /custom/assets/bundles/01EZ59SRZDT4XYBVWGMEHAEWK9/live/System Host/1/2-content.27652c0f-b294-440a-9103-347730ac289b.content.xml, /custom/assets/bundles/01EZ59SRZDT4XYBVWGMEHAEWK9/ROOT/d7b4f005-2fcd-4427-8013-aa28b2bf2490.folder.xml, /custom/assets/bundles/01EZ59SRZDT4XYBVWGMEHAEWK9/live/test1614007252152.dotcms.com/339826b2-93b2-4ee0-bdb7-cbba4839d992.rule.xml, /custom/assets/bundles/01EZ59SRZDT4XYBVWGMEHAEWK9/live/System Host/1properties, /custom/assets/bundles/01EZ59SRZDT4XYBVWGMEHAEWK9/live/default/1614009489250/086f16d1-d768-46fe-a32d-1403888f9e1f.contentworkflow.xml, /custom/assets/bundles/01EZ59SRZDT4XYBVWGMEHAEWK9/live/System Host/1/331b905c-30a2-46c3-b6ac-e91e20c3c246.contentworkflow.xml, /custom/assets/bundles/01EZ59SRZDT4XYBVWGMEHAEWK9/working/System Host/f4d7c1b8-2c88-4071-abf1-a5328977b07d.contentType.json, /custom/assets/bundles/01EZ59SRZDT4XYBVWGMEHAEWK9/d61a59e1-a49c-46f2-a929-db2b4bfa88b2.workflow.xml, /custom/assets/bundles/01EZ59SRZDT4XYBVWGMEHAEWK9/working/test1614007252152.dotcms.com/1/74efa0b3-61a9-4bca-bc2d-c2e022b20cc0.contentworkflow.xml]
Existing [/custom/assets/bundles/01EZ59SRZDT4XYBVWGMEHAEWK9/ROOT/bc9a1d37-dd2d-4d49-a29d-0c9be740bfaf.folder.xml, /custom/assets/bundles/01EZ59SRZDT4XYBVWGMEHAEWK9/ROOT/d7b4f005-2fcd-4427-8013-aa28b2bf2490.folder.xml, /custom/assets/bundles/01EZ59SRZDT4XYBVWGMEHAEWK9/bundle.xml, /custom/assets/bundles/01EZ59SRZDT4XYBVWGMEHAEWK9/d61a59e1-a49c-46f2-a929-db2b4bfa88b2.workflow.xml, /custom/assets/bundles/01EZ59SRZDT4XYBVWGMEHAEWK9/live/System Host/1/2-content.27652c0f-b294-440a-9103-347730ac289b.content.xml, /custom/assets/bundles/01EZ59SRZDT4XYBVWGMEHAEWK9/live/System Host/1/331b905c-30a2-46c3-b6ac-e91e20c3c246.contentworkflow.xml, /custom/assets/bundles/01EZ59SRZDT4XYBVWGMEHAEWK9/live/System Host/1/4-content.a4c51300-d58e-48d4-b5d9-0d33bf2ac79f.content.xml, /custom/assets/bundles/01EZ59SRZDT4XYBVWGMEHAEWK9/live/System Host/1/content.6add3861-b77c-4b2e-8f3e-ac3150260a45.host.xml, /custom/assets/bundles/01EZ59SRZDT4XYBVWGMEHAEWK9/live/System Host/1/content.ff462f88-d9e1-4d31-b084-b73cb61976d3.host.xml, /custom/assets/bundles/01EZ59SRZDT4XYBVWGMEHAEWK9/live/System Host/1/e59cedec-f4ff-43eb-b3e0-7b6359e63e1c.contentworkflow.xml, /custom/assets/bundles/01EZ59SRZDT4XYBVWGMEHAEWK9/live/System Host/1/system host.host.xml, /custom/assets/bundles/01EZ59SRZDT4XYBVWGMEHAEWK9/live/System Host/1614009489250properties, /custom/assets/bundles/01EZ59SRZDT4XYBVWGMEHAEWK9/live/System Host/1properties, /custom/assets/bundles/01EZ59SRZDT4XYBVWGMEHAEWK9/live/System Host/en_US.language.xml, /custom/assets/bundles/01EZ59SRZDT4XYBVWGMEHAEWK9/live/System Host/tf_ZA.language.xml, /custom/assets/bundles/01EZ59SRZDT4XYBVWGMEHAEWK9/live/default/0578beaa-164c-41ae-bdd4-12490b1cfa5e.rule.xml, /custom/assets/bundles/01EZ59SRZDT4XYBVWGMEHAEWK9/live/default/1614009489250/086f16d1-d768-46fe-a32d-1403888f9e1f.contentworkflow.xml, /custom/assets/bundles/01EZ59SRZDT4XYBVWGMEHAEWK9/live/default/1614009489250/1-content.7946546d-6c52-45fb-8053-4f79ff2d4495.content.xml, /custom/assets/bundles/01EZ59SRZDT4XYBVWGMEHAEWK9/live/test1614007252152.dotcms.com/339826b2-93b2-4ee0-bdb7-cbba4839d992.rule.xml, /custom/assets/bundles/01EZ59SRZDT4XYBVWGMEHAEWK9/live/test1614007252152.dotcms.com/b684e052-5939-47fe-948d-ae9a18445b59.template.template.xml, /custom/assets/bundles/01EZ59SRZDT4XYBVWGMEHAEWK9/working/System Host/1/3-content.a4c51300-d58e-48d4-b5d9-0d33bf2ac79f.content.xml, /custom/assets/bundles/01EZ59SRZDT4XYBVWGMEHAEWK9/working/System Host/1/331b905c-30a2-46c3-b6ac-e91e20c3c246.contentworkflow.xml, /custom/assets/bundles/01EZ59SRZDT4XYBVWGMEHAEWK9/working/System Host/1/content.ff462f88-d9e1-4d31-b084-b73cb61976d3.host.xml, /custom/assets/bundles/01EZ59SRZDT4XYBVWGMEHAEWK9/working/System Host/33888b6f-7a8e-4069-b1b6-5c1aa9d0a48d.contentType.json, /custom/assets/bundles/01EZ59SRZDT4XYBVWGMEHAEWK9/working/System Host/f4d7c1b8-2c88-4071-abf1-a5328977b07d.contentType.json, /custom/assets/bundles/01EZ59SRZDT4XYBVWGMEHAEWK9/working/test1614007252152.dotcms.com/0da5a4f8-4b97-4104-83ca-a0b935ce3055.containers.container.xml, /custom/assets/bundles/01EZ59SRZDT4XYBVWGMEHAEWK9/working/test1614007252152.dotcms.com/1/0-content.6e0ddd56-8d72-4868-9a0e-558e6d0ab4ee.content.xml, /custom/assets/bundles/01EZ59SRZDT4XYBVWGMEHAEWK9/working/test1614007252152.dotcms.com/1/74efa0b3-61a9-4bca-bc2d-c2e022b20cc0.contentworkflow.xml, /custom/assets/bundles/01EZ59SRZDT4XYBVWGMEHAEWK9/working/test1614007252152.dotcms.com/a2a9c4c9-76d9-4160-8754-74de1dbb267e.contentType.json, /custom/assets/bundles/01EZ59SRZDT4XYBVWGMEHAEWK9/working/test1614007252152.dotcms.com/b6ea089b-7c42-40a0-8a69-ca6a2bc330ba.contentType.json]
difference [/custom/assets/bundles/01EZ59SRZDT4XYBVWGMEHAEWK9/ROOT/bc9a1d37-dd2d-4d49-a29d-0c9be740bfaf.folder.xml, /custom/assets/bundles/01EZ59SRZDT4XYBVWGMEHAEWK9/bundle.xml, /custom/assets/bundles/01EZ59SRZDT4XYBVWGMEHAEWK9/live/System Host/1/system host.host.xml]

	at org.jgroups.util.Util.assertEquals(Util.java:185)
	at com.dotcms.publishing.PublisherAPIImplTest.publish(PublisherAPIImplTest.java:407)
	at sun.reflect.NativeMethodAccessorImpl.invoke0(Native Method)
	at sun.reflect.NativeMethodAccessorImpl.invoke(NativeMethodAccessorImpl.java:62)
	at sun.reflect.DelegatingMethodAccessorImpl.invoke(DelegatingMethodAccessorImpl.java:43)
	at java.lang.reflect.Method.invoke(Method.java:498)
	at org.junit.runners.model.FrameworkMethod$1.runReflectiveCall(FrameworkMethod.java:50)
	at org.junit.internal.runners.model.ReflectiveCallable.run(ReflectiveCallable.java:12)
	at org.junit.runners.model.FrameworkMethod.invokeExplosively(FrameworkMethod.java:47)
	at com.tngtech.java.junit.dataprovider.DataProviderFrameworkMethod.invokeExplosively(DataProviderFrameworkMethod.java:119)
	at org.junit.internal.runners.statements.InvokeMethod.evaluate(InvokeMethod.java:17)
	at org.junit.rules.TestWatcher$1.evaluate(TestWatcher.java:55)
	at org.junit.rules.RunRules.evaluate(RunRules.java:20)
	at org.junit.runners.ParentRunner.runLeaf(ParentRunner.java:325)
	at com.dotcms.junit.CustomDataProviderRunner.runChild(CustomDataProviderRunner.java:28)
	at com.dotcms.junit.CustomDataProviderRunner.runChild(CustomDataProviderRunner.java:13)
	at org.junit.runners.ParentRunner$3.run(ParentRunner.java:290)
	at org.junit.runners.ParentRunner$1.schedule(ParentRunner.java:71)
	at org.junit.runners.ParentRunner.runChildren(ParentRunner.java:288)
	at org.junit.runners.ParentRunner.access$000(ParentRunner.java:58)
	at org.junit.runners.ParentRunner$2.evaluate(ParentRunner.java:268)
	at org.junit.internal.runners.statements.RunBefores.evaluate(RunBefores.java:26)
	at org.junit.internal.runners.statements.RunAfters.evaluate(RunAfters.java:27)
	at org.junit.runners.ParentRunner.run(ParentRunner.java:363)
	at org.junit.runners.Suite.runChild(Suite.java:128)
	at org.junit.runners.Suite.runChild(Suite.java:27)
	at org.junit.runners.ParentRunner$3.run(ParentRunner.java:290)
	at org.junit.runners.ParentRunner$1.schedule(ParentRunner.java:71)
	at org.junit.runners.ParentRunner.runChildren(ParentRunner.java:288)
	at org.junit.runners.ParentRunner.access$000(ParentRunner.java:58)
	at org.junit.runners.ParentRunner$2.evaluate(ParentRunner.java:268)
	at org.junit.runners.ParentRunner.run(ParentRunner.java:363)
	at org.gradle.api.internal.tasks.testing.junit.JUnitTestClassExecutor.runTestClass(JUnitTestClassExecutor.java:106)
	at org.gradle.api.internal.tasks.testing.junit.JUnitTestClassExecutor.execute(JUnitTestClassExecutor.java:58)
	at org.gradle.api.internal.tasks.testing.junit.JUnitTestClassExecutor.execute(JUnitTestClassExecutor.java:38)
	at org.gradle.api.internal.tasks.testing.junit.AbstractJUnitTestClassProcessor.processTestClass(AbstractJUnitTestClassProcessor.java:66)
	at org.gradle.api.internal.tasks.testing.SuiteTestClassProcessor.processTestClass(SuiteTestClassProcessor.java:51)
	at sun.reflect.NativeMethodAccessorImpl.invoke0(Native Method)
	at sun.reflect.NativeMethodAccessorImpl.invoke(NativeMethodAccessorImpl.java:62)
	at sun.reflect.DelegatingMethodAccessorImpl.invoke(DelegatingMethodAccessorImpl.java:43)
	at java.lang.reflect.Method.invoke(Method.java:498)
	at org.gradle.internal.dispatch.ReflectionDispatch.dispatch(ReflectionDispatch.java:35)
	at org.gradle.internal.dispatch.ReflectionDispatch.dispatch(ReflectionDispatch.java:24)
	at org.gradle.internal.dispatch.ContextClassLoaderDispatch.dispatch(ContextClassLoaderDispatch.java:32)
	at org.gradle.internal.dispatch.ProxyDispatchAdapter$DispatchingInvocationHandler.invoke(ProxyDispatchAdapter.java:93)
	at com.sun.proxy.$Proxy2.processTestClass(Unknown Source)
	at org.gradle.api.internal.tasks.testing.worker.TestWorker.processTestClass(TestWorker.java:117)
	at sun.reflect.NativeMethodAccessorImpl.invoke0(Native Method)
	at sun.reflect.NativeMethodAccessorImpl.invoke(NativeMethodAccessorImpl.java:62)
	at sun.reflect.DelegatingMethodAccessorImpl.invoke(DelegatingMethodAccessorImpl.java:43)
	at java.lang.reflect.Method.invoke(Method.java:498)
	at org.gradle.internal.dispatch.ReflectionDispatch.dispatch(ReflectionDispatch.java:35)
	at org.gradle.internal.dispatch.ReflectionDispatch.dispatch(ReflectionDispatch.java:24)
	at org.gradle.internal.remote.internal.hub.MessageHubBackedObjectConnection$DispatchWrapper.dispatch(MessageHubBackedObjectConnection.java:155)
	at org.gradle.internal.remote.internal.hub.MessageHubBackedObjectConnection$DispatchWrapper.dispatch(MessageHubBackedObjectConnection.java:137)
	at org.gradle.internal.remote.internal.hub.MessageHub$Handler.run(MessageHub.java:404)
	at org.gradle.internal.concurrent.ExecutorPolicy$CatchAndRecordFailures.onExecute(ExecutorPolicy.java:63)
	at org.gradle.internal.concurrent.ManagedExecutorImpl$1.run(ManagedExecutorImpl.java:46)
	at java.util.concurrent.ThreadPoolExecutor.runWorker(ThreadPoolExecutor.java:1149)
	at java.util.concurrent.ThreadPoolExecutor$Worker.run(ThreadPoolExecutor.java:624)
	at org.gradle.internal.concurrent.ThreadFactoryImpl$ManagedThreadRunnable.run(ThreadFactoryImpl.java:55)
	at java.lang.Thread.run(Thread.java:748)
</pre>
</span>
</div>
<div class="test">
<a name="publish[5: com.dotcms.publishing.PublisherAPIImplTest$TestCase@1da10989]"></a>
<h3 class="failures">publish[5: com.dotcms.publishing.PublisherAPIImplTest$TestCase@1da10989]</h3>
<span class="code">
<pre>java.lang.AssertionError: Expected 21 but get 23 in /custom/assets/bundles/01EZ59SS5YRN1VX543J6T9YGKC
Expected [/custom/assets/bundles/01EZ59SS5YRN1VX543J6T9YGKC/ROOT/0be89748-3802-4696-93d4-ebf570a2510a.folder.xml, /custom/assets/bundles/01EZ59SS5YRN1VX543J6T9YGKC/live/default/0578beaa-164c-41ae-bdd4-12490b1cfa5e.rule.xml, /custom/assets/bundles/01EZ59SS5YRN1VX543J6T9YGKC/live/System Host/1/3-content.a4c51300-d58e-48d4-b5d9-0d33bf2ac79f.content.xml, /custom/assets/bundles/01EZ59SS5YRN1VX543J6T9YGKC/live/System Host/1/content.03d7b966-4c12-4764-8ffc-a64336a21494.host.xml, /custom/assets/bundles/01EZ59SS5YRN1VX543J6T9YGKC/working/System Host/1/content.ff462f88-d9e1-4d31-b084-b73cb61976d3.host.xml, /custom/assets/bundles/01EZ59SS5YRN1VX543J6T9YGKC/live/System Host/1/content.ff462f88-d9e1-4d31-b084-b73cb61976d3.host.xml, /custom/assets/bundles/01EZ59SS5YRN1VX543J6T9YGKC/working/System Host/f4d7c1b8-2c88-4071-abf1-a5328977b07d.contentType.json, /custom/assets/bundles/01EZ59SS5YRN1VX543J6T9YGKC/live/System Host/tf_ZA.language.xml, /custom/assets/bundles/01EZ59SS5YRN1VX543J6T9YGKC/live/System Host/1properties, /custom/assets/bundles/01EZ59SS5YRN1VX543J6T9YGKC/d61a59e1-a49c-46f2-a929-db2b4bfa88b2.workflow.xml, /custom/assets/bundles/01EZ59SS5YRN1VX543J6T9YGKC/live/default/1614009489250/0-content.7946546d-6c52-45fb-8053-4f79ff2d4495.content.xml, /custom/assets/bundles/01EZ59SS5YRN1VX543J6T9YGKC/live/default/1614009489250/086f16d1-d768-46fe-a32d-1403888f9e1f.contentworkflow.xml, /custom/assets/bundles/01EZ59SS5YRN1VX543J6T9YGKC/live/System Host/1/1-content.27652c0f-b294-440a-9103-347730ac289b.content.xml, /custom/assets/bundles/01EZ59SS5YRN1VX543J6T9YGKC/live/System Host/1/e59cedec-f4ff-43eb-b3e0-7b6359e63e1c.contentworkflow.xml, /custom/assets/bundles/01EZ59SS5YRN1VX543J6T9YGKC/working/System Host/1/2-content.a4c51300-d58e-48d4-b5d9-0d33bf2ac79f.content.xml, /custom/assets/bundles/01EZ59SS5YRN1VX543J6T9YGKC/live/System Host/1614009489250properties, /custom/assets/bundles/01EZ59SS5YRN1VX543J6T9YGKC/working/System Host/1/331b905c-30a2-46c3-b6ac-e91e20c3c246.contentworkflow.xml, /custom/assets/bundles/01EZ59SS5YRN1VX543J6T9YGKC/working/test1614007253127.dotcms.com/testName1614007253930/2ef4558d-dcf9-4961-ae5a-94f4ebd1664c.link.xml, /custom/assets/bundles/01EZ59SS5YRN1VX543J6T9YGKC/live/System Host/1/331b905c-30a2-46c3-b6ac-e91e20c3c246.contentworkflow.xml, /custom/assets/bundles/01EZ59SS5YRN1VX543J6T9YGKC/live/System Host/en_US.language.xml]
Existing [/custom/assets/bundles/01EZ59SS5YRN1VX543J6T9YGKC/ROOT/0be89748-3802-4696-93d4-ebf570a2510a.folder.xml, /custom/assets/bundles/01EZ59SS5YRN1VX543J6T9YGKC/ROOT/bc9a1d37-dd2d-4d49-a29d-0c9be740bfaf.folder.xml, /custom/assets/bundles/01EZ59SS5YRN1VX543J6T9YGKC/bundle.xml, /custom/assets/bundles/01EZ59SS5YRN1VX543J6T9YGKC/d61a59e1-a49c-46f2-a929-db2b4bfa88b2.workflow.xml, /custom/assets/bundles/01EZ59SS5YRN1VX543J6T9YGKC/live/System Host/1/1-content.27652c0f-b294-440a-9103-347730ac289b.content.xml, /custom/assets/bundles/01EZ59SS5YRN1VX543J6T9YGKC/live/System Host/1/3-content.a4c51300-d58e-48d4-b5d9-0d33bf2ac79f.content.xml, /custom/assets/bundles/01EZ59SS5YRN1VX543J6T9YGKC/live/System Host/1/331b905c-30a2-46c3-b6ac-e91e20c3c246.contentworkflow.xml, /custom/assets/bundles/01EZ59SS5YRN1VX543J6T9YGKC/live/System Host/1/content.03d7b966-4c12-4764-8ffc-a64336a21494.host.xml, /custom/assets/bundles/01EZ59SS5YRN1VX543J6T9YGKC/live/System Host/1/content.ff462f88-d9e1-4d31-b084-b73cb61976d3.host.xml, /custom/assets/bundles/01EZ59SS5YRN1VX543J6T9YGKC/live/System Host/1/e59cedec-f4ff-43eb-b3e0-7b6359e63e1c.contentworkflow.xml, /custom/assets/bundles/01EZ59SS5YRN1VX543J6T9YGKC/live/System Host/1/system host.host.xml, /custom/assets/bundles/01EZ59SS5YRN1VX543J6T9YGKC/live/System Host/1614009489250properties, /custom/assets/bundles/01EZ59SS5YRN1VX543J6T9YGKC/live/System Host/1properties, /custom/assets/bundles/01EZ59SS5YRN1VX543J6T9YGKC/live/System Host/en_US.language.xml, /custom/assets/bundles/01EZ59SS5YRN1VX543J6T9YGKC/live/System Host/tf_ZA.language.xml, /custom/assets/bundles/01EZ59SS5YRN1VX543J6T9YGKC/live/default/0578beaa-164c-41ae-bdd4-12490b1cfa5e.rule.xml, /custom/assets/bundles/01EZ59SS5YRN1VX543J6T9YGKC/live/default/1614009489250/0-content.7946546d-6c52-45fb-8053-4f79ff2d4495.content.xml, /custom/assets/bundles/01EZ59SS5YRN1VX543J6T9YGKC/live/default/1614009489250/086f16d1-d768-46fe-a32d-1403888f9e1f.contentworkflow.xml, /custom/assets/bundles/01EZ59SS5YRN1VX543J6T9YGKC/working/System Host/1/2-content.a4c51300-d58e-48d4-b5d9-0d33bf2ac79f.content.xml, /custom/assets/bundles/01EZ59SS5YRN1VX543J6T9YGKC/working/System Host/1/331b905c-30a2-46c3-b6ac-e91e20c3c246.contentworkflow.xml, /custom/assets/bundles/01EZ59SS5YRN1VX543J6T9YGKC/working/System Host/1/content.ff462f88-d9e1-4d31-b084-b73cb61976d3.host.xml, /custom/assets/bundles/01EZ59SS5YRN1VX543J6T9YGKC/working/System Host/f4d7c1b8-2c88-4071-abf1-a5328977b07d.contentType.json, /custom/assets/bundles/01EZ59SS5YRN1VX543J6T9YGKC/working/test1614007253127.dotcms.com/testName1614007253930/2ef4558d-dcf9-4961-ae5a-94f4ebd1664c.link.xml]
difference [/custom/assets/bundles/01EZ59SS5YRN1VX543J6T9YGKC/ROOT/bc9a1d37-dd2d-4d49-a29d-0c9be740bfaf.folder.xml, /custom/assets/bundles/01EZ59SS5YRN1VX543J6T9YGKC/bundle.xml, /custom/assets/bundles/01EZ59SS5YRN1VX543J6T9YGKC/live/System Host/1/system host.host.xml]

	at org.jgroups.util.Util.assertEquals(Util.java:185)
	at com.dotcms.publishing.PublisherAPIImplTest.publish(PublisherAPIImplTest.java:407)
	at sun.reflect.NativeMethodAccessorImpl.invoke0(Native Method)
	at sun.reflect.NativeMethodAccessorImpl.invoke(NativeMethodAccessorImpl.java:62)
	at sun.reflect.DelegatingMethodAccessorImpl.invoke(DelegatingMethodAccessorImpl.java:43)
	at java.lang.reflect.Method.invoke(Method.java:498)
	at org.junit.runners.model.FrameworkMethod$1.runReflectiveCall(FrameworkMethod.java:50)
	at org.junit.internal.runners.model.ReflectiveCallable.run(ReflectiveCallable.java:12)
	at org.junit.runners.model.FrameworkMethod.invokeExplosively(FrameworkMethod.java:47)
	at com.tngtech.java.junit.dataprovider.DataProviderFrameworkMethod.invokeExplosively(DataProviderFrameworkMethod.java:119)
	at org.junit.internal.runners.statements.InvokeMethod.evaluate(InvokeMethod.java:17)
	at org.junit.rules.TestWatcher$1.evaluate(TestWatcher.java:55)
	at org.junit.rules.RunRules.evaluate(RunRules.java:20)
	at org.junit.runners.ParentRunner.runLeaf(ParentRunner.java:325)
	at com.dotcms.junit.CustomDataProviderRunner.runChild(CustomDataProviderRunner.java:28)
	at com.dotcms.junit.CustomDataProviderRunner.runChild(CustomDataProviderRunner.java:13)
	at org.junit.runners.ParentRunner$3.run(ParentRunner.java:290)
	at org.junit.runners.ParentRunner$1.schedule(ParentRunner.java:71)
	at org.junit.runners.ParentRunner.runChildren(ParentRunner.java:288)
	at org.junit.runners.ParentRunner.access$000(ParentRunner.java:58)
	at org.junit.runners.ParentRunner$2.evaluate(ParentRunner.java:268)
	at org.junit.internal.runners.statements.RunBefores.evaluate(RunBefores.java:26)
	at org.junit.internal.runners.statements.RunAfters.evaluate(RunAfters.java:27)
	at org.junit.runners.ParentRunner.run(ParentRunner.java:363)
	at org.junit.runners.Suite.runChild(Suite.java:128)
	at org.junit.runners.Suite.runChild(Suite.java:27)
	at org.junit.runners.ParentRunner$3.run(ParentRunner.java:290)
	at org.junit.runners.ParentRunner$1.schedule(ParentRunner.java:71)
	at org.junit.runners.ParentRunner.runChildren(ParentRunner.java:288)
	at org.junit.runners.ParentRunner.access$000(ParentRunner.java:58)
	at org.junit.runners.ParentRunner$2.evaluate(ParentRunner.java:268)
	at org.junit.runners.ParentRunner.run(ParentRunner.java:363)
	at org.gradle.api.internal.tasks.testing.junit.JUnitTestClassExecutor.runTestClass(JUnitTestClassExecutor.java:106)
	at org.gradle.api.internal.tasks.testing.junit.JUnitTestClassExecutor.execute(JUnitTestClassExecutor.java:58)
	at org.gradle.api.internal.tasks.testing.junit.JUnitTestClassExecutor.execute(JUnitTestClassExecutor.java:38)
	at org.gradle.api.internal.tasks.testing.junit.AbstractJUnitTestClassProcessor.processTestClass(AbstractJUnitTestClassProcessor.java:66)
	at org.gradle.api.internal.tasks.testing.SuiteTestClassProcessor.processTestClass(SuiteTestClassProcessor.java:51)
	at sun.reflect.NativeMethodAccessorImpl.invoke0(Native Method)
	at sun.reflect.NativeMethodAccessorImpl.invoke(NativeMethodAccessorImpl.java:62)
	at sun.reflect.DelegatingMethodAccessorImpl.invoke(DelegatingMethodAccessorImpl.java:43)
	at java.lang.reflect.Method.invoke(Method.java:498)
	at org.gradle.internal.dispatch.ReflectionDispatch.dispatch(ReflectionDispatch.java:35)
	at org.gradle.internal.dispatch.ReflectionDispatch.dispatch(ReflectionDispatch.java:24)
	at org.gradle.internal.dispatch.ContextClassLoaderDispatch.dispatch(ContextClassLoaderDispatch.java:32)
	at org.gradle.internal.dispatch.ProxyDispatchAdapter$DispatchingInvocationHandler.invoke(ProxyDispatchAdapter.java:93)
	at com.sun.proxy.$Proxy2.processTestClass(Unknown Source)
	at org.gradle.api.internal.tasks.testing.worker.TestWorker.processTestClass(TestWorker.java:117)
	at sun.reflect.NativeMethodAccessorImpl.invoke0(Native Method)
	at sun.reflect.NativeMethodAccessorImpl.invoke(NativeMethodAccessorImpl.java:62)
	at sun.reflect.DelegatingMethodAccessorImpl.invoke(DelegatingMethodAccessorImpl.java:43)
	at java.lang.reflect.Method.invoke(Method.java:498)
	at org.gradle.internal.dispatch.ReflectionDispatch.dispatch(ReflectionDispatch.java:35)
	at org.gradle.internal.dispatch.ReflectionDispatch.dispatch(ReflectionDispatch.java:24)
	at org.gradle.internal.remote.internal.hub.MessageHubBackedObjectConnection$DispatchWrapper.dispatch(MessageHubBackedObjectConnection.java:155)
	at org.gradle.internal.remote.internal.hub.MessageHubBackedObjectConnection$DispatchWrapper.dispatch(MessageHubBackedObjectConnection.java:137)
	at org.gradle.internal.remote.internal.hub.MessageHub$Handler.run(MessageHub.java:404)
	at org.gradle.internal.concurrent.ExecutorPolicy$CatchAndRecordFailures.onExecute(ExecutorPolicy.java:63)
	at org.gradle.internal.concurrent.ManagedExecutorImpl$1.run(ManagedExecutorImpl.java:46)
	at java.util.concurrent.ThreadPoolExecutor.runWorker(ThreadPoolExecutor.java:1149)
	at java.util.concurrent.ThreadPoolExecutor$Worker.run(ThreadPoolExecutor.java:624)
	at org.gradle.internal.concurrent.ThreadFactoryImpl$ManagedThreadRunnable.run(ThreadFactoryImpl.java:55)
	at java.lang.Thread.run(Thread.java:748)
</pre>
</span>
</div>
<div class="test">
<a name="publish[6: com.dotcms.publishing.PublisherAPIImplTest$TestCase@720463c2]"></a>
<h3 class="failures">publish[6: com.dotcms.publishing.PublisherAPIImplTest$TestCase@720463c2]</h3>
<span class="code">
<pre>java.lang.AssertionError: Expected 19 but get 21 in /custom/assets/bundles/01EZ59SS9C57X5CT2CQNXBD9J0
Expected [/custom/assets/bundles/01EZ59SS9C57X5CT2CQNXBD9J0/live/default/1614009489250/086f16d1-d768-46fe-a32d-1403888f9e1f.contentworkflow.xml, /custom/assets/bundles/01EZ59SS9C57X5CT2CQNXBD9J0/1a7cefc4-0680-48a7-8d12-0fbc5c3a4bfa.workflow.xml, /custom/assets/bundles/01EZ59SS9C57X5CT2CQNXBD9J0/live/default/1614009489250/0-content.7946546d-6c52-45fb-8053-4f79ff2d4495.content.xml, /custom/assets/bundles/01EZ59SS9C57X5CT2CQNXBD9J0/working/System Host/f4d7c1b8-2c88-4071-abf1-a5328977b07d.contentType.json, /custom/assets/bundles/01EZ59SS9C57X5CT2CQNXBD9J0/live/System Host/1/e59cedec-f4ff-43eb-b3e0-7b6359e63e1c.contentworkflow.xml, /custom/assets/bundles/01EZ59SS9C57X5CT2CQNXBD9J0/live/System Host/1614009489250properties, /custom/assets/bundles/01EZ59SS9C57X5CT2CQNXBD9J0/live/default/0578beaa-164c-41ae-bdd4-12490b1cfa5e.rule.xml, /custom/assets/bundles/01EZ59SS9C57X5CT2CQNXBD9J0/live/System Host/en_US.language.xml, /custom/assets/bundles/01EZ59SS9C57X5CT2CQNXBD9J0/live/System Host/1properties, /custom/assets/bundles/01EZ59SS9C57X5CT2CQNXBD9J0/d61a59e1-a49c-46f2-a929-db2b4bfa88b2.workflow.xml, /custom/assets/bundles/01EZ59SS9C57X5CT2CQNXBD9J0/working/System Host/1/content.ff462f88-d9e1-4d31-b084-b73cb61976d3.host.xml, /custom/assets/bundles/01EZ59SS9C57X5CT2CQNXBD9J0/live/System Host/1/content.ff462f88-d9e1-4d31-b084-b73cb61976d3.host.xml, /custom/assets/bundles/01EZ59SS9C57X5CT2CQNXBD9J0/working/System Host/1/2-content.a4c51300-d58e-48d4-b5d9-0d33bf2ac79f.content.xml, /custom/assets/bundles/01EZ59SS9C57X5CT2CQNXBD9J0/working/System Host/1/331b905c-30a2-46c3-b6ac-e91e20c3c246.contentworkflow.xml, /custom/assets/bundles/01EZ59SS9C57X5CT2CQNXBD9J0/live/System Host/1/331b905c-30a2-46c3-b6ac-e91e20c3c246.contentworkflow.xml, /custom/assets/bundles/01EZ59SS9C57X5CT2CQNXBD9J0/live/System Host/tf_ZA.language.xml, /custom/assets/bundles/01EZ59SS9C57X5CT2CQNXBD9J0/live/System Host/1/1-content.27652c0f-b294-440a-9103-347730ac289b.content.xml, /custom/assets/bundles/01EZ59SS9C57X5CT2CQNXBD9J0/live/System Host/1/3-content.a4c51300-d58e-48d4-b5d9-0d33bf2ac79f.content.xml]
Existing [/custom/assets/bundles/01EZ59SS9C57X5CT2CQNXBD9J0/1a7cefc4-0680-48a7-8d12-0fbc5c3a4bfa.workflow.xml, /custom/assets/bundles/01EZ59SS9C57X5CT2CQNXBD9J0/ROOT/bc9a1d37-dd2d-4d49-a29d-0c9be740bfaf.folder.xml, /custom/assets/bundles/01EZ59SS9C57X5CT2CQNXBD9J0/bundle.xml, /custom/assets/bundles/01EZ59SS9C57X5CT2CQNXBD9J0/d61a59e1-a49c-46f2-a929-db2b4bfa88b2.workflow.xml, /custom/assets/bundles/01EZ59SS9C57X5CT2CQNXBD9J0/live/System Host/1/1-content.27652c0f-b294-440a-9103-347730ac289b.content.xml, /custom/assets/bundles/01EZ59SS9C57X5CT2CQNXBD9J0/live/System Host/1/3-content.a4c51300-d58e-48d4-b5d9-0d33bf2ac79f.content.xml, /custom/assets/bundles/01EZ59SS9C57X5CT2CQNXBD9J0/live/System Host/1/331b905c-30a2-46c3-b6ac-e91e20c3c246.contentworkflow.xml, /custom/assets/bundles/01EZ59SS9C57X5CT2CQNXBD9J0/live/System Host/1/content.ff462f88-d9e1-4d31-b084-b73cb61976d3.host.xml, /custom/assets/bundles/01EZ59SS9C57X5CT2CQNXBD9J0/live/System Host/1/e59cedec-f4ff-43eb-b3e0-7b6359e63e1c.contentworkflow.xml, /custom/assets/bundles/01EZ59SS9C57X5CT2CQNXBD9J0/live/System Host/1/system host.host.xml, /custom/assets/bundles/01EZ59SS9C57X5CT2CQNXBD9J0/live/System Host/1614009489250properties, /custom/assets/bundles/01EZ59SS9C57X5CT2CQNXBD9J0/live/System Host/1properties, /custom/assets/bundles/01EZ59SS9C57X5CT2CQNXBD9J0/live/System Host/en_US.language.xml, /custom/assets/bundles/01EZ59SS9C57X5CT2CQNXBD9J0/live/System Host/tf_ZA.language.xml, /custom/assets/bundles/01EZ59SS9C57X5CT2CQNXBD9J0/live/default/0578beaa-164c-41ae-bdd4-12490b1cfa5e.rule.xml, /custom/assets/bundles/01EZ59SS9C57X5CT2CQNXBD9J0/live/default/1614009489250/0-content.7946546d-6c52-45fb-8053-4f79ff2d4495.content.xml, /custom/assets/bundles/01EZ59SS9C57X5CT2CQNXBD9J0/live/default/1614009489250/086f16d1-d768-46fe-a32d-1403888f9e1f.contentworkflow.xml, /custom/assets/bundles/01EZ59SS9C57X5CT2CQNXBD9J0/working/System Host/1/2-content.a4c51300-d58e-48d4-b5d9-0d33bf2ac79f.content.xml, /custom/assets/bundles/01EZ59SS9C57X5CT2CQNXBD9J0/working/System Host/1/331b905c-30a2-46c3-b6ac-e91e20c3c246.contentworkflow.xml, /custom/assets/bundles/01EZ59SS9C57X5CT2CQNXBD9J0/working/System Host/1/content.ff462f88-d9e1-4d31-b084-b73cb61976d3.host.xml, /custom/assets/bundles/01EZ59SS9C57X5CT2CQNXBD9J0/working/System Host/f4d7c1b8-2c88-4071-abf1-a5328977b07d.contentType.json]
difference [/custom/assets/bundles/01EZ59SS9C57X5CT2CQNXBD9J0/ROOT/bc9a1d37-dd2d-4d49-a29d-0c9be740bfaf.folder.xml, /custom/assets/bundles/01EZ59SS9C57X5CT2CQNXBD9J0/bundle.xml, /custom/assets/bundles/01EZ59SS9C57X5CT2CQNXBD9J0/live/System Host/1/system host.host.xml]

	at org.jgroups.util.Util.assertEquals(Util.java:185)
	at com.dotcms.publishing.PublisherAPIImplTest.publish(PublisherAPIImplTest.java:407)
	at sun.reflect.NativeMethodAccessorImpl.invoke0(Native Method)
	at sun.reflect.NativeMethodAccessorImpl.invoke(NativeMethodAccessorImpl.java:62)
	at sun.reflect.DelegatingMethodAccessorImpl.invoke(DelegatingMethodAccessorImpl.java:43)
	at java.lang.reflect.Method.invoke(Method.java:498)
	at org.junit.runners.model.FrameworkMethod$1.runReflectiveCall(FrameworkMethod.java:50)
	at org.junit.internal.runners.model.ReflectiveCallable.run(ReflectiveCallable.java:12)
	at org.junit.runners.model.FrameworkMethod.invokeExplosively(FrameworkMethod.java:47)
	at com.tngtech.java.junit.dataprovider.DataProviderFrameworkMethod.invokeExplosively(DataProviderFrameworkMethod.java:119)
	at org.junit.internal.runners.statements.InvokeMethod.evaluate(InvokeMethod.java:17)
	at org.junit.rules.TestWatcher$1.evaluate(TestWatcher.java:55)
	at org.junit.rules.RunRules.evaluate(RunRules.java:20)
	at org.junit.runners.ParentRunner.runLeaf(ParentRunner.java:325)
	at com.dotcms.junit.CustomDataProviderRunner.runChild(CustomDataProviderRunner.java:28)
	at com.dotcms.junit.CustomDataProviderRunner.runChild(CustomDataProviderRunner.java:13)
	at org.junit.runners.ParentRunner$3.run(ParentRunner.java:290)
	at org.junit.runners.ParentRunner$1.schedule(ParentRunner.java:71)
	at org.junit.runners.ParentRunner.runChildren(ParentRunner.java:288)
	at org.junit.runners.ParentRunner.access$000(ParentRunner.java:58)
	at org.junit.runners.ParentRunner$2.evaluate(ParentRunner.java:268)
	at org.junit.internal.runners.statements.RunBefores.evaluate(RunBefores.java:26)
	at org.junit.internal.runners.statements.RunAfters.evaluate(RunAfters.java:27)
	at org.junit.runners.ParentRunner.run(ParentRunner.java:363)
	at org.junit.runners.Suite.runChild(Suite.java:128)
	at org.junit.runners.Suite.runChild(Suite.java:27)
	at org.junit.runners.ParentRunner$3.run(ParentRunner.java:290)
	at org.junit.runners.ParentRunner$1.schedule(ParentRunner.java:71)
	at org.junit.runners.ParentRunner.runChildren(ParentRunner.java:288)
	at org.junit.runners.ParentRunner.access$000(ParentRunner.java:58)
	at org.junit.runners.ParentRunner$2.evaluate(ParentRunner.java:268)
	at org.junit.runners.ParentRunner.run(ParentRunner.java:363)
	at org.gradle.api.internal.tasks.testing.junit.JUnitTestClassExecutor.runTestClass(JUnitTestClassExecutor.java:106)
	at org.gradle.api.internal.tasks.testing.junit.JUnitTestClassExecutor.execute(JUnitTestClassExecutor.java:58)
	at org.gradle.api.internal.tasks.testing.junit.JUnitTestClassExecutor.execute(JUnitTestClassExecutor.java:38)
	at org.gradle.api.internal.tasks.testing.junit.AbstractJUnitTestClassProcessor.processTestClass(AbstractJUnitTestClassProcessor.java:66)
	at org.gradle.api.internal.tasks.testing.SuiteTestClassProcessor.processTestClass(SuiteTestClassProcessor.java:51)
	at sun.reflect.NativeMethodAccessorImpl.invoke0(Native Method)
	at sun.reflect.NativeMethodAccessorImpl.invoke(NativeMethodAccessorImpl.java:62)
	at sun.reflect.DelegatingMethodAccessorImpl.invoke(DelegatingMethodAccessorImpl.java:43)
	at java.lang.reflect.Method.invoke(Method.java:498)
	at org.gradle.internal.dispatch.ReflectionDispatch.dispatch(ReflectionDispatch.java:35)
	at org.gradle.internal.dispatch.ReflectionDispatch.dispatch(ReflectionDispatch.java:24)
	at org.gradle.internal.dispatch.ContextClassLoaderDispatch.dispatch(ContextClassLoaderDispatch.java:32)
	at org.gradle.internal.dispatch.ProxyDispatchAdapter$DispatchingInvocationHandler.invoke(ProxyDispatchAdapter.java:93)
	at com.sun.proxy.$Proxy2.processTestClass(Unknown Source)
	at org.gradle.api.internal.tasks.testing.worker.TestWorker.processTestClass(TestWorker.java:117)
	at sun.reflect.NativeMethodAccessorImpl.invoke0(Native Method)
	at sun.reflect.NativeMethodAccessorImpl.invoke(NativeMethodAccessorImpl.java:62)
	at sun.reflect.DelegatingMethodAccessorImpl.invoke(DelegatingMethodAccessorImpl.java:43)
	at java.lang.reflect.Method.invoke(Method.java:498)
	at org.gradle.internal.dispatch.ReflectionDispatch.dispatch(ReflectionDispatch.java:35)
	at org.gradle.internal.dispatch.ReflectionDispatch.dispatch(ReflectionDispatch.java:24)
	at org.gradle.internal.remote.internal.hub.MessageHubBackedObjectConnection$DispatchWrapper.dispatch(MessageHubBackedObjectConnection.java:155)
	at org.gradle.internal.remote.internal.hub.MessageHubBackedObjectConnection$DispatchWrapper.dispatch(MessageHubBackedObjectConnection.java:137)
	at org.gradle.internal.remote.internal.hub.MessageHub$Handler.run(MessageHub.java:404)
	at org.gradle.internal.concurrent.ExecutorPolicy$CatchAndRecordFailures.onExecute(ExecutorPolicy.java:63)
	at org.gradle.internal.concurrent.ManagedExecutorImpl$1.run(ManagedExecutorImpl.java:46)
	at java.util.concurrent.ThreadPoolExecutor.runWorker(ThreadPoolExecutor.java:1149)
	at java.util.concurrent.ThreadPoolExecutor$Worker.run(ThreadPoolExecutor.java:624)
	at org.gradle.internal.concurrent.ThreadFactoryImpl$ManagedThreadRunnable.run(ThreadFactoryImpl.java:55)
	at java.lang.Thread.run(Thread.java:748)
</pre>
</span>
</div>
<div class="test">
<a name="publish[7: com.dotcms.publishing.PublisherAPIImplTest$TestCase@22a06169]"></a>
<h3 class="failures">publish[7: com.dotcms.publishing.PublisherAPIImplTest$TestCase@22a06169]</h3>
<span class="code">
<pre>java.lang.AssertionError: Expected 20 but get 22 in /custom/assets/bundles/01EZ59SSC7QSPCJSRZGZVAS3HQ
Expected [/custom/assets/bundles/01EZ59SSC7QSPCJSRZGZVAS3HQ/d61a59e1-a49c-46f2-a929-db2b4bfa88b2.workflow.xml, /custom/assets/bundles/01EZ59SSC7QSPCJSRZGZVAS3HQ/working/System Host/1/331b905c-30a2-46c3-b6ac-e91e20c3c246.contentworkflow.xml, /custom/assets/bundles/01EZ59SSC7QSPCJSRZGZVAS3HQ/live/System Host/en_US.language.xml, /custom/assets/bundles/01EZ59SSC7QSPCJSRZGZVAS3HQ/live/System Host/1614009489250properties, /custom/assets/bundles/01EZ59SSC7QSPCJSRZGZVAS3HQ/live/System Host/1/1-content.27652c0f-b294-440a-9103-347730ac289b.content.xml, /custom/assets/bundles/01EZ59SSC7QSPCJSRZGZVAS3HQ/live/default/0578beaa-164c-41ae-bdd4-12490b1cfa5e.rule.xml, /custom/assets/bundles/01EZ59SSC7QSPCJSRZGZVAS3HQ/live/default/1614009489250/0-content.7946546d-6c52-45fb-8053-4f79ff2d4495.content.xml, /custom/assets/bundles/01EZ59SSC7QSPCJSRZGZVAS3HQ/live/System Host/1properties, /custom/assets/bundles/01EZ59SSC7QSPCJSRZGZVAS3HQ/live/System Host/1/331b905c-30a2-46c3-b6ac-e91e20c3c246.contentworkflow.xml, /custom/assets/bundles/01EZ59SSC7QSPCJSRZGZVAS3HQ/live/System Host/1/e59cedec-f4ff-43eb-b3e0-7b6359e63e1c.contentworkflow.xml, /custom/assets/bundles/01EZ59SSC7QSPCJSRZGZVAS3HQ/live/System Host/tf_ZA.language.xml, /custom/assets/bundles/01EZ59SSC7QSPCJSRZGZVAS3HQ/working/System Host/1/2-content.a4c51300-d58e-48d4-b5d9-0d33bf2ac79f.content.xml, /custom/assets/bundles/01EZ59SSC7QSPCJSRZGZVAS3HQ/live/System Host/ejuhy_TESTCOUNTRYCODE1614007253952.language.xml, /custom/assets/bundles/01EZ59SSC7QSPCJSRZGZVAS3HQ/working/System Host/f4d7c1b8-2c88-4071-abf1-a5328977b07d.contentType.json, /custom/assets/bundles/01EZ59SSC7QSPCJSRZGZVAS3HQ/live/System Host/1/3-content.a4c51300-d58e-48d4-b5d9-0d33bf2ac79f.content.xml, /custom/assets/bundles/01EZ59SSC7QSPCJSRZGZVAS3HQ/live/System Host/1614007253952properties, /custom/assets/bundles/01EZ59SSC7QSPCJSRZGZVAS3HQ/live/System Host/1/content.ff462f88-d9e1-4d31-b084-b73cb61976d3.host.xml, /custom/assets/bundles/01EZ59SSC7QSPCJSRZGZVAS3HQ/working/System Host/1/content.ff462f88-d9e1-4d31-b084-b73cb61976d3.host.xml, /custom/assets/bundles/01EZ59SSC7QSPCJSRZGZVAS3HQ/live/default/1614009489250/086f16d1-d768-46fe-a32d-1403888f9e1f.contentworkflow.xml]
Existing [/custom/assets/bundles/01EZ59SSC7QSPCJSRZGZVAS3HQ/ROOT/bc9a1d37-dd2d-4d49-a29d-0c9be740bfaf.folder.xml, /custom/assets/bundles/01EZ59SSC7QSPCJSRZGZVAS3HQ/bundle.xml, /custom/assets/bundles/01EZ59SSC7QSPCJSRZGZVAS3HQ/d61a59e1-a49c-46f2-a929-db2b4bfa88b2.workflow.xml, /custom/assets/bundles/01EZ59SSC7QSPCJSRZGZVAS3HQ/live/System Host/1/1-content.27652c0f-b294-440a-9103-347730ac289b.content.xml, /custom/assets/bundles/01EZ59SSC7QSPCJSRZGZVAS3HQ/live/System Host/1/3-content.a4c51300-d58e-48d4-b5d9-0d33bf2ac79f.content.xml, /custom/assets/bundles/01EZ59SSC7QSPCJSRZGZVAS3HQ/live/System Host/1/331b905c-30a2-46c3-b6ac-e91e20c3c246.contentworkflow.xml, /custom/assets/bundles/01EZ59SSC7QSPCJSRZGZVAS3HQ/live/System Host/1/content.ff462f88-d9e1-4d31-b084-b73cb61976d3.host.xml, /custom/assets/bundles/01EZ59SSC7QSPCJSRZGZVAS3HQ/live/System Host/1/e59cedec-f4ff-43eb-b3e0-7b6359e63e1c.contentworkflow.xml, /custom/assets/bundles/01EZ59SSC7QSPCJSRZGZVAS3HQ/live/System Host/1/system host.host.xml, /custom/assets/bundles/01EZ59SSC7QSPCJSRZGZVAS3HQ/live/System Host/1614007253952properties, /custom/assets/bundles/01EZ59SSC7QSPCJSRZGZVAS3HQ/live/System Host/1614009489250properties, /custom/assets/bundles/01EZ59SSC7QSPCJSRZGZVAS3HQ/live/System Host/1properties, /custom/assets/bundles/01EZ59SSC7QSPCJSRZGZVAS3HQ/live/System Host/ejuhy_TESTCOUNTRYCODE1614007253952.language.xml, /custom/assets/bundles/01EZ59SSC7QSPCJSRZGZVAS3HQ/live/System Host/en_US.language.xml, /custom/assets/bundles/01EZ59SSC7QSPCJSRZGZVAS3HQ/live/System Host/tf_ZA.language.xml, /custom/assets/bundles/01EZ59SSC7QSPCJSRZGZVAS3HQ/live/default/0578beaa-164c-41ae-bdd4-12490b1cfa5e.rule.xml, /custom/assets/bundles/01EZ59SSC7QSPCJSRZGZVAS3HQ/live/default/1614009489250/0-content.7946546d-6c52-45fb-8053-4f79ff2d4495.content.xml, /custom/assets/bundles/01EZ59SSC7QSPCJSRZGZVAS3HQ/live/default/1614009489250/086f16d1-d768-46fe-a32d-1403888f9e1f.contentworkflow.xml, /custom/assets/bundles/01EZ59SSC7QSPCJSRZGZVAS3HQ/working/System Host/1/2-content.a4c51300-d58e-48d4-b5d9-0d33bf2ac79f.content.xml, /custom/assets/bundles/01EZ59SSC7QSPCJSRZGZVAS3HQ/working/System Host/1/331b905c-30a2-46c3-b6ac-e91e20c3c246.contentworkflow.xml, /custom/assets/bundles/01EZ59SSC7QSPCJSRZGZVAS3HQ/working/System Host/1/content.ff462f88-d9e1-4d31-b084-b73cb61976d3.host.xml, /custom/assets/bundles/01EZ59SSC7QSPCJSRZGZVAS3HQ/working/System Host/f4d7c1b8-2c88-4071-abf1-a5328977b07d.contentType.json]
difference [/custom/assets/bundles/01EZ59SSC7QSPCJSRZGZVAS3HQ/ROOT/bc9a1d37-dd2d-4d49-a29d-0c9be740bfaf.folder.xml, /custom/assets/bundles/01EZ59SSC7QSPCJSRZGZVAS3HQ/bundle.xml, /custom/assets/bundles/01EZ59SSC7QSPCJSRZGZVAS3HQ/live/System Host/1/system host.host.xml]

	at org.jgroups.util.Util.assertEquals(Util.java:185)
	at com.dotcms.publishing.PublisherAPIImplTest.publish(PublisherAPIImplTest.java:407)
	at sun.reflect.NativeMethodAccessorImpl.invoke0(Native Method)
	at sun.reflect.NativeMethodAccessorImpl.invoke(NativeMethodAccessorImpl.java:62)
	at sun.reflect.DelegatingMethodAccessorImpl.invoke(DelegatingMethodAccessorImpl.java:43)
	at java.lang.reflect.Method.invoke(Method.java:498)
	at org.junit.runners.model.FrameworkMethod$1.runReflectiveCall(FrameworkMethod.java:50)
	at org.junit.internal.runners.model.ReflectiveCallable.run(ReflectiveCallable.java:12)
	at org.junit.runners.model.FrameworkMethod.invokeExplosively(FrameworkMethod.java:47)
	at com.tngtech.java.junit.dataprovider.DataProviderFrameworkMethod.invokeExplosively(DataProviderFrameworkMethod.java:119)
	at org.junit.internal.runners.statements.InvokeMethod.evaluate(InvokeMethod.java:17)
	at org.junit.rules.TestWatcher$1.evaluate(TestWatcher.java:55)
	at org.junit.rules.RunRules.evaluate(RunRules.java:20)
	at org.junit.runners.ParentRunner.runLeaf(ParentRunner.java:325)
	at com.dotcms.junit.CustomDataProviderRunner.runChild(CustomDataProviderRunner.java:28)
	at com.dotcms.junit.CustomDataProviderRunner.runChild(CustomDataProviderRunner.java:13)
	at org.junit.runners.ParentRunner$3.run(ParentRunner.java:290)
	at org.junit.runners.ParentRunner$1.schedule(ParentRunner.java:71)
	at org.junit.runners.ParentRunner.runChildren(ParentRunner.java:288)
	at org.junit.runners.ParentRunner.access$000(ParentRunner.java:58)
	at org.junit.runners.ParentRunner$2.evaluate(ParentRunner.java:268)
	at org.junit.internal.runners.statements.RunBefores.evaluate(RunBefores.java:26)
	at org.junit.internal.runners.statements.RunAfters.evaluate(RunAfters.java:27)
	at org.junit.runners.ParentRunner.run(ParentRunner.java:363)
	at org.junit.runners.Suite.runChild(Suite.java:128)
	at org.junit.runners.Suite.runChild(Suite.java:27)
	at org.junit.runners.ParentRunner$3.run(ParentRunner.java:290)
	at org.junit.runners.ParentRunner$1.schedule(ParentRunner.java:71)
	at org.junit.runners.ParentRunner.runChildren(ParentRunner.java:288)
	at org.junit.runners.ParentRunner.access$000(ParentRunner.java:58)
	at org.junit.runners.ParentRunner$2.evaluate(ParentRunner.java:268)
	at org.junit.runners.ParentRunner.run(ParentRunner.java:363)
	at org.gradle.api.internal.tasks.testing.junit.JUnitTestClassExecutor.runTestClass(JUnitTestClassExecutor.java:106)
	at org.gradle.api.internal.tasks.testing.junit.JUnitTestClassExecutor.execute(JUnitTestClassExecutor.java:58)
	at org.gradle.api.internal.tasks.testing.junit.JUnitTestClassExecutor.execute(JUnitTestClassExecutor.java:38)
	at org.gradle.api.internal.tasks.testing.junit.AbstractJUnitTestClassProcessor.processTestClass(AbstractJUnitTestClassProcessor.java:66)
	at org.gradle.api.internal.tasks.testing.SuiteTestClassProcessor.processTestClass(SuiteTestClassProcessor.java:51)
	at sun.reflect.NativeMethodAccessorImpl.invoke0(Native Method)
	at sun.reflect.NativeMethodAccessorImpl.invoke(NativeMethodAccessorImpl.java:62)
	at sun.reflect.DelegatingMethodAccessorImpl.invoke(DelegatingMethodAccessorImpl.java:43)
	at java.lang.reflect.Method.invoke(Method.java:498)
	at org.gradle.internal.dispatch.ReflectionDispatch.dispatch(ReflectionDispatch.java:35)
	at org.gradle.internal.dispatch.ReflectionDispatch.dispatch(ReflectionDispatch.java:24)
	at org.gradle.internal.dispatch.ContextClassLoaderDispatch.dispatch(ContextClassLoaderDispatch.java:32)
	at org.gradle.internal.dispatch.ProxyDispatchAdapter$DispatchingInvocationHandler.invoke(ProxyDispatchAdapter.java:93)
	at com.sun.proxy.$Proxy2.processTestClass(Unknown Source)
	at org.gradle.api.internal.tasks.testing.worker.TestWorker.processTestClass(TestWorker.java:117)
	at sun.reflect.NativeMethodAccessorImpl.invoke0(Native Method)
	at sun.reflect.NativeMethodAccessorImpl.invoke(NativeMethodAccessorImpl.java:62)
	at sun.reflect.DelegatingMethodAccessorImpl.invoke(DelegatingMethodAccessorImpl.java:43)
	at java.lang.reflect.Method.invoke(Method.java:498)
	at org.gradle.internal.dispatch.ReflectionDispatch.dispatch(ReflectionDispatch.java:35)
	at org.gradle.internal.dispatch.ReflectionDispatch.dispatch(ReflectionDispatch.java:24)
	at org.gradle.internal.remote.internal.hub.MessageHubBackedObjectConnection$DispatchWrapper.dispatch(MessageHubBackedObjectConnection.java:155)
	at org.gradle.internal.remote.internal.hub.MessageHubBackedObjectConnection$DispatchWrapper.dispatch(MessageHubBackedObjectConnection.java:137)
	at org.gradle.internal.remote.internal.hub.MessageHub$Handler.run(MessageHub.java:404)
	at org.gradle.internal.concurrent.ExecutorPolicy$CatchAndRecordFailures.onExecute(ExecutorPolicy.java:63)
	at org.gradle.internal.concurrent.ManagedExecutorImpl$1.run(ManagedExecutorImpl.java:46)
	at java.util.concurrent.ThreadPoolExecutor.runWorker(ThreadPoolExecutor.java:1149)
	at java.util.concurrent.ThreadPoolExecutor$Worker.run(ThreadPoolExecutor.java:624)
	at org.gradle.internal.concurrent.ThreadFactoryImpl$ManagedThreadRunnable.run(ThreadFactoryImpl.java:55)
	at java.lang.Thread.run(Thread.java:748)
</pre>
</span>
</div>
<div class="test">
<a name="publish[8: com.dotcms.publishing.PublisherAPIImplTest$TestCase@86442b0]"></a>
<h3 class="failures">publish[8: com.dotcms.publishing.PublisherAPIImplTest$TestCase@86442b0]</h3>
<span class="code">
<pre>java.lang.AssertionError: Expected 5 but get 6 in /custom/assets/bundles/01EZ59SSEXN9W6TW3WGD2ZQEP4
Expected [/custom/assets/bundles/01EZ59SSEXN9W6TW3WGD2ZQEP4/live/default/0578beaa-164c-41ae-bdd4-12490b1cfa5e.rule.xml, /custom/assets/bundles/01EZ59SSEXN9W6TW3WGD2ZQEP4/working/System Host/1/content.ff462f88-d9e1-4d31-b084-b73cb61976d3.host.xml, /custom/assets/bundles/01EZ59SSEXN9W6TW3WGD2ZQEP4/live/System Host/1/content.ff462f88-d9e1-4d31-b084-b73cb61976d3.host.xml, /custom/assets/bundles/01EZ59SSEXN9W6TW3WGD2ZQEP4/live/test1614007253953.dotcms.com/17ce069a-992a-4bf2-9936-e6dbcbf617b6.rule.xml]
Existing [/custom/assets/bundles/01EZ59SSEXN9W6TW3WGD2ZQEP4/bundle.xml, /custom/assets/bundles/01EZ59SSEXN9W6TW3WGD2ZQEP4/live/System Host/1/content.ff462f88-d9e1-4d31-b084-b73cb61976d3.host.xml, /custom/assets/bundles/01EZ59SSEXN9W6TW3WGD2ZQEP4/live/System Host/1/system host.host.xml, /custom/assets/bundles/01EZ59SSEXN9W6TW3WGD2ZQEP4/live/default/0578beaa-164c-41ae-bdd4-12490b1cfa5e.rule.xml, /custom/assets/bundles/01EZ59SSEXN9W6TW3WGD2ZQEP4/live/test1614007253953.dotcms.com/17ce069a-992a-4bf2-9936-e6dbcbf617b6.rule.xml, /custom/assets/bundles/01EZ59SSEXN9W6TW3WGD2ZQEP4/working/System Host/1/content.ff462f88-d9e1-4d31-b084-b73cb61976d3.host.xml]
difference [/custom/assets/bundles/01EZ59SSEXN9W6TW3WGD2ZQEP4/bundle.xml, /custom/assets/bundles/01EZ59SSEXN9W6TW3WGD2ZQEP4/live/System Host/1/system host.host.xml]

	at org.jgroups.util.Util.assertEquals(Util.java:185)
	at com.dotcms.publishing.PublisherAPIImplTest.publish(PublisherAPIImplTest.java:407)
	at sun.reflect.NativeMethodAccessorImpl.invoke0(Native Method)
	at sun.reflect.NativeMethodAccessorImpl.invoke(NativeMethodAccessorImpl.java:62)
	at sun.reflect.DelegatingMethodAccessorImpl.invoke(DelegatingMethodAccessorImpl.java:43)
	at java.lang.reflect.Method.invoke(Method.java:498)
	at org.junit.runners.model.FrameworkMethod$1.runReflectiveCall(FrameworkMethod.java:50)
	at org.junit.internal.runners.model.ReflectiveCallable.run(ReflectiveCallable.java:12)
	at org.junit.runners.model.FrameworkMethod.invokeExplosively(FrameworkMethod.java:47)
	at com.tngtech.java.junit.dataprovider.DataProviderFrameworkMethod.invokeExplosively(DataProviderFrameworkMethod.java:119)
	at org.junit.internal.runners.statements.InvokeMethod.evaluate(InvokeMethod.java:17)
	at org.junit.rules.TestWatcher$1.evaluate(TestWatcher.java:55)
	at org.junit.rules.RunRules.evaluate(RunRules.java:20)
	at org.junit.runners.ParentRunner.runLeaf(ParentRunner.java:325)
	at com.dotcms.junit.CustomDataProviderRunner.runChild(CustomDataProviderRunner.java:28)
	at com.dotcms.junit.CustomDataProviderRunner.runChild(CustomDataProviderRunner.java:13)
	at org.junit.runners.ParentRunner$3.run(ParentRunner.java:290)
	at org.junit.runners.ParentRunner$1.schedule(ParentRunner.java:71)
	at org.junit.runners.ParentRunner.runChildren(ParentRunner.java:288)
	at org.junit.runners.ParentRunner.access$000(ParentRunner.java:58)
	at org.junit.runners.ParentRunner$2.evaluate(ParentRunner.java:268)
	at org.junit.internal.runners.statements.RunBefores.evaluate(RunBefores.java:26)
	at org.junit.internal.runners.statements.RunAfters.evaluate(RunAfters.java:27)
	at org.junit.runners.ParentRunner.run(ParentRunner.java:363)
	at org.junit.runners.Suite.runChild(Suite.java:128)
	at org.junit.runners.Suite.runChild(Suite.java:27)
	at org.junit.runners.ParentRunner$3.run(ParentRunner.java:290)
	at org.junit.runners.ParentRunner$1.schedule(ParentRunner.java:71)
	at org.junit.runners.ParentRunner.runChildren(ParentRunner.java:288)
	at org.junit.runners.ParentRunner.access$000(ParentRunner.java:58)
	at org.junit.runners.ParentRunner$2.evaluate(ParentRunner.java:268)
	at org.junit.runners.ParentRunner.run(ParentRunner.java:363)
	at org.gradle.api.internal.tasks.testing.junit.JUnitTestClassExecutor.runTestClass(JUnitTestClassExecutor.java:106)
	at org.gradle.api.internal.tasks.testing.junit.JUnitTestClassExecutor.execute(JUnitTestClassExecutor.java:58)
	at org.gradle.api.internal.tasks.testing.junit.JUnitTestClassExecutor.execute(JUnitTestClassExecutor.java:38)
	at org.gradle.api.internal.tasks.testing.junit.AbstractJUnitTestClassProcessor.processTestClass(AbstractJUnitTestClassProcessor.java:66)
	at org.gradle.api.internal.tasks.testing.SuiteTestClassProcessor.processTestClass(SuiteTestClassProcessor.java:51)
	at sun.reflect.NativeMethodAccessorImpl.invoke0(Native Method)
	at sun.reflect.NativeMethodAccessorImpl.invoke(NativeMethodAccessorImpl.java:62)
	at sun.reflect.DelegatingMethodAccessorImpl.invoke(DelegatingMethodAccessorImpl.java:43)
	at java.lang.reflect.Method.invoke(Method.java:498)
	at org.gradle.internal.dispatch.ReflectionDispatch.dispatch(ReflectionDispatch.java:35)
	at org.gradle.internal.dispatch.ReflectionDispatch.dispatch(ReflectionDispatch.java:24)
	at org.gradle.internal.dispatch.ContextClassLoaderDispatch.dispatch(ContextClassLoaderDispatch.java:32)
	at org.gradle.internal.dispatch.ProxyDispatchAdapter$DispatchingInvocationHandler.invoke(ProxyDispatchAdapter.java:93)
	at com.sun.proxy.$Proxy2.processTestClass(Unknown Source)
	at org.gradle.api.internal.tasks.testing.worker.TestWorker.processTestClass(TestWorker.java:117)
	at sun.reflect.NativeMethodAccessorImpl.invoke0(Native Method)
	at sun.reflect.NativeMethodAccessorImpl.invoke(NativeMethodAccessorImpl.java:62)
	at sun.reflect.DelegatingMethodAccessorImpl.invoke(DelegatingMethodAccessorImpl.java:43)
	at java.lang.reflect.Method.invoke(Method.java:498)
	at org.gradle.internal.dispatch.ReflectionDispatch.dispatch(ReflectionDispatch.java:35)
	at org.gradle.internal.dispatch.ReflectionDispatch.dispatch(ReflectionDispatch.java:24)
	at org.gradle.internal.remote.internal.hub.MessageHubBackedObjectConnection$DispatchWrapper.dispatch(MessageHubBackedObjectConnection.java:155)
	at org.gradle.internal.remote.internal.hub.MessageHubBackedObjectConnection$DispatchWrapper.dispatch(MessageHubBackedObjectConnection.java:137)
	at org.gradle.internal.remote.internal.hub.MessageHub$Handler.run(MessageHub.java:404)
	at org.gradle.internal.concurrent.ExecutorPolicy$CatchAndRecordFailures.onExecute(ExecutorPolicy.java:63)
	at org.gradle.internal.concurrent.ManagedExecutorImpl$1.run(ManagedExecutorImpl.java:46)
	at java.util.concurrent.ThreadPoolExecutor.runWorker(ThreadPoolExecutor.java:1149)
	at java.util.concurrent.ThreadPoolExecutor$Worker.run(ThreadPoolExecutor.java:624)
	at org.gradle.internal.concurrent.ThreadFactoryImpl$ManagedThreadRunnable.run(ThreadFactoryImpl.java:55)
	at java.lang.Thread.run(Thread.java:748)
</pre>
</span>
</div>
<div class="test">
<a name="publish[9: com.dotcms.publishing.PublisherAPIImplTest$TestCase@1d1cff74]"></a>
<h3 class="failures">publish[9: com.dotcms.publishing.PublisherAPIImplTest$TestCase@1d1cff74]</h3>
<span class="code">
<pre>java.lang.AssertionError: Expected 24 but get 26 in /custom/assets/bundles/01EZ59SSGTBWDCC107SXAYQ9SK
Expected [/custom/assets/bundles/01EZ59SSGTBWDCC107SXAYQ9SK/live/default/1614009489250/086f16d1-d768-46fe-a32d-1403888f9e1f.contentworkflow.xml, /custom/assets/bundles/01EZ59SSGTBWDCC107SXAYQ9SK/working/System Host/1/2-content.a4c51300-d58e-48d4-b5d9-0d33bf2ac79f.content.xml, /custom/assets/bundles/01EZ59SSGTBWDCC107SXAYQ9SK/cd53487b-ce88-466c-9906-73adef57945f.workflow.xml, /custom/assets/bundles/01EZ59SSGTBWDCC107SXAYQ9SK/working/System Host/1/content.ff462f88-d9e1-4d31-b084-b73cb61976d3.host.xml, /custom/assets/bundles/01EZ59SSGTBWDCC107SXAYQ9SK/live/System Host/1/331b905c-30a2-46c3-b6ac-e91e20c3c246.contentworkflow.xml, /custom/assets/bundles/01EZ59SSGTBWDCC107SXAYQ9SK/working/test1614007247886.dotcms.com/c598dadb-5f1e-44e9-9e6e-9a16cd9afe56.relationship.xml, /custom/assets/bundles/01EZ59SSGTBWDCC107SXAYQ9SK/live/System Host/en_US.language.xml, /custom/assets/bundles/01EZ59SSGTBWDCC107SXAYQ9SK/live/System Host/1614009489250properties, /custom/assets/bundles/01EZ59SSGTBWDCC107SXAYQ9SK/d61a59e1-a49c-46f2-a929-db2b4bfa88b2.workflow.xml, /custom/assets/bundles/01EZ59SSGTBWDCC107SXAYQ9SK/working/System Host/1/331b905c-30a2-46c3-b6ac-e91e20c3c246.contentworkflow.xml, /custom/assets/bundles/01EZ59SSGTBWDCC107SXAYQ9SK/live/System Host/1properties, /custom/assets/bundles/01EZ59SSGTBWDCC107SXAYQ9SK/live/System Host/1/content.ff462f88-d9e1-4d31-b084-b73cb61976d3.host.xml, /custom/assets/bundles/01EZ59SSGTBWDCC107SXAYQ9SK/live/System Host/1/e59cedec-f4ff-43eb-b3e0-7b6359e63e1c.contentworkflow.xml, /custom/assets/bundles/01EZ59SSGTBWDCC107SXAYQ9SK/working/test1614007247886.dotcms.com/68614192-d0d0-4e42-8e47-2a6898189c1d.contentType.json, /custom/assets/bundles/01EZ59SSGTBWDCC107SXAYQ9SK/working/System Host/f4d7c1b8-2c88-4071-abf1-a5328977b07d.contentType.json, /custom/assets/bundles/01EZ59SSGTBWDCC107SXAYQ9SK/live/System Host/1/1-content.27652c0f-b294-440a-9103-347730ac289b.content.xml, /custom/assets/bundles/01EZ59SSGTBWDCC107SXAYQ9SK/working/test1614007247886.dotcms.com/ddc1cf2b-c19b-499e-a89b-3b8fcd63ec5d.contentType.json, /custom/assets/bundles/01EZ59SSGTBWDCC107SXAYQ9SK/live/System Host/1/3-content.a4c51300-d58e-48d4-b5d9-0d33bf2ac79f.content.xml, /custom/assets/bundles/01EZ59SSGTBWDCC107SXAYQ9SK/live/System Host/tf_ZA.language.xml, /custom/assets/bundles/01EZ59SSGTBWDCC107SXAYQ9SK/working/System Host/f66bf05a-e9e7-45fd-b8f7-6f3b4c79c56b.category.dpc.xml, /custom/assets/bundles/01EZ59SSGTBWDCC107SXAYQ9SK/live/default/1614009489250/0-content.7946546d-6c52-45fb-8053-4f79ff2d4495.content.xml, /custom/assets/bundles/01EZ59SSGTBWDCC107SXAYQ9SK/live/System Host/1/content.8c49ce09-9151-4ae4-9bf6-3255b4fb17ad.host.xml, /custom/assets/bundles/01EZ59SSGTBWDCC107SXAYQ9SK/live/default/0578beaa-164c-41ae-bdd4-12490b1cfa5e.rule.xml]
Existing [/custom/assets/bundles/01EZ59SSGTBWDCC107SXAYQ9SK/ROOT/bc9a1d37-dd2d-4d49-a29d-0c9be740bfaf.folder.xml, /custom/assets/bundles/01EZ59SSGTBWDCC107SXAYQ9SK/bundle.xml, /custom/assets/bundles/01EZ59SSGTBWDCC107SXAYQ9SK/cd53487b-ce88-466c-9906-73adef57945f.workflow.xml, /custom/assets/bundles/01EZ59SSGTBWDCC107SXAYQ9SK/d61a59e1-a49c-46f2-a929-db2b4bfa88b2.workflow.xml, /custom/assets/bundles/01EZ59SSGTBWDCC107SXAYQ9SK/live/System Host/1/1-content.27652c0f-b294-440a-9103-347730ac289b.content.xml, /custom/assets/bundles/01EZ59SSGTBWDCC107SXAYQ9SK/live/System Host/1/3-content.a4c51300-d58e-48d4-b5d9-0d33bf2ac79f.content.xml, /custom/assets/bundles/01EZ59SSGTBWDCC107SXAYQ9SK/live/System Host/1/331b905c-30a2-46c3-b6ac-e91e20c3c246.contentworkflow.xml, /custom/assets/bundles/01EZ59SSGTBWDCC107SXAYQ9SK/live/System Host/1/content.8c49ce09-9151-4ae4-9bf6-3255b4fb17ad.host.xml, /custom/assets/bundles/01EZ59SSGTBWDCC107SXAYQ9SK/live/System Host/1/content.ff462f88-d9e1-4d31-b084-b73cb61976d3.host.xml, /custom/assets/bundles/01EZ59SSGTBWDCC107SXAYQ9SK/live/System Host/1/e59cedec-f4ff-43eb-b3e0-7b6359e63e1c.contentworkflow.xml, /custom/assets/bundles/01EZ59SSGTBWDCC107SXAYQ9SK/live/System Host/1/system host.host.xml, /custom/assets/bundles/01EZ59SSGTBWDCC107SXAYQ9SK/live/System Host/1614009489250properties, /custom/assets/bundles/01EZ59SSGTBWDCC107SXAYQ9SK/live/System Host/1properties, /custom/assets/bundles/01EZ59SSGTBWDCC107SXAYQ9SK/live/System Host/en_US.language.xml, /custom/assets/bundles/01EZ59SSGTBWDCC107SXAYQ9SK/live/System Host/tf_ZA.language.xml, /custom/assets/bundles/01EZ59SSGTBWDCC107SXAYQ9SK/live/default/0578beaa-164c-41ae-bdd4-12490b1cfa5e.rule.xml, /custom/assets/bundles/01EZ59SSGTBWDCC107SXAYQ9SK/live/default/1614009489250/0-content.7946546d-6c52-45fb-8053-4f79ff2d4495.content.xml, /custom/assets/bundles/01EZ59SSGTBWDCC107SXAYQ9SK/live/default/1614009489250/086f16d1-d768-46fe-a32d-1403888f9e1f.contentworkflow.xml, /custom/assets/bundles/01EZ59SSGTBWDCC107SXAYQ9SK/working/System Host/1/2-content.a4c51300-d58e-48d4-b5d9-0d33bf2ac79f.content.xml, /custom/assets/bundles/01EZ59SSGTBWDCC107SXAYQ9SK/working/System Host/1/331b905c-30a2-46c3-b6ac-e91e20c3c246.contentworkflow.xml, /custom/assets/bundles/01EZ59SSGTBWDCC107SXAYQ9SK/working/System Host/1/content.ff462f88-d9e1-4d31-b084-b73cb61976d3.host.xml, /custom/assets/bundles/01EZ59SSGTBWDCC107SXAYQ9SK/working/System Host/f4d7c1b8-2c88-4071-abf1-a5328977b07d.contentType.json, /custom/assets/bundles/01EZ59SSGTBWDCC107SXAYQ9SK/working/System Host/f66bf05a-e9e7-45fd-b8f7-6f3b4c79c56b.category.dpc.xml, /custom/assets/bundles/01EZ59SSGTBWDCC107SXAYQ9SK/working/test1614007247886.dotcms.com/68614192-d0d0-4e42-8e47-2a6898189c1d.contentType.json, /custom/assets/bundles/01EZ59SSGTBWDCC107SXAYQ9SK/working/test1614007247886.dotcms.com/c598dadb-5f1e-44e9-9e6e-9a16cd9afe56.relationship.xml, /custom/assets/bundles/01EZ59SSGTBWDCC107SXAYQ9SK/working/test1614007247886.dotcms.com/ddc1cf2b-c19b-499e-a89b-3b8fcd63ec5d.contentType.json]
difference [/custom/assets/bundles/01EZ59SSGTBWDCC107SXAYQ9SK/ROOT/bc9a1d37-dd2d-4d49-a29d-0c9be740bfaf.folder.xml, /custom/assets/bundles/01EZ59SSGTBWDCC107SXAYQ9SK/bundle.xml, /custom/assets/bundles/01EZ59SSGTBWDCC107SXAYQ9SK/live/System Host/1/system host.host.xml]

	at org.jgroups.util.Util.assertEquals(Util.java:185)
	at com.dotcms.publishing.PublisherAPIImplTest.publish(PublisherAPIImplTest.java:407)
	at sun.reflect.NativeMethodAccessorImpl.invoke0(Native Method)
	at sun.reflect.NativeMethodAccessorImpl.invoke(NativeMethodAccessorImpl.java:62)
	at sun.reflect.DelegatingMethodAccessorImpl.invoke(DelegatingMethodAccessorImpl.java:43)
	at java.lang.reflect.Method.invoke(Method.java:498)
	at org.junit.runners.model.FrameworkMethod$1.runReflectiveCall(FrameworkMethod.java:50)
	at org.junit.internal.runners.model.ReflectiveCallable.run(ReflectiveCallable.java:12)
	at org.junit.runners.model.FrameworkMethod.invokeExplosively(FrameworkMethod.java:47)
	at com.tngtech.java.junit.dataprovider.DataProviderFrameworkMethod.invokeExplosively(DataProviderFrameworkMethod.java:119)
	at org.junit.internal.runners.statements.InvokeMethod.evaluate(InvokeMethod.java:17)
	at org.junit.rules.TestWatcher$1.evaluate(TestWatcher.java:55)
	at org.junit.rules.RunRules.evaluate(RunRules.java:20)
	at org.junit.runners.ParentRunner.runLeaf(ParentRunner.java:325)
	at com.dotcms.junit.CustomDataProviderRunner.runChild(CustomDataProviderRunner.java:28)
	at com.dotcms.junit.CustomDataProviderRunner.runChild(CustomDataProviderRunner.java:13)
	at org.junit.runners.ParentRunner$3.run(ParentRunner.java:290)
	at org.junit.runners.ParentRunner$1.schedule(ParentRunner.java:71)
	at org.junit.runners.ParentRunner.runChildren(ParentRunner.java:288)
	at org.junit.runners.ParentRunner.access$000(ParentRunner.java:58)
	at org.junit.runners.ParentRunner$2.evaluate(ParentRunner.java:268)
	at org.junit.internal.runners.statements.RunBefores.evaluate(RunBefores.java:26)
	at org.junit.internal.runners.statements.RunAfters.evaluate(RunAfters.java:27)
	at org.junit.runners.ParentRunner.run(ParentRunner.java:363)
	at org.junit.runners.Suite.runChild(Suite.java:128)
	at org.junit.runners.Suite.runChild(Suite.java:27)
	at org.junit.runners.ParentRunner$3.run(ParentRunner.java:290)
	at org.junit.runners.ParentRunner$1.schedule(ParentRunner.java:71)
	at org.junit.runners.ParentRunner.runChildren(ParentRunner.java:288)
	at org.junit.runners.ParentRunner.access$000(ParentRunner.java:58)
	at org.junit.runners.ParentRunner$2.evaluate(ParentRunner.java:268)
	at org.junit.runners.ParentRunner.run(ParentRunner.java:363)
	at org.gradle.api.internal.tasks.testing.junit.JUnitTestClassExecutor.runTestClass(JUnitTestClassExecutor.java:106)
	at org.gradle.api.internal.tasks.testing.junit.JUnitTestClassExecutor.execute(JUnitTestClassExecutor.java:58)
	at org.gradle.api.internal.tasks.testing.junit.JUnitTestClassExecutor.execute(JUnitTestClassExecutor.java:38)
	at org.gradle.api.internal.tasks.testing.junit.AbstractJUnitTestClassProcessor.processTestClass(AbstractJUnitTestClassProcessor.java:66)
	at org.gradle.api.internal.tasks.testing.SuiteTestClassProcessor.processTestClass(SuiteTestClassProcessor.java:51)
	at sun.reflect.NativeMethodAccessorImpl.invoke0(Native Method)
	at sun.reflect.NativeMethodAccessorImpl.invoke(NativeMethodAccessorImpl.java:62)
	at sun.reflect.DelegatingMethodAccessorImpl.invoke(DelegatingMethodAccessorImpl.java:43)
	at java.lang.reflect.Method.invoke(Method.java:498)
	at org.gradle.internal.dispatch.ReflectionDispatch.dispatch(ReflectionDispatch.java:35)
	at org.gradle.internal.dispatch.ReflectionDispatch.dispatch(ReflectionDispatch.java:24)
	at org.gradle.internal.dispatch.ContextClassLoaderDispatch.dispatch(ContextClassLoaderDispatch.java:32)
	at org.gradle.internal.dispatch.ProxyDispatchAdapter$DispatchingInvocationHandler.invoke(ProxyDispatchAdapter.java:93)
	at com.sun.proxy.$Proxy2.processTestClass(Unknown Source)
	at org.gradle.api.internal.tasks.testing.worker.TestWorker.processTestClass(TestWorker.java:117)
	at sun.reflect.NativeMethodAccessorImpl.invoke0(Native Method)
	at sun.reflect.NativeMethodAccessorImpl.invoke(NativeMethodAccessorImpl.java:62)
	at sun.reflect.DelegatingMethodAccessorImpl.invoke(DelegatingMethodAccessorImpl.java:43)
	at java.lang.reflect.Method.invoke(Method.java:498)
	at org.gradle.internal.dispatch.ReflectionDispatch.dispatch(ReflectionDispatch.java:35)
	at org.gradle.internal.dispatch.ReflectionDispatch.dispatch(ReflectionDispatch.java:24)
	at org.gradle.internal.remote.internal.hub.MessageHubBackedObjectConnection$DispatchWrapper.dispatch(MessageHubBackedObjectConnection.java:155)
	at org.gradle.internal.remote.internal.hub.MessageHubBackedObjectConnection$DispatchWrapper.dispatch(MessageHubBackedObjectConnection.java:137)
	at org.gradle.internal.remote.internal.hub.MessageHub$Handler.run(MessageHub.java:404)
	at org.gradle.internal.concurrent.ExecutorPolicy$CatchAndRecordFailures.onExecute(ExecutorPolicy.java:63)
	at org.gradle.internal.concurrent.ManagedExecutorImpl$1.run(ManagedExecutorImpl.java:46)
	at java.util.concurrent.ThreadPoolExecutor.runWorker(ThreadPoolExecutor.java:1149)
	at java.util.concurrent.ThreadPoolExecutor$Worker.run(ThreadPoolExecutor.java:624)
	at org.gradle.internal.concurrent.ThreadFactoryImpl$ManagedThreadRunnable.run(ThreadFactoryImpl.java:55)
	at java.lang.Thread.run(Thread.java:748)
</pre>
</span>
</div>
</div>
<div id="tab1" class="tab">
<h2>Tests</h2>
<table>
<thead>
<tr>
<th>Test</th>
<th>Duration</th>
<th>Result</th>
</tr>
</thead>
<tr>
<td class="failures">publish[0: com.dotcms.publishing.PublisherAPIImplTest$TestCase@66c719b0]</td>
<td class="failures">0.213s</td>
<td class="failures">failed</td>
</tr>
<tr>
<td class="failures">publish[10: com.dotcms.publishing.PublisherAPIImplTest$TestCase@4c579566]</td>
<td class="failures">0.100s</td>
<td class="failures">failed</td>
</tr>
<tr>
<td class="failures">publish[11: com.dotcms.publishing.PublisherAPIImplTest$TestCase@6d5d1eac]</td>
<td class="failures">0.089s</td>
<td class="failures">failed</td>
</tr>
<tr>
<td class="failures">publish[12: com.dotcms.publishing.PublisherAPIImplTest$TestCase@4786b075]</td>
<td class="failures">0.228s</td>
<td class="failures">failed</td>
</tr>
<tr>
<td class="failures">publish[13: com.dotcms.publishing.PublisherAPIImplTest$TestCase@3d9b00ae]</td>
<td class="failures">0.130s</td>
<td class="failures">failed</td>
</tr>
<tr>
<td class="failures">publish[14: com.dotcms.publishing.PublisherAPIImplTest$TestCase@4d974ede]</td>
<td class="failures">0.096s</td>
<td class="failures">failed</td>
</tr>
<tr>
<td class="failures">publish[15: com.dotcms.publishing.PublisherAPIImplTest$TestCase@483a91be]</td>
<td class="failures">0.081s</td>
<td class="failures">failed</td>
</tr>
<tr>
<td class="failures">publish[16: com.dotcms.publishing.PublisherAPIImplTest$TestCase@3a4d85d4]</td>
<td class="failures">0.088s</td>
<td class="failures">failed</td>
</tr>
<tr>
<td class="failures">publish[17: com.dotcms.publishing.PublisherAPIImplTest$TestCase@5fb66c43]</td>
<td class="failures">0.051s</td>
<td class="failures">failed</td>
</tr>
<tr>
<td class="failures">publish[1: com.dotcms.publishing.PublisherAPIImplTest$TestCase@3955a899]</td>
<td class="failures">0.131s</td>
<td class="failures">failed</td>
</tr>
<tr>
<td class="failures">publish[2: com.dotcms.publishing.PublisherAPIImplTest$TestCase@4dd453cc]</td>
<td class="failures">0.138s</td>
<td class="failures">failed</td>
</tr>
<tr>
<td class="failures">publish[3: com.dotcms.publishing.PublisherAPIImplTest$TestCase@5770e093]</td>
<td class="failures">0.244s</td>
<td class="failures">failed</td>
</tr>
<tr>
<td class="failures">publish[4: com.dotcms.publishing.PublisherAPIImplTest$TestCase@9247954]</td>
<td class="failures">0.210s</td>
<td class="failures">failed</td>
</tr>
<tr>
<td class="failures">publish[5: com.dotcms.publishing.PublisherAPIImplTest$TestCase@1da10989]</td>
<td class="failures">0.107s</td>
<td class="failures">failed</td>
</tr>
<tr>
<td class="failures">publish[6: com.dotcms.publishing.PublisherAPIImplTest$TestCase@720463c2]</td>
<td class="failures">0.093s</td>
<td class="failures">failed</td>
</tr>
<tr>
<td class="failures">publish[7: com.dotcms.publishing.PublisherAPIImplTest$TestCase@22a06169]</td>
<td class="failures">0.086s</td>
<td class="failures">failed</td>
</tr>
<tr>
<td class="failures">publish[8: com.dotcms.publishing.PublisherAPIImplTest$TestCase@86442b0]</td>
<td class="failures">0.048s</td>
<td class="failures">failed</td>
</tr>
<tr>
<td class="failures">publish[9: com.dotcms.publishing.PublisherAPIImplTest$TestCase@1d1cff74]</td>
<td class="failures">0.110s</td>
<td class="failures">failed</td>
</tr>
</table>
</div>
<div id="tab2" class="tab">
<h2>Standard output</h2>
<span class="code">
<pre>

















</pre>
</span>
</div>
</div>
<div id="footer">
<p>
<div>
<label class="hidden" id="label-for-line-wrapping-toggle" for="line-wrapping-toggle">Wrap lines
<input id="line-wrapping-toggle" type="checkbox" autocomplete="off"/>
</label>
</div>Generated by 
<a href="http://www.gradle.org">Gradle 4.10.2</a> at Feb 22, 2021 4:40:18 PM</p>
</div>
</div>
</body>
</html>
