<!DOCTYPE html>
<html>
<head>
<meta http-equiv="Content-Type" content="text/html; charset=utf-8"/>
<meta http-equiv="x-ua-compatible" content="IE=edge"/>
<title>Test results - Class com.dotcms.publishing.PublisherAPIImplTest</title>
<link href="../css/base-style.css" rel="stylesheet" type="text/css"/>
<link href="../css/style.css" rel="stylesheet" type="text/css"/>
<script src="../js/report.js" type="text/javascript"></script>
</head>
<body>
<div id="content">
<h1>Class com.dotcms.publishing.PublisherAPIImplTest</h1>
<div class="breadcrumbs">
<a href="../index.html">all</a> &gt; 
<a href="../packages/com.dotcms.publishing.html">com.dotcms.publishing</a> &gt; PublisherAPIImplTest</div>
<div id="summary">
<table>
<tr>
<td>
<div class="summaryGroup">
<table>
<tr>
<td>
<div class="infoBox" id="tests">
<div class="counter">18</div>
<p>tests</p>
</div>
</td>
<td>
<div class="infoBox" id="failures">
<div class="counter">18</div>
<p>failures</p>
</div>
</td>
<td>
<div class="infoBox" id="ignored">
<div class="counter">0</div>
<p>ignored</p>
</div>
</td>
<td>
<div class="infoBox" id="duration">
<div class="counter">2.297s</div>
<p>duration</p>
</div>
</td>
</tr>
</table>
</div>
</td>
<td>
<div class="infoBox failures" id="successRate">
<div class="percent">0%</div>
<p>successful</p>
</div>
</td>
</tr>
</table>
</div>
<div id="tabs">
<ul class="tabLinks">
<li>
<a href="#tab0">Failed tests</a>
</li>
<li>
<a href="#tab1">Tests</a>
</li>
<li>
<a href="#tab2">Standard output</a>
</li>
</ul>
<div id="tab0" class="tab">
<h2>Failed tests</h2>
<div class="test">
<a name="publish[0: com.dotcms.publishing.PublisherAPIImplTest$TestCase@50a58bf3]"></a>
<h3 class="failures">publish[0: com.dotcms.publishing.PublisherAPIImplTest$TestCase@50a58bf3]</h3>
<span class="code">
<pre>java.lang.AssertionError: Expected 24 but get 26 in /custom/assets/bundles/01EY9FH4A68J00AXSW72TE6Q59
Expected [/custom/assets/bundles/01EY9FH4A68J00AXSW72TE6Q59/d61a59e1-a49c-46f2-a929-db2b4bfa88b2.workflow.xml, /custom/assets/bundles/01EY9FH4A68J00AXSW72TE6Q59/live/System Host/1/content.ff462f88-d9e1-4d31-b084-b73cb61976d3.host.xml, /custom/assets/bundles/01EY9FH4A68J00AXSW72TE6Q59/working/test1613073735176.dotcms.com/87672f97-6425-4e71-89b8-93f218247943.contentType.json, /custom/assets/bundles/01EY9FH4A68J00AXSW72TE6Q59/working/System Host/1/b225aeed-a040-44af-8557-17da4b88e0ea.contentworkflow.xml, /custom/assets/bundles/01EY9FH4A68J00AXSW72TE6Q59/live/default/1613076004036/1-content.d31e44b3-b0e8-47c1-b59c-64850ff7925c.content.xml, /custom/assets/bundles/01EY9FH4A68J00AXSW72TE6Q59/live/System Host/1/3-content.b46d8bb9-bf4a-4240-9f7f-b9ca10c8c711.content.xml, /custom/assets/bundles/01EY9FH4A68J00AXSW72TE6Q59/live/default/74c31419-80ed-414e-9fed-7d56ac966987.rule.xml, /custom/assets/bundles/01EY9FH4A68J00AXSW72TE6Q59/live/System Host/en_US.language.xml, /custom/assets/bundles/01EY9FH4A68J00AXSW72TE6Q59/live/System Host/1613076004036properties, /custom/assets/bundles/01EY9FH4A68J00AXSW72TE6Q59/live/default/1613076004036/b11bdeb4-c94b-4bf0-b773-9a9716a157db.contentworkflow.xml, /custom/assets/bundles/01EY9FH4A68J00AXSW72TE6Q59/working/System Host/f4d7c1b8-2c88-4071-abf1-a5328977b07d.contentType.json, /custom/assets/bundles/01EY9FH4A68J00AXSW72TE6Q59/live/System Host/1properties, /custom/assets/bundles/01EY9FH4A68J00AXSW72TE6Q59/245d63f4-ab1a-4eae-a4e0-87035a7b357d.workflow.xml, /custom/assets/bundles/01EY9FH4A68J00AXSW72TE6Q59/working/test1613073735176.dotcms.com/73baa8fa-4256-4c84-94dc-4464c3720804.relationship.xml, /custom/assets/bundles/01EY9FH4A68J00AXSW72TE6Q59/working/System Host/53ac54ef-f997-4b6c-a6e7-6f00e3fcede2.category.dpc.xml, /custom/assets/bundles/01EY9FH4A68J00AXSW72TE6Q59/live/System Host/1/content.e35603da-77dc-47ba-a313-3844197bc4fd.host.xml, /custom/assets/bundles/01EY9FH4A68J00AXSW72TE6Q59/working/test1613073735176.dotcms.com/f37fda3c-ef2d-41cd-95e0-2b056ead1168.contentType.json, /custom/assets/bundles/01EY9FH4A68J00AXSW72TE6Q59/live/System Host/is_RC.language.xml, /custom/assets/bundles/01EY9FH4A68J00AXSW72TE6Q59/live/System Host/1/9c173b50-1be3-48cd-9077-b0707f9498e8.contentworkflow.xml, /custom/assets/bundles/01EY9FH4A68J00AXSW72TE6Q59/working/System Host/1/content.ff462f88-d9e1-4d31-b084-b73cb61976d3.host.xml, /custom/assets/bundles/01EY9FH4A68J00AXSW72TE6Q59/working/System Host/1/0-content.b46d8bb9-bf4a-4240-9f7f-b9ca10c8c711.content.xml, /custom/assets/bundles/01EY9FH4A68J00AXSW72TE6Q59/live/System Host/1/2-content.afc99973-f938-47d4-bd70-07bafa2564d5.content.xml, /custom/assets/bundles/01EY9FH4A68J00AXSW72TE6Q59/live/System Host/1/b225aeed-a040-44af-8557-17da4b88e0ea.contentworkflow.xml]
Existing [/custom/assets/bundles/01EY9FH4A68J00AXSW72TE6Q59/245d63f4-ab1a-4eae-a4e0-87035a7b357d.workflow.xml, /custom/assets/bundles/01EY9FH4A68J00AXSW72TE6Q59/ROOT/bc9a1d37-dd2d-4d49-a29d-0c9be740bfaf.folder.xml, /custom/assets/bundles/01EY9FH4A68J00AXSW72TE6Q59/bundle.xml, /custom/assets/bundles/01EY9FH4A68J00AXSW72TE6Q59/d61a59e1-a49c-46f2-a929-db2b4bfa88b2.workflow.xml, /custom/assets/bundles/01EY9FH4A68J00AXSW72TE6Q59/live/System Host/1/2-content.afc99973-f938-47d4-bd70-07bafa2564d5.content.xml, /custom/assets/bundles/01EY9FH4A68J00AXSW72TE6Q59/live/System Host/1/3-content.b46d8bb9-bf4a-4240-9f7f-b9ca10c8c711.content.xml, /custom/assets/bundles/01EY9FH4A68J00AXSW72TE6Q59/live/System Host/1/9c173b50-1be3-48cd-9077-b0707f9498e8.contentworkflow.xml, /custom/assets/bundles/01EY9FH4A68J00AXSW72TE6Q59/live/System Host/1/b225aeed-a040-44af-8557-17da4b88e0ea.contentworkflow.xml, /custom/assets/bundles/01EY9FH4A68J00AXSW72TE6Q59/live/System Host/1/content.e35603da-77dc-47ba-a313-3844197bc4fd.host.xml, /custom/assets/bundles/01EY9FH4A68J00AXSW72TE6Q59/live/System Host/1/content.ff462f88-d9e1-4d31-b084-b73cb61976d3.host.xml, /custom/assets/bundles/01EY9FH4A68J00AXSW72TE6Q59/live/System Host/1/system host.host.xml, /custom/assets/bundles/01EY9FH4A68J00AXSW72TE6Q59/live/System Host/1613076004036properties, /custom/assets/bundles/01EY9FH4A68J00AXSW72TE6Q59/live/System Host/1properties, /custom/assets/bundles/01EY9FH4A68J00AXSW72TE6Q59/live/System Host/en_US.language.xml, /custom/assets/bundles/01EY9FH4A68J00AXSW72TE6Q59/live/System Host/is_RC.language.xml, /custom/assets/bundles/01EY9FH4A68J00AXSW72TE6Q59/live/default/1613076004036/1-content.d31e44b3-b0e8-47c1-b59c-64850ff7925c.content.xml, /custom/assets/bundles/01EY9FH4A68J00AXSW72TE6Q59/live/default/1613076004036/b11bdeb4-c94b-4bf0-b773-9a9716a157db.contentworkflow.xml, /custom/assets/bundles/01EY9FH4A68J00AXSW72TE6Q59/live/default/74c31419-80ed-414e-9fed-7d56ac966987.rule.xml, /custom/assets/bundles/01EY9FH4A68J00AXSW72TE6Q59/working/System Host/1/0-content.b46d8bb9-bf4a-4240-9f7f-b9ca10c8c711.content.xml, /custom/assets/bundles/01EY9FH4A68J00AXSW72TE6Q59/working/System Host/1/b225aeed-a040-44af-8557-17da4b88e0ea.contentworkflow.xml, /custom/assets/bundles/01EY9FH4A68J00AXSW72TE6Q59/working/System Host/1/content.ff462f88-d9e1-4d31-b084-b73cb61976d3.host.xml, /custom/assets/bundles/01EY9FH4A68J00AXSW72TE6Q59/working/System Host/53ac54ef-f997-4b6c-a6e7-6f00e3fcede2.category.dpc.xml, /custom/assets/bundles/01EY9FH4A68J00AXSW72TE6Q59/working/System Host/f4d7c1b8-2c88-4071-abf1-a5328977b07d.contentType.json, /custom/assets/bundles/01EY9FH4A68J00AXSW72TE6Q59/working/test1613073735176.dotcms.com/73baa8fa-4256-4c84-94dc-4464c3720804.relationship.xml, /custom/assets/bundles/01EY9FH4A68J00AXSW72TE6Q59/working/test1613073735176.dotcms.com/87672f97-6425-4e71-89b8-93f218247943.contentType.json, /custom/assets/bundles/01EY9FH4A68J00AXSW72TE6Q59/working/test1613073735176.dotcms.com/f37fda3c-ef2d-41cd-95e0-2b056ead1168.contentType.json]
difference [/custom/assets/bundles/01EY9FH4A68J00AXSW72TE6Q59/ROOT/bc9a1d37-dd2d-4d49-a29d-0c9be740bfaf.folder.xml, /custom/assets/bundles/01EY9FH4A68J00AXSW72TE6Q59/bundle.xml, /custom/assets/bundles/01EY9FH4A68J00AXSW72TE6Q59/live/System Host/1/system host.host.xml]

	at org.jgroups.util.Util.assertEquals(Util.java:185)
	at com.dotcms.publishing.PublisherAPIImplTest.publish(PublisherAPIImplTest.java:407)
	at sun.reflect.NativeMethodAccessorImpl.invoke0(Native Method)
	at sun.reflect.NativeMethodAccessorImpl.invoke(NativeMethodAccessorImpl.java:62)
	at sun.reflect.DelegatingMethodAccessorImpl.invoke(DelegatingMethodAccessorImpl.java:43)
	at java.lang.reflect.Method.invoke(Method.java:498)
	at org.junit.runners.model.FrameworkMethod$1.runReflectiveCall(FrameworkMethod.java:50)
	at org.junit.internal.runners.model.ReflectiveCallable.run(ReflectiveCallable.java:12)
	at org.junit.runners.model.FrameworkMethod.invokeExplosively(FrameworkMethod.java:47)
	at com.tngtech.java.junit.dataprovider.DataProviderFrameworkMethod.invokeExplosively(DataProviderFrameworkMethod.java:119)
	at org.junit.internal.runners.statements.InvokeMethod.evaluate(InvokeMethod.java:17)
	at org.junit.rules.TestWatcher$1.evaluate(TestWatcher.java:55)
	at org.junit.rules.RunRules.evaluate(RunRules.java:20)
	at org.junit.runners.ParentRunner.runLeaf(ParentRunner.java:325)
	at com.dotcms.junit.CustomDataProviderRunner.runChild(CustomDataProviderRunner.java:28)
	at com.dotcms.junit.CustomDataProviderRunner.runChild(CustomDataProviderRunner.java:13)
	at org.junit.runners.ParentRunner$3.run(ParentRunner.java:290)
	at org.junit.runners.ParentRunner$1.schedule(ParentRunner.java:71)
	at org.junit.runners.ParentRunner.runChildren(ParentRunner.java:288)
	at org.junit.runners.ParentRunner.access$000(ParentRunner.java:58)
	at org.junit.runners.ParentRunner$2.evaluate(ParentRunner.java:268)
	at org.junit.internal.runners.statements.RunBefores.evaluate(RunBefores.java:26)
	at org.junit.internal.runners.statements.RunAfters.evaluate(RunAfters.java:27)
	at org.junit.runners.ParentRunner.run(ParentRunner.java:363)
	at org.junit.runners.Suite.runChild(Suite.java:128)
	at org.junit.runners.Suite.runChild(Suite.java:27)
	at org.junit.runners.ParentRunner$3.run(ParentRunner.java:290)
	at org.junit.runners.ParentRunner$1.schedule(ParentRunner.java:71)
	at org.junit.runners.ParentRunner.runChildren(ParentRunner.java:288)
	at org.junit.runners.ParentRunner.access$000(ParentRunner.java:58)
	at org.junit.runners.ParentRunner$2.evaluate(ParentRunner.java:268)
	at org.junit.runners.ParentRunner.run(ParentRunner.java:363)
	at org.gradle.api.internal.tasks.testing.junit.JUnitTestClassExecutor.runTestClass(JUnitTestClassExecutor.java:106)
	at org.gradle.api.internal.tasks.testing.junit.JUnitTestClassExecutor.execute(JUnitTestClassExecutor.java:58)
	at org.gradle.api.internal.tasks.testing.junit.JUnitTestClassExecutor.execute(JUnitTestClassExecutor.java:38)
	at org.gradle.api.internal.tasks.testing.junit.AbstractJUnitTestClassProcessor.processTestClass(AbstractJUnitTestClassProcessor.java:66)
	at org.gradle.api.internal.tasks.testing.SuiteTestClassProcessor.processTestClass(SuiteTestClassProcessor.java:51)
	at sun.reflect.NativeMethodAccessorImpl.invoke0(Native Method)
	at sun.reflect.NativeMethodAccessorImpl.invoke(NativeMethodAccessorImpl.java:62)
	at sun.reflect.DelegatingMethodAccessorImpl.invoke(DelegatingMethodAccessorImpl.java:43)
	at java.lang.reflect.Method.invoke(Method.java:498)
	at org.gradle.internal.dispatch.ReflectionDispatch.dispatch(ReflectionDispatch.java:35)
	at org.gradle.internal.dispatch.ReflectionDispatch.dispatch(ReflectionDispatch.java:24)
	at org.gradle.internal.dispatch.ContextClassLoaderDispatch.dispatch(ContextClassLoaderDispatch.java:32)
	at org.gradle.internal.dispatch.ProxyDispatchAdapter$DispatchingInvocationHandler.invoke(ProxyDispatchAdapter.java:93)
	at com.sun.proxy.$Proxy2.processTestClass(Unknown Source)
	at org.gradle.api.internal.tasks.testing.worker.TestWorker.processTestClass(TestWorker.java:117)
	at sun.reflect.NativeMethodAccessorImpl.invoke0(Native Method)
	at sun.reflect.NativeMethodAccessorImpl.invoke(NativeMethodAccessorImpl.java:62)
	at sun.reflect.DelegatingMethodAccessorImpl.invoke(DelegatingMethodAccessorImpl.java:43)
	at java.lang.reflect.Method.invoke(Method.java:498)
	at org.gradle.internal.dispatch.ReflectionDispatch.dispatch(ReflectionDispatch.java:35)
	at org.gradle.internal.dispatch.ReflectionDispatch.dispatch(ReflectionDispatch.java:24)
	at org.gradle.internal.remote.internal.hub.MessageHubBackedObjectConnection$DispatchWrapper.dispatch(MessageHubBackedObjectConnection.java:155)
	at org.gradle.internal.remote.internal.hub.MessageHubBackedObjectConnection$DispatchWrapper.dispatch(MessageHubBackedObjectConnection.java:137)
	at org.gradle.internal.remote.internal.hub.MessageHub$Handler.run(MessageHub.java:404)
	at org.gradle.internal.concurrent.ExecutorPolicy$CatchAndRecordFailures.onExecute(ExecutorPolicy.java:63)
	at org.gradle.internal.concurrent.ManagedExecutorImpl$1.run(ManagedExecutorImpl.java:46)
	at java.util.concurrent.ThreadPoolExecutor.runWorker(ThreadPoolExecutor.java:1149)
	at java.util.concurrent.ThreadPoolExecutor$Worker.run(ThreadPoolExecutor.java:624)
	at org.gradle.internal.concurrent.ThreadFactoryImpl$ManagedThreadRunnable.run(ThreadFactoryImpl.java:55)
	at java.lang.Thread.run(Thread.java:748)
</pre>
</span>
</div>
<div class="test">
<a name="publish[10: com.dotcms.publishing.PublisherAPIImplTest$TestCase@4b46c3c3]"></a>
<h3 class="failures">publish[10: com.dotcms.publishing.PublisherAPIImplTest$TestCase@4b46c3c3]</h3>
<span class="code">
<pre>java.lang.AssertionError: Expected 23 but get 25 in /custom/assets/bundles/01EY9FH5PTGWVDNTHNBZSQAZHQ
Expected [/custom/assets/bundles/01EY9FH5PTGWVDNTHNBZSQAZHQ/live/System Host/1/3-content.b46d8bb9-bf4a-4240-9f7f-b9ca10c8c711.content.xml, /custom/assets/bundles/01EY9FH5PTGWVDNTHNBZSQAZHQ/live/System Host/1/content.ff462f88-d9e1-4d31-b084-b73cb61976d3.host.xml, /custom/assets/bundles/01EY9FH5PTGWVDNTHNBZSQAZHQ/working/System Host/f4d7c1b8-2c88-4071-abf1-a5328977b07d.contentType.json, /custom/assets/bundles/01EY9FH5PTGWVDNTHNBZSQAZHQ/live/System Host/is_RC.language.xml, /custom/assets/bundles/01EY9FH5PTGWVDNTHNBZSQAZHQ/working/System Host/1/0-content.b46d8bb9-bf4a-4240-9f7f-b9ca10c8c711.content.xml, /custom/assets/bundles/01EY9FH5PTGWVDNTHNBZSQAZHQ/live/System Host/1/2-content.afc99973-f938-47d4-bd70-07bafa2564d5.content.xml, /custom/assets/bundles/01EY9FH5PTGWVDNTHNBZSQAZHQ/live/System Host/1613076004036properties, /custom/assets/bundles/01EY9FH5PTGWVDNTHNBZSQAZHQ/live/System Host/1/9c173b50-1be3-48cd-9077-b0707f9498e8.contentworkflow.xml, /custom/assets/bundles/01EY9FH5PTGWVDNTHNBZSQAZHQ/live/System Host/en_US.language.xml, /custom/assets/bundles/01EY9FH5PTGWVDNTHNBZSQAZHQ/live/System Host/1/b225aeed-a040-44af-8557-17da4b88e0ea.contentworkflow.xml, /custom/assets/bundles/01EY9FH5PTGWVDNTHNBZSQAZHQ/working/test1613073736187.dotcms.com/93fe185e-48da-4415-8f1e-375e5c757deb.containers.container.xml, /custom/assets/bundles/01EY9FH5PTGWVDNTHNBZSQAZHQ/working/test1613073736187.dotcms.com/234af16c-0db7-44cd-8312-d148181e0df7.contentType.json, /custom/assets/bundles/01EY9FH5PTGWVDNTHNBZSQAZHQ/working/System Host/1/b225aeed-a040-44af-8557-17da4b88e0ea.contentworkflow.xml, /custom/assets/bundles/01EY9FH5PTGWVDNTHNBZSQAZHQ/working/System Host/1/content.ff462f88-d9e1-4d31-b084-b73cb61976d3.host.xml, /custom/assets/bundles/01EY9FH5PTGWVDNTHNBZSQAZHQ/live/default/1613076004036/1-content.d31e44b3-b0e8-47c1-b59c-64850ff7925c.content.xml, /custom/assets/bundles/01EY9FH5PTGWVDNTHNBZSQAZHQ/live/default/1613076004036/b11bdeb4-c94b-4bf0-b773-9a9716a157db.contentworkflow.xml, /custom/assets/bundles/01EY9FH5PTGWVDNTHNBZSQAZHQ/working/test1613073736187.dotcms.com/3c5d87be-f10d-415c-b0c2-432191404e87.containers.container.xml, /custom/assets/bundles/01EY9FH5PTGWVDNTHNBZSQAZHQ/live/System Host/1/content.d93b7162-8d04-4b41-909f-99414c43b75d.host.xml, /custom/assets/bundles/01EY9FH5PTGWVDNTHNBZSQAZHQ/d61a59e1-a49c-46f2-a929-db2b4bfa88b2.workflow.xml, /custom/assets/bundles/01EY9FH5PTGWVDNTHNBZSQAZHQ/live/test1613073736187.dotcms.com/7aeb51e8-1bfd-45ef-bad7-a16898fc88c9.template.template.xml, /custom/assets/bundles/01EY9FH5PTGWVDNTHNBZSQAZHQ/live/System Host/1properties, /custom/assets/bundles/01EY9FH5PTGWVDNTHNBZSQAZHQ/live/default/74c31419-80ed-414e-9fed-7d56ac966987.rule.xml]
Existing [/custom/assets/bundles/01EY9FH5PTGWVDNTHNBZSQAZHQ/ROOT/bc9a1d37-dd2d-4d49-a29d-0c9be740bfaf.folder.xml, /custom/assets/bundles/01EY9FH5PTGWVDNTHNBZSQAZHQ/bundle.xml, /custom/assets/bundles/01EY9FH5PTGWVDNTHNBZSQAZHQ/d61a59e1-a49c-46f2-a929-db2b4bfa88b2.workflow.xml, /custom/assets/bundles/01EY9FH5PTGWVDNTHNBZSQAZHQ/live/System Host/1/2-content.afc99973-f938-47d4-bd70-07bafa2564d5.content.xml, /custom/assets/bundles/01EY9FH5PTGWVDNTHNBZSQAZHQ/live/System Host/1/3-content.b46d8bb9-bf4a-4240-9f7f-b9ca10c8c711.content.xml, /custom/assets/bundles/01EY9FH5PTGWVDNTHNBZSQAZHQ/live/System Host/1/9c173b50-1be3-48cd-9077-b0707f9498e8.contentworkflow.xml, /custom/assets/bundles/01EY9FH5PTGWVDNTHNBZSQAZHQ/live/System Host/1/b225aeed-a040-44af-8557-17da4b88e0ea.contentworkflow.xml, /custom/assets/bundles/01EY9FH5PTGWVDNTHNBZSQAZHQ/live/System Host/1/content.d93b7162-8d04-4b41-909f-99414c43b75d.host.xml, /custom/assets/bundles/01EY9FH5PTGWVDNTHNBZSQAZHQ/live/System Host/1/content.ff462f88-d9e1-4d31-b084-b73cb61976d3.host.xml, /custom/assets/bundles/01EY9FH5PTGWVDNTHNBZSQAZHQ/live/System Host/1/system host.host.xml, /custom/assets/bundles/01EY9FH5PTGWVDNTHNBZSQAZHQ/live/System Host/1613076004036properties, /custom/assets/bundles/01EY9FH5PTGWVDNTHNBZSQAZHQ/live/System Host/1properties, /custom/assets/bundles/01EY9FH5PTGWVDNTHNBZSQAZHQ/live/System Host/en_US.language.xml, /custom/assets/bundles/01EY9FH5PTGWVDNTHNBZSQAZHQ/live/System Host/is_RC.language.xml, /custom/assets/bundles/01EY9FH5PTGWVDNTHNBZSQAZHQ/live/default/1613076004036/1-content.d31e44b3-b0e8-47c1-b59c-64850ff7925c.content.xml, /custom/assets/bundles/01EY9FH5PTGWVDNTHNBZSQAZHQ/live/default/1613076004036/b11bdeb4-c94b-4bf0-b773-9a9716a157db.contentworkflow.xml, /custom/assets/bundles/01EY9FH5PTGWVDNTHNBZSQAZHQ/live/default/74c31419-80ed-414e-9fed-7d56ac966987.rule.xml, /custom/assets/bundles/01EY9FH5PTGWVDNTHNBZSQAZHQ/live/test1613073736187.dotcms.com/7aeb51e8-1bfd-45ef-bad7-a16898fc88c9.template.template.xml, /custom/assets/bundles/01EY9FH5PTGWVDNTHNBZSQAZHQ/working/System Host/1/0-content.b46d8bb9-bf4a-4240-9f7f-b9ca10c8c711.content.xml, /custom/assets/bundles/01EY9FH5PTGWVDNTHNBZSQAZHQ/working/System Host/1/b225aeed-a040-44af-8557-17da4b88e0ea.contentworkflow.xml, /custom/assets/bundles/01EY9FH5PTGWVDNTHNBZSQAZHQ/working/System Host/1/content.ff462f88-d9e1-4d31-b084-b73cb61976d3.host.xml, /custom/assets/bundles/01EY9FH5PTGWVDNTHNBZSQAZHQ/working/System Host/f4d7c1b8-2c88-4071-abf1-a5328977b07d.contentType.json, /custom/assets/bundles/01EY9FH5PTGWVDNTHNBZSQAZHQ/working/test1613073736187.dotcms.com/234af16c-0db7-44cd-8312-d148181e0df7.contentType.json, /custom/assets/bundles/01EY9FH5PTGWVDNTHNBZSQAZHQ/working/test1613073736187.dotcms.com/3c5d87be-f10d-415c-b0c2-432191404e87.containers.container.xml, /custom/assets/bundles/01EY9FH5PTGWVDNTHNBZSQAZHQ/working/test1613073736187.dotcms.com/93fe185e-48da-4415-8f1e-375e5c757deb.containers.container.xml]
difference [/custom/assets/bundles/01EY9FH5PTGWVDNTHNBZSQAZHQ/ROOT/bc9a1d37-dd2d-4d49-a29d-0c9be740bfaf.folder.xml, /custom/assets/bundles/01EY9FH5PTGWVDNTHNBZSQAZHQ/bundle.xml, /custom/assets/bundles/01EY9FH5PTGWVDNTHNBZSQAZHQ/live/System Host/1/system host.host.xml]

	at org.jgroups.util.Util.assertEquals(Util.java:185)
	at com.dotcms.publishing.PublisherAPIImplTest.publish(PublisherAPIImplTest.java:407)
	at sun.reflect.NativeMethodAccessorImpl.invoke0(Native Method)
	at sun.reflect.NativeMethodAccessorImpl.invoke(NativeMethodAccessorImpl.java:62)
	at sun.reflect.DelegatingMethodAccessorImpl.invoke(DelegatingMethodAccessorImpl.java:43)
	at java.lang.reflect.Method.invoke(Method.java:498)
	at org.junit.runners.model.FrameworkMethod$1.runReflectiveCall(FrameworkMethod.java:50)
	at org.junit.internal.runners.model.ReflectiveCallable.run(ReflectiveCallable.java:12)
	at org.junit.runners.model.FrameworkMethod.invokeExplosively(FrameworkMethod.java:47)
	at com.tngtech.java.junit.dataprovider.DataProviderFrameworkMethod.invokeExplosively(DataProviderFrameworkMethod.java:119)
	at org.junit.internal.runners.statements.InvokeMethod.evaluate(InvokeMethod.java:17)
	at org.junit.rules.TestWatcher$1.evaluate(TestWatcher.java:55)
	at org.junit.rules.RunRules.evaluate(RunRules.java:20)
	at org.junit.runners.ParentRunner.runLeaf(ParentRunner.java:325)
	at com.dotcms.junit.CustomDataProviderRunner.runChild(CustomDataProviderRunner.java:28)
	at com.dotcms.junit.CustomDataProviderRunner.runChild(CustomDataProviderRunner.java:13)
	at org.junit.runners.ParentRunner$3.run(ParentRunner.java:290)
	at org.junit.runners.ParentRunner$1.schedule(ParentRunner.java:71)
	at org.junit.runners.ParentRunner.runChildren(ParentRunner.java:288)
	at org.junit.runners.ParentRunner.access$000(ParentRunner.java:58)
	at org.junit.runners.ParentRunner$2.evaluate(ParentRunner.java:268)
	at org.junit.internal.runners.statements.RunBefores.evaluate(RunBefores.java:26)
	at org.junit.internal.runners.statements.RunAfters.evaluate(RunAfters.java:27)
	at org.junit.runners.ParentRunner.run(ParentRunner.java:363)
	at org.junit.runners.Suite.runChild(Suite.java:128)
	at org.junit.runners.Suite.runChild(Suite.java:27)
	at org.junit.runners.ParentRunner$3.run(ParentRunner.java:290)
	at org.junit.runners.ParentRunner$1.schedule(ParentRunner.java:71)
	at org.junit.runners.ParentRunner.runChildren(ParentRunner.java:288)
	at org.junit.runners.ParentRunner.access$000(ParentRunner.java:58)
	at org.junit.runners.ParentRunner$2.evaluate(ParentRunner.java:268)
	at org.junit.runners.ParentRunner.run(ParentRunner.java:363)
	at org.gradle.api.internal.tasks.testing.junit.JUnitTestClassExecutor.runTestClass(JUnitTestClassExecutor.java:106)
	at org.gradle.api.internal.tasks.testing.junit.JUnitTestClassExecutor.execute(JUnitTestClassExecutor.java:58)
	at org.gradle.api.internal.tasks.testing.junit.JUnitTestClassExecutor.execute(JUnitTestClassExecutor.java:38)
	at org.gradle.api.internal.tasks.testing.junit.AbstractJUnitTestClassProcessor.processTestClass(AbstractJUnitTestClassProcessor.java:66)
	at org.gradle.api.internal.tasks.testing.SuiteTestClassProcessor.processTestClass(SuiteTestClassProcessor.java:51)
	at sun.reflect.NativeMethodAccessorImpl.invoke0(Native Method)
	at sun.reflect.NativeMethodAccessorImpl.invoke(NativeMethodAccessorImpl.java:62)
	at sun.reflect.DelegatingMethodAccessorImpl.invoke(DelegatingMethodAccessorImpl.java:43)
	at java.lang.reflect.Method.invoke(Method.java:498)
	at org.gradle.internal.dispatch.ReflectionDispatch.dispatch(ReflectionDispatch.java:35)
	at org.gradle.internal.dispatch.ReflectionDispatch.dispatch(ReflectionDispatch.java:24)
	at org.gradle.internal.dispatch.ContextClassLoaderDispatch.dispatch(ContextClassLoaderDispatch.java:32)
	at org.gradle.internal.dispatch.ProxyDispatchAdapter$DispatchingInvocationHandler.invoke(ProxyDispatchAdapter.java:93)
	at com.sun.proxy.$Proxy2.processTestClass(Unknown Source)
	at org.gradle.api.internal.tasks.testing.worker.TestWorker.processTestClass(TestWorker.java:117)
	at sun.reflect.NativeMethodAccessorImpl.invoke0(Native Method)
	at sun.reflect.NativeMethodAccessorImpl.invoke(NativeMethodAccessorImpl.java:62)
	at sun.reflect.DelegatingMethodAccessorImpl.invoke(DelegatingMethodAccessorImpl.java:43)
	at java.lang.reflect.Method.invoke(Method.java:498)
	at org.gradle.internal.dispatch.ReflectionDispatch.dispatch(ReflectionDispatch.java:35)
	at org.gradle.internal.dispatch.ReflectionDispatch.dispatch(ReflectionDispatch.java:24)
	at org.gradle.internal.remote.internal.hub.MessageHubBackedObjectConnection$DispatchWrapper.dispatch(MessageHubBackedObjectConnection.java:155)
	at org.gradle.internal.remote.internal.hub.MessageHubBackedObjectConnection$DispatchWrapper.dispatch(MessageHubBackedObjectConnection.java:137)
	at org.gradle.internal.remote.internal.hub.MessageHub$Handler.run(MessageHub.java:404)
	at org.gradle.internal.concurrent.ExecutorPolicy$CatchAndRecordFailures.onExecute(ExecutorPolicy.java:63)
	at org.gradle.internal.concurrent.ManagedExecutorImpl$1.run(ManagedExecutorImpl.java:46)
	at java.util.concurrent.ThreadPoolExecutor.runWorker(ThreadPoolExecutor.java:1149)
	at java.util.concurrent.ThreadPoolExecutor$Worker.run(ThreadPoolExecutor.java:624)
	at org.gradle.internal.concurrent.ThreadFactoryImpl$ManagedThreadRunnable.run(ThreadFactoryImpl.java:55)
	at java.lang.Thread.run(Thread.java:748)
</pre>
</span>
</div>
<div class="test">
<a name="publish[11: com.dotcms.publishing.PublisherAPIImplTest$TestCase@c6c92af]"></a>
<h3 class="failures">publish[11: com.dotcms.publishing.PublisherAPIImplTest$TestCase@c6c92af]</h3>
<span class="code">
<pre>java.lang.AssertionError: Expected 21 but get 23 in /custom/assets/bundles/01EY9FH5SSVFCN2HSXSHGC8Z34
Expected [/custom/assets/bundles/01EY9FH5SSVFCN2HSXSHGC8Z34/d61a59e1-a49c-46f2-a929-db2b4bfa88b2.workflow.xml, /custom/assets/bundles/01EY9FH5SSVFCN2HSXSHGC8Z34/working/System Host/1/b225aeed-a040-44af-8557-17da4b88e0ea.contentworkflow.xml, /custom/assets/bundles/01EY9FH5SSVFCN2HSXSHGC8Z34/working/System Host/1/content.ff462f88-d9e1-4d31-b084-b73cb61976d3.host.xml, /custom/assets/bundles/01EY9FH5SSVFCN2HSXSHGC8Z34/live/System Host/is_RC.language.xml, /custom/assets/bundles/01EY9FH5SSVFCN2HSXSHGC8Z34/live/System Host/1/3-content.b46d8bb9-bf4a-4240-9f7f-b9ca10c8c711.content.xml, /custom/assets/bundles/01EY9FH5SSVFCN2HSXSHGC8Z34/working/test1613073737176.dotcms.com/a2e59d02-f0d6-4df8-980c-922161f12e19.containers.container.xml, /custom/assets/bundles/01EY9FH5SSVFCN2HSXSHGC8Z34/live/System Host/en_US.language.xml, /custom/assets/bundles/01EY9FH5SSVFCN2HSXSHGC8Z34/live/System Host/1properties, /custom/assets/bundles/01EY9FH5SSVFCN2HSXSHGC8Z34/working/test1613073737176.dotcms.com/21e5a42e-3683-4bac-a063-882f2e42eabb.contentType.json, /custom/assets/bundles/01EY9FH5SSVFCN2HSXSHGC8Z34/live/System Host/1/content.f7de207c-9e59-47e2-bca8-d18f45eba654.host.xml, /custom/assets/bundles/01EY9FH5SSVFCN2HSXSHGC8Z34/live/System Host/1/b225aeed-a040-44af-8557-17da4b88e0ea.contentworkflow.xml, /custom/assets/bundles/01EY9FH5SSVFCN2HSXSHGC8Z34/live/System Host/1613076004036properties, /custom/assets/bundles/01EY9FH5SSVFCN2HSXSHGC8Z34/working/System Host/f4d7c1b8-2c88-4071-abf1-a5328977b07d.contentType.json, /custom/assets/bundles/01EY9FH5SSVFCN2HSXSHGC8Z34/live/System Host/1/9c173b50-1be3-48cd-9077-b0707f9498e8.contentworkflow.xml, /custom/assets/bundles/01EY9FH5SSVFCN2HSXSHGC8Z34/live/System Host/1/content.ff462f88-d9e1-4d31-b084-b73cb61976d3.host.xml, /custom/assets/bundles/01EY9FH5SSVFCN2HSXSHGC8Z34/live/default/74c31419-80ed-414e-9fed-7d56ac966987.rule.xml, /custom/assets/bundles/01EY9FH5SSVFCN2HSXSHGC8Z34/live/default/1613076004036/1-content.d31e44b3-b0e8-47c1-b59c-64850ff7925c.content.xml, /custom/assets/bundles/01EY9FH5SSVFCN2HSXSHGC8Z34/live/default/1613076004036/b11bdeb4-c94b-4bf0-b773-9a9716a157db.contentworkflow.xml, /custom/assets/bundles/01EY9FH5SSVFCN2HSXSHGC8Z34/working/System Host/1/0-content.b46d8bb9-bf4a-4240-9f7f-b9ca10c8c711.content.xml, /custom/assets/bundles/01EY9FH5SSVFCN2HSXSHGC8Z34/live/System Host/1/2-content.afc99973-f938-47d4-bd70-07bafa2564d5.content.xml]
Existing [/custom/assets/bundles/01EY9FH5SSVFCN2HSXSHGC8Z34/ROOT/bc9a1d37-dd2d-4d49-a29d-0c9be740bfaf.folder.xml, /custom/assets/bundles/01EY9FH5SSVFCN2HSXSHGC8Z34/bundle.xml, /custom/assets/bundles/01EY9FH5SSVFCN2HSXSHGC8Z34/d61a59e1-a49c-46f2-a929-db2b4bfa88b2.workflow.xml, /custom/assets/bundles/01EY9FH5SSVFCN2HSXSHGC8Z34/live/System Host/1/2-content.afc99973-f938-47d4-bd70-07bafa2564d5.content.xml, /custom/assets/bundles/01EY9FH5SSVFCN2HSXSHGC8Z34/live/System Host/1/3-content.b46d8bb9-bf4a-4240-9f7f-b9ca10c8c711.content.xml, /custom/assets/bundles/01EY9FH5SSVFCN2HSXSHGC8Z34/live/System Host/1/9c173b50-1be3-48cd-9077-b0707f9498e8.contentworkflow.xml, /custom/assets/bundles/01EY9FH5SSVFCN2HSXSHGC8Z34/live/System Host/1/b225aeed-a040-44af-8557-17da4b88e0ea.contentworkflow.xml, /custom/assets/bundles/01EY9FH5SSVFCN2HSXSHGC8Z34/live/System Host/1/content.f7de207c-9e59-47e2-bca8-d18f45eba654.host.xml, /custom/assets/bundles/01EY9FH5SSVFCN2HSXSHGC8Z34/live/System Host/1/content.ff462f88-d9e1-4d31-b084-b73cb61976d3.host.xml, /custom/assets/bundles/01EY9FH5SSVFCN2HSXSHGC8Z34/live/System Host/1/system host.host.xml, /custom/assets/bundles/01EY9FH5SSVFCN2HSXSHGC8Z34/live/System Host/1613076004036properties, /custom/assets/bundles/01EY9FH5SSVFCN2HSXSHGC8Z34/live/System Host/1properties, /custom/assets/bundles/01EY9FH5SSVFCN2HSXSHGC8Z34/live/System Host/en_US.language.xml, /custom/assets/bundles/01EY9FH5SSVFCN2HSXSHGC8Z34/live/System Host/is_RC.language.xml, /custom/assets/bundles/01EY9FH5SSVFCN2HSXSHGC8Z34/live/default/1613076004036/1-content.d31e44b3-b0e8-47c1-b59c-64850ff7925c.content.xml, /custom/assets/bundles/01EY9FH5SSVFCN2HSXSHGC8Z34/live/default/1613076004036/b11bdeb4-c94b-4bf0-b773-9a9716a157db.contentworkflow.xml, /custom/assets/bundles/01EY9FH5SSVFCN2HSXSHGC8Z34/live/default/74c31419-80ed-414e-9fed-7d56ac966987.rule.xml, /custom/assets/bundles/01EY9FH5SSVFCN2HSXSHGC8Z34/working/System Host/1/0-content.b46d8bb9-bf4a-4240-9f7f-b9ca10c8c711.content.xml, /custom/assets/bundles/01EY9FH5SSVFCN2HSXSHGC8Z34/working/System Host/1/b225aeed-a040-44af-8557-17da4b88e0ea.contentworkflow.xml, /custom/assets/bundles/01EY9FH5SSVFCN2HSXSHGC8Z34/working/System Host/1/content.ff462f88-d9e1-4d31-b084-b73cb61976d3.host.xml, /custom/assets/bundles/01EY9FH5SSVFCN2HSXSHGC8Z34/working/System Host/f4d7c1b8-2c88-4071-abf1-a5328977b07d.contentType.json, /custom/assets/bundles/01EY9FH5SSVFCN2HSXSHGC8Z34/working/test1613073737176.dotcms.com/21e5a42e-3683-4bac-a063-882f2e42eabb.contentType.json, /custom/assets/bundles/01EY9FH5SSVFCN2HSXSHGC8Z34/working/test1613073737176.dotcms.com/a2e59d02-f0d6-4df8-980c-922161f12e19.containers.container.xml]
difference [/custom/assets/bundles/01EY9FH5SSVFCN2HSXSHGC8Z34/ROOT/bc9a1d37-dd2d-4d49-a29d-0c9be740bfaf.folder.xml, /custom/assets/bundles/01EY9FH5SSVFCN2HSXSHGC8Z34/bundle.xml, /custom/assets/bundles/01EY9FH5SSVFCN2HSXSHGC8Z34/live/System Host/1/system host.host.xml]

	at org.jgroups.util.Util.assertEquals(Util.java:185)
	at com.dotcms.publishing.PublisherAPIImplTest.publish(PublisherAPIImplTest.java:407)
	at sun.reflect.NativeMethodAccessorImpl.invoke0(Native Method)
	at sun.reflect.NativeMethodAccessorImpl.invoke(NativeMethodAccessorImpl.java:62)
	at sun.reflect.DelegatingMethodAccessorImpl.invoke(DelegatingMethodAccessorImpl.java:43)
	at java.lang.reflect.Method.invoke(Method.java:498)
	at org.junit.runners.model.FrameworkMethod$1.runReflectiveCall(FrameworkMethod.java:50)
	at org.junit.internal.runners.model.ReflectiveCallable.run(ReflectiveCallable.java:12)
	at org.junit.runners.model.FrameworkMethod.invokeExplosively(FrameworkMethod.java:47)
	at com.tngtech.java.junit.dataprovider.DataProviderFrameworkMethod.invokeExplosively(DataProviderFrameworkMethod.java:119)
	at org.junit.internal.runners.statements.InvokeMethod.evaluate(InvokeMethod.java:17)
	at org.junit.rules.TestWatcher$1.evaluate(TestWatcher.java:55)
	at org.junit.rules.RunRules.evaluate(RunRules.java:20)
	at org.junit.runners.ParentRunner.runLeaf(ParentRunner.java:325)
	at com.dotcms.junit.CustomDataProviderRunner.runChild(CustomDataProviderRunner.java:28)
	at com.dotcms.junit.CustomDataProviderRunner.runChild(CustomDataProviderRunner.java:13)
	at org.junit.runners.ParentRunner$3.run(ParentRunner.java:290)
	at org.junit.runners.ParentRunner$1.schedule(ParentRunner.java:71)
	at org.junit.runners.ParentRunner.runChildren(ParentRunner.java:288)
	at org.junit.runners.ParentRunner.access$000(ParentRunner.java:58)
	at org.junit.runners.ParentRunner$2.evaluate(ParentRunner.java:268)
	at org.junit.internal.runners.statements.RunBefores.evaluate(RunBefores.java:26)
	at org.junit.internal.runners.statements.RunAfters.evaluate(RunAfters.java:27)
	at org.junit.runners.ParentRunner.run(ParentRunner.java:363)
	at org.junit.runners.Suite.runChild(Suite.java:128)
	at org.junit.runners.Suite.runChild(Suite.java:27)
	at org.junit.runners.ParentRunner$3.run(ParentRunner.java:290)
	at org.junit.runners.ParentRunner$1.schedule(ParentRunner.java:71)
	at org.junit.runners.ParentRunner.runChildren(ParentRunner.java:288)
	at org.junit.runners.ParentRunner.access$000(ParentRunner.java:58)
	at org.junit.runners.ParentRunner$2.evaluate(ParentRunner.java:268)
	at org.junit.runners.ParentRunner.run(ParentRunner.java:363)
	at org.gradle.api.internal.tasks.testing.junit.JUnitTestClassExecutor.runTestClass(JUnitTestClassExecutor.java:106)
	at org.gradle.api.internal.tasks.testing.junit.JUnitTestClassExecutor.execute(JUnitTestClassExecutor.java:58)
	at org.gradle.api.internal.tasks.testing.junit.JUnitTestClassExecutor.execute(JUnitTestClassExecutor.java:38)
	at org.gradle.api.internal.tasks.testing.junit.AbstractJUnitTestClassProcessor.processTestClass(AbstractJUnitTestClassProcessor.java:66)
	at org.gradle.api.internal.tasks.testing.SuiteTestClassProcessor.processTestClass(SuiteTestClassProcessor.java:51)
	at sun.reflect.NativeMethodAccessorImpl.invoke0(Native Method)
	at sun.reflect.NativeMethodAccessorImpl.invoke(NativeMethodAccessorImpl.java:62)
	at sun.reflect.DelegatingMethodAccessorImpl.invoke(DelegatingMethodAccessorImpl.java:43)
	at java.lang.reflect.Method.invoke(Method.java:498)
	at org.gradle.internal.dispatch.ReflectionDispatch.dispatch(ReflectionDispatch.java:35)
	at org.gradle.internal.dispatch.ReflectionDispatch.dispatch(ReflectionDispatch.java:24)
	at org.gradle.internal.dispatch.ContextClassLoaderDispatch.dispatch(ContextClassLoaderDispatch.java:32)
	at org.gradle.internal.dispatch.ProxyDispatchAdapter$DispatchingInvocationHandler.invoke(ProxyDispatchAdapter.java:93)
	at com.sun.proxy.$Proxy2.processTestClass(Unknown Source)
	at org.gradle.api.internal.tasks.testing.worker.TestWorker.processTestClass(TestWorker.java:117)
	at sun.reflect.NativeMethodAccessorImpl.invoke0(Native Method)
	at sun.reflect.NativeMethodAccessorImpl.invoke(NativeMethodAccessorImpl.java:62)
	at sun.reflect.DelegatingMethodAccessorImpl.invoke(DelegatingMethodAccessorImpl.java:43)
	at java.lang.reflect.Method.invoke(Method.java:498)
	at org.gradle.internal.dispatch.ReflectionDispatch.dispatch(ReflectionDispatch.java:35)
	at org.gradle.internal.dispatch.ReflectionDispatch.dispatch(ReflectionDispatch.java:24)
	at org.gradle.internal.remote.internal.hub.MessageHubBackedObjectConnection$DispatchWrapper.dispatch(MessageHubBackedObjectConnection.java:155)
	at org.gradle.internal.remote.internal.hub.MessageHubBackedObjectConnection$DispatchWrapper.dispatch(MessageHubBackedObjectConnection.java:137)
	at org.gradle.internal.remote.internal.hub.MessageHub$Handler.run(MessageHub.java:404)
	at org.gradle.internal.concurrent.ExecutorPolicy$CatchAndRecordFailures.onExecute(ExecutorPolicy.java:63)
	at org.gradle.internal.concurrent.ManagedExecutorImpl$1.run(ManagedExecutorImpl.java:46)
	at java.util.concurrent.ThreadPoolExecutor.runWorker(ThreadPoolExecutor.java:1149)
	at java.util.concurrent.ThreadPoolExecutor$Worker.run(ThreadPoolExecutor.java:624)
	at org.gradle.internal.concurrent.ThreadFactoryImpl$ManagedThreadRunnable.run(ThreadFactoryImpl.java:55)
	at java.lang.Thread.run(Thread.java:748)
</pre>
</span>
</div>
<div class="test">
<a name="publish[12: com.dotcms.publishing.PublisherAPIImplTest$TestCase@432c4829]"></a>
<h3 class="failures">publish[12: com.dotcms.publishing.PublisherAPIImplTest$TestCase@432c4829]</h3>
<span class="code">
<pre>java.lang.AssertionError: Expected 31 but get 33 in /custom/assets/bundles/01EY9FH5WZSXFFFRTD0Y3WJ4TS
Expected [/custom/assets/bundles/01EY9FH5WZSXFFFRTD0Y3WJ4TS/working/test1613073738157.dotcms.com/45a0bbda-1d49-4c89-bc7e-5dcfad83358f.contentType.json, /custom/assets/bundles/01EY9FH5WZSXFFFRTD0Y3WJ4TS/live/System Host/1/content.ff462f88-d9e1-4d31-b084-b73cb61976d3.host.xml, /custom/assets/bundles/01EY9FH5WZSXFFFRTD0Y3WJ4TS/live/default/1613076004036/1-content.d31e44b3-b0e8-47c1-b59c-64850ff7925c.content.xml, /custom/assets/bundles/01EY9FH5WZSXFFFRTD0Y3WJ4TS/live/System Host/1613076004036properties, /custom/assets/bundles/01EY9FH5WZSXFFFRTD0Y3WJ4TS/working/System Host/1/content.ff462f88-d9e1-4d31-b084-b73cb61976d3.host.xml, /custom/assets/bundles/01EY9FH5WZSXFFFRTD0Y3WJ4TS/live/System Host/1/2-content.afc99973-f938-47d4-bd70-07bafa2564d5.content.xml, /custom/assets/bundles/01EY9FH5WZSXFFFRTD0Y3WJ4TS/working/test1613073738157.dotcms.com/testName1613073739144/testName1613073739150/3d504222-1298-428c-ab9c-6ac35844e8bf.link.xml, /custom/assets/bundles/01EY9FH5WZSXFFFRTD0Y3WJ4TS/working/System Host/f4d7c1b8-2c88-4071-abf1-a5328977b07d.contentType.json, /custom/assets/bundles/01EY9FH5WZSXFFFRTD0Y3WJ4TS/working/System Host/1/0-content.b46d8bb9-bf4a-4240-9f7f-b9ca10c8c711.content.xml, /custom/assets/bundles/01EY9FH5WZSXFFFRTD0Y3WJ4TS/ROOT/testName1613073739144/ec325671-bd63-437d-b824-3e29a031bba2.folder.xml, /custom/assets/bundles/01EY9FH5WZSXFFFRTD0Y3WJ4TS/live/System Host/1/content.6c4cda48-59a3-442e-8f5e-cc0935a120c2.host.xml, /custom/assets/bundles/01EY9FH5WZSXFFFRTD0Y3WJ4TS/live/System Host/1/3-content.b46d8bb9-bf4a-4240-9f7f-b9ca10c8c711.content.xml, /custom/assets/bundles/01EY9FH5WZSXFFFRTD0Y3WJ4TS/live/System Host/is_RC.language.xml, /custom/assets/bundles/01EY9FH5WZSXFFFRTD0Y3WJ4TS/ROOT/8e91e3f8-fd0c-4d6f-ad18-441de9293acb.folder.xml, /custom/assets/bundles/01EY9FH5WZSXFFFRTD0Y3WJ4TS/working/System Host/33888b6f-7a8e-4069-b1b6-5c1aa9d0a48d.contentType.json, /custom/assets/bundles/01EY9FH5WZSXFFFRTD0Y3WJ4TS/working/test1613073738157.dotcms.com/1/2fc526d9-f6f2-4f66-af75-00ecc67fdd49.contentworkflow.xml, /custom/assets/bundles/01EY9FH5WZSXFFFRTD0Y3WJ4TS/working/test1613073738157.dotcms.com/1/5-77379915-b545-4a19-8cb2-d068e8a5c949.content.xml, /custom/assets/bundles/01EY9FH5WZSXFFFRTD0Y3WJ4TS/live/default/74c31419-80ed-414e-9fed-7d56ac966987.rule.xml, /custom/assets/bundles/01EY9FH5WZSXFFFRTD0Y3WJ4TS/live/System Host/1/9c173b50-1be3-48cd-9077-b0707f9498e8.contentworkflow.xml, /custom/assets/bundles/01EY9FH5WZSXFFFRTD0Y3WJ4TS/live/System Host/1/b225aeed-a040-44af-8557-17da4b88e0ea.contentworkflow.xml, /custom/assets/bundles/01EY9FH5WZSXFFFRTD0Y3WJ4TS/working/test1613073738157.dotcms.com/1/79f49ffe-1a15-45dc-9d88-e6ec264467ea.contentworkflow.xml, /custom/assets/bundles/01EY9FH5WZSXFFFRTD0Y3WJ4TS/working/System Host/1/b225aeed-a040-44af-8557-17da4b88e0ea.contentworkflow.xml, /custom/assets/bundles/01EY9FH5WZSXFFFRTD0Y3WJ4TS/live/System Host/en_US.language.xml, /custom/assets/bundles/01EY9FH5WZSXFFFRTD0Y3WJ4TS/d61a59e1-a49c-46f2-a929-db2b4bfa88b2.workflow.xml, /custom/assets/bundles/01EY9FH5WZSXFFFRTD0Y3WJ4TS/working/test1613073738157.dotcms.com/1/4-322d1f4e-0a5c-4962-94db-753453f6063d.content.xml, /custom/assets/bundles/01EY9FH5WZSXFFFRTD0Y3WJ4TS/assets/3/2/322d1f4e-0a5c-4962-94db-753453f6063d/fileAsset/test.jpg, /custom/assets/bundles/01EY9FH5WZSXFFFRTD0Y3WJ4TS/ROOT/testName1613073739144/testName1613073739150/41e21830-ca76-4fef-90c3-b52eec4b3675.folder.xml, /custom/assets/bundles/01EY9FH5WZSXFFFRTD0Y3WJ4TS/assets/7/7/77379915-b545-4a19-8cb2-d068e8a5c949/fileAsset/test.jpg, /custom/assets/bundles/01EY9FH5WZSXFFFRTD0Y3WJ4TS/live/default/1613076004036/b11bdeb4-c94b-4bf0-b773-9a9716a157db.contentworkflow.xml, /custom/assets/bundles/01EY9FH5WZSXFFFRTD0Y3WJ4TS/live/System Host/1properties]
Existing [/custom/assets/bundles/01EY9FH5WZSXFFFRTD0Y3WJ4TS/ROOT/8e91e3f8-fd0c-4d6f-ad18-441de9293acb.folder.xml, /custom/assets/bundles/01EY9FH5WZSXFFFRTD0Y3WJ4TS/ROOT/bc9a1d37-dd2d-4d49-a29d-0c9be740bfaf.folder.xml, /custom/assets/bundles/01EY9FH5WZSXFFFRTD0Y3WJ4TS/ROOT/testName1613073739144/ec325671-bd63-437d-b824-3e29a031bba2.folder.xml, /custom/assets/bundles/01EY9FH5WZSXFFFRTD0Y3WJ4TS/ROOT/testName1613073739144/testName1613073739150/41e21830-ca76-4fef-90c3-b52eec4b3675.folder.xml, /custom/assets/bundles/01EY9FH5WZSXFFFRTD0Y3WJ4TS/assets/3/2/322d1f4e-0a5c-4962-94db-753453f6063d/fileAsset/test.jpg, /custom/assets/bundles/01EY9FH5WZSXFFFRTD0Y3WJ4TS/assets/7/7/77379915-b545-4a19-8cb2-d068e8a5c949/fileAsset/test.jpg, /custom/assets/bundles/01EY9FH5WZSXFFFRTD0Y3WJ4TS/bundle.xml, /custom/assets/bundles/01EY9FH5WZSXFFFRTD0Y3WJ4TS/d61a59e1-a49c-46f2-a929-db2b4bfa88b2.workflow.xml, /custom/assets/bundles/01EY9FH5WZSXFFFRTD0Y3WJ4TS/live/System Host/1/2-content.afc99973-f938-47d4-bd70-07bafa2564d5.content.xml, /custom/assets/bundles/01EY9FH5WZSXFFFRTD0Y3WJ4TS/live/System Host/1/3-content.b46d8bb9-bf4a-4240-9f7f-b9ca10c8c711.content.xml, /custom/assets/bundles/01EY9FH5WZSXFFFRTD0Y3WJ4TS/live/System Host/1/9c173b50-1be3-48cd-9077-b0707f9498e8.contentworkflow.xml, /custom/assets/bundles/01EY9FH5WZSXFFFRTD0Y3WJ4TS/live/System Host/1/b225aeed-a040-44af-8557-17da4b88e0ea.contentworkflow.xml, /custom/assets/bundles/01EY9FH5WZSXFFFRTD0Y3WJ4TS/live/System Host/1/content.6c4cda48-59a3-442e-8f5e-cc0935a120c2.host.xml, /custom/assets/bundles/01EY9FH5WZSXFFFRTD0Y3WJ4TS/live/System Host/1/content.ff462f88-d9e1-4d31-b084-b73cb61976d3.host.xml, /custom/assets/bundles/01EY9FH5WZSXFFFRTD0Y3WJ4TS/live/System Host/1/system host.host.xml, /custom/assets/bundles/01EY9FH5WZSXFFFRTD0Y3WJ4TS/live/System Host/1613076004036properties, /custom/assets/bundles/01EY9FH5WZSXFFFRTD0Y3WJ4TS/live/System Host/1properties, /custom/assets/bundles/01EY9FH5WZSXFFFRTD0Y3WJ4TS/live/System Host/en_US.language.xml, /custom/assets/bundles/01EY9FH5WZSXFFFRTD0Y3WJ4TS/live/System Host/is_RC.language.xml, /custom/assets/bundles/01EY9FH5WZSXFFFRTD0Y3WJ4TS/live/default/1613076004036/1-content.d31e44b3-b0e8-47c1-b59c-64850ff7925c.content.xml, /custom/assets/bundles/01EY9FH5WZSXFFFRTD0Y3WJ4TS/live/default/1613076004036/b11bdeb4-c94b-4bf0-b773-9a9716a157db.contentworkflow.xml, /custom/assets/bundles/01EY9FH5WZSXFFFRTD0Y3WJ4TS/live/default/74c31419-80ed-414e-9fed-7d56ac966987.rule.xml, /custom/assets/bundles/01EY9FH5WZSXFFFRTD0Y3WJ4TS/working/System Host/1/0-content.b46d8bb9-bf4a-4240-9f7f-b9ca10c8c711.content.xml, /custom/assets/bundles/01EY9FH5WZSXFFFRTD0Y3WJ4TS/working/System Host/1/b225aeed-a040-44af-8557-17da4b88e0ea.contentworkflow.xml, /custom/assets/bundles/01EY9FH5WZSXFFFRTD0Y3WJ4TS/working/System Host/1/content.ff462f88-d9e1-4d31-b084-b73cb61976d3.host.xml, /custom/assets/bundles/01EY9FH5WZSXFFFRTD0Y3WJ4TS/working/System Host/33888b6f-7a8e-4069-b1b6-5c1aa9d0a48d.contentType.json, /custom/assets/bundles/01EY9FH5WZSXFFFRTD0Y3WJ4TS/working/System Host/f4d7c1b8-2c88-4071-abf1-a5328977b07d.contentType.json, /custom/assets/bundles/01EY9FH5WZSXFFFRTD0Y3WJ4TS/working/test1613073738157.dotcms.com/1/2fc526d9-f6f2-4f66-af75-00ecc67fdd49.contentworkflow.xml, /custom/assets/bundles/01EY9FH5WZSXFFFRTD0Y3WJ4TS/working/test1613073738157.dotcms.com/1/4-322d1f4e-0a5c-4962-94db-753453f6063d.content.xml, /custom/assets/bundles/01EY9FH5WZSXFFFRTD0Y3WJ4TS/working/test1613073738157.dotcms.com/1/5-77379915-b545-4a19-8cb2-d068e8a5c949.content.xml, /custom/assets/bundles/01EY9FH5WZSXFFFRTD0Y3WJ4TS/working/test1613073738157.dotcms.com/1/79f49ffe-1a15-45dc-9d88-e6ec264467ea.contentworkflow.xml, /custom/assets/bundles/01EY9FH5WZSXFFFRTD0Y3WJ4TS/working/test1613073738157.dotcms.com/45a0bbda-1d49-4c89-bc7e-5dcfad83358f.contentType.json, /custom/assets/bundles/01EY9FH5WZSXFFFRTD0Y3WJ4TS/working/test1613073738157.dotcms.com/testName1613073739144/testName1613073739150/3d504222-1298-428c-ab9c-6ac35844e8bf.link.xml]
difference [/custom/assets/bundles/01EY9FH5WZSXFFFRTD0Y3WJ4TS/ROOT/bc9a1d37-dd2d-4d49-a29d-0c9be740bfaf.folder.xml, /custom/assets/bundles/01EY9FH5WZSXFFFRTD0Y3WJ4TS/bundle.xml, /custom/assets/bundles/01EY9FH5WZSXFFFRTD0Y3WJ4TS/live/System Host/1/system host.host.xml]

	at org.jgroups.util.Util.assertEquals(Util.java:185)
	at com.dotcms.publishing.PublisherAPIImplTest.publish(PublisherAPIImplTest.java:407)
	at sun.reflect.NativeMethodAccessorImpl.invoke0(Native Method)
	at sun.reflect.NativeMethodAccessorImpl.invoke(NativeMethodAccessorImpl.java:62)
	at sun.reflect.DelegatingMethodAccessorImpl.invoke(DelegatingMethodAccessorImpl.java:43)
	at java.lang.reflect.Method.invoke(Method.java:498)
	at org.junit.runners.model.FrameworkMethod$1.runReflectiveCall(FrameworkMethod.java:50)
	at org.junit.internal.runners.model.ReflectiveCallable.run(ReflectiveCallable.java:12)
	at org.junit.runners.model.FrameworkMethod.invokeExplosively(FrameworkMethod.java:47)
	at com.tngtech.java.junit.dataprovider.DataProviderFrameworkMethod.invokeExplosively(DataProviderFrameworkMethod.java:119)
	at org.junit.internal.runners.statements.InvokeMethod.evaluate(InvokeMethod.java:17)
	at org.junit.rules.TestWatcher$1.evaluate(TestWatcher.java:55)
	at org.junit.rules.RunRules.evaluate(RunRules.java:20)
	at org.junit.runners.ParentRunner.runLeaf(ParentRunner.java:325)
	at com.dotcms.junit.CustomDataProviderRunner.runChild(CustomDataProviderRunner.java:28)
	at com.dotcms.junit.CustomDataProviderRunner.runChild(CustomDataProviderRunner.java:13)
	at org.junit.runners.ParentRunner$3.run(ParentRunner.java:290)
	at org.junit.runners.ParentRunner$1.schedule(ParentRunner.java:71)
	at org.junit.runners.ParentRunner.runChildren(ParentRunner.java:288)
	at org.junit.runners.ParentRunner.access$000(ParentRunner.java:58)
	at org.junit.runners.ParentRunner$2.evaluate(ParentRunner.java:268)
	at org.junit.internal.runners.statements.RunBefores.evaluate(RunBefores.java:26)
	at org.junit.internal.runners.statements.RunAfters.evaluate(RunAfters.java:27)
	at org.junit.runners.ParentRunner.run(ParentRunner.java:363)
	at org.junit.runners.Suite.runChild(Suite.java:128)
	at org.junit.runners.Suite.runChild(Suite.java:27)
	at org.junit.runners.ParentRunner$3.run(ParentRunner.java:290)
	at org.junit.runners.ParentRunner$1.schedule(ParentRunner.java:71)
	at org.junit.runners.ParentRunner.runChildren(ParentRunner.java:288)
	at org.junit.runners.ParentRunner.access$000(ParentRunner.java:58)
	at org.junit.runners.ParentRunner$2.evaluate(ParentRunner.java:268)
	at org.junit.runners.ParentRunner.run(ParentRunner.java:363)
	at org.gradle.api.internal.tasks.testing.junit.JUnitTestClassExecutor.runTestClass(JUnitTestClassExecutor.java:106)
	at org.gradle.api.internal.tasks.testing.junit.JUnitTestClassExecutor.execute(JUnitTestClassExecutor.java:58)
	at org.gradle.api.internal.tasks.testing.junit.JUnitTestClassExecutor.execute(JUnitTestClassExecutor.java:38)
	at org.gradle.api.internal.tasks.testing.junit.AbstractJUnitTestClassProcessor.processTestClass(AbstractJUnitTestClassProcessor.java:66)
	at org.gradle.api.internal.tasks.testing.SuiteTestClassProcessor.processTestClass(SuiteTestClassProcessor.java:51)
	at sun.reflect.NativeMethodAccessorImpl.invoke0(Native Method)
	at sun.reflect.NativeMethodAccessorImpl.invoke(NativeMethodAccessorImpl.java:62)
	at sun.reflect.DelegatingMethodAccessorImpl.invoke(DelegatingMethodAccessorImpl.java:43)
	at java.lang.reflect.Method.invoke(Method.java:498)
	at org.gradle.internal.dispatch.ReflectionDispatch.dispatch(ReflectionDispatch.java:35)
	at org.gradle.internal.dispatch.ReflectionDispatch.dispatch(ReflectionDispatch.java:24)
	at org.gradle.internal.dispatch.ContextClassLoaderDispatch.dispatch(ContextClassLoaderDispatch.java:32)
	at org.gradle.internal.dispatch.ProxyDispatchAdapter$DispatchingInvocationHandler.invoke(ProxyDispatchAdapter.java:93)
	at com.sun.proxy.$Proxy2.processTestClass(Unknown Source)
	at org.gradle.api.internal.tasks.testing.worker.TestWorker.processTestClass(TestWorker.java:117)
	at sun.reflect.NativeMethodAccessorImpl.invoke0(Native Method)
	at sun.reflect.NativeMethodAccessorImpl.invoke(NativeMethodAccessorImpl.java:62)
	at sun.reflect.DelegatingMethodAccessorImpl.invoke(DelegatingMethodAccessorImpl.java:43)
	at java.lang.reflect.Method.invoke(Method.java:498)
	at org.gradle.internal.dispatch.ReflectionDispatch.dispatch(ReflectionDispatch.java:35)
	at org.gradle.internal.dispatch.ReflectionDispatch.dispatch(ReflectionDispatch.java:24)
	at org.gradle.internal.remote.internal.hub.MessageHubBackedObjectConnection$DispatchWrapper.dispatch(MessageHubBackedObjectConnection.java:155)
	at org.gradle.internal.remote.internal.hub.MessageHubBackedObjectConnection$DispatchWrapper.dispatch(MessageHubBackedObjectConnection.java:137)
	at org.gradle.internal.remote.internal.hub.MessageHub$Handler.run(MessageHub.java:404)
	at org.gradle.internal.concurrent.ExecutorPolicy$CatchAndRecordFailures.onExecute(ExecutorPolicy.java:63)
	at org.gradle.internal.concurrent.ManagedExecutorImpl$1.run(ManagedExecutorImpl.java:46)
	at java.util.concurrent.ThreadPoolExecutor.runWorker(ThreadPoolExecutor.java:1149)
	at java.util.concurrent.ThreadPoolExecutor$Worker.run(ThreadPoolExecutor.java:624)
	at org.gradle.internal.concurrent.ThreadFactoryImpl$ManagedThreadRunnable.run(ThreadFactoryImpl.java:55)
	at java.lang.Thread.run(Thread.java:748)
</pre>
</span>
</div>
<div class="test">
<a name="publish[13: com.dotcms.publishing.PublisherAPIImplTest$TestCase@1caeac26]"></a>
<h3 class="failures">publish[13: com.dotcms.publishing.PublisherAPIImplTest$TestCase@1caeac26]</h3>
<span class="code">
<pre>java.lang.AssertionError: Expected 28 but get 30 in /custom/assets/bundles/01EY9FH618ERNTT6W4H1EXJR9B
Expected [/custom/assets/bundles/01EY9FH618ERNTT6W4H1EXJR9B/working/test1613073739468.dotcms.com/373de7b2-4dd5-4069-af39-818a6d732789.containers.container.xml, /custom/assets/bundles/01EY9FH618ERNTT6W4H1EXJR9B/live/System Host/1/content.6fb32c90-cb06-4878-acba-72d4fb958446.host.xml, /custom/assets/bundles/01EY9FH618ERNTT6W4H1EXJR9B/live/System Host/1613076004036properties, /custom/assets/bundles/01EY9FH618ERNTT6W4H1EXJR9B/working/test1613073739468.dotcms.com/1/1-content.592f2904-1ff0-4773-9245-42e03bbd487d.content.xml, /custom/assets/bundles/01EY9FH618ERNTT6W4H1EXJR9B/working/System Host/1/content.ff462f88-d9e1-4d31-b084-b73cb61976d3.host.xml, /custom/assets/bundles/01EY9FH618ERNTT6W4H1EXJR9B/working/System Host/33888b6f-7a8e-4069-b1b6-5c1aa9d0a48d.contentType.json, /custom/assets/bundles/01EY9FH618ERNTT6W4H1EXJR9B/live/System Host/1properties, /custom/assets/bundles/01EY9FH618ERNTT6W4H1EXJR9B/live/System Host/1/4-content.b46d8bb9-bf4a-4240-9f7f-b9ca10c8c711.content.xml, /custom/assets/bundles/01EY9FH618ERNTT6W4H1EXJR9B/working/System Host/1/b225aeed-a040-44af-8557-17da4b88e0ea.contentworkflow.xml, /custom/assets/bundles/01EY9FH618ERNTT6W4H1EXJR9B/ROOT/8eed9243-c98a-45ee-9d7f-0c48ec5bf005.folder.xml, /custom/assets/bundles/01EY9FH618ERNTT6W4H1EXJR9B/working/System Host/f4d7c1b8-2c88-4071-abf1-a5328977b07d.contentType.json, /custom/assets/bundles/01EY9FH618ERNTT6W4H1EXJR9B/live/System Host/1/content.ff462f88-d9e1-4d31-b084-b73cb61976d3.host.xml, /custom/assets/bundles/01EY9FH618ERNTT6W4H1EXJR9B/live/default/1613076004036/2-content.d31e44b3-b0e8-47c1-b59c-64850ff7925c.content.xml, /custom/assets/bundles/01EY9FH618ERNTT6W4H1EXJR9B/live/System Host/en_US.language.xml, /custom/assets/bundles/01EY9FH618ERNTT6W4H1EXJR9B/working/System Host/1/0-content.b46d8bb9-bf4a-4240-9f7f-b9ca10c8c711.content.xml, /custom/assets/bundles/01EY9FH618ERNTT6W4H1EXJR9B/live/System Host/1/3-content.afc99973-f938-47d4-bd70-07bafa2564d5.content.xml, /custom/assets/bundles/01EY9FH618ERNTT6W4H1EXJR9B/working/test1613073739468.dotcms.com/987d194d-2a01-4be7-973d-00661ffb3738.contentType.json, /custom/assets/bundles/01EY9FH618ERNTT6W4H1EXJR9B/d61a59e1-a49c-46f2-a929-db2b4bfa88b2.workflow.xml, /custom/assets/bundles/01EY9FH618ERNTT6W4H1EXJR9B/live/System Host/1/9c173b50-1be3-48cd-9077-b0707f9498e8.contentworkflow.xml, /custom/assets/bundles/01EY9FH618ERNTT6W4H1EXJR9B/live/test1613073739468.dotcms.com/c57b2318-5d22-4cd8-b891-f35fb34c526d.template.template.xml, /custom/assets/bundles/01EY9FH618ERNTT6W4H1EXJR9B/live/test1613073739468.dotcms.com/0ee63e8c-2ddd-4341-97a4-7145a35b3a20.rule.xml, /custom/assets/bundles/01EY9FH618ERNTT6W4H1EXJR9B/live/default/1613076004036/b11bdeb4-c94b-4bf0-b773-9a9716a157db.contentworkflow.xml, /custom/assets/bundles/01EY9FH618ERNTT6W4H1EXJR9B/working/test1613073739468.dotcms.com/1/e679a896-406e-48e8-aed2-6d2acfcfae02.contentworkflow.xml, /custom/assets/bundles/01EY9FH618ERNTT6W4H1EXJR9B/live/System Host/1/b225aeed-a040-44af-8557-17da4b88e0ea.contentworkflow.xml, /custom/assets/bundles/01EY9FH618ERNTT6W4H1EXJR9B/live/default/74c31419-80ed-414e-9fed-7d56ac966987.rule.xml, /custom/assets/bundles/01EY9FH618ERNTT6W4H1EXJR9B/live/System Host/is_RC.language.xml, /custom/assets/bundles/01EY9FH618ERNTT6W4H1EXJR9B/working/test1613073739468.dotcms.com/1dbcdfbb-b683-4b2b-aa88-f84536a55736.contentType.json]
Existing [/custom/assets/bundles/01EY9FH618ERNTT6W4H1EXJR9B/ROOT/8eed9243-c98a-45ee-9d7f-0c48ec5bf005.folder.xml, /custom/assets/bundles/01EY9FH618ERNTT6W4H1EXJR9B/ROOT/bc9a1d37-dd2d-4d49-a29d-0c9be740bfaf.folder.xml, /custom/assets/bundles/01EY9FH618ERNTT6W4H1EXJR9B/bundle.xml, /custom/assets/bundles/01EY9FH618ERNTT6W4H1EXJR9B/d61a59e1-a49c-46f2-a929-db2b4bfa88b2.workflow.xml, /custom/assets/bundles/01EY9FH618ERNTT6W4H1EXJR9B/live/System Host/1/3-content.afc99973-f938-47d4-bd70-07bafa2564d5.content.xml, /custom/assets/bundles/01EY9FH618ERNTT6W4H1EXJR9B/live/System Host/1/4-content.b46d8bb9-bf4a-4240-9f7f-b9ca10c8c711.content.xml, /custom/assets/bundles/01EY9FH618ERNTT6W4H1EXJR9B/live/System Host/1/9c173b50-1be3-48cd-9077-b0707f9498e8.contentworkflow.xml, /custom/assets/bundles/01EY9FH618ERNTT6W4H1EXJR9B/live/System Host/1/b225aeed-a040-44af-8557-17da4b88e0ea.contentworkflow.xml, /custom/assets/bundles/01EY9FH618ERNTT6W4H1EXJR9B/live/System Host/1/content.6fb32c90-cb06-4878-acba-72d4fb958446.host.xml, /custom/assets/bundles/01EY9FH618ERNTT6W4H1EXJR9B/live/System Host/1/content.ff462f88-d9e1-4d31-b084-b73cb61976d3.host.xml, /custom/assets/bundles/01EY9FH618ERNTT6W4H1EXJR9B/live/System Host/1/system host.host.xml, /custom/assets/bundles/01EY9FH618ERNTT6W4H1EXJR9B/live/System Host/1613076004036properties, /custom/assets/bundles/01EY9FH618ERNTT6W4H1EXJR9B/live/System Host/1properties, /custom/assets/bundles/01EY9FH618ERNTT6W4H1EXJR9B/live/System Host/en_US.language.xml, /custom/assets/bundles/01EY9FH618ERNTT6W4H1EXJR9B/live/System Host/is_RC.language.xml, /custom/assets/bundles/01EY9FH618ERNTT6W4H1EXJR9B/live/default/1613076004036/2-content.d31e44b3-b0e8-47c1-b59c-64850ff7925c.content.xml, /custom/assets/bundles/01EY9FH618ERNTT6W4H1EXJR9B/live/default/1613076004036/b11bdeb4-c94b-4bf0-b773-9a9716a157db.contentworkflow.xml, /custom/assets/bundles/01EY9FH618ERNTT6W4H1EXJR9B/live/default/74c31419-80ed-414e-9fed-7d56ac966987.rule.xml, /custom/assets/bundles/01EY9FH618ERNTT6W4H1EXJR9B/live/test1613073739468.dotcms.com/0ee63e8c-2ddd-4341-97a4-7145a35b3a20.rule.xml, /custom/assets/bundles/01EY9FH618ERNTT6W4H1EXJR9B/live/test1613073739468.dotcms.com/c57b2318-5d22-4cd8-b891-f35fb34c526d.template.template.xml, /custom/assets/bundles/01EY9FH618ERNTT6W4H1EXJR9B/working/System Host/1/0-content.b46d8bb9-bf4a-4240-9f7f-b9ca10c8c711.content.xml, /custom/assets/bundles/01EY9FH618ERNTT6W4H1EXJR9B/working/System Host/1/b225aeed-a040-44af-8557-17da4b88e0ea.contentworkflow.xml, /custom/assets/bundles/01EY9FH618ERNTT6W4H1EXJR9B/working/System Host/1/content.ff462f88-d9e1-4d31-b084-b73cb61976d3.host.xml, /custom/assets/bundles/01EY9FH618ERNTT6W4H1EXJR9B/working/System Host/33888b6f-7a8e-4069-b1b6-5c1aa9d0a48d.contentType.json, /custom/assets/bundles/01EY9FH618ERNTT6W4H1EXJR9B/working/System Host/f4d7c1b8-2c88-4071-abf1-a5328977b07d.contentType.json, /custom/assets/bundles/01EY9FH618ERNTT6W4H1EXJR9B/working/test1613073739468.dotcms.com/1/1-content.592f2904-1ff0-4773-9245-42e03bbd487d.content.xml, /custom/assets/bundles/01EY9FH618ERNTT6W4H1EXJR9B/working/test1613073739468.dotcms.com/1/e679a896-406e-48e8-aed2-6d2acfcfae02.contentworkflow.xml, /custom/assets/bundles/01EY9FH618ERNTT6W4H1EXJR9B/working/test1613073739468.dotcms.com/1dbcdfbb-b683-4b2b-aa88-f84536a55736.contentType.json, /custom/assets/bundles/01EY9FH618ERNTT6W4H1EXJR9B/working/test1613073739468.dotcms.com/373de7b2-4dd5-4069-af39-818a6d732789.containers.container.xml, /custom/assets/bundles/01EY9FH618ERNTT6W4H1EXJR9B/working/test1613073739468.dotcms.com/987d194d-2a01-4be7-973d-00661ffb3738.contentType.json]
difference [/custom/assets/bundles/01EY9FH618ERNTT6W4H1EXJR9B/ROOT/bc9a1d37-dd2d-4d49-a29d-0c9be740bfaf.folder.xml, /custom/assets/bundles/01EY9FH618ERNTT6W4H1EXJR9B/bundle.xml, /custom/assets/bundles/01EY9FH618ERNTT6W4H1EXJR9B/live/System Host/1/system host.host.xml]

	at org.jgroups.util.Util.assertEquals(Util.java:185)
	at com.dotcms.publishing.PublisherAPIImplTest.publish(PublisherAPIImplTest.java:407)
	at sun.reflect.NativeMethodAccessorImpl.invoke0(Native Method)
	at sun.reflect.NativeMethodAccessorImpl.invoke(NativeMethodAccessorImpl.java:62)
	at sun.reflect.DelegatingMethodAccessorImpl.invoke(DelegatingMethodAccessorImpl.java:43)
	at java.lang.reflect.Method.invoke(Method.java:498)
	at org.junit.runners.model.FrameworkMethod$1.runReflectiveCall(FrameworkMethod.java:50)
	at org.junit.internal.runners.model.ReflectiveCallable.run(ReflectiveCallable.java:12)
	at org.junit.runners.model.FrameworkMethod.invokeExplosively(FrameworkMethod.java:47)
	at com.tngtech.java.junit.dataprovider.DataProviderFrameworkMethod.invokeExplosively(DataProviderFrameworkMethod.java:119)
	at org.junit.internal.runners.statements.InvokeMethod.evaluate(InvokeMethod.java:17)
	at org.junit.rules.TestWatcher$1.evaluate(TestWatcher.java:55)
	at org.junit.rules.RunRules.evaluate(RunRules.java:20)
	at org.junit.runners.ParentRunner.runLeaf(ParentRunner.java:325)
	at com.dotcms.junit.CustomDataProviderRunner.runChild(CustomDataProviderRunner.java:28)
	at com.dotcms.junit.CustomDataProviderRunner.runChild(CustomDataProviderRunner.java:13)
	at org.junit.runners.ParentRunner$3.run(ParentRunner.java:290)
	at org.junit.runners.ParentRunner$1.schedule(ParentRunner.java:71)
	at org.junit.runners.ParentRunner.runChildren(ParentRunner.java:288)
	at org.junit.runners.ParentRunner.access$000(ParentRunner.java:58)
	at org.junit.runners.ParentRunner$2.evaluate(ParentRunner.java:268)
	at org.junit.internal.runners.statements.RunBefores.evaluate(RunBefores.java:26)
	at org.junit.internal.runners.statements.RunAfters.evaluate(RunAfters.java:27)
	at org.junit.runners.ParentRunner.run(ParentRunner.java:363)
	at org.junit.runners.Suite.runChild(Suite.java:128)
	at org.junit.runners.Suite.runChild(Suite.java:27)
	at org.junit.runners.ParentRunner$3.run(ParentRunner.java:290)
	at org.junit.runners.ParentRunner$1.schedule(ParentRunner.java:71)
	at org.junit.runners.ParentRunner.runChildren(ParentRunner.java:288)
	at org.junit.runners.ParentRunner.access$000(ParentRunner.java:58)
	at org.junit.runners.ParentRunner$2.evaluate(ParentRunner.java:268)
	at org.junit.runners.ParentRunner.run(ParentRunner.java:363)
	at org.gradle.api.internal.tasks.testing.junit.JUnitTestClassExecutor.runTestClass(JUnitTestClassExecutor.java:106)
	at org.gradle.api.internal.tasks.testing.junit.JUnitTestClassExecutor.execute(JUnitTestClassExecutor.java:58)
	at org.gradle.api.internal.tasks.testing.junit.JUnitTestClassExecutor.execute(JUnitTestClassExecutor.java:38)
	at org.gradle.api.internal.tasks.testing.junit.AbstractJUnitTestClassProcessor.processTestClass(AbstractJUnitTestClassProcessor.java:66)
	at org.gradle.api.internal.tasks.testing.SuiteTestClassProcessor.processTestClass(SuiteTestClassProcessor.java:51)
	at sun.reflect.NativeMethodAccessorImpl.invoke0(Native Method)
	at sun.reflect.NativeMethodAccessorImpl.invoke(NativeMethodAccessorImpl.java:62)
	at sun.reflect.DelegatingMethodAccessorImpl.invoke(DelegatingMethodAccessorImpl.java:43)
	at java.lang.reflect.Method.invoke(Method.java:498)
	at org.gradle.internal.dispatch.ReflectionDispatch.dispatch(ReflectionDispatch.java:35)
	at org.gradle.internal.dispatch.ReflectionDispatch.dispatch(ReflectionDispatch.java:24)
	at org.gradle.internal.dispatch.ContextClassLoaderDispatch.dispatch(ContextClassLoaderDispatch.java:32)
	at org.gradle.internal.dispatch.ProxyDispatchAdapter$DispatchingInvocationHandler.invoke(ProxyDispatchAdapter.java:93)
	at com.sun.proxy.$Proxy2.processTestClass(Unknown Source)
	at org.gradle.api.internal.tasks.testing.worker.TestWorker.processTestClass(TestWorker.java:117)
	at sun.reflect.NativeMethodAccessorImpl.invoke0(Native Method)
	at sun.reflect.NativeMethodAccessorImpl.invoke(NativeMethodAccessorImpl.java:62)
	at sun.reflect.DelegatingMethodAccessorImpl.invoke(DelegatingMethodAccessorImpl.java:43)
	at java.lang.reflect.Method.invoke(Method.java:498)
	at org.gradle.internal.dispatch.ReflectionDispatch.dispatch(ReflectionDispatch.java:35)
	at org.gradle.internal.dispatch.ReflectionDispatch.dispatch(ReflectionDispatch.java:24)
	at org.gradle.internal.remote.internal.hub.MessageHubBackedObjectConnection$DispatchWrapper.dispatch(MessageHubBackedObjectConnection.java:155)
	at org.gradle.internal.remote.internal.hub.MessageHubBackedObjectConnection$DispatchWrapper.dispatch(MessageHubBackedObjectConnection.java:137)
	at org.gradle.internal.remote.internal.hub.MessageHub$Handler.run(MessageHub.java:404)
	at org.gradle.internal.concurrent.ExecutorPolicy$CatchAndRecordFailures.onExecute(ExecutorPolicy.java:63)
	at org.gradle.internal.concurrent.ManagedExecutorImpl$1.run(ManagedExecutorImpl.java:46)
	at java.util.concurrent.ThreadPoolExecutor.runWorker(ThreadPoolExecutor.java:1149)
	at java.util.concurrent.ThreadPoolExecutor$Worker.run(ThreadPoolExecutor.java:624)
	at org.gradle.internal.concurrent.ThreadFactoryImpl$ManagedThreadRunnable.run(ThreadFactoryImpl.java:55)
	at java.lang.Thread.run(Thread.java:748)
</pre>
</span>
</div>
<div class="test">
<a name="publish[14: com.dotcms.publishing.PublisherAPIImplTest$TestCase@618b3cab]"></a>
<h3 class="failures">publish[14: com.dotcms.publishing.PublisherAPIImplTest$TestCase@618b3cab]</h3>
<span class="code">
<pre>java.lang.AssertionError: Expected 21 but get 23 in /custom/assets/bundles/01EY9FH6781K7TCA9AH7PZPXBW
Expected [/custom/assets/bundles/01EY9FH6781K7TCA9AH7PZPXBW/live/System Host/1/3-content.b46d8bb9-bf4a-4240-9f7f-b9ca10c8c711.content.xml, /custom/assets/bundles/01EY9FH6781K7TCA9AH7PZPXBW/live/System Host/1613076004036properties, /custom/assets/bundles/01EY9FH6781K7TCA9AH7PZPXBW/working/System Host/1/content.ff462f88-d9e1-4d31-b084-b73cb61976d3.host.xml, /custom/assets/bundles/01EY9FH6781K7TCA9AH7PZPXBW/live/System Host/1/content.ff462f88-d9e1-4d31-b084-b73cb61976d3.host.xml, /custom/assets/bundles/01EY9FH6781K7TCA9AH7PZPXBW/live/System Host/1/content.851db11a-5346-4611-b9ef-2582506ca5e2.host.xml, /custom/assets/bundles/01EY9FH6781K7TCA9AH7PZPXBW/working/test1613073740305.dotcms.com/testName1613073741227/ebf1b3b3-f42f-434f-9e37-9349dba1eb7e.link.xml, /custom/assets/bundles/01EY9FH6781K7TCA9AH7PZPXBW/working/System Host/1/b225aeed-a040-44af-8557-17da4b88e0ea.contentworkflow.xml, /custom/assets/bundles/01EY9FH6781K7TCA9AH7PZPXBW/live/System Host/1/2-content.afc99973-f938-47d4-bd70-07bafa2564d5.content.xml, /custom/assets/bundles/01EY9FH6781K7TCA9AH7PZPXBW/live/default/1613076004036/1-content.d31e44b3-b0e8-47c1-b59c-64850ff7925c.content.xml, /custom/assets/bundles/01EY9FH6781K7TCA9AH7PZPXBW/live/default/74c31419-80ed-414e-9fed-7d56ac966987.rule.xml, /custom/assets/bundles/01EY9FH6781K7TCA9AH7PZPXBW/ROOT/068d5644-ee21-4bbf-bc60-585a20100cca.folder.xml, /custom/assets/bundles/01EY9FH6781K7TCA9AH7PZPXBW/working/System Host/1/0-content.b46d8bb9-bf4a-4240-9f7f-b9ca10c8c711.content.xml, /custom/assets/bundles/01EY9FH6781K7TCA9AH7PZPXBW/live/default/1613076004036/b11bdeb4-c94b-4bf0-b773-9a9716a157db.contentworkflow.xml, /custom/assets/bundles/01EY9FH6781K7TCA9AH7PZPXBW/live/System Host/is_RC.language.xml, /custom/assets/bundles/01EY9FH6781K7TCA9AH7PZPXBW/live/System Host/1/9c173b50-1be3-48cd-9077-b0707f9498e8.contentworkflow.xml, /custom/assets/bundles/01EY9FH6781K7TCA9AH7PZPXBW/live/System Host/1properties, /custom/assets/bundles/01EY9FH6781K7TCA9AH7PZPXBW/live/System Host/1/b225aeed-a040-44af-8557-17da4b88e0ea.contentworkflow.xml, /custom/assets/bundles/01EY9FH6781K7TCA9AH7PZPXBW/working/System Host/f4d7c1b8-2c88-4071-abf1-a5328977b07d.contentType.json, /custom/assets/bundles/01EY9FH6781K7TCA9AH7PZPXBW/d61a59e1-a49c-46f2-a929-db2b4bfa88b2.workflow.xml, /custom/assets/bundles/01EY9FH6781K7TCA9AH7PZPXBW/live/System Host/en_US.language.xml]
Existing [/custom/assets/bundles/01EY9FH6781K7TCA9AH7PZPXBW/ROOT/068d5644-ee21-4bbf-bc60-585a20100cca.folder.xml, /custom/assets/bundles/01EY9FH6781K7TCA9AH7PZPXBW/ROOT/bc9a1d37-dd2d-4d49-a29d-0c9be740bfaf.folder.xml, /custom/assets/bundles/01EY9FH6781K7TCA9AH7PZPXBW/bundle.xml, /custom/assets/bundles/01EY9FH6781K7TCA9AH7PZPXBW/d61a59e1-a49c-46f2-a929-db2b4bfa88b2.workflow.xml, /custom/assets/bundles/01EY9FH6781K7TCA9AH7PZPXBW/live/System Host/1/2-content.afc99973-f938-47d4-bd70-07bafa2564d5.content.xml, /custom/assets/bundles/01EY9FH6781K7TCA9AH7PZPXBW/live/System Host/1/3-content.b46d8bb9-bf4a-4240-9f7f-b9ca10c8c711.content.xml, /custom/assets/bundles/01EY9FH6781K7TCA9AH7PZPXBW/live/System Host/1/9c173b50-1be3-48cd-9077-b0707f9498e8.contentworkflow.xml, /custom/assets/bundles/01EY9FH6781K7TCA9AH7PZPXBW/live/System Host/1/b225aeed-a040-44af-8557-17da4b88e0ea.contentworkflow.xml, /custom/assets/bundles/01EY9FH6781K7TCA9AH7PZPXBW/live/System Host/1/content.851db11a-5346-4611-b9ef-2582506ca5e2.host.xml, /custom/assets/bundles/01EY9FH6781K7TCA9AH7PZPXBW/live/System Host/1/content.ff462f88-d9e1-4d31-b084-b73cb61976d3.host.xml, /custom/assets/bundles/01EY9FH6781K7TCA9AH7PZPXBW/live/System Host/1/system host.host.xml, /custom/assets/bundles/01EY9FH6781K7TCA9AH7PZPXBW/live/System Host/1613076004036properties, /custom/assets/bundles/01EY9FH6781K7TCA9AH7PZPXBW/live/System Host/1properties, /custom/assets/bundles/01EY9FH6781K7TCA9AH7PZPXBW/live/System Host/en_US.language.xml, /custom/assets/bundles/01EY9FH6781K7TCA9AH7PZPXBW/live/System Host/is_RC.language.xml, /custom/assets/bundles/01EY9FH6781K7TCA9AH7PZPXBW/live/default/1613076004036/1-content.d31e44b3-b0e8-47c1-b59c-64850ff7925c.content.xml, /custom/assets/bundles/01EY9FH6781K7TCA9AH7PZPXBW/live/default/1613076004036/b11bdeb4-c94b-4bf0-b773-9a9716a157db.contentworkflow.xml, /custom/assets/bundles/01EY9FH6781K7TCA9AH7PZPXBW/live/default/74c31419-80ed-414e-9fed-7d56ac966987.rule.xml, /custom/assets/bundles/01EY9FH6781K7TCA9AH7PZPXBW/working/System Host/1/0-content.b46d8bb9-bf4a-4240-9f7f-b9ca10c8c711.content.xml, /custom/assets/bundles/01EY9FH6781K7TCA9AH7PZPXBW/working/System Host/1/b225aeed-a040-44af-8557-17da4b88e0ea.contentworkflow.xml, /custom/assets/bundles/01EY9FH6781K7TCA9AH7PZPXBW/working/System Host/1/content.ff462f88-d9e1-4d31-b084-b73cb61976d3.host.xml, /custom/assets/bundles/01EY9FH6781K7TCA9AH7PZPXBW/working/System Host/f4d7c1b8-2c88-4071-abf1-a5328977b07d.contentType.json, /custom/assets/bundles/01EY9FH6781K7TCA9AH7PZPXBW/working/test1613073740305.dotcms.com/testName1613073741227/ebf1b3b3-f42f-434f-9e37-9349dba1eb7e.link.xml]
difference [/custom/assets/bundles/01EY9FH6781K7TCA9AH7PZPXBW/ROOT/bc9a1d37-dd2d-4d49-a29d-0c9be740bfaf.folder.xml, /custom/assets/bundles/01EY9FH6781K7TCA9AH7PZPXBW/bundle.xml, /custom/assets/bundles/01EY9FH6781K7TCA9AH7PZPXBW/live/System Host/1/system host.host.xml]

	at org.jgroups.util.Util.assertEquals(Util.java:185)
	at com.dotcms.publishing.PublisherAPIImplTest.publish(PublisherAPIImplTest.java:407)
	at sun.reflect.NativeMethodAccessorImpl.invoke0(Native Method)
	at sun.reflect.NativeMethodAccessorImpl.invoke(NativeMethodAccessorImpl.java:62)
	at sun.reflect.DelegatingMethodAccessorImpl.invoke(DelegatingMethodAccessorImpl.java:43)
	at java.lang.reflect.Method.invoke(Method.java:498)
	at org.junit.runners.model.FrameworkMethod$1.runReflectiveCall(FrameworkMethod.java:50)
	at org.junit.internal.runners.model.ReflectiveCallable.run(ReflectiveCallable.java:12)
	at org.junit.runners.model.FrameworkMethod.invokeExplosively(FrameworkMethod.java:47)
	at com.tngtech.java.junit.dataprovider.DataProviderFrameworkMethod.invokeExplosively(DataProviderFrameworkMethod.java:119)
	at org.junit.internal.runners.statements.InvokeMethod.evaluate(InvokeMethod.java:17)
	at org.junit.rules.TestWatcher$1.evaluate(TestWatcher.java:55)
	at org.junit.rules.RunRules.evaluate(RunRules.java:20)
	at org.junit.runners.ParentRunner.runLeaf(ParentRunner.java:325)
	at com.dotcms.junit.CustomDataProviderRunner.runChild(CustomDataProviderRunner.java:28)
	at com.dotcms.junit.CustomDataProviderRunner.runChild(CustomDataProviderRunner.java:13)
	at org.junit.runners.ParentRunner$3.run(ParentRunner.java:290)
	at org.junit.runners.ParentRunner$1.schedule(ParentRunner.java:71)
	at org.junit.runners.ParentRunner.runChildren(ParentRunner.java:288)
	at org.junit.runners.ParentRunner.access$000(ParentRunner.java:58)
	at org.junit.runners.ParentRunner$2.evaluate(ParentRunner.java:268)
	at org.junit.internal.runners.statements.RunBefores.evaluate(RunBefores.java:26)
	at org.junit.internal.runners.statements.RunAfters.evaluate(RunAfters.java:27)
	at org.junit.runners.ParentRunner.run(ParentRunner.java:363)
	at org.junit.runners.Suite.runChild(Suite.java:128)
	at org.junit.runners.Suite.runChild(Suite.java:27)
	at org.junit.runners.ParentRunner$3.run(ParentRunner.java:290)
	at org.junit.runners.ParentRunner$1.schedule(ParentRunner.java:71)
	at org.junit.runners.ParentRunner.runChildren(ParentRunner.java:288)
	at org.junit.runners.ParentRunner.access$000(ParentRunner.java:58)
	at org.junit.runners.ParentRunner$2.evaluate(ParentRunner.java:268)
	at org.junit.runners.ParentRunner.run(ParentRunner.java:363)
	at org.gradle.api.internal.tasks.testing.junit.JUnitTestClassExecutor.runTestClass(JUnitTestClassExecutor.java:106)
	at org.gradle.api.internal.tasks.testing.junit.JUnitTestClassExecutor.execute(JUnitTestClassExecutor.java:58)
	at org.gradle.api.internal.tasks.testing.junit.JUnitTestClassExecutor.execute(JUnitTestClassExecutor.java:38)
	at org.gradle.api.internal.tasks.testing.junit.AbstractJUnitTestClassProcessor.processTestClass(AbstractJUnitTestClassProcessor.java:66)
	at org.gradle.api.internal.tasks.testing.SuiteTestClassProcessor.processTestClass(SuiteTestClassProcessor.java:51)
	at sun.reflect.NativeMethodAccessorImpl.invoke0(Native Method)
	at sun.reflect.NativeMethodAccessorImpl.invoke(NativeMethodAccessorImpl.java:62)
	at sun.reflect.DelegatingMethodAccessorImpl.invoke(DelegatingMethodAccessorImpl.java:43)
	at java.lang.reflect.Method.invoke(Method.java:498)
	at org.gradle.internal.dispatch.ReflectionDispatch.dispatch(ReflectionDispatch.java:35)
	at org.gradle.internal.dispatch.ReflectionDispatch.dispatch(ReflectionDispatch.java:24)
	at org.gradle.internal.dispatch.ContextClassLoaderDispatch.dispatch(ContextClassLoaderDispatch.java:32)
	at org.gradle.internal.dispatch.ProxyDispatchAdapter$DispatchingInvocationHandler.invoke(ProxyDispatchAdapter.java:93)
	at com.sun.proxy.$Proxy2.processTestClass(Unknown Source)
	at org.gradle.api.internal.tasks.testing.worker.TestWorker.processTestClass(TestWorker.java:117)
	at sun.reflect.NativeMethodAccessorImpl.invoke0(Native Method)
	at sun.reflect.NativeMethodAccessorImpl.invoke(NativeMethodAccessorImpl.java:62)
	at sun.reflect.DelegatingMethodAccessorImpl.invoke(DelegatingMethodAccessorImpl.java:43)
	at java.lang.reflect.Method.invoke(Method.java:498)
	at org.gradle.internal.dispatch.ReflectionDispatch.dispatch(ReflectionDispatch.java:35)
	at org.gradle.internal.dispatch.ReflectionDispatch.dispatch(ReflectionDispatch.java:24)
	at org.gradle.internal.remote.internal.hub.MessageHubBackedObjectConnection$DispatchWrapper.dispatch(MessageHubBackedObjectConnection.java:155)
	at org.gradle.internal.remote.internal.hub.MessageHubBackedObjectConnection$DispatchWrapper.dispatch(MessageHubBackedObjectConnection.java:137)
	at org.gradle.internal.remote.internal.hub.MessageHub$Handler.run(MessageHub.java:404)
	at org.gradle.internal.concurrent.ExecutorPolicy$CatchAndRecordFailures.onExecute(ExecutorPolicy.java:63)
	at org.gradle.internal.concurrent.ManagedExecutorImpl$1.run(ManagedExecutorImpl.java:46)
	at java.util.concurrent.ThreadPoolExecutor.runWorker(ThreadPoolExecutor.java:1149)
	at java.util.concurrent.ThreadPoolExecutor$Worker.run(ThreadPoolExecutor.java:624)
	at org.gradle.internal.concurrent.ThreadFactoryImpl$ManagedThreadRunnable.run(ThreadFactoryImpl.java:55)
	at java.lang.Thread.run(Thread.java:748)
</pre>
</span>
</div>
<div class="test">
<a name="publish[15: com.dotcms.publishing.PublisherAPIImplTest$TestCase@99a33df]"></a>
<h3 class="failures">publish[15: com.dotcms.publishing.PublisherAPIImplTest$TestCase@99a33df]</h3>
<span class="code">
<pre>java.lang.AssertionError: Expected 19 but get 21 in /custom/assets/bundles/01EY9FH6BKHBFC58PZ9MPZCN1C
Expected [/custom/assets/bundles/01EY9FH6BKHBFC58PZ9MPZCN1C/live/System Host/1properties, /custom/assets/bundles/01EY9FH6BKHBFC58PZ9MPZCN1C/working/System Host/f4d7c1b8-2c88-4071-abf1-a5328977b07d.contentType.json, /custom/assets/bundles/01EY9FH6BKHBFC58PZ9MPZCN1C/live/System Host/1/b225aeed-a040-44af-8557-17da4b88e0ea.contentworkflow.xml, /custom/assets/bundles/01EY9FH6BKHBFC58PZ9MPZCN1C/live/System Host/1/2-content.afc99973-f938-47d4-bd70-07bafa2564d5.content.xml, /custom/assets/bundles/01EY9FH6BKHBFC58PZ9MPZCN1C/working/System Host/1/content.ff462f88-d9e1-4d31-b084-b73cb61976d3.host.xml, /custom/assets/bundles/01EY9FH6BKHBFC58PZ9MPZCN1C/bd0a251b-4be4-4451-bffc-a72dd9227d9f.workflow.xml, /custom/assets/bundles/01EY9FH6BKHBFC58PZ9MPZCN1C/working/System Host/1/b225aeed-a040-44af-8557-17da4b88e0ea.contentworkflow.xml, /custom/assets/bundles/01EY9FH6BKHBFC58PZ9MPZCN1C/live/default/74c31419-80ed-414e-9fed-7d56ac966987.rule.xml, /custom/assets/bundles/01EY9FH6BKHBFC58PZ9MPZCN1C/d61a59e1-a49c-46f2-a929-db2b4bfa88b2.workflow.xml, /custom/assets/bundles/01EY9FH6BKHBFC58PZ9MPZCN1C/working/System Host/1/0-content.b46d8bb9-bf4a-4240-9f7f-b9ca10c8c711.content.xml, /custom/assets/bundles/01EY9FH6BKHBFC58PZ9MPZCN1C/live/System Host/1613076004036properties, /custom/assets/bundles/01EY9FH6BKHBFC58PZ9MPZCN1C/live/System Host/en_US.language.xml, /custom/assets/bundles/01EY9FH6BKHBFC58PZ9MPZCN1C/live/System Host/1/3-content.b46d8bb9-bf4a-4240-9f7f-b9ca10c8c711.content.xml, /custom/assets/bundles/01EY9FH6BKHBFC58PZ9MPZCN1C/live/default/1613076004036/1-content.d31e44b3-b0e8-47c1-b59c-64850ff7925c.content.xml, /custom/assets/bundles/01EY9FH6BKHBFC58PZ9MPZCN1C/live/default/1613076004036/b11bdeb4-c94b-4bf0-b773-9a9716a157db.contentworkflow.xml, /custom/assets/bundles/01EY9FH6BKHBFC58PZ9MPZCN1C/live/System Host/1/content.ff462f88-d9e1-4d31-b084-b73cb61976d3.host.xml, /custom/assets/bundles/01EY9FH6BKHBFC58PZ9MPZCN1C/live/System Host/1/9c173b50-1be3-48cd-9077-b0707f9498e8.contentworkflow.xml, /custom/assets/bundles/01EY9FH6BKHBFC58PZ9MPZCN1C/live/System Host/is_RC.language.xml]
Existing [/custom/assets/bundles/01EY9FH6BKHBFC58PZ9MPZCN1C/ROOT/bc9a1d37-dd2d-4d49-a29d-0c9be740bfaf.folder.xml, /custom/assets/bundles/01EY9FH6BKHBFC58PZ9MPZCN1C/bd0a251b-4be4-4451-bffc-a72dd9227d9f.workflow.xml, /custom/assets/bundles/01EY9FH6BKHBFC58PZ9MPZCN1C/bundle.xml, /custom/assets/bundles/01EY9FH6BKHBFC58PZ9MPZCN1C/d61a59e1-a49c-46f2-a929-db2b4bfa88b2.workflow.xml, /custom/assets/bundles/01EY9FH6BKHBFC58PZ9MPZCN1C/live/System Host/1/2-content.afc99973-f938-47d4-bd70-07bafa2564d5.content.xml, /custom/assets/bundles/01EY9FH6BKHBFC58PZ9MPZCN1C/live/System Host/1/3-content.b46d8bb9-bf4a-4240-9f7f-b9ca10c8c711.content.xml, /custom/assets/bundles/01EY9FH6BKHBFC58PZ9MPZCN1C/live/System Host/1/9c173b50-1be3-48cd-9077-b0707f9498e8.contentworkflow.xml, /custom/assets/bundles/01EY9FH6BKHBFC58PZ9MPZCN1C/live/System Host/1/b225aeed-a040-44af-8557-17da4b88e0ea.contentworkflow.xml, /custom/assets/bundles/01EY9FH6BKHBFC58PZ9MPZCN1C/live/System Host/1/content.ff462f88-d9e1-4d31-b084-b73cb61976d3.host.xml, /custom/assets/bundles/01EY9FH6BKHBFC58PZ9MPZCN1C/live/System Host/1/system host.host.xml, /custom/assets/bundles/01EY9FH6BKHBFC58PZ9MPZCN1C/live/System Host/1613076004036properties, /custom/assets/bundles/01EY9FH6BKHBFC58PZ9MPZCN1C/live/System Host/1properties, /custom/assets/bundles/01EY9FH6BKHBFC58PZ9MPZCN1C/live/System Host/en_US.language.xml, /custom/assets/bundles/01EY9FH6BKHBFC58PZ9MPZCN1C/live/System Host/is_RC.language.xml, /custom/assets/bundles/01EY9FH6BKHBFC58PZ9MPZCN1C/live/default/1613076004036/1-content.d31e44b3-b0e8-47c1-b59c-64850ff7925c.content.xml, /custom/assets/bundles/01EY9FH6BKHBFC58PZ9MPZCN1C/live/default/1613076004036/b11bdeb4-c94b-4bf0-b773-9a9716a157db.contentworkflow.xml, /custom/assets/bundles/01EY9FH6BKHBFC58PZ9MPZCN1C/live/default/74c31419-80ed-414e-9fed-7d56ac966987.rule.xml, /custom/assets/bundles/01EY9FH6BKHBFC58PZ9MPZCN1C/working/System Host/1/0-content.b46d8bb9-bf4a-4240-9f7f-b9ca10c8c711.content.xml, /custom/assets/bundles/01EY9FH6BKHBFC58PZ9MPZCN1C/working/System Host/1/b225aeed-a040-44af-8557-17da4b88e0ea.contentworkflow.xml, /custom/assets/bundles/01EY9FH6BKHBFC58PZ9MPZCN1C/working/System Host/1/content.ff462f88-d9e1-4d31-b084-b73cb61976d3.host.xml, /custom/assets/bundles/01EY9FH6BKHBFC58PZ9MPZCN1C/working/System Host/f4d7c1b8-2c88-4071-abf1-a5328977b07d.contentType.json]
difference [/custom/assets/bundles/01EY9FH6BKHBFC58PZ9MPZCN1C/ROOT/bc9a1d37-dd2d-4d49-a29d-0c9be740bfaf.folder.xml, /custom/assets/bundles/01EY9FH6BKHBFC58PZ9MPZCN1C/bundle.xml, /custom/assets/bundles/01EY9FH6BKHBFC58PZ9MPZCN1C/live/System Host/1/system host.host.xml]

	at org.jgroups.util.Util.assertEquals(Util.java:185)
	at com.dotcms.publishing.PublisherAPIImplTest.publish(PublisherAPIImplTest.java:407)
	at sun.reflect.NativeMethodAccessorImpl.invoke0(Native Method)
	at sun.reflect.NativeMethodAccessorImpl.invoke(NativeMethodAccessorImpl.java:62)
	at sun.reflect.DelegatingMethodAccessorImpl.invoke(DelegatingMethodAccessorImpl.java:43)
	at java.lang.reflect.Method.invoke(Method.java:498)
	at org.junit.runners.model.FrameworkMethod$1.runReflectiveCall(FrameworkMethod.java:50)
	at org.junit.internal.runners.model.ReflectiveCallable.run(ReflectiveCallable.java:12)
	at org.junit.runners.model.FrameworkMethod.invokeExplosively(FrameworkMethod.java:47)
	at com.tngtech.java.junit.dataprovider.DataProviderFrameworkMethod.invokeExplosively(DataProviderFrameworkMethod.java:119)
	at org.junit.internal.runners.statements.InvokeMethod.evaluate(InvokeMethod.java:17)
	at org.junit.rules.TestWatcher$1.evaluate(TestWatcher.java:55)
	at org.junit.rules.RunRules.evaluate(RunRules.java:20)
	at org.junit.runners.ParentRunner.runLeaf(ParentRunner.java:325)
	at com.dotcms.junit.CustomDataProviderRunner.runChild(CustomDataProviderRunner.java:28)
	at com.dotcms.junit.CustomDataProviderRunner.runChild(CustomDataProviderRunner.java:13)
	at org.junit.runners.ParentRunner$3.run(ParentRunner.java:290)
	at org.junit.runners.ParentRunner$1.schedule(ParentRunner.java:71)
	at org.junit.runners.ParentRunner.runChildren(ParentRunner.java:288)
	at org.junit.runners.ParentRunner.access$000(ParentRunner.java:58)
	at org.junit.runners.ParentRunner$2.evaluate(ParentRunner.java:268)
	at org.junit.internal.runners.statements.RunBefores.evaluate(RunBefores.java:26)
	at org.junit.internal.runners.statements.RunAfters.evaluate(RunAfters.java:27)
	at org.junit.runners.ParentRunner.run(ParentRunner.java:363)
	at org.junit.runners.Suite.runChild(Suite.java:128)
	at org.junit.runners.Suite.runChild(Suite.java:27)
	at org.junit.runners.ParentRunner$3.run(ParentRunner.java:290)
	at org.junit.runners.ParentRunner$1.schedule(ParentRunner.java:71)
	at org.junit.runners.ParentRunner.runChildren(ParentRunner.java:288)
	at org.junit.runners.ParentRunner.access$000(ParentRunner.java:58)
	at org.junit.runners.ParentRunner$2.evaluate(ParentRunner.java:268)
	at org.junit.runners.ParentRunner.run(ParentRunner.java:363)
	at org.gradle.api.internal.tasks.testing.junit.JUnitTestClassExecutor.runTestClass(JUnitTestClassExecutor.java:106)
	at org.gradle.api.internal.tasks.testing.junit.JUnitTestClassExecutor.execute(JUnitTestClassExecutor.java:58)
	at org.gradle.api.internal.tasks.testing.junit.JUnitTestClassExecutor.execute(JUnitTestClassExecutor.java:38)
	at org.gradle.api.internal.tasks.testing.junit.AbstractJUnitTestClassProcessor.processTestClass(AbstractJUnitTestClassProcessor.java:66)
	at org.gradle.api.internal.tasks.testing.SuiteTestClassProcessor.processTestClass(SuiteTestClassProcessor.java:51)
	at sun.reflect.NativeMethodAccessorImpl.invoke0(Native Method)
	at sun.reflect.NativeMethodAccessorImpl.invoke(NativeMethodAccessorImpl.java:62)
	at sun.reflect.DelegatingMethodAccessorImpl.invoke(DelegatingMethodAccessorImpl.java:43)
	at java.lang.reflect.Method.invoke(Method.java:498)
	at org.gradle.internal.dispatch.ReflectionDispatch.dispatch(ReflectionDispatch.java:35)
	at org.gradle.internal.dispatch.ReflectionDispatch.dispatch(ReflectionDispatch.java:24)
	at org.gradle.internal.dispatch.ContextClassLoaderDispatch.dispatch(ContextClassLoaderDispatch.java:32)
	at org.gradle.internal.dispatch.ProxyDispatchAdapter$DispatchingInvocationHandler.invoke(ProxyDispatchAdapter.java:93)
	at com.sun.proxy.$Proxy2.processTestClass(Unknown Source)
	at org.gradle.api.internal.tasks.testing.worker.TestWorker.processTestClass(TestWorker.java:117)
	at sun.reflect.NativeMethodAccessorImpl.invoke0(Native Method)
	at sun.reflect.NativeMethodAccessorImpl.invoke(NativeMethodAccessorImpl.java:62)
	at sun.reflect.DelegatingMethodAccessorImpl.invoke(DelegatingMethodAccessorImpl.java:43)
	at java.lang.reflect.Method.invoke(Method.java:498)
	at org.gradle.internal.dispatch.ReflectionDispatch.dispatch(ReflectionDispatch.java:35)
	at org.gradle.internal.dispatch.ReflectionDispatch.dispatch(ReflectionDispatch.java:24)
	at org.gradle.internal.remote.internal.hub.MessageHubBackedObjectConnection$DispatchWrapper.dispatch(MessageHubBackedObjectConnection.java:155)
	at org.gradle.internal.remote.internal.hub.MessageHubBackedObjectConnection$DispatchWrapper.dispatch(MessageHubBackedObjectConnection.java:137)
	at org.gradle.internal.remote.internal.hub.MessageHub$Handler.run(MessageHub.java:404)
	at org.gradle.internal.concurrent.ExecutorPolicy$CatchAndRecordFailures.onExecute(ExecutorPolicy.java:63)
	at org.gradle.internal.concurrent.ManagedExecutorImpl$1.run(ManagedExecutorImpl.java:46)
	at java.util.concurrent.ThreadPoolExecutor.runWorker(ThreadPoolExecutor.java:1149)
	at java.util.concurrent.ThreadPoolExecutor$Worker.run(ThreadPoolExecutor.java:624)
	at org.gradle.internal.concurrent.ThreadFactoryImpl$ManagedThreadRunnable.run(ThreadFactoryImpl.java:55)
	at java.lang.Thread.run(Thread.java:748)
</pre>
</span>
</div>
<div class="test">
<a name="publish[16: com.dotcms.publishing.PublisherAPIImplTest$TestCase@28565fc5]"></a>
<h3 class="failures">publish[16: com.dotcms.publishing.PublisherAPIImplTest$TestCase@28565fc5]</h3>
<span class="code">
<pre>java.lang.AssertionError: Expected 20 but get 22 in /custom/assets/bundles/01EY9FH6E2JFXSFGWXP4NVD0KX
Expected [/custom/assets/bundles/01EY9FH6E2JFXSFGWXP4NVD0KX/live/System Host/1/b225aeed-a040-44af-8557-17da4b88e0ea.contentworkflow.xml, /custom/assets/bundles/01EY9FH6E2JFXSFGWXP4NVD0KX/live/System Host/1/9c173b50-1be3-48cd-9077-b0707f9498e8.contentworkflow.xml, /custom/assets/bundles/01EY9FH6E2JFXSFGWXP4NVD0KX/live/default/74c31419-80ed-414e-9fed-7d56ac966987.rule.xml, /custom/assets/bundles/01EY9FH6E2JFXSFGWXP4NVD0KX/live/System Host/1properties, /custom/assets/bundles/01EY9FH6E2JFXSFGWXP4NVD0KX/live/System Host/is_RC.language.xml, /custom/assets/bundles/01EY9FH6E2JFXSFGWXP4NVD0KX/working/System Host/1/b225aeed-a040-44af-8557-17da4b88e0ea.contentworkflow.xml, /custom/assets/bundles/01EY9FH6E2JFXSFGWXP4NVD0KX/live/System Host/1613073741262properties, /custom/assets/bundles/01EY9FH6E2JFXSFGWXP4NVD0KX/live/System Host/1/2-content.afc99973-f938-47d4-bd70-07bafa2564d5.content.xml, /custom/assets/bundles/01EY9FH6E2JFXSFGWXP4NVD0KX/live/default/1613076004036/1-content.d31e44b3-b0e8-47c1-b59c-64850ff7925c.content.xml, /custom/assets/bundles/01EY9FH6E2JFXSFGWXP4NVD0KX/working/System Host/1/0-content.b46d8bb9-bf4a-4240-9f7f-b9ca10c8c711.content.xml, /custom/assets/bundles/01EY9FH6E2JFXSFGWXP4NVD0KX/d61a59e1-a49c-46f2-a929-db2b4bfa88b2.workflow.xml, /custom/assets/bundles/01EY9FH6E2JFXSFGWXP4NVD0KX/live/System Host/0wep2_TESTCOUNTRYCODE1613073741262.language.xml, /custom/assets/bundles/01EY9FH6E2JFXSFGWXP4NVD0KX/live/System Host/1/3-content.b46d8bb9-bf4a-4240-9f7f-b9ca10c8c711.content.xml, /custom/assets/bundles/01EY9FH6E2JFXSFGWXP4NVD0KX/working/System Host/1/content.ff462f88-d9e1-4d31-b084-b73cb61976d3.host.xml, /custom/assets/bundles/01EY9FH6E2JFXSFGWXP4NVD0KX/live/default/1613076004036/b11bdeb4-c94b-4bf0-b773-9a9716a157db.contentworkflow.xml, /custom/assets/bundles/01EY9FH6E2JFXSFGWXP4NVD0KX/working/System Host/f4d7c1b8-2c88-4071-abf1-a5328977b07d.contentType.json, /custom/assets/bundles/01EY9FH6E2JFXSFGWXP4NVD0KX/live/System Host/1613076004036properties, /custom/assets/bundles/01EY9FH6E2JFXSFGWXP4NVD0KX/live/System Host/1/content.ff462f88-d9e1-4d31-b084-b73cb61976d3.host.xml, /custom/assets/bundles/01EY9FH6E2JFXSFGWXP4NVD0KX/live/System Host/en_US.language.xml]
Existing [/custom/assets/bundles/01EY9FH6E2JFXSFGWXP4NVD0KX/ROOT/bc9a1d37-dd2d-4d49-a29d-0c9be740bfaf.folder.xml, /custom/assets/bundles/01EY9FH6E2JFXSFGWXP4NVD0KX/bundle.xml, /custom/assets/bundles/01EY9FH6E2JFXSFGWXP4NVD0KX/d61a59e1-a49c-46f2-a929-db2b4bfa88b2.workflow.xml, /custom/assets/bundles/01EY9FH6E2JFXSFGWXP4NVD0KX/live/System Host/0wep2_TESTCOUNTRYCODE1613073741262.language.xml, /custom/assets/bundles/01EY9FH6E2JFXSFGWXP4NVD0KX/live/System Host/1/2-content.afc99973-f938-47d4-bd70-07bafa2564d5.content.xml, /custom/assets/bundles/01EY9FH6E2JFXSFGWXP4NVD0KX/live/System Host/1/3-content.b46d8bb9-bf4a-4240-9f7f-b9ca10c8c711.content.xml, /custom/assets/bundles/01EY9FH6E2JFXSFGWXP4NVD0KX/live/System Host/1/9c173b50-1be3-48cd-9077-b0707f9498e8.contentworkflow.xml, /custom/assets/bundles/01EY9FH6E2JFXSFGWXP4NVD0KX/live/System Host/1/b225aeed-a040-44af-8557-17da4b88e0ea.contentworkflow.xml, /custom/assets/bundles/01EY9FH6E2JFXSFGWXP4NVD0KX/live/System Host/1/content.ff462f88-d9e1-4d31-b084-b73cb61976d3.host.xml, /custom/assets/bundles/01EY9FH6E2JFXSFGWXP4NVD0KX/live/System Host/1/system host.host.xml, /custom/assets/bundles/01EY9FH6E2JFXSFGWXP4NVD0KX/live/System Host/1613073741262properties, /custom/assets/bundles/01EY9FH6E2JFXSFGWXP4NVD0KX/live/System Host/1613076004036properties, /custom/assets/bundles/01EY9FH6E2JFXSFGWXP4NVD0KX/live/System Host/1properties, /custom/assets/bundles/01EY9FH6E2JFXSFGWXP4NVD0KX/live/System Host/en_US.language.xml, /custom/assets/bundles/01EY9FH6E2JFXSFGWXP4NVD0KX/live/System Host/is_RC.language.xml, /custom/assets/bundles/01EY9FH6E2JFXSFGWXP4NVD0KX/live/default/1613076004036/1-content.d31e44b3-b0e8-47c1-b59c-64850ff7925c.content.xml, /custom/assets/bundles/01EY9FH6E2JFXSFGWXP4NVD0KX/live/default/1613076004036/b11bdeb4-c94b-4bf0-b773-9a9716a157db.contentworkflow.xml, /custom/assets/bundles/01EY9FH6E2JFXSFGWXP4NVD0KX/live/default/74c31419-80ed-414e-9fed-7d56ac966987.rule.xml, /custom/assets/bundles/01EY9FH6E2JFXSFGWXP4NVD0KX/working/System Host/1/0-content.b46d8bb9-bf4a-4240-9f7f-b9ca10c8c711.content.xml, /custom/assets/bundles/01EY9FH6E2JFXSFGWXP4NVD0KX/working/System Host/1/b225aeed-a040-44af-8557-17da4b88e0ea.contentworkflow.xml, /custom/assets/bundles/01EY9FH6E2JFXSFGWXP4NVD0KX/working/System Host/1/content.ff462f88-d9e1-4d31-b084-b73cb61976d3.host.xml, /custom/assets/bundles/01EY9FH6E2JFXSFGWXP4NVD0KX/working/System Host/f4d7c1b8-2c88-4071-abf1-a5328977b07d.contentType.json]
difference [/custom/assets/bundles/01EY9FH6E2JFXSFGWXP4NVD0KX/ROOT/bc9a1d37-dd2d-4d49-a29d-0c9be740bfaf.folder.xml, /custom/assets/bundles/01EY9FH6E2JFXSFGWXP4NVD0KX/bundle.xml, /custom/assets/bundles/01EY9FH6E2JFXSFGWXP4NVD0KX/live/System Host/1/system host.host.xml]

	at org.jgroups.util.Util.assertEquals(Util.java:185)
	at com.dotcms.publishing.PublisherAPIImplTest.publish(PublisherAPIImplTest.java:407)
	at sun.reflect.GeneratedMethodAccessor1519.invoke(Unknown Source)
	at sun.reflect.DelegatingMethodAccessorImpl.invoke(DelegatingMethodAccessorImpl.java:43)
	at java.lang.reflect.Method.invoke(Method.java:498)
	at org.junit.runners.model.FrameworkMethod$1.runReflectiveCall(FrameworkMethod.java:50)
	at org.junit.internal.runners.model.ReflectiveCallable.run(ReflectiveCallable.java:12)
	at org.junit.runners.model.FrameworkMethod.invokeExplosively(FrameworkMethod.java:47)
	at com.tngtech.java.junit.dataprovider.DataProviderFrameworkMethod.invokeExplosively(DataProviderFrameworkMethod.java:119)
	at org.junit.internal.runners.statements.InvokeMethod.evaluate(InvokeMethod.java:17)
	at org.junit.rules.TestWatcher$1.evaluate(TestWatcher.java:55)
	at org.junit.rules.RunRules.evaluate(RunRules.java:20)
	at org.junit.runners.ParentRunner.runLeaf(ParentRunner.java:325)
	at com.dotcms.junit.CustomDataProviderRunner.runChild(CustomDataProviderRunner.java:28)
	at com.dotcms.junit.CustomDataProviderRunner.runChild(CustomDataProviderRunner.java:13)
	at org.junit.runners.ParentRunner$3.run(ParentRunner.java:290)
	at org.junit.runners.ParentRunner$1.schedule(ParentRunner.java:71)
	at org.junit.runners.ParentRunner.runChildren(ParentRunner.java:288)
	at org.junit.runners.ParentRunner.access$000(ParentRunner.java:58)
	at org.junit.runners.ParentRunner$2.evaluate(ParentRunner.java:268)
	at org.junit.internal.runners.statements.RunBefores.evaluate(RunBefores.java:26)
	at org.junit.internal.runners.statements.RunAfters.evaluate(RunAfters.java:27)
	at org.junit.runners.ParentRunner.run(ParentRunner.java:363)
	at org.junit.runners.Suite.runChild(Suite.java:128)
	at org.junit.runners.Suite.runChild(Suite.java:27)
	at org.junit.runners.ParentRunner$3.run(ParentRunner.java:290)
	at org.junit.runners.ParentRunner$1.schedule(ParentRunner.java:71)
	at org.junit.runners.ParentRunner.runChildren(ParentRunner.java:288)
	at org.junit.runners.ParentRunner.access$000(ParentRunner.java:58)
	at org.junit.runners.ParentRunner$2.evaluate(ParentRunner.java:268)
	at org.junit.runners.ParentRunner.run(ParentRunner.java:363)
	at org.gradle.api.internal.tasks.testing.junit.JUnitTestClassExecutor.runTestClass(JUnitTestClassExecutor.java:106)
	at org.gradle.api.internal.tasks.testing.junit.JUnitTestClassExecutor.execute(JUnitTestClassExecutor.java:58)
	at org.gradle.api.internal.tasks.testing.junit.JUnitTestClassExecutor.execute(JUnitTestClassExecutor.java:38)
	at org.gradle.api.internal.tasks.testing.junit.AbstractJUnitTestClassProcessor.processTestClass(AbstractJUnitTestClassProcessor.java:66)
	at org.gradle.api.internal.tasks.testing.SuiteTestClassProcessor.processTestClass(SuiteTestClassProcessor.java:51)
	at sun.reflect.NativeMethodAccessorImpl.invoke0(Native Method)
	at sun.reflect.NativeMethodAccessorImpl.invoke(NativeMethodAccessorImpl.java:62)
	at sun.reflect.DelegatingMethodAccessorImpl.invoke(DelegatingMethodAccessorImpl.java:43)
	at java.lang.reflect.Method.invoke(Method.java:498)
	at org.gradle.internal.dispatch.ReflectionDispatch.dispatch(ReflectionDispatch.java:35)
	at org.gradle.internal.dispatch.ReflectionDispatch.dispatch(ReflectionDispatch.java:24)
	at org.gradle.internal.dispatch.ContextClassLoaderDispatch.dispatch(ContextClassLoaderDispatch.java:32)
	at org.gradle.internal.dispatch.ProxyDispatchAdapter$DispatchingInvocationHandler.invoke(ProxyDispatchAdapter.java:93)
	at com.sun.proxy.$Proxy2.processTestClass(Unknown Source)
	at org.gradle.api.internal.tasks.testing.worker.TestWorker.processTestClass(TestWorker.java:117)
	at sun.reflect.NativeMethodAccessorImpl.invoke0(Native Method)
	at sun.reflect.NativeMethodAccessorImpl.invoke(NativeMethodAccessorImpl.java:62)
	at sun.reflect.DelegatingMethodAccessorImpl.invoke(DelegatingMethodAccessorImpl.java:43)
	at java.lang.reflect.Method.invoke(Method.java:498)
	at org.gradle.internal.dispatch.ReflectionDispatch.dispatch(ReflectionDispatch.java:35)
	at org.gradle.internal.dispatch.ReflectionDispatch.dispatch(ReflectionDispatch.java:24)
	at org.gradle.internal.remote.internal.hub.MessageHubBackedObjectConnection$DispatchWrapper.dispatch(MessageHubBackedObjectConnection.java:155)
	at org.gradle.internal.remote.internal.hub.MessageHubBackedObjectConnection$DispatchWrapper.dispatch(MessageHubBackedObjectConnection.java:137)
	at org.gradle.internal.remote.internal.hub.MessageHub$Handler.run(MessageHub.java:404)
	at org.gradle.internal.concurrent.ExecutorPolicy$CatchAndRecordFailures.onExecute(ExecutorPolicy.java:63)
	at org.gradle.internal.concurrent.ManagedExecutorImpl$1.run(ManagedExecutorImpl.java:46)
	at java.util.concurrent.ThreadPoolExecutor.runWorker(ThreadPoolExecutor.java:1149)
	at java.util.concurrent.ThreadPoolExecutor$Worker.run(ThreadPoolExecutor.java:624)
	at org.gradle.internal.concurrent.ThreadFactoryImpl$ManagedThreadRunnable.run(ThreadFactoryImpl.java:55)
	at java.lang.Thread.run(Thread.java:748)
</pre>
</span>
</div>
<div class="test">
<a name="publish[17: com.dotcms.publishing.PublisherAPIImplTest$TestCase@41701975]"></a>
<h3 class="failures">publish[17: com.dotcms.publishing.PublisherAPIImplTest$TestCase@41701975]</h3>
<span class="code">
<pre>java.lang.AssertionError: Expected 5 but get 6 in /custom/assets/bundles/01EY9FH6H1CF6VYCGZDVQ842FV
Expected [/custom/assets/bundles/01EY9FH6H1CF6VYCGZDVQ842FV/working/System Host/1/content.ff462f88-d9e1-4d31-b084-b73cb61976d3.host.xml, /custom/assets/bundles/01EY9FH6H1CF6VYCGZDVQ842FV/live/test1613073741271.dotcms.com/eee5ae05-e552-4300-9c5c-973fde6649a9.rule.xml, /custom/assets/bundles/01EY9FH6H1CF6VYCGZDVQ842FV/live/System Host/1/content.ff462f88-d9e1-4d31-b084-b73cb61976d3.host.xml, /custom/assets/bundles/01EY9FH6H1CF6VYCGZDVQ842FV/live/default/74c31419-80ed-414e-9fed-7d56ac966987.rule.xml]
Existing [/custom/assets/bundles/01EY9FH6H1CF6VYCGZDVQ842FV/bundle.xml, /custom/assets/bundles/01EY9FH6H1CF6VYCGZDVQ842FV/live/System Host/1/content.ff462f88-d9e1-4d31-b084-b73cb61976d3.host.xml, /custom/assets/bundles/01EY9FH6H1CF6VYCGZDVQ842FV/live/System Host/1/system host.host.xml, /custom/assets/bundles/01EY9FH6H1CF6VYCGZDVQ842FV/live/default/74c31419-80ed-414e-9fed-7d56ac966987.rule.xml, /custom/assets/bundles/01EY9FH6H1CF6VYCGZDVQ842FV/live/test1613073741271.dotcms.com/eee5ae05-e552-4300-9c5c-973fde6649a9.rule.xml, /custom/assets/bundles/01EY9FH6H1CF6VYCGZDVQ842FV/working/System Host/1/content.ff462f88-d9e1-4d31-b084-b73cb61976d3.host.xml]
difference [/custom/assets/bundles/01EY9FH6H1CF6VYCGZDVQ842FV/bundle.xml, /custom/assets/bundles/01EY9FH6H1CF6VYCGZDVQ842FV/live/System Host/1/system host.host.xml]

	at org.jgroups.util.Util.assertEquals(Util.java:185)
	at com.dotcms.publishing.PublisherAPIImplTest.publish(PublisherAPIImplTest.java:407)
	at sun.reflect.GeneratedMethodAccessor1519.invoke(Unknown Source)
	at sun.reflect.DelegatingMethodAccessorImpl.invoke(DelegatingMethodAccessorImpl.java:43)
	at java.lang.reflect.Method.invoke(Method.java:498)
	at org.junit.runners.model.FrameworkMethod$1.runReflectiveCall(FrameworkMethod.java:50)
	at org.junit.internal.runners.model.ReflectiveCallable.run(ReflectiveCallable.java:12)
	at org.junit.runners.model.FrameworkMethod.invokeExplosively(FrameworkMethod.java:47)
	at com.tngtech.java.junit.dataprovider.DataProviderFrameworkMethod.invokeExplosively(DataProviderFrameworkMethod.java:119)
	at org.junit.internal.runners.statements.InvokeMethod.evaluate(InvokeMethod.java:17)
	at org.junit.rules.TestWatcher$1.evaluate(TestWatcher.java:55)
	at org.junit.rules.RunRules.evaluate(RunRules.java:20)
	at org.junit.runners.ParentRunner.runLeaf(ParentRunner.java:325)
	at com.dotcms.junit.CustomDataProviderRunner.runChild(CustomDataProviderRunner.java:28)
	at com.dotcms.junit.CustomDataProviderRunner.runChild(CustomDataProviderRunner.java:13)
	at org.junit.runners.ParentRunner$3.run(ParentRunner.java:290)
	at org.junit.runners.ParentRunner$1.schedule(ParentRunner.java:71)
	at org.junit.runners.ParentRunner.runChildren(ParentRunner.java:288)
	at org.junit.runners.ParentRunner.access$000(ParentRunner.java:58)
	at org.junit.runners.ParentRunner$2.evaluate(ParentRunner.java:268)
	at org.junit.internal.runners.statements.RunBefores.evaluate(RunBefores.java:26)
	at org.junit.internal.runners.statements.RunAfters.evaluate(RunAfters.java:27)
	at org.junit.runners.ParentRunner.run(ParentRunner.java:363)
	at org.junit.runners.Suite.runChild(Suite.java:128)
	at org.junit.runners.Suite.runChild(Suite.java:27)
	at org.junit.runners.ParentRunner$3.run(ParentRunner.java:290)
	at org.junit.runners.ParentRunner$1.schedule(ParentRunner.java:71)
	at org.junit.runners.ParentRunner.runChildren(ParentRunner.java:288)
	at org.junit.runners.ParentRunner.access$000(ParentRunner.java:58)
	at org.junit.runners.ParentRunner$2.evaluate(ParentRunner.java:268)
	at org.junit.runners.ParentRunner.run(ParentRunner.java:363)
	at org.gradle.api.internal.tasks.testing.junit.JUnitTestClassExecutor.runTestClass(JUnitTestClassExecutor.java:106)
	at org.gradle.api.internal.tasks.testing.junit.JUnitTestClassExecutor.execute(JUnitTestClassExecutor.java:58)
	at org.gradle.api.internal.tasks.testing.junit.JUnitTestClassExecutor.execute(JUnitTestClassExecutor.java:38)
	at org.gradle.api.internal.tasks.testing.junit.AbstractJUnitTestClassProcessor.processTestClass(AbstractJUnitTestClassProcessor.java:66)
	at org.gradle.api.internal.tasks.testing.SuiteTestClassProcessor.processTestClass(SuiteTestClassProcessor.java:51)
	at sun.reflect.NativeMethodAccessorImpl.invoke0(Native Method)
	at sun.reflect.NativeMethodAccessorImpl.invoke(NativeMethodAccessorImpl.java:62)
	at sun.reflect.DelegatingMethodAccessorImpl.invoke(DelegatingMethodAccessorImpl.java:43)
	at java.lang.reflect.Method.invoke(Method.java:498)
	at org.gradle.internal.dispatch.ReflectionDispatch.dispatch(ReflectionDispatch.java:35)
	at org.gradle.internal.dispatch.ReflectionDispatch.dispatch(ReflectionDispatch.java:24)
	at org.gradle.internal.dispatch.ContextClassLoaderDispatch.dispatch(ContextClassLoaderDispatch.java:32)
	at org.gradle.internal.dispatch.ProxyDispatchAdapter$DispatchingInvocationHandler.invoke(ProxyDispatchAdapter.java:93)
	at com.sun.proxy.$Proxy2.processTestClass(Unknown Source)
	at org.gradle.api.internal.tasks.testing.worker.TestWorker.processTestClass(TestWorker.java:117)
	at sun.reflect.NativeMethodAccessorImpl.invoke0(Native Method)
	at sun.reflect.NativeMethodAccessorImpl.invoke(NativeMethodAccessorImpl.java:62)
	at sun.reflect.DelegatingMethodAccessorImpl.invoke(DelegatingMethodAccessorImpl.java:43)
	at java.lang.reflect.Method.invoke(Method.java:498)
	at org.gradle.internal.dispatch.ReflectionDispatch.dispatch(ReflectionDispatch.java:35)
	at org.gradle.internal.dispatch.ReflectionDispatch.dispatch(ReflectionDispatch.java:24)
	at org.gradle.internal.remote.internal.hub.MessageHubBackedObjectConnection$DispatchWrapper.dispatch(MessageHubBackedObjectConnection.java:155)
	at org.gradle.internal.remote.internal.hub.MessageHubBackedObjectConnection$DispatchWrapper.dispatch(MessageHubBackedObjectConnection.java:137)
	at org.gradle.internal.remote.internal.hub.MessageHub$Handler.run(MessageHub.java:404)
	at org.gradle.internal.concurrent.ExecutorPolicy$CatchAndRecordFailures.onExecute(ExecutorPolicy.java:63)
	at org.gradle.internal.concurrent.ManagedExecutorImpl$1.run(ManagedExecutorImpl.java:46)
	at java.util.concurrent.ThreadPoolExecutor.runWorker(ThreadPoolExecutor.java:1149)
	at java.util.concurrent.ThreadPoolExecutor$Worker.run(ThreadPoolExecutor.java:624)
	at org.gradle.internal.concurrent.ThreadFactoryImpl$ManagedThreadRunnable.run(ThreadFactoryImpl.java:55)
	at java.lang.Thread.run(Thread.java:748)
</pre>
</span>
</div>
<div class="test">
<a name="publish[1: com.dotcms.publishing.PublisherAPIImplTest$TestCase@26ed9b54]"></a>
<h3 class="failures">publish[1: com.dotcms.publishing.PublisherAPIImplTest$TestCase@26ed9b54]</h3>
<span class="code">
<pre>java.lang.AssertionError: Expected 23 but get 25 in /custom/assets/bundles/01EY9FH4GYC4HB8B4DWJ1BCTFV
Expected [/custom/assets/bundles/01EY9FH4GYC4HB8B4DWJ1BCTFV/working/System Host/1/b225aeed-a040-44af-8557-17da4b88e0ea.contentworkflow.xml, /custom/assets/bundles/01EY9FH4GYC4HB8B4DWJ1BCTFV/working/System Host/1/content.ff462f88-d9e1-4d31-b084-b73cb61976d3.host.xml, /custom/assets/bundles/01EY9FH4GYC4HB8B4DWJ1BCTFV/live/default/1613076004036/1-content.d31e44b3-b0e8-47c1-b59c-64850ff7925c.content.xml, /custom/assets/bundles/01EY9FH4GYC4HB8B4DWJ1BCTFV/working/System Host/f4d7c1b8-2c88-4071-abf1-a5328977b07d.contentType.json, /custom/assets/bundles/01EY9FH4GYC4HB8B4DWJ1BCTFV/live/System Host/1/2-content.afc99973-f938-47d4-bd70-07bafa2564d5.content.xml, /custom/assets/bundles/01EY9FH4GYC4HB8B4DWJ1BCTFV/live/test1613073736187.dotcms.com/7aeb51e8-1bfd-45ef-bad7-a16898fc88c9.template.template.xml, /custom/assets/bundles/01EY9FH4GYC4HB8B4DWJ1BCTFV/live/System Host/1properties, /custom/assets/bundles/01EY9FH4GYC4HB8B4DWJ1BCTFV/working/System Host/1/0-content.b46d8bb9-bf4a-4240-9f7f-b9ca10c8c711.content.xml, /custom/assets/bundles/01EY9FH4GYC4HB8B4DWJ1BCTFV/live/System Host/1/3-content.b46d8bb9-bf4a-4240-9f7f-b9ca10c8c711.content.xml, /custom/assets/bundles/01EY9FH4GYC4HB8B4DWJ1BCTFV/live/System Host/1613076004036properties, /custom/assets/bundles/01EY9FH4GYC4HB8B4DWJ1BCTFV/live/System Host/en_US.language.xml, /custom/assets/bundles/01EY9FH4GYC4HB8B4DWJ1BCTFV/live/System Host/1/9c173b50-1be3-48cd-9077-b0707f9498e8.contentworkflow.xml, /custom/assets/bundles/01EY9FH4GYC4HB8B4DWJ1BCTFV/working/test1613073736187.dotcms.com/3c5d87be-f10d-415c-b0c2-432191404e87.containers.container.xml, /custom/assets/bundles/01EY9FH4GYC4HB8B4DWJ1BCTFV/d61a59e1-a49c-46f2-a929-db2b4bfa88b2.workflow.xml, /custom/assets/bundles/01EY9FH4GYC4HB8B4DWJ1BCTFV/working/test1613073736187.dotcms.com/234af16c-0db7-44cd-8312-d148181e0df7.contentType.json, /custom/assets/bundles/01EY9FH4GYC4HB8B4DWJ1BCTFV/working/test1613073736187.dotcms.com/93fe185e-48da-4415-8f1e-375e5c757deb.containers.container.xml, /custom/assets/bundles/01EY9FH4GYC4HB8B4DWJ1BCTFV/live/System Host/is_RC.language.xml, /custom/assets/bundles/01EY9FH4GYC4HB8B4DWJ1BCTFV/live/System Host/1/b225aeed-a040-44af-8557-17da4b88e0ea.contentworkflow.xml, /custom/assets/bundles/01EY9FH4GYC4HB8B4DWJ1BCTFV/live/default/74c31419-80ed-414e-9fed-7d56ac966987.rule.xml, /custom/assets/bundles/01EY9FH4GYC4HB8B4DWJ1BCTFV/live/default/1613076004036/b11bdeb4-c94b-4bf0-b773-9a9716a157db.contentworkflow.xml, /custom/assets/bundles/01EY9FH4GYC4HB8B4DWJ1BCTFV/live/System Host/1/content.d93b7162-8d04-4b41-909f-99414c43b75d.host.xml, /custom/assets/bundles/01EY9FH4GYC4HB8B4DWJ1BCTFV/live/System Host/1/content.ff462f88-d9e1-4d31-b084-b73cb61976d3.host.xml]
Existing [/custom/assets/bundles/01EY9FH4GYC4HB8B4DWJ1BCTFV/ROOT/bc9a1d37-dd2d-4d49-a29d-0c9be740bfaf.folder.xml, /custom/assets/bundles/01EY9FH4GYC4HB8B4DWJ1BCTFV/bundle.xml, /custom/assets/bundles/01EY9FH4GYC4HB8B4DWJ1BCTFV/d61a59e1-a49c-46f2-a929-db2b4bfa88b2.workflow.xml, /custom/assets/bundles/01EY9FH4GYC4HB8B4DWJ1BCTFV/live/System Host/1/2-content.afc99973-f938-47d4-bd70-07bafa2564d5.content.xml, /custom/assets/bundles/01EY9FH4GYC4HB8B4DWJ1BCTFV/live/System Host/1/3-content.b46d8bb9-bf4a-4240-9f7f-b9ca10c8c711.content.xml, /custom/assets/bundles/01EY9FH4GYC4HB8B4DWJ1BCTFV/live/System Host/1/9c173b50-1be3-48cd-9077-b0707f9498e8.contentworkflow.xml, /custom/assets/bundles/01EY9FH4GYC4HB8B4DWJ1BCTFV/live/System Host/1/b225aeed-a040-44af-8557-17da4b88e0ea.contentworkflow.xml, /custom/assets/bundles/01EY9FH4GYC4HB8B4DWJ1BCTFV/live/System Host/1/content.d93b7162-8d04-4b41-909f-99414c43b75d.host.xml, /custom/assets/bundles/01EY9FH4GYC4HB8B4DWJ1BCTFV/live/System Host/1/content.ff462f88-d9e1-4d31-b084-b73cb61976d3.host.xml, /custom/assets/bundles/01EY9FH4GYC4HB8B4DWJ1BCTFV/live/System Host/1/system host.host.xml, /custom/assets/bundles/01EY9FH4GYC4HB8B4DWJ1BCTFV/live/System Host/1613076004036properties, /custom/assets/bundles/01EY9FH4GYC4HB8B4DWJ1BCTFV/live/System Host/1properties, /custom/assets/bundles/01EY9FH4GYC4HB8B4DWJ1BCTFV/live/System Host/en_US.language.xml, /custom/assets/bundles/01EY9FH4GYC4HB8B4DWJ1BCTFV/live/System Host/is_RC.language.xml, /custom/assets/bundles/01EY9FH4GYC4HB8B4DWJ1BCTFV/live/default/1613076004036/1-content.d31e44b3-b0e8-47c1-b59c-64850ff7925c.content.xml, /custom/assets/bundles/01EY9FH4GYC4HB8B4DWJ1BCTFV/live/default/1613076004036/b11bdeb4-c94b-4bf0-b773-9a9716a157db.contentworkflow.xml, /custom/assets/bundles/01EY9FH4GYC4HB8B4DWJ1BCTFV/live/default/74c31419-80ed-414e-9fed-7d56ac966987.rule.xml, /custom/assets/bundles/01EY9FH4GYC4HB8B4DWJ1BCTFV/live/test1613073736187.dotcms.com/7aeb51e8-1bfd-45ef-bad7-a16898fc88c9.template.template.xml, /custom/assets/bundles/01EY9FH4GYC4HB8B4DWJ1BCTFV/working/System Host/1/0-content.b46d8bb9-bf4a-4240-9f7f-b9ca10c8c711.content.xml, /custom/assets/bundles/01EY9FH4GYC4HB8B4DWJ1BCTFV/working/System Host/1/b225aeed-a040-44af-8557-17da4b88e0ea.contentworkflow.xml, /custom/assets/bundles/01EY9FH4GYC4HB8B4DWJ1BCTFV/working/System Host/1/content.ff462f88-d9e1-4d31-b084-b73cb61976d3.host.xml, /custom/assets/bundles/01EY9FH4GYC4HB8B4DWJ1BCTFV/working/System Host/f4d7c1b8-2c88-4071-abf1-a5328977b07d.contentType.json, /custom/assets/bundles/01EY9FH4GYC4HB8B4DWJ1BCTFV/working/test1613073736187.dotcms.com/234af16c-0db7-44cd-8312-d148181e0df7.contentType.json, /custom/assets/bundles/01EY9FH4GYC4HB8B4DWJ1BCTFV/working/test1613073736187.dotcms.com/3c5d87be-f10d-415c-b0c2-432191404e87.containers.container.xml, /custom/assets/bundles/01EY9FH4GYC4HB8B4DWJ1BCTFV/working/test1613073736187.dotcms.com/93fe185e-48da-4415-8f1e-375e5c757deb.containers.container.xml]
difference [/custom/assets/bundles/01EY9FH4GYC4HB8B4DWJ1BCTFV/ROOT/bc9a1d37-dd2d-4d49-a29d-0c9be740bfaf.folder.xml, /custom/assets/bundles/01EY9FH4GYC4HB8B4DWJ1BCTFV/bundle.xml, /custom/assets/bundles/01EY9FH4GYC4HB8B4DWJ1BCTFV/live/System Host/1/system host.host.xml]

	at org.jgroups.util.Util.assertEquals(Util.java:185)
	at com.dotcms.publishing.PublisherAPIImplTest.publish(PublisherAPIImplTest.java:407)
	at sun.reflect.NativeMethodAccessorImpl.invoke0(Native Method)
	at sun.reflect.NativeMethodAccessorImpl.invoke(NativeMethodAccessorImpl.java:62)
	at sun.reflect.DelegatingMethodAccessorImpl.invoke(DelegatingMethodAccessorImpl.java:43)
	at java.lang.reflect.Method.invoke(Method.java:498)
	at org.junit.runners.model.FrameworkMethod$1.runReflectiveCall(FrameworkMethod.java:50)
	at org.junit.internal.runners.model.ReflectiveCallable.run(ReflectiveCallable.java:12)
	at org.junit.runners.model.FrameworkMethod.invokeExplosively(FrameworkMethod.java:47)
	at com.tngtech.java.junit.dataprovider.DataProviderFrameworkMethod.invokeExplosively(DataProviderFrameworkMethod.java:119)
	at org.junit.internal.runners.statements.InvokeMethod.evaluate(InvokeMethod.java:17)
	at org.junit.rules.TestWatcher$1.evaluate(TestWatcher.java:55)
	at org.junit.rules.RunRules.evaluate(RunRules.java:20)
	at org.junit.runners.ParentRunner.runLeaf(ParentRunner.java:325)
	at com.dotcms.junit.CustomDataProviderRunner.runChild(CustomDataProviderRunner.java:28)
	at com.dotcms.junit.CustomDataProviderRunner.runChild(CustomDataProviderRunner.java:13)
	at org.junit.runners.ParentRunner$3.run(ParentRunner.java:290)
	at org.junit.runners.ParentRunner$1.schedule(ParentRunner.java:71)
	at org.junit.runners.ParentRunner.runChildren(ParentRunner.java:288)
	at org.junit.runners.ParentRunner.access$000(ParentRunner.java:58)
	at org.junit.runners.ParentRunner$2.evaluate(ParentRunner.java:268)
	at org.junit.internal.runners.statements.RunBefores.evaluate(RunBefores.java:26)
	at org.junit.internal.runners.statements.RunAfters.evaluate(RunAfters.java:27)
	at org.junit.runners.ParentRunner.run(ParentRunner.java:363)
	at org.junit.runners.Suite.runChild(Suite.java:128)
	at org.junit.runners.Suite.runChild(Suite.java:27)
	at org.junit.runners.ParentRunner$3.run(ParentRunner.java:290)
	at org.junit.runners.ParentRunner$1.schedule(ParentRunner.java:71)
	at org.junit.runners.ParentRunner.runChildren(ParentRunner.java:288)
	at org.junit.runners.ParentRunner.access$000(ParentRunner.java:58)
	at org.junit.runners.ParentRunner$2.evaluate(ParentRunner.java:268)
	at org.junit.runners.ParentRunner.run(ParentRunner.java:363)
	at org.gradle.api.internal.tasks.testing.junit.JUnitTestClassExecutor.runTestClass(JUnitTestClassExecutor.java:106)
	at org.gradle.api.internal.tasks.testing.junit.JUnitTestClassExecutor.execute(JUnitTestClassExecutor.java:58)
	at org.gradle.api.internal.tasks.testing.junit.JUnitTestClassExecutor.execute(JUnitTestClassExecutor.java:38)
	at org.gradle.api.internal.tasks.testing.junit.AbstractJUnitTestClassProcessor.processTestClass(AbstractJUnitTestClassProcessor.java:66)
	at org.gradle.api.internal.tasks.testing.SuiteTestClassProcessor.processTestClass(SuiteTestClassProcessor.java:51)
	at sun.reflect.NativeMethodAccessorImpl.invoke0(Native Method)
	at sun.reflect.NativeMethodAccessorImpl.invoke(NativeMethodAccessorImpl.java:62)
	at sun.reflect.DelegatingMethodAccessorImpl.invoke(DelegatingMethodAccessorImpl.java:43)
	at java.lang.reflect.Method.invoke(Method.java:498)
	at org.gradle.internal.dispatch.ReflectionDispatch.dispatch(ReflectionDispatch.java:35)
	at org.gradle.internal.dispatch.ReflectionDispatch.dispatch(ReflectionDispatch.java:24)
	at org.gradle.internal.dispatch.ContextClassLoaderDispatch.dispatch(ContextClassLoaderDispatch.java:32)
	at org.gradle.internal.dispatch.ProxyDispatchAdapter$DispatchingInvocationHandler.invoke(ProxyDispatchAdapter.java:93)
	at com.sun.proxy.$Proxy2.processTestClass(Unknown Source)
	at org.gradle.api.internal.tasks.testing.worker.TestWorker.processTestClass(TestWorker.java:117)
	at sun.reflect.NativeMethodAccessorImpl.invoke0(Native Method)
	at sun.reflect.NativeMethodAccessorImpl.invoke(NativeMethodAccessorImpl.java:62)
	at sun.reflect.DelegatingMethodAccessorImpl.invoke(DelegatingMethodAccessorImpl.java:43)
	at java.lang.reflect.Method.invoke(Method.java:498)
	at org.gradle.internal.dispatch.ReflectionDispatch.dispatch(ReflectionDispatch.java:35)
	at org.gradle.internal.dispatch.ReflectionDispatch.dispatch(ReflectionDispatch.java:24)
	at org.gradle.internal.remote.internal.hub.MessageHubBackedObjectConnection$DispatchWrapper.dispatch(MessageHubBackedObjectConnection.java:155)
	at org.gradle.internal.remote.internal.hub.MessageHubBackedObjectConnection$DispatchWrapper.dispatch(MessageHubBackedObjectConnection.java:137)
	at org.gradle.internal.remote.internal.hub.MessageHub$Handler.run(MessageHub.java:404)
	at org.gradle.internal.concurrent.ExecutorPolicy$CatchAndRecordFailures.onExecute(ExecutorPolicy.java:63)
	at org.gradle.internal.concurrent.ManagedExecutorImpl$1.run(ManagedExecutorImpl.java:46)
	at java.util.concurrent.ThreadPoolExecutor.runWorker(ThreadPoolExecutor.java:1149)
	at java.util.concurrent.ThreadPoolExecutor$Worker.run(ThreadPoolExecutor.java:624)
	at org.gradle.internal.concurrent.ThreadFactoryImpl$ManagedThreadRunnable.run(ThreadFactoryImpl.java:55)
	at java.lang.Thread.run(Thread.java:748)
</pre>
</span>
</div>
<div class="test">
<a name="publish[2: com.dotcms.publishing.PublisherAPIImplTest$TestCase@47cdf535]"></a>
<h3 class="failures">publish[2: com.dotcms.publishing.PublisherAPIImplTest$TestCase@47cdf535]</h3>
<span class="code">
<pre>java.lang.AssertionError: Expected 21 but get 23 in /custom/assets/bundles/01EY9FH4MSCMHQ8WXC89M3JV8S
Expected [/custom/assets/bundles/01EY9FH4MSCMHQ8WXC89M3JV8S/live/default/1613076004036/1-content.d31e44b3-b0e8-47c1-b59c-64850ff7925c.content.xml, /custom/assets/bundles/01EY9FH4MSCMHQ8WXC89M3JV8S/live/System Host/1/3-content.b46d8bb9-bf4a-4240-9f7f-b9ca10c8c711.content.xml, /custom/assets/bundles/01EY9FH4MSCMHQ8WXC89M3JV8S/working/test1613073737176.dotcms.com/a2e59d02-f0d6-4df8-980c-922161f12e19.containers.container.xml, /custom/assets/bundles/01EY9FH4MSCMHQ8WXC89M3JV8S/live/default/74c31419-80ed-414e-9fed-7d56ac966987.rule.xml, /custom/assets/bundles/01EY9FH4MSCMHQ8WXC89M3JV8S/working/System Host/1/0-content.b46d8bb9-bf4a-4240-9f7f-b9ca10c8c711.content.xml, /custom/assets/bundles/01EY9FH4MSCMHQ8WXC89M3JV8S/live/System Host/1/content.ff462f88-d9e1-4d31-b084-b73cb61976d3.host.xml, /custom/assets/bundles/01EY9FH4MSCMHQ8WXC89M3JV8S/live/System Host/1/2-content.afc99973-f938-47d4-bd70-07bafa2564d5.content.xml, /custom/assets/bundles/01EY9FH4MSCMHQ8WXC89M3JV8S/working/System Host/f4d7c1b8-2c88-4071-abf1-a5328977b07d.contentType.json, /custom/assets/bundles/01EY9FH4MSCMHQ8WXC89M3JV8S/live/System Host/1/9c173b50-1be3-48cd-9077-b0707f9498e8.contentworkflow.xml, /custom/assets/bundles/01EY9FH4MSCMHQ8WXC89M3JV8S/working/System Host/1/content.ff462f88-d9e1-4d31-b084-b73cb61976d3.host.xml, /custom/assets/bundles/01EY9FH4MSCMHQ8WXC89M3JV8S/live/System Host/en_US.language.xml, /custom/assets/bundles/01EY9FH4MSCMHQ8WXC89M3JV8S/live/System Host/1/b225aeed-a040-44af-8557-17da4b88e0ea.contentworkflow.xml, /custom/assets/bundles/01EY9FH4MSCMHQ8WXC89M3JV8S/d61a59e1-a49c-46f2-a929-db2b4bfa88b2.workflow.xml, /custom/assets/bundles/01EY9FH4MSCMHQ8WXC89M3JV8S/live/System Host/is_RC.language.xml, /custom/assets/bundles/01EY9FH4MSCMHQ8WXC89M3JV8S/live/System Host/1properties, /custom/assets/bundles/01EY9FH4MSCMHQ8WXC89M3JV8S/live/default/1613076004036/b11bdeb4-c94b-4bf0-b773-9a9716a157db.contentworkflow.xml, /custom/assets/bundles/01EY9FH4MSCMHQ8WXC89M3JV8S/live/System Host/1613076004036properties, /custom/assets/bundles/01EY9FH4MSCMHQ8WXC89M3JV8S/working/test1613073737176.dotcms.com/21e5a42e-3683-4bac-a063-882f2e42eabb.contentType.json, /custom/assets/bundles/01EY9FH4MSCMHQ8WXC89M3JV8S/live/System Host/1/content.f7de207c-9e59-47e2-bca8-d18f45eba654.host.xml, /custom/assets/bundles/01EY9FH4MSCMHQ8WXC89M3JV8S/working/System Host/1/b225aeed-a040-44af-8557-17da4b88e0ea.contentworkflow.xml]
Existing [/custom/assets/bundles/01EY9FH4MSCMHQ8WXC89M3JV8S/ROOT/bc9a1d37-dd2d-4d49-a29d-0c9be740bfaf.folder.xml, /custom/assets/bundles/01EY9FH4MSCMHQ8WXC89M3JV8S/bundle.xml, /custom/assets/bundles/01EY9FH4MSCMHQ8WXC89M3JV8S/d61a59e1-a49c-46f2-a929-db2b4bfa88b2.workflow.xml, /custom/assets/bundles/01EY9FH4MSCMHQ8WXC89M3JV8S/live/System Host/1/2-content.afc99973-f938-47d4-bd70-07bafa2564d5.content.xml, /custom/assets/bundles/01EY9FH4MSCMHQ8WXC89M3JV8S/live/System Host/1/3-content.b46d8bb9-bf4a-4240-9f7f-b9ca10c8c711.content.xml, /custom/assets/bundles/01EY9FH4MSCMHQ8WXC89M3JV8S/live/System Host/1/9c173b50-1be3-48cd-9077-b0707f9498e8.contentworkflow.xml, /custom/assets/bundles/01EY9FH4MSCMHQ8WXC89M3JV8S/live/System Host/1/b225aeed-a040-44af-8557-17da4b88e0ea.contentworkflow.xml, /custom/assets/bundles/01EY9FH4MSCMHQ8WXC89M3JV8S/live/System Host/1/content.f7de207c-9e59-47e2-bca8-d18f45eba654.host.xml, /custom/assets/bundles/01EY9FH4MSCMHQ8WXC89M3JV8S/live/System Host/1/content.ff462f88-d9e1-4d31-b084-b73cb61976d3.host.xml, /custom/assets/bundles/01EY9FH4MSCMHQ8WXC89M3JV8S/live/System Host/1/system host.host.xml, /custom/assets/bundles/01EY9FH4MSCMHQ8WXC89M3JV8S/live/System Host/1613076004036properties, /custom/assets/bundles/01EY9FH4MSCMHQ8WXC89M3JV8S/live/System Host/1properties, /custom/assets/bundles/01EY9FH4MSCMHQ8WXC89M3JV8S/live/System Host/en_US.language.xml, /custom/assets/bundles/01EY9FH4MSCMHQ8WXC89M3JV8S/live/System Host/is_RC.language.xml, /custom/assets/bundles/01EY9FH4MSCMHQ8WXC89M3JV8S/live/default/1613076004036/1-content.d31e44b3-b0e8-47c1-b59c-64850ff7925c.content.xml, /custom/assets/bundles/01EY9FH4MSCMHQ8WXC89M3JV8S/live/default/1613076004036/b11bdeb4-c94b-4bf0-b773-9a9716a157db.contentworkflow.xml, /custom/assets/bundles/01EY9FH4MSCMHQ8WXC89M3JV8S/live/default/74c31419-80ed-414e-9fed-7d56ac966987.rule.xml, /custom/assets/bundles/01EY9FH4MSCMHQ8WXC89M3JV8S/working/System Host/1/0-content.b46d8bb9-bf4a-4240-9f7f-b9ca10c8c711.content.xml, /custom/assets/bundles/01EY9FH4MSCMHQ8WXC89M3JV8S/working/System Host/1/b225aeed-a040-44af-8557-17da4b88e0ea.contentworkflow.xml, /custom/assets/bundles/01EY9FH4MSCMHQ8WXC89M3JV8S/working/System Host/1/content.ff462f88-d9e1-4d31-b084-b73cb61976d3.host.xml, /custom/assets/bundles/01EY9FH4MSCMHQ8WXC89M3JV8S/working/System Host/f4d7c1b8-2c88-4071-abf1-a5328977b07d.contentType.json, /custom/assets/bundles/01EY9FH4MSCMHQ8WXC89M3JV8S/working/test1613073737176.dotcms.com/21e5a42e-3683-4bac-a063-882f2e42eabb.contentType.json, /custom/assets/bundles/01EY9FH4MSCMHQ8WXC89M3JV8S/working/test1613073737176.dotcms.com/a2e59d02-f0d6-4df8-980c-922161f12e19.containers.container.xml]
difference [/custom/assets/bundles/01EY9FH4MSCMHQ8WXC89M3JV8S/ROOT/bc9a1d37-dd2d-4d49-a29d-0c9be740bfaf.folder.xml, /custom/assets/bundles/01EY9FH4MSCMHQ8WXC89M3JV8S/bundle.xml, /custom/assets/bundles/01EY9FH4MSCMHQ8WXC89M3JV8S/live/System Host/1/system host.host.xml]

	at org.jgroups.util.Util.assertEquals(Util.java:185)
	at com.dotcms.publishing.PublisherAPIImplTest.publish(PublisherAPIImplTest.java:407)
	at sun.reflect.NativeMethodAccessorImpl.invoke0(Native Method)
	at sun.reflect.NativeMethodAccessorImpl.invoke(NativeMethodAccessorImpl.java:62)
	at sun.reflect.DelegatingMethodAccessorImpl.invoke(DelegatingMethodAccessorImpl.java:43)
	at java.lang.reflect.Method.invoke(Method.java:498)
	at org.junit.runners.model.FrameworkMethod$1.runReflectiveCall(FrameworkMethod.java:50)
	at org.junit.internal.runners.model.ReflectiveCallable.run(ReflectiveCallable.java:12)
	at org.junit.runners.model.FrameworkMethod.invokeExplosively(FrameworkMethod.java:47)
	at com.tngtech.java.junit.dataprovider.DataProviderFrameworkMethod.invokeExplosively(DataProviderFrameworkMethod.java:119)
	at org.junit.internal.runners.statements.InvokeMethod.evaluate(InvokeMethod.java:17)
	at org.junit.rules.TestWatcher$1.evaluate(TestWatcher.java:55)
	at org.junit.rules.RunRules.evaluate(RunRules.java:20)
	at org.junit.runners.ParentRunner.runLeaf(ParentRunner.java:325)
	at com.dotcms.junit.CustomDataProviderRunner.runChild(CustomDataProviderRunner.java:28)
	at com.dotcms.junit.CustomDataProviderRunner.runChild(CustomDataProviderRunner.java:13)
	at org.junit.runners.ParentRunner$3.run(ParentRunner.java:290)
	at org.junit.runners.ParentRunner$1.schedule(ParentRunner.java:71)
	at org.junit.runners.ParentRunner.runChildren(ParentRunner.java:288)
	at org.junit.runners.ParentRunner.access$000(ParentRunner.java:58)
	at org.junit.runners.ParentRunner$2.evaluate(ParentRunner.java:268)
	at org.junit.internal.runners.statements.RunBefores.evaluate(RunBefores.java:26)
	at org.junit.internal.runners.statements.RunAfters.evaluate(RunAfters.java:27)
	at org.junit.runners.ParentRunner.run(ParentRunner.java:363)
	at org.junit.runners.Suite.runChild(Suite.java:128)
	at org.junit.runners.Suite.runChild(Suite.java:27)
	at org.junit.runners.ParentRunner$3.run(ParentRunner.java:290)
	at org.junit.runners.ParentRunner$1.schedule(ParentRunner.java:71)
	at org.junit.runners.ParentRunner.runChildren(ParentRunner.java:288)
	at org.junit.runners.ParentRunner.access$000(ParentRunner.java:58)
	at org.junit.runners.ParentRunner$2.evaluate(ParentRunner.java:268)
	at org.junit.runners.ParentRunner.run(ParentRunner.java:363)
	at org.gradle.api.internal.tasks.testing.junit.JUnitTestClassExecutor.runTestClass(JUnitTestClassExecutor.java:106)
	at org.gradle.api.internal.tasks.testing.junit.JUnitTestClassExecutor.execute(JUnitTestClassExecutor.java:58)
	at org.gradle.api.internal.tasks.testing.junit.JUnitTestClassExecutor.execute(JUnitTestClassExecutor.java:38)
	at org.gradle.api.internal.tasks.testing.junit.AbstractJUnitTestClassProcessor.processTestClass(AbstractJUnitTestClassProcessor.java:66)
	at org.gradle.api.internal.tasks.testing.SuiteTestClassProcessor.processTestClass(SuiteTestClassProcessor.java:51)
	at sun.reflect.NativeMethodAccessorImpl.invoke0(Native Method)
	at sun.reflect.NativeMethodAccessorImpl.invoke(NativeMethodAccessorImpl.java:62)
	at sun.reflect.DelegatingMethodAccessorImpl.invoke(DelegatingMethodAccessorImpl.java:43)
	at java.lang.reflect.Method.invoke(Method.java:498)
	at org.gradle.internal.dispatch.ReflectionDispatch.dispatch(ReflectionDispatch.java:35)
	at org.gradle.internal.dispatch.ReflectionDispatch.dispatch(ReflectionDispatch.java:24)
	at org.gradle.internal.dispatch.ContextClassLoaderDispatch.dispatch(ContextClassLoaderDispatch.java:32)
	at org.gradle.internal.dispatch.ProxyDispatchAdapter$DispatchingInvocationHandler.invoke(ProxyDispatchAdapter.java:93)
	at com.sun.proxy.$Proxy2.processTestClass(Unknown Source)
	at org.gradle.api.internal.tasks.testing.worker.TestWorker.processTestClass(TestWorker.java:117)
	at sun.reflect.NativeMethodAccessorImpl.invoke0(Native Method)
	at sun.reflect.NativeMethodAccessorImpl.invoke(NativeMethodAccessorImpl.java:62)
	at sun.reflect.DelegatingMethodAccessorImpl.invoke(DelegatingMethodAccessorImpl.java:43)
	at java.lang.reflect.Method.invoke(Method.java:498)
	at org.gradle.internal.dispatch.ReflectionDispatch.dispatch(ReflectionDispatch.java:35)
	at org.gradle.internal.dispatch.ReflectionDispatch.dispatch(ReflectionDispatch.java:24)
	at org.gradle.internal.remote.internal.hub.MessageHubBackedObjectConnection$DispatchWrapper.dispatch(MessageHubBackedObjectConnection.java:155)
	at org.gradle.internal.remote.internal.hub.MessageHubBackedObjectConnection$DispatchWrapper.dispatch(MessageHubBackedObjectConnection.java:137)
	at org.gradle.internal.remote.internal.hub.MessageHub$Handler.run(MessageHub.java:404)
	at org.gradle.internal.concurrent.ExecutorPolicy$CatchAndRecordFailures.onExecute(ExecutorPolicy.java:63)
	at org.gradle.internal.concurrent.ManagedExecutorImpl$1.run(ManagedExecutorImpl.java:46)
	at java.util.concurrent.ThreadPoolExecutor.runWorker(ThreadPoolExecutor.java:1149)
	at java.util.concurrent.ThreadPoolExecutor$Worker.run(ThreadPoolExecutor.java:624)
	at org.gradle.internal.concurrent.ThreadFactoryImpl$ManagedThreadRunnable.run(ThreadFactoryImpl.java:55)
	at java.lang.Thread.run(Thread.java:748)
</pre>
</span>
</div>
<div class="test">
<a name="publish[3: com.dotcms.publishing.PublisherAPIImplTest$TestCase@578b171b]"></a>
<h3 class="failures">publish[3: com.dotcms.publishing.PublisherAPIImplTest$TestCase@578b171b]</h3>
<span class="code">
<pre>java.lang.AssertionError: Expected 31 but get 33 in /custom/assets/bundles/01EY9FH4RCFN5GDTC4DGTWA4WA
Expected [/custom/assets/bundles/01EY9FH4RCFN5GDTC4DGTWA4WA/live/System Host/is_RC.language.xml, /custom/assets/bundles/01EY9FH4RCFN5GDTC4DGTWA4WA/working/test1613073738157.dotcms.com/1/5-77379915-b545-4a19-8cb2-d068e8a5c949.content.xml, /custom/assets/bundles/01EY9FH4RCFN5GDTC4DGTWA4WA/live/System Host/1/3-content.b46d8bb9-bf4a-4240-9f7f-b9ca10c8c711.content.xml, /custom/assets/bundles/01EY9FH4RCFN5GDTC4DGTWA4WA/working/test1613073738157.dotcms.com/testName1613073739144/testName1613073739150/3d504222-1298-428c-ab9c-6ac35844e8bf.link.xml, /custom/assets/bundles/01EY9FH4RCFN5GDTC4DGTWA4WA/live/default/74c31419-80ed-414e-9fed-7d56ac966987.rule.xml, /custom/assets/bundles/01EY9FH4RCFN5GDTC4DGTWA4WA/live/System Host/1/9c173b50-1be3-48cd-9077-b0707f9498e8.contentworkflow.xml, /custom/assets/bundles/01EY9FH4RCFN5GDTC4DGTWA4WA/live/System Host/1/b225aeed-a040-44af-8557-17da4b88e0ea.contentworkflow.xml, /custom/assets/bundles/01EY9FH4RCFN5GDTC4DGTWA4WA/working/test1613073738157.dotcms.com/1/79f49ffe-1a15-45dc-9d88-e6ec264467ea.contentworkflow.xml, /custom/assets/bundles/01EY9FH4RCFN5GDTC4DGTWA4WA/working/System Host/1/0-content.b46d8bb9-bf4a-4240-9f7f-b9ca10c8c711.content.xml, /custom/assets/bundles/01EY9FH4RCFN5GDTC4DGTWA4WA/live/default/1613076004036/1-content.d31e44b3-b0e8-47c1-b59c-64850ff7925c.content.xml, /custom/assets/bundles/01EY9FH4RCFN5GDTC4DGTWA4WA/d61a59e1-a49c-46f2-a929-db2b4bfa88b2.workflow.xml, /custom/assets/bundles/01EY9FH4RCFN5GDTC4DGTWA4WA/working/System Host/33888b6f-7a8e-4069-b1b6-5c1aa9d0a48d.contentType.json, /custom/assets/bundles/01EY9FH4RCFN5GDTC4DGTWA4WA/live/System Host/1613076004036properties, /custom/assets/bundles/01EY9FH4RCFN5GDTC4DGTWA4WA/working/test1613073738157.dotcms.com/1/2fc526d9-f6f2-4f66-af75-00ecc67fdd49.contentworkflow.xml, /custom/assets/bundles/01EY9FH4RCFN5GDTC4DGTWA4WA/ROOT/8e91e3f8-fd0c-4d6f-ad18-441de9293acb.folder.xml, /custom/assets/bundles/01EY9FH4RCFN5GDTC4DGTWA4WA/live/default/1613076004036/b11bdeb4-c94b-4bf0-b773-9a9716a157db.contentworkflow.xml, /custom/assets/bundles/01EY9FH4RCFN5GDTC4DGTWA4WA/live/System Host/1/2-content.afc99973-f938-47d4-bd70-07bafa2564d5.content.xml, /custom/assets/bundles/01EY9FH4RCFN5GDTC4DGTWA4WA/live/System Host/en_US.language.xml, /custom/assets/bundles/01EY9FH4RCFN5GDTC4DGTWA4WA/working/System Host/1/content.ff462f88-d9e1-4d31-b084-b73cb61976d3.host.xml, /custom/assets/bundles/01EY9FH4RCFN5GDTC4DGTWA4WA/working/test1613073738157.dotcms.com/45a0bbda-1d49-4c89-bc7e-5dcfad83358f.contentType.json, /custom/assets/bundles/01EY9FH4RCFN5GDTC4DGTWA4WA/ROOT/testName1613073739144/testName1613073739150/41e21830-ca76-4fef-90c3-b52eec4b3675.folder.xml, /custom/assets/bundles/01EY9FH4RCFN5GDTC4DGTWA4WA/live/System Host/1/content.6c4cda48-59a3-442e-8f5e-cc0935a120c2.host.xml, /custom/assets/bundles/01EY9FH4RCFN5GDTC4DGTWA4WA/working/test1613073738157.dotcms.com/1/4-322d1f4e-0a5c-4962-94db-753453f6063d.content.xml, /custom/assets/bundles/01EY9FH4RCFN5GDTC4DGTWA4WA/ROOT/testName1613073739144/ec325671-bd63-437d-b824-3e29a031bba2.folder.xml, /custom/assets/bundles/01EY9FH4RCFN5GDTC4DGTWA4WA/assets/7/7/77379915-b545-4a19-8cb2-d068e8a5c949/fileAsset/test.jpg, /custom/assets/bundles/01EY9FH4RCFN5GDTC4DGTWA4WA/working/System Host/1/b225aeed-a040-44af-8557-17da4b88e0ea.contentworkflow.xml, /custom/assets/bundles/01EY9FH4RCFN5GDTC4DGTWA4WA/live/System Host/1/content.ff462f88-d9e1-4d31-b084-b73cb61976d3.host.xml, /custom/assets/bundles/01EY9FH4RCFN5GDTC4DGTWA4WA/assets/3/2/322d1f4e-0a5c-4962-94db-753453f6063d/fileAsset/test.jpg, /custom/assets/bundles/01EY9FH4RCFN5GDTC4DGTWA4WA/live/System Host/1properties, /custom/assets/bundles/01EY9FH4RCFN5GDTC4DGTWA4WA/working/System Host/f4d7c1b8-2c88-4071-abf1-a5328977b07d.contentType.json]
Existing [/custom/assets/bundles/01EY9FH4RCFN5GDTC4DGTWA4WA/ROOT/8e91e3f8-fd0c-4d6f-ad18-441de9293acb.folder.xml, /custom/assets/bundles/01EY9FH4RCFN5GDTC4DGTWA4WA/ROOT/bc9a1d37-dd2d-4d49-a29d-0c9be740bfaf.folder.xml, /custom/assets/bundles/01EY9FH4RCFN5GDTC4DGTWA4WA/ROOT/testName1613073739144/ec325671-bd63-437d-b824-3e29a031bba2.folder.xml, /custom/assets/bundles/01EY9FH4RCFN5GDTC4DGTWA4WA/ROOT/testName1613073739144/testName1613073739150/41e21830-ca76-4fef-90c3-b52eec4b3675.folder.xml, /custom/assets/bundles/01EY9FH4RCFN5GDTC4DGTWA4WA/assets/3/2/322d1f4e-0a5c-4962-94db-753453f6063d/fileAsset/test.jpg, /custom/assets/bundles/01EY9FH4RCFN5GDTC4DGTWA4WA/assets/7/7/77379915-b545-4a19-8cb2-d068e8a5c949/fileAsset/test.jpg, /custom/assets/bundles/01EY9FH4RCFN5GDTC4DGTWA4WA/bundle.xml, /custom/assets/bundles/01EY9FH4RCFN5GDTC4DGTWA4WA/d61a59e1-a49c-46f2-a929-db2b4bfa88b2.workflow.xml, /custom/assets/bundles/01EY9FH4RCFN5GDTC4DGTWA4WA/live/System Host/1/2-content.afc99973-f938-47d4-bd70-07bafa2564d5.content.xml, /custom/assets/bundles/01EY9FH4RCFN5GDTC4DGTWA4WA/live/System Host/1/3-content.b46d8bb9-bf4a-4240-9f7f-b9ca10c8c711.content.xml, /custom/assets/bundles/01EY9FH4RCFN5GDTC4DGTWA4WA/live/System Host/1/9c173b50-1be3-48cd-9077-b0707f9498e8.contentworkflow.xml, /custom/assets/bundles/01EY9FH4RCFN5GDTC4DGTWA4WA/live/System Host/1/b225aeed-a040-44af-8557-17da4b88e0ea.contentworkflow.xml, /custom/assets/bundles/01EY9FH4RCFN5GDTC4DGTWA4WA/live/System Host/1/content.6c4cda48-59a3-442e-8f5e-cc0935a120c2.host.xml, /custom/assets/bundles/01EY9FH4RCFN5GDTC4DGTWA4WA/live/System Host/1/content.ff462f88-d9e1-4d31-b084-b73cb61976d3.host.xml, /custom/assets/bundles/01EY9FH4RCFN5GDTC4DGTWA4WA/live/System Host/1/system host.host.xml, /custom/assets/bundles/01EY9FH4RCFN5GDTC4DGTWA4WA/live/System Host/1613076004036properties, /custom/assets/bundles/01EY9FH4RCFN5GDTC4DGTWA4WA/live/System Host/1properties, /custom/assets/bundles/01EY9FH4RCFN5GDTC4DGTWA4WA/live/System Host/en_US.language.xml, /custom/assets/bundles/01EY9FH4RCFN5GDTC4DGTWA4WA/live/System Host/is_RC.language.xml, /custom/assets/bundles/01EY9FH4RCFN5GDTC4DGTWA4WA/live/default/1613076004036/1-content.d31e44b3-b0e8-47c1-b59c-64850ff7925c.content.xml, /custom/assets/bundles/01EY9FH4RCFN5GDTC4DGTWA4WA/live/default/1613076004036/b11bdeb4-c94b-4bf0-b773-9a9716a157db.contentworkflow.xml, /custom/assets/bundles/01EY9FH4RCFN5GDTC4DGTWA4WA/live/default/74c31419-80ed-414e-9fed-7d56ac966987.rule.xml, /custom/assets/bundles/01EY9FH4RCFN5GDTC4DGTWA4WA/working/System Host/1/0-content.b46d8bb9-bf4a-4240-9f7f-b9ca10c8c711.content.xml, /custom/assets/bundles/01EY9FH4RCFN5GDTC4DGTWA4WA/working/System Host/1/b225aeed-a040-44af-8557-17da4b88e0ea.contentworkflow.xml, /custom/assets/bundles/01EY9FH4RCFN5GDTC4DGTWA4WA/working/System Host/1/content.ff462f88-d9e1-4d31-b084-b73cb61976d3.host.xml, /custom/assets/bundles/01EY9FH4RCFN5GDTC4DGTWA4WA/working/System Host/33888b6f-7a8e-4069-b1b6-5c1aa9d0a48d.contentType.json, /custom/assets/bundles/01EY9FH4RCFN5GDTC4DGTWA4WA/working/System Host/f4d7c1b8-2c88-4071-abf1-a5328977b07d.contentType.json, /custom/assets/bundles/01EY9FH4RCFN5GDTC4DGTWA4WA/working/test1613073738157.dotcms.com/1/2fc526d9-f6f2-4f66-af75-00ecc67fdd49.contentworkflow.xml, /custom/assets/bundles/01EY9FH4RCFN5GDTC4DGTWA4WA/working/test1613073738157.dotcms.com/1/4-322d1f4e-0a5c-4962-94db-753453f6063d.content.xml, /custom/assets/bundles/01EY9FH4RCFN5GDTC4DGTWA4WA/working/test1613073738157.dotcms.com/1/5-77379915-b545-4a19-8cb2-d068e8a5c949.content.xml, /custom/assets/bundles/01EY9FH4RCFN5GDTC4DGTWA4WA/working/test1613073738157.dotcms.com/1/79f49ffe-1a15-45dc-9d88-e6ec264467ea.contentworkflow.xml, /custom/assets/bundles/01EY9FH4RCFN5GDTC4DGTWA4WA/working/test1613073738157.dotcms.com/45a0bbda-1d49-4c89-bc7e-5dcfad83358f.contentType.json, /custom/assets/bundles/01EY9FH4RCFN5GDTC4DGTWA4WA/working/test1613073738157.dotcms.com/testName1613073739144/testName1613073739150/3d504222-1298-428c-ab9c-6ac35844e8bf.link.xml]
difference [/custom/assets/bundles/01EY9FH4RCFN5GDTC4DGTWA4WA/ROOT/bc9a1d37-dd2d-4d49-a29d-0c9be740bfaf.folder.xml, /custom/assets/bundles/01EY9FH4RCFN5GDTC4DGTWA4WA/bundle.xml, /custom/assets/bundles/01EY9FH4RCFN5GDTC4DGTWA4WA/live/System Host/1/system host.host.xml]

	at org.jgroups.util.Util.assertEquals(Util.java:185)
	at com.dotcms.publishing.PublisherAPIImplTest.publish(PublisherAPIImplTest.java:407)
	at sun.reflect.NativeMethodAccessorImpl.invoke0(Native Method)
	at sun.reflect.NativeMethodAccessorImpl.invoke(NativeMethodAccessorImpl.java:62)
	at sun.reflect.DelegatingMethodAccessorImpl.invoke(DelegatingMethodAccessorImpl.java:43)
	at java.lang.reflect.Method.invoke(Method.java:498)
	at org.junit.runners.model.FrameworkMethod$1.runReflectiveCall(FrameworkMethod.java:50)
	at org.junit.internal.runners.model.ReflectiveCallable.run(ReflectiveCallable.java:12)
	at org.junit.runners.model.FrameworkMethod.invokeExplosively(FrameworkMethod.java:47)
	at com.tngtech.java.junit.dataprovider.DataProviderFrameworkMethod.invokeExplosively(DataProviderFrameworkMethod.java:119)
	at org.junit.internal.runners.statements.InvokeMethod.evaluate(InvokeMethod.java:17)
	at org.junit.rules.TestWatcher$1.evaluate(TestWatcher.java:55)
	at org.junit.rules.RunRules.evaluate(RunRules.java:20)
	at org.junit.runners.ParentRunner.runLeaf(ParentRunner.java:325)
	at com.dotcms.junit.CustomDataProviderRunner.runChild(CustomDataProviderRunner.java:28)
	at com.dotcms.junit.CustomDataProviderRunner.runChild(CustomDataProviderRunner.java:13)
	at org.junit.runners.ParentRunner$3.run(ParentRunner.java:290)
	at org.junit.runners.ParentRunner$1.schedule(ParentRunner.java:71)
	at org.junit.runners.ParentRunner.runChildren(ParentRunner.java:288)
	at org.junit.runners.ParentRunner.access$000(ParentRunner.java:58)
	at org.junit.runners.ParentRunner$2.evaluate(ParentRunner.java:268)
	at org.junit.internal.runners.statements.RunBefores.evaluate(RunBefores.java:26)
	at org.junit.internal.runners.statements.RunAfters.evaluate(RunAfters.java:27)
	at org.junit.runners.ParentRunner.run(ParentRunner.java:363)
	at org.junit.runners.Suite.runChild(Suite.java:128)
	at org.junit.runners.Suite.runChild(Suite.java:27)
	at org.junit.runners.ParentRunner$3.run(ParentRunner.java:290)
	at org.junit.runners.ParentRunner$1.schedule(ParentRunner.java:71)
	at org.junit.runners.ParentRunner.runChildren(ParentRunner.java:288)
	at org.junit.runners.ParentRunner.access$000(ParentRunner.java:58)
	at org.junit.runners.ParentRunner$2.evaluate(ParentRunner.java:268)
	at org.junit.runners.ParentRunner.run(ParentRunner.java:363)
	at org.gradle.api.internal.tasks.testing.junit.JUnitTestClassExecutor.runTestClass(JUnitTestClassExecutor.java:106)
	at org.gradle.api.internal.tasks.testing.junit.JUnitTestClassExecutor.execute(JUnitTestClassExecutor.java:58)
	at org.gradle.api.internal.tasks.testing.junit.JUnitTestClassExecutor.execute(JUnitTestClassExecutor.java:38)
	at org.gradle.api.internal.tasks.testing.junit.AbstractJUnitTestClassProcessor.processTestClass(AbstractJUnitTestClassProcessor.java:66)
	at org.gradle.api.internal.tasks.testing.SuiteTestClassProcessor.processTestClass(SuiteTestClassProcessor.java:51)
	at sun.reflect.NativeMethodAccessorImpl.invoke0(Native Method)
	at sun.reflect.NativeMethodAccessorImpl.invoke(NativeMethodAccessorImpl.java:62)
	at sun.reflect.DelegatingMethodAccessorImpl.invoke(DelegatingMethodAccessorImpl.java:43)
	at java.lang.reflect.Method.invoke(Method.java:498)
	at org.gradle.internal.dispatch.ReflectionDispatch.dispatch(ReflectionDispatch.java:35)
	at org.gradle.internal.dispatch.ReflectionDispatch.dispatch(ReflectionDispatch.java:24)
	at org.gradle.internal.dispatch.ContextClassLoaderDispatch.dispatch(ContextClassLoaderDispatch.java:32)
	at org.gradle.internal.dispatch.ProxyDispatchAdapter$DispatchingInvocationHandler.invoke(ProxyDispatchAdapter.java:93)
	at com.sun.proxy.$Proxy2.processTestClass(Unknown Source)
	at org.gradle.api.internal.tasks.testing.worker.TestWorker.processTestClass(TestWorker.java:117)
	at sun.reflect.NativeMethodAccessorImpl.invoke0(Native Method)
	at sun.reflect.NativeMethodAccessorImpl.invoke(NativeMethodAccessorImpl.java:62)
	at sun.reflect.DelegatingMethodAccessorImpl.invoke(DelegatingMethodAccessorImpl.java:43)
	at java.lang.reflect.Method.invoke(Method.java:498)
	at org.gradle.internal.dispatch.ReflectionDispatch.dispatch(ReflectionDispatch.java:35)
	at org.gradle.internal.dispatch.ReflectionDispatch.dispatch(ReflectionDispatch.java:24)
	at org.gradle.internal.remote.internal.hub.MessageHubBackedObjectConnection$DispatchWrapper.dispatch(MessageHubBackedObjectConnection.java:155)
	at org.gradle.internal.remote.internal.hub.MessageHubBackedObjectConnection$DispatchWrapper.dispatch(MessageHubBackedObjectConnection.java:137)
	at org.gradle.internal.remote.internal.hub.MessageHub$Handler.run(MessageHub.java:404)
	at org.gradle.internal.concurrent.ExecutorPolicy$CatchAndRecordFailures.onExecute(ExecutorPolicy.java:63)
	at org.gradle.internal.concurrent.ManagedExecutorImpl$1.run(ManagedExecutorImpl.java:46)
	at java.util.concurrent.ThreadPoolExecutor.runWorker(ThreadPoolExecutor.java:1149)
	at java.util.concurrent.ThreadPoolExecutor$Worker.run(ThreadPoolExecutor.java:624)
	at org.gradle.internal.concurrent.ThreadFactoryImpl$ManagedThreadRunnable.run(ThreadFactoryImpl.java:55)
	at java.lang.Thread.run(Thread.java:748)
</pre>
</span>
</div>
<div class="test">
<a name="publish[4: com.dotcms.publishing.PublisherAPIImplTest$TestCase@2b0de40a]"></a>
<h3 class="failures">publish[4: com.dotcms.publishing.PublisherAPIImplTest$TestCase@2b0de40a]</h3>
<span class="code">
<pre>java.lang.AssertionError: Expected 28 but get 30 in /custom/assets/bundles/01EY9FH4YBQCG91H7T2MECTWWS
Expected [/custom/assets/bundles/01EY9FH4YBQCG91H7T2MECTWWS/live/System Host/1/content.6fb32c90-cb06-4878-acba-72d4fb958446.host.xml, /custom/assets/bundles/01EY9FH4YBQCG91H7T2MECTWWS/working/System Host/1/0-content.b46d8bb9-bf4a-4240-9f7f-b9ca10c8c711.content.xml, /custom/assets/bundles/01EY9FH4YBQCG91H7T2MECTWWS/ROOT/8eed9243-c98a-45ee-9d7f-0c48ec5bf005.folder.xml, /custom/assets/bundles/01EY9FH4YBQCG91H7T2MECTWWS/live/System Host/1/9c173b50-1be3-48cd-9077-b0707f9498e8.contentworkflow.xml, /custom/assets/bundles/01EY9FH4YBQCG91H7T2MECTWWS/live/System Host/1/b225aeed-a040-44af-8557-17da4b88e0ea.contentworkflow.xml, /custom/assets/bundles/01EY9FH4YBQCG91H7T2MECTWWS/live/System Host/1/content.ff462f88-d9e1-4d31-b084-b73cb61976d3.host.xml, /custom/assets/bundles/01EY9FH4YBQCG91H7T2MECTWWS/live/test1613073739468.dotcms.com/0ee63e8c-2ddd-4341-97a4-7145a35b3a20.rule.xml, /custom/assets/bundles/01EY9FH4YBQCG91H7T2MECTWWS/d61a59e1-a49c-46f2-a929-db2b4bfa88b2.workflow.xml, /custom/assets/bundles/01EY9FH4YBQCG91H7T2MECTWWS/working/test1613073739468.dotcms.com/1dbcdfbb-b683-4b2b-aa88-f84536a55736.contentType.json, /custom/assets/bundles/01EY9FH4YBQCG91H7T2MECTWWS/live/test1613073739468.dotcms.com/c57b2318-5d22-4cd8-b891-f35fb34c526d.template.template.xml, /custom/assets/bundles/01EY9FH4YBQCG91H7T2MECTWWS/working/test1613073739468.dotcms.com/987d194d-2a01-4be7-973d-00661ffb3738.contentType.json, /custom/assets/bundles/01EY9FH4YBQCG91H7T2MECTWWS/live/System Host/1properties, /custom/assets/bundles/01EY9FH4YBQCG91H7T2MECTWWS/live/System Host/1/3-content.afc99973-f938-47d4-bd70-07bafa2564d5.content.xml, /custom/assets/bundles/01EY9FH4YBQCG91H7T2MECTWWS/live/default/1613076004036/2-content.d31e44b3-b0e8-47c1-b59c-64850ff7925c.content.xml, /custom/assets/bundles/01EY9FH4YBQCG91H7T2MECTWWS/working/test1613073739468.dotcms.com/1/1-content.592f2904-1ff0-4773-9245-42e03bbd487d.content.xml, /custom/assets/bundles/01EY9FH4YBQCG91H7T2MECTWWS/working/test1613073739468.dotcms.com/373de7b2-4dd5-4069-af39-818a6d732789.containers.container.xml, /custom/assets/bundles/01EY9FH4YBQCG91H7T2MECTWWS/working/System Host/f4d7c1b8-2c88-4071-abf1-a5328977b07d.contentType.json, /custom/assets/bundles/01EY9FH4YBQCG91H7T2MECTWWS/working/System Host/33888b6f-7a8e-4069-b1b6-5c1aa9d0a48d.contentType.json, /custom/assets/bundles/01EY9FH4YBQCG91H7T2MECTWWS/live/System Host/1613076004036properties, /custom/assets/bundles/01EY9FH4YBQCG91H7T2MECTWWS/working/System Host/1/content.ff462f88-d9e1-4d31-b084-b73cb61976d3.host.xml, /custom/assets/bundles/01EY9FH4YBQCG91H7T2MECTWWS/live/System Host/1/4-content.b46d8bb9-bf4a-4240-9f7f-b9ca10c8c711.content.xml, /custom/assets/bundles/01EY9FH4YBQCG91H7T2MECTWWS/live/default/1613076004036/b11bdeb4-c94b-4bf0-b773-9a9716a157db.contentworkflow.xml, /custom/assets/bundles/01EY9FH4YBQCG91H7T2MECTWWS/live/System Host/is_RC.language.xml, /custom/assets/bundles/01EY9FH4YBQCG91H7T2MECTWWS/working/test1613073739468.dotcms.com/1/e679a896-406e-48e8-aed2-6d2acfcfae02.contentworkflow.xml, /custom/assets/bundles/01EY9FH4YBQCG91H7T2MECTWWS/live/default/74c31419-80ed-414e-9fed-7d56ac966987.rule.xml, /custom/assets/bundles/01EY9FH4YBQCG91H7T2MECTWWS/working/System Host/1/b225aeed-a040-44af-8557-17da4b88e0ea.contentworkflow.xml, /custom/assets/bundles/01EY9FH4YBQCG91H7T2MECTWWS/live/System Host/en_US.language.xml]
Existing [/custom/assets/bundles/01EY9FH4YBQCG91H7T2MECTWWS/ROOT/8eed9243-c98a-45ee-9d7f-0c48ec5bf005.folder.xml, /custom/assets/bundles/01EY9FH4YBQCG91H7T2MECTWWS/ROOT/bc9a1d37-dd2d-4d49-a29d-0c9be740bfaf.folder.xml, /custom/assets/bundles/01EY9FH4YBQCG91H7T2MECTWWS/bundle.xml, /custom/assets/bundles/01EY9FH4YBQCG91H7T2MECTWWS/d61a59e1-a49c-46f2-a929-db2b4bfa88b2.workflow.xml, /custom/assets/bundles/01EY9FH4YBQCG91H7T2MECTWWS/live/System Host/1/3-content.afc99973-f938-47d4-bd70-07bafa2564d5.content.xml, /custom/assets/bundles/01EY9FH4YBQCG91H7T2MECTWWS/live/System Host/1/4-content.b46d8bb9-bf4a-4240-9f7f-b9ca10c8c711.content.xml, /custom/assets/bundles/01EY9FH4YBQCG91H7T2MECTWWS/live/System Host/1/9c173b50-1be3-48cd-9077-b0707f9498e8.contentworkflow.xml, /custom/assets/bundles/01EY9FH4YBQCG91H7T2MECTWWS/live/System Host/1/b225aeed-a040-44af-8557-17da4b88e0ea.contentworkflow.xml, /custom/assets/bundles/01EY9FH4YBQCG91H7T2MECTWWS/live/System Host/1/content.6fb32c90-cb06-4878-acba-72d4fb958446.host.xml, /custom/assets/bundles/01EY9FH4YBQCG91H7T2MECTWWS/live/System Host/1/content.ff462f88-d9e1-4d31-b084-b73cb61976d3.host.xml, /custom/assets/bundles/01EY9FH4YBQCG91H7T2MECTWWS/live/System Host/1/system host.host.xml, /custom/assets/bundles/01EY9FH4YBQCG91H7T2MECTWWS/live/System Host/1613076004036properties, /custom/assets/bundles/01EY9FH4YBQCG91H7T2MECTWWS/live/System Host/1properties, /custom/assets/bundles/01EY9FH4YBQCG91H7T2MECTWWS/live/System Host/en_US.language.xml, /custom/assets/bundles/01EY9FH4YBQCG91H7T2MECTWWS/live/System Host/is_RC.language.xml, /custom/assets/bundles/01EY9FH4YBQCG91H7T2MECTWWS/live/default/1613076004036/2-content.d31e44b3-b0e8-47c1-b59c-64850ff7925c.content.xml, /custom/assets/bundles/01EY9FH4YBQCG91H7T2MECTWWS/live/default/1613076004036/b11bdeb4-c94b-4bf0-b773-9a9716a157db.contentworkflow.xml, /custom/assets/bundles/01EY9FH4YBQCG91H7T2MECTWWS/live/default/74c31419-80ed-414e-9fed-7d56ac966987.rule.xml, /custom/assets/bundles/01EY9FH4YBQCG91H7T2MECTWWS/live/test1613073739468.dotcms.com/0ee63e8c-2ddd-4341-97a4-7145a35b3a20.rule.xml, /custom/assets/bundles/01EY9FH4YBQCG91H7T2MECTWWS/live/test1613073739468.dotcms.com/c57b2318-5d22-4cd8-b891-f35fb34c526d.template.template.xml, /custom/assets/bundles/01EY9FH4YBQCG91H7T2MECTWWS/working/System Host/1/0-content.b46d8bb9-bf4a-4240-9f7f-b9ca10c8c711.content.xml, /custom/assets/bundles/01EY9FH4YBQCG91H7T2MECTWWS/working/System Host/1/b225aeed-a040-44af-8557-17da4b88e0ea.contentworkflow.xml, /custom/assets/bundles/01EY9FH4YBQCG91H7T2MECTWWS/working/System Host/1/content.ff462f88-d9e1-4d31-b084-b73cb61976d3.host.xml, /custom/assets/bundles/01EY9FH4YBQCG91H7T2MECTWWS/working/System Host/33888b6f-7a8e-4069-b1b6-5c1aa9d0a48d.contentType.json, /custom/assets/bundles/01EY9FH4YBQCG91H7T2MECTWWS/working/System Host/f4d7c1b8-2c88-4071-abf1-a5328977b07d.contentType.json, /custom/assets/bundles/01EY9FH4YBQCG91H7T2MECTWWS/working/test1613073739468.dotcms.com/1/1-content.592f2904-1ff0-4773-9245-42e03bbd487d.content.xml, /custom/assets/bundles/01EY9FH4YBQCG91H7T2MECTWWS/working/test1613073739468.dotcms.com/1/e679a896-406e-48e8-aed2-6d2acfcfae02.contentworkflow.xml, /custom/assets/bundles/01EY9FH4YBQCG91H7T2MECTWWS/working/test1613073739468.dotcms.com/1dbcdfbb-b683-4b2b-aa88-f84536a55736.contentType.json, /custom/assets/bundles/01EY9FH4YBQCG91H7T2MECTWWS/working/test1613073739468.dotcms.com/373de7b2-4dd5-4069-af39-818a6d732789.containers.container.xml, /custom/assets/bundles/01EY9FH4YBQCG91H7T2MECTWWS/working/test1613073739468.dotcms.com/987d194d-2a01-4be7-973d-00661ffb3738.contentType.json]
difference [/custom/assets/bundles/01EY9FH4YBQCG91H7T2MECTWWS/ROOT/bc9a1d37-dd2d-4d49-a29d-0c9be740bfaf.folder.xml, /custom/assets/bundles/01EY9FH4YBQCG91H7T2MECTWWS/bundle.xml, /custom/assets/bundles/01EY9FH4YBQCG91H7T2MECTWWS/live/System Host/1/system host.host.xml]

	at org.jgroups.util.Util.assertEquals(Util.java:185)
	at com.dotcms.publishing.PublisherAPIImplTest.publish(PublisherAPIImplTest.java:407)
	at sun.reflect.NativeMethodAccessorImpl.invoke0(Native Method)
	at sun.reflect.NativeMethodAccessorImpl.invoke(NativeMethodAccessorImpl.java:62)
	at sun.reflect.DelegatingMethodAccessorImpl.invoke(DelegatingMethodAccessorImpl.java:43)
	at java.lang.reflect.Method.invoke(Method.java:498)
	at org.junit.runners.model.FrameworkMethod$1.runReflectiveCall(FrameworkMethod.java:50)
	at org.junit.internal.runners.model.ReflectiveCallable.run(ReflectiveCallable.java:12)
	at org.junit.runners.model.FrameworkMethod.invokeExplosively(FrameworkMethod.java:47)
	at com.tngtech.java.junit.dataprovider.DataProviderFrameworkMethod.invokeExplosively(DataProviderFrameworkMethod.java:119)
	at org.junit.internal.runners.statements.InvokeMethod.evaluate(InvokeMethod.java:17)
	at org.junit.rules.TestWatcher$1.evaluate(TestWatcher.java:55)
	at org.junit.rules.RunRules.evaluate(RunRules.java:20)
	at org.junit.runners.ParentRunner.runLeaf(ParentRunner.java:325)
	at com.dotcms.junit.CustomDataProviderRunner.runChild(CustomDataProviderRunner.java:28)
	at com.dotcms.junit.CustomDataProviderRunner.runChild(CustomDataProviderRunner.java:13)
	at org.junit.runners.ParentRunner$3.run(ParentRunner.java:290)
	at org.junit.runners.ParentRunner$1.schedule(ParentRunner.java:71)
	at org.junit.runners.ParentRunner.runChildren(ParentRunner.java:288)
	at org.junit.runners.ParentRunner.access$000(ParentRunner.java:58)
	at org.junit.runners.ParentRunner$2.evaluate(ParentRunner.java:268)
	at org.junit.internal.runners.statements.RunBefores.evaluate(RunBefores.java:26)
	at org.junit.internal.runners.statements.RunAfters.evaluate(RunAfters.java:27)
	at org.junit.runners.ParentRunner.run(ParentRunner.java:363)
	at org.junit.runners.Suite.runChild(Suite.java:128)
	at org.junit.runners.Suite.runChild(Suite.java:27)
	at org.junit.runners.ParentRunner$3.run(ParentRunner.java:290)
	at org.junit.runners.ParentRunner$1.schedule(ParentRunner.java:71)
	at org.junit.runners.ParentRunner.runChildren(ParentRunner.java:288)
	at org.junit.runners.ParentRunner.access$000(ParentRunner.java:58)
	at org.junit.runners.ParentRunner$2.evaluate(ParentRunner.java:268)
	at org.junit.runners.ParentRunner.run(ParentRunner.java:363)
	at org.gradle.api.internal.tasks.testing.junit.JUnitTestClassExecutor.runTestClass(JUnitTestClassExecutor.java:106)
	at org.gradle.api.internal.tasks.testing.junit.JUnitTestClassExecutor.execute(JUnitTestClassExecutor.java:58)
	at org.gradle.api.internal.tasks.testing.junit.JUnitTestClassExecutor.execute(JUnitTestClassExecutor.java:38)
	at org.gradle.api.internal.tasks.testing.junit.AbstractJUnitTestClassProcessor.processTestClass(AbstractJUnitTestClassProcessor.java:66)
	at org.gradle.api.internal.tasks.testing.SuiteTestClassProcessor.processTestClass(SuiteTestClassProcessor.java:51)
	at sun.reflect.NativeMethodAccessorImpl.invoke0(Native Method)
	at sun.reflect.NativeMethodAccessorImpl.invoke(NativeMethodAccessorImpl.java:62)
	at sun.reflect.DelegatingMethodAccessorImpl.invoke(DelegatingMethodAccessorImpl.java:43)
	at java.lang.reflect.Method.invoke(Method.java:498)
	at org.gradle.internal.dispatch.ReflectionDispatch.dispatch(ReflectionDispatch.java:35)
	at org.gradle.internal.dispatch.ReflectionDispatch.dispatch(ReflectionDispatch.java:24)
	at org.gradle.internal.dispatch.ContextClassLoaderDispatch.dispatch(ContextClassLoaderDispatch.java:32)
	at org.gradle.internal.dispatch.ProxyDispatchAdapter$DispatchingInvocationHandler.invoke(ProxyDispatchAdapter.java:93)
	at com.sun.proxy.$Proxy2.processTestClass(Unknown Source)
	at org.gradle.api.internal.tasks.testing.worker.TestWorker.processTestClass(TestWorker.java:117)
	at sun.reflect.NativeMethodAccessorImpl.invoke0(Native Method)
	at sun.reflect.NativeMethodAccessorImpl.invoke(NativeMethodAccessorImpl.java:62)
	at sun.reflect.DelegatingMethodAccessorImpl.invoke(DelegatingMethodAccessorImpl.java:43)
	at java.lang.reflect.Method.invoke(Method.java:498)
	at org.gradle.internal.dispatch.ReflectionDispatch.dispatch(ReflectionDispatch.java:35)
	at org.gradle.internal.dispatch.ReflectionDispatch.dispatch(ReflectionDispatch.java:24)
	at org.gradle.internal.remote.internal.hub.MessageHubBackedObjectConnection$DispatchWrapper.dispatch(MessageHubBackedObjectConnection.java:155)
	at org.gradle.internal.remote.internal.hub.MessageHubBackedObjectConnection$DispatchWrapper.dispatch(MessageHubBackedObjectConnection.java:137)
	at org.gradle.internal.remote.internal.hub.MessageHub$Handler.run(MessageHub.java:404)
	at org.gradle.internal.concurrent.ExecutorPolicy$CatchAndRecordFailures.onExecute(ExecutorPolicy.java:63)
	at org.gradle.internal.concurrent.ManagedExecutorImpl$1.run(ManagedExecutorImpl.java:46)
	at java.util.concurrent.ThreadPoolExecutor.runWorker(ThreadPoolExecutor.java:1149)
	at java.util.concurrent.ThreadPoolExecutor$Worker.run(ThreadPoolExecutor.java:624)
	at org.gradle.internal.concurrent.ThreadFactoryImpl$ManagedThreadRunnable.run(ThreadFactoryImpl.java:55)
	at java.lang.Thread.run(Thread.java:748)
</pre>
</span>
</div>
<div class="test">
<a name="publish[5: com.dotcms.publishing.PublisherAPIImplTest$TestCase@61f0fd04]"></a>
<h3 class="failures">publish[5: com.dotcms.publishing.PublisherAPIImplTest$TestCase@61f0fd04]</h3>
<span class="code">
<pre>java.lang.AssertionError: Expected 21 but get 23 in /custom/assets/bundles/01EY9FH54QA9WF9QRN1HZFEB5G
Expected [/custom/assets/bundles/01EY9FH54QA9WF9QRN1HZFEB5G/live/System Host/1/9c173b50-1be3-48cd-9077-b0707f9498e8.contentworkflow.xml, /custom/assets/bundles/01EY9FH54QA9WF9QRN1HZFEB5G/live/System Host/1/3-content.b46d8bb9-bf4a-4240-9f7f-b9ca10c8c711.content.xml, /custom/assets/bundles/01EY9FH54QA9WF9QRN1HZFEB5G/working/test1613073740305.dotcms.com/testName1613073741227/ebf1b3b3-f42f-434f-9e37-9349dba1eb7e.link.xml, /custom/assets/bundles/01EY9FH54QA9WF9QRN1HZFEB5G/live/System Host/1properties, /custom/assets/bundles/01EY9FH54QA9WF9QRN1HZFEB5G/live/default/1613076004036/b11bdeb4-c94b-4bf0-b773-9a9716a157db.contentworkflow.xml, /custom/assets/bundles/01EY9FH54QA9WF9QRN1HZFEB5G/working/System Host/1/content.ff462f88-d9e1-4d31-b084-b73cb61976d3.host.xml, /custom/assets/bundles/01EY9FH54QA9WF9QRN1HZFEB5G/live/System Host/1/content.ff462f88-d9e1-4d31-b084-b73cb61976d3.host.xml, /custom/assets/bundles/01EY9FH54QA9WF9QRN1HZFEB5G/live/default/74c31419-80ed-414e-9fed-7d56ac966987.rule.xml, /custom/assets/bundles/01EY9FH54QA9WF9QRN1HZFEB5G/live/System Host/1/b225aeed-a040-44af-8557-17da4b88e0ea.contentworkflow.xml, /custom/assets/bundles/01EY9FH54QA9WF9QRN1HZFEB5G/d61a59e1-a49c-46f2-a929-db2b4bfa88b2.workflow.xml, /custom/assets/bundles/01EY9FH54QA9WF9QRN1HZFEB5G/live/System Host/en_US.language.xml, /custom/assets/bundles/01EY9FH54QA9WF9QRN1HZFEB5G/ROOT/068d5644-ee21-4bbf-bc60-585a20100cca.folder.xml, /custom/assets/bundles/01EY9FH54QA9WF9QRN1HZFEB5G/live/System Host/1/content.851db11a-5346-4611-b9ef-2582506ca5e2.host.xml, /custom/assets/bundles/01EY9FH54QA9WF9QRN1HZFEB5G/live/System Host/is_RC.language.xml, /custom/assets/bundles/01EY9FH54QA9WF9QRN1HZFEB5G/working/System Host/f4d7c1b8-2c88-4071-abf1-a5328977b07d.contentType.json, /custom/assets/bundles/01EY9FH54QA9WF9QRN1HZFEB5G/live/default/1613076004036/1-content.d31e44b3-b0e8-47c1-b59c-64850ff7925c.content.xml, /custom/assets/bundles/01EY9FH54QA9WF9QRN1HZFEB5G/live/System Host/1613076004036properties, /custom/assets/bundles/01EY9FH54QA9WF9QRN1HZFEB5G/live/System Host/1/2-content.afc99973-f938-47d4-bd70-07bafa2564d5.content.xml, /custom/assets/bundles/01EY9FH54QA9WF9QRN1HZFEB5G/working/System Host/1/0-content.b46d8bb9-bf4a-4240-9f7f-b9ca10c8c711.content.xml, /custom/assets/bundles/01EY9FH54QA9WF9QRN1HZFEB5G/working/System Host/1/b225aeed-a040-44af-8557-17da4b88e0ea.contentworkflow.xml]
Existing [/custom/assets/bundles/01EY9FH54QA9WF9QRN1HZFEB5G/ROOT/068d5644-ee21-4bbf-bc60-585a20100cca.folder.xml, /custom/assets/bundles/01EY9FH54QA9WF9QRN1HZFEB5G/ROOT/bc9a1d37-dd2d-4d49-a29d-0c9be740bfaf.folder.xml, /custom/assets/bundles/01EY9FH54QA9WF9QRN1HZFEB5G/bundle.xml, /custom/assets/bundles/01EY9FH54QA9WF9QRN1HZFEB5G/d61a59e1-a49c-46f2-a929-db2b4bfa88b2.workflow.xml, /custom/assets/bundles/01EY9FH54QA9WF9QRN1HZFEB5G/live/System Host/1/2-content.afc99973-f938-47d4-bd70-07bafa2564d5.content.xml, /custom/assets/bundles/01EY9FH54QA9WF9QRN1HZFEB5G/live/System Host/1/3-content.b46d8bb9-bf4a-4240-9f7f-b9ca10c8c711.content.xml, /custom/assets/bundles/01EY9FH54QA9WF9QRN1HZFEB5G/live/System Host/1/9c173b50-1be3-48cd-9077-b0707f9498e8.contentworkflow.xml, /custom/assets/bundles/01EY9FH54QA9WF9QRN1HZFEB5G/live/System Host/1/b225aeed-a040-44af-8557-17da4b88e0ea.contentworkflow.xml, /custom/assets/bundles/01EY9FH54QA9WF9QRN1HZFEB5G/live/System Host/1/content.851db11a-5346-4611-b9ef-2582506ca5e2.host.xml, /custom/assets/bundles/01EY9FH54QA9WF9QRN1HZFEB5G/live/System Host/1/content.ff462f88-d9e1-4d31-b084-b73cb61976d3.host.xml, /custom/assets/bundles/01EY9FH54QA9WF9QRN1HZFEB5G/live/System Host/1/system host.host.xml, /custom/assets/bundles/01EY9FH54QA9WF9QRN1HZFEB5G/live/System Host/1613076004036properties, /custom/assets/bundles/01EY9FH54QA9WF9QRN1HZFEB5G/live/System Host/1properties, /custom/assets/bundles/01EY9FH54QA9WF9QRN1HZFEB5G/live/System Host/en_US.language.xml, /custom/assets/bundles/01EY9FH54QA9WF9QRN1HZFEB5G/live/System Host/is_RC.language.xml, /custom/assets/bundles/01EY9FH54QA9WF9QRN1HZFEB5G/live/default/1613076004036/1-content.d31e44b3-b0e8-47c1-b59c-64850ff7925c.content.xml, /custom/assets/bundles/01EY9FH54QA9WF9QRN1HZFEB5G/live/default/1613076004036/b11bdeb4-c94b-4bf0-b773-9a9716a157db.contentworkflow.xml, /custom/assets/bundles/01EY9FH54QA9WF9QRN1HZFEB5G/live/default/74c31419-80ed-414e-9fed-7d56ac966987.rule.xml, /custom/assets/bundles/01EY9FH54QA9WF9QRN1HZFEB5G/working/System Host/1/0-content.b46d8bb9-bf4a-4240-9f7f-b9ca10c8c711.content.xml, /custom/assets/bundles/01EY9FH54QA9WF9QRN1HZFEB5G/working/System Host/1/b225aeed-a040-44af-8557-17da4b88e0ea.contentworkflow.xml, /custom/assets/bundles/01EY9FH54QA9WF9QRN1HZFEB5G/working/System Host/1/content.ff462f88-d9e1-4d31-b084-b73cb61976d3.host.xml, /custom/assets/bundles/01EY9FH54QA9WF9QRN1HZFEB5G/working/System Host/f4d7c1b8-2c88-4071-abf1-a5328977b07d.contentType.json, /custom/assets/bundles/01EY9FH54QA9WF9QRN1HZFEB5G/working/test1613073740305.dotcms.com/testName1613073741227/ebf1b3b3-f42f-434f-9e37-9349dba1eb7e.link.xml]
difference [/custom/assets/bundles/01EY9FH54QA9WF9QRN1HZFEB5G/ROOT/bc9a1d37-dd2d-4d49-a29d-0c9be740bfaf.folder.xml, /custom/assets/bundles/01EY9FH54QA9WF9QRN1HZFEB5G/bundle.xml, /custom/assets/bundles/01EY9FH54QA9WF9QRN1HZFEB5G/live/System Host/1/system host.host.xml]

	at org.jgroups.util.Util.assertEquals(Util.java:185)
	at com.dotcms.publishing.PublisherAPIImplTest.publish(PublisherAPIImplTest.java:407)
	at sun.reflect.NativeMethodAccessorImpl.invoke0(Native Method)
	at sun.reflect.NativeMethodAccessorImpl.invoke(NativeMethodAccessorImpl.java:62)
	at sun.reflect.DelegatingMethodAccessorImpl.invoke(DelegatingMethodAccessorImpl.java:43)
	at java.lang.reflect.Method.invoke(Method.java:498)
	at org.junit.runners.model.FrameworkMethod$1.runReflectiveCall(FrameworkMethod.java:50)
	at org.junit.internal.runners.model.ReflectiveCallable.run(ReflectiveCallable.java:12)
	at org.junit.runners.model.FrameworkMethod.invokeExplosively(FrameworkMethod.java:47)
	at com.tngtech.java.junit.dataprovider.DataProviderFrameworkMethod.invokeExplosively(DataProviderFrameworkMethod.java:119)
	at org.junit.internal.runners.statements.InvokeMethod.evaluate(InvokeMethod.java:17)
	at org.junit.rules.TestWatcher$1.evaluate(TestWatcher.java:55)
	at org.junit.rules.RunRules.evaluate(RunRules.java:20)
	at org.junit.runners.ParentRunner.runLeaf(ParentRunner.java:325)
	at com.dotcms.junit.CustomDataProviderRunner.runChild(CustomDataProviderRunner.java:28)
	at com.dotcms.junit.CustomDataProviderRunner.runChild(CustomDataProviderRunner.java:13)
	at org.junit.runners.ParentRunner$3.run(ParentRunner.java:290)
	at org.junit.runners.ParentRunner$1.schedule(ParentRunner.java:71)
	at org.junit.runners.ParentRunner.runChildren(ParentRunner.java:288)
	at org.junit.runners.ParentRunner.access$000(ParentRunner.java:58)
	at org.junit.runners.ParentRunner$2.evaluate(ParentRunner.java:268)
	at org.junit.internal.runners.statements.RunBefores.evaluate(RunBefores.java:26)
	at org.junit.internal.runners.statements.RunAfters.evaluate(RunAfters.java:27)
	at org.junit.runners.ParentRunner.run(ParentRunner.java:363)
	at org.junit.runners.Suite.runChild(Suite.java:128)
	at org.junit.runners.Suite.runChild(Suite.java:27)
	at org.junit.runners.ParentRunner$3.run(ParentRunner.java:290)
	at org.junit.runners.ParentRunner$1.schedule(ParentRunner.java:71)
	at org.junit.runners.ParentRunner.runChildren(ParentRunner.java:288)
	at org.junit.runners.ParentRunner.access$000(ParentRunner.java:58)
	at org.junit.runners.ParentRunner$2.evaluate(ParentRunner.java:268)
	at org.junit.runners.ParentRunner.run(ParentRunner.java:363)
	at org.gradle.api.internal.tasks.testing.junit.JUnitTestClassExecutor.runTestClass(JUnitTestClassExecutor.java:106)
	at org.gradle.api.internal.tasks.testing.junit.JUnitTestClassExecutor.execute(JUnitTestClassExecutor.java:58)
	at org.gradle.api.internal.tasks.testing.junit.JUnitTestClassExecutor.execute(JUnitTestClassExecutor.java:38)
	at org.gradle.api.internal.tasks.testing.junit.AbstractJUnitTestClassProcessor.processTestClass(AbstractJUnitTestClassProcessor.java:66)
	at org.gradle.api.internal.tasks.testing.SuiteTestClassProcessor.processTestClass(SuiteTestClassProcessor.java:51)
	at sun.reflect.NativeMethodAccessorImpl.invoke0(Native Method)
	at sun.reflect.NativeMethodAccessorImpl.invoke(NativeMethodAccessorImpl.java:62)
	at sun.reflect.DelegatingMethodAccessorImpl.invoke(DelegatingMethodAccessorImpl.java:43)
	at java.lang.reflect.Method.invoke(Method.java:498)
	at org.gradle.internal.dispatch.ReflectionDispatch.dispatch(ReflectionDispatch.java:35)
	at org.gradle.internal.dispatch.ReflectionDispatch.dispatch(ReflectionDispatch.java:24)
	at org.gradle.internal.dispatch.ContextClassLoaderDispatch.dispatch(ContextClassLoaderDispatch.java:32)
	at org.gradle.internal.dispatch.ProxyDispatchAdapter$DispatchingInvocationHandler.invoke(ProxyDispatchAdapter.java:93)
	at com.sun.proxy.$Proxy2.processTestClass(Unknown Source)
	at org.gradle.api.internal.tasks.testing.worker.TestWorker.processTestClass(TestWorker.java:117)
	at sun.reflect.NativeMethodAccessorImpl.invoke0(Native Method)
	at sun.reflect.NativeMethodAccessorImpl.invoke(NativeMethodAccessorImpl.java:62)
	at sun.reflect.DelegatingMethodAccessorImpl.invoke(DelegatingMethodAccessorImpl.java:43)
	at java.lang.reflect.Method.invoke(Method.java:498)
	at org.gradle.internal.dispatch.ReflectionDispatch.dispatch(ReflectionDispatch.java:35)
	at org.gradle.internal.dispatch.ReflectionDispatch.dispatch(ReflectionDispatch.java:24)
	at org.gradle.internal.remote.internal.hub.MessageHubBackedObjectConnection$DispatchWrapper.dispatch(MessageHubBackedObjectConnection.java:155)
	at org.gradle.internal.remote.internal.hub.MessageHubBackedObjectConnection$DispatchWrapper.dispatch(MessageHubBackedObjectConnection.java:137)
	at org.gradle.internal.remote.internal.hub.MessageHub$Handler.run(MessageHub.java:404)
	at org.gradle.internal.concurrent.ExecutorPolicy$CatchAndRecordFailures.onExecute(ExecutorPolicy.java:63)
	at org.gradle.internal.concurrent.ManagedExecutorImpl$1.run(ManagedExecutorImpl.java:46)
	at java.util.concurrent.ThreadPoolExecutor.runWorker(ThreadPoolExecutor.java:1149)
	at java.util.concurrent.ThreadPoolExecutor$Worker.run(ThreadPoolExecutor.java:624)
	at org.gradle.internal.concurrent.ThreadFactoryImpl$ManagedThreadRunnable.run(ThreadFactoryImpl.java:55)
	at java.lang.Thread.run(Thread.java:748)
</pre>
</span>
</div>
<div class="test">
<a name="publish[6: com.dotcms.publishing.PublisherAPIImplTest$TestCase@49bcc852]"></a>
<h3 class="failures">publish[6: com.dotcms.publishing.PublisherAPIImplTest$TestCase@49bcc852]</h3>
<span class="code">
<pre>java.lang.AssertionError: Expected 19 but get 21 in /custom/assets/bundles/01EY9FH5A5NN33WVJXFRC7M496
Expected [/custom/assets/bundles/01EY9FH5A5NN33WVJXFRC7M496/live/System Host/1613076004036properties, /custom/assets/bundles/01EY9FH5A5NN33WVJXFRC7M496/live/default/1613076004036/1-content.d31e44b3-b0e8-47c1-b59c-64850ff7925c.content.xml, /custom/assets/bundles/01EY9FH5A5NN33WVJXFRC7M496/bd0a251b-4be4-4451-bffc-a72dd9227d9f.workflow.xml, /custom/assets/bundles/01EY9FH5A5NN33WVJXFRC7M496/live/System Host/1/3-content.b46d8bb9-bf4a-4240-9f7f-b9ca10c8c711.content.xml, /custom/assets/bundles/01EY9FH5A5NN33WVJXFRC7M496/d61a59e1-a49c-46f2-a929-db2b4bfa88b2.workflow.xml, /custom/assets/bundles/01EY9FH5A5NN33WVJXFRC7M496/live/default/74c31419-80ed-414e-9fed-7d56ac966987.rule.xml, /custom/assets/bundles/01EY9FH5A5NN33WVJXFRC7M496/working/System Host/1/b225aeed-a040-44af-8557-17da4b88e0ea.contentworkflow.xml, /custom/assets/bundles/01EY9FH5A5NN33WVJXFRC7M496/working/System Host/f4d7c1b8-2c88-4071-abf1-a5328977b07d.contentType.json, /custom/assets/bundles/01EY9FH5A5NN33WVJXFRC7M496/live/System Host/1/2-content.afc99973-f938-47d4-bd70-07bafa2564d5.content.xml, /custom/assets/bundles/01EY9FH5A5NN33WVJXFRC7M496/live/System Host/1/content.ff462f88-d9e1-4d31-b084-b73cb61976d3.host.xml, /custom/assets/bundles/01EY9FH5A5NN33WVJXFRC7M496/live/System Host/en_US.language.xml, /custom/assets/bundles/01EY9FH5A5NN33WVJXFRC7M496/live/System Host/is_RC.language.xml, /custom/assets/bundles/01EY9FH5A5NN33WVJXFRC7M496/working/System Host/1/0-content.b46d8bb9-bf4a-4240-9f7f-b9ca10c8c711.content.xml, /custom/assets/bundles/01EY9FH5A5NN33WVJXFRC7M496/live/System Host/1/b225aeed-a040-44af-8557-17da4b88e0ea.contentworkflow.xml, /custom/assets/bundles/01EY9FH5A5NN33WVJXFRC7M496/live/default/1613076004036/b11bdeb4-c94b-4bf0-b773-9a9716a157db.contentworkflow.xml, /custom/assets/bundles/01EY9FH5A5NN33WVJXFRC7M496/live/System Host/1properties, /custom/assets/bundles/01EY9FH5A5NN33WVJXFRC7M496/working/System Host/1/content.ff462f88-d9e1-4d31-b084-b73cb61976d3.host.xml, /custom/assets/bundles/01EY9FH5A5NN33WVJXFRC7M496/live/System Host/1/9c173b50-1be3-48cd-9077-b0707f9498e8.contentworkflow.xml]
Existing [/custom/assets/bundles/01EY9FH5A5NN33WVJXFRC7M496/ROOT/bc9a1d37-dd2d-4d49-a29d-0c9be740bfaf.folder.xml, /custom/assets/bundles/01EY9FH5A5NN33WVJXFRC7M496/bd0a251b-4be4-4451-bffc-a72dd9227d9f.workflow.xml, /custom/assets/bundles/01EY9FH5A5NN33WVJXFRC7M496/bundle.xml, /custom/assets/bundles/01EY9FH5A5NN33WVJXFRC7M496/d61a59e1-a49c-46f2-a929-db2b4bfa88b2.workflow.xml, /custom/assets/bundles/01EY9FH5A5NN33WVJXFRC7M496/live/System Host/1/2-content.afc99973-f938-47d4-bd70-07bafa2564d5.content.xml, /custom/assets/bundles/01EY9FH5A5NN33WVJXFRC7M496/live/System Host/1/3-content.b46d8bb9-bf4a-4240-9f7f-b9ca10c8c711.content.xml, /custom/assets/bundles/01EY9FH5A5NN33WVJXFRC7M496/live/System Host/1/9c173b50-1be3-48cd-9077-b0707f9498e8.contentworkflow.xml, /custom/assets/bundles/01EY9FH5A5NN33WVJXFRC7M496/live/System Host/1/b225aeed-a040-44af-8557-17da4b88e0ea.contentworkflow.xml, /custom/assets/bundles/01EY9FH5A5NN33WVJXFRC7M496/live/System Host/1/content.ff462f88-d9e1-4d31-b084-b73cb61976d3.host.xml, /custom/assets/bundles/01EY9FH5A5NN33WVJXFRC7M496/live/System Host/1/system host.host.xml, /custom/assets/bundles/01EY9FH5A5NN33WVJXFRC7M496/live/System Host/1613076004036properties, /custom/assets/bundles/01EY9FH5A5NN33WVJXFRC7M496/live/System Host/1properties, /custom/assets/bundles/01EY9FH5A5NN33WVJXFRC7M496/live/System Host/en_US.language.xml, /custom/assets/bundles/01EY9FH5A5NN33WVJXFRC7M496/live/System Host/is_RC.language.xml, /custom/assets/bundles/01EY9FH5A5NN33WVJXFRC7M496/live/default/1613076004036/1-content.d31e44b3-b0e8-47c1-b59c-64850ff7925c.content.xml, /custom/assets/bundles/01EY9FH5A5NN33WVJXFRC7M496/live/default/1613076004036/b11bdeb4-c94b-4bf0-b773-9a9716a157db.contentworkflow.xml, /custom/assets/bundles/01EY9FH5A5NN33WVJXFRC7M496/live/default/74c31419-80ed-414e-9fed-7d56ac966987.rule.xml, /custom/assets/bundles/01EY9FH5A5NN33WVJXFRC7M496/working/System Host/1/0-content.b46d8bb9-bf4a-4240-9f7f-b9ca10c8c711.content.xml, /custom/assets/bundles/01EY9FH5A5NN33WVJXFRC7M496/working/System Host/1/b225aeed-a040-44af-8557-17da4b88e0ea.contentworkflow.xml, /custom/assets/bundles/01EY9FH5A5NN33WVJXFRC7M496/working/System Host/1/content.ff462f88-d9e1-4d31-b084-b73cb61976d3.host.xml, /custom/assets/bundles/01EY9FH5A5NN33WVJXFRC7M496/working/System Host/f4d7c1b8-2c88-4071-abf1-a5328977b07d.contentType.json]
difference [/custom/assets/bundles/01EY9FH5A5NN33WVJXFRC7M496/ROOT/bc9a1d37-dd2d-4d49-a29d-0c9be740bfaf.folder.xml, /custom/assets/bundles/01EY9FH5A5NN33WVJXFRC7M496/bundle.xml, /custom/assets/bundles/01EY9FH5A5NN33WVJXFRC7M496/live/System Host/1/system host.host.xml]

	at org.jgroups.util.Util.assertEquals(Util.java:185)
	at com.dotcms.publishing.PublisherAPIImplTest.publish(PublisherAPIImplTest.java:407)
	at sun.reflect.NativeMethodAccessorImpl.invoke0(Native Method)
	at sun.reflect.NativeMethodAccessorImpl.invoke(NativeMethodAccessorImpl.java:62)
	at sun.reflect.DelegatingMethodAccessorImpl.invoke(DelegatingMethodAccessorImpl.java:43)
	at java.lang.reflect.Method.invoke(Method.java:498)
	at org.junit.runners.model.FrameworkMethod$1.runReflectiveCall(FrameworkMethod.java:50)
	at org.junit.internal.runners.model.ReflectiveCallable.run(ReflectiveCallable.java:12)
	at org.junit.runners.model.FrameworkMethod.invokeExplosively(FrameworkMethod.java:47)
	at com.tngtech.java.junit.dataprovider.DataProviderFrameworkMethod.invokeExplosively(DataProviderFrameworkMethod.java:119)
	at org.junit.internal.runners.statements.InvokeMethod.evaluate(InvokeMethod.java:17)
	at org.junit.rules.TestWatcher$1.evaluate(TestWatcher.java:55)
	at org.junit.rules.RunRules.evaluate(RunRules.java:20)
	at org.junit.runners.ParentRunner.runLeaf(ParentRunner.java:325)
	at com.dotcms.junit.CustomDataProviderRunner.runChild(CustomDataProviderRunner.java:28)
	at com.dotcms.junit.CustomDataProviderRunner.runChild(CustomDataProviderRunner.java:13)
	at org.junit.runners.ParentRunner$3.run(ParentRunner.java:290)
	at org.junit.runners.ParentRunner$1.schedule(ParentRunner.java:71)
	at org.junit.runners.ParentRunner.runChildren(ParentRunner.java:288)
	at org.junit.runners.ParentRunner.access$000(ParentRunner.java:58)
	at org.junit.runners.ParentRunner$2.evaluate(ParentRunner.java:268)
	at org.junit.internal.runners.statements.RunBefores.evaluate(RunBefores.java:26)
	at org.junit.internal.runners.statements.RunAfters.evaluate(RunAfters.java:27)
	at org.junit.runners.ParentRunner.run(ParentRunner.java:363)
	at org.junit.runners.Suite.runChild(Suite.java:128)
	at org.junit.runners.Suite.runChild(Suite.java:27)
	at org.junit.runners.ParentRunner$3.run(ParentRunner.java:290)
	at org.junit.runners.ParentRunner$1.schedule(ParentRunner.java:71)
	at org.junit.runners.ParentRunner.runChildren(ParentRunner.java:288)
	at org.junit.runners.ParentRunner.access$000(ParentRunner.java:58)
	at org.junit.runners.ParentRunner$2.evaluate(ParentRunner.java:268)
	at org.junit.runners.ParentRunner.run(ParentRunner.java:363)
	at org.gradle.api.internal.tasks.testing.junit.JUnitTestClassExecutor.runTestClass(JUnitTestClassExecutor.java:106)
	at org.gradle.api.internal.tasks.testing.junit.JUnitTestClassExecutor.execute(JUnitTestClassExecutor.java:58)
	at org.gradle.api.internal.tasks.testing.junit.JUnitTestClassExecutor.execute(JUnitTestClassExecutor.java:38)
	at org.gradle.api.internal.tasks.testing.junit.AbstractJUnitTestClassProcessor.processTestClass(AbstractJUnitTestClassProcessor.java:66)
	at org.gradle.api.internal.tasks.testing.SuiteTestClassProcessor.processTestClass(SuiteTestClassProcessor.java:51)
	at sun.reflect.NativeMethodAccessorImpl.invoke0(Native Method)
	at sun.reflect.NativeMethodAccessorImpl.invoke(NativeMethodAccessorImpl.java:62)
	at sun.reflect.DelegatingMethodAccessorImpl.invoke(DelegatingMethodAccessorImpl.java:43)
	at java.lang.reflect.Method.invoke(Method.java:498)
	at org.gradle.internal.dispatch.ReflectionDispatch.dispatch(ReflectionDispatch.java:35)
	at org.gradle.internal.dispatch.ReflectionDispatch.dispatch(ReflectionDispatch.java:24)
	at org.gradle.internal.dispatch.ContextClassLoaderDispatch.dispatch(ContextClassLoaderDispatch.java:32)
	at org.gradle.internal.dispatch.ProxyDispatchAdapter$DispatchingInvocationHandler.invoke(ProxyDispatchAdapter.java:93)
	at com.sun.proxy.$Proxy2.processTestClass(Unknown Source)
	at org.gradle.api.internal.tasks.testing.worker.TestWorker.processTestClass(TestWorker.java:117)
	at sun.reflect.NativeMethodAccessorImpl.invoke0(Native Method)
	at sun.reflect.NativeMethodAccessorImpl.invoke(NativeMethodAccessorImpl.java:62)
	at sun.reflect.DelegatingMethodAccessorImpl.invoke(DelegatingMethodAccessorImpl.java:43)
	at java.lang.reflect.Method.invoke(Method.java:498)
	at org.gradle.internal.dispatch.ReflectionDispatch.dispatch(ReflectionDispatch.java:35)
	at org.gradle.internal.dispatch.ReflectionDispatch.dispatch(ReflectionDispatch.java:24)
	at org.gradle.internal.remote.internal.hub.MessageHubBackedObjectConnection$DispatchWrapper.dispatch(MessageHubBackedObjectConnection.java:155)
	at org.gradle.internal.remote.internal.hub.MessageHubBackedObjectConnection$DispatchWrapper.dispatch(MessageHubBackedObjectConnection.java:137)
	at org.gradle.internal.remote.internal.hub.MessageHub$Handler.run(MessageHub.java:404)
	at org.gradle.internal.concurrent.ExecutorPolicy$CatchAndRecordFailures.onExecute(ExecutorPolicy.java:63)
	at org.gradle.internal.concurrent.ManagedExecutorImpl$1.run(ManagedExecutorImpl.java:46)
	at java.util.concurrent.ThreadPoolExecutor.runWorker(ThreadPoolExecutor.java:1149)
	at java.util.concurrent.ThreadPoolExecutor$Worker.run(ThreadPoolExecutor.java:624)
	at org.gradle.internal.concurrent.ThreadFactoryImpl$ManagedThreadRunnable.run(ThreadFactoryImpl.java:55)
	at java.lang.Thread.run(Thread.java:748)
</pre>
</span>
</div>
<div class="test">
<a name="publish[7: com.dotcms.publishing.PublisherAPIImplTest$TestCase@46003db1]"></a>
<h3 class="failures">publish[7: com.dotcms.publishing.PublisherAPIImplTest$TestCase@46003db1]</h3>
<span class="code">
<pre>java.lang.AssertionError: Expected 20 but get 22 in /custom/assets/bundles/01EY9FH5E0WJTW4WXEH6H3TV3B
Expected [/custom/assets/bundles/01EY9FH5E0WJTW4WXEH6H3TV3B/working/System Host/1/content.ff462f88-d9e1-4d31-b084-b73cb61976d3.host.xml, /custom/assets/bundles/01EY9FH5E0WJTW4WXEH6H3TV3B/d61a59e1-a49c-46f2-a929-db2b4bfa88b2.workflow.xml, /custom/assets/bundles/01EY9FH5E0WJTW4WXEH6H3TV3B/live/default/1613076004036/b11bdeb4-c94b-4bf0-b773-9a9716a157db.contentworkflow.xml, /custom/assets/bundles/01EY9FH5E0WJTW4WXEH6H3TV3B/live/System Host/0wep2_TESTCOUNTRYCODE1613073741262.language.xml, /custom/assets/bundles/01EY9FH5E0WJTW4WXEH6H3TV3B/live/System Host/1/content.ff462f88-d9e1-4d31-b084-b73cb61976d3.host.xml, /custom/assets/bundles/01EY9FH5E0WJTW4WXEH6H3TV3B/live/System Host/1properties, /custom/assets/bundles/01EY9FH5E0WJTW4WXEH6H3TV3B/working/System Host/f4d7c1b8-2c88-4071-abf1-a5328977b07d.contentType.json, /custom/assets/bundles/01EY9FH5E0WJTW4WXEH6H3TV3B/live/System Host/en_US.language.xml, /custom/assets/bundles/01EY9FH5E0WJTW4WXEH6H3TV3B/live/default/1613076004036/1-content.d31e44b3-b0e8-47c1-b59c-64850ff7925c.content.xml, /custom/assets/bundles/01EY9FH5E0WJTW4WXEH6H3TV3B/live/System Host/1/9c173b50-1be3-48cd-9077-b0707f9498e8.contentworkflow.xml, /custom/assets/bundles/01EY9FH5E0WJTW4WXEH6H3TV3B/live/System Host/1/2-content.afc99973-f938-47d4-bd70-07bafa2564d5.content.xml, /custom/assets/bundles/01EY9FH5E0WJTW4WXEH6H3TV3B/working/System Host/1/0-content.b46d8bb9-bf4a-4240-9f7f-b9ca10c8c711.content.xml, /custom/assets/bundles/01EY9FH5E0WJTW4WXEH6H3TV3B/live/System Host/1613076004036properties, /custom/assets/bundles/01EY9FH5E0WJTW4WXEH6H3TV3B/live/System Host/is_RC.language.xml, /custom/assets/bundles/01EY9FH5E0WJTW4WXEH6H3TV3B/live/System Host/1613073741262properties, /custom/assets/bundles/01EY9FH5E0WJTW4WXEH6H3TV3B/working/System Host/1/b225aeed-a040-44af-8557-17da4b88e0ea.contentworkflow.xml, /custom/assets/bundles/01EY9FH5E0WJTW4WXEH6H3TV3B/live/System Host/1/b225aeed-a040-44af-8557-17da4b88e0ea.contentworkflow.xml, /custom/assets/bundles/01EY9FH5E0WJTW4WXEH6H3TV3B/live/System Host/1/3-content.b46d8bb9-bf4a-4240-9f7f-b9ca10c8c711.content.xml, /custom/assets/bundles/01EY9FH5E0WJTW4WXEH6H3TV3B/live/default/74c31419-80ed-414e-9fed-7d56ac966987.rule.xml]
Existing [/custom/assets/bundles/01EY9FH5E0WJTW4WXEH6H3TV3B/ROOT/bc9a1d37-dd2d-4d49-a29d-0c9be740bfaf.folder.xml, /custom/assets/bundles/01EY9FH5E0WJTW4WXEH6H3TV3B/bundle.xml, /custom/assets/bundles/01EY9FH5E0WJTW4WXEH6H3TV3B/d61a59e1-a49c-46f2-a929-db2b4bfa88b2.workflow.xml, /custom/assets/bundles/01EY9FH5E0WJTW4WXEH6H3TV3B/live/System Host/0wep2_TESTCOUNTRYCODE1613073741262.language.xml, /custom/assets/bundles/01EY9FH5E0WJTW4WXEH6H3TV3B/live/System Host/1/2-content.afc99973-f938-47d4-bd70-07bafa2564d5.content.xml, /custom/assets/bundles/01EY9FH5E0WJTW4WXEH6H3TV3B/live/System Host/1/3-content.b46d8bb9-bf4a-4240-9f7f-b9ca10c8c711.content.xml, /custom/assets/bundles/01EY9FH5E0WJTW4WXEH6H3TV3B/live/System Host/1/9c173b50-1be3-48cd-9077-b0707f9498e8.contentworkflow.xml, /custom/assets/bundles/01EY9FH5E0WJTW4WXEH6H3TV3B/live/System Host/1/b225aeed-a040-44af-8557-17da4b88e0ea.contentworkflow.xml, /custom/assets/bundles/01EY9FH5E0WJTW4WXEH6H3TV3B/live/System Host/1/content.ff462f88-d9e1-4d31-b084-b73cb61976d3.host.xml, /custom/assets/bundles/01EY9FH5E0WJTW4WXEH6H3TV3B/live/System Host/1/system host.host.xml, /custom/assets/bundles/01EY9FH5E0WJTW4WXEH6H3TV3B/live/System Host/1613073741262properties, /custom/assets/bundles/01EY9FH5E0WJTW4WXEH6H3TV3B/live/System Host/1613076004036properties, /custom/assets/bundles/01EY9FH5E0WJTW4WXEH6H3TV3B/live/System Host/1properties, /custom/assets/bundles/01EY9FH5E0WJTW4WXEH6H3TV3B/live/System Host/en_US.language.xml, /custom/assets/bundles/01EY9FH5E0WJTW4WXEH6H3TV3B/live/System Host/is_RC.language.xml, /custom/assets/bundles/01EY9FH5E0WJTW4WXEH6H3TV3B/live/default/1613076004036/1-content.d31e44b3-b0e8-47c1-b59c-64850ff7925c.content.xml, /custom/assets/bundles/01EY9FH5E0WJTW4WXEH6H3TV3B/live/default/1613076004036/b11bdeb4-c94b-4bf0-b773-9a9716a157db.contentworkflow.xml, /custom/assets/bundles/01EY9FH5E0WJTW4WXEH6H3TV3B/live/default/74c31419-80ed-414e-9fed-7d56ac966987.rule.xml, /custom/assets/bundles/01EY9FH5E0WJTW4WXEH6H3TV3B/working/System Host/1/0-content.b46d8bb9-bf4a-4240-9f7f-b9ca10c8c711.content.xml, /custom/assets/bundles/01EY9FH5E0WJTW4WXEH6H3TV3B/working/System Host/1/b225aeed-a040-44af-8557-17da4b88e0ea.contentworkflow.xml, /custom/assets/bundles/01EY9FH5E0WJTW4WXEH6H3TV3B/working/System Host/1/content.ff462f88-d9e1-4d31-b084-b73cb61976d3.host.xml, /custom/assets/bundles/01EY9FH5E0WJTW4WXEH6H3TV3B/working/System Host/f4d7c1b8-2c88-4071-abf1-a5328977b07d.contentType.json]
difference [/custom/assets/bundles/01EY9FH5E0WJTW4WXEH6H3TV3B/ROOT/bc9a1d37-dd2d-4d49-a29d-0c9be740bfaf.folder.xml, /custom/assets/bundles/01EY9FH5E0WJTW4WXEH6H3TV3B/bundle.xml, /custom/assets/bundles/01EY9FH5E0WJTW4WXEH6H3TV3B/live/System Host/1/system host.host.xml]

	at org.jgroups.util.Util.assertEquals(Util.java:185)
	at com.dotcms.publishing.PublisherAPIImplTest.publish(PublisherAPIImplTest.java:407)
	at sun.reflect.NativeMethodAccessorImpl.invoke0(Native Method)
	at sun.reflect.NativeMethodAccessorImpl.invoke(NativeMethodAccessorImpl.java:62)
	at sun.reflect.DelegatingMethodAccessorImpl.invoke(DelegatingMethodAccessorImpl.java:43)
	at java.lang.reflect.Method.invoke(Method.java:498)
	at org.junit.runners.model.FrameworkMethod$1.runReflectiveCall(FrameworkMethod.java:50)
	at org.junit.internal.runners.model.ReflectiveCallable.run(ReflectiveCallable.java:12)
	at org.junit.runners.model.FrameworkMethod.invokeExplosively(FrameworkMethod.java:47)
	at com.tngtech.java.junit.dataprovider.DataProviderFrameworkMethod.invokeExplosively(DataProviderFrameworkMethod.java:119)
	at org.junit.internal.runners.statements.InvokeMethod.evaluate(InvokeMethod.java:17)
	at org.junit.rules.TestWatcher$1.evaluate(TestWatcher.java:55)
	at org.junit.rules.RunRules.evaluate(RunRules.java:20)
	at org.junit.runners.ParentRunner.runLeaf(ParentRunner.java:325)
	at com.dotcms.junit.CustomDataProviderRunner.runChild(CustomDataProviderRunner.java:28)
	at com.dotcms.junit.CustomDataProviderRunner.runChild(CustomDataProviderRunner.java:13)
	at org.junit.runners.ParentRunner$3.run(ParentRunner.java:290)
	at org.junit.runners.ParentRunner$1.schedule(ParentRunner.java:71)
	at org.junit.runners.ParentRunner.runChildren(ParentRunner.java:288)
	at org.junit.runners.ParentRunner.access$000(ParentRunner.java:58)
	at org.junit.runners.ParentRunner$2.evaluate(ParentRunner.java:268)
	at org.junit.internal.runners.statements.RunBefores.evaluate(RunBefores.java:26)
	at org.junit.internal.runners.statements.RunAfters.evaluate(RunAfters.java:27)
	at org.junit.runners.ParentRunner.run(ParentRunner.java:363)
	at org.junit.runners.Suite.runChild(Suite.java:128)
	at org.junit.runners.Suite.runChild(Suite.java:27)
	at org.junit.runners.ParentRunner$3.run(ParentRunner.java:290)
	at org.junit.runners.ParentRunner$1.schedule(ParentRunner.java:71)
	at org.junit.runners.ParentRunner.runChildren(ParentRunner.java:288)
	at org.junit.runners.ParentRunner.access$000(ParentRunner.java:58)
	at org.junit.runners.ParentRunner$2.evaluate(ParentRunner.java:268)
	at org.junit.runners.ParentRunner.run(ParentRunner.java:363)
	at org.gradle.api.internal.tasks.testing.junit.JUnitTestClassExecutor.runTestClass(JUnitTestClassExecutor.java:106)
	at org.gradle.api.internal.tasks.testing.junit.JUnitTestClassExecutor.execute(JUnitTestClassExecutor.java:58)
	at org.gradle.api.internal.tasks.testing.junit.JUnitTestClassExecutor.execute(JUnitTestClassExecutor.java:38)
	at org.gradle.api.internal.tasks.testing.junit.AbstractJUnitTestClassProcessor.processTestClass(AbstractJUnitTestClassProcessor.java:66)
	at org.gradle.api.internal.tasks.testing.SuiteTestClassProcessor.processTestClass(SuiteTestClassProcessor.java:51)
	at sun.reflect.NativeMethodAccessorImpl.invoke0(Native Method)
	at sun.reflect.NativeMethodAccessorImpl.invoke(NativeMethodAccessorImpl.java:62)
	at sun.reflect.DelegatingMethodAccessorImpl.invoke(DelegatingMethodAccessorImpl.java:43)
	at java.lang.reflect.Method.invoke(Method.java:498)
	at org.gradle.internal.dispatch.ReflectionDispatch.dispatch(ReflectionDispatch.java:35)
	at org.gradle.internal.dispatch.ReflectionDispatch.dispatch(ReflectionDispatch.java:24)
	at org.gradle.internal.dispatch.ContextClassLoaderDispatch.dispatch(ContextClassLoaderDispatch.java:32)
	at org.gradle.internal.dispatch.ProxyDispatchAdapter$DispatchingInvocationHandler.invoke(ProxyDispatchAdapter.java:93)
	at com.sun.proxy.$Proxy2.processTestClass(Unknown Source)
	at org.gradle.api.internal.tasks.testing.worker.TestWorker.processTestClass(TestWorker.java:117)
	at sun.reflect.NativeMethodAccessorImpl.invoke0(Native Method)
	at sun.reflect.NativeMethodAccessorImpl.invoke(NativeMethodAccessorImpl.java:62)
	at sun.reflect.DelegatingMethodAccessorImpl.invoke(DelegatingMethodAccessorImpl.java:43)
	at java.lang.reflect.Method.invoke(Method.java:498)
	at org.gradle.internal.dispatch.ReflectionDispatch.dispatch(ReflectionDispatch.java:35)
	at org.gradle.internal.dispatch.ReflectionDispatch.dispatch(ReflectionDispatch.java:24)
	at org.gradle.internal.remote.internal.hub.MessageHubBackedObjectConnection$DispatchWrapper.dispatch(MessageHubBackedObjectConnection.java:155)
	at org.gradle.internal.remote.internal.hub.MessageHubBackedObjectConnection$DispatchWrapper.dispatch(MessageHubBackedObjectConnection.java:137)
	at org.gradle.internal.remote.internal.hub.MessageHub$Handler.run(MessageHub.java:404)
	at org.gradle.internal.concurrent.ExecutorPolicy$CatchAndRecordFailures.onExecute(ExecutorPolicy.java:63)
	at org.gradle.internal.concurrent.ManagedExecutorImpl$1.run(ManagedExecutorImpl.java:46)
	at java.util.concurrent.ThreadPoolExecutor.runWorker(ThreadPoolExecutor.java:1149)
	at java.util.concurrent.ThreadPoolExecutor$Worker.run(ThreadPoolExecutor.java:624)
	at org.gradle.internal.concurrent.ThreadFactoryImpl$ManagedThreadRunnable.run(ThreadFactoryImpl.java:55)
	at java.lang.Thread.run(Thread.java:748)
</pre>
</span>
</div>
<div class="test">
<a name="publish[8: com.dotcms.publishing.PublisherAPIImplTest$TestCase@2e9bccf]"></a>
<h3 class="failures">publish[8: com.dotcms.publishing.PublisherAPIImplTest$TestCase@2e9bccf]</h3>
<span class="code">
<pre>java.lang.AssertionError: Expected 5 but get 6 in /custom/assets/bundles/01EY9FH5HXHEECQQQTWVCVJD53
Expected [/custom/assets/bundles/01EY9FH5HXHEECQQQTWVCVJD53/live/default/74c31419-80ed-414e-9fed-7d56ac966987.rule.xml, /custom/assets/bundles/01EY9FH5HXHEECQQQTWVCVJD53/live/System Host/1/content.ff462f88-d9e1-4d31-b084-b73cb61976d3.host.xml, /custom/assets/bundles/01EY9FH5HXHEECQQQTWVCVJD53/working/System Host/1/content.ff462f88-d9e1-4d31-b084-b73cb61976d3.host.xml, /custom/assets/bundles/01EY9FH5HXHEECQQQTWVCVJD53/live/test1613073741271.dotcms.com/eee5ae05-e552-4300-9c5c-973fde6649a9.rule.xml]
Existing [/custom/assets/bundles/01EY9FH5HXHEECQQQTWVCVJD53/bundle.xml, /custom/assets/bundles/01EY9FH5HXHEECQQQTWVCVJD53/live/System Host/1/content.ff462f88-d9e1-4d31-b084-b73cb61976d3.host.xml, /custom/assets/bundles/01EY9FH5HXHEECQQQTWVCVJD53/live/System Host/1/system host.host.xml, /custom/assets/bundles/01EY9FH5HXHEECQQQTWVCVJD53/live/default/74c31419-80ed-414e-9fed-7d56ac966987.rule.xml, /custom/assets/bundles/01EY9FH5HXHEECQQQTWVCVJD53/live/test1613073741271.dotcms.com/eee5ae05-e552-4300-9c5c-973fde6649a9.rule.xml, /custom/assets/bundles/01EY9FH5HXHEECQQQTWVCVJD53/working/System Host/1/content.ff462f88-d9e1-4d31-b084-b73cb61976d3.host.xml]
difference [/custom/assets/bundles/01EY9FH5HXHEECQQQTWVCVJD53/bundle.xml, /custom/assets/bundles/01EY9FH5HXHEECQQQTWVCVJD53/live/System Host/1/system host.host.xml]

	at org.jgroups.util.Util.assertEquals(Util.java:185)
	at com.dotcms.publishing.PublisherAPIImplTest.publish(PublisherAPIImplTest.java:407)
	at sun.reflect.NativeMethodAccessorImpl.invoke0(Native Method)
	at sun.reflect.NativeMethodAccessorImpl.invoke(NativeMethodAccessorImpl.java:62)
	at sun.reflect.DelegatingMethodAccessorImpl.invoke(DelegatingMethodAccessorImpl.java:43)
	at java.lang.reflect.Method.invoke(Method.java:498)
	at org.junit.runners.model.FrameworkMethod$1.runReflectiveCall(FrameworkMethod.java:50)
	at org.junit.internal.runners.model.ReflectiveCallable.run(ReflectiveCallable.java:12)
	at org.junit.runners.model.FrameworkMethod.invokeExplosively(FrameworkMethod.java:47)
	at com.tngtech.java.junit.dataprovider.DataProviderFrameworkMethod.invokeExplosively(DataProviderFrameworkMethod.java:119)
	at org.junit.internal.runners.statements.InvokeMethod.evaluate(InvokeMethod.java:17)
	at org.junit.rules.TestWatcher$1.evaluate(TestWatcher.java:55)
	at org.junit.rules.RunRules.evaluate(RunRules.java:20)
	at org.junit.runners.ParentRunner.runLeaf(ParentRunner.java:325)
	at com.dotcms.junit.CustomDataProviderRunner.runChild(CustomDataProviderRunner.java:28)
	at com.dotcms.junit.CustomDataProviderRunner.runChild(CustomDataProviderRunner.java:13)
	at org.junit.runners.ParentRunner$3.run(ParentRunner.java:290)
	at org.junit.runners.ParentRunner$1.schedule(ParentRunner.java:71)
	at org.junit.runners.ParentRunner.runChildren(ParentRunner.java:288)
	at org.junit.runners.ParentRunner.access$000(ParentRunner.java:58)
	at org.junit.runners.ParentRunner$2.evaluate(ParentRunner.java:268)
	at org.junit.internal.runners.statements.RunBefores.evaluate(RunBefores.java:26)
	at org.junit.internal.runners.statements.RunAfters.evaluate(RunAfters.java:27)
	at org.junit.runners.ParentRunner.run(ParentRunner.java:363)
	at org.junit.runners.Suite.runChild(Suite.java:128)
	at org.junit.runners.Suite.runChild(Suite.java:27)
	at org.junit.runners.ParentRunner$3.run(ParentRunner.java:290)
	at org.junit.runners.ParentRunner$1.schedule(ParentRunner.java:71)
	at org.junit.runners.ParentRunner.runChildren(ParentRunner.java:288)
	at org.junit.runners.ParentRunner.access$000(ParentRunner.java:58)
	at org.junit.runners.ParentRunner$2.evaluate(ParentRunner.java:268)
	at org.junit.runners.ParentRunner.run(ParentRunner.java:363)
	at org.gradle.api.internal.tasks.testing.junit.JUnitTestClassExecutor.runTestClass(JUnitTestClassExecutor.java:106)
	at org.gradle.api.internal.tasks.testing.junit.JUnitTestClassExecutor.execute(JUnitTestClassExecutor.java:58)
	at org.gradle.api.internal.tasks.testing.junit.JUnitTestClassExecutor.execute(JUnitTestClassExecutor.java:38)
	at org.gradle.api.internal.tasks.testing.junit.AbstractJUnitTestClassProcessor.processTestClass(AbstractJUnitTestClassProcessor.java:66)
	at org.gradle.api.internal.tasks.testing.SuiteTestClassProcessor.processTestClass(SuiteTestClassProcessor.java:51)
	at sun.reflect.NativeMethodAccessorImpl.invoke0(Native Method)
	at sun.reflect.NativeMethodAccessorImpl.invoke(NativeMethodAccessorImpl.java:62)
	at sun.reflect.DelegatingMethodAccessorImpl.invoke(DelegatingMethodAccessorImpl.java:43)
	at java.lang.reflect.Method.invoke(Method.java:498)
	at org.gradle.internal.dispatch.ReflectionDispatch.dispatch(ReflectionDispatch.java:35)
	at org.gradle.internal.dispatch.ReflectionDispatch.dispatch(ReflectionDispatch.java:24)
	at org.gradle.internal.dispatch.ContextClassLoaderDispatch.dispatch(ContextClassLoaderDispatch.java:32)
	at org.gradle.internal.dispatch.ProxyDispatchAdapter$DispatchingInvocationHandler.invoke(ProxyDispatchAdapter.java:93)
	at com.sun.proxy.$Proxy2.processTestClass(Unknown Source)
	at org.gradle.api.internal.tasks.testing.worker.TestWorker.processTestClass(TestWorker.java:117)
	at sun.reflect.NativeMethodAccessorImpl.invoke0(Native Method)
	at sun.reflect.NativeMethodAccessorImpl.invoke(NativeMethodAccessorImpl.java:62)
	at sun.reflect.DelegatingMethodAccessorImpl.invoke(DelegatingMethodAccessorImpl.java:43)
	at java.lang.reflect.Method.invoke(Method.java:498)
	at org.gradle.internal.dispatch.ReflectionDispatch.dispatch(ReflectionDispatch.java:35)
	at org.gradle.internal.dispatch.ReflectionDispatch.dispatch(ReflectionDispatch.java:24)
	at org.gradle.internal.remote.internal.hub.MessageHubBackedObjectConnection$DispatchWrapper.dispatch(MessageHubBackedObjectConnection.java:155)
	at org.gradle.internal.remote.internal.hub.MessageHubBackedObjectConnection$DispatchWrapper.dispatch(MessageHubBackedObjectConnection.java:137)
	at org.gradle.internal.remote.internal.hub.MessageHub$Handler.run(MessageHub.java:404)
	at org.gradle.internal.concurrent.ExecutorPolicy$CatchAndRecordFailures.onExecute(ExecutorPolicy.java:63)
	at org.gradle.internal.concurrent.ManagedExecutorImpl$1.run(ManagedExecutorImpl.java:46)
	at java.util.concurrent.ThreadPoolExecutor.runWorker(ThreadPoolExecutor.java:1149)
	at java.util.concurrent.ThreadPoolExecutor$Worker.run(ThreadPoolExecutor.java:624)
	at org.gradle.internal.concurrent.ThreadFactoryImpl$ManagedThreadRunnable.run(ThreadFactoryImpl.java:55)
	at java.lang.Thread.run(Thread.java:748)
</pre>
</span>
</div>
<div class="test">
<a name="publish[9: com.dotcms.publishing.PublisherAPIImplTest$TestCase@6417794b]"></a>
<h3 class="failures">publish[9: com.dotcms.publishing.PublisherAPIImplTest$TestCase@6417794b]</h3>
<span class="code">
<pre>java.lang.AssertionError: Expected 24 but get 26 in /custom/assets/bundles/01EY9FH5KN6ZVV5DRDS8Q9760F
Expected [/custom/assets/bundles/01EY9FH5KN6ZVV5DRDS8Q9760F/live/default/1613076004036/b11bdeb4-c94b-4bf0-b773-9a9716a157db.contentworkflow.xml, /custom/assets/bundles/01EY9FH5KN6ZVV5DRDS8Q9760F/working/test1613073735176.dotcms.com/f37fda3c-ef2d-41cd-95e0-2b056ead1168.contentType.json, /custom/assets/bundles/01EY9FH5KN6ZVV5DRDS8Q9760F/working/System Host/1/0-content.b46d8bb9-bf4a-4240-9f7f-b9ca10c8c711.content.xml, /custom/assets/bundles/01EY9FH5KN6ZVV5DRDS8Q9760F/d61a59e1-a49c-46f2-a929-db2b4bfa88b2.workflow.xml, /custom/assets/bundles/01EY9FH5KN6ZVV5DRDS8Q9760F/working/test1613073735176.dotcms.com/73baa8fa-4256-4c84-94dc-4464c3720804.relationship.xml, /custom/assets/bundles/01EY9FH5KN6ZVV5DRDS8Q9760F/working/System Host/1/content.ff462f88-d9e1-4d31-b084-b73cb61976d3.host.xml, /custom/assets/bundles/01EY9FH5KN6ZVV5DRDS8Q9760F/live/System Host/1/2-content.afc99973-f938-47d4-bd70-07bafa2564d5.content.xml, /custom/assets/bundles/01EY9FH5KN6ZVV5DRDS8Q9760F/live/System Host/is_RC.language.xml, /custom/assets/bundles/01EY9FH5KN6ZVV5DRDS8Q9760F/live/System Host/1properties, /custom/assets/bundles/01EY9FH5KN6ZVV5DRDS8Q9760F/live/System Host/1/content.e35603da-77dc-47ba-a313-3844197bc4fd.host.xml, /custom/assets/bundles/01EY9FH5KN6ZVV5DRDS8Q9760F/working/System Host/f4d7c1b8-2c88-4071-abf1-a5328977b07d.contentType.json, /custom/assets/bundles/01EY9FH5KN6ZVV5DRDS8Q9760F/working/System Host/53ac54ef-f997-4b6c-a6e7-6f00e3fcede2.category.dpc.xml, /custom/assets/bundles/01EY9FH5KN6ZVV5DRDS8Q9760F/live/System Host/1/b225aeed-a040-44af-8557-17da4b88e0ea.contentworkflow.xml, /custom/assets/bundles/01EY9FH5KN6ZVV5DRDS8Q9760F/working/System Host/1/b225aeed-a040-44af-8557-17da4b88e0ea.contentworkflow.xml, /custom/assets/bundles/01EY9FH5KN6ZVV5DRDS8Q9760F/live/default/74c31419-80ed-414e-9fed-7d56ac966987.rule.xml, /custom/assets/bundles/01EY9FH5KN6ZVV5DRDS8Q9760F/live/System Host/1/3-content.b46d8bb9-bf4a-4240-9f7f-b9ca10c8c711.content.xml, /custom/assets/bundles/01EY9FH5KN6ZVV5DRDS8Q9760F/245d63f4-ab1a-4eae-a4e0-87035a7b357d.workflow.xml, /custom/assets/bundles/01EY9FH5KN6ZVV5DRDS8Q9760F/working/test1613073735176.dotcms.com/87672f97-6425-4e71-89b8-93f218247943.contentType.json, /custom/assets/bundles/01EY9FH5KN6ZVV5DRDS8Q9760F/live/System Host/1/9c173b50-1be3-48cd-9077-b0707f9498e8.contentworkflow.xml, /custom/assets/bundles/01EY9FH5KN6ZVV5DRDS8Q9760F/live/default/1613076004036/1-content.d31e44b3-b0e8-47c1-b59c-64850ff7925c.content.xml, /custom/assets/bundles/01EY9FH5KN6ZVV5DRDS8Q9760F/live/System Host/1613076004036properties, /custom/assets/bundles/01EY9FH5KN6ZVV5DRDS8Q9760F/live/System Host/1/content.ff462f88-d9e1-4d31-b084-b73cb61976d3.host.xml, /custom/assets/bundles/01EY9FH5KN6ZVV5DRDS8Q9760F/live/System Host/en_US.language.xml]
Existing [/custom/assets/bundles/01EY9FH5KN6ZVV5DRDS8Q9760F/245d63f4-ab1a-4eae-a4e0-87035a7b357d.workflow.xml, /custom/assets/bundles/01EY9FH5KN6ZVV5DRDS8Q9760F/ROOT/bc9a1d37-dd2d-4d49-a29d-0c9be740bfaf.folder.xml, /custom/assets/bundles/01EY9FH5KN6ZVV5DRDS8Q9760F/bundle.xml, /custom/assets/bundles/01EY9FH5KN6ZVV5DRDS8Q9760F/d61a59e1-a49c-46f2-a929-db2b4bfa88b2.workflow.xml, /custom/assets/bundles/01EY9FH5KN6ZVV5DRDS8Q9760F/live/System Host/1/2-content.afc99973-f938-47d4-bd70-07bafa2564d5.content.xml, /custom/assets/bundles/01EY9FH5KN6ZVV5DRDS8Q9760F/live/System Host/1/3-content.b46d8bb9-bf4a-4240-9f7f-b9ca10c8c711.content.xml, /custom/assets/bundles/01EY9FH5KN6ZVV5DRDS8Q9760F/live/System Host/1/9c173b50-1be3-48cd-9077-b0707f9498e8.contentworkflow.xml, /custom/assets/bundles/01EY9FH5KN6ZVV5DRDS8Q9760F/live/System Host/1/b225aeed-a040-44af-8557-17da4b88e0ea.contentworkflow.xml, /custom/assets/bundles/01EY9FH5KN6ZVV5DRDS8Q9760F/live/System Host/1/content.e35603da-77dc-47ba-a313-3844197bc4fd.host.xml, /custom/assets/bundles/01EY9FH5KN6ZVV5DRDS8Q9760F/live/System Host/1/content.ff462f88-d9e1-4d31-b084-b73cb61976d3.host.xml, /custom/assets/bundles/01EY9FH5KN6ZVV5DRDS8Q9760F/live/System Host/1/system host.host.xml, /custom/assets/bundles/01EY9FH5KN6ZVV5DRDS8Q9760F/live/System Host/1613076004036properties, /custom/assets/bundles/01EY9FH5KN6ZVV5DRDS8Q9760F/live/System Host/1properties, /custom/assets/bundles/01EY9FH5KN6ZVV5DRDS8Q9760F/live/System Host/en_US.language.xml, /custom/assets/bundles/01EY9FH5KN6ZVV5DRDS8Q9760F/live/System Host/is_RC.language.xml, /custom/assets/bundles/01EY9FH5KN6ZVV5DRDS8Q9760F/live/default/1613076004036/1-content.d31e44b3-b0e8-47c1-b59c-64850ff7925c.content.xml, /custom/assets/bundles/01EY9FH5KN6ZVV5DRDS8Q9760F/live/default/1613076004036/b11bdeb4-c94b-4bf0-b773-9a9716a157db.contentworkflow.xml, /custom/assets/bundles/01EY9FH5KN6ZVV5DRDS8Q9760F/live/default/74c31419-80ed-414e-9fed-7d56ac966987.rule.xml, /custom/assets/bundles/01EY9FH5KN6ZVV5DRDS8Q9760F/working/System Host/1/0-content.b46d8bb9-bf4a-4240-9f7f-b9ca10c8c711.content.xml, /custom/assets/bundles/01EY9FH5KN6ZVV5DRDS8Q9760F/working/System Host/1/b225aeed-a040-44af-8557-17da4b88e0ea.contentworkflow.xml, /custom/assets/bundles/01EY9FH5KN6ZVV5DRDS8Q9760F/working/System Host/1/content.ff462f88-d9e1-4d31-b084-b73cb61976d3.host.xml, /custom/assets/bundles/01EY9FH5KN6ZVV5DRDS8Q9760F/working/System Host/53ac54ef-f997-4b6c-a6e7-6f00e3fcede2.category.dpc.xml, /custom/assets/bundles/01EY9FH5KN6ZVV5DRDS8Q9760F/working/System Host/f4d7c1b8-2c88-4071-abf1-a5328977b07d.contentType.json, /custom/assets/bundles/01EY9FH5KN6ZVV5DRDS8Q9760F/working/test1613073735176.dotcms.com/73baa8fa-4256-4c84-94dc-4464c3720804.relationship.xml, /custom/assets/bundles/01EY9FH5KN6ZVV5DRDS8Q9760F/working/test1613073735176.dotcms.com/87672f97-6425-4e71-89b8-93f218247943.contentType.json, /custom/assets/bundles/01EY9FH5KN6ZVV5DRDS8Q9760F/working/test1613073735176.dotcms.com/f37fda3c-ef2d-41cd-95e0-2b056ead1168.contentType.json]
difference [/custom/assets/bundles/01EY9FH5KN6ZVV5DRDS8Q9760F/ROOT/bc9a1d37-dd2d-4d49-a29d-0c9be740bfaf.folder.xml, /custom/assets/bundles/01EY9FH5KN6ZVV5DRDS8Q9760F/bundle.xml, /custom/assets/bundles/01EY9FH5KN6ZVV5DRDS8Q9760F/live/System Host/1/system host.host.xml]

	at org.jgroups.util.Util.assertEquals(Util.java:185)
	at com.dotcms.publishing.PublisherAPIImplTest.publish(PublisherAPIImplTest.java:407)
	at sun.reflect.NativeMethodAccessorImpl.invoke0(Native Method)
	at sun.reflect.NativeMethodAccessorImpl.invoke(NativeMethodAccessorImpl.java:62)
	at sun.reflect.DelegatingMethodAccessorImpl.invoke(DelegatingMethodAccessorImpl.java:43)
	at java.lang.reflect.Method.invoke(Method.java:498)
	at org.junit.runners.model.FrameworkMethod$1.runReflectiveCall(FrameworkMethod.java:50)
	at org.junit.internal.runners.model.ReflectiveCallable.run(ReflectiveCallable.java:12)
	at org.junit.runners.model.FrameworkMethod.invokeExplosively(FrameworkMethod.java:47)
	at com.tngtech.java.junit.dataprovider.DataProviderFrameworkMethod.invokeExplosively(DataProviderFrameworkMethod.java:119)
	at org.junit.internal.runners.statements.InvokeMethod.evaluate(InvokeMethod.java:17)
	at org.junit.rules.TestWatcher$1.evaluate(TestWatcher.java:55)
	at org.junit.rules.RunRules.evaluate(RunRules.java:20)
	at org.junit.runners.ParentRunner.runLeaf(ParentRunner.java:325)
	at com.dotcms.junit.CustomDataProviderRunner.runChild(CustomDataProviderRunner.java:28)
	at com.dotcms.junit.CustomDataProviderRunner.runChild(CustomDataProviderRunner.java:13)
	at org.junit.runners.ParentRunner$3.run(ParentRunner.java:290)
	at org.junit.runners.ParentRunner$1.schedule(ParentRunner.java:71)
	at org.junit.runners.ParentRunner.runChildren(ParentRunner.java:288)
	at org.junit.runners.ParentRunner.access$000(ParentRunner.java:58)
	at org.junit.runners.ParentRunner$2.evaluate(ParentRunner.java:268)
	at org.junit.internal.runners.statements.RunBefores.evaluate(RunBefores.java:26)
	at org.junit.internal.runners.statements.RunAfters.evaluate(RunAfters.java:27)
	at org.junit.runners.ParentRunner.run(ParentRunner.java:363)
	at org.junit.runners.Suite.runChild(Suite.java:128)
	at org.junit.runners.Suite.runChild(Suite.java:27)
	at org.junit.runners.ParentRunner$3.run(ParentRunner.java:290)
	at org.junit.runners.ParentRunner$1.schedule(ParentRunner.java:71)
	at org.junit.runners.ParentRunner.runChildren(ParentRunner.java:288)
	at org.junit.runners.ParentRunner.access$000(ParentRunner.java:58)
	at org.junit.runners.ParentRunner$2.evaluate(ParentRunner.java:268)
	at org.junit.runners.ParentRunner.run(ParentRunner.java:363)
	at org.gradle.api.internal.tasks.testing.junit.JUnitTestClassExecutor.runTestClass(JUnitTestClassExecutor.java:106)
	at org.gradle.api.internal.tasks.testing.junit.JUnitTestClassExecutor.execute(JUnitTestClassExecutor.java:58)
	at org.gradle.api.internal.tasks.testing.junit.JUnitTestClassExecutor.execute(JUnitTestClassExecutor.java:38)
	at org.gradle.api.internal.tasks.testing.junit.AbstractJUnitTestClassProcessor.processTestClass(AbstractJUnitTestClassProcessor.java:66)
	at org.gradle.api.internal.tasks.testing.SuiteTestClassProcessor.processTestClass(SuiteTestClassProcessor.java:51)
	at sun.reflect.NativeMethodAccessorImpl.invoke0(Native Method)
	at sun.reflect.NativeMethodAccessorImpl.invoke(NativeMethodAccessorImpl.java:62)
	at sun.reflect.DelegatingMethodAccessorImpl.invoke(DelegatingMethodAccessorImpl.java:43)
	at java.lang.reflect.Method.invoke(Method.java:498)
	at org.gradle.internal.dispatch.ReflectionDispatch.dispatch(ReflectionDispatch.java:35)
	at org.gradle.internal.dispatch.ReflectionDispatch.dispatch(ReflectionDispatch.java:24)
	at org.gradle.internal.dispatch.ContextClassLoaderDispatch.dispatch(ContextClassLoaderDispatch.java:32)
	at org.gradle.internal.dispatch.ProxyDispatchAdapter$DispatchingInvocationHandler.invoke(ProxyDispatchAdapter.java:93)
	at com.sun.proxy.$Proxy2.processTestClass(Unknown Source)
	at org.gradle.api.internal.tasks.testing.worker.TestWorker.processTestClass(TestWorker.java:117)
	at sun.reflect.NativeMethodAccessorImpl.invoke0(Native Method)
	at sun.reflect.NativeMethodAccessorImpl.invoke(NativeMethodAccessorImpl.java:62)
	at sun.reflect.DelegatingMethodAccessorImpl.invoke(DelegatingMethodAccessorImpl.java:43)
	at java.lang.reflect.Method.invoke(Method.java:498)
	at org.gradle.internal.dispatch.ReflectionDispatch.dispatch(ReflectionDispatch.java:35)
	at org.gradle.internal.dispatch.ReflectionDispatch.dispatch(ReflectionDispatch.java:24)
	at org.gradle.internal.remote.internal.hub.MessageHubBackedObjectConnection$DispatchWrapper.dispatch(MessageHubBackedObjectConnection.java:155)
	at org.gradle.internal.remote.internal.hub.MessageHubBackedObjectConnection$DispatchWrapper.dispatch(MessageHubBackedObjectConnection.java:137)
	at org.gradle.internal.remote.internal.hub.MessageHub$Handler.run(MessageHub.java:404)
	at org.gradle.internal.concurrent.ExecutorPolicy$CatchAndRecordFailures.onExecute(ExecutorPolicy.java:63)
	at org.gradle.internal.concurrent.ManagedExecutorImpl$1.run(ManagedExecutorImpl.java:46)
	at java.util.concurrent.ThreadPoolExecutor.runWorker(ThreadPoolExecutor.java:1149)
	at java.util.concurrent.ThreadPoolExecutor$Worker.run(ThreadPoolExecutor.java:624)
	at org.gradle.internal.concurrent.ThreadFactoryImpl$ManagedThreadRunnable.run(ThreadFactoryImpl.java:55)
	at java.lang.Thread.run(Thread.java:748)
</pre>
</span>
</div>
</div>
<div id="tab1" class="tab">
<h2>Tests</h2>
<table>
<thead>
<tr>
<th>Test</th>
<th>Duration</th>
<th>Result</th>
</tr>
</thead>
<tr>
<td class="failures">publish[0: com.dotcms.publishing.PublisherAPIImplTest$TestCase@50a58bf3]</td>
<td class="failures">0.213s</td>
<td class="failures">failed</td>
</tr>
<tr>
<td class="failures">publish[10: com.dotcms.publishing.PublisherAPIImplTest$TestCase@4b46c3c3]</td>
<td class="failures">0.100s</td>
<td class="failures">failed</td>
</tr>
<tr>
<td class="failures">publish[11: com.dotcms.publishing.PublisherAPIImplTest$TestCase@c6c92af]</td>
<td class="failures">0.089s</td>
<td class="failures">failed</td>
</tr>
<tr>
<td class="failures">publish[12: com.dotcms.publishing.PublisherAPIImplTest$TestCase@432c4829]</td>
<td class="failures">0.147s</td>
<td class="failures">failed</td>
</tr>
<tr>
<td class="failures">publish[13: com.dotcms.publishing.PublisherAPIImplTest$TestCase@1caeac26]</td>
<td class="failures">0.194s</td>
<td class="failures">failed</td>
</tr>
<tr>
<td class="failures">publish[14: com.dotcms.publishing.PublisherAPIImplTest$TestCase@618b3cab]</td>
<td class="failures">0.140s</td>
<td class="failures">failed</td>
</tr>
<tr>
<td class="failures">publish[15: com.dotcms.publishing.PublisherAPIImplTest$TestCase@99a33df]</td>
<td class="failures">0.078s</td>
<td class="failures">failed</td>
</tr>
<tr>
<td class="failures">publish[16: com.dotcms.publishing.PublisherAPIImplTest$TestCase@28565fc5]</td>
<td class="failures">0.090s</td>
<td class="failures">failed</td>
</tr>
<tr>
<td class="failures">publish[17: com.dotcms.publishing.PublisherAPIImplTest$TestCase@41701975]</td>
<td class="failures">0.046s</td>
<td class="failures">failed</td>
</tr>
<tr>
<td class="failures">publish[1: com.dotcms.publishing.PublisherAPIImplTest$TestCase@26ed9b54]</td>
<td class="failures">0.128s</td>
<td class="failures">failed</td>
</tr>
<tr>
<td class="failures">publish[2: com.dotcms.publishing.PublisherAPIImplTest$TestCase@47cdf535]</td>
<td class="failures">0.115s</td>
<td class="failures">failed</td>
</tr>
<tr>
<td class="failures">publish[3: com.dotcms.publishing.PublisherAPIImplTest$TestCase@578b171b]</td>
<td class="failures">0.189s</td>
<td class="failures">failed</td>
</tr>
<tr>
<td class="failures">publish[4: com.dotcms.publishing.PublisherAPIImplTest$TestCase@2b0de40a]</td>
<td class="failures">0.202s</td>
<td class="failures">failed</td>
</tr>
<tr>
<td class="failures">publish[5: com.dotcms.publishing.PublisherAPIImplTest$TestCase@61f0fd04]</td>
<td class="failures">0.168s</td>
<td class="failures">failed</td>
</tr>
<tr>
<td class="failures">publish[6: com.dotcms.publishing.PublisherAPIImplTest$TestCase@49bcc852]</td>
<td class="failures">0.111s</td>
<td class="failures">failed</td>
</tr>
<tr>
<td class="failures">publish[7: com.dotcms.publishing.PublisherAPIImplTest$TestCase@46003db1]</td>
<td class="failures">0.137s</td>
<td class="failures">failed</td>
</tr>
<tr>
<td class="failures">publish[8: com.dotcms.publishing.PublisherAPIImplTest$TestCase@2e9bccf]</td>
<td class="failures">0.053s</td>
<td class="failures">failed</td>
</tr>
<tr>
<td class="failures">publish[9: com.dotcms.publishing.PublisherAPIImplTest$TestCase@6417794b]</td>
<td class="failures">0.097s</td>
<td class="failures">failed</td>
</tr>
</table>
</div>
<div id="tab2" class="tab">
<h2>Standard output</h2>
<span class="code">
<pre>

















</pre>
</span>
</div>
</div>
<div id="footer">
<p>
<div>
<label class="hidden" id="label-for-line-wrapping-toggle" for="line-wrapping-toggle">Wrap lines
<input id="line-wrapping-toggle" type="checkbox" autocomplete="off"/>
</label>
</div>Generated by 
<a href="http://www.gradle.org">Gradle 4.10.2</a> at Feb 11, 2021 9:21:42 PM</p>
</div>
</div>
</body>
</html>
