<!DOCTYPE html>
<html>
<head>
<meta http-equiv="Content-Type" content="text/html; charset=utf-8"/>
<meta http-equiv="x-ua-compatible" content="IE=edge"/>
<title>Test results - Class com.dotcms.publishing.PublisherAPIImplTest</title>
<link href="../css/base-style.css" rel="stylesheet" type="text/css"/>
<link href="../css/style.css" rel="stylesheet" type="text/css"/>
<script src="../js/report.js" type="text/javascript"></script>
</head>
<body>
<div id="content">
<h1>Class com.dotcms.publishing.PublisherAPIImplTest</h1>
<div class="breadcrumbs">
<a href="../index.html">all</a> &gt; 
<a href="../packages/com.dotcms.publishing.html">com.dotcms.publishing</a> &gt; PublisherAPIImplTest</div>
<div id="summary">
<table>
<tr>
<td>
<div class="summaryGroup">
<table>
<tr>
<td>
<div class="infoBox" id="tests">
<div class="counter">18</div>
<p>tests</p>
</div>
</td>
<td>
<div class="infoBox" id="failures">
<div class="counter">12</div>
<p>failures</p>
</div>
</td>
<td>
<div class="infoBox" id="ignored">
<div class="counter">0</div>
<p>ignored</p>
</div>
</td>
<td>
<div class="infoBox" id="duration">
<div class="counter">3.093s</div>
<p>duration</p>
</div>
</td>
</tr>
</table>
</div>
</td>
<td>
<div class="infoBox failures" id="successRate">
<div class="percent">33%</div>
<p>successful</p>
</div>
</td>
</tr>
</table>
</div>
<div id="tabs">
<ul class="tabLinks">
<li>
<a href="#tab0">Failed tests</a>
</li>
<li>
<a href="#tab1">Tests</a>
</li>
<li>
<a href="#tab2">Standard output</a>
</li>
</ul>
<div id="tab0" class="tab">
<h2>Failed tests</h2>
<div class="test">
<a name="publish[0: com.dotcms.publishing.PublisherAPIImplTest$TestCase@62a3a5cd]"></a>
<h3 class="failures">publish[0: com.dotcms.publishing.PublisherAPIImplTest$TestCase@62a3a5cd]</h3>
<span class="code">
<pre>java.lang.AssertionError: Fail for Category:
Asset -&gt; com.dotmarketing.portlets.categories.model.Category@23208907[categoryName=CategoryName1614617934414,description=&lt;null&gt;,key=CategoryKey1614617934414,sortOrder=1,active=true,keywords=&lt;null&gt;,categoryVelocityVarName=VelocityVarName1614617934414] 
difference -&gt; inode&gt;f2683ff7-abfc-45e4-bfa9-5a013465995a&lt;/inode&gt;&lt;categoryName&gt;CategoryName1614617934414&lt;/categoryName&gt;&lt;key&gt;CategoryKey1614617934414&lt;/key&gt;&lt;sortOrder&gt;1&lt;/sortOrder&gt;&lt;active&gt;true&lt;/active&gt;&lt;categoryVelocityVarName&gt;VelocityVarName1614617934414&lt;/categoryVelocityVarName&gt;&lt;/category&gt;&lt;children/&gt;&lt;operation&gt;PUBLISH&lt;/operation&gt;&lt;/com.dotcms.publisher.pusher.wrapper.CategoryWrapper&gt;
expected -&gt; &lt;com.dotcms.publisher.pusher.wrapper.CategoryWrapper&gt;&lt;topLevel&gt;true&lt;/topLevel&gt;&lt;category&gt;&lt;type&gt;category&lt;/type&gt;&lt;owner&gt;&lt;/owner&gt;&lt;inode&gt;f2683ff7-abfc-45e4-bfa9-5a013465995a&lt;/inode&gt;&lt;categoryName&gt;CategoryName1614617934414&lt;/categoryName&gt;&lt;key&gt;CategoryKey1614617934414&lt;/key&gt;&lt;sortOrder&gt;1&lt;/sortOrder&gt;&lt;active&gt;true&lt;/active&gt;&lt;categoryVelocityVarName&gt;VelocityVarName1614617934414&lt;/categoryVelocityVarName&gt;&lt;/category&gt;&lt;children/&gt;&lt;operation&gt;PUBLISH&lt;/operation&gt;&lt;/com.dotcms.publisher.pusher.wrapper.CategoryWrapper&gt;
real -&gt; &lt;com.dotcms.publisher.pusher.wrapper.CategoryWrapper&gt;&lt;topLevel&gt;true&lt;/topLevel&gt;&lt;category&gt;&lt;type&gt;category&lt;/type&gt;&lt;inode&gt;f2683ff7-abfc-45e4-bfa9-5a013465995a&lt;/inode&gt;&lt;categoryName&gt;CategoryName1614617934414&lt;/categoryName&gt;&lt;key&gt;CategoryKey1614617934414&lt;/key&gt;&lt;sortOrder&gt;1&lt;/sortOrder&gt;&lt;active&gt;true&lt;/active&gt;&lt;categoryVelocityVarName&gt;VelocityVarName1614617934414&lt;/categoryVelocityVarName&gt;&lt;/category&gt;&lt;children/&gt;&lt;operation&gt;PUBLISH&lt;/operation&gt;&lt;/com.dotcms.publisher.pusher.wrapper.CategoryWrapper&gt;

	at org.jgroups.util.Util.assertEquals(Util.java:185)
	at com.dotcms.test.util.FileTestUtil.assertBundleFile(FileTestUtil.java:254)
	at com.dotcms.test.util.FileTestUtil.assertBundleFile(FileTestUtil.java:151)
	at com.dotcms.publishing.PublisherAPIImplTest.publish(PublisherAPIImplTest.java:383)
	at sun.reflect.NativeMethodAccessorImpl.invoke0(Native Method)
	at sun.reflect.NativeMethodAccessorImpl.invoke(NativeMethodAccessorImpl.java:62)
	at sun.reflect.DelegatingMethodAccessorImpl.invoke(DelegatingMethodAccessorImpl.java:43)
	at java.lang.reflect.Method.invoke(Method.java:498)
	at org.junit.runners.model.FrameworkMethod$1.runReflectiveCall(FrameworkMethod.java:50)
	at org.junit.internal.runners.model.ReflectiveCallable.run(ReflectiveCallable.java:12)
	at org.junit.runners.model.FrameworkMethod.invokeExplosively(FrameworkMethod.java:47)
	at com.tngtech.java.junit.dataprovider.DataProviderFrameworkMethod.invokeExplosively(DataProviderFrameworkMethod.java:119)
	at org.junit.internal.runners.statements.InvokeMethod.evaluate(InvokeMethod.java:17)
	at org.junit.rules.TestWatcher$1.evaluate(TestWatcher.java:55)
	at org.junit.rules.RunRules.evaluate(RunRules.java:20)
	at org.junit.runners.ParentRunner.runLeaf(ParentRunner.java:325)
	at com.dotcms.junit.CustomDataProviderRunner.runChild(CustomDataProviderRunner.java:28)
	at com.dotcms.junit.CustomDataProviderRunner.runChild(CustomDataProviderRunner.java:13)
	at org.junit.runners.ParentRunner$3.run(ParentRunner.java:290)
	at org.junit.runners.ParentRunner$1.schedule(ParentRunner.java:71)
	at org.junit.runners.ParentRunner.runChildren(ParentRunner.java:288)
	at org.junit.runners.ParentRunner.access$000(ParentRunner.java:58)
	at org.junit.runners.ParentRunner$2.evaluate(ParentRunner.java:268)
	at org.junit.internal.runners.statements.RunBefores.evaluate(RunBefores.java:26)
	at org.junit.internal.runners.statements.RunAfters.evaluate(RunAfters.java:27)
	at org.junit.runners.ParentRunner.run(ParentRunner.java:363)
	at org.junit.runners.Suite.runChild(Suite.java:128)
	at org.junit.runners.Suite.runChild(Suite.java:27)
	at org.junit.runners.ParentRunner$3.run(ParentRunner.java:290)
	at org.junit.runners.ParentRunner$1.schedule(ParentRunner.java:71)
	at org.junit.runners.ParentRunner.runChildren(ParentRunner.java:288)
	at org.junit.runners.ParentRunner.access$000(ParentRunner.java:58)
	at org.junit.runners.ParentRunner$2.evaluate(ParentRunner.java:268)
	at org.junit.runners.ParentRunner.run(ParentRunner.java:363)
	at org.gradle.api.internal.tasks.testing.junit.JUnitTestClassExecutor.runTestClass(JUnitTestClassExecutor.java:106)
	at org.gradle.api.internal.tasks.testing.junit.JUnitTestClassExecutor.execute(JUnitTestClassExecutor.java:58)
	at org.gradle.api.internal.tasks.testing.junit.JUnitTestClassExecutor.execute(JUnitTestClassExecutor.java:38)
	at org.gradle.api.internal.tasks.testing.junit.AbstractJUnitTestClassProcessor.processTestClass(AbstractJUnitTestClassProcessor.java:66)
	at org.gradle.api.internal.tasks.testing.SuiteTestClassProcessor.processTestClass(SuiteTestClassProcessor.java:51)
	at sun.reflect.NativeMethodAccessorImpl.invoke0(Native Method)
	at sun.reflect.NativeMethodAccessorImpl.invoke(NativeMethodAccessorImpl.java:62)
	at sun.reflect.DelegatingMethodAccessorImpl.invoke(DelegatingMethodAccessorImpl.java:43)
	at java.lang.reflect.Method.invoke(Method.java:498)
	at org.gradle.internal.dispatch.ReflectionDispatch.dispatch(ReflectionDispatch.java:35)
	at org.gradle.internal.dispatch.ReflectionDispatch.dispatch(ReflectionDispatch.java:24)
	at org.gradle.internal.dispatch.ContextClassLoaderDispatch.dispatch(ContextClassLoaderDispatch.java:32)
	at org.gradle.internal.dispatch.ProxyDispatchAdapter$DispatchingInvocationHandler.invoke(ProxyDispatchAdapter.java:93)
	at com.sun.proxy.$Proxy2.processTestClass(Unknown Source)
	at org.gradle.api.internal.tasks.testing.worker.TestWorker.processTestClass(TestWorker.java:117)
	at sun.reflect.NativeMethodAccessorImpl.invoke0(Native Method)
	at sun.reflect.NativeMethodAccessorImpl.invoke(NativeMethodAccessorImpl.java:62)
	at sun.reflect.DelegatingMethodAccessorImpl.invoke(DelegatingMethodAccessorImpl.java:43)
	at java.lang.reflect.Method.invoke(Method.java:498)
	at org.gradle.internal.dispatch.ReflectionDispatch.dispatch(ReflectionDispatch.java:35)
	at org.gradle.internal.dispatch.ReflectionDispatch.dispatch(ReflectionDispatch.java:24)
	at org.gradle.internal.remote.internal.hub.MessageHubBackedObjectConnection$DispatchWrapper.dispatch(MessageHubBackedObjectConnection.java:155)
	at org.gradle.internal.remote.internal.hub.MessageHubBackedObjectConnection$DispatchWrapper.dispatch(MessageHubBackedObjectConnection.java:137)
	at org.gradle.internal.remote.internal.hub.MessageHub$Handler.run(MessageHub.java:404)
	at org.gradle.internal.concurrent.ExecutorPolicy$CatchAndRecordFailures.onExecute(ExecutorPolicy.java:63)
	at org.gradle.internal.concurrent.ManagedExecutorImpl$1.run(ManagedExecutorImpl.java:46)
	at java.util.concurrent.ThreadPoolExecutor.runWorker(ThreadPoolExecutor.java:1149)
	at java.util.concurrent.ThreadPoolExecutor$Worker.run(ThreadPoolExecutor.java:624)
	at org.gradle.internal.concurrent.ThreadFactoryImpl$ManagedThreadRunnable.run(ThreadFactoryImpl.java:55)
	at java.lang.Thread.run(Thread.java:748)
</pre>
</span>
</div>
<div class="test">
<a name="publish[10: com.dotcms.publishing.PublisherAPIImplTest$TestCase@3d0af145]"></a>
<h3 class="failures">publish[10: com.dotcms.publishing.PublisherAPIImplTest$TestCase@3d0af145]</h3>
<span class="code">
<pre>java.lang.AssertionError: Fail for Template:
Asset -&gt; com.dotmarketing.portlets.templates.model.Template@2ee44a 
difference -&gt; /templateId&gt;&lt;template&gt;&lt;type&gt;template&lt;/type&gt;&lt;inode&gt;b5dd02db-51e3-494e-8e9c-84042b22af9f&lt;/inode&gt;&lt;identifier&gt;90f35180-7734-4830-9394-88f238517e0e&lt;/identifier&gt;&lt;source&gt;DB&lt;/source&gt;&lt;title&gt;testTitle1614617935482&lt;/title&gt;&lt;friendlyName&gt;testFriendlyName1614617935482&lt;/friendlyName&gt;&lt;modUser&gt;system&lt;/modUser&gt;&lt;sortOrder&gt;2&lt;/sortOrder&gt;&lt;showOnMenu&gt;true&lt;/showOnMenu&gt;&lt;drawed&gt;true&lt;/drawed&gt;&lt;countAddContainer&gt;0&lt;/countAddContainer&gt;&lt;countContainers&gt;0&lt;/countContainers&gt;&lt;/template&gt;&lt;vi class=&quot;com.dotmarketing.portlets.templates.model.TemplateVersionInfo&quot;&gt;&lt;identifier&gt;90f35180-7734-4830-9394-88f238517e0e&lt;/identifier&gt;&lt;liveInode&gt;b5dd02db-51e3-494e-8e9c-84042b22af9f&lt;/liveInode&gt;&lt;workingInode&gt;b5dd02db-51e3-494e-8e9c-84042b22af9f&lt;/workingInode&gt;&lt;deleted&gt;false&lt;/deleted&gt;&lt;/vi&gt;&lt;operation&gt;PUBLISH&lt;/operation&gt;&lt;/com.dotcms.publisher.pusher.wrapper.TemplateWrapper&gt;
expected -&gt; &lt;com.dotcms.publisher.pusher.wrapper.TemplateWrapper&gt;&lt;templateId&gt;&lt;id&gt;90f35180-7734-4830-9394-88f238517e0e&lt;/id&gt;&lt;assetName&gt;90f35180-7734-4830-9394-88f238517e0e.template&lt;/assetName&gt;&lt;assetType&gt;template&lt;/assetType&gt;&lt;parentPath&gt;/&lt;/parentPath&gt;&lt;hostId&gt;69f875df-d012-4d6c-866e-46f6e0745074&lt;/hostId&gt;&lt;inode&gt;b5dd02db-51e3-494e-8e9c-84042b22af9f&lt;/inode&gt;&lt;identifier&gt;90f35180-7734-4830-9394-88f238517e0e&lt;/identifier&gt;&lt;source&gt;DB&lt;/source&gt;&lt;title&gt;testTitle1614617935482&lt;/title&gt;&lt;friendlyName&gt;testFriendlyName1614617935482&lt;/friendlyName&gt;&lt;modUser&gt;system&lt;/modUser&gt;&lt;sortOrder&gt;2&lt;/sortOrder&gt;&lt;showOnMenu&gt;true&lt;/showOnMenu&gt;&lt;drawed&gt;true&lt;/drawed&gt;&lt;countAddContainer&gt;0&lt;/countAddContainer&gt;&lt;countContainers&gt;0&lt;/countContainers&gt;&lt;/template&gt;&lt;vi class=&quot;com.dotmarketing.portlets.templates.model.TemplateVersionInfo&quot;&gt;&lt;identifier&gt;90f35180-7734-4830-9394-88f238517e0e&lt;/identifier&gt;&lt;liveInode&gt;b5dd02db-51e3-494e-8e9c-84042b22af9f&lt;/liveInode&gt;&lt;workingInode&gt;b5dd02db-51e3-494e-8e9c-84042b22af9f&lt;/workingInode&gt;&lt;deleted&gt;false&lt;/deleted&gt;&lt;/vi&gt;&lt;operation&gt;PUBLISH&lt;/operation&gt;&lt;/com.dotcms.publisher.pusher.wrapper.TemplateWrapper&gt;
real -&gt; &lt;com.dotcms.publisher.pusher.wrapper.TemplateWrapper&gt;&lt;templateId&gt;&lt;id&gt;90f35180-7734-4830-9394-88f238517e0e&lt;/id&gt;&lt;assetName&gt;90f35180-7734-4830-9394-88f238517e0e.template&lt;/assetName&gt;&lt;assetType&gt;template&lt;/assetType&gt;&lt;parentPath&gt;/&lt;/parentPath&gt;&lt;hostId&gt;69f875df-d012-4d6c-866e-46f6e0745074&lt;/hostId&gt;&lt;/templateId&gt;&lt;template&gt;&lt;type&gt;template&lt;/type&gt;&lt;inode&gt;b5dd02db-51e3-494e-8e9c-84042b22af9f&lt;/inode&gt;&lt;identifier&gt;90f35180-7734-4830-9394-88f238517e0e&lt;/identifier&gt;&lt;source&gt;DB&lt;/source&gt;&lt;title&gt;testTitle1614617935482&lt;/title&gt;&lt;friendlyName&gt;testFriendlyName1614617935482&lt;/friendlyName&gt;&lt;modUser&gt;system&lt;/modUser&gt;&lt;sortOrder&gt;2&lt;/sortOrder&gt;&lt;showOnMenu&gt;true&lt;/showOnMenu&gt;&lt;drawed&gt;true&lt;/drawed&gt;&lt;countAddContainer&gt;0&lt;/countAddContainer&gt;&lt;countContainers&gt;0&lt;/countContainers&gt;&lt;/template&gt;&lt;vi class=&quot;com.dotmarketing.portlets.templates.model.TemplateVersionInfo&quot;&gt;&lt;identifier&gt;90f35180-7734-4830-9394-88f238517e0e&lt;/identifier&gt;&lt;liveInode&gt;b5dd02db-51e3-494e-8e9c-84042b22af9f&lt;/liveInode&gt;&lt;workingInode&gt;b5dd02db-51e3-494e-8e9c-84042b22af9f&lt;/workingInode&gt;&lt;deleted&gt;false&lt;/deleted&gt;&lt;/vi&gt;&lt;operation&gt;PUBLISH&lt;/operation&gt;&lt;/com.dotcms.publisher.pusher.wrapper.TemplateWrapper&gt;

	at org.jgroups.util.Util.assertEquals(Util.java:185)
	at com.dotcms.test.util.FileTestUtil.assertBundleFile(FileTestUtil.java:254)
	at com.dotcms.test.util.FileTestUtil.assertBundleFile(FileTestUtil.java:191)
	at com.dotcms.publishing.PublisherAPIImplTest.publish(PublisherAPIImplTest.java:379)
	at sun.reflect.NativeMethodAccessorImpl.invoke0(Native Method)
	at sun.reflect.NativeMethodAccessorImpl.invoke(NativeMethodAccessorImpl.java:62)
	at sun.reflect.DelegatingMethodAccessorImpl.invoke(DelegatingMethodAccessorImpl.java:43)
	at java.lang.reflect.Method.invoke(Method.java:498)
	at org.junit.runners.model.FrameworkMethod$1.runReflectiveCall(FrameworkMethod.java:50)
	at org.junit.internal.runners.model.ReflectiveCallable.run(ReflectiveCallable.java:12)
	at org.junit.runners.model.FrameworkMethod.invokeExplosively(FrameworkMethod.java:47)
	at com.tngtech.java.junit.dataprovider.DataProviderFrameworkMethod.invokeExplosively(DataProviderFrameworkMethod.java:119)
	at org.junit.internal.runners.statements.InvokeMethod.evaluate(InvokeMethod.java:17)
	at org.junit.rules.TestWatcher$1.evaluate(TestWatcher.java:55)
	at org.junit.rules.RunRules.evaluate(RunRules.java:20)
	at org.junit.runners.ParentRunner.runLeaf(ParentRunner.java:325)
	at com.dotcms.junit.CustomDataProviderRunner.runChild(CustomDataProviderRunner.java:28)
	at com.dotcms.junit.CustomDataProviderRunner.runChild(CustomDataProviderRunner.java:13)
	at org.junit.runners.ParentRunner$3.run(ParentRunner.java:290)
	at org.junit.runners.ParentRunner$1.schedule(ParentRunner.java:71)
	at org.junit.runners.ParentRunner.runChildren(ParentRunner.java:288)
	at org.junit.runners.ParentRunner.access$000(ParentRunner.java:58)
	at org.junit.runners.ParentRunner$2.evaluate(ParentRunner.java:268)
	at org.junit.internal.runners.statements.RunBefores.evaluate(RunBefores.java:26)
	at org.junit.internal.runners.statements.RunAfters.evaluate(RunAfters.java:27)
	at org.junit.runners.ParentRunner.run(ParentRunner.java:363)
	at org.junit.runners.Suite.runChild(Suite.java:128)
	at org.junit.runners.Suite.runChild(Suite.java:27)
	at org.junit.runners.ParentRunner$3.run(ParentRunner.java:290)
	at org.junit.runners.ParentRunner$1.schedule(ParentRunner.java:71)
	at org.junit.runners.ParentRunner.runChildren(ParentRunner.java:288)
	at org.junit.runners.ParentRunner.access$000(ParentRunner.java:58)
	at org.junit.runners.ParentRunner$2.evaluate(ParentRunner.java:268)
	at org.junit.runners.ParentRunner.run(ParentRunner.java:363)
	at org.gradle.api.internal.tasks.testing.junit.JUnitTestClassExecutor.runTestClass(JUnitTestClassExecutor.java:106)
	at org.gradle.api.internal.tasks.testing.junit.JUnitTestClassExecutor.execute(JUnitTestClassExecutor.java:58)
	at org.gradle.api.internal.tasks.testing.junit.JUnitTestClassExecutor.execute(JUnitTestClassExecutor.java:38)
	at org.gradle.api.internal.tasks.testing.junit.AbstractJUnitTestClassProcessor.processTestClass(AbstractJUnitTestClassProcessor.java:66)
	at org.gradle.api.internal.tasks.testing.SuiteTestClassProcessor.processTestClass(SuiteTestClassProcessor.java:51)
	at sun.reflect.NativeMethodAccessorImpl.invoke0(Native Method)
	at sun.reflect.NativeMethodAccessorImpl.invoke(NativeMethodAccessorImpl.java:62)
	at sun.reflect.DelegatingMethodAccessorImpl.invoke(DelegatingMethodAccessorImpl.java:43)
	at java.lang.reflect.Method.invoke(Method.java:498)
	at org.gradle.internal.dispatch.ReflectionDispatch.dispatch(ReflectionDispatch.java:35)
	at org.gradle.internal.dispatch.ReflectionDispatch.dispatch(ReflectionDispatch.java:24)
	at org.gradle.internal.dispatch.ContextClassLoaderDispatch.dispatch(ContextClassLoaderDispatch.java:32)
	at org.gradle.internal.dispatch.ProxyDispatchAdapter$DispatchingInvocationHandler.invoke(ProxyDispatchAdapter.java:93)
	at com.sun.proxy.$Proxy2.processTestClass(Unknown Source)
	at org.gradle.api.internal.tasks.testing.worker.TestWorker.processTestClass(TestWorker.java:117)
	at sun.reflect.NativeMethodAccessorImpl.invoke0(Native Method)
	at sun.reflect.NativeMethodAccessorImpl.invoke(NativeMethodAccessorImpl.java:62)
	at sun.reflect.DelegatingMethodAccessorImpl.invoke(DelegatingMethodAccessorImpl.java:43)
	at java.lang.reflect.Method.invoke(Method.java:498)
	at org.gradle.internal.dispatch.ReflectionDispatch.dispatch(ReflectionDispatch.java:35)
	at org.gradle.internal.dispatch.ReflectionDispatch.dispatch(ReflectionDispatch.java:24)
	at org.gradle.internal.remote.internal.hub.MessageHubBackedObjectConnection$DispatchWrapper.dispatch(MessageHubBackedObjectConnection.java:155)
	at org.gradle.internal.remote.internal.hub.MessageHubBackedObjectConnection$DispatchWrapper.dispatch(MessageHubBackedObjectConnection.java:137)
	at org.gradle.internal.remote.internal.hub.MessageHub$Handler.run(MessageHub.java:404)
	at org.gradle.internal.concurrent.ExecutorPolicy$CatchAndRecordFailures.onExecute(ExecutorPolicy.java:63)
	at org.gradle.internal.concurrent.ManagedExecutorImpl$1.run(ManagedExecutorImpl.java:46)
	at java.util.concurrent.ThreadPoolExecutor.runWorker(ThreadPoolExecutor.java:1149)
	at java.util.concurrent.ThreadPoolExecutor$Worker.run(ThreadPoolExecutor.java:624)
	at org.gradle.internal.concurrent.ThreadFactoryImpl$ManagedThreadRunnable.run(ThreadFactoryImpl.java:55)
	at java.lang.Thread.run(Thread.java:748)
</pre>
</span>
</div>
<div class="test">
<a name="publish[11: com.dotcms.publishing.PublisherAPIImplTest$TestCase@434636f7]"></a>
<h3 class="failures">publish[11: com.dotcms.publishing.PublisherAPIImplTest$TestCase@434636f7]</h3>
<span class="code">
<pre>java.lang.AssertionError: Fail for Container:
Asset -&gt; com.dotmarketing.portlets.containers.model.Container@137b278c[code=&lt;null&gt;,maxContentlets=5,useDiv=true,sortContentletsBy=&lt;null&gt;,preLoop=&lt;div&gt;,postLoop=&lt;/div&gt;,staticify=true,luceneQuery=&lt;null&gt;,notes=testNotes1614617936444,source=DB,title=testTitle1614617936444,friendlyName=testFriendlyName1614617936444,modDate=Mon Mar 01 16:58:56 GMT 2021,modUser=system,sortOrder=0,showOnMenu=false,iDate=Mon Mar 01 16:58:56 GMT 2021,type=containers,owner=system,inode=aa7cc0b1-f2d4-4dc5-bb57-68a8ae3e4c78,identifier=d84b15b4-6688-4527-a90d-47e5998250fd] 
difference -&gt; /containerId&gt;&lt;container&gt;&lt;type&gt;containers&lt;/type&gt;&lt;inode&gt;aa7cc0b1-f2d4-4dc5-bb57-68a8ae3e4c78&lt;/inode&gt;&lt;identifier&gt;d84b15b4-6688-4527-a90d-47e5998250fd&lt;/identifier&gt;&lt;source&gt;DB&lt;/source&gt;&lt;title&gt;testTitle1614617936444&lt;/title&gt;&lt;friendlyName&gt;testFriendlyName1614617936444&lt;/friendlyName&gt;&lt;modUser&gt;system&lt;/modUser&gt;&lt;sortOrder&gt;0&lt;/sortOrder&gt;&lt;showOnMenu&gt;false&lt;/showOnMenu&gt;&lt;maxContentlets&gt;5&lt;/maxContentlets&gt;&lt;useDiv&gt;true&lt;/useDiv&gt;&lt;preLoop&gt;&amp;lt;div&amp;gt;&lt;/preLoop&gt;&lt;postLoop&gt;&amp;lt;/div&amp;gt;&lt;/postLoop&gt;&lt;staticify&gt;true&lt;/staticify&gt;&lt;notes&gt;testNotes1614617936444&lt;/notes&gt;&lt;/container&gt;&lt;cvi class=&quot;com.dotmarketing.portlets.containers.model.ContainerVersionInfo&quot;&gt;&lt;identifier&gt;d84b15b4-6688-4527-a90d-47e5998250fd&lt;/identifier&gt;&lt;workingInode&gt;aa7cc0b1-f2d4-4dc5-bb57-68a8ae3e4c78&lt;/workingInode&gt;&lt;deleted&gt;false&lt;/deleted&gt;&lt;/cvi&gt;&lt;operation&gt;PUBLISH&lt;/operation&gt;&lt;csList class=&quot;com.google.common.collect.RegularImmutableList&quot; resolves-to=&quot;com.google.common.collect.ImmutableList$SerializedForm&quot;&gt;&lt;elements&gt;&lt;com.dotmarketing.beans.ContainerStructure&gt;&lt;id&gt;6e057f4e-e206-4fa4-9f3d-86bfd8a82697&lt;/id&gt;&lt;structureId&gt;66b6fd7c-7139-4b4a-8af6-25bbe76737ac&lt;/structureId&gt;&lt;containerInode&gt;aa7cc0b1-f2d4-4dc5-bb57-68a8ae3e4c78&lt;/containerInode&gt;&lt;containerId&gt;d84b15b4-6688-4527-a90d-47e5998250fd&lt;/containerId&gt;&lt;/com.dotmarketing.beans.ContainerStructure&gt;&lt;/elements&gt;&lt;/csList&gt;&lt;/com.dotcms.publisher.pusher.wrapper.ContainerWrapper&gt;
expected -&gt; &lt;com.dotcms.publisher.pusher.wrapper.ContainerWrapper&gt;&lt;containerId&gt;&lt;id&gt;d84b15b4-6688-4527-a90d-47e5998250fd&lt;/id&gt;&lt;assetName&gt;d84b15b4-6688-4527-a90d-47e5998250fd.containers&lt;/assetName&gt;&lt;assetType&gt;containers&lt;/assetType&gt;&lt;parentPath&gt;/&lt;/parentPath&gt;&lt;hostId&gt;5276e0a7-67b6-4a14-a26e-986d7f939d02&lt;/hostId&gt;&lt;inode&gt;aa7cc0b1-f2d4-4dc5-bb57-68a8ae3e4c78&lt;/inode&gt;&lt;identifier&gt;d84b15b4-6688-4527-a90d-47e5998250fd&lt;/identifier&gt;&lt;source&gt;DB&lt;/source&gt;&lt;title&gt;testTitle1614617936444&lt;/title&gt;&lt;friendlyName&gt;testFriendlyName1614617936444&lt;/friendlyName&gt;&lt;modUser&gt;system&lt;/modUser&gt;&lt;sortOrder&gt;0&lt;/sortOrder&gt;&lt;showOnMenu&gt;false&lt;/showOnMenu&gt;&lt;maxContentlets&gt;5&lt;/maxContentlets&gt;&lt;useDiv&gt;true&lt;/useDiv&gt;&lt;preLoop&gt;&amp;lt;div&amp;gt;&lt;/preLoop&gt;&lt;postLoop&gt;&amp;lt;/div&amp;gt;&lt;/postLoop&gt;&lt;staticify&gt;true&lt;/staticify&gt;&lt;notes&gt;testNotes1614617936444&lt;/notes&gt;&lt;/container&gt;&lt;cvi class=&quot;com.dotmarketing.portlets.containers.model.ContainerVersionInfo&quot;&gt;&lt;identifier&gt;d84b15b4-6688-4527-a90d-47e5998250fd&lt;/identifier&gt;&lt;workingInode&gt;aa7cc0b1-f2d4-4dc5-bb57-68a8ae3e4c78&lt;/workingInode&gt;&lt;deleted&gt;false&lt;/deleted&gt;&lt;/cvi&gt;&lt;operation&gt;PUBLISH&lt;/operation&gt;&lt;csList class=&quot;com.google.common.collect.RegularImmutableList&quot; resolves-to=&quot;com.google.common.collect.ImmutableList$SerializedForm&quot;&gt;&lt;elements&gt;&lt;com.dotmarketing.beans.ContainerStructure&gt;&lt;id&gt;6e057f4e-e206-4fa4-9f3d-86bfd8a82697&lt;/id&gt;&lt;structureId&gt;66b6fd7c-7139-4b4a-8af6-25bbe76737ac&lt;/structureId&gt;&lt;containerInode&gt;aa7cc0b1-f2d4-4dc5-bb57-68a8ae3e4c78&lt;/containerInode&gt;&lt;containerId&gt;d84b15b4-6688-4527-a90d-47e5998250fd&lt;/containerId&gt;&lt;code&gt;__code__&lt;/code&gt;&lt;/com.dotmarketing.beans.ContainerStructure&gt;&lt;/elements&gt;&lt;/csList&gt;&lt;/com.dotcms.publisher.pusher.wrapper.ContainerWrapper&gt;
real -&gt; &lt;com.dotcms.publisher.pusher.wrapper.ContainerWrapper&gt;&lt;containerId&gt;&lt;id&gt;d84b15b4-6688-4527-a90d-47e5998250fd&lt;/id&gt;&lt;assetName&gt;d84b15b4-6688-4527-a90d-47e5998250fd.containers&lt;/assetName&gt;&lt;assetType&gt;containers&lt;/assetType&gt;&lt;parentPath&gt;/&lt;/parentPath&gt;&lt;hostId&gt;5276e0a7-67b6-4a14-a26e-986d7f939d02&lt;/hostId&gt;&lt;/containerId&gt;&lt;container&gt;&lt;type&gt;containers&lt;/type&gt;&lt;inode&gt;aa7cc0b1-f2d4-4dc5-bb57-68a8ae3e4c78&lt;/inode&gt;&lt;identifier&gt;d84b15b4-6688-4527-a90d-47e5998250fd&lt;/identifier&gt;&lt;source&gt;DB&lt;/source&gt;&lt;title&gt;testTitle1614617936444&lt;/title&gt;&lt;friendlyName&gt;testFriendlyName1614617936444&lt;/friendlyName&gt;&lt;modUser&gt;system&lt;/modUser&gt;&lt;sortOrder&gt;0&lt;/sortOrder&gt;&lt;showOnMenu&gt;false&lt;/showOnMenu&gt;&lt;maxContentlets&gt;5&lt;/maxContentlets&gt;&lt;useDiv&gt;true&lt;/useDiv&gt;&lt;preLoop&gt;&amp;lt;div&amp;gt;&lt;/preLoop&gt;&lt;postLoop&gt;&amp;lt;/div&amp;gt;&lt;/postLoop&gt;&lt;staticify&gt;true&lt;/staticify&gt;&lt;notes&gt;testNotes1614617936444&lt;/notes&gt;&lt;/container&gt;&lt;cvi class=&quot;com.dotmarketing.portlets.containers.model.ContainerVersionInfo&quot;&gt;&lt;identifier&gt;d84b15b4-6688-4527-a90d-47e5998250fd&lt;/identifier&gt;&lt;workingInode&gt;aa7cc0b1-f2d4-4dc5-bb57-68a8ae3e4c78&lt;/workingInode&gt;&lt;deleted&gt;false&lt;/deleted&gt;&lt;/cvi&gt;&lt;operation&gt;PUBLISH&lt;/operation&gt;&lt;csList class=&quot;com.google.common.collect.RegularImmutableList&quot; resolves-to=&quot;com.google.common.collect.ImmutableList$SerializedForm&quot;&gt;&lt;elements&gt;&lt;com.dotmarketing.beans.ContainerStructure&gt;&lt;id&gt;6e057f4e-e206-4fa4-9f3d-86bfd8a82697&lt;/id&gt;&lt;structureId&gt;66b6fd7c-7139-4b4a-8af6-25bbe76737ac&lt;/structureId&gt;&lt;containerInode&gt;aa7cc0b1-f2d4-4dc5-bb57-68a8ae3e4c78&lt;/containerInode&gt;&lt;containerId&gt;d84b15b4-6688-4527-a90d-47e5998250fd&lt;/containerId&gt;&lt;/com.dotmarketing.beans.ContainerStructure&gt;&lt;/elements&gt;&lt;/csList&gt;&lt;/com.dotcms.publisher.pusher.wrapper.ContainerWrapper&gt;

	at org.jgroups.util.Util.assertEquals(Util.java:185)
	at com.dotcms.test.util.FileTestUtil.assertBundleFile(FileTestUtil.java:254)
	at com.dotcms.test.util.FileTestUtil.assertBundleFile(FileTestUtil.java:191)
	at com.dotcms.publishing.PublisherAPIImplTest.publish(PublisherAPIImplTest.java:379)
	at sun.reflect.NativeMethodAccessorImpl.invoke0(Native Method)
	at sun.reflect.NativeMethodAccessorImpl.invoke(NativeMethodAccessorImpl.java:62)
	at sun.reflect.DelegatingMethodAccessorImpl.invoke(DelegatingMethodAccessorImpl.java:43)
	at java.lang.reflect.Method.invoke(Method.java:498)
	at org.junit.runners.model.FrameworkMethod$1.runReflectiveCall(FrameworkMethod.java:50)
	at org.junit.internal.runners.model.ReflectiveCallable.run(ReflectiveCallable.java:12)
	at org.junit.runners.model.FrameworkMethod.invokeExplosively(FrameworkMethod.java:47)
	at com.tngtech.java.junit.dataprovider.DataProviderFrameworkMethod.invokeExplosively(DataProviderFrameworkMethod.java:119)
	at org.junit.internal.runners.statements.InvokeMethod.evaluate(InvokeMethod.java:17)
	at org.junit.rules.TestWatcher$1.evaluate(TestWatcher.java:55)
	at org.junit.rules.RunRules.evaluate(RunRules.java:20)
	at org.junit.runners.ParentRunner.runLeaf(ParentRunner.java:325)
	at com.dotcms.junit.CustomDataProviderRunner.runChild(CustomDataProviderRunner.java:28)
	at com.dotcms.junit.CustomDataProviderRunner.runChild(CustomDataProviderRunner.java:13)
	at org.junit.runners.ParentRunner$3.run(ParentRunner.java:290)
	at org.junit.runners.ParentRunner$1.schedule(ParentRunner.java:71)
	at org.junit.runners.ParentRunner.runChildren(ParentRunner.java:288)
	at org.junit.runners.ParentRunner.access$000(ParentRunner.java:58)
	at org.junit.runners.ParentRunner$2.evaluate(ParentRunner.java:268)
	at org.junit.internal.runners.statements.RunBefores.evaluate(RunBefores.java:26)
	at org.junit.internal.runners.statements.RunAfters.evaluate(RunAfters.java:27)
	at org.junit.runners.ParentRunner.run(ParentRunner.java:363)
	at org.junit.runners.Suite.runChild(Suite.java:128)
	at org.junit.runners.Suite.runChild(Suite.java:27)
	at org.junit.runners.ParentRunner$3.run(ParentRunner.java:290)
	at org.junit.runners.ParentRunner$1.schedule(ParentRunner.java:71)
	at org.junit.runners.ParentRunner.runChildren(ParentRunner.java:288)
	at org.junit.runners.ParentRunner.access$000(ParentRunner.java:58)
	at org.junit.runners.ParentRunner$2.evaluate(ParentRunner.java:268)
	at org.junit.runners.ParentRunner.run(ParentRunner.java:363)
	at org.gradle.api.internal.tasks.testing.junit.JUnitTestClassExecutor.runTestClass(JUnitTestClassExecutor.java:106)
	at org.gradle.api.internal.tasks.testing.junit.JUnitTestClassExecutor.execute(JUnitTestClassExecutor.java:58)
	at org.gradle.api.internal.tasks.testing.junit.JUnitTestClassExecutor.execute(JUnitTestClassExecutor.java:38)
	at org.gradle.api.internal.tasks.testing.junit.AbstractJUnitTestClassProcessor.processTestClass(AbstractJUnitTestClassProcessor.java:66)
	at org.gradle.api.internal.tasks.testing.SuiteTestClassProcessor.processTestClass(SuiteTestClassProcessor.java:51)
	at sun.reflect.NativeMethodAccessorImpl.invoke0(Native Method)
	at sun.reflect.NativeMethodAccessorImpl.invoke(NativeMethodAccessorImpl.java:62)
	at sun.reflect.DelegatingMethodAccessorImpl.invoke(DelegatingMethodAccessorImpl.java:43)
	at java.lang.reflect.Method.invoke(Method.java:498)
	at org.gradle.internal.dispatch.ReflectionDispatch.dispatch(ReflectionDispatch.java:35)
	at org.gradle.internal.dispatch.ReflectionDispatch.dispatch(ReflectionDispatch.java:24)
	at org.gradle.internal.dispatch.ContextClassLoaderDispatch.dispatch(ContextClassLoaderDispatch.java:32)
	at org.gradle.internal.dispatch.ProxyDispatchAdapter$DispatchingInvocationHandler.invoke(ProxyDispatchAdapter.java:93)
	at com.sun.proxy.$Proxy2.processTestClass(Unknown Source)
	at org.gradle.api.internal.tasks.testing.worker.TestWorker.processTestClass(TestWorker.java:117)
	at sun.reflect.NativeMethodAccessorImpl.invoke0(Native Method)
	at sun.reflect.NativeMethodAccessorImpl.invoke(NativeMethodAccessorImpl.java:62)
	at sun.reflect.DelegatingMethodAccessorImpl.invoke(DelegatingMethodAccessorImpl.java:43)
	at java.lang.reflect.Method.invoke(Method.java:498)
	at org.gradle.internal.dispatch.ReflectionDispatch.dispatch(ReflectionDispatch.java:35)
	at org.gradle.internal.dispatch.ReflectionDispatch.dispatch(ReflectionDispatch.java:24)
	at org.gradle.internal.remote.internal.hub.MessageHubBackedObjectConnection$DispatchWrapper.dispatch(MessageHubBackedObjectConnection.java:155)
	at org.gradle.internal.remote.internal.hub.MessageHubBackedObjectConnection$DispatchWrapper.dispatch(MessageHubBackedObjectConnection.java:137)
	at org.gradle.internal.remote.internal.hub.MessageHub$Handler.run(MessageHub.java:404)
	at org.gradle.internal.concurrent.ExecutorPolicy$CatchAndRecordFailures.onExecute(ExecutorPolicy.java:63)
	at org.gradle.internal.concurrent.ManagedExecutorImpl$1.run(ManagedExecutorImpl.java:46)
	at java.util.concurrent.ThreadPoolExecutor.runWorker(ThreadPoolExecutor.java:1149)
	at java.util.concurrent.ThreadPoolExecutor$Worker.run(ThreadPoolExecutor.java:624)
	at org.gradle.internal.concurrent.ThreadFactoryImpl$ManagedThreadRunnable.run(ThreadFactoryImpl.java:55)
	at java.lang.Thread.run(Thread.java:748)
</pre>
</span>
</div>
<div class="test">
<a name="publish[12: com.dotcms.publishing.PublisherAPIImplTest$TestCase@4dd82a75]"></a>
<h3 class="failures">publish[12: com.dotcms.publishing.PublisherAPIImplTest$TestCase@4dd82a75]</h3>
<span class="code">
<pre>java.lang.AssertionError: Fail for Folder:
Asset -&gt; com.dotmarketing.portlets.folders.model.Folder@357843c5[name=testName1614617937520,sortOrder=0,showOnMenu=false,hostId=bfd74fa3-9ad9-42cf-ac2b-b0e78875057e,title=testTitle1614617937520,filesMasks=&lt;null&gt;,defaultFileType=33888b6f-7a8e-4069-b1b6-5c1aa9d0a48d,modDate=2021-03-01 16:58:57.0,iDate=2021-03-01 16:58:57.0,type=folder,owner=&lt;null&gt;,inode=ef28050e-48c6-41b8-a223-93146416f851,identifier=da26c98a-830d-40b0-acea-3ba6d837852f] 
difference -&gt; inode&gt;ef28050e-48c6-41b8-a223-93146416f851&lt;/inode&gt;&lt;identifier&gt;da26c98a-830d-40b0-acea-3ba6d837852f&lt;/identifier&gt;&lt;name&gt;testName1614617937520&lt;/name&gt;&lt;sortOrder&gt;0&lt;/sortOrder&gt;&lt;showOnMenu&gt;false&lt;/showOnMenu&gt;&lt;hostId&gt;bfd74fa3-9ad9-42cf-ac2b-b0e78875057e&lt;/hostId&gt;&lt;title&gt;testTitle1614617937520&lt;/title&gt;&lt;defaultFileType&gt;33888b6f-7a8e-4069-b1b6-5c1aa9d0a48d&lt;/defaultFileType&gt;&lt;/folder&gt;&lt;folderId&gt;&lt;id&gt;da26c98a-830d-40b0-acea-3ba6d837852f&lt;/id&gt;&lt;assetName&gt;testName1614617937520&lt;/assetName&gt;&lt;assetType&gt;folder&lt;/assetType&gt;&lt;hostId&gt;SYSTEM_HOST&lt;/hostId&gt;&lt;assetSubType&gt;Host&lt;/assetSubType&gt;&lt;/hostId&gt;&lt;operation&gt;PUBLISH&lt;/operation&gt;&lt;/com.dotcms.publisher.pusher.wrapper.FolderWrapper&gt;
expected -&gt; &lt;com.dotcms.publisher.pusher.wrapper.FolderWrapper&gt;&lt;folder&gt;&lt;type&gt;folder&lt;/type&gt;&lt;assetSubType&gt;Host&lt;/assetSubType&gt;&lt;/hostId&gt;&lt;operation&gt;PUBLISH&lt;/operation&gt;&lt;/com.dotcms.publisher.pusher.wrapper.FolderWrapper&gt;
real -&gt; &lt;com.dotcms.publisher.pusher.wrapper.FolderWrapper&gt;&lt;folder&gt;&lt;type&gt;folder&lt;/type&gt;&lt;inode&gt;ef28050e-48c6-41b8-a223-93146416f851&lt;/inode&gt;&lt;identifier&gt;da26c98a-830d-40b0-acea-3ba6d837852f&lt;/identifier&gt;&lt;name&gt;testName1614617937520&lt;/name&gt;&lt;sortOrder&gt;0&lt;/sortOrder&gt;&lt;showOnMenu&gt;false&lt;/showOnMenu&gt;&lt;hostId&gt;bfd74fa3-9ad9-42cf-ac2b-b0e78875057e&lt;/hostId&gt;&lt;title&gt;testTitle1614617937520&lt;/title&gt;&lt;defaultFileType&gt;33888b6f-7a8e-4069-b1b6-5c1aa9d0a48d&lt;/defaultFileType&gt;&lt;/folder&gt;&lt;folderId&gt;&lt;id&gt;da26c98a-830d-40b0-acea-3ba6d837852f&lt;/id&gt;&lt;assetName&gt;testName1614617937520&lt;/assetName&gt;&lt;assetType&gt;folder&lt;/assetType&gt;&lt;hostId&gt;SYSTEM_HOST&lt;/hostId&gt;&lt;assetSubType&gt;Host&lt;/assetSubType&gt;&lt;/hostId&gt;&lt;operation&gt;PUBLISH&lt;/operation&gt;&lt;/com.dotcms.publisher.pusher.wrapper.FolderWrapper&gt;

	at org.jgroups.util.Util.assertEquals(Util.java:185)
	at com.dotcms.test.util.FileTestUtil.assertBundleFile(FileTestUtil.java:254)
	at com.dotcms.test.util.FileTestUtil.assertBundleFile(FileTestUtil.java:191)
	at com.dotcms.publishing.PublisherAPIImplTest.publish(PublisherAPIImplTest.java:379)
	at sun.reflect.NativeMethodAccessorImpl.invoke0(Native Method)
	at sun.reflect.NativeMethodAccessorImpl.invoke(NativeMethodAccessorImpl.java:62)
	at sun.reflect.DelegatingMethodAccessorImpl.invoke(DelegatingMethodAccessorImpl.java:43)
	at java.lang.reflect.Method.invoke(Method.java:498)
	at org.junit.runners.model.FrameworkMethod$1.runReflectiveCall(FrameworkMethod.java:50)
	at org.junit.internal.runners.model.ReflectiveCallable.run(ReflectiveCallable.java:12)
	at org.junit.runners.model.FrameworkMethod.invokeExplosively(FrameworkMethod.java:47)
	at com.tngtech.java.junit.dataprovider.DataProviderFrameworkMethod.invokeExplosively(DataProviderFrameworkMethod.java:119)
	at org.junit.internal.runners.statements.InvokeMethod.evaluate(InvokeMethod.java:17)
	at org.junit.rules.TestWatcher$1.evaluate(TestWatcher.java:55)
	at org.junit.rules.RunRules.evaluate(RunRules.java:20)
	at org.junit.runners.ParentRunner.runLeaf(ParentRunner.java:325)
	at com.dotcms.junit.CustomDataProviderRunner.runChild(CustomDataProviderRunner.java:28)
	at com.dotcms.junit.CustomDataProviderRunner.runChild(CustomDataProviderRunner.java:13)
	at org.junit.runners.ParentRunner$3.run(ParentRunner.java:290)
	at org.junit.runners.ParentRunner$1.schedule(ParentRunner.java:71)
	at org.junit.runners.ParentRunner.runChildren(ParentRunner.java:288)
	at org.junit.runners.ParentRunner.access$000(ParentRunner.java:58)
	at org.junit.runners.ParentRunner$2.evaluate(ParentRunner.java:268)
	at org.junit.internal.runners.statements.RunBefores.evaluate(RunBefores.java:26)
	at org.junit.internal.runners.statements.RunAfters.evaluate(RunAfters.java:27)
	at org.junit.runners.ParentRunner.run(ParentRunner.java:363)
	at org.junit.runners.Suite.runChild(Suite.java:128)
	at org.junit.runners.Suite.runChild(Suite.java:27)
	at org.junit.runners.ParentRunner$3.run(ParentRunner.java:290)
	at org.junit.runners.ParentRunner$1.schedule(ParentRunner.java:71)
	at org.junit.runners.ParentRunner.runChildren(ParentRunner.java:288)
	at org.junit.runners.ParentRunner.access$000(ParentRunner.java:58)
	at org.junit.runners.ParentRunner$2.evaluate(ParentRunner.java:268)
	at org.junit.runners.ParentRunner.run(ParentRunner.java:363)
	at org.gradle.api.internal.tasks.testing.junit.JUnitTestClassExecutor.runTestClass(JUnitTestClassExecutor.java:106)
	at org.gradle.api.internal.tasks.testing.junit.JUnitTestClassExecutor.execute(JUnitTestClassExecutor.java:58)
	at org.gradle.api.internal.tasks.testing.junit.JUnitTestClassExecutor.execute(JUnitTestClassExecutor.java:38)
	at org.gradle.api.internal.tasks.testing.junit.AbstractJUnitTestClassProcessor.processTestClass(AbstractJUnitTestClassProcessor.java:66)
	at org.gradle.api.internal.tasks.testing.SuiteTestClassProcessor.processTestClass(SuiteTestClassProcessor.java:51)
	at sun.reflect.NativeMethodAccessorImpl.invoke0(Native Method)
	at sun.reflect.NativeMethodAccessorImpl.invoke(NativeMethodAccessorImpl.java:62)
	at sun.reflect.DelegatingMethodAccessorImpl.invoke(DelegatingMethodAccessorImpl.java:43)
	at java.lang.reflect.Method.invoke(Method.java:498)
	at org.gradle.internal.dispatch.ReflectionDispatch.dispatch(ReflectionDispatch.java:35)
	at org.gradle.internal.dispatch.ReflectionDispatch.dispatch(ReflectionDispatch.java:24)
	at org.gradle.internal.dispatch.ContextClassLoaderDispatch.dispatch(ContextClassLoaderDispatch.java:32)
	at org.gradle.internal.dispatch.ProxyDispatchAdapter$DispatchingInvocationHandler.invoke(ProxyDispatchAdapter.java:93)
	at com.sun.proxy.$Proxy2.processTestClass(Unknown Source)
	at org.gradle.api.internal.tasks.testing.worker.TestWorker.processTestClass(TestWorker.java:117)
	at sun.reflect.NativeMethodAccessorImpl.invoke0(Native Method)
	at sun.reflect.NativeMethodAccessorImpl.invoke(NativeMethodAccessorImpl.java:62)
	at sun.reflect.DelegatingMethodAccessorImpl.invoke(DelegatingMethodAccessorImpl.java:43)
	at java.lang.reflect.Method.invoke(Method.java:498)
	at org.gradle.internal.dispatch.ReflectionDispatch.dispatch(ReflectionDispatch.java:35)
	at org.gradle.internal.dispatch.ReflectionDispatch.dispatch(ReflectionDispatch.java:24)
	at org.gradle.internal.remote.internal.hub.MessageHubBackedObjectConnection$DispatchWrapper.dispatch(MessageHubBackedObjectConnection.java:155)
	at org.gradle.internal.remote.internal.hub.MessageHubBackedObjectConnection$DispatchWrapper.dispatch(MessageHubBackedObjectConnection.java:137)
	at org.gradle.internal.remote.internal.hub.MessageHub$Handler.run(MessageHub.java:404)
	at org.gradle.internal.concurrent.ExecutorPolicy$CatchAndRecordFailures.onExecute(ExecutorPolicy.java:63)
	at org.gradle.internal.concurrent.ManagedExecutorImpl$1.run(ManagedExecutorImpl.java:46)
	at java.util.concurrent.ThreadPoolExecutor.runWorker(ThreadPoolExecutor.java:1149)
	at java.util.concurrent.ThreadPoolExecutor$Worker.run(ThreadPoolExecutor.java:624)
	at org.gradle.internal.concurrent.ThreadFactoryImpl$ManagedThreadRunnable.run(ThreadFactoryImpl.java:55)
	at java.lang.Thread.run(Thread.java:748)
</pre>
</span>
</div>
<div class="test">
<a name="publish[13: com.dotcms.publishing.PublisherAPIImplTest$TestCase@767e5901]"></a>
<h3 class="failures">publish[13: com.dotcms.publishing.PublisherAPIImplTest$TestCase@767e5901]</h3>
<span class="code">
<pre>java.lang.AssertionError: Fail for Folder:
Asset -&gt; com.dotmarketing.portlets.folders.model.Folder@729905a9[name=testName1614617938518,sortOrder=0,showOnMenu=false,hostId=c00438a3-0dd2-427b-821c-9c01290a40d0,title=testTitle1614617938518,filesMasks=&lt;null&gt;,defaultFileType=33888b6f-7a8e-4069-b1b6-5c1aa9d0a48d,modDate=2021-03-01 16:58:58.0,iDate=2021-03-01 16:58:58.0,type=folder,owner=&lt;null&gt;,inode=31d3b6a7-0461-4d83-8c6a-f370e51e9cc0,identifier=38217df7-2b58-4ec1-819e-3a2a473267b9] 
difference -&gt; inode&gt;31d3b6a7-0461-4d83-8c6a-f370e51e9cc0&lt;/inode&gt;&lt;identifier&gt;38217df7-2b58-4ec1-819e-3a2a473267b9&lt;/identifier&gt;&lt;name&gt;testName1614617938518&lt;/name&gt;&lt;sortOrder&gt;0&lt;/sortOrder&gt;&lt;showOnMenu&gt;false&lt;/showOnMenu&gt;&lt;hostId&gt;c00438a3-0dd2-427b-821c-9c01290a40d0&lt;/hostId&gt;&lt;title&gt;testTitle1614617938518&lt;/title&gt;&lt;defaultFileType&gt;33888b6f-7a8e-4069-b1b6-5c1aa9d0a48d&lt;/defaultFileType&gt;&lt;/folder&gt;&lt;folderId&gt;&lt;id&gt;38217df7-2b58-4ec1-819e-3a2a473267b9&lt;/id&gt;&lt;assetName&gt;testName1614617938518&lt;/assetName&gt;&lt;assetType&gt;folder&lt;/assetType&gt;&lt;hostId&gt;SYSTEM_HOST&lt;/hostId&gt;&lt;assetSubType&gt;Host&lt;/assetSubType&gt;&lt;/hostId&gt;&lt;operation&gt;PUBLISH&lt;/operation&gt;&lt;/com.dotcms.publisher.pusher.wrapper.FolderWrapper&gt;
expected -&gt; &lt;com.dotcms.publisher.pusher.wrapper.FolderWrapper&gt;&lt;folder&gt;&lt;type&gt;folder&lt;/type&gt;&lt;assetSubType&gt;Host&lt;/assetSubType&gt;&lt;/hostId&gt;&lt;operation&gt;PUBLISH&lt;/operation&gt;&lt;/com.dotcms.publisher.pusher.wrapper.FolderWrapper&gt;
real -&gt; &lt;com.dotcms.publisher.pusher.wrapper.FolderWrapper&gt;&lt;folder&gt;&lt;type&gt;folder&lt;/type&gt;&lt;inode&gt;31d3b6a7-0461-4d83-8c6a-f370e51e9cc0&lt;/inode&gt;&lt;identifier&gt;38217df7-2b58-4ec1-819e-3a2a473267b9&lt;/identifier&gt;&lt;name&gt;testName1614617938518&lt;/name&gt;&lt;sortOrder&gt;0&lt;/sortOrder&gt;&lt;showOnMenu&gt;false&lt;/showOnMenu&gt;&lt;hostId&gt;c00438a3-0dd2-427b-821c-9c01290a40d0&lt;/hostId&gt;&lt;title&gt;testTitle1614617938518&lt;/title&gt;&lt;defaultFileType&gt;33888b6f-7a8e-4069-b1b6-5c1aa9d0a48d&lt;/defaultFileType&gt;&lt;/folder&gt;&lt;folderId&gt;&lt;id&gt;38217df7-2b58-4ec1-819e-3a2a473267b9&lt;/id&gt;&lt;assetName&gt;testName1614617938518&lt;/assetName&gt;&lt;assetType&gt;folder&lt;/assetType&gt;&lt;hostId&gt;SYSTEM_HOST&lt;/hostId&gt;&lt;assetSubType&gt;Host&lt;/assetSubType&gt;&lt;/hostId&gt;&lt;operation&gt;PUBLISH&lt;/operation&gt;&lt;/com.dotcms.publisher.pusher.wrapper.FolderWrapper&gt;

	at org.jgroups.util.Util.assertEquals(Util.java:185)
	at com.dotcms.test.util.FileTestUtil.assertBundleFile(FileTestUtil.java:254)
	at com.dotcms.test.util.FileTestUtil.assertBundleFile(FileTestUtil.java:151)
	at com.dotcms.publishing.PublisherAPIImplTest.publish(PublisherAPIImplTest.java:383)
	at sun.reflect.NativeMethodAccessorImpl.invoke0(Native Method)
	at sun.reflect.NativeMethodAccessorImpl.invoke(NativeMethodAccessorImpl.java:62)
	at sun.reflect.DelegatingMethodAccessorImpl.invoke(DelegatingMethodAccessorImpl.java:43)
	at java.lang.reflect.Method.invoke(Method.java:498)
	at org.junit.runners.model.FrameworkMethod$1.runReflectiveCall(FrameworkMethod.java:50)
	at org.junit.internal.runners.model.ReflectiveCallable.run(ReflectiveCallable.java:12)
	at org.junit.runners.model.FrameworkMethod.invokeExplosively(FrameworkMethod.java:47)
	at com.tngtech.java.junit.dataprovider.DataProviderFrameworkMethod.invokeExplosively(DataProviderFrameworkMethod.java:119)
	at org.junit.internal.runners.statements.InvokeMethod.evaluate(InvokeMethod.java:17)
	at org.junit.rules.TestWatcher$1.evaluate(TestWatcher.java:55)
	at org.junit.rules.RunRules.evaluate(RunRules.java:20)
	at org.junit.runners.ParentRunner.runLeaf(ParentRunner.java:325)
	at com.dotcms.junit.CustomDataProviderRunner.runChild(CustomDataProviderRunner.java:28)
	at com.dotcms.junit.CustomDataProviderRunner.runChild(CustomDataProviderRunner.java:13)
	at org.junit.runners.ParentRunner$3.run(ParentRunner.java:290)
	at org.junit.runners.ParentRunner$1.schedule(ParentRunner.java:71)
	at org.junit.runners.ParentRunner.runChildren(ParentRunner.java:288)
	at org.junit.runners.ParentRunner.access$000(ParentRunner.java:58)
	at org.junit.runners.ParentRunner$2.evaluate(ParentRunner.java:268)
	at org.junit.internal.runners.statements.RunBefores.evaluate(RunBefores.java:26)
	at org.junit.internal.runners.statements.RunAfters.evaluate(RunAfters.java:27)
	at org.junit.runners.ParentRunner.run(ParentRunner.java:363)
	at org.junit.runners.Suite.runChild(Suite.java:128)
	at org.junit.runners.Suite.runChild(Suite.java:27)
	at org.junit.runners.ParentRunner$3.run(ParentRunner.java:290)
	at org.junit.runners.ParentRunner$1.schedule(ParentRunner.java:71)
	at org.junit.runners.ParentRunner.runChildren(ParentRunner.java:288)
	at org.junit.runners.ParentRunner.access$000(ParentRunner.java:58)
	at org.junit.runners.ParentRunner$2.evaluate(ParentRunner.java:268)
	at org.junit.runners.ParentRunner.run(ParentRunner.java:363)
	at org.gradle.api.internal.tasks.testing.junit.JUnitTestClassExecutor.runTestClass(JUnitTestClassExecutor.java:106)
	at org.gradle.api.internal.tasks.testing.junit.JUnitTestClassExecutor.execute(JUnitTestClassExecutor.java:58)
	at org.gradle.api.internal.tasks.testing.junit.JUnitTestClassExecutor.execute(JUnitTestClassExecutor.java:38)
	at org.gradle.api.internal.tasks.testing.junit.AbstractJUnitTestClassProcessor.processTestClass(AbstractJUnitTestClassProcessor.java:66)
	at org.gradle.api.internal.tasks.testing.SuiteTestClassProcessor.processTestClass(SuiteTestClassProcessor.java:51)
	at sun.reflect.NativeMethodAccessorImpl.invoke0(Native Method)
	at sun.reflect.NativeMethodAccessorImpl.invoke(NativeMethodAccessorImpl.java:62)
	at sun.reflect.DelegatingMethodAccessorImpl.invoke(DelegatingMethodAccessorImpl.java:43)
	at java.lang.reflect.Method.invoke(Method.java:498)
	at org.gradle.internal.dispatch.ReflectionDispatch.dispatch(ReflectionDispatch.java:35)
	at org.gradle.internal.dispatch.ReflectionDispatch.dispatch(ReflectionDispatch.java:24)
	at org.gradle.internal.dispatch.ContextClassLoaderDispatch.dispatch(ContextClassLoaderDispatch.java:32)
	at org.gradle.internal.dispatch.ProxyDispatchAdapter$DispatchingInvocationHandler.invoke(ProxyDispatchAdapter.java:93)
	at com.sun.proxy.$Proxy2.processTestClass(Unknown Source)
	at org.gradle.api.internal.tasks.testing.worker.TestWorker.processTestClass(TestWorker.java:117)
	at sun.reflect.NativeMethodAccessorImpl.invoke0(Native Method)
	at sun.reflect.NativeMethodAccessorImpl.invoke(NativeMethodAccessorImpl.java:62)
	at sun.reflect.DelegatingMethodAccessorImpl.invoke(DelegatingMethodAccessorImpl.java:43)
	at java.lang.reflect.Method.invoke(Method.java:498)
	at org.gradle.internal.dispatch.ReflectionDispatch.dispatch(ReflectionDispatch.java:35)
	at org.gradle.internal.dispatch.ReflectionDispatch.dispatch(ReflectionDispatch.java:24)
	at org.gradle.internal.remote.internal.hub.MessageHubBackedObjectConnection$DispatchWrapper.dispatch(MessageHubBackedObjectConnection.java:155)
	at org.gradle.internal.remote.internal.hub.MessageHubBackedObjectConnection$DispatchWrapper.dispatch(MessageHubBackedObjectConnection.java:137)
	at org.gradle.internal.remote.internal.hub.MessageHub$Handler.run(MessageHub.java:404)
	at org.gradle.internal.concurrent.ExecutorPolicy$CatchAndRecordFailures.onExecute(ExecutorPolicy.java:63)
	at org.gradle.internal.concurrent.ManagedExecutorImpl$1.run(ManagedExecutorImpl.java:46)
	at java.util.concurrent.ThreadPoolExecutor.runWorker(ThreadPoolExecutor.java:1149)
	at java.util.concurrent.ThreadPoolExecutor$Worker.run(ThreadPoolExecutor.java:624)
	at org.gradle.internal.concurrent.ThreadFactoryImpl$ManagedThreadRunnable.run(ThreadFactoryImpl.java:55)
	at java.lang.Thread.run(Thread.java:748)
</pre>
</span>
</div>
<div class="test">
<a name="publish[14: com.dotcms.publishing.PublisherAPIImplTest$TestCase@1c140e52]"></a>
<h3 class="failures">publish[14: com.dotcms.publishing.PublisherAPIImplTest$TestCase@1c140e52]</h3>
<span class="code">
<pre>java.lang.AssertionError: Fail for Link:
Asset -&gt; com.dotmarketing.portlets.links.model.Link@1565c9e9 
difference -&gt; /linkId&gt;&lt;links&gt;&lt;com.dotmarketing.portlets.links.model.Link&gt;&lt;type&gt;links&lt;/type&gt;&lt;inode&gt;72929bff-89af-404a-b5b4-8bd02fe63c25&lt;/inode&gt;&lt;identifier&gt;dd7d2279-5bf5-4da2-b011-0e660d59913e&lt;/identifier&gt;&lt;source&gt;DB&lt;/source&gt;&lt;title&gt;LinkTitle1614617939500&lt;/title&gt;&lt;friendlyName&gt;LinkTitle1614617939500&lt;/friendlyName&gt;&lt;modUser&gt;system&lt;/modUser&gt;&lt;sortOrder&gt;0&lt;/sortOrder&gt;&lt;showOnMenu&gt;false&lt;/showOnMenu&gt;&lt;parent&gt;/testName1614617939494/&lt;/parent&gt;&lt;protocal&gt;https://&lt;/protocal&gt;&lt;url&gt;www.google.com&lt;/url&gt;&lt;target&gt;_blank&lt;/target&gt;&lt;linkType&gt;EXTERNAL&lt;/linkType&gt;&lt;hostId&gt;608caeb9-0f62-4bcf-8435-19057e7a4b44&lt;/hostId&gt;&lt;/com.dotmarketing.portlets.links.model.Link&gt;&lt;/links&gt;&lt;vi class=&quot;com.dotmarketing.portlets.links.model.LinkVersionInfo&quot;&gt;&lt;identifier&gt;dd7d2279-5bf5-4da2-b011-0e660d59913e&lt;/identifier&gt;&lt;workingInode&gt;72929bff-89af-404a-b5b4-8bd02fe63c25&lt;/workingInode&gt;&lt;deleted&gt;false&lt;/deleted&gt;&lt;/vi&gt;&lt;operation&gt;PUBLISH&lt;/operation&gt;&lt;/com.dotcms.publisher.pusher.wrapper.LinkWrapper&gt;
expected -&gt; &lt;com.dotcms.publisher.pusher.wrapper.LinkWrapper&gt;&lt;linkId&gt;&lt;id&gt;dd7d2279-5bf5-4da2-b011-0e660d59913e&lt;/id&gt;&lt;assetName&gt;72929bff-89af-404a-b5b4-8bd02fe63c25&lt;/assetName&gt;&lt;assetType&gt;links&lt;/assetType&gt;&lt;parentPath&gt;/testName1614617939494/&lt;/parentPath&gt;&lt;hostId&gt;608caeb9-0f62-4bcf-8435-19057e7a4b44&lt;/hostId&gt;&lt;inode&gt;72929bff-89af-404a-b5b4-8bd02fe63c25&lt;/inode&gt;&lt;identifier&gt;dd7d2279-5bf5-4da2-b011-0e660d59913e&lt;/identifier&gt;&lt;source&gt;DB&lt;/source&gt;&lt;title&gt;LinkTitle1614617939500&lt;/title&gt;&lt;friendlyName&gt;LinkTitle1614617939500&lt;/friendlyName&gt;&lt;modUser&gt;system&lt;/modUser&gt;&lt;sortOrder&gt;0&lt;/sortOrder&gt;&lt;showOnMenu&gt;false&lt;/showOnMenu&gt;&lt;parent&gt;/testName1614617939494/&lt;/parent&gt;&lt;protocal&gt;https://&lt;/protocal&gt;&lt;url&gt;www.google.com&lt;/url&gt;&lt;target&gt;_blank&lt;/target&gt;&lt;internalLinkIdentifier&gt;&lt;/internalLinkIdentifier&gt;&lt;linkType&gt;EXTERNAL&lt;/linkType&gt;&lt;linkCode&gt;&lt;/linkCode&gt;&lt;hostId&gt;608caeb9-0f62-4bcf-8435-19057e7a4b44&lt;/hostId&gt;&lt;/com.dotmarketing.portlets.links.model.Link&gt;&lt;/links&gt;&lt;vi class=&quot;com.dotmarketing.portlets.links.model.LinkVersionInfo&quot;&gt;&lt;identifier&gt;dd7d2279-5bf5-4da2-b011-0e660d59913e&lt;/identifier&gt;&lt;workingInode&gt;72929bff-89af-404a-b5b4-8bd02fe63c25&lt;/workingInode&gt;&lt;deleted&gt;false&lt;/deleted&gt;&lt;/vi&gt;&lt;operation&gt;PUBLISH&lt;/operation&gt;&lt;/com.dotcms.publisher.pusher.wrapper.LinkWrapper&gt;
real -&gt; &lt;com.dotcms.publisher.pusher.wrapper.LinkWrapper&gt;&lt;linkId&gt;&lt;id&gt;dd7d2279-5bf5-4da2-b011-0e660d59913e&lt;/id&gt;&lt;assetName&gt;72929bff-89af-404a-b5b4-8bd02fe63c25&lt;/assetName&gt;&lt;assetType&gt;links&lt;/assetType&gt;&lt;parentPath&gt;/testName1614617939494/&lt;/parentPath&gt;&lt;hostId&gt;608caeb9-0f62-4bcf-8435-19057e7a4b44&lt;/hostId&gt;&lt;/linkId&gt;&lt;links&gt;&lt;com.dotmarketing.portlets.links.model.Link&gt;&lt;type&gt;links&lt;/type&gt;&lt;inode&gt;72929bff-89af-404a-b5b4-8bd02fe63c25&lt;/inode&gt;&lt;identifier&gt;dd7d2279-5bf5-4da2-b011-0e660d59913e&lt;/identifier&gt;&lt;source&gt;DB&lt;/source&gt;&lt;title&gt;LinkTitle1614617939500&lt;/title&gt;&lt;friendlyName&gt;LinkTitle1614617939500&lt;/friendlyName&gt;&lt;modUser&gt;system&lt;/modUser&gt;&lt;sortOrder&gt;0&lt;/sortOrder&gt;&lt;showOnMenu&gt;false&lt;/showOnMenu&gt;&lt;parent&gt;/testName1614617939494/&lt;/parent&gt;&lt;protocal&gt;https://&lt;/protocal&gt;&lt;url&gt;www.google.com&lt;/url&gt;&lt;target&gt;_blank&lt;/target&gt;&lt;linkType&gt;EXTERNAL&lt;/linkType&gt;&lt;hostId&gt;608caeb9-0f62-4bcf-8435-19057e7a4b44&lt;/hostId&gt;&lt;/com.dotmarketing.portlets.links.model.Link&gt;&lt;/links&gt;&lt;vi class=&quot;com.dotmarketing.portlets.links.model.LinkVersionInfo&quot;&gt;&lt;identifier&gt;dd7d2279-5bf5-4da2-b011-0e660d59913e&lt;/identifier&gt;&lt;workingInode&gt;72929bff-89af-404a-b5b4-8bd02fe63c25&lt;/workingInode&gt;&lt;deleted&gt;false&lt;/deleted&gt;&lt;/vi&gt;&lt;operation&gt;PUBLISH&lt;/operation&gt;&lt;/com.dotcms.publisher.pusher.wrapper.LinkWrapper&gt;

	at org.jgroups.util.Util.assertEquals(Util.java:185)
	at com.dotcms.test.util.FileTestUtil.assertBundleFile(FileTestUtil.java:254)
	at com.dotcms.test.util.FileTestUtil.assertBundleFile(FileTestUtil.java:191)
	at com.dotcms.publishing.PublisherAPIImplTest.publish(PublisherAPIImplTest.java:379)
	at sun.reflect.NativeMethodAccessorImpl.invoke0(Native Method)
	at sun.reflect.NativeMethodAccessorImpl.invoke(NativeMethodAccessorImpl.java:62)
	at sun.reflect.DelegatingMethodAccessorImpl.invoke(DelegatingMethodAccessorImpl.java:43)
	at java.lang.reflect.Method.invoke(Method.java:498)
	at org.junit.runners.model.FrameworkMethod$1.runReflectiveCall(FrameworkMethod.java:50)
	at org.junit.internal.runners.model.ReflectiveCallable.run(ReflectiveCallable.java:12)
	at org.junit.runners.model.FrameworkMethod.invokeExplosively(FrameworkMethod.java:47)
	at com.tngtech.java.junit.dataprovider.DataProviderFrameworkMethod.invokeExplosively(DataProviderFrameworkMethod.java:119)
	at org.junit.internal.runners.statements.InvokeMethod.evaluate(InvokeMethod.java:17)
	at org.junit.rules.TestWatcher$1.evaluate(TestWatcher.java:55)
	at org.junit.rules.RunRules.evaluate(RunRules.java:20)
	at org.junit.runners.ParentRunner.runLeaf(ParentRunner.java:325)
	at com.dotcms.junit.CustomDataProviderRunner.runChild(CustomDataProviderRunner.java:28)
	at com.dotcms.junit.CustomDataProviderRunner.runChild(CustomDataProviderRunner.java:13)
	at org.junit.runners.ParentRunner$3.run(ParentRunner.java:290)
	at org.junit.runners.ParentRunner$1.schedule(ParentRunner.java:71)
	at org.junit.runners.ParentRunner.runChildren(ParentRunner.java:288)
	at org.junit.runners.ParentRunner.access$000(ParentRunner.java:58)
	at org.junit.runners.ParentRunner$2.evaluate(ParentRunner.java:268)
	at org.junit.internal.runners.statements.RunBefores.evaluate(RunBefores.java:26)
	at org.junit.internal.runners.statements.RunAfters.evaluate(RunAfters.java:27)
	at org.junit.runners.ParentRunner.run(ParentRunner.java:363)
	at org.junit.runners.Suite.runChild(Suite.java:128)
	at org.junit.runners.Suite.runChild(Suite.java:27)
	at org.junit.runners.ParentRunner$3.run(ParentRunner.java:290)
	at org.junit.runners.ParentRunner$1.schedule(ParentRunner.java:71)
	at org.junit.runners.ParentRunner.runChildren(ParentRunner.java:288)
	at org.junit.runners.ParentRunner.access$000(ParentRunner.java:58)
	at org.junit.runners.ParentRunner$2.evaluate(ParentRunner.java:268)
	at org.junit.runners.ParentRunner.run(ParentRunner.java:363)
	at org.gradle.api.internal.tasks.testing.junit.JUnitTestClassExecutor.runTestClass(JUnitTestClassExecutor.java:106)
	at org.gradle.api.internal.tasks.testing.junit.JUnitTestClassExecutor.execute(JUnitTestClassExecutor.java:58)
	at org.gradle.api.internal.tasks.testing.junit.JUnitTestClassExecutor.execute(JUnitTestClassExecutor.java:38)
	at org.gradle.api.internal.tasks.testing.junit.AbstractJUnitTestClassProcessor.processTestClass(AbstractJUnitTestClassProcessor.java:66)
	at org.gradle.api.internal.tasks.testing.SuiteTestClassProcessor.processTestClass(SuiteTestClassProcessor.java:51)
	at sun.reflect.NativeMethodAccessorImpl.invoke0(Native Method)
	at sun.reflect.NativeMethodAccessorImpl.invoke(NativeMethodAccessorImpl.java:62)
	at sun.reflect.DelegatingMethodAccessorImpl.invoke(DelegatingMethodAccessorImpl.java:43)
	at java.lang.reflect.Method.invoke(Method.java:498)
	at org.gradle.internal.dispatch.ReflectionDispatch.dispatch(ReflectionDispatch.java:35)
	at org.gradle.internal.dispatch.ReflectionDispatch.dispatch(ReflectionDispatch.java:24)
	at org.gradle.internal.dispatch.ContextClassLoaderDispatch.dispatch(ContextClassLoaderDispatch.java:32)
	at org.gradle.internal.dispatch.ProxyDispatchAdapter$DispatchingInvocationHandler.invoke(ProxyDispatchAdapter.java:93)
	at com.sun.proxy.$Proxy2.processTestClass(Unknown Source)
	at org.gradle.api.internal.tasks.testing.worker.TestWorker.processTestClass(TestWorker.java:117)
	at sun.reflect.NativeMethodAccessorImpl.invoke0(Native Method)
	at sun.reflect.NativeMethodAccessorImpl.invoke(NativeMethodAccessorImpl.java:62)
	at sun.reflect.DelegatingMethodAccessorImpl.invoke(DelegatingMethodAccessorImpl.java:43)
	at java.lang.reflect.Method.invoke(Method.java:498)
	at org.gradle.internal.dispatch.ReflectionDispatch.dispatch(ReflectionDispatch.java:35)
	at org.gradle.internal.dispatch.ReflectionDispatch.dispatch(ReflectionDispatch.java:24)
	at org.gradle.internal.remote.internal.hub.MessageHubBackedObjectConnection$DispatchWrapper.dispatch(MessageHubBackedObjectConnection.java:155)
	at org.gradle.internal.remote.internal.hub.MessageHubBackedObjectConnection$DispatchWrapper.dispatch(MessageHubBackedObjectConnection.java:137)
	at org.gradle.internal.remote.internal.hub.MessageHub$Handler.run(MessageHub.java:404)
	at org.gradle.internal.concurrent.ExecutorPolicy$CatchAndRecordFailures.onExecute(ExecutorPolicy.java:63)
	at org.gradle.internal.concurrent.ManagedExecutorImpl$1.run(ManagedExecutorImpl.java:46)
	at java.util.concurrent.ThreadPoolExecutor.runWorker(ThreadPoolExecutor.java:1149)
	at java.util.concurrent.ThreadPoolExecutor$Worker.run(ThreadPoolExecutor.java:624)
	at org.gradle.internal.concurrent.ThreadFactoryImpl$ManagedThreadRunnable.run(ThreadFactoryImpl.java:55)
	at java.lang.Thread.run(Thread.java:748)
</pre>
</span>
</div>
<div class="test">
<a name="publish[1: com.dotcms.publishing.PublisherAPIImplTest$TestCase@3ee99d15]"></a>
<h3 class="failures">publish[1: com.dotcms.publishing.PublisherAPIImplTest$TestCase@3ee99d15]</h3>
<span class="code">
<pre>java.lang.AssertionError: Fail for Template:
Asset -&gt; com.dotmarketing.portlets.templates.model.Template@2ee44a 
difference -&gt; /templateId&gt;&lt;template&gt;&lt;type&gt;template&lt;/type&gt;&lt;inode&gt;b5dd02db-51e3-494e-8e9c-84042b22af9f&lt;/inode&gt;&lt;identifier&gt;90f35180-7734-4830-9394-88f238517e0e&lt;/identifier&gt;&lt;source&gt;DB&lt;/source&gt;&lt;title&gt;testTitle1614617935482&lt;/title&gt;&lt;friendlyName&gt;testFriendlyName1614617935482&lt;/friendlyName&gt;&lt;modUser&gt;system&lt;/modUser&gt;&lt;sortOrder&gt;2&lt;/sortOrder&gt;&lt;showOnMenu&gt;true&lt;/showOnMenu&gt;&lt;drawed&gt;true&lt;/drawed&gt;&lt;countAddContainer&gt;0&lt;/countAddContainer&gt;&lt;countContainers&gt;0&lt;/countContainers&gt;&lt;/template&gt;&lt;vi class=&quot;com.dotmarketing.portlets.templates.model.TemplateVersionInfo&quot;&gt;&lt;identifier&gt;90f35180-7734-4830-9394-88f238517e0e&lt;/identifier&gt;&lt;liveInode&gt;b5dd02db-51e3-494e-8e9c-84042b22af9f&lt;/liveInode&gt;&lt;workingInode&gt;b5dd02db-51e3-494e-8e9c-84042b22af9f&lt;/workingInode&gt;&lt;deleted&gt;false&lt;/deleted&gt;&lt;/vi&gt;&lt;operation&gt;PUBLISH&lt;/operation&gt;&lt;/com.dotcms.publisher.pusher.wrapper.TemplateWrapper&gt;
expected -&gt; &lt;com.dotcms.publisher.pusher.wrapper.TemplateWrapper&gt;&lt;templateId&gt;&lt;id&gt;90f35180-7734-4830-9394-88f238517e0e&lt;/id&gt;&lt;assetName&gt;90f35180-7734-4830-9394-88f238517e0e.template&lt;/assetName&gt;&lt;assetType&gt;template&lt;/assetType&gt;&lt;parentPath&gt;/&lt;/parentPath&gt;&lt;hostId&gt;69f875df-d012-4d6c-866e-46f6e0745074&lt;/hostId&gt;&lt;inode&gt;b5dd02db-51e3-494e-8e9c-84042b22af9f&lt;/inode&gt;&lt;identifier&gt;90f35180-7734-4830-9394-88f238517e0e&lt;/identifier&gt;&lt;source&gt;DB&lt;/source&gt;&lt;title&gt;testTitle1614617935482&lt;/title&gt;&lt;friendlyName&gt;testFriendlyName1614617935482&lt;/friendlyName&gt;&lt;modUser&gt;system&lt;/modUser&gt;&lt;sortOrder&gt;2&lt;/sortOrder&gt;&lt;showOnMenu&gt;true&lt;/showOnMenu&gt;&lt;drawed&gt;true&lt;/drawed&gt;&lt;countAddContainer&gt;0&lt;/countAddContainer&gt;&lt;countContainers&gt;0&lt;/countContainers&gt;&lt;/template&gt;&lt;vi class=&quot;com.dotmarketing.portlets.templates.model.TemplateVersionInfo&quot;&gt;&lt;identifier&gt;90f35180-7734-4830-9394-88f238517e0e&lt;/identifier&gt;&lt;liveInode&gt;b5dd02db-51e3-494e-8e9c-84042b22af9f&lt;/liveInode&gt;&lt;workingInode&gt;b5dd02db-51e3-494e-8e9c-84042b22af9f&lt;/workingInode&gt;&lt;deleted&gt;false&lt;/deleted&gt;&lt;/vi&gt;&lt;operation&gt;PUBLISH&lt;/operation&gt;&lt;/com.dotcms.publisher.pusher.wrapper.TemplateWrapper&gt;
real -&gt; &lt;com.dotcms.publisher.pusher.wrapper.TemplateWrapper&gt;&lt;templateId&gt;&lt;id&gt;90f35180-7734-4830-9394-88f238517e0e&lt;/id&gt;&lt;assetName&gt;90f35180-7734-4830-9394-88f238517e0e.template&lt;/assetName&gt;&lt;assetType&gt;template&lt;/assetType&gt;&lt;parentPath&gt;/&lt;/parentPath&gt;&lt;hostId&gt;69f875df-d012-4d6c-866e-46f6e0745074&lt;/hostId&gt;&lt;/templateId&gt;&lt;template&gt;&lt;type&gt;template&lt;/type&gt;&lt;inode&gt;b5dd02db-51e3-494e-8e9c-84042b22af9f&lt;/inode&gt;&lt;identifier&gt;90f35180-7734-4830-9394-88f238517e0e&lt;/identifier&gt;&lt;source&gt;DB&lt;/source&gt;&lt;title&gt;testTitle1614617935482&lt;/title&gt;&lt;friendlyName&gt;testFriendlyName1614617935482&lt;/friendlyName&gt;&lt;modUser&gt;system&lt;/modUser&gt;&lt;sortOrder&gt;2&lt;/sortOrder&gt;&lt;showOnMenu&gt;true&lt;/showOnMenu&gt;&lt;drawed&gt;true&lt;/drawed&gt;&lt;countAddContainer&gt;0&lt;/countAddContainer&gt;&lt;countContainers&gt;0&lt;/countContainers&gt;&lt;/template&gt;&lt;vi class=&quot;com.dotmarketing.portlets.templates.model.TemplateVersionInfo&quot;&gt;&lt;identifier&gt;90f35180-7734-4830-9394-88f238517e0e&lt;/identifier&gt;&lt;liveInode&gt;b5dd02db-51e3-494e-8e9c-84042b22af9f&lt;/liveInode&gt;&lt;workingInode&gt;b5dd02db-51e3-494e-8e9c-84042b22af9f&lt;/workingInode&gt;&lt;deleted&gt;false&lt;/deleted&gt;&lt;/vi&gt;&lt;operation&gt;PUBLISH&lt;/operation&gt;&lt;/com.dotcms.publisher.pusher.wrapper.TemplateWrapper&gt;

	at org.jgroups.util.Util.assertEquals(Util.java:185)
	at com.dotcms.test.util.FileTestUtil.assertBundleFile(FileTestUtil.java:254)
	at com.dotcms.test.util.FileTestUtil.assertBundleFile(FileTestUtil.java:191)
	at com.dotcms.publishing.PublisherAPIImplTest.publish(PublisherAPIImplTest.java:379)
	at sun.reflect.NativeMethodAccessorImpl.invoke0(Native Method)
	at sun.reflect.NativeMethodAccessorImpl.invoke(NativeMethodAccessorImpl.java:62)
	at sun.reflect.DelegatingMethodAccessorImpl.invoke(DelegatingMethodAccessorImpl.java:43)
	at java.lang.reflect.Method.invoke(Method.java:498)
	at org.junit.runners.model.FrameworkMethod$1.runReflectiveCall(FrameworkMethod.java:50)
	at org.junit.internal.runners.model.ReflectiveCallable.run(ReflectiveCallable.java:12)
	at org.junit.runners.model.FrameworkMethod.invokeExplosively(FrameworkMethod.java:47)
	at com.tngtech.java.junit.dataprovider.DataProviderFrameworkMethod.invokeExplosively(DataProviderFrameworkMethod.java:119)
	at org.junit.internal.runners.statements.InvokeMethod.evaluate(InvokeMethod.java:17)
	at org.junit.rules.TestWatcher$1.evaluate(TestWatcher.java:55)
	at org.junit.rules.RunRules.evaluate(RunRules.java:20)
	at org.junit.runners.ParentRunner.runLeaf(ParentRunner.java:325)
	at com.dotcms.junit.CustomDataProviderRunner.runChild(CustomDataProviderRunner.java:28)
	at com.dotcms.junit.CustomDataProviderRunner.runChild(CustomDataProviderRunner.java:13)
	at org.junit.runners.ParentRunner$3.run(ParentRunner.java:290)
	at org.junit.runners.ParentRunner$1.schedule(ParentRunner.java:71)
	at org.junit.runners.ParentRunner.runChildren(ParentRunner.java:288)
	at org.junit.runners.ParentRunner.access$000(ParentRunner.java:58)
	at org.junit.runners.ParentRunner$2.evaluate(ParentRunner.java:268)
	at org.junit.internal.runners.statements.RunBefores.evaluate(RunBefores.java:26)
	at org.junit.internal.runners.statements.RunAfters.evaluate(RunAfters.java:27)
	at org.junit.runners.ParentRunner.run(ParentRunner.java:363)
	at org.junit.runners.Suite.runChild(Suite.java:128)
	at org.junit.runners.Suite.runChild(Suite.java:27)
	at org.junit.runners.ParentRunner$3.run(ParentRunner.java:290)
	at org.junit.runners.ParentRunner$1.schedule(ParentRunner.java:71)
	at org.junit.runners.ParentRunner.runChildren(ParentRunner.java:288)
	at org.junit.runners.ParentRunner.access$000(ParentRunner.java:58)
	at org.junit.runners.ParentRunner$2.evaluate(ParentRunner.java:268)
	at org.junit.runners.ParentRunner.run(ParentRunner.java:363)
	at org.gradle.api.internal.tasks.testing.junit.JUnitTestClassExecutor.runTestClass(JUnitTestClassExecutor.java:106)
	at org.gradle.api.internal.tasks.testing.junit.JUnitTestClassExecutor.execute(JUnitTestClassExecutor.java:58)
	at org.gradle.api.internal.tasks.testing.junit.JUnitTestClassExecutor.execute(JUnitTestClassExecutor.java:38)
	at org.gradle.api.internal.tasks.testing.junit.AbstractJUnitTestClassProcessor.processTestClass(AbstractJUnitTestClassProcessor.java:66)
	at org.gradle.api.internal.tasks.testing.SuiteTestClassProcessor.processTestClass(SuiteTestClassProcessor.java:51)
	at sun.reflect.NativeMethodAccessorImpl.invoke0(Native Method)
	at sun.reflect.NativeMethodAccessorImpl.invoke(NativeMethodAccessorImpl.java:62)
	at sun.reflect.DelegatingMethodAccessorImpl.invoke(DelegatingMethodAccessorImpl.java:43)
	at java.lang.reflect.Method.invoke(Method.java:498)
	at org.gradle.internal.dispatch.ReflectionDispatch.dispatch(ReflectionDispatch.java:35)
	at org.gradle.internal.dispatch.ReflectionDispatch.dispatch(ReflectionDispatch.java:24)
	at org.gradle.internal.dispatch.ContextClassLoaderDispatch.dispatch(ContextClassLoaderDispatch.java:32)
	at org.gradle.internal.dispatch.ProxyDispatchAdapter$DispatchingInvocationHandler.invoke(ProxyDispatchAdapter.java:93)
	at com.sun.proxy.$Proxy2.processTestClass(Unknown Source)
	at org.gradle.api.internal.tasks.testing.worker.TestWorker.processTestClass(TestWorker.java:117)
	at sun.reflect.NativeMethodAccessorImpl.invoke0(Native Method)
	at sun.reflect.NativeMethodAccessorImpl.invoke(NativeMethodAccessorImpl.java:62)
	at sun.reflect.DelegatingMethodAccessorImpl.invoke(DelegatingMethodAccessorImpl.java:43)
	at java.lang.reflect.Method.invoke(Method.java:498)
	at org.gradle.internal.dispatch.ReflectionDispatch.dispatch(ReflectionDispatch.java:35)
	at org.gradle.internal.dispatch.ReflectionDispatch.dispatch(ReflectionDispatch.java:24)
	at org.gradle.internal.remote.internal.hub.MessageHubBackedObjectConnection$DispatchWrapper.dispatch(MessageHubBackedObjectConnection.java:155)
	at org.gradle.internal.remote.internal.hub.MessageHubBackedObjectConnection$DispatchWrapper.dispatch(MessageHubBackedObjectConnection.java:137)
	at org.gradle.internal.remote.internal.hub.MessageHub$Handler.run(MessageHub.java:404)
	at org.gradle.internal.concurrent.ExecutorPolicy$CatchAndRecordFailures.onExecute(ExecutorPolicy.java:63)
	at org.gradle.internal.concurrent.ManagedExecutorImpl$1.run(ManagedExecutorImpl.java:46)
	at java.util.concurrent.ThreadPoolExecutor.runWorker(ThreadPoolExecutor.java:1149)
	at java.util.concurrent.ThreadPoolExecutor$Worker.run(ThreadPoolExecutor.java:624)
	at org.gradle.internal.concurrent.ThreadFactoryImpl$ManagedThreadRunnable.run(ThreadFactoryImpl.java:55)
	at java.lang.Thread.run(Thread.java:748)
</pre>
</span>
</div>
<div class="test">
<a name="publish[2: com.dotcms.publishing.PublisherAPIImplTest$TestCase@57442533]"></a>
<h3 class="failures">publish[2: com.dotcms.publishing.PublisherAPIImplTest$TestCase@57442533]</h3>
<span class="code">
<pre>java.lang.AssertionError: Fail for Container:
Asset -&gt; com.dotmarketing.portlets.containers.model.Container@137b278c[code=&lt;null&gt;,maxContentlets=5,useDiv=true,sortContentletsBy=&lt;null&gt;,preLoop=&lt;div&gt;,postLoop=&lt;/div&gt;,staticify=true,luceneQuery=&lt;null&gt;,notes=testNotes1614617936444,source=DB,title=testTitle1614617936444,friendlyName=testFriendlyName1614617936444,modDate=Mon Mar 01 16:58:56 GMT 2021,modUser=system,sortOrder=0,showOnMenu=false,iDate=Mon Mar 01 16:58:56 GMT 2021,type=containers,owner=system,inode=aa7cc0b1-f2d4-4dc5-bb57-68a8ae3e4c78,identifier=d84b15b4-6688-4527-a90d-47e5998250fd] 
difference -&gt; /containerId&gt;&lt;container&gt;&lt;type&gt;containers&lt;/type&gt;&lt;inode&gt;aa7cc0b1-f2d4-4dc5-bb57-68a8ae3e4c78&lt;/inode&gt;&lt;identifier&gt;d84b15b4-6688-4527-a90d-47e5998250fd&lt;/identifier&gt;&lt;source&gt;DB&lt;/source&gt;&lt;title&gt;testTitle1614617936444&lt;/title&gt;&lt;friendlyName&gt;testFriendlyName1614617936444&lt;/friendlyName&gt;&lt;modUser&gt;system&lt;/modUser&gt;&lt;sortOrder&gt;0&lt;/sortOrder&gt;&lt;showOnMenu&gt;false&lt;/showOnMenu&gt;&lt;maxContentlets&gt;5&lt;/maxContentlets&gt;&lt;useDiv&gt;true&lt;/useDiv&gt;&lt;preLoop&gt;&amp;lt;div&amp;gt;&lt;/preLoop&gt;&lt;postLoop&gt;&amp;lt;/div&amp;gt;&lt;/postLoop&gt;&lt;staticify&gt;true&lt;/staticify&gt;&lt;notes&gt;testNotes1614617936444&lt;/notes&gt;&lt;/container&gt;&lt;cvi class=&quot;com.dotmarketing.portlets.containers.model.ContainerVersionInfo&quot;&gt;&lt;identifier&gt;d84b15b4-6688-4527-a90d-47e5998250fd&lt;/identifier&gt;&lt;workingInode&gt;aa7cc0b1-f2d4-4dc5-bb57-68a8ae3e4c78&lt;/workingInode&gt;&lt;deleted&gt;false&lt;/deleted&gt;&lt;/cvi&gt;&lt;operation&gt;PUBLISH&lt;/operation&gt;&lt;csList class=&quot;com.google.common.collect.RegularImmutableList&quot; resolves-to=&quot;com.google.common.collect.ImmutableList$SerializedForm&quot;&gt;&lt;elements&gt;&lt;com.dotmarketing.beans.ContainerStructure&gt;&lt;id&gt;6e057f4e-e206-4fa4-9f3d-86bfd8a82697&lt;/id&gt;&lt;structureId&gt;66b6fd7c-7139-4b4a-8af6-25bbe76737ac&lt;/structureId&gt;&lt;containerInode&gt;aa7cc0b1-f2d4-4dc5-bb57-68a8ae3e4c78&lt;/containerInode&gt;&lt;containerId&gt;d84b15b4-6688-4527-a90d-47e5998250fd&lt;/containerId&gt;&lt;/com.dotmarketing.beans.ContainerStructure&gt;&lt;/elements&gt;&lt;/csList&gt;&lt;/com.dotcms.publisher.pusher.wrapper.ContainerWrapper&gt;
expected -&gt; &lt;com.dotcms.publisher.pusher.wrapper.ContainerWrapper&gt;&lt;containerId&gt;&lt;id&gt;d84b15b4-6688-4527-a90d-47e5998250fd&lt;/id&gt;&lt;assetName&gt;d84b15b4-6688-4527-a90d-47e5998250fd.containers&lt;/assetName&gt;&lt;assetType&gt;containers&lt;/assetType&gt;&lt;parentPath&gt;/&lt;/parentPath&gt;&lt;hostId&gt;5276e0a7-67b6-4a14-a26e-986d7f939d02&lt;/hostId&gt;&lt;inode&gt;aa7cc0b1-f2d4-4dc5-bb57-68a8ae3e4c78&lt;/inode&gt;&lt;identifier&gt;d84b15b4-6688-4527-a90d-47e5998250fd&lt;/identifier&gt;&lt;source&gt;DB&lt;/source&gt;&lt;title&gt;testTitle1614617936444&lt;/title&gt;&lt;friendlyName&gt;testFriendlyName1614617936444&lt;/friendlyName&gt;&lt;modUser&gt;system&lt;/modUser&gt;&lt;sortOrder&gt;0&lt;/sortOrder&gt;&lt;showOnMenu&gt;false&lt;/showOnMenu&gt;&lt;maxContentlets&gt;5&lt;/maxContentlets&gt;&lt;useDiv&gt;true&lt;/useDiv&gt;&lt;preLoop&gt;&amp;lt;div&amp;gt;&lt;/preLoop&gt;&lt;postLoop&gt;&amp;lt;/div&amp;gt;&lt;/postLoop&gt;&lt;staticify&gt;true&lt;/staticify&gt;&lt;notes&gt;testNotes1614617936444&lt;/notes&gt;&lt;/container&gt;&lt;cvi class=&quot;com.dotmarketing.portlets.containers.model.ContainerVersionInfo&quot;&gt;&lt;identifier&gt;d84b15b4-6688-4527-a90d-47e5998250fd&lt;/identifier&gt;&lt;workingInode&gt;aa7cc0b1-f2d4-4dc5-bb57-68a8ae3e4c78&lt;/workingInode&gt;&lt;deleted&gt;false&lt;/deleted&gt;&lt;/cvi&gt;&lt;operation&gt;PUBLISH&lt;/operation&gt;&lt;csList class=&quot;com.google.common.collect.RegularImmutableList&quot; resolves-to=&quot;com.google.common.collect.ImmutableList$SerializedForm&quot;&gt;&lt;elements&gt;&lt;com.dotmarketing.beans.ContainerStructure&gt;&lt;id&gt;6e057f4e-e206-4fa4-9f3d-86bfd8a82697&lt;/id&gt;&lt;structureId&gt;66b6fd7c-7139-4b4a-8af6-25bbe76737ac&lt;/structureId&gt;&lt;containerInode&gt;aa7cc0b1-f2d4-4dc5-bb57-68a8ae3e4c78&lt;/containerInode&gt;&lt;containerId&gt;d84b15b4-6688-4527-a90d-47e5998250fd&lt;/containerId&gt;&lt;code&gt;__code__&lt;/code&gt;&lt;/com.dotmarketing.beans.ContainerStructure&gt;&lt;/elements&gt;&lt;/csList&gt;&lt;/com.dotcms.publisher.pusher.wrapper.ContainerWrapper&gt;
real -&gt; &lt;com.dotcms.publisher.pusher.wrapper.ContainerWrapper&gt;&lt;containerId&gt;&lt;id&gt;d84b15b4-6688-4527-a90d-47e5998250fd&lt;/id&gt;&lt;assetName&gt;d84b15b4-6688-4527-a90d-47e5998250fd.containers&lt;/assetName&gt;&lt;assetType&gt;containers&lt;/assetType&gt;&lt;parentPath&gt;/&lt;/parentPath&gt;&lt;hostId&gt;5276e0a7-67b6-4a14-a26e-986d7f939d02&lt;/hostId&gt;&lt;/containerId&gt;&lt;container&gt;&lt;type&gt;containers&lt;/type&gt;&lt;inode&gt;aa7cc0b1-f2d4-4dc5-bb57-68a8ae3e4c78&lt;/inode&gt;&lt;identifier&gt;d84b15b4-6688-4527-a90d-47e5998250fd&lt;/identifier&gt;&lt;source&gt;DB&lt;/source&gt;&lt;title&gt;testTitle1614617936444&lt;/title&gt;&lt;friendlyName&gt;testFriendlyName1614617936444&lt;/friendlyName&gt;&lt;modUser&gt;system&lt;/modUser&gt;&lt;sortOrder&gt;0&lt;/sortOrder&gt;&lt;showOnMenu&gt;false&lt;/showOnMenu&gt;&lt;maxContentlets&gt;5&lt;/maxContentlets&gt;&lt;useDiv&gt;true&lt;/useDiv&gt;&lt;preLoop&gt;&amp;lt;div&amp;gt;&lt;/preLoop&gt;&lt;postLoop&gt;&amp;lt;/div&amp;gt;&lt;/postLoop&gt;&lt;staticify&gt;true&lt;/staticify&gt;&lt;notes&gt;testNotes1614617936444&lt;/notes&gt;&lt;/container&gt;&lt;cvi class=&quot;com.dotmarketing.portlets.containers.model.ContainerVersionInfo&quot;&gt;&lt;identifier&gt;d84b15b4-6688-4527-a90d-47e5998250fd&lt;/identifier&gt;&lt;workingInode&gt;aa7cc0b1-f2d4-4dc5-bb57-68a8ae3e4c78&lt;/workingInode&gt;&lt;deleted&gt;false&lt;/deleted&gt;&lt;/cvi&gt;&lt;operation&gt;PUBLISH&lt;/operation&gt;&lt;csList class=&quot;com.google.common.collect.RegularImmutableList&quot; resolves-to=&quot;com.google.common.collect.ImmutableList$SerializedForm&quot;&gt;&lt;elements&gt;&lt;com.dotmarketing.beans.ContainerStructure&gt;&lt;id&gt;6e057f4e-e206-4fa4-9f3d-86bfd8a82697&lt;/id&gt;&lt;structureId&gt;66b6fd7c-7139-4b4a-8af6-25bbe76737ac&lt;/structureId&gt;&lt;containerInode&gt;aa7cc0b1-f2d4-4dc5-bb57-68a8ae3e4c78&lt;/containerInode&gt;&lt;containerId&gt;d84b15b4-6688-4527-a90d-47e5998250fd&lt;/containerId&gt;&lt;/com.dotmarketing.beans.ContainerStructure&gt;&lt;/elements&gt;&lt;/csList&gt;&lt;/com.dotcms.publisher.pusher.wrapper.ContainerWrapper&gt;

	at org.jgroups.util.Util.assertEquals(Util.java:185)
	at com.dotcms.test.util.FileTestUtil.assertBundleFile(FileTestUtil.java:254)
	at com.dotcms.test.util.FileTestUtil.assertBundleFile(FileTestUtil.java:191)
	at com.dotcms.publishing.PublisherAPIImplTest.publish(PublisherAPIImplTest.java:379)
	at sun.reflect.NativeMethodAccessorImpl.invoke0(Native Method)
	at sun.reflect.NativeMethodAccessorImpl.invoke(NativeMethodAccessorImpl.java:62)
	at sun.reflect.DelegatingMethodAccessorImpl.invoke(DelegatingMethodAccessorImpl.java:43)
	at java.lang.reflect.Method.invoke(Method.java:498)
	at org.junit.runners.model.FrameworkMethod$1.runReflectiveCall(FrameworkMethod.java:50)
	at org.junit.internal.runners.model.ReflectiveCallable.run(ReflectiveCallable.java:12)
	at org.junit.runners.model.FrameworkMethod.invokeExplosively(FrameworkMethod.java:47)
	at com.tngtech.java.junit.dataprovider.DataProviderFrameworkMethod.invokeExplosively(DataProviderFrameworkMethod.java:119)
	at org.junit.internal.runners.statements.InvokeMethod.evaluate(InvokeMethod.java:17)
	at org.junit.rules.TestWatcher$1.evaluate(TestWatcher.java:55)
	at org.junit.rules.RunRules.evaluate(RunRules.java:20)
	at org.junit.runners.ParentRunner.runLeaf(ParentRunner.java:325)
	at com.dotcms.junit.CustomDataProviderRunner.runChild(CustomDataProviderRunner.java:28)
	at com.dotcms.junit.CustomDataProviderRunner.runChild(CustomDataProviderRunner.java:13)
	at org.junit.runners.ParentRunner$3.run(ParentRunner.java:290)
	at org.junit.runners.ParentRunner$1.schedule(ParentRunner.java:71)
	at org.junit.runners.ParentRunner.runChildren(ParentRunner.java:288)
	at org.junit.runners.ParentRunner.access$000(ParentRunner.java:58)
	at org.junit.runners.ParentRunner$2.evaluate(ParentRunner.java:268)
	at org.junit.internal.runners.statements.RunBefores.evaluate(RunBefores.java:26)
	at org.junit.internal.runners.statements.RunAfters.evaluate(RunAfters.java:27)
	at org.junit.runners.ParentRunner.run(ParentRunner.java:363)
	at org.junit.runners.Suite.runChild(Suite.java:128)
	at org.junit.runners.Suite.runChild(Suite.java:27)
	at org.junit.runners.ParentRunner$3.run(ParentRunner.java:290)
	at org.junit.runners.ParentRunner$1.schedule(ParentRunner.java:71)
	at org.junit.runners.ParentRunner.runChildren(ParentRunner.java:288)
	at org.junit.runners.ParentRunner.access$000(ParentRunner.java:58)
	at org.junit.runners.ParentRunner$2.evaluate(ParentRunner.java:268)
	at org.junit.runners.ParentRunner.run(ParentRunner.java:363)
	at org.gradle.api.internal.tasks.testing.junit.JUnitTestClassExecutor.runTestClass(JUnitTestClassExecutor.java:106)
	at org.gradle.api.internal.tasks.testing.junit.JUnitTestClassExecutor.execute(JUnitTestClassExecutor.java:58)
	at org.gradle.api.internal.tasks.testing.junit.JUnitTestClassExecutor.execute(JUnitTestClassExecutor.java:38)
	at org.gradle.api.internal.tasks.testing.junit.AbstractJUnitTestClassProcessor.processTestClass(AbstractJUnitTestClassProcessor.java:66)
	at org.gradle.api.internal.tasks.testing.SuiteTestClassProcessor.processTestClass(SuiteTestClassProcessor.java:51)
	at sun.reflect.NativeMethodAccessorImpl.invoke0(Native Method)
	at sun.reflect.NativeMethodAccessorImpl.invoke(NativeMethodAccessorImpl.java:62)
	at sun.reflect.DelegatingMethodAccessorImpl.invoke(DelegatingMethodAccessorImpl.java:43)
	at java.lang.reflect.Method.invoke(Method.java:498)
	at org.gradle.internal.dispatch.ReflectionDispatch.dispatch(ReflectionDispatch.java:35)
	at org.gradle.internal.dispatch.ReflectionDispatch.dispatch(ReflectionDispatch.java:24)
	at org.gradle.internal.dispatch.ContextClassLoaderDispatch.dispatch(ContextClassLoaderDispatch.java:32)
	at org.gradle.internal.dispatch.ProxyDispatchAdapter$DispatchingInvocationHandler.invoke(ProxyDispatchAdapter.java:93)
	at com.sun.proxy.$Proxy2.processTestClass(Unknown Source)
	at org.gradle.api.internal.tasks.testing.worker.TestWorker.processTestClass(TestWorker.java:117)
	at sun.reflect.NativeMethodAccessorImpl.invoke0(Native Method)
	at sun.reflect.NativeMethodAccessorImpl.invoke(NativeMethodAccessorImpl.java:62)
	at sun.reflect.DelegatingMethodAccessorImpl.invoke(DelegatingMethodAccessorImpl.java:43)
	at java.lang.reflect.Method.invoke(Method.java:498)
	at org.gradle.internal.dispatch.ReflectionDispatch.dispatch(ReflectionDispatch.java:35)
	at org.gradle.internal.dispatch.ReflectionDispatch.dispatch(ReflectionDispatch.java:24)
	at org.gradle.internal.remote.internal.hub.MessageHubBackedObjectConnection$DispatchWrapper.dispatch(MessageHubBackedObjectConnection.java:155)
	at org.gradle.internal.remote.internal.hub.MessageHubBackedObjectConnection$DispatchWrapper.dispatch(MessageHubBackedObjectConnection.java:137)
	at org.gradle.internal.remote.internal.hub.MessageHub$Handler.run(MessageHub.java:404)
	at org.gradle.internal.concurrent.ExecutorPolicy$CatchAndRecordFailures.onExecute(ExecutorPolicy.java:63)
	at org.gradle.internal.concurrent.ManagedExecutorImpl$1.run(ManagedExecutorImpl.java:46)
	at java.util.concurrent.ThreadPoolExecutor.runWorker(ThreadPoolExecutor.java:1149)
	at java.util.concurrent.ThreadPoolExecutor$Worker.run(ThreadPoolExecutor.java:624)
	at org.gradle.internal.concurrent.ThreadFactoryImpl$ManagedThreadRunnable.run(ThreadFactoryImpl.java:55)
	at java.lang.Thread.run(Thread.java:748)
</pre>
</span>
</div>
<div class="test">
<a name="publish[3: com.dotcms.publishing.PublisherAPIImplTest$TestCase@335ca57]"></a>
<h3 class="failures">publish[3: com.dotcms.publishing.PublisherAPIImplTest$TestCase@335ca57]</h3>
<span class="code">
<pre>java.lang.AssertionError: Fail for Folder:
Asset -&gt; com.dotmarketing.portlets.folders.model.Folder@357843c5[name=testName1614617937520,sortOrder=0,showOnMenu=false,hostId=bfd74fa3-9ad9-42cf-ac2b-b0e78875057e,title=testTitle1614617937520,filesMasks=&lt;null&gt;,defaultFileType=33888b6f-7a8e-4069-b1b6-5c1aa9d0a48d,modDate=2021-03-01 16:58:57.0,iDate=2021-03-01 16:58:57.0,type=folder,owner=&lt;null&gt;,inode=ef28050e-48c6-41b8-a223-93146416f851,identifier=da26c98a-830d-40b0-acea-3ba6d837852f] 
difference -&gt; inode&gt;ef28050e-48c6-41b8-a223-93146416f851&lt;/inode&gt;&lt;identifier&gt;da26c98a-830d-40b0-acea-3ba6d837852f&lt;/identifier&gt;&lt;name&gt;testName1614617937520&lt;/name&gt;&lt;sortOrder&gt;0&lt;/sortOrder&gt;&lt;showOnMenu&gt;false&lt;/showOnMenu&gt;&lt;hostId&gt;bfd74fa3-9ad9-42cf-ac2b-b0e78875057e&lt;/hostId&gt;&lt;title&gt;testTitle1614617937520&lt;/title&gt;&lt;defaultFileType&gt;33888b6f-7a8e-4069-b1b6-5c1aa9d0a48d&lt;/defaultFileType&gt;&lt;/folder&gt;&lt;folderId&gt;&lt;id&gt;da26c98a-830d-40b0-acea-3ba6d837852f&lt;/id&gt;&lt;assetName&gt;testName1614617937520&lt;/assetName&gt;&lt;assetType&gt;folder&lt;/assetType&gt;&lt;hostId&gt;SYSTEM_HOST&lt;/hostId&gt;&lt;assetSubType&gt;Host&lt;/assetSubType&gt;&lt;/hostId&gt;&lt;operation&gt;PUBLISH&lt;/operation&gt;&lt;/com.dotcms.publisher.pusher.wrapper.FolderWrapper&gt;
expected -&gt; &lt;com.dotcms.publisher.pusher.wrapper.FolderWrapper&gt;&lt;folder&gt;&lt;type&gt;folder&lt;/type&gt;&lt;assetSubType&gt;Host&lt;/assetSubType&gt;&lt;/hostId&gt;&lt;operation&gt;PUBLISH&lt;/operation&gt;&lt;/com.dotcms.publisher.pusher.wrapper.FolderWrapper&gt;
real -&gt; &lt;com.dotcms.publisher.pusher.wrapper.FolderWrapper&gt;&lt;folder&gt;&lt;type&gt;folder&lt;/type&gt;&lt;inode&gt;ef28050e-48c6-41b8-a223-93146416f851&lt;/inode&gt;&lt;identifier&gt;da26c98a-830d-40b0-acea-3ba6d837852f&lt;/identifier&gt;&lt;name&gt;testName1614617937520&lt;/name&gt;&lt;sortOrder&gt;0&lt;/sortOrder&gt;&lt;showOnMenu&gt;false&lt;/showOnMenu&gt;&lt;hostId&gt;bfd74fa3-9ad9-42cf-ac2b-b0e78875057e&lt;/hostId&gt;&lt;title&gt;testTitle1614617937520&lt;/title&gt;&lt;defaultFileType&gt;33888b6f-7a8e-4069-b1b6-5c1aa9d0a48d&lt;/defaultFileType&gt;&lt;/folder&gt;&lt;folderId&gt;&lt;id&gt;da26c98a-830d-40b0-acea-3ba6d837852f&lt;/id&gt;&lt;assetName&gt;testName1614617937520&lt;/assetName&gt;&lt;assetType&gt;folder&lt;/assetType&gt;&lt;hostId&gt;SYSTEM_HOST&lt;/hostId&gt;&lt;assetSubType&gt;Host&lt;/assetSubType&gt;&lt;/hostId&gt;&lt;operation&gt;PUBLISH&lt;/operation&gt;&lt;/com.dotcms.publisher.pusher.wrapper.FolderWrapper&gt;

	at org.jgroups.util.Util.assertEquals(Util.java:185)
	at com.dotcms.test.util.FileTestUtil.assertBundleFile(FileTestUtil.java:254)
	at com.dotcms.test.util.FileTestUtil.assertBundleFile(FileTestUtil.java:191)
	at com.dotcms.publishing.PublisherAPIImplTest.publish(PublisherAPIImplTest.java:379)
	at sun.reflect.NativeMethodAccessorImpl.invoke0(Native Method)
	at sun.reflect.NativeMethodAccessorImpl.invoke(NativeMethodAccessorImpl.java:62)
	at sun.reflect.DelegatingMethodAccessorImpl.invoke(DelegatingMethodAccessorImpl.java:43)
	at java.lang.reflect.Method.invoke(Method.java:498)
	at org.junit.runners.model.FrameworkMethod$1.runReflectiveCall(FrameworkMethod.java:50)
	at org.junit.internal.runners.model.ReflectiveCallable.run(ReflectiveCallable.java:12)
	at org.junit.runners.model.FrameworkMethod.invokeExplosively(FrameworkMethod.java:47)
	at com.tngtech.java.junit.dataprovider.DataProviderFrameworkMethod.invokeExplosively(DataProviderFrameworkMethod.java:119)
	at org.junit.internal.runners.statements.InvokeMethod.evaluate(InvokeMethod.java:17)
	at org.junit.rules.TestWatcher$1.evaluate(TestWatcher.java:55)
	at org.junit.rules.RunRules.evaluate(RunRules.java:20)
	at org.junit.runners.ParentRunner.runLeaf(ParentRunner.java:325)
	at com.dotcms.junit.CustomDataProviderRunner.runChild(CustomDataProviderRunner.java:28)
	at com.dotcms.junit.CustomDataProviderRunner.runChild(CustomDataProviderRunner.java:13)
	at org.junit.runners.ParentRunner$3.run(ParentRunner.java:290)
	at org.junit.runners.ParentRunner$1.schedule(ParentRunner.java:71)
	at org.junit.runners.ParentRunner.runChildren(ParentRunner.java:288)
	at org.junit.runners.ParentRunner.access$000(ParentRunner.java:58)
	at org.junit.runners.ParentRunner$2.evaluate(ParentRunner.java:268)
	at org.junit.internal.runners.statements.RunBefores.evaluate(RunBefores.java:26)
	at org.junit.internal.runners.statements.RunAfters.evaluate(RunAfters.java:27)
	at org.junit.runners.ParentRunner.run(ParentRunner.java:363)
	at org.junit.runners.Suite.runChild(Suite.java:128)
	at org.junit.runners.Suite.runChild(Suite.java:27)
	at org.junit.runners.ParentRunner$3.run(ParentRunner.java:290)
	at org.junit.runners.ParentRunner$1.schedule(ParentRunner.java:71)
	at org.junit.runners.ParentRunner.runChildren(ParentRunner.java:288)
	at org.junit.runners.ParentRunner.access$000(ParentRunner.java:58)
	at org.junit.runners.ParentRunner$2.evaluate(ParentRunner.java:268)
	at org.junit.runners.ParentRunner.run(ParentRunner.java:363)
	at org.gradle.api.internal.tasks.testing.junit.JUnitTestClassExecutor.runTestClass(JUnitTestClassExecutor.java:106)
	at org.gradle.api.internal.tasks.testing.junit.JUnitTestClassExecutor.execute(JUnitTestClassExecutor.java:58)
	at org.gradle.api.internal.tasks.testing.junit.JUnitTestClassExecutor.execute(JUnitTestClassExecutor.java:38)
	at org.gradle.api.internal.tasks.testing.junit.AbstractJUnitTestClassProcessor.processTestClass(AbstractJUnitTestClassProcessor.java:66)
	at org.gradle.api.internal.tasks.testing.SuiteTestClassProcessor.processTestClass(SuiteTestClassProcessor.java:51)
	at sun.reflect.NativeMethodAccessorImpl.invoke0(Native Method)
	at sun.reflect.NativeMethodAccessorImpl.invoke(NativeMethodAccessorImpl.java:62)
	at sun.reflect.DelegatingMethodAccessorImpl.invoke(DelegatingMethodAccessorImpl.java:43)
	at java.lang.reflect.Method.invoke(Method.java:498)
	at org.gradle.internal.dispatch.ReflectionDispatch.dispatch(ReflectionDispatch.java:35)
	at org.gradle.internal.dispatch.ReflectionDispatch.dispatch(ReflectionDispatch.java:24)
	at org.gradle.internal.dispatch.ContextClassLoaderDispatch.dispatch(ContextClassLoaderDispatch.java:32)
	at org.gradle.internal.dispatch.ProxyDispatchAdapter$DispatchingInvocationHandler.invoke(ProxyDispatchAdapter.java:93)
	at com.sun.proxy.$Proxy2.processTestClass(Unknown Source)
	at org.gradle.api.internal.tasks.testing.worker.TestWorker.processTestClass(TestWorker.java:117)
	at sun.reflect.NativeMethodAccessorImpl.invoke0(Native Method)
	at sun.reflect.NativeMethodAccessorImpl.invoke(NativeMethodAccessorImpl.java:62)
	at sun.reflect.DelegatingMethodAccessorImpl.invoke(DelegatingMethodAccessorImpl.java:43)
	at java.lang.reflect.Method.invoke(Method.java:498)
	at org.gradle.internal.dispatch.ReflectionDispatch.dispatch(ReflectionDispatch.java:35)
	at org.gradle.internal.dispatch.ReflectionDispatch.dispatch(ReflectionDispatch.java:24)
	at org.gradle.internal.remote.internal.hub.MessageHubBackedObjectConnection$DispatchWrapper.dispatch(MessageHubBackedObjectConnection.java:155)
	at org.gradle.internal.remote.internal.hub.MessageHubBackedObjectConnection$DispatchWrapper.dispatch(MessageHubBackedObjectConnection.java:137)
	at org.gradle.internal.remote.internal.hub.MessageHub$Handler.run(MessageHub.java:404)
	at org.gradle.internal.concurrent.ExecutorPolicy$CatchAndRecordFailures.onExecute(ExecutorPolicy.java:63)
	at org.gradle.internal.concurrent.ManagedExecutorImpl$1.run(ManagedExecutorImpl.java:46)
	at java.util.concurrent.ThreadPoolExecutor.runWorker(ThreadPoolExecutor.java:1149)
	at java.util.concurrent.ThreadPoolExecutor$Worker.run(ThreadPoolExecutor.java:624)
	at org.gradle.internal.concurrent.ThreadFactoryImpl$ManagedThreadRunnable.run(ThreadFactoryImpl.java:55)
	at java.lang.Thread.run(Thread.java:748)
</pre>
</span>
</div>
<div class="test">
<a name="publish[4: com.dotcms.publishing.PublisherAPIImplTest$TestCase@7cc79a31]"></a>
<h3 class="failures">publish[4: com.dotcms.publishing.PublisherAPIImplTest$TestCase@7cc79a31]</h3>
<span class="code">
<pre>java.lang.AssertionError: Fail for Folder:
Asset -&gt; com.dotmarketing.portlets.folders.model.Folder@729905a9[name=testName1614617938518,sortOrder=0,showOnMenu=false,hostId=c00438a3-0dd2-427b-821c-9c01290a40d0,title=testTitle1614617938518,filesMasks=&lt;null&gt;,defaultFileType=33888b6f-7a8e-4069-b1b6-5c1aa9d0a48d,modDate=2021-03-01 16:58:58.0,iDate=2021-03-01 16:58:58.0,type=folder,owner=&lt;null&gt;,inode=31d3b6a7-0461-4d83-8c6a-f370e51e9cc0,identifier=38217df7-2b58-4ec1-819e-3a2a473267b9] 
difference -&gt; inode&gt;31d3b6a7-0461-4d83-8c6a-f370e51e9cc0&lt;/inode&gt;&lt;identifier&gt;38217df7-2b58-4ec1-819e-3a2a473267b9&lt;/identifier&gt;&lt;name&gt;testName1614617938518&lt;/name&gt;&lt;sortOrder&gt;0&lt;/sortOrder&gt;&lt;showOnMenu&gt;false&lt;/showOnMenu&gt;&lt;hostId&gt;c00438a3-0dd2-427b-821c-9c01290a40d0&lt;/hostId&gt;&lt;title&gt;testTitle1614617938518&lt;/title&gt;&lt;defaultFileType&gt;33888b6f-7a8e-4069-b1b6-5c1aa9d0a48d&lt;/defaultFileType&gt;&lt;/folder&gt;&lt;folderId&gt;&lt;id&gt;38217df7-2b58-4ec1-819e-3a2a473267b9&lt;/id&gt;&lt;assetName&gt;testName1614617938518&lt;/assetName&gt;&lt;assetType&gt;folder&lt;/assetType&gt;&lt;hostId&gt;SYSTEM_HOST&lt;/hostId&gt;&lt;assetSubType&gt;Host&lt;/assetSubType&gt;&lt;/hostId&gt;&lt;operation&gt;PUBLISH&lt;/operation&gt;&lt;/com.dotcms.publisher.pusher.wrapper.FolderWrapper&gt;
expected -&gt; &lt;com.dotcms.publisher.pusher.wrapper.FolderWrapper&gt;&lt;folder&gt;&lt;type&gt;folder&lt;/type&gt;&lt;assetSubType&gt;Host&lt;/assetSubType&gt;&lt;/hostId&gt;&lt;operation&gt;PUBLISH&lt;/operation&gt;&lt;/com.dotcms.publisher.pusher.wrapper.FolderWrapper&gt;
real -&gt; &lt;com.dotcms.publisher.pusher.wrapper.FolderWrapper&gt;&lt;folder&gt;&lt;type&gt;folder&lt;/type&gt;&lt;inode&gt;31d3b6a7-0461-4d83-8c6a-f370e51e9cc0&lt;/inode&gt;&lt;identifier&gt;38217df7-2b58-4ec1-819e-3a2a473267b9&lt;/identifier&gt;&lt;name&gt;testName1614617938518&lt;/name&gt;&lt;sortOrder&gt;0&lt;/sortOrder&gt;&lt;showOnMenu&gt;false&lt;/showOnMenu&gt;&lt;hostId&gt;c00438a3-0dd2-427b-821c-9c01290a40d0&lt;/hostId&gt;&lt;title&gt;testTitle1614617938518&lt;/title&gt;&lt;defaultFileType&gt;33888b6f-7a8e-4069-b1b6-5c1aa9d0a48d&lt;/defaultFileType&gt;&lt;/folder&gt;&lt;folderId&gt;&lt;id&gt;38217df7-2b58-4ec1-819e-3a2a473267b9&lt;/id&gt;&lt;assetName&gt;testName1614617938518&lt;/assetName&gt;&lt;assetType&gt;folder&lt;/assetType&gt;&lt;hostId&gt;SYSTEM_HOST&lt;/hostId&gt;&lt;assetSubType&gt;Host&lt;/assetSubType&gt;&lt;/hostId&gt;&lt;operation&gt;PUBLISH&lt;/operation&gt;&lt;/com.dotcms.publisher.pusher.wrapper.FolderWrapper&gt;

	at org.jgroups.util.Util.assertEquals(Util.java:185)
	at com.dotcms.test.util.FileTestUtil.assertBundleFile(FileTestUtil.java:254)
	at com.dotcms.test.util.FileTestUtil.assertBundleFile(FileTestUtil.java:151)
	at com.dotcms.publishing.PublisherAPIImplTest.publish(PublisherAPIImplTest.java:383)
	at sun.reflect.NativeMethodAccessorImpl.invoke0(Native Method)
	at sun.reflect.NativeMethodAccessorImpl.invoke(NativeMethodAccessorImpl.java:62)
	at sun.reflect.DelegatingMethodAccessorImpl.invoke(DelegatingMethodAccessorImpl.java:43)
	at java.lang.reflect.Method.invoke(Method.java:498)
	at org.junit.runners.model.FrameworkMethod$1.runReflectiveCall(FrameworkMethod.java:50)
	at org.junit.internal.runners.model.ReflectiveCallable.run(ReflectiveCallable.java:12)
	at org.junit.runners.model.FrameworkMethod.invokeExplosively(FrameworkMethod.java:47)
	at com.tngtech.java.junit.dataprovider.DataProviderFrameworkMethod.invokeExplosively(DataProviderFrameworkMethod.java:119)
	at org.junit.internal.runners.statements.InvokeMethod.evaluate(InvokeMethod.java:17)
	at org.junit.rules.TestWatcher$1.evaluate(TestWatcher.java:55)
	at org.junit.rules.RunRules.evaluate(RunRules.java:20)
	at org.junit.runners.ParentRunner.runLeaf(ParentRunner.java:325)
	at com.dotcms.junit.CustomDataProviderRunner.runChild(CustomDataProviderRunner.java:28)
	at com.dotcms.junit.CustomDataProviderRunner.runChild(CustomDataProviderRunner.java:13)
	at org.junit.runners.ParentRunner$3.run(ParentRunner.java:290)
	at org.junit.runners.ParentRunner$1.schedule(ParentRunner.java:71)
	at org.junit.runners.ParentRunner.runChildren(ParentRunner.java:288)
	at org.junit.runners.ParentRunner.access$000(ParentRunner.java:58)
	at org.junit.runners.ParentRunner$2.evaluate(ParentRunner.java:268)
	at org.junit.internal.runners.statements.RunBefores.evaluate(RunBefores.java:26)
	at org.junit.internal.runners.statements.RunAfters.evaluate(RunAfters.java:27)
	at org.junit.runners.ParentRunner.run(ParentRunner.java:363)
	at org.junit.runners.Suite.runChild(Suite.java:128)
	at org.junit.runners.Suite.runChild(Suite.java:27)
	at org.junit.runners.ParentRunner$3.run(ParentRunner.java:290)
	at org.junit.runners.ParentRunner$1.schedule(ParentRunner.java:71)
	at org.junit.runners.ParentRunner.runChildren(ParentRunner.java:288)
	at org.junit.runners.ParentRunner.access$000(ParentRunner.java:58)
	at org.junit.runners.ParentRunner$2.evaluate(ParentRunner.java:268)
	at org.junit.runners.ParentRunner.run(ParentRunner.java:363)
	at org.gradle.api.internal.tasks.testing.junit.JUnitTestClassExecutor.runTestClass(JUnitTestClassExecutor.java:106)
	at org.gradle.api.internal.tasks.testing.junit.JUnitTestClassExecutor.execute(JUnitTestClassExecutor.java:58)
	at org.gradle.api.internal.tasks.testing.junit.JUnitTestClassExecutor.execute(JUnitTestClassExecutor.java:38)
	at org.gradle.api.internal.tasks.testing.junit.AbstractJUnitTestClassProcessor.processTestClass(AbstractJUnitTestClassProcessor.java:66)
	at org.gradle.api.internal.tasks.testing.SuiteTestClassProcessor.processTestClass(SuiteTestClassProcessor.java:51)
	at sun.reflect.NativeMethodAccessorImpl.invoke0(Native Method)
	at sun.reflect.NativeMethodAccessorImpl.invoke(NativeMethodAccessorImpl.java:62)
	at sun.reflect.DelegatingMethodAccessorImpl.invoke(DelegatingMethodAccessorImpl.java:43)
	at java.lang.reflect.Method.invoke(Method.java:498)
	at org.gradle.internal.dispatch.ReflectionDispatch.dispatch(ReflectionDispatch.java:35)
	at org.gradle.internal.dispatch.ReflectionDispatch.dispatch(ReflectionDispatch.java:24)
	at org.gradle.internal.dispatch.ContextClassLoaderDispatch.dispatch(ContextClassLoaderDispatch.java:32)
	at org.gradle.internal.dispatch.ProxyDispatchAdapter$DispatchingInvocationHandler.invoke(ProxyDispatchAdapter.java:93)
	at com.sun.proxy.$Proxy2.processTestClass(Unknown Source)
	at org.gradle.api.internal.tasks.testing.worker.TestWorker.processTestClass(TestWorker.java:117)
	at sun.reflect.NativeMethodAccessorImpl.invoke0(Native Method)
	at sun.reflect.NativeMethodAccessorImpl.invoke(NativeMethodAccessorImpl.java:62)
	at sun.reflect.DelegatingMethodAccessorImpl.invoke(DelegatingMethodAccessorImpl.java:43)
	at java.lang.reflect.Method.invoke(Method.java:498)
	at org.gradle.internal.dispatch.ReflectionDispatch.dispatch(ReflectionDispatch.java:35)
	at org.gradle.internal.dispatch.ReflectionDispatch.dispatch(ReflectionDispatch.java:24)
	at org.gradle.internal.remote.internal.hub.MessageHubBackedObjectConnection$DispatchWrapper.dispatch(MessageHubBackedObjectConnection.java:155)
	at org.gradle.internal.remote.internal.hub.MessageHubBackedObjectConnection$DispatchWrapper.dispatch(MessageHubBackedObjectConnection.java:137)
	at org.gradle.internal.remote.internal.hub.MessageHub$Handler.run(MessageHub.java:404)
	at org.gradle.internal.concurrent.ExecutorPolicy$CatchAndRecordFailures.onExecute(ExecutorPolicy.java:63)
	at org.gradle.internal.concurrent.ManagedExecutorImpl$1.run(ManagedExecutorImpl.java:46)
	at java.util.concurrent.ThreadPoolExecutor.runWorker(ThreadPoolExecutor.java:1149)
	at java.util.concurrent.ThreadPoolExecutor$Worker.run(ThreadPoolExecutor.java:624)
	at org.gradle.internal.concurrent.ThreadFactoryImpl$ManagedThreadRunnable.run(ThreadFactoryImpl.java:55)
	at java.lang.Thread.run(Thread.java:748)
</pre>
</span>
</div>
<div class="test">
<a name="publish[5: com.dotcms.publishing.PublisherAPIImplTest$TestCase@eb4b189]"></a>
<h3 class="failures">publish[5: com.dotcms.publishing.PublisherAPIImplTest$TestCase@eb4b189]</h3>
<span class="code">
<pre>java.lang.AssertionError: Fail for Link:
Asset -&gt; com.dotmarketing.portlets.links.model.Link@1565c9e9 
difference -&gt; /linkId&gt;&lt;links&gt;&lt;com.dotmarketing.portlets.links.model.Link&gt;&lt;type&gt;links&lt;/type&gt;&lt;inode&gt;72929bff-89af-404a-b5b4-8bd02fe63c25&lt;/inode&gt;&lt;identifier&gt;dd7d2279-5bf5-4da2-b011-0e660d59913e&lt;/identifier&gt;&lt;source&gt;DB&lt;/source&gt;&lt;title&gt;LinkTitle1614617939500&lt;/title&gt;&lt;friendlyName&gt;LinkTitle1614617939500&lt;/friendlyName&gt;&lt;modUser&gt;system&lt;/modUser&gt;&lt;sortOrder&gt;0&lt;/sortOrder&gt;&lt;showOnMenu&gt;false&lt;/showOnMenu&gt;&lt;parent&gt;/testName1614617939494/&lt;/parent&gt;&lt;protocal&gt;https://&lt;/protocal&gt;&lt;url&gt;www.google.com&lt;/url&gt;&lt;target&gt;_blank&lt;/target&gt;&lt;linkType&gt;EXTERNAL&lt;/linkType&gt;&lt;hostId&gt;608caeb9-0f62-4bcf-8435-19057e7a4b44&lt;/hostId&gt;&lt;/com.dotmarketing.portlets.links.model.Link&gt;&lt;/links&gt;&lt;vi class=&quot;com.dotmarketing.portlets.links.model.LinkVersionInfo&quot;&gt;&lt;identifier&gt;dd7d2279-5bf5-4da2-b011-0e660d59913e&lt;/identifier&gt;&lt;workingInode&gt;72929bff-89af-404a-b5b4-8bd02fe63c25&lt;/workingInode&gt;&lt;deleted&gt;false&lt;/deleted&gt;&lt;/vi&gt;&lt;operation&gt;PUBLISH&lt;/operation&gt;&lt;/com.dotcms.publisher.pusher.wrapper.LinkWrapper&gt;
expected -&gt; &lt;com.dotcms.publisher.pusher.wrapper.LinkWrapper&gt;&lt;linkId&gt;&lt;id&gt;dd7d2279-5bf5-4da2-b011-0e660d59913e&lt;/id&gt;&lt;assetName&gt;72929bff-89af-404a-b5b4-8bd02fe63c25&lt;/assetName&gt;&lt;assetType&gt;links&lt;/assetType&gt;&lt;parentPath&gt;/testName1614617939494/&lt;/parentPath&gt;&lt;hostId&gt;608caeb9-0f62-4bcf-8435-19057e7a4b44&lt;/hostId&gt;&lt;inode&gt;72929bff-89af-404a-b5b4-8bd02fe63c25&lt;/inode&gt;&lt;identifier&gt;dd7d2279-5bf5-4da2-b011-0e660d59913e&lt;/identifier&gt;&lt;source&gt;DB&lt;/source&gt;&lt;title&gt;LinkTitle1614617939500&lt;/title&gt;&lt;friendlyName&gt;LinkTitle1614617939500&lt;/friendlyName&gt;&lt;modUser&gt;system&lt;/modUser&gt;&lt;sortOrder&gt;0&lt;/sortOrder&gt;&lt;showOnMenu&gt;false&lt;/showOnMenu&gt;&lt;parent&gt;/testName1614617939494/&lt;/parent&gt;&lt;protocal&gt;https://&lt;/protocal&gt;&lt;url&gt;www.google.com&lt;/url&gt;&lt;target&gt;_blank&lt;/target&gt;&lt;internalLinkIdentifier&gt;&lt;/internalLinkIdentifier&gt;&lt;linkType&gt;EXTERNAL&lt;/linkType&gt;&lt;linkCode&gt;&lt;/linkCode&gt;&lt;hostId&gt;608caeb9-0f62-4bcf-8435-19057e7a4b44&lt;/hostId&gt;&lt;/com.dotmarketing.portlets.links.model.Link&gt;&lt;/links&gt;&lt;vi class=&quot;com.dotmarketing.portlets.links.model.LinkVersionInfo&quot;&gt;&lt;identifier&gt;dd7d2279-5bf5-4da2-b011-0e660d59913e&lt;/identifier&gt;&lt;workingInode&gt;72929bff-89af-404a-b5b4-8bd02fe63c25&lt;/workingInode&gt;&lt;deleted&gt;false&lt;/deleted&gt;&lt;/vi&gt;&lt;operation&gt;PUBLISH&lt;/operation&gt;&lt;/com.dotcms.publisher.pusher.wrapper.LinkWrapper&gt;
real -&gt; &lt;com.dotcms.publisher.pusher.wrapper.LinkWrapper&gt;&lt;linkId&gt;&lt;id&gt;dd7d2279-5bf5-4da2-b011-0e660d59913e&lt;/id&gt;&lt;assetName&gt;72929bff-89af-404a-b5b4-8bd02fe63c25&lt;/assetName&gt;&lt;assetType&gt;links&lt;/assetType&gt;&lt;parentPath&gt;/testName1614617939494/&lt;/parentPath&gt;&lt;hostId&gt;608caeb9-0f62-4bcf-8435-19057e7a4b44&lt;/hostId&gt;&lt;/linkId&gt;&lt;links&gt;&lt;com.dotmarketing.portlets.links.model.Link&gt;&lt;type&gt;links&lt;/type&gt;&lt;inode&gt;72929bff-89af-404a-b5b4-8bd02fe63c25&lt;/inode&gt;&lt;identifier&gt;dd7d2279-5bf5-4da2-b011-0e660d59913e&lt;/identifier&gt;&lt;source&gt;DB&lt;/source&gt;&lt;title&gt;LinkTitle1614617939500&lt;/title&gt;&lt;friendlyName&gt;LinkTitle1614617939500&lt;/friendlyName&gt;&lt;modUser&gt;system&lt;/modUser&gt;&lt;sortOrder&gt;0&lt;/sortOrder&gt;&lt;showOnMenu&gt;false&lt;/showOnMenu&gt;&lt;parent&gt;/testName1614617939494/&lt;/parent&gt;&lt;protocal&gt;https://&lt;/protocal&gt;&lt;url&gt;www.google.com&lt;/url&gt;&lt;target&gt;_blank&lt;/target&gt;&lt;linkType&gt;EXTERNAL&lt;/linkType&gt;&lt;hostId&gt;608caeb9-0f62-4bcf-8435-19057e7a4b44&lt;/hostId&gt;&lt;/com.dotmarketing.portlets.links.model.Link&gt;&lt;/links&gt;&lt;vi class=&quot;com.dotmarketing.portlets.links.model.LinkVersionInfo&quot;&gt;&lt;identifier&gt;dd7d2279-5bf5-4da2-b011-0e660d59913e&lt;/identifier&gt;&lt;workingInode&gt;72929bff-89af-404a-b5b4-8bd02fe63c25&lt;/workingInode&gt;&lt;deleted&gt;false&lt;/deleted&gt;&lt;/vi&gt;&lt;operation&gt;PUBLISH&lt;/operation&gt;&lt;/com.dotcms.publisher.pusher.wrapper.LinkWrapper&gt;

	at org.jgroups.util.Util.assertEquals(Util.java:185)
	at com.dotcms.test.util.FileTestUtil.assertBundleFile(FileTestUtil.java:254)
	at com.dotcms.test.util.FileTestUtil.assertBundleFile(FileTestUtil.java:191)
	at com.dotcms.publishing.PublisherAPIImplTest.publish(PublisherAPIImplTest.java:379)
	at sun.reflect.NativeMethodAccessorImpl.invoke0(Native Method)
	at sun.reflect.NativeMethodAccessorImpl.invoke(NativeMethodAccessorImpl.java:62)
	at sun.reflect.DelegatingMethodAccessorImpl.invoke(DelegatingMethodAccessorImpl.java:43)
	at java.lang.reflect.Method.invoke(Method.java:498)
	at org.junit.runners.model.FrameworkMethod$1.runReflectiveCall(FrameworkMethod.java:50)
	at org.junit.internal.runners.model.ReflectiveCallable.run(ReflectiveCallable.java:12)
	at org.junit.runners.model.FrameworkMethod.invokeExplosively(FrameworkMethod.java:47)
	at com.tngtech.java.junit.dataprovider.DataProviderFrameworkMethod.invokeExplosively(DataProviderFrameworkMethod.java:119)
	at org.junit.internal.runners.statements.InvokeMethod.evaluate(InvokeMethod.java:17)
	at org.junit.rules.TestWatcher$1.evaluate(TestWatcher.java:55)
	at org.junit.rules.RunRules.evaluate(RunRules.java:20)
	at org.junit.runners.ParentRunner.runLeaf(ParentRunner.java:325)
	at com.dotcms.junit.CustomDataProviderRunner.runChild(CustomDataProviderRunner.java:28)
	at com.dotcms.junit.CustomDataProviderRunner.runChild(CustomDataProviderRunner.java:13)
	at org.junit.runners.ParentRunner$3.run(ParentRunner.java:290)
	at org.junit.runners.ParentRunner$1.schedule(ParentRunner.java:71)
	at org.junit.runners.ParentRunner.runChildren(ParentRunner.java:288)
	at org.junit.runners.ParentRunner.access$000(ParentRunner.java:58)
	at org.junit.runners.ParentRunner$2.evaluate(ParentRunner.java:268)
	at org.junit.internal.runners.statements.RunBefores.evaluate(RunBefores.java:26)
	at org.junit.internal.runners.statements.RunAfters.evaluate(RunAfters.java:27)
	at org.junit.runners.ParentRunner.run(ParentRunner.java:363)
	at org.junit.runners.Suite.runChild(Suite.java:128)
	at org.junit.runners.Suite.runChild(Suite.java:27)
	at org.junit.runners.ParentRunner$3.run(ParentRunner.java:290)
	at org.junit.runners.ParentRunner$1.schedule(ParentRunner.java:71)
	at org.junit.runners.ParentRunner.runChildren(ParentRunner.java:288)
	at org.junit.runners.ParentRunner.access$000(ParentRunner.java:58)
	at org.junit.runners.ParentRunner$2.evaluate(ParentRunner.java:268)
	at org.junit.runners.ParentRunner.run(ParentRunner.java:363)
	at org.gradle.api.internal.tasks.testing.junit.JUnitTestClassExecutor.runTestClass(JUnitTestClassExecutor.java:106)
	at org.gradle.api.internal.tasks.testing.junit.JUnitTestClassExecutor.execute(JUnitTestClassExecutor.java:58)
	at org.gradle.api.internal.tasks.testing.junit.JUnitTestClassExecutor.execute(JUnitTestClassExecutor.java:38)
	at org.gradle.api.internal.tasks.testing.junit.AbstractJUnitTestClassProcessor.processTestClass(AbstractJUnitTestClassProcessor.java:66)
	at org.gradle.api.internal.tasks.testing.SuiteTestClassProcessor.processTestClass(SuiteTestClassProcessor.java:51)
	at sun.reflect.NativeMethodAccessorImpl.invoke0(Native Method)
	at sun.reflect.NativeMethodAccessorImpl.invoke(NativeMethodAccessorImpl.java:62)
	at sun.reflect.DelegatingMethodAccessorImpl.invoke(DelegatingMethodAccessorImpl.java:43)
	at java.lang.reflect.Method.invoke(Method.java:498)
	at org.gradle.internal.dispatch.ReflectionDispatch.dispatch(ReflectionDispatch.java:35)
	at org.gradle.internal.dispatch.ReflectionDispatch.dispatch(ReflectionDispatch.java:24)
	at org.gradle.internal.dispatch.ContextClassLoaderDispatch.dispatch(ContextClassLoaderDispatch.java:32)
	at org.gradle.internal.dispatch.ProxyDispatchAdapter$DispatchingInvocationHandler.invoke(ProxyDispatchAdapter.java:93)
	at com.sun.proxy.$Proxy2.processTestClass(Unknown Source)
	at org.gradle.api.internal.tasks.testing.worker.TestWorker.processTestClass(TestWorker.java:117)
	at sun.reflect.NativeMethodAccessorImpl.invoke0(Native Method)
	at sun.reflect.NativeMethodAccessorImpl.invoke(NativeMethodAccessorImpl.java:62)
	at sun.reflect.DelegatingMethodAccessorImpl.invoke(DelegatingMethodAccessorImpl.java:43)
	at java.lang.reflect.Method.invoke(Method.java:498)
	at org.gradle.internal.dispatch.ReflectionDispatch.dispatch(ReflectionDispatch.java:35)
	at org.gradle.internal.dispatch.ReflectionDispatch.dispatch(ReflectionDispatch.java:24)
	at org.gradle.internal.remote.internal.hub.MessageHubBackedObjectConnection$DispatchWrapper.dispatch(MessageHubBackedObjectConnection.java:155)
	at org.gradle.internal.remote.internal.hub.MessageHubBackedObjectConnection$DispatchWrapper.dispatch(MessageHubBackedObjectConnection.java:137)
	at org.gradle.internal.remote.internal.hub.MessageHub$Handler.run(MessageHub.java:404)
	at org.gradle.internal.concurrent.ExecutorPolicy$CatchAndRecordFailures.onExecute(ExecutorPolicy.java:63)
	at org.gradle.internal.concurrent.ManagedExecutorImpl$1.run(ManagedExecutorImpl.java:46)
	at java.util.concurrent.ThreadPoolExecutor.runWorker(ThreadPoolExecutor.java:1149)
	at java.util.concurrent.ThreadPoolExecutor$Worker.run(ThreadPoolExecutor.java:624)
	at org.gradle.internal.concurrent.ThreadFactoryImpl$ManagedThreadRunnable.run(ThreadFactoryImpl.java:55)
	at java.lang.Thread.run(Thread.java:748)
</pre>
</span>
</div>
<div class="test">
<a name="publish[9: com.dotcms.publishing.PublisherAPIImplTest$TestCase@3ea0b7b8]"></a>
<h3 class="failures">publish[9: com.dotcms.publishing.PublisherAPIImplTest$TestCase@3ea0b7b8]</h3>
<span class="code">
<pre>java.lang.AssertionError: Fail for Category:
Asset -&gt; com.dotmarketing.portlets.categories.model.Category@23208907[categoryName=CategoryName1614617934414,description=&lt;null&gt;,key=CategoryKey1614617934414,sortOrder=1,active=true,keywords=&lt;null&gt;,categoryVelocityVarName=VelocityVarName1614617934414] 
difference -&gt; inode&gt;f2683ff7-abfc-45e4-bfa9-5a013465995a&lt;/inode&gt;&lt;categoryName&gt;CategoryName1614617934414&lt;/categoryName&gt;&lt;key&gt;CategoryKey1614617934414&lt;/key&gt;&lt;sortOrder&gt;1&lt;/sortOrder&gt;&lt;active&gt;true&lt;/active&gt;&lt;categoryVelocityVarName&gt;VelocityVarName1614617934414&lt;/categoryVelocityVarName&gt;&lt;/category&gt;&lt;children/&gt;&lt;operation&gt;PUBLISH&lt;/operation&gt;&lt;/com.dotcms.publisher.pusher.wrapper.CategoryWrapper&gt;
expected -&gt; &lt;com.dotcms.publisher.pusher.wrapper.CategoryWrapper&gt;&lt;topLevel&gt;true&lt;/topLevel&gt;&lt;category&gt;&lt;type&gt;category&lt;/type&gt;&lt;owner&gt;&lt;/owner&gt;&lt;inode&gt;f2683ff7-abfc-45e4-bfa9-5a013465995a&lt;/inode&gt;&lt;categoryName&gt;CategoryName1614617934414&lt;/categoryName&gt;&lt;key&gt;CategoryKey1614617934414&lt;/key&gt;&lt;sortOrder&gt;1&lt;/sortOrder&gt;&lt;active&gt;true&lt;/active&gt;&lt;categoryVelocityVarName&gt;VelocityVarName1614617934414&lt;/categoryVelocityVarName&gt;&lt;/category&gt;&lt;children/&gt;&lt;operation&gt;PUBLISH&lt;/operation&gt;&lt;/com.dotcms.publisher.pusher.wrapper.CategoryWrapper&gt;
real -&gt; &lt;com.dotcms.publisher.pusher.wrapper.CategoryWrapper&gt;&lt;topLevel&gt;true&lt;/topLevel&gt;&lt;category&gt;&lt;type&gt;category&lt;/type&gt;&lt;inode&gt;f2683ff7-abfc-45e4-bfa9-5a013465995a&lt;/inode&gt;&lt;categoryName&gt;CategoryName1614617934414&lt;/categoryName&gt;&lt;key&gt;CategoryKey1614617934414&lt;/key&gt;&lt;sortOrder&gt;1&lt;/sortOrder&gt;&lt;active&gt;true&lt;/active&gt;&lt;categoryVelocityVarName&gt;VelocityVarName1614617934414&lt;/categoryVelocityVarName&gt;&lt;/category&gt;&lt;children/&gt;&lt;operation&gt;PUBLISH&lt;/operation&gt;&lt;/com.dotcms.publisher.pusher.wrapper.CategoryWrapper&gt;

	at org.jgroups.util.Util.assertEquals(Util.java:185)
	at com.dotcms.test.util.FileTestUtil.assertBundleFile(FileTestUtil.java:254)
	at com.dotcms.test.util.FileTestUtil.assertBundleFile(FileTestUtil.java:151)
	at com.dotcms.publishing.PublisherAPIImplTest.publish(PublisherAPIImplTest.java:383)
	at sun.reflect.NativeMethodAccessorImpl.invoke0(Native Method)
	at sun.reflect.NativeMethodAccessorImpl.invoke(NativeMethodAccessorImpl.java:62)
	at sun.reflect.DelegatingMethodAccessorImpl.invoke(DelegatingMethodAccessorImpl.java:43)
	at java.lang.reflect.Method.invoke(Method.java:498)
	at org.junit.runners.model.FrameworkMethod$1.runReflectiveCall(FrameworkMethod.java:50)
	at org.junit.internal.runners.model.ReflectiveCallable.run(ReflectiveCallable.java:12)
	at org.junit.runners.model.FrameworkMethod.invokeExplosively(FrameworkMethod.java:47)
	at com.tngtech.java.junit.dataprovider.DataProviderFrameworkMethod.invokeExplosively(DataProviderFrameworkMethod.java:119)
	at org.junit.internal.runners.statements.InvokeMethod.evaluate(InvokeMethod.java:17)
	at org.junit.rules.TestWatcher$1.evaluate(TestWatcher.java:55)
	at org.junit.rules.RunRules.evaluate(RunRules.java:20)
	at org.junit.runners.ParentRunner.runLeaf(ParentRunner.java:325)
	at com.dotcms.junit.CustomDataProviderRunner.runChild(CustomDataProviderRunner.java:28)
	at com.dotcms.junit.CustomDataProviderRunner.runChild(CustomDataProviderRunner.java:13)
	at org.junit.runners.ParentRunner$3.run(ParentRunner.java:290)
	at org.junit.runners.ParentRunner$1.schedule(ParentRunner.java:71)
	at org.junit.runners.ParentRunner.runChildren(ParentRunner.java:288)
	at org.junit.runners.ParentRunner.access$000(ParentRunner.java:58)
	at org.junit.runners.ParentRunner$2.evaluate(ParentRunner.java:268)
	at org.junit.internal.runners.statements.RunBefores.evaluate(RunBefores.java:26)
	at org.junit.internal.runners.statements.RunAfters.evaluate(RunAfters.java:27)
	at org.junit.runners.ParentRunner.run(ParentRunner.java:363)
	at org.junit.runners.Suite.runChild(Suite.java:128)
	at org.junit.runners.Suite.runChild(Suite.java:27)
	at org.junit.runners.ParentRunner$3.run(ParentRunner.java:290)
	at org.junit.runners.ParentRunner$1.schedule(ParentRunner.java:71)
	at org.junit.runners.ParentRunner.runChildren(ParentRunner.java:288)
	at org.junit.runners.ParentRunner.access$000(ParentRunner.java:58)
	at org.junit.runners.ParentRunner$2.evaluate(ParentRunner.java:268)
	at org.junit.runners.ParentRunner.run(ParentRunner.java:363)
	at org.gradle.api.internal.tasks.testing.junit.JUnitTestClassExecutor.runTestClass(JUnitTestClassExecutor.java:106)
	at org.gradle.api.internal.tasks.testing.junit.JUnitTestClassExecutor.execute(JUnitTestClassExecutor.java:58)
	at org.gradle.api.internal.tasks.testing.junit.JUnitTestClassExecutor.execute(JUnitTestClassExecutor.java:38)
	at org.gradle.api.internal.tasks.testing.junit.AbstractJUnitTestClassProcessor.processTestClass(AbstractJUnitTestClassProcessor.java:66)
	at org.gradle.api.internal.tasks.testing.SuiteTestClassProcessor.processTestClass(SuiteTestClassProcessor.java:51)
	at sun.reflect.NativeMethodAccessorImpl.invoke0(Native Method)
	at sun.reflect.NativeMethodAccessorImpl.invoke(NativeMethodAccessorImpl.java:62)
	at sun.reflect.DelegatingMethodAccessorImpl.invoke(DelegatingMethodAccessorImpl.java:43)
	at java.lang.reflect.Method.invoke(Method.java:498)
	at org.gradle.internal.dispatch.ReflectionDispatch.dispatch(ReflectionDispatch.java:35)
	at org.gradle.internal.dispatch.ReflectionDispatch.dispatch(ReflectionDispatch.java:24)
	at org.gradle.internal.dispatch.ContextClassLoaderDispatch.dispatch(ContextClassLoaderDispatch.java:32)
	at org.gradle.internal.dispatch.ProxyDispatchAdapter$DispatchingInvocationHandler.invoke(ProxyDispatchAdapter.java:93)
	at com.sun.proxy.$Proxy2.processTestClass(Unknown Source)
	at org.gradle.api.internal.tasks.testing.worker.TestWorker.processTestClass(TestWorker.java:117)
	at sun.reflect.NativeMethodAccessorImpl.invoke0(Native Method)
	at sun.reflect.NativeMethodAccessorImpl.invoke(NativeMethodAccessorImpl.java:62)
	at sun.reflect.DelegatingMethodAccessorImpl.invoke(DelegatingMethodAccessorImpl.java:43)
	at java.lang.reflect.Method.invoke(Method.java:498)
	at org.gradle.internal.dispatch.ReflectionDispatch.dispatch(ReflectionDispatch.java:35)
	at org.gradle.internal.dispatch.ReflectionDispatch.dispatch(ReflectionDispatch.java:24)
	at org.gradle.internal.remote.internal.hub.MessageHubBackedObjectConnection$DispatchWrapper.dispatch(MessageHubBackedObjectConnection.java:155)
	at org.gradle.internal.remote.internal.hub.MessageHubBackedObjectConnection$DispatchWrapper.dispatch(MessageHubBackedObjectConnection.java:137)
	at org.gradle.internal.remote.internal.hub.MessageHub$Handler.run(MessageHub.java:404)
	at org.gradle.internal.concurrent.ExecutorPolicy$CatchAndRecordFailures.onExecute(ExecutorPolicy.java:63)
	at org.gradle.internal.concurrent.ManagedExecutorImpl$1.run(ManagedExecutorImpl.java:46)
	at java.util.concurrent.ThreadPoolExecutor.runWorker(ThreadPoolExecutor.java:1149)
	at java.util.concurrent.ThreadPoolExecutor$Worker.run(ThreadPoolExecutor.java:624)
	at org.gradle.internal.concurrent.ThreadFactoryImpl$ManagedThreadRunnable.run(ThreadFactoryImpl.java:55)
	at java.lang.Thread.run(Thread.java:748)
</pre>
</span>
</div>
</div>
<div id="tab1" class="tab">
<h2>Tests</h2>
<table>
<thead>
<tr>
<th>Test</th>
<th>Duration</th>
<th>Result</th>
</tr>
</thead>
<tr>
<td class="failures">publish[0: com.dotcms.publishing.PublisherAPIImplTest$TestCase@62a3a5cd]</td>
<td class="failures">0.193s</td>
<td class="failures">failed</td>
</tr>
<tr>
<td class="failures">publish[10: com.dotcms.publishing.PublisherAPIImplTest$TestCase@3d0af145]</td>
<td class="failures">0.104s</td>
<td class="failures">failed</td>
</tr>
<tr>
<td class="failures">publish[11: com.dotcms.publishing.PublisherAPIImplTest$TestCase@434636f7]</td>
<td class="failures">0.093s</td>
<td class="failures">failed</td>
</tr>
<tr>
<td class="failures">publish[12: com.dotcms.publishing.PublisherAPIImplTest$TestCase@4dd82a75]</td>
<td class="failures">0.281s</td>
<td class="failures">failed</td>
</tr>
<tr>
<td class="failures">publish[13: com.dotcms.publishing.PublisherAPIImplTest$TestCase@767e5901]</td>
<td class="failures">0.285s</td>
<td class="failures">failed</td>
</tr>
<tr>
<td class="failures">publish[14: com.dotcms.publishing.PublisherAPIImplTest$TestCase@1c140e52]</td>
<td class="failures">0.108s</td>
<td class="failures">failed</td>
</tr>
<tr>
<td class="success">publish[15: com.dotcms.publishing.PublisherAPIImplTest$TestCase@6e1762a9]</td>
<td class="success">0.090s</td>
<td class="success">passed</td>
</tr>
<tr>
<td class="success">publish[16: com.dotcms.publishing.PublisherAPIImplTest$TestCase@6290669c]</td>
<td class="success">0.094s</td>
<td class="success">passed</td>
</tr>
<tr>
<td class="success">publish[17: com.dotcms.publishing.PublisherAPIImplTest$TestCase@66a28d9e]</td>
<td class="success">0.051s</td>
<td class="success">passed</td>
</tr>
<tr>
<td class="failures">publish[1: com.dotcms.publishing.PublisherAPIImplTest$TestCase@3ee99d15]</td>
<td class="failures">0.108s</td>
<td class="failures">failed</td>
</tr>
<tr>
<td class="failures">publish[2: com.dotcms.publishing.PublisherAPIImplTest$TestCase@57442533]</td>
<td class="failures">0.111s</td>
<td class="failures">failed</td>
</tr>
<tr>
<td class="failures">publish[3: com.dotcms.publishing.PublisherAPIImplTest$TestCase@335ca57]</td>
<td class="failures">0.494s</td>
<td class="failures">failed</td>
</tr>
<tr>
<td class="failures">publish[4: com.dotcms.publishing.PublisherAPIImplTest$TestCase@7cc79a31]</td>
<td class="failures">0.619s</td>
<td class="failures">failed</td>
</tr>
<tr>
<td class="failures">publish[5: com.dotcms.publishing.PublisherAPIImplTest$TestCase@eb4b189]</td>
<td class="failures">0.112s</td>
<td class="failures">failed</td>
</tr>
<tr>
<td class="success">publish[6: com.dotcms.publishing.PublisherAPIImplTest$TestCase@782f70d1]</td>
<td class="success">0.105s</td>
<td class="success">passed</td>
</tr>
<tr>
<td class="success">publish[7: com.dotcms.publishing.PublisherAPIImplTest$TestCase@55656af1]</td>
<td class="success">0.088s</td>
<td class="success">passed</td>
</tr>
<tr>
<td class="success">publish[8: com.dotcms.publishing.PublisherAPIImplTest$TestCase@15b3647e]</td>
<td class="success">0.061s</td>
<td class="success">passed</td>
</tr>
<tr>
<td class="failures">publish[9: com.dotcms.publishing.PublisherAPIImplTest$TestCase@3ea0b7b8]</td>
<td class="failures">0.096s</td>
<td class="failures">failed</td>
</tr>
</table>
</div>
<div id="tab2" class="tab">
<h2>Standard output</h2>
<span class="code">
<pre>

















</pre>
</span>
</div>
</div>
<div id="footer">
<p>
<div>
<label class="hidden" id="label-for-line-wrapping-toggle" for="line-wrapping-toggle">Wrap lines
<input id="line-wrapping-toggle" type="checkbox" autocomplete="off"/>
</label>
</div>Generated by 
<a href="http://www.gradle.org">Gradle 4.10.2</a> at Mar 1, 2021 6:16:14 PM</p>
</div>
</div>
</body>
</html>
